NIF_RUN Passive 18x snout on TANDM 90-348 Pinhole
  140    5    1    0    1
   0.00500   9.00000   0.03000   0.03000
   0.0000000   0   0 1.00000000E+00   1.0000000
ZR902    1.706E-12 0.010       0.00       0.00        (    )
IN115N   4.881E-13 0.007       0.00       0.00        (    )
AU197G   8.079E-14 0.010       0.00 AUNG  3.94 IFX    (ISTP)
IN115G   1.161E-13 0.020       0.00 INNG 39.37 IFX    (ISTP)
AU1972   1.218E-11 0.053       0.00       0.00        (    )
Flux Uncertainty
   6
 1.0000E-11 1.0000E-07 1.0000E+00 1.0000E+01 1.3000E+01 2.0100E+01
 1.0000E+00 1.0000E+00 2.0000E+00 1.0000E+00 1.5000E-01 3.0000E-02
Input Flux Spectrum
 140   1 1.000E+00 2.000E+01 5.000E-08
 4.8100E+05 4.8100E+05 4.8100E+05 4.8100E+05 4.8100E+05 4.8100E+05 4.8100E+05
 4.8100E+05 4.8100E+05 4.8100E+05 4.8100E+05 4.8100E+05 4.8100E+05 4.8100E+05
 4.8100E+05 7.2100E+05 5.6500E+06 7.0300E+06 2.2700E+07 2.4000E+07 5.6500E+07
 1.4400E+08 2.5400E+08 2.8800E+08 3.0300E+08 3.9500E+08 4.6300E+08 5.5000E+08
 5.0200E+08 6.0300E+08 7.1200E+08 5.7900E+08 8.0600E+08 6.8600E+08 7.0500E+08
 1.0500E+09 8.5800E+08 1.2300E+09 9.7200E+08 1.4000E+09 1.3700E+09 1.7200E+09
 1.6300E+09 1.9200E+09 2.6700E+09 2.3400E+09 2.6400E+09 3.6400E+09 3.6600E+09
 5.2000E+09 4.7300E+09 4.9600E+09 4.6900E+09 5.2500E+09 5.1000E+09 5.6500E+09
 5.3800E+09 4.4700E+09 5.8700E+09 5.5900E+09 6.7700E+09 6.4900E+09 6.3600E+09
 6.1200E+09 7.1600E+09 6.8400E+09 6.5000E+09 6.2600E+09 8.2000E+09 7.1700E+09
 1.8000E+10 1.7400E+10 1.9000E+10 2.0200E+10 1.8000E+10 2.5400E+10 3.9300E+10
 2.0000E+10 2.6000E+10 2.9800E+10 2.9000E+10 2.5000E+10 2.8600E+10 2.6600E+10
 2.5100E+10 3.8500E+10 3.9000E+10 4.7200E+10 5.7500E+10 8.8500E+10 1.0400E+11
 1.3800E+11 1.7800E+11 2.2700E+12 2.5200E+12 0.0000E+00 0.0000E+00 0.0000E+00
 0.0000E+00 0.0000E+00 0.0000E+00 0.0000E+00 0.0000E+00 0.0000E+00 0.0000E+00
 0.0000E+00 0.0000E+00 0.0000E+00 0.0000E+00 0.0000E+00 0.0000E+00 0.0000E+00
 0.0000E+00 0.0000E+00 0.0000E+00 0.0000E+00 0.0000E+00 0.0000E+00 0.0000E+00
 0.0000E+00 0.0000E+00 0.0000E+00 0.0000E+00 0.0000E+00 0.0000E+00 0.0000E+00
 0.0000E+00 0.0000E+00 0.0000E+00 0.0000E+00 0.0000E+00 0.0000E+00 0.0000E+00
 0.0000E+00 0.0000E+00 0.0000E+00 0.0000E+00 0.0000E+00 0.0000E+00 0.0000E+00
   10   13   28   11    8    5    8    7   10   40



                         ==============================
                               STAYSL PNNL OUTPUT
                         ==============================

 STAYSL PNNL, version 1.2.0, 2015-08-05


 SCENARIO TITLE: NIF_RUN Passive 18x snout on TANDM 90-348 Pinhole
 -------------------------------------------------------------------------------
  NGROUP =   140    NRXN =     5    ACTIVITY NORM = 1.00000E+00

  COVARIANCE PARAMETERS (FCHN, FCVX, ACVX, FS)
    FLUXES:      WIDTH =  9.0000E+00   LONG RANGE COVAR. =  3.0000E-02
            ACTIVITIES =  5.0000E-03   X-SECT CROSS COR. =  3.0000E-02

    DETERM =   2.0654 × 10^  -1.00      ERROR =   1.3323E-16

  INPUT NORMALIZATION DATA
    AK1   =     0.00000     VAK        =     0.00090
    NORML =           0     RENORM     = 6.88448E-01
    CHI²  =   106.21341     NORM. CHI² =    26.55335
     (logarithmic limit was applied to low fluxes)

  DOSIMETRY ACTIVITIES
     ———— INPUTS —————  -UNADJUSTED FLUX-  — ADJUSTED FLUX —    CHI²  90% ACTIVITIES RANGE
 RXN  MEASURED     ±%   ACTIVITY    %DIFF  ACTIVITY    %DIFF  CONTRIB --LOW E-- --HIGH E--   REACTION          CVR
  1  1.706E-12    1.00  1.927E-12   12.97  1.515E-12  -11.19   19.811  1.30E+01  1.40E+01  ZR90(N,2N)ZR89          
  2  4.881E-13    0.70  4.097E-13  -16.06  5.016E-13    2.76   -0.048  1.60E+00  1.40E+01  IN115(N,N')IN115M       
  3  8.079E-14    1.00  9.444E-14   16.90  9.279E-14   14.86    0.381  3.60E-04  5.00E+00  AU197(N,G)AU198         
  4  1.161E-13    2.00  6.820E-14  -41.26  1.205E-13    3.83    2.321  5.50E-03  3.30E+00  IN115(N,G)IN116M        
  5  1.218E-11    5.30  7.478E-12  -38.60  5.857E-12  -51.91   83.747  1.20E+01  1.40E+01  AU197(N,2N)AU196        

             % STD. DEV.  =         31.24              27.67

                              CHECK INPUT, IT IS RATHER UNLIKELY !
                                   *** BEWARE OF OUTPUT ! ***


  DIFFERENTIAL FLUXES (input is normalized by a factor of 6.8845E-01)
                  —————— DIFFERENTIAL FLUX —————   ———— STD. DEV. % ————   INTEGRAL
 GRP    ENERGY        NEW         OLD      RATIO    NEW     OLD    RATIO   FLUX > E     ± %
   1  1.0000E-10  3.5536E+14  3.6794E+14   0.966   99.99  100.00   1.000  4.0069E+12    5.19
   2  1.0000E-09  3.5540E+13  3.6794E+13   0.966   99.99  100.00   1.000  4.0069E+12    5.19
   3  1.0000E-08  2.4602E+13  2.5473E+13   0.966   99.99  100.00   1.000  4.0069E+12    5.19
   4  2.3000E-08  1.1840E+13  1.2265E+13   0.965   99.99  100.00   1.000  4.0069E+12    5.19
   5  5.0000E-08  1.2282E+13  1.2736E+13   0.964   99.99  100.00   1.000  4.0069E+12    5.19
   6  7.6000E-08  8.1718E+12  8.4909E+12   0.962  100.29  100.30   1.000  4.0069E+12    5.19
   7  1.1500E-07  5.7757E+12  6.0208E+12   0.959  101.44  101.45   1.000  4.0069E+12    5.19
   8  1.7000E-07  3.7182E+12  3.8958E+12   0.954  103.18  103.21   1.000  4.0069E+12    5.19
   9  2.5500E-07  2.5092E+12  2.6491E+12   0.947  104.96  105.00   1.000  4.0069E+12    5.19
  10  3.8000E-07  1.8250E+12  1.9479E+12   0.937  106.68  106.75   0.999  4.0069E+12    5.19
  11  5.5000E-07  1.0537E+12  1.1419E+12   0.923  108.45  108.59   0.999  4.0069E+12    5.19
  12  8.4000E-07  6.8801E+11  7.6125E+11   0.904  110.32  110.57   0.998  4.0069E+12    5.19
  13  1.2750E-06  4.6574E+11  5.2983E+11   0.879  112.08  112.52   0.996  4.0069E+12    5.19
  14  1.9000E-06  3.1185E+11  3.6794E+11   0.848  113.67  114.44   0.993  4.0069E+12    5.19
  15  2.8000E-06  1.8460E+11  2.2837E+11   0.808  115.12  116.44   0.989  4.0069E+12    5.19
  16  4.2500E-06  1.8413E+11  2.4213E+11   0.760  116.32  118.48   0.982  4.0069E+12    5.19
  17  6.3000E-06  9.4379E+11  1.3413E+12   0.704  117.01  120.47   0.971  4.0069E+12    5.19
  18  9.2000E-06  7.1760E+11  1.1255E+12   0.638  117.12  122.46   0.956  4.0068E+12    5.19
  19  1.3500E-05  1.1707E+12  2.0837E+12   0.562  116.64  124.65   0.936  4.0068E+12    5.19
  20  2.1000E-05  8.7724E+11  1.8359E+12   0.478  115.16  126.80   0.908  4.0068E+12    5.19
  21  3.0000E-05  1.0041E+12  2.5932E+12   0.387  112.46  128.90   0.872  4.0068E+12    5.19
  22  4.5000E-05  1.2010E+12  4.1307E+12   0.291  108.61  131.23   0.828  4.0068E+12    5.19
  23  6.9000E-05  1.1071E+12  5.6408E+12   0.196  103.25  133.50   0.773  4.0068E+12    5.19
  24  1.0000E-04  1.0118E+12  5.6649E+12   0.179   96.14  135.44   0.710  4.0068E+12    5.19
  25  1.3500E-04  9.7753E+11  5.9600E+12   0.164   87.42  136.99   0.638  4.0067E+12    5.19
  26  1.7000E-04  8.2905E+11  5.4387E+12   0.152   77.63  138.43   0.561  4.0067E+12    5.19
  27  2.2000E-04  7.6431E+11  5.3125E+12   0.144   67.48  139.93   0.482  4.0066E+12    5.19
  28  2.8000E-04  6.5564E+11  4.7331E+12   0.139   57.99  141.42   0.410  4.0066E+12    5.19
  29  3.6000E-04  5.2451E+11  3.8400E+12   0.137   50.84  142.86   0.356  4.0065E+12    5.19
  30  4.5000E-04  4.5916E+11  3.3211E+12   0.138   48.16  144.31   0.334  4.0065E+12    5.19
  31  5.7500E-04  3.8062E+11  2.6496E+12   0.144   51.16  145.95   0.351  4.0064E+12    5.19
  32  7.6000E-04  3.0591E+11  1.9931E+12   0.153   58.81  147.56   0.399  4.0064E+12    5.19
  33  9.6000E-04  2.9658E+11  1.7616E+12   0.168   69.10  149.21   0.463  4.0063E+12    5.19
  34  1.2750E-03  2.7486E+11  1.4532E+12   0.189   80.27  150.86   0.532  4.0062E+12    5.19
  35  1.6000E-03  3.5544E+11  1.2134E+12   0.293   91.09  152.33   0.598  4.0061E+12    5.19
  36  2.0000E-03  4.5858E+11  1.0327E+12   0.444  101.12  154.05   0.656  4.0060E+12    5.19
  37  2.7000E-03  5.1066E+11  8.4384E+11   0.605  109.88  155.82   0.705  4.0057E+12    5.20
  38  3.4000E-03  5.9348E+11  7.6981E+11   0.771  117.14  157.54   0.744  4.0053E+12    5.20
  39  4.5000E-03  6.2633E+11  6.6917E+11   0.936  122.85  159.17   0.772  4.0046E+12    5.21
  40  5.5000E-03  6.2098E+11  5.6696E+11   1.095  127.19  160.79   0.791  4.0040E+12    5.22
  41  7.2000E-03  5.8715E+11  4.7159E+11   1.245  130.51  162.58   0.803  4.0030E+12    5.25
  42  9.2000E-03  5.8451E+11  4.2290E+11   1.382  132.92  164.37   0.809  4.0018E+12    5.28
  43  1.2000E-02  5.6258E+11  3.7406E+11   1.504  134.64  166.11   0.811  4.0002E+12    5.32
  44  1.5000E-02  5.3172E+11  3.3046E+11   1.609  135.91  167.76   0.810  3.9985E+12    5.37
  45  1.9000E-02  4.8024E+11  2.8279E+11   1.698  137.26  169.68   0.809  3.9963E+12    5.43
  46  2.5500E-02  4.3883E+11  2.4784E+11   1.771  138.64  171.59   0.808  3.9932E+12    5.52
  47  3.2000E-02  4.1483E+11  2.2719E+11   1.826  140.00  173.26   0.808  3.9904E+12    5.60
  48  4.0000E-02  3.7443E+11  2.0048E+11   1.868  141.78  175.12   0.810  3.9870E+12    5.69
  49  5.2500E-02  3.5409E+11  1.8665E+11   1.897  143.86  177.01   0.813  3.9824E+12    5.81
  50  6.6000E-02  3.1190E+11  1.6272E+11   1.917  146.28  178.99   0.817  3.9776E+12    5.93
  51  8.8000E-02  2.8548E+11  1.4802E+11   1.929  148.91  180.96   0.823  3.9707E+12    6.08
  52  1.1000E-01  2.6420E+11  1.3659E+11   1.934  151.42  182.64   0.829  3.9644E+12    6.21
  53  1.3500E-01  2.5019E+11  1.2915E+11   1.937  153.82  184.11   0.835  3.9578E+12    6.33
  54  1.6000E-01  2.3382E+11  1.2048E+11   1.941  156.06  185.47   0.841  3.9516E+12    6.42
  55  1.9000E-01  2.2805E+11  1.1704E+11   1.949  158.09  186.74   0.847  3.9446E+12    6.51
  56  2.2000E-01  2.1818E+11  1.1114E+11   1.963  159.82  187.93   0.850  3.9377E+12    6.59
  57  2.5500E-01  2.1033E+11  1.0582E+11   1.988  161.17  189.05   0.853  3.9301E+12    6.65
  58  2.9000E-01  2.0753E+11  1.0258E+11   2.023  161.97  189.97   0.853  3.9227E+12    6.69
  59  3.2000E-01  2.0938E+11  1.0103E+11   2.072  162.26  190.86   0.850  3.9165E+12    6.71
  60  3.6000E-01  2.0563E+11  9.6211E+10   2.137  162.03  191.77   0.845  3.9081E+12    6.72
  61  4.0000E-01  2.0676E+11  9.3216E+10   2.218  161.18  192.70   0.836  3.8999E+12    6.71
  62  4.5000E-01  2.0681E+11  8.9361E+10   2.314  159.64  193.62   0.824  3.8896E+12    6.68
  63  5.0000E-01  2.1233E+11  8.7571E+10   2.425  157.28  194.46   0.809  3.8792E+12    6.63
  64  5.5000E-01  2.1461E+11  8.4266E+10   2.547  154.11  195.22   0.789  3.8686E+12    6.56
  65  6.0000E-01  2.2004E+11  8.2155E+10   2.678  150.19  195.99   0.766  3.8579E+12    6.47
  66  6.6000E-01  2.2092E+11  7.8483E+10   2.815  145.64  196.76   0.740  3.8447E+12    6.35
  67  7.2000E-01  2.2008E+11  7.4582E+10   2.951  140.55  197.47   0.712  3.8314E+12    6.20
  68  7.8000E-01  2.2123E+11  7.1828E+10   3.080  135.20  198.12   0.682  3.8182E+12    6.03
  69  8.4000E-01  2.2573E+11  7.0566E+10   3.199  129.97  198.83   0.654  3.8049E+12    5.83
  70  9.2000E-01  2.0373E+11  6.1702E+10   3.302  125.19  199.57   0.627  3.7869E+12    5.54
  71  1.0000E+00  2.0539E+11  6.1960E+10   3.315  117.66  194.59   0.605  3.7706E+12    5.25
  72  1.2000E+00  1.9431E+11  5.9895E+10   3.244  108.48  184.97   0.586  3.7295E+12    4.56
  73  1.4000E+00  2.0731E+11  6.5403E+10   3.170  101.41  177.12   0.573  3.6906E+12    4.00
  74  1.6000E+00  2.1490E+11  6.9533E+10   3.091   95.71  170.54   0.561  3.6492E+12    3.52
  75  1.8000E+00  1.8641E+11  6.1960E+10   3.009   90.70  164.90   0.550  3.6062E+12    3.20
  76  2.0000E+00  1.6989E+11  5.8289E+10   2.915   85.20  158.95   0.536  3.5689E+12    3.08
  77  2.3000E+00  2.5408E+11  9.0187E+10   2.817   78.92  152.79   0.517  3.5180E+12    3.16
  78  2.6000E+00  1.2555E+11  4.5897E+10   2.736   72.22  147.55   0.489  3.4417E+12    3.78
  79  2.9000E+00  1.1914E+11  4.4749E+10   2.662   64.65  142.35   0.454  3.4041E+12    4.19
  80  3.3000E+00  1.3328E+11  5.1289E+10   2.599   56.49  137.23   0.412  3.3564E+12    4.66
  81  3.7000E+00  1.2724E+11  4.9912E+10   2.549   48.55  132.81   0.366  3.3031E+12    5.13
  82  4.1000E+00  1.0782E+11  4.3028E+10   2.506   41.60  128.96   0.323  3.2522E+12    5.46
  83  4.5000E+00  9.6592E+10  3.9379E+10   2.453   36.68  125.17   0.293  3.2091E+12    5.62
  84  5.0000E+00  8.7130E+10  3.6625E+10   2.379   34.86  121.44   0.287  3.1608E+12    5.64
  85  5.5000E+00  7.8658E+10  3.4560E+10   2.276   36.25  118.16   0.307  3.1172E+12    5.51
  86  6.0000E+00  8.0512E+10  3.7865E+10   2.126   39.38  114.71   0.343  3.0779E+12    5.26
  87  6.7000E+00  7.3795E+10  3.8356E+10   1.924   42.62  111.14   0.384  3.0215E+12    4.74
  88  7.4000E+00  6.7852E+10  4.0618E+10   1.670   44.86  107.82   0.416  2.9699E+12    4.14
  89  8.2000E+00  6.7766E+10  4.9482E+10   1.369   45.32  104.69   0.433  2.9156E+12    3.41
  90  9.0000E+00  6.2818E+10  6.0928E+10   1.031   43.61  101.61   0.429  2.8614E+12    2.63
  91  1.0000E+01  5.3127E+10  7.1599E+10   0.742   30.05   75.13   0.400  2.7986E+12    1.72
  92  1.1000E+01  6.6812E+10  9.5006E+10   0.703   13.00   38.58   0.337  2.7454E+12    1.20
  93  1.2000E+01  9.1086E+10  1.2254E+11   0.743    5.05   21.08   0.240  2.6786E+12    0.94
  94  1.3000E+01  1.2157E+12  1.5628E+12   0.778    1.61   13.53   0.119  2.5875E+12    0.82
  95  1.4000E+01  1.3718E+12  1.7349E+12   0.791    0.63   10.56   0.059  1.3718E+12    0.63
      1.5000E+01

  INTEGRALS OF SPECTRA
    OLD SPECTRUM   4.1356E+12   ±   19.502 %
    NEW SPECTRUM   4.0069E+12   ±    5.195 %

  SUMMARY OF BROAD-GROUP FLUXES, FLUENCES, AND UNCERTAINTIES

    IRRAD TIME [S] = 1.00000000E+00   ACT NORM =  1.00000000E+00

       ENERGY       FLUX       FLUENCE      STDEV %
      thermal    3.1748E+06  3.1748E+06  ±  92.94     (0.100 meV – 0.550  eV)
     epithermal  4.2407E+10  4.2407E+10  ± 114.70     (0.550  eV – 110.0 keV)
        fast     3.9644E+12  3.9644E+12  ±   6.21     (110.0 keV –  20.0 MeV)
        fast     3.7706E+12  3.7706E+12  ±   5.25     (  1.0 MeV –  20.0 MeV)
        high     0.0000E+00  0.0000E+00  ±   0.00     ( 20.0 MeV –  60.0 MeV)

    MINI-SPECTRUM

       ENERGY       FLUX       FLUENCE      STDEV %
     1.0000E-10  3.1748E+06  3.1748E+06  ±  92.94
     5.5000E-07  1.0253E+08  1.0253E+08  ± 105.09
     1.0000E-04  4.2305E+10  4.2305E+10  ± 115.02
     1.1000E-01  8.5219E+10  8.5219E+10  ± 135.96
     5.0000E-01  1.0864E+11  1.0864E+11  ± 126.78
     1.0000E+00  2.0166E+11  2.0166E+11  ±  97.64
     2.0000E+00  4.0814E+11  4.0814E+11  ±  51.24
     5.0000E+00  3.6222E+11  3.6222E+11  ±  36.33
     1.0000E+01  2.7986E+12  2.7986E+12  ±   1.72
     2.0000E+01  0.0000E+00  0.0000E+00  ±   0.00
     6.0000E+01

       TOTAL     4.0069E+12  4.0069E+12  ±   5.19

    RELATIVE COVARIANCES (10×10)
     1000    99    -8    -5    -2     0     6     0    -7     0
     1000  -159   -20   147   219    84  -162   -21     0
     1000    98  -687  -743  -244   526   210     0
     1000   111  -555  -280   472   184     0
     1000   352  -299   126   121     0
     1000   329  -703  -116     0
     1000 -1035  -317     0
     1000   954     0
     1000     0
        0

  SPECTRAL-AVERAGED REACTION RATES (for all cross section library reactions)

        REACTIONS        SIG-PHI      <SIG>          REACTIONS        SIG-PHI      <SIG>          REACTIONS        SIG-PHI      <SIG>  
   ------------------  ----------  ----------   ------------------  ----------  ----------   ------------------  ----------  ----------
   LI6(N,A)T           3.9894E-13  9.9565E-26   FE58(N,G)FE59       5.1417E-15  1.2832E-27   IN115(N,N')IN115M   5.0157E-13  1.2518E-25
   B10(N,A)LI7         6.9219E-13  1.7275E-25   CO59(N,2N)CO58      1.7939E-12  4.4772E-25   IN115(N,2N)IN114M   3.5832E-12  8.9426E-25
   F19(N,2N)F18        9.1659E-14  2.2875E-26   CO59(N,3N)CO57      0.0000E+00  0.0000E+00   IN115(N,G)IN116M    1.2405E-13  3.0959E-26
   NA23(N,2N)NA22      5.2676E-14  1.3146E-26   CO59(N,G)CO60       1.5875E-14  3.9620E-27   I127(N,2N)I126      3.9494E-12  9.8565E-25
   NA23(N,G)NA24       9.9629E-16  2.4865E-28   CO59(N,P)FE59       1.4997E-13  3.7429E-26   LA139(N,G)LA140     1.1175E-14  2.7891E-27
   MG24(N,P)NA24       5.4543E-13  1.3612E-25   CO59(N,A)MN56       8.6753E-14  2.1651E-26   PR141(N,2N)PR140    4.3950E-12  1.0969E-24
   AL27(N,P)MG27       2.4300E-13  6.0646E-26   NI58(N,2N)NI57      5.8331E-14  1.4558E-26   TM169(N,2N)TM168    5.5228E-12  1.3783E-24
   AL27(N,A)NA24       3.4462E-13  8.6009E-26   NI58(N,P)CO58       1.3819E-12  3.4487E-25   TM169(N,3N)TM167    2.8218E-17  7.0425E-30
   SI28(N,P)AL28       8.0114E-13  1.9994E-25   NI60(N,P)CO60       4.3077E-13  1.0751E-25   TA181(N,G)TA182     1.0972E-13  2.7382E-26
   P31(N,P)SI31        3.5475E-13  8.8537E-26   CU63(N,2N)CU62      1.1413E-12  2.8484E-25   W186(N,G)W187       4.9531E-14  1.2362E-26
   S32(N,P)P32         9.1729E-13  2.2893E-25   CU63(N,G)CU64       2.0684E-14  5.1622E-27   AU197(N,2N)AU196    5.8568E-12  1.4617E-24
   TI46(N,2N)TI45      4.7566E-14  1.1871E-26   CU63(N,A)CO60       1.3091E-13  3.2673E-26   AU197(N,G)AU198     9.6288E-14  2.4031E-26
   TI46(N,P)SC46       8.0427E-13  2.0072E-25   CU65(N,2N)CU64      2.3248E-12  5.8020E-25   HG199(N,N')HG199M   1.0123E-12  2.5264E-25
   TI47(N,P)SC47       4.2213E-13  1.0535E-25   ZN64(N,P)CU64       6.2920E-13  1.5703E-25   PB204(N,N')PB204M   3.2260E-13  8.0512E-26
   TI47(N,X)SC46       1.0210E-13  2.5482E-26   ZN67(N,P)CU67       9.6194E-14  2.4007E-26   BI209(N,3N)BI207    8.1343E-16  2.0301E-28
   TI48(N,P)SC48       1.7340E-13  4.3275E-26   AS75(N,2N)AS74      2.4927E-12  6.2210E-25   TH232(N,FISSION)    1.1615E-12  2.8989E-25
   TI48(N,X)SC47       1.8059E-14  4.5071E-27   Y89(N,2N)Y88        2.1295E-12  5.3146E-25   TH232(N,G)TH233     9.3560E-14  2.3350E-26
   TI49(N,X)SC48       9.9738E-15  2.4892E-27   ZR90(N,2N)ZR89      1.5151E-12  3.7812E-25   U235(N,FISSION)     7.2745E-12  1.8155E-24
   V51(N,A)SC48        4.0889E-14  1.0205E-26   NB93(N,G)NB94       3.1689E-14  7.9087E-27   U235(N,G)U236       1.0293E-13  2.5689E-26
   CR52(N,2N)CR51      6.7561E-13  1.6861E-25   NB93(N,N')NB93M     3.3949E-13  8.4728E-26   U238(N,2N)U237      3.0781E-12  7.6820E-25
   MN55(N,2N)MN54      1.8358E-12  4.5815E-25   NB93(N,2N)NB92M     1.2558E-12  3.1341E-25   U238(N,FISSION)     3.7381E-12  9.3293E-25
   MN55(N,G)MN56       7.1087E-15  1.7741E-27   MO92(N,P)NB92M      2.4699E-13  6.1641E-26   U238(N,G)U239       7.4681E-14  1.8638E-26
   FE54(N,2N)FE53      7.9465E-15  1.9832E-27   RH103(N,N')RH103M   2.0015E-12  4.9951E-25   NP237(N,FISSION)    7.8501E-12  1.9592E-24
   FE54(N,P)MN54       1.2450E-12  3.1072E-25   AG109(N,G)AG110M    9.8939E-15  2.4692E-27   PU239(N,FISSION)    8.9507E-12  2.2339E-24
   FE54(N,A)CR51       2.4886E-13  6.2110E-26   IN113(N,N')IN113M   4.2734E-13  1.0665E-25   AM241(N,FISSION)    9.2706E-12  2.3137E-24
   FE56(N,P)MN56       3.2350E-13  8.0737E-26   IN113(N,G)IN114M    1.6191E-13  4.0408E-26   SC45(N,G)SC46       8.9258E-15  2.2276E-27

  INPUT FLUX REL. CORRELATION MATRIX (by row from diagonal)
   1   1000   988   952   895   821   735   641   547   454   368   292   225   170   125    90    63    43    29    19    12
          8     5     3     2     1     1     1     1     1     1     1     1     1     1     1     1     1     1     1     1
          1     1     1     1     1     1     1     1     1     1     0     0     0     0     0     0     0     0     0     0
          0     0     0     0     0     0     0     0     0     0     0     0     1     1     1     1     1     1     1     1
          1     1     1     1     1     1     1     1     1     1     1     2     4     7     9    11    13    15    18    20
         27    30    30    30    30    30    30    30    30    30    30    30    30    30    30    30    30    30    30    30
         30    30    30    30    30    30    30    30    30    30    30    30    30    30    30    30    30    30    30    30

  OUTPUT FLUX REL. CORRELATION MATRIX (by row from diagonal)
   1   1000   988   952   895   821   735   641   546   454   368   292   225   170   125    90    63    44    29    19    12
          7     4     1     0    -1    -2    -4    -5    -7    -8    -8    -7    -6    -5    -5    -4    -4    -4    -3    -3
         -3    -3    -3    -3    -3    -3    -3    -3    -3    -3    -3    -3    -3    -2    -2    -2    -2    -2    -2    -2
         -2    -2    -2    -2    -2    -2    -2    -2    -2    -2    -1    -1     0     0     0     1     2     3     5     6
          7     9     9     9     7     4     2     0    -2    -5    -7    -9    -9    -7     7    13    14    16    18    19
         26    28    28    28    28    28    28    28    28    28    28    28    28    28    28    28    28    28    28    28
         28    28    28    28    28    28    28    28    28    28    28    28    28    28    28    28    28    28    28    28
   2   1000   988   952   895   821   735   641   547   454   369   292   226   170   126    91    64    44    29    19    12
          7     3     1     0    -2    -4    -6    -8    -9    -9    -8    -7    -6    -5    -5    -4    -4    -4    -4    -4
         -4    -4    -4    -4    -4    -4    -3    -3    -3    -3    -3    -3    -3    -3    -3    -2    -2    -2    -2    -2
         -2    -2    -2    -2    -3    -3    -3    -2    -2    -2    -1    -1     0     0     1     2     3     5     6     8
          9    10     9     7     5     2     0    -2    -5    -7    -9    -9    -7     7    13    14    16    18    19    26
         28    28    28    28    28    28    28    28    28    28    28    28    28    28    28    28    28    28    28    28
         28    28    28    28    28    28    28    28    28    28    28    28    28    28    28    28    28    28    28
   3   1000   988   952   895   821   735   642   547   455   369   292   226   171   126    91    64    44    30    19    12
          6     3     0    -2    -4    -7    -9   -11   -11   -10    -8    -7    -6    -6    -5    -5    -5    -4    -4    -4
         -4    -4    -4    -4    -4    -4    -4    -4    -4    -3    -3    -3    -3    -3    -3    -3    -3    -3    -3    -3
         -3    -3    -3    -3    -3    -3    -3    -2    -2    -2    -1     0     0     1     2     3     5     6     8     9
         10     9     7     5     2     0    -2    -4    -7    -9    -9    -7     7    13    14    16    18    19    26    28
         28    28    28    28    28    28    28    28    28    28    28    28    28    28    28    28    28    28    28    28
         28    28    28    28    28    28    28    28    28    28    28    28    28    28    28    28    28    28
   4   1000   988   952   895   821   735   642   547   455   369   293   227   172   127    92    65    45    30    19    11
          6     1    -2    -5    -8   -11   -13   -13   -12   -10    -9    -8    -7    -6    -6    -5    -5    -5    -5    -5
         -5    -5    -4    -4    -4    -4    -4    -4    -4    -4    -3    -3    -3    -3    -3    -3    -3    -3    -3    -3
         -3    -3    -3    -3    -3    -3    -3    -2    -2    -1     0     0     1     2     3     5     6     8     9    10
          9     7     5     2     0    -2    -4    -7    -9    -9    -7     7    13    14    16    18    19    26    28    28
         28    28    28    28    28    28    28    28    28    28    28    28    28    28    28    28    28    28    28    28
         28    28    28    28    28    28    28    28    28    28    28    28    28    28    28    28    28
   5   1000   988   952   895   821   735   642   547   455   370   294   228   173   128    93    66    45    30    19    10
          4    -1    -5   -10   -14   -17   -17   -15   -13   -11   -10    -9    -8    -7    -7    -6    -6    -6    -5    -5
         -5    -5    -5    -5    -5    -4    -4    -4    -4    -4    -4    -3    -3    -3    -3    -3    -3    -3    -3    -3
         -3    -3    -3    -3    -3    -2    -2    -1    -1     0     0     1     2     3     5     6     8     9    10     9
          7     5     2     0    -2    -5    -7    -9    -9    -6     7    13    14    16    18    19    26    28    28    28
         28    28    28    28    28    28    28    28    28    28    28    28    28    28    28    28    28    28    28    28
         28    28    28    28    28    28    28    28    28    28    28    28    28    28    28    28
   6   1000   988   952   895   821   735   642   548   456   371   295   229   174   130    94    67    46    30    17     8
          0    -6   -13   -19   -23   -23   -21   -18   -15   -13   -11   -10    -9    -8    -8    -7    -7    -6    -6    -6
         -6    -6    -5    -5    -5    -5    -5    -4    -4    -4    -4    -4    -3    -3    -3    -3    -3    -3    -3    -3
         -3    -3    -3    -2    -2    -2    -1     0     0     0     1     2     4     5     6     7     9     9     9     7
          4     2     0    -2    -5    -7    -9    -9    -6     8    13    14    16    18    19    26    28    28    28    28
         28    28    28    28    28    28    28    28    28    28    28    28    28    28    28    28    28    28    28    28
         28    28    28    28    28    28    28    28    28    28    28    28    28    28    28
   7   1000   988   952   895   821   735   643   549   457   373   297   231   176   131    95    67    45    28    14     3
         -7   -16   -25   -31   -31   -28   -24   -21   -18   -15   -13   -12   -11   -10    -9    -8    -8    -7    -7    -7
         -6    -6    -6    -5    -5    -5    -5    -5    -4    -4    -4    -4    -3    -3    -3    -3    -3    -3    -2    -2
         -2    -2    -1    -1    -1     0     0     0     1     2     3     4     5     6     7     8     9     8     6     3
          1     0    -3    -5    -7    -9    -9    -6     9    13    15    16    18    19    25    28    28    28    28    28
         28    28    28    28    28    28    28    28    28    28    28    28    28    28    28    28    28    28    28    28
         28    28    28    28    28    28    28    28    28    28    28    28    28    28
   8   1000   988   952   895   822   736   644   550   459   375   299   234   178   133    96    66    43    23     7    -7
        -21   -34   -42   -43   -39   -33   -28   -24   -21   -18   -16   -14   -12   -11   -10    -9    -9    -8    -8    -7
         -7    -6    -6    -6    -5    -5    -5    -5    -4    -4    -4    -4    -3    -3    -3    -2    -2    -2    -1    -1
         -1     0     0     0     1     1     2     3     3     4     5     5     6     7     8     7     6     4     2     0
         -1    -3    -6    -8    -9    -9    -6    10    14    15    16    18    19    25    27    27    27    27    27    27
         27    27    27    27    27    27    27    27    27    27    27    27    27    27    27    27    27    27    27    27
         27    27    27    27    27    27    27    27    27    27    27    27    27
   9   1000   988   952   895   822   737   645   552   462   377   302   236   180   134    95    63    37    14    -6   -26
        -45   -57   -59   -54   -46   -39   -33   -28   -24   -21   -19   -16   -14   -13   -12   -11   -10    -9    -8    -8
         -7    -7    -6    -6    -6    -5    -5    -5    -4    -4    -4    -3    -3    -2    -2    -1    -1     0     0     0
          1     2     2     3     4     4     5     5     5     6     6     6     7     7     6     4     2     0    -1    -3
         -5    -7    -9   -10   -10    -6    11    14    15    16    18    19    25    27    27    27    27    27    27    27
         27    27    27    27    27    27    27    27    27    27    27    27    27    27    27    27    27    27    27    27
         27    27    27    27    27    27    27    27    27    27    27    27
  10   1000   988   952   896   823   738   647   554   464   381   305   238   181   132    91    56    25    -3   -32   -58
        -76   -81   -74   -63   -54   -45   -39   -33   -29   -25   -22   -19   -17   -15   -13   -12   -11   -10    -9    -8
         -8    -7    -7    -6    -6    -6    -5    -5    -4    -4    -3    -2    -1    -1     0     0     1     2     3     4
          5     6     7     7     8     8     8     8     7     7     7     6     5     4     1     0    -2    -4    -5    -7
         -8   -10   -11   -10    -6    13    16    16    17    18    19    25    26    26    26    26    26    26    26    26
         26    26    26    26    26    26    26    26    26    26    26    26    26    26    26    26    26    26    26    26
         26    26    26    26    26    26    26    26    26    26    26
  11   1000   988   952   896   824   740   649   557   468   384   307   239   180   128    82    40     1   -37   -74  -101
       -108   -99   -86   -73   -62   -52   -45   -38   -33   -29   -25   -22   -19   -17   -15   -13   -12   -11   -10    -9
         -8    -8    -7    -7    -6    -6    -5    -4    -3    -3    -2     0     0     1     2     4     5     7     8    10
         11    12    12    12    12    11    10    10     8     7     6     3     1    -1    -4    -6    -7    -8    -9   -10
        -12   -12   -11    -6    16    17    17    18    19    20    25    26    26    26    26    26    26    26    26    26
         26    26    26    26    26    26    26    26    26    26    26    26    26    26    26    26    26    26    26    26
         26    26    26    26    26    26    26    26    26    26
  12   1000   988   953   897   825   742   652   560   471   386   308   237   174   116    62    10   -41   -92  -129  -141
       -132  -115   -98   -83   -70   -60   -51   -44   -38   -33   -28   -24   -21   -18   -16   -14   -13   -12   -11   -10
         -9    -8    -8    -7    -6    -5    -4    -3    -2    -1     0     2     3     5     8    10    12    14    16    17
         18    18    18    17    16    14    12    10     8     5     1    -2    -7   -10   -11   -12   -12   -12   -13   -14
        -14   -12    -6    20    19    19    19    19    20    25    26    26    26    26    26    26    26    26    26    26
         26    26    26    26    26    26    26    26    26    26    26    26    26    26    26    26    26    26    26    26
         26    26    26    26    26    26    26    26    26
  13   1000   988   953   898   827   744   655   563   473   387   306   230   160    93    25   -42  -110  -163  -181  -172
       -151  -129  -109   -93   -79   -67   -58   -49   -42   -36   -31   -27   -23   -20   -18   -16   -14   -13   -12   -11
        -10    -9    -8    -7    -6    -5    -3    -1     0     2     4     7     9    12    15    18    21    23    25    26
         26    25    24    22    19    16    13     9     4    -1    -7   -13   -16   -18   -18   -17   -17   -17   -17   -16
        -13    -6    26    22    21    20    21    21    25    25    25    25    25    25    25    25    25    25    25    25
         25    25    25    25    25    25    25    25    25    25    25    25    25    25    25    25    25    25    25    25
         25    25    25    25    25    25    25    25
  14   1000   988   954   899   828   746   657   565   473   384   298   214   132    48   -39  -128  -199  -228  -219  -194
       -167  -142  -121  -103   -88   -75   -64   -55   -47   -40   -34   -29   -25   -22   -19   -17   -16   -14   -13   -12
        -11   -10    -8    -7    -5    -3    -1     1     4     7    10    14    18    22    26    30    33    35    36    36
         35    33    29    25    21    16    10     3    -4   -13   -21   -25   -26   -25   -23   -22   -21   -20   -19   -15
         -6    32    26    23    22    22    22    25    25    25    25    25    25    25    25    25    25    25    25    25
         25    25    25    25    25    25    25    25    25    25    25    25    25    25    25    25    25    25    25    25
         25    25    25    25    25    25    25
  15   1000   988   954   900   830   748   659   565   470   374   279   182    80   -29  -142  -236  -279  -272  -244  -212
       -181  -155  -132  -113   -97   -82   -70   -60   -51   -43   -37   -32   -27   -24   -21   -19   -17   -16   -14   -13
        -12   -10    -8    -6    -3     0     3     6    11    15    20    25    30    35    40    44    47    49    48    47
         43    38    33    27    19    11     1    -9   -21   -31   -36   -36   -34   -31   -29   -27   -25   -22   -18    -6
         40    31    27    25    24    24    26    25    25    25    25    25    25    25    25    25    25    25    25    25
         25    25    25    25    25    25    25    25    25    25    25    25    25    25    25    25    25    25    25    25
         25    25    25    25    25    25
  16   1000   988   955   901   831   749   658   561   459   354   243   123    -9  -151  -273  -333  -332  -302  -264  -228
       -195  -167  -143  -122  -104   -89   -75   -64   -54   -46   -39   -34   -30   -26   -23   -21   -19   -18   -16   -14
        -12    -9    -6    -3     0     4     9    15    21    27    34    40    47    53    58    62    64    63    60    56
         49    42    33    24    13     0   -14   -30   -43   -48   -48   -45   -41   -37   -33   -30   -26   -21    -6    50
         36    31    28    27    26    27    25    25    25    25    25    25    25    25    25    25    25    25    25    25
         25    25    25    25    25    25    25    25    25    25    25    25    25    25    25    25    25    25    25    25
         25    25    25    25    25
  17   1000   989   955   902   832   748   653   550   437   315   177    21  -151  -304  -387  -396  -365  -323  -281  -242
       -209  -179  -153  -131  -111   -94   -80   -68   -58   -49   -42   -37   -32   -29   -26   -24   -21   -19   -17   -14
        -11    -7    -3     1     7    13    20    27    35    44    52    61    68    75    80    82    81    77    71    63
         53    42    29    15    -1   -20   -41   -57   -63   -62   -57   -52   -46   -41   -37   -32   -24    -6    62    43
         36    32    30    28    28    25    25    25    25    25    25    25    25    25    25    25    25    25    25    25
         25    25    25    25    25    25    25    25    25    25    25    25    25    25    25    25    25    25    25    25
         25    25    25    25
  18   1000   989   955   901   830   743   642   527   396   244    64  -139  -328  -439  -460  -432  -387  -340  -296  -256
       -220  -189  -162  -138  -117   -99   -84   -71   -60   -52   -45   -40   -35   -32   -29   -26   -23   -21   -17   -13
         -9    -3     2     9    17    25    35    45    55    66    77    86    95   100   103   101    97    89    78    66
         52    36    17    -3   -28   -53   -73   -81   -79   -72   -65   -58   -51   -45   -38   -28    -6    76    52    42
         36    33    31    29    25    25    25    25    25    25    25    25    25    25    25    25    25    25    25    25
         25    25    25    25    25    25    25    25    25    25    25    25    25    25    25    25    25    25    25    25
         25    25    25
  19   1000   989   955   900   825   732   620   485   322   122  -112  -340  -483  -524  -502  -456  -405  -355  -309  -267
       -230  -198  -169  -143  -122  -103   -87   -74   -64   -55   -48   -43   -39   -35   -32   -29   -25   -21   -16   -10
         -4     3    12    21    32    44    56    69    82    95   107   117   124   127   126   119   109    96    81    63
         43    20    -5   -36   -68   -92  -102   -99   -90   -80   -71   -62   -54   -45   -33    -6    93    61    49    42
         37    34    31    25    25    25    25    25    25    25    25    25    25    25    25    25    25    25    25    25
         25    25    25    25    25    25    25    25    25    25    25    25    25    25    25    25    25    25    25    25
         25    25
  20   1000   988   954   896   816   711   579   411   195   -68  -336  -517  -581  -570  -527  -474  -419  -368  -321  -278
       -239  -205  -174  -148  -125  -106   -90   -78   -67   -59   -53   -48   -43   -39   -35   -31   -25   -20   -13    -4
          4    14    26    39    54    69    85   101   117   132   144   152   156   154   146   134   117    98    76    52
         24    -8   -46   -85  -115  -126  -121  -111   -98   -86   -75   -64   -53   -39    -5   112    72    57    48    43
         38    33    26    26    26    26    26    26    26    26    26    26    26    26    26    26    26    26    26    26
         26    26    26    26    26    26    26    26    26    26    26    26    26    26    26    26    26    26    26    26
         26
  21   1000   988   952   889   799   675   507   282    -5  -312  -535  -629  -634  -597  -545  -488  -432  -379  -331  -286
       -246  -210  -179  -152  -129  -110   -94   -82   -72   -64   -58   -53   -48   -43   -37   -31   -24   -16    -6     5
         18    32    48    65    83   103   122   142   160   174   185   189   186   177   162   142   118    92    62    28
        -11   -57  -105  -141  -153  -148  -134  -119  -104   -90   -76   -63   -45    -5   135    86    66    56    49    43
         36    26    26    26    26    26    26    26    26    26    26    26    26    26    26    26    26    26    26    26
         26    26    26    26    26    26    26    26    26    26    26    26    26    26    26    26    26    26    26    26
  22   1000   987   947   876   768   609   383    77  -265  -532  -661  -688  -663  -616  -559  -501  -444  -390  -339  -293
       -252  -215  -184  -156  -134  -115  -100   -88   -79   -71   -65   -59   -53   -46   -39   -30   -20    -8     5    21
         38    57    78   100   124   147   171   192   210   222   227   224   213   194   171   142   110    74    32   -15
        -70  -128  -171  -186  -179  -162  -143  -125  -108   -91   -74   -53    -5   162   101    78    65    56    49    39
         27    27    27    27    27    27    27    27    27    27    27    27    27    27    27    27    27    27    27    27
         27    27    27    27    27    27    27    27    27    27    27    27    27    27    27    27    27    27    27
  23   1000   986   940   853   712   495   181  -191  -502  -673  -729  -721  -683  -630  -572  -513  -455  -399  -348  -300
       -258  -221  -189  -162  -140  -122  -108   -96   -87   -80   -72   -65   -57   -48   -37   -25   -11     5    24    45
         68    93   120   148   176   204   230   252   266   272   269   255   233   204   170   131    88    38   -19   -86
       -155  -206  -224  -215  -195  -172  -149  -128  -108   -87   -62    -5   194   120    91    76    65    56    43    29
         29    29    29    29    29    29    29    29    29    29    29    29    29    29    29    29    29    29    29    29
         29    29    29    29    29    29    29    29    29    29    29    29    29    29    29    29    29    29
  24   1000   983   926   812   614   306   -87  -441  -657  -748  -765  -742  -698  -644  -585  -525  -466  -409  -357  -309
       -266  -229  -197  -171  -150  -133  -119  -108   -99   -90   -81   -72   -61   -48   -33   -15     4    26    51    79
        109   142   175   210   244   275   301   318   326   321   305   278   244   203   157   104    45   -24  -104  -186
       -248  -269  -258  -233  -205  -178  -153  -128  -103   -72    -4   233   143   108    88    75    65    49    31    31
         31    31    31    31    31    31    31    31    31    31    31    31    31    31    31    31    31    31    31    31
         31    31    31    31    31    31    31    31    31    31    31    31    31    31    31    31    31
  25   1000   979   902   737   450    49  -341  -604  -738  -786  -786  -757  -712  -658  -599  -539  -479  -422  -369  -321
       -278  -242  -211  -186  -166  -149  -136  -125  -114  -103   -91   -78   -62   -44   -23     0    28    58    92   128
        167   208   249   290   328   359   380   389   384   364   333   292   243   187   124    53   -30  -125  -224  -297
       -323  -309  -279  -245  -213  -182  -152  -122   -85    -3   281   170   127   104    88    75    55    33    33    33
         33    33    33    33    33    33    33    33    33    33    33    33    33    33    33    33    33    33    33    33
         33    33    33    33    33    33    33    33    33    33    33    33    33    33    33    33
  26   1000   970   856   610   223  -192  -502  -683  -771  -802  -797  -768  -725  -673  -616  -556  -497  -440  -387  -339
       -298  -263  -233  -209  -190  -174  -160  -146  -133  -119  -102   -83   -60   -35    -5    27    64   105   149   196
        245   295   344   390   428   454   465   458   436   398   349   290   224   149    63   -36  -151  -269  -357  -387
       -371  -334  -294  -254  -217  -180  -144   -99     0   340   203   152   123   104    88    63    37    37    37    37
         37    37    37    37    37    37    37    37    37    37    37    37    37    37    37    37    37    37    37    37
         37    37    37    37    37    37    37    37    37    37    37    37    37    37    37
  27   1000   955   778   436    17  -331  -562  -698  -770  -798  -796  -774  -736  -688  -635  -578  -520  -465  -414  -369
       -329  -295  -268  -244  -225  -208  -191  -175  -157  -136  -113   -85   -54   -18    22    67   116   170   227   286
        347   406   461   507   539   553   546   519   475   416   346   267   177    75   -44  -181  -322  -427  -462  -443
       -399  -350  -303  -257  -214  -170  -116     3   413   244   181   146   122   104    73    41    41    41    41    41
         41    41    41    41    41    41    41    41    41    41    41    41    41    41    41    41    41    41    41    41
         41    41    41    41    41    41    41    41    41    41    41    41    41    41
  28   1000   929   677   296   -70  -345  -532  -653  -725  -763  -773  -762  -736  -698  -652  -601  -550  -499  -453  -411
       -374  -343  -316  -293  -272  -253  -232  -210  -185  -156  -122   -84   -40     8    62   122   186   254   326   398
        470   535   591   629   647   639   609   557   488   407   313   208    87   -52  -214  -379  -502  -544  -520  -469
       -411  -354  -301  -249  -197  -132    11   498   289   213   172   143   120    83    45    45    45    45    45    45
         45    45    45    45    45    45    45    45    45    45    45    45    45    45    45    45    45    45    45    45
         45    45    45    45    45    45    45    45    45    45    45    45    45
  29   1000   901   622   287    -5  -232  -402  -526  -612  -669  -700  -709  -702  -681  -650  -613  -573  -532  -493  -458
       -426  -398  -372  -349  -325  -301  -275  -245  -211  -171  -126   -75   -18    44   112   186   265   346   430   511
        587   651   696   717   710   677   620   545   454   350   232    98   -58  -239  -424  -561  -607  -580  -522  -457
       -394  -333  -275  -216  -142    23   575   328   240   192   159   134    91    47    47    47    47    47    47    47
         47    47    47    47    47    47    47    47    47    47    47    47    47    47    47    47    47    47    47    47
         47    47    47    47    47    47    47    47    47    47    47    47
  30   1000   899   668   414   183   -12  -175  -307  -412  -492  -550  -587  -606  -610  -601  -585  -562  -537  -510  -484
       -459  -435  -411  -387  -361  -332  -300  -263  -221  -173  -119   -59     6    77   154   235   320   406   491   569
        635   683   706   702   671   616   542   452   349   232    98   -57  -237  -422  -558  -604  -577  -519  -453  -390
       -329  -270  -209  -134    39   602   336   243   193   159   133    89    45    45    45    45    45    45    45    45
         45    45    45    45    45    45    45    45    45    45    45    45    45    45    45    45    45    45    45    45
         45    45    45    45    45    45    45    45    45    45    45
  31   1000   925   765   582   402   234    81   -54  -173  -272  -353  -415  -460  -489  -505  -510  -507  -498  -484  -468
       -450  -430  -409  -385  -358  -327  -292  -253  -208  -158  -103   -43    21    90   163   239   316   392   462   522
        567   590   589   565   521   459   384   297   198    84   -48  -200  -357  -473  -511  -488  -438  -382  -328  -275
       -224  -171  -104    52   549   296   212   167   137   114    75    36    36    36    36    36    36    36    36    36
         36    36    36    36    36    36    36    36    36    36    36    36    36    36    36    36    36    36    36    36
         36    36    36    36    36    36    36    36    36    36
  32   1000   951   843   710   566   422   281   147    24   -86  -181  -261  -324  -372  -405  -426  -437  -439  -435  -426
       -413  -397  -377  -354  -328  -298  -265  -227  -186  -140   -91   -38    17    76   137   199   259   316   365   402
        423   426   411   381   337   283   219   147    63   -33  -146  -261  -347  -375  -358  -320  -279  -238  -198  -159
       -118   -65    62   451   233   163   127   103    85    55    26    26    26    26    26    26    26    26    26    26
         26    26    26    26    26    26    26    26    26    26    26    26    26    26    26    26    26    26    26    26
         26    26    26    26    26    26    26    26    26
  33   1000   967   889   785   666   538   406   276   151    35   -67  -157  -231  -289  -332  -362  -380  -388  -389  -384
       -373  -359  -341  -320  -296  -268  -238  -205  -170  -131   -90   -48    -3    42    88   134   177   214   244   263
        269   263   246   219   185   145    98    43   -20   -94  -169  -225  -243  -232  -207  -179  -151  -124   -97   -68
        -28    69   352   170   116    89    71    58    36    16    16    16    16    16    16    16    16    16    16    16
         16    16    16    16    16    16    16    16    16    16    16    16    16    16    16    16    16    16    16    16
         16    16    16    16    16    16    16    16
  34   1000   976   915   827   722   603   478   349   224   105    -3   -97  -177  -240  -288  -321  -342  -353  -356  -352
       -343  -329  -313  -294  -272  -248  -222  -195  -166  -135  -104   -71   -38    -5    27    58    87   110   127   136
        138   132   120   103    81    56    26    -8   -49   -91  -122  -131  -125  -110   -94   -77   -61   -44   -25     1
         75   268   117    76    56    44    35    21     8     8     8     8     8     8     8     8     8     8     8     8
          8     8     8     8     8     8     8     8     8     8     8     8     8     8     8     8     8     8     8     8
          8     8     8     8     8     8     8
  35   1000   980   928   850   752   638   515   387   260   139    28   -69  -150  -215  -264  -298  -319  -331  -333  -330
       -321  -309  -295  -278  -259  -239  -218  -197  -175  -153  -130  -107   -85   -62   -41   -20    -2    13    24    32
         36    36    34    29    21    12     1   -11   -25   -35   -38   -35   -29   -23   -16    -9     0     9    28    81
        199    73    43    29    22    16     8     1     1     1     1     1     1     1     1     1     1     1     1     1
          1     1     1     1     1     1     1     1     1     1     1     1     1     1     1     1     1     1     1     1
          1     1     1     1     1     1
  36   1000   983   935   862   767   655   532   403   274   150    38   -59  -141  -205  -253  -286  -307  -317  -320  -317
       -309  -298  -286  -272  -257  -242  -227  -212  -197  -183  -169  -155  -141  -127  -113   -99   -85   -71   -58   -45
        -34   -25   -16    -7     0     9    20    30    38    42    41    39    37    36    36    37    40    50    87   143
         37    15     7     2     0    -2    -3    -3    -3    -3    -3    -3    -3    -3    -3    -3    -3    -3    -3    -3
         -3    -3    -3    -3    -3    -3    -3    -3    -3    -3    -3    -3    -3    -3    -3    -3    -3    -3    -3    -3
         -3    -3    -3    -3    -3
  37   1000   984   939   867   773   660   535   404   273   149    36   -61  -141  -204  -250  -281  -301  -311  -313  -311
       -304  -296  -286  -276  -265  -256  -247  -238  -231  -225  -218  -212  -205  -197  -186  -172  -156  -138  -118   -97
        -77   -55   -33    -9    17    48    80   104   112   109   100    91    83    76    70    68    71    93    96     5
         -8   -12   -13   -13   -11    -8    -8    -8    -8    -8    -8    -8    -8    -8    -8    -8    -8    -8    -8    -8
         -8    -8    -8    -8    -8    -8    -8    -8    -8    -8    -8    -8    -8    -8    -8    -8    -8    -8    -8    -8
         -8    -8    -8    -8
  38   1000   985   940   868   773   658   531   397   264   139    27   -68  -146  -207  -251  -281  -299  -309  -312  -311
       -306  -301  -295  -289  -284  -280  -278  -277  -277  -277  -278  -277  -273  -265  -251  -233  -210  -183  -154  -124
        -91   -57   -19    24    74   125   163   176   170   156   140   125   112   101    93    90   100    56   -21   -30
        -30   -28   -25   -20   -13   -13   -13   -13   -13   -13   -13   -13   -13   -13   -13   -13   -13   -13   -13   -13
        -13   -13   -13   -13   -13   -13   -13   -13   -13   -13   -13   -13   -13   -13   -13   -13   -13   -13   -13   -13
        -13   -13   -13
  39   1000   985   940   866   769   651   521   385   251   127    16   -77  -153  -212  -254  -283  -301  -311  -316  -317
       -316  -314  -312  -312  -313  -316  -320  -326  -333  -339  -343  -343  -337  -324  -304  -276  -243  -206  -167  -124
        -78   -27    31    98   166   217   235   226   206   185   164   146   129   117   108   107    20   -46   -49   -46
        -41   -37   -27   -16   -16   -16   -16   -16   -16   -16   -16   -16   -16   -16   -16   -16   -16   -16   -16   -16
        -16   -16   -16   -16   -16   -16   -16   -16   -16   -16   -16   -16   -16   -16   -16   -16   -16   -16   -16   -16
        -16   -16
  40   1000   985   938   863   762   642   509   371   237   113     4   -87  -161  -217  -259  -287  -306  -318  -325  -329
       -331  -334  -338  -344  -352  -361  -372  -384  -396  -404  -408  -405  -392  -369  -338  -299  -254  -206  -154   -98
        -35    37   119   204   267   289   278   253   226   200   176   156   138   125   114   -10   -69   -67   -60   -53
        -47   -34   -20   -20   -20   -20   -20   -20   -20   -20   -20   -20   -20   -20   -20   -20   -20   -20   -20   -20
        -20   -20   -20   -20   -20   -20   -20   -20   -20   -20   -20   -20   -20   -20   -20   -20   -20   -20   -20   -20
        -20
  41   1000   984   936   859   755   631   496   358   224   101    -5   -95  -167  -223  -264  -294  -314  -328  -338  -347
       -354  -363  -373  -385  -399  -415  -432  -448  -461  -469  -467  -454  -430  -394  -350  -299  -243  -182  -116   -42
         42   139   239   313   339   326   296   264   233   205   180   158   141   122   -37   -89   -83   -73   -65   -56
        -41   -23   -23   -23   -23   -23   -23   -23   -23   -23   -23   -23   -23   -23   -23   -23   -23   -23   -23   -23
        -23   -23   -23   -23   -23   -23   -23   -23   -23   -23   -23   -23   -23   -23   -23   -23   -23   -23   -23   -23
  42   1000   984   934   854   747   622   485   347   214    92   -13  -101  -173  -228  -271  -302  -325  -343  -357  -371
       -384  -399  -416  -434  -455  -476  -496  -513  -524  -524  -511  -484  -445  -396  -339  -275  -207  -132   -48    47
        158   271   355   384   369   335   298   263   231   202   177   155   128   -62  -107   -97   -85   -75   -65   -47
        -26   -26   -26   -26   -26   -26   -26   -26   -26   -26   -26   -26   -26   -26   -26   -26   -26   -26   -26   -26
        -26   -26   -26   -26   -26   -26   -26   -26   -26   -26   -26   -26   -26   -26   -26   -26   -26   -26   -26
  43   1000   983   932   849   741   614   477   339   207    87   -17  -105  -177  -234  -278  -312  -339  -361  -381  -400
       -420  -441  -465  -489  -515  -539  -559  -572  -574  -561  -533  -491  -437  -374  -305  -229  -147   -54    52   174
        299   392   423   407   370   329   289   254   221   193   168   135   -83  -123  -109   -96   -83   -73   -52   -29
        -29   -29   -29   -29   -29   -29   -29   -29   -29   -29   -29   -29   -29   -29   -29   -29   -29   -29   -29   -29
        -29   -29   -29   -29   -29   -29   -29   -29   -29   -29   -29   -29   -29   -29   -29   -29   -29   -29
  44   1000   982   930   846   736   608   471   334   203    84   -20  -108  -181  -240  -287  -325  -357  -384  -410  -435
       -462  -489  -518  -547  -575  -598  -614  -616  -604  -574  -529  -472  -404  -329  -248  -159   -59    55   187   323
        423   457   439   399   354   312   273   238   207   179   140  -101  -137  -120  -105   -91   -79   -56   -31   -31
        -31   -31   -31   -31   -31   -31   -31   -31   -31   -31   -31   -31   -31   -31   -31   -31   -31   -31   -31   -31
        -31   -31   -31   -31   -31   -31   -31   -31   -31   -31   -31   -31   -31   -31   -31   -31   -31
  45   1000   982   929   843   733   605   469   333   203    84   -20  -110  -185  -247  -298  -340  -377  -411  -443  -474
       -507  -540  -573  -604  -630  -647  -651  -638  -608  -561  -500  -429  -350  -263  -169   -63    58   199   342   449
        485   466   423   375   330   289   251   218   187   144  -116  -148  -129  -112   -97   -84   -60   -33   -33   -33
        -33   -33   -33   -33   -33   -33   -33   -33   -33   -33   -33   -33   -33   -33   -33   -33   -33   -33   -33   -33
        -33   -33   -33   -33   -33   -33   -33   -33   -33   -33   -33   -33   -33   -33   -33   -33
  46   1000   982   928   842   732   605   470   334   205    86   -19  -110  -188  -254  -310  -358  -401  -440  -478  -516
       -553  -590  -624  -652  -671  -676  -664  -633  -584  -521  -447  -365  -275  -177   -66    61   207   356   468   505
        485   441   391   344   301   261   226   194   147  -127  -156  -136  -118  -102   -88   -62   -35   -35   -35   -35
        -35   -35   -35   -35   -35   -35   -35   -35   -35   -35   -35   -35   -35   -35   -35   -35   -35   -35   -35   -35
        -35   -35   -35   -35   -35   -35   -35   -35   -35   -35   -35   -35   -35   -35   -35
  47   1000   982   927   842   733   607   473   338   209    89   -17  -112  -193  -263  -324  -377  -426  -471  -515  -557
       -597  -635  -666  -686  -693  -681  -649  -600  -535  -459  -375  -283  -182   -68    62   212   366   480   519   498
        452   401   353   308   268   232   198   148  -136  -162  -140  -121  -105   -91   -64   -35   -35   -35   -35   -35
        -35   -35   -35   -35   -35   -35   -35   -35   -35   -35   -35   -35   -35   -35   -35   -35   -35   -35   -35   -35
        -35   -35   -35   -35   -35   -35   -35   -35   -35   -35   -35   -35   -35   -35
  48   1000   982   928   843   735   610   477   343   214    93   -16  -113  -199  -274  -340  -399  -453  -503  -551  -596
       -636  -670  -692  -700  -688  -657  -607  -542  -466  -380  -287  -185   -69    62   215   370   486   526   505   458
        407   358   312   271   234   200   149  -141  -165  -142  -123  -106   -92   -65   -36   -36   -36   -36   -36   -36
        -36   -36   -36   -36   -36   -36   -36   -36   -36   -36   -36   -36   -36   -36   -36   -36   -36   -36   -36   -36
        -36   -36   -36   -36   -36   -36   -36   -36   -36   -36   -36   -36   -36
  49   1000   982   928   845   738   615   483   349   218    96   -15  -116  -206  -285  -356  -420  -479  -534  -584  -628
       -665  -689  -698  -688  -658  -608  -544  -467  -382  -288  -186   -70    62   214   371   487   526   505   459   407
        358   312   271   234   199   148  -144  -166  -143  -123  -107   -92   -65   -36   -36   -36   -36   -36   -36   -36
        -36   -36   -36   -36   -36   -36   -36   -36   -36   -36   -36   -36   -36   -36   -36   -36   -36   -36   -36   -36
        -36   -36   -36   -36   -36   -36   -36   -36   -36   -36   -36   -36
  50   1000   982   929   847   741   619   488   354   222    98   -16  -120  -214  -298  -374  -443  -505  -561  -611  -651
       -678  -690  -681  -652  -604  -540  -464  -379  -287  -185   -70    61   212   367   482   522   501   455   404   355
        310   268   232   197   145  -144  -165  -142  -123  -106   -91   -64   -35   -35   -35   -35   -35   -35   -35   -35
        -35   -35   -35   -35   -35   -35   -35   -35   -35   -35   -35   -35   -35   -35   -35   -35   -35   -35   -35   -35
        -35   -35   -35   -35   -35   -35   -35   -35   -35   -35   -35
  51   1000   982   930   849   745   623   492   358   225    99   -18  -126  -224  -312  -392  -464  -528  -584  -629  -660
       -674  -668  -641  -594  -532  -458  -374  -283  -183   -70    59   208   361   474   513   493   448   397   349   305
        264   228   194   143  -143  -163  -140  -121  -104   -90   -63   -34   -34   -34   -34   -34   -34   -34   -34   -34
        -34   -34   -34   -34   -34   -34   -34   -34   -34   -34   -34   -34   -34   -34   -34   -34   -34   -34   -34   -34
        -34   -34   -34   -34   -34   -34   -34   -34   -34   -34
  52   1000   982   931   851   747   627   496   361   227    98   -22  -133  -235  -327  -410  -484  -547  -599  -635  -653
       -650  -626  -582  -522  -449  -368  -279  -181   -71    56   202   352   463   502   483   438   389   342   298   259
        223   190   139  -141  -160  -137  -118  -102   -88   -62   -34   -34   -34   -34   -34   -34   -34   -34   -34   -34
        -34   -34   -34   -34   -34   -34   -34   -34   -34   -34   -34   -34   -34   -34   -34   -34   -34   -34   -34   -34
        -34   -34   -34   -34   -34   -34   -34   -34   -34
  53   1000   983   932   853   750   630   498   362   227    96   -27  -142  -248  -343  -428  -501  -560  -604  -627  -629
       -609  -568  -510  -441  -362  -275  -179   -71    52   195   342   451   489   471   428   380   334   291   252   218
        185   136  -139  -156  -134  -115  -100   -86   -60   -32   -32   -32   -32   -32   -32   -32   -32   -32   -32   -32
        -32   -32   -32   -32   -32   -32   -32   -32   -32   -32   -32   -32   -32   -32   -32   -32   -32   -32   -32   -32
        -32   -32   -32   -32   -32   -32   -32   -32
  54   1000   983   933   854   752   631   500   363   225    91   -35  -153  -262  -359  -444  -513  -565  -597  -605  -589
       -553  -499  -432  -356  -272  -178   -73    47   187   330   438   476   458   417   370   325   284   246   212   180
        132  -136  -153  -131  -113   -97   -84   -58   -31   -31   -31   -31   -31   -31   -31   -31   -31   -31   -31   -31
        -31   -31   -31   -31   -31   -31   -31   -31   -31   -31   -31   -31   -31   -31   -31   -31   -31   -31   -31   -31
        -31   -31   -31   -31   -31   -31   -31
  55   1000   983   934   855   753   632   500   361   221    84   -45  -166  -277  -375  -457  -520  -561  -577  -568  -537
       -488  -425  -352  -270  -179   -76    42   178   319   424   463   446   406   361   318   277   240   207   176   129
       -133  -149  -128  -110   -95   -82   -57   -30   -30   -30   -30   -30   -30   -30   -30   -30   -30   -30   -30   -30
        -30   -30   -30   -30   -30   -30   -30   -30   -30   -30   -30   -30   -30   -30   -30   -30   -30   -30   -30   -30
        -30   -30   -30   -30   -30   -30
  56   1000   983   934   856   753   632   498   358   215    75   -57  -182  -294  -390  -466  -519  -546  -546  -522  -478
       -419  -349  -270  -182   -82    34   168   307   411   450   435   397   353   311   272   235   203   172   126  -131
       -147  -125  -108   -93   -80   -56   -30   -30   -30   -30   -30   -30   -30   -30   -30   -30   -30   -30   -30   -30
        -30   -30   -30   -30   -30   -30   -30   -30   -30   -30   -30   -30   -30   -30   -30   -30   -30   -30   -30   -30
        -30   -30   -30   -30   -30
  57   1000   983   934   856   753   631   495   352   206    63   -73  -199  -311  -402  -470  -509  -521  -506  -469  -415
       -350  -274  -188   -89    24   156   293   398   438   425   388   346   305   267   231   200   170   124  -130  -145
       -124  -106   -91   -79   -55   -29   -29   -29   -29   -29   -29   -29   -29   -29   -29   -29   -29   -29   -29   -29
        -29   -29   -29   -29   -29   -29   -29   -29   -29   -29   -29   -29   -29   -29   -29   -29   -29   -29   -29   -29
        -29   -29   -29   -29
  58   1000   983   934   856   752   628   490   344   194    47   -92  -219  -327  -411  -467  -492  -488  -460  -413  -352
       -280  -196  -100    12   142   279   384   426   415   381   340   301   263   228   197   167   122  -129  -143  -122
       -105   -90   -78   -54   -29   -29   -29   -29   -29   -29   -29   -29   -29   -29   -29   -29   -29   -29   -29   -29
        -29   -29   -29   -29   -29   -29   -29   -29   -29   -29   -29   -29   -29   -29   -29   -29   -29   -29   -29   -29
        -29   -29   -29
  59   1000   983   934   855   750   624   483   332   178    27  -114  -240  -342  -415  -457  -467  -450  -412  -357  -289
       -209  -115    -4   125   262   369   414   406   374   335   297   260   226   195   166   121  -128  -142  -122  -105
        -90   -77   -54   -28   -28   -28   -28   -28   -28   -28   -28   -28   -28   -28   -28   -28   -28   -28   -28   -28
        -28   -28   -28   -28   -28   -28   -28   -28   -28   -28   -28   -28   -28   -28   -28   -28   -28   -28   -28   -28
        -28   -28
  60   1000   983   933   853   746   617   472   316   158     3  -138  -260  -353  -414  -441  -438  -410  -363  -301  -225
       -133   -24   103   241   351   400   397   367   331   293   258   225   194   165   121  -128  -142  -121  -104   -90
        -77   -54   -28   -28   -28   -28   -28   -28   -28   -28   -28   -28   -28   -28   -28   -28   -28   -28   -28   -28
        -28   -28   -28   -28   -28   -28   -28   -28   -28   -28   -28   -28   -28   -28   -28   -28   -28   -28   -28   -28
        -28
  61   1000   983   932   850   741   608   457   296   132   -24  -164  -278  -360  -407  -420  -406  -369  -314  -244  -156
        -50    76   214   328   383   384   359   325   290   255   223   193   165   121  -126  -141  -121  -104   -90   -77
        -54   -29   -29   -29   -29   -29   -29   -29   -29   -29   -29   -29   -29   -29   -29   -29   -29   -29   -29   -29
        -29   -29   -29   -29   -29   -29   -29   -29   -29   -29   -29   -29   -29   -29   -29   -29   -29   -29   -29   -29
  62   1000   983   931   847   733   595   438   271   103   -53  -188  -293  -361  -395  -397  -373  -329  -265  -184   -82
         42   181   298   359   368   348   317   285   252   221   192   164   121  -124  -140  -120  -104   -90   -77   -54
        -29   -29   -29   -29   -29   -29   -29   -29   -29   -29   -29   -29   -29   -29   -29   -29   -29   -29   -29   -29
        -29   -29   -29   -29   -29   -29   -29   -29   -29   -29   -29   -29   -29   -29   -29   -29   -29   -29   -29
  63   1000   982   929   842   723   578   414   241    71   -83  -210  -302  -358  -380  -373  -341  -288  -215  -120     0
        137   259   328   345   331   306   276   246   216   189   162   121  -120  -138  -119  -103   -89   -77   -54   -29
        -29   -29   -29   -29   -29   -29   -29   -29   -29   -29   -29   -29   -29   -29   -29   -29   -29   -29   -29   -29
        -29   -29   -29   -29   -29   -29   -29   -29   -29   -29   -29   -29   -29   -29   -29   -29   -29   -29
  64   1000   982   926   834   710   557   386   208    38  -109  -226  -306  -351  -364  -349  -310  -249  -163   -51    82
        207   285   312   307   288   263   236   209   184   159   120  -112  -133  -116  -100   -87   -75   -53   -29   -29
        -29   -29   -29   -29   -29   -29   -29   -29   -29   -29   -29   -29   -29   -29   -29   -29   -29   -29   -29   -29
        -29   -29   -29   -29   -29   -29   -29   -29   -29   -29   -29   -29   -29   -29   -29   -29   -29
  65   1000   981   922   825   693   533   355   176     9  -130  -236  -306  -342  -348  -328  -284  -212  -112    13   139
        227   265   271   260   242   220   197   175   152   118   -99  -125  -109   -95   -83   -72   -51   -28   -28   -28
        -28   -28   -28   -28   -28   -28   -28   -28   -28   -28   -28   -28   -28   -28   -28   -28   -28   -28   -28   -28
        -28   -28   -28   -28   -28   -28   -28   -28   -28   -28   -28   -28   -28   -28   -28   -28
  66   1000   980   918   814   674   506   325   146   -13  -143  -240  -303  -335  -338  -315  -264  -182   -69    54   150
        202   221   221   211   196   178   160   142   113   -79  -111   -99   -87   -76   -66   -48   -27   -27   -27   -27
        -27   -27   -27   -27   -27   -27   -27   -27   -27   -27   -27   -27   -27   -27   -27   -27   -27   -27   -27   -27
        -27   -27   -27   -27   -27   -27   -27   -27   -27   -27   -27   -27   -27   -27   -27
  67   1000   978   912   802   654   481   299   124   -27  -151  -242  -302  -333  -338  -315  -259  -167   -51    51   118
        153   165   166   159   149   137   125   107   -50   -91   -83   -74   -66   -58   -42   -24   -24   -24   -24   -24
        -24   -24   -24   -24   -24   -24   -24   -24   -24   -24   -24   -24   -24   -24   -24   -24   -24   -24   -24   -24
        -24   -24   -24   -24   -24   -24   -24   -24   -24   -24   -24   -24   -24   -24
  68   1000   977   906   789   636   460   280   112   -34  -153  -244  -308  -347  -358  -338  -277  -177   -70    11    62
         91   104   109   107   104    99    94    -9   -62   -60   -56   -50   -45   -33   -20   -20   -20   -20   -20   -20
        -20   -20   -20   -20   -20   -20   -20   -20   -20   -20   -20   -20   -20   -20   -20   -20   -20   -20   -20   -20
        -20   -20   -20   -20   -20   -20   -20   -20   -20   -20   -20   -20   -20
  69   1000   975   900   778   622   448   272   108   -35  -157  -256  -333  -387  -412  -393  -319  -215  -121   -51    -5
         23    41    52    58    64    77    44   -20   -28   -29   -28   -26   -21   -13   -13   -13   -13   -13   -13   -13
        -13   -13   -13   -13   -13   -13   -13   -13   -13   -13   -13   -13   -13   -13   -13   -13   -13   -13   -13   -13
        -13   -13   -13   -13   -13   -13   -13   -13   -13   -13   -13   -13
  70   1000   974   895   771   616   445   273   110   -38  -171  -289  -392  -471  -505  -470  -379  -275  -189  -124   -78
        -44   -20     0    17    53   115    33    14     5     1    -1    -4    -5    -5    -5    -5    -5    -5    -5    -5
         -5    -5    -5    -5    -5    -5    -5    -5    -5    -5    -5    -5    -5    -5    -5    -5    -5    -5    -5    -5
         -5    -5    -5    -5    -5    -5    -5    -5    -5    -5    -5
  71   1000   973   893   770   618   450   279   110   -52  -210  -362  -501  -600  -618  -550  -445  -344  -263  -199  -148
       -108   -74   -40    23   201   101    68    50    39    31    18     7     7     7     7     7     7     7     7     7
          7     7     7     7     7     7     7     7     7     7     7     7     7     7     7     7     7     7     7     7
          7     7     7     7     7     7     7     7     7     7
  72   1000   973   894   774   625   458   281    97   -93  -292  -493  -664  -745  -713  -617  -509  -414  -333  -266  -210
       -160  -109   -13   302   181   132   105    85    70    46    22    22    22    22    22    22    22    22    22    22
         22    22    22    22    22    22    22    22    22    22    22    22    22    22    22    22    22    22    22    22
         22    22    22    22    22    22    22    22    22
  73   1000   973   897   780   632   460   268    55  -182  -439  -682  -835  -853  -777  -671  -567  -474  -392  -320  -254
       -185   -54   415   271   205   166   138   116    78    40    40    40    40    40    40    40    40    40    40    40
         40    40    40    40    40    40    40    40    40    40    40    40    40    40    40    40    40    40    40    40
         40    40    40    40    40    40    40    40
  74   1000   974   900   784   632   447   226   -35  -338  -647  -876  -954  -911  -816  -711  -611  -518  -432  -351  -264
        -97   536   369   284   233   195   165   113    60    60    60    60    60    60    60    60    60    60    60    60
         60    60    60    60    60    60    60    60    60    60    60    60    60    60    60    60    60    60    60    60
         60    60    60    60    60    60    60
  75   1000   975   901   782   619   406   136  -195  -559  -861 -1005 -1006  -934  -837  -735  -636  -540  -447  -344  -140
        664   470   366   303   255   217   151    82    82    82    82    82    82    82    82    82    82    82    82    82
         82    82    82    82    82    82    82    82    82    82    82    82    82    82    82    82    82    82    82    82
         82    82    82    82    82    82
  76   1000   975   899   770   582   322   -19  -422  -788 -1002 -1056 -1017  -937  -842  -742  -640  -538  -419  -178   797
        575   452   376   318   272   191   105   105   105   105   105   105   105   105   105   105   105   105   105   105
        105   105   105   105   105   105   105   105   105   105   105   105   105   105   105   105   105   105   105   105
        105   105   105   105   105
  77   1000   974   890   741   509   177  -243  -661  -943 -1057 -1059 -1005  -925  -831  -728  -620  -488  -210   938   682
        539   451   384   329   233   131   131   131   131   131   131   131   131   131   131   131   131   131   131   131
        131   131   131   131   131   131   131   131   131   131   131   131   131   131   131   131   131   131   131   131
        131   131   131   131
  78   1000   970   872   686   386   -31  -484  -828 -1005 -1057 -1037  -979  -898  -800  -690  -548  -233  1091   793   630
        529   452   390   278   158   158   158   158   158   158   158   158   158   158   158   158   158   158   158   158
        158   158   158   158   158   158   158   158   158   158   158   158   158   158   158   158   158   158   158   158
        158   158   158
  79   1000   964   840   593   204  -261  -656  -896 -1003 -1026  -998  -937  -851  -743  -594  -240  1258   907   723   610
        524   453   327   188   188   188   188   188   188   188   188   188   188   188   188   188   188   188   188   188
        188   188   188   188   188   188   188   188   188   188   188   188   188   188   188   188   188   188   188   188
        188   188
  80   1000   953   784   455     5  -423  -721  -886  -959  -969  -936  -869  -770  -618  -223  1444  1022   816   691   597
        519   378   220   220   220   220   220   220   220   220   220   220   220   220   220   220   220   220   220   220
        220   220   220   220   220   220   220   220   220   220   220   220   220   220   220   220   220   220   220   220
        220
  81   1000   935   703   309  -123  -465  -687  -813  -869  -874  -834  -752  -601  -169  1640  1127   898   764   664   580
        427   254   254   254   254   254   254   254   254   254   254   254   254   254   254   254   254   254   254   254
        254   254   254   254   254   254   254   254   254   254   254   254   254   254   254   254   254   254   254   254
  82   1000   910   627   239  -116  -381  -558  -664  -713  -711  -655  -515   -56  1814  1187   942   805   703   619   463
        281   281   281   281   281   281   281   281   281   281   281   281   281   281   281   281   281   281   281   281
        281   281   281   281   281   281   281   281   281   281   281   281   281   281   281   281   281   281   281
  83   1000   894   621   305    32  -176  -323  -418  -459  -440  -325   129  1877  1139   894   766   674   599   457   286
        286   286   286   286   286   286   286   286   286   286   286   286   286   286   286   286   286   286   286   286
        286   286   286   286   286   286   286   286   286   286   286   286   286   286   286   286   286   286
  84   1000   906   698   472   271   108   -14   -93  -112   -37   361  1726   924   706   606   538   484   382   249   249
        249   249   249   249   249   249   249   249   249   249   249   249   249   249   249   249   249   249   249   249
        249   249   249   249   249   249   249   249   249   249   249   249   249   249   249   249   249
  85   1000   935   798   646   502   378   282   234   269   571  1379   588   420   357   322   297   248   174   174   174
        174   174   174   174   174   174   174   174   174   174   174   174   174   174   174   174   174   174   174   174
        174   174   174   174   174   174   174   174   174   174   174   174   174   174   174   174
  86   1000   959   872   768   664   571   512   516   718   984   246   129   102    97    97   100    87    87    87    87
         87    87    87    87    87    87    87    87    87    87    87    87    87    87    87    87    87    87    87    87
         87    87    87    87    87    87    87    87    87    87    87    87    87    87    87
  87   1000   974   915   840   762   704   690   813   639   -39  -116  -116   -99   -79   -34     3     3     3     3     3
          3     3     3     3     3     3     3     3     3     3     3     3     3     3     3     3     3     3     3     3
          3     3     3     3     3     3     3     3     3     3     3     3     3     3
  88   1000   982   938   881   832   810   875   367  -265  -313  -296  -264  -230  -155   -75   -75   -75   -75   -75   -75
        -75   -75   -75   -75   -75   -75   -75   -75   -75   -75   -75   -75   -75   -75   -75   -75   -75   -75   -75   -75
        -75   -75   -75   -75   -75   -75   -75   -75   -75   -75   -75   -75   -75
  89   1000   986   952   915   893   916   156  -444  -474  -446  -406  -363  -267  -155  -155  -155  -155  -155  -155  -155
       -155  -155  -155  -155  -155  -155  -155  -155  -155  -155  -155  -155  -155  -155  -155  -155  -155  -155  -155  -155
       -155  -155  -155  -155  -155  -155  -155  -155  -155  -155  -155  -155
  90   1000   989   967   949   943    -5  -585  -607  -576  -532  -485  -379  -242  -242  -242  -242  -242  -242  -242  -242
       -242  -242  -242  -242  -242  -242  -242  -242  -242  -242  -242  -242  -242  -242  -242  -242  -242  -242  -242  -242
       -242  -242  -242  -242  -242  -242  -242  -242  -242  -242  -242
  91   1000   994   982   957  -122  -692  -711  -681  -638  -591  -483  -327  -327  -327  -327  -327  -327  -327  -327  -327
       -327  -327  -327  -327  -327  -327  -327  -327  -327  -327  -327  -327  -327  -327  -327  -327  -327  -327  -327  -327
       -327  -327  -327  -327  -327  -327  -327  -327  -327  -327
  92   1000   996   964  -189  -758  -779  -753  -712  -666  -552  -380  -380  -380  -380  -380  -380  -380  -380  -380  -380
       -380  -380  -380  -380  -380  -380  -380  -380  -380  -380  -380  -380  -380  -380  -380  -380  -380  -380  -380  -380
       -380  -380  -380  -380  -380  -380  -380  -380  -380
  93   1000   976  -192  -780  -808  -786  -749  -704  -579  -390  -390  -390  -390  -390  -390  -390  -390  -390  -390  -390
       -390  -390  -390  -390  -390  -390  -390  -390  -390  -390  -390  -390  -390  -390  -390  -390  -390  -390  -390  -390
       -390  -390  -390  -390  -390  -390  -390  -390
  94   1000    -3  -667  -717  -705  -672  -630  -493  -299  -299  -299  -299  -299  -299  -299  -299  -299  -299  -299  -299
       -299  -299  -299  -299  -299  -299  -299  -299  -299  -299  -299  -299  -299  -299  -299  -299  -299  -299  -299  -299
       -299  -299  -299  -299  -299  -299  -299
  95   1000   727   639   597   563   529   417   252   252   252   252   252   252   252   252   252   252   252   252   252
        252   252   252   252   252   252   252   252   252   252   252   252   252   252   252   252   252   252   252   252
        252   252   252   252   252   252
  96   1000   988   966   934   893   728   463   463   463   463   463   463   463   463   463   463   463   463   463   463
        463   463   463   463   463   463   463   463   463   463   463   463   463   463   463   463   463   463   463   463
        463   463   463   463   463
  97   1000   993   974   943   791   522   522   522   522   522   522   522   522   522   522   522   522   522   522   522
        522   522   522   522   522   522   522   522   522   522   522   522   522   522   522   522   522   522   522   522
        522   522   522   522
  98   1000   993   974   842   578   578   578   578   578   578   578   578   578   578   578   578   578   578   578   578
        578   578   578   578   578   578   578   578   578   578   578   578   578   578   578   578   578   578   578   578
        578   578   578
  99   1000   994   886   633   633   633   633   633   633   633   633   633   633   633   633   633   633   633   633   633
        633   633   633   633   633   633   633   633   633   633   633   633   633   633   633   633   633   633   633   633
        633   633
 100   1000   923   687   687   687   687   687   687   687   687   687   687   687   687   687   687   687   687   687   687
        687   687   687   687   687   687   687   687   687   687   687   687   687   687   687   687   687   687   687   687
        687
 101   1000   912   912   912   912   912   912   912   912   912   912   912   912   912   912   912   912   912   912   912
        912   912   912   912   912   912   912   912   912   912   912   912   912   912   912   912   912   912   912   912
 102   1000  1000  1000  1000  1000  1000  1000  1000  1000  1000  1000  1000  1000  1000  1000  1000  1000  1000  1000  1000
       1000  1000  1000  1000  1000  1000  1000  1000  1000  1000  1000  1000  1000  1000  1000  1000  1000  1000  1000
 103   1000  1000  1000  1000  1000  1000  1000  1000  1000  1000  1000  1000  1000  1000  1000  1000  1000  1000  1000  1000
       1000  1000  1000  1000  1000  1000  1000  1000  1000  1000  1000  1000  1000  1000  1000  1000  1000  1000
 104   1000  1000  1000  1000  1000  1000  1000  1000  1000  1000  1000  1000  1000  1000  1000  1000  1000  1000  1000  1000
       1000  1000  1000  1000  1000  1000  1000  1000  1000  1000  1000  1000  1000  1000  1000  1000  1000
 105   1000  1000  1000  1000  1000  1000  1000  1000  1000  1000  1000  1000  1000  1000  1000  1000  1000  1000  1000  1000
       1000  1000  1000  1000  1000  1000  1000  1000  1000  1000  1000  1000  1000  1000  1000  1000
 106   1000  1000  1000  1000  1000  1000  1000  1000  1000  1000  1000  1000  1000  1000  1000  1000  1000  1000  1000  1000
       1000  1000  1000  1000  1000  1000  1000  1000  1000  1000  1000  1000  1000  1000  1000
 107   1000  1000  1000  1000  1000  1000  1000  1000  1000  1000  1000  1000  1000  1000  1000  1000  1000  1000  1000  1000
       1000  1000  1000  1000  1000  1000  1000  1000  1000  1000  1000  1000  1000  1000
 108   1000  1000  1000  1000  1000  1000  1000  1000  1000  1000  1000  1000  1000  1000  1000  1000  1000  1000  1000  1000
       1000  1000  1000  1000  1000  1000  1000  1000  1000  1000  1000  1000  1000
 109   1000  1000  1000  1000  1000  1000  1000  1000  1000  1000  1000  1000  1000  1000  1000  1000  1000  1000  1000  1000
       1000  1000  1000  1000  1000  1000  1000  1000  1000  1000  1000  1000
 110   1000  1000  1000  1000  1000  1000  1000  1000  1000  1000  1000  1000  1000  1000  1000  1000  1000  1000  1000  1000
       1000  1000  1000  1000  1000  1000  1000  1000  1000  1000  1000
 111   1000  1000  1000  1000  1000  1000  1000  1000  1000  1000  1000  1000  1000  1000  1000  1000  1000  1000  1000  1000
       1000  1000  1000  1000  1000  1000  1000  1000  1000  1000
 112   1000  1000  1000  1000  1000  1000  1000  1000  1000  1000  1000  1000  1000  1000  1000  1000  1000  1000  1000  1000
       1000  1000  1000  1000  1000  1000  1000  1000  1000
 113   1000  1000  1000  1000  1000  1000  1000  1000  1000  1000  1000  1000  1000  1000  1000  1000  1000  1000  1000  1000
       1000  1000  1000  1000  1000  1000  1000  1000
 114   1000  1000  1000  1000  1000  1000  1000  1000  1000  1000  1000  1000  1000  1000  1000  1000  1000  1000  1000  1000
       1000  1000  1000  1000  1000  1000  1000
 115   1000  1000  1000  1000  1000  1000  1000  1000  1000  1000  1000  1000  1000  1000  1000  1000  1000  1000  1000  1000
       1000  1000  1000  1000  1000  1000
 116   1000  1000  1000  1000  1000  1000  1000  1000  1000  1000  1000  1000  1000  1000  1000  1000  1000  1000  1000  1000
       1000  1000  1000  1000  1000
 117   1000  1000  1000  1000  1000  1000  1000  1000  1000  1000  1000  1000  1000  1000  1000  1000  1000  1000  1000  1000
       1000  1000  1000  1000
 118   1000  1000  1000  1000  1000  1000  1000  1000  1000  1000  1000  1000  1000  1000  1000  1000  1000  1000  1000  1000
       1000  1000  1000
 119   1000  1000  1000  1000  1000  1000  1000  1000  1000  1000  1000  1000  1000  1000  1000  1000  1000  1000  1000  1000
       1000  1000
 120   1000  1000  1000  1000  1000  1000  1000  1000  1000  1000  1000  1000  1000  1000  1000  1000  1000  1000  1000  1000
       1000
 121   1000  1000  1000  1000  1000  1000  1000  1000  1000  1000  1000  1000  1000  1000  1000  1000  1000  1000  1000  1000
 122   1000  1000  1000  1000  1000  1000  1000  1000  1000  1000  1000  1000  1000  1000  1000  1000  1000  1000  1000
 123   1000  1000  1000  1000  1000  1000  1000  1000  1000  1000  1000  1000  1000  1000  1000  1000  1000  1000
 124   1000  1000  1000  1000  1000  1000  1000  1000  1000  1000  1000  1000  1000  1000  1000  1000  1000
 125   1000  1000  1000  1000  1000  1000  1000  1000  1000  1000  1000  1000  1000  1000  1000  1000
 126   1000  1000  1000  1000  1000  1000  1000  1000  1000  1000  1000  1000  1000  1000  1000
 127   1000  1000  1000  1000  1000  1000  1000  1000  1000  1000  1000  1000  1000  1000
 128   1000  1000  1000  1000  1000  1000  1000  1000  1000  1000  1000  1000  1000
 129   1000  1000  1000  1000  1000  1000  1000  1000  1000  1000  1000  1000
 130   1000  1000  1000  1000  1000  1000  1000  1000  1000  1000  1000
 131   1000  1000  1000  1000  1000  1000  1000  1000  1000  1000
 132   1000  1000  1000  1000  1000  1000  1000  1000  1000
 133   1000  1000  1000  1000  1000  1000  1000  1000
 134   1000  1000  1000  1000  1000  1000  1000
 135   1000  1000  1000  1000  1000  1000
 136   1000  1000  1000  1000  1000
 137   1000  1000  1000  1000
 138   1000  1000  1000
 139   1000  1000
 140   1000

 Finished!
