NIF_RUN Passive 18x snout on TANDM 90-348 Pinhole
  140    5    1    0    1
   0.00500   9.00000   0.03000   0.03000
   0.0000000   0   0 1.00000000E+00   1.0000000
ZR902    1.706E-12 0.010       0.00       0.00        (    )
IN115N   4.881E-13 0.007       0.00       0.00        (    )
AU197G   8.079E-14 0.010       0.00 AUNG  3.94 IFX    (ISTP)
IN115G   1.161E-13 0.020       0.00 INNG 39.37 IFX    (ISTP)
AU1972   1.218E-11 0.053       0.00       0.00        (    )
Flux Uncertainty
 140
 0.0000E+00 0.0000E+00 0.0000E+00 0.0000E+00 0.0000E+00 0.0000E+00 0.0000E+00
 0.0000E+00 0.0000E+00 0.0000E+00 0.0000E+00 0.0000E+00 0.0000E+00 0.0000E+00
 1.0000E+00 1.0000E+00 1.0000E+00 1.0000E+00 1.0000E+00 1.0000E+00 1.0000E+00
 1.0000E+00 1.0000E+00 1.0000E+00 1.0000E+00 1.0000E+00 1.0000E+00 1.0000E+00
 1.0000E+00 1.0000E+00 1.0000E+00 1.0000E+00 1.0000E+00 1.0000E+00 1.0000E+00
 1.0000E+00 1.0000E+00 1.0000E+00 1.0000E+00 1.0000E+00 1.0000E+00 1.0000E+00
 1.0000E+00 1.0000E+00 1.0000E+00 1.0000E+00 1.0000E+00 1.0000E+00 1.0000E+00
 1.0000E+00 1.0000E+00 1.0000E+00 1.0000E+00 1.0000E+00 1.0000E+00 1.0000E+00
 1.0000E+00 1.0000E+00 1.0000E+00 1.0000E+00 1.0000E+00 1.0000E+00 1.0000E+00
 1.0000E+00 1.0000E+00 1.0000E+00 1.0000E+00 1.0000E+00 1.0000E+00 1.0000E+00
 1.0000E+00 1.0000E+00 1.0000E+00 1.0000E+00 1.0000E+00 1.0000E+00 1.0000E+00
 1.0000E+00 1.0000E+00 1.0000E+00 1.0000E+00 1.0000E+00 1.0000E+00 1.0000E+00
 1.0000E+00 1.0000E+00 1.0000E+00 1.0000E+00 1.0000E+00 1.0000E+00 1.0000E+00
 1.0000E+00 1.0000E+00 5.0000E-02 5.0000E-02 0.0000E+00 0.0000E+00 0.0000E+00
 0.0000E+00 0.0000E+00 0.0000E+00 0.0000E+00 0.0000E+00 0.0000E+00 0.0000E+00
 0.0000E+00 0.0000E+00 0.0000E+00 0.0000E+00 0.0000E+00 0.0000E+00 0.0000E+00
 0.0000E+00 0.0000E+00 0.0000E+00 0.0000E+00 0.0000E+00 0.0000E+00 0.0000E+00
 0.0000E+00 0.0000E+00 0.0000E+00 0.0000E+00 0.0000E+00 0.0000E+00 0.0000E+00
 0.0000E+00 0.0000E+00 0.0000E+00 0.0000E+00 0.0000E+00 0.0000E+00 0.0000E+00
 0.0000E+00 0.0000E+00 0.0000E+00 0.0000E+00 0.0000E+00 0.0000E+00 0.0000E+00
Input Flux Spectrum
 140   1 1.000E+00 2.000E+01 5.000E-08
 0.0000E+00 0.0000E+00 0.0000E+00 0.0000E+00 0.0000E+00 0.0000E+00 0.0000E+00
 0.0000E+00 0.0000E+00 0.0000E+00 0.0000E+00 0.0000E+00 0.0000E+00 0.0000E+00
 1.0000E+00 1.0000E+00 1.0000E+00 1.0000E+00 1.0000E+00 1.0000E+00 1.0000E+00
 1.0000E+00 1.0000E+00 1.0000E+00 1.0000E+00 1.0000E+00 1.0000E+00 1.0000E+00
 1.0000E+00 1.0000E+00 1.0000E+00 1.0000E+00 1.0000E+00 1.0000E+00 1.0000E+00
 1.0000E+00 1.0000E+00 1.0000E+00 1.0000E+00 1.0000E+00 1.0000E+00 1.0000E+00
 1.0000E+00 1.0000E+00 1.0000E+00 1.0000E+00 1.0000E+00 1.0000E+00 1.0000E+00
 1.0000E+00 1.0000E+00 1.0000E+00 1.0000E+00 1.0000E+00 1.0000E+00 1.0000E+00
 1.0000E+00 1.0000E+00 1.0000E+00 1.0000E+00 1.0000E+00 1.0000E+00 1.0000E+00
 1.0000E+00 1.0000E+00 1.0000E+00 1.0000E+00 1.0000E+00 1.0000E+00 1.0000E+00
 1.0000E+00 1.0000E+00 1.0000E+00 1.0000E+00 1.0000E+00 1.0000E+00 1.0000E+00
 1.0000E+00 1.0000E+00 1.0000E+00 1.0000E+00 1.0000E+00 1.0000E+00 1.0000E+00
 1.0000E+00 1.0000E+00 1.0000E+00 1.0000E+00 1.0000E+00 1.0000E+00 1.0000E+00
 1.0000E+00 1.0000E+00 1.0000E+00 1.0000E+00 0.0000E+00 0.0000E+00 0.0000E+00
 0.0000E+00 0.0000E+00 0.0000E+00 0.0000E+00 0.0000E+00 0.0000E+00 0.0000E+00
 0.0000E+00 0.0000E+00 0.0000E+00 0.0000E+00 0.0000E+00 0.0000E+00 0.0000E+00
 0.0000E+00 0.0000E+00 0.0000E+00 0.0000E+00 0.0000E+00 0.0000E+00 0.0000E+00
 0.0000E+00 0.0000E+00 0.0000E+00 0.0000E+00 0.0000E+00 0.0000E+00 0.0000E+00
 0.0000E+00 0.0000E+00 0.0000E+00 0.0000E+00 0.0000E+00 0.0000E+00 0.0000E+00
 0.0000E+00 0.0000E+00 0.0000E+00 0.0000E+00 0.0000E+00 0.0000E+00 0.0000E+00
   10   13   28   11    8    5    8    7   10   40



                         ==============================
                               STAYSL PNNL OUTPUT
                         ==============================

 STAYSL PNNL, version 1.2.0, 2015-08-05


 SCENARIO TITLE: NIF_RUN Passive 18x snout on TANDM 90-348 Pinhole
 -------------------------------------------------------------------------------
  NGROUP =   140    NRXN =     5    ACTIVITY NORM = 1.00000E+00

  COVARIANCE PARAMETERS (FCHN, FCVX, ACVX, FS)
    FLUXES:      WIDTH =  9.0000E+00   LONG RANGE COVAR. =  3.0000E-02
            ACTIVITIES =  5.0000E-03   X-SECT CROSS COR. =  3.0000E-02

    DETERM =   1.5331 × 10^   6.00      ERROR =   1.0103E-15

  INPUT NORMALIZATION DATA
    AK1   =     0.00000     VAK        =     0.00090
    NORML =           0     RENORM     = 1.10134E+08
    CHI²  = 22921.42350     NORM. CHI² =  5730.35588
     (logarithmic limit was applied to low fluxes)

  DOSIMETRY ACTIVITIES
     ———— INPUTS —————  -UNADJUSTED FLUX-  — ADJUSTED FLUX —    CHI²  90% ACTIVITIES RANGE
 RXN  MEASURED     ±%   ACTIVITY    %DIFF  ACTIVITY    %DIFF  CONTRIB --LOW E-- --HIGH E--   REACTION          CVR
  1  1.706E-12    1.00  1.354E-16  -99.99  2.612E-16  -99.98 5679.164  1.20E+01  1.40E+01  ZR90(N,2N)ZR89          
  2  4.881E-13    0.70  7.252E-16  -99.85  1.095E-14  -97.7616794.653  1.40E+00  1.00E+01  IN115(N,N')IN115M       
  3  8.079E-14    1.00  8.329E-14    3.09  1.234E-13   52.71    1.102  4.50E-05  5.50E-03  AU197(N,G)AU198         
  4  1.161E-13    2.00  1.538E-14  -86.75  4.369E-14  -62.37  293.676  3.00E-05  7.80E-01  IN115(N,G)IN116M        
  5  1.218E-11    5.30  1.076E-15  -99.99  7.441E-15  -99.94  152.829  9.00E+00  1.30E+01  AU197(N,2N)AU196        

             % STD. DEV.  =         96.83              95.14

                              CHECK INPUT, IT IS RATHER UNLIKELY !
                                   *** BEWARE OF OUTPUT ! ***


  DIFFERENTIAL FLUXES (input is normalized by a factor of 1.1013E+08)
                  —————— DIFFERENTIAL FLUX —————   ———— STD. DEV. % ————   INTEGRAL
 GRP    ENERGY        NEW         OLD      RATIO    NEW     OLD    RATIO   FLUX > E     ± %
  15  2.8000E-06  1.8825E+12  7.5954E+13   0.025   21.22  100.00   0.212  6.5843E+10   47.75
  16  4.2500E-06  2.1918E+12  5.3724E+13   0.041   13.91  100.00   0.139  6.5840E+10   47.75
  17  6.3000E-06  3.0206E+12  3.7977E+13   0.080   17.77  100.00   0.178  6.5835E+10   47.75
  18  9.2000E-06  4.5799E+12  2.5612E+13   0.179   27.42  100.00   0.274  6.5827E+10   47.76
  19  1.3500E-05  1.4889E+13  1.4684E+13   1.014   37.34  100.00   0.373  6.5807E+10   47.78
  20  2.1000E-05  2.4306E+13  1.2237E+13   1.986   46.06  100.00   0.461  6.5695E+10   47.86
  21  3.0000E-05  2.1786E+13  7.3422E+12   2.967   53.13  100.00   0.531  6.5477E+10   48.03
  22  4.5000E-05  1.7941E+13  4.5889E+12   3.910   58.53  100.00   0.585  6.5150E+10   48.28
  23  6.9000E-05  1.6953E+13  3.5527E+12   4.772   62.43  100.00   0.624  6.4719E+10   48.62
  24  1.0000E-04  1.7378E+13  3.1467E+12   5.523   65.14  100.00   0.651  6.4194E+10   49.03
  25  1.3500E-04  1.9326E+13  3.1467E+12   6.142   67.04  100.00   0.670  6.3585E+10   49.51
  26  1.7000E-04  1.4583E+13  2.2027E+12   6.621   68.50  100.00   0.685  6.2909E+10   50.05
  27  2.2000E-04  1.2779E+13  1.8356E+12   6.962   69.82  100.00   0.698  6.2180E+10   50.64
  28  2.8000E-04  9.8797E+12  1.3767E+12   7.177   71.19  100.00   0.712  6.1413E+10   51.26
  29  3.6000E-04  8.9105E+12  1.2237E+12   7.282   72.70  100.00   0.727  6.0623E+10   51.90
  30  4.5000E-04  6.4295E+12  8.8107E+11   7.297   74.35  100.00   0.744  5.9821E+10   52.56
  31  5.7500E-04  4.3129E+12  5.9532E+11   7.245   76.09  100.00   0.761  5.9017E+10   53.23
  32  7.6000E-04  3.9333E+12  5.5067E+11   7.143   77.86  100.00   0.779  5.8219E+10   53.89
  33  9.6000E-04  2.4500E+12  3.4963E+11   7.007   79.59  100.00   0.796  5.7433E+10   54.55
  34  1.2750E-03  2.3214E+12  3.3887E+11   6.850   81.25  100.00   0.813  5.6661E+10   55.21
  35  1.6000E-03  1.8392E+12  2.7533E+11   6.680   82.81  100.00   0.828  5.5906E+10   55.86
  36  2.0000E-03  1.0227E+12  1.5733E+11   6.500   84.28  100.00   0.843  5.5171E+10   56.50
  37  2.7000E-03  9.9306E+11  1.5733E+11   6.312   85.65  100.00   0.857  5.4455E+10   57.14
  38  3.4000E-03  6.1223E+11  1.0012E+11   6.115   86.96  100.00   0.870  5.3760E+10   57.77
  39  4.5000E-03  6.5065E+11  1.1013E+11   5.908   88.20  100.00   0.882  5.3086E+10   58.40
  40  5.5000E-03  3.6856E+11  6.4784E+10   5.689   89.40  100.00   0.894  5.2436E+10   59.02
  41  7.2000E-03  3.0056E+11  5.5067E+10   5.458   90.56  100.00   0.906  5.1809E+10   59.63
  42  9.2000E-03  2.0513E+11  3.9333E+10   5.215   91.67  100.00   0.917  5.1208E+10   60.23
  43  1.2000E-02  1.8215E+11  3.6711E+10   4.962   92.73  100.00   0.927  5.0634E+10   60.82
  44  1.5000E-02  1.2948E+11  2.7533E+10   4.703   93.71  100.00   0.937  5.0087E+10   61.39
  45  1.9000E-02  7.5197E+10  1.6944E+10   4.438   94.63  100.00   0.946  4.9569E+10   61.95
  46  2.5500E-02  7.0736E+10  1.6944E+10   4.175   95.47  100.00   0.955  4.9080E+10   62.49
  47  3.2000E-02  5.3928E+10  1.3767E+10   3.917   96.21  100.00   0.962  4.8621E+10   63.01
  48  4.0000E-02  3.2332E+10  8.8107E+09   3.670   96.86  100.00   0.969  4.8189E+10   63.50
  49  5.2500E-02  2.8035E+10  8.1580E+09   3.436   97.42  100.00   0.974  4.7785E+10   63.98
  50  6.6000E-02  1.6128E+10  5.0061E+09   3.222   97.89  100.00   0.979  4.7407E+10   64.43
  51  8.8000E-02  1.5161E+10  5.0061E+09   3.028   98.28  100.00   0.983  4.7052E+10   64.86
  52  1.1000E-01  1.2601E+10  4.4053E+09   2.860   98.59  100.00   0.986  4.6718E+10   65.27
  53  1.3500E-01  1.1983E+10  4.4053E+09   2.720   98.85  100.00   0.989  4.6403E+10   65.66
  54  1.6000E-01  9.5842E+09  3.6711E+09   2.611   99.06  100.00   0.991  4.6104E+10   66.03
  55  1.9000E-01  9.3083E+09  3.6711E+09   2.536   99.22  100.00   0.992  4.5816E+10   66.39
  56  2.2000E-01  7.8610E+09  3.1467E+09   2.498   99.35  100.00   0.993  4.5537E+10   66.74
  57  2.5500E-01  7.8755E+09  3.1467E+09   2.503   99.45  100.00   0.994  4.5262E+10   67.08
  58  2.9000E-01  9.3778E+09  3.6711E+09   2.554   99.52  100.00   0.995  4.4986E+10   67.42
  59  3.2000E-01  7.3212E+09  2.7533E+09   2.659   99.58  100.00   0.996  4.4705E+10   67.77
  60  3.6000E-01  7.7725E+09  2.7533E+09   2.823   99.63  100.00   0.996  4.4412E+10   68.13
  61  4.0000E-01  6.7260E+09  2.2027E+09   3.054   99.66  100.00   0.997  4.4101E+10   68.50
  62  4.5000E-01  7.3974E+09  2.2027E+09   3.358   99.68  100.00   0.997  4.3765E+10   68.89
  63  5.0000E-01  8.2482E+09  2.2027E+09   3.745   99.70  100.00   0.997  4.3395E+10   69.31
  64  5.5000E-01  9.2927E+09  2.2027E+09   4.219   99.71  100.00   0.997  4.2982E+10   69.77
  65  6.0000E-01  8.7848E+09  1.8356E+09   4.786   99.71  100.00   0.997  4.2518E+10   70.27
  66  6.6000E-01  1.0001E+10  1.8356E+09   5.448   99.71  100.00   0.997  4.1991E+10   70.82
  67  7.2000E-01  1.1391E+10  1.8356E+09   6.206   99.70  100.00   0.997  4.1391E+10   71.43
  68  7.8000E-01  1.2947E+10  1.8356E+09   7.054   99.68  100.00   0.997  4.0707E+10   72.09
  69  8.4000E-01  1.0990E+10  1.3767E+09   7.983   99.65  100.00   0.996  3.9930E+10   72.81
  70  9.2000E-01  1.2365E+10  1.3767E+09   8.981   99.61  100.00   0.996  3.9051E+10   73.60
  71  1.0000E+00  5.5239E+09  5.5067E+08  10.031   99.56  100.00   0.996  3.8062E+10   74.44
  72  1.2000E+00  6.1187E+09  5.5067E+08  11.111   99.50  100.00   0.995  3.6957E+10   75.36
  73  1.4000E+00  6.7169E+09  5.5067E+08  12.198   99.43  100.00   0.994  3.5733E+10   76.33
  74  1.6000E+00  7.3043E+09  5.5067E+08  13.264   99.35  100.00   0.994  3.4390E+10   77.36
  75  1.8000E+00  7.8663E+09  5.5067E+08  14.285   99.26  100.00   0.993  3.2929E+10   78.45
  76  2.0000E+00  5.5923E+09  3.6711E+08  15.233   99.18  100.00   0.992  3.1356E+10   79.59
  77  2.3000E+00  5.9049E+09  3.6711E+08  16.085   99.09  100.00   0.991  2.9678E+10   80.77
  78  2.6000E+00  6.1741E+09  3.6711E+08  16.818   99.01  100.00   0.990  2.7907E+10   81.98
  79  2.9000E+00  4.7946E+09  2.7533E+08  17.414   98.93  100.00   0.989  2.6055E+10   83.23
  80  3.3000E+00  4.9166E+09  2.7533E+08  17.857   98.88  100.00   0.989  2.4137E+10   84.50
  81  3.7000E+00  4.9933E+09  2.7533E+08  18.136   98.84  100.00   0.988  2.2170E+10   85.77
  82  4.1000E+00  5.0227E+09  2.7533E+08  18.242   98.83  100.00   0.988  2.0173E+10   87.03
  83  4.5000E+00  4.0028E+09  2.2027E+08  18.173   98.83  100.00   0.988  1.8164E+10   88.26
  84  5.0000E+00  3.9485E+09  2.2027E+08  17.926   98.86  100.00   0.989  1.6162E+10   89.45
  85  5.5000E+00  3.8559E+09  2.2027E+08  17.506   98.92  100.00   0.989  1.4188E+10   90.55
  86  6.0000E+00  2.6620E+09  1.5733E+08  16.920   98.99  100.00   0.990  1.2260E+10   91.53
  87  6.7000E+00  2.5456E+09  1.5733E+08  16.180   99.08  100.00   0.991  1.0397E+10   92.34
  88  7.4000E+00  2.1065E+09  1.3767E+08  15.302   99.19  100.00   0.992  8.6147E+09   92.90
  89  8.2000E+00  1.9696E+09  1.3767E+08  14.307   99.30  100.00   0.993  6.9295E+09   93.11
  90  9.0000E+00  1.4559E+09  1.1013E+08  13.219   99.41  100.00   0.994  5.3538E+09   92.77
  91  1.0000E+01  1.3290E+09  1.1013E+08  12.068   99.51  100.00   0.995  3.8979E+09   91.48
  92  1.1000E+01  1.1984E+09  1.1013E+08  10.881   99.61  100.00   0.996  2.5689E+09   88.19
  93  1.2000E+01  1.0672E+09  1.1013E+08   9.690   99.70  100.00   0.997  1.3705E+09   78.73
  94  1.3000E+01  1.5472E+08  1.1013E+08   1.405    5.82    5.83   0.998  3.0331E+08    5.81
  95  1.4000E+01  1.4859E+08  1.1013E+08   1.349    5.82    5.83   0.998  1.4859E+08    5.82
      1.5000E+01

  INTEGRALS OF SPECTRA
    OLD SPECTRUM   8.9208E+09   ±   42.510 %
    NEW SPECTRUM   6.5843E+10   ±   47.748 %

  SUMMARY OF BROAD-GROUP FLUXES, FLUENCES, AND UNCERTAINTIES

    IRRAD TIME [S] = 1.00000000E+00   ACT NORM =  1.00000000E+00

       ENERGY       FLUX       FLUENCE      STDEV %
      thermal    0.0000E+00  0.0000E+00  ±   0.00     (0.100 meV – 0.550  eV)
     epithermal  1.9125E+10  1.9125E+10  ±  43.67     (0.550  eV – 110.0 keV)
        fast     4.6718E+10  4.6718E+10  ±  65.27     (110.0 keV –  20.0 MeV)
        fast     3.8062E+10  3.8062E+10  ±  74.44     (  1.0 MeV –  20.0 MeV)
        high     0.0000E+00  0.0000E+00  ±   0.00     ( 20.0 MeV –  60.0 MeV)

    MINI-SPECTRUM

       ENERGY       FLUX       FLUENCE      STDEV %
     1.0000E-10  0.0000E+00  0.0000E+00  ±   0.00
     5.5000E-07  1.6490E+09  1.6490E+09  ±  53.33
     1.0000E-04  1.7476E+10  1.7476E+10  ±  48.13
     1.1000E-01  3.3234E+09  3.3234E+09  ±  88.79
     5.0000E-01  5.3329E+09  5.3329E+09  ±  94.20
     1.0000E+00  6.7060E+09  6.7060E+09  ±  97.09
     2.0000E+00  1.5194E+10  1.5194E+10  ±  93.24
     5.0000E+00  1.2264E+10  1.2264E+10  ±  94.64
     1.0000E+01  3.8979E+09  3.8979E+09  ±  91.48
     2.0000E+01  0.0000E+00  0.0000E+00  ±   0.00
     6.0000E+01

       TOTAL     6.5843E+10  6.5843E+10  ±  47.75

    RELATIVE COVARIANCES (10×10)
        0     0     0     0     0     0     0     0     0     0
     1000  -119   -76   -40   -26    -9     2     3     0
     1000    69   -60   -46   -17     4     7     0
     1000   413    85     8     1     1     0
     1000   685   212    14    -1     0
     1000   642   124     9     0
     1000   591   186     0
     1000   744     0
     1000     0
        0

  SPECTRAL-AVERAGED REACTION RATES (for all cross section library reactions)

        REACTIONS        SIG-PHI      <SIG>          REACTIONS        SIG-PHI      <SIG>          REACTIONS        SIG-PHI      <SIG>  
   ------------------  ----------  ----------   ------------------  ----------  ----------   ------------------  ----------  ----------
   LI6(N,A)T           1.3065E-13  1.9843E-24   FE58(N,G)FE59       2.3956E-15  3.6384E-26   IN115(N,N')IN115M   1.0950E-14  1.6630E-25
   B10(N,A)LI7         4.9603E-13  7.5335E-24   CO59(N,2N)CO58      7.9310E-16  1.2045E-26   IN115(N,2N)IN114M   2.9923E-15  4.5446E-26
   F19(N,2N)F18        2.4354E-17  3.6988E-28   CO59(N,3N)CO57      0.0000E+00  0.0000E+00   IN115(N,G)IN116M    5.6203E-14  8.5359E-25
   NA23(N,2N)NA22      5.8784E-18  8.9279E-29   CO59(N,G)CO60       1.3918E-13  2.1138E-24   I127(N,2N)I126      3.7375E-15  5.6764E-26
   NA23(N,G)NA24       2.8920E-16  4.3923E-27   CO59(N,P)FE59       4.9549E-16  7.5253E-27   LA139(N,G)LA140     1.1969E-14  1.8178E-25
   MG24(N,P)NA24       1.2999E-15  1.9743E-26   CO59(N,A)MN56       1.4909E-16  2.2643E-27   PR141(N,2N)PR140    3.7025E-15  5.6232E-26
   AL27(N,P)MG27       1.2048E-15  1.8298E-26   NI58(N,2N)NI57      7.6699E-18  1.1649E-28   TM169(N,2N)TM168    8.1183E-15  1.2330E-25
   AL27(N,A)NA24       7.3618E-16  1.1181E-26   NI58(N,P)CO58       1.3649E-14  2.0730E-25   TM169(N,3N)TM167    3.0565E-21  4.6421E-32
   SI28(N,P)AL28       2.7734E-15  4.2122E-26   NI60(N,P)CO60       1.1820E-15  1.7952E-26   TA181(N,G)TA182     3.0324E-13  4.6056E-24
   P31(N,P)SI31        3.5803E-15  5.4377E-26   CU63(N,2N)CU62      3.2104E-16  4.8759E-27   W186(N,G)W187       1.7474E-13  2.6539E-24
   S32(N,P)P32         8.1254E-15  1.2341E-25   CU63(N,G)CU64       8.4215E-15  1.2790E-25   AU197(N,2N)AU196    7.4406E-15  1.1301E-25
   TI46(N,2N)TI45      5.1955E-18  7.8907E-29   CU63(N,A)CO60       3.2108E-16  4.8764E-27   AU197(N,G)AU198     1.6842E-13  2.5579E-24
   TI46(N,P)SC46       3.6316E-15  5.5156E-26   CU65(N,2N)CU64      1.2834E-15  1.9492E-26   HG199(N,N')HG199M   2.0684E-14  3.1414E-25
   TI47(N,P)SC47       2.2926E-15  3.4819E-26   ZN64(N,P)CU64       5.1267E-15  7.7862E-26   PB204(N,N')PB204M   3.5170E-15  5.3415E-26
   TI47(N,X)SC46       1.9664E-17  2.9865E-28   ZN67(N,P)CU67       2.4122E-16  3.6636E-27   BI209(N,3N)BI207    8.8108E-20  1.3382E-30
   TI48(N,P)SC48       2.9500E-16  4.4803E-27   AS75(N,2N)AS74      1.2258E-15  1.8617E-26   TH232(N,FISSION)    7.0777E-15  1.0749E-25
   TI48(N,X)SC47       2.7914E-18  4.2395E-29   Y89(N,2N)Y88        5.4686E-16  8.3056E-27   TH232(N,G)TH233     1.0928E-13  1.6597E-24
   TI49(N,X)SC48       1.6488E-18  2.5041E-29   ZR90(N,2N)ZR89      2.6123E-16  3.9674E-27   U235(N,FISSION)     2.7310E-13  4.1478E-24
   V51(N,A)SC48        4.2600E-17  6.4699E-28   NB93(N,G)NB94       2.2534E-14  3.4224E-25   U235(N,G)U236       1.0782E-13  1.6375E-24
   CR52(N,2N)CR51      1.0094E-16  1.5331E-27   NB93(N,N')NB93M     8.2417E-15  1.2517E-25   U238(N,2N)U237      1.2308E-14  1.8693E-25
   MN55(N,2N)MN54      8.1199E-16  1.2332E-26   NB93(N,2N)NB92M     1.3398E-15  2.0349E-26   U238(N,FISSION)     2.4257E-14  3.6840E-25
   MN55(N,G)MN56       2.5215E-14  3.8296E-25   MO92(N,P)NB92M      1.5769E-15  2.3950E-26   U238(N,G)U239       1.3714E-13  2.0829E-24
   FE54(N,2N)FE53      8.6494E-19  1.3136E-29   RH103(N,N')RH103M   4.0954E-14  6.2200E-25   NP237(N,FISSION)    7.4283E-14  1.1282E-24
   FE54(N,P)MN54       1.0846E-14  1.6472E-25   AG109(N,G)AG110M    7.5210E-15  1.1423E-25   PU239(N,FISSION)    2.8011E-13  4.2543E-24
   FE54(N,A)CR51       5.2891E-16  8.0329E-27   IN113(N,N')IN113M   9.1714E-15  1.3929E-25   AM241(N,FISSION)    8.0259E-14  1.2189E-24
   FE56(N,P)MN56       7.4489E-16  1.1313E-26   IN113(N,G)IN114M    9.9164E-14  1.5061E-24   SC45(N,G)SC46       3.2205E-15  4.8912E-26

  INPUT FLUX REL. CORRELATION MATRIX (by row from diagonal)
   1   1000  1000  1000  1000  1000  1000  1000  1000  1000  1000  1000  1000  1000  1000    30    30    30    30    30    30
         30    30    30    30    30    30    30    30    30    30    30    30    30    30    30    30    30    30    30    30
         30    30    30    30    30    30    30    30    30    30    30    30    30    30    30    30    30    30    30    30
         30    30    30    30    30    30    30    30    30    30    30    30    30    30    30    30    30    30    30    30
         30    30    30    30    30    30    30    30    30    30    30    30    30   515   515  1000  1000  1000  1000  1000
       1000  1000  1000  1000  1000  1000  1000  1000  1000  1000  1000  1000  1000  1000  1000  1000  1000  1000  1000  1000
       1000  1000  1000  1000  1000  1000  1000  1000  1000  1000  1000  1000  1000  1000  1000  1000  1000  1000  1000  1000

  OUTPUT FLUX REL. CORRELATION MATRIX (by row from diagonal)
   1   1000  1000  1000  1000  1000  1000  1000  1000  1000  1000  1000  1000  1000  1000     4    -8   -15   -14   -12   -10
         -8    -7    -5    -3    -2     0     1     3     5     7     8    10    11    12    14    15    16    17    18    18
         19    20    21    21    22    23    23    24    24    25    25    26    26    27    27    27    27    27    28    28
         28    28    28    28    28    28    28    28    28    28    28    28    28    28    28    29    29    29    29    29
         29    29    29    29    29    29    29    30    30    30    30    30    30   515   515  1000  1000  1000  1000  1000
       1000  1000  1000  1000  1000  1000  1000  1000  1000  1000  1000  1000  1000  1000  1000  1000  1000  1000  1000  1000
       1000  1000  1000  1000  1000  1000  1000  1000  1000  1000  1000  1000  1000  1000  1000  1000  1000  1000  1000  1000
   2   1000  1000  1000  1000  1000  1000  1000  1000  1000  1000  1000  1000  1000     4    -8   -15   -14   -12   -10    -8
         -7    -5    -3    -2     0     1     3     5     7     8    10    11    12    14    15    16    17    18    18    19
         20    21    21    22    23    23    24    24    25    25    26    26    27    27    27    27    27    28    28    28
         28    28    28    28    28    28    28    28    28    28    28    28    28    28    29    29    29    29    29    29
         29    29    29    29    29    29    30    30    30    30    30    30   515   515  1000  1000  1000  1000  1000  1000
       1000  1000  1000  1000  1000  1000  1000  1000  1000  1000  1000  1000  1000  1000  1000  1000  1000  1000  1000  1000
       1000  1000  1000  1000  1000  1000  1000  1000  1000  1000  1000  1000  1000  1000  1000  1000  1000  1000  1000
   3   1000  1000  1000  1000  1000  1000  1000  1000  1000  1000  1000  1000     4    -8   -15   -14   -12   -10    -8    -7
         -5    -3    -2     0     1     3     5     7     8    10    11    12    14    15    16    17    18    18    19    20
         21    21    22    23    23    24    24    25    25    26    26    27    27    27    27    27    28    28    28    28
         28    28    28    28    28    28    28    28    28    28    28    28    28    29    29    29    29    29    29    29
         29    29    29    29    29    30    30    30    30    30    30   515   515  1000  1000  1000  1000  1000  1000  1000
       1000  1000  1000  1000  1000  1000  1000  1000  1000  1000  1000  1000  1000  1000  1000  1000  1000  1000  1000  1000
       1000  1000  1000  1000  1000  1000  1000  1000  1000  1000  1000  1000  1000  1000  1000  1000  1000  1000
   4   1000  1000  1000  1000  1000  1000  1000  1000  1000  1000  1000     4    -8   -15   -14   -12   -10    -8    -7    -5
         -3    -2     0     1     3     5     7     8    10    11    12    14    15    16    17    18    18    19    20    21
         21    22    23    23    24    24    25    25    26    26    27    27    27    27    27    28    28    28    28    28
         28    28    28    28    28    28    28    28    28    28    28    28    29    29    29    29    29    29    29    29
         29    29    29    29    30    30    30    30    30    30   515   515  1000  1000  1000  1000  1000  1000  1000  1000
       1000  1000  1000  1000  1000  1000  1000  1000  1000  1000  1000  1000  1000  1000  1000  1000  1000  1000  1000  1000
       1000  1000  1000  1000  1000  1000  1000  1000  1000  1000  1000  1000  1000  1000  1000  1000  1000
   5   1000  1000  1000  1000  1000  1000  1000  1000  1000  1000     4    -8   -15   -14   -12   -10    -8    -7    -5    -3
         -2     0     1     3     5     7     8    10    11    12    14    15    16    17    18    18    19    20    21    21
         22    23    23    24    24    25    25    26    26    27    27    27    27    27    28    28    28    28    28    28
         28    28    28    28    28    28    28    28    28    28    28    29    29    29    29    29    29    29    29    29
         29    29    29    30    30    30    30    30    30   515   515  1000  1000  1000  1000  1000  1000  1000  1000  1000
       1000  1000  1000  1000  1000  1000  1000  1000  1000  1000  1000  1000  1000  1000  1000  1000  1000  1000  1000  1000
       1000  1000  1000  1000  1000  1000  1000  1000  1000  1000  1000  1000  1000  1000  1000  1000
   6   1000  1000  1000  1000  1000  1000  1000  1000  1000     4    -8   -15   -14   -12   -10    -8    -7    -5    -3    -2
          0     1     3     5     7     8    10    11    12    14    15    16    17    18    18    19    20    21    21    22
         23    23    24    24    25    25    26    26    27    27    27    27    27    28    28    28    28    28    28    28
         28    28    28    28    28    28    28    28    28    28    29    29    29    29    29    29    29    29    29    29
         29    29    30    30    30    30    30    30   515   515  1000  1000  1000  1000  1000  1000  1000  1000  1000  1000
       1000  1000  1000  1000  1000  1000  1000  1000  1000  1000  1000  1000  1000  1000  1000  1000  1000  1000  1000  1000
       1000  1000  1000  1000  1000  1000  1000  1000  1000  1000  1000  1000  1000  1000  1000
   7   1000  1000  1000  1000  1000  1000  1000  1000     4    -8   -15   -14   -12   -10    -8    -7    -5    -3    -2     0
          1     3     5     7     8    10    11    12    14    15    16    17    18    18    19    20    21    21    22    23
         23    24    24    25    25    26    26    27    27    27    27    27    28    28    28    28    28    28    28    28
         28    28    28    28    28    28    28    28    28    29    29    29    29    29    29    29    29    29    29    29
         29    30    30    30    30    30    30   515   515  1000  1000  1000  1000  1000  1000  1000  1000  1000  1000  1000
       1000  1000  1000  1000  1000  1000  1000  1000  1000  1000  1000  1000  1000  1000  1000  1000  1000  1000  1000  1000
       1000  1000  1000  1000  1000  1000  1000  1000  1000  1000  1000  1000  1000  1000
   8   1000  1000  1000  1000  1000  1000  1000     4    -8   -15   -14   -12   -10    -8    -7    -5    -3    -2     0     1
          3     5     7     8    10    11    12    14    15    16    17    18    18    19    20    21    21    22    23    23
         24    24    25    25    26    26    27    27    27    27    27    28    28    28    28    28    28    28    28    28
         28    28    28    28    28    28    28    28    29    29    29    29    29    29    29    29    29    29    29    29
         30    30    30    30    30    30   515   515  1000  1000  1000  1000  1000  1000  1000  1000  1000  1000  1000  1000
       1000  1000  1000  1000  1000  1000  1000  1000  1000  1000  1000  1000  1000  1000  1000  1000  1000  1000  1000  1000
       1000  1000  1000  1000  1000  1000  1000  1000  1000  1000  1000  1000  1000
   9   1000  1000  1000  1000  1000  1000     4    -8   -15   -14   -12   -10    -8    -7    -5    -3    -2     0     1     3
          5     7     8    10    11    12    14    15    16    17    18    18    19    20    21    21    22    23    23    24
         24    25    25    26    26    27    27    27    27    27    28    28    28    28    28    28    28    28    28    28
         28    28    28    28    28    28    28    29    29    29    29    29    29    29    29    29    29    29    29    30
         30    30    30    30    30   515   515  1000  1000  1000  1000  1000  1000  1000  1000  1000  1000  1000  1000  1000
       1000  1000  1000  1000  1000  1000  1000  1000  1000  1000  1000  1000  1000  1000  1000  1000  1000  1000  1000  1000
       1000  1000  1000  1000  1000  1000  1000  1000  1000  1000  1000  1000
  10   1000  1000  1000  1000  1000     4    -8   -15   -14   -12   -10    -8    -7    -5    -3    -2     0     1     3     5
          7     8    10    11    12    14    15    16    17    18    18    19    20    21    21    22    23    23    24    24
         25    25    26    26    27    27    27    27    27    28    28    28    28    28    28    28    28    28    28    28
         28    28    28    28    28    28    29    29    29    29    29    29    29    29    29    29    29    29    30    30
         30    30    30    30   515   515  1000  1000  1000  1000  1000  1000  1000  1000  1000  1000  1000  1000  1000  1000
       1000  1000  1000  1000  1000  1000  1000  1000  1000  1000  1000  1000  1000  1000  1000  1000  1000  1000  1000  1000
       1000  1000  1000  1000  1000  1000  1000  1000  1000  1000  1000
  11   1000  1000  1000  1000     4    -8   -15   -14   -12   -10    -8    -7    -5    -3    -2     0     1     3     5     7
          8    10    11    12    14    15    16    17    18    18    19    20    21    21    22    23    23    24    24    25
         25    26    26    27    27    27    27    27    28    28    28    28    28    28    28    28    28    28    28    28
         28    28    28    28    28    29    29    29    29    29    29    29    29    29    29    29    29    30    30    30
         30    30    30   515   515  1000  1000  1000  1000  1000  1000  1000  1000  1000  1000  1000  1000  1000  1000  1000
       1000  1000  1000  1000  1000  1000  1000  1000  1000  1000  1000  1000  1000  1000  1000  1000  1000  1000  1000  1000
       1000  1000  1000  1000  1000  1000  1000  1000  1000  1000
  12   1000  1000  1000     4    -8   -15   -14   -12   -10    -8    -7    -5    -3    -2     0     1     3     5     7     8
         10    11    12    14    15    16    17    18    18    19    20    21    21    22    23    23    24    24    25    25
         26    26    27    27    27    27    27    28    28    28    28    28    28    28    28    28    28    28    28    28
         28    28    28    28    29    29    29    29    29    29    29    29    29    29    29    29    30    30    30    30
         30    30   515   515  1000  1000  1000  1000  1000  1000  1000  1000  1000  1000  1000  1000  1000  1000  1000  1000
       1000  1000  1000  1000  1000  1000  1000  1000  1000  1000  1000  1000  1000  1000  1000  1000  1000  1000  1000  1000
       1000  1000  1000  1000  1000  1000  1000  1000  1000
  13   1000  1000     4    -8   -15   -14   -12   -10    -8    -7    -5    -3    -2     0     1     3     5     7     8    10
         11    12    14    15    16    17    18    18    19    20    21    21    22    23    23    24    24    25    25    26
         26    27    27    27    27    27    28    28    28    28    28    28    28    28    28    28    28    28    28    28
         28    28    28    29    29    29    29    29    29    29    29    29    29    29    29    30    30    30    30    30
         30   515   515  1000  1000  1000  1000  1000  1000  1000  1000  1000  1000  1000  1000  1000  1000  1000  1000  1000
       1000  1000  1000  1000  1000  1000  1000  1000  1000  1000  1000  1000  1000  1000  1000  1000  1000  1000  1000  1000
       1000  1000  1000  1000  1000  1000  1000  1000
  14   1000     4    -8   -15   -14   -12   -10    -8    -7    -5    -3    -2     0     1     3     5     7     8    10    11
         12    14    15    16    17    18    18    19    20    21    21    22    23    23    24    24    25    25    26    26
         27    27    27    27    27    28    28    28    28    28    28    28    28    28    28    28    28    28    28    28
         28    28    29    29    29    29    29    29    29    29    29    29    29    29    30    30    30    30    30    30
        515   515  1000  1000  1000  1000  1000  1000  1000  1000  1000  1000  1000  1000  1000  1000  1000  1000  1000  1000
       1000  1000  1000  1000  1000  1000  1000  1000  1000  1000  1000  1000  1000  1000  1000  1000  1000  1000  1000  1000
       1000  1000  1000  1000  1000  1000  1000
  15   1000   723   -90  -477  -636  -719  -769  -798  -811  -811  -796  -766  -723  -667  -602  -530  -455  -379  -303  -231
       -161   -97   -39    12    56    91   119   140   153   160   162   160   154   147   137   128   117   108    98    90
         83    76    71    66    62    60    57    56    55    54    53    52    51    50    49    47    45    42    40    36
         33    29    25    21    17    13    10     7     4     2     0    -1    -2    -3    -3    -3    -3    -3    -3     0
          0     4     4     4     4     4     4     4     4     4     4     4     4     4     4     4     4     4     4     4
          4     4     4     4     4     4     4     4     4     4     4     4     4     4     4     4     4     4     4     4
          4     4     4     4     4     4
  16   1000   613   226    -2  -169  -312  -444  -568  -683  -783  -863  -916  -939  -930  -894  -833  -754  -662  -564  -463
       -364  -270  -183  -107   -41    12    55    87   110   124   131   133   131   127   120   112   104    96    88    81
         75    70    66    63    60    58    57    56    56    55    55    54    54    52    51    49    46    43    40    36
         32    28    23    19    15    11     8     4     2     0    -1    -2    -3    -4    -4    -4    -4    -4    -7    -6
         -8    -8    -8    -8    -8    -8    -8    -8    -8    -8    -8    -8    -8    -8    -8    -8    -8    -8    -8    -8
         -8    -8    -8    -8    -8    -8    -8    -8    -8    -8    -8    -8    -8    -8    -8    -8    -8    -8    -8    -8
         -8    -8    -8    -8    -8
  17   1000   904   772   638   496   342   177     3  -170  -336  -481  -598  -679  -723  -734  -715  -673  -615  -547  -474
       -400  -328  -262  -202  -151  -107   -71   -43   -22    -6     5    13    18    20    22    22    21    20    19    18
         18    17    17    17    17    17    17    18    18    19    19    19    19    19    18    18    17    16    14    13
         11     9     8     6     5     3     2     1     0     0     0    -1    -1    -1    -1    -1    -1    -8    -8   -15
        -15   -15   -15   -15   -15   -15   -15   -15   -15   -15   -15   -15   -15   -15   -15   -15   -15   -15   -15   -15
        -15   -15   -15   -15   -15   -15   -15   -15   -15   -15   -15   -15   -15   -15   -15   -15   -15   -15   -15   -15
        -15   -15   -15   -15
  18   1000   968   901   809   694   558   402   235    64   -98  -242  -359  -444  -498  -523  -524  -507  -475  -435  -390
       -343  -297  -255  -215  -181  -150  -124  -103   -85   -71   -59   -49   -41   -35   -30   -26   -23   -20   -18   -16
        -14   -12   -11   -10    -9    -8    -7    -6    -5    -4    -4    -3    -3    -2    -2    -1    -1     0     0     0
          0     0     0     0     0     0     0     0     0     0     0     0     0     0     0     0    -6    -6   -14   -14
        -14   -14   -14   -14   -14   -14   -14   -14   -14   -14   -14   -14   -14   -14   -14   -14   -14   -14   -14   -14
        -14   -14   -14   -14   -14   -14   -14   -14   -14   -14   -14   -14   -14   -14   -14   -14   -14   -14   -14   -14
        -14   -14   -14
  19   1000   980   929   849   742   610   458   294   128   -26  -161  -270  -351  -403  -431  -438  -429  -409  -382  -350
       -316  -283  -250  -220  -193  -168  -147  -128  -112   -97   -85   -75   -66   -58   -51   -46   -41   -37   -34   -31
        -29   -26   -25   -23   -22   -21   -19   -18   -17   -16   -15   -14   -13   -12   -11   -10    -9    -7    -6    -5
         -4    -2    -1    -1     0     0     0     1     1     1     1     1     1     1     1    -4    -5   -12   -12   -12
        -12   -12   -12   -12   -12   -12   -12   -12   -12   -12   -12   -12   -12   -12   -12   -12   -12   -12   -12   -12
        -12   -12   -12   -12   -12   -12   -12   -12   -12   -12   -12   -12   -12   -12   -12   -12   -12   -12   -12   -12
        -12   -12
  20   1000   984   936   857   749   615   461   298   137   -11  -138  -239  -313  -362  -390  -399  -395  -380  -359  -333
       -306  -278  -251  -225  -201  -178  -158  -140  -125  -110   -98   -87   -77   -69   -62   -56   -51   -46   -43   -40
        -37   -35   -33   -31   -30   -29   -27   -26   -25   -24   -22   -21   -19   -18   -16   -14   -12   -10    -8    -6
         -5    -3    -2     0     0     1     1     2     2     2     2     2     2     2    -3    -3   -10   -10   -10   -10
        -10   -10   -10   -10   -10   -10   -10   -10   -10   -10   -10   -10   -10   -10   -10   -10   -10   -10   -10   -10
        -10   -10   -10   -10   -10   -10   -10   -10   -10   -10   -10   -10   -10   -10   -10   -10   -10   -10   -10   -10
        -10
  21   1000   984   936   854   742   602   446   283   126   -14  -134  -228  -298  -344  -371  -381  -379  -367  -349  -327
       -302  -277  -252  -228  -205  -184  -165  -147  -131  -117  -104   -93   -83   -75   -68   -62   -56   -52   -48   -45
        -43   -41   -39   -37   -36   -34   -33   -32   -30   -29   -27   -25   -23   -21   -18   -16   -13   -11    -9    -6
         -4    -2    -1     0     1     2     2     3     3     3     3     3     2    -2    -2    -8    -8    -8    -8    -8
         -8    -8    -8    -8    -8    -8    -8    -8    -8    -8    -8    -8    -8    -8    -8    -8    -8    -8    -8    -8
         -8    -8    -8    -8    -8    -8    -8    -8    -8    -8    -8    -8    -8    -8    -8    -8    -8    -8    -8    -8
  22   1000   983   932   846   727   583   425   264   112   -22  -135  -224  -290  -335  -361  -371  -370  -360  -344  -323
       -300  -276  -252  -229  -207  -186  -167  -149  -134  -119  -107   -96   -86   -78   -71   -65   -60   -56   -53   -50
        -47   -45   -44   -42   -40   -39   -37   -36   -34   -32   -30   -27   -25   -22   -19   -16   -13   -10    -8    -5
         -3    -1     0     1     2     3     3     3     4     3     3     3    -1    -1    -7    -7    -7    -7    -7    -7
         -7    -7    -7    -7    -7    -7    -7    -7    -7    -7    -7    -7    -7    -7    -7    -7    -7    -7    -7    -7
         -7    -7    -7    -7    -7    -7    -7    -7    -7    -7    -7    -7    -7    -7    -7    -7    -7    -7    -7
  23   1000   982   927   836   712   565   407   249   101   -27  -136  -221  -284  -328  -353  -364  -364  -354  -339  -319
       -296  -273  -250  -227  -205  -184  -165  -148  -133  -119  -107   -96   -87   -80   -73   -67   -63   -59   -56   -53
        -51   -49   -47   -46   -44   -42   -41   -39   -36   -34   -31   -28   -25   -22   -18   -15   -12    -9    -6    -4
         -1     0     1     2     3     4     4     4     4     4     3     0     0    -5    -5    -5    -5    -5    -5    -5
         -5    -5    -5    -5    -5    -5    -5    -5    -5    -5    -5    -5    -5    -5    -5    -5    -5    -5    -5    -5
         -5    -5    -5    -5    -5    -5    -5    -5    -5    -5    -5    -5    -5    -5    -5    -5    -5    -5
  24   1000   981   922   826   699   551   395   241    98   -27  -132  -215  -277  -319  -344  -355  -355  -346  -331  -311
       -289  -266  -243  -220  -199  -179  -161  -144  -130  -117  -105   -95   -87   -80   -74   -69   -64   -61   -58   -56
        -54   -52   -50   -49   -47   -45   -42   -40   -37   -34   -31   -28   -24   -20   -17   -13   -10    -7    -4    -2
          0     1     2     3     4     4     5     4     4     4     1     0    -3    -3    -3    -3    -3    -3    -3    -3
         -3    -3    -3    -3    -3    -3    -3    -3    -3    -3    -3    -3    -3    -3    -3    -3    -3    -3    -3    -3
         -3    -3    -3    -3    -3    -3    -3    -3    -3    -3    -3    -3    -3    -3    -3    -3    -3
  25   1000   980   918   819   691   544   391   241   102   -19  -122  -203  -264  -306  -331  -342  -342  -333  -318  -299
       -277  -255  -232  -210  -190  -171  -153  -138  -124  -112  -101   -92   -85   -78   -73   -69   -65   -62   -60   -58
        -56   -54   -52   -50   -48   -46   -43   -40   -37   -33   -30   -26   -22   -18   -14   -11    -7    -4    -2     0
          1     3     4     4     5     5     5     5     4     2     2    -2    -2    -2    -2    -2    -2    -2    -2    -2
         -2    -2    -2    -2    -2    -2    -2    -2    -2    -2    -2    -2    -2    -2    -2    -2    -2    -2    -2    -2
         -2    -2    -2    -2    -2    -2    -2    -2    -2    -2    -2    -2    -2    -2    -2    -2
  26   1000   979   916   816   689   545   395   249   114    -5  -106  -186  -246  -288  -312  -323  -323  -314  -300  -281
       -260  -239  -217  -196  -177  -159  -143  -129  -117  -106   -96   -89   -82   -76   -72   -68   -65   -62   -60   -58
        -56   -54   -52   -50   -48   -45   -42   -39   -35   -31   -27   -23   -19   -15   -11    -8    -5    -2     0     1
          3     4     5     5     5     5     5     4     3     3     0     0     0     0     0     0     0     0     0     0
          0     0     0     0     0     0     0     0     0     0     0     0     0     0     0     0     0     0     0     0
          0     0     0     0     0     0     0     0     0     0     0     0     0     0     0
  27   1000   978   915   817   692   552   406   264   131    14   -84  -163  -222  -263  -287  -298  -298  -290  -276  -258
       -239  -219  -199  -180  -162  -146  -132  -119  -108   -98   -90   -84   -78   -73   -70   -67   -64   -62   -60   -58
        -56   -54   -51   -49   -46   -43   -40   -36   -32   -28   -24   -19   -15   -12    -8    -5    -2     0     1     3
          4     5     5     5     5     5     5     4     4     1     1     1     1     1     1     1     1     1     1     1
          1     1     1     1     1     1     1     1     1     1     1     1     1     1     1     1     1     1     1     1
          1     1     1     1     1     1     1     1     1     1     1     1     1     1
  28   1000   978   916   820   700   564   422   283   154    39   -57  -135  -193  -233  -257  -268  -269  -261  -249  -232
       -215  -196  -178  -161  -146  -132  -119  -108   -99   -91   -84   -78   -74   -70   -67   -64   -62   -60   -58   -56
        -54   -52   -49   -46   -43   -40   -36   -32   -28   -24   -20   -15   -12    -8    -5    -2     0     1     3     4
          5     5     5     5     5     5     5     5     3     3     3     3     3     3     3     3     3     3     3     3
          3     3     3     3     3     3     3     3     3     3     3     3     3     3     3     3     3     3     3     3
          3     3     3     3     3     3     3     3     3     3     3     3     3
  29   1000   979   919   826   709   578   440   305   179    67   -27  -103  -160  -199  -223  -235  -236  -230  -219  -205
       -189  -173  -157  -143  -129  -117  -106   -97   -89   -83   -77   -72   -69   -66   -63   -61   -59   -57   -55   -53
        -51   -48   -46   -43   -39   -36   -32   -28   -23   -19   -15   -11    -8    -5    -2     0     1     3     4     5
          5     5     5     5     5     6     6     5     5     5     5     5     5     5     5     5     5     5     5     5
          5     5     5     5     5     5     5     5     5     5     5     5     5     5     5     5     5     5     5     5
          5     5     5     5     5     5     5     5     5     5     5     5
  30   1000   980   921   832   719   592   459   328   205    96     3   -69  -125  -164  -188  -200  -203  -198  -189  -178
       -164  -150  -137  -124  -113  -103   -94   -86   -80   -75   -70   -67   -64   -61   -59   -57   -55   -54   -52   -50
        -47   -44   -41   -38   -35   -31   -27   -23   -19   -15   -11    -8    -4    -2     0     1     3     4     5     5
          5     5     5     5     7     6     7     7     7     7     7     7     7     7     7     7     7     7     7     7
          7     7     7     7     7     7     7     7     7     7     7     7     7     7     7     7     7     7     7     7
          7     7     7     7     7     7     7     7     7     7     7
  31   1000   980   924   838   730   607   477   350   231   125    35   -36   -91  -129  -154  -167  -171  -168  -161  -152
       -141  -129  -118  -108   -98   -90   -83   -77   -72   -68   -64   -61   -59   -57   -55   -53   -52   -50   -48   -45
        -43   -40   -37   -33   -30   -26   -22   -18   -14   -11    -7    -4    -2     0     1     3     4     5     5     5
          5     5     5     8     7     8     8     8     8     8     8     8     8     8     8     8     8     8     8     8
          8     8     8     8     8     8     8     8     8     8     8     8     8     8     8     8     8     8     8     8
          8     8     8     8     8     8     8     8     8     8
  32   1000   981   927   844   739   620   495   371   256   153    65    -4   -58   -96  -121  -135  -141  -140  -136  -128
       -120  -110  -101   -93   -86   -79   -73   -68   -65   -61   -59   -56   -54   -53   -51   -49   -47   -46   -43   -41
        -38   -35   -32   -28   -24   -21   -17   -13   -10    -7    -4    -1     0     1     3     4     4     5     5     5
          5     4     8     8    10    10    10    10    10    10    10    10    10    10    10    10    10    10    10    10
         10    10    10    10    10    10    10    10    10    10    10    10    10    10    10    10    10    10    10    10
         10    10    10    10    10    10    10    10    10
  33   1000   982   930   850   748   633   511   392   279   179    94    25   -27   -66   -91  -107  -114  -116  -113  -108
       -101   -94   -87   -81   -75   -69   -65   -61   -58   -56   -54   -52   -50   -48   -47   -45   -43   -41   -39   -36
        -33   -30   -27   -23   -20   -16   -13    -9    -6    -4    -1     0     1     3     4     4     5     5     5     5
          4     9     8    11    11    11    11    11    11    11    11    11    11    11    11    11    11    11    11    11
         11    11    11    11    11    11    11    11    11    11    11    11    11    11    11    11    11    11    11    11
         11    11    11    11    11    11    11    11
  34   1000   982   932   855   756   644   527   410   301   204   120    52     0   -38   -65   -82   -91   -94   -94   -90
        -86   -80   -75   -70   -65   -61   -58   -55   -53   -51   -49   -47   -46   -44   -43   -41   -39   -37   -34   -32
        -29   -25   -22   -19   -15   -12    -9    -6    -3    -1     0     1     3     4     4     5     5     5     4     4
          9     9    12    12    12    12    12    12    12    12    12    12    12    12    12    12    12    12    12    12
         12    12    12    12    12    12    12    12    12    12    12    12    12    12    12    12    12    12    12    12
         12    12    12    12    12    12    12
  35   1000   983   935   859   764   655   541   427   321   226   144    77    24   -14   -42   -60   -71   -76   -77   -75
        -72   -69   -65   -61   -58   -55   -52   -50   -48   -46   -45   -44   -42   -41   -39   -37   -35   -32   -30   -27
        -24   -21   -18   -14   -11    -8    -6    -3    -1     0     1     3     3     4     4     4     4     4     4    10
          9    14    14    14    14    14    14    14    14    14    14    14    14    14    14    14    14    14    14    14
         14    14    14    14    14    14    14    14    14    14    14    14    14    14    14    14    14    14    14    14
         14    14    14    14    14    14
  36   1000   984   936   863   770   665   554   443   340   246   166    99    46     6   -22   -41   -53   -60   -63   -63
        -62   -59   -56   -54   -51   -49   -47   -45   -44   -43   -41   -40   -38   -37   -35   -33   -31   -28   -26   -23
        -20   -17   -14   -11    -8    -5    -3    -1     0     1     2     3     4     4     4     4     4     4    10    10
         15    15    15    15    15    15    15    15    15    15    15    15    15    15    15    15    15    15    15    15
         15    15    15    15    15    15    15    15    15    15    15    15    15    15    15    15    15    15    15    15
         15    15    15    15    15
  37   1000   984   938   867   777   674   566   458   356   264   185   118    65    25    -4   -25   -39   -47   -51   -53
        -52   -51   -49   -48   -46   -44   -43   -41   -40   -39   -38   -36   -35   -33   -31   -29   -27   -24   -21   -19
        -16   -13   -10    -7    -5    -3    -1     0     1     2     3     4     4     4     4     4     4    11    10    16
         16    16    16    16    16    16    16    16    16    16    16    16    16    16    16    16    16    16    16    16
         16    16    16    16    16    16    16    16    16    16    16    16    16    16    16    16    16    16    16    16
         16    16    16    16
  38   1000   985   940   871   783   683   577   471   371   281   202   135    82    40     9   -12   -27   -36   -41   -44
        -45   -45   -44   -42   -41   -40   -39   -38   -37   -35   -34   -33   -31   -29   -27   -25   -23   -20   -17   -15
        -12    -9    -7    -4    -2    -1     0     1     2     3     4     4     4     4     4     3    11    11    17    17
         17    17    17    17    17    17    17    17    17    17    17    17    17    17    17    17    17    17    17    17
         17    17    17    17    17    17    17    17    17    17    17    17    17    17    17    17    17    17    17    17
         17    17    17
  39   1000   985   942   874   788   690   587   483   385   295   216   150    96    54    22     0   -16   -27   -33   -37
        -38   -39   -39   -38   -37   -36   -35   -34   -33   -32   -31   -29   -28   -26   -24   -21   -19   -16   -14   -11
         -9    -6    -4    -2     0     0     1     2     3     3     4     4     4     4     3    11    11    18    18    18
         18    18    18    18    18    18    18    18    18    18    18    18    18    18    18    18    18    18    18    18
         18    18    18    18    18    18    18    18    18    18    18    18    18    18    18    18    18    18    18    18
         18    18
  40   1000   985   943   877   793   698   596   494   396   307   229   162   108    65    32     8    -8   -19   -26   -31
        -33   -34   -34   -34   -34   -33   -32   -31   -30   -29   -27   -26   -24   -22   -20   -18   -15   -13   -10    -8
         -6    -4    -2     0     0     1     2     3     3     4     4     4     3     3    11    11    18    18    18    18
         18    18    18    18    18    18    18    18    18    18    18    18    18    18    18    18    18    18    18    18
         18    18    18    18    18    18    18    18    18    18    18    18    18    18    18    18    18    18    18    18
         18
  41   1000   986   944   880   798   704   604   503   407   318   240   173   118    75    41    16     0   -12   -20   -25
        -28   -30   -31   -31   -30   -30   -29   -28   -27   -26   -24   -22   -21   -19   -16   -14   -12   -10    -7    -5
         -3    -2     0     0     1     2     3     3     3     3     3     3     3    12    12    19    19    19    19    19
         19    19    19    19    19    19    19    19    19    19    19    19    19    19    19    19    19    19    19    19
         19    19    19    19    19    19    19    19    19    19    19    19    19    19    19    19    19    19    19    19
  42   1000   986   946   883   802   710   611   511   415   327   249   182   127    83    49    23     5    -7   -16   -21
        -24   -26   -27   -27   -27   -27   -26   -25   -24   -22   -21   -19   -17   -15   -13   -11    -9    -7    -5    -3
         -1     0     0     1     2     3     3     3     3     3     3     3    12    12    20    20    20    20    20    20
         20    20    20    20    20    20    20    20    20    20    20    20    20    20    20    20    20    20    20    20
         20    20    20    20    20    20    20    20    20    20    20    20    20    20    20    20    20    20    20
  43   1000   986   947   885   806   714   617   518   423   335   257   189   134    89    55    29    10    -2   -11   -17
        -21   -23   -24   -24   -24   -24   -23   -22   -21   -19   -18   -16   -14   -12   -10    -8    -6    -4    -3    -1
          0     0     1     2     2     3     3     3     3     3     3    12    12    21    21    21    21    21    21    21
         21    21    21    21    21    21    21    21    21    21    21    21    21    21    21    21    21    21    21    21
         21    21    21    21    21    21    21    21    21    21    21    21    21    21    21    21    21    21
  44   1000   987   948   887   809   718   622   523   429   341   263   195   140    95    60    33    14     1    -8   -14
        -18   -20   -21   -21   -21   -21   -20   -19   -18   -16   -14   -13   -11    -9    -7    -6    -4    -2    -1     0
          0     1     2     2     3     3     3     3     3     3    13    12    21    21    21    21    21    21    21    21
         21    21    21    21    21    21    21    21    21    21    21    21    21    21    21    21    21    21    21    21
         21    21    21    21    21    21    21    21    21    21    21    21    21    21    21    21    21
  45   1000   987   949   889   811   722   626   528   433   346   268   200   144    99    64    37    18     4    -5   -11
        -15   -17   -18   -19   -18   -18   -17   -16   -15   -13   -12   -10    -8    -7    -5    -3    -2    -1     0     0
          1     2     2     3     3     3     3     3     2    13    13    22    22    22    22    22    22    22    22    22
         22    22    22    22    22    22    22    22    22    22    22    22    22    22    22    22    22    22    22    22
         22    22    22    22    22    22    22    22    22    22    22    22    22    22    22    22
  46   1000   987   949   890   813   724   629   531   437   350   272   204   148   103    67    41    21     7    -2    -8
        -12   -14   -16   -16   -16   -15   -14   -13   -12   -10    -9    -7    -6    -4    -3    -2     0     0     0     1
          2     2     2     3     3     3     2     2    13    13    23    23    23    23    23    23    23    23    23    23
         23    23    23    23    23    23    23    23    23    23    23    23    23    23    23    23    23    23    23    23
         23    23    23    23    23    23    23    23    23    23    23    23    23    23    23
  47   1000   987   950   891   815   726   631   534   440   353   275   207   151   106    70    43    24    10     0    -6
        -10   -12   -13   -13   -13   -12   -12   -10    -9    -8    -7    -5    -4    -3    -1     0     0     0     1     2
          2     2     2     2     2     2     2    13    13    23    23    23    23    23    23    23    23    23    23    23
         23    23    23    23    23    23    23    23    23    23    23    23    23    23    23    23    23    23    23    23
         23    23    23    23    23    23    23    23    23    23    23    23    23    23
  48   1000   987   950   892   816   728   633   536   443   355   277   210   154   108    73    46    26    12     2    -3
         -7   -10   -11   -11   -11   -10    -9    -8    -7    -6    -4    -3    -2    -1     0     0     0     1     2     2
          2     2     2     2     2     2    13    13    24    24    24    24    24    24    24    24    24    24    24    24
         24    24    24    24    24    24    24    24    24    24    24    24    24    24    24    24    24    24    24    24
         24    24    24    24    24    24    24    24    24    24    24    24    24
  49   1000   987   951   892   817   729   635   538   444   357   279   212   156   110    75    48    28    14     4    -1
         -5    -7    -8    -9    -8    -8    -7    -6    -5    -4    -3    -2    -1     0     0     0     1     1     2     2
          2     2     2     2     2    14    13    24    24    24    24    24    24    24    24    24    24    24    24    24
         24    24    24    24    24    24    24    24    24    24    24    24    24    24    24    24    24    24    24    24
         24    24    24    24    24    24    24    24    24    24    24    24
  50   1000   987   951   893   818   730   636   539   446   359   281   214   158   112    77    50    30    16     6     0
         -3    -5    -6    -7    -6    -6    -5    -4    -3    -2    -1    -1     0     0     1     1     1     2     2     2
          2     2     2     2    14    14    25    25    25    25    25    25    25    25    25    25    25    25    25    25
         25    25    25    25    25    25    25    25    25    25    25    25    25    25    25    25    25    25    25    25
         25    25    25    25    25    25    25    25    25    25    25
  51   1000   988   951   893   818   731   637   540   447   360   282   215   159   114    78    51    32    18     8     2
         -1    -4    -5    -5    -5    -4    -4    -3    -2    -1     0     0     0     1     1     1     2     2     2     2
          2     2     2    14    14    25    25    25    25    25    25    25    25    25    25    25    25    25    25    25
         25    25    25    25    25    25    25    25    25    25    25    25    25    25    25    25    25    25    25    25
         25    25    25    25    25    25    25    25    25    25
  52   1000   988   951   894   819   731   637   541   448   361   283   216   160   115    80    53    33    19     9     3
          0    -2    -3    -3    -3    -3    -2    -1    -1     0     0     0     1     1     1     1     2     2     2     2
          2     2    14    14    26    26    26    26    26    26    26    26    26    26    26    26    26    26    26    26
         26    26    26    26    26    26    26    26    26    26    26    26    26    26    26    26    26    26    26    26
         26    26    26    26    26    26    26    26    26
  53   1000   988   951   894   819   732   638   542   449   362   284   217   161   116    81    54    34    20    11     5
          1    -1    -2    -2    -2    -2    -1    -1     0     0     0     1     1     1     1     1     2     2     2     2
          2    14    14    26    26    26    26    26    26    26    26    26    26    26    26    26    26    26    26    26
         26    26    26    26    26    26    26    26    26    26    26    26    26    26    26    26    26    26    26    26
         26    26    26    26    26    26    26    26
  54   1000   988   951   894   819   732   638   542   449   363   285   218   162   117    82    55    36    22    12     6
          2     0     0    -1    -1    -1     0     0     0     0     0     1     1     1     1     1     1     2     1     1
         14    14    27    27    27    27    27    27    27    27    27    27    27    27    27    27    27    27    27    27
         27    27    27    27    27    27    27    27    27    27    27    27    27    27    27    27    27    27    27    27
         27    27    27    27    27    27    27
  55   1000   988   951   894   819   732   638   543   450   363   286   219   163   118    83    56    37    23    13     7
          3     1     0     0     0     0     0     0     0     0     1     1     1     1     1     1     1     1     1    14
         14    27    27    27    27    27    27    27    27    27    27    27    27    27    27    27    27    27    27    27
         27    27    27    27    27    27    27    27    27    27    27    27    27    27    27    27    27    27    27    27
         27    27    27    27    27    27
  56   1000   988   951   894   819   733   639   543   450   364   286   220   164   119    84    57    38    24    14     8
          4     2     0     0     0     0     0     0     0     1     1     1     1     1     1     1     1     1    14    14
         27    27    27    27    27    27    27    27    27    27    27    27    27    27    27    27    27    27    27    27
         27    27    27    27    27    27    27    27    27    27    27    27    27    27    27    27    27    27    27    27
         27    27    27    27    27
  57   1000   988   951   894   820   733   639   543   451   364   287   220   165   120    84    58    38    24    15     9
          5     2     1     0     0     0     0     0     0     1     1     1     1     1     1     1     1    14    14    27
         27    27    27    27    27    27    27    27    27    27    27    27    27    27    27    27    27    27    27    27
         27    27    27    27    27    27    27    27    27    27    27    27    27    27    27    27    27    27    27    27
         27    27    27    27
  58   1000   988   952   894   820   733   639   544   451   365   287   221   165   120    85    59    39    25    15     9
          5     3     1     1     0     0     0     0     0     1     1     1     1     1     1     1    14    14    27    27
         27    27    27    27    27    27    27    27    27    27    27    27    27    27    27    27    27    27    27    27
         27    27    27    27    27    27    27    27    27    27    27    27    27    27    27    27    27    27    27    27
         27    27    27
  59   1000   988   952   894   820   733   639   544   451   365   288   221   166   121    86    59    39    26    16    10
          5     3     1     1     0     0     0     0     0     1     1     1     1     1     1    14    14    28    28    28
         28    28    28    28    28    28    28    28    28    28    28    28    28    28    28    28    28    28    28    28
         28    28    28    28    28    28    28    28    28    28    28    28    28    28    28    28    28    28    28    28
         28    28
  60   1000   988   952   894   820   733   640   544   451   365   288   222   166   121    86    59    40    26    16    10
          6     3     2     1     0     0     0     0     0     0     0     1     1     1    14    14    28    28    28    28
         28    28    28    28    28    28    28    28    28    28    28    28    28    28    28    28    28    28    28    28
         28    28    28    28    28    28    28    28    28    28    28    28    28    28    28    28    28    28    28    28
         28
  61   1000   988   952   894   820   733   640   544   452   366   288   222   166   121    86    60    40    26    16    10
          6     3     1     1     0     0     0     0     0     0     0     0     0    14    14    28    28    28    28    28
         28    28    28    28    28    28    28    28    28    28    28    28    28    28    28    28    28    28    28    28
         28    28    28    28    28    28    28    28    28    28    28    28    28    28    28    28    28    28    28    28
  62   1000   988   952   894   820   733   640   545   452   366   289   222   167   122    86    60    40    26    16    10
          5     3     1     0     0     0     0     0     0     0     0     0    14    14    28    28    28    28    28    28
         28    28    28    28    28    28    28    28    28    28    28    28    28    28    28    28    28    28    28    28
         28    28    28    28    28    28    28    28    28    28    28    28    28    28    28    28    28    28    28
  63   1000   988   952   894   820   734   640   545   452   366   289   222   167   122    86    60    40    26    16     9
          5     3     1     0     0     0     0     0     0     0     0    14    14    28    28    28    28    28    28    28
         28    28    28    28    28    28    28    28    28    28    28    28    28    28    28    28    28    28    28    28
         28    28    28    28    28    28    28    28    28    28    28    28    28    28    28    28    28    28
  64   1000   988   952   894   820   734   640   545   452   366   289   222   166   121    86    59    39    25    16     9
          5     2     1     0     0     0     0     0     0     0    13    14    28    28    28    28    28    28    28    28
         28    28    28    28    28    28    28    28    28    28    28    28    28    28    28    28    28    28    28    28
         28    28    28    28    28    28    28    28    28    28    28    28    28    28    28    28    28
  65   1000   988   952   895   820   734   640   545   452   366   289   222   166   121    86    59    39    25    15     8
          4     2     0     0     0     0     0     0     0    13    13    28    28    28    28    28    28    28    28    28
         28    28    28    28    28    28    28    28    28    28    28    28    28    28    28    28    28    28    28    28
         28    28    28    28    28    28    28    28    28    28    28    28    28    28    28    28
  66   1000   988   952   895   820   734   640   545   452   366   288   221   166   120    85    58    38    24    14     8
          4     1     0     0    -1    -1     0     0    13    13    28    28    28    28    28    28    28    28    28    28
         28    28    28    28    28    28    28    28    28    28    28    28    28    28    28    28    28    28    28    28
         28    28    28    28    28    28    28    28    28    28    28    28    28    28    28
  67   1000   988   952   895   820   734   640   545   452   365   288   221   165   120    84    57    37    23    14     7
          3     0     0    -1    -1    -1    -1    13    13    28    28    28    28    28    28    28    28    28    28    28
         28    28    28    28    28    28    28    28    28    28    28    28    28    28    28    28    28    28    28    28
         28    28    28    28    28    28    28    28    28    28    28    28    28    28
  68   1000   988   952   895   820   734   640   544   451   365   287   220   164   119    83    56    37    22    13     6
          2     0     0    -1    -1    -1    12    12    28    28    28    28    28    28    28    28    28    28    28    28
         28    28    28    28    28    28    28    28    28    28    28    28    28    28    28    28    28    28    28    28
         28    28    28    28    28    28    28    28    28    28    28    28    28
  69   1000   988   952   895   820   733   640   544   451   364   286   219   163   118    82    55    36    22    12     6
          2     0    -1    -1    -1    12    12    28    28    28    28    28    28    28    28    28    28    28    28    28
         28    28    28    28    28    28    28    28    28    28    28    28    28    28    28    28    28    28    28    28
         28    28    28    28    28    28    28    28    28    28    28    28
  70   1000   988   952   894   820   733   639   543   450   363   285   218   162   116    81    54    35    21    11     5
          1     0    -1    -1    12    12    28    28    28    28    28    28    28    28    28    28    28    28    28    28
         28    28    28    28    28    28    28    28    28    28    28    28    28    28    28    28    28    28    28    28
         28    28    28    28    28    28    28    28    28    28    28
  71   1000   988   952   894   820   733   639   542   449   362   284   217   161   115    80    53    34    20    11     5
          1     0    -1    12    12    28    28    28    28    28    28    28    28    28    28    28    28    28    28    28
         28    28    28    28    28    28    28    28    28    28    28    28    28    28    28    28    28    28    28    28
         28    28    28    28    28    28    28    28    28    28
  72   1000   988   952   894   819   732   638   542   448   361   283   216   159   114    79    52    33    20    10     4
          1     0    12    12    28    28    28    28    28    28    28    28    28    28    28    28    28    28    28    28
         28    28    28    28    28    28    28    28    28    28    28    28    28    28    28    28    28    28    28    28
         28    28    28    28    28    28    28    28    28
  73   1000   988   951   894   819   732   637   541   447   360   282   214   158   113    78    52    33    19    10     4
          1    13    12    28    28    28    28    28    28    28    28    28    28    28    28    28    28    28    28    28
         28    28    28    28    28    28    28    28    28    28    28    28    28    28    28    28    28    28    28    28
         28    28    28    28    28    28    28    28
  74   1000   988   951   894   819   731   636   540   446   359   281   214   158   113    78    52    32    19    10     5
         15    13    28    28    28    28    28    28    28    28    28    28    28    28    28    28    28    28    28    28
         28    28    28    28    28    28    28    28    28    28    28    28    28    28    28    28    28    28    28    28
         28    28    28    28    28    28    28
  75   1000   988   951   893   818   731   636   539   445   358   280   213   157   112    78    51    33    19    11    18
         15    28    28    28    28    28    28    28    28    28    28    28    28    28    28    28    28    28    28    28
         28    28    28    28    28    28    28    28    28    28    28    28    28    28    28    28    28    28    28    28
         28    28    28    28    28    28
  76   1000   988   951   893   818   730   635   538   444   357   279   212   157   112    78    52    33    20    24    19
         29    29    29    29    29    29    29    29    29    29    29    29    29    29    29    29    29    29    29    29
         29    29    29    29    29    29    29    29    29    29    29    29    29    29    29    29    29    29    29    29
         29    29    29    29    29
  77   1000   988   951   893   818   730   634   538   444   357   279   212   157   112    78    52    34    32    24    29
         29    29    29    29    29    29    29    29    29    29    29    29    29    29    29    29    29    29    29    29
         29    29    29    29    29    29    29    29    29    29    29    29    29    29    29    29    29    29    29    29
         29    29    29    29
  78   1000   988   951   893   817   729   634   537   444   357   279   213   157   113    79    53    44    33    29    29
         29    29    29    29    29    29    29    29    29    29    29    29    29    29    29    29    29    29    29    29
         29    29    29    29    29    29    29    29    29    29    29    29    29    29    29    29    29    29    29    29
         29    29    29
  79   1000   987   951   893   817   729   634   537   444   357   280   213   158   114    80    61    45    29    29    29
         29    29    29    29    29    29    29    29    29    29    29    29    29    29    29    29    29    29    29    29
         29    29    29    29    29    29    29    29    29    29    29    29    29    29    29    29    29    29    29    29
         29    29
  80   1000   987   951   893   817   729   634   537   444   357   280   214   159   115    84    62    29    29    29    29
         29    29    29    29    29    29    29    29    29    29    29    29    29    29    29    29    29    29    29    29
         29    29    29    29    29    29    29    29    29    29    29    29    29    29    29    29    29    29    29    29
         29
  81   1000   987   951   893   817   729   634   538   445   358   281   215   160   114    85    29    29    29    29    29
         29    29    29    29    29    29    29    29    29    29    29    29    29    29    29    29    29    29    29    29
         29    29    29    29    29    29    29    29    29    29    29    29    29    29    29    29    29    29    29    29
  82   1000   987   951   893   817   729   635   539   446   359   283   217   153   115    29    29    29    29    29    29
         29    29    29    29    29    29    29    29    29    29    29    29    29    29    29    29    29    29    29    29
         29    29    29    29    29    29    29    29    29    29    29    29    29    29    29    29    29    29    29
  83   1000   987   951   893   817   730   635   539   447   361   284   201   154    29    29    29    29    29    29    29
         29    29    29    29    29    29    29    29    29    29    29    29    29    29    29    29    29    29    29    29
         29    29    29    29    29    29    29    29    29    29    29    29    29    29    29    29    29    29
  84   1000   987   951   893   818   730   636   540   448   362   259   203    29    29    29    29    29    29    29    29
         29    29    29    29    29    29    29    29    29    29    29    29    29    29    29    29    29    29    29    29
         29    29    29    29    29    29    29    29    29    29    29    29    29    29    29    29    29
  85   1000   987   951   893   818   731   637   542   449   326   260    29    29    29    29    29    29    29    29    29
         29    29    29    29    29    29    29    29    29    29    29    29    29    29    29    29    29    29    29    29
         29    29    29    29    29    29    29    29    29    29    29    29    29    29    29    29
  86   1000   988   951   893   819   732   638   543   401   327    29    29    29    29    29    29    29    29    29    29
         29    29    29    29    29    29    29    29    29    29    29    29    29    29    29    29    29    29    29    29
         29    29    29    29    29    29    29    29    29    29    29    29    29    29    29
  87   1000   988   951   894   819   732   639   481   402    29    29    29    29    29    29    29    29    29    29    29
         29    29    29    29    29    29    29    29    29    29    29    29    29    29    29    29    29    29    29    29
         29    29    29    29    29    29    29    29    29    29    29    29    29    29
  88   1000   988   951   894   820   733   563   482    30    30    30    30    30    30    30    30    30    30    30    30
         30    30    30    30    30    30    30    30    30    30    30    30    30    30    30    30    30    30    30    30
         30    30    30    30    30    30    30    30    30    30    30    30    30
  89   1000   988   951   894   820   644   564    30    30    30    30    30    30    30    30    30    30    30    30    30
         30    30    30    30    30    30    30    30    30    30    30    30    30    30    30    30    30    30    30    30
         30    30    30    30    30    30    30    30    30    30    30    30
  90   1000   988   952   895   718   644    30    30    30    30    30    30    30    30    30    30    30    30    30    30
         30    30    30    30    30    30    30    30    30    30    30    30    30    30    30    30    30    30    30    30
         30    30    30    30    30    30    30    30    30    30    30
  91   1000   988   952   782   718    30    30    30    30    30    30    30    30    30    30    30    30    30    30    30
         30    30    30    30    30    30    30    30    30    30    30    30    30    30    30    30    30    30    30    30
         30    30    30    30    30    30    30    30    30    30
  92   1000   988   831   782    30    30    30    30    30    30    30    30    30    30    30    30    30    30    30    30
         30    30    30    30    30    30    30    30    30    30    30    30    30    30    30    30    30    30    30    30
         30    30    30    30    30    30    30    30    30
  93   1000   862   831    30    30    30    30    30    30    30    30    30    30    30    30    30    30    30    30    30
         30    30    30    30    30    30    30    30    30    30    30    30    30    30    30    30    30    30    30    30
         30    30    30    30    30    30    30    30
  94   1000   991   515   515   515   515   515   515   515   515   515   515   515   515   515   515   515   515   515   515
        515   515   515   515   515   515   515   515   515   515   515   515   515   515   515   515   515   515   515   515
        515   515   515   515   515   515   515
  95   1000   515   515   515   515   515   515   515   515   515   515   515   515   515   515   515   515   515   515   515
        515   515   515   515   515   515   515   515   515   515   515   515   515   515   515   515   515   515   515   515
        515   515   515   515   515   515
  96   1000  1000  1000  1000  1000  1000  1000  1000  1000  1000  1000  1000  1000  1000  1000  1000  1000  1000  1000  1000
       1000  1000  1000  1000  1000  1000  1000  1000  1000  1000  1000  1000  1000  1000  1000  1000  1000  1000  1000  1000
       1000  1000  1000  1000  1000
  97   1000  1000  1000  1000  1000  1000  1000  1000  1000  1000  1000  1000  1000  1000  1000  1000  1000  1000  1000  1000
       1000  1000  1000  1000  1000  1000  1000  1000  1000  1000  1000  1000  1000  1000  1000  1000  1000  1000  1000  1000
       1000  1000  1000  1000
  98   1000  1000  1000  1000  1000  1000  1000  1000  1000  1000  1000  1000  1000  1000  1000  1000  1000  1000  1000  1000
       1000  1000  1000  1000  1000  1000  1000  1000  1000  1000  1000  1000  1000  1000  1000  1000  1000  1000  1000  1000
       1000  1000  1000
  99   1000  1000  1000  1000  1000  1000  1000  1000  1000  1000  1000  1000  1000  1000  1000  1000  1000  1000  1000  1000
       1000  1000  1000  1000  1000  1000  1000  1000  1000  1000  1000  1000  1000  1000  1000  1000  1000  1000  1000  1000
       1000  1000
 100   1000  1000  1000  1000  1000  1000  1000  1000  1000  1000  1000  1000  1000  1000  1000  1000  1000  1000  1000  1000
       1000  1000  1000  1000  1000  1000  1000  1000  1000  1000  1000  1000  1000  1000  1000  1000  1000  1000  1000  1000
       1000
 101   1000  1000  1000  1000  1000  1000  1000  1000  1000  1000  1000  1000  1000  1000  1000  1000  1000  1000  1000  1000
       1000  1000  1000  1000  1000  1000  1000  1000  1000  1000  1000  1000  1000  1000  1000  1000  1000  1000  1000  1000
 102   1000  1000  1000  1000  1000  1000  1000  1000  1000  1000  1000  1000  1000  1000  1000  1000  1000  1000  1000  1000
       1000  1000  1000  1000  1000  1000  1000  1000  1000  1000  1000  1000  1000  1000  1000  1000  1000  1000  1000
 103   1000  1000  1000  1000  1000  1000  1000  1000  1000  1000  1000  1000  1000  1000  1000  1000  1000  1000  1000  1000
       1000  1000  1000  1000  1000  1000  1000  1000  1000  1000  1000  1000  1000  1000  1000  1000  1000  1000
 104   1000  1000  1000  1000  1000  1000  1000  1000  1000  1000  1000  1000  1000  1000  1000  1000  1000  1000  1000  1000
       1000  1000  1000  1000  1000  1000  1000  1000  1000  1000  1000  1000  1000  1000  1000  1000  1000
 105   1000  1000  1000  1000  1000  1000  1000  1000  1000  1000  1000  1000  1000  1000  1000  1000  1000  1000  1000  1000
       1000  1000  1000  1000  1000  1000  1000  1000  1000  1000  1000  1000  1000  1000  1000  1000
 106   1000  1000  1000  1000  1000  1000  1000  1000  1000  1000  1000  1000  1000  1000  1000  1000  1000  1000  1000  1000
       1000  1000  1000  1000  1000  1000  1000  1000  1000  1000  1000  1000  1000  1000  1000
 107   1000  1000  1000  1000  1000  1000  1000  1000  1000  1000  1000  1000  1000  1000  1000  1000  1000  1000  1000  1000
       1000  1000  1000  1000  1000  1000  1000  1000  1000  1000  1000  1000  1000  1000
 108   1000  1000  1000  1000  1000  1000  1000  1000  1000  1000  1000  1000  1000  1000  1000  1000  1000  1000  1000  1000
       1000  1000  1000  1000  1000  1000  1000  1000  1000  1000  1000  1000  1000
 109   1000  1000  1000  1000  1000  1000  1000  1000  1000  1000  1000  1000  1000  1000  1000  1000  1000  1000  1000  1000
       1000  1000  1000  1000  1000  1000  1000  1000  1000  1000  1000  1000
 110   1000  1000  1000  1000  1000  1000  1000  1000  1000  1000  1000  1000  1000  1000  1000  1000  1000  1000  1000  1000
       1000  1000  1000  1000  1000  1000  1000  1000  1000  1000  1000
 111   1000  1000  1000  1000  1000  1000  1000  1000  1000  1000  1000  1000  1000  1000  1000  1000  1000  1000  1000  1000
       1000  1000  1000  1000  1000  1000  1000  1000  1000  1000
 112   1000  1000  1000  1000  1000  1000  1000  1000  1000  1000  1000  1000  1000  1000  1000  1000  1000  1000  1000  1000
       1000  1000  1000  1000  1000  1000  1000  1000  1000
 113   1000  1000  1000  1000  1000  1000  1000  1000  1000  1000  1000  1000  1000  1000  1000  1000  1000  1000  1000  1000
       1000  1000  1000  1000  1000  1000  1000  1000
 114   1000  1000  1000  1000  1000  1000  1000  1000  1000  1000  1000  1000  1000  1000  1000  1000  1000  1000  1000  1000
       1000  1000  1000  1000  1000  1000  1000
 115   1000  1000  1000  1000  1000  1000  1000  1000  1000  1000  1000  1000  1000  1000  1000  1000  1000  1000  1000  1000
       1000  1000  1000  1000  1000  1000
 116   1000  1000  1000  1000  1000  1000  1000  1000  1000  1000  1000  1000  1000  1000  1000  1000  1000  1000  1000  1000
       1000  1000  1000  1000  1000
 117   1000  1000  1000  1000  1000  1000  1000  1000  1000  1000  1000  1000  1000  1000  1000  1000  1000  1000  1000  1000
       1000  1000  1000  1000
 118   1000  1000  1000  1000  1000  1000  1000  1000  1000  1000  1000  1000  1000  1000  1000  1000  1000  1000  1000  1000
       1000  1000  1000
 119   1000  1000  1000  1000  1000  1000  1000  1000  1000  1000  1000  1000  1000  1000  1000  1000  1000  1000  1000  1000
       1000  1000
 120   1000  1000  1000  1000  1000  1000  1000  1000  1000  1000  1000  1000  1000  1000  1000  1000  1000  1000  1000  1000
       1000
 121   1000  1000  1000  1000  1000  1000  1000  1000  1000  1000  1000  1000  1000  1000  1000  1000  1000  1000  1000  1000
 122   1000  1000  1000  1000  1000  1000  1000  1000  1000  1000  1000  1000  1000  1000  1000  1000  1000  1000  1000
 123   1000  1000  1000  1000  1000  1000  1000  1000  1000  1000  1000  1000  1000  1000  1000  1000  1000  1000
 124   1000  1000  1000  1000  1000  1000  1000  1000  1000  1000  1000  1000  1000  1000  1000  1000  1000
 125   1000  1000  1000  1000  1000  1000  1000  1000  1000  1000  1000  1000  1000  1000  1000  1000
 126   1000  1000  1000  1000  1000  1000  1000  1000  1000  1000  1000  1000  1000  1000  1000
 127   1000  1000  1000  1000  1000  1000  1000  1000  1000  1000  1000  1000  1000  1000
 128   1000  1000  1000  1000  1000  1000  1000  1000  1000  1000  1000  1000  1000
 129   1000  1000  1000  1000  1000  1000  1000  1000  1000  1000  1000  1000
 130   1000  1000  1000  1000  1000  1000  1000  1000  1000  1000  1000
 131   1000  1000  1000  1000  1000  1000  1000  1000  1000  1000
 132   1000  1000  1000  1000  1000  1000  1000  1000  1000
 133   1000  1000  1000  1000  1000  1000  1000  1000
 134   1000  1000  1000  1000  1000  1000  1000
 135   1000  1000  1000  1000  1000  1000
 136   1000  1000  1000  1000  1000
 137   1000  1000  1000  1000
 138   1000  1000  1000
 139   1000  1000
 140   1000

 Finished!
