NIF_RUN Passive 18x snout on TANDM 90-348 Pinhole
  140    5    1    0    0
   0.00500   9.00000   0.00500   0.00100
   0.0000000   0   0 1.00000000E+00   1.0000000
ZR902    1.672E-12 0.010       0.00       0.00        (    )
IN115N   4.637E-13 0.007       0.00       0.00        (    )
AU197G   7.918E-14 0.010       0.00 AUNG  1.00 IFX    (ISTP)
IN115G   1.158E-13 0.020       0.00 INNG 10.00 IFX    (ISTP)
AU1972   1.187E-11 0.053       0.00       0.00        (    )
Flux Uncertainty
   5
 1.0000E-11 1.0000E-03 1.2000E+01 1.3000E+01 2.0100E+01
 9.9000E-01 9.9000E-01 5.0000E-01 5.0000E-02 1.0000E-02
Input Flux Spectrum
 140   1 1.000E+00 2.000E+01 5.000E-08
 1.0000E+02 1.0000E+02 1.0000E+02 1.0000E+02 1.0000E+02 1.0000E+02 1.0000E+02
 1.0000E+02 1.0000E+02 1.0000E+02 1.0000E+02 1.0000E+02 1.0000E+02 1.0000E+02
 1.0000E+02 1.0000E+02 1.0000E+02 1.0000E+02 1.0000E+02 1.0000E+02 1.0000E+02
 1.0000E+02 1.0000E+02 1.0000E+02 1.0000E+02 1.0000E+02 1.0000E+02 1.0000E+02
 1.0000E+02 1.0000E+02 1.0000E+02 1.0000E+02 1.0000E+02 1.0000E+02 1.0000E+02
 1.0000E+02 1.0000E+02 1.0000E+02 1.0000E+02 1.0000E+02 1.0000E+02 1.0000E+02
 1.0000E+02 1.0000E+02 1.0000E+02 1.0000E+02 1.0000E+02 1.0000E+02 1.0000E+02
 1.0000E+02 1.0000E+02 1.0000E+02 1.0000E+02 1.0000E+02 1.0000E+02 1.0000E+02
 1.0000E+02 1.0000E+02 1.0000E+02 1.0000E+02 1.0000E+02 1.0000E+02 1.0000E+02
 1.0000E+02 1.0000E+02 1.0000E+02 1.0000E+02 1.0000E+02 1.0000E+02 1.0000E+02
 1.0000E+02 1.0000E+02 1.0000E+02 1.0000E+02 1.0000E+02 1.0000E+02 1.0000E+02
 1.0000E+02 1.0000E+02 1.0000E+02 1.0000E+02 1.0000E+02 1.0000E+02 1.0000E+02
 1.0000E+02 1.0000E+02 1.0000E+02 1.0000E+02 1.0000E+02 1.0000E+02 1.0000E+02
 1.0000E+02 1.0000E+02 2.4520E+12 3.5580E+12 0.0000E+00 0.0000E+00 0.0000E+00
 0.0000E+00 0.0000E+00 0.0000E+00 0.0000E+00 0.0000E+00 0.0000E+00 0.0000E+00
 0.0000E+00 0.0000E+00 0.0000E+00 0.0000E+00 0.0000E+00 0.0000E+00 0.0000E+00
 0.0000E+00 0.0000E+00 0.0000E+00 0.0000E+00 0.0000E+00 0.0000E+00 0.0000E+00
 0.0000E+00 0.0000E+00 0.0000E+00 0.0000E+00 0.0000E+00 0.0000E+00 0.0000E+00
 0.0000E+00 0.0000E+00 0.0000E+00 0.0000E+00 0.0000E+00 0.0000E+00 0.0000E+00
 0.0000E+00 0.0000E+00 0.0000E+00 0.0000E+00 0.0000E+00 0.0000E+00 0.0000E+00
   10   13   28   11    8    5    8    7   10   40



                         ==============================
                               STAYSL PNNL OUTPUT
                         ==============================

 STAYSL PNNL, version 1.2.0, 2015-08-05


 SCENARIO TITLE: NIF_RUN Passive 18x snout on TANDM 90-348 Pinhole
 -------------------------------------------------------------------------------
  NGROUP =   140    NRXN =     5    ACTIVITY NORM = 1.00000E+00

  COVARIANCE PARAMETERS (FCHN, FCVX, ACVX, FS)
    FLUXES:      WIDTH =  9.0000E+00   LONG RANGE COVAR. =  5.0000E-03
            ACTIVITIES =  5.0000E-03   X-SECT CROSS COR. =  1.0000E-03

    DETERM =   8.8680 × 10^  -3.00      ERROR =  -1.5543E-16

  INPUT NORMALIZATION DATA
    AK1   =     0.00000     VAK        =     0.00003
    NORML =           0     RENORM     = 6.50599E-01
    CHI²  = 10452.60724     NORM. CHI² =  2613.15181
     (logarithmic limit was applied to low fluxes)

  DOSIMETRY ACTIVITIES
     ———— INPUTS —————  -UNADJUSTED FLUX-  — ADJUSTED FLUX —    CHI²  90% ACTIVITIES RANGE
 RXN  MEASURED     ±%   ACTIVITY    %DIFF  ACTIVITY    %DIFF  CONTRIB --LOW E-- --HIGH E--   REACTION          CVR
  1  1.672E-12    1.00  2.352E-12   40.66  1.721E-12    2.92  540.593  1.30E+01  1.40E+01  ZR90(N,2N)ZR89          
  2  4.637E-13    0.70  2.688E-13  -42.03  1.937E-13  -58.22  708.298  1.30E+01  1.40E+01  IN115(N,N')IN115M       
  3  7.918E-14    1.00  5.018E-15  -93.66  3.612E-15  -95.44 7384.632  1.30E+01  1.40E+01  AU197(N,G)AU198         
  4  1.158E-13    2.00  3.721E-15  -96.79  2.692E-15  -97.68 1793.422  1.30E+01  1.40E+01  IN115(N,G)IN116M        
  5  1.187E-11    5.30  8.278E-12  -30.26  6.001E-12  -49.44   25.662  1.30E+01  1.40E+01  AU197(N,2N)AU196        

             % STD. DEV.  =         74.96              78.25

                              CHECK INPUT, IT IS RATHER UNLIKELY !
                                   *** BEWARE OF OUTPUT ! ***


  DIFFERENTIAL FLUXES (input is normalized by a factor of 6.5060E-01)
                  —————— DIFFERENTIAL FLUX —————   ———— STD. DEV. % ————   INTEGRAL
 GRP    ENERGY        NEW         OLD      RATIO    NEW     OLD    RATIO   FLUX > E     ± %
   1  1.0000E-10  6.4613E+01  6.5060E+01   0.993   99.00   99.00   1.000  2.8320E+12    1.02
   2  1.0000E-09  6.4613E+01  6.5060E+01   0.993   99.00   99.00   1.000  2.8320E+12    1.02
   3  1.0000E-08  6.4613E+01  6.5060E+01   0.993   99.00   99.00   1.000  2.8320E+12    1.02
   4  2.3000E-08  6.4613E+01  6.5060E+01   0.993   99.00   99.00   1.000  2.8320E+12    1.02
   5  5.0000E-08  6.4613E+01  6.5060E+01   0.993   99.00   99.00   1.000  2.8320E+12    1.02
   6  7.6000E-08  6.4613E+01  6.5060E+01   0.993   99.00   99.00   1.000  2.8320E+12    1.02
   7  1.1500E-07  6.4613E+01  6.5060E+01   0.993   99.00   99.00   1.000  2.8320E+12    1.02
   8  1.7000E-07  6.4613E+01  6.5060E+01   0.993   99.00   99.00   1.000  2.8320E+12    1.02
   9  2.5500E-07  6.4613E+01  6.5060E+01   0.993   99.00   99.00   1.000  2.8320E+12    1.02
  10  3.8000E-07  6.4613E+01  6.5060E+01   0.993   99.00   99.00   1.000  2.8320E+12    1.02
  11  5.5000E-07  6.4613E+01  6.5060E+01   0.993   99.00   99.00   1.000  2.8320E+12    1.02
  12  8.4000E-07  6.4613E+01  6.5060E+01   0.993   99.00   99.00   1.000  2.8320E+12    1.02
  13  1.2750E-06  6.4613E+01  6.5060E+01   0.993   99.00   99.00   1.000  2.8320E+12    1.02
  14  1.9000E-06  6.4613E+01  6.5060E+01   0.993   99.00   99.00   1.000  2.8320E+12    1.02
  15  2.8000E-06  6.4613E+01  6.5060E+01   0.993   99.00   99.00   1.000  2.8320E+12    1.02
  16  4.2500E-06  6.4613E+01  6.5060E+01   0.993   99.00   99.00   1.000  2.8320E+12    1.02
  17  6.3000E-06  6.4613E+01  6.5060E+01   0.993   99.00   99.00   1.000  2.8320E+12    1.02
  18  9.2000E-06  6.4613E+01  6.5060E+01   0.993   99.00   99.00   1.000  2.8320E+12    1.02
  19  1.3500E-05  6.4613E+01  6.5060E+01   0.993   99.00   99.00   1.000  2.8320E+12    1.02
  20  2.1000E-05  6.4613E+01  6.5060E+01   0.993   99.00   99.00   1.000  2.8320E+12    1.02
  21  3.0000E-05  6.4613E+01  6.5060E+01   0.993   99.00   99.00   1.000  2.8320E+12    1.02
  22  4.5000E-05  6.4613E+01  6.5060E+01   0.993   99.00   99.00   1.000  2.8320E+12    1.02
  23  6.9000E-05  6.4613E+01  6.5060E+01   0.993   99.00   99.00   1.000  2.8320E+12    1.02
  24  1.0000E-04  6.4613E+01  6.5060E+01   0.993   99.00   99.00   1.000  2.8320E+12    1.02
  25  1.3500E-04  6.4613E+01  6.5060E+01   0.993   99.00   99.00   1.000  2.8320E+12    1.02
  26  1.7000E-04  6.4613E+01  6.5060E+01   0.993   99.00   99.00   1.000  2.8320E+12    1.02
  27  2.2000E-04  6.4613E+01  6.5060E+01   0.993   99.00   99.00   1.000  2.8320E+12    1.02
  28  2.8000E-04  6.4613E+01  6.5060E+01   0.993   99.00   99.00   1.000  2.8320E+12    1.02
  29  3.6000E-04  6.4613E+01  6.5060E+01   0.993   99.00   99.00   1.000  2.8320E+12    1.02
  30  4.5000E-04  6.4613E+01  6.5060E+01   0.993   99.00   99.00   1.000  2.8320E+12    1.02
  31  5.7500E-04  6.4613E+01  6.5060E+01   0.993   99.00   99.00   1.000  2.8320E+12    1.02
  32  7.6000E-04  6.4613E+01  6.5060E+01   0.993   99.00   99.00   1.000  2.8320E+12    1.02
  33  9.6000E-04  6.4613E+01  6.5060E+01   0.993   98.13   98.13   1.000  2.8320E+12    1.02
  34  1.2750E-03  6.4613E+01  6.5060E+01   0.993   96.47   96.47   1.000  2.8320E+12    1.02
  35  1.6000E-03  6.4613E+01  6.5060E+01   0.993   94.90   94.90   1.000  2.8320E+12    1.02
  36  2.0000E-03  6.4613E+01  6.5060E+01   0.993   93.12   93.12   1.000  2.8320E+12    1.02
  37  2.7000E-03  6.4613E+01  6.5060E+01   0.993   91.34   91.34   1.000  2.8320E+12    1.02
  38  3.4000E-03  6.4613E+01  6.5060E+01   0.993   89.66   89.66   1.000  2.8320E+12    1.02
  39  4.5000E-03  6.4613E+01  6.5060E+01   0.993   88.10   88.10   1.000  2.8320E+12    1.02
  40  5.5000E-03  6.4613E+01  6.5060E+01   0.993   86.61   86.61   1.000  2.8320E+12    1.02
  41  7.2000E-03  6.4613E+01  6.5060E+01   0.993   85.00   85.00   1.000  2.8320E+12    1.02
  42  9.2000E-03  6.4613E+01  6.5060E+01   0.993   83.44   83.44   1.000  2.8320E+12    1.02
  43  1.2000E-02  6.4613E+01  6.5060E+01   0.993   81.97   81.97   1.000  2.8320E+12    1.02
  44  1.5000E-02  6.4613E+01  6.5060E+01   0.993   80.61   80.61   1.000  2.8320E+12    1.02
  45  1.9000E-02  6.4613E+01  6.5060E+01   0.993   79.07   79.07   1.000  2.8320E+12    1.02
  46  2.5500E-02  6.4613E+01  6.5060E+01   0.993   77.58   77.58   1.000  2.8320E+12    1.02
  47  3.2000E-02  6.4613E+01  6.5060E+01   0.993   76.32   76.32   1.000  2.8320E+12    1.02
  48  4.0000E-02  6.4613E+01  6.5060E+01   0.993   74.96   74.96   1.000  2.8320E+12    1.02
  49  5.2500E-02  6.4613E+01  6.5060E+01   0.993   73.61   73.61   1.000  2.8320E+12    1.02
  50  6.6000E-02  6.4613E+01  6.5060E+01   0.993   72.24   72.24   1.000  2.8320E+12    1.02
  51  8.8000E-02  6.4613E+01  6.5060E+01   0.993   70.91   70.91   1.000  2.8320E+12    1.02
  52  1.1000E-01  6.4613E+01  6.5060E+01   0.993   69.82   69.82   1.000  2.8320E+12    1.02
  53  1.3500E-01  6.4613E+01  6.5060E+01   0.993   68.87   68.87   1.000  2.8320E+12    1.02
  54  1.6000E-01  6.4613E+01  6.5060E+01   0.993   68.02   68.02   1.000  2.8320E+12    1.02
  55  1.9000E-01  6.4613E+01  6.5060E+01   0.993   67.24   67.24   1.000  2.8320E+12    1.02
  56  2.2000E-01  6.4613E+01  6.5060E+01   0.993   66.52   66.52   1.000  2.8320E+12    1.02
  57  2.5500E-01  6.4613E+01  6.5060E+01   0.993   65.86   65.86   1.000  2.8320E+12    1.02
  58  2.9000E-01  6.4613E+01  6.5060E+01   0.993   65.31   65.31   1.000  2.8320E+12    1.02
  59  3.2000E-01  6.4613E+01  6.5060E+01   0.993   64.80   64.80   1.000  2.8320E+12    1.02
  60  3.6000E-01  6.4613E+01  6.5060E+01   0.993   64.28   64.28   1.000  2.8320E+12    1.02
  61  4.0000E-01  6.4613E+01  6.5060E+01   0.993   63.76   63.76   1.000  2.8320E+12    1.02
  62  4.5000E-01  6.4613E+01  6.5060E+01   0.993   63.24   63.24   1.000  2.8320E+12    1.02
  63  5.0000E-01  6.4613E+01  6.5060E+01   0.993   62.78   62.78   1.000  2.8320E+12    1.02
  64  5.5000E-01  6.4613E+01  6.5060E+01   0.993   62.37   62.37   1.000  2.8320E+12    1.02
  65  6.0000E-01  6.4613E+01  6.5060E+01   0.993   61.96   61.96   1.000  2.8320E+12    1.02
  66  6.6000E-01  6.4613E+01  6.5060E+01   0.993   61.55   61.55   1.000  2.8320E+12    1.02
  67  7.2000E-01  6.4658E+01  6.5060E+01   0.994   61.18   61.18   1.000  2.8320E+12    1.02
  68  7.8000E-01  6.4620E+01  6.5060E+01   0.993   60.83   60.83   1.000  2.8320E+12    1.02
  69  8.4000E-01  6.4622E+01  6.5060E+01   0.993   60.47   60.47   1.000  2.8320E+12    1.02
  70  9.2000E-01  6.4623E+01  6.5060E+01   0.993   60.09   60.09   1.000  2.8320E+12    1.02
  71  1.0000E+00  6.4618E+01  6.5060E+01   0.993   59.51   59.51   1.000  2.8320E+12    1.02
  72  1.2000E+00  6.4599E+01  6.5060E+01   0.993   58.79   58.79   1.000  2.8320E+12    1.02
  73  1.4000E+00  6.4552E+01  6.5060E+01   0.992   58.17   58.17   1.000  2.8320E+12    1.02
  74  1.6000E+00  6.4448E+01  6.5060E+01   0.991   57.64   57.65   1.000  2.8320E+12    1.02
  75  1.8000E+00  6.4242E+01  6.5060E+01   0.987   57.18   57.18   1.000  2.8320E+12    1.02
  76  2.0000E+00  6.3861E+01  6.5060E+01   0.982   56.67   56.67   1.000  2.8320E+12    1.02
  77  2.3000E+00  6.3198E+01  6.5060E+01   0.971   56.12   56.13   1.000  2.8320E+12    1.02
  78  2.6000E+00  6.2097E+01  6.5060E+01   0.954   55.63   55.66   0.999  2.8320E+12    1.02
  79  2.9000E+00  6.0347E+01  6.5060E+01   0.928   55.12   55.18   0.999  2.8320E+12    1.02
  80  3.3000E+00  5.7680E+01  6.5060E+01   0.887   54.56   54.70   0.998  2.8320E+12    1.02
  81  3.7000E+00  5.3759E+01  6.5060E+01   0.826   54.00   54.27   0.995  2.8320E+12    1.02
  82  4.1000E+00  4.8200E+01  6.5060E+01   0.741   53.38   53.88   0.991  2.8320E+12    1.02
  83  4.5000E+00  4.0617E+01  6.5060E+01   0.624   52.59   53.49   0.983  2.8320E+12    1.02
  84  5.0000E+00  3.0641E+01  6.5060E+01   0.471   51.55   53.10   0.971  2.8320E+12    1.02
  85  5.5000E+00  1.7953E+01  6.5060E+01   0.276   50.19   52.75   0.951  2.8320E+12    1.02
  86  6.0000E+00  1.0937E+01  6.5060E+01   0.168   48.35   52.38   0.923  2.8320E+12    1.02
  87  6.7000E+00  8.2668E+00  6.5060E+01   0.127   45.90   51.98   0.883  2.8320E+12    1.02
  88  7.4000E+00  6.0207E+00  6.5060E+01   0.093   42.80   51.60   0.830  2.8320E+12    1.02
  89  8.2000E+00  4.2664E+00  6.5060E+01   0.066   38.99   51.23   0.761  2.8320E+12    1.02
  90  9.0000E+00  2.9857E+00  6.5060E+01   0.046   34.46   50.86   0.678  2.8320E+12    1.02
  91  1.0000E+01  2.1015E+00  6.5060E+01   0.032   29.36   50.49   0.581  2.8320E+12    1.02
  92  1.1000E+01  1.5155E+00  6.5060E+01   0.023   23.97   50.16   0.478  2.8320E+12    1.02
  93  1.2000E+01  4.8300E+00  6.5060E+01   0.074   10.36   27.50   0.377  2.8320E+12    1.02
  94  1.3000E+01  1.0984E+12  1.5953E+12   0.689    1.26    4.43   0.285  2.8320E+12    1.02
  95  1.4000E+01  1.7336E+12  2.3148E+12   0.749    0.93    3.41   0.274  1.7336E+12    0.93
      1.5000E+01

  INTEGRALS OF SPECTRA
    OLD SPECTRUM   3.9101E+12   ±    3.815 %
    NEW SPECTRUM   2.8320E+12   ±    1.017 %

  SUMMARY OF BROAD-GROUP FLUXES, FLUENCES, AND UNCERTAINTIES

    IRRAD TIME [S] = 1.00000000E+00   ACT NORM =  1.00000000E+00

       ENERGY       FLUX       FLUENCE      STDEV %
      thermal    3.5530E-05  3.5530E-05  ±  94.39     (0.100 meV – 0.550  eV)
     epithermal  7.1074E+00  7.1074E+00  ±  66.55     (0.550  eV – 110.0 keV)
        fast     2.8320E+12  2.8320E+12  ±   1.02     (110.0 keV –  20.0 MeV)
        fast     2.8320E+12  2.8320E+12  ±   1.02     (  1.0 MeV –  20.0 MeV)
        high     0.0000E+00  0.0000E+00  ±   0.00     ( 20.0 MeV –  60.0 MeV)

    MINI-SPECTRUM

       ENERGY       FLUX       FLUENCE      STDEV %
     1.0000E-10  3.5530E-05  3.5530E-05  ±  94.39
     5.5000E-07  6.4257E-03  6.4257E-03  ±  93.80
     1.0000E-04  7.1009E+00  7.1009E+00  ±  66.61
     1.1000E-01  2.5199E+01  2.5199E+01  ±  59.18
     5.0000E-01  3.2311E+01  3.2311E+01  ±  57.71
     1.0000E+00  6.4492E+01  6.4492E+01  ±  56.88
     2.0000E+00  1.6505E+02  1.6505E+02  ±  51.78
     5.0000E+00  4.8955E+01  4.8955E+01  ±  45.96
     1.0000E+01  2.8320E+12  2.8320E+12  ±   1.02
     2.0000E+01  0.0000E+00  0.0000E+00  ±   0.00
     6.0000E+01

       TOTAL     2.8320E+12  2.8320E+12  ±   1.02

    RELATIVE COVARIANCES (10×10)
     1000   185     0     0     0     0     0     0     0     0
     1000    11     0     0     0     0     0     0     0
     1000   454    33     1     0     0     0     0
     1000   474   104    12     0     0     0
     1000   676   208    25     0     0
     1000   641   174     2     0
     1000   691    31     0
     1000   152     0
     1000     0
        0

  SPECTRAL-AVERAGED REACTION RATES (for all cross section library reactions)

        REACTIONS        SIG-PHI      <SIG>          REACTIONS        SIG-PHI      <SIG>          REACTIONS        SIG-PHI      <SIG>  
   ------------------  ----------  ----------   ------------------  ----------  ----------   ------------------  ----------  ----------
   LI6(N,A)T           7.2997E-14  2.5776E-26   FE58(N,G)FE59       2.7764E-15  9.8037E-28   IN115(N,N')IN115M   1.9374E-13  6.8411E-26
   B10(N,A)LI7         1.2492E-13  4.4111E-26   CO59(N,2N)CO58      1.9443E-12  6.8655E-25   IN115(N,2N)IN114M   3.7571E-12  1.3267E-24
   F19(N,2N)F18        1.0279E-13  3.6295E-26   CO59(N,3N)CO57      0.0000E+00  0.0000E+00   IN115(N,G)IN116M    2.6922E-15  9.5063E-28
   NA23(N,2N)NA22      6.3579E-14  2.2450E-26   CO59(N,G)CO60       2.4778E-15  8.7493E-28   I127(N,2N)I126      4.1106E-12  1.4515E-24
   NA23(N,G)NA24       6.0731E-16  2.1445E-28   CO59(N,P)FE59       1.4060E-13  4.9648E-26   LA139(N,G)LA140     3.0002E-15  1.0594E-27
   MG24(N,P)NA24       5.2899E-13  1.8679E-25   CO59(N,A)MN56       8.7546E-14  3.0913E-26   PR141(N,2N)PR140    4.6054E-12  1.6262E-24
   AL27(N,P)MG27       2.1221E-13  7.4934E-26   NI58(N,2N)NI57      6.8303E-14  2.4118E-26   TM169(N,2N)TM168    5.5860E-12  1.9725E-24
   AL27(N,A)NA24       3.3690E-13  1.1896E-25   NI58(N,P)CO58       1.0033E-12  3.5426E-25   TM169(N,3N)TM167    3.5662E-17  1.2592E-29
   SI28(N,P)AL28       7.4920E-13  2.6455E-25   NI60(N,P)CO60       4.1142E-13  1.4527E-25   TA181(N,G)TA182     5.8235E-19  2.0563E-31
   P31(N,P)SI31        2.6224E-13  9.2599E-26   CU63(N,2N)CU62      1.2692E-12  4.4816E-25   W186(N,G)W187       3.8474E-15  1.3585E-27
   S32(N,P)P32         7.0012E-13  2.4722E-25   CU63(N,G)CU64       7.6650E-15  2.7065E-27   AU197(N,2N)AU196    6.0009E-12  2.1190E-24
   TI46(N,2N)TI45      5.9289E-14  2.0935E-26   CU63(N,A)CO60       1.2674E-13  4.4751E-26   AU197(N,G)AU198     3.6121E-15  1.2755E-27
   TI46(N,P)SC46       7.1918E-13  2.5395E-25   CU65(N,2N)CU64      2.4949E-12  8.8095E-25   HG199(N,N')HG199M   4.3680E-13  1.5424E-25
   TI47(N,P)SC47       3.7132E-13  1.3112E-25   ZN64(N,P)CU64       4.9326E-13  1.7417E-25   PB204(N,N')PB204M   2.1668E-13  7.6511E-26
   TI47(N,X)SC46       1.1849E-13  4.1840E-26   ZN67(N,P)CU67       9.5898E-14  3.3862E-26   BI209(N,3N)BI207    1.0280E-15  3.6299E-28
   TI48(N,P)SC48       1.7449E-13  6.1614E-26   AS75(N,2N)AS74      2.6870E-12  9.4880E-25   TH232(N,FISSION)    1.0240E-12  3.6158E-25
   TI48(N,X)SC47       2.1317E-14  7.5273E-27   Y89(N,2N)Y88        2.3686E-12  8.3637E-25   TH232(N,G)TH233     3.0690E-15  1.0837E-27
   TI49(N,X)SC48       1.1739E-14  4.1450E-27   ZR90(N,2N)ZR89      1.7208E-12  6.0761E-25   U235(N,FISSION)     5.8137E-12  2.0529E-24
   V51(N,A)SC48        4.3005E-14  1.5185E-26   NB93(N,G)NB94       2.4835E-15  8.7693E-28   U235(N,G)U236       3.2582E-15  1.1505E-27
   CR52(N,2N)CR51      7.8028E-13  2.7552E-25   NB93(N,N')NB93M     1.1207E-13  3.9574E-26   U238(N,2N)U237      2.6856E-12  9.4830E-25
   MN55(N,2N)MN54      1.9848E-12  7.0085E-25   NB93(N,2N)NB92M     1.2942E-12  4.5698E-25   U238(N,FISSION)     3.2427E-12  1.1450E-24
   MN55(N,G)MN56       1.7675E-15  6.2412E-28   MO92(N,P)NB92M      2.0230E-13  7.1432E-26   U238(N,G)U239       2.4218E-15  8.5516E-28
   FE54(N,2N)FE53      9.9626E-15  3.5178E-27   RH103(N,N')RH103M   8.5682E-13  3.0255E-25   NP237(N,FISSION)    6.1276E-12  2.1637E-24
   FE54(N,P)MN54       9.5729E-13  3.3803E-25   AG109(N,G)AG110M    5.4585E-16  1.9274E-28   PU239(N,FISSION)    6.8010E-12  2.4015E-24
   FE54(N,A)CR51       2.4827E-13  8.7666E-26   IN113(N,N')IN113M   1.7037E-13  6.0158E-26   AM241(N,FISSION)    7.4491E-12  2.6303E-24
   FE56(N,P)MN56       3.1605E-13  1.1160E-25   IN113(N,G)IN114M    2.8498E-15  1.0063E-27   SC45(N,G)SC46       1.9645E-15  6.9366E-28

  INPUT FLUX REL. CORRELATION MATRIX (by row from diagonal)
   1   1000   988   952   895   821   734   641   546   454   368   291   225   169   124    89    62    42    28    18    12
          7     4     3     1     1     0     0     0     0     0     0     0     0     0     0     0     0     0     0     0
          0     0     0     0     0     0     0     0     0     0     0     0     0     0     0     0     0     0     0     0
          0     0     0     0     0     0     0     0     0     0     0     0     0     0     0     0     0     0     0     0
          0     0     0     0     0     0     0     0     0     0     0     0     0     1     1     1     1     1     2     2
          4     5     5     5     5     5     5     5     5     5     5     5     5     5     5     5     5     5     5     5
          5     5     5     5     5     5     5     5     5     5     5     5     5     5     5     5     5     5     5     5

  OUTPUT FLUX REL. CORRELATION MATRIX (by row from diagonal)
   1   1000   988   952   895   821   734   641   546   454   368   291   225   169   124    89    62    42    28    18    12
          7     4     3     1     1     0     0     0     0     0     0     0     0     0     0     0     0     0     0     0
          0     0     0     0     0     0     0     0     0     0     0     0     0     0     0     0     0     0     0     0
          0     0     0     0     0     0     0     0     0     0     0     0     0     0     0     0     0     0     0     0
          0     0     0     0     0     0     0     0     0     0     0     0     0     0     0     1     1     2     2     2
          4     5     5     5     5     5     5     5     5     5     5     5     5     5     5     5     5     5     5     5
          5     5     5     5     5     5     5     5     5     5     5     5     5     5     5     5     5     5     5     5
   2   1000   988   952   895   821   734   641   546   454   368   291   225   169   124    89    62    42    28    18    12
          7     4     3     1     1     0     0     0     0     0     0     0     0     0     0     0     0     0     0     0
          0     0     0     0     0     0     0     0     0     0     0     0     0     0     0     0     0     0     0     0
          0     0     0     0     0     0     0     0     0     0     0     0     0     0     0     0     0     0     0     0
          0     0     0     0     0     0     0     0     0     0     0     0     0     0     1     1     2     2     2     4
          5     5     5     5     5     5     5     5     5     5     5     5     5     5     5     5     5     5     5     5
          5     5     5     5     5     5     5     5     5     5     5     5     5     5     5     5     5     5     5
   3   1000   988   952   895   821   734   641   546   454   368   291   225   169   124    89    62    42    28    18    12
          7     4     3     1     1     0     0     0     0     0     0     0     0     0     0     0     0     0     0     0
          0     0     0     0     0     0     0     0     0     0     0     0     0     0     0     0     0     0     0     0
          0     0     0     0     0     0     0     0     0     0     0     0     0     0     0     0     0     0     0     0
          0     0     0     0     0     0     0     0     0     0     0     0     0     1     1     2     2     2     4     5
          5     5     5     5     5     5     5     5     5     5     5     5     5     5     5     5     5     5     5     5
          5     5     5     5     5     5     5     5     5     5     5     5     5     5     5     5     5     5
   4   1000   988   952   895   821   734   641   546   454   368   291   225   169   124    89    62    42    28    18    12
          7     4     3     1     1     0     0     0     0     0     0     0     0     0     0     0     0     0     0     0
          0     0     0     0     0     0     0     0     0     0     0     0     0     0     0     0     0     0     0     0
          0     0     0     0     0     0     0     0     0     0     0     0     0     0     0     0     0     0     0     0
          0     0     0     0     0     0     0     0     0     0     0     0     1     1     2     2     2     4     5     5
          5     5     5     5     5     5     5     5     5     5     5     5     5     5     5     5     5     5     5     5
          5     5     5     5     5     5     5     5     5     5     5     5     5     5     5     5     5
   5   1000   988   952   895   821   734   641   546   454   368   291   225   169   124    89    62    42    28    18    12
          7     4     3     1     1     0     0     0     0     0     0     0     0     0     0     0     0     0     0     0
          0     0     0     0     0     0     0     0     0     0     0     0     0     0     0     0     0     0     0     0
          0     0     0     0     0     0     0     0     0     0     0     0     0     0     0     0     0     0     0     0
          0     0     0     0     0     0     0     0     0     0     0     1     1     2     2     2     4     5     5     5
          5     5     5     5     5     5     5     5     5     5     5     5     5     5     5     5     5     5     5     5
          5     5     5     5     5     5     5     5     5     5     5     5     5     5     5     5
   6   1000   988   952   895   821   734   641   546   454   368   291   225   169   124    89    62    42    28    18    12
          7     4     3     1     1     0     0     0     0     0     0     0     0     0     0     0     0     0     0     0
          0     0     0     0     0     0     0     0     0     0     0     0     0     0     0     0     0     0     0     0
          0     0     0     0     0     0     0     0     0     0     0     0     0     0     0     0     0     0     0     0
          0     0     0     0     0     0     0     0     0     0     1     1     2     2     2     4     5     5     5     5
          5     5     5     5     5     5     5     5     5     5     5     5     5     5     5     5     5     5     5     5
          5     5     5     5     5     5     5     5     5     5     5     5     5     5     5
   7   1000   988   952   895   821   734   641   546   454   368   291   225   169   124    89    62    42    28    18    12
          7     4     3     1     1     0     0     0     0     0     0     0     0     0     0     0     0     0     0     0
          0     0     0     0     0     0     0     0     0     0     0     0     0     0     0     0     0     0     0     0
          0     0     0     0     0     0     0     0     0     0     0     0     0     0     0     0     0     0     0     0
          0     0     0     0     0     0     0     0     0     1     1     2     2     2     4     5     5     5     5     5
          5     5     5     5     5     5     5     5     5     5     5     5     5     5     5     5     5     5     5     5
          5     5     5     5     5     5     5     5     5     5     5     5     5     5
   8   1000   988   952   895   821   734   641   546   454   368   291   225   169   124    89    62    42    28    18    12
          7     4     3     1     1     0     0     0     0     0     0     0     0     0     0     0     0     0     0     0
          0     0     0     0     0     0     0     0     0     0     0     0     0     0     0     0     0     0     0     0
          0     0     0     0     0     0     0     0     0     0     0     0     0     0     0     0     0     0     0     0
          0     0     0     0     0     0     0     0     1     1     2     2     2     4     5     5     5     5     5     5
          5     5     5     5     5     5     5     5     5     5     5     5     5     5     5     5     5     5     5     5
          5     5     5     5     5     5     5     5     5     5     5     5     5
   9   1000   988   952   895   821   734   641   546   454   368   291   225   169   124    89    62    42    28    18    12
          7     4     3     1     1     0     0     0     0     0     0     0     0     0     0     0     0     0     0     0
          0     0     0     0     0     0     0     0     0     0     0     0     0     0     0     0     0     0     0     0
          0     0     0     0     0     0     0     0     0     0     0     0     0     0     0     0     0     0     0     0
          0     0     0     0     0     0     0     1     1     2     2     2     4     5     5     5     5     5     5     5
          5     5     5     5     5     5     5     5     5     5     5     5     5     5     5     5     5     5     5     5
          5     5     5     5     5     5     5     5     5     5     5     5
  10   1000   988   952   895   821   734   641   546   454   368   291   225   169   124    89    62    42    28    18    12
          7     4     3     1     1     0     0     0     0     0     0     0     0     0     0     0     0     0     0     0
          0     0     0     0     0     0     0     0     0     0     0     0     0     0     0     0     0     0     0     0
          0     0     0     0     0     0     0     0     0     0     0     0     0     0     0     0     0     0     0     0
          0     0     0     0     0     0     1     1     2     2     2     4     5     5     5     5     5     5     5     5
          5     5     5     5     5     5     5     5     5     5     5     5     5     5     5     5     5     5     5     5
          5     5     5     5     5     5     5     5     5     5     5
  11   1000   988   952   895   821   734   641   546   454   368   291   225   169   124    89    62    42    28    18    12
          7     4     3     1     1     0     0     0     0     0     0     0     0     0     0     0     0     0     0     0
          0     0     0     0     0     0     0     0     0     0     0     0     0     0     0     0     0     0     0     0
          0     0     0     0     0     0     0     0     0     0     0     0     0     0     0     0     0     0     0     0
          0     0     0     0     0     1     1     2     2     2     4     5     5     5     5     5     5     5     5     5
          5     5     5     5     5     5     5     5     5     5     5     5     5     5     5     5     5     5     5     5
          5     5     5     5     5     5     5     5     5     5
  12   1000   988   952   895   821   734   641   546   454   368   291   225   169   124    89    62    42    28    18    12
          7     4     3     1     1     0     0     0     0     0     0     0     0     0     0     0     0     0     0     0
          0     0     0     0     0     0     0     0     0     0     0     0     0     0     0     0     0     0     0     0
          0     0     0     0     0     0     0     0     0     0     0     0     0     0     0     0     0     0     0     0
          0     0     0     0     1     1     2     2     2     4     5     5     5     5     5     5     5     5     5     5
          5     5     5     5     5     5     5     5     5     5     5     5     5     5     5     5     5     5     5     5
          5     5     5     5     5     5     5     5     5
  13   1000   988   952   895   821   734   641   546   454   368   291   225   169   124    89    62    42    28    18    12
          7     4     3     1     1     0     0     0     0     0     0     0     0     0     0     0     0     0     0     0
          0     0     0     0     0     0     0     0     0     0     0     0     0     0     0     0     0     0     0     0
          0     0     0     0     0     0     0     0     0     0     0     0     0     0     0     0     0     0     0     0
          0     0     0     1     1     2     2     2     4     5     5     5     5     5     5     5     5     5     5     5
          5     5     5     5     5     5     5     5     5     5     5     5     5     5     5     5     5     5     5     5
          5     5     5     5     5     5     5     5
  14   1000   988   952   895   821   734   641   546   454   368   291   225   169   124    89    62    42    28    18    12
          7     4     3     1     1     0     0     0     0     0     0     0     0     0     0     0     0     0     0     0
          0     0     0     0     0     0     0     0     0     0     0     0     0     0     0     0     0     0     0     0
          0     0     0     0     0     0     0     0     0     0     0     0     0     0     0     0     0     0     0     0
          0     0     1     1     2     2     2     4     5     5     5     5     5     5     5     5     5     5     5     5
          5     5     5     5     5     5     5     5     5     5     5     5     5     5     5     5     5     5     5     5
          5     5     5     5     5     5     5
  15   1000   988   952   895   821   734   641   546   454   368   291   225   169   124    89    62    42    28    18    12
          7     4     3     1     1     0     0     0     0     0     0     0     0     0     0     0     0     0     0     0
          0     0     0     0     0     0     0     0     0     0     0     0     0     0     0     0     0     0     0     0
          0     0     0     0     0     0     0     0     0     0     0     0     0     0     0     0     0     0     0     0
          0     1     1     2     2     2     4     5     5     5     5     5     5     5     5     5     5     5     5     5
          5     5     5     5     5     5     5     5     5     5     5     5     5     5     5     5     5     5     5     5
          5     5     5     5     5     5
  16   1000   988   952   895   821   734   641   546   454   368   291   225   169   124    89    62    42    28    18    12
          7     4     3     1     1     0     0     0     0     0     0     0     0     0     0     0     0     0     0     0
          0     0     0     0     0     0     0     0     0     0     0     0     0     0     0     0     0     0     0     0
          0     0     0     0     0     0     0     0     0     0     0     0     0     0     0     0     0     0     0     0
          1     1     2     2     2     4     5     5     5     5     5     5     5     5     5     5     5     5     5     5
          5     5     5     5     5     5     5     5     5     5     5     5     5     5     5     5     5     5     5     5
          5     5     5     5     5
  17   1000   988   952   895   821   734   641   546   454   368   291   225   169   124    89    62    42    28    18    12
          7     4     3     1     1     0     0     0     0     0     0     0     0     0     0     0     0     0     0     0
          0     0     0     0     0     0     0     0     0     0     0     0     0     0     0     0     0     0     0     0
          0     0     0     0     0     0     0     0     0     0     0     0     0     0     0     0     0     0     0     1
          1     2     2     2     4     5     5     5     5     5     5     5     5     5     5     5     5     5     5     5
          5     5     5     5     5     5     5     5     5     5     5     5     5     5     5     5     5     5     5     5
          5     5     5     5
  18   1000   988   952   895   821   734   641   546   454   368   291   225   169   124    89    62    42    28    18    12
          7     4     3     1     1     0     0     0     0     0     0     0     0     0     0     0     0     0     0     0
          0     0     0     0     0     0     0     0     0     0     0     0     0     0     0     0     0     0     0     0
          0     0     0     0     0     0     0     0     0     0     0     0     0     0     0     0     0     0     1     1
          2     2     2     4     5     5     5     5     5     5     5     5     5     5     5     5     5     5     5     5
          5     5     5     5     5     5     5     5     5     5     5     5     5     5     5     5     5     5     5     5
          5     5     5
  19   1000   988   952   895   821   734   641   546   454   368   291   225   169   124    89    62    42    28    18    12
          7     4     3     1     1     0     0     0     0     0     0     0     0     0     0     0     0     0     0     0
          0     0     0     0     0     0     0     0     0     0     0     0     0     0     0     0     0     0     0     0
          0     0     0     0     0     0     0     0     0     0     0     0     0     0     0     0     0     1     1     2
          2     2     4     5     5     5     5     5     5     5     5     5     5     5     5     5     5     5     5     5
          5     5     5     5     5     5     5     5     5     5     5     5     5     5     5     5     5     5     5     5
          5     5
  20   1000   988   952   895   821   734   641   546   454   368   291   225   169   124    89    62    42    28    18    12
          7     4     3     1     1     0     0     0     0     0     0     0     0     0     0     0     0     0     0     0
          0     0     0     0     0     0     0     0     0     0     0     0     0     0     0     0     0     0     0     0
          0     0     0     0     0     0     0     0     0     0     0     0     0     0     0     0     1     1     2     2
          2     4     5     5     5     5     5     5     5     5     5     5     5     5     5     5     5     5     5     5
          5     5     5     5     5     5     5     5     5     5     5     5     5     5     5     5     5     5     5     5
          5
  21   1000   988   952   895   821   734   641   546   454   368   291   225   169   124    89    62    42    28    18    12
          7     4     3     1     1     0     0     0     0     0     0     0     0     0     0     0     0     0     0     0
          0     0     0     0     0     0     0     0     0     0     0     0     0     0     0     0     0     0     0     0
          0     0     0     0     0     0     0     0     0     0     0     0     0     0     0     1     1     2     2     2
          4     5     5     5     5     5     5     5     5     5     5     5     5     5     5     5     5     5     5     5
          5     5     5     5     5     5     5     5     5     5     5     5     5     5     5     5     5     5     5     5
  22   1000   988   952   895   821   734   641   546   454   368   291   225   169   124    89    62    42    28    18    12
          7     4     3     1     1     0     0     0     0     0     0     0     0     0     0     0     0     0     0     0
          0     0     0     0     0     0     0     0     0     0     0     0     0     0     0     0     0     0     0     0
          0     0     0     0     0     0     0     0     0     0     0     0     0     0     1     1     2     2     2     4
          5     5     5     5     5     5     5     5     5     5     5     5     5     5     5     5     5     5     5     5
          5     5     5     5     5     5     5     5     5     5     5     5     5     5     5     5     5     5     5
  23   1000   988   952   895   821   734   641   546   454   368   291   225   169   124    89    62    42    28    18    12
          7     4     3     1     1     0     0     0     0     0     0     0     0     0     0     0     0     0     0     0
          0     0     0     0     0     0     0     0     0     0     0     0     0     0     0     0     0     0     0     0
          0     0     0     0     0     0     0     0     0     0     0     0     0     1     1     2     2     2     4     5
          5     5     5     5     5     5     5     5     5     5     5     5     5     5     5     5     5     5     5     5
          5     5     5     5     5     5     5     5     5     5     5     5     5     5     5     5     5     5
  24   1000   988   952   895   821   734   641   546   454   368   291   225   169   124    89    62    42    28    18    12
          7     4     3     1     1     0     0     0     0     0     0     0     0     0     0     0     0     0     0     0
          0     0     0     0     0     0     0     0     0     0     0     0     0     0     0     0     0     0     0     0
          0     0     0     0     0     0     0     0     0     0     0     0     1     1     2     2     2     4     5     5
          5     5     5     5     5     5     5     5     5     5     5     5     5     5     5     5     5     5     5     5
          5     5     5     5     5     5     5     5     5     5     5     5     5     5     5     5     5
  25   1000   988   952   895   821   734   641   546   454   368   291   225   169   124    89    62    42    28    18    12
          7     4     3     1     1     0     0     0     0     0     0     0     0     0     0     0     0     0     0     0
          0     0     0     0     0     0     0     0     0     0     0     0     0     0     0     0     0     0     0     0
          0     0     0     0     0     0     0     0     0     0     0     1     1     2     2     2     4     5     5     5
          5     5     5     5     5     5     5     5     5     5     5     5     5     5     5     5     5     5     5     5
          5     5     5     5     5     5     5     5     5     5     5     5     5     5     5     5
  26   1000   988   952   895   821   734   641   546   454   368   291   225   169   124    89    62    42    28    18    12
          7     4     3     1     1     0     0     0     0     0     0     0     0     0     0     0     0     0     0     0
          0     0     0     0     0     0     0     0     0     0     0     0     0     0     0     0     0     0     0     0
          0     0     0     0     0     0     0     0     0     0     1     1     2     2     2     4     5     5     5     5
          5     5     5     5     5     5     5     5     5     5     5     5     5     5     5     5     5     5     5     5
          5     5     5     5     5     5     5     5     5     5     5     5     5     5     5
  27   1000   988   952   895   821   734   641   546   454   368   291   225   169   124    89    62    42    28    18    12
          7     4     3     1     1     0     0     0     0     0     0     0     0     0     0     0     0     0     0     0
          0     0     0     0     0     0     0     0     0     0     0     0     0     0     0     0     0     0     0     0
          0     0     0     0     0     0     0     0     0     1     1     2     2     2     4     5     5     5     5     5
          5     5     5     5     5     5     5     5     5     5     5     5     5     5     5     5     5     5     5     5
          5     5     5     5     5     5     5     5     5     5     5     5     5     5
  28   1000   988   952   895   821   734   641   546   454   368   291   225   169   124    89    62    42    28    18    12
          7     4     3     1     1     0     0     0     0     0     0     0     0     0     0     0     0     0     0     0
          0     0     0     0     0     0     0     0     0     0     0     0     0     0     0     0     0     0     0     0
          0     0     0     0     0     0     0     0     1     1     2     2     2     4     5     5     5     5     5     5
          5     5     5     5     5     5     5     5     5     5     5     5     5     5     5     5     5     5     5     5
          5     5     5     5     5     5     5     5     5     5     5     5     5
  29   1000   988   952   895   821   734   641   546   454   368   291   225   169   124    89    62    42    28    18    12
          7     4     3     1     1     0     0     0     0     0     0     0     0     0     0     0     0     0     0     0
          0     0     0     0     0     0     0     0     0     0     0     0     0     0     0     0     0     0     0     0
          0     0     0     0     0     0     0     1     1     2     2     2     4     5     5     5     5     5     5     5
          5     5     5     5     5     5     5     5     5     5     5     5     5     5     5     5     5     5     5     5
          5     5     5     5     5     5     5     5     5     5     5     5
  30   1000   988   952   895   821   734   641   546   454   368   291   225   169   124    89    62    42    28    18    12
          7     4     3     1     1     0     0     0     0     0     0     0     0     0     0     0     0     0     0     0
          0     0     0     0     0     0     0     0     0     0     0     0     0     0     0     0     0     0     0     0
          0     0     0     0     0     0     1     1     2     2     2     4     5     5     5     5     5     5     5     5
          5     5     5     5     5     5     5     5     5     5     5     5     5     5     5     5     5     5     5     5
          5     5     5     5     5     5     5     5     5     5     5
  31   1000   988   952   895   821   734   641   546   454   368   291   225   169   124    89    62    42    28    18    12
          7     4     3     1     1     0     0     0     0     0     0     0     0     0     0     0     0     0     0     0
          0     0     0     0     0     0     0     0     0     0     0     0     0     0     0     0     0     0     0     0
          0     0     0     0     0     1     1     2     2     2     4     5     5     5     5     5     5     5     5     5
          5     5     5     5     5     5     5     5     5     5     5     5     5     5     5     5     5     5     5     5
          5     5     5     5     5     5     5     5     5     5
  32   1000   988   952   895   821   734   641   546   454   368   291   225   169   124    89    62    42    28    18    12
          7     4     3     1     1     0     0     0     0     0     0     0     0     0     0     0     0     0     0     0
          0     0     0     0     0     0     0     0     0     0     0     0     0     0     0     0     0     0     0     0
          0     0     0     0     1     1     2     2     2     4     5     5     5     5     5     5     5     5     5     5
          5     5     5     5     5     5     5     5     5     5     5     5     5     5     5     5     5     5     5     5
          5     5     5     5     5     5     5     5     5
  33   1000   988   952   895   821   734   641   546   454   368   291   225   169   124    89    62    42    28    18    12
          7     4     3     1     1     0     0     0     0     0     0     0     0     0     0     0     0     0     0     0
          0     0     0     0     0     0     0     0     0     0     0     0     0     0     0     0     0     0     0     0
          0     0     0     1     1     2     2     2     4     5     5     5     5     5     5     5     5     5     5     5
          5     5     5     5     5     5     5     5     5     5     5     5     5     5     5     5     5     5     5     5
          5     5     5     5     5     5     5     5
  34   1000   988   952   895   821   734   641   546   454   368   291   225   169   124    89    62    42    28    18    12
          7     4     3     1     1     0     0     0     0     0     0     0     0     0     0     0     0     0     0     0
          0     0     0     0     0     0     0     0     0     0     0     0     0     0     0     0     0     0     0     0
          0     0     1     1     2     2     2     4     5     5     5     5     5     5     5     5     5     5     5     5
          5     5     5     5     5     5     5     5     5     5     5     5     5     5     5     5     5     5     5     5
          5     5     5     5     5     5     5
  35   1000   988   952   895   821   734   641   546   454   368   291   225   169   124    89    62    42    28    18    12
          7     4     3     1     1     0     0     0     0     0     0     0     0     0     0     0     0     0     0     0
          0     0     0     0     0     0     0     0     0     0     0     0     0     0     0     0     0     0     0     0
          0     1     1     2     2     2     4     5     5     5     5     5     5     5     5     5     5     5     5     5
          5     5     5     5     5     5     5     5     5     5     5     5     5     5     5     5     5     5     5     5
          5     5     5     5     5     5
  36   1000   988   952   895   821   734   641   546   454   368   291   225   169   124    89    62    42    28    18    12
          7     4     3     1     1     0     0     0     0     0     0     0     0     0     0     0     0     0     0     0
          0     0     0     0     0     0     0     0     0     0     0     0     0     0     0     0     0     0     0     0
          1     1     2     2     2     4     5     5     5     5     5     5     5     5     5     5     5     5     5     5
          5     5     5     5     5     5     5     5     5     5     5     5     5     5     5     5     5     5     5     5
          5     5     5     5     5
  37   1000   988   952   895   821   734   641   546   454   368   291   225   169   124    89    62    42    28    18    12
          7     4     3     1     1     0     0     0     0     0     0     0     0     0     0     0     0     0     0     0
          0     0     0     0     0     0     0     0     0     0     0     0     0     0     0     0     0     0     0     1
          1     2     2     2     4     5     5     5     5     5     5     5     5     5     5     5     5     5     5     5
          5     5     5     5     5     5     5     5     5     5     5     5     5     5     5     5     5     5     5     5
          5     5     5     5
  38   1000   988   952   895   821   734   641   546   454   368   291   225   169   124    89    62    42    28    18    12
          7     4     3     2     1     0     0     0     0     0     0     0     0     0     0     0     0     0     0     0
          0     0     0     0     0     0     0     0     0     0     0     0     0     0     0    -1     0     0     1     1
          2     2     2     4     6     6     6     6     6     6     6     6     6     6     6     6     6     6     6     6
          6     6     6     6     6     6     6     6     6     6     6     6     6     6     6     6     6     6     6     6
          6     6     6
  39   1000   988   952   895   821   734   641   546   454   368   291   225   169   124    89    62    42    28    18    12
          7     4     3     2     1     0     0     0     0     0     0     0     0     0     0     0     0     0     0     0
          0     0     0     0     0     0     0     0     0     0     0     0     0     0    -1     0     0     1     1     2
          2     2     4     6     6     6     6     6     6     6     6     6     6     6     6     6     6     6     6     6
          6     6     6     6     6     6     6     6     6     6     6     6     6     6     6     6     6     6     6     6
          6     6
  40   1000   988   952   895   821   734   641   546   454   368   291   225   169   124    89    62    42    28    18    12
          7     4     3     2     1     0     0     0     0     0     0     0     0     0     0     0     0     0     0     0
          0     0     0     0     0     0     0     0     0     0     0     0     0    -1     0     0     1     2     2     2
          2     4     6     6     6     6     6     6     6     6     6     6     6     6     6     6     6     6     6     6
          6     6     6     6     6     6     6     6     6     6     6     6     6     6     6     6     6     6     6     6
          6
  41   1000   988   952   895   821   734   641   546   454   368   291   225   169   124    89    62    42    28    18    12
          7     4     3     2     1     0     0     0     0     0     0     0     0     0     0     0     0     0     0     0
          0     0     0     0     0     0     0     0     0     0     0     0    -1     0     0     1     2     2     2     3
          4     6     6     6     6     6     6     6     6     6     6     6     6     6     6     6     6     6     6     6
          6     6     6     6     6     6     6     6     6     6     6     6     6     6     6     6     6     6     6     6
  42   1000   988   952   895   821   734   641   546   454   368   291   225   169   124    89    62    42    28    18    12
          7     4     3     2     1     0     0     0     0     0     0     0     0     0     0     0     0     0     0     0
          0     0     0     0     0     0     0     0     0     0     0    -1     0     0     1     2     2     2     3     4
          6     6     6     6     6     6     6     6     6     6     6     6     6     6     6     6     6     6     6     6
          6     6     6     6     6     6     6     6     6     6     6     6     6     6     6     6     6     6     6
  43   1000   988   952   895   821   734   641   546   454   368   291   225   169   124    89    62    42    28    18    12
          7     4     3     2     1     0     0     0     0     0     0     0     0     0     0     0     0     0     0     0
          0     0     0     0     0     0     0     0     0     0    -1     0     0     1     2     2     2     3     4     6
          6     6     6     6     6     6     6     6     6     6     6     6     6     6     6     6     6     6     6     6
          6     6     6     6     6     6     6     6     6     6     6     6     6     6     6     6     6     6
  44   1000   988   952   895   821   734   641   546   454   368   291   225   169   124    89    62    42    28    18    12
          7     4     3     2     1     0     0     0     0     0     0     0     0     0     0     0     0     0     0     0
          0     0     0     0     0     0     0     0     0    -1     0     0     1     2     2     2     3     5     6     6
          6     6     6     6     6     6     6     6     6     6     6     6     6     6     6     6     6     6     6     6
          6     6     6     6     6     6     6     6     6     6     6     6     6     6     6     6     6
  45   1000   988   952   895   821   734   641   546   454   368   291   225   169   124    89    62    42    28    18    12
          7     4     3     2     1     0     0     0     0     0     0     0     0     0     0     0     0     0     0     0
          0     0     0     0     0     0     0     0    -1     0     1     1     2     2     2     3     5     6     6     6
          6     6     6     6     6     6     6     6     6     6     6     6     6     6     6     6     6     6     6     6
          6     6     6     6     6     6     6     6     6     6     6     6     6     6     6     6
  46   1000   988   952   895   821   734   641   546   454   368   291   225   169   124    89    62    42    28    18    12
          7     4     3     2     1     0     0     0     0     0     0     0     0     0     0     0     0     0     0     0
          0     0     0     0     0     0     0    -1     0     1     1     2     2     2     3     5     6     6     6     6
          6     6     6     6     6     6     6     6     6     6     6     6     6     6     6     6     6     6     6     6
          6     6     6     6     6     6     6     6     6     6     6     6     6     6     6
  47   1000   988   952   895   821   734   641   546   454   368   291   225   169   124    89    62    42    28    18    12
          7     4     3     2     1     0     0     0     0     0     0     0     0     0     0     0     0     0     0     0
          0     0     0     0     0     0    -1     0     1     1     2     2     2     3     5     6     6     6     6     6
          6     6     6     6     6     6     6     6     6     6     6     6     6     6     6     6     6     6     6     6
          6     6     6     6     6     6     6     6     6     6     6     6     6     6
  48   1000   988   952   895   821   734   641   546   454   368   291   225   169   124    89    62    42    28    18    12
          7     4     3     2     1     0     0     0     0     0     0     0     0     0     0     0     0     0     0     0
          0     0     0     0     0    -1     0     1     1     2     2     2     3     5     7     7     7     7     7     7
          7     7     7     7     7     7     7     7     7     7     7     7     7     7     7     7     7     7     7     7
          7     7     7     7     7     7     7     7     7     7     7     7     7
  49   1000   988   952   895   821   734   641   546   454   368   291   225   169   124    89    62    42    28    18    12
          7     4     3     2     1     0     0     0     0     0     0     0     0     0     0     0     0     0     0     0
          0     0     0     0    -1     0     1     1     2     2     3     3     5     7     7     7     7     7     7     7
          7     7     7     7     7     7     7     7     7     7     7     7     7     7     7     7     7     7     7     7
          7     7     7     7     7     7     7     7     7     7     7     7
  50   1000   988   952   895   821   734   641   546   454   368   291   225   169   124    89    62    42    28    18    12
          7     4     3     2     1     0     0     0     0     0     0     0     0     0     0     0     0     0     0     0
          0     0    -1    -1     0     1     1     2     2     3     3     5     7     7     7     7     7     7     7     7
          7     7     7     7     7     7     7     7     7     7     7     7     7     7     7     7     7     7     7     7
          7     7     7     7     7     7     7     7     7     7     7
  51   1000   988   952   895   821   734   641   546   454   368   291   225   169   124    89    62    42    28    18    12
          7     4     3     2     1     0     0     0     0     0     0     0     0     0     0     0     0     0     0     0
          0    -1    -1     0     1     1     2     2     3     3     5     7     7     7     7     7     7     7     7     7
          7     7     7     7     7     7     7     7     7     7     7     7     7     7     7     7     7     7     7     7
          7     7     7     7     7     7     7     7     7     7
  52   1000   988   952   895   821   734   641   546   454   368   291   225   169   124    89    62    42    28    18    12
          7     4     3     2     1     0     0     0     0     0     0     0     0     0     0     0     0     0     0     0
         -1    -1     0     1     1     2     2     3     3     5     7     7     7     7     7     7     7     7     7     7
          7     7     7     7     7     7     7     7     7     7     7     7     7     7     7     7     7     7     7     7
          7     7     7     7     7     7     7     7     7
  53   1000   988   952   895   821   734   641   546   454   368   291   225   169   124    89    62    42    28    18    12
          7     4     3     2     1     0     0     0     0     0     0     0     0     0     0     0     0     0     0    -1
         -1     0     1     1     2     2     3     3     5     7     7     7     7     7     7     7     7     7     7     7
          7     7     7     7     7     7     7     7     7     7     7     7     7     7     7     7     7     7     7     7
          7     7     7     7     7     7     7     7
  54   1000   988   952   895   821   734   641   546   454   368   291   225   169   124    89    62    42    28    18    12
          7     4     3     2     1     0     0     0     0     0     0     0     0     0     0     0     0     0    -1    -1
          0     1     1     2     2     3     3     5     7     7     7     7     7     7     7     7     7     7     7     7
          7     7     7     7     7     7     7     7     7     7     7     7     7     7     7     7     7     7     7     7
          7     7     7     7     7     7     7
  55   1000   988   952   895   821   734   641   546   454   368   291   225   169   124    89    62    42    28    18    12
          7     4     3     1     1     0     0     0     0     0     0     0     0     0     0     0     0    -1    -1     0
          1     1     2     2     3     3     5     7     7     7     7     7     7     7     7     7     7     7     7     7
          7     7     7     7     7     7     7     7     7     7     7     7     7     7     7     7     7     7     7     7
          7     7     7     7     7     7
  56   1000   988   952   895   821   734   641   546   454   368   291   225   169   124    89    62    42    28    18    12
          7     4     3     1     1     0     0     0     0     0     0     0     0     0     0     0    -1    -1     0     1
          1     2     2     3     3     6     7     7     7     7     7     7     7     7     7     7     7     7     7     7
          7     7     7     7     7     7     7     7     7     7     7     7     7     7     7     7     7     7     7     7
          7     7     7     7     7
  57   1000   988   952   895   821   734   641   546   454   368   291   225   169   124    89    62    42    28    18    12
          7     4     3     1     1     0     0     0     0     0     0     0     0     0     0    -1    -1     0     1     1
          2     2     3     3     6     8     8     8     8     8     8     8     8     8     8     8     8     8     8     8
          8     8     8     8     8     8     8     8     8     8     8     8     8     8     8     8     8     8     8     8
          8     8     8     8
  58   1000   988   952   895   821   734   641   546   454   368   291   225   169   124    89    62    42    28    18    12
          7     4     3     1     1     0     0     0     0     0     0     0     0     0    -1    -1     0     1     1     2
          2     3     3     6     8     8     8     8     8     8     8     8     8     8     8     8     8     8     8     8
          8     8     8     8     8     8     8     8     8     8     8     8     8     8     8     8     8     8     8     8
          8     8     8
  59   1000   988   952   895   821   734   641   546   454   368   291   225   169   124    89    62    42    28    18    12
          7     4     3     1     1     0     0     0     0     0     0     0     0    -1    -1     0     1     1     2     2
          3     3     6     8     8     8     8     8     8     8     8     8     8     8     8     8     8     8     8     8
          8     8     8     8     8     8     8     8     8     8     8     8     8     8     8     8     8     8     8     8
          8     8
  60   1000   988   952   895   821   734   641   546   454   368   291   225   169   124    89    62    42    28    18    12
          7     4     2     1     1     0     0     0     0     0     0     0    -1    -1     0     1     1     2     2     3
          3     6     8     8     8     8     8     8     8     8     8     8     8     8     8     8     8     8     8     8
          8     8     8     8     8     8     8     8     8     8     8     8     8     8     8     8     8     8     8     8
          8
  61   1000   988   952   895   821   734   641   546   454   368   291   225   169   124    89    62    42    28    18    12
          7     4     2     1     1     0     0     0     0     0     0    -1    -1     0     1     1     2     3     3     3
          6     8     8     8     8     8     8     8     8     8     8     8     8     8     8     8     8     8     8     8
          8     8     8     8     8     8     8     8     8     8     8     8     8     8     8     8     8     8     8     8
  62   1000   988   952   895   821   734   641   546   454   368   291   225   169   124    89    62    42    28    18    12
          7     4     2     1     1     0     0     0     0     0    -1    -1     0     1     2     2     3     3     3     6
          8     8     8     8     8     8     8     8     8     8     8     8     8     8     8     8     8     8     8     8
          8     8     8     8     8     8     8     8     8     8     8     8     8     8     8     8     8     8     8
  63   1000   988   952   895   821   734   641   546   454   368   291   225   169   124    89    62    42    28    18    12
          7     4     2     1     0     0     0     0     0    -1    -1     0     1     2     2     3     3     3     6     8
          8     8     8     8     8     8     8     8     8     8     8     8     8     8     8     8     8     8     8     8
          8     8     8     8     8     8     8     8     8     8     8     8     8     8     8     8     8     8
  64   1000   988   952   895   821   734   641   546   454   368   291   225   169   124    89    62    43    28    18    12
          7     4     2     1     0     0     0     0    -1    -1     0     1     2     2     3     3     3     6     8     8
          8     8     8     8     8     8     8     8     8     8     8     8     8     8     8     8     8     8     8     8
          8     8     8     8     8     8     8     8     8     8     8     8     8     8     8     8     8
  65   1000   988   952   895   821   734   641   546   454   368   291   225   169   124    89    62    43    28    19    12
          7     4     2     1     0     0     0     0    -1     0     1     2     2     3     3     3     6     8     8     8
          8     8     8     8     8     8     8     8     8     8     8     8     8     8     8     8     8     8     8     8
          8     8     8     8     8     8     8     8     8     8     8     8     8     8     8     8
  66   1000   988   952   895   821   734   641   546   454   368   291   225   169   124    89    62    43    29    19    12
          7     4     2     1     0     0     0    -1     0     1     2     2     3     3     3     6     8     8     8     8
          8     8     8     8     8     8     8     8     8     8     8     8     8     8     8     8     8     8     8     8
          8     8     8     8     8     8     8     8     8     8     8     8     8     8     8
  67   1000   988   952   895   821   734   641   546   454   368   291   225   169   124    89    63    43    29    19    12
          8     5     3     1     0     0    -1     0     0     1     2     3     3     3     6     8     8     8     8     8
          8     8     8     8     8     8     8     8     8     8     8     8     8     8     8     8     8     8     8     8
          8     8     8     8     8     8     8     8     8     8     8     8     8     8
  68   1000   988   952   895   821   734   641   546   454   368   291   225   169   125    90    63    43    29    19    13
          8     5     3     1     0     0     0     1     1     2     2     3     3     6     8     8     8     8     8     8
          8     8     8     8     8     8     8     8     8     8     8     8     8     8     8     8     8     8     8     8
          8     8     8     8     8     8     8     8     8     8     8     8     8
  69   1000   988   952   895   821   734   641   546   454   368   291   225   170   125    90    64    44    30    20    13
          8     5     3     1     0     0     0     1     2     2     3     3     6     8     8     8     8     8     8     8
          8     8     8     8     8     8     8     8     8     8     8     8     8     8     8     8     8     8     8     8
          8     8     8     8     8     8     8     8     8     8     8     8
  70   1000   988   952   895   821   734   641   546   454   368   292   226   170   126    91    65    45    31    21    14
          9     5     2     0     1     0     1     1     2     2     3     6     8     8     8     8     8     8     8     8
          8     8     8     8     8     8     8     8     8     8     8     8     8     8     8     8     8     8     8     8
          8     8     8     8     8     8     8     8     8     8     8
  71   1000   988   952   895   821   735   641   546   454   369   292   226   172   127    93    67    47    33    22    15
         10     5     2     1     0     0     1     1     2     3     6     8     8     8     8     8     8     8     8     8
          8     8     8     8     8     8     8     8     8     8     8     8     8     8     8     8     8     8     8     8
          8     8     8     8     8     8     8     8     8     8
  72   1000   988   952   895   821   735   641   547   455   369   293   228   173   130    95    69    49    35    24    16
         10     5     3     0     0     0     0     1     2     5     8     8     8     8     8     8     8     8     8     8
          8     8     8     8     8     8     8     8     8     8     8     8     8     8     8     8     8     8     8     8
          8     8     8     8     8     8     8     8     8
  73   1000   988   952   895   821   735   642   547   456   371   295   230   176   133    99    72    52    37    26    17
          9     4     0    -2    -1     0     0     1     5     8     8     8     8     8     8     8     8     8     8     8
          8     8     8     8     8     8     8     8     8     8     8     8     8     8     8     8     8     8     8     8
          8     8     8     8     8     8     8     8
  74   1000   988   952   895   821   735   642   548   457   373   298   234   181   137   103    76    56    40    27    16
          7    -1    -4    -4    -3    -1     0     3     8     8     8     8     8     8     8     8     8     8     8     8
          8     8     8     8     8     8     8     8     8     8     8     8     8     8     8     8     8     8     8     8
          8     8     8     8     8     8     8
  75   1000   988   952   895   821   736   643   550   460   377   303   239   186   143   109    81    60    42    25    12
         -2    -8    -8    -6    -4    -2     2     8     8     8     8     8     8     8     8     8     8     8     8     8
          8     8     8     8     8     8     8     8     8     8     8     8     8     8     8     8     8     8     8     8
          8     8     8     8     8     8
  76   1000   988   952   895   822   737   645   553   464   382   309   247   194   151   115    87    62    39    18    -4
        -14   -14   -12    -9    -6     0     7     7     7     7     7     7     7     7     7     7     7     7     7     7
          7     7     7     7     7     7     7     7     7     7     7     7     7     7     7     7     7     7     7     7
          7     7     7     7     7
  77   1000   988   952   896   823   739   648   557   470   389   318   256   203   159   122    89    58    27    -6   -22
        -23   -20   -16   -12    -4     6     6     6     6     6     6     6     6     6     6     6     6     6     6     6
          6     6     6     6     6     6     6     6     6     6     6     6     6     6     6     6     6     6     6     6
          6     6     6     6
  78   1000   988   952   896   824   741   653   564   478   399   329   267   214   167   125    84    40    -9   -33   -36
        -32   -26   -20   -10     5     5     5     5     5     5     5     5     5     5     5     5     5     5     5     5
          5     5     5     5     5     5     5     5     5     5     5     5     5     5     5     5     5     5     5     5
          5     5     5
  79   1000   988   953   898   827   745   659   572   488   411   341   279   223   170   117    56   -12   -48   -53   -48
        -40   -32   -18     3     3     3     3     3     3     3     3     3     3     3     3     3     3     3     3     3
          3     3     3     3     3     3     3     3     3     3     3     3     3     3     3     3     3     3     3     3
          3     3
  80   1000   988   953   899   830   751   667   582   501   424   354   289   225   157    78   -16   -66   -74   -68   -58
        -48   -29     0     0     0     0     0     0     0     0     0     0     0     0     0     0     0     0     0     0
          0     0     0     0     0     0     0     0     0     0     0     0     0     0     0     0     0     0     0     0
          0
  81   1000   988   954   902   835   758   677   595   514   438   364   289   207   105   -20   -88  -102   -94   -81   -68
        -43    -3    -3    -3    -3    -3    -3    -3    -3    -3    -3    -3    -3    -3    -3    -3    -3    -3    -3    -3
         -3    -3    -3    -3    -3    -3    -3    -3    -3    -3    -3    -3    -3    -3    -3    -3    -3    -3    -3    -3
  82   1000   989   956   905   840   766   688   607   527   446   362   264   137   -23  -114  -134  -126  -110   -93   -62
         -7    -7    -7    -7    -7    -7    -7    -7    -7    -7    -7    -7    -7    -7    -7    -7    -7    -7    -7    -7
         -7    -7    -7    -7    -7    -7    -7    -7    -7    -7    -7    -7    -7    -7    -7    -7    -7    -7    -7
  83   1000   989   957   908   846   775   698   618   534   441   329   175   -25  -143  -171  -164  -145  -124   -84   -14
        -14   -14   -14   -14   -14   -14   -14   -14   -14   -14   -14   -14   -14   -14   -14   -14   -14   -14   -14   -14
        -14   -14   -14   -14   -14   -14   -14   -14   -14   -14   -14   -14   -14   -14   -14   -14   -14   -14
  84   1000   989   959   912   853   783   706   622   524   399   218   -26  -174  -213  -207  -185  -160  -111   -21   -21
        -21   -21   -21   -21   -21   -21   -21   -21   -21   -21   -21   -21   -21   -21   -21   -21   -21   -21   -21   -21
        -21   -21   -21   -21   -21   -21   -21   -21   -21   -21   -21   -21   -21   -21   -21   -21   -21
  85   1000   990   961   916   858   788   707   607   472   266   -22  -205  -257  -253  -230  -200  -142   -31   -31   -31
        -31   -31   -31   -31   -31   -31   -31   -31   -31   -31   -31   -31   -31   -31   -31   -31   -31   -31   -31   -31
        -31   -31   -31   -31   -31   -31   -31   -31   -31   -31   -31   -31   -31   -31   -31   -31
  86   1000   990   963   919   860   786   688   547   319   -14  -233  -301  -302  -278  -245  -177   -43   -43   -43   -43
        -43   -43   -43   -43   -43   -43   -43   -43   -43   -43   -43   -43   -43   -43   -43   -43   -43   -43   -43   -43
        -43   -43   -43   -43   -43   -43   -43   -43   -43   -43   -43   -43   -43   -43   -43
  87   1000   991   963   919   855   764   622   376     0  -257  -344  -351  -327  -293  -216   -57   -57   -57   -57   -57
        -57   -57   -57   -57   -57   -57   -57   -57   -57   -57   -57   -57   -57   -57   -57   -57   -57   -57   -57   -57
        -57   -57   -57   -57   -57   -57   -57   -57   -57   -57   -57   -57   -57   -57
  88   1000   991   963   914   833   696   438    23  -273  -380  -397  -377  -341  -258   -75   -75   -75   -75   -75   -75
        -75   -75   -75   -75   -75   -75   -75   -75   -75   -75   -75   -75   -75   -75   -75   -75   -75   -75   -75   -75
        -75   -75   -75   -75   -75   -75   -75   -75   -75   -75   -75   -75   -75
  89   1000   990   958   894   768   505    59  -275  -407  -436  -422  -389  -302   -97   -97   -97   -97   -97   -97   -97
        -97   -97   -97   -97   -97   -97   -97   -97   -97   -97   -97   -97   -97   -97   -97   -97   -97   -97   -97   -97
        -97   -97   -97   -97   -97   -97   -97   -97   -97   -97   -97   -97
  90   1000   988   945   837   580   113  -258  -418  -464  -459  -431  -347  -126  -126  -126  -126  -126  -126  -126  -126
       -126  -126  -126  -126  -126  -126  -126  -126  -126  -126  -126  -126  -126  -126  -126  -126  -126  -126  -126  -126
       -126  -126  -126  -126  -126  -126  -126  -126  -126  -126  -126
  91   1000   983   905   667   195  -210  -401  -468  -479  -460  -389  -164  -164  -164  -164  -164  -164  -164  -164  -164
       -164  -164  -164  -164  -164  -164  -164  -164  -164  -164  -164  -164  -164  -164  -164  -164  -164  -164  -164  -164
       -164  -164  -164  -164  -164  -164  -164  -164  -164  -164
  92   1000   967   771   321  -110  -334  -430  -462  -461  -420  -218  -218  -218  -218  -218  -218  -218  -218  -218  -218
       -218  -218  -218  -218  -218  -218  -218  -218  -218  -218  -218  -218  -218  -218  -218  -218  -218  -218  -218  -218
       -218  -218  -218  -218  -218  -218  -218  -218  -218
  93   1000   889   516    87  -169  -299  -362  -388  -402  -272  -272  -272  -272  -272  -272  -272  -272  -272  -272  -272
       -272  -272  -272  -272  -272  -272  -272  -272  -272  -272  -272  -272  -272  -272  -272  -272  -272  -272  -272  -272
       -272  -272  -272  -272  -272  -272  -272  -272
  94   1000   839   501   248    97     8   -44   -71   -39   -39   -39   -39   -39   -39   -39   -39   -39   -39   -39   -39
        -39   -39   -39   -39   -39   -39   -39   -39   -39   -39   -39   -39   -39   -39   -39   -39   -39   -39   -39   -39
        -39   -39   -39   -39   -39   -39   -39
  95   1000   888   720   588   488   410   295    81    81    81    81    81    81    81    81    81    81    81    81    81
         81    81    81    81    81    81    81    81    81    81    81    81    81    81    81    81    81    81    81    81
         81    81    81    81    81    81
  96   1000   956   884   810   738   583   192   192   192   192   192   192   192   192   192   192   192   192   192   192
        192   192   192   192   192   192   192   192   192   192   192   192   192   192   192   192   192   192   192   192
        192   192   192   192   192
  97   1000   981   940   888   733   265   265   265   265   265   265   265   265   265   265   265   265   265   265   265
        265   265   265   265   265   265   265   265   265   265   265   265   265   265   265   265   265   265   265   265
        265   265   265   265
  98   1000   988   957   819   323   323   323   323   323   323   323   323   323   323   323   323   323   323   323   323
        323   323   323   323   323   323   323   323   323   323   323   323   323   323   323   323   323   323   323   323
        323   323   323
  99   1000   990   878   377   377   377   377   377   377   377   377   377   377   377   377   377   377   377   377   377
        377   377   377   377   377   377   377   377   377   377   377   377   377   377   377   377   377   377   377   377
        377   377
 100   1000   920   432   432   432   432   432   432   432   432   432   432   432   432   432   432   432   432   432   432
        432   432   432   432   432   432   432   432   432   432   432   432   432   432   432   432   432   432   432   432
        432
 101   1000   742   742   742   742   742   742   742   742   742   742   742   742   742   742   742   742   742   742   742
        742   742   742   742   742   742   742   742   742   742   742   742   742   742   742   742   742   742   742   742
 102   1000  1000  1000  1000  1000  1000  1000  1000  1000  1000  1000  1000  1000  1000  1000  1000  1000  1000  1000  1000
       1000  1000  1000  1000  1000  1000  1000  1000  1000  1000  1000  1000  1000  1000  1000  1000  1000  1000  1000
 103   1000  1000  1000  1000  1000  1000  1000  1000  1000  1000  1000  1000  1000  1000  1000  1000  1000  1000  1000  1000
       1000  1000  1000  1000  1000  1000  1000  1000  1000  1000  1000  1000  1000  1000  1000  1000  1000  1000
 104   1000  1000  1000  1000  1000  1000  1000  1000  1000  1000  1000  1000  1000  1000  1000  1000  1000  1000  1000  1000
       1000  1000  1000  1000  1000  1000  1000  1000  1000  1000  1000  1000  1000  1000  1000  1000  1000
 105   1000  1000  1000  1000  1000  1000  1000  1000  1000  1000  1000  1000  1000  1000  1000  1000  1000  1000  1000  1000
       1000  1000  1000  1000  1000  1000  1000  1000  1000  1000  1000  1000  1000  1000  1000  1000
 106   1000  1000  1000  1000  1000  1000  1000  1000  1000  1000  1000  1000  1000  1000  1000  1000  1000  1000  1000  1000
       1000  1000  1000  1000  1000  1000  1000  1000  1000  1000  1000  1000  1000  1000  1000
 107   1000  1000  1000  1000  1000  1000  1000  1000  1000  1000  1000  1000  1000  1000  1000  1000  1000  1000  1000  1000
       1000  1000  1000  1000  1000  1000  1000  1000  1000  1000  1000  1000  1000  1000
 108   1000  1000  1000  1000  1000  1000  1000  1000  1000  1000  1000  1000  1000  1000  1000  1000  1000  1000  1000  1000
       1000  1000  1000  1000  1000  1000  1000  1000  1000  1000  1000  1000  1000
 109   1000  1000  1000  1000  1000  1000  1000  1000  1000  1000  1000  1000  1000  1000  1000  1000  1000  1000  1000  1000
       1000  1000  1000  1000  1000  1000  1000  1000  1000  1000  1000  1000
 110   1000  1000  1000  1000  1000  1000  1000  1000  1000  1000  1000  1000  1000  1000  1000  1000  1000  1000  1000  1000
       1000  1000  1000  1000  1000  1000  1000  1000  1000  1000  1000
 111   1000  1000  1000  1000  1000  1000  1000  1000  1000  1000  1000  1000  1000  1000  1000  1000  1000  1000  1000  1000
       1000  1000  1000  1000  1000  1000  1000  1000  1000  1000
 112   1000  1000  1000  1000  1000  1000  1000  1000  1000  1000  1000  1000  1000  1000  1000  1000  1000  1000  1000  1000
       1000  1000  1000  1000  1000  1000  1000  1000  1000
 113   1000  1000  1000  1000  1000  1000  1000  1000  1000  1000  1000  1000  1000  1000  1000  1000  1000  1000  1000  1000
       1000  1000  1000  1000  1000  1000  1000  1000
 114   1000  1000  1000  1000  1000  1000  1000  1000  1000  1000  1000  1000  1000  1000  1000  1000  1000  1000  1000  1000
       1000  1000  1000  1000  1000  1000  1000
 115   1000  1000  1000  1000  1000  1000  1000  1000  1000  1000  1000  1000  1000  1000  1000  1000  1000  1000  1000  1000
       1000  1000  1000  1000  1000  1000
 116   1000  1000  1000  1000  1000  1000  1000  1000  1000  1000  1000  1000  1000  1000  1000  1000  1000  1000  1000  1000
       1000  1000  1000  1000  1000
 117   1000  1000  1000  1000  1000  1000  1000  1000  1000  1000  1000  1000  1000  1000  1000  1000  1000  1000  1000  1000
       1000  1000  1000  1000
 118   1000  1000  1000  1000  1000  1000  1000  1000  1000  1000  1000  1000  1000  1000  1000  1000  1000  1000  1000  1000
       1000  1000  1000
 119   1000  1000  1000  1000  1000  1000  1000  1000  1000  1000  1000  1000  1000  1000  1000  1000  1000  1000  1000  1000
       1000  1000
 120   1000  1000  1000  1000  1000  1000  1000  1000  1000  1000  1000  1000  1000  1000  1000  1000  1000  1000  1000  1000
       1000
 121   1000  1000  1000  1000  1000  1000  1000  1000  1000  1000  1000  1000  1000  1000  1000  1000  1000  1000  1000  1000
 122   1000  1000  1000  1000  1000  1000  1000  1000  1000  1000  1000  1000  1000  1000  1000  1000  1000  1000  1000
 123   1000  1000  1000  1000  1000  1000  1000  1000  1000  1000  1000  1000  1000  1000  1000  1000  1000  1000
 124   1000  1000  1000  1000  1000  1000  1000  1000  1000  1000  1000  1000  1000  1000  1000  1000  1000
 125   1000  1000  1000  1000  1000  1000  1000  1000  1000  1000  1000  1000  1000  1000  1000  1000
 126   1000  1000  1000  1000  1000  1000  1000  1000  1000  1000  1000  1000  1000  1000  1000
 127   1000  1000  1000  1000  1000  1000  1000  1000  1000  1000  1000  1000  1000  1000
 128   1000  1000  1000  1000  1000  1000  1000  1000  1000  1000  1000  1000  1000
 129   1000  1000  1000  1000  1000  1000  1000  1000  1000  1000  1000  1000
 130   1000  1000  1000  1000  1000  1000  1000  1000  1000  1000  1000
 131   1000  1000  1000  1000  1000  1000  1000  1000  1000  1000
 132   1000  1000  1000  1000  1000  1000  1000  1000  1000
 133   1000  1000  1000  1000  1000  1000  1000  1000
 134   1000  1000  1000  1000  1000  1000  1000
 135   1000  1000  1000  1000  1000  1000
 136   1000  1000  1000  1000  1000
 137   1000  1000  1000  1000
 138   1000  1000  1000
 139   1000  1000
 140   1000

 Finished!
