NIF_RUN Passive 18x snout on TANDM 90-348 Pinhole
  140    5    1    0    1
   0.00500   9.00000   0.00500   0.00100
   0.0000000   0   0 1.00000000E+00   1.0000000
ZR902    1.706E-12 0.010       0.00       0.00        (    )
IN115N   4.881E-13 0.007       0.00       0.00        (    )
AU197G   8.079E-14 0.010       0.00 AUNG  3.94 IFX    (ISTP)
IN115G   1.161E-13 0.020       0.00 INNG 39.37 IFX    (ISTP)
AU1972   1.218E-11 0.053       0.00       0.00        (    )
Flux Uncertainty
   4
 1.0000E-11 1.0000E-03 3.0000E+00 2.0100E+01
 9.9000E-01 9.9000E-01 5.0000E-02 3.0000E-02
Input Flux Spectrum
 140   1 1.000E+00 2.000E+01 5.000E-08
 6.8110E-01 6.3330E-01 5.7600E-01 5.0640E-01 4.2400E-01 3.3320E-01 2.4980E-01
 2.1290E-01 2.5730E-01 3.5110E-01 4.5390E-01 5.4550E-01 6.1590E-01 6.6070E-01
 6.8010E-01 6.7810E-01 6.6240E-01 6.4280E-01 6.2970E-01 6.3050E-01 6.4780E-01
 6.7890E-01 7.1810E-01 7.5990E-01 8.0000E-01 8.3590E-01 8.6650E-01 8.9190E-01
 9.1260E-01 9.2920E-01 9.4250E-01 9.5330E-01 9.2030E-01 8.4900E-01 7.8510E-01
 7.1580E-01 6.5020E-01 5.9290E-01 5.4270E-01 4.9810E-01 4.5290E-01 4.1200E-01
 3.7610E-01 3.4540E-01 3.1300E-01 2.8390E-01 2.6100E-01 2.3810E-01 2.1680E-01
 1.9700E-01 1.7910E-01 1.6530E-01 1.5410E-01 1.4460E-01 1.3630E-01 1.2900E-01
 1.2250E-01 1.1750E-01 1.1280E-01 1.0820E-01 1.0380E-01 9.9600E-02 9.6000E-02
 9.2800E-02 8.9700E-02 8.6700E-02 8.4000E-02 8.1700E-02 7.9200E-02 7.6700E-02
 7.3000E-02 6.8600E-02 6.5000E-02 6.2100E-02 5.9500E-02 5.6900E-02 5.4200E-02
 5.1900E-02 4.9900E-02 4.8300E-02 4.6900E-02 4.5700E-02 4.4500E-02 4.3300E-02
 4.2300E-02 4.1200E-02 4.0100E-02 3.9000E-02 3.8000E-02 3.7000E-02 3.6100E-02
 3.5200E-02 3.4500E-02 3.3800E-02 3.3100E-02 0.0000E+00 0.0000E+00 0.0000E+00
 0.0000E+00 0.0000E+00 0.0000E+00 0.0000E+00 0.0000E+00 0.0000E+00 0.0000E+00
 0.0000E+00 0.0000E+00 0.0000E+00 0.0000E+00 0.0000E+00 0.0000E+00 0.0000E+00
 0.0000E+00 0.0000E+00 0.0000E+00 0.0000E+00 0.0000E+00 0.0000E+00 0.0000E+00
 0.0000E+00 0.0000E+00 0.0000E+00 0.0000E+00 0.0000E+00 0.0000E+00 0.0000E+00
 0.0000E+00 0.0000E+00 0.0000E+00 0.0000E+00 0.0000E+00 0.0000E+00 0.0000E+00
 0.0000E+00 0.0000E+00 0.0000E+00 0.0000E+00 0.0000E+00 0.0000E+00 0.0000E+00
   10   13   28   11    8    5    8    7   10   40



                         ==============================
                               STAYSL PNNL OUTPUT
                         ==============================

 STAYSL PNNL, version 1.2.0, 2015-08-05


 SCENARIO TITLE: NIF_RUN Passive 18x snout on TANDM 90-348 Pinhole
 -------------------------------------------------------------------------------
  NGROUP =   140    NRXN =     5    ACTIVITY NORM = 1.00000E+00

  COVARIANCE PARAMETERS (FCHN, FCVX, ACVX, FS)
    FLUXES:      WIDTH =  9.0000E+00   LONG RANGE COVAR. =  5.0000E-03
            ACTIVITIES =  5.0000E-03   X-SECT CROSS COR. =  1.0000E-03

    DETERM =   6.9449 × 10^   6.00      ERROR =   1.7694E-16

  INPUT NORMALIZATION DATA
    AK1   =     0.00000     VAK        =     0.00003
    NORML =           0     RENORM     = 7.42193E+07
    CHI²  = 23231.63999     NORM. CHI² =  5807.91000
     (logarithmic limit was applied to low fluxes)

  DOSIMETRY ACTIVITIES
     ———— INPUTS —————  -UNADJUSTED FLUX-  — ADJUSTED FLUX —    CHI²  90% ACTIVITIES RANGE
 RXN  MEASURED     ±%   ACTIVITY    %DIFF  ACTIVITY    %DIFF  CONTRIB --LOW E-- --HIGH E--   REACTION          CVR
  1  1.706E-12    1.00  3.051E-18 -100.00  3.052E-18 -100.00 5589.898  1.20E+01  1.40E+01  ZR90(N,2N)ZR89          
  2  4.881E-13    0.70  2.341E-17 -100.00  2.343E-17 -100.0017465.700  9.20E-01  1.00E+01  IN115(N,N')IN115M       
  3  8.079E-14    1.00  8.534E-14    5.64  4.952E-14  -38.70    0.956  1.00E-10  4.25E-06  AU197(N,G)AU198         
  4  1.161E-13    2.00  4.523E-14  -61.04  5.007E-14  -56.88   24.496  1.00E-10  1.90E-06  IN115(N,G)IN116M        
  5  1.218E-11    5.30  2.507E-17 -100.00  2.508E-17 -100.00  150.590  9.00E+00  1.40E+01  AU197(N,2N)AU196        

             % STD. DEV.  =         91.87              93.18

                              CHECK INPUT, IT IS RATHER UNLIKELY !
                                   *** BEWARE OF OUTPUT ! ***


  DIFFERENTIAL FLUXES (input is normalized by a factor of 7.4219E+07)
                  —————— DIFFERENTIAL FLUX —————   ———— STD. DEV. % ————   INTEGRAL
 GRP    ENERGY        NEW         OLD      RATIO    NEW     OLD    RATIO   FLUX > E     ± %
   1  1.0000E-10  3.0279E+16  5.6168E+16   0.539   68.11   99.00   0.688  1.4822E+09   16.12
   2  1.0000E-09  4.2814E+15  5.2226E+15   0.820   63.33   99.00   0.640  1.4550E+09   16.76
   3  1.0000E-08  3.7258E+15  3.2885E+15   1.133   57.60   99.00   0.582  1.4164E+09   17.74
   4  2.3000E-08  2.0255E+15  1.3920E+15   1.455   50.64   99.00   0.512  1.3680E+09   19.09
   5  5.0000E-08  2.1284E+15  1.2103E+15   1.759   42.40   99.00   0.428  1.3133E+09   20.69
   6  7.6000E-08  1.2773E+15  6.3410E+14   2.014   33.32   99.00   0.337  1.2580E+09   22.30
   7  1.1500E-07  7.4003E+14  3.3709E+14   2.195   24.98   99.00   0.252  1.2082E+09   23.64
   8  1.7000E-07  4.2375E+14  1.8590E+14   2.279   21.29   99.00   0.215  1.1674E+09   24.56
   9  2.5500E-07  3.4410E+14  1.5277E+14   2.252   25.72   99.00   0.260  1.1314E+09   25.18
  10  3.8000E-07  3.2333E+14  1.5328E+14   2.109   35.11   99.00   0.355  1.0884E+09   25.68
  11  5.5000E-07  2.1569E+14  1.1617E+14   1.857   45.39   99.00   0.458  1.0335E+09   26.09
  12  8.4000E-07  1.4062E+14  9.3073E+13   1.511   54.55   99.00   0.551  9.7090E+08   26.47
  13  1.2750E-06  8.0229E+13  7.3139E+13   1.097   61.59   99.00   0.622  9.0973E+08   27.08
  14  1.9000E-06  3.5181E+13  5.4485E+13   0.646   66.08   99.00   0.667  8.5959E+08   28.02
  15  2.8000E-06  6.8156E+12  3.4811E+13   0.196   68.01   99.00   0.687  8.2793E+08   28.96
  16  4.2500E-06  3.1332E+12  2.4550E+13   0.128   67.82   99.00   0.685  8.1804E+08   29.32
  17  6.3000E-06  1.4893E+12  1.6953E+13   0.088   66.24   99.00   0.669  8.1162E+08   29.58
  18  9.2000E-06  7.2260E+11  1.1095E+13   0.065   64.29   99.00   0.649  8.0730E+08   29.77
  19  1.3500E-05  3.2770E+11  6.2315E+12   0.053   62.98   99.00   0.636  8.0419E+08   29.90
  20  2.1000E-05  2.4103E+11  5.1995E+12   0.046   63.06   99.00   0.637  8.0174E+08   30.00
  21  3.0000E-05  1.4225E+11  3.2053E+12   0.044   64.79   99.00   0.654  7.9957E+08   30.09
  22  4.5000E-05  9.5788E+10  2.0995E+12   0.046   67.89   99.00   0.686  7.9743E+08   30.16
  23  6.9000E-05  8.5329E+10  1.7193E+12   0.050   71.82   99.00   0.725  7.9513E+08   30.23
  24  1.0000E-04  9.0588E+10  1.6114E+12   0.056   75.99   99.00   0.768  7.9249E+08   30.29
  25  1.3500E-04  1.1077E+11  1.6964E+12   0.065   80.00   99.00   0.808  7.8932E+08   30.35
  26  1.7000E-04  9.5236E+10  1.2408E+12   0.077   83.59   99.00   0.844  7.8544E+08   30.38
  27  2.2000E-04  9.6891E+10  1.0719E+12   0.090   86.65   99.00   0.875  7.8068E+08   30.38
  28  2.8000E-04  8.7660E+10  8.2745E+11   0.106   89.19   99.00   0.901  7.7487E+08   30.34
  29  3.6000E-04  9.2630E+10  7.5258E+11   0.123   91.26   99.00   0.922  7.6785E+08   30.23
  30  4.5000E-04  7.8061E+10  5.5172E+11   0.141   92.92   99.00   0.939  7.5952E+08   30.02
  31  5.7500E-04  6.0859E+10  3.7812E+11   0.161   94.25   99.00   0.952  7.4976E+08   29.70
  32  7.6000E-04  6.4153E+10  3.5377E+11   0.181   95.33   99.00   0.963  7.3850E+08   29.22
  33  9.6000E-04  5.5919E+10  2.1684E+11   0.258   92.03   94.71   0.972  7.2567E+08   28.56
  34  1.2750E-03  7.9581E+10  1.9388E+11   0.410   84.90   86.75   0.979  7.0806E+08   27.58
  35  1.6000E-03  7.7945E+10  1.4567E+11   0.535   78.51   79.77   0.984  6.8219E+08   26.15
  36  2.0000E-03  4.8783E+10  7.5895E+10   0.643   71.58   72.40   0.989  6.5101E+08   24.43
  37  2.7000E-03  5.0355E+10  6.8939E+10   0.730   65.02   65.54   0.992  6.1687E+08   22.60
  38  3.4000E-03  3.1966E+10  4.0004E+10   0.799   59.29   59.61   0.995  5.8162E+08   20.77
  39  4.5000E-03  3.4334E+10  4.0279E+10   0.852   54.27   54.46   0.996  5.4645E+08   18.99
  40  5.5000E-03  1.9430E+10  2.1746E+10   0.893   49.81   49.92   0.998  5.1212E+08   17.28
  41  7.2000E-03  1.5555E+10  1.6807E+10   0.926   45.29   45.35   0.999  4.7909E+08   15.65
  42  9.2000E-03  1.0366E+10  1.0921E+10   0.949   41.20   41.24   0.999  4.4798E+08   14.17
  43  1.2000E-02  8.9903E+09  9.3046E+09   0.966   37.61   37.63   1.000  4.1895E+08   12.82
  44  1.5000E-02  6.2690E+09  6.4088E+09   0.978   34.54   34.54   1.000  3.9198E+08   11.61
  45  1.9000E-02  3.5258E+09  3.5739E+09   0.987   31.30   31.31   1.000  3.6691E+08   10.52
  46  2.5500E-02  3.2159E+09  3.2417E+09   0.992   28.39   28.39   1.000  3.4399E+08    9.57
  47  3.2000E-02  2.4106E+09  2.4214E+09   0.996   26.10   26.11   1.000  3.2308E+08    8.77
  48  4.0000E-02  1.4105E+09  1.4137E+09   0.998   23.81   23.81   1.000  3.0380E+08    8.06
  49  5.2500E-02  1.1907E+09  1.1919E+09   0.999   21.68   21.68   1.000  2.8617E+08    7.47
  50  6.6000E-02  6.6443E+08  6.6460E+08   1.000   19.70   19.70   1.000  2.7009E+08    6.98
  51  8.8000E-02  6.0428E+08  6.0421E+08   1.000   17.91   17.91   1.000  2.5548E+08    6.58
  52  1.1000E-01  4.9087E+08  4.9074E+08   1.000   16.53   16.53   1.000  2.4218E+08    6.26
  53  1.3500E-01  4.5764E+08  4.5749E+08   1.000   15.41   15.41   1.000  2.2991E+08    5.99
  54  1.6000E-01  3.5786E+08  3.5774E+08   1.000   14.46   14.46   1.000  2.1847E+08    5.76
  55  1.9000E-01  3.3732E+08  3.3720E+08   1.000   13.63   13.63   1.000  2.0773E+08    5.56
  56  2.2000E-01  2.7364E+08  2.7355E+08   1.000   12.90   12.90   1.000  1.9761E+08    5.38
  57  2.5500E-01  2.5985E+08  2.5977E+08   1.000   12.25   12.25   1.000  1.8804E+08    5.22
  58  2.9000E-01  2.9079E+08  2.9069E+08   1.000   11.75   11.75   1.000  1.7894E+08    5.08
  59  3.2000E-01  2.0937E+08  2.0930E+08   1.000   11.28   11.28   1.000  1.7022E+08    4.94
  60  3.6000E-01  2.0084E+08  2.0076E+08   1.000   10.82   10.82   1.000  1.6184E+08    4.81
  61  4.0000E-01  1.5415E+08  1.5408E+08   1.000   10.38   10.38   1.000  1.5381E+08    4.69
  62  4.5000E-01  1.4792E+08  1.4784E+08   1.001    9.96    9.96   1.000  1.4610E+08    4.58
  63  5.0000E-01  1.4259E+08  1.4250E+08   1.001    9.60    9.60   1.000  1.3871E+08    4.47
  64  5.5000E-01  1.3785E+08  1.3775E+08   1.001    9.28    9.28   1.000  1.3158E+08    4.36
  65  6.0000E-01  1.1105E+08  1.1096E+08   1.001    8.97    8.97   1.000  1.2468E+08    4.26
  66  6.6000E-01  1.0735E+08  1.0725E+08   1.001    8.67    8.67   1.000  1.1802E+08    4.16
  67  7.2000E-01  1.0401E+08  1.0391E+08   1.001    8.40    8.40   1.000  1.1158E+08    4.06
  68  7.8000E-01  1.0118E+08  1.0106E+08   1.001    8.17    8.17   1.000  1.0534E+08    3.97
  69  8.4000E-01  7.3570E+07  7.3477E+07   1.001    7.92    7.92   1.000  9.9269E+07    3.87
  70  9.2000E-01  7.1255E+07  7.1158E+07   1.001    7.67    7.67   1.000  9.3383E+07    3.78
  71  1.0000E+00  2.7129E+07  2.7090E+07   1.001    7.30    7.30   1.000  8.7683E+07    3.69
  72  1.2000E+00  2.5495E+07  2.5457E+07   1.001    6.86    6.86   1.000  8.2257E+07    3.61
  73  1.4000E+00  2.4158E+07  2.4121E+07   1.002    6.50    6.50   1.000  7.7158E+07    3.55
  74  1.6000E+00  2.3080E+07  2.3045E+07   1.002    6.21    6.21   1.000  7.2326E+07    3.50
  75  1.8000E+00  2.2114E+07  2.2080E+07   1.002    5.95    5.95   1.000  6.7710E+07    3.46
  76  2.0000E+00  1.4098E+07  1.4077E+07   1.002    5.69    5.69   1.000  6.3287E+07    3.43
  77  2.3000E+00  1.3429E+07  1.3409E+07   1.001    5.42    5.42   1.000  5.9058E+07    3.40
  78  2.6000E+00  1.2858E+07  1.2840E+07   1.001    5.19    5.19   1.000  5.5029E+07    3.39
  79  2.9000E+00  9.2716E+06  9.2589E+06   1.001    4.99    4.99   1.000  5.1172E+07    3.38
  80  3.3000E+00  8.9738E+06  8.9620E+06   1.001    4.83    4.83   1.000  4.7463E+07    3.38
  81  3.7000E+00  8.7131E+06  8.7022E+06   1.001    4.69    4.69   1.000  4.3874E+07    3.38
  82  4.1000E+00  8.4896E+06  8.4796E+06   1.001    4.57    4.57   1.000  4.0388E+07    3.38
  83  4.5000E+00  6.6128E+06  6.6055E+06   1.001    4.45    4.45   1.000  3.6993E+07    3.38
  84  5.0000E+00  6.4340E+06  6.4274E+06   1.001    4.33    4.33   1.000  3.3686E+07    3.39
  85  5.5000E+00  6.2849E+06  6.2790E+06   1.001    4.23    4.23   1.000  3.0469E+07    3.39
  86  6.0000E+00  4.3721E+06  4.3683E+06   1.001    4.12    4.12   1.000  2.7327E+07    3.39
  87  6.7000E+00  4.2550E+06  4.2517E+06   1.001    4.01    4.01   1.000  2.4266E+07    3.39
  88  7.4000E+00  3.6207E+06  3.6182E+06   1.001    3.90    3.90   1.000  2.1288E+07    3.39
  89  8.2000E+00  3.5275E+06  3.5254E+06   1.001    3.80    3.80   1.000  1.8391E+07    3.39
  90  9.0000E+00  2.7475E+06  2.7461E+06   1.001    3.70    3.70   1.000  1.5569E+07    3.38
  91  1.0000E+01  2.6805E+06  2.6793E+06   1.000    3.61    3.61   1.000  1.2822E+07    3.38
  92  1.1000E+01  2.6135E+06  2.6125E+06   1.000    3.52    3.52   1.000  1.0141E+07    3.37
  93  1.2000E+01  2.5614E+06  2.5606E+06   1.000    3.45    3.45   1.000  7.5278E+06    3.35
  94  1.3000E+01  2.5093E+06  2.5086E+06   1.000    3.38    3.38   1.000  4.9664E+06    3.34
  95  1.4000E+01  2.4572E+06  2.4567E+06   1.000    3.31    3.31   1.000  2.4572E+06    3.31
      1.5000E+01

  INTEGRALS OF SPECTRA
    OLD SPECTRUM   2.4085E+09   ±   46.872 %
    NEW SPECTRUM   1.4822E+09   ±   16.122 %

  SUMMARY OF BROAD-GROUP FLUXES, FLUENCES, AND UNCERTAINTIES

    IRRAD TIME [S] = 1.00000000E+00   ACT NORM =  1.00000000E+00

       ENERGY       FLUX       FLUENCE      STDEV %
      thermal    4.4876E+08  4.4876E+08  ±  27.09     (0.100 meV – 0.550  eV)
     epithermal  7.9127E+08  7.9127E+08  ±  33.86     (0.550  eV – 110.0 keV)
        fast     2.4218E+08  2.4218E+08  ±   6.26     (110.0 keV –  20.0 MeV)
        fast     8.7683E+07  8.7683E+07  ±   3.69     (  1.0 MeV –  20.0 MeV)
        high     0.0000E+00  0.0000E+00  ±   0.00     ( 20.0 MeV –  60.0 MeV)

    MINI-SPECTRUM

       ENERGY       FLUX       FLUENCE      STDEV %
     1.0000E-10  4.4876E+08  4.4876E+08  ±  27.09
     5.5000E-07  2.4096E+08  2.4096E+08  ±  54.79
     1.0000E-04  5.5031E+08  5.5031E+08  ±  43.29
     1.1000E-01  1.0348E+08  1.0348E+08  ±  11.75
     5.0000E-01  5.1023E+07  5.1023E+07  ±   8.14
     1.0000E+00  2.4395E+07  2.4395E+07  ±   6.44
     2.0000E+00  2.9601E+07  2.9601E+07  ±   4.73
     5.0000E+00  2.0864E+07  2.0864E+07  ±   3.85
     1.0000E+01  1.2822E+07  1.2822E+07  ±   3.38
     2.0000E+01  0.0000E+00  0.0000E+00  ±   0.00
     6.0000E+01

       TOTAL     1.4822E+09  1.4822E+09  ±  16.12

    RELATIVE COVARIANCES (10×10)
     1000  -845   -54    -2     0     0     0     0     0     0
     1000   -37     0     0     0     0     0     0     0
     1000   112     4     1     1     1     2     0
     1000   398    72    12     6     6     0
     1000   633   199    21    10     0
     1000   662   131    22     0
     1000   563   151     0
     1000   674     0
     1000     0
        0

  SPECTRAL-AVERAGED REACTION RATES (for all cross section library reactions)

        REACTIONS        SIG-PHI      <SIG>          REACTIONS        SIG-PHI      <SIG>          REACTIONS        SIG-PHI      <SIG>  
   ------------------  ----------  ----------   ------------------  ----------  ----------   ------------------  ----------  ----------
   LI6(N,A)T           5.3142E-13  3.5853E-22   FE58(N,G)FE59       7.6098E-16  5.1341E-25   IN115(N,N')IN115M   2.3434E-17  1.5810E-26
   B10(N,A)LI7         2.1529E-12  1.4525E-21   CO59(N,2N)CO58      4.7105E-18  3.1780E-27   IN115(N,2N)IN114M   1.2351E-17  8.3329E-27
   F19(N,2N)F18        2.0398E-19  1.3762E-28   CO59(N,3N)CO57      0.0000E+00  0.0000E+00   IN115(N,G)IN116M    3.8308E-13  2.5845E-22
   NA23(N,2N)NA22      9.6653E-20  6.5208E-29   CO59(N,G)CO60       2.1562E-14  1.4547E-23   I127(N,2N)I126      1.4509E-17  9.7890E-27
   NA23(N,G)NA24       3.0569E-16  2.0624E-25   CO59(N,P)FE59       1.1671E-18  7.8740E-28   LA139(N,G)LA140     5.1682E-15  3.4868E-24
   MG24(N,P)NA24       3.4023E-18  2.2954E-27   CO59(N,A)MN56       4.3573E-19  2.9397E-28   PR141(N,2N)PR140    1.5228E-17  1.0274E-26
   AL27(N,P)MG27       2.5826E-18  1.7424E-27   NI58(N,2N)NI57      1.1093E-19  7.4839E-29   TM169(N,2N)TM168    2.5828E-17  1.7425E-26
   AL27(N,A)NA24       2.0110E-18  1.3567E-27   NI58(N,P)CO58       2.6456E-17  1.7849E-26   TM169(N,3N)TM167    5.0545E-23  3.4101E-32
   SI28(N,P)AL28       6.4304E-18  4.3384E-27   NI60(N,P)CO60       2.9463E-18  1.9878E-27   TA181(N,G)TA182     2.2946E-14  1.5481E-23
   P31(N,P)SI31        6.9821E-18  4.7106E-27   CU63(N,2N)CU62      2.5858E-18  1.7445E-27   W186(N,G)W187       2.4857E-14  1.6770E-23
   S32(N,P)P32         1.5959E-17  1.0767E-26   CU63(N,G)CU64       2.6830E-15  1.8101E-24   AU197(N,2N)AU196    2.5080E-17  1.6921E-26
   TI46(N,2N)TI45      8.5825E-20  5.7903E-29   CU63(N,A)CO60       8.2922E-19  5.5945E-28   AU197(N,G)AU198     8.2550E-14  5.5694E-23
   TI46(N,P)SC46       7.9038E-18  5.3324E-27   CU65(N,2N)CU64      6.6487E-18  4.4856E-27   HG199(N,N')HG199M   4.1581E-17  2.8054E-26
   TI47(N,P)SC47       4.9050E-18  3.3092E-27   ZN64(N,P)CU64       1.0137E-17  6.8389E-27   PB204(N,N')PB204M   6.7026E-18  4.5220E-27
   TI47(N,X)SC46       2.0821E-19  1.4048E-28   ZN67(N,P)CU67       1.4069E-18  9.4921E-28   BI209(N,3N)BI207    1.4570E-21  9.8301E-31
   TI48(N,P)SC48       8.6762E-19  5.8535E-28   AS75(N,2N)AS74      6.8138E-18  4.5971E-27   TH232(N,FISSION)    1.5396E-17  1.0387E-26
   TI48(N,X)SC47       3.5131E-20  2.3702E-29   Y89(N,2N)Y88        4.7134E-18  3.1800E-27   TH232(N,G)TH233     5.2743E-15  3.5584E-24
   TI49(N,X)SC48       1.9660E-20  1.3264E-29   ZR90(N,2N)ZR89      3.0517E-18  2.0589E-27   U235(N,FISSION)     3.2255E-13  2.1761E-22
   V51(N,A)SC48        1.5473E-19  1.0439E-28   NB93(N,G)NB94       1.1619E-15  7.8390E-25   U235(N,G)U236       6.0620E-14  4.0898E-23
   CR52(N,2N)CR51      1.3184E-18  8.8946E-28   NB93(N,N')NB93M     1.8504E-17  1.2484E-26   U238(N,2N)U237      2.8472E-17  1.9209E-26
   MN55(N,2N)MN54      4.8251E-18  3.2553E-27   NB93(N,2N)NB92M     4.9187E-18  3.3185E-27   U238(N,FISSION)     5.3564E-17  3.6138E-26
   MN55(N,G)MN56       7.7144E-15  5.2047E-24   MO92(N,P)NB92M      3.2343E-18  2.1821E-27   U238(N,G)U239       4.3994E-15  2.9681E-24
   FE54(N,2N)FE53      1.4294E-20  9.6440E-30   RH103(N,N')RH103M   1.0800E-16  7.2861E-26   NP237(N,FISSION)    2.5024E-16  1.6883E-25
   FE54(N,P)MN54       2.1142E-17  1.4264E-26   AG109(N,G)AG110M    3.5732E-15  2.4107E-24   PU239(N,FISSION)    5.4367E-13  3.6680E-22
   FE54(N,A)CR51       1.4182E-18  9.5682E-28   IN113(N,N')IN113M   1.9281E-17  1.3008E-26   AM241(N,FISSION)    3.3846E-15  2.2835E-24
   FE56(N,P)MN56       1.9596E-18  1.3221E-27   IN113(N,G)IN114M    2.0438E-14  1.3789E-23   SC45(N,G)SC46       1.5262E-14  1.0297E-23

  INPUT FLUX REL. CORRELATION MATRIX (by row from diagonal)
   1   1000   988   952   895   821   734   641   546   454   368   291   225   169   124    89    62    42    28    18    12
          7     4     3     1     1     0     0     0     0     0     0     0     0     0     0     0     0     0     0     0
          0     0     0     0     0     0     0     0     0     0     0     0     0     0     0     0     0     0     0     0
          0     0     0     0     0     0     0     0     0     0     0     0     0     0     0     0     0     0     1     1
          1     1     1     1     1     1     1     1     1     1     1     1     1     1     1     1     1     1     1     1
          2     5     5     5     5     5     5     5     5     5     5     5     5     5     5     5     5     5     5     5
          5     5     5     5     5     5     5     5     5     5     5     5     5     5     5     5     5     5     5     5

  OUTPUT FLUX REL. CORRELATION MATRIX (by row from diagonal)
   1   1000   986   943   873   766   590   255  -320  -753  -878  -899  -899  -899  -904  -915  -928  -936  -930  -897  -832
       -741  -639  -541  -454  -381  -321  -273  -234  -203  -176  -154  -135  -118  -103   -89   -77   -65   -55   -46   -38
        -31   -24   -19   -15   -11    -8    -6    -4    -3    -2    -1    -1     0     0     0     0     0     0     0     0
          0     0     0     0     0     0     0     0     0     0     0     0     0     0     0     0     0     0     0     0
          0     0     0     0     0     0     0     0     0     0     0     0     0     0     0     0     0     0     0     0
          0     0     0     0     0     0     0     0     0     0     0     0     0     0     0     0     0     0     0     0
          0     0     0     0     0     0     0     0     0     0     0     0     0     0     0     0     0     0     0     0
   2   1000   986   941   856   700   375  -227  -722  -889  -930  -938  -939  -940  -944  -947  -943  -923  -877  -800  -701
       -595  -496  -410  -340  -284  -240  -205  -176  -153  -134  -118  -103   -90   -79   -68   -58   -50   -42   -35   -29
        -23   -19   -15   -11    -9    -7    -5    -4    -2    -2    -1     0     0     0     0     0     0     0     0     0
          0     0     0     0     0     0     0     0     0     0     0     0     0     0     0     0     0     0     0     0
          0     0     0     0     0     0     0     0     0     0     0     0     0     0     0     0     0     0     0     0
          0     0     0     0     0     0     0     0     0     0     0     0     0     0     0     0     0     0     0     0
          0     0     0     0     0     0     0     0     0     0     0     0     0     0     0     0     0     0     0
   3   1000   984   929   802   503  -105  -655  -867  -931  -950  -954  -953  -950  -942  -925  -890  -829  -741  -635  -527
       -429  -348  -283  -232  -194  -163  -140  -121  -106   -94   -83   -73   -64   -56   -49   -42   -36   -31   -26   -21
        -18   -14   -12    -9    -7    -5    -4    -3    -2    -1    -1     0     0     0     0     0     0     0     0     0
          0     0     0     0     0     0     0     0     0     0     0     0     0     0     0     0     0     0     0     0
          0     0     0     0     0     0     0     0     0     0     0     0     0     0     0     0     0     0     0     0
          0     0     0     0     0     0     0     0     0     0     0     0     0     0     0     0     0     0     0     0
          0     0     0     0     0     0     0     0     0     0     0     0     0     0     0     0     0     0
   4   1000   979   892   637    46  -548  -807  -899  -932  -942  -940  -931  -913  -882  -832  -756  -656  -544  -435  -341
       -266  -208  -165  -134  -111   -94   -81   -71   -63   -56   -51   -46   -41   -37   -33   -29   -26   -22   -19   -17
        -14   -12   -10    -8    -6    -5    -4    -3    -2    -1    -1     0     0     0     0     0     0     0     0     0
          0     0     0     0     0     0     0     0     0     0     0     0     0     0     0     0     0     0     0     0
          0     0     0     0     0     0     0     0     0     0     0     0     0     0     0     0     0     0     0     0
          0     0     0     0     0     0     0     0     0     0     0     0     0     0     0     0     0     0     0     0
          0     0     0     0     0     0     0     0     0     0     0     0     0     0     0     0     0
   5   1000   964   776   234  -388  -695  -821  -873  -892  -893  -879  -852  -807  -741  -650  -539  -422  -316  -228  -161
       -114   -81   -59   -45   -36   -30   -27   -25   -24   -23   -23   -22   -22   -21   -21   -20   -18   -17   -15   -14
        -12   -10    -9    -7    -6    -5    -4    -3    -2    -1    -1     0     0     0     0     0     0     0     0     0
          0     0     0     0     0     0     0     0     0     0     0     0     0     0     0     0     0     0     0     0
          0     0     0     0     0     0     0     0     0     0     0     0     0     0     0     0     0     0     0     0
          0     0     0     0     0     0     0     0     0     0     0     0     0     0     0     0     0     0     0     0
          0     0     0     0     0     0     0     0     0     0     0     0     0     0     0     0
   6   1000   914   478  -140  -495  -659  -737  -771  -778  -763  -728  -671  -590  -485  -367  -250  -150   -75   -22    10
         29    38    40    38    34    29    23    17    10     5     0    -4    -8   -11   -13   -14   -15   -15   -15   -13
        -12   -11    -9    -8    -6    -5    -4    -3    -2    -1    -1     0     0     0     0     0     0     0     0     0
          0     0     0     0     0     0     0     0     0     0     0     0     0     0     0     0     0     0     0     0
          0     0     0     0     0     0     0     0     0     0     0     0     0     0     0     0     0     0     0     0
          0     0     0     0     0     0     0     0     0     0     0     0     0     0     0     0     0     0     0     0
          0     0     0     0     0     0     0     0     0     0     0     0     0     0     0
   7   1000   792   268  -109  -312  -421  -476  -495  -485  -448  -385  -296  -189   -77    22    99   148   174   182   179
        168   153   136   119   101    85    69    54    40    28    17     8     0    -6   -10   -14   -15   -16   -16   -15
        -14   -12   -10    -9    -7    -6    -4    -3    -2    -2    -1    -1     0     0     0     0     0     0     0     0
          0     0     0     0     0     0     0     0     0     0     0     0     0     0     0     0     0     0     0     0
          0     0     0     0     0     0     0     0     0     0     0     0     0     0     0     0     0     0     0     0
          0     0     0     0     0     0     0     0     0     0     0     0     0     0     0     0     0     0     0     0
          0     0     0     0     0     0     0     0     0     0     0     0     0     0
   8   1000   800   516   324   204   133    98    94   117   163   225   294   354   393   407   400   379   349   316   281
        247   215   185   157   132   108    87    67    49    34    20     9     0    -7   -12   -15   -17   -18   -17   -16
        -14   -12   -10    -8    -7    -5    -4    -3    -2    -1    -1     0     0     0     0     0     0     0     0     0
          0     0     0     0     0     0     0     0     0     0     0     0     0     0     0     0     0     0     0     0
          0     0     0     0     0     0     0     0     0     0     0     0     0     0     0     0     0     0     0     0
          0     0     0     0     0     0     0     0     0     0     0     0     0     0     0     0     0     0     0     0
          0     0     0     0     0     0     0     0     0     0     0     0     0
   9   1000   927   824   743   687   651   633   630   636   643   640   618   576   520   459   399   344   295   251   214
        181   153   128   106    86    69    53    38    26    15     6    -1    -6   -10   -13   -14   -14   -14   -13   -11
        -10    -8    -7    -5    -4    -3    -2    -2    -1    -1     0     0     0     0     0     0     0     0     0     0
          0     0     0     0     0     0     0     0     0     0     0     0     0     0     0     0     0     0     0     0
          0     0     0     0     0     0     0     0     0     0     0     0     0     0     0     0     0     0     0     0
          0     0     0     0     0     0     0     0     0     0     0     0     0     0     0     0     0     0     0     0
          0     0     0     0     0     0     0     0     0     0     0     0
  10   1000   976   938   903   875   853   834   813   781   729   656   566   473   387   312   251   202   162   130   105
         84    67    53    41    31    22    14     7     1    -3    -6    -9   -11   -11   -12   -11   -11    -9    -8    -7
         -6    -5    -4    -3    -2    -1    -1     0     0     0     0     0     0     0     0     0     0     0     0     0
          0     0     0     0     0     0     0     0     0     0     0     0     0     0     0     0     0     0     0     0
          0     0     0     0     0     0     0     0     0     0     0     0     0     0     0     0     0     0     0     0
          0     0     0     0     0     0     0     0     0     0     0     0     0     0     0     0     0     0     0     0
          0     0     0     0     0     0     0     0     0     0     0
  11   1000   991   973   953   932   907   872   818   741   639   524   411   312   232   169   121    85    58    39    24
         14     6     1    -3    -6    -8   -10   -12   -13   -13   -13   -13   -12   -11   -10    -9    -8    -6    -5    -4
         -3    -2    -2    -1    -1     0     0     0     0     0     0     0     0     0     0     0     0     0     0     0
          0     0     0     0     0     0     0     0     0     0     0     0     0     0     0     0     0     0     0     0
          0     0     0     0     0     0     0     0     0     0     0     0     0     0     0     0     0     0     0     0
          0     0     0     0     0     0     0     0     0     0     0     0     0     0     0     0     0     0     0     0
          0     0     0     0     0     0     0     0     0     0
  12   1000   995   983   966   940   899   836   743   625   493   367   259   173   107    59    25     1   -14   -24   -30
        -33   -34   -33   -32   -30   -28   -25   -23   -21   -18   -16   -14   -12   -10    -8    -7    -5    -4    -3    -2
         -2    -1    -1     0     0     0     0     0     0     0     0     0     0     0     0     0     0     0     0     0
          0     0     0     0     0     0     0     0     0     0     0     0     0     0     0     0     0     0     0     0
          0     0     0     0     0     0     0     0     0     0     0     0     0     0     0     0     0     0     0     0
          0     0     0     0     0     0     0     0     0     0     0     0     0     0     0     0     0     0     0     0
          0     0     0     0     0     0     0     0     0
  13   1000   996   985   962   921   854   755   626   483   347   229   136    66    15   -20   -44   -58   -66   -69   -69
        -66   -61   -56   -50   -44   -39   -33   -28   -24   -20   -16   -13   -10    -8    -6    -5    -4    -3    -2    -1
         -1     0     0     0     0     0     0     0     0     0     0     0     0     0     0     0     0     0     0     0
          0     0     0     0     0     0     0     0     0     0     0     0     0     0     0     0     0     0     0     0
          0     0     0     0     0     0     0     0     0     0     0     0     0     0     0     0     0     0     0     0
          0     0     0     0     0     0     0     0     0     0     0     0     0     0     0     0     0     0     0     0
          0     0     0     0     0     0     0     0
  14   1000   996   979   944   880   780   647   497   351   224   122    45   -11   -51   -78   -94  -101  -103  -101   -95
        -88   -79   -70   -61   -52   -44   -37   -30   -24   -19   -15   -11    -9    -6    -5    -3    -2    -1    -1     0
          0     0     0     0     0     0     0     0     0     0     0     0     0     0     0     0     0     0     0     0
          0     0     0     0     0     0     0     0     0     0     0     0     0     0     0     0     0     0     0     0
          0     0     0     0     0     0     0     0     0     0     0     0     0     0     0     0     0     0     0     0
          0     0     0     0     0     0     0     0     0     0     0     0     0     0     0     0     0     0     0     0
          0     0     0     0     0     0     0
  15   1000   994   968   913   820   689   536   383   247   135    47   -17   -65   -97  -118  -128  -132  -129  -122  -113
       -102   -90   -78   -66   -55   -45   -36   -29   -23   -17   -13    -9    -7    -5    -3    -2    -1    -1     0     0
          0     0     0     0     0     0     0     0     0     0     0     0     0     0     0     0     0     0     0     0
          0     0     0     0     0     0     0     0     0     0     0     0     0     0     0     0     0     0     0     0
          0     0     0     0     0     0     0     0     0     0     0     0     0     0     0     0     0     0     0     0
          0     0     0     0     0     0     0     0     0     0     0     0     0     0     0     0     0     0     0     0
          0     0     0     0     0     0
  16   1000   990   951   872   751   602   446   302   180    80     2   -55   -98  -126  -143  -150  -150  -145  -135  -122
       -108   -94   -80   -66   -54   -43   -34   -26   -20   -14   -10    -7    -5    -3    -2    -1     0     0     0     0
          0     0     0     0     0     0     0     0     0     0     0     0     0     0     0     0     0     0     0     0
          0     0     0     0     0     0     0     0     0     0     0     0     0     0     0     0     0     0     0     0
          0     0     0     0     0     0     0     0     0     0     0     0     0     0     0     0     0     0     0     0
          0     0     0     0     0     0     0     0     0     0     0     0     0     0     0     0     0     0     0     0
          0     0     0     0     0
  17   1000   985   930   830   693   541   394   262   149    57   -15   -71  -112  -139  -154  -160  -158  -150  -138  -124
       -108   -92   -76   -62   -50   -39   -29   -22   -16   -11    -8    -5    -3    -2    -1     0     0     0     0     0
          0     0     0     0     0     0     0     0     0     0     0     0     0     0     0     0     0     0     0     0
          0     0     0     0     0     0     0     0     0     0     0     0     0     0     0     0     0     0     0     0
          0     0     0     0     0     0     0     0     0     0     0     0     0     0     0     0     0     0     0     0
          0     0     0     0     0     0     0     0     0     0     0     0     0     0     0     0     0     0     0     0
          0     0     0     0
  18   1000   979   911   799   662   518   382   259   153    63    -9   -66  -107  -135  -151  -157  -154  -145  -132  -117
       -100   -84   -68   -55   -42   -32   -24   -17   -12    -8    -5    -3    -2    -1     0     0     0     0     0     0
          0     0     0     0     0     0     0     0     0     0     0     0     0     0     0     0     0     0     0     0
          0     0     0     0     0     0     0     0     0     0     0     0     0     0     0     0     0     0     0     0
          0     0     0     0     0     0     0     0     0     0     0     0     0     0     0     0     0     0     0     0
          0     0     0     0     0     0     0     0     0     0     0     0     0     0     0     0     0     0     0     0
          0     0     0
  19   1000   975   901   791   663   531   404   286   182    92    17   -42   -86  -116  -133  -139  -137  -129  -116  -102
        -86   -71   -57   -44   -33   -25   -18   -12    -8    -5    -3    -1     0     0     0     0     0     0     0     0
          0     0     0     0     0     0     0     0     0     0     0     0     0     0     0     0     0     0     0     0
          0     0     0     0     0     0     0     0     0     0     0     0     0     0     0     0     0     0     0     0
          0     0     0     0     0     0     0     0     0     0     0     0     0     0     0     0     0     0     0     0
          0     0     0     0     0     0     0     0     0     0     0     0     0     0     0     0     0     0     0     0
          0     0
  20   1000   974   904   803   687   565   445   331   227   135    57    -4   -51   -83  -102  -111  -110  -104   -93   -81
        -68   -55   -43   -33   -24   -17   -12    -8    -5    -3    -1     0     0     0     0     0     0     0     0     0
          0     0     0     0     0     0     0     0     0     0     0     0     0     0     0     0     0     0     0     0
          0     0     0     0     0     0     0     0     0     0     0     0     0     0     0     0     0     0     0     0
          0     0     0     0     0     0     0     0     0     0     0     0     0     0     0     0     0     0     0     0
          0     0     0     0     0     0     0     0     0     0     0     0     0     0     0     0     0     0     0     0
          0
  21   1000   976   913   824   719   606   491   380   275   182   103    39    -9   -44   -65   -76   -78   -75   -67   -58
        -48   -38   -29   -22   -16   -11    -7    -4    -2    -1     0     0     0     0     0     0     0     0     0     0
          0     0     0     0     0     0     0     0     0     0     0     0     0     0     0     0     0     0     0     0
          0     0     0     0     0     0     0     0     0     0     0     0     0     0     0     0     0     0     0     0
          0     1     1     1     1     1     1     1     1     1     1     1     1     1     1     1     1     1     1     1
          1     1     1     1     1     1     1     1     1     1     1     1     1     1     1     1     1     1     1     1
  22   1000   979   924   845   748   642   531   422   319   226   146    81    31    -4   -28   -41   -47   -47   -43   -37
        -31   -24   -18   -13    -9    -6    -3    -2    -1     0     0     0     0     0     0     0     0     0     0     0
          0     0     0     0     0     0     0     0     0     0     0     0     0     0     0     0     0     0     0     0
          0     0     0     0     0     0     0     0     0     0     0     0     0     0     0     0     0     0     0     0
          1     1     1     1     1     1     1     1     1     1     1     1     1     1     1     1     1     1     1     1
          1     1     1     1     1     1     1     1     1     1     1     1     1     1     1     1     1     1     1
  23   1000   982   933   860   770   669   562   455   354   262   183   118    67    29     4   -11   -20   -23   -23   -21
        -17   -13   -10    -7    -4    -2    -1     0     0     0     0     0     0     0     0     0     0     0     0     0
          0     0     0     0     0     0     0     0     0     0     0     0     0     0     0     0     0     0     0     0
          0     0     0     0     0     0     0     0     0     0     0     0     0     0     0     0     0     0     0     2
          2     2     2     2     2     2     2     2     2     2     2     2     2     2     2     2     2     2     2     2
          2     2     2     2     2     2     2     2     2     2     2     2     2     2     2     2     2     2
  24   1000   984   939   871   785   688   584   480   381   290   212   147    96    57    30    11     0    -6    -8    -8
         -7    -6    -4    -3    -1     0     0     0     0     0     0     0     0     0     0     0     0     0     0     0
          0     0     0     0     0     0     0     0     0     0     0     0     0     0     0     0     0     0     0     0
          0     0     0     0     0     0     0     0     0     0     0     0     0     0     0     0     0     1     2     2
          2     2     2     2     2     2     2     2     2     2     2     2     2     2     2     2     2     2     2     2
          2     2     2     2     2     2     2     2     2     2     2     2     2     2     2     2     2
  25   1000   985   943   878   796   701   599   498   401   312   235   170   119    79    49    29    15     6     1     0
         -1    -1    -1     0     0     0     0     0     0     0     0     0     0     0     0     0     0     0     0     0
          0     0     0     0     0     0     0     0     0     0     0     0     0     0     0     0     0     0     0     0
          0     0     0     0     0     0     0     0     0     0     0     0     0     0     0     0     1     2     2     2
          2     2     2     2     2     2     2     2     2     2     2     2     2     2     2     2     2     2     2     2
          2     2     2     2     2     2     2     2     2     2     2     2     2     2     2     2
  26   1000   986   946   883   802   710   611   511   416   329   252   188   135    94    63    41    25    15     8     4
          2     1     0     0     0     0     0     0     0     0     0     0     0     0     0     0     0     0     0     0
          0     0     0     0     0     0     0     0     0     0     0     0     0     0     0     0     0     0     0     0
          0     0     0     0     0     0     0     0     0     0     0     0     0     0     0     1     3     3     3     3
          3     3     3     3     3     3     3     3     3     3     3     3     3     3     3     3     3     3     3     3
          3     3     3     3     3     3     3     3     3     3     3     3     3     3     3
  27   1000   986   947   886   807   717   619   522   428   341   265   200   147   105    73    49    32    21    13     8
          5     3     2     1     1     1     0     0     0     0     0     0     0     0     0     0     0     0     0     0
          0     0     0     0     0     0     0     0     0     0     0     0     0     0     0     0     0     0     0     0
          0     0     0     0     0     0     0     0     0     0     0     0     0     0     1     3     3     3     3     3
          3     3     3     3     3     3     3     3     3     3     3     3     3     3     3     3     3     3     3     3
          3     3     3     3     3     3     3     3     3     3     3     3     3     3
  28   1000   987   949   888   811   722   626   529   436   351   275   210   156   113    80    55    37    24    16    10
          6     4     2     1     1     1     1     0     0     0     0     0     0     0     0     0     0     0     0     0
          0     0     0     0     0     0     0     0     0     0     0     0     0     0     0     0     0     0     0     0
          0     0     0     0     0     0     0     0     0     0     0     1     1     1     3     3     3     3     3     3
          3     3     3     3     3     3     3     3     3     3     3     3     3     3     3     3     3     3     3     3
          3     3     3     3     3     3     3     3     3     3     3     3     3
  29   1000   987   949   890   814   726   631   535   443   358   281   216   162   118    84    59    40    26    17    11
          7     4     3     2     1     1     1     0     0     0     0     0     0     0     0     0     0     0     0     0
          0     0     0     0     0     0     0     0     0     0     0     0     0     0     0     0     0     0     0     0
          0     0     0     0     0     0     1     1     1     1     1     1     1     3     3     3     3     3     3     3
          3     3     3     3     3     3     3     3     3     3     3     3     3     3     3     3     3     3     3     3
          3     3     3     3     3     3     3     3     3     3     3     3
  30   1000   987   950   892   816   729   635   540   448   363   286   221   166   122    87    61    42    28    18    12
          7     5     3     2     1     1     1     0     0     0     0     0     0     0     0     0     0     0     0     0
          0     0     0     0     0     0     0     0     0     0     0     0     0     0     0     0     0     0     0     0
          0     0     0     1     1     1     1     1     1     1     1     1     3     3     3     3     3     3     3     3
          3     3     3     3     3     3     3     3     3     3     3     3     3     3     3     3     3     3     3     3
          3     3     3     3     3     3     3     3     3     3     3
  31   1000   987   951   893   818   732   638   543   451   366   289   223   168   124    89    62    43    28    19    12
          7     5     3     2     1     1     0     0     0     0     0     0     0     0     0     0     0     0     0     0
          0     0     0     0     0     0     0     0     0     0     0     0     0     0     0     0     0     0     0     0
          1     1     1     1     1     1     1     1     1     1     1     4     4     4     4     4     4     4     4     4
          4     4     4     4     4     4     4     4     4     4     4     4     4     4     4     4     4     4     4     4
          4     4     4     4     4     4     4     4     4     4
  32   1000   988   951   894   820   733   640   546   454   368   291   225   170   125    90    63    43    29    19    12
          8     5     3     2     1     1     0     0     0     0     0     0     0     0     0     0     0     0     0     0
          0     0     0     0     0     0     0     0     0     0     0     0     0     0     0     0     0     1     1     1
          1     1     1     1     1     1     1     1     1     1     4     4     4     4     4     4     4     4     4     4
          4     4     4     4     4     4     4     4     4     4     4     4     4     4     4     4     4     4     4     4
          4     4     4     4     4     4     4     4     4
  33   1000   988   952   895   821   735   642   547   455   369   293   226   170   125    90    63    43    29    19    12
          8     5     3     2     1     1     0     0     0     0     0     0     0     0     0     0     0     0     0     0
          0     0     0     0     0     0     0     0     0     0     0     0     0     1     1     1     1     1     1     1
          1     1     1     1     1     1     1     1     1     4     4     4     4     4     4     4     4     4     4     4
          4     4     4     4     4     4     4     4     4     4     4     4     4     4     4     4     4     4     4     4
          4     4     4     4     4     4     4     4
  34   1000   988   952   895   821   735   643   548   456   370   293   226   171   126    90    63    43    29    19    12
          8     5     3     2     1     1     0     0     0     0     0     0     0     0     0     0     0     0     0     0
          0     0     0     0     0     0     1     1     1     1     1     1     1     1     1     1     1     1     1     1
          1     1     1     1     1     1     1     2     5     5     5     5     5     5     5     5     5     5     5     5
          5     5     5     5     5     5     5     5     5     5     5     5     5     5     5     5     5     5     5     5
          5     5     5     5     5     5     5
  35   1000   988   952   895   822   736   643   548   456   370   293   226   171   125    90    63    43    29    19    12
          8     5     3     2     1     1     1     0     0     0     0     0     0     0     0     0     0     0     0     0
          0     0     1     1     1     1     1     1     1     1     1     1     1     1     1     1     1     1     1     1
          1     1     1     1     1     1     2     5     5     5     5     5     5     5     5     5     5     5     5     5
          5     5     5     5     5     5     5     5     5     5     5     5     5     5     5     5     5     5     5     5
          5     5     5     5     5     5
  36   1000   988   952   896   822   736   643   548   456   370   293   226   170   125    90    63    43    29    19    12
          8     5     3     2     1     1     1     0     0     0     0     0     0     0     0     0     0     0     1     1
          1     1     1     1     1     1     1     1     1     1     1     1     1     1     1     1     1     1     1     1
          1     1     1     1     1     2     6     6     6     6     6     6     6     6     6     6     6     6     6     6
          6     6     6     6     6     6     6     6     6     6     6     6     6     6     6     6     6     6     6     6
          6     6     6     6     6
  37   1000   988   952   896   822   736   643   548   456   370   293   226   170   125    90    63    43    29    19    12
          8     5     3     2     1     1     1     1     0     0     0     0     0     0     0     1     1     1     1     1
          1     1     1     1     1     1     1     1     1     1     1     1     1     1     1     1     1     1     1     1
          1     1     1     1     2     7     7     7     7     7     7     7     7     7     7     7     7     7     7     7
          7     7     7     7     7     7     7     7     7     7     7     7     7     7     7     7     7     7     7     7
          7     7     7     7
  38   1000   988   952   895   822   736   643   548   455   369   292   226   170   125    90    63    43    29    19    12
          8     5     3     2     1     1     1     1     0     0     0     1     1     1     1     1     1     1     1     1
          1     1     1     1     1     1     1     1     1     1     1     1     1     1     1     1     1     1     1     1
          1     1     1     2     8     8     8     8     8     8     8     8     8     8     8     8     8     8     8     8
          8     8     8     8     8     8     8     8     8     8     8     8     8     8     8     8     8     8     8     8
          8     8     8
  39   1000   988   952   895   822   735   642   547   455   369   292   225   170   125    89    63    43    29    19    12
          8     5     3     2     1     1     1     1     1     1     1     1     1     1     1     1     1     1     1     1
          1     1     1     1     1     1     1     1     1     1     1     1     1     1     1     1     1     1     1     1
          1     1     3     9     9     9     9     9     9     9     9     9     9     9     9     9     9     9     9     9
          9     9     9     9     9     9     9     9     9     9     9     9     9     9     9     9     9     9     9     9
          9     9
  40   1000   988   952   895   821   735   642   547   455   369   292   225   170   125    89    63    43    29    19    12
          8     5     3     2     1     1     1     1     1     1     1     1     1     1     1     1     1     1     1     1
          1     1     1     1     1     1     1     1     1     1     1     1     1     1     1     1     1     2     2     2
          2     3    10    10    10    10    10    10    10    10    10    10    10    10    10    10    10    10    10    10
         10    10    10    10    10    10    10    10    10    10    10    10    10    10    10    10    10    10    10    10
         10
  41   1000   988   952   895   821   735   642   547   454   368   291   225   169   125    89    63    43    29    19    12
          8     5     3     2     1     1     1     1     1     1     1     1     1     1     1     1     1     1     1     1
          1     1     1     1     1     1     1     1     1     1     1     2     2     2     2     2     2     2     2     2
          3    11    11    11    11    11    11    11    11    11    11    11    11    11    11    11    11    11    11    11
         11    11    11    11    11    11    11    11    11    11    11    11    11    11    11    11    11    11    11    11
  42   1000   988   952   895   821   735   642   547   454   368   291   225   169   125    89    63    43    29    19    12
          8     5     3     2     2     1     1     1     1     1     1     1     1     1     1     1     1     1     1     1
          1     1     1     1     1     1     2     2     2     2     2     2     2     2     2     2     2     2     2     4
         12    12    12    12    12    12    12    12    12    12    12    12    12    12    12    12    12    12    12    12
         12    12    12    12    12    12    12    12    12    12    12    12    12    12    12    12    12    12    12
  43   1000   988   952   895   821   735   641   546   454   368   291   225   169   125    89    63    43    29    19    12
          8     5     3     2     2     1     1     1     1     1     1     1     1     1     1     1     1     1     1     1
          1     2     2     2     2     2     2     2     2     2     2     2     2     2     2     2     2     2     4    13
         13    13    13    13    13    13    13    13    13    13    13    13    13    13    13    13    13    13    13    13
         13    13    13    13    13    13    13    13    13    13    13    13    13    13    13    13    13    13
  44   1000   988   952   895   821   735   641   546   454   368   291   225   169   125    89    63    43    29    19    12
          8     5     3     2     2     1     1     1     1     1     1     1     1     1     1     1     1     2     2     2
          2     2     2     2     2     2     2     2     2     2     2     2     2     2     2     2     2     5    14    14
         14    14    14    14    14    14    14    14    14    14    14    14    14    14    14    14    14    14    14    14
         14    14    14    14    14    14    14    14    14    14    14    14    14    14    14    14    14
  45   1000   988   952   895   821   735   641   546   454   368   291   225   170   125    90    63    43    29    19    12
          8     5     3     2     2     1     1     1     1     1     1     1     1     2     2     2     2     2     2     2
          2     2     2     2     2     2     2     2     2     2     2     2     2     3     3     3     5    16    16    16
         16    16    16    16    16    16    16    16    16    16    16    16    16    16    16    16    16    16    16    16
         16    16    16    16    16    16    16    16    16    16    16    16    16    16    16    16
  46   1000   988   952   895   821   735   641   546   454   368   291   225   170   125    90    63    43    29    19    13
          8     5     4     3     2     2     2     1     1     1     2     2     2     2     2     2     2     2     2     2
          2     2     2     2     2     2     2     3     3     3     3     3     3     3     3     6    18    18    18    18
         18    18    18    18    18    18    18    18    18    18    18    18    18    18    18    18    18    18    18    18
         18    18    18    18    18    18    18    18    18    18    18    18    18    18    18
  47   1000   988   952   895   821   735   641   546   454   368   291   225   170   125    90    63    43    29    19    13
          8     5     4     3     2     2     2     2     2     2     2     2     2     2     2     2     2     2     2     2
          2     2     3     3     3     3     3     3     3     3     3     3     3     3     6    19    19    19    19    19
         19    19    19    19    19    19    19    19    19    19    19    19    19    19    19    19    19    19    19    19
         19    19    19    19    19    19    19    19    19    19    19    19    19    19
  48   1000   988   952   895   821   735   641   546   454   368   292   225   170   125    90    63    43    29    19    13
          8     6     4     3     2     2     2     2     2     2     2     2     2     2     2     2     2     2     3     3
          3     3     3     3     3     3     3     3     3     3     3     3     3     7    21    21    21    21    21    21
         21    21    21    21    21    21    21    21    21    21    21    21    21    21    21    21    21    21    21    21
         21    21    21    21    21    21    21    21    21    21    21    21    21
  49   1000   988   952   895   821   735   641   546   454   368   292   225   170   125    90    63    44    29    20    13
          9     6     4     3     3     2     2     2     2     2     2     2     2     3     3     3     3     3     3     3
          3     3     3     3     3     3     3     4     4     4     4     4     7    23    23    23    23    23    23    23
         23    23    23    23    23    23    23    23    23    23    23    23    23    23    23    23    23    23    23    23
         23    23    23    23    23    23    23    23    23    23    23    23
  50   1000   988   952   895   821   735   641   547   454   369   292   225   170   125    90    63    44    30    20    13
          9     6     4     3     3     3     2     2     2     3     3     3     3     3     3     3     3     3     3     3
          3     4     4     4     4     4     4     4     4     4     4     8    25    25    25    25    25    25    25    25
         25    25    25    25    25    25    25    25    25    25    25    25    25    25    25    25    25    25    25    25
         25    25    25    25    25    25    25    25    25    25    25
  51   1000   988   952   895   821   735   642   547   454   369   292   226   170   125    90    64    44    30    20    13
          9     6     5     4     3     3     3     3     3     3     3     3     3     3     3     3     3     4     4     4
          4     4     4     4     4     4     4     4     4     5     9    28    28    28    28    28    28    28    28    28
         28    28    28    28    28    28    28    28    28    28    28    28    28    28    28    28    28    28    28    28
         28    28    28    28    28    28    28    28    28    28
  52   1000   988   952   895   821   735   642   547   454   369   292   226   170   126    90    64    44    30    20    14
          9     7     5     4     3     3     3     3     3     3     3     3     3     4     4     4     4     4     4     4
          4     4     4     5     5     5     5     5     5    10    30    30    30    30    30    30    30    30    30    30
         30    30    30    30    30    30    30    30    30    30    30    30    30    30    30    30    30    30    30    30
         30    30    30    30    30    30    30    30    30
  53   1000   988   952   895   821   735   642   547   455   369   292   226   170   126    91    64    44    30    20    14
         10     7     5     4     4     4     3     3     3     4     4     4     4     4     4     4     4     4     4     5
          5     5     5     5     5     5     5     5    10    32    32    32    32    32    32    32    32    32    32    32
         32    32    32    32    32    32    32    32    32    32    32    32    32    32    32    32    32    32    32    32
         32    32    32    32    32    32    32    32
  54   1000   988   952   895   821   735   642   547   455   369   292   226   171   126    91    64    45    30    21    14
         10     7     6     5     4     4     4     4     4     4     4     4     4     4     4     5     5     5     5     5
          5     5     5     5     5     6     6    11    35    35    35    35    35    35    35    35    35    35    35    35
         35    35    35    35    35    35    35    35    35    35    35    35    35    35    35    35    35    35    35    35
         35    35    35    35    35    35    35
  55   1000   988   952   895   821   735   642   547   455   369   292   226   171   126    91    64    45    31    21    15
         10     8     6     5     4     4     4     4     4     4     4     4     5     5     5     5     5     5     5     5
          6     6     6     6     6     6    12    37    37    37    37    37    37    37    37    37    37    37    37    37
         37    37    37    37    37    37    37    37    37    37    37    37    37    37    37    37    37    37    37    37
         37    37    37    37    37    37
  56   1000   988   952   895   821   735   642   547   455   369   292   226   171   126    91    65    45    31    21    15
         11     8     6     5     5     5     4     4     4     5     5     5     5     5     5     5     6     6     6     6
          6     6     6     6     6    12    39    39    39    39    39    39    39    39    39    39    39    39    39    39
         39    39    39    39    39    39    39    39    39    39    39    39    39    39    39    39    39    39    39    39
         39    39    39    39    39
  57   1000   988   952   895   821   735   642   547   455   369   293   226   171   126    91    65    45    31    22    15
         11     8     7     6     5     5     5     5     5     5     5     5     5     6     6     6     6     6     6     6
          6     6     7     7    13    41    41    41    41    41    41    41    41    41    41    41    41    41    41    41
         41    41    41    41    41    41    41    41    41    41    41    41    41    41    41    41    41    41    41    41
         41    41    41    41
  58   1000   988   952   895   821   735   642   547   455   369   293   227   171   127    92    65    46    32    22    15
         11     9     7     6     5     5     5     5     5     5     5     6     6     6     6     6     6     6     7     7
          7     7     7    13    43    43    43    43    43    43    43    43    43    43    43    43    43    43    43    43
         43    43    43    43    43    43    43    43    43    43    43    43    43    43    43    43    43    43    43    43
         43    43    43
  59   1000   988   952   895   821   735   642   547   455   370   293   227   171   127    92    65    46    32    22    16
         12     9     7     6     6     6     5     5     6     6     6     6     6     6     6     7     7     7     7     7
          7     7    14    44    44    44    44    44    44    44    44    44    44    44    44    44    44    44    44    44
         44    44    44    44    44    44    44    44    44    44    44    44    44    44    44    44    44    44    44    44
         44    44
  60   1000   988   952   895   821   735   642   547   455   370   293   227   172   127    92    66    46    32    23    16
         12     9     8     7     6     6     6     6     6     6     6     6     7     7     7     7     7     7     7     7
          8    15    46    46    46    46    46    46    46    46    46    46    46    46    46    46    46    46    46    46
         46    46    46    46    46    46    46    46    46    46    46    46    46    46    46    46    46    46    46    46
         46
  61   1000   988   952   895   821   735   642   547   455   370   293   227   172   127    93    66    47    33    23    17
         12    10     8     7     7     6     6     6     6     6     7     7     7     7     7     7     8     8     8     8
         15    48    48    48    48    48    48    48    48    48    48    48    48    48    48    48    48    48    48    48
         48    48    48    48    48    48    48    48    48    48    48    48    48    48    48    48    48    48    48    48
  62   1000   988   952   895   821   735   642   548   456   370   293   227   172   128    93    66    47    33    23    17
         13    10     8     7     7     7     7     7     7     7     7     7     7     8     8     8     8     8     8    16
         50    50    50    50    50    50    50    50    50    50    50    50    50    50    50    50    50    50    50    50
         50    50    50    50    50    50    50    50    50    50    50    50    50    50    50    50    50    50    50
  63   1000   988   952   895   821   735   642   548   456   370   294   228   173   128    93    67    47    33    24    17
         13    10     9     8     7     7     7     7     7     7     8     8     8     8     8     8     8     8    16    52
         52    52    52    52    52    52    52    52    52    52    52    52    52    52    52    52    52    52    52    52
         52    52    52    52    52    52    52    52    52    52    52    52    52    52    52    52    52    52
  64   1000   988   952   895   821   735   642   548   456   370   294   228   173   128    94    67    48    34    24    18
         13    11     9     8     8     8     8     8     8     8     8     8     8     8     9     9     9    17    54    54
         54    54    54    54    54    54    54    54    54    54    54    54    54    54    54    54    54    54    54    54
         54    54    54    54    54    54    54    54    54    54    54    54    54    54    54    54    54
  65   1000   988   952   895   821   735   642   548   456   371   294   228   173   129    94    68    48    34    24    18
         14    11     9     9     8     8     8     8     8     8     8     9     9     9     9     9    18    56    56    56
         56    56    56    56    56    56    56    56    56    56    56    56    56    56    56    56    56    56    56    56
         56    56    56    56    56    56    56    56    56    56    56    56    56    56    56    56
  66   1000   988   952   895   821   735   643   548   456   371   294   229   174   129    94    68    48    34    25    18
         14    11    10     9     9     8     8     8     9     9     9     9     9     9     9    18    58    58    58    58
         58    58    58    58    58    58    58    58    58    58    58    58    58    58    58    58    58    58    58    58
         58    58    58    58    58    58    58    58    58    58    58    58    58    58    58
  67   1000   988   952   895   821   736   643   548   456   371   295   229   174   129    95    68    49    35    25    19
         15    12    10     9     9     9     9     9     9     9     9     9    10    10    19    60    60    60    60    60
         60    60    60    60    60    60    60    60    60    60    60    60    60    60    60    60    60    60    60    60
         60    60    60    60    60    60    60    60    60    60    60    60    60    60
  68   1000   988   952   895   821   736   643   548   457   371   295   229   174   130    95    69    49    35    26    19
         15    12    11    10     9     9     9     9     9    10    10    10    10    19    61    61    61    61    61    61
         61    61    61    61    61    61    61    61    61    61    61    61    61    61    61    61    61    61    61    61
         61    61    61    61    61    61    61    61    61    61    61    61    61
  69   1000   988   952   895   822   736   643   548   457   372   295   229   174   130    95    69    49    36    26    20
         15    13    11    10    10    10    10    10    10    10    10    10    20    63    63    63    63    63    63    63
         63    63    63    63    63    63    63    63    63    63    63    63    63    63    63    63    63    63    63    63
         63    63    63    63    63    63    63    63    63    63    63    63
  70   1000   988   952   895   822   736   643   549   457   372   296   230   175   130    96    69    50    36    26    20
         16    13    12    11    10    10    10    10    10    10    11    21    65    65    65    65    65    65    65    65
         65    65    65    65    65    65    65    65    65    65    65    65    65    65    65    65    65    65    65    65
         65    65    65    65    65    65    65    65    65    65    65
  71   1000   988   952   895   822   736   643   549   457   372   296   230   175   131    96    70    51    37    27    21
         17    14    12    12    11    11    11    11    11    11    22    68    68    68    68    68    68    68    68    68
         68    68    68    68    68    68    68    68    68    68    68    68    68    68    68    68    68    68    68    68
         68    68    68    68    68    68    68    68    68    68
  72   1000   988   952   895   822   736   644   549   458   373   296   231   176   132    97    71    51    37    28    22
         17    15    13    12    12    12    12    12    12    23    73    73    73    73    73    73    73    73    73    73
         73    73    73    73    73    73    73    73    73    73    73    73    73    73    73    73    73    73    73    73
         73    73    73    73    73    73    73    73    73
  73   1000   988   952   895   822   736   644   550   458   373   297   231   176   132    98    71    52    38    29    22
         18    16    14    13    13    13    13    13    24    77    77    77    77    77    77    77    77    77    77    77
         77    77    77    77    77    77    77    77    77    77    77    77    77    77    77    77    77    77    77    77
         77    77    77    77    77    77    77    77
  74   1000   988   952   896   822   736   644   550   458   373   297   232   177   133    98    72    53    39    30    23
         19    16    15    14    14    13    13    26    81    81    81    81    81    81    81    81    81    81    81    81
         81    81    81    81    81    81    81    81    81    81    81    81    81    81    81    81    81    81    81    81
         81    81    81    81    81    81    81
  75   1000   988   952   896   822   737   644   550   459   374   298   232   178   133    99    73    53    40    30    24
         20    17    16    15    14    14    27    84    84    84    84    84    84    84    84    84    84    84    84    84
         84    84    84    84    84    84    84    84    84    84    84    84    84    84    84    84    84    84    84    84
         84    84    84    84    84    84
  76   1000   988   952   896   822   737   644   550   459   374   298   233   178   134   100    74    54    41    31    25
         21    18    16    16    15    28    88    88    88    88    88    88    88    88    88    88    88    88    88    88
         88    88    88    88    88    88    88    88    88    88    88    88    88    88    88    88    88    88    88    88
         88    88    88    88    88
  77   1000   988   952   896   822   737   645   551   460   375   299   234   179   135   100    74    55    41    32    26
         21    19    17    16    30    92    92    92    92    92    92    92    92    92    92    92    92    92    92    92
         92    92    92    92    92    92    92    92    92    92    92    92    92    92    92    92    92    92    92    92
         92    92    92    92
  78   1000   988   952   896   823   737   645   551   460   375   300   234   180   136   101    75    56    42    33    26
         22    20    18    32    96    96    96    96    96    96    96    96    96    96    96    96    96    96    96    96
         96    96    96    96    96    96    96    96    96    96    96    96    96    96    96    96    96    96    96    96
         96    96    96
  79   1000   988   952   896   823   737   645   551   460   376   300   235   180   136   102    76    57    43    34    27
         23    21    34   100   100   100   100   100   100   100   100   100   100   100   100   100   100   100   100   100
        100   100   100   100   100   100   100   100   100   100   100   100   100   100   100   100   100   100   100   100
        100   100
  80   1000   988   952   896   823   738   646   552   461   376   301   236   181   137   103    77    58    44    34    28
         24    37   104   104   104   104   104   104   104   104   104   104   104   104   104   104   104   104   104   104
        104   104   104   104   104   104   104   104   104   104   104   104   104   104   104   104   104   104   104   104
        104
  81   1000   988   952   896   823   738   646   552   461   377   301   236   182   138   104    77    58    45    35    29
         40   107   107   107   107   107   107   107   107   107   107   107   107   107   107   107   107   107   107   107
        107   107   107   107   107   107   107   107   107   107   107   107   107   107   107   107   107   107   107   107
  82   1000   988   952   896   823   738   646   553   462   377   302   237   182   138   104    78    59    45    36    46
        109   109   109   109   109   109   109   109   109   109   109   109   109   109   109   109   109   109   109   109
        109   109   109   109   109   109   109   109   109   109   109   109   109   109   109   109   109   109   109
  83   1000   988   952   896   823   738   646   553   462   378   302   237   183   139   105    79    60    46    53   112
        112   112   112   112   112   112   112   112   112   112   112   112   112   112   112   112   112   112   112   112
        112   112   112   112   112   112   112   112   112   112   112   112   112   112   112   112   112   112
  84   1000   988   952   896   823   738   647   553   463   378   303   238   184   140   106    80    60    63   115   115
        115   115   115   115   115   115   115   115   115   115   115   115   115   115   115   115   115   115   115   115
        115   115   115   115   115   115   115   115   115   115   115   115   115   115   115   115   115
  85   1000   988   953   896   823   739   647   554   463   379   303   238   184   140   106    80    77   118   118   118
        118   118   118   118   118   118   118   118   118   118   118   118   118   118   118   118   118   118   118   118
        118   118   118   118   118   118   118   118   118   118   118   118   118   118   118   118
  86   1000   988   953   896   824   739   647   554   463   379   304   239   185   141   107    97   121   121   121   121
        121   121   121   121   121   121   121   121   121   121   121   121   121   121   121   121   121   121   121   121
        121   121   121   121   121   121   121   121   121   121   121   121   121   121   121
  87   1000   988   953   897   824   739   648   554   464   380   305   240   186   142   123   125   125   125   125   125
        125   125   125   125   125   125   125   125   125   125   125   125   125   125   125   125   125   125   125   125
        125   125   125   125   125   125   125   125   125   125   125   125   125   125
  88   1000   988   953   897   824   739   648   555   464   380   305   240   186   157   128   128   128   128   128   128
        128   128   128   128   128   128   128   128   128   128   128   128   128   128   128   128   128   128   128   128
        128   128   128   128   128   128   128   128   128   128   128   128   128
  89   1000   988   953   897   824   740   648   555   465   381   306   241   200   131   131   131   131   131   131   131
        131   131   131   131   131   131   131   131   131   131   131   131   131   131   131   131   131   131   131   131
        131   131   131   131   131   131   131   131   131   131   131   131
  90   1000   988   953   897   824   740   649   556   465   381   306   254   135   135   135   135   135   135   135   135
        135   135   135   135   135   135   135   135   135   135   135   135   135   135   135   135   135   135   135   135
        135   135   135   135   135   135   135   135   135   135   135
  91   1000   988   953   897   824   740   649   556   466   382   317   139   139   139   139   139   139   139   139   139
        139   139   139   139   139   139   139   139   139   139   139   139   139   139   139   139   139   139   139   139
        139   139   139   139   139   139   139   139   139   139
  92   1000   988   953   897   825   740   649   556   466   390   142   142   142   142   142   142   142   142   142   142
        142   142   142   142   142   142   142   142   142   142   142   142   142   142   142   142   142   142   142   142
        142   142   142   142   142   142   142   142   142
  93   1000   988   953   897   825   740   649   557   472   145   145   145   145   145   145   145   145   145   145   145
        145   145   145   145   145   145   145   145   145   145   145   145   145   145   145   145   145   145   145   145
        145   145   145   145   145   145   145   145
  94   1000   988   953   897   825   741   650   559   148   148   148   148   148   148   148   148   148   148   148   148
        148   148   148   148   148   148   148   148   148   148   148   148   148   148   148   148   148   148   148   148
        148   148   148   148   148   148   148
  95   1000   988   953   897   825   741   649   151   151   151   151   151   151   151   151   151   151   151   151   151
        151   151   151   151   151   151   151   151   151   151   151   151   151   151   151   151   151   151   151   151
        151   151   151   151   151   151
  96   1000   988   953   897   825   737   154   154   154   154   154   154   154   154   154   154   154   154   154   154
        154   154   154   154   154   154   154   154   154   154   154   154   154   154   154   154   154   154   154   154
        154   154   154   154   154
  97   1000   988   953   897   818   156   156   156   156   156   156   156   156   156   156   156   156   156   156   156
        156   156   156   156   156   156   156   156   156   156   156   156   156   156   156   156   156   156   156   156
        156   156   156   156
  98   1000   988   953   888   159   159   159   159   159   159   159   159   159   159   159   159   159   159   159   159
        159   159   159   159   159   159   159   159   159   159   159   159   159   159   159   159   159   159   159   159
        159   159   159
  99   1000   988   942   161   161   161   161   161   161   161   161   161   161   161   161   161   161   161   161   161
        161   161   161   161   161   161   161   161   161   161   161   161   161   161   161   161   161   161   161   161
        161   161
 100   1000   976   163   163   163   163   163   163   163   163   163   163   163   163   163   163   163   163   163   163
        163   163   163   163   163   163   163   163   163   163   163   163   163   163   163   163   163   163   163   163
        163
 101   1000   316   316   316   316   316   316   316   316   316   316   316   316   316   316   316   316   316   316   316
        316   316   316   316   316   316   316   316   316   316   316   316   316   316   316   316   316   316   316   316
 102   1000  1000  1000  1000  1000  1000  1000  1000  1000  1000  1000  1000  1000  1000  1000  1000  1000  1000  1000  1000
       1000  1000  1000  1000  1000  1000  1000  1000  1000  1000  1000  1000  1000  1000  1000  1000  1000  1000  1000
 103   1000  1000  1000  1000  1000  1000  1000  1000  1000  1000  1000  1000  1000  1000  1000  1000  1000  1000  1000  1000
       1000  1000  1000  1000  1000  1000  1000  1000  1000  1000  1000  1000  1000  1000  1000  1000  1000  1000
 104   1000  1000  1000  1000  1000  1000  1000  1000  1000  1000  1000  1000  1000  1000  1000  1000  1000  1000  1000  1000
       1000  1000  1000  1000  1000  1000  1000  1000  1000  1000  1000  1000  1000  1000  1000  1000  1000
 105   1000  1000  1000  1000  1000  1000  1000  1000  1000  1000  1000  1000  1000  1000  1000  1000  1000  1000  1000  1000
       1000  1000  1000  1000  1000  1000  1000  1000  1000  1000  1000  1000  1000  1000  1000  1000
 106   1000  1000  1000  1000  1000  1000  1000  1000  1000  1000  1000  1000  1000  1000  1000  1000  1000  1000  1000  1000
       1000  1000  1000  1000  1000  1000  1000  1000  1000  1000  1000  1000  1000  1000  1000
 107   1000  1000  1000  1000  1000  1000  1000  1000  1000  1000  1000  1000  1000  1000  1000  1000  1000  1000  1000  1000
       1000  1000  1000  1000  1000  1000  1000  1000  1000  1000  1000  1000  1000  1000
 108   1000  1000  1000  1000  1000  1000  1000  1000  1000  1000  1000  1000  1000  1000  1000  1000  1000  1000  1000  1000
       1000  1000  1000  1000  1000  1000  1000  1000  1000  1000  1000  1000  1000
 109   1000  1000  1000  1000  1000  1000  1000  1000  1000  1000  1000  1000  1000  1000  1000  1000  1000  1000  1000  1000
       1000  1000  1000  1000  1000  1000  1000  1000  1000  1000  1000  1000
 110   1000  1000  1000  1000  1000  1000  1000  1000  1000  1000  1000  1000  1000  1000  1000  1000  1000  1000  1000  1000
       1000  1000  1000  1000  1000  1000  1000  1000  1000  1000  1000
 111   1000  1000  1000  1000  1000  1000  1000  1000  1000  1000  1000  1000  1000  1000  1000  1000  1000  1000  1000  1000
       1000  1000  1000  1000  1000  1000  1000  1000  1000  1000
 112   1000  1000  1000  1000  1000  1000  1000  1000  1000  1000  1000  1000  1000  1000  1000  1000  1000  1000  1000  1000
       1000  1000  1000  1000  1000  1000  1000  1000  1000
 113   1000  1000  1000  1000  1000  1000  1000  1000  1000  1000  1000  1000  1000  1000  1000  1000  1000  1000  1000  1000
       1000  1000  1000  1000  1000  1000  1000  1000
 114   1000  1000  1000  1000  1000  1000  1000  1000  1000  1000  1000  1000  1000  1000  1000  1000  1000  1000  1000  1000
       1000  1000  1000  1000  1000  1000  1000
 115   1000  1000  1000  1000  1000  1000  1000  1000  1000  1000  1000  1000  1000  1000  1000  1000  1000  1000  1000  1000
       1000  1000  1000  1000  1000  1000
 116   1000  1000  1000  1000  1000  1000  1000  1000  1000  1000  1000  1000  1000  1000  1000  1000  1000  1000  1000  1000
       1000  1000  1000  1000  1000
 117   1000  1000  1000  1000  1000  1000  1000  1000  1000  1000  1000  1000  1000  1000  1000  1000  1000  1000  1000  1000
       1000  1000  1000  1000
 118   1000  1000  1000  1000  1000  1000  1000  1000  1000  1000  1000  1000  1000  1000  1000  1000  1000  1000  1000  1000
       1000  1000  1000
 119   1000  1000  1000  1000  1000  1000  1000  1000  1000  1000  1000  1000  1000  1000  1000  1000  1000  1000  1000  1000
       1000  1000
 120   1000  1000  1000  1000  1000  1000  1000  1000  1000  1000  1000  1000  1000  1000  1000  1000  1000  1000  1000  1000
       1000
 121   1000  1000  1000  1000  1000  1000  1000  1000  1000  1000  1000  1000  1000  1000  1000  1000  1000  1000  1000  1000
 122   1000  1000  1000  1000  1000  1000  1000  1000  1000  1000  1000  1000  1000  1000  1000  1000  1000  1000  1000
 123   1000  1000  1000  1000  1000  1000  1000  1000  1000  1000  1000  1000  1000  1000  1000  1000  1000  1000
 124   1000  1000  1000  1000  1000  1000  1000  1000  1000  1000  1000  1000  1000  1000  1000  1000  1000
 125   1000  1000  1000  1000  1000  1000  1000  1000  1000  1000  1000  1000  1000  1000  1000  1000
 126   1000  1000  1000  1000  1000  1000  1000  1000  1000  1000  1000  1000  1000  1000  1000
 127   1000  1000  1000  1000  1000  1000  1000  1000  1000  1000  1000  1000  1000  1000
 128   1000  1000  1000  1000  1000  1000  1000  1000  1000  1000  1000  1000  1000
 129   1000  1000  1000  1000  1000  1000  1000  1000  1000  1000  1000  1000
 130   1000  1000  1000  1000  1000  1000  1000  1000  1000  1000  1000
 131   1000  1000  1000  1000  1000  1000  1000  1000  1000  1000
 132   1000  1000  1000  1000  1000  1000  1000  1000  1000
 133   1000  1000  1000  1000  1000  1000  1000  1000
 134   1000  1000  1000  1000  1000  1000  1000
 135   1000  1000  1000  1000  1000  1000
 136   1000  1000  1000  1000  1000
 137   1000  1000  1000  1000
 138   1000  1000  1000
 139   1000  1000
 140   1000

 Finished!
