NIF_RUN Passive 18x snout on TANDM 90-348 Pinhole
  140    6    1    0    1
   0.00500   9.00000   0.03000   0.03000
   0.0000000   0   0 1.00000000E+00   1.0000000
ZR902    4.147E-14 0.011       0.00       0.00        (    )
IN115N   1.039E-14 0.012       0.00       0.00        (    )
AU197G   2.386E-14 0.012       0.00 AUNG  3.94 IFX    (ISTP)
IN115G   3.612E-14 0.028       0.00 INNG 39.37 IFX    (ISTP)
AU1972   2.606E-13 0.012       0.00       0.00        (    )
AL27A    1.501E-14 0.012       0.00       0.00        (    )
Flux Uncertainty
 140
 0.0000E+00 0.0000E+00 0.0000E+00 0.0000E+00 0.0000E+00 0.0000E+00 0.0000E+00
 0.0000E+00 0.0000E+00 0.0000E+00 0.0000E+00 0.0000E+00 0.0000E+00 0.0000E+00
 1.0000E+00 1.0000E+00 1.0000E+00 1.0000E+00 1.0000E+00 1.0000E+00 1.0000E+00
 1.0000E+00 1.0000E+00 1.0000E+00 1.0000E+00 1.0000E+00 1.0000E+00 1.0000E+00
 1.0000E+00 1.0000E+00 1.0000E+00 1.0000E+00 1.0000E+00 1.0000E+00 1.0000E+00
 1.0000E+00 1.0000E+00 1.0000E+00 1.0000E+00 1.0000E+00 1.0000E+00 1.0000E+00
 1.0000E+00 1.0000E+00 1.0000E+00 1.0000E+00 1.0000E+00 1.0000E+00 1.0000E+00
 1.0000E+00 1.0000E+00 1.0000E+00 1.0000E+00 1.0000E+00 1.0000E+00 1.0000E+00
 1.0000E+00 1.0000E+00 1.0000E+00 1.0000E+00 1.0000E+00 1.0000E+00 1.0000E+00
 1.0000E+00 1.0000E+00 1.0000E+00 1.0000E+00 1.0000E+00 1.0000E+00 1.0000E+00
 1.0000E+00 1.0000E+00 1.0000E+00 1.0000E+00 1.0000E+00 1.0000E+00 1.0000E+00
 1.0000E+00 1.0000E+00 1.0000E+00 1.0000E+00 1.0000E+00 1.0000E+00 1.0000E+00
 1.0000E+00 1.0000E+00 1.0000E+00 1.0000E+00 1.0000E+00 1.0000E+00 1.0000E+00
 1.0000E+00 1.0000E+00 1.0000E+00 1.0000E+00 0.0000E+00 0.0000E+00 0.0000E+00
 0.0000E+00 0.0000E+00 0.0000E+00 0.0000E+00 0.0000E+00 0.0000E+00 0.0000E+00
 0.0000E+00 0.0000E+00 0.0000E+00 0.0000E+00 0.0000E+00 0.0000E+00 0.0000E+00
 0.0000E+00 0.0000E+00 0.0000E+00 0.0000E+00 0.0000E+00 0.0000E+00 0.0000E+00
 0.0000E+00 0.0000E+00 0.0000E+00 0.0000E+00 0.0000E+00 0.0000E+00 0.0000E+00
 0.0000E+00 0.0000E+00 0.0000E+00 0.0000E+00 0.0000E+00 0.0000E+00 0.0000E+00
 0.0000E+00 0.0000E+00 0.0000E+00 0.0000E+00 0.0000E+00 0.0000E+00 0.0000E+00
Input Flux Spectrum
 140   1 1.000E+00 2.000E+01 5.000E-08
 0.0000E+00 0.0000E+00 0.0000E+00 0.0000E+00 0.0000E+00 0.0000E+00 0.0000E+00
 0.0000E+00 0.0000E+00 0.0000E+00 0.0000E+00 0.0000E+00 0.0000E+00 0.0000E+00
 1.0000E+00 1.0000E+00 1.0000E+00 1.0000E+00 1.0000E+00 1.0000E+00 1.0000E+00
 1.0000E+00 1.0000E+00 1.0000E+00 1.0000E+00 1.0000E+00 1.0000E+00 1.0000E+00
 1.0000E+00 1.0000E+00 1.0000E+00 1.0000E+00 1.0000E+00 1.0000E+00 1.0000E+00
 1.0000E+00 1.0000E+00 1.0000E+00 1.0000E+00 1.0000E+00 1.0000E+00 1.0000E+00
 1.0000E+00 1.0000E+00 1.0000E+00 1.0000E+00 1.0000E+00 1.0000E+00 1.0000E+00
 1.0000E+00 1.0000E+00 1.0000E+00 1.0000E+00 1.0000E+00 1.0000E+00 1.0000E+00
 1.0000E+00 1.0000E+00 1.0000E+00 1.0000E+00 1.0000E+00 1.0000E+00 1.0000E+00
 1.0000E+00 1.0000E+00 1.0000E+00 1.0000E+00 1.0000E+00 1.0000E+00 1.0000E+00
 1.0000E+00 1.0000E+00 1.0000E+00 1.0000E+00 1.0000E+00 1.0000E+00 1.0000E+00
 1.0000E+00 1.0000E+00 1.0000E+00 1.0000E+00 1.0000E+00 1.0000E+00 1.0000E+00
 1.0000E+00 1.0000E+00 1.0000E+00 1.0000E+00 1.0000E+00 1.0000E+00 1.0000E+00
 1.0000E+00 1.0000E+00 1.0000E+00 1.0000E+00 0.0000E+00 0.0000E+00 0.0000E+00
 0.0000E+00 0.0000E+00 0.0000E+00 0.0000E+00 0.0000E+00 0.0000E+00 0.0000E+00
 0.0000E+00 0.0000E+00 0.0000E+00 0.0000E+00 0.0000E+00 0.0000E+00 0.0000E+00
 0.0000E+00 0.0000E+00 0.0000E+00 0.0000E+00 0.0000E+00 0.0000E+00 0.0000E+00
 0.0000E+00 0.0000E+00 0.0000E+00 0.0000E+00 0.0000E+00 0.0000E+00 0.0000E+00
 0.0000E+00 0.0000E+00 0.0000E+00 0.0000E+00 0.0000E+00 0.0000E+00 0.0000E+00
 0.0000E+00 0.0000E+00 0.0000E+00 0.0000E+00 0.0000E+00 0.0000E+00 0.0000E+00
   10   13   28   11    8    5    8    7   10   40



                         ==============================
                               STAYSL PNNL OUTPUT
                         ==============================

 STAYSL PNNL, version 1.2.0, 2015-08-05


 SCENARIO TITLE: NIF_RUN Passive 18x snout on TANDM 90-348 Pinhole
 -------------------------------------------------------------------------------
  NGROUP =   140    NRXN =     6    ACTIVITY NORM = 1.00000E+00

  COVARIANCE PARAMETERS (FCHN, FCVX, ACVX, FS)
    FLUXES:      WIDTH =  9.0000E+00   LONG RANGE COVAR. =  3.0000E-02
            ACTIVITIES =  5.0000E-03   X-SECT CROSS COR. =  3.0000E-02

    DETERM =   4.5439 × 10^   7.00      ERROR =  -4.0072E-16

  INPUT NORMALIZATION DATA
    AK1   =     0.00000     VAK        =     0.00090
    NORML =           0     RENORM     = 3.29094E+07
    CHI²  = 16462.95000     NORM. CHI² =  3292.59000
     (logarithmic limit was applied to low fluxes)

  DOSIMETRY ACTIVITIES
     ———— INPUTS —————  -UNADJUSTED FLUX-  — ADJUSTED FLUX —    CHI²  90% ACTIVITIES RANGE
 RXN  MEASURED     ±%   ACTIVITY    %DIFF  ACTIVITY    %DIFF  CONTRIB --LOW E-- --HIGH E--   REACTION          CVR
  1  4.147E-14    1.10  4.046E-17  -99.90  1.044E-15  -97.48 5847.745  1.20E+01  1.40E+01  ZR90(N,2N)ZR89          
  2  1.039E-14    1.20  2.167E-16  -97.91  4.682E-15  -54.94 1118.100  1.60E+00  1.10E+01  IN115(N,N')IN115M       
  3  2.386E-14    1.20  2.489E-14    4.30  3.849E-14   61.30    1.561  4.50E-05  5.50E-03  AU197(N,G)AU198         
  4  3.612E-14    2.80  4.596E-15  -87.28  1.360E-14  -62.34  318.123  3.00E-05  7.80E-01  IN115(N,G)IN116M        
  5  2.606E-13    1.20  3.214E-16  -99.88  8.815E-15  -96.62 4643.532  9.00E+00  1.40E+01  AU197(N,2N)AU196        
  6  1.501E-14    1.20  2.519E-17  -99.83  7.000E-16  -95.34 4533.889  7.40E+00  1.40E+01  AL27(N,A)NA24           

             % STD. DEV.  =         97.10              87.85

                              CHECK INPUT, IT IS RATHER UNLIKELY !
                                   *** BEWARE OF OUTPUT ! ***


  DIFFERENTIAL FLUXES (input is normalized by a factor of 3.2909E+07)
                  —————— DIFFERENTIAL FLUX —————   ———— STD. DEV. % ————   INTEGRAL
 GRP    ENERGY        NEW         OLD      RATIO    NEW     OLD    RATIO   FLUX > E     ± %
  15  2.8000E-06  6.0811E+11  2.2696E+13   0.027   24.04  100.00   0.240  2.6360E+10   35.41
  16  4.2500E-06  7.2291E+11  1.6053E+13   0.045   16.37  100.00   0.164  2.6359E+10   35.41
  17  6.3000E-06  1.0195E+12  1.1348E+13   0.090   18.51  100.00   0.185  2.6358E+10   35.41
  18  9.2000E-06  1.8827E+12  7.6533E+12   0.246   27.45  100.00   0.274  2.6355E+10   35.42
  19  1.3500E-05  5.2017E+12  4.3879E+12   1.185   37.53  100.00   0.375  2.6347E+10   35.43
  20  2.1000E-05  7.9803E+12  3.6566E+12   2.182   46.84  100.00   0.468  2.6308E+10   35.48
  21  3.0000E-05  6.9912E+12  2.1940E+12   3.187   54.80  100.00   0.548  2.6236E+10   35.58
  22  4.5000E-05  5.6898E+12  1.3712E+12   4.149   61.24  100.00   0.612  2.6131E+10   35.72
  23  6.9000E-05  5.3390E+12  1.0616E+12   5.029   66.27  100.00   0.663  2.5995E+10   35.90
  24  1.0000E-04  5.4476E+12  9.4027E+11   5.794   70.08  100.00   0.701  2.5829E+10   36.10
  25  1.3500E-04  6.0388E+12  9.4027E+11   6.422   72.97  100.00   0.730  2.5639E+10   36.33
  26  1.7000E-04  4.5462E+12  6.5819E+11   6.907   75.21  100.00   0.752  2.5427E+10   36.59
  27  2.2000E-04  3.9768E+12  5.4849E+11   7.250   77.06  100.00   0.771  2.5200E+10   36.85
  28  2.8000E-04  3.0704E+12  4.1137E+11   7.464   78.69  100.00   0.787  2.4961E+10   37.13
  29  3.6000E-04  2.7663E+12  3.6566E+11   7.565   80.22  100.00   0.802  2.4716E+10   37.41
  30  4.5000E-04  1.9943E+12  2.6327E+11   7.575   81.69  100.00   0.817  2.4467E+10   37.69
  31  5.7500E-04  1.3368E+12  1.7789E+11   7.515   83.11  100.00   0.831  2.4217E+10   37.97
  32  7.6000E-04  1.2184E+12  1.6455E+11   7.405   84.48  100.00   0.845  2.3970E+10   38.24
  33  9.6000E-04  7.5853E+11  1.0447E+11   7.260   85.78  100.00   0.858  2.3726E+10   38.52
  34  1.2750E-03  7.1838E+11  1.0126E+11   7.094   86.99  100.00   0.870  2.3487E+10   38.79
  35  1.6000E-03  5.6889E+11  8.2273E+10   6.915   88.11  100.00   0.881  2.3254E+10   39.05
  36  2.0000E-03  3.1619E+11  4.7013E+10   6.725   89.16  100.00   0.892  2.3026E+10   39.31
  37  2.7000E-03  3.0691E+11  4.7013E+10   6.528   90.13  100.00   0.901  2.2805E+10   39.57
  38  3.4000E-03  1.8914E+11  2.9918E+10   6.322   91.04  100.00   0.910  2.2590E+10   39.83
  39  4.5000E-03  2.0093E+11  3.2909E+10   6.105   91.91  100.00   0.919  2.2382E+10   40.09
  40  5.5000E-03  1.1377E+11  1.9358E+10   5.877   92.73  100.00   0.927  2.2181E+10   40.34
  41  7.2000E-03  9.2745E+10  1.6455E+10   5.636   93.53  100.00   0.935  2.1988E+10   40.59
  42  9.2000E-03  6.3275E+10  1.1753E+10   5.384   94.29  100.00   0.943  2.1802E+10   40.83
  43  1.2000E-02  5.6166E+10  1.0970E+10   5.120   95.01  100.00   0.950  2.1625E+10   41.08
  44  1.5000E-02  3.9911E+10  8.2273E+09   4.851   95.69  100.00   0.957  2.1457E+10   41.31
  45  1.9000E-02  2.3169E+10  5.0630E+09   4.576   96.32  100.00   0.963  2.1297E+10   41.54
  46  2.5500E-02  2.1785E+10  5.0630E+09   4.303   96.89  100.00   0.969  2.1146E+10   41.77
  47  3.2000E-02  1.6601E+10  4.1137E+09   4.036   97.40  100.00   0.974  2.1005E+10   41.98
  48  4.0000E-02  9.9479E+09  2.6327E+09   3.779   97.84  100.00   0.978  2.0872E+10   42.19
  49  5.2500E-02  8.6205E+09  2.4377E+09   3.536   98.22  100.00   0.982  2.0748E+10   42.39
  50  6.6000E-02  4.9558E+09  1.4959E+09   3.313   98.55  100.00   0.985  2.0631E+10   42.58
  51  8.8000E-02  4.6546E+09  1.4959E+09   3.112   98.81  100.00   0.988  2.0522E+10   42.76
  52  1.1000E-01  3.8646E+09  1.3164E+09   2.936   99.03  100.00   0.990  2.0420E+10   42.93
  53  1.3500E-01  3.6703E+09  1.3164E+09   2.788   99.21  100.00   0.992  2.0323E+10   43.09
  54  1.6000E-01  2.9307E+09  1.0970E+09   2.672   99.35  100.00   0.993  2.0231E+10   43.25
  55  1.9000E-01  2.8404E+09  1.0970E+09   2.589   99.46  100.00   0.995  2.0144E+10   43.40
  56  2.2000E-01  2.3925E+09  9.4027E+08   2.544   99.54  100.00   0.995  2.0058E+10   43.54
  57  2.5500E-01  2.3893E+09  9.4027E+08   2.541   99.61  100.00   0.996  1.9975E+10   43.68
  58  2.9000E-01  2.8344E+09  1.0970E+09   2.584   99.65  100.00   0.997  1.9891E+10   43.83
  59  3.2000E-01  2.2034E+09  8.2273E+08   2.678   99.67  100.00   0.997  1.9806E+10   43.97
  60  3.6000E-01  2.3283E+09  8.2273E+08   2.830   99.67  100.00   0.997  1.9718E+10   44.11
  61  4.0000E-01  2.0051E+09  6.5819E+08   3.046   99.65  100.00   0.996  1.9625E+10   44.27
  62  4.5000E-01  2.1945E+09  6.5819E+08   3.334   99.58  100.00   0.996  1.9524E+10   44.43
  63  5.0000E-01  2.4356E+09  6.5819E+08   3.700   99.47  100.00   0.995  1.9415E+10   44.61
  64  5.5000E-01  2.7324E+09  6.5819E+08   4.151   99.28  100.00   0.993  1.9293E+10   44.81
  65  6.0000E-01  2.5734E+09  5.4849E+08   4.692   98.99  100.00   0.990  1.9156E+10   45.04
  66  6.6000E-01  2.9204E+09  5.4849E+08   5.324   98.57  100.00   0.986  1.9002E+10   45.31
  67  7.2000E-01  3.3181E+09  5.4849E+08   6.050   97.98  100.00   0.980  1.8827E+10   45.62
  68  7.8000E-01  3.7650E+09  5.4849E+08   6.864   97.18  100.00   0.972  1.8628E+10   45.98
  69  8.4000E-01  3.1930E+09  4.1137E+08   7.762   96.13  100.00   0.961  1.8402E+10   46.43
  70  9.2000E-01  3.5923E+09  4.1137E+08   8.733   94.78  100.00   0.948  1.8146E+10   46.96
  71  1.0000E+00  1.6067E+09  1.6455E+08   9.764   93.11  100.00   0.931  1.7859E+10   47.60
  72  1.2000E+00  1.7841E+09  1.6455E+08  10.843   91.11  100.00   0.911  1.7538E+10   48.38
  73  1.4000E+00  1.9668E+09  1.6455E+08  11.953   88.79  100.00   0.888  1.7181E+10   49.30
  74  1.6000E+00  2.1524E+09  1.6455E+08  13.081   86.17  100.00   0.862  1.6787E+10   50.40
  75  1.8000E+00  2.3389E+09  1.6455E+08  14.214   83.33  100.00   0.833  1.6357E+10   51.69
  76  2.0000E+00  1.6833E+09  1.0970E+08  15.345   80.35  100.00   0.803  1.5889E+10   53.17
  77  2.3000E+00  1.8067E+09  1.0970E+08  16.470   77.36  100.00   0.774  1.5384E+10   54.86
  78  2.6000E+00  1.9295E+09  1.0970E+08  17.589   74.53  100.00   0.745  1.4842E+10   56.75
  79  2.9000E+00  1.5390E+09  8.2273E+07  18.706   72.01  100.00   0.720  1.4263E+10   58.83
  80  3.3000E+00  1.6314E+09  8.2273E+07  19.829   69.99  100.00   0.700  1.3648E+10   61.09
  81  3.7000E+00  1.7247E+09  8.2273E+07  20.964   68.62  100.00   0.686  1.2995E+10   63.50
  82  4.1000E+00  1.8194E+09  8.2273E+07  22.114   68.03  100.00   0.680  1.2305E+10   66.04
  83  4.5000E+00  1.5320E+09  6.5819E+07  23.276   68.26  100.00   0.683  1.1577E+10   68.68
  84  5.0000E+00  1.6085E+09  6.5819E+07  24.438   69.28  100.00   0.693  1.0811E+10   71.40
  85  5.5000E+00  1.6834E+09  6.5819E+07  25.576   71.01  100.00   0.710  1.0007E+10   74.15
  86  6.0000E+00  1.2531E+09  4.7013E+07  26.653   73.30  100.00   0.733  9.1655E+09   76.90
  87  6.7000E+00  1.2985E+09  4.7013E+07  27.620   75.98  100.00   0.760  8.2884E+09   79.61
  88  7.4000E+00  1.1691E+09  4.1137E+07  28.420   78.87  100.00   0.789  7.3794E+09   82.25
  89  8.2000E+00  1.1925E+09  4.1137E+07  28.989   81.82  100.00   0.818  6.4441E+09   84.76
  90  9.0000E+00  9.6313E+08  3.2909E+07  29.266   84.69  100.00   0.847  5.4901E+09   87.11
  91  1.0000E+01  9.6091E+08  3.2909E+07  29.199   87.38  100.00   0.874  4.5270E+09   89.27
  92  1.1000E+01  9.4611E+08  3.2909E+07  28.749   89.82  100.00   0.898  3.5661E+09   91.19
  93  1.2000E+01  9.1815E+08  3.2909E+07  27.899   91.95  100.00   0.920  2.6200E+09   92.85
  94  1.3000E+01  8.7727E+08  3.2909E+07  26.657   93.78  100.00   0.938  1.7018E+09   94.22
  95  1.4000E+01  8.2454E+08  3.2909E+07  25.055   95.30  100.00   0.953  8.2454E+08   95.30
      1.5000E+01

  INTEGRALS OF SPECTRA
    OLD SPECTRUM   2.6657E+09   ±   43.052 %
    NEW SPECTRUM   2.6360E+10   ±   35.409 %

  SUMMARY OF BROAD-GROUP FLUXES, FLUENCES, AND UNCERTAINTIES

    IRRAD TIME [S] = 1.00000000E+00   ACT NORM =  1.00000000E+00

       ENERGY       FLUX       FLUENCE      STDEV %
      thermal    0.0000E+00  0.0000E+00  ±   0.00     (0.100 meV – 0.550  eV)
     epithermal  5.9405E+09  5.9405E+09  ±  50.48     (0.550  eV – 110.0 keV)
        fast     2.0420E+10  2.0420E+10  ±  42.93     (110.0 keV –  20.0 MeV)
        fast     1.7859E+10  1.7859E+10  ±  47.60     (  1.0 MeV –  20.0 MeV)
        high     0.0000E+00  0.0000E+00  ±   0.00     ( 20.0 MeV –  60.0 MeV)

    MINI-SPECTRUM

       ENERGY       FLUX       FLUENCE      STDEV %
     1.0000E-10  0.0000E+00  0.0000E+00  ±   0.00
     5.5000E-07  5.3118E+08  5.3118E+08  ±  55.22
     1.0000E-04  5.4093E+09  5.4093E+09  ±  54.98
     1.1000E-01  1.0051E+09  1.0051E+09  ±  88.98
     5.0000E-01  1.5558E+09  1.5558E+09  ±  92.06
     1.0000E+00  1.9698E+09  1.9698E+09  ±  85.73
     2.0000E+00  5.0777E+09  5.0777E+09  ±  64.04
     5.0000E+00  6.2844E+09  6.2844E+09  ±  71.42
     1.0000E+01  4.5270E+09  4.5270E+09  ±  89.27
     2.0000E+01  0.0000E+00  0.0000E+00  ±   0.00
     6.0000E+01

       TOTAL     2.6360E+10  2.6360E+10  ±  35.41

    RELATIVE COVARIANCES (10×10)
        0     0     0     0     0     0     0     0     0     0
     1000    36   -53   -25   -13     5    18    13     0
     1000    95   -31   -22     5    26    20     0
     1000   417    83   -13   -18    -7     0
     1000   676    70  -170   -88     0
     1000   471  -285  -204     0
     1000   205  -181     0
     1000   637     0
     1000     0
        0

  SPECTRAL-AVERAGED REACTION RATES (for all cross section library reactions)

        REACTIONS        SIG-PHI      <SIG>          REACTIONS        SIG-PHI      <SIG>          REACTIONS        SIG-PHI      <SIG>  
   ------------------  ----------  ----------   ------------------  ----------  ----------   ------------------  ----------  ----------
   LI6(N,A)T           4.1380E-14  1.5698E-24   FE58(N,G)FE59       7.4906E-16  2.8416E-26   IN115(N,N')IN115M   4.6817E-15  1.7760E-25
   B10(N,A)LI7         1.5674E-13  5.9461E-24   CO59(N,2N)CO58      1.6349E-15  6.2021E-26   IN115(N,2N)IN114M   4.3289E-15  1.6422E-25
   F19(N,2N)F18        7.0153E-17  2.6613E-27   CO59(N,3N)CO57      0.0000E+00  0.0000E+00   IN115(N,G)IN116M    1.7562E-14  6.6621E-25
   NA23(N,2N)NA22      3.2674E-17  1.2395E-27   CO59(N,G)CO60       4.3619E-14  1.6547E-24   I127(N,2N)I126      5.0942E-15  1.9325E-25
   NA23(N,G)NA24       9.0913E-17  3.4489E-27   CO59(N,P)FE59       3.8681E-16  1.4674E-26   LA139(N,G)LA140     3.7649E-15  1.4282E-25
   MG24(N,P)NA24       1.1774E-15  4.4664E-26   CO59(N,A)MN56       1.5108E-16  5.7313E-27   PR141(N,2N)PR140    5.3388E-15  2.0253E-25
   AL27(N,P)MG27       8.4079E-16  3.1896E-26   NI58(N,2N)NI57      3.7709E-17  1.4305E-27   TM169(N,2N)TM168    9.0905E-15  3.4485E-25
   AL27(N,A)NA24       6.9999E-16  2.6554E-26   NI58(N,P)CO58       7.4947E-15  2.8432E-25   TM169(N,3N)TM167    1.6961E-20  6.4343E-31
   SI28(N,P)AL28       2.1704E-15  8.2336E-26   NI60(N,P)CO60       1.0021E-15  3.8014E-26   TA181(N,G)TA182     9.5793E-14  3.6340E-24
   P31(N,P)SI31        1.8722E-15  7.1022E-26   CU63(N,2N)CU62      8.9060E-16  3.3786E-26   W186(N,G)W187       5.9137E-14  2.2434E-24
   S32(N,P)P32         4.4910E-15  1.7037E-25   CU63(N,G)CU64       2.6284E-15  9.9709E-26   AU197(N,2N)AU196    8.8151E-15  3.3441E-25
   TI46(N,2N)TI45      2.8866E-17  1.0950E-27   CU63(N,A)CO60       2.8355E-16  1.0757E-26   AU197(N,G)AU198     5.2854E-14  2.0051E-24
   TI46(N,P)SC46       2.5825E-15  9.7969E-26   CU65(N,2N)CU64      2.3157E-15  8.7847E-26   HG199(N,N')HG199M   9.3206E-15  3.5359E-25
   TI47(N,P)SC47       1.4230E-15  5.3983E-26   ZN64(N,P)CU64       2.9207E-15  1.1080E-25   PB204(N,N')PB204M   2.0563E-15  7.8006E-26
   TI47(N,X)SC46       7.1105E-17  2.6974E-27   ZN67(N,P)CU67       1.9511E-16  7.4018E-27   BI209(N,3N)BI207    4.8893E-19  1.8548E-29
   TI48(N,P)SC48       3.0109E-16  1.1422E-26   AS75(N,2N)AS74      2.3690E-15  8.9869E-26   TH232(N,FISSION)    4.0969E-15  1.5542E-25
   TI48(N,X)SC47       1.1946E-17  4.5317E-28   Y89(N,2N)Y88        1.6218E-15  6.1523E-26   TH232(N,G)TH233     3.4456E-14  1.3071E-24
   TI49(N,X)SC48       6.6918E-18  2.5386E-28   ZR90(N,2N)ZR89      1.0437E-15  3.9595E-26   U235(N,FISSION)     9.5859E-14  3.6365E-24
   V51(N,A)SC48        5.4035E-17  2.0499E-27   NB93(N,G)NB94       6.9905E-15  2.6519E-25   U235(N,G)U236       3.4021E-14  1.2906E-24
   CR52(N,2N)CR51      4.4944E-16  1.7050E-26   NB93(N,N')NB93M     3.4393E-15  1.3047E-25   U238(N,2N)U237      9.8553E-15  3.7387E-25
   MN55(N,2N)MN54      1.6749E-15  6.3539E-26   NB93(N,2N)NB92M     1.7295E-15  6.5609E-26   U238(N,FISSION)     1.3409E-14  5.0870E-25
   MN55(N,G)MN56       7.8436E-15  2.9755E-25   MO92(N,P)NB92M      1.0227E-15  3.8798E-26   U238(N,G)U239       4.3917E-14  1.6660E-24
   FE54(N,2N)FE53      4.8031E-18  1.8221E-28   RH103(N,N')RH103M   1.7761E-14  6.7378E-25   NP237(N,FISSION)    3.5326E-14  1.3401E-24
   FE54(N,P)MN54       6.1088E-15  2.3174E-25   AG109(N,G)AG110M    2.3696E-15  8.9894E-26   PU239(N,FISSION)    1.0109E-13  3.8351E-24
   FE54(N,A)CR51       4.8509E-16  1.8402E-26   IN113(N,N')IN113M   3.9276E-15  1.4900E-25   AM241(N,FISSION)    3.9166E-14  1.4858E-24
   FE56(N,P)MN56       6.7268E-16  2.5519E-26   IN113(N,G)IN114M    3.1546E-14  1.1967E-24   SC45(N,G)SC46       1.0155E-15  3.8525E-26

  INPUT FLUX REL. CORRELATION MATRIX (by row from diagonal)
   1   1000  1000  1000  1000  1000  1000  1000  1000  1000  1000  1000  1000  1000  1000    30    30    30    30    30    30
         30    30    30    30    30    30    30    30    30    30    30    30    30    30    30    30    30    30    30    30
         30    30    30    30    30    30    30    30    30    30    30    30    30    30    30    30    30    30    30    30
         30    30    30    30    30    30    30    30    30    30    30    30    30    30    30    30    30    30    30    30
         30    30    30    30    30    30    30    30    30    30    30    30    30    30    30  1000  1000  1000  1000  1000
       1000  1000  1000  1000  1000  1000  1000  1000  1000  1000  1000  1000  1000  1000  1000  1000  1000  1000  1000  1000
       1000  1000  1000  1000  1000  1000  1000  1000  1000  1000  1000  1000  1000  1000  1000  1000  1000  1000  1000  1000

  OUTPUT FLUX REL. CORRELATION MATRIX (by row from diagonal)
   1   1000  1000  1000  1000  1000  1000  1000  1000  1000  1000  1000  1000  1000  1000    -3   -14   -18   -14   -10    -7
         -4    -2     0     2     4     6     8     9    11    12    14    15    16    17    18    19    20    20    21    22
         22    23    23    24    24    25    25    26    26    26    27    27    27    27    28    28    28    28    28    27
         27    27    26    26    25    24    23    22    21    20    19    18    17    16    15    14    13    12    11    11
         11    10    11    11    11    12    13    14    15    16    18    19    20    21    23  1000  1000  1000  1000  1000
       1000  1000  1000  1000  1000  1000  1000  1000  1000  1000  1000  1000  1000  1000  1000  1000  1000  1000  1000  1000
       1000  1000  1000  1000  1000  1000  1000  1000  1000  1000  1000  1000  1000  1000  1000  1000  1000  1000  1000  1000
   2   1000  1000  1000  1000  1000  1000  1000  1000  1000  1000  1000  1000  1000    -3   -14   -18   -14   -10    -7    -4
         -2     0     2     4     6     8     9    11    12    14    15    16    17    18    19    20    20    21    22    22
         23    23    24    24    25    25    26    26    26    27    27    27    27    28    28    28    28    28    27    27
         27    26    26    25    24    23    22    21    20    19    18    17    16    15    14    13    12    11    11    11
         10    11    11    11    12    13    14    15    16    18    19    20    21    23  1000  1000  1000  1000  1000  1000
       1000  1000  1000  1000  1000  1000  1000  1000  1000  1000  1000  1000  1000  1000  1000  1000  1000  1000  1000  1000
       1000  1000  1000  1000  1000  1000  1000  1000  1000  1000  1000  1000  1000  1000  1000  1000  1000  1000  1000
   3   1000  1000  1000  1000  1000  1000  1000  1000  1000  1000  1000  1000    -3   -14   -18   -14   -10    -7    -4    -2
          0     2     4     6     8     9    11    12    14    15    16    17    18    19    20    20    21    22    22    23
         23    24    24    25    25    26    26    26    27    27    27    27    28    28    28    28    28    27    27    27
         26    26    25    24    23    22    21    20    19    18    17    16    15    14    13    12    11    11    11    10
         11    11    11    12    13    14    15    16    18    19    20    21    23  1000  1000  1000  1000  1000  1000  1000
       1000  1000  1000  1000  1000  1000  1000  1000  1000  1000  1000  1000  1000  1000  1000  1000  1000  1000  1000  1000
       1000  1000  1000  1000  1000  1000  1000  1000  1000  1000  1000  1000  1000  1000  1000  1000  1000  1000
   4   1000  1000  1000  1000  1000  1000  1000  1000  1000  1000  1000    -3   -14   -18   -14   -10    -7    -4    -2     0
          2     4     6     8     9    11    12    14    15    16    17    18    19    20    20    21    22    22    23    23
         24    24    25    25    26    26    26    27    27    27    27    28    28    28    28    28    27    27    27    26
         26    25    24    23    22    21    20    19    18    17    16    15    14    13    12    11    11    11    10    11
         11    11    12    13    14    15    16    18    19    20    21    23  1000  1000  1000  1000  1000  1000  1000  1000
       1000  1000  1000  1000  1000  1000  1000  1000  1000  1000  1000  1000  1000  1000  1000  1000  1000  1000  1000  1000
       1000  1000  1000  1000  1000  1000  1000  1000  1000  1000  1000  1000  1000  1000  1000  1000  1000
   5   1000  1000  1000  1000  1000  1000  1000  1000  1000  1000    -3   -14   -18   -14   -10    -7    -4    -2     0     2
          4     6     8     9    11    12    14    15    16    17    18    19    20    20    21    22    22    23    23    24
         24    25    25    26    26    26    27    27    27    27    28    28    28    28    28    27    27    27    26    26
         25    24    23    22    21    20    19    18    17    16    15    14    13    12    11    11    11    10    11    11
         11    12    13    14    15    16    18    19    20    21    23  1000  1000  1000  1000  1000  1000  1000  1000  1000
       1000  1000  1000  1000  1000  1000  1000  1000  1000  1000  1000  1000  1000  1000  1000  1000  1000  1000  1000  1000
       1000  1000  1000  1000  1000  1000  1000  1000  1000  1000  1000  1000  1000  1000  1000  1000
   6   1000  1000  1000  1000  1000  1000  1000  1000  1000    -3   -14   -18   -14   -10    -7    -4    -2     0     2     4
          6     8     9    11    12    14    15    16    17    18    19    20    20    21    22    22    23    23    24    24
         25    25    26    26    26    27    27    27    27    28    28    28    28    28    27    27    27    26    26    25
         24    23    22    21    20    19    18    17    16    15    14    13    12    11    11    11    10    11    11    11
         12    13    14    15    16    18    19    20    21    23  1000  1000  1000  1000  1000  1000  1000  1000  1000  1000
       1000  1000  1000  1000  1000  1000  1000  1000  1000  1000  1000  1000  1000  1000  1000  1000  1000  1000  1000  1000
       1000  1000  1000  1000  1000  1000  1000  1000  1000  1000  1000  1000  1000  1000  1000
   7   1000  1000  1000  1000  1000  1000  1000  1000    -3   -14   -18   -14   -10    -7    -4    -2     0     2     4     6
          8     9    11    12    14    15    16    17    18    19    20    20    21    22    22    23    23    24    24    25
         25    26    26    26    27    27    27    27    28    28    28    28    28    27    27    27    26    26    25    24
         23    22    21    20    19    18    17    16    15    14    13    12    11    11    11    10    11    11    11    12
         13    14    15    16    18    19    20    21    23  1000  1000  1000  1000  1000  1000  1000  1000  1000  1000  1000
       1000  1000  1000  1000  1000  1000  1000  1000  1000  1000  1000  1000  1000  1000  1000  1000  1000  1000  1000  1000
       1000  1000  1000  1000  1000  1000  1000  1000  1000  1000  1000  1000  1000  1000
   8   1000  1000  1000  1000  1000  1000  1000    -3   -14   -18   -14   -10    -7    -4    -2     0     2     4     6     8
          9    11    12    14    15    16    17    18    19    20    20    21    22    22    23    23    24    24    25    25
         26    26    26    27    27    27    27    28    28    28    28    28    27    27    27    26    26    25    24    23
         22    21    20    19    18    17    16    15    14    13    12    11    11    11    10    11    11    11    12    13
         14    15    16    18    19    20    21    23  1000  1000  1000  1000  1000  1000  1000  1000  1000  1000  1000  1000
       1000  1000  1000  1000  1000  1000  1000  1000  1000  1000  1000  1000  1000  1000  1000  1000  1000  1000  1000  1000
       1000  1000  1000  1000  1000  1000  1000  1000  1000  1000  1000  1000  1000
   9   1000  1000  1000  1000  1000  1000    -3   -14   -18   -14   -10    -7    -4    -2     0     2     4     6     8     9
         11    12    14    15    16    17    18    19    20    20    21    22    22    23    23    24    24    25    25    26
         26    26    27    27    27    27    28    28    28    28    28    27    27    27    26    26    25    24    23    22
         21    20    19    18    17    16    15    14    13    12    11    11    11    10    11    11    11    12    13    14
         15    16    18    19    20    21    23  1000  1000  1000  1000  1000  1000  1000  1000  1000  1000  1000  1000  1000
       1000  1000  1000  1000  1000  1000  1000  1000  1000  1000  1000  1000  1000  1000  1000  1000  1000  1000  1000  1000
       1000  1000  1000  1000  1000  1000  1000  1000  1000  1000  1000  1000
  10   1000  1000  1000  1000  1000    -3   -14   -18   -14   -10    -7    -4    -2     0     2     4     6     8     9    11
         12    14    15    16    17    18    19    20    20    21    22    22    23    23    24    24    25    25    26    26
         26    27    27    27    27    28    28    28    28    28    27    27    27    26    26    25    24    23    22    21
         20    19    18    17    16    15    14    13    12    11    11    11    10    11    11    11    12    13    14    15
         16    18    19    20    21    23  1000  1000  1000  1000  1000  1000  1000  1000  1000  1000  1000  1000  1000  1000
       1000  1000  1000  1000  1000  1000  1000  1000  1000  1000  1000  1000  1000  1000  1000  1000  1000  1000  1000  1000
       1000  1000  1000  1000  1000  1000  1000  1000  1000  1000  1000
  11   1000  1000  1000  1000    -3   -14   -18   -14   -10    -7    -4    -2     0     2     4     6     8     9    11    12
         14    15    16    17    18    19    20    20    21    22    22    23    23    24    24    25    25    26    26    26
         27    27    27    27    28    28    28    28    28    27    27    27    26    26    25    24    23    22    21    20
         19    18    17    16    15    14    13    12    11    11    11    10    11    11    11    12    13    14    15    16
         18    19    20    21    23  1000  1000  1000  1000  1000  1000  1000  1000  1000  1000  1000  1000  1000  1000  1000
       1000  1000  1000  1000  1000  1000  1000  1000  1000  1000  1000  1000  1000  1000  1000  1000  1000  1000  1000  1000
       1000  1000  1000  1000  1000  1000  1000  1000  1000  1000
  12   1000  1000  1000    -3   -14   -18   -14   -10    -7    -4    -2     0     2     4     6     8     9    11    12    14
         15    16    17    18    19    20    20    21    22    22    23    23    24    24    25    25    26    26    26    27
         27    27    27    28    28    28    28    28    27    27    27    26    26    25    24    23    22    21    20    19
         18    17    16    15    14    13    12    11    11    11    10    11    11    11    12    13    14    15    16    18
         19    20    21    23  1000  1000  1000  1000  1000  1000  1000  1000  1000  1000  1000  1000  1000  1000  1000  1000
       1000  1000  1000  1000  1000  1000  1000  1000  1000  1000  1000  1000  1000  1000  1000  1000  1000  1000  1000  1000
       1000  1000  1000  1000  1000  1000  1000  1000  1000
  13   1000  1000    -3   -14   -18   -14   -10    -7    -4    -2     0     2     4     6     8     9    11    12    14    15
         16    17    18    19    20    20    21    22    22    23    23    24    24    25    25    26    26    26    27    27
         27    27    28    28    28    28    28    27    27    27    26    26    25    24    23    22    21    20    19    18
         17    16    15    14    13    12    11    11    11    10    11    11    11    12    13    14    15    16    18    19
         20    21    23  1000  1000  1000  1000  1000  1000  1000  1000  1000  1000  1000  1000  1000  1000  1000  1000  1000
       1000  1000  1000  1000  1000  1000  1000  1000  1000  1000  1000  1000  1000  1000  1000  1000  1000  1000  1000  1000
       1000  1000  1000  1000  1000  1000  1000  1000
  14   1000    -3   -14   -18   -14   -10    -7    -4    -2     0     2     4     6     8     9    11    12    14    15    16
         17    18    19    20    20    21    22    22    23    23    24    24    25    25    26    26    26    27    27    27
         27    28    28    28    28    28    27    27    27    26    26    25    24    23    22    21    20    19    18    17
         16    15    14    13    12    11    11    11    10    11    11    11    12    13    14    15    16    18    19    20
         21    23  1000  1000  1000  1000  1000  1000  1000  1000  1000  1000  1000  1000  1000  1000  1000  1000  1000  1000
       1000  1000  1000  1000  1000  1000  1000  1000  1000  1000  1000  1000  1000  1000  1000  1000  1000  1000  1000  1000
       1000  1000  1000  1000  1000  1000  1000
  15   1000   790    54  -403  -604  -709  -772  -810  -831  -838  -830  -809  -776  -732  -680  -620  -556  -490  -423  -357
       -294  -234  -178  -128   -84   -46   -14    10    29    44    53    59    61    62    60    58    54    50    47    43
         40    37    34    32    31    30    29    28    28    27    27    27    27    26    26    25    24    22    21    19
         17    14    11     8     5     2    -1    -4    -7    -9   -11   -12   -13   -13   -13   -13   -12   -12   -11   -10
         -9    -3    -3    -3    -3    -3    -3    -3    -3    -3    -3    -3    -3    -3    -3    -3    -3    -3    -3    -3
         -3    -3    -3    -3    -3    -3    -3    -3    -3    -3    -3    -3    -3    -3    -3    -3    -3    -3    -3    -3
         -3    -3    -3    -3    -3    -3
  16   1000   647   212   -52  -236  -385  -514  -630  -733  -818  -884  -927  -945  -938  -908  -859  -794  -718  -635  -549
       -463  -381  -304  -234  -173  -120   -77   -41   -14     6    20    30    36    39    40    40    38    36    34    32
         30    28    27    26    26    25    25    25    26    26    26    26    26    26    25    24    23    22    20    18
         16    14    11     8     4     1    -1    -4    -7    -9   -10   -11   -12   -12   -12   -11   -11   -10    -9    -9
        -14   -14   -14   -14   -14   -14   -14   -14   -14   -14   -14   -14   -14   -14   -14   -14   -14   -14   -14   -14
        -14   -14   -14   -14   -14   -14   -14   -14   -14   -14   -14   -14   -14   -14   -14   -14   -14   -14   -14   -14
        -14   -14   -14   -14   -14
  17   1000   878   711   552   395   233    68   -98  -259  -408  -536  -637  -707  -746  -756  -740  -703  -651  -588  -520
       -451  -383  -319  -261  -209  -165  -127   -96   -72   -52   -37   -26   -18   -11    -7    -4    -2    -1     0     0
          1     1     2     3     4     4     5     6     7     8     8     9    10    10    10    10    10    10    10     9
          9     8     7     6     5     3     2     1     0     0     0    -1    -1    -1    -2    -2    -2    -2    -2   -18
        -18   -18   -18   -18   -18   -18   -18   -18   -18   -18   -18   -18   -18   -18   -18   -18   -18   -18   -18   -18
        -18   -18   -18   -18   -18   -18   -18   -18   -18   -18   -18   -18   -18   -18   -18   -18   -18   -18   -18   -18
        -18   -18   -18   -18
  18   1000   960   879   775   653   513   361   202    44  -103  -233  -339  -418  -470  -495  -499  -485  -458  -422  -381
       -338  -295  -254  -217  -184  -154  -129  -108   -90   -75   -63   -53   -45   -38   -33   -29   -25   -22   -20   -18
        -16   -14   -13   -11   -10    -9    -8    -7    -6    -5    -4    -3    -2    -1     0     0     0     1     2     3
          4     5     5     6     6     7     7     7     7     6     6     6     5     5     4     4     3     3   -14   -14
        -14   -14   -14   -14   -14   -14   -14   -14   -14   -14   -14   -14   -14   -14   -14   -14   -14   -14   -14   -14
        -14   -14   -14   -14   -14   -14   -14   -14   -14   -14   -14   -14   -14   -14   -14   -14   -14   -14   -14   -14
        -14   -14   -14
  19   1000   977   920   836   728   600   457   307   157    17  -104  -204  -280  -332  -361  -372  -368  -353  -331  -304
       -275  -245  -217  -190  -166  -144  -125  -109   -94   -82   -71   -62   -55   -48   -43   -38   -34   -31   -28   -25
        -23   -21   -20   -18   -17   -16   -15   -14   -12   -11   -10    -9    -8    -7    -5    -4    -2    -1     0     2
          3     5     7     8     9    10    10    11    11    10    10     9     9     8     7     7     6   -10   -10   -10
        -10   -10   -10   -10   -10   -10   -10   -10   -10   -10   -10   -10   -10   -10   -10   -10   -10   -10   -10   -10
        -10   -10   -10   -10   -10   -10   -10   -10   -10   -10   -10   -10   -10   -10   -10   -10   -10   -10   -10   -10
        -10   -10
  20   1000   982   933   855   752   628   488   342   199    66   -48  -142  -213  -263  -293  -307  -307  -299  -283  -263
       -242  -219  -197  -176  -156  -139  -122  -108   -96   -84   -75   -66   -59   -52   -47   -42   -38   -35   -32   -29
        -27   -25   -24   -22   -21   -20   -19   -17   -16   -15   -14   -12   -11    -9    -7    -5    -3    -1     0     3
          5     7     9    11    12    13    13    13    13    13    12    11    11    10     9     8    -7    -7    -7    -7
         -7    -7    -7    -7    -7    -7    -7    -7    -7    -7    -7    -7    -7    -7    -7    -7    -7    -7    -7    -7
         -7    -7    -7    -7    -7    -7    -7    -7    -7    -7    -7    -7    -7    -7    -7    -7    -7    -7    -7    -7
         -7
  21   1000   984   937   860   757   633   495   352   214    88   -20  -109  -177  -224  -254  -269  -273  -268  -256  -241
       -223  -204  -185  -167  -150  -134  -120  -107   -95   -84   -75   -67   -60   -54   -48   -44   -40   -37   -34   -32
        -30   -28   -26   -25   -24   -23   -21   -20   -19   -17   -15   -14   -12   -10    -7    -5    -2     0     2     5
          8    10    12    14    15    15    16    15    15    14    14    13    12    11     9    -4    -4    -4    -4    -4
         -4    -4    -4    -4    -4    -4    -4    -4    -4    -4    -4    -4    -4    -4    -4    -4    -4    -4    -4    -4
         -4    -4    -4    -4    -4    -4    -4    -4    -4    -4    -4    -4    -4    -4    -4    -4    -4    -4    -4    -4
  22   1000   984   937   859   755   630   493   353   219    98    -5   -89  -154  -200  -230  -246  -251  -248  -238  -225
       -210  -193  -177  -160  -144  -130  -116  -104   -93   -83   -74   -66   -60   -54   -49   -45   -41   -38   -36   -33
        -32   -30   -28   -27   -26   -24   -23   -22   -20   -18   -16   -14   -12    -9    -6    -3     0     2     5     8
         11    13    15    16    17    17    17    17    16    15    14    13    12    11    -2    -2    -2    -2    -2    -2
         -2    -2    -2    -2    -2    -2    -2    -2    -2    -2    -2    -2    -2    -2    -2    -2    -2    -2    -2    -2
         -2    -2    -2    -2    -2    -2    -2    -2    -2    -2    -2    -2    -2    -2    -2    -2    -2    -2    -2
  23   1000   984   935   855   750   624   489   352   222   106     6   -75  -137  -182  -212  -228  -234  -233  -225  -213
       -199  -184  -168  -153  -138  -124  -112  -100   -90   -80   -72   -65   -59   -53   -49   -45   -42   -39   -37   -35
        -33   -31   -30   -28   -27   -26   -24   -22   -20   -18   -16   -13   -11    -8    -4    -1     2     5     9    12
         14    17    18    19    19    19    18    18    17    16    14    13    12     0     0     0     0     0     0     0
          0     0     0     0     0     0     0     0     0     0     0     0     0     0     0     0     0     0     0     0
          0     0     0     0     0     0     0     0     0     0     0     0     0     0     0     0     0     0
  24   1000   983   933   852   745   620   487   353   227   114    17   -61  -123  -167  -196  -213  -220  -219  -212  -202
       -189  -174  -159  -145  -131  -118  -106   -95   -85   -77   -69   -62   -57   -52   -48   -44   -42   -39   -37   -35
        -34   -32   -31   -29   -28   -26   -24   -22   -20   -17   -15   -12    -9    -5    -1     2     5     9    12    15
         18    19    20    20    20    20    19    18    17    16    14    13     2     2     2     2     2     2     2     2
          2     2     2     2     2     2     2     2     2     2     2     2     2     2     2     2     2     2     2     2
          2     2     2     2     2     2     2     2     2     2     2     2     2     2     2     2     2
  25   1000   983   931   849   742   619   488   357   234   124    29   -48  -108  -152  -181  -198  -205  -205  -199  -189
       -177  -163  -149  -135  -122  -110   -99   -89   -80   -72   -65   -59   -54   -50   -47   -44   -41   -39   -37   -35
        -34   -32   -31   -29   -27   -26   -23   -21   -19   -16   -13    -9    -6    -2     1     6     9    13    16    18
         20    21    21    21    21    20    19    18    16    15    14     4     4     4     4     4     4     4     4     4
          4     4     4     4     4     4     4     4     4     4     4     4     4     4     4     4     4     4     4     4
          4     4     4     4     4     4     4     4     4     4     4     4     4     4     4     4
  26   1000   982   930   848   742   621   492   364   244   136    43   -32   -92  -135  -165  -182  -189  -189  -184  -174
       -163  -150  -137  -125  -112  -101   -91   -82   -74   -67   -61   -56   -52   -48   -45   -42   -40   -38   -37   -35
        -33   -32   -30   -29   -27   -24   -22   -19   -16   -13   -10    -6    -2     1     6    10    13    16    19    21
         22    22    22    21    21    20    18    17    16    14     6     6     6     6     6     6     6     6     6     6
          6     6     6     6     6     6     6     6     6     6     6     6     6     6     6     6     6     6     6     6
          6     6     6     6     6     6     6     6     6     6     6     6     6     6     6
  27   1000   982   930   849   744   625   499   374   256   150    59   -16   -74  -117  -146  -164  -171  -172  -167  -158
       -148  -136  -124  -113  -102   -92   -83   -75   -68   -62   -57   -52   -49   -45   -43   -41   -39   -37   -36   -34
        -32   -31   -29   -27   -25   -22   -20   -17   -14   -10    -6    -2     1     6    10    13    17    19    21    22
         22    22    22    21    20    19    17    16    14     8     8     8     8     8     8     8     8     8     8     8
          8     8     8     8     8     8     8     8     8     8     8     8     8     8     8     8     8     8     8     8
          8     8     8     8     8     8     8     8     8     8     8     8     8     8
  28   1000   982   931   851   749   632   509   386   271   166    76     2   -55   -97  -126  -144  -152  -153  -149  -141
       -132  -122  -111  -101   -91   -82   -74   -68   -62   -56   -52   -48   -45   -43   -41   -39   -37   -36   -34   -32
        -31   -29   -27   -25   -23   -20   -17   -14   -10    -6    -2     1     5    10    13    17    19    21    22    22
         22    22    21    20    19    17    16    14     9     9     9     9     9     9     9     9     9     9     9     9
          9     9     9     9     9     9     9     9     9     9     9     9     9     9     9     9     9     9     9     9
          9     9     9     9     9     9     9     9     9     9     9     9     9
  29   1000   983   932   854   754   640   519   399   286   183    94    21   -35   -77  -105  -123  -131  -133  -130  -124
       -116  -107   -98   -89   -81   -73   -66   -60   -56   -51   -48   -45   -42   -40   -38   -37   -35   -34   -32   -30
        -29   -27   -25   -22   -20   -17   -14   -10    -6    -2     1     5     9    13    16    19    21    22    22    22
         21    21    20    18    17    16    14    11    11    11    11    11    11    11    11    11    11    11    11    11
         11    11    11    11    11    11    11    11    11    11    11    11    11    11    11    11    11    11    11    11
         11    11    11    11    11    11    11    11    11    11    11    11
  30   1000   983   934   857   760   648   530   412   301   200   113    41   -14   -55   -84  -102  -111  -114  -112  -107
       -100   -93   -85   -78   -71   -64   -59   -54   -50   -46   -43   -41   -39   -37   -36   -34   -33   -31   -30   -28
        -26   -24   -22   -19   -16   -13   -10    -6    -2     1     5     9    13    16    18    20    21    21    21    21
         20    19    18    17    15    14    12    12    12    12    12    12    12    12    12    12    12    12    12    12
         12    12    12    12    12    12    12    12    12    12    12    12    12    12    12    12    12    12    12    12
         12    12    12    12    12    12    12    12    12    12    12
  31   1000   983   935   861   765   656   541   425   316   217   132    61     6   -35   -63   -82   -92   -96   -95   -91
        -86   -80   -74   -67   -62   -56   -52   -48   -45   -42   -40   -38   -36   -34   -33   -32   -30   -29   -27   -25
        -23   -21   -19   -16   -13    -9    -6    -2     1     5     9    12    15    18    19    20    21    21    20    20
         19    17    16    15    13    14    14    14    14    14    14    14    14    14    14    14    14    14    14    14
         14    14    14    14    14    14    14    14    14    14    14    14    14    14    14    14    14    14    14    14
         14    14    14    14    14    14    14    14    14    14
  32   1000   984   937   864   771   664   551   438   330   233   150    80    25   -15   -44   -63   -74   -79   -79   -77
        -73   -68   -63   -58   -54   -50   -46   -43   -40   -38   -36   -34   -33   -32   -30   -29   -27   -26   -24   -22
        -20   -18   -15   -12    -9    -6    -2     1     5     8    12    15    17    19    20    20    20    20    19    18
         17    16    14    13    15    15    15    15    15    15    15    15    15    15    15    15    15    15    15    15
         15    15    15    15    15    15    15    15    15    15    15    15    15    15    15    15    15    15    15    15
         15    15    15    15    15    15    15    15    15
  33   1000   984   938   867   776   671   560   449   344   249   166    98    44     3   -26   -45   -57   -64   -65   -65
        -62   -58   -54   -51   -47   -44   -41   -38   -36   -34   -33   -32   -30   -29   -28   -26   -25   -23   -21   -19
        -17   -14   -12    -9    -5    -2     1     5     8    11    14    16    18    19    19    19    19    18    17    16
         15    14    12    16    16    16    16    16    16    16    16    16    16    16    16    16    16    16    16    16
         16    16    16    16    16    16    16    16    16    16    16    16    16    16    16    16    16    16    16    16
         16    16    16    16    16    16    16    16
  34   1000   984   940   870   780   678   569   460   357   263   182   115    61    19   -10   -30   -43   -50   -53   -54
        -52   -50   -47   -44   -41   -39   -36   -34   -33   -31   -30   -29   -28   -26   -25   -24   -22   -20   -18   -16
        -14   -11    -8    -5    -2     1     4     8    11    14    16    17    18    18    18    18    17    16    15    14
         13    12    17    17    17    17    17    17    17    17    17    17    17    17    17    17    17    17    17    17
         17    17    17    17    17    17    17    17    17    17    17    17    17    17    17    17    17    17    17    17
         17    17    17    17    17    17    17
  35   1000   985   941   872   785   684   577   471   369   277   197   130    76    34     4   -16   -30   -39   -43   -44
        -44   -43   -41   -38   -36   -34   -33   -31   -30   -29   -27   -26   -25   -24   -23   -21   -19   -18   -15   -13
        -11    -8    -5    -2     1     4     7    10    13    15    16    17    18    18    17    17    16    15    14    13
         11    18    18    18    18    18    18    18    18    18    18    18    18    18    18    18    18    18    18    18
         18    18    18    18    18    18    18    18    18    18    18    18    18    18    18    18    18    18    18    18
         18    18    18    18    18    18
  36   1000   985   942   875   789   690   585   480   380   289   210   143    89    48    16    -5   -20   -29   -34   -37
        -37   -36   -35   -34   -32   -31   -29   -28   -27   -26   -25   -24   -23   -21   -20   -18   -17   -15   -12   -10
         -7    -5    -1     1     4     7    10    12    14    16    16    17    17    16    16    15    14    13    12    11
         19    19    19    19    19    19    19    19    19    19    19    19    19    19    19    19    19    19    19    19
         19    19    19    19    19    19    19    19    19    19    19    19    19    19    19    19    19    19    19    19
         19    19    19    19    19
  37   1000   985   943   877   793   696   592   489   391   301   222   155   101    59    27     4   -10   -21   -27   -30
        -31   -31   -31   -30   -29   -28   -27   -26   -25   -24   -23   -22   -20   -19   -17   -16   -14   -12   -10    -7
         -4    -1     1     4     7     9    12    14    15    16    16    16    16    15    14    14    13    12    10    20
         20    20    20    20    20    20    20    20    20    20    20    20    20    20    20    20    20    20    20    20
         20    20    20    20    20    20    20    20    20    20    20    20    20    20    20    20    20    20    20    20
         20    20    20    20
  38   1000   986   944   879   796   701   599   497   400   311   232   166   112    69    37    13    -2   -13   -20   -24
        -26   -27   -27   -27   -26   -25   -24   -23   -22   -21   -20   -19   -18   -17   -15   -13   -11    -9    -7    -4
         -1     1     4     6     9    11    13    14    15    15    15    15    14    14    13    12    11    10    20    20
         20    20    20    20    20    20    20    20    20    20    20    20    20    20    20    20    20    20    20    20
         20    20    20    20    20    20    20    20    20    20    20    20    20    20    20    20    20    20    20    20
         20    20    20
  39   1000   986   945   881   800   706   606   505   408   320   242   175   121    78    45    20     3    -8   -15   -20
        -22   -23   -24   -24   -23   -23   -22   -21   -20   -19   -18   -17   -16   -14   -12   -11    -8    -6    -4    -1
          1     3     6     9    11    12    13    14    14    14    14    14    13    12    11    10    10    21    21    21
         21    21    21    21    21    21    21    21    21    21    21    21    21    21    21    21    21    21    21    21
         21    21    21    21    21    21    21    21    21    21    21    21    21    21    21    21    21    21    21    21
         21    21
  40   1000   986   946   883   803   710   611   512   416   328   250   183   129    85    52    27     9    -2   -11   -16
        -19   -20   -21   -21   -21   -20   -20   -19   -18   -17   -16   -15   -13   -12   -10    -8    -6    -3    -1     1
          3     6     8    10    12    13    13    14    14    13    13    12    12    11    10     9    22    22    22    22
         22    22    22    22    22    22    22    22    22    22    22    22    22    22    22    22    22    22    22    22
         22    22    22    22    22    22    22    22    22    22    22    22    22    22    22    22    22    22    22    22
         22
  41   1000   986   947   885   806   714   616   518   422   335   257   190   135    91    57    32    14     1    -7   -12
        -16   -18   -18   -19   -19   -18   -17   -17   -16   -15   -14   -12   -11    -9    -7    -5    -3    -1     1     3
          5     8     9    11    12    13    13    13    13    12    12    11    10     9     9    22    22    22    22    22
         22    22    22    22    22    22    22    22    22    22    22    22    22    22    22    22    22    22    22    22
         22    22    22    22    22    22    22    22    22    22    22    22    22    22    22    22    22    22    22    22
  42   1000   987   948   887   808   718   621   523   428   341   263   196   141    97    62    36    18     4    -4    -9
        -13   -15   -16   -16   -16   -16   -15   -15   -14   -13   -11   -10    -9    -7    -5    -3    -1     1     3     5
          7     9    10    11    12    12    12    12    11    11    10    10     9     8    23    23    23    23    23    23
         23    23    23    23    23    23    23    23    23    23    23    23    23    23    23    23    23    23    23    23
         23    23    23    23    23    23    23    23    23    23    23    23    23    23    23    23    23    23    23
  43   1000   987   949   888   811   721   625   527   433   346   268   201   146   101    66    40    21     7    -1    -7
        -11   -13   -14   -14   -14   -14   -13   -13   -12   -11    -9    -8    -6    -5    -3    -1     1     3     5     7
          8     9    10    11    11    11    11    11    10    10     9     8     7    23    23    23    23    23    23    23
         23    23    23    23    23    23    23    23    23    23    23    23    23    23    23    23    23    23    23    23
         23    23    23    23    23    23    23    23    23    23    23    23    23    23    23    23    23    23
  44   1000   987   949   890   813   724   628   531   437   350   272   205   149   105    70    43    24    10     1    -5
         -8   -11   -12   -12   -12   -12   -11   -11   -10    -9    -7    -6    -4    -2     0     0     2     4     6     8
          9    10    10    10    10    10    10     9     9     8     8     7    24    24    24    24    24    24    24    24
         24    24    24    24    24    24    24    24    24    24    24    24    24    24    24    24    24    24    24    24
         24    24    24    24    24    24    24    24    24    24    24    24    24    24    24    24    24
  45   1000   987   950   891   814   726   631   534   440   353   275   208   153   108    72    46    26    12     3    -2
         -6    -9   -10   -11   -11   -10   -10    -9    -8    -7    -5    -4    -2     0     0     2     4     6     7     8
          9     9     9     9     9     9     9     8     8     7     6    24    24    24    24    24    24    24    24    24
         24    24    24    24    24    24    24    24    24    24    24    24    24    24    24    24    24    24    24    24
         24    24    24    24    24    24    24    24    24    24    24    24    24    24    24    24
  46   1000   987   950   892   816   728   633   536   443   356   278   211   155   110    75    48    28    14     5    -1
         -5    -7    -8    -9    -9    -8    -8    -7    -6    -5    -3    -2     0     0     2     4     5     6     7     8
          8     9     9     9     8     8     7     7     6     6    25    25    25    25    25    25    25    25    25    25
         25    25    25    25    25    25    25    25    25    25    25    25    25    25    25    25    25    25    25    25
         25    25    25    25    25    25    25    25    25    25    25    25    25    25    25
  47   1000   987   951   892   817   729   634   538   445   358   280   213   157   112    77    50    30    16     7     0
         -3    -5    -7    -7    -7    -7    -6    -5    -4    -3    -2     0     0     2     3     4     6     6     7     8
          8     8     8     7     7     7     6     6     5    25    25    25    25    25    25    25    25    25    25    25
         25    25    25    25    25    25    25    25    25    25    25    25    25    25    25    25    25    25    25    25
         25    25    25    25    25    25    25    25    25    25    25    25    25    25
  48   1000   987   951   893   818   730   636   540   446   360   282   215   159   114    79    52    32    18     8     2
         -1    -4    -5    -6    -6    -5    -5    -4    -3    -2     0     0     1     3     4     5     6     6     7     7
          7     7     7     6     6     6     5     5    26    26    26    26    26    26    26    26    26    26    26    26
         26    26    26    26    26    26    26    26    26    26    26    26    26    26    26    26    26    26    26    26
         26    26    26    26    26    26    26    26    26    26    26    26    26
  49   1000   988   951   893   818   731   637   541   448   361   283   216   161   115    80    53    33    19    10     3
          0    -2    -4    -4    -4    -4    -3    -3    -2    -1     0     1     2     3     4     5     5     6     6     6
          6     6     6     5     5     5     4    26    26    26    26    26    26    26    26    26    26    26    26    26
         26    26    26    26    26    26    26    26    26    26    26    26    26    26    26    26    26    26    26    26
         26    26    26    26    26    26    26    26    26    26    26    26
  50   1000   988   951   894   819   732   638   542   449   362   285   218   162   117    81    55    35    21    11     4
          0    -1    -3    -3    -3    -3    -2    -2    -1     0     0     1     2     3     4     4     5     5     5     5
          5     5     5     4     4     4    26    26    26    26    26    26    26    26    26    26    26    26    26    26
         26    26    26    26    26    26    26    26    26    26    26    26    26    26    26    26    26    26    26    26
         26    26    26    26    26    26    26    26    26    26    26
  51   1000   988   951   894   819   732   638   542   449   363   286   219   163   118    83    56    36    22    12     6
          1     0    -2    -2    -2    -2    -2    -1     0     0     0     1     2     3     3     4     4     4     4     4
          4     4     4     4     3    27    27    27    27    27    27    27    27    27    27    27    27    27    27    27
         27    27    27    27    27    27    27    27    27    27    27    27    27    27    27    27    27    27    27    27
         27    27    27    27    27    27    27    27    27    27
  52   1000   988   951   894   819   732   639   543   450   364   286   220   164   119    84    57    37    23    13     6
          2     0    -1    -2    -2    -2    -2    -1    -1     0     0     1     1     2     2     3     3     3     3     3
          3     3     3     3    27    27    27    27    27    27    27    27    27    27    27    27    27    27    27    27
         27    27    27    27    27    27    27    27    27    27    27    27    27    27    27    27    27    27    27    27
         27    27    27    27    27    27    27    27    27
  53   1000   988   951   894   820   733   639   544   451   365   287   221   165   120    85    58    38    24    14     7
          2     0    -1    -2    -2    -2    -2    -2    -1    -1     0     0     0     1     1     2     2     2     2     2
          2     2     2    27    27    27    27    27    27    27    27    27    27    27    27    27    27    27    27    27
         27    27    27    27    27    27    27    27    27    27    27    27    27    27    27    27    27    27    27    27
         27    27    27    27    27    27    27    27
  54   1000   988   952   894   820   733   639   544   451   365   288   222   166   121    86    59    39    24    14     7
          2     0    -2    -3    -3    -4    -3    -3    -3    -2    -1    -1     0     0     0     0     1     1     1     1
          1     1    27    27    27    27    27    27    27    27    27    27    27    27    27    27    27    27    27    27
         27    27    27    27    27    27    27    27    27    27    27    27    27    27    27    27    27    27    27    27
         27    27    27    27    27    27    27
  55   1000   988   952   894   820   733   640   545   452   366   289   223   167   122    86    59    39    24    14     6
          1    -1    -3    -5    -5    -6    -6    -5    -5    -4    -4    -3    -2    -1    -1     0     0     0     0     0
          1    28    28    28    28    28    28    28    28    28    28    28    28    28    28    28    28    28    28    28
         28    28    28    28    28    28    28    28    28    28    28    28    28    28    28    28    28    28    28    28
         28    28    28    28    28    28
  56   1000   988   952   894   820   734   640   545   453   367   290   224   168   123    87    59    39    23    12     5
          0    -3    -6    -8    -8    -9    -9    -8    -8    -7    -6    -5    -4    -3    -2    -2    -1     0     0     0
         28    28    28    28    28    28    28    28    28    28    28    28    28    28    28    28    28    28    28    28
         28    28    28    28    28    28    28    28    28    28    28    28    28    28    28    28    28    28    28    28
         28    28    28    28    28
  57   1000   988   952   895   820   734   641   546   454   368   291   224   168   123    87    59    37    22    10     2
         -3    -7   -10   -12   -13   -13   -13   -12   -11   -10    -9    -8    -6    -5    -4    -3    -2    -2    -1    28
         28    28    28    28    28    28    28    28    28    28    28    28    28    28    28    28    28    28    28    28
         28    28    28    28    28    28    28    28    28    28    28    28    28    28    28    28    28    28    28    28
         28    28    28    28
  58   1000   988   952   895   821   734   641   547   454   369   292   225   169   123    86    57    35    18     6    -2
         -9   -13   -16   -18   -19   -19   -18   -17   -16   -14   -12   -11    -9    -7    -6    -5    -4    -3    28    28
         28    28    28    28    28    28    28    28    28    28    28    28    28    28    28    28    28    28    28    28
         28    28    28    28    28    28    28    28    28    28    28    28    28    28    28    28    28    28    28    28
         28    28    28
  59   1000   988   952   895   821   735   642   547   455   370   292   225   168   121    84    54    31    13     0    -9
        -16   -21   -24   -26   -26   -26   -24   -22   -20   -18   -16   -14   -11    -9    -8    -6    -5    28    28    28
         28    28    28    28    28    28    28    28    28    28    28    28    28    28    28    28    28    28    28    28
         28    28    28    28    28    28    28    28    28    28    28    28    28    28    28    28    28    28    28    28
         28    28
  60   1000   988   952   895   821   735   643   548   456   370   292   225   167   119    79    48    24     5    -9   -19
        -27   -32   -35   -36   -35   -33   -31   -28   -25   -22   -19   -17   -14   -12    -9    -7    27    27    27    27
         27    27    27    27    27    27    27    27    27    27    27    27    27    27    27    27    27    27    27    27
         27    27    27    27    27    27    27    27    27    27    27    27    27    27    27    27    27    27    27    27
         27
  61   1000   988   952   895   822   736   643   549   457   370   292   223   163   114    73    40    14    -6   -21   -33
        -40   -45   -47   -47   -45   -42   -38   -34   -31   -27   -23   -19   -16   -13   -11    27    27    27    27    27
         27    27    27    27    27    27    27    27    27    27    27    27    27    27    27    27    27    27    27    27
         27    27    27    27    27    27    27    27    27    27    27    27    27    27    27    27    27    27    27    27
  62   1000   988   952   896   822   737   644   549   457   369   289   219   157   105    62    27     0   -22   -38   -50
        -57   -60   -60   -58   -55   -51   -46   -41   -36   -31   -26   -22   -18   -15    27    27    27    27    27    27
         27    27    27    27    27    27    27    27    27    27    27    27    27    27    27    27    27    27    27    27
         27    27    27    27    27    27    27    27    27    27    27    27    27    27    27    27    27    27    27
  63   1000   988   952   896   823   737   644   549   455   366   285   212   148    93    47    10   -19   -42   -59   -70
        -75   -77   -75   -71   -65   -59   -53   -46   -40   -35   -29   -24   -20    26    26    26    26    26    26    26
         26    26    26    26    26    26    26    26    26    26    26    26    26    26    26    26    26    26    26    26
         26    26    26    26    26    26    26    26    26    26    26    26    26    26    26    26    26    26
  64   1000   988   952   896   823   737   644   548   452   361   277   201   133    75    26   -13   -44   -67   -83   -92
        -95   -94   -89   -83   -76   -68   -60   -52   -45   -38   -32   -26    26    26    26    26    26    26    26    26
         26    26    26    26    26    26    26    26    26    26    26    26    26    26    26    26    26    26    26    26
         26    26    26    26    26    26    26    26    26    26    26    26    26    26    26    26    26
  65   1000   988   952   896   823   737   642   544   447   353   265   185   113    51     0   -42   -74   -96  -110  -116
       -115  -111  -104   -95   -85   -75   -65   -56   -48   -40   -33    25    25    25    25    25    25    25    25    25
         25    25    25    25    25    25    25    25    25    25    25    25    25    25    25    25    25    25    25    25
         25    25    25    25    25    25    25    25    25    25    25    25    25    25    25    25
  66   1000   988   952   896   822   735   639   539   438   340   247   162    86    20   -34   -77  -108  -127  -137  -139
       -135  -127  -116  -105   -93   -81   -70   -60   -50   -42    24    24    24    24    24    24    24    24    24    24
         24    24    24    24    24    24    24    24    24    24    24    24    24    24    24    24    24    24    24    24
         24    24    24    24    24    24    24    24    24    24    24    24    24    24    24
  67   1000   988   952   896   821   732   634   530   424   321   223   132    51   -18   -74  -116  -144  -159  -164  -161
       -153  -141  -128  -114  -100   -86   -73   -62   -51    23    23    23    23    23    23    23    23    23    23    23
         23    23    23    23    23    23    23    23    23    23    23    23    23    23    23    23    23    23    23    23
         23    23    23    23    23    23    23    23    23    23    23    23    23    23
  68   1000   988   952   894   818   727   625   516   405   295   190    93     8   -62  -118  -156  -179  -189  -188  -181
       -168  -153  -137  -120  -104   -89   -75   -62    22    22    22    22    22    22    22    22    22    22    22    22
         22    22    22    22    22    22    22    22    22    22    22    22    22    22    22    22    22    22    22    22
         22    22    22    22    22    22    22    22    22    22    22    22    22
  69   1000   988   951   893   814   719   612   497   379   261   149    47   -40  -111  -163  -196  -213  -216  -210  -197
       -180  -162  -143  -124  -106   -90   -75    21    21    21    21    21    21    21    21    21    21    21    21    21
         21    21    21    21    21    21    21    21    21    21    21    21    21    21    21    21    21    21    21    21
         21    21    21    21    21    21    21    21    21    21    21    21
  70   1000   988   950   890   808   708   595   472   345   219   100    -5   -93  -161  -207  -232  -242  -238  -226  -209
       -189  -167  -146  -125  -106   -89    20    20    20    20    20    20    20    20    20    20    20    20    20    20
         20    20    20    20    20    20    20    20    20    20    20    20    20    20    20    20    20    20    20    20
         20    20    20    20    20    20    20    20    20    20    20
  71   1000   987   949   885   799   693   571   439   302   168    45   -61  -147  -208  -245  -263  -265  -255  -238  -217
       -194  -170  -146  -124  -104    19    19    19    19    19    19    19    19    19    19    19    19    19    19    19
         19    19    19    19    19    19    19    19    19    19    19    19    19    19    19    19    19    19    19    19
         19    19    19    19    19    19    19    19    19    19
  72   1000   987   946   879   787   673   541   399   253   113   -13  -117  -196  -249  -277  -287  -282  -266  -245  -220
       -194  -168  -143  -120    18    18    18    18    18    18    18    18    18    18    18    18    18    18    18    18
         18    18    18    18    18    18    18    18    18    18    18    18    18    18    18    18    18    18    18    18
         18    18    18    18    18    18    18    18    18
  73   1000   986   943   871   771   648   505   352   199    55   -69  -168  -238  -281  -301  -303  -291  -272  -246  -219
       -191  -163  -137    17    17    17    17    17    17    17    17    17    17    17    17    17    17    17    17    17
         17    17    17    17    17    17    17    17    17    17    17    17    17    17    17    17    17    17    17    17
         17    17    17    17    17    17    17    17
  74   1000   985   939   860   752   617   464   302   143     0  -119  -209  -270  -303  -315  -310  -294  -270  -242  -213
       -183  -155    16    16    16    16    16    16    16    16    16    16    16    16    16    16    16    16    16    16
         16    16    16    16    16    16    16    16    16    16    16    16    16    16    16    16    16    16    16    16
         16    16    16    16    16    16    16
  75   1000   984   933   848   729   584   420   251    91   -47  -159  -239  -290  -315  -320  -310  -290  -263  -233  -202
       -172    15    15    15    15    15    15    15    15    15    15    15    15    15    15    15    15    15    15    15
         15    15    15    15    15    15    15    15    15    15    15    15    15    15    15    15    15    15    15    15
         15    15    15    15    15    15
  76   1000   982   927   833   704   548   377   206    49   -83  -184  -255  -297  -315  -315  -301  -278  -250  -219  -188
         14    14    14    14    14    14    14    14    14    14    14    14    14    14    14    14    14    14    14    14
         14    14    14    14    14    14    14    14    14    14    14    14    14    14    14    14    14    14    14    14
         14    14    14    14    14
  77   1000   980   920   817   679   515   340   171    20  -102  -195  -256  -291  -304  -300  -284  -260  -231  -200    13
         13    13    13    13    13    13    13    13    13    13    13    13    13    13    13    13    13    13    13    13
         13    13    13    13    13    13    13    13    13    13    13    13    13    13    13    13    13    13    13    13
         13    13    13    13
  78   1000   978   912   802   656   488   314   150     8  -105  -188  -243  -273  -282  -276  -259  -235  -207    12    12
         12    12    12    12    12    12    12    12    12    12    12    12    12    12    12    12    12    12    12    12
         12    12    12    12    12    12    12    12    12    12    12    12    12    12    12    12    12    12    12    12
         12    12    12
  79   1000   977   905   789   640   472   303   147    15   -89  -166  -215  -242  -250  -244  -228  -206    11    11    11
         11    11    11    11    11    11    11    11    11    11    11    11    11    11    11    11    11    11    11    11
         11    11    11    11    11    11    11    11    11    11    11    11    11    11    11    11    11    11    11    11
         11    11
  80   1000   975   900   782   633   470   309   163    39   -58  -129  -175  -201  -210  -205  -191    11    11    11    11
         11    11    11    11    11    11    11    11    11    11    11    11    11    11    11    11    11    11    11    11
         11    11    11    11    11    11    11    11    11    11    11    11    11    11    11    11    11    11    11    11
         11
  81   1000   974   898   780   636   481   330   194    78   -13   -80  -126  -152  -163  -161    11    11    11    11    11
         11    11    11    11    11    11    11    11    11    11    11    11    11    11    11    11    11    11    11    11
         11    11    11    11    11    11    11    11    11    11    11    11    11    11    11    11    11    11    11    11
  82   1000   974   899   786   650   505   364   237   128    41   -24   -70   -99  -113    10    10    10    10    10    10
         10    10    10    10    10    10    10    10    10    10    10    10    10    10    10    10    10    10    10    10
         10    10    10    10    10    10    10    10    10    10    10    10    10    10    10    10    10    10    10
  83   1000   974   903   797   671   537   406   287   184    99    33   -13   -45    11    11    11    11    11    11    11
         11    11    11    11    11    11    11    11    11    11    11    11    11    11    11    11    11    11    11    11
         11    11    11    11    11    11    11    11    11    11    11    11    11    11    11    11    11    11
  84   1000   976   910   812   696   572   451   338   240   157    90    40    11    11    11    11    11    11    11    11
         11    11    11    11    11    11    11    11    11    11    11    11    11    11    11    11    11    11    11    11
         11    11    11    11    11    11    11    11    11    11    11    11    11    11    11    11    11
  85   1000   978   917   828   721   607   494   387   291   209   141    11    11    11    11    11    11    11    11    11
         11    11    11    11    11    11    11    11    11    11    11    11    11    11    11    11    11    11    11    11
         11    11    11    11    11    11    11    11    11    11    11    11    11    11    11    11
  86   1000   980   924   843   745   639   532   429   336   254    12    12    12    12    12    12    12    12    12    12
         12    12    12    12    12    12    12    12    12    12    12    12    12    12    12    12    12    12    12    12
         12    12    12    12    12    12    12    12    12    12    12    12    12    12    12
  87   1000   982   931   857   766   666   564   464   372    13    13    13    13    13    13    13    13    13    13    13
         13    13    13    13    13    13    13    13    13    13    13    13    13    13    13    13    13    13    13    13
         13    13    13    13    13    13    13    13    13    13    13    13    13    13
  88   1000   983   937   868   783   688   589   492    14    14    14    14    14    14    14    14    14    14    14    14
         14    14    14    14    14    14    14    14    14    14    14    14    14    14    14    14    14    14    14    14
         14    14    14    14    14    14    14    14    14    14    14    14    14
  89   1000   985   942   877   796   704   608    15    15    15    15    15    15    15    15    15    15    15    15    15
         15    15    15    15    15    15    15    15    15    15    15    15    15    15    15    15    15    15    15    15
         15    15    15    15    15    15    15    15    15    15    15    15
  90   1000   986   945   883   805   717    16    16    16    16    16    16    16    16    16    16    16    16    16    16
         16    16    16    16    16    16    16    16    16    16    16    16    16    16    16    16    16    16    16    16
         16    16    16    16    16    16    16    16    16    16    16
  91   1000   986   948   888   813    18    18    18    18    18    18    18    18    18    18    18    18    18    18    18
         18    18    18    18    18    18    18    18    18    18    18    18    18    18    18    18    18    18    18    18
         18    18    18    18    18    18    18    18    18    18
  92   1000   987   950   892    19    19    19    19    19    19    19    19    19    19    19    19    19    19    19    19
         19    19    19    19    19    19    19    19    19    19    19    19    19    19    19    19    19    19    19    19
         19    19    19    19    19    19    19    19    19
  93   1000   987   951    20    20    20    20    20    20    20    20    20    20    20    20    20    20    20    20    20
         20    20    20    20    20    20    20    20    20    20    20    20    20    20    20    20    20    20    20    20
         20    20    20    20    20    20    20    20
  94   1000   988    21    21    21    21    21    21    21    21    21    21    21    21    21    21    21    21    21    21
         21    21    21    21    21    21    21    21    21    21    21    21    21    21    21    21    21    21    21    21
         21    21    21    21    21    21    21
  95   1000    23    23    23    23    23    23    23    23    23    23    23    23    23    23    23    23    23    23    23
         23    23    23    23    23    23    23    23    23    23    23    23    23    23    23    23    23    23    23    23
         23    23    23    23    23    23
  96   1000  1000  1000  1000  1000  1000  1000  1000  1000  1000  1000  1000  1000  1000  1000  1000  1000  1000  1000  1000
       1000  1000  1000  1000  1000  1000  1000  1000  1000  1000  1000  1000  1000  1000  1000  1000  1000  1000  1000  1000
       1000  1000  1000  1000  1000
  97   1000  1000  1000  1000  1000  1000  1000  1000  1000  1000  1000  1000  1000  1000  1000  1000  1000  1000  1000  1000
       1000  1000  1000  1000  1000  1000  1000  1000  1000  1000  1000  1000  1000  1000  1000  1000  1000  1000  1000  1000
       1000  1000  1000  1000
  98   1000  1000  1000  1000  1000  1000  1000  1000  1000  1000  1000  1000  1000  1000  1000  1000  1000  1000  1000  1000
       1000  1000  1000  1000  1000  1000  1000  1000  1000  1000  1000  1000  1000  1000  1000  1000  1000  1000  1000  1000
       1000  1000  1000
  99   1000  1000  1000  1000  1000  1000  1000  1000  1000  1000  1000  1000  1000  1000  1000  1000  1000  1000  1000  1000
       1000  1000  1000  1000  1000  1000  1000  1000  1000  1000  1000  1000  1000  1000  1000  1000  1000  1000  1000  1000
       1000  1000
 100   1000  1000  1000  1000  1000  1000  1000  1000  1000  1000  1000  1000  1000  1000  1000  1000  1000  1000  1000  1000
       1000  1000  1000  1000  1000  1000  1000  1000  1000  1000  1000  1000  1000  1000  1000  1000  1000  1000  1000  1000
       1000
 101   1000  1000  1000  1000  1000  1000  1000  1000  1000  1000  1000  1000  1000  1000  1000  1000  1000  1000  1000  1000
       1000  1000  1000  1000  1000  1000  1000  1000  1000  1000  1000  1000  1000  1000  1000  1000  1000  1000  1000  1000
 102   1000  1000  1000  1000  1000  1000  1000  1000  1000  1000  1000  1000  1000  1000  1000  1000  1000  1000  1000  1000
       1000  1000  1000  1000  1000  1000  1000  1000  1000  1000  1000  1000  1000  1000  1000  1000  1000  1000  1000
 103   1000  1000  1000  1000  1000  1000  1000  1000  1000  1000  1000  1000  1000  1000  1000  1000  1000  1000  1000  1000
       1000  1000  1000  1000  1000  1000  1000  1000  1000  1000  1000  1000  1000  1000  1000  1000  1000  1000
 104   1000  1000  1000  1000  1000  1000  1000  1000  1000  1000  1000  1000  1000  1000  1000  1000  1000  1000  1000  1000
       1000  1000  1000  1000  1000  1000  1000  1000  1000  1000  1000  1000  1000  1000  1000  1000  1000
 105   1000  1000  1000  1000  1000  1000  1000  1000  1000  1000  1000  1000  1000  1000  1000  1000  1000  1000  1000  1000
       1000  1000  1000  1000  1000  1000  1000  1000  1000  1000  1000  1000  1000  1000  1000  1000
 106   1000  1000  1000  1000  1000  1000  1000  1000  1000  1000  1000  1000  1000  1000  1000  1000  1000  1000  1000  1000
       1000  1000  1000  1000  1000  1000  1000  1000  1000  1000  1000  1000  1000  1000  1000
 107   1000  1000  1000  1000  1000  1000  1000  1000  1000  1000  1000  1000  1000  1000  1000  1000  1000  1000  1000  1000
       1000  1000  1000  1000  1000  1000  1000  1000  1000  1000  1000  1000  1000  1000
 108   1000  1000  1000  1000  1000  1000  1000  1000  1000  1000  1000  1000  1000  1000  1000  1000  1000  1000  1000  1000
       1000  1000  1000  1000  1000  1000  1000  1000  1000  1000  1000  1000  1000
 109   1000  1000  1000  1000  1000  1000  1000  1000  1000  1000  1000  1000  1000  1000  1000  1000  1000  1000  1000  1000
       1000  1000  1000  1000  1000  1000  1000  1000  1000  1000  1000  1000
 110   1000  1000  1000  1000  1000  1000  1000  1000  1000  1000  1000  1000  1000  1000  1000  1000  1000  1000  1000  1000
       1000  1000  1000  1000  1000  1000  1000  1000  1000  1000  1000
 111   1000  1000  1000  1000  1000  1000  1000  1000  1000  1000  1000  1000  1000  1000  1000  1000  1000  1000  1000  1000
       1000  1000  1000  1000  1000  1000  1000  1000  1000  1000
 112   1000  1000  1000  1000  1000  1000  1000  1000  1000  1000  1000  1000  1000  1000  1000  1000  1000  1000  1000  1000
       1000  1000  1000  1000  1000  1000  1000  1000  1000
 113   1000  1000  1000  1000  1000  1000  1000  1000  1000  1000  1000  1000  1000  1000  1000  1000  1000  1000  1000  1000
       1000  1000  1000  1000  1000  1000  1000  1000
 114   1000  1000  1000  1000  1000  1000  1000  1000  1000  1000  1000  1000  1000  1000  1000  1000  1000  1000  1000  1000
       1000  1000  1000  1000  1000  1000  1000
 115   1000  1000  1000  1000  1000  1000  1000  1000  1000  1000  1000  1000  1000  1000  1000  1000  1000  1000  1000  1000
       1000  1000  1000  1000  1000  1000
 116   1000  1000  1000  1000  1000  1000  1000  1000  1000  1000  1000  1000  1000  1000  1000  1000  1000  1000  1000  1000
       1000  1000  1000  1000  1000
 117   1000  1000  1000  1000  1000  1000  1000  1000  1000  1000  1000  1000  1000  1000  1000  1000  1000  1000  1000  1000
       1000  1000  1000  1000
 118   1000  1000  1000  1000  1000  1000  1000  1000  1000  1000  1000  1000  1000  1000  1000  1000  1000  1000  1000  1000
       1000  1000  1000
 119   1000  1000  1000  1000  1000  1000  1000  1000  1000  1000  1000  1000  1000  1000  1000  1000  1000  1000  1000  1000
       1000  1000
 120   1000  1000  1000  1000  1000  1000  1000  1000  1000  1000  1000  1000  1000  1000  1000  1000  1000  1000  1000  1000
       1000
 121   1000  1000  1000  1000  1000  1000  1000  1000  1000  1000  1000  1000  1000  1000  1000  1000  1000  1000  1000  1000
 122   1000  1000  1000  1000  1000  1000  1000  1000  1000  1000  1000  1000  1000  1000  1000  1000  1000  1000  1000
 123   1000  1000  1000  1000  1000  1000  1000  1000  1000  1000  1000  1000  1000  1000  1000  1000  1000  1000
 124   1000  1000  1000  1000  1000  1000  1000  1000  1000  1000  1000  1000  1000  1000  1000  1000  1000
 125   1000  1000  1000  1000  1000  1000  1000  1000  1000  1000  1000  1000  1000  1000  1000  1000
 126   1000  1000  1000  1000  1000  1000  1000  1000  1000  1000  1000  1000  1000  1000  1000
 127   1000  1000  1000  1000  1000  1000  1000  1000  1000  1000  1000  1000  1000  1000
 128   1000  1000  1000  1000  1000  1000  1000  1000  1000  1000  1000  1000  1000
 129   1000  1000  1000  1000  1000  1000  1000  1000  1000  1000  1000  1000
 130   1000  1000  1000  1000  1000  1000  1000  1000  1000  1000  1000
 131   1000  1000  1000  1000  1000  1000  1000  1000  1000  1000
 132   1000  1000  1000  1000  1000  1000  1000  1000  1000
 133   1000  1000  1000  1000  1000  1000  1000  1000
 134   1000  1000  1000  1000  1000  1000  1000
 135   1000  1000  1000  1000  1000  1000
 136   1000  1000  1000  1000  1000
 137   1000  1000  1000  1000
 138   1000  1000  1000
 139   1000  1000
 140   1000

 Finished!
