88" 33MeV Deuteron breakup on Ta, Clean Beam
  140    7    1    0    1
   0.00500  10.00000   0.00500   0.00100
   1.0000000   0   0 7.86600000E+03   1.0000000
AL27P    1.694E-20 0.039       0.00       0.00        (    )
AL27A    1.983E-20 0.017       0.00       0.00        (    )
NI582    3.627E-21 0.020       0.00       0.00        (    )
IN115N   8.790E-20 0.013       0.00       0.00        (    )
AU1972   2.831E-19 0.054       0.00       0.00        (    )
AU197G   7.770E-20 0.025       0.00 AUNG  3.70 BFX    (BEAM)
IN115G   9.390E-20 0.015       0.00 INNG 40.20 BFX    (BEAM)
Flux Uncertainty From MCNP Calculations
 140
 4.5600E-02 2.9200E-02 1.8700E-02 1.2600E-02 9.7000E-03 8.7000E-03 8.4000E-03
 8.4000E-03 8.7000E-03 1.0100E-02 1.3500E-02 1.9400E-02 2.7200E-02 3.5600E-02
 4.3000E-02 4.7900E-02 5.0300E-02 5.1000E-02 5.1600E-02 5.4000E-02 5.9300E-02
 6.7500E-02 7.8600E-02 9.2100E-02 1.0760E-01 1.2420E-01 1.4180E-01 1.5950E-01
 1.7720E-01 1.9380E-01 2.0960E-01 2.2400E-01 2.3690E-01 2.4800E-01 2.5700E-01
 2.6400E-01 2.6890E-01 2.7150E-01 2.7230E-01 2.7200E-01 2.7090E-01 2.6970E-01
 2.6930E-01 2.6970E-01 2.7160E-01 2.7460E-01 2.7890E-01 2.8400E-01 2.8940E-01
 2.9420E-01 2.9760E-01 2.9890E-01 2.9730E-01 2.9200E-01 2.8320E-01 2.7030E-01
 2.5350E-01 2.3340E-01 2.1040E-01 1.8630E-01 1.6160E-01 1.3760E-01 1.1530E-01
 9.5400E-02 7.8200E-02 6.3700E-02 5.1900E-02 4.2300E-02 3.4600E-02 2.8500E-02
 2.3500E-02 1.9800E-02 1.6800E-02 1.4700E-02 1.3200E-02 1.2300E-02 1.1700E-02
 1.1400E-02 1.1400E-02 1.1400E-02 1.1800E-02 1.2200E-02 1.2400E-02 1.2700E-02
 1.2200E-02 1.1400E-02 1.0300E-02 9.3000E-03 8.5000E-03 8.0000E-03 7.6000E-03
 7.5000E-03 7.4000E-03 7.4000E-03 7.4000E-03 7.7000E-03 7.9000E-03 8.3000E-03
 8.7000E-03 9.3000E-03 1.1300E-02 1.8500E-02 3.4100E-02 5.9400E-02 9.4200E-02
 1.3900E-01 1.9330E-01 2.5630E-01 3.2630E-01 3.9990E-01 4.7340E-01 5.4330E-01
 6.0720E-01 6.6330E-01 7.1150E-01 7.5200E-01 7.8560E-01 8.1380E-01 8.3710E-01
 8.5670E-01 8.7290E-01 8.8630E-01 8.9780E-01 9.0730E-01 9.1540E-01 9.2230E-01
 9.2800E-01 9.3320E-01 9.3760E-01 9.4150E-01 9.4540E-01 9.4890E-01 9.5280E-01
 9.5630E-01 9.6020E-01 9.6410E-01 9.6830E-01 9.7230E-01 9.7640E-01 9.8020E-01
 Input Flux Spectrum from MCNP Simulation
 140   0 4.060E+09 2.000E+01 5.000E-08
 4.6771E-09 6.1510E-09 8.0763E-09 1.0352E-08 1.2782E-08 1.5065E-08 1.6650E-08
 1.6428E-08 1.4699E-08 1.2534E-08 1.0296E-08 8.1844E-09 6.3765E-09 4.9921E-09
 4.0821E-09 3.6249E-09 3.5362E-09 3.6811E-09 3.8529E-09 3.8268E-09 3.4471E-09
 2.7643E-09 2.7272E-09 2.7724E-09 3.5839E-09 4.3074E-09 4.9732E-09 5.6100E-09
 6.2452E-09 6.9021E-09 7.6041E-09 8.3808E-09 9.2483E-09 1.0236E-08 1.1375E-08
 1.2674E-08 1.7047E-08 2.3247E-08 2.9729E-08 3.6340E-08 4.2950E-08 4.9397E-08
 5.5579E-08 6.1407E-08 6.6838E-08 7.1891E-08 7.6654E-08 8.1213E-08 8.5808E-08
 9.0731E-08 9.6394E-08 1.0325E-07 1.1197E-07 1.2341E-07 1.3876E-07 1.5952E-07
 1.8790E-07 2.2674E-07 2.7984E-07 3.5233E-07 4.5042E-07 5.8138E-07 7.5292E-07
 9.7150E-07 1.2405E-06 1.5572E-06 1.9111E-06 2.2810E-06 2.6392E-06 2.9519E-06
 3.1912E-06 3.3389E-06 3.3900E-06 3.3552E-06 3.2523E-06 3.1024E-06 2.9245E-06
 2.7333E-06 2.5404E-06 2.3563E-06 2.1981E-06 2.0887E-06 2.0583E-06 2.1411E-06
 2.3677E-06 2.7534E-06 3.2866E-06 3.9151E-06 4.5539E-06 5.1002E-06 5.4633E-06
 5.5872E-06 5.4505E-06 5.0626E-06 4.4564E-06 3.7000E-06 2.8781E-06 2.0822E-06
 1.3843E-06 8.2586E-07 4.2268E-07 1.8390E-07 1.1788E-07 7.3002E-08 4.1778E-08
 1.9447E-08 3.1330E-09 6.3946E-10 2.4179E-10 1.1957E-10 7.5574E-11 7.1778E-11
 8.2613E-11 1.0200E-10 1.3216E-10 1.7602E-10 2.3681E-10 3.1746E-10 4.1983E-10
 5.4426E-10 6.8936E-10 8.5207E-10 1.0280E-09 1.2135E-09 1.4043E-09 1.5983E-09
 1.7955E-09 1.9977E-09 2.2089E-09 2.4359E-09 2.6872E-09 2.9751E-09 3.3126E-09
 3.7177E-09 4.2101E-09 4.8148E-09 5.5594E-09 6.4744E-09 7.5946E-09 8.9505E-09
   17   15    9    9    9   10    7   14   14   36



                         ==============================
                               STAYSL PNNL OUTPUT
                         ==============================

 STAYSL PNNL, version 1.2.0, 2015-08-05


 SCENARIO TITLE: 88" 33MeV Deuteron breakup on Ta, Clean Beam
 -------------------------------------------------------------------------------
  NGROUP =   140    NRXN =     7    ACTIVITY NORM = 1.00000E+00

  COVARIANCE PARAMETERS (FCHN, FCVX, ACVX, FS)
    FLUXES:      WIDTH =  1.0000E+01   LONG RANGE COVAR. =  5.0000E-03
            ACTIVITIES =  5.0000E-03   X-SECT CROSS COR. =  1.0000E-03

    DETERM =   4.2503 × 10^   6.00      ERROR =   7.9302E-17

  INPUT NORMALIZATION DATA
    AK1   =     1.00000     VAK        =     0.00003
    NORML =           0     RENORM     = 1.00000E+00
    CHI²  =    11.41006     NORM. CHI² =     1.90168

  DOSIMETRY ACTIVITIES
     ———— INPUTS —————  -UNADJUSTED FLUX-  — ADJUSTED FLUX —    CHI²  90% ACTIVITIES RANGE
 RXN  MEASURED     ±%   ACTIVITY    %DIFF  ACTIVITY    %DIFF  CONTRIB --LOW E-- --HIGH E--   REACTION          CVR
  1  1.694E-20    3.90  1.893E-20   11.74  1.893E-20   11.76    7.462  5.50E+00  1.60E+01  AL27(N,P)MG27           
  2  1.983E-20    1.70  1.921E-20   -3.12  1.922E-20   -3.10    3.351  8.20E+00  1.70E+01  AL27(N,A)NA24           
  3  3.627E-21    2.00  3.675E-21    1.32  3.674E-21    1.31    0.304  1.30E+01  2.00E+01  NI58(N,2N)NI57          
  4  8.790E-20    1.30  8.773E-20   -0.20  8.773E-20   -0.20    0.007  1.20E+00  1.30E+01  IN115(N,N')IN115M       
  5  2.831E-19    5.40  2.913E-19    2.91  2.914E-19    2.93    0.286  9.00E+00  1.80E+01  AU197(N,2N)AU196        
  6  7.770E-20    2.50  7.765E-20   -0.07  7.765E-20   -0.07    0.000  1.00E-10  1.60E+00  AU197(N,G)AU198         
  7  9.390E-20    1.50  9.389E-20   -0.01  9.389E-20   -0.01    0.000  1.00E-09  1.80E+00  IN115(N,G)IN116M        

             % STD. DEV.  =          5.13               5.14

  DIFFERENTIAL FLUXES (input is normalized by a factor of 1.0000E+00)
                  —————— DIFFERENTIAL FLUX —————   ———— STD. DEV. % ————   INTEGRAL
 GRP    ENERGY        NEW         OLD      RATIO    NEW     OLD    RATIO   FLUX > E     ± %
   1  1.0000E-10  2.1099E+10  2.1099E+10   1.000    4.21    4.59   0.917  4.7360E+05    1.17
   2  1.0000E-09  2.7748E+09  2.7748E+09   1.000    2.68    2.96   0.905  4.7358E+05    1.17
   3  1.0000E-08  2.5224E+09  2.5223E+09   1.000    1.73    1.94   0.892  4.7356E+05    1.17
   4  2.3000E-08  1.5567E+09  1.5566E+09   1.000    1.19    1.36   0.881  4.7352E+05    1.17
   5  5.0000E-08  1.9960E+09  1.9960E+09   1.000    0.95    1.09   0.874  4.7348E+05    1.17
   6  7.6000E-08  1.5684E+09  1.5683E+09   1.000    0.87    1.00   0.871  4.7343E+05    1.17
   7  1.1500E-07  1.2291E+09  1.2291E+09   1.000    0.85    0.98   0.870  4.7337E+05    1.17
   8  1.7000E-07  7.8471E+08  7.8468E+08   1.000    0.85    0.98   0.870  4.7330E+05    1.17
   9  2.5500E-07  4.7744E+08  4.7742E+08   1.000    0.87    1.00   0.871  4.7323E+05    1.17
  10  3.8000E-07  2.9935E+08  2.9934E+08   1.000    0.99    1.13   0.875  4.7317E+05    1.17
  11  5.5000E-07  1.4415E+08  1.4414E+08   1.000    1.27    1.44   0.881  4.7312E+05    1.17
  12  8.4000E-07  7.6390E+07  7.6388E+07   1.000    1.78    2.00   0.890  4.7308E+05    1.17
  13  1.2750E-06  4.1423E+07  4.1422E+07   1.000    2.48    2.77   0.898  4.7305E+05    1.17
  14  1.9000E-06  2.2521E+07  2.2520E+07   1.000    3.26    3.59   0.906  4.7302E+05    1.17
  15  2.8000E-06  1.1430E+07  1.1430E+07   1.000    3.95    4.33   0.913  4.7300E+05    1.17
  16  4.2500E-06  7.1795E+06  7.1791E+06   1.000    4.43    4.82   0.919  4.7299E+05    1.17
  17  6.3000E-06  4.9511E+06  4.9507E+06   1.000    4.67    5.05   0.924  4.7297E+05    1.17
  18  9.2000E-06  3.4760E+06  3.4756E+06   1.000    4.76    5.12   0.929  4.7296E+05    1.17
  19  1.3500E-05  2.0859E+06  2.0857E+06   1.000    4.84    5.18   0.934  4.7294E+05    1.17
  20  2.1000E-05  1.7265E+06  1.7263E+06   1.000    5.09    5.42   0.938  4.7293E+05    1.17
  21  3.0000E-05  9.3315E+05  9.3302E+05   1.000    5.61    5.95   0.942  4.7291E+05    1.17
  22  4.5000E-05  4.6771E+05  4.6763E+05   1.000    6.40    6.77   0.946  4.7290E+05    1.17
  23  6.9000E-05  3.5725E+05  3.5718E+05   1.000    7.47    7.88   0.948  4.7288E+05    1.17
  24  1.0000E-04  3.2167E+05  3.2160E+05   1.000    8.76    9.22   0.950  4.7287E+05    1.17
  25  1.3500E-04  4.1585E+05  4.1573E+05   1.000   10.24   10.77   0.951  4.7286E+05    1.17
  26  1.7000E-04  3.4987E+05  3.4976E+05   1.000   11.83   12.43   0.951  4.7285E+05    1.17
  27  2.2000E-04  3.3663E+05  3.3652E+05   1.000   13.49   14.19   0.951  4.7283E+05    1.17
  28  2.8000E-04  2.8481E+05  2.8471E+05   1.000   15.16   15.96   0.950  4.7281E+05    1.17
  29  3.6000E-04  2.8184E+05  2.8173E+05   1.000   16.82   17.73   0.949  4.7279E+05    1.17
  30  4.5000E-04  2.2427E+05  2.2418E+05   1.000   18.36   19.39   0.947  4.7276E+05    1.17
  31  5.7500E-04  1.6694E+05  1.6688E+05   1.000   19.80   20.97   0.945  4.7273E+05    1.17
  32  7.6000E-04  1.7019E+05  1.7013E+05   1.000   21.11   22.41   0.942  4.7270E+05    1.17
  33  9.6000E-04  1.1924E+05  1.1920E+05   1.000   22.26   23.69   0.940  4.7267E+05    1.17
  34  1.2750E-03  1.2791E+05  1.2787E+05   1.000   23.24   24.80   0.937  4.7263E+05    1.17
  35  1.6000E-03  1.1548E+05  1.1546E+05   1.000   24.02   25.70   0.934  4.7259E+05    1.17
  36  2.0000E-03  7.3519E+04  7.3509E+04   1.000   24.60   26.40   0.932  4.7254E+05    1.17
  37  2.7000E-03  9.8877E+04  9.8873E+04   1.000   25.00   26.89   0.929  4.7249E+05    1.17
  38  3.4000E-03  8.5798E+04  8.5803E+04   1.000   25.18   27.15   0.927  4.7242E+05    1.17
  39  4.5000E-03  1.2068E+05  1.2070E+05   1.000   25.20   27.23   0.925  4.7233E+05    1.18
  40  5.5000E-03  8.6769E+04  8.6788E+04   1.000   25.13   27.20   0.924  4.7221E+05    1.18
  41  7.2000E-03  8.7162E+04  8.7188E+04   1.000   25.00   27.09   0.923  4.7206E+05    1.18
  42  9.2000E-03  7.1599E+04  7.1626E+04   1.000   24.87   26.97   0.922  4.7189E+05    1.18
  43  1.2000E-02  7.5184E+04  7.5217E+04   1.000   24.82   26.93   0.922  4.7169E+05    1.18
  44  1.5000E-02  6.2297E+04  6.2328E+04   0.999   24.86   26.97   0.922  4.7146E+05    1.18
  45  1.9000E-02  4.1725E+04  4.1748E+04   0.999   25.06   27.16   0.922  4.7121E+05    1.18
  46  2.5500E-02  4.4877E+04  4.4904E+04   0.999   25.36   27.46   0.923  4.7094E+05    1.18
  47  3.2000E-02  3.8877E+04  3.8902E+04   0.999   25.79   27.89   0.925  4.7065E+05    1.18
  48  4.0000E-02  2.6360E+04  2.6378E+04   0.999   26.31   28.40   0.926  4.7034E+05    1.18
  49  5.2500E-02  2.5788E+04  2.5806E+04   0.999   26.85   28.94   0.928  4.7001E+05    1.18
  50  6.6000E-02  1.6732E+04  1.6744E+04   0.999   27.34   29.42   0.929  4.6966E+05    1.18
  51  8.8000E-02  1.7776E+04  1.7789E+04   0.999   27.69   29.76   0.930  4.6929E+05    1.17
  52  1.1000E-01  1.6756E+04  1.6768E+04   0.999   27.85   29.89   0.931  4.6890E+05    1.17
  53  1.3500E-01  1.8172E+04  1.8184E+04   0.999   27.72   29.73   0.932  4.6848E+05    1.17
  54  1.6000E-01  1.6691E+04  1.6701E+04   0.999   27.23   29.20   0.933  4.6803E+05    1.16
  55  1.9000E-01  1.8768E+04  1.8779E+04   0.999   26.41   28.32   0.933  4.6753E+05    1.15
  56  2.2000E-01  1.8495E+04  1.8504E+04   0.999   25.20   27.03   0.932  4.6696E+05    1.15
  57  2.5500E-01  2.1787E+04  2.1796E+04   1.000   23.62   25.35   0.932  4.6632E+05    1.13
  58  2.9000E-01  3.0676E+04  3.0685E+04   1.000   21.73   23.35   0.931  4.6555E+05    1.12
  59  3.2000E-01  2.8398E+04  2.8404E+04   1.000   19.56   21.05   0.930  4.6463E+05    1.11
  60  3.6000E-01  3.5758E+04  3.5761E+04   1.000   17.30   18.64   0.928  4.6350E+05    1.09
  61  4.0000E-01  3.6573E+04  3.6574E+04   1.000   14.99   16.17   0.927  4.6207E+05    1.06
  62  4.5000E-01  4.7211E+04  4.7208E+04   1.000   12.75   13.77   0.926  4.6024E+05    1.04
  63  5.0000E-01  6.1144E+04  6.1137E+04   1.000   10.67   11.54   0.925  4.5788E+05    1.01
  64  5.5000E-01  7.8898E+04  7.8886E+04   1.000    8.83    9.55   0.924  4.5482E+05    0.97
  65  6.0000E-01  8.3955E+04  8.3940E+04   1.000    7.24    7.84   0.923  4.5088E+05    0.94
  66  6.6000E-01  1.0539E+05  1.0537E+05   1.000    5.90    6.39   0.923  4.4584E+05    0.90
  67  7.2000E-01  1.2934E+05  1.2932E+05   1.000    4.81    5.21   0.923  4.3951E+05    0.86
  68  7.8000E-01  1.5437E+05  1.5435E+05   1.000    3.93    4.26   0.923  4.3175E+05    0.83
  69  8.4000E-01  1.3395E+05  1.3394E+05   1.000    3.23    3.50   0.923  4.2249E+05    0.80
  70  9.2000E-01  1.4982E+05  1.4981E+05   1.000    2.67    2.89   0.923  4.1178E+05    0.77
  71  1.0000E+00  6.4784E+04  6.4781E+04   1.000    2.22    2.40   0.923  3.9979E+05    0.75
  72  1.2000E+00  6.7780E+04  6.7780E+04   1.000    1.88    2.04   0.922  3.8683E+05    0.74
  73  1.4000E+00  6.8815E+04  6.8817E+04   1.000    1.61    1.75   0.921  3.7328E+05    0.73
  74  1.6000E+00  6.8107E+04  6.8111E+04   1.000    1.43    1.55   0.920  3.5951E+05    0.73
  75  1.8000E+00  6.6016E+04  6.6022E+04   1.000    1.30    1.41   0.919  3.4589E+05    0.72
  76  2.0000E+00  4.1981E+04  4.1986E+04   1.000    1.22    1.33   0.919  3.3269E+05    0.73
  77  2.3000E+00  3.9572E+04  3.9578E+04   1.000    1.17    1.27   0.918  3.2010E+05    0.73
  78  2.6000E+00  3.6984E+04  3.6991E+04   1.000    1.14    1.24   0.918  3.0822E+05    0.73
  79  2.9000E+00  2.5780E+04  2.5785E+04   1.000    1.14    1.24   0.917  2.9713E+05    0.74
  80  3.3000E+00  2.3911E+04  2.3916E+04   1.000    1.14    1.24   0.916  2.8682E+05    0.74
  81  3.7000E+00  2.2305E+04  2.2311E+04   1.000    1.17    1.28   0.915  2.7725E+05    0.74
  82  4.1000E+00  2.1195E+04  2.1200E+04   1.000    1.20    1.32   0.913  2.6833E+05    0.75
  83  4.5000E+00  1.6710E+04  1.6713E+04   1.000    1.22    1.34   0.910  2.5985E+05    0.75
  84  5.0000E+00  1.7383E+04  1.7386E+04   1.000    1.24    1.36   0.905  2.5150E+05    0.75
  85  5.5000E+00  1.9224E+04  1.9226E+04   1.000    1.18    1.32   0.898  2.4281E+05    0.74
  86  6.0000E+00  1.5970E+04  1.5970E+04   1.000    1.11    1.24   0.889  2.3319E+05    0.74
  87  6.7000E+00  1.9064E+04  1.9062E+04   1.000    1.01    1.14   0.878  2.2201E+05    0.74
  88  7.4000E+00  1.9872E+04  1.9869E+04   1.000    0.92    1.06   0.867  2.0867E+05    0.73
  89  8.2000E+00  2.3116E+04  2.3111E+04   1.000    0.84    0.99   0.857  1.9277E+05    0.74
  90  9.0000E+00  2.0712E+04  2.0707E+04   1.000    0.80    0.94   0.848  1.7428E+05    0.74
  91  1.0000E+01  2.2187E+04  2.2181E+04   1.000    0.76    0.91   0.840  1.5357E+05    0.75
  92  1.1000E+01  2.2690E+04  2.2684E+04   1.000    0.75    0.90   0.835  1.3138E+05    0.76
  93  1.2000E+01  2.2135E+04  2.2129E+04   1.000    0.74    0.89   0.832  1.0869E+05    0.79
  94  1.3000E+01  2.0559E+04  2.0554E+04   1.000    0.74    0.89   0.832  8.6556E+04    0.82
  95  1.4000E+01  1.8096E+04  1.8093E+04   1.000    0.74    0.89   0.834  6.5997E+04    0.88
  96  1.5000E+01  1.5024E+04  1.5022E+04   1.000    0.77    0.92   0.838  4.7901E+04    0.97
  97  1.6000E+01  1.1686E+04  1.1685E+04   1.000    0.79    0.93   0.846  3.2877E+04    1.14
  98  1.7000E+01  8.4533E+03  8.4537E+03   1.000    0.83    0.97   0.856  2.1191E+04    1.45
  99  1.8000E+01  5.6194E+03  5.6203E+03   1.000    0.87    1.00   0.867  1.2738E+04    2.08
 100  1.9000E+01  3.3521E+03  3.3530E+03   1.000    0.93    1.06   0.880  7.1188E+03    3.39
 101  2.0000E+01  1.7153E+03  1.7161E+03   1.000    1.11    1.24   0.898  3.7667E+03    6.08
 102  2.1000E+01  7.4597E+02  7.4663E+02   0.999    1.77    1.92   0.922  2.0513E+03   10.87
 103  2.2000E+01  4.7770E+02  4.7859E+02   0.998    3.25    3.45   0.943  1.3054E+03   16.80
 104  2.3000E+01  2.9535E+02  2.9639E+02   0.997    5.71    5.96   0.957  8.2765E+02   26.07
 105  2.4000E+01  1.6865E+02  1.6962E+02   0.994    9.13    9.43   0.968  5.3230E+02   39.98
 106  2.5000E+01  7.8295E+01  7.8955E+01   0.992   13.57   13.91   0.976  3.6365E+02   58.09
 107  2.6000E+01  1.2578E+01  1.2720E+01   0.989   18.99   19.34   0.982  2.8536E+02   73.84
 108  2.7000E+01  2.5600E+00  2.5962E+00   0.986   25.29   25.63   0.987  2.7278E+02   77.23
 109  2.8000E+01  9.6564E-01  9.8167E-01   0.984   32.32   32.63   0.990  2.7022E+02   77.95
 110  2.9000E+01  4.7670E-01  4.8545E-01   0.982   39.73   39.99   0.993  2.6925E+02   78.23
 111  3.0000E+01  3.0103E-01  3.0683E-01   0.981   47.12   47.34   0.995  2.6878E+02   78.36
 112  3.1000E+01  2.8590E-01  2.9142E-01   0.981   54.16   54.33   0.997  2.6847E+02   78.45
 113  3.2000E+01  3.2927E-01  3.3541E-01   0.982   60.59   60.72   0.998  2.6819E+02   78.53
 114  3.3000E+01  4.0701E-01  4.1412E-01   0.983   66.24   66.33   0.999  2.6786E+02   78.62
 115  3.4000E+01  5.2806E-01  5.3657E-01   0.984   71.08   71.15   0.999  2.6745E+02   78.73
 116  3.5000E+01  7.0425E-01  7.1464E-01   0.985   75.15   75.20   0.999  2.6692E+02   78.87
 117  3.6000E+01  9.4857E-01  9.6145E-01   0.987   78.52   78.56   1.000  2.6622E+02   79.05
 118  3.7000E+01  1.2727E+00  1.2889E+00   0.987   81.35   81.38   1.000  2.6527E+02   79.29
 119  3.8000E+01  1.6840E+00  1.7045E+00   0.988   83.69   83.71   1.000  2.6400E+02   79.60
 120  3.9000E+01  2.1834E+00  2.2097E+00   0.988   85.65   85.67   1.000  2.6231E+02   79.99
 121  4.0000E+01  2.7649E+00  2.7988E+00   0.988   87.27   87.29   1.000  2.6013E+02   80.48
 122  4.1000E+01  3.4158E+00  3.4594E+00   0.987   88.61   88.63   1.000  2.5737E+02   81.07
 123  4.2000E+01  4.1179E+00  4.1737E+00   0.987   89.76   89.78   1.000  2.5395E+02   81.78
 124  4.3000E+01  4.8562E+00  4.9268E+00   0.986   90.70   90.73   1.000  2.4983E+02   82.59
 125  4.4000E+01  5.6133E+00  5.7015E+00   0.985   91.51   91.54   1.000  2.4498E+02   83.50
 126  4.5000E+01  6.3807E+00  6.4891E+00   0.983   92.20   92.23   1.000  2.3936E+02   84.50
 127  4.6000E+01  7.1585E+00  7.2897E+00   0.982   92.76   92.80   1.000  2.3298E+02   85.56
 128  4.7000E+01  7.9539E+00  8.1107E+00   0.981   93.28   93.32   1.000  2.2582E+02   86.69
 129  4.8000E+01  8.7834E+00  8.9681E+00   0.979   93.71   93.76   0.999  2.1787E+02   87.85
 130  4.9000E+01  9.6742E+00  9.8898E+00   0.978   94.10   94.15   0.999  2.0909E+02   89.03
 131  5.0000E+01  1.0660E+01  1.0910E+01   0.977   94.48   94.54   0.999  1.9941E+02   90.20
 132  5.1000E+01  1.1792E+01  1.2079E+01   0.976   94.83   94.89   0.999  1.8875E+02   91.36
 133  5.2000E+01  1.3120E+01  1.3449E+01   0.976   95.21   95.28   0.999  1.7696E+02   92.48
 134  5.3000E+01  1.4718E+01  1.5094E+01   0.975   95.56   95.63   0.999  1.6384E+02   93.55
 135  5.4000E+01  1.6665E+01  1.7093E+01   0.975   95.95   96.02   0.999  1.4912E+02   94.55
 136  5.5000E+01  1.9062E+01  1.9548E+01   0.975   96.34   96.41   0.999  1.3246E+02   95.47
 137  5.6000E+01  2.2020E+01  2.2571E+01   0.976   96.77   96.83   0.999  1.1339E+02   96.29
 138  5.7000E+01  2.5665E+01  2.6286E+01   0.976   97.17   97.23   0.999  9.1374E+01   96.98
 139  5.8000E+01  3.0139E+01  3.0834E+01   0.977   97.59   97.64   0.999  6.5709E+01   97.55
 140  5.9000E+01  3.5569E+01  3.6339E+01   0.979   97.97   98.02   1.000  3.5569E+01   97.97
      6.0000E+01

  INTEGRALS OF SPECTRA
    OLD SPECTRUM   4.7359E+05   ±    1.400 %
    NEW SPECTRUM   4.7360E+05   ±    1.170 %

  SUMMARY OF BROAD-GROUP FLUXES, FLUENCES, AND UNCERTAINTIES

    IRRAD TIME [S] = 7.86600000E+03   ACT NORM =  1.00000000E+00

       ENERGY       FLUX       FLUENCE      STDEV %
      thermal    4.7672E+02  3.7499E+06  ±   1.09     (0.100 meV – 0.550  eV)
     epithermal  4.2227E+03  3.3216E+07  ±  19.43     (0.550  eV – 110.0 keV)
        fast     4.6890E+05  3.6884E+09  ±   1.17     (110.0 keV –  20.0 MeV)
        fast     3.9979E+05  3.1448E+09  ±   0.75     (  1.0 MeV –  20.0 MeV)
        high     3.7667E+03  2.9629E+07  ±   6.08     ( 20.0 MeV –  60.0 MeV)

    MINI-SPECTRUM

       ENERGY       FLUX       FLUENCE      STDEV %
     1.0000E-10  6.4356E+02  5.0623E+06  ±   1.23
     9.2000E-06  2.8704E+02  2.2578E+06  ±  11.82
     9.6000E-04  7.8289E+02  6.1582E+06  ±  23.38
     9.2000E-03  2.5949E+03  2.0411E+07  ±  24.13
     8.8000E-02  5.7941E+03  4.5576E+07  ±  22.57
     3.6000E-01  5.1721E+04  4.0684E+08  ±   5.92
     9.2000E-01  9.1680E+04  7.2116E+08  ±   1.68
     2.3000E+00  1.6653E+05  1.3099E+09  ±   0.92
     1.0000E+01  1.5304E+05  1.2038E+09  ±   0.73
     2.4000E+01  5.3230E+02  4.1871E+06  ±  39.98
     6.0000E+01

       TOTAL     4.7360E+05  3.7253E+09  ±   1.17

    RELATIVE COVARIANCES (10×10)
     1000   -40  -248  -263  -244  -214   -70   100   162     1
     1000   406   -44  -120  -102   -55    -4     8     1
     1000   519   -56  -146   -96   -23    -4     1
     1000   440   -85  -112   -30    -7     1
     1000   442   -15   -32    -9     1
     1000   570    48     1     1
     1000   417    90     1
     1000   528    -2
     1000    28
     1000

  SPECTRAL-AVERAGED REACTION RATES (for all cross section library reactions)

        REACTIONS        SIG-PHI      <SIG>          REACTIONS        SIG-PHI      <SIG>          REACTIONS        SIG-PHI      <SIG>  
   ------------------  ----------  ----------   ------------------  ----------  ----------   ------------------  ----------  ----------
   LI6(N,A)T           5.0275E-19  1.0615E-24   FE58(N,G)FE59       1.3054E-21  2.7564E-27   IN115(N,N')IN115M   8.7727E-20  1.8524E-25
   B10(N,A)LI7         1.8605E-18  3.9285E-24   CO59(N,2N)CO58      7.6751E-20  1.6206E-25   IN115(N,2N)IN114M   1.6459E-19  3.4753E-25
   F19(N,2N)F18        4.9188E-21  1.0386E-26   CO59(N,3N)CO57      1.7753E-22  3.7484E-28   IN115(N,G)IN116M    2.6180E-19  5.5279E-25
   NA23(N,2N)NA22      4.4745E-21  9.4479E-27   CO59(N,G)CO60       2.0891E-20  4.4110E-26   I127(N,2N)I126      1.8920E-19  3.9949E-25
   NA23(N,G)NA24       3.6130E-22  7.6289E-28   CO59(N,P)FE59       9.7600E-21  2.0608E-26   LA139(N,G)LA140     6.2220E-21  1.3138E-26
   MG24(N,P)NA24       3.1624E-20  6.6773E-26   CO59(N,A)MN56       4.4443E-21  9.3841E-27   PR141(N,2N)PR140    2.0666E-19  4.3635E-25
   AL27(N,P)MG27       1.8932E-20  3.9976E-26   NI58(N,2N)NI57      3.6744E-21  7.7584E-27   TM169(N,2N)TM168    2.8919E-19  6.1061E-25
   AL27(N,A)NA24       1.9215E-20  4.0573E-26   NI58(N,P)CO58       1.4105E-19  2.9783E-25   TM169(N,3N)TM167    1.6516E-20  3.4873E-26
   SI28(N,P)AL28       5.2987E-20  1.1188E-25   NI60(N,P)CO60       2.5144E-20  5.3091E-26   TA181(N,G)TA182     5.5863E-20  1.1795E-25
   P31(N,P)SI31        3.6144E-20  7.6318E-26   CU63(N,2N)CU62      5.3272E-20  1.1248E-25   W186(N,G)W187       4.4532E-20  9.4028E-26
   S32(N,P)P32         8.7153E-20  1.8402E-25   CU63(N,G)CU64       5.5730E-21  1.1767E-26   AU197(N,2N)AU196    2.9139E-19  6.1527E-25
   TI46(N,2N)TI45      7.9324E-21  1.6749E-26   CU63(N,A)CO60       7.3742E-21  1.5571E-26   AU197(N,G)AU198     1.1942E-19  2.5215E-25
   TI46(N,P)SC46       5.8910E-20  1.2439E-25   CU65(N,2N)CU64      1.0291E-19  2.1728E-25   HG199(N,N')HG199M   1.6578E-19  3.5005E-25
   TI47(N,P)SC47       3.1604E-20  6.6732E-26   ZN64(N,P)CU64       5.7637E-20  1.2170E-25   PB204(N,N')PB204M   3.9789E-20  8.4015E-26
   TI47(N,X)SC46       8.6744E-21  1.8316E-26   ZN67(N,P)CU67       5.8447E-21  1.2341E-26   BI209(N,3N)BI207    2.0169E-20  4.2586E-26
   TI48(N,P)SC48       9.0268E-21  1.9060E-26   AS75(N,2N)AS74      1.0817E-19  2.2839E-25   TH232(N,FISSION)    1.0182E-19  2.1500E-25
   TI48(N,X)SC47       2.9733E-21  6.2782E-27   Y89(N,2N)Y88        9.3477E-20  1.9738E-25   TH232(N,G)TH233     2.9603E-20  6.2506E-26
   TI49(N,X)SC48       1.8154E-21  3.8333E-27   ZR90(N,2N)ZR89      7.4094E-20  1.5645E-25   U235(N,FISSION)     9.7860E-19  2.0663E-24
   V51(N,A)SC48        2.1197E-21  4.4757E-27   NB93(N,G)NB94       7.4285E-21  1.5685E-26   U235(N,G)U236       7.2786E-20  1.5369E-25
   CR52(N,2N)CR51      3.7022E-20  7.8172E-26   NB93(N,N')NB93M     6.3233E-20  1.3352E-25   U238(N,2N)U237      2.3287E-19  4.9169E-25
   MN55(N,2N)MN54      7.7951E-20  1.6459E-25   NB93(N,2N)NB92M     6.0153E-20  1.2701E-25   U238(N,FISSION)     3.2365E-19  6.8339E-25
   MN55(N,G)MN56       7.5669E-21  1.5977E-26   MO92(N,P)NB92M      2.1621E-20  4.5652E-26   U238(N,G)U239       2.8689E-20  6.0577E-26
   FE54(N,2N)FE53      2.6508E-21  5.5971E-27   RH103(N,N')RH103M   3.5050E-19  7.4009E-25   NP237(N,FISSION)    8.3401E-19  1.7610E-24
   FE54(N,P)MN54       1.1710E-19  2.4725E-25   AG109(N,G)AG110M    6.5954E-21  1.3926E-26   PU239(N,FISSION)    1.5012E-18  3.1697E-24
   FE54(N,A)CR51       1.4169E-20  2.9917E-26   IN113(N,N')IN113M   7.2736E-20  1.5358E-25   AM241(N,FISSION)    9.0845E-19  1.9182E-24
   FE56(N,P)MN56       1.8137E-20  3.8295E-26   IN113(N,G)IN114M    5.7535E-20  1.2149E-25   SC45(N,G)SC46       1.3690E-20  2.8907E-26

  INPUT FLUX REL. CORRELATION MATRIX (by row from diagonal)
   1   1000   988   951   885   803   726   652   579   509   445   381   314   251   197   152   116    87    66    49    37
         27    20    15    11     8     6     5     4     3     3     3     2     2     2     2     2     2     2     2     2
          2     2     2     2     2     2     2     2     2     2     2     2     2     2     2     2     2     2     3     3
          3     4     5     6     7     9    10    13    16    19    23    27    31    35    39    41    43    44    44    44
         43    41    41    40    41    44    48    52    55    58    60    60    61    61    61    59    58    56    54    52
         44    28    16     9     6     4     3     2     2     1     1     1     1     1     1     1     1     1     1     1
          1     1     1     1     1     1     1     1     1     1     1     1     1     1     1     1     1     1     1     1

  OUTPUT FLUX REL. CORRELATION MATRIX (by row from diagonal)
   1   1000   987   943   866   768   673   581   490   401   320   241   163    93    34   -11   -46   -72   -90  -101  -108
       -112  -113  -114  -115  -115  -117  -119  -122  -125  -130  -135  -140  -145  -151  -156  -161  -166  -170  -173  -176
       -178  -179  -179  -178  -177  -175  -173  -171  -169  -166  -164  -163  -161  -160  -160  -159  -159  -159  -159  -159
       -158  -157  -155  -152  -148  -143  -136  -129  -120  -110   -99   -87   -75   -63   -51   -40   -31   -22   -15    -8
         -2     2     7    11    15    20    24    28    32    34    36    37    38    38    38    36    35    33    32    29
         25    17    11     7     5     4     3     2     2     2     1     1     1     1     1     1     0     0     0     0
          0     0     0     0     0     0     0     0     0     0     0     0     0     0     0     0     0     0     0     0
   2   1000   984   932   854   772   688   601   513   427   338   247   163    92    34   -11   -45   -69   -87   -98  -106
       -111  -114  -116  -118  -121  -124  -127  -132  -137  -142  -148  -154  -161  -167  -172  -177  -182  -186  -189  -191
       -192  -192  -192  -191  -189  -187  -184  -182  -180  -177  -176  -174  -173  -173  -172  -172  -172  -172  -172  -171
       -170  -168  -164  -159  -153  -145  -136  -125  -113   -99   -84   -69   -54   -40   -27   -16    -6     1     9    14
         18    23    26    32    38    44    51    57    61    65    66    67    67    67    65    63    60    57    53    44
         28    15     8     5     3     2     2     1     1     1     1     1     1     1     1     1     1     1     1     1
          1     1     1     1     1     0     0     0     0     0     0     0     0     0     0     0     0     0     0
   3   1000   981   931   869   799   720   636   548   450   346   248   163    93    37    -5   -38   -62   -79   -92  -101
       -108  -113  -117  -121  -125  -130  -135  -141  -147  -154  -161  -168  -174  -181  -186  -191  -196  -199  -201  -203
       -203  -203  -202  -200  -198  -196  -193  -191  -189  -187  -185  -184  -184  -183  -183  -184  -184  -183  -182  -181
       -178  -174  -168  -160  -151  -139  -126  -110   -93   -74   -54   -35   -17    -2    11    21    30    37    41    45
         49    51    58    66    76    87    96   103   109   111   112   112   112   108   106   101    96    90    74    44
         21    10     5     2     1     0     0     0     0     0     0     0     1     1     1     1     1     1     1     1
          1     1     1     1     1     1     1     1     1     0     0     0     0     0     0     0     1     1
   4   1000   984   947   896   831   756   669   565   449   339   243   162    97    44     4   -26   -50   -69   -84   -95
       -104  -111  -117  -123  -129  -135  -142  -149  -156  -163  -171  -178  -185  -191  -196  -201  -205  -207  -209  -210
       -210  -209  -207  -205  -202  -200  -198  -195  -194  -192  -191  -191  -190  -190  -191  -191  -190  -189  -187  -184
       -179  -172  -163  -151  -137  -120  -101   -79   -56   -31    -7    14    32    48    60    68    75    78    79    82
         84    91   102   116   132   146   156   164   167   170   170   170   164   160   153   146   137   113    65    28
         11     3     0     0    -1    -1     0     0     0     0     0     0     1     1     1     1     1     1     1     1
          1     1     1     1     1     1     1     1     0     0     0     0     0     0     0     1     1
   5   1000   989   958   911   849   769   664   543   427   324   236   162   102    53    15   -15   -41   -61   -78   -90
       -101  -109  -117  -124  -131  -139  -147  -154  -162  -170  -177  -185  -191  -197  -202  -206  -208  -210  -211  -211
       -210  -209  -207  -204  -202  -200  -198  -196  -194  -193  -193  -193  -193  -193  -193  -193  -191  -189  -185  -180
       -172  -161  -148  -132  -113   -91   -66   -39   -10    17    42    62    80    92   100   107   108   108   110   110
        119   131   149   169   186   199   210   213   217   217   217   210   205   196   187   176   144    81    34    12
          3    -1    -2    -2    -2    -1    -1     0     0     0     0     1     1     1     1     1     1     1     1     1
          1     1     1     1     1     1     1     0     0     0     0     0     0     0     1     1
   6   1000   990   961   915   847   750   632   515   409   315   235   166   109    62    23    -9   -36   -58   -76   -90
       -101  -111  -120  -128  -136  -145  -153  -161  -169  -177  -184  -191  -197  -202  -206  -209  -211  -212  -212  -211
       -209  -208  -205  -203  -201  -198  -197  -195  -194  -194  -194  -194  -194  -194  -194  -192  -190  -186  -180  -172
       -161  -147  -130  -110   -87   -60   -31     0    28    55    76    94   107   115   122   122   122   123   122   131
        145   165   186   205   219   231   235   238   239   239   231   225   215   206   193   158    89    37    13     2
         -1    -3    -3    -3    -2    -1     0     0     0     0     1     1     1     1     1     1     1     1     1     1
          1     1     1     1     1     1     0     0     0     0     0     0     0     1     1
   7   1000   990   961   909   825   717   604   498   402   315   239   173   117    69    27    -7   -35   -58   -76   -91
       -104  -115  -125  -134  -143  -152  -160  -169  -177  -184  -191  -197  -202  -206  -209  -211  -212  -212  -211  -210
       -208  -206  -203  -201  -199  -197  -196  -195  -194  -194  -195  -195  -195  -194  -193  -190  -186  -180  -172  -161
       -147  -130  -109   -86   -58   -29     1    31    59    81    99   112   120   127   127   126   127   126   135   149
        170   191   211   225   238   242   245   246   246   238   232   222   212   199   163    92    38    13     2    -2
         -3    -3    -3    -2    -1     0     0     0     0     1     1     1     1     1     1     1     1     1     1     1
          1     1     1     1     1     0     0     0     0     0     0     0     1     1
   8   1000   990   957   890   796   692   590   494   403   321   247   182   124    73    29    -6   -35   -59   -79   -95
       -108  -120  -131  -141  -150  -159  -168  -176  -184  -190  -196  -202  -206  -209  -211  -212  -212  -211  -210  -208
       -205  -203  -201  -199  -197  -196  -195  -194  -194  -194  -195  -195  -194  -193  -190  -186  -180  -172  -161  -147
       -130  -109   -85   -58   -29     2    31    59    81    99   112   120   127   127   126   127   126   135   149   170
        191   211   225   238   242   245   246   246   237   232   221   212   199   163    92    38    13     2    -2    -3
         -3    -3    -2    -1     0     0     0     0     1     1     1     1     1     1     1     1     1     1     1     1
          1     1     1     1     0     0     0     0     0     0     0     1     1
   9   1000   988   942   866   776   683   589   498   412   331   257   189   128    75    30    -6   -37   -62   -82   -99
       -114  -127  -138  -149  -158  -167  -176  -183  -190  -196  -201  -205  -208  -210  -211  -211  -210  -209  -207  -205
       -202  -200  -198  -196  -195  -194  -193  -193  -193  -194  -194  -193  -192  -189  -185  -179  -171  -160  -147  -130
       -110   -86   -59   -31     0    28    55    76    94   107   115   122   122   122   123   122   131   145   165   186
        205   219   231   234   238   239   239   231   225   215   206   193   158    89    37    13     2    -1    -3    -3
         -3    -2    -1     0     0     0     0     1     1     1     1     1     1     1     1     1     1     1     1     1
          1     1     1     0     0     0     0     0     0     0     1     1
  10   1000   983   932   862   781   695   606   516   429   346   268   196   132    77    30    -8   -40   -67   -88  -107
       -122  -136  -147  -158  -168  -176  -184  -191  -197  -202  -206  -209  -211  -212  -212  -211  -209  -207  -205  -202
       -200  -198  -196  -195  -194  -193  -193  -193  -193  -193  -193  -191  -189  -185  -180  -172  -162  -149  -133  -115
        -93   -68   -42   -14    12    37    57    74    87    95   102   103   104   106   106   114   126   144   163   180
        192   203   206   209   210   210   202   198   189   180   169   139    79    34    12     3     0    -2    -2    -2
         -1    -1     0     0     0     0     1     1     1     1     1     1     1     1     1     1     1     1     1     1
          1     1     0     0     0     0     0     0     0     1     1
  11   1000   983   939   877   803   719   630   539   448   361   278   203   136    78    29   -10   -44   -72   -95  -115
       -131  -145  -157  -167  -176  -184  -191  -197  -202  -206  -209  -210  -211  -211  -210  -208  -206  -203  -201  -198
       -196  -194  -193  -192  -191  -191  -191  -191  -191  -191  -190  -188  -184  -179  -172  -163  -152  -139  -122  -104
        -83   -60   -36   -13     7    25    40    52    60    68    71    73    76    77    85    95   109   123   136   145
        153   156   159   159   159   153   150   143   136   128   105    61    27    11     4     1     0     0     0     0
          0     0     0     0     1     1     1     1     1     1     1     1     1     1     1     1     1     1     1     1
          1     0     0     0     0     0     0     0     1     1
  12   1000   986   948   891   820   737   647   554   460   370   285   207   139    80    29   -12   -48   -77  -101  -121
       -137  -151  -162  -172  -181  -188  -194  -198  -202  -204  -206  -206  -206  -205  -203  -200  -198  -195  -193  -191
       -189  -187  -186  -185  -185  -185  -185  -185  -185  -184  -182  -179  -175  -169  -161  -152  -140  -127  -111   -94
        -76   -56   -37   -20    -5     8    19    27    34    39    42    46    49    55    63    73    83    92    99   104
        106   108   108   108   104   102    97    92    87    72    43    21    10     5     2     1     1     0     0     0
          0     0     1     1     1     1     1     1     1     1     1     1     1     1     1     1     1     1     1     1
          0     0     0     0     0     0     0     1     1
  13   1000   987   952   898   828   745   655   561   466   374   288   210   140    80    28   -14   -50   -80  -105  -124
       -141  -154  -165  -174  -181  -187  -192  -195  -197  -198  -199  -198  -197  -195  -193  -190  -187  -185  -183  -181
       -179  -178  -177  -177  -177  -177  -176  -176  -175  -173  -171  -167  -162  -155  -147  -137  -126  -113   -98   -83
        -67   -51   -36   -23   -12    -2     5    13    18    22    26    30    35    42    49    56    62    67    71    72
         73    73    73    71    69    65    62    58    48    30    16     9     5     3     2     2     1     1     1     1
          1     1     1     1     1     1     1     1     1     1     1     1     1     1     1     1     1     0     0     0
          0     0     0     0     0     0     0     0
  14   1000   988   954   901   831   749   659   564   469   377   290   211   141    80    27   -16   -53   -83  -107  -127
       -143  -155  -165  -173  -179  -184  -187  -189  -190  -190  -190  -188  -186  -184  -181  -179  -176  -174  -172  -170
       -169  -168  -168  -168  -167  -167  -167  -166  -164  -161  -158  -153  -147  -140  -131  -121  -110   -97   -84   -70
        -57   -44   -32   -22   -13    -5     1     6    11    15    19    24    29    35    40    45    48    51    52    53
         53    52    51    49    47    44    41    35    23    13     8     5     4     3     2     2     1     1     1     1
          1     1     1     1     1     0     0     0     0     0     0     0     0     0     0     0     0     0     0     0
          0     0     0     0     0     0     0
  15   1000   989   955   902   833   751   661   566   471   378   291   212   141    79    26   -18   -55   -85  -109  -128
       -143  -155  -164  -171  -175  -179  -181  -182  -182  -181  -179  -177  -175  -172  -170  -167  -165  -163  -161  -160
       -159  -159  -158  -158  -158  -157  -156  -154  -152  -148  -144  -138  -131  -123  -114  -104   -93   -81   -69   -57
        -45   -35   -25   -17   -10    -3     1     6    10    14    18    22    27    31    35    38    40    41    41    41
         41    40    39    37    35    32    27    18    11     7     5     4     3     2     2     1     1     1     1     1
          1     1     0     0     0     0     0     0     0     0     0     0     0     0     0     0     0     0     0     0
          0     0     0     0     0     0
  16   1000   989   956   903   834   753   662   567   472   379   292   211   140    77    24   -19   -56   -86  -109  -128
       -142  -153  -160  -166  -170  -172  -173  -173  -172  -170  -168  -166  -163  -161  -158  -156  -154  -153  -151  -150
       -150  -149  -149  -148  -147  -146  -144  -142  -138  -134  -129  -122  -115  -106   -96   -86   -75   -64   -53   -43
        -33   -24   -17   -10    -4     0     4     8    12    15    19    24    27    31    33    35    36    36    36    36
         35    34    32    30    28    24    16    10     7     5     4     3     2     2     1     1     1     1     1     1
          1     0     0     0     0     0     0     0     0     0     0     0     0     0     0     0     0     0     0     0
          0     0     0     0     0
  17   1000   989   956   904   835   754   663   568   472   379   291   211   139    76    23   -20   -57   -86  -108  -126
       -139  -149  -155  -160  -163  -164  -164  -163  -161  -159  -157  -155  -152  -150  -147  -145  -144  -142  -141  -141
       -140  -139  -139  -138  -136  -135  -132  -129  -124  -119  -113  -106   -97   -89   -79   -69   -58   -48   -38   -29
        -21   -14    -8    -3     1     5     8    11    15    19    23    26    29    31    33    34    35    35    34    33
         32    30    29    27    23    15    10     6     5     3     3     2     2     1     1     1     1     1     1     0
          0     0     0     0     0     0     0     0     0     0     0     0     0     0     0     0     0     0     0     0
          0     0     0     0
  18   1000   989   956   904   836   754   664   569   473   379   291   210   138    76    23   -20   -56   -84  -106  -123
       -135  -143  -149  -153  -154  -155  -154  -153  -151  -148  -146  -143  -141  -139  -137  -135  -134  -133  -132  -131
       -131  -130  -129  -127  -125  -123  -119  -115  -110  -104   -97   -89   -80   -71   -62   -52   -42   -33   -25   -17
        -11    -5     0     3     6    10    12    16    19    23    26    29    31    33    34    34    34    34    33    32
         30    29    27    23    15     9     6     4     3     2     2     1     1     1     1     1     1     0     0     0
          0     0     0     0     0     0     0     0     0     0     0     0     0     0     0     0     0     0     0     0
          0     0     0
  19   1000   989   957   905   836   754   664   569   472   379   291   210   138    76    23   -19   -54   -81  -102  -118
       -129  -137  -142  -144  -145  -145  -144  -142  -140  -137  -135  -133  -131  -129  -127  -126  -125  -124  -123  -122
       -121  -120  -118  -116  -114  -110  -106  -101   -95   -88   -81   -73   -64   -55   -46   -36   -28   -20   -13    -7
         -2     1     5     8    11    13    16    19    23    26    29    32    33    34    35    35    34    33    32    31
         29    27    23    15     9     6     4     3     2     2     1     1     1     1     1     1     0     0     0     0
          0     0     0     0     0     0     0     0     0     0     0     0     0     0     0     0     0     0     0     0
          0     0
  20   1000   989   957   905   836   754   664   569   472   379   291   210   139    77    25   -17   -51   -78   -98  -112
       -123  -129  -133  -135  -136  -135  -133  -131  -129  -127  -125  -123  -121  -119  -118  -117  -116  -115  -114  -113
       -112  -110  -108  -105  -102   -98   -93   -87   -81   -74   -66   -58   -50   -41   -32   -24   -17   -11    -5    -1
          2     5     8    11    13    16    19    22    25    28    30    32    33    33    33    33    32    31    29    28
         26    22    14     8     5     4     3     2     1     1     1     1     1     1     0     0     0     0     0     0
          0     0     0     0     0     0     0     0     0     0     0     0     0     0     0     0     0     0     0     0
          0
  21   1000   989   957   905   836   754   664   569   472   379   291   211   140    78    27   -14   -47   -73   -92  -106
       -116  -122  -125  -126  -126  -125  -124  -122  -120  -118  -116  -114  -112  -111  -110  -109  -108  -107  -106  -104
       -103  -101   -98   -95   -91   -86   -81   -75   -68   -61   -53   -45   -37   -30   -22   -16   -10    -5    -1     2
          5     7    10    12    14    17    20    23    25    27    29    29    30    30    29    29    28    26    25    23
         20    13     8     5     3     2     2     1     1     1     1     1     1     0     0     0     0     0     0     0
          0     0     0     0     0     0     0     0     0     0     0     0     0     0     0     0     0     0     0     0
  22   1000   989   957   905   836   755   664   569   473   379   291   212   141    80    30   -11   -43   -68   -87  -100
       -108  -114  -117  -118  -118  -117  -115  -113  -111  -109  -108  -106  -105  -104  -103  -102  -101  -100   -98   -96
        -94   -92   -88   -85   -80   -75   -70   -63   -57   -50   -43   -35   -28   -22   -16   -10    -6    -2     1     3
          6     8    10    12    14    17    19    22    23    24    25    25    25    25    24    24    22    21    20    17
         11     7     4     3     2     2     1     1     1     1     1     1     0     0     0     0     0     0     0     0
          0     0     0     0     0     0     0     0     0     0     0     0     0     0     0     0     0     0     0
  23   1000   989   957   905   836   755   664   569   473   380   292   213   143    82    32    -7   -39   -63   -81   -94
       -102  -107  -110  -110  -110  -109  -108  -106  -104  -103  -101  -100   -99   -98   -97   -96   -95   -93   -91   -89
        -87   -83   -80   -76   -71   -66   -60   -54   -47   -41   -34   -28   -22   -16   -11    -7    -4     0     1     4
          6     7    10    12    14    16    18    19    20    20    21    21    21    20    19    18    17    16    14     9
          6     4     3     2     2     1     1     1     1     1     1     0     0     0     0     0     0     0     0     0
          0     0     0     0     0     0     0     0     0     0     0     0     0     0     0     0     0     0
  24   1000   989   957   905   836   755   664   569   473   380   293   214   144    85    35    -4   -35   -59   -76   -88
        -96  -101  -104  -104  -104  -103  -102  -100   -99   -98   -96   -95   -94   -93   -92   -91   -89   -88   -86   -83
        -80   -76   -72   -68   -63   -58   -52   -46   -40   -34   -28   -22   -17   -13    -9    -5    -2     0     2     4
          5     7     9    11    13    14    15    16    16    17    17    16    16    15    15    14    13    11     8     5
          4     3     2     2     2     1     1     1     1     1     0     0     0     0     0     0     0     0     0     0
          0     0     0     0     0     0     0     0     0     0     0     0     0     0     0     0     0
  25   1000   989   957   905   836   755   664   569   473   380   293   215   145    86    37    -1   -32   -55   -72   -84
        -92   -96   -99  -100  -100   -99   -98   -97   -95   -94   -93   -92   -91   -90   -89   -87   -85   -83   -81   -78
        -74   -71   -66   -61   -56   -51   -45   -40   -34   -28   -23   -19   -14   -11    -7    -4    -2     0     2     4
          5     7     9    10    11    12    13    13    13    13    13    13    12    11    11    10     9     7     5     4
          3     2     2     2     1     1     1     1     1     0     0     0     0     0     0     0     0     0     0     0
          0     0     0     0     0     0     0     0     0     0     0     0     0     0     0     0
  26   1000   989   957   905   836   755   664   569   473   380   294   215   146    87    39     0   -30   -53   -70   -81
        -89   -93   -96   -97   -97   -96   -95   -94   -93   -92   -91   -90   -89   -88   -86   -85   -83   -80   -77   -74
        -70   -66   -61   -56   -51   -46   -40   -35   -30   -25   -20   -16   -12    -9    -6    -3    -1     0     2     4
          5     7     8     9     9    10    10    10    10    10    10     9     9     8     8     7     6     5     4     3
          3     2     2     1     1     1     1     1     0     0     0     0     0     0     0     0     0     0     0     0
          0     0     0     0     0     0     0     0     0     0     0     0     0     0     0
  27   1000   989   957   905   836   754   664   569   473   380   293   215   146    88    39     0   -29   -52   -68   -79
        -87   -92   -94   -95   -95   -95   -94   -94   -93   -92   -91   -90   -89   -87   -85   -83   -81   -78   -75   -71
        -67   -62   -57   -52   -47   -42   -36   -31   -26   -22   -18   -14   -11    -8    -5    -3     0     1     2     4
          5     6     7     7     8     8     8     8     8     7     7     7     6     6     5     5     4     4     3     3
          2     2     1     1     1     1     1     0     0     0     0     0     0     0     0     0     0     0     0     0
          0     0     0     0     0     0     0     0     0     0     0     0     0     0
  28   1000   989   957   905   836   754   663   568   472   379   293   214   146    87    39     0   -29   -51   -68   -79
        -86   -91   -94   -95   -95   -95   -95   -94   -93   -93   -92   -90   -89   -87   -85   -83   -80   -76   -73   -69
        -64   -59   -54   -49   -44   -39   -33   -29   -24   -20   -16   -13   -10    -7    -4    -2     0     1     2     4
          4     5     5     6     6     6     6     6     5     5     5     4     4     4     4     4     4     3     3     2
          2     2     1     1     1     1     0     0     0     0     0     0     0     0     0     0     0     0     0     0
          0     0     0     0     0     0     0     0     0     0     0     0     0
  29   1000   989   956   904   835   753   663   567   471   378   291   213   145    86    38     0   -29   -52   -68   -80
        -87   -92   -95   -96   -97   -97   -97   -96   -95   -94   -93   -92   -90   -88   -86   -83   -80   -76   -72   -67
        -62   -57   -52   -47   -41   -36   -31   -27   -23   -19   -15   -12    -8    -6    -3    -1     0     1     2     3
          3     4     4     4     4     4     4     4     3     3     3     2     3     4     4     4     3     3     2     2
          2     1     1     1     1     1     0     0     0     0     0     0     0     0     0     0     0     0     0     0
          0     0     0     0     0     0     0     0     0     0     0     0
  30   1000   989   956   904   835   753   662   566   470   377   290   211   143    84    36    -1   -31   -53   -70   -81
        -89   -94   -97   -99   -99   -99   -99   -99   -98   -97   -96   -94   -92   -90   -87   -84   -80   -76   -71   -66
        -61   -55   -50   -45   -40   -34   -30   -25   -21   -17   -14   -10    -7    -5    -2     0     0     1     2     2
          2     2     3     3     3     2     2     2     2     1     1     2     3     4     4     4     3     3     2     2
          1     1     1     1     1     0     0     0     0     0     0     0     0     0     0     0     0     0     0     0
          0     0     0     0     0     0     0     0     0     0     0
  31   1000   989   956   904   834   752   660   564   468   375   288   209   140    82    34    -3   -33   -55   -72   -83
        -91   -97  -100  -102  -103  -103  -103  -102  -102  -101   -99   -97   -95   -92   -88   -85   -80   -76   -70   -65
        -60   -54   -49   -43   -38   -33   -28   -24   -20   -16   -12    -9    -6    -3    -1     0     0     1     1     1
          1     1     1     1     1     1     1     1     0     0     1     3     4     4     4     3     3     2     2     2
          1     1     1     1     0     0     0     0     0     0     0     0     0     0     0     0     0     0     0     0
          0     0     0     0     0     0     0     0     0     0
  32   1000   989   956   903   834   751   659   563   466   372   285   207   138    80    32    -6   -36   -58   -75   -86
        -95  -100  -104  -106  -107  -107  -107  -107  -106  -104  -103  -100   -97   -94   -90   -86   -81   -76   -70   -64
        -59   -53   -47   -42   -36   -31   -27   -22   -18   -14   -11    -7    -4    -2    -1     0     0     0     0     0
          0     0     0     0     0     0     0     0     0     0     2     4     4     4     4     3     3     2     2     1
          1     1     1     0     0     0     0     0     0     0     0     0     0     0     0     0     0     0     0     0
          0     0     0     0     0     0     0     0     0
  33   1000   989   956   903   833   750   658   561   464   370   283   204   135    77    29    -9   -39   -61   -78   -90
        -98  -104  -108  -110  -111  -112  -112  -111  -110  -108  -106  -103  -100   -96   -92   -87   -81   -76   -70   -64
        -58   -52   -46   -40   -35   -30   -25   -20   -16   -12    -9    -6    -3    -2    -1     0     0     0     0     0
          0     0     0     0    -1    -1    -1    -1     0     2     4     5     4     4     3     3     2     2     1     1
          1     1     1     0     0     0     0     0     0     0     0     0     0     0     0     0     0     0     0     0
          0     0     0     0     0     0     0     0
  34   1000   989   956   903   832   749   656   559   461   367   280   201   132    74    26   -12   -42   -65   -82   -94
       -103  -109  -113  -115  -116  -117  -117  -116  -115  -112  -110  -106  -102   -98   -93   -87   -81   -75   -69   -63
        -56   -50   -44   -38   -33   -28   -23   -18   -14   -10    -7    -4    -3    -2    -1    -1    -1    -1    -1    -1
         -1    -1    -1    -2    -2    -2    -2    -1     2     4     5     5     4     4     3     2     2     2     1     1
          1     1     0     0     0     0     0     0     0     0     0     0     0     0     0     0     0     0     0     0
          0     0     0     0     0     0     0
  35   1000   989   955   902   831   747   654   557   459   365   277   198   129    71    23   -15   -45   -68   -86   -98
       -107  -114  -118  -120  -122  -122  -122  -121  -119  -116  -113  -109  -104   -99   -93   -87   -81   -74   -68   -61
        -54   -48   -42   -36   -30   -25   -20   -16   -12    -8    -5    -3    -3    -2    -2    -2    -2    -2    -2    -2
         -2    -2    -2    -2    -3    -3    -1     2     4     5     5     4     4     3     3     2     2     1     1     1
          1     0     0     0     0     0     0     0     0     0     0     0     0     0     0     0     0     0     0     0
          0     0     0     0     0     0
  36   1000   989   955   902   831   746   653   555   457   363   275   196   127    68    20   -18   -49   -72   -90  -103
       -112  -119  -123  -126  -127  -127  -126  -125  -122  -119  -115  -111  -105   -99   -93   -86   -79   -73   -66   -59
        -52   -45   -39   -33   -28   -22   -17   -13    -9    -6    -4    -3    -3    -3    -3    -3    -3    -3    -3    -3
         -3    -3    -3    -3    -3    -2     2     4     5     5     5     4     3     3     2     2     1     1     1     1
          0     0     0     0     0     0     0     0     0     0     0     0     0     0     0     0     0     0     0     0
          0     0     0     0     0
  37   1000   989   955   901   830   745   651   553   455   360   273   194   124    66    17   -21   -52   -76   -94  -107
       -117  -124  -128  -131  -132  -132  -130  -128  -125  -121  -117  -111  -105   -99   -92   -85   -77   -70   -63   -56
        -49   -42   -36   -30   -24   -19   -14   -10    -7    -5    -4    -4    -4    -3    -4    -3    -3    -3    -4    -4
         -4    -4    -4    -4    -2     2     5     6     5     5     4     3     3     2     2     1     1     1     1     0
          0     0     0     0     0     0     0     0     0     0     0     0     0     0     0     0     0     0     0     0
          0     0     0     0
  38   1000   989   955   901   829   744   650   552   453   359   271   192   122    63    14   -24   -56   -80   -98  -112
       -122  -128  -133  -135  -136  -135  -134  -131  -127  -122  -117  -111  -104   -97   -90   -82   -74   -67   -59   -52
        -45   -38   -32   -26   -20   -15   -11    -8    -6    -5    -4    -4    -4    -4    -4    -4    -4    -4    -4    -4
         -4    -5    -5    -3     1     5     6     6     5     4     4     3     2     2     1     1     1     1     0     0
          0     0     0     0     0     0     0     0     0     0     0     0     0     0     0     0     0     0     0     0
          0     0     0
  39   1000   988   955   900   828   743   649   551   452   357   269   190   120    61    12   -27   -59   -84  -102  -116
       -126  -133  -137  -139  -139  -138  -136  -132  -128  -122  -116  -109  -102   -94   -86   -78   -70   -63   -55   -48
        -41   -34   -28   -22   -16   -12    -8    -6    -5    -5    -5    -4    -5    -4    -4    -5    -5    -5    -5    -5
         -5    -5    -3     1     5     6     6     5     5     4     3     3     2     2     1     1     1     0     0     0
          0     0     0     0     0     0     0     0     0     0     0     0     0     0     0     0     0     0     0     0
          0     0
  40   1000   988   954   900   828   742   648   550   451   356   268   189   119    59    10   -30   -62   -87  -106  -120
       -130  -136  -140  -142  -141  -140  -136  -132  -127  -120  -114  -106   -98   -90   -82   -74   -65   -58   -50   -43
        -36   -29   -23   -17   -12    -9    -7    -5    -5    -5    -5    -5    -5    -5    -5    -5    -5    -5    -5    -5
         -5    -3     1     5     6     6     5     5     4     3     3     2     2     1     1     1     1     0     0     0
          0     0     0     0     0     0     0     0     0     0     0     0     0     0     0     0     0     0     0     0
          0
  41   1000   988   954   900   827   742   648   549   451   356   268   188   118    58     8   -32   -65   -90  -109  -123
       -133  -139  -142  -143  -142  -140  -136  -130  -124  -117  -110  -102   -93   -85   -76   -68   -60   -52   -44   -37
        -30   -24   -18   -13    -9    -7    -6    -5    -5    -5    -5    -5    -5    -5    -6    -5    -6    -6    -6    -6
         -3     1     5     6     6     6     5     4     3     3     2     2     1     1     1     1     0     0     0     0
          0     0     0     0     0     0     0     0     0     0     0     0     0     0     0     0     0     0     0     0
  42   1000   988   954   899   827   742   648   549   451   356   267   187   117    56     6   -34   -67   -92  -111  -125
       -135  -140  -143  -143  -142  -138  -133  -127  -120  -113  -104   -96   -87   -79   -70   -62   -54   -46   -38   -31
        -25   -19   -14   -10    -7    -6    -6    -5    -5    -6    -5    -5    -5    -6    -5    -6    -6    -6    -6    -3
          1     5     6     6     6     5     4     3     3     2     2     1     1     1     1     0     0     0     0     0
          0     0     0     0     0     0     0     0     0     0     0     0     0     0     0     0     0     0     0
  43   1000   988   954   899   827   742   648   549   451   356   267   187   116    55     5   -36   -69   -94  -113  -126
       -135  -140  -142  -142  -139  -135  -129  -122  -115  -107   -98   -89   -80   -72   -63   -55   -47   -39   -32   -25
        -19   -14   -10    -8    -6    -6    -6    -6    -6    -5    -5    -6    -6    -6    -6    -6    -6    -6    -4     1
          5     6     6     6     5     4     3     3     2     2     1     1     1     1     0     0     0     0     0     0
          0     0     0     0     0     0     0     0     0     0     0     0     0     0     0     0     0     0
  44   1000   988   954   899   827   742   648   550   451   356   267   187   116    55     4   -37   -70   -95  -113  -126
       -135  -139  -140  -139  -135  -130  -123  -116  -108   -99   -91   -82   -73   -64   -56   -48   -40   -33   -26   -20
        -14   -10    -8    -6    -6    -6    -6    -6    -5    -6    -6    -6    -6    -6    -6    -6    -6    -4     1     5
          6     6     6     5     4     3     3     2     2     1     1     1     1     0     0     0     0     0     0     0
          0     0     0     0     0     0     0     0     0     0     0     0     0     0     0     0     0
  45   1000   988   954   900   828   743   649   551   452   357   268   187   115    54     3   -37   -70   -95  -113  -125
       -132  -136  -136  -134  -129  -124  -117  -109  -100   -91   -83   -74   -65   -56   -48   -41   -33   -26   -20   -15
        -11    -8    -7    -6    -6    -6    -6    -6    -6    -6    -6    -6    -6    -6    -6    -6    -4     1     5     6
          6     6     5     4     3     3     2     2     1     1     1     1     0     0     0     0     0     0     0     0
          0     0     0     0     0     0     0     0     0     0     0     0     0     0     0     0
  46   1000   988   954   900   828   743   649   551   453   357   268   187   116    54     3   -37   -69   -93  -111  -122
       -129  -131  -131  -128  -123  -116  -109  -100   -92   -83   -74   -65   -57   -49   -41   -33   -26   -20   -15   -11
         -8    -7    -6    -6    -6    -6    -6    -6    -6    -6    -6    -6    -6    -6    -6    -4     1     5     6     6
          6     5     4     3     3     2     2     1     1     1     1     0     0     0     0     0     0     0     0     0
          0     0     0     0     0     0     0     0     0     0     0     0     0     0     0
  47   1000   988   954   900   829   744   650   552   453   358   268   187   116    55     4   -36   -68   -91  -108  -118
       -124  -126  -124  -120  -115  -108  -100   -91   -83   -74   -65   -57   -49   -41   -34   -27   -21   -15   -11    -8
         -7    -6    -6    -6    -6    -6    -6    -6    -6    -6    -6    -6    -6    -6    -4     1     5     6     6     6
          5     4     3     3     2     2     1     1     1     1     0     0     0     0     0     0     0     0     0     0
          0     0     0     0     0     0     0     0     0     0     0     0     0     0
  48   1000   988   955   900   829   744   651   553   454   358   269   188   117    56     5   -34   -65   -88  -103  -113
       -118  -119  -117  -112  -106   -99   -91   -82   -74   -65   -57   -49   -41   -34   -27   -21   -15   -11    -8    -7
         -6    -6    -6    -6    -6    -6    -6    -6    -6    -6    -6    -6    -6    -4     1     5     6     6     6     5
          4     3     3     2     2     1     1     1     1     0     0     0     0     0     0     0     0     0     0     0
          0     0     0     0     0     0     0     0     0     0     0     0     0
  49   1000   988   955   901   829   745   651   553   454   359   270   189   118    57     7   -31   -62   -83   -98  -107
       -111  -111  -108  -104   -97   -90   -82   -73   -65   -57   -49   -41   -34   -27   -21   -15   -11    -9    -7    -7
         -7    -6    -6    -6    -6    -6    -7    -6    -6    -6    -7    -6    -4     1     5     6     6     6     5     4
          3     3     2     2     1     1     1     1     0     0     0     0     0     0     0     0     0     0     0     0
          0     0     0     0     0     0     0     0     0     0     0     0
  50   1000   989   955   901   830   745   652   554   455   359   270   190   119    59    10   -28   -57   -78   -92  -100
       -104  -103  -100   -95   -88   -81   -73   -65   -57   -49   -41   -34   -27   -21   -15   -12    -9    -7    -7    -7
         -7    -7    -6    -6    -6    -7    -6    -7    -6    -7    -6    -4     1     5     6     6     6     5     4     3
          3     2     2     1     1     1     1     0     0     0     0     0     0     0     0     0     0     0     0     0
          0     0     0     0     0     0     0     0     0     0     0
  51   1000   989   955   901   830   745   652   554   455   360   271   191   121    61    13   -24   -53   -73   -86   -93
        -96   -95   -91   -86   -79   -72   -64   -56   -49   -41   -34   -27   -21   -16   -12    -9    -8    -7    -7    -7
         -7    -6    -6    -6    -7    -6    -7    -7    -7    -7    -4     1     5     6     6     6     5     4     3     3
          2     2     1     1     1     1     0     0     0     0     0     0     0     0     0     0     0     0     0     0
          0     0     0     0     0     0     0     0     0     0
  52   1000   989   955   901   830   746   652   554   456   361   272   192   123    64    16   -20   -47   -67   -79   -86
        -88   -87   -83   -77   -71   -64   -56   -49   -41   -34   -28   -22   -16   -12   -10    -8    -8    -7    -7    -7
         -7    -7    -7    -7    -7    -7    -7    -7    -7    -4     1     5     6     6     6     5     4     3     3     2
          2     1     1     1     1     0     0     0     0     0     0     0     0     0     0     0     0     0     0     0
          0     0     0     0     0     0     0     0     0
  53   1000   989   955   901   830   746   652   554   456   361   273   194   125    67    20   -15   -42   -61   -72   -78
        -80   -79   -75   -69   -63   -56   -49   -42   -35   -28   -22   -17   -13   -10    -9    -8    -8    -7    -7    -7
         -7    -7    -7    -7    -7    -7    -7    -7    -4     1     5     6     6     6     5     4     3     3     2     2
          1     1     1     1     0     0     0     0     0     0     0     0     0     0     0     0     0     0     0     0
          0     0     0     0     0     0     0     0
  54   1000   989   955   901   830   746   653   555   457   362   274   196   127    70    24   -10   -36   -54   -66   -71
        -73   -71   -67   -62   -56   -49   -42   -35   -29   -23   -17   -14   -11    -9    -9    -8    -8    -8    -7    -7
         -7    -7    -7    -7    -7    -7    -7    -4     1     5     6     6     6     5     4     3     3     2     2     1
          1     1     1     0     0     0     0     0     0     0     0     0     0     0     0     0     0     0     0     0
          0     0     0     0     0     0     0
  55   1000   989   955   901   830   746   653   555   457   363   275   197   130    74    28    -5   -31   -48   -59   -64
        -66   -64   -60   -55   -49   -42   -36   -29   -24   -18   -14   -12   -10    -9    -9    -9    -8    -8    -8    -7
         -8    -7    -7    -7    -7    -7    -4     1     5     6     6     6     5     4     3     3     2     2     1     1
          1     1     0     0     0     0     0     0     0     0     0     0     0     0     0     0     0     0     0     0
          0     0     0     0     0     0
  56   1000   989   955   901   830   746   653   555   457   364   277   199   133    77    33    -1   -26   -42   -53   -58
        -59   -57   -53   -48   -43   -36   -30   -25   -19   -15   -13   -11   -10   -10    -9    -9    -8    -8    -8    -8
         -7    -7    -7    -7    -7    -4     1     5     6     6     6     5     4     3     3     2     2     1     1     1
          1     0     0     0     0     0     0     0     0     0     0     0     0     0     0     0     0     0     0     0
          0     0     0     0     0
  57   1000   989   955   901   830   746   653   555   458   364   278   201   135    80    37     3   -20   -37   -47   -51
        -52   -51   -47   -42   -37   -31   -26   -21   -17   -14   -12   -11   -11   -10   -10    -9    -8    -8    -8    -7
         -7    -7    -7    -7    -4     1     5     6     6     6     5     4     3     3     2     2     1     1     1     1
          0     0     0     0     0     0     0     0     0     0     0     0     0     0     0     0     0     0     0     0
          0     0     0     0
  58   1000   989   955   901   830   746   653   555   458   365   280   204   138    84    40     7   -15   -31   -41   -45
        -46   -45   -41   -37   -32   -27   -22   -18   -15   -13   -12   -12   -11   -10    -9    -9    -8    -8    -8    -7
         -7    -7    -7    -4     1     5     6     6     6     5     4     3     3     2     2     1     1     1     1     0
          0     0     0     0     0     0     0     0     0     0     0     0     0     0     0     0     0     0     0     0
          0     0     0
  59   1000   989   955   901   830   746   653   556   459   367   281   206   141    87    44    12   -10   -26   -35   -40
        -41   -39   -36   -32   -28   -23   -19   -16   -15   -13   -13   -12   -11   -10    -9    -9    -9    -8    -7    -7
         -7    -6    -4     1     5     6     6     6     5     4     4     3     2     2     1     1     1     1     0     0
          0     0     0     0     0     0     0     0     0     0     0     0     0     0     0     1     1     0     0     0
          0     0
  60   1000   989   955   901   830   746   653   556   460   368   283   208   143    90    48    16    -5   -20   -29   -34
        -35   -34   -31   -28   -24   -21   -18   -16   -15   -14   -13   -12   -11   -10    -9    -8    -7    -7    -7    -6
         -6    -3     1     5     7     6     6     5     4     4     3     2     2     1     1     1     1     0     0     0
          0     0     0     0     0     0     0     0     0     0     0     0     0     1     1     1     1     0     0     0
          0
  61   1000   989   955   901   830   746   653   557   461   369   285   210   146    94    52    22     0   -15   -24   -29
        -30   -29   -27   -24   -22   -19   -17   -16   -15   -13   -12   -11   -10    -9    -8    -7    -7    -6    -6    -5
         -3     2     5     7     6     6     5     4     4     3     2     2     1     1     1     1     0     0     0     0
          0     0     0     0     0     0     0     0     0     0     0     0     1     1     1     1     1     0     0     0
  62   1000   989   955   901   830   746   653   557   461   370   286   212   149    98    57    27     5    -9   -18   -23
        -25   -25   -24   -22   -20   -18   -17   -15   -14   -12   -11    -9    -8    -7    -6    -6    -5    -4    -4    -2
          2     6     7     6     6     5     4     4     3     2     2     1     1     1     1     0     0     0     0     0
          0     0     0     0     0     0     0     0     0     0     1     1     1     1     1     1     0     0     0
  63   1000   989   955   901   830   746   654   558   462   371   288   215   153   103    63    33    11    -3   -13   -18
        -21   -21   -21   -20   -18   -17   -15   -14   -12   -10    -9    -7    -6    -5    -4    -3    -3    -2     0     3
          6     7     6     6     5     4     4     3     2     2     1     1     1     1     0     0     0     0     0     0
          0     0     0     0     0     0     0     0     0     1     1     1     1     1     1     0     0     0
  64   1000   989   955   901   830   746   654   558   463   373   290   218   158   108    69    39    17     2    -7   -14
        -17   -18   -18   -18   -16   -15   -13   -11    -9    -7    -5    -4    -2    -2    -1     0     0     1     4     6
          7     6     6     5     4     4     3     2     2     1     1     1     1     1     0     0     0     0     0     0
          0     0     0     0     0     0     0     1     1     1     1     1     1     1     1     0     0
  65   1000   989   955   901   830   746   654   559   464   375   294   223   164   115    76    46    24     8    -2    -9
        -13   -15   -15   -14   -13   -11    -9    -6    -4    -2    -1     0     1     2     2     3     4     6     7     7
          6     6     5     4     3     3     2     2     1     1     1     1     1     0     0     0     0     0     0     0
          0     0     0     0     0     0     1     1     1     1     1     1     1     1     0     0
  66   1000   989   955   901   830   747   655   560   466   378   299   230   171   123    84    53    30    13     2    -5
         -9   -11   -10    -9    -7    -5    -2     0     1     3     4     6     6     7     7     7     8     7     7     6
          5     5     4     3     3     2     2     1     1     1     1     1     0     0     0     0     0     0     0     0
          0     0     0     0     0     1     1     1     1     1     1     1     1     0     0
  67   1000   989   955   901   830   747   655   561   469   384   306   238   180   131    92    61    37    19     7     0
         -3    -4    -3    -2     0     2     5     7     9    11    12    12    13    13    12    10     8     7     6     5
          4     4     3     2     2     2     1     1     1     1     1     1     0     0     0     0     0     0     0     0
          0     0     0     1     1     1     1     1     1     1     1     1     0     0
  68   1000   989   955   901   830   747   657   565   475   391   315   248   189   140   100    68    43    26    14     8
          5     4     5     8    10    12    15    17    18    20    20    21    20    18    13     9     7     5     4     4
          3     3     2     2     2     1     1     1     1     1     1     0     0     0     0     0     0     0     0     0
          0     0     1     1     1     1     1     1     1     1     1     1     0
  69   1000   989   955   901   831   749   660   571   483   401   325   258   199   149   108    75    51    34    24    19
         17    17    18    20    22    25    27    28    29    30    30    29    25    17    10     6     5     4     3     3
          2     2     2     1     1     1     1     1     1     1     1     1     0     0     0     0     0     0     0     1
          1     1     1     1     1     1     1     1     1     1     1     0
  70   1000   988   955   901   832   752   666   579   493   412   336   268   209   158   116    85    61    47    38    34
         32    32    33    35    37    39    40    41    41    41    40    34    21    11     6     4     3     2     2     2
          1     1     1     1     1     1     1     1     1     1     1     1     1     1     1     1     1     1     1     1
          1     1     1     1     1     1     1     1     1     1     1
  71   1000   989   955   903   835   758   675   589   505   423   348   279   219   168   127    97    76    64    56    52
         51    50    51    53    55    55    56    55    54    52    44    26    12     6     3     2     1     1     1     1
          1     1     1     1     1     1     1     1     1     1     1     1     1     1     1     1     1     1     1     1
          1     1     1     1     1     1     1     1     1     1
  72   1000   989   956   905   840   765   684   599   515   434   358   289   228   179   140   113    95    84    76    73
         70    70    70    72    71    71    70    68    66    55    31    14     6     2     1     0     0     0     0     0
          1     1     1     1     1     1     1     1     1     1     1     1     1     1     1     1     1     1     1     1
          1     0     0     0     0     0     0     1     1
  73   1000   989   957   909   846   773   693   609   525   443   367   297   240   193   159   135   118   107   100    94
         92    90    91    89    88    86    84    80    67    37    15     5     1     0     0     0     0     0     0     0
          0     1     1     1     1     1     1     1     1     1     1     1     1     1     1     1     1     1     1     0
          0     0     0     0     0     0     1     1
  74   1000   989   959   912   851   779   700   617   532   450   374   308   253   211   180   157   140   129   119   114
        111   110   105   104   101    98    94    77    42    16     4     0    -1    -1    -1    -1     0     0     0     0
          0     1     1     1     1     1     1     1     1     1     1     1     1     1     1     1     1     0     0     0
          0     0     0     0     0     0     1
  75   1000   990   961   915   855   784   705   621   537   455   382   320   270   230   201   177   161   146   137   131
        127   121   118   114   110   105    86    46    17     3    -1    -2    -3    -2    -1    -1     0     0     0     0
          0     1     1     1     1     1     1     1     1     1     1     1     1     1     1     1     0     0     0     0
          0     0     0     0     0     1
  76   1000   990   962   917   857   786   706   623   538   461   391   333   286   247   216   193   172   159   148   142
        133   129   122   118   112    91    48    16     2    -2    -4    -4    -3    -2    -2    -1     0     0     0     0
          1     1     1     1     1     1     1     1     1     1     1     1     1     1     1     0     0     0     0     0
          0     0     0     0     1
  77   1000   990   962   917   858   786   707   623   543   468   402   346   300   260   229   201   181   166   156   144
        137   129   123   116    94    48    15     0    -4    -5    -5    -4    -3    -2    -1     0     0     0     0     0
          1     1     1     1     1     1     1     1     1     1     1     1     1     0     0     0     0     0     0     0
          0     0     0     0
  78   1000   990   963   917   857   786   706   626   548   476   412   357   308   268   232   205   184   169   153   143
        133   126   118    95    47    13    -1    -6    -7    -7    -6    -4    -3    -2    -1     0     0     0     0     1
          1     1     1     1     1     1     1     1     1     1     1     0     0     0     0     0     0     0     0     0
          0     0     0
  79   1000   990   962   917   856   784   707   629   553   483   418   360   311   267   231   203   181   160   147   134
        125   116    92    45    10    -3    -8    -9    -8    -7    -5    -4    -3    -1     0     0     0     0     0     1
          1     1     1     1     1     1     1     1     1     0     0     0     0     0     0     0     0     0     0     0
          0     0
  80   1000   990   962   916   855   786   710   633   558   487   420   362   308   264   227   199   172   154   137   126
        115    90    42     8    -6   -11   -11   -10    -8    -7    -5    -3    -2    -1     0     0     0     0     1     1
          1     1     1     1     1     1     1     0     0     0     0     0     0     0     0     0     0     0     0     0
          0
  81   1000   990   962   916   856   787   712   634   557   483   415   353   299   253   217   183   159   138   123   110
         84    37     4    -9   -13   -13   -12   -10    -8    -6    -4    -3    -1    -1     0     0     0     0     1     1
          1     1     1     1     1     0     0     0     0     0     0     0     0     0     0     0     0     0     0     0
  82   1000   990   961   916   857   787   710   631   552   476   406   343   288   242   201   170   143   124   107    80
         34     1   -12   -16   -16   -14   -12    -9    -7    -5    -3    -2    -1     0     0     0     0     0     0     0
          0     0     0     0     0     0     0     0     0     0     0     0     0     0     0     0     0     0     0
  83   1000   990   962   916   856   785   706   625   546   468   397   333   278   228   189   156   131   110    80    33
          0   -13   -18   -18   -16   -14   -11    -9    -6    -4    -3    -2    -1     0     0     0     0     0     0     0
          0     0     0     0     0     0     0     0     0     0     0     0     0     0     0     0     0     0
  84   1000   990   961   914   852   779   699   617   536   458   386   321   263   215   174   142   116    83    34     0
        -14   -20   -20   -18   -16   -13   -10    -8    -6    -4    -2    -1    -1     0     0     0     0     0     0     0
          0     0     0     0     0     0     0     0     0     0     0     0     0     0     0     0     0
  85   1000   990   960   912   849   776   697   615   533   455   383   316   259   210   170   137    98    43     5   -13
        -20   -21   -20   -18   -15   -12    -9    -7    -5    -3    -2    -1     0     0     0     0     0     0     0     0
          0     0     0     0     0     0     0     0     0     0     0     0     0     0     0     0
  86   1000   990   959   911   849   776   698   616   534   456   382   317   258   210   169   122    59    14    -8   -18
        -22   -21   -20   -17   -14   -11    -8    -6    -4    -3    -2    -1     0     0     0     0     0     0     0     0
          0     0     0    -1    -1    -1    -1    -1    -1    -1    -1    -1    -1    -1     0
  87   1000   990   959   912   851   781   703   621   540   461   388   321   264   214   158    84    29     0   -13   -20
        -21   -20   -18   -15   -13   -10    -7    -5    -4    -2    -1    -1     0     0     0     0     0     0     0     0
         -1    -1    -1    -1    -1    -2    -2    -2    -2    -2    -2    -1    -1    -1
  88   1000   990   961   915   856   785   708   628   545   467   393   328   269   203   117    51    14    -5   -14   -19
        -19   -18   -16   -14   -11    -9    -6    -5    -3    -2    -1    -1     0     0     0     0     0    -1    -1    -1
         -1    -2    -2    -2    -2    -2    -3    -3    -2    -2    -2    -2    -2
  89   1000   990   962   917   859   789   713   631   551   471   399   332   256   157    80    34     9    -5   -13   -16
        -17   -16   -14   -11    -9    -7    -5    -4    -3    -2    -1    -1    -1    -1    -1    -1    -1    -1    -2    -2
         -2    -3    -3    -3    -3    -3    -3    -3    -3    -3    -3    -2
  90   1000   990   963   919   860   791   713   633   551   473   399   315   205   117    62    29     9    -2    -9   -12
        -13   -12   -11    -9    -7    -6    -4    -3    -2    -2    -1    -1    -1    -1    -1    -2    -2    -2    -3    -3
         -3    -4    -4    -4    -4    -4    -4    -4    -4    -3    -3
  91   1000   991   963   919   861   791   714   633   552   473   381   262   163    99    58    31    13     1    -5    -8
         -9    -9    -8    -7    -6    -4    -3    -3    -2    -2    -1    -2    -2    -2    -2    -3    -3    -3    -4    -4
         -5    -5    -5    -5    -5    -5    -5    -5    -4    -4
  92   1000   991   963   919   860   790   712   631   549   453   327   219   146    96    61    36    18     7     0    -3
         -5    -6    -6    -5    -4    -3    -3    -2    -2    -2    -2    -2    -3    -3    -3    -4    -4    -5    -5    -5
         -6    -6    -6    -6    -6    -6    -6    -5    -5
  93   1000   991   963   918   859   789   711   629   531   401   285   203   144   100    67    43    25    13     5     0
         -1    -3    -3    -3    -3    -3    -2    -2    -2    -2    -3    -3    -3    -4    -4    -5    -5    -6    -6    -7
         -7    -7    -7    -7    -7    -6    -6    -5
  94   1000   991   963   918   858   788   709   613   482   361   270   202   149   107    75    51    33    20    11     5
          1     0    -1    -2    -2    -2    -2    -2    -3    -3    -3    -4    -5    -5    -6    -6    -7    -7    -8    -8
         -8    -8    -8    -8    -7    -7    -6
  95   1000   990   962   917   858   787   695   567   443   346   270   208   157   116    84    59    40    26    16     9
          4     1     0    -1    -1    -2    -2    -3    -3    -4    -4    -5    -6    -6    -7    -7    -8    -8    -9    -9
         -9    -9    -8    -8    -7    -7
  96   1000   990   962   917   857   775   655   532   432   349   279   219   169   127    94    67    47    32    20    13
          7     3     1     0    -1    -2    -3    -3    -4    -5    -5    -6    -7    -7    -8    -9    -9    -9    -9    -9
         -9    -9    -9    -8    -7
  97   1000   990   962   916   847   738   621   520   434   357   289   230   179   137   102    74    53    36    24    15
          9     5     2     0    -1    -2    -3    -4    -5    -6    -6    -7    -8    -8    -9    -9   -10   -10   -10   -10
         -9    -9    -8    -8
  98   1000   990   962   910   816   708   612   524   444   370   302   242   190   146   110    81    58    41    27    18
         11     6     2     0    -1    -3    -4    -5    -6    -7    -7    -8    -9    -9   -10   -10   -10   -10   -10   -10
         -9    -9    -8
  99   1000   990   957   882   788   699   615   533   455   381   313   253   199   154   117    86    62    44    30    19
         12     6     2     0    -2    -3    -4    -6    -6    -7    -8    -9    -9   -10   -10   -10   -10   -10   -10    -9
         -9    -8
 100   1000   987   935   858   780   703   625   545   468   393   324   262   208   161   122    91    66    46    32    21
         13     7     2     0    -2    -4    -5    -6    -7    -8    -9    -9   -10   -10   -10   -10   -10   -10    -9    -9
         -8
 101   1000   978   926   866   799   726   649   569   489   412   341   276   219   170   129    96    70    49    33    22
         13     7     2     0    -2    -4    -6    -7    -8    -8    -9   -10   -10   -10   -10   -10   -10    -9    -9    -8
 102   1000   984   947   896   834   761   681   598   515   434   359   291   231   180   136   101    73    52    35    22
         13     7     2    -1    -3    -5    -6    -7    -8    -9    -9   -10   -10   -10   -10    -9    -9    -8    -8
 103   1000   989   958   910   848   775   695   610   526   444   367   297   236   183   139   103    75    52    35    23
         13     7     2    -1    -3    -5    -6    -7    -8    -9    -9    -9    -9    -9    -9    -8    -8    -7
 104   1000   990   960   913   852   779   698   614   529   446   369   299   237   184   140   104    75    52    35    23
         13     7     2    -1    -3    -5    -6    -7    -8    -8    -8    -8    -8    -8    -8    -7    -7
 105   1000   990   961   914   853   780   699   615   529   447   370   299   237   184   140   104    75    52    35    23
         13     7     2    -1    -3    -5    -6    -6    -7    -7    -7    -7    -7    -7    -6    -6
 106   1000   990   961   915   853   780   700   615   530   447   369   299   237   184   140   104    75    52    35    23
         13     7     2     0    -2    -4    -5    -6    -6    -6    -6    -6    -6    -6    -5
 107   1000   990   961   915   853   780   700   615   529   447   369   299   237   184   140   103    75    52    35    23
         14     7     2     0    -2    -3    -4    -5    -5    -5    -5    -5    -5    -4
 108   1000   990   961   915   853   780   699   614   529   446   369   299   237   184   139   103    75    53    36    23
         14     7     3     0    -1    -3    -4    -4    -4    -4    -4    -4    -4
 109   1000   990   961   915   853   780   699   614   528   446   368   298   236   183   139   103    75    53    36    23
         14     8     3     0    -1    -2    -3    -3    -3    -3    -3    -3
 110   1000   990   961   914   853   780   699   614   528   445   368   298   236   183   139   103    75    53    36    24
         15     8     4     1     0    -1    -2    -2    -2    -2    -2
 111   1000   990   961   914   853   779   698   613   528   445   368   298   236   183   139   103    75    53    36    24
         15     9     5     2     0     0    -1    -2    -2    -2
 112   1000   990   961   914   853   779   698   613   527   445   367   297   236   183   139   104    75    53    37    24
         16     9     5     2     0     0    -1    -1    -1
 113   1000   990   961   914   852   779   698   613   527   445   367   297   236   183   139   104    75    54    37    25
         16    10     6     3     1     0     0     0
 114   1000   990   961   914   852   779   698   613   527   444   367   297   236   183   140   104    76    54    37    25
         16    10     6     3     1     0     0
 115   1000   990   961   914   852   779   698   612   527   444   367   297   236   183   140   104    76    54    38    25
         17    11     6     4     2     1
 116   1000   990   961   914   852   779   698   612   527   444   367   298   236   184   140   104    76    54    38    26
         17    11     7     4     2
 117   1000   990   961   914   852   779   698   612   527   444   367   298   236   184   140   104    76    55    38    26
         17    11     7     4
 118   1000   990   961   914   852   779   697   612   527   444   367   298   236   184   140   105    76    55    38    26
         17    11     7
 119   1000   990   961   914   852   779   698   612   527   444   367   298   236   184   140   105    77    55    38    26
         18    11
 120   1000   990   961   914   852   779   698   612   527   444   367   298   236   184   140   105    77    55    38    26
         18
 121   1000   990   961   914   852   779   698   612   527   444   367   298   236   184   140   105    77    55    38    26
 122   1000   990   961   914   852   779   698   612   527   444   367   298   236   184   140   105    77    55    39
 123   1000   990   961   914   852   779   697   612   527   444   367   298   236   184   140   105    77    55
 124   1000   990   961   914   852   779   697   612   527   444   367   298   236   184   140   105    77
 125   1000   990   961   914   852   779   697   612   527   444   367   298   236   184   140   105
 126   1000   990   961   914   852   779   697   612   527   444   367   298   236   184   140
 127   1000   990   961   914   852   779   697   612   527   444   367   298   236   184
 128   1000   990   961   914   852   779   697   612   527   444   367   298   236
 129   1000   990   961   914   852   779   697   612   527   444   367   298
 130   1000   990   961   914   852   779   697   612   527   444   367
 131   1000   990   961   914   852   779   697   612   527   444
 132   1000   990   961   914   852   779   697   612   527
 133   1000   990   961   914   852   779   697   612
 134   1000   990   961   914   852   779   697
 135   1000   990   961   914   852   779
 136   1000   990   961   914   852
 137   1000   990   961   914
 138   1000   990   961
 139   1000   990
 140   1000

 Finished!
