NIF_RUN Passive 18x snout on TANDM 90-348 Pinhole
  140    6    1    0    1
   0.00500   9.00000   0.03000   0.00100
   0.0000000   0   0 1.00000000E+00   1.0000000
ZR902    5.587E-15 0.015       0.00       0.00        (    )
IN115N   1.817E-15 0.012       0.00       0.00        (    )
AU197G   3.975E-14 0.016       0.00 AUNG  3.94 IFX    (ISTP)
IN115G   1.329E-14 0.016       0.00 INNG 39.37 IFX    (ISTP)
AU1972   1.991E-14 0.012       0.00       0.00        (    )
AL27A    1.015E-15 0.079       0.00       0.00        (    )
Flux Uncertainty
 140
 0.0000E+00 0.0000E+00 0.0000E+00 0.0000E+00 0.0000E+00 0.0000E+00 0.0000E+00
 0.0000E+00 0.0000E+00 0.0000E+00 0.0000E+00 0.0000E+00 0.0000E+00 0.0000E+00
 2.9200E-02 2.6500E-02 2.4400E-02 1.3230E-01 9.9600E-02 7.5500E-02 5.7000E-02
 4.2800E-02 3.2100E-02 2.5000E-02 2.1100E-02 1.9500E-02 1.9000E-02 1.9100E-02
 1.9300E-02 2.0400E-02 2.3400E-02 3.0400E-02 4.2400E-02 5.7800E-02 7.4700E-02
 9.1100E-02 1.0570E-01 1.1850E-01 1.3080E-01 1.4440E-01 1.6150E-01 1.8460E-01
 2.1570E-01 2.5680E-01 3.0870E-01 3.7120E-01 4.4220E-01 5.1870E-01 5.9650E-01
 6.7120E-01 7.3910E-01 7.9740E-01 8.4520E-01 8.8200E-01 9.0910E-01 9.2660E-01
 9.3530E-01 9.3540E-01 9.2570E-01 9.0440E-01 8.6940E-01 8.1860E-01 7.5050E-01
 6.6550E-01 5.6760E-01 4.6250E-01 3.5820E-01 2.6280E-01 1.8230E-01 1.1960E-01
 7.4800E-02 4.5400E-02 2.8700E-02 2.0800E-02 1.8000E-02 1.7200E-02 1.6800E-02
 1.6700E-02 1.6700E-02 1.6800E-02 1.7600E-02 2.0500E-02 2.8900E-02 4.6200E-02
 7.4100E-02 1.1070E-01 1.5080E-01 1.8510E-01 2.0350E-01 1.9840E-01 1.6930E-01
 1.2240E-01 6.7700E-02 1.0500E-02 1.0700E-02 1.1000E-02 0.0000E+00 0.0000E+00
 0.0000E+00 0.0000E+00 0.0000E+00 0.0000E+00 0.0000E+00 0.0000E+00 0.0000E+00
 0.0000E+00 0.0000E+00 0.0000E+00 0.0000E+00 0.0000E+00 0.0000E+00 0.0000E+00
 0.0000E+00 0.0000E+00 0.0000E+00 0.0000E+00 0.0000E+00 0.0000E+00 0.0000E+00
 0.0000E+00 0.0000E+00 0.0000E+00 0.0000E+00 0.0000E+00 0.0000E+00 0.0000E+00
 0.0000E+00 0.0000E+00 0.0000E+00 0.0000E+00 0.0000E+00 0.0000E+00 0.0000E+00
 0.0000E+00 0.0000E+00 0.0000E+00 0.0000E+00 0.0000E+00 0.0000E+00 0.0000E+00
Input Flux Spectrum
 140   1 1.000E+00 2.000E+01 5.000E-08
 0.0000E+00 0.0000E+00 0.0000E+00 0.0000E+00 0.0000E+00 0.0000E+00 0.0000E+00
 0.0000E+00 0.0000E+00 0.0000E+00 0.0000E+00 0.0000E+00 0.0000E+00 0.0000E+00
 6.6694E+06 6.6746E+06 6.6784E+06 1.4205E+08 3.2302E+08 1.6867E+08 1.4753E+08
 1.5332E+08 1.5710E+08 1.5913E+08 4.0177E+08 9.9470E+07 9.8766E+07 9.7640E+07
 9.6129E+07 3.1290E+08 2.7992E+08 2.7242E+08 2.6414E+08 1.6263E+08 1.5633E+08
 2.3761E+08 1.2964E+08 1.2217E+08 1.1424E+08 6.4903E+07 1.8581E+08 1.6979E+08
 1.7960E+08 6.4352E+07 2.4014E+08 1.2275E+08 4.5729E+07 4.0461E+07 3.5724E+07
 2.8710E+07 3.9338E+07 4.0748E+07 3.6587E+07 3.5181E+07 2.3313E+07 2.2336E+07
 2.3762E+05 2.4537E+05 2.6446E+05 1.2736E+07 1.4872E+07 1.7920E+07 3.9737E+07
 8.1945E+06 3.0923E+07 1.1632E+08 1.6357E+08 2.0062E+08 4.0587E+08 1.5351E+08
 3.6568E+08 2.4344E+08 4.4834E+08 4.4350E+08 4.6746E+08 9.6906E+08 1.6368E+07
 1.6331E+07 1.5997E+07 1.5343E+07 2.7486E+08 4.4160E+08 2.1678E+08 1.8012E+08
 1.4156E+08 1.8092E+07 1.2431E+07 4.7634E+07 1.5592E+07 9.2074E+06 8.2390E+06
 6.3645E+06 4.9968E+06 4.5324E+09 4.9399E+09 9.9648E+06 0.0000E+00 0.0000E+00
 0.0000E+00 0.0000E+00 0.0000E+00 0.0000E+00 0.0000E+00 0.0000E+00 0.0000E+00
 0.0000E+00 0.0000E+00 0.0000E+00 0.0000E+00 0.0000E+00 0.0000E+00 0.0000E+00
 0.0000E+00 0.0000E+00 0.0000E+00 0.0000E+00 0.0000E+00 0.0000E+00 0.0000E+00
 0.0000E+00 0.0000E+00 0.0000E+00 0.0000E+00 0.0000E+00 0.0000E+00 0.0000E+00
 0.0000E+00 0.0000E+00 0.0000E+00 0.0000E+00 0.0000E+00 0.0000E+00 0.0000E+00
 0.0000E+00 0.0000E+00 0.0000E+00 0.0000E+00 0.0000E+00 0.0000E+00 0.0000E+00
   10   13   28   11    8    5    8    7   10   40



                         ==============================
                               STAYSL PNNL OUTPUT
                         ==============================

 STAYSL PNNL, version 1.2.0, 2015-08-05


 SCENARIO TITLE: NIF_RUN Passive 18x snout on TANDM 90-348 Pinhole
 -------------------------------------------------------------------------------
  NGROUP =   140    NRXN =     6    ACTIVITY NORM = 1.00000E+00

  COVARIANCE PARAMETERS (FCHN, FCVX, ACVX, FS)
    FLUXES:      WIDTH =  9.0000E+00   LONG RANGE COVAR. =  3.0000E-02
            ACTIVITIES =  5.0000E-03   X-SECT CROSS COR. =  1.0000E-03

    DETERM =   5.9368 × 10^   1.00      ERROR =   1.3496E-16

  INPUT NORMALIZATION DATA
    AK1   =     0.00000     VAK        =     0.00090
    NORML =           0     RENORM     = 9.99828E-01
    CHI²  =     3.54317     NORM. CHI² =     0.70863

  DOSIMETRY ACTIVITIES
     ———— INPUTS —————  -UNADJUSTED FLUX-  — ADJUSTED FLUX —    CHI²  90% ACTIVITIES RANGE
 RXN  MEASURED     ±%   ACTIVITY    %DIFF  ACTIVITY    %DIFF  CONTRIB --LOW E-- --HIGH E--   REACTION          CVR
  1  5.587E-15    1.50  5.502E-15   -1.51  5.503E-15   -1.50    0.834  1.30E+01  1.40E+01  ZR90(N,2N)ZR89          
  2  1.817E-15    1.20  1.816E-15   -0.04  1.817E-15   -0.03    0.000  1.20E+00  1.40E+01  IN115(N,N')IN115M       
  3  3.975E-14    1.60  3.976E-14    0.03  3.977E-14    0.05    0.000  4.25E-06  2.70E-03  AU197(N,G)AU198         
  4  1.329E-14    1.60  1.328E-14   -0.06  1.328E-14   -0.04    0.000  9.20E-06  1.60E-01  IN115(N,G)IN116M        
  5  1.991E-14    1.20  2.005E-14    0.69  2.005E-14    0.70    0.215  1.30E+01  1.40E+01  AU197(N,2N)AU196        
  6  1.015E-15    7.90  1.141E-15   12.45  1.142E-15   12.47    2.493  1.30E+01  1.40E+01  AL27(N,A)NA24           

             % STD. DEV.  =          5.62               5.63

  DIFFERENTIAL FLUXES (input is normalized by a factor of 9.9983E-01)
                  —————— DIFFERENTIAL FLUX —————   ———— STD. DEV. % ————   INTEGRAL
 GRP    ENERGY        NEW         OLD      RATIO    NEW     OLD    RATIO   FLUX > E     ± %
  15  2.8000E-06  4.6000E+12  4.5988E+12   1.000    2.95    4.19   0.705  2.0520E+10    2.61
  16  4.2500E-06  3.2562E+12  3.2553E+12   1.000    2.68    4.00   0.669  2.0514E+10    2.61
  17  6.3000E-06  2.3031E+12  2.3025E+12   1.000    2.47    3.87   0.638  2.0507E+10    2.61
  18  9.2000E-06  3.3030E+13  3.3029E+13   1.000   11.85   13.56   0.874  2.0500E+10    2.61
  19  1.3500E-05  4.3064E+13  4.3062E+13   1.000    8.79   10.40   0.845  2.0358E+10    2.64
  20  2.1000E-05  1.8739E+13  1.8738E+13   1.000    6.58    8.12   0.811  2.0035E+10    2.70
  21  3.0000E-05  9.8348E+12  9.8336E+12   1.000    4.94    6.44   0.768  1.9867E+10    2.73
  22  4.5000E-05  6.3882E+12  6.3872E+12   1.000    3.73    5.23   0.715  1.9719E+10    2.75
  23  6.9000E-05  5.0678E+12  5.0669E+12   1.000    2.87    4.39   0.653  1.9566E+10    2.78
  24  1.0000E-04  4.5467E+12  4.5458E+12   1.000    2.33    3.90   0.598  1.9409E+10    2.80
  25  1.3500E-04  1.1480E+13  1.1477E+13   1.000    2.06    3.67   0.562  1.9250E+10    2.83
  26  1.7000E-04  1.9895E+12  1.9891E+12   1.000    1.96    3.58   0.547  1.8848E+10    2.89
  27  2.2000E-04  1.6462E+12  1.6458E+12   1.000    1.93    3.55   0.543  1.8748E+10    2.91
  28  2.8000E-04  1.2205E+12  1.2203E+12   1.000    1.94    3.56   0.546  1.8650E+10    2.92
  29  3.6000E-04  1.0681E+12  1.0679E+12   1.000    1.96    3.57   0.549  1.8552E+10    2.94
  30  4.5000E-04  2.5033E+12  2.5028E+12   1.000    2.04    3.63   0.562  1.8456E+10    2.95
  31  5.7500E-04  1.5131E+12  1.5128E+12   1.000    2.25    3.80   0.592  1.8143E+10    3.00
  32  7.6000E-04  1.3621E+12  1.3619E+12   1.000    2.78    4.27   0.652  1.7863E+10    3.05
  33  9.6000E-04  8.3850E+11  8.3840E+11   1.000    3.76    5.19   0.723  1.7591E+10    3.09
  34  1.2750E-03  5.0035E+11  5.0031E+11   1.000    5.06    6.51   0.777  1.7326E+10    3.13
  35  1.6000E-03  3.9077E+11  3.9076E+11   1.000    6.51    8.05   0.809  1.7164E+10    3.15
  36  2.0000E-03  3.3938E+11  3.3938E+11   1.000    7.94    9.59   0.828  1.7008E+10    3.17
  37  2.7000E-03  1.8517E+11  1.8517E+11   1.000    9.23   10.98   0.840  1.6770E+10    3.19
  38  3.4000E-03  1.1104E+11  1.1104E+11   1.000   10.36   12.22   0.848  1.6640E+10    3.20
  39  4.5000E-03  1.1422E+11  1.1422E+11   1.000   11.48   13.41   0.855  1.6518E+10    3.20
  40  5.5000E-03  3.8173E+10  3.8172E+10   1.000   12.72   14.74   0.863  1.6404E+10    3.20
  41  7.2000E-03  9.2894E+10  9.2889E+10   1.000   14.31   16.42   0.871  1.6339E+10    3.20
  42  9.2000E-03  6.0634E+10  6.0629E+10   1.000   16.47   18.69   0.881  1.6153E+10    3.17
  43  1.2000E-02  5.9862E+10  5.9856E+10   1.000   19.40   21.77   0.891  1.5983E+10    3.13
  44  1.5000E-02  1.6087E+10  1.6085E+10   1.000   23.32   25.84   0.903  1.5804E+10    3.07
  45  1.9000E-02  3.6944E+10  3.6938E+10   1.000   28.33   31.00   0.914  1.5740E+10    3.04
  46  2.5500E-02  1.8885E+10  1.8881E+10   1.000   34.43   37.22   0.925  1.5499E+10    2.90
  47  3.2000E-02  5.7163E+09  5.7151E+09   1.000   41.46   44.30   0.936  1.5377E+10    2.82
  48  4.0000E-02  3.2371E+09  3.2363E+09   1.000   49.12   51.93   0.946  1.5331E+10    2.78
  49  5.2500E-02  2.6465E+09  2.6458E+09   1.000   57.02   59.70   0.955  1.5290E+10    2.74
  50  6.6000E-02  1.3052E+09  1.3048E+09   1.000   64.71   67.16   0.964  1.5255E+10    2.69
  51  8.8000E-02  1.7885E+09  1.7878E+09   1.000   71.77   73.94   0.971  1.5226E+10    2.65
  52  1.1000E-01  1.6304E+09  1.6296E+09   1.000   77.91   79.76   0.977  1.5187E+10    2.58
  53  1.3500E-01  1.4640E+09  1.4632E+09   1.001   82.99   84.54   0.982  1.5146E+10    2.51
  54  1.6000E-01  1.1732E+09  1.1725E+09   1.001   86.95   88.21   0.986  1.5109E+10    2.45
  55  1.9000E-01  7.7756E+08  7.7697E+08   1.001   89.88   90.92   0.989  1.5074E+10    2.40
  56  2.2000E-01  6.3865E+08  6.3806E+08   1.001   91.79   92.67   0.991  1.5051E+10    2.36
  57  2.5500E-01  6.7955E+06  6.7880E+06   1.001   92.76   93.54   0.992  1.5028E+10    2.32
  58  2.9000E-01  8.1887E+06  8.1776E+06   1.001   92.78   93.55   0.992  1.5028E+10    2.32
  59  3.2000E-01  6.6211E+06  6.6104E+06   1.002   91.75   92.58   0.991  1.5028E+10    2.32
  60  3.6000E-01  3.1896E+08  3.1835E+08   1.002   89.46   90.45   0.989  1.5028E+10    2.32
  61  4.0000E-01  2.9805E+08  2.9739E+08   1.002   85.71   86.95   0.986  1.5015E+10    2.28
  62  4.5000E-01  3.5923E+08  3.5834E+08   1.002   80.30   81.88   0.981  1.5000E+10    2.23
  63  5.0000E-01  7.9674E+08  7.9460E+08   1.003   73.11   75.08   0.974  1.4982E+10    2.18
  64  5.5000E-01  1.6432E+08  1.6386E+08   1.003   64.25   66.59   0.965  1.4942E+10    2.05
  65  6.0000E-01  5.1670E+08  5.1529E+08   1.003   54.18   56.81   0.954  1.4934E+10    2.03
  66  6.6000E-01  1.9432E+09  1.9383E+09   1.003   43.55   46.33   0.940  1.4903E+10    1.95
  67  7.2000E-01  2.7317E+09  2.7257E+09   1.002   33.20   35.93   0.924  1.4786E+10    1.70
  68  7.8000E-01  3.3492E+09  3.3431E+09   1.002   23.93   26.44   0.905  1.4623E+10    1.45
  69  8.4000E-01  5.0798E+09  5.0725E+09   1.001   16.28   18.47   0.882  1.4422E+10    1.25
  70  9.2000E-01  1.9206E+09  1.9185E+09   1.001   10.47   12.33   0.849  1.4015E+10    1.06
  71  1.0000E+00  1.8296E+09  1.8281E+09   1.001    6.43    8.06   0.798  1.3862E+10    1.04
  72  1.2000E+00  1.2177E+09  1.2170E+09   1.001    3.88    5.44   0.713  1.3496E+10    1.02
  73  1.4000E+00  2.2424E+09  2.2413E+09   1.000    2.53    4.15   0.610  1.3252E+10    1.02
  74  1.6000E+00  2.2181E+09  2.2171E+09   1.000    1.96    3.65   0.537  1.2804E+10    1.02
  75  1.8000E+00  2.3379E+09  2.3369E+09   1.000    1.78    3.50   0.508  1.2360E+10    1.03
  76  2.0000E+00  3.2309E+09  3.2296E+09   1.000    1.72    3.46   0.499  1.1892E+10    1.04
  77  2.3000E+00  5.4571E+07  5.4551E+07   1.000    1.70    3.44   0.494  1.0923E+10    1.07
  78  2.6000E+00  5.4446E+07  5.4427E+07   1.000    1.69    3.43   0.492  1.0907E+10    1.07
  79  2.9000E+00  3.9998E+07  3.9986E+07   1.000    1.69    3.43   0.492  1.0890E+10    1.07
  80  3.3000E+00  3.8361E+07  3.8351E+07   1.000    1.69    3.44   0.492  1.0874E+10    1.07
  81  3.7000E+00  6.8718E+08  6.8703E+08   1.000    1.73    3.48   0.499  1.0859E+10    1.07
  82  4.1000E+00  1.1040E+09  1.1038E+09   1.000    1.91    3.63   0.526  1.0584E+10    1.07
  83  4.5000E+00  4.3348E+08  4.3349E+08   1.000    2.52    4.16   0.604  1.0143E+10    1.08
  84  5.0000E+00  3.6005E+08  3.6018E+08   1.000    3.95    5.51   0.717  9.9259E+09    1.08
  85  5.5000E+00  2.8280E+08  2.8307E+08   0.999    6.43    7.99   0.805  9.7459E+09    1.08
  86  6.0000E+00  2.5792E+07  2.5841E+07   0.998    9.82   11.46   0.857  9.6045E+09    1.07
  87  6.7000E+00  1.7702E+07  1.7756E+07   0.997   13.61   15.37   0.886  9.5864E+09    1.07
  88  7.4000E+00  5.9291E+07  5.9532E+07   0.996   16.89   18.74   0.901  9.5740E+09    1.07
  89  8.2000E+00  1.9397E+07  1.9487E+07   0.995   18.65   20.56   0.907  9.5266E+09    1.06
  90  9.0000E+00  9.1652E+06  9.2058E+06   0.996   18.12   20.06   0.904  9.5111E+09    1.06
  91  1.0000E+01  8.2087E+06  8.2376E+06   0.996   15.29   17.19   0.889  9.5019E+09    1.06
  92  1.1000E+01  6.3495E+06  6.3634E+06   0.998   10.78   12.60   0.856  9.4937E+09    1.05
  93  1.2000E+01  4.9915E+06  4.9959E+06   0.999    5.63    7.40   0.761  9.4873E+09    1.05
  94  1.3000E+01  4.5324E+09  4.5316E+09   1.000    1.05    3.18   0.330  9.4823E+09    1.05
  95  1.4000E+01  4.9400E+09  4.9391E+09   1.000    1.06    3.18   0.333  4.9500E+09    1.06
  96  1.5000E+01  9.9654E+06  9.9631E+06   1.000    1.10    3.20   0.343  9.9654E+06    1.10
      1.6000E+01

  INTEGRALS OF SPECTRA
    OLD SPECTRUM   2.0515E+10   ±    4.335 %
    NEW SPECTRUM   2.0520E+10   ±    2.609 %

  SUMMARY OF BROAD-GROUP FLUXES, FLUENCES, AND UNCERTAINTIES

    IRRAD TIME [S] = 1.00000000E+00   ACT NORM =  1.00000000E+00

       ENERGY       FLUX       FLUENCE      STDEV %
      thermal    0.0000E+00  0.0000E+00  ±   0.00     (0.100 meV – 0.550  eV)
     epithermal  5.3337E+09  5.3337E+09  ±   5.97     (0.550  eV – 110.0 keV)
        fast     1.5187E+10  1.5187E+10  ±   2.58     (110.0 keV –  20.0 MeV)
        fast     1.3862E+10  1.3862E+10  ±   1.04     (  1.0 MeV –  20.0 MeV)
        high     0.0000E+00  0.0000E+00  ±   0.00     ( 20.0 MeV –  60.0 MeV)

    MINI-SPECTRUM

       ENERGY       FLUX       FLUENCE      STDEV %
     1.0000E-10  0.0000E+00  0.0000E+00  ±   0.00
     5.5000E-07  1.1116E+09  1.1116E+09  ±   6.46
     1.0000E-04  4.2221E+09  4.2221E+09  ±   7.80
     1.1000E-01  2.0461E+08  2.0461E+08  ±  76.12
     5.0000E-01  1.1205E+09  1.1205E+09  ±  24.43
     1.0000E+00  1.9691E+09  1.9691E+09  ±   2.95
     2.0000E+00  1.9665E+09  1.9665E+09  ±   1.65
     5.0000E+00  4.2399E+08  4.2399E+08  ±   7.16
     1.0000E+01  9.5019E+09  9.5019E+09  ±   1.06
     2.0000E+01  0.0000E+00  0.0000E+00  ±   0.00
     6.0000E+01

       TOTAL     2.0520E+10  2.0520E+10  ±   2.61

    RELATIVE COVARIANCES (10×10)
        0     0     0     0     0     0     0     0     0     0
     1000  -256   -90   -38    -2    39     0    60     0
     1000   356   -27   -15    17    10    35     0
     1000   284    32   -44   -15   -25     0
     1000   637   -31  -167  -113     0
     1000   506  -211    78     0
     1000   302   334     0
     1000    81     0
     1000     0
        0

  SPECTRAL-AVERAGED REACTION RATES (for all cross section library reactions)

        REACTIONS        SIG-PHI      <SIG>          REACTIONS        SIG-PHI      <SIG>          REACTIONS        SIG-PHI      <SIG>  
   ------------------  ----------  ----------   ------------------  ----------  ----------   ------------------  ----------  ----------
   LI6(N,A)T           5.7549E-14  2.8045E-24   FE58(N,G)FE59       3.7840E-16  1.8440E-26   IN115(N,N')IN115M   1.8165E-15  8.8523E-26
   B10(N,A)LI7         2.2616E-13  1.1021E-23   CO59(N,2N)CO58      6.4020E-15  3.1198E-25   IN115(N,2N)IN114M   1.2511E-14  6.0970E-25
   F19(N,2N)F18        3.3072E-16  1.6117E-26   CO59(N,3N)CO57      0.0000E+00  0.0000E+00   IN115(N,G)IN116M    1.8424E-14  8.9784E-25
   NA23(N,2N)NA22      1.9129E-16  9.3221E-27   CO59(N,G)CO60       4.8116E-14  2.3448E-24   I127(N,2N)I126      1.3709E-14  6.6808E-25
   NA23(N,G)NA24       8.4187E-17  4.1026E-27   CO59(N,P)FE59       4.8738E-16  2.3751E-26   LA139(N,G)LA140     3.6535E-15  1.7804E-25
   MG24(N,P)NA24       1.7945E-15  8.7449E-26   CO59(N,A)MN56       2.9329E-16  1.4292E-26   PR141(N,2N)PR140    1.5336E-14  7.4735E-25
   AL27(N,P)MG27       7.5376E-16  3.6732E-26   NI58(N,2N)NI57      2.1207E-16  1.0335E-26   TM169(N,2N)TM168    1.8716E-14  9.1207E-25
   AL27(N,A)NA24       1.1416E-15  5.5631E-26   NI58(N,P)CO58       4.1739E-15  2.0340E-25   TM169(N,3N)TM167    2.2275E-19  1.0855E-29
   SI28(N,P)AL28       2.5566E-15  1.2459E-25   NI60(N,P)CO60       1.4084E-15  6.8635E-26   TA181(N,G)TA182     1.3291E-13  6.4771E-24
   P31(N,P)SI31        1.1015E-15  5.3679E-26   CU63(N,2N)CU62      4.1150E-15  2.0053E-25   W186(N,G)W187       3.6932E-13  1.7997E-23
   S32(N,P)P32         2.8434E-15  1.3857E-25   CU63(N,G)CU64       2.8070E-15  1.3679E-25   AU197(N,2N)AU196    2.0050E-14  9.7708E-25
   TI46(N,2N)TI45      1.7246E-16  8.4044E-27   CU63(N,A)CO60       4.3173E-16  2.1039E-26   AU197(N,G)AU198     6.9551E-14  3.3893E-24
   TI46(N,P)SC46       2.5310E-15  1.2334E-25   CU65(N,2N)CU64      8.2425E-15  4.0167E-25   HG199(N,N')HG199M   3.3242E-15  1.6199E-25
   TI47(N,P)SC47       1.3713E-15  6.6824E-26   ZN64(N,P)CU64       1.9370E-15  9.4392E-26   PB204(N,N')PB204M   8.7453E-16  4.2618E-26
   TI47(N,X)SC46       3.6982E-16  1.8022E-26   ZN67(N,P)CU67       3.2686E-16  1.5928E-26   BI209(N,3N)BI207    3.2457E-18  1.5817E-28
   TI48(N,P)SC48       5.8608E-16  2.8561E-26   AS75(N,2N)AS74      8.8679E-15  4.3215E-25   TH232(N,FISSION)    3.8731E-15  1.8874E-25
   TI48(N,X)SC47       6.5526E-17  3.1932E-27   Y89(N,2N)Y88        7.6923E-15  3.7486E-25   TH232(N,G)TH233     3.8261E-14  1.8645E-24
   TI49(N,X)SC48       3.6181E-17  1.7632E-27   ZR90(N,2N)ZR89      5.5034E-15  2.6819E-25   U235(N,FISSION)     1.1206E-13  5.4608E-24
   V51(N,A)SC48        1.4193E-16  6.9166E-27   NB93(N,G)NB94       5.0883E-15  2.4796E-25   U235(N,G)U236       5.0912E-14  2.4810E-24
   CR52(N,2N)CR51      2.4554E-15  1.1966E-25   NB93(N,N')NB93M     1.2671E-15  6.1750E-26   U238(N,2N)U237      9.4021E-15  4.5818E-25
   MN55(N,2N)MN54      6.5519E-15  3.1929E-25   NB93(N,2N)NB92M     4.3328E-15  2.1115E-25   U238(N,FISSION)     1.2771E-14  6.2236E-25
   MN55(N,G)MN56       4.5445E-15  2.2146E-25   MO92(N,P)NB92M      7.4581E-16  3.6345E-26   U238(N,G)U239       9.2636E-14  4.5144E-24
   FE54(N,2N)FE53      2.8874E-17  1.4071E-27   RH103(N,N')RH103M   7.4522E-15  3.6316E-25   NP237(N,FISSION)    2.9269E-14  1.4263E-24
   FE54(N,P)MN54       3.8225E-15  1.8628E-25   AG109(N,G)AG110M    3.0435E-15  1.4832E-25   PU239(N,FISSION)    1.2836E-13  6.2550E-24
   FE54(N,A)CR51       8.3254E-16  4.0571E-26   IN113(N,N')IN113M   1.5195E-15  7.4050E-26   AM241(N,FISSION)    3.4408E-14  1.6768E-24
   FE56(N,P)MN56       1.0713E-15  5.2206E-26   IN113(N,G)IN114M    6.0671E-14  2.9566E-24   SC45(N,G)SC46       1.4075E-15  6.8593E-26

  INPUT FLUX REL. CORRELATION MATRIX (by row from diagonal)
   1   1000  1000  1000  1000  1000  1000  1000  1000  1000  1000  1000  1000  1000  1000   717   750   776   221   289   369
        466   574   683   768   818   839   845   844   841   827   789   703   578   461   373   313   273   246   224   204
        183   160   138   116    97    81    68    58    50    45    41    38    35    34    33    32    32    32    32    33
         35    37    40    45    53    65    83   113   162   243   372   551   723   822   858   868   873   874   874   873
        863   826   720   545   375   262   195   160   146   150   175   238   405   944   942   939  1000  1000  1000  1000
       1000  1000  1000  1000  1000  1000  1000  1000  1000  1000  1000  1000  1000  1000  1000  1000  1000  1000  1000  1000
       1000  1000  1000  1000  1000  1000  1000  1000  1000  1000  1000  1000  1000  1000  1000  1000  1000  1000  1000  1000

  OUTPUT FLUX REL. CORRELATION MATRIX (by row from diagonal)
   1   1000  1000  1000  1000  1000  1000  1000  1000  1000  1000  1000  1000  1000  1000   365   400   433    -7    20    60
        119   201   306   415   494   531   543   540   535   508   443   328   203   114    58    25     5    -6   -14   -20
        -26   -32   -37   -42   -44   -45   -44   -42   -39   -35   -31   -28   -25   -23   -22   -23   -24   -27   -32   -38
        -45   -54   -63   -73   -82   -90   -95   -95   -83   -52    14   139   318   477   551   573   583   582   576   565
        528   428   223     0  -157  -257  -328  -384  -432  -470  -497  -503  -446   675   664   648  1000  1000  1000  1000
       1000  1000  1000  1000  1000  1000  1000  1000  1000  1000  1000  1000  1000  1000  1000  1000  1000  1000  1000  1000
       1000  1000  1000  1000  1000  1000  1000  1000  1000  1000  1000  1000  1000  1000  1000  1000  1000  1000  1000  1000
   2   1000  1000  1000  1000  1000  1000  1000  1000  1000  1000  1000  1000  1000   365   400   433    -7    20    60   119
        201   306   415   494   531   543   540   535   508   443   328   203   114    58    25     5    -6   -14   -20   -26
        -32   -37   -42   -44   -45   -44   -42   -39   -35   -31   -28   -25   -23   -22   -23   -24   -27   -32   -38   -45
        -54   -63   -73   -82   -90   -95   -95   -83   -52    14   139   318   477   551   573   583   582   576   565   528
        428   223     0  -157  -257  -328  -384  -432  -470  -497  -503  -446   675   664   648  1000  1000  1000  1000  1000
       1000  1000  1000  1000  1000  1000  1000  1000  1000  1000  1000  1000  1000  1000  1000  1000  1000  1000  1000  1000
       1000  1000  1000  1000  1000  1000  1000  1000  1000  1000  1000  1000  1000  1000  1000  1000  1000  1000  1000
   3   1000  1000  1000  1000  1000  1000  1000  1000  1000  1000  1000  1000   365   400   433    -7    20    60   119   201
        306   415   494   531   543   540   535   508   443   328   203   114    58    25     5    -6   -14   -20   -26   -32
        -37   -42   -44   -45   -44   -42   -39   -35   -31   -28   -25   -23   -22   -23   -24   -27   -32   -38   -45   -54
        -63   -73   -82   -90   -95   -95   -83   -52    14   139   318   477   551   573   583   582   576   565   528   428
        223     0  -157  -257  -328  -384  -432  -470  -497  -503  -446   675   664   648  1000  1000  1000  1000  1000  1000
       1000  1000  1000  1000  1000  1000  1000  1000  1000  1000  1000  1000  1000  1000  1000  1000  1000  1000  1000  1000
       1000  1000  1000  1000  1000  1000  1000  1000  1000  1000  1000  1000  1000  1000  1000  1000  1000  1000
   4   1000  1000  1000  1000  1000  1000  1000  1000  1000  1000  1000   365   400   433    -7    20    60   119   201   306
        415   494   531   543   540   535   508   443   328   203   114    58    25     5    -6   -14   -20   -26   -32   -37
        -42   -44   -45   -44   -42   -39   -35   -31   -28   -25   -23   -22   -23   -24   -27   -32   -38   -45   -54   -63
        -73   -82   -90   -95   -95   -83   -52    14   139   318   477   551   573   583   582   576   565   528   428   223
          0  -157  -257  -328  -384  -432  -470  -497  -503  -446   675   664   648  1000  1000  1000  1000  1000  1000  1000
       1000  1000  1000  1000  1000  1000  1000  1000  1000  1000  1000  1000  1000  1000  1000  1000  1000  1000  1000  1000
       1000  1000  1000  1000  1000  1000  1000  1000  1000  1000  1000  1000  1000  1000  1000  1000  1000
   5   1000  1000  1000  1000  1000  1000  1000  1000  1000  1000   365   400   433    -7    20    60   119   201   306   415
        494   531   543   540   535   508   443   328   203   114    58    25     5    -6   -14   -20   -26   -32   -37   -42
        -44   -45   -44   -42   -39   -35   -31   -28   -25   -23   -22   -23   -24   -27   -32   -38   -45   -54   -63   -73
        -82   -90   -95   -95   -83   -52    14   139   318   477   551   573   583   582   576   565   528   428   223     0
       -157  -257  -328  -384  -432  -470  -497  -503  -446   675   664   648  1000  1000  1000  1000  1000  1000  1000  1000
       1000  1000  1000  1000  1000  1000  1000  1000  1000  1000  1000  1000  1000  1000  1000  1000  1000  1000  1000  1000
       1000  1000  1000  1000  1000  1000  1000  1000  1000  1000  1000  1000  1000  1000  1000  1000
   6   1000  1000  1000  1000  1000  1000  1000  1000  1000   365   400   433    -7    20    60   119   201   306   415   494
        531   543   540   535   508   443   328   203   114    58    25     5    -6   -14   -20   -26   -32   -37   -42   -44
        -45   -44   -42   -39   -35   -31   -28   -25   -23   -22   -23   -24   -27   -32   -38   -45   -54   -63   -73   -82
        -90   -95   -95   -83   -52    14   139   318   477   551   573   583   582   576   565   528   428   223     0  -157
       -257  -328  -384  -432  -470  -497  -503  -446   675   664   648  1000  1000  1000  1000  1000  1000  1000  1000  1000
       1000  1000  1000  1000  1000  1000  1000  1000  1000  1000  1000  1000  1000  1000  1000  1000  1000  1000  1000  1000
       1000  1000  1000  1000  1000  1000  1000  1000  1000  1000  1000  1000  1000  1000  1000
   7   1000  1000  1000  1000  1000  1000  1000  1000   365   400   433    -7    20    60   119   201   306   415   494   531
        543   540   535   508   443   328   203   114    58    25     5    -6   -14   -20   -26   -32   -37   -42   -44   -45
        -44   -42   -39   -35   -31   -28   -25   -23   -22   -23   -24   -27   -32   -38   -45   -54   -63   -73   -82   -90
        -95   -95   -83   -52    14   139   318   477   551   573   583   582   576   565   528   428   223     0  -157  -257
       -328  -384  -432  -470  -497  -503  -446   675   664   648  1000  1000  1000  1000  1000  1000  1000  1000  1000  1000
       1000  1000  1000  1000  1000  1000  1000  1000  1000  1000  1000  1000  1000  1000  1000  1000  1000  1000  1000  1000
       1000  1000  1000  1000  1000  1000  1000  1000  1000  1000  1000  1000  1000  1000
   8   1000  1000  1000  1000  1000  1000  1000   365   400   433    -7    20    60   119   201   306   415   494   531   543
        540   535   508   443   328   203   114    58    25     5    -6   -14   -20   -26   -32   -37   -42   -44   -45   -44
        -42   -39   -35   -31   -28   -25   -23   -22   -23   -24   -27   -32   -38   -45   -54   -63   -73   -82   -90   -95
        -95   -83   -52    14   139   318   477   551   573   583   582   576   565   528   428   223     0  -157  -257  -328
       -384  -432  -470  -497  -503  -446   675   664   648  1000  1000  1000  1000  1000  1000  1000  1000  1000  1000  1000
       1000  1000  1000  1000  1000  1000  1000  1000  1000  1000  1000  1000  1000  1000  1000  1000  1000  1000  1000  1000
       1000  1000  1000  1000  1000  1000  1000  1000  1000  1000  1000  1000  1000
   9   1000  1000  1000  1000  1000  1000   365   400   433    -7    20    60   119   201   306   415   494   531   543   540
        535   508   443   328   203   114    58    25     5    -6   -14   -20   -26   -32   -37   -42   -44   -45   -44   -42
        -39   -35   -31   -28   -25   -23   -22   -23   -24   -27   -32   -38   -45   -54   -63   -73   -82   -90   -95   -95
        -83   -52    14   139   318   477   551   573   583   582   576   565   528   428   223     0  -157  -257  -328  -384
       -432  -470  -497  -503  -446   675   664   648  1000  1000  1000  1000  1000  1000  1000  1000  1000  1000  1000  1000
       1000  1000  1000  1000  1000  1000  1000  1000  1000  1000  1000  1000  1000  1000  1000  1000  1000  1000  1000  1000
       1000  1000  1000  1000  1000  1000  1000  1000  1000  1000  1000  1000
  10   1000  1000  1000  1000  1000   365   400   433    -7    20    60   119   201   306   415   494   531   543   540   535
        508   443   328   203   114    58    25     5    -6   -14   -20   -26   -32   -37   -42   -44   -45   -44   -42   -39
        -35   -31   -28   -25   -23   -22   -23   -24   -27   -32   -38   -45   -54   -63   -73   -82   -90   -95   -95   -83
        -52    14   139   318   477   551   573   583   582   576   565   528   428   223     0  -157  -257  -328  -384  -432
       -470  -497  -503  -446   675   664   648  1000  1000  1000  1000  1000  1000  1000  1000  1000  1000  1000  1000  1000
       1000  1000  1000  1000  1000  1000  1000  1000  1000  1000  1000  1000  1000  1000  1000  1000  1000  1000  1000  1000
       1000  1000  1000  1000  1000  1000  1000  1000  1000  1000  1000
  11   1000  1000  1000  1000   365   400   433    -7    20    60   119   201   306   415   494   531   543   540   535   508
        443   328   203   114    58    25     5    -6   -14   -20   -26   -32   -37   -42   -44   -45   -44   -42   -39   -35
        -31   -28   -25   -23   -22   -23   -24   -27   -32   -38   -45   -54   -63   -73   -82   -90   -95   -95   -83   -52
         14   139   318   477   551   573   583   582   576   565   528   428   223     0  -157  -257  -328  -384  -432  -470
       -497  -503  -446   675   664   648  1000  1000  1000  1000  1000  1000  1000  1000  1000  1000  1000  1000  1000  1000
       1000  1000  1000  1000  1000  1000  1000  1000  1000  1000  1000  1000  1000  1000  1000  1000  1000  1000  1000  1000
       1000  1000  1000  1000  1000  1000  1000  1000  1000  1000
  12   1000  1000  1000   365   400   433    -7    20    60   119   201   306   415   494   531   543   540   535   508   443
        328   203   114    58    25     5    -6   -14   -20   -26   -32   -37   -42   -44   -45   -44   -42   -39   -35   -31
        -28   -25   -23   -22   -23   -24   -27   -32   -38   -45   -54   -63   -73   -82   -90   -95   -95   -83   -52    14
        139   318   477   551   573   583   582   576   565   528   428   223     0  -157  -257  -328  -384  -432  -470  -497
       -503  -446   675   664   648  1000  1000  1000  1000  1000  1000  1000  1000  1000  1000  1000  1000  1000  1000  1000
       1000  1000  1000  1000  1000  1000  1000  1000  1000  1000  1000  1000  1000  1000  1000  1000  1000  1000  1000  1000
       1000  1000  1000  1000  1000  1000  1000  1000  1000
  13   1000  1000   365   400   433    -7    20    60   119   201   306   415   494   531   543   540   535   508   443   328
        203   114    58    25     5    -6   -14   -20   -26   -32   -37   -42   -44   -45   -44   -42   -39   -35   -31   -28
        -25   -23   -22   -23   -24   -27   -32   -38   -45   -54   -63   -73   -82   -90   -95   -95   -83   -52    14   139
        318   477   551   573   583   582   576   565   528   428   223     0  -157  -257  -328  -384  -432  -470  -497  -503
       -446   675   664   648  1000  1000  1000  1000  1000  1000  1000  1000  1000  1000  1000  1000  1000  1000  1000  1000
       1000  1000  1000  1000  1000  1000  1000  1000  1000  1000  1000  1000  1000  1000  1000  1000  1000  1000  1000  1000
       1000  1000  1000  1000  1000  1000  1000  1000
  14   1000   365   400   433    -7    20    60   119   201   306   415   494   531   543   540   535   508   443   328   203
        114    58    25     5    -6   -14   -20   -26   -32   -37   -42   -44   -45   -44   -42   -39   -35   -31   -28   -25
        -23   -22   -23   -24   -27   -32   -38   -45   -54   -63   -73   -82   -90   -95   -95   -83   -52    14   139   318
        477   551   573   583   582   576   565   528   428   223     0  -157  -257  -328  -384  -432  -470  -497  -503  -446
        675   664   648  1000  1000  1000  1000  1000  1000  1000  1000  1000  1000  1000  1000  1000  1000  1000  1000  1000
       1000  1000  1000  1000  1000  1000  1000  1000  1000  1000  1000  1000  1000  1000  1000  1000  1000  1000  1000  1000
       1000  1000  1000  1000  1000  1000  1000
  15   1000   988   953   820   750   668   582   498   424   360   303   251   203   160   125    89    42   -21   -83  -126
       -153  -169  -179  -184  -186  -185  -183  -180  -174  -167  -159  -149  -138  -126  -114  -102   -91   -80   -71   -62
        -55   -49   -45   -42   -41   -40   -41   -43   -45   -48   -51   -54   -55   -53   -48   -35    -9    37   106   166
        196   206   211   213   212   209   197   162    89     8   -48   -84  -109  -130  -146  -160  -170  -172  -150   256
        252   245   365   365   365   365   365   365   365   365   365   365   365   365   365   365   365   365   365   365
        365   365   365   365   365   365   365   365   365   365   365   365   365   365   365   365   365   365   365   365
        365   365   365   365   365   365
  16   1000   988   863   813   746   670   590   514   444   378   315   256   203   159   114    58   -15   -86  -136  -168
       -187  -198  -204  -207  -206  -204  -200  -194  -186  -176  -165  -153  -140  -126  -113  -101   -89   -78   -69   -61
        -55   -50   -47   -45   -45   -46   -47   -50   -53   -56   -59   -60   -59   -53   -39   -10    41   116   182   215
        226   232   233   233   230   217   178    97     9   -52   -92  -120  -142  -161  -176  -186  -188  -165   281   276
        269   400   400   400   400   400   400   400   400   400   400   400   400   400   400   400   400   400   400   400
        400   400   400   400   400   400   400   400   400   400   400   400   400   400   400   400   400   400   400   400
        400   400   400   400   400
  17   1000   885   859   812   751   680   608   534   461   389   320   256   202   147    81    -3   -84  -142  -179  -202
       -215  -222  -225  -225  -223  -218  -211  -203  -192  -180  -166  -152  -138  -123  -110   -97   -85   -75   -67   -60
        -54   -51   -49   -49   -49   -51   -54   -58   -61   -64   -65   -64   -57   -42   -11    44   125   197   232   244
        251   252   252   248   234   193   105    10   -56   -99  -130  -153  -173  -190  -201  -203  -178   304   299   291
        433   433   433   433   433   433   433   433   433   433   433   433   433   433   433   433   433   433   433   433
        433   433   433   433   433   433   433   433   433   433   433   433   433   433   433   433   433   433   433   433
        433   433   433   433
  18   1000   985   939   862   756   628   489   360   251   156    75     5   -54  -107  -154  -192  -220  -239  -252  -260
       -264  -264  -261  -255  -246  -235  -222  -208  -193  -177  -161  -145  -130  -115  -101   -89   -78   -68   -59   -52
        -46   -42   -38   -35   -33   -32   -30   -29   -28   -27   -26   -24   -23   -21   -19   -16   -13   -11    -8    -5
         -3    -1     0     3     5     9    12    15    16    17    18    19    20    20    21    21     9     8     8    -7
         -7    -7    -7    -7    -7    -7    -7    -7    -7    -7    -7    -7    -7    -7    -7    -7    -7    -7    -7    -7
         -7    -7    -7    -7    -7    -7    -7    -7    -7    -7    -7    -7    -7    -7    -7    -7    -7    -7    -7    -7
         -7    -7    -7
  19   1000   984   934   851   736   603   472   356   253   160    77     4   -61  -122  -174  -213  -241  -260  -272  -279
       -281  -278  -273  -264  -252  -239  -224  -207  -190  -173  -156  -139  -123  -109   -95   -84   -73   -64   -56   -50
        -45   -42   -39   -37   -35   -34   -34   -33   -32   -30   -28   -25   -21   -16    -8    -1     3     7    10    13
         15    17    18    18    16    13    11    10     9     9     8     8     8     8    10    29    28    27    20    20
         20    20    20    20    20    20    20    20    20    20    20    20    20    20    20    20    20    20    20    20
         20    20    20    20    20    20    20    20    20    20    20    20    20    20    20    20    20    20    20    20
         20    20
  20   1000   982   928   837   718   592   475   367   266   172    86     7   -69  -137  -191  -230  -258  -276  -287  -291
       -291  -286  -277  -266  -252  -236  -219  -201  -183  -164  -147  -130  -115  -101   -88   -77   -68   -60   -53   -49
        -45   -42   -40   -39   -39   -38   -37   -37   -35   -32   -28   -22   -11     4    17    26    30    34    36    38
         40    40    36    26    14     6     0    -2    -5    -7    -9   -10   -10    -6    57    56    54    60    60    60
         60    60    60    60    60    60    60    60    60    60    60    60    60    60    60    60    60    60    60    60
         60    60    60    60    60    60    60    60    60    60    60    60    60    60    60    60    60    60    60    60
         60
  21   1000   981   921   825   714   604   497   392   290   193   100     7   -80  -151  -204  -242  -269  -285  -294  -296
       -293  -285  -274  -260  -244  -227  -208  -189  -171  -152  -135  -119  -105   -92   -80   -71   -63   -56   -51   -48
        -46   -44   -44   -43   -43   -43   -43   -41   -38   -32   -21    -2    22    46    58    64    68    71    72    73
         71    61    39    15    -2   -13   -21   -27   -32   -36   -39   -39   -31    97    96    93   119   119   119   119
        119   119   119   119   119   119   119   119   119   119   119   119   119   119   119   119   119   119   119   119
        119   119   119   119   119   119   119   119   119   119   119   119   119   119   119   119   119   119   119   119
  22   1000   979   916   829   735   636   533   428   324   219   108     0   -90  -159  -211  -247  -271  -285  -292  -291
       -286  -276  -263  -248  -230  -212  -193  -174  -155  -138  -121  -107   -93   -82   -72   -64   -58   -54   -51   -49
        -48   -48   -49   -50   -50   -50   -48   -44   -35   -19     8    49    85   103   111   116   118   119   119   114
         96    58    15   -15   -34   -48   -58   -67   -74   -79   -80   -67   153   150   146   201   201   201   201   201
        201   201   201   201   201   201   201   201   201   201   201   201   201   201   201   201   201   201   201   201
        201   201   201   201   201   201   201   201   201   201   201   201   201   201   201   201   201   201   201
  23   1000   979   925   854   770   677   576   471   358   230   101    -9   -96  -161  -209  -242  -264  -276  -280  -277
       -270  -259  -245  -228  -210  -192  -173  -155  -137  -121  -106   -93   -82   -73   -65   -60   -56   -53   -52   -53
        -54   -55   -57   -58   -59   -57   -52   -40   -17    24    83   136   162   172   178   180   180   179   170   141
         81    14   -32   -62   -83   -99  -113  -124  -132  -133  -114   224   220   214   306   306   306   306   306   306
        306   306   306   306   306   306   306   306   306   306   306   306   306   306   306   306   306   306   306   306
        306   306   306   306   306   306   306   306   306   306   306   306   306   306   306   306   306   306
  24   1000   983   940   879   802   712   612   496   358   212    84   -17   -97  -157  -200  -230  -248  -257  -260  -256
       -248  -236  -221  -204  -186  -168  -150  -133  -118  -104   -91   -80   -71   -65   -60   -56   -55   -55   -56   -59
        -61   -64   -66   -67   -65   -59   -44   -14    40   119   189   223   235   241   243   243   240   227   188   105
         14   -49   -90  -119  -142  -161  -176  -187  -188  -164   297   292   284   415   415   415   415   415   415   415
        415   415   415   415   415   415   415   415   415   415   415   415   415   415   415   415   415   415   415   415
        415   415   415   415   415   415   415   415   415   415   415   415   415   415   415   415   415
  25   1000   987   950   893   819   729   618   477   322   182    67   -24   -95  -148  -187  -213  -229  -237  -237  -232
       -223  -210  -195  -178  -161  -144  -128  -113  -100   -88   -78   -69   -63   -59   -56   -55   -56   -58   -61   -65
        -68   -71   -73   -71   -63   -46   -11    53   145   227   267   280   288   289   288   285   269   221   122    13
        -63  -112  -146  -173  -196  -214  -227  -229  -200   350   344   335   494   494   494   494   494   494   494   494
        494   494   494   494   494   494   494   494   494   494   494   494   494   494   494   494   494   494   494   494
        494   494   494   494   494   494   494   494   494   494   494   494   494   494   494   494
  26   1000   988   953   897   821   721   585   428   282   158    55   -26   -91  -139  -175  -198  -212  -218  -217  -210
       -200  -187  -171  -155  -139  -124  -109   -96   -85   -75   -67   -61   -57   -55   -55   -56   -59   -62   -66   -70
        -73   -75   -73   -65   -47    -9    59   158   246   288   302   309   311   310   305   288   237   129    12   -69
       -122  -159  -188  -213  -232  -246  -249  -217   374   368   359   531   531   531   531   531   531   531   531   531
        531   531   531   531   531   531   531   531   531   531   531   531   531   531   531   531   531   531   531   531
        531   531   531   531   531   531   531   531   531   531   531   531   531   531   531
  27   1000   988   953   896   811   686   535   387   257   145    51   -24   -84  -130  -163  -185  -197  -201  -198  -190
       -179  -165  -150  -135  -120  -107   -94   -83   -73   -66   -60   -56   -54   -54   -55   -58   -62   -66   -70   -73
        -75   -73   -65   -46    -8    61   162   252   295   309   316   318   317   312   294   241   132    12   -71  -125
       -163  -193  -218  -238  -252  -255  -223   382   376   366   543   543   543   543   543   543   543   543   543   543
        543   543   543   543   543   543   543   543   543   543   543   543   543   543   543   543   543   543   543   543
        543   543   543   543   543   543   543   543   543   543   543   543   543   543
  28   1000   988   952   887   780   640   497   363   245   141    53   -18   -76  -120  -151  -171  -182  -184  -180  -171
       -160  -146  -132  -118  -104   -92   -81   -72   -65   -59   -55   -54   -53   -55   -57   -61   -65   -69   -72   -74
        -72   -64   -46    -8    61   162   250   293   307   315   316   315   310   292   240   131    12   -71  -125  -162
       -192  -217  -237  -251  -253  -222   380   373   364   540   540   540   540   540   540   540   540   540   540   540
        540   540   540   540   540   540   540   540   540   540   540   540   540   540   540   540   540   540   540   540
        540   540   540   540   540   540   540   540   540   540   540   540   540
  29   1000   987   945   861   738   604   473   352   241   143    58   -11   -67  -110  -140  -158  -166  -167  -162  -153
       -141  -129  -115  -102   -91   -80   -71   -64   -58   -55   -53   -53   -54   -57   -60   -64   -68   -71   -73   -71
        -64   -45    -7    61   160   248   290   304   312   313   312   307   289   238   130    12   -70  -123  -161  -190
       -215  -235  -249  -251  -219   376   370   360   535   535   535   535   535   535   535   535   535   535   535   535
        535   535   535   535   535   535   535   535   535   535   535   535   535   535   535   535   535   535   535   535
        535   535   535   535   535   535   535   535   535   535   535   535
  30   1000   985   928   829   711   588   468   352   245   149    65    -3   -59  -100  -128  -145  -152  -152  -146  -137
       -126  -114  -102   -90   -80   -71   -64   -58   -54   -52   -52   -53   -55   -59   -62   -66   -69   -71   -69   -62
        -44    -8    57   151   235   275   289   296   298   296   292   275   226   124    12   -66  -116  -152  -180  -203
       -222  -235  -237  -207   358   352   343   508   508   508   508   508   508   508   508   508   508   508   508   508
        508   508   508   508   508   508   508   508   508   508   508   508   508   508   508   508   508   508   508   508
        508   508   508   508   508   508   508   508   508   508   508
  31   1000   978   912   818   710   596   480   366   258   161    76     6   -49   -89  -116  -132  -138  -137  -132  -123
       -112  -101   -90   -80   -71   -64   -58   -54   -52   -51   -51   -53   -56   -59   -62   -64   -66   -64   -57   -41
        -10    47   130   204   240   252   258   260   259   256   241   199   110    12   -55   -99  -130  -154  -175  -191
       -202  -204  -178   315   310   302   443   443   443   443   443   443   443   443   443   443   443   443   443   443
        443   443   443   443   443   443   443   443   443   443   443   443   443   443   443   443   443   443   443   443
        443   443   443   443   443   443   443   443   443   443
  32   1000   977   917   833   732   621   505   389   278   178    91    20   -35   -75  -102  -117  -123  -123  -118  -110
       -100   -90   -80   -72   -64   -58   -53   -50   -49   -48   -49   -50   -52   -54   -56   -56   -54   -49   -37   -13
         30    93   148   175   185   191   193   193   191   181   150    85    13   -36   -69   -91  -109  -124  -136  -144
       -145  -126   237   233   227   328   328   328   328   328   328   328   328   328   328   328   328   328   328   328
        328   328   328   328   328   328   328   328   328   328   328   328   328   328   328   328   328   328   328   328
        328   328   328   328   328   328   328   328   328
  33   1000   980   928   850   753   643   525   408   296   194   107    35   -19   -59   -85  -100  -107  -107  -103   -96
        -88   -79   -71   -63   -57   -52   -48   -46   -44   -44   -44   -45   -45   -46   -46   -44   -40   -32   -16    12
         52    88   106   114   118   120   121   121   115    97    57    14   -16   -36   -50   -61   -70   -77   -82   -82
        -69   154   151   147   203   203   203   203   203   203   203   203   203   203   203   203   203   203   203   203
        203   203   203   203   203   203   203   203   203   203   203   203   203   203   203   203   203   203   203   203
        203   203   203   203   203   203   203   203
  34   1000   983   934   859   764   654   537   419   308   207   121    50    -3   -42   -68   -83   -90   -91   -88   -83
        -76   -69   -62   -56   -50   -46   -43   -41   -40   -40   -39   -39   -39   -38   -37   -34   -28   -18     0    23
         45    57    62    66    68    70    70    68    59    38    14    -2   -13   -20   -26   -31   -35   -37   -37   -30
         94    92    89   114   114   114   114   114   114   114   114   114   114   114   114   114   114   114   114   114
        114   114   114   114   114   114   114   114   114   114   114   114   114   114   114   114   114   114   114   114
        114   114   114   114   114   114   114
  35   1000   984   937   863   768   659   543   426   316   218   133    65    12   -26   -52   -67   -75   -77   -75   -71
        -66   -60   -54   -49   -45   -42   -40   -38   -37   -36   -36   -35   -34   -33   -30   -26   -20    -9     4    18
         26    30    33    35    37    39    39    35    25    14     6     1    -2    -4    -6    -8    -9    -9    -5    56
         55    53    58    58    58    58    58    58    58    58    58    58    58    58    58    58    58    58    58    58
         58    58    58    58    58    58    58    58    58    58    58    58    58    58    58    58    58    58    58    58
         58    58    58    58    58    58
  36   1000   984   938   865   771   663   547   433   325   228   145    78    26   -11   -37   -53   -61   -65   -64   -61
        -57   -52   -48   -44   -41   -39   -37   -36   -35   -34   -33   -32   -30   -28   -25   -21   -15    -6     1     7
         10    13    16    18    20    21    21    18    14    11     9     8     8     7     7     6     7     9    33    32
         31    25    25    25    25    25    25    25    25    25    25    25    25    25    25    25    25    25    25    25
         25    25    25    25    25    25    25    25    25    25    25    25    25    25    25    25    25    25    25    25
         25    25    25    25    25
  37   1000   984   938   866   773   665   552   439   333   239   158    92    41     3   -22   -39   -49   -53   -54   -52
        -50   -46   -43   -41   -38   -36   -35   -34   -33   -32   -31   -29   -27   -25   -22   -18   -13    -8    -4    -1
          1     4     6     8    10    12    13    14    14    15    15    15    15    16    16    17    18    20    19    18
          5     5     5     5     5     5     5     5     5     5     5     5     5     5     5     5     5     5     5     5
          5     5     5     5     5     5     5     5     5     5     5     5     5     5     5     5     5     5     5     5
          5     5     5     5
  38   1000   984   939   867   775   669   557   447   343   250   171   106    55    17    -9   -26   -37   -43   -45   -45
        -43   -41   -39   -38   -36   -35   -34   -33   -32   -30   -29   -27   -25   -23   -20   -17   -14   -11    -8    -5
         -2     0     2     4     7    11    14    16    17    19    20    20    21    22    22    23    11    11    10    -6
         -6    -6    -6    -6    -6    -6    -6    -6    -6    -6    -6    -6    -6    -6    -6    -6    -6    -6    -6    -6
         -6    -6    -6    -6    -6    -6    -6    -6    -6    -6    -6    -6    -6    -6    -6    -6    -6    -6    -6    -6
         -6    -6    -6
  39   1000   984   939   868   777   673   564   456   354   263   185   120    70    31     3   -15   -27   -34   -37   -38
        -38   -37   -36   -35   -34   -33   -32   -31   -30   -29   -27   -25   -23   -22   -20   -18   -15   -13   -10    -7
         -4    -2     0     3     9    14    17    19    21    22    24    25    25    26    26     5     5     4   -14   -14
        -14   -14   -14   -14   -14   -14   -14   -14   -14   -14   -14   -14   -14   -14   -14   -14   -14   -14   -14   -14
        -14   -14   -14   -14   -14   -14   -14   -14   -14   -14   -14   -14   -14   -14   -14   -14   -14   -14   -14   -14
        -14   -14
  40   1000   985   940   870   780   679   571   465   366   276   199   135    84    44    16    -4   -17   -25   -30   -33
        -34   -34   -33   -33   -32   -32   -31   -30   -28   -27   -25   -24   -23   -23   -21   -19   -16   -14   -11    -8
         -6    -3     0     7    13    18    21    23    24    26    27    28    29    28     1     0     0   -20   -20   -20
        -20   -20   -20   -20   -20   -20   -20   -20   -20   -20   -20   -20   -20   -20   -20   -20   -20   -20   -20   -20
        -20   -20   -20   -20   -20   -20   -20   -20   -20   -20   -20   -20   -20   -20   -20   -20   -20   -20   -20   -20
        -20
  41   1000   985   941   872   784   685   580   476   378   289   213   148    97    57    27     5    -8   -18   -24   -28
        -30   -31   -31   -31   -30   -30   -29   -28   -26   -25   -24   -24   -25   -24   -22   -20   -17   -14   -12    -9
         -6    -1     5    13    18    22    24    26    28    29    30    31    30    -3    -3    -4   -26   -26   -26   -26
        -26   -26   -26   -26   -26   -26   -26   -26   -26   -26   -26   -26   -26   -26   -26   -26   -26   -26   -26   -26
        -26   -26   -26   -26   -26   -26   -26   -26   -26   -26   -26   -26   -26   -26   -26   -26   -26   -26   -26   -26
  42   1000   985   942   874   789   691   589   487   390   302   226   161   109    68    37    14    -1   -12   -19   -24
        -26   -28   -29   -29   -28   -27   -26   -25   -24   -24   -25   -26   -27   -26   -23   -21   -18   -15   -13   -10
         -4     4    13    19    23    25    28    30    31    33    33    32    -7    -8    -8   -32   -32   -32   -32   -32
        -32   -32   -32   -32   -32   -32   -32   -32   -32   -32   -32   -32   -32   -32   -32   -32   -32   -32   -32   -32
        -32   -32   -32   -32   -32   -32   -32   -32   -32   -32   -32   -32   -32   -32   -32   -32   -32   -32   -32
  43   1000   985   943   877   794   698   598   497   402   315   238   173   120    78    46    22     4    -7   -15   -20
        -23   -25   -26   -26   -26   -25   -24   -23   -23   -25   -28   -29   -29   -26   -24   -21   -19   -16   -13    -7
          2    12    19    23    27    29    31    33    34    35    33   -12   -12   -12   -37   -37   -37   -37   -37   -37
        -37   -37   -37   -37   -37   -37   -37   -37   -37   -37   -37   -37   -37   -37   -37   -37   -37   -37   -37   -37
        -37   -37   -37   -37   -37   -37   -37   -37   -37   -37   -37   -37   -37   -37   -37   -37   -37   -37
  44   1000   986   944   880   799   705   606   507   412   326   249   183   129    86    53    28    10    -2   -11   -17
        -20   -22   -23   -23   -23   -22   -22   -22   -25   -29   -31   -31   -29   -26   -24   -21   -19   -16    -9     0
         11    19    24    27    30    32    34    36    36    34   -15   -15   -16   -42   -42   -42   -42   -42   -42   -42
        -42   -42   -42   -42   -42   -42   -42   -42   -42   -42   -42   -42   -42   -42   -42   -42   -42   -42   -42   -42
        -42   -42   -42   -42   -42   -42   -42   -42   -42   -42   -42   -42   -42   -42   -42   -42   -42
  45   1000   986   946   883   803   711   614   516   422   335   258   192   137    93    59    33    14     1    -7   -13
        -17   -19   -20   -20   -20   -20   -21   -24   -29   -32   -32   -30   -28   -26   -23   -21   -18   -11     0    10
         18    23    27    30    32    34    36    36    34   -18   -18   -18   -44   -44   -44   -44   -44   -44   -44   -44
        -44   -44   -44   -44   -44   -44   -44   -44   -44   -44   -44   -44   -44   -44   -44   -44   -44   -44   -44   -44
        -44   -44   -44   -44   -44   -44   -44   -44   -44   -44   -44   -44   -44   -44   -44   -44
  46   1000   986   947   886   807   717   620   523   429   343   265   199   144    99    64    38    18     4    -4   -10
        -14   -17   -18   -18   -19   -20   -23   -28   -32   -32   -30   -28   -26   -24   -22   -19   -12    -1     9    17
         22    26    29    32    34    35    36    33   -19   -19   -19   -45   -45   -45   -45   -45   -45   -45   -45   -45
        -45   -45   -45   -45   -45   -45   -45   -45   -45   -45   -45   -45   -45   -45   -45   -45   -45   -45   -45   -45
        -45   -45   -45   -45   -45   -45   -45   -45   -45   -45   -45   -45   -45   -45   -45
  47   1000   987   948   888   811   721   626   529   435   349   271   204   149   104    68    41    22     7    -1    -8
        -12   -14   -15   -17   -18   -22   -27   -31   -31   -30   -28   -26   -24   -22   -19   -13    -2     8    16    21
         25    28    30    32    33    34    32   -20   -20   -20   -44   -44   -44   -44   -44   -44   -44   -44   -44   -44
        -44   -44   -44   -44   -44   -44   -44   -44   -44   -44   -44   -44   -44   -44   -44   -44   -44   -44   -44   -44
        -44   -44   -44   -44   -44   -44   -44   -44   -44   -44   -44   -44   -44   -44
  48   1000   987   949   890   813   725   630   534   440   353   276   209   153   107    72    45    25    10     0    -5
         -9   -12   -14   -16   -20   -26   -29   -30   -29   -27   -25   -23   -21   -18   -13    -3     7    14    19    23
         25    28    30    31    31    29   -19   -19   -19   -42   -42   -42   -42   -42   -42   -42   -42   -42   -42   -42
        -42   -42   -42   -42   -42   -42   -42   -42   -42   -42   -42   -42   -42   -42   -42   -42   -42   -42   -42   -42
        -42   -42   -42   -42   -42   -42   -42   -42   -42   -42   -42   -42   -42
  49   1000   987   950   891   816   728   633   537   444   357   279   212   156   110    74    47    27    13     3    -3
         -8   -11   -14   -18   -24   -28   -28   -27   -26   -24   -22   -21   -18   -13    -3     6    12    17    20    23
         25    27    28    29    27   -18   -18   -18   -39   -39   -39   -39   -39   -39   -39   -39   -39   -39   -39   -39
        -39   -39   -39   -39   -39   -39   -39   -39   -39   -39   -39   -39   -39   -39   -39   -39   -39   -39   -39   -39
        -39   -39   -39   -39   -39   -39   -39   -39   -39   -39   -39   -39
  50   1000   987   951   892   817   730   636   540   446   360   282   215   158   113    77    49    29    14     4    -2
         -7   -12   -16   -22   -26   -27   -26   -24   -23   -21   -20   -17   -13    -4     4    10    14    17    20    22
         24    25    25    24   -17   -17   -17   -35   -35   -35   -35   -35   -35   -35   -35   -35   -35   -35   -35   -35
        -35   -35   -35   -35   -35   -35   -35   -35   -35   -35   -35   -35   -35   -35   -35   -35   -35   -35   -35   -35
        -35   -35   -35   -35   -35   -35   -35   -35   -35   -35   -35
  51   1000   987   951   893   818   731   637   542   449   362   284   217   161   115    79    51    31    16     5    -2
         -8   -14   -20   -24   -25   -25   -24   -22   -21   -19   -17   -13    -6     2     7    11    14    16    18    20
         21    22    21   -16   -16   -15   -31   -31   -31   -31   -31   -31   -31   -31   -31   -31   -31   -31   -31   -31
        -31   -31   -31   -31   -31   -31   -31   -31   -31   -31   -31   -31   -31   -31   -31   -31   -31   -31   -31   -31
        -31   -31   -31   -31   -31   -31   -31   -31   -31   -31
  52   1000   988   951   894   819   732   639   543   450   364   286   219   162   116    80    52    31    16     4    -3
        -11   -18   -23   -24   -24   -23   -22   -21   -20   -18   -14    -8     0     4     8    11    13    15    17    18
         19    17   -15   -14   -14   -28   -28   -28   -28   -28   -28   -28   -28   -28   -28   -28   -28   -28   -28   -28
        -28   -28   -28   -28   -28   -28   -28   -28   -28   -28   -28   -28   -28   -28   -28   -28   -28   -28   -28   -28
        -28   -28   -28   -28   -28   -28   -28   -28   -28
  53   1000   988   951   894   820   733   640   544   452   365   288   220   164   117    81    52    31    14     2    -7
        -16   -22   -24   -24   -24   -23   -22   -21   -19   -16   -10    -4     0     4     7     9    11    13    14    15
         14   -14   -14   -13   -25   -25   -25   -25   -25   -25   -25   -25   -25   -25   -25   -25   -25   -25   -25   -25
        -25   -25   -25   -25   -25   -25   -25   -25   -25   -25   -25   -25   -25   -25   -25   -25   -25   -25   -25   -25
        -25   -25   -25   -25   -25   -25   -25   -25
  54   1000   988   952   895   820   734   641   546   453   367   289   221   164   117    80    51    28    11    -2   -14
        -21   -24   -26   -26   -25   -25   -24   -22   -20   -14    -8    -3     0     2     5     7     9    11    12    11
        -15   -14   -13   -23   -23   -23   -23   -23   -23   -23   -23   -23   -23   -23   -23   -23   -23   -23   -23   -23
        -23   -23   -23   -23   -23   -23   -23   -23   -23   -23   -23   -23   -23   -23   -23   -23   -23   -23   -23   -23
        -23   -23   -23   -23   -23   -23   -23
  55   1000   988   952   895   821   735   642   547   454   368   290   221   164   116    78    47    23     4   -11   -21
        -26   -28   -29   -29   -29   -28   -27   -24   -20   -14    -8    -5    -1     0     3     5     7     9     8   -16
        -15   -14   -22   -22   -22   -22   -22   -22   -22   -22   -22   -22   -22   -22   -22   -22   -22   -22   -22   -22
        -22   -22   -22   -22   -22   -22   -22   -22   -22   -22   -22   -22   -22   -22   -22   -22   -22   -22   -22   -22
        -22   -22   -22   -22   -22   -22
  56   1000   988   952   895   821   735   642   547   455   368   289   220   161   112    73    40    14    -6   -20   -27
        -32   -34   -35   -35   -34   -33   -31   -27   -21   -15   -11    -7    -4    -1     1     4     5     5   -18   -17
        -15   -23   -23   -23   -23   -23   -23   -23   -23   -23   -23   -23   -23   -23   -23   -23   -23   -23   -23   -23
        -23   -23   -23   -23   -23   -23   -23   -23   -23   -23   -23   -23   -23   -23   -23   -23   -23   -23   -23   -23
        -23   -23   -23   -23   -23
  57   1000   988   952   895   822   736   643   548   455   367   287   217   157   106    64    29     0   -18   -30   -36
        -40   -42   -43   -43   -42   -40   -36   -29   -23   -18   -13    -9    -6    -2     0     2     3   -21   -20   -18
        -24   -24   -24   -24   -24   -24   -24   -24   -24   -24   -24   -24   -24   -24   -24   -24   -24   -24   -24   -24
        -24   -24   -24   -24   -24   -24   -24   -24   -24   -24   -24   -24   -24   -24   -24   -24   -24   -24   -24   -24
        -24   -24   -24   -24
  58   1000   988   952   896   822   736   643   548   453   365   283   211   148    95    49    11   -15   -31   -41   -47
        -51   -53   -53   -53   -51   -47   -40   -32   -26   -21   -16   -11    -7    -3     0     0   -26   -24   -22   -27
        -27   -27   -27   -27   -27   -27   -27   -27   -27   -27   -27   -27   -27   -27   -27   -27   -27   -27   -27   -27
        -27   -27   -27   -27   -27   -27   -27   -27   -27   -27   -27   -27   -27   -27   -27   -27   -27   -27   -27   -27
        -27   -27   -27
  59   1000   988   952   896   822   736   643   546   450   360   276   201   135    77    27    -8   -31   -46   -55   -61
        -65   -66   -66   -65   -61   -52   -43   -36   -29   -23   -17   -12    -7    -3    -2   -33   -30   -27   -32   -32
        -32   -32   -32   -32   -32   -32   -32   -32   -32   -32   -32   -32   -32   -32   -32   -32   -32   -32   -32   -32
        -32   -32   -32   -32   -32   -32   -32   -32   -32   -32   -32   -32   -32   -32   -32   -32   -32   -32   -32   -32
        -32   -32
  60   1000   988   952   896   822   735   641   542   445   351   265   186   114    50     1   -29   -50   -64   -72   -78
        -81   -82   -81   -77   -67   -56   -47   -39   -31   -24   -18   -12    -7    -5   -41   -37   -33   -38   -38   -38
        -38   -38   -38   -38   -38   -38   -38   -38   -38   -38   -38   -38   -38   -38   -38   -38   -38   -38   -38   -38
        -38   -38   -38   -38   -38   -38   -38   -38   -38   -38   -38   -38   -38   -38   -38   -38   -38   -38   -38   -38
        -38
  61   1000   988   952   896   821   734   637   536   436   339   247   161    81    18   -23   -51   -70   -84   -92   -97
       -100  -100   -95   -83   -71   -60   -50   -41   -32   -24   -16   -11    -8   -50   -45   -40   -45   -45   -45   -45
        -45   -45   -45   -45   -45   -45   -45   -45   -45   -45   -45   -45   -45   -45   -45   -45   -45   -45   -45   -45
        -45   -45   -45   -45   -45   -45   -45   -45   -45   -45   -45   -45   -45   -45   -45   -45   -45   -45   -45   -45
  62   1000   988   952   895   819   730   631   527   423   320   219   122    43   -10   -48   -75   -93  -106  -114  -118
       -120  -115  -102   -87   -74   -63   -51   -41   -31   -22   -15   -12   -61   -55   -49   -54   -54   -54   -54   -54
        -54   -54   -54   -54   -54   -54   -54   -54   -54   -54   -54   -54   -54   -54   -54   -54   -54   -54   -54   -54
        -54   -54   -54   -54   -54   -54   -54   -54   -54   -54   -54   -54   -54   -54   -54   -54   -54   -54   -54
  63   1000   988   952   893   816   725   622   514   403   289   175    78     9   -38   -74  -100  -118  -130  -137  -141
       -136  -122  -105   -90   -76   -63   -50   -39   -28   -19   -16   -73   -65   -58   -63   -63   -63   -63   -63   -63
        -63   -63   -63   -63   -63   -63   -63   -63   -63   -63   -63   -63   -63   -63   -63   -63   -63   -63   -63   -63
        -63   -63   -63   -63   -63   -63   -63   -63   -63   -63   -63   -63   -63   -63   -63   -63   -63   -63
  64   1000   988   951   891   812   717   610   494   369   239   123    40   -20   -67  -101  -126  -144  -155  -161  -158
       -142  -124  -107   -91   -76   -61   -47   -35   -24   -21   -85   -77   -68   -73   -73   -73   -73   -73   -73   -73
        -73   -73   -73   -73   -73   -73   -73   -73   -73   -73   -73   -73   -73   -73   -73   -73   -73   -73   -73   -73
        -73   -73   -73   -73   -73   -73   -73   -73   -73   -73   -73   -73   -73   -73   -73   -73   -73
  65   1000   987   950   888   806   706   591   460   315   181    82     8   -49   -94  -128  -153  -169  -179  -178  -163
       -143  -125  -107   -90   -73   -57   -42   -30   -26   -98   -88   -78   -82   -82   -82   -82   -82   -82   -82   -82
        -82   -82   -82   -82   -82   -82   -82   -82   -82   -82   -82   -82   -82   -82   -82   -82   -82   -82   -82   -82
        -82   -82   -82   -82   -82   -82   -82   -82   -82   -82   -82   -82   -82   -82   -82   -82
  66   1000   987   948   884   797   688   556   402   252   137    50   -20   -77  -121  -154  -178  -193  -195  -181  -162
       -142  -123  -104   -86   -68   -51   -38   -32  -110   -99   -88   -90   -90   -90   -90   -90   -90   -90   -90   -90
        -90   -90   -90   -90   -90   -90   -90   -90   -90   -90   -90   -90   -90   -90   -90   -90   -90   -90   -90   -90
        -90   -90   -90   -90   -90   -90   -90   -90   -90   -90   -90   -90   -90   -90   -90
  67   1000   986   946   878   782   656   497   334   207   107    23   -45  -101  -144  -177  -199  -206  -196  -178  -159
       -140  -120  -100   -80   -62   -47   -40  -120  -108   -95   -95   -95   -95   -95   -95   -95   -95   -95   -95   -95
        -95   -95   -95   -95   -95   -95   -95   -95   -95   -95   -95   -95   -95   -95   -95   -95   -95   -95   -95   -95
        -95   -95   -95   -95   -95   -95   -95   -95   -95   -95   -95   -95   -95   -95
  68   1000   986   942   867   753   597   428   291   181    85     4   -64  -120  -162  -193  -209  -205  -192  -175  -156
       -136  -116   -95   -75   -58   -51  -127  -113   -99   -95   -95   -95   -95   -95   -95   -95   -95   -95   -95   -95
        -95   -95   -95   -95   -95   -95   -95   -95   -95   -95   -95   -95   -95   -95   -95   -95   -95   -95   -95   -95
        -95   -95   -95   -95   -95   -95   -95   -95   -95   -95   -95   -95   -95
  69   1000   985   935   843   698   530   389   273   168    75    -6   -74  -129  -171  -199  -206  -200  -189  -173  -155
       -134  -113   -93   -75   -66  -126  -110   -96   -83   -83   -83   -83   -83   -83   -83   -83   -83   -83   -83   -83
        -83   -83   -83   -83   -83   -83   -83   -83   -83   -83   -83   -83   -83   -83   -83   -83   -83   -83   -83   -83
        -83   -83   -83   -83   -83   -83   -83   -83   -83   -83   -83   -83
  70   1000   982   919   798   641   503   386   275   173    79    -1   -69  -126  -170  -195  -203  -200  -191  -177  -159
       -139  -119  -101   -89  -111   -95   -79   -52   -52   -52   -52   -52   -52   -52   -52   -52   -52   -52   -52   -52
        -52   -52   -52   -52   -52   -52   -52   -52   -52   -52   -52   -52   -52   -52   -52   -52   -52   -52   -52   -52
        -52   -52   -52   -52   -52   -52   -52   -52   -52   -52   -52
  71   1000   976   890   758   634   523   412   304   201   108    26   -48  -117  -168  -198  -211  -212  -206  -194  -178
       -160  -142  -126   -72   -55   -40    14    14    14    14    14    14    14    14    14    14    14    14    14    14
         14    14    14    14    14    14    14    14    14    14    14    14    14    14    14    14    14    14    14    14
         14    14    14    14    14    14    14    14    14    14
  72   1000   967   878   780   684   581   474   367   265   169    74   -30  -123  -185  -222  -241  -248  -246  -238  -225
       -209  -186     8    24    38   139   139   139   139   139   139   139   139   139   139   139   139   139   139   139
        139   139   139   139   139   139   139   139   139   139   139   139   139   139   139   139   139   139   139   139
        139   139   139   139   139   139   139   139   139
  73   1000   970   912   841   756   660   558   454   349   233    86   -56  -160  -227  -269  -294  -308  -311  -307  -295
       -263   131   144   154   318   318   318   318   318   318   318   318   318   318   318   318   318   318   318   318
        318   318   318   318   318   318   318   318   318   318   318   318   318   318   318   318   318   318   318   318
        318   318   318   318   318   318   318   318
  74   1000   983   943   882   805   716   619   514   385   206    21  -117  -212  -276  -319  -348  -364  -370  -362  -325
        243   253   259   477   477   477   477   477   477   477   477   477   477   477   477   477   477   477   477   477
        477   477   477   477   477   477   477   477   477   477   477   477   477   477   477   477   477   477   477   477
        477   477   477   477   477   477   477
  75   1000   987   951   894   821   734   634   504   313   106   -54  -168  -249  -307  -348  -375  -389  -386  -348   298
        305   309   551   551   551   551   551   551   551   551   551   551   551   551   551   551   551   551   551   551
        551   551   551   551   551   551   551   551   551   551   551   551   551   551   551   551   551   551   551   551
        551   551   551   551   551   551
  76   1000   988   953   897   824   733   608   418   202    26  -102  -197  -268  -321  -358  -380  -383  -348   318   322
        324   573   573   573   573   573   573   573   573   573   573   573   573   573   573   573   573   573   573   573
        573   573   573   573   573   573   573   573   573   573   573   573   573   573   573   573   573   573   573   573
        573   573   573   573   573
  77   1000   988   953   897   820   708   525   306   120   -21  -129  -214  -279  -327  -358  -369  -339   331   332   331
        583   583   583   583   583   583   583   583   583   583   583   583   583   583   583   583   583   583   583   583
        583   583   583   583   583   583   583   583   583   583   583   583   583   583   583   583   583   583   583   583
        583   583   583   583
  78   1000   988   953   894   798   630   415   224    73   -47  -144  -222  -282  -323  -343  -321   340   336   332   582
        582   582   582   582   582   582   582   582   582   582   582   582   582   582   582   582   582   582   582   582
        582   582   582   582   582   582   582   582   582   582   582   582   582   582   582   582   582   582   582   582
        582   582   582
  79   1000   988   951   877   729   524   333   176    46   -61  -151  -223  -277  -308  -294   348   339   331   576   576
        576   576   576   576   576   576   576   576   576   576   576   576   576   576   576   576   576   576   576   576
        576   576   576   576   576   576   576   576   576   576   576   576   576   576   576   576   576   576   576   576
        576   576
  80   1000   987   938   815   628   444   286   150    33   -68  -152  -218  -260  -258   358   342   329   565   565   565
        565   565   565   565   565   565   565   565   565   565   565   565   565   565   565   565   565   565   565   565
        565   565   565   565   565   565   565   565   565   565   565   565   565   565   565   565   565   565   565   565
        565
  81   1000   981   892   732   562   410   274   150    40   -55  -134  -189  -201   357   332   312   528   528   528   528
        528   528   528   528   528   528   528   528   528   528   528   528   528   528   528   528   528   528   528   528
        528   528   528   528   528   528   528   528   528   528   528   528   528   528   528   528   528   528   528   528
  82   1000   962   847   707   570   439   314   197    91     0   -70  -102   321   285   257   428   428   428   428   428
        428   428   428   428   428   428   428   428   428   428   428   428   428   428   428   428   428   428   428   428
        428   428   428   428   428   428   428   428   428   428   428   428   428   428   428   428   428   428   428
  83   1000   960   871   765   652   536   420   309   208   121    62   225   177   140   223   223   223   223   223   223
        223   223   223   223   223   223   223   223   223   223   223   223   223   223   223   223   223   223   223   223
        223   223   223   223   223   223   223   223   223   223   223   223   223   223   223   223   223   223
  84   1000   973   911   830   734   631   526   422   325   241   126    66    19     0     0     0     0     0     0     0
          0     0     0     0     0     0     0     0     0     0     0     0     0     0     0     0     0     0     0     0
          0     0     0     0     0     0     0     0     0     0     0     0     0     0     0     0     0
  85   1000   981   933   865   781   687   588   489   390    75     5   -51  -157  -157  -157  -157  -157  -157  -157  -157
       -157  -157  -157  -157  -157  -157  -157  -157  -157  -157  -157  -157  -157  -157  -157  -157  -157  -157  -157  -157
       -157  -157  -157  -157  -157  -157  -157  -157  -157  -157  -157  -157  -157  -157  -157  -157
  86   1000   985   943   882   804   715   618   513    65   -13   -78  -257  -257  -257  -257  -257  -257  -257  -257  -257
       -257  -257  -257  -257  -257  -257  -257  -257  -257  -257  -257  -257  -257  -257  -257  -257  -257  -257  -257  -257
       -257  -257  -257  -257  -257  -257  -257  -257  -257  -257  -257  -257  -257  -257  -257
  87   1000   986   949   890   815   726   622    77    -6   -80  -328  -328  -328  -328  -328  -328  -328  -328  -328  -328
       -328  -328  -328  -328  -328  -328  -328  -328  -328  -328  -328  -328  -328  -328  -328  -328  -328  -328  -328  -328
       -328  -328  -328  -328  -328  -328  -328  -328  -328  -328  -328  -328  -328  -328
  88   1000   987   951   894   818   720   101    14   -64  -384  -384  -384  -384  -384  -384  -384  -384  -384  -384  -384
       -384  -384  -384  -384  -384  -384  -384  -384  -384  -384  -384  -384  -384  -384  -384  -384  -384  -384  -384  -384
       -384  -384  -384  -384  -384  -384  -384  -384  -384  -384  -384  -384  -384
  89   1000   988   952   893   808   130    46   -35  -432  -432  -432  -432  -432  -432  -432  -432  -432  -432  -432  -432
       -432  -432  -432  -432  -432  -432  -432  -432  -432  -432  -432  -432  -432  -432  -432  -432  -432  -432  -432  -432
       -432  -432  -432  -432  -432  -432  -432  -432  -432  -432  -432  -432
  90   1000   988   950   883   163    85     6  -470  -470  -470  -470  -470  -470  -470  -470  -470  -470  -470  -470  -470
       -470  -470  -470  -470  -470  -470  -470  -470  -470  -470  -470  -470  -470  -470  -470  -470  -470  -470  -470  -470
       -470  -470  -470  -470  -470  -470  -470  -470  -470  -470  -470
  91   1000   987   943   200   134    61  -497  -497  -497  -497  -497  -497  -497  -497  -497  -497  -497  -497  -497  -497
       -497  -497  -497  -497  -497  -497  -497  -497  -497  -497  -497  -497  -497  -497  -497  -497  -497  -497  -497  -497
       -497  -497  -497  -497  -497  -497  -497  -497  -497  -497
  92   1000   983   247   198   137  -503  -503  -503  -503  -503  -503  -503  -503  -503  -503  -503  -503  -503  -503  -503
       -503  -503  -503  -503  -503  -503  -503  -503  -503  -503  -503  -503  -503  -503  -503  -503  -503  -503  -503  -503
       -503  -503  -503  -503  -503  -503  -503  -503  -503
  93   1000   345   316   270  -446  -446  -446  -446  -446  -446  -446  -446  -446  -446  -446  -446  -446  -446  -446  -446
       -446  -446  -446  -446  -446  -446  -446  -446  -446  -446  -446  -446  -446  -446  -446  -446  -446  -446  -446  -446
       -446  -446  -446  -446  -446  -446  -446  -446
  94   1000   988   953   675   675   675   675   675   675   675   675   675   675   675   675   675   675   675   675   675
        675   675   675   675   675   675   675   675   675   675   675   675   675   675   675   675   675   675   675   675
        675   675   675   675   675   675   675
  95   1000   988   664   664   664   664   664   664   664   664   664   664   664   664   664   664   664   664   664   664
        664   664   664   664   664   664   664   664   664   664   664   664   664   664   664   664   664   664   664   664
        664   664   664   664   664   664
  96   1000   648   648   648   648   648   648   648   648   648   648   648   648   648   648   648   648   648   648   648
        648   648   648   648   648   648   648   648   648   648   648   648   648   648   648   648   648   648   648   648
        648   648   648   648   648
  97   1000  1000  1000  1000  1000  1000  1000  1000  1000  1000  1000  1000  1000  1000  1000  1000  1000  1000  1000  1000
       1000  1000  1000  1000  1000  1000  1000  1000  1000  1000  1000  1000  1000  1000  1000  1000  1000  1000  1000  1000
       1000  1000  1000  1000
  98   1000  1000  1000  1000  1000  1000  1000  1000  1000  1000  1000  1000  1000  1000  1000  1000  1000  1000  1000  1000
       1000  1000  1000  1000  1000  1000  1000  1000  1000  1000  1000  1000  1000  1000  1000  1000  1000  1000  1000  1000
       1000  1000  1000
  99   1000  1000  1000  1000  1000  1000  1000  1000  1000  1000  1000  1000  1000  1000  1000  1000  1000  1000  1000  1000
       1000  1000  1000  1000  1000  1000  1000  1000  1000  1000  1000  1000  1000  1000  1000  1000  1000  1000  1000  1000
       1000  1000
 100   1000  1000  1000  1000  1000  1000  1000  1000  1000  1000  1000  1000  1000  1000  1000  1000  1000  1000  1000  1000
       1000  1000  1000  1000  1000  1000  1000  1000  1000  1000  1000  1000  1000  1000  1000  1000  1000  1000  1000  1000
       1000
 101   1000  1000  1000  1000  1000  1000  1000  1000  1000  1000  1000  1000  1000  1000  1000  1000  1000  1000  1000  1000
       1000  1000  1000  1000  1000  1000  1000  1000  1000  1000  1000  1000  1000  1000  1000  1000  1000  1000  1000  1000
 102   1000  1000  1000  1000  1000  1000  1000  1000  1000  1000  1000  1000  1000  1000  1000  1000  1000  1000  1000  1000
       1000  1000  1000  1000  1000  1000  1000  1000  1000  1000  1000  1000  1000  1000  1000  1000  1000  1000  1000
 103   1000  1000  1000  1000  1000  1000  1000  1000  1000  1000  1000  1000  1000  1000  1000  1000  1000  1000  1000  1000
       1000  1000  1000  1000  1000  1000  1000  1000  1000  1000  1000  1000  1000  1000  1000  1000  1000  1000
 104   1000  1000  1000  1000  1000  1000  1000  1000  1000  1000  1000  1000  1000  1000  1000  1000  1000  1000  1000  1000
       1000  1000  1000  1000  1000  1000  1000  1000  1000  1000  1000  1000  1000  1000  1000  1000  1000
 105   1000  1000  1000  1000  1000  1000  1000  1000  1000  1000  1000  1000  1000  1000  1000  1000  1000  1000  1000  1000
       1000  1000  1000  1000  1000  1000  1000  1000  1000  1000  1000  1000  1000  1000  1000  1000
 106   1000  1000  1000  1000  1000  1000  1000  1000  1000  1000  1000  1000  1000  1000  1000  1000  1000  1000  1000  1000
       1000  1000  1000  1000  1000  1000  1000  1000  1000  1000  1000  1000  1000  1000  1000
 107   1000  1000  1000  1000  1000  1000  1000  1000  1000  1000  1000  1000  1000  1000  1000  1000  1000  1000  1000  1000
       1000  1000  1000  1000  1000  1000  1000  1000  1000  1000  1000  1000  1000  1000
 108   1000  1000  1000  1000  1000  1000  1000  1000  1000  1000  1000  1000  1000  1000  1000  1000  1000  1000  1000  1000
       1000  1000  1000  1000  1000  1000  1000  1000  1000  1000  1000  1000  1000
 109   1000  1000  1000  1000  1000  1000  1000  1000  1000  1000  1000  1000  1000  1000  1000  1000  1000  1000  1000  1000
       1000  1000  1000  1000  1000  1000  1000  1000  1000  1000  1000  1000
 110   1000  1000  1000  1000  1000  1000  1000  1000  1000  1000  1000  1000  1000  1000  1000  1000  1000  1000  1000  1000
       1000  1000  1000  1000  1000  1000  1000  1000  1000  1000  1000
 111   1000  1000  1000  1000  1000  1000  1000  1000  1000  1000  1000  1000  1000  1000  1000  1000  1000  1000  1000  1000
       1000  1000  1000  1000  1000  1000  1000  1000  1000  1000
 112   1000  1000  1000  1000  1000  1000  1000  1000  1000  1000  1000  1000  1000  1000  1000  1000  1000  1000  1000  1000
       1000  1000  1000  1000  1000  1000  1000  1000  1000
 113   1000  1000  1000  1000  1000  1000  1000  1000  1000  1000  1000  1000  1000  1000  1000  1000  1000  1000  1000  1000
       1000  1000  1000  1000  1000  1000  1000  1000
 114   1000  1000  1000  1000  1000  1000  1000  1000  1000  1000  1000  1000  1000  1000  1000  1000  1000  1000  1000  1000
       1000  1000  1000  1000  1000  1000  1000
 115   1000  1000  1000  1000  1000  1000  1000  1000  1000  1000  1000  1000  1000  1000  1000  1000  1000  1000  1000  1000
       1000  1000  1000  1000  1000  1000
 116   1000  1000  1000  1000  1000  1000  1000  1000  1000  1000  1000  1000  1000  1000  1000  1000  1000  1000  1000  1000
       1000  1000  1000  1000  1000
 117   1000  1000  1000  1000  1000  1000  1000  1000  1000  1000  1000  1000  1000  1000  1000  1000  1000  1000  1000  1000
       1000  1000  1000  1000
 118   1000  1000  1000  1000  1000  1000  1000  1000  1000  1000  1000  1000  1000  1000  1000  1000  1000  1000  1000  1000
       1000  1000  1000
 119   1000  1000  1000  1000  1000  1000  1000  1000  1000  1000  1000  1000  1000  1000  1000  1000  1000  1000  1000  1000
       1000  1000
 120   1000  1000  1000  1000  1000  1000  1000  1000  1000  1000  1000  1000  1000  1000  1000  1000  1000  1000  1000  1000
       1000
 121   1000  1000  1000  1000  1000  1000  1000  1000  1000  1000  1000  1000  1000  1000  1000  1000  1000  1000  1000  1000
 122   1000  1000  1000  1000  1000  1000  1000  1000  1000  1000  1000  1000  1000  1000  1000  1000  1000  1000  1000
 123   1000  1000  1000  1000  1000  1000  1000  1000  1000  1000  1000  1000  1000  1000  1000  1000  1000  1000
 124   1000  1000  1000  1000  1000  1000  1000  1000  1000  1000  1000  1000  1000  1000  1000  1000  1000
 125   1000  1000  1000  1000  1000  1000  1000  1000  1000  1000  1000  1000  1000  1000  1000  1000
 126   1000  1000  1000  1000  1000  1000  1000  1000  1000  1000  1000  1000  1000  1000  1000
 127   1000  1000  1000  1000  1000  1000  1000  1000  1000  1000  1000  1000  1000  1000
 128   1000  1000  1000  1000  1000  1000  1000  1000  1000  1000  1000  1000  1000
 129   1000  1000  1000  1000  1000  1000  1000  1000  1000  1000  1000  1000
 130   1000  1000  1000  1000  1000  1000  1000  1000  1000  1000  1000
 131   1000  1000  1000  1000  1000  1000  1000  1000  1000  1000
 132   1000  1000  1000  1000  1000  1000  1000  1000  1000
 133   1000  1000  1000  1000  1000  1000  1000  1000
 134   1000  1000  1000  1000  1000  1000  1000
 135   1000  1000  1000  1000  1000  1000
 136   1000  1000  1000  1000  1000
 137   1000  1000  1000  1000
 138   1000  1000  1000
 139   1000  1000
 140   1000

 Finished!
