NIF_RUN Passive 18x snout on TANDM 90-348 Pinhole
  140    6    1    0    1
   0.00500   9.00000   0.03000   0.00100
   0.0000000   0   0 1.00000000E+00   1.0000000
ZR902    4.147E-14 0.011       0.00       0.00        (    )
IN115N   1.039E-14 0.012       0.00       0.00        (    )
AU197G   2.386E-14 0.012       0.00 AUNG  3.94 IFX    (ISTP)
IN115G   3.612E-14 0.028       0.00 INNG 39.37 IFX    (ISTP)
AU1972   2.606E-13 0.012       0.00       0.00        (    )
AL27A    1.501E-14 0.012       0.00       0.00        (    )
Flux Uncertainty
 140
 0.0000E+00 0.0000E+00 0.0000E+00 0.0000E+00 0.0000E+00 0.0000E+00 0.0000E+00
 0.0000E+00 0.0000E+00 0.0000E+00 0.0000E+00 0.0000E+00 0.0000E+00 0.0000E+00
 8.5680E-01 8.5640E-01 8.5610E-01 8.5580E-01 8.5540E-01 8.5480E-01 8.5370E-01
 8.5200E-01 8.4920E-01 8.4470E-01 8.4130E-01 8.3630E-01 8.1910E-01 7.9380E-01
 7.5040E-01 6.7730E-01 5.7000E-01 4.2070E-01 2.5020E-01 1.0910E-01 5.3600E-02
 4.2300E-02 3.4100E-02 2.7900E-02 2.3300E-02 1.9900E-02 1.7300E-02 1.5400E-02
 1.3900E-02 1.2800E-02 1.2100E-02 1.1600E-02 1.1400E-02 1.1400E-02 1.1500E-02
 1.1900E-02 1.2400E-02 1.3200E-02 1.4300E-02 1.5700E-02 1.7400E-02 1.9500E-02
 2.2100E-02 2.5200E-02 2.8900E-02 3.3400E-02 3.8700E-02 4.4900E-02 5.2300E-02
 6.0900E-02 7.1000E-02 8.2900E-02 1.0080E-01 1.2480E-01 1.5460E-01 1.9400E-01
 2.3470E-01 2.6880E-01 2.9030E-01 2.9410E-01 2.7940E-01 2.4870E-01 2.0640E-01
 1.5880E-01 1.1390E-01 7.6800E-02 5.7600E-02 4.3900E-02 3.4200E-02 2.7100E-02
 2.2000E-02 1.8200E-02 1.5400E-02 1.3300E-02 1.1700E-02 1.0600E-02 9.8000E-03
 9.2000E-03 8.9000E-03 8.8000E-03 8.9000E-03 9.3000E-03 0.0000E+00 0.0000E+00
 0.0000E+00 0.0000E+00 0.0000E+00 0.0000E+00 0.0000E+00 0.0000E+00 0.0000E+00
 0.0000E+00 0.0000E+00 0.0000E+00 0.0000E+00 0.0000E+00 0.0000E+00 0.0000E+00
 0.0000E+00 0.0000E+00 0.0000E+00 0.0000E+00 0.0000E+00 0.0000E+00 0.0000E+00
 0.0000E+00 0.0000E+00 0.0000E+00 0.0000E+00 0.0000E+00 0.0000E+00 0.0000E+00
 0.0000E+00 0.0000E+00 0.0000E+00 0.0000E+00 0.0000E+00 0.0000E+00 0.0000E+00
 0.0000E+00 0.0000E+00 0.0000E+00 0.0000E+00 0.0000E+00 0.0000E+00 0.0000E+00
Input Flux Spectrum
 140   1 1.000E+00 2.000E+01 5.000E-08
 0.0000E+00 0.0000E+00 0.0000E+00 0.0000E+00 0.0000E+00 0.0000E+00 0.0000E+00
 0.0000E+00 0.0000E+00 0.0000E+00 0.0000E+00 0.0000E+00 0.0000E+00 0.0000E+00
 5.2155E+02 4.9192E+02 4.7801E+02 4.7769E+02 4.8693E+02 5.0551E+02 5.3027E+02
 5.5860E+02 5.9573E+02 6.4704E+02 7.3273E+02 8.8770E+02 1.2263E+03 2.0098E+03
 4.1955E+03 1.1502E+04 3.9623E+04 1.4212E+05 3.7324E+05 5.0921E+05 3.8332E+05
 2.5820E+05 1.9238E+05 1.6870E+05 3.1175E+07 3.4314E+07 2.2844E+08 1.3558E+08
 2.8449E+08 1.5608E+09 6.4392E+09 8.7250E+09 1.1591E+09 4.6212E+09 7.0936E+09
 5.6406E+09 3.1394E+09 4.8993E+09 8.3945E+08 1.2145E+09 8.6886E+08 1.0646E+09
 1.2760E+09 5.5239E+08 9.2764E+08 9.9464E+08 5.7710E+08 3.9109E+08 2.5233E+08
 2.2079E+08 2.6305E+08 1.3295E+08 9.0384E+07 2.8085E+07 2.0525E+07 6.5649E+06
 2.7300E+06 2.2444E+05 2.5780E+04 2.2674E+03 5.8398E+02 2.6766E+02 1.4220E+02
 2.1345E+02 3.3918E+02 7.6356E+02 2.6578E+03 1.2834E+04 4.1772E+05 1.8086E+06
 1.1668E+07 5.0959E+07 3.3437E+08 2.0362E+09 4.2220E+09 6.8577E+09 6.5788E+09
 7.8126E+09 1.1061E+10 4.4476E+10 3.6926E+10 5.5300E+07 0.0000E+00 0.0000E+00
 0.0000E+00 0.0000E+00 0.0000E+00 0.0000E+00 0.0000E+00 0.0000E+00 0.0000E+00
 0.0000E+00 0.0000E+00 0.0000E+00 0.0000E+00 0.0000E+00 0.0000E+00 0.0000E+00
 0.0000E+00 0.0000E+00 0.0000E+00 0.0000E+00 0.0000E+00 0.0000E+00 0.0000E+00
 0.0000E+00 0.0000E+00 0.0000E+00 0.0000E+00 0.0000E+00 0.0000E+00 0.0000E+00
 0.0000E+00 0.0000E+00 0.0000E+00 0.0000E+00 0.0000E+00 0.0000E+00 0.0000E+00
 0.0000E+00 0.0000E+00 0.0000E+00 0.0000E+00 0.0000E+00 0.0000E+00 0.0000E+00
   10   13   28   11    8    5    8    7   10   40



                         ==============================
                               STAYSL PNNL OUTPUT
                         ==============================

 STAYSL PNNL, version 1.2.0, 2015-08-05


 SCENARIO TITLE: NIF_RUN Passive 18x snout on TANDM 90-348 Pinhole
 -------------------------------------------------------------------------------
  NGROUP =   140    NRXN =     6    ACTIVITY NORM = 1.00000E+00

  COVARIANCE PARAMETERS (FCHN, FCVX, ACVX, FS)
    FLUXES:      WIDTH =  9.0000E+00   LONG RANGE COVAR. =  3.0000E-02
            ACTIVITIES =  5.0000E-03   X-SECT CROSS COR. =  1.0000E-03

    DETERM =   2.0625 × 10^  -2.00      ERROR =   1.0640E-17

  INPUT NORMALIZATION DATA
    AK1   =     0.00000     VAK        =     0.00090
    NORML =           0     RENORM     = 9.38690E-01
    CHI²  =   449.12943     NORM. CHI² =    89.82589

  DOSIMETRY ACTIVITIES
     ———— INPUTS —————  -UNADJUSTED FLUX-  — ADJUSTED FLUX —    CHI²  90% ACTIVITIES RANGE
 RXN  MEASURED     ±%   ACTIVITY    %DIFF  ACTIVITY    %DIFF  CONTRIB --LOW E-- --HIGH E--   REACTION          CVR
  1  4.147E-14    1.10  4.364E-14    5.24  4.649E-14   12.11   39.367  1.30E+01  1.40E+01  ZR90(N,2N)ZR89          
  2  1.039E-14    1.20  1.310E-14   26.13  1.396E-14   34.37   70.723  7.40E+00  1.40E+01  IN115(N,N')IN115M       
  3  2.386E-14    1.20  2.249E-14   -5.75  2.396E-14    0.41   -6.750  1.50E-02  2.20E-01  AU197(N,G)AU198         
  4  3.612E-14    2.80  2.330E-14  -35.48  2.483E-14  -31.26   75.787  1.50E-02  2.20E-01  IN115(N,G)IN116M        
  5  2.606E-13    1.20  2.047E-13  -21.45  2.181E-13  -16.32  168.368  1.00E+01  1.40E+01  AU197(N,2N)AU196        
  6  1.501E-14    1.20  1.270E-14  -15.42  1.353E-14   -9.89  101.634  9.00E+00  1.40E+01  AL27(N,A)NA24           

             % STD. DEV.  =         23.24              23.11

                              CHECK INPUT, IT IS RATHER UNLIKELY !
                                   *** BEWARE OF OUTPUT ! ***


  DIFFERENTIAL FLUXES (input is normalized by a factor of 9.3869E-01)
                  —————— DIFFERENTIAL FLUX —————   ———— STD. DEV. % ————   INTEGRAL
 GRP    ENERGY        NEW         OLD      RATIO    NEW     OLD    RATIO   FLUX > E     ± %
  15  2.8000E-06  3.5825E+08  3.3764E+08   1.061   85.65   85.69   0.999  1.7414E+11    0.84
  16  4.2500E-06  2.3898E+08  2.2525E+08   1.061   85.61   85.65   0.999  1.7414E+11    0.84
  17  6.3000E-06  1.6414E+08  1.5473E+08   1.061   85.58   85.62   0.999  1.7414E+11    0.84
  18  9.2000E-06  1.1061E+08  1.0428E+08   1.061   85.55   85.59   0.999  1.7414E+11    0.84
  19  1.3500E-05  6.4638E+07  6.0943E+07   1.061   85.51   85.55   0.999  1.7414E+11    0.84
  20  2.1000E-05  5.5913E+07  5.2724E+07   1.060   85.45   85.49   0.999  1.7414E+11    0.84
  21  3.0000E-05  3.5185E+07  3.3184E+07   1.060   85.34   85.38   0.999  1.7414E+11    0.84
  22  4.5000E-05  2.3162E+07  2.1848E+07   1.060   85.17   85.21   0.999  1.7414E+11    0.84
  23  6.9000E-05  1.9120E+07  1.8039E+07   1.060   84.89   84.93   0.999  1.7414E+11    0.84
  24  1.0000E-04  1.8392E+07  1.7353E+07   1.060   84.44   84.49   0.999  1.7414E+11    0.84
  25  1.3500E-04  2.0828E+07  1.9652E+07   1.060   84.09   84.15   0.999  1.7414E+11    0.84
  26  1.7000E-04  1.7666E+07  1.6665E+07   1.060   83.59   83.65   0.999  1.7414E+11    0.84
  27  2.2000E-04  2.0348E+07  1.9185E+07   1.061   81.87   81.93   0.999  1.7414E+11    0.84
  28  2.8000E-04  2.5036E+07  2.3582E+07   1.062   79.33   79.40   0.999  1.7414E+11    0.84
  29  3.6000E-04  4.6528E+07  4.3759E+07   1.063   74.99   75.07   0.999  1.7414E+11    0.84
  30  4.5000E-04  9.2025E+07  8.6374E+07   1.065   67.66   67.77   0.999  1.7414E+11    0.84
  31  5.7500E-04  2.1465E+08  2.0105E+08   1.068   56.92   57.05   0.998  1.7414E+11    0.84
  32  7.6000E-04  7.1309E+08  6.6703E+08   1.069   41.98   42.16   0.996  1.7414E+11    0.84
  33  9.6000E-04  1.1884E+09  1.1122E+09   1.068   24.93   25.19   0.990  1.7414E+11    0.84
  34  1.2750E-03  1.5680E+09  1.4707E+09   1.066   10.86   11.31   0.960  1.7414E+11    0.84
  35  1.6000E-03  9.5788E+08  8.9955E+08   1.065    5.36    6.14   0.872  1.7414E+11    0.84
  36  2.0000E-03  3.6875E+08  3.4624E+08   1.065    4.23    5.18   0.815  1.7414E+11    0.84
  37  2.7000E-03  2.7479E+08  2.5798E+08   1.065    3.41    4.54   0.750  1.7414E+11    0.84
  38  3.4000E-03  1.5335E+08  1.4396E+08   1.065    2.79    4.10   0.680  1.7414E+11    0.84
  39  4.5000E-03  3.1175E+10  2.9264E+10   1.065    2.33    3.80   0.612  1.7414E+11    0.84
  40  5.5000E-03  2.0186E+10  1.8947E+10   1.065    1.99    3.60   0.552  1.7411E+11    0.84
  41  7.2000E-03  1.1423E+11  1.0722E+11   1.065    1.73    3.46   0.499  1.7407E+11    0.84
  42  9.2000E-03  4.8428E+10  4.5453E+10   1.065    1.54    3.37   0.455  1.7384E+11    0.84
  43  1.2000E-02  9.4842E+10  8.9016E+10   1.065    1.39    3.31   0.420  1.7371E+11    0.84
  44  1.5000E-02  3.9025E+11  3.6628E+11   1.065    1.28    3.26   0.392  1.7342E+11    0.84
  45  1.9000E-02  9.9078E+11  9.2991E+11   1.065    1.21    3.23   0.373  1.7186E+11    0.84
  46  2.5500E-02  1.3425E+12  1.2600E+12   1.065    1.16    3.22   0.360  1.6542E+11    0.84
  47  3.2000E-02  1.4490E+11  1.3600E+11   1.065    1.14    3.21   0.354  1.5670E+11    0.85
  48  4.0000E-02  3.6973E+11  3.4703E+11   1.065    1.14    3.21   0.354  1.5554E+11    0.85
  49  5.2500E-02  5.2547E+11  4.9324E+11   1.065    1.15    3.21   0.358  1.5092E+11    0.85
  50  6.6000E-02  2.5639E+11  2.4067E+11   1.065    1.19    3.23   0.368  1.4382E+11    0.86
  51  8.8000E-02  1.4269E+11  1.3395E+11   1.065    1.24    3.25   0.383  1.3818E+11    0.87
  52  1.1000E-01  1.9594E+11  1.8396E+11   1.065    1.32    3.28   0.404  1.3504E+11    0.87
  53  1.3500E-01  3.3570E+10  3.1519E+10   1.065    1.43    3.32   0.431  1.3014E+11    0.88
  54  1.6000E-01  4.0470E+10  3.8001E+10   1.065    1.57    3.39   0.465  1.2930E+11    0.88
  55  1.9000E-01  2.8950E+10  2.7186E+10   1.065    1.74    3.47   0.503  1.2809E+11    0.88
  56  2.2000E-01  3.0401E+10  2.8552E+10   1.065    1.95    3.58   0.546  1.2722E+11    0.88
  57  2.5500E-01  3.6435E+10  3.4222E+10   1.065    2.21    3.73   0.594  1.2616E+11    0.88
  58  2.9000E-01  1.8400E+10  1.7284E+10   1.065    2.52    3.92   0.645  1.2488E+11    0.88
  59  3.2000E-01  2.3172E+10  2.1769E+10   1.064    2.90    4.16   0.695  1.2433E+11    0.88
  60  3.6000E-01  2.4842E+10  2.3341E+10   1.064    3.34    4.49   0.745  1.2340E+11    0.88
  61  4.0000E-01  1.1530E+10  1.0834E+10   1.064    3.87    4.90   0.792  1.2241E+11    0.88
  62  4.5000E-01  7.8127E+09  7.3422E+09   1.064    4.49    5.40   0.833  1.2183E+11    0.88
  63  5.0000E-01  5.0401E+09  4.7372E+09   1.064    5.23    6.03   0.869  1.2144E+11    0.88
  64  5.5000E-01  4.4096E+09  4.1451E+09   1.064    6.09    6.79   0.898  1.2119E+11    0.88
  65  6.0000E-01  4.3774E+09  4.1154E+09   1.064    7.11    7.70   0.922  1.2097E+11    0.88
  66  6.6000E-01  2.2120E+09  2.0800E+09   1.063    8.29    8.81   0.941  1.2071E+11    0.88
  67  7.2000E-01  1.5036E+09  1.4140E+09   1.063   10.08   10.51   0.959  1.2057E+11    0.89
  68  7.8000E-01  4.6709E+08  4.3939E+08   1.063   12.48   12.83   0.973  1.2048E+11    0.89
  69  8.4000E-01  2.5592E+08  2.4083E+08   1.063   15.46   15.74   0.982  1.2046E+11    0.89
  70  9.2000E-01  8.1801E+07  7.7030E+07   1.062   19.39   19.62   0.988  1.2044E+11    0.89
  71  1.0000E+00  1.3593E+07  1.2813E+07   1.061   23.46   23.65   0.992  1.2043E+11    0.89
  72  1.2000E+00  1.1159E+06  1.0534E+06   1.059   26.87   27.03   0.994  1.2043E+11    0.89
  73  1.4000E+00  1.2794E+05  1.2100E+05   1.057   29.02   29.17   0.995  1.2043E+11    0.89
  74  1.6000E+00  1.1232E+04  1.0642E+04   1.055   29.40   29.55   0.995  1.2043E+11    0.89
  75  1.8000E+00  2.8884E+03  2.7409E+03   1.054   27.93   28.09   0.994  1.2043E+11    0.89
  76  2.0000E+00  8.8177E+02  8.3750E+02   1.053   24.86   25.04   0.993  1.2043E+11    0.89
  77  2.3000E+00  4.6849E+02  4.4494E+02   1.053   20.63   20.85   0.989  1.2043E+11    0.89
  78  2.6000E+00  7.0398E+02  6.6788E+02   1.054   15.87   16.15   0.982  1.2043E+11    0.89
  79  2.9000E+00  8.4045E+02  7.9596E+02   1.056   11.38   11.77   0.966  1.2043E+11    0.89
  80  3.3000E+00  1.8956E+03  1.7919E+03   1.058    7.68    8.24   0.931  1.2043E+11    0.89
  81  3.7000E+00  6.6069E+03  6.2371E+03   1.059    5.76    6.49   0.887  1.2043E+11    0.89
  82  4.1000E+00  3.1940E+04  3.0118E+04   1.061    4.39    5.32   0.825  1.2043E+11    0.89
  83  4.5000E+00  8.3252E+05  7.8422E+05   1.062    3.42    4.55   0.751  1.2043E+11    0.89
  84  5.0000E+00  3.6077E+06  3.3954E+06   1.063    2.71    4.04   0.670  1.2043E+11    0.89
  85  5.5000E+00  2.3292E+07  2.1905E+07   1.063    2.20    3.72   0.590  1.2042E+11    0.89
  86  6.0000E+00  7.2706E+07  6.8335E+07   1.064    1.82    3.51   0.518  1.2041E+11    0.89
  87  6.7000E+00  4.7730E+08  4.4839E+08   1.064    1.54    3.37   0.456  1.2036E+11    0.89
  88  7.4000E+00  2.5442E+09  2.3892E+09   1.065    1.33    3.28   0.404  1.2003E+11    0.89
  89  8.2000E+00  5.2768E+09  4.9539E+09   1.065    1.17    3.22   0.363  1.1799E+11    0.88
  90  9.0000E+00  6.8581E+09  6.4373E+09   1.065    1.06    3.18   0.332  1.1377E+11    0.88
  91  1.0000E+01  6.5799E+09  6.1755E+09   1.065    0.98    3.16   0.310  1.0691E+11    0.88
  92  1.1000E+01  7.8139E+09  7.3336E+09   1.065    0.92    3.14   0.294  1.0033E+11    0.88
  93  1.2000E+01  1.1063E+10  1.0383E+10   1.065    0.89    3.13   0.285  9.2519E+10    0.88
  94  1.3000E+01  4.4478E+10  4.1749E+10   1.065    0.88    3.13   0.282  8.1456E+10    0.88
  95  1.4000E+01  3.6923E+10  3.4662E+10   1.065    0.89    3.13   0.285  3.6978E+10    0.89
  96  1.5000E+01  5.5286E+07  5.1910E+07   1.065    0.93    3.14   0.295  5.5286E+07    0.93
      1.6000E+01

  INTEGRALS OF SPECTRA
    OLD SPECTRUM   1.6347E+11   ±    3.082 %
    NEW SPECTRUM   1.7414E+11   ±    0.839 %

  SUMMARY OF BROAD-GROUP FLUXES, FLUENCES, AND UNCERTAINTIES

    IRRAD TIME [S] = 1.00000000E+00   ACT NORM =  1.00000000E+00

       ENERGY       FLUX       FLUENCE      STDEV %
      thermal    0.0000E+00  0.0000E+00  ±   0.00     (0.100 meV – 0.550  eV)
     epithermal  3.9097E+10  3.9097E+10  ±   1.12     (0.550  eV – 110.0 keV)
        fast     1.3504E+11  1.3504E+11  ±   0.87     (110.0 keV –  20.0 MeV)
        fast     1.2043E+11  1.2043E+11  ±   0.89     (  1.0 MeV –  20.0 MeV)
        high     0.0000E+00  0.0000E+00  ±   0.00     ( 20.0 MeV –  60.0 MeV)

    MINI-SPECTRUM

       ENERGY       FLUX       FLUENCE      STDEV %
     1.0000E-10  0.0000E+00  0.0000E+00  ±   0.00
     5.5000E-07  4.6254E+03  4.6254E+03  ±  79.11
     1.0000E-04  3.9097E+10  3.9097E+10  ±   1.12
     1.1000E-01  1.3599E+10  1.3599E+10  ±   1.79
     5.0000E-01  1.0131E+09  1.0131E+09  ±   6.99
     1.0000E+00  2.9701E+06  2.9701E+06  ±  23.73
     2.0000E+00  4.3339E+05  4.3339E+05  ±   3.48
     5.0000E+00  1.3513E+10  1.3513E+10  ±   1.14
     1.0000E+01  1.0691E+11  1.0691E+11  ±   0.88
     2.0000E+01  0.0000E+00  0.0000E+00  ±   0.00
     6.0000E+01

       TOTAL     1.7414E+11  1.7414E+11  ±   0.84

    RELATIVE COVARIANCES (10×10)
        0     0     0     0     0     0     0     0     0     0
     1000     7     4     1     0     2     7     9     0
     1000   501    44     4   123   372   481     0
     1000   510   132    78   234   302     0
     1000   672    50    62    78     0
     1000   191    35    23     0
     1000   621   245     0
     1000   775     0
     1000     0
        0

  SPECTRAL-AVERAGED REACTION RATES (for all cross section library reactions)

        REACTIONS        SIG-PHI      <SIG>          REACTIONS        SIG-PHI      <SIG>          REACTIONS        SIG-PHI      <SIG>  
   ------------------  ----------  ----------   ------------------  ----------  ----------   ------------------  ----------  ----------
   LI6(N,A)T           5.3139E-14  3.0515E-25   FE58(N,G)FE59       6.3859E-16  3.6671E-27   IN115(N,N')IN115M   1.3961E-14  8.0170E-26
   B10(N,A)LI7         1.4611E-13  8.3905E-25   CO59(N,2N)CO58      5.9690E-14  3.4277E-25   IN115(N,2N)IN114M   1.2736E-13  7.3137E-25
   F19(N,2N)F18        2.8886E-15  1.6588E-26   CO59(N,3N)CO57      0.0000E+00  0.0000E+00   IN115(N,G)IN116M    2.5011E-14  1.4363E-25
   NA23(N,2N)NA22      1.5012E-15  8.6208E-27   CO59(N,G)CO60       1.3976E-15  8.0257E-27   I127(N,2N)I126      1.4256E-13  8.1864E-25
   NA23(N,G)NA24       6.6288E-17  3.8066E-28   CO59(N,P)FE59       5.8954E-15  3.3855E-26   LA139(N,G)LA140     1.6854E-15  9.6784E-27
   MG24(N,P)NA24       2.1390E-14  1.2283E-25   CO59(N,A)MN56       3.2456E-15  1.8638E-26   PR141(N,2N)PR140    1.5647E-13  8.9855E-25
   AL27(N,P)MG27       9.9565E-15  5.7176E-26   NI58(N,2N)NI57      1.7235E-15  9.8975E-27   TM169(N,2N)TM168    2.1060E-13  1.2094E-24
   AL27(N,A)NA24       1.3526E-14  7.7672E-26   NI58(N,P)CO58       5.3298E-14  3.0607E-25   TM169(N,3N)TM167    1.4315E-18  8.2206E-30
   SI28(N,P)AL28       3.1503E-14  1.8091E-25   NI60(N,P)CO60       1.6919E-14  9.7156E-26   TA181(N,G)TA182     2.8573E-14  1.6408E-25
   P31(N,P)SI31        1.2865E-14  7.3880E-26   CU63(N,2N)CU62      3.6339E-14  2.0868E-25   W186(N,G)W187       7.7446E-15  4.4473E-26
   S32(N,P)P32         3.4953E-14  2.0072E-25   CU63(N,G)CU64       3.0448E-15  1.7485E-26   AU197(N,2N)AU196    2.1807E-13  1.2523E-24
   TI46(N,2N)TI45      1.3072E-15  7.5069E-27   CU63(N,A)CO60       5.0909E-15  2.9235E-26   AU197(N,G)AU198     2.3992E-14  1.3777E-25
   TI46(N,P)SC46       3.2193E-14  1.8487E-25   CU65(N,2N)CU64      7.8948E-14  4.5336E-25   HG199(N,N')HG199M   3.0827E-14  1.7702E-25
   TI47(N,P)SC47       1.5932E-14  9.1488E-26   ZN64(N,P)CU64       2.4296E-14  1.3952E-25   PB204(N,N')PB204M   1.4158E-14  8.1304E-26
   TI47(N,X)SC46       3.0739E-15  1.7652E-26   ZN67(N,P)CU67       3.5135E-15  2.0177E-26   BI209(N,3N)BI207    2.3649E-17  1.3581E-28
   TI48(N,P)SC48       6.5086E-15  3.7376E-26   AS75(N,2N)AS74      8.3813E-14  4.8130E-25   TH232(N,FISSION)    4.1248E-14  2.3687E-25
   TI48(N,X)SC47       5.3137E-16  3.0514E-27   Y89(N,2N)Y88        6.7564E-14  3.8799E-25   TH232(N,G)TH233     2.0118E-14  1.1553E-25
   TI49(N,X)SC48       2.9503E-16  1.6942E-27   ZR90(N,2N)ZR89      4.6491E-14  2.6698E-25   U235(N,FISSION)     3.3047E-13  1.8977E-24
   V51(N,A)SC48        1.4529E-15  8.3431E-27   NB93(N,G)NB94       1.0342E-14  5.9390E-26   U235(N,G)U236       2.8722E-14  1.6494E-25
   CR52(N,2N)CR51      2.0310E-14  1.1663E-25   NB93(N,N')NB93M     8.4782E-15  4.8686E-26   U238(N,2N)U237      1.3649E-13  7.8378E-25
   MN55(N,2N)MN54      6.1225E-14  3.5159E-25   NB93(N,2N)NB92M     4.6122E-14  2.6486E-25   U238(N,FISSION)     1.3076E-13  7.5087E-25
   MN55(N,G)MN56       1.2243E-15  7.0305E-27   MO92(N,P)NB92M      1.0289E-14  5.9084E-26   U238(N,G)U239       1.6178E-14  9.2903E-26
   FE54(N,2N)FE53      2.1730E-16  1.2479E-27   RH103(N,N')RH103M   6.0687E-14  3.4850E-25   NP237(N,FISSION)    2.6023E-13  1.4944E-24
   FE54(N,P)MN54       4.7617E-14  2.7344E-25   AG109(N,G)AG110M    2.5244E-15  1.4497E-26   PU239(N,FISSION)    3.6721E-13  2.1087E-24
   FE54(N,A)CR51       9.3224E-15  5.3534E-26   IN113(N,N')IN113M   1.1932E-14  6.8521E-26   AM241(N,FISSION)    3.0911E-13  1.7751E-24
   FE56(N,P)MN56       1.2453E-14  7.1513E-26   IN113(N,G)IN114M    2.9202E-14  1.6769E-25   SC45(N,G)SC46       2.5599E-15  1.4700E-26

  INPUT FLUX REL. CORRELATION MATRIX (by row from diagonal)
   1   1000  1000  1000  1000  1000  1000  1000  1000  1000  1000  1000  1000  1000  1000    35    35    35    35    35    35
         35    35    35    36    36    36    37    38    40    44    53    71   119   265   489   579   661   732   790   833
        866   890   907   920   927   933   935   935   934   930   924   915   903   886   865   839   805   766   720   668
        613   556   498   442   389   340   285   234   191   153   127   111   103   102   107   120   144   186   255   364
        462   564   660   742   807   855   890   914   932   943   951   956   959   960   959   955  1000  1000  1000  1000
       1000  1000  1000  1000  1000  1000  1000  1000  1000  1000  1000  1000  1000  1000  1000  1000  1000  1000  1000  1000
       1000  1000  1000  1000  1000  1000  1000  1000  1000  1000  1000  1000  1000  1000  1000  1000  1000  1000  1000  1000

  OUTPUT FLUX REL. CORRELATION MATRIX (by row from diagonal)
   1   1000  1000  1000  1000  1000  1000  1000  1000  1000  1000  1000  1000  1000  1000    12    12    12    12    12    11
         11    11    11    10     9     8     7     5     2     0    -2    -3     3    45   129   164   203   249   298   349
        402   452   501   545   576   601   612   612   606   586   562   529   488   445   402   359   317   279   244   211
        183   158   136   118   102    88    72    57    46    36    29    26    24    23    24    26    29    37    52    81
        108   141   180   226   277   334   393   454   516   569   614   654   676   683   676   647  1000  1000  1000  1000
       1000  1000  1000  1000  1000  1000  1000  1000  1000  1000  1000  1000  1000  1000  1000  1000  1000  1000  1000  1000
       1000  1000  1000  1000  1000  1000  1000  1000  1000  1000  1000  1000  1000  1000  1000  1000  1000  1000  1000  1000
   2   1000  1000  1000  1000  1000  1000  1000  1000  1000  1000  1000  1000  1000    12    12    12    12    12    11    11
         11    11    10     9     8     7     5     2     0    -2    -3     3    45   129   164   203   249   298   349   402
        452   501   545   576   601   612   612   606   586   562   529   488   445   402   359   317   279   244   211   183
        158   136   118   102    88    72    57    46    36    29    26    24    23    24    26    29    37    52    81   108
        141   180   226   277   334   393   454   516   569   614   654   676   683   676   647  1000  1000  1000  1000  1000
       1000  1000  1000  1000  1000  1000  1000  1000  1000  1000  1000  1000  1000  1000  1000  1000  1000  1000  1000  1000
       1000  1000  1000  1000  1000  1000  1000  1000  1000  1000  1000  1000  1000  1000  1000  1000  1000  1000  1000
   3   1000  1000  1000  1000  1000  1000  1000  1000  1000  1000  1000  1000    12    12    12    12    12    11    11    11
         11    10     9     8     7     5     2     0    -2    -3     3    45   129   164   203   249   298   349   402   452
        501   545   576   601   612   612   606   586   562   529   488   445   402   359   317   279   244   211   183   158
        136   118   102    88    72    57    46    36    29    26    24    23    24    26    29    37    52    81   108   141
        180   226   277   334   393   454   516   569   614   654   676   683   676   647  1000  1000  1000  1000  1000  1000
       1000  1000  1000  1000  1000  1000  1000  1000  1000  1000  1000  1000  1000  1000  1000  1000  1000  1000  1000  1000
       1000  1000  1000  1000  1000  1000  1000  1000  1000  1000  1000  1000  1000  1000  1000  1000  1000  1000
   4   1000  1000  1000  1000  1000  1000  1000  1000  1000  1000  1000    12    12    12    12    12    11    11    11    11
         10     9     8     7     5     2     0    -2    -3     3    45   129   164   203   249   298   349   402   452   501
        545   576   601   612   612   606   586   562   529   488   445   402   359   317   279   244   211   183   158   136
        118   102    88    72    57    46    36    29    26    24    23    24    26    29    37    52    81   108   141   180
        226   277   334   393   454   516   569   614   654   676   683   676   647  1000  1000  1000  1000  1000  1000  1000
       1000  1000  1000  1000  1000  1000  1000  1000  1000  1000  1000  1000  1000  1000  1000  1000  1000  1000  1000  1000
       1000  1000  1000  1000  1000  1000  1000  1000  1000  1000  1000  1000  1000  1000  1000  1000  1000
   5   1000  1000  1000  1000  1000  1000  1000  1000  1000  1000    12    12    12    12    12    11    11    11    11    10
          9     8     7     5     2     0    -2    -3     3    45   129   164   203   249   298   349   402   452   501   545
        576   601   612   612   606   586   562   529   488   445   402   359   317   279   244   211   183   158   136   118
        102    88    72    57    46    36    29    26    24    23    24    26    29    37    52    81   108   141   180   226
        277   334   393   454   516   569   614   654   676   683   676   647  1000  1000  1000  1000  1000  1000  1000  1000
       1000  1000  1000  1000  1000  1000  1000  1000  1000  1000  1000  1000  1000  1000  1000  1000  1000  1000  1000  1000
       1000  1000  1000  1000  1000  1000  1000  1000  1000  1000  1000  1000  1000  1000  1000  1000
   6   1000  1000  1000  1000  1000  1000  1000  1000  1000    12    12    12    12    12    11    11    11    11    10     9
          8     7     5     2     0    -2    -3     3    45   129   164   203   249   298   349   402   452   501   545   576
        601   612   612   606   586   562   529   488   445   402   359   317   279   244   211   183   158   136   118   102
         88    72    57    46    36    29    26    24    23    24    26    29    37    52    81   108   141   180   226   277
        334   393   454   516   569   614   654   676   683   676   647  1000  1000  1000  1000  1000  1000  1000  1000  1000
       1000  1000  1000  1000  1000  1000  1000  1000  1000  1000  1000  1000  1000  1000  1000  1000  1000  1000  1000  1000
       1000  1000  1000  1000  1000  1000  1000  1000  1000  1000  1000  1000  1000  1000  1000
   7   1000  1000  1000  1000  1000  1000  1000  1000    12    12    12    12    12    11    11    11    11    10     9     8
          7     5     2     0    -2    -3     3    45   129   164   203   249   298   349   402   452   501   545   576   601
        612   612   606   586   562   529   488   445   402   359   317   279   244   211   183   158   136   118   102    88
         72    57    46    36    29    26    24    23    24    26    29    37    52    81   108   141   180   226   277   334
        393   454   516   569   614   654   676   683   676   647  1000  1000  1000  1000  1000  1000  1000  1000  1000  1000
       1000  1000  1000  1000  1000  1000  1000  1000  1000  1000  1000  1000  1000  1000  1000  1000  1000  1000  1000  1000
       1000  1000  1000  1000  1000  1000  1000  1000  1000  1000  1000  1000  1000  1000
   8   1000  1000  1000  1000  1000  1000  1000    12    12    12    12    12    11    11    11    11    10     9     8     7
          5     2     0    -2    -3     3    45   129   164   203   249   298   349   402   452   501   545   576   601   612
        612   606   586   562   529   488   445   402   359   317   279   244   211   183   158   136   118   102    88    72
         57    46    36    29    26    24    23    24    26    29    37    52    81   108   141   180   226   277   334   393
        454   516   569   614   654   676   683   676   647  1000  1000  1000  1000  1000  1000  1000  1000  1000  1000  1000
       1000  1000  1000  1000  1000  1000  1000  1000  1000  1000  1000  1000  1000  1000  1000  1000  1000  1000  1000  1000
       1000  1000  1000  1000  1000  1000  1000  1000  1000  1000  1000  1000  1000
   9   1000  1000  1000  1000  1000  1000    12    12    12    12    12    11    11    11    11    10     9     8     7     5
          2     0    -2    -3     3    45   129   164   203   249   298   349   402   452   501   545   576   601   612   612
        606   586   562   529   488   445   402   359   317   279   244   211   183   158   136   118   102    88    72    57
         46    36    29    26    24    23    24    26    29    37    52    81   108   141   180   226   277   334   393   454
        516   569   614   654   676   683   676   647  1000  1000  1000  1000  1000  1000  1000  1000  1000  1000  1000  1000
       1000  1000  1000  1000  1000  1000  1000  1000  1000  1000  1000  1000  1000  1000  1000  1000  1000  1000  1000  1000
       1000  1000  1000  1000  1000  1000  1000  1000  1000  1000  1000  1000
  10   1000  1000  1000  1000  1000    12    12    12    12    12    11    11    11    11    10     9     8     7     5     2
          0    -2    -3     3    45   129   164   203   249   298   349   402   452   501   545   576   601   612   612   606
        586   562   529   488   445   402   359   317   279   244   211   183   158   136   118   102    88    72    57    46
         36    29    26    24    23    24    26    29    37    52    81   108   141   180   226   277   334   393   454   516
        569   614   654   676   683   676   647  1000  1000  1000  1000  1000  1000  1000  1000  1000  1000  1000  1000  1000
       1000  1000  1000  1000  1000  1000  1000  1000  1000  1000  1000  1000  1000  1000  1000  1000  1000  1000  1000  1000
       1000  1000  1000  1000  1000  1000  1000  1000  1000  1000  1000
  11   1000  1000  1000  1000    12    12    12    12    12    11    11    11    11    10     9     8     7     5     2     0
         -2    -3     3    45   129   164   203   249   298   349   402   452   501   545   576   601   612   612   606   586
        562   529   488   445   402   359   317   279   244   211   183   158   136   118   102    88    72    57    46    36
         29    26    24    23    24    26    29    37    52    81   108   141   180   226   277   334   393   454   516   569
        614   654   676   683   676   647  1000  1000  1000  1000  1000  1000  1000  1000  1000  1000  1000  1000  1000  1000
       1000  1000  1000  1000  1000  1000  1000  1000  1000  1000  1000  1000  1000  1000  1000  1000  1000  1000  1000  1000
       1000  1000  1000  1000  1000  1000  1000  1000  1000  1000
  12   1000  1000  1000    12    12    12    12    12    11    11    11    11    10     9     8     7     5     2     0    -2
         -3     3    45   129   164   203   249   298   349   402   452   501   545   576   601   612   612   606   586   562
        529   488   445   402   359   317   279   244   211   183   158   136   118   102    88    72    57    46    36    29
         26    24    23    24    26    29    37    52    81   108   141   180   226   277   334   393   454   516   569   614
        654   676   683   676   647  1000  1000  1000  1000  1000  1000  1000  1000  1000  1000  1000  1000  1000  1000  1000
       1000  1000  1000  1000  1000  1000  1000  1000  1000  1000  1000  1000  1000  1000  1000  1000  1000  1000  1000  1000
       1000  1000  1000  1000  1000  1000  1000  1000  1000
  13   1000  1000    12    12    12    12    12    11    11    11    11    10     9     8     7     5     2     0    -2    -3
          3    45   129   164   203   249   298   349   402   452   501   545   576   601   612   612   606   586   562   529
        488   445   402   359   317   279   244   211   183   158   136   118   102    88    72    57    46    36    29    26
         24    23    24    26    29    37    52    81   108   141   180   226   277   334   393   454   516   569   614   654
        676   683   676   647  1000  1000  1000  1000  1000  1000  1000  1000  1000  1000  1000  1000  1000  1000  1000  1000
       1000  1000  1000  1000  1000  1000  1000  1000  1000  1000  1000  1000  1000  1000  1000  1000  1000  1000  1000  1000
       1000  1000  1000  1000  1000  1000  1000  1000
  14   1000    12    12    12    12    12    11    11    11    11    10     9     8     7     5     2     0    -2    -3     3
         45   129   164   203   249   298   349   402   452   501   545   576   601   612   612   606   586   562   529   488
        445   402   359   317   279   244   211   183   158   136   118   102    88    72    57    46    36    29    26    24
         23    24    26    29    37    52    81   108   141   180   226   277   334   393   454   516   569   614   654   676
        683   676   647  1000  1000  1000  1000  1000  1000  1000  1000  1000  1000  1000  1000  1000  1000  1000  1000  1000
       1000  1000  1000  1000  1000  1000  1000  1000  1000  1000  1000  1000  1000  1000  1000  1000  1000  1000  1000  1000
       1000  1000  1000  1000  1000  1000  1000
  15   1000   988   952   895   821   734   641   546   454   368   291   225   169   124    89    62    42    28    18    12
          9     6     5     4     4     4     5     5     6     6     6     7     7     7     7     6     6     6     5     5
          4     4     4     3     3     2     2     2     2     1     1     1     1     1     1     0     0     0     0     0
          0     0     0     0     1     1     1     2     2     3     3     4     5     5     6     7     7     8     8     8
          8     8    12    12    12    12    12    12    12    12    12    12    12    12    12    12    12    12    12    12
         12    12    12    12    12    12    12    12    12    12    12    12    12    12    12    12    12    12    12    12
         12    12    12    12    12    12
  16   1000   988   952   895   821   734   641   546   454   368   291   225   169   124    89    62    42    28    19    13
          9     7     5     5     5     5     5     6     6     6     7     7     7     7     6     6     6     5     5     4
          4     3     3     3     2     2     2     1     1     1     1     1     1     1     0     0     0     0     0     0
          0     0     0     1     1     1     2     2     3     3     4     5     5     6     7     7     8     8     8     8
          8    12    12    12    12    12    12    12    12    12    12    12    12    12    12    12    12    12    12    12
         12    12    12    12    12    12    12    12    12    12    12    12    12    12    12    12    12    12    12    12
         12    12    12    12    12
  17   1000   988   952   895   821   734   641   546   454   368   291   225   169   124    89    62    42    29    20    13
          9     7     6     5     5     5     6     6     6     6     7     7     7     6     6     6     5     5     4     4
          3     3     3     2     2     2     1     1     1     1     1     1     0     0     0     0     0     0     0     0
          0     0     1     1     1     2     2     3     3     4     5     5     6     7     7     8     8     8     8     8
         12    12    12    12    12    12    12    12    12    12    12    12    12    12    12    12    12    12    12    12
         12    12    12    12    12    12    12    12    12    12    12    12    12    12    12    12    12    12    12    12
         12    12    12    12
  18   1000   988   952   895   821   734   641   546   454   368   291   225   169   124    89    62    43    30    20    14
         10     7     6     6     6     6     6     6     6     6     6     6     6     6     6     5     5     4     4     3
          3     3     2     2     2     1     1     1     1     1     1     0     0     0     0     0     0     0     0     0
          0     1     1     1     2     2     3     3     4     5     5     6     7     7     8     8     8     8     8    12
         12    12    12    12    12    12    12    12    12    12    12    12    12    12    12    12    12    12    12    12
         12    12    12    12    12    12    12    12    12    12    12    12    12    12    12    12    12    12    12    12
         12    12    12
  19   1000   988   952   895   821   734   641   546   454   368   291   225   169   124    89    63    44    30    20    14
         10     8     7     6     6     6     6     6     6     6     6     6     6     5     5     5     4     4     3     3
          3     2     2     2     1     1     1     1     1     1     0     0     0     0     0     0     0     0     0     0
          1     1     1     2     2     3     3     4     5     5     6     7     7     8     8     8     8     8    12    12
         12    12    12    12    12    12    12    12    12    12    12    12    12    12    12    12    12    12    12    12
         12    12    12    12    12    12    12    12    12    12    12    12    12    12    12    12    12    12    12    12
         12    12
  20   1000   988   952   895   821   734   641   546   454   368   291   225   169   124    90    63    44    30    21    15
         11     8     7     6     6     6     6     6     6     6     6     6     5     5     4     4     4     3     3     2
          2     2     2     1     1     1     1     1     1     0     0     0     0     0     0     0     0     0     0     1
          1     1     2     2     3     3     4     5     5     6     7     7     8     8     8     8     8    11    11    11
         11    11    11    11    11    11    11    11    11    11    11    11    11    11    11    11    11    11    11    11
         11    11    11    11    11    11    11    11    11    11    11    11    11    11    11    11    11    11    11    11
         11
  21   1000   988   952   895   821   734   641   546   454   368   291   225   169   125    90    64    44    31    21    15
         11     9     7     7     6     6     6     6     6     5     5     5     5     4     4     3     3     3     2     2
          2     1     1     1     1     1     1     1     0     0     0     0     0     0     0     0     0     0     1     1
          1     2     2     3     3     4     5     5     6     7     7     7     8     8     8     7    11    11    11    11
         11    11    11    11    11    11    11    11    11    11    11    11    11    11    11    11    11    11    11    11
         11    11    11    11    11    11    11    11    11    11    11    11    11    11    11    11    11    11    11    11
  22   1000   988   952   895   821   734   641   546   454   368   291   225   170   125    90    64    45    31    21    15
         11     9     7     6     6     6     5     5     5     5     4     4     4     3     3     3     2     2     2     2
          1     1     1     1     1     1     1     0     0     0     0     0     0     0     0     0     0     1     1     1
          2     2     3     3     4     4     5     6     6     7     7     8     8     8     7    11    11    11    11    11
         11    11    11    11    11    11    11    11    11    11    11    11    11    11    11    11    11    11    11    11
         11    11    11    11    11    11    11    11    11    11    11    11    11    11    11    11    11    11    11
  23   1000   988   952   895   821   734   641   546   454   368   292   226   170   125    90    64    45    31    21    15
         11     8     7     6     5     5     5     4     4     4     4     3     3     3     2     2     2     2     1     1
          1     1     1     1     1     0     0     0     0     0     0     0     0     0     0     0     1     1     1     2
          2     2     3     4     4     5     6     6     7     7     7     8     7     7    11    11    11    11    11    11
         11    11    11    11    11    11    11    11    11    11    11    11    11    11    11    11    11    11    11    11
         11    11    11    11    11    11    11    11    11    11    11    11    11    11    11    11    11    11
  24   1000   988   952   895   821   735   641   546   454   369   292   225   170   125    90    64    44    30    21    14
         10     8     6     5     4     4     3     3     3     3     2     2     2     2     2     1     1     1     1     1
          1     1     1     0     0     0     0     0     0     0     0     0     0     0     0     1     1     1     1     2
          2     3     4     4     5     5     6     7     7     7     7     7     7    10    10    10    10    10    10    10
         10    10    10    10    10    10    10    10    10    10    10    10    10    10    10    10    10    10    10    10
         10    10    10    10    10    10    10    10    10    10    10    10    10    10    10    10    10
  25   1000   988   952   895   821   735   641   547   455   369   291   225   170   125    90    63    44    30    20    13
          9     6     4     3     3     2     2     2     2     1     1     1     1     1     1     1     1     1     0     0
          0     0     0     0     0     0     0     0     0     0     0     0     0     0     1     1     1     1     2     2
          3     3     4     5     5     6     6     7     7     7     7     7     9     9     9     9     9     9     9     9
          9     9     9     9     9     9     9     9     9     9     9     9     9     9     9     9     9     9     9     9
          9     9     9     9     9     9     9     9     9     9     9     9     9     9     9     9
  26   1000   988   952   895   821   735   642   547   455   368   291   225   169   124    89    62    42    28    18    11
          7     4     2     1     1     0     0     0     0     0     0     0     0     0     0     0     0     0     0     0
          0     0     0     0     0     0     0     0     0     0     0     0     0     0     1     1     1     2     2     3
          3     4     4     5     5     6     6     6     6     6     6     8     8     8     8     8     8     8     8     8
          8     8     8     8     8     8     8     8     8     8     8     8     8     8     8     8     8     8     8     8
          8     8     8     8     8     8     8     8     8     8     8     8     8     8     8
  27   1000   988   952   895   821   735   642   548   453   367   290   223   168   122    87    60    40    25    15     8
          4     1     0    -1    -1    -1    -1    -1    -1    -1    -1     0     0     0     0     0     0     0     0     0
          0     0     0     0     0     0     0     0     0     0     0     0     0     1     1     1     1     2     2     3
          3     4     4     5     5     5     6     6     6     5     7     7     7     7     7     7     7     7     7     7
          7     7     7     7     7     7     7     7     7     7     7     7     7     7     7     7     7     7     7     7
          7     7     7     7     7     7     7     7     7     7     7     7     7     7
  28   1000   988   952   895   821   736   643   545   452   366   288   221   165   119    84    56    36    21    11     4
          0    -2    -3    -4    -4    -4    -4    -4    -3    -3    -2    -2    -1    -1    -1     0     0     0     0     0
          0     0     0     0     0     0     0     0     0     0     0     0     1     1     1     1     2     2     2     3
          3     4     4     4     5     5     5     5     5     5     5     5     5     5     5     5     5     5     5     5
          5     5     5     5     5     5     5     5     5     5     5     5     5     5     5     5     5     5     5     5
          5     5     5     5     5     5     5     5     5     5     5     5     5
  29   1000   988   952   895   822   736   639   543   450   363   285   218   161   115    79    51    30    16     5     0
         -5    -7    -8    -8    -8    -8    -7    -6    -5    -5    -4    -3    -3    -2    -2    -1    -1    -1     0     0
          0     0     0     0     0     0     0     0     0     0     0     0     1     1     1     1     1     2     2     2
          3     3     3     4     4     4     4     3     2     2     2     2     2     2     2     2     2     2     2     2
          2     2     2     2     2     2     2     2     2     2     2     2     2     2     2     2     2     2     2     2
          2     2     2     2     2     2     2     2     2     2     2     2
  30   1000   988   952   896   821   731   636   540   446   359   280   212   155   108    71    43    23     8    -1    -7
        -11   -13   -13   -13   -13   -11   -10    -9    -8    -7    -6    -5    -4    -3    -2    -2    -1    -1    -1     0
          0     0     0     0     0     0     0     0     0     0     0     0     0     1     1     1     1     1     2     2
          2     2     2     2     2     2     2     0     0     0     0     0     0     0     0     0     0     0     0     0
          0     0     0     0     0     0     0     0     0     0     0     0     0     0     0     0     0     0     0     0
          0     0     0     0     0     0     0     0     0     0     0
  31   1000   988   952   895   816   728   633   535   440   352   273   204   146    99    62    34    13     0    -9   -15
        -18   -19   -19   -18   -17   -15   -13   -12   -10    -9    -7    -6    -5    -4    -3    -3    -2    -1    -1    -1
          0     0     0     0     0     0     0     0     0     0     0     0     0     0     1     1     1     1     1     1
          1     1     2     2     2     2    -2    -2    -2    -2    -2    -2    -2    -2    -2    -2    -2    -2    -2    -2
         -2    -2    -2    -2    -2    -2    -2    -2    -2    -2    -2    -2    -2    -2    -2    -2    -2    -2    -2    -2
         -2    -2    -2    -2    -2    -2    -2    -2    -2    -2
  32   1000   988   951   888   812   723   627   528   433   343   263   193   135    88    51    23     3    -9   -18   -23
        -25   -25   -24   -23   -21   -18   -16   -14   -12   -10    -8    -7    -6    -5    -4    -3    -2    -2    -1    -1
          0     0     0     0     0     0     0     0     0     0     0     0     1     1     1     1     1     2     2     2
          2     2     2     2     2    -3    -3    -3    -3    -3    -3    -3    -3    -3    -3    -3    -3    -3    -3    -3
         -3    -3    -3    -3    -3    -3    -3    -3    -3    -3    -3    -3    -3    -3    -3    -3    -3    -3    -3    -3
         -3    -3    -3    -3    -3    -3    -3    -3    -3
  33   1000   987   945   885   808   718   621   522   425   335   254   184   126    79    43    16    -3   -15   -23   -27
        -28   -28   -26   -24   -22   -19   -17   -14   -12   -10    -9    -7    -6    -5    -4    -3    -2    -2    -1    -1
          0     0     0     0     0     0     0     1     1     2     2     3     3     4     5     6     7     7     8     9
          9     9     9     9     3     3     3     3     3     3     3     3     3     3     3     3     3     3     3     3
          3     3     3     3     3     3     3     3     3     3     3     3     3     3     3     3     3     3     3     3
          3     3     3     3     3     3     3     3
  34   1000   985   947   887   810   721   624   525   430   340   260   192   135    89    53    27     8    -3   -11   -15
        -17   -17   -17   -15   -14   -12   -10    -9    -7    -6    -5    -4    -3    -2    -2    -1    -1     0     0     0
          0     0     1     1     2     3     4     6     8    10    13    16    19    23    26    30    33    36    38    39
         40    39    38    45    45    45    45    45    45    45    45    45    45    45    45    45    45    45    45    45
         45    45    45    45    45    45    45    45    45    45    45    45    45    45    45    45    45    45    45    45
         45    45    45    45    45    45    45
  35   1000   988   952   895   821   734   641   545   453   366   289   223   167   122    87    60    41    27    17    11
          7     4     2     2     1     1     1     1     1     1     1     1     1     1     0     0     0     1     1     1
          2     3     3     5     7    11    15    20    26    33    40    49    57    66    75    83    90    95    99   100
         99    95   129   129   129   129   129   129   129   129   129   129   129   129   129   129   129   129   129   129
        129   129   129   129   129   129   129   129   129   129   129   129   129   129   129   129   129   129   129   129
        129   129   129   129   129   129
  36   1000   988   952   895   820   734   641   545   452   366   289   222   166   122    87    61    41    27    18    11
          7     4     3     2     2     1     1     1     1     2     2     1     1     0     0     0     1     1     2     3
          3     4     6     9    15    20    26    33    42    51    62    73    84    95   105   114   121   125   127   125
        120   164   164   164   164   164   164   164   164   164   164   164   164   164   164   164   164   164   164   164
        164   164   164   164   164   164   164   164   164   164   164   164   164   164   164   164   164   164   164   164
        164   164   164   164   164
  37   1000   988   952   895   820   734   640   544   452   365   288   221   166   121    87    61    41    27    18    12
          7     5     3     2     2     2     2     2     2     2     2     1     1     0     0     1     1     2     3     4
          5     8    11    18    24    32    41    52    63    76    90   104   118   131   141   150   155   157   155   149
        203   203   203   203   203   203   203   203   203   203   203   203   203   203   203   203   203   203   203   203
        203   203   203   203   203   203   203   203   203   203   203   203   203   203   203   203   203   203   203   203
        203   203   203   203
  38   1000   988   952   894   820   733   639   544   452   365   288   222   166   123    88    62    42    28    19    12
          8     6     4     3     3     3     3     3     3     2     1     1     0     0     1     2     3     4     5     7
          9    14    22    30    39    50    63    78    94   110   128   145   160   173   184   190   192   190   182   249
        249   249   249   249   249   249   249   249   249   249   249   249   249   249   249   249   249   249   249   249
        249   249   249   249   249   249   249   249   249   249   249   249   249   249   249   249   249   249   249   249
        249   249   249
  39   1000   988   952   895   820   733   640   544   452   365   289   222   168   124    89    62    43    29    19    13
          9     6     5     4     3     3     4     4     3     2     1     0     1     1     2     3     5     6     8    11
         17    26    36    47    60    76    93   112   132   153   174   192   207   220   228   230   228   218   298   298
        298   298   298   298   298   298   298   298   298   298   298   298   298   298   298   298   298   298   298   298
        298   298   298   298   298   298   298   298   298   298   298   298   298   298   298   298   298   298   298   298
        298   298
  40   1000   988   952   894   820   733   639   544   451   366   289   224   169   124    89    63    44    30    20    14
          9     7     5     5     4     4     4     3     2     1     0     1     2     3     4     5     7     9    13    19
         31    42    55    70    89   109   131   155   179   204   225   243   258   267   270   267   256   349   349   349
        349   349   349   349   349   349   349   349   349   349   349   349   349   349   349   349   349   349   349   349
        349   349   349   349   349   349   349   349   349   349   349   349   349   349   349   349   349   349   349   349
        349
  41   1000   988   952   894   820   733   640   544   452   366   291   225   169   125    90    64    44    31    21    14
         10     8     6     6     5     5     4     2     1     1     1     2     3     5     6     8    11    15    22    36
         48    63    81   102   125   151   178   206   234   259   279   297   307   311   307   294   402   402   402   402
        402   402   402   402   402   402   402   402   402   402   402   402   402   402   402   402   402   402   402   402
        402   402   402   402   402   402   402   402   402   402   402   402   402   402   402   402   402   402   402   402
  42   1000   988   951   894   820   733   639   544   451   367   291   225   169   125    91    64    45    31    21    15
         11     8     7     6     6     4     3     2     1     1     2     3     5     7     9    12    17    25    40    54
         71    91   115   141   170   201   232   263   291   314   334   345   349   345   331   452   452   452   452   452
        452   452   452   452   452   452   452   452   452   452   452   452   452   452   452   452   452   452   452   452
        452   452   452   452   452   452   452   452   452   452   452   452   452   452   452   452   452   452   452
  43   1000   988   952   894   820   733   640   545   454   369   292   226   171   127    92    66    46    32    23    16
         12    10     8     8     5     3     2     1     1     2     4     6     8    10    13    19    28    45    60    79
        101   127   156   188   222   257   292   322   348   370   383   387   382   367   501   501   501   501   501   501
        501   501   501   501   501   501   501   501   501   501   501   501   501   501   501   501   501   501   501   501
        501   501   501   501   501   501   501   501   501   501   501   501   501   501   501   501   501   501
  44   1000   988   952   895   821   734   641   547   456   370   293   228   173   128    93    67    47    33    24    17
         13    11    10     7     4     2     1     1     3     4     6     9    11    15    20    30    48    65    85   109
        138   169   205   241   279   317   350   378   402   415   420   415   398   545   545   545   545   545   545   545
        545   545   545   545   545   545   545   545   545   545   545   545   545   545   545   545   545   545   545   545
        545   545   545   545   545   545   545   545   545   545   545   545   545   545   545   545   545
  45   1000   988   952   894   820   734   642   548   456   370   294   228   173   128    94    67    47    34    24    18
         14    12     8     5     3     1     2     3     4     7     9    12    15    22    32    51    69    90   116   146
        179   216   255   295   336   370   400   425   440   444   439   421   576   576   576   576   576   576   576   576
        576   576   576   576   576   576   576   576   576   576   576   576   576   576   576   576   576   576   576   576
        576   576   576   576   576   576   576   576   576   576   576   576   576   576   576   576
  46   1000   988   952   895   821   735   643   548   456   371   295   229   174   129    94    68    48    34    25    19
         15    10     6     4     2     2     3     5     7     9    12    16    22    33    53    72    94   121   152   187
        226   266   308   350   386   417   444   458   463   458   439   601   601   601   601   601   601   601   601   601
        601   601   601   601   601   601   601   601   601   601   601   601   601   601   601   601   601   601   601   601
        601   601   601   601   601   601   601   601   601   601   601   601   601   601   601
  47   1000   988   952   895   821   736   643   548   456   371   295   229   174   129    94    68    48    35    25    19
         13     8     5     2     2     3     5     7    10    12    16    23    34    54    73    96   123   155   190   230
        271   314   356   393   425   452   467   472   467   448   612   612   612   612   612   612   612   612   612   612
        612   612   612   612   612   612   612   612   612   612   612   612   612   612   612   612   612   612   612   612
        612   612   612   612   612   612   612   612   612   612   612   612   612   612
  48   1000   988   952   895   822   736   643   549   457   371   295   229   174   129    94    68    49    35    26    17
         11     6     3     3     4     5     7    10    12    16    23    34    54    73    96   123   155   191   230   271
        314   356   393   425   452   467   472   467   448   612   612   612   612   612   612   612   612   612   612   612
        612   612   612   612   612   612   612   612   612   612   612   612   612   612   612   612   612   612   612   612
        612   612   612   612   612   612   612   612   612   612   612   612   612
  49   1000   988   952   896   822   736   644   549   457   372   296   230   174   130    95    69    50    36    24    15
          9     5     4     4     6     7    10    12    16    23    34    54    72    95   122   154   189   228   269   311
        353   389   421   447   462   467   462   443   606   606   606   606   606   606   606   606   606   606   606   606
        606   606   606   606   606   606   606   606   606   606   606   606   606   606   606   606   606   606   606   606
        606   606   606   606   606   606   606   606   606   606   606   606
  50   1000   988   952   896   822   737   644   549   458   372   296   230   175   130    95    69    50    34    22    14
          8     6     5     6     8    10    12    16    22    33    52    70    92   118   148   182   220   260   300   341
        376   407   432   447   452   447   428   586   586   586   586   586   586   586   586   586   586   586   586   586
        586   586   586   586   586   586   586   586   586   586   586   586   586   586   586   586   586   586   586   586
        586   586   586   586   586   586   586   586   586   586   586
  51   1000   988   952   895   822   737   644   549   458   372   296   230   175   131    96    70    48    32    21    13
          9     7     7     8    10    12    15    21    31    50    67    88   113   142   175   211   249   288   327   360
        390   414   428   433   428   411   562   562   562   562   562   562   562   562   562   562   562   562   562   562
        562   562   562   562   562   562   562   562   562   562   562   562   562   562   562   562   562   562   562   562
        562   562   562   562   562   562   562   562   562   562
  52   1000   988   952   896   822   736   644   549   457   372   296   230   175   131    96    67    46    30    19    13
         10     9     9    10    12    15    20    29    47    63    83   106   134   164   198   234   270   307   339   366
        389   402   407   402   386   529   529   529   529   529   529   529   529   529   529   529   529   529   529   529
        529   529   529   529   529   529   529   529   529   529   529   529   529   529   529   529   529   529   529   529
        529   529   529   529   529   529   529   529   529
  53   1000   988   952   896   822   736   644   549   457   372   296   230   175   130    94    65    44    29    20    14
         11    10    10    11    14    19    27    43    58    76    98   123   152   183   216   250   284   313   338   360
        372   376   371   356   488   488   488   488   488   488   488   488   488   488   488   488   488   488   488   488
        488   488   488   488   488   488   488   488   488   488   488   488   488   488   488   488   488   488   488   488
        488   488   488   488   488   488   488   488
  54   1000   988   952   896   822   736   644   549   457   372   295   230   175   128    92    64    43    29    20    15
         12    11    12    13    17    25    40    53    70    89   112   138   167   197   227   258   285   308   328   339
        342   338   325   445   445   445   445   445   445   445   445   445   445   445   445   445   445   445   445   445
        445   445   445   445   445   445   445   445   445   445   445   445   445   445   445   445   445   445   445   445
        445   445   445   445   445   445   445
  55   1000   988   952   896   822   736   643   549   457   372   295   229   173   126    90    63    43    30    21    16
         13    13    13    16    23    36    48    63    81   101   125   150   178   205   233   257   278   296   306   309
        306   293   402   402   402   402   402   402   402   402   402   402   402   402   402   402   402   402   402   402
        402   402   402   402   402   402   402   402   402   402   402   402   402   402   402   402   402   402   402   402
        402   402   402   402   402   402
  56   1000   988   952   896   822   736   643   549   457   371   295   228   171   125    90    63    44    31    22    17
         14    14    16    21    33    43    56    72    91   111   134   158   183   208   230   248   264   273   276   273
        262   359   359   359   359   359   359   359   359   359   359   359   359   359   359   359   359   359   359   359
        359   359   359   359   359   359   359   359   359   359   359   359   359   359   359   359   359   359   359   359
        359   359   359   359   359
  57   1000   988   952   895   822   736   643   549   457   371   294   226   170   125    90    64    45    32    23    18
         16    16    20    29    38    50    64    80    98   119   140   162   184   203   219   233   241   244   241   231
        317   317   317   317   317   317   317   317   317   317   317   317   317   317   317   317   317   317   317   317
        317   317   317   317   317   317   317   317   317   317   317   317   317   317   317   317   317   317   317   317
        317   317   317   317
  58   1000   988   952   895   822   736   643   548   456   370   292   225   169   125    90    64    46    33    24    19
         18    20    27    34    44    56    70    86   104   123   142   161   178   192   205   212   214   211   203   279
        279   279   279   279   279   279   279   279   279   279   279   279   279   279   279   279   279   279   279   279
        279   279   279   279   279   279   279   279   279   279   279   279   279   279   279   279   279   279   279   279
        279   279   279
  59   1000   988   952   895   822   736   643   548   455   369   292   225   169   125    91    65    46    33    25    21
         21    26    31    39    49    62    76    91   107   124   141   155   168   179   185   187   185   177   244   244
        244   244   244   244   244   244   244   244   244   244   244   244   244   244   244   244   244   244   244   244
        244   244   244   244   244   244   244   244   244   244   244   244   244   244   244   244   244   244   244   244
        244   244
  60   1000   988   952   895   822   736   643   547   455   368   291   225   170   126    91    65    47    34    26    23
         26    29    35    44    54    66    79    93   107   122   135   145   155   160   162   160   153   211   211   211
        211   211   211   211   211   211   211   211   211   211   211   211   211   211   211   211   211   211   211   211
        211   211   211   211   211   211   211   211   211   211   211   211   211   211   211   211   211   211   211   211
        211
  61   1000   988   952   895   821   736   642   547   454   368   291   225   170   126    92    66    47    35    28    28
         29    33    39    47    57    68    80    93   105   116   126   134   138   140   138   133   183   183   183   183
        183   183   183   183   183   183   183   183   183   183   183   183   183   183   183   183   183   183   183   183
        183   183   183   183   183   183   183   183   183   183   183   183   183   183   183   183   183   183   183   183
  62   1000   988   952   895   821   735   641   546   454   368   291   226   171   126    92    66    48    37    32    30
         32    36    42    50    59    70    80    91   100   109   115   119   121   119   115   158   158   158   158   158
        158   158   158   158   158   158   158   158   158   158   158   158   158   158   158   158   158   158   158   158
        158   158   158   158   158   158   158   158   158   158   158   158   158   158   158   158   158   158   158
  63   1000   988   952   895   821   735   641   546   454   368   292   226   171   127    92    67    50    40    34    33
         34    38    44    52    60    69    78    86    93    99   103   104   103    99   136   136   136   136   136   136
        136   136   136   136   136   136   136   136   136   136   136   136   136   136   136   136   136   136   136   136
        136   136   136   136   136   136   136   136   136   136   136   136   136   136   136   136   136   136
  64   1000   988   952   895   821   734   641   546   454   368   292   226   171   127    93    69    53    42    36    35
         36    40    46    53    60    68    75    81    86    88    89    88    85   118   118   118   118   118   118   118
        118   118   118   118   118   118   118   118   118   118   118   118   118   118   118   118   118   118   118   118
        118   118   118   118   118   118   118   118   118   118   118   118   118   118   118   118   118
  65   1000   988   952   895   821   734   641   546   454   369   292   226   172   128    94    71    54    44    38    37
         38    42    47    52    59    64    69    74    76    77    76    73   102   102   102   102   102   102   102   102
        102   102   102   102   102   102   102   102   102   102   102   102   102   102   102   102   102   102   102   102
        102   102   102   102   102   102   102   102   102   102   102   102   102   102   102   102
  66   1000   988   952   895   820   734   641   546   454   369   292   227   172   129    96    72    56    45    40    38
         39    42    46    51    56    60    64    66    66    66    63    88    88    88    88    88    88    88    88    88
         88    88    88    88    88    88    88    88    88    88    88    88    88    88    88    88    88    88    88    88
         88    88    88    88    88    88    88    88    88    88    88    88    88    88    88
  67   1000   988   952   895   821   734   641   547   455   369   293   227   173   130    97    73    56    46    40    38
         38    40    43    46    49    52    54    54    54    51    72    72    72    72    72    72    72    72    72    72
         72    72    72    72    72    72    72    72    72    72    72    72    72    72    72    72    72    72    72    72
         72    72    72    72    72    72    72    72    72    72    72    72    72    72
  68   1000   988   952   895   821   735   642   547   455   369   293   228   174   131    98    73    56    45    39    36
         36    37    38    40    42    43    43    43    41    57    57    57    57    57    57    57    57    57    57    57
         57    57    57    57    57    57    57    57    57    57    57    57    57    57    57    57    57    57    57    57
         57    57    57    57    57    57    57    57    57    57    57    57    57
  69   1000   988   952   895   821   735   642   547   455   370   293   228   174   131    98    73    56    45    38    34
         33    33    33    34    35    35    34    33    46    46    46    46    46    46    46    46    46    46    46    46
         46    46    46    46    46    46    46    46    46    46    46    46    46    46    46    46    46    46    46    46
         46    46    46    46    46    46    46    46    46    46    46    46
  70   1000   988   952   895   821   735   642   547   455   370   294   228   174   131    97    73    55    43    36    31
         29    28    28    28    27    27    25    36    36    36    36    36    36    36    36    36    36    36    36    36
         36    36    36    36    36    36    36    36    36    36    36    36    36    36    36    36    36    36    36    36
         36    36    36    36    36    36    36    36    36    36    36
  71   1000   988   952   895   821   735   642   547   455   370   294   229   174   131    97    72    54    42    34    29
         26    24    23    22    22    20    29    29    29    29    29    29    29    29    29    29    29    29    29    29
         29    29    29    29    29    29    29    29    29    29    29    29    29    29    29    29    29    29    29    29
         29    29    29    29    29    29    29    29    29    29
  72   1000   988   952   895   821   735   642   547   456   370   294   229   174   131    97    72    54    41    32    27
         23    21    20    19    17    26    26    26    26    26    26    26    26    26    26    26    26    26    26    26
         26    26    26    26    26    26    26    26    26    26    26    26    26    26    26    26    26    26    26    26
         26    26    26    26    26    26    26    26    26
  73   1000   988   952   895   821   735   642   548   456   371   294   229   175   131    97    71    53    40    31    25
         21    19    17    15    24    24    24    24    24    24    24    24    24    24    24    24    24    24    24    24
         24    24    24    24    24    24    24    24    24    24    24    24    24    24    24    24    24    24    24    24
         24    24    24    24    24    24    24    24
  74   1000   988   952   895   821   735   642   548   456   371   294   229   174   131    96    71    52    39    29    23
         19    16    14    23    23    23    23    23    23    23    23    23    23    23    23    23    23    23    23    23
         23    23    23    23    23    23    23    23    23    23    23    23    23    23    23    23    23    23    23    23
         23    23    23    23    23    23    23
  75   1000   988   952   895   821   735   642   548   456   370   294   228   174   130    95    69    50    37    27    21
         17    13    24    24    24    24    24    24    24    24    24    24    24    24    24    24    24    24    24    24
         24    24    24    24    24    24    24    24    24    24    24    24    24    24    24    24    24    24    24    24
         24    24    24    24    24    24
  76   1000   988   952   895   821   735   642   547   455   370   293   227   172   128    93    67    48    34    25    18
         14    26    26    26    26    26    26    26    26    26    26    26    26    26    26    26    26    26    26    26
         26    26    26    26    26    26    26    26    26    26    26    26    26    26    26    26    26    26    26    26
         26    26    26    26    26
  77   1000   988   952   895   821   734   641   546   454   368   292   225   170   125    91    64    45    31    22    15
         29    29    29    29    29    29    29    29    29    29    29    29    29    29    29    29    29    29    29    29
         29    29    29    29    29    29    29    29    29    29    29    29    29    29    29    29    29    29    29    29
         29    29    29    29
  78   1000   988   952   894   820   734   640   545   453   367   290   223   168   123    88    62    43    29    19    37
         37    37    37    37    37    37    37    37    37    37    37    37    37    37    37    37    37    37    37    37
         37    37    37    37    37    37    37    37    37    37    37    37    37    37    37    37    37    37    37    37
         37    37    37
  79   1000   988   951   894   820   733   640   545   452   366   289   223   168   123    88    62    43    29    52    52
         52    52    52    52    52    52    52    52    52    52    52    52    52    52    52    52    52    52    52    52
         52    52    52    52    52    52    52    52    52    52    52    52    52    52    52    52    52    52    52    52
         52    52
  80   1000   988   952   895   821   735   642   548   456   370   294   229   174   130    95    69    50    81    81    81
         81    81    81    81    81    81    81    81    81    81    81    81    81    81    81    81    81    81    81    81
         81    81    81    81    81    81    81    81    81    81    81    81    81    81    81    81    81    81    81    81
         81
  81   1000   988   952   895   821   735   642   548   456   371   295   229   175   131    97    70   108   108   108   108
        108   108   108   108   108   108   108   108   108   108   108   108   108   108   108   108   108   108   108   108
        108   108   108   108   108   108   108   108   108   108   108   108   108   108   108   108   108   108   108   108
  82   1000   988   952   895   821   736   643   548   457   372   296   231   176   133    97   141   141   141   141   141
        141   141   141   141   141   141   141   141   141   141   141   141   141   141   141   141   141   141   141   141
        141   141   141   141   141   141   141   141   141   141   141   141   141   141   141   141   141   141   141
  83   1000   988   952   895   822   736   643   549   458   372   297   232   177   133   180   180   180   180   180   180
        180   180   180   180   180   180   180   180   180   180   180   180   180   180   180   180   180   180   180   180
        180   180   180   180   180   180   180   180   180   180   180   180   180   180   180   180   180   180
  84   1000   988   952   895   822   736   644   550   458   374   298   233   178   226   226   226   226   226   226   226
        226   226   226   226   226   226   226   226   226   226   226   226   226   226   226   226   226   226   226   226
        226   226   226   226   226   226   226   226   226   226   226   226   226   226   226   226   226
  85   1000   988   952   895   821   736   644   549   459   374   299   233   277   277   277   277   277   277   277   277
        277   277   277   277   277   277   277   277   277   277   277   277   277   277   277   277   277   277   277   277
        277   277   277   277   277   277   277   277   277   277   277   277   277   277   277   277
  86   1000   988   952   895   822   737   644   550   460   375   299   334   334   334   334   334   334   334   334   334
        334   334   334   334   334   334   334   334   334   334   334   334   334   334   334   334   334   334   334   334
        334   334   334   334   334   334   334   334   334   334   334   334   334   334   334
  87   1000   988   952   895   822   736   644   551   460   374   393   393   393   393   393   393   393   393   393   393
        393   393   393   393   393   393   393   393   393   393   393   393   393   393   393   393   393   393   393   393
        393   393   393   393   393   393   393   393   393   393   393   393   393   393
  88   1000   988   952   896   822   737   645   551   459   454   454   454   454   454   454   454   454   454   454   454
        454   454   454   454   454   454   454   454   454   454   454   454   454   454   454   454   454   454   454   454
        454   454   454   454   454   454   454   454   454   454   454   454   454
  89   1000   988   953   896   823   738   647   552   516   516   516   516   516   516   516   516   516   516   516   516
        516   516   516   516   516   516   516   516   516   516   516   516   516   516   516   516   516   516   516   516
        516   516   516   516   516   516   516   516   516   516   516   516
  90   1000   988   952   896   823   738   645   569   569   569   569   569   569   569   569   569   569   569   569   569
        569   569   569   569   569   569   569   569   569   569   569   569   569   569   569   569   569   569   569   569
        569   569   569   569   569   569   569   569   569   569   569
  91   1000   988   952   896   823   737   614   614   614   614   614   614   614   614   614   614   614   614   614   614
        614   614   614   614   614   614   614   614   614   614   614   614   614   614   614   614   614   614   614   614
        614   614   614   614   614   614   614   614   614   614
  92   1000   988   953   897   823   654   654   654   654   654   654   654   654   654   654   654   654   654   654   654
        654   654   654   654   654   654   654   654   654   654   654   654   654   654   654   654   654   654   654   654
        654   654   654   654   654   654   654   654   654
  93   1000   988   953   896   676   676   676   676   676   676   676   676   676   676   676   676   676   676   676   676
        676   676   676   676   676   676   676   676   676   676   676   676   676   676   676   676   676   676   676   676
        676   676   676   676   676   676   676   676
  94   1000   988   952   683   683   683   683   683   683   683   683   683   683   683   683   683   683   683   683   683
        683   683   683   683   683   683   683   683   683   683   683   683   683   683   683   683   683   683   683   683
        683   683   683   683   683   683   683
  95   1000   988   676   676   676   676   676   676   676   676   676   676   676   676   676   676   676   676   676   676
        676   676   676   676   676   676   676   676   676   676   676   676   676   676   676   676   676   676   676   676
        676   676   676   676   676   676
  96   1000   647   647   647   647   647   647   647   647   647   647   647   647   647   647   647   647   647   647   647
        647   647   647   647   647   647   647   647   647   647   647   647   647   647   647   647   647   647   647   647
        647   647   647   647   647
  97   1000  1000  1000  1000  1000  1000  1000  1000  1000  1000  1000  1000  1000  1000  1000  1000  1000  1000  1000  1000
       1000  1000  1000  1000  1000  1000  1000  1000  1000  1000  1000  1000  1000  1000  1000  1000  1000  1000  1000  1000
       1000  1000  1000  1000
  98   1000  1000  1000  1000  1000  1000  1000  1000  1000  1000  1000  1000  1000  1000  1000  1000  1000  1000  1000  1000
       1000  1000  1000  1000  1000  1000  1000  1000  1000  1000  1000  1000  1000  1000  1000  1000  1000  1000  1000  1000
       1000  1000  1000
  99   1000  1000  1000  1000  1000  1000  1000  1000  1000  1000  1000  1000  1000  1000  1000  1000  1000  1000  1000  1000
       1000  1000  1000  1000  1000  1000  1000  1000  1000  1000  1000  1000  1000  1000  1000  1000  1000  1000  1000  1000
       1000  1000
 100   1000  1000  1000  1000  1000  1000  1000  1000  1000  1000  1000  1000  1000  1000  1000  1000  1000  1000  1000  1000
       1000  1000  1000  1000  1000  1000  1000  1000  1000  1000  1000  1000  1000  1000  1000  1000  1000  1000  1000  1000
       1000
 101   1000  1000  1000  1000  1000  1000  1000  1000  1000  1000  1000  1000  1000  1000  1000  1000  1000  1000  1000  1000
       1000  1000  1000  1000  1000  1000  1000  1000  1000  1000  1000  1000  1000  1000  1000  1000  1000  1000  1000  1000
 102   1000  1000  1000  1000  1000  1000  1000  1000  1000  1000  1000  1000  1000  1000  1000  1000  1000  1000  1000  1000
       1000  1000  1000  1000  1000  1000  1000  1000  1000  1000  1000  1000  1000  1000  1000  1000  1000  1000  1000
 103   1000  1000  1000  1000  1000  1000  1000  1000  1000  1000  1000  1000  1000  1000  1000  1000  1000  1000  1000  1000
       1000  1000  1000  1000  1000  1000  1000  1000  1000  1000  1000  1000  1000  1000  1000  1000  1000  1000
 104   1000  1000  1000  1000  1000  1000  1000  1000  1000  1000  1000  1000  1000  1000  1000  1000  1000  1000  1000  1000
       1000  1000  1000  1000  1000  1000  1000  1000  1000  1000  1000  1000  1000  1000  1000  1000  1000
 105   1000  1000  1000  1000  1000  1000  1000  1000  1000  1000  1000  1000  1000  1000  1000  1000  1000  1000  1000  1000
       1000  1000  1000  1000  1000  1000  1000  1000  1000  1000  1000  1000  1000  1000  1000  1000
 106   1000  1000  1000  1000  1000  1000  1000  1000  1000  1000  1000  1000  1000  1000  1000  1000  1000  1000  1000  1000
       1000  1000  1000  1000  1000  1000  1000  1000  1000  1000  1000  1000  1000  1000  1000
 107   1000  1000  1000  1000  1000  1000  1000  1000  1000  1000  1000  1000  1000  1000  1000  1000  1000  1000  1000  1000
       1000  1000  1000  1000  1000  1000  1000  1000  1000  1000  1000  1000  1000  1000
 108   1000  1000  1000  1000  1000  1000  1000  1000  1000  1000  1000  1000  1000  1000  1000  1000  1000  1000  1000  1000
       1000  1000  1000  1000  1000  1000  1000  1000  1000  1000  1000  1000  1000
 109   1000  1000  1000  1000  1000  1000  1000  1000  1000  1000  1000  1000  1000  1000  1000  1000  1000  1000  1000  1000
       1000  1000  1000  1000  1000  1000  1000  1000  1000  1000  1000  1000
 110   1000  1000  1000  1000  1000  1000  1000  1000  1000  1000  1000  1000  1000  1000  1000  1000  1000  1000  1000  1000
       1000  1000  1000  1000  1000  1000  1000  1000  1000  1000  1000
 111   1000  1000  1000  1000  1000  1000  1000  1000  1000  1000  1000  1000  1000  1000  1000  1000  1000  1000  1000  1000
       1000  1000  1000  1000  1000  1000  1000  1000  1000  1000
 112   1000  1000  1000  1000  1000  1000  1000  1000  1000  1000  1000  1000  1000  1000  1000  1000  1000  1000  1000  1000
       1000  1000  1000  1000  1000  1000  1000  1000  1000
 113   1000  1000  1000  1000  1000  1000  1000  1000  1000  1000  1000  1000  1000  1000  1000  1000  1000  1000  1000  1000
       1000  1000  1000  1000  1000  1000  1000  1000
 114   1000  1000  1000  1000  1000  1000  1000  1000  1000  1000  1000  1000  1000  1000  1000  1000  1000  1000  1000  1000
       1000  1000  1000  1000  1000  1000  1000
 115   1000  1000  1000  1000  1000  1000  1000  1000  1000  1000  1000  1000  1000  1000  1000  1000  1000  1000  1000  1000
       1000  1000  1000  1000  1000  1000
 116   1000  1000  1000  1000  1000  1000  1000  1000  1000  1000  1000  1000  1000  1000  1000  1000  1000  1000  1000  1000
       1000  1000  1000  1000  1000
 117   1000  1000  1000  1000  1000  1000  1000  1000  1000  1000  1000  1000  1000  1000  1000  1000  1000  1000  1000  1000
       1000  1000  1000  1000
 118   1000  1000  1000  1000  1000  1000  1000  1000  1000  1000  1000  1000  1000  1000  1000  1000  1000  1000  1000  1000
       1000  1000  1000
 119   1000  1000  1000  1000  1000  1000  1000  1000  1000  1000  1000  1000  1000  1000  1000  1000  1000  1000  1000  1000
       1000  1000
 120   1000  1000  1000  1000  1000  1000  1000  1000  1000  1000  1000  1000  1000  1000  1000  1000  1000  1000  1000  1000
       1000
 121   1000  1000  1000  1000  1000  1000  1000  1000  1000  1000  1000  1000  1000  1000  1000  1000  1000  1000  1000  1000
 122   1000  1000  1000  1000  1000  1000  1000  1000  1000  1000  1000  1000  1000  1000  1000  1000  1000  1000  1000
 123   1000  1000  1000  1000  1000  1000  1000  1000  1000  1000  1000  1000  1000  1000  1000  1000  1000  1000
 124   1000  1000  1000  1000  1000  1000  1000  1000  1000  1000  1000  1000  1000  1000  1000  1000  1000
 125   1000  1000  1000  1000  1000  1000  1000  1000  1000  1000  1000  1000  1000  1000  1000  1000
 126   1000  1000  1000  1000  1000  1000  1000  1000  1000  1000  1000  1000  1000  1000  1000
 127   1000  1000  1000  1000  1000  1000  1000  1000  1000  1000  1000  1000  1000  1000
 128   1000  1000  1000  1000  1000  1000  1000  1000  1000  1000  1000  1000  1000
 129   1000  1000  1000  1000  1000  1000  1000  1000  1000  1000  1000  1000
 130   1000  1000  1000  1000  1000  1000  1000  1000  1000  1000  1000
 131   1000  1000  1000  1000  1000  1000  1000  1000  1000  1000
 132   1000  1000  1000  1000  1000  1000  1000  1000  1000
 133   1000  1000  1000  1000  1000  1000  1000  1000
 134   1000  1000  1000  1000  1000  1000  1000
 135   1000  1000  1000  1000  1000  1000
 136   1000  1000  1000  1000  1000
 137   1000  1000  1000  1000
 138   1000  1000  1000
 139   1000  1000
 140   1000

 Finished!
