NIF_RUN Passive 18x snout on TANDM 90-348 Pinhole
  140    5    1    0    0
   0.00500   9.00000   0.03000   0.03000
   0.0000000   0   0 1.00000000E+00   1.0000000
ZR902    1.706E-12 0.010       0.00       0.00        (    )
IN115N   4.881E-13 0.007       0.00       0.00        (    )
AU197G   8.079E-14 0.010       0.00 AUNG  3.94 IFX    (ISTP)
IN115G   1.161E-13 0.020       0.00 INNG 39.37 IFX    (ISTP)
AU1972   1.218E-11 0.053       0.00       0.00        (    )
Flux Uncertainty
   7
 1.0000E-11 1.0000E-07 5.0000E-01 1.0000E+00 1.0000E+01 1.3000E+01 2.0100E+01
 1.0000E+00 1.0000E+00 5.0000E-01 2.5000E-01 2.5000E-01 5.0000E-02 3.0000E-02
Input Flux Spectrum
 140   1 1.000E+00 2.000E+01 5.000E-08
 3.4387E+14 3.4381E+13 2.3794E+13 1.1447E+13 1.1866E+13 7.8864E+12 5.5637E+12
 3.5714E+12 2.4001E+12 1.7354E+12 9.9418E+11 6.4259E+11 4.2947E+11 2.8308E+11
 1.6444E+11 1.6041E+11 8.0138E+11 5.9181E+11 9.3457E+11 6.7574E+11 7.4423E+11
 8.5453E+11 7.5488E+11 6.6050E+11 6.1085E+11 4.9634E+11 4.3918E+11 3.6262E+11
 2.8029E+11 2.3820E+11 1.9275E+11 1.5216E+11 1.4586E+11 1.3456E+11 1.7440E+11
 2.2696E+11 2.5642E+11 3.0387E+11 3.2829E+11 3.3408E+11 3.2468E+11 3.3225E+11
 3.2834E+11 3.1797E+11 2.9343E+11 2.7310E+11 2.6213E+11 2.3963E+11 2.2913E+11
 2.0404E+11 1.8908E+11 1.7778E+11 1.7198E+11 1.6536E+11 1.6733E+11 1.6758E+11
 1.7058E+11 1.7907E+11 1.9334E+11 2.0393E+11 2.2050E+11 2.3684E+11 2.6011E+11
 2.7950E+11 3.0211E+11 3.1641E+11 3.2476E+11 3.3153E+11 3.3801E+11 2.9937E+11
 2.8793E+11 2.5335E+11 2.4758E+11 2.3142E+11 1.7835E+11 1.4284E+11 1.8728E+11
 8.1679E+10 7.0023E+10 7.3664E+10 6.9407E+10 6.1102E+10 5.9550E+10 6.0250E+10
 6.1815E+10 7.2020E+10 7.4496E+10 7.6206E+10 8.3261E+10 8.2909E+10 6.9321E+10
 7.9659E+10 1.0176E+11 1.3103E+12 1.4540E+12 0.0000E+00 0.0000E+00 0.0000E+00
 0.0000E+00 0.0000E+00 0.0000E+00 0.0000E+00 0.0000E+00 0.0000E+00 0.0000E+00
 0.0000E+00 0.0000E+00 0.0000E+00 0.0000E+00 0.0000E+00 0.0000E+00 0.0000E+00
 0.0000E+00 0.0000E+00 0.0000E+00 0.0000E+00 0.0000E+00 0.0000E+00 0.0000E+00
 0.0000E+00 0.0000E+00 0.0000E+00 0.0000E+00 0.0000E+00 0.0000E+00 0.0000E+00
 0.0000E+00 0.0000E+00 0.0000E+00 0.0000E+00 0.0000E+00 0.0000E+00 0.0000E+00
 0.0000E+00 0.0000E+00 0.0000E+00 0.0000E+00 0.0000E+00 0.0000E+00 0.0000E+00
   10   13   28   11    8    5    8    7   10   40



                         ==============================
                               STAYSL PNNL OUTPUT
                         ==============================

 STAYSL PNNL, version 1.2.0, 2015-08-05


 SCENARIO TITLE: NIF_RUN Passive 18x snout on TANDM 90-348 Pinhole
 -------------------------------------------------------------------------------
  NGROUP =   140    NRXN =     5    ACTIVITY NORM = 1.00000E+00

  COVARIANCE PARAMETERS (FCHN, FCVX, ACVX, FS)
    FLUXES:      WIDTH =  9.0000E+00   LONG RANGE COVAR. =  3.0000E-02
            ACTIVITIES =  5.0000E-03   X-SECT CROSS COR. =  3.0000E-02

    DETERM =   1.9176 × 10^  -1.00      ERROR =  -8.8818E-16

  INPUT NORMALIZATION DATA
    AK1   =     0.00000     VAK        =     0.00090
    NORML =           0     RENORM     = 1.02504E+00
    CHI²  =    88.68875     NORM. CHI² =    22.17219

  DOSIMETRY ACTIVITIES
     ———— INPUTS —————  -UNADJUSTED FLUX-  — ADJUSTED FLUX —    CHI²  90% ACTIVITIES RANGE
 RXN  MEASURED     ±%   ACTIVITY    %DIFF  ACTIVITY    %DIFF  CONTRIB --LOW E-- --HIGH E--   REACTION          CVR
  1  1.706E-12    1.00  1.656E-12   -2.94  1.572E-12   -7.86   -4.252  1.30E+01  1.40E+01  ZR90(N,2N)ZR89          
  2  4.881E-13    0.70  4.936E-13    1.12  5.024E-13    2.92   -0.085  1.60E+00  1.40E+01  IN115(N,N')IN115M       
  3  8.079E-14    1.00  8.161E-14    1.01  8.306E-14    2.81   -0.051  5.75E-04  7.40E+00  AU197(N,G)AU198         
  4  1.161E-13    2.00  1.179E-13    1.58  1.190E-13    2.50    0.091  9.20E-03  3.30E+00  IN115(N,G)IN116M        
  5  1.218E-11    5.30  6.463E-12  -46.94  6.150E-12  -49.51   92.986  1.20E+01  1.40E+01  AU197(N,2N)AU196        

             % STD. DEV.  =         23.54              25.18

                              CHECK INPUT, IT IS RATHER UNLIKELY !
                                   *** BEWARE OF OUTPUT ! ***


  DIFFERENTIAL FLUXES (input is normalized by a factor of 1.0250E+00)
                  —————— DIFFERENTIAL FLUX —————   ———— STD. DEV. % ————   INTEGRAL
 GRP    ENERGY        NEW         OLD      RATIO    NEW     OLD    RATIO   FLUX > E     ± %
   1  1.0000E-10  3.4672E+14  3.5248E+14   0.984   99.94  100.00   0.999  4.1575E+12    2.49
   2  1.0000E-09  3.4671E+13  3.5242E+13   0.984   99.94  100.00   0.999  4.1575E+12    2.49
   3  1.0000E-08  2.3996E+13  2.4390E+13   0.984   99.94  100.00   0.999  4.1575E+12    2.49
   4  2.3000E-08  1.1545E+13  1.1734E+13   0.984   99.93  100.00   0.999  4.1575E+12    2.49
   5  5.0000E-08  1.1968E+13  1.2163E+13   0.984   99.93  100.00   0.999  4.1575E+12    2.49
   6  7.6000E-08  7.9561E+12  8.0838E+12   0.984   99.62   99.69   0.999  4.1575E+12    2.49
   7  1.1500E-07  5.6152E+12  5.7030E+12   0.985   98.43   98.51   0.999  4.1575E+12    2.49
   8  1.7000E-07  3.6073E+12  3.6608E+12   0.985   96.68   96.77   0.999  4.1575E+12    2.49
   9  2.5500E-07  2.4273E+12  2.4602E+12   0.987   94.93   95.03   0.999  4.1575E+12    2.49
  10  3.8000E-07  1.7585E+12  1.7788E+12   0.989   93.28   93.41   0.999  4.1575E+12    2.49
  11  5.5000E-07  1.0100E+12  1.0191E+12   0.991   91.59   91.76   0.998  4.1575E+12    2.49
  12  8.4000E-07  6.5499E+11  6.5868E+11   0.994   89.81   90.04   0.997  4.1575E+12    2.49
  13  1.2750E-06  4.3953E+11  4.4022E+11   0.998   88.08   88.41   0.996  4.1575E+12    2.49
  14  1.9000E-06  2.9109E+11  2.9017E+11   1.003   86.39   86.86   0.995  4.1575E+12    2.49
  15  2.8000E-06  1.7001E+11  1.6856E+11   1.009   84.64   85.31   0.992  4.1575E+12    2.49
  16  4.2500E-06  1.6682E+11  1.6443E+11   1.015   82.84   83.77   0.989  4.1575E+12    2.49
  17  6.3000E-06  8.3868E+11  8.2144E+11   1.021   81.06   82.33   0.985  4.1575E+12    2.49
  18  9.2000E-06  6.2344E+11  6.0663E+11   1.028   79.24   80.93   0.979  4.1575E+12    2.49
  19  1.3500E-05  9.9101E+11  9.5797E+11   1.034   77.26   79.45   0.972  4.1575E+12    2.49
  20  2.1000E-05  7.2120E+11  6.9266E+11   1.041   75.27   78.04   0.965  4.1575E+12    2.49
  21  3.0000E-05  7.9928E+11  7.6286E+11   1.048   73.31   76.72   0.956  4.1575E+12    2.49
  22  4.5000E-05  9.2297E+11  8.7592E+11   1.054   71.21   75.30   0.946  4.1575E+12    2.49
  23  6.9000E-05  8.1958E+11  7.7378E+11   1.059   69.16   73.96   0.935  4.1575E+12    2.49
  24  1.0000E-04  7.2053E+11  6.7704E+11   1.064   67.34   72.85   0.924  4.1574E+12    2.49
  25  1.3500E-04  6.6925E+11  6.2614E+11   1.069   65.76   71.99   0.913  4.1574E+12    2.49
  26  1.7000E-04  5.4581E+11  5.0877E+11   1.073   64.28   71.21   0.903  4.1574E+12    2.49
  27  2.2000E-04  4.8438E+11  4.5017E+11   1.076   62.85   70.41   0.893  4.1574E+12    2.49
  28  2.8000E-04  4.0085E+11  3.7170E+11   1.078   61.50   69.64   0.883  4.1573E+12    2.49
  29  3.6000E-04  3.1036E+11  2.8731E+11   1.080   60.23   68.90   0.874  4.1573E+12    2.49
  30  4.5000E-04  2.6404E+11  2.4416E+11   1.081   59.04   68.18   0.866  4.1573E+12    2.49
  31  5.7500E-04  2.1375E+11  1.9758E+11   1.082   57.82   67.39   0.858  4.1572E+12    2.49
  32  7.6000E-04  1.6874E+11  1.5597E+11   1.082   56.64   66.62   0.850  4.1572E+12    2.49
  33  9.6000E-04  1.6169E+11  1.4951E+11   1.081   55.49   65.85   0.843  4.1572E+12    2.49
  34  1.2750E-03  1.4905E+11  1.3793E+11   1.081   54.33   65.10   0.835  4.1571E+12    2.49
  35  1.6000E-03  1.9301E+11  1.7877E+11   1.080   53.24   64.44   0.826  4.1571E+12    2.49
  36  2.0000E-03  2.5086E+11  2.3264E+11   1.078   52.04   63.69   0.817  4.1570E+12    2.49
  37  2.7000E-03  2.8299E+11  2.6284E+11   1.077   50.80   62.94   0.807  4.1568E+12    2.49
  38  3.4000E-03  3.3480E+11  3.1148E+11   1.075   49.55   62.22   0.796  4.1566E+12    2.49
  39  4.5000E-03  3.6109E+11  3.3651E+11   1.073   48.29   61.56   0.784  4.1563E+12    2.49
  40  5.5000E-03  3.6679E+11  3.4244E+11   1.071   47.01   60.91   0.772  4.1559E+12    2.49
  41  7.2000E-03  3.5579E+11  3.3281E+11   1.069   45.66   60.21   0.758  4.1553E+12    2.49
  42  9.2000E-03  3.6339E+11  3.4057E+11   1.067   44.30   59.53   0.744  4.1546E+12    2.49
  43  1.2000E-02  3.5849E+11  3.3656E+11   1.065   42.96   58.88   0.730  4.1535E+12    2.50
  44  1.5000E-02  3.4663E+11  3.2593E+11   1.064   41.66   58.28   0.715  4.1525E+12    2.50
  45  1.9000E-02  3.1941E+11  3.0078E+11   1.062   40.31   57.59   0.700  4.1511E+12    2.50
  46  2.5500E-02  2.9691E+11  2.7994E+11   1.061   39.02   56.92   0.686  4.1490E+12    2.51
  47  3.2000E-02  2.8472E+11  2.6869E+11   1.060   37.85   56.35   0.672  4.1471E+12    2.51
  48  4.0000E-02  2.6005E+11  2.4563E+11   1.059   36.71   55.73   0.659  4.1448E+12    2.51
  49  5.2500E-02  2.4845E+11  2.3487E+11   1.058   35.68   55.10   0.648  4.1415E+12    2.52
  50  6.6000E-02  2.2103E+11  2.0915E+11   1.057   34.77   54.47   0.638  4.1382E+12    2.52
  51  8.8000E-02  2.0457E+11  1.9381E+11   1.055   34.03   53.85   0.632  4.1333E+12    2.53
  52  1.1000E-01  1.9204E+11  1.8223E+11   1.054   33.55   53.34   0.629  4.1288E+12    2.53
  53  1.3500E-01  1.8537E+11  1.7629E+11   1.052   33.33   52.89   0.630  4.1240E+12    2.53
  54  1.6000E-01  1.7769E+11  1.6950E+11   1.048   33.37   52.49   0.636  4.1194E+12    2.53
  55  1.9000E-01  1.7908E+11  1.7152E+11   1.044   33.66   52.11   0.646  4.1141E+12    2.52
  56  2.2000E-01  1.7842E+11  1.7178E+11   1.039   34.15   51.77   0.660  4.1087E+12    2.52
  57  2.5500E-01  1.8043E+11  1.7485E+11   1.032   34.79   51.45   0.676  4.1024E+12    2.51
  58  2.9000E-01  1.8796E+11  1.8355E+11   1.024   35.50   51.19   0.693  4.0961E+12    2.50
  59  3.2000E-01  2.0114E+11  1.9818E+11   1.015   36.14   50.94   0.709  4.0905E+12    2.49
  60  3.6000E-01  2.1006E+11  2.0904E+11   1.005   36.56   50.69   0.721  4.0824E+12    2.47
  61  4.0000E-01  2.2472E+11  2.2602E+11   0.994   36.64   50.44   0.727  4.0740E+12    2.45
  62  4.5000E-01  2.3875E+11  2.4277E+11   0.983   36.28   50.19   0.723  4.0628E+12    2.42
  63  5.0000E-01  2.5944E+11  2.6662E+11   0.973   33.83   47.80   0.708  4.0509E+12    2.39
  64  5.5000E-01  2.7643E+11  2.8650E+11   0.965   29.66   43.64   0.679  4.0379E+12    2.36
  65  6.0000E-01  2.9707E+11  3.0967E+11   0.959   25.42   39.87   0.638  4.0241E+12    2.34
  66  6.6000E-01  3.1018E+11  3.2433E+11   0.956   21.20   36.41   0.582  4.0063E+12    2.31
  67  7.2000E-01  3.1818E+11  3.3289E+11   0.956   17.27   33.51   0.516  3.9876E+12    2.28
  68  7.8000E-01  3.2536E+11  3.3983E+11   0.957   13.67   31.04   0.440  3.9686E+12    2.26
  69  8.4000E-01  3.3304E+11  3.4647E+11   0.961   10.38   28.61   0.363  3.9490E+12    2.24
  70  9.2000E-01  2.9669E+11  3.0686E+11   0.967    7.70   26.25   0.293  3.9224E+12    2.22
  71  1.0000E+00  2.8739E+11  2.9514E+11   0.974    6.26   25.17   0.249  3.8987E+12    2.21
  72  1.2000E+00  2.5518E+11  2.5969E+11   0.983    6.14   25.17   0.244  3.8412E+12    2.18
  73  1.4000E+00  2.5219E+11  2.5378E+11   0.994    6.91   25.17   0.274  3.7901E+12    2.16
  74  1.6000E+00  2.3886E+11  2.3721E+11   1.007    8.06   25.17   0.320  3.7397E+12    2.15
  75  1.8000E+00  1.8685E+11  1.8281E+11   1.022    9.14   25.17   0.363  3.6919E+12    2.15
  76  2.0000E+00  1.5209E+11  1.4642E+11   1.039    9.85   25.17   0.391  3.6546E+12    2.16
  77  2.3000E+00  2.0284E+11  1.9197E+11   1.057    9.98   25.17   0.397  3.6089E+12    2.19
  78  2.6000E+00  9.0026E+10  8.3724E+10   1.075    9.39   25.17   0.373  3.5481E+12    2.25
  79  2.9000E+00  7.8522E+10  7.1776E+10   1.094    7.88   25.17   0.313  3.5211E+12    2.29
  80  3.3000E+00  8.3966E+10  7.5508E+10   1.112    4.89   25.17   0.194  3.4897E+12    2.33
  81  3.7000E+00  8.0279E+10  7.1145E+10   1.128    4.53   25.17   0.180  3.4561E+12    2.37
  82  4.1000E+00  7.1528E+10  6.2632E+10   1.142    7.96   25.17   0.316  3.4240E+12    2.41
  83  4.5000E+00  7.0303E+10  6.1041E+10   1.152    9.81   25.17   0.390  3.3954E+12    2.43
  84  5.0000E+00  7.1405E+10  6.1758E+10   1.156   10.57   25.17   0.420  3.3602E+12    2.44
  85  5.5000E+00  7.3135E+10  6.3363E+10   1.154   10.28   25.17   0.408  3.3245E+12    2.43
  86  6.0000E+00  8.4517E+10  7.3823E+10   1.145    8.81   25.17   0.350  3.2879E+12    2.39
  87  6.7000E+00  8.6097E+10  7.6361E+10   1.127    5.65   25.17   0.224  3.2288E+12    2.28
  88  7.4000E+00  8.6089E+10  7.8114E+10   1.102    4.84   25.17   0.192  3.1685E+12    2.12
  89  8.2000E+00  9.1256E+10  8.5345E+10   1.069    8.85   25.17   0.351  3.0996E+12    1.87
  90  9.0000E+00  8.7556E+10  8.4985E+10   1.030   11.09   25.17   0.441  3.0266E+12    1.55
  91  1.0000E+01  6.9937E+10  7.1056E+10   0.984    9.36   19.69   0.475  2.9391E+12    1.09
  92  1.1000E+01  7.8396E+10  8.1653E+10   0.960    4.95   11.45   0.433  2.8691E+12    0.76
  93  1.2000E+01  9.9540E+10  1.0431E+11   0.954    2.29    7.23   0.316  2.7907E+12    0.56
  94  1.3000E+01  1.2787E+12  1.3431E+12   0.952    0.95    5.65   0.169  2.6912E+12    0.45
  95  1.4000E+01  1.4125E+12  1.4904E+12   0.948    0.53    5.33   0.100  1.4125E+12    0.53
      1.5000E+01

  INTEGRALS OF SPECTRA
    OLD SPECTRUM   4.2512E+12   ±    7.503 %
    NEW SPECTRUM   4.1575E+12   ±    2.488 %

  SUMMARY OF BROAD-GROUP FLUXES, FLUENCES, AND UNCERTAINTIES

    IRRAD TIME [S] = 1.00000000E+00   ACT NORM =  1.00000000E+00

       ENERGY       FLUX       FLUENCE      STDEV %
      thermal    3.0870E+06  3.0870E+06  ±  90.03     (0.100 meV – 0.550  eV)
     epithermal  2.8698E+10  2.8698E+10  ±  27.18     (0.550  eV – 110.0 keV)
        fast     4.1288E+12  4.1288E+12  ±   2.53     (110.0 keV –  20.0 MeV)
        fast     3.8987E+12  3.8987E+12  ±   2.21     (  1.0 MeV –  20.0 MeV)
        high     0.0000E+00  0.0000E+00  ±   0.00     ( 20.0 MeV –  60.0 MeV)

    MINI-SPECTRUM

       ENERGY       FLUX       FLUENCE      STDEV %
     1.0000E-10  3.0870E+06  3.0870E+06  ±  90.03
     5.5000E-07  8.0287E+07  8.0287E+07  ±  69.41
     1.0000E-04  2.8617E+10  2.8617E+10  ±  27.33
     1.1000E-01  7.7958E+10  7.7958E+10  ±  28.74
     5.0000E-01  1.5222E+11  1.5222E+11  ±  16.42
     1.0000E+00  2.4409E+11  2.4409E+11  ±   6.01
     2.0000E+00  2.9436E+11  2.9436E+11  ±   3.65
     5.0000E+00  4.2113E+11  4.2113E+11  ±   3.03
     1.0000E+01  2.9391E+12  2.9391E+12  ±   1.09
     2.0000E+01  0.0000E+00  0.0000E+00  ±   0.00
     6.0000E+01

       TOTAL     4.1575E+12  4.1575E+12  ±   2.49

    RELATIVE COVARIANCES (10×10)
     1000    91   -53   -38     0    53    55   -46     4     0
     1000  -395  -251   137   583   101  -789    80     0
     1000  -597  -583   314   142  -685   454     0
     1000   393  -471  -246   763   389     0
     1000  -567 -1025  2558   421     0
     1000   252  -963  1326     0
     1000 *****  4204     0
     1000  7213     0
     1000     0
        0

  SPECTRAL-AVERAGED REACTION RATES (for all cross section library reactions)

        REACTIONS        SIG-PHI      <SIG>          REACTIONS        SIG-PHI      <SIG>          REACTIONS        SIG-PHI      <SIG>  
   ------------------  ----------  ----------   ------------------  ----------  ----------   ------------------  ----------  ----------
   LI6(N,A)T           3.7956E-13  9.1296E-26   FE58(N,G)FE59       5.0550E-15  1.2159E-27   IN115(N,N')IN115M   5.0235E-13  1.2083E-25
   B10(N,A)LI7         6.2116E-13  1.4941E-25   CO59(N,2N)CO58      1.8671E-12  4.4910E-25   IN115(N,2N)IN114M   3.7433E-12  9.0037E-25
   F19(N,2N)F18        9.5172E-14  2.2892E-26   CO59(N,3N)CO57      0.0000E+00  0.0000E+00   IN115(N,G)IN116M    1.2208E-13  2.9363E-26
   NA23(N,2N)NA22      5.4424E-14  1.3090E-26   CO59(N,G)CO60       1.3290E-14  3.1966E-27   I127(N,2N)I126      4.1302E-12  9.9344E-25
   NA23(N,G)NA24       9.7231E-16  2.3387E-28   CO59(N,P)FE59       1.5884E-13  3.8206E-26   LA139(N,G)LA140     1.0589E-14  2.5469E-27
   MG24(N,P)NA24       5.7843E-13  1.3913E-25   CO59(N,A)MN56       9.1402E-14  2.1985E-26   PR141(N,2N)PR140    4.5914E-12  1.1043E-24
   AL27(N,P)MG27       2.5933E-13  6.2375E-26   NI58(N,2N)NI57      6.0393E-14  1.4526E-26   TM169(N,2N)TM168    5.8112E-12  1.3978E-24
   AL27(N,A)NA24       3.6486E-13  8.7759E-26   NI58(N,P)CO58       1.4510E-12  3.4900E-25   TM169(N,3N)TM167    2.9057E-17  6.9889E-30
   SI28(N,P)AL28       8.5352E-13  2.0530E-25   NI60(N,P)CO60       4.5664E-13  1.0983E-25   TA181(N,G)TA182     9.5919E-14  2.3071E-26
   P31(N,P)SI31        3.6743E-13  8.8376E-26   CU63(N,2N)CU62      1.1857E-12  2.8519E-25   W186(N,G)W187       4.5548E-14  1.0956E-26
   S32(N,P)P32         9.5784E-13  2.3039E-25   CU63(N,G)CU64       1.9986E-14  4.8071E-27   AU197(N,2N)AU196    6.1496E-12  1.4791E-24
   TI46(N,2N)TI45      4.9029E-14  1.1793E-26   CU63(N,A)CO60       1.3855E-13  3.3325E-26   AU197(N,G)AU198     8.5766E-14  2.0629E-26
   TI46(N,P)SC46       8.5658E-13  2.0603E-25   CU65(N,2N)CU64      2.4220E-12  5.8255E-25   HG199(N,N')HG199M   1.0283E-12  2.4734E-25
   TI47(N,P)SC47       4.4317E-13  1.0659E-25   ZN64(N,P)CU64       6.5998E-13  1.5874E-25   PB204(N,N')PB204M   3.4885E-13  8.3908E-26
   TI47(N,X)SC46       1.0578E-13  2.5444E-26   ZN67(N,P)CU67       1.0103E-13  2.4300E-26   BI209(N,3N)BI207    8.3760E-16  2.0146E-28
   TI48(N,P)SC48       1.8265E-13  4.3933E-26   AS75(N,2N)AS74      2.5955E-12  6.2429E-25   TH232(N,FISSION)    1.2178E-12  2.9291E-25
   TI48(N,X)SC47       1.8687E-14  4.4948E-27   Y89(N,2N)Y88        2.2122E-12  5.3210E-25   TH232(N,G)TH233     9.2832E-14  2.2329E-26
   TI49(N,X)SC48       1.0323E-14  2.4829E-27   ZR90(N,2N)ZR89      1.5718E-12  3.7807E-25   U235(N,FISSION)     7.5795E-12  1.8231E-24
   V51(N,A)SC48        4.2815E-14  1.0298E-26   NB93(N,G)NB94       2.9009E-14  6.9776E-27   U235(N,G)U236       9.5616E-14  2.2998E-26
   CR52(N,2N)CR51      7.0015E-13  1.6841E-25   NB93(N,N')NB93M     3.3777E-13  8.1243E-26   U238(N,2N)U237      3.3164E-12  7.9768E-25
   MN55(N,2N)MN54      1.9109E-12  4.5963E-25   NB93(N,2N)NB92M     1.3151E-12  3.1632E-25   U238(N,FISSION)     3.8985E-12  9.3770E-25
   MN55(N,G)MN56       6.0021E-15  1.4437E-27   MO92(N,P)NB92M      2.6367E-13  6.3420E-26   U238(N,G)U239       7.3339E-14  1.7640E-26
   FE54(N,2N)FE53      8.1874E-15  1.9693E-27   RH103(N,N')RH103M   2.0682E-12  4.9746E-25   NP237(N,FISSION)    8.2195E-12  1.9770E-24
   FE54(N,P)MN54       1.3076E-12  3.1451E-25   AG109(N,G)AG110M    9.5422E-15  2.2952E-27   PU239(N,FISSION)    9.3227E-12  2.2424E-24
   FE54(N,A)CR51       2.6264E-13  6.3173E-26   IN113(N,N')IN113M   4.2674E-13  1.0264E-25   AM241(N,FISSION)    9.6663E-12  2.3250E-24
   FE56(N,P)MN56       3.4219E-13  8.2306E-26   IN113(N,G)IN114M    1.6334E-13  3.9287E-26   SC45(N,G)SC46       7.9946E-15  1.9229E-27

  INPUT FLUX REL. CORRELATION MATRIX (by row from diagonal)
   1   1000   988   952   895   821   735   642   547   454   368   292   225   170   125    90    63    43    29    19    13
          8     6     4     3     2     2     2     1     1     1     1     1     1     1     1     1     1     1     1     1
          1     2     2     2     2     2     2     2     2     2     2     2     2     2     2     2     2     2     2     2
          2     2     2     2     2     2     3     3     3     3     4     4     4     4     4     4     4     4     4     4
          4     4     4     4     4     4     4     4     4     4     5     8    12    16    17    18    19    19    20    21
         27    30    30    30    30    30    30    30    30    30    30    30    30    30    30    30    30    30    30    30
         30    30    30    30    30    30    30    30    30    30    30    30    30    30    30    30    30    30    30    30

  OUTPUT FLUX REL. CORRELATION MATRIX (by row from diagonal)
   1   1000   988   952   895   821   734   641   546   453   367   290   224   168   123    87    59    39    24    13     5
          0    -3    -6    -8   -10   -11   -12   -13   -14   -14   -15   -16   -16   -17   -18   -19   -19   -20   -21   -22
        -23   -24   -25   -26   -27   -28   -29   -30   -31   -32   -33   -33   -32   -32   -30   -29   -27   -24   -22   -19
        -16   -14   -11    -7    -4     0     4    10    18    29    39    44    41    36    31    28    25    24    25    33
         27    11     5     1    -2    -7   -17   -27   -17   -16   -15   -12    -6     6    21    23   109    28    22    20
         27    27    27    27    27    27    27    27    27    27    27    27    27    27    27    27    27    27    27    27
         27    27    27    27    27    27    27    27    27    27    27    27    27    27    27    27    27    27    27    27
   2   1000   988   952   895   821   734   641   546   453   367   290   223   168   122    86    59    38    23    12     4
          0    -4    -7    -9   -11   -12   -13   -14   -15   -16   -16   -17   -18   -18   -19   -20   -21   -22   -23   -24
        -25   -26   -27   -28   -30   -31   -32   -33   -33   -34   -34   -34   -33   -32   -30   -28   -25   -23   -20   -17
        -14   -11    -8    -5    -1     3     9    17    28    39    44    41    36    31    28    25    24    25    33    27
         11     5     1    -2    -6   -17   -26   -17   -16   -15   -12    -5     7    22    23   110    28    22    20    27
         27    27    27    27    27    27    27    27    27    27    27    27    27    27    27    27    27    27    27    27
         27    27    27    27    27    27    27    27    27    27    27    27    27    27    27    27    27    27    27
   3   1000   988   952   895   821   734   641   546   453   367   290   223   167   122    86    58    37    22    11     3
         -1    -5    -8   -10   -12   -13   -14   -15   -16   -17   -17   -18   -19   -20   -21   -22   -23   -24   -25   -26
        -27   -28   -29   -30   -32   -33   -34   -34   -35   -35   -35   -34   -33   -31   -29   -26   -24   -21   -18   -15
        -12    -9    -5    -1     2     8    16    27    38    43    40    35    31    27    25    24    25    33    27    11
          5     1    -2    -6   -16   -26   -17   -16   -15   -12    -5     7    22    23   110    28    22    20    27    27
         27    27    27    27    27    27    27    27    27    27    27    27    27    27    27    27    27    27    27    27
         27    27    27    27    27    27    27    27    27    27    27    27    27    27    27    27    27    27
   4   1000   988   952   895   821   734   641   546   453   367   290   223   167   122    85    58    37    21    10     2
         -2    -6    -9   -11   -13   -14   -15   -16   -17   -18   -18   -19   -20   -21   -22   -23   -24   -25   -26   -27
        -29   -30   -31   -32   -33   -34   -35   -36   -36   -36   -35   -33   -32   -30   -27   -24   -22   -19   -16   -13
        -10    -6    -2     1     7    15    25    36    41    39    35    30    27    25    24    25    33    27    11     5
          1    -1    -6   -16   -25   -16   -15   -14   -11    -5     7    22    23   110    28    22    20    27    27    27
         27    27    27    27    27    27    27    27    27    27    27    27    27    27    27    27    27    27    27    27
         27    27    27    27    27    27    27    27    27    27    27    27    27    27    27    27    27
   5   1000   988   952   895   821   734   641   546   453   367   290   223   167   121    85    57    36    20     9     1
         -4    -8   -10   -12   -14   -15   -16   -17   -18   -19   -20   -20   -21   -22   -23   -25   -26   -27   -28   -29
        -31   -32   -33   -34   -35   -36   -37   -37   -36   -36   -34   -33   -30   -28   -25   -22   -19   -17   -14   -10
         -7    -3     1     7    14    25    35    41    39    34    30    27    25    24    24    33    28    11     5     1
         -1    -6   -15   -25   -16   -15   -14   -11    -5     7    23    23   110    28    22    20    27    27    27    27
         27    27    27    27    27    27    27    27    27    27    27    27    27    27    27    27    27    27    27    27
         27    27    27    27    27    27    27    27    27    27    27    27    27    27    27    27
   6   1000   988   952   895   821   734   641   546   454   367   290   223   167   121    85    56    35    19     8     0
         -5    -9   -12   -14   -15   -16   -17   -18   -19   -20   -21   -22   -23   -24   -25   -27   -28   -29   -30   -32
        -33   -34   -35   -36   -37   -38   -38   -38   -37   -35   -34   -31   -29   -26   -23   -20   -17   -14   -11    -7
         -3     1     7    14    25    36    41    39    35    30    27    25    24    25    33    27    11     5     1    -1
         -6   -16   -25   -17   -15   -14   -11    -5     8    23    24   113    29    22    20    27    27    27    27    27
         27    27    27    27    27    27    27    27    27    27    27    27    27    27    27    27    27    27    27    27
         27    27    27    27    27    27    27    27    27    27    27    27    27    27    27
   7   1000   988   952   895   821   734   641   546   454   368   290   223   167   121    84    55    34    18     6    -1
         -7   -11   -13   -15   -17   -18   -19   -20   -21   -22   -23   -24   -26   -27   -28   -29   -31   -32   -33   -35
        -36   -37   -38   -39   -40   -40   -40   -39   -37   -35   -33   -30   -27   -24   -21   -18   -15   -11    -7    -3
          1     7    16    27    38    44    42    37    32    28    26    24    25    33    27    10     4     0    -2    -7
        -18   -27   -18   -16   -15   -12    -5     8    25    26   119    30    23    21    27    27    27    27    27    27
         27    27    27    27    27    27    27    27    27    27    27    27    27    27    27    27    27    27    27    27
         27    27    27    27    27    27    27    27    27    27    27    27    27    27
   8   1000   988   952   895   821   735   642   547   454   368   290   223   166   120    83    54    32    16     4    -3
         -9   -13   -16   -18   -20   -21   -22   -23   -24   -26   -27   -28   -29   -30   -32   -33   -35   -36   -37   -39
        -40   -41   -42   -43   -43   -43   -42   -40   -38   -35   -32   -29   -26   -22   -19   -15   -11    -7    -2     2
          9    19    31    44    49    46    40    35    30    27    26    26    32    25     9     3    -1    -5   -10   -22
        -32   -20   -18   -16   -12    -5     9    28    28   130    33    25    22    29    28    28    28    28    28    28
         28    28    28    28    28    28    28    28    28    28    28    28    28    28    28    28    28    28    28    28
         28    28    28    28    28    28    28    28    28    28    28    28    28
   9   1000   988   952   895   821   735   642   547   454   368   290   223   165   118    81    52    29    13     1    -6
        -12   -17   -20   -22   -24   -25   -26   -28   -29   -30   -31   -33   -34   -36   -37   -38   -40   -42   -43   -45
        -46   -47   -47   -48   -47   -46   -44   -42   -39   -35   -32   -28   -24   -20   -16   -11    -6    -1     5    13
         24    38    52    58    54    46    39    34    30    27    26    32    22     6     0    -4    -8   -14   -29   -40
        -24   -20   -18   -13    -5    11    33    33   148    37    27    24    30    29    29    29    29    29    29    29
         29    29    29    29    29    29    29    29    29    29    29    29    29    29    29    29    29    29    29    29
         29    29    29    29    29    29    29    29    29    29    29    29
  10   1000   988   952   895   821   735   642   547   455   368   290   221   163   116    78    48    25     9    -2   -11
        -17   -22   -25   -27   -29   -31   -32   -33   -35   -36   -38   -39   -41   -43   -44   -46   -48   -49   -51   -52
        -53   -54   -54   -54   -53   -50   -47   -44   -40   -36   -31   -26   -21   -16   -11    -5     1     9    19    32
         49    66    72    65    55    46    39    34    30    27    30    17     1    -4    -9   -14   -21   -39   -51   -29
        -24   -20   -15    -6    13    40    39   174    42    31    27    33    31    31    31    31    31    31    31    31
         31    31    31    31    31    31    31    31    31    31    31    31    31    31    31    31    31    31    31    31
         31    31    31    31    31    31    31    31    31    31    31
  11   1000   988   952   895   821   735   642   547   454   367   288   219   160   112    73    43    20     3    -9   -18
        -24   -28   -32   -34   -36   -38   -40   -41   -43   -45   -46   -48   -50   -52   -54   -56   -58   -59   -61   -62
        -63   -63   -63   -61   -58   -55   -51   -46   -41   -35   -29   -23   -17   -10    -3     4    14    27    43    64
         84    90    81    68    56    46    39    33    28    27    10    -4   -11   -16   -22   -31   -54   -67   -37   -29
        -24   -17    -6    16    49    48   210    50    37    31    36    33    33    33    33    33    33    33    33    33
         33    33    33    33    33    33    33    33    33    33    33    33    33    33    33    33    33    33    33    33
         33    33    33    33    33    33    33    33    33    33
  12   1000   988   952   895   822   736   642   547   453   365   285   215   156   106    67    36    13    -4   -17   -26
        -32   -37   -41   -44   -46   -48   -50   -52   -54   -56   -58   -60   -62   -64   -66   -68   -71   -72   -74   -75
        -75   -74   -72   -69   -65   -59   -53   -47   -40   -33   -26   -18   -10     0     9    21    37    57    83   107
        114   102    84    68    55    45    37    29    24     0   -12   -19   -25   -32   -43   -73   -88   -47   -36   -29
        -20    -7    20    61    59   257    60    43    37    40    36    36    36    36    36    36    36    36    36    36
         36    36    36    36    36    36    36    36    36    36    36    36    36    36    36    36    36    36    36    36
         36    36    36    36    36    36    36    36    36
  13   1000   988   952   895   822   735   642   546   451   362   281   210   149    99    59    27     3   -14   -27   -36
        -43   -48   -52   -55   -58   -60   -63   -65   -67   -70   -72   -74   -77   -79   -82   -85   -87   -88   -90   -90
        -89   -86   -82   -77   -70   -63   -55   -47   -38   -29   -19    -9     2    15    30    50    75   107   137   144
        127   103    83    67    53    42    31    19   -11   -22   -30   -37   -45   -59   -97  -114   -60   -44   -35   -24
         -8    25    77    73   316    73    52    43    45    39    39    39    39    39    39    39    39    39    39    39
         39    39    39    39    39    39    39    39    39    39    39    39    39    39    39    39    39    39    39    39
         39    39    39    39    39    39    39    39
  14   1000   988   952   895   821   735   640   543   448   357   275   202   140    89    48    16    -8   -26   -40   -50
        -57   -62   -66   -70   -73   -76   -78   -81   -84   -87   -89   -92   -95   -98  -101  -104  -106  -107  -107  -106
       -103   -98   -92   -84   -75   -65   -54   -44   -32   -20    -8     6    22    41    65    96   136   172   180   158
        127   101    80    63    47    32    13   -25   -35   -43   -51   -61   -77  -126  -145   -75   -55   -42   -28    -8
         31    96    91   386    89    62    51    51    42    42    42    42    42    42    42    42    42    42    42    42
         42    42    42    42    42    42    42    42    42    42    42    42    42    42    42    42    42    42    42    42
         42    42    42    42    42    42    42
  15   1000   988   952   895   821   734   638   540   443   351   266   192   129    77    35     2   -22   -41   -55   -65
        -73   -79   -83   -87   -91   -94   -97  -100  -104  -107  -111  -114  -118  -121  -124  -127  -128  -128  -126  -123
       -117  -109   -99   -88   -76   -64   -51   -37   -22    -6    10    30    53    83   122   170   214   222   193   155
        122    96    74    54    34     6   -43   -50   -58   -67   -79   -99  -159  -182   -93   -66   -50   -33    -9    38
        117   111   468   107    74    60    58    46    46    46    46    46    46    46    46    46    46    46    46    46
         46    46    46    46    46    46    46    46    46    46    46    46    46    46    46    46    46    46    46    46
         46    46    46    46    46    46
  16   1000   988   952   895   820   731   635   535   436   342   256   180   115    62    19   -14   -39   -59   -73   -84
        -92   -98  -103  -108  -112  -116  -120  -123  -127  -131  -136  -140  -144  -147  -150  -152  -152  -150  -145  -138
       -129  -117  -104   -90   -74   -58   -42   -24    -5    15    39    68   103   150   208   261   270   234   187   147
        114    86    62    36    -1   -62   -67   -76   -86  -100  -125  -198  -224  -113   -80   -59   -39   -11    46   142
        134   562   127    87    71    66    51    51    51    51    51    51    51    51    51    51    51    51    51    51
         51    51    51    51    51    51    51    51    51    51    51    51    51    51    51    51    51    51    51    51
         51    51    51    51    51
  17   1000   988   952   894   818   728   630   528   426   330   243   165    99    45     1   -32   -59   -79   -94  -105
       -114  -121  -126  -131  -136  -141  -145  -150  -155  -160  -164  -169  -173  -177  -178  -178  -176  -171  -162  -151
       -137  -122  -104   -86   -67   -48   -27    -4    20    49    83   126   181   251   313   324   279   222   173   134
        100    70    38   -10   -85   -85   -95  -107  -124  -153  -240  -270  -136   -95   -69   -45   -12    55   170   160
        666   150   102    82    74    56    56    56    56    56    56    56    56    56    56    56    56    56    56    56
         56    56    56    56    56    56    56    56    56    56    56    56    56    56    56    56    56    56    56    56
         56    56    56    56
  18   1000   988   951   893   815   724   623   519   416   317   228   149    81    26   -18   -53   -80  -101  -117  -129
       -138  -146  -152  -158  -164  -169  -175  -180  -186  -191  -197  -202  -206  -208  -208  -205  -198  -188  -175  -159
       -141  -121  -100   -77   -54   -29    -3    26    60   100   150   216   297   370   381   328   261   202   155   116
         79    41   -20  -109  -106  -116  -130  -149  -183  -287  -320  -160  -111   -80   -52   -13    65   201   188   780
        174   119    95    84    62    62    62    62    62    62    62    62    62    62    62    62    62    62    62    62
         62    62    62    62    62    62    62    62    62    62    62    62    62    62    62    62    62    62    62    62
         62    62    62
  19   1000   987   950   891   812   719   616   509   403   302   211   130    61     4   -40   -77  -104  -126  -143  -155
       -166  -174  -182  -188  -195  -201  -207  -214  -221  -227  -232  -237  -239  -239  -236  -228  -217  -201  -183  -162
       -139  -114   -88   -61   -33    -2    32    71   118   176   252   346   430   442   380   301   233   178   132    89
         43   -30  -134  -128  -139  -154  -176  -215  -336  -374  -186  -128   -92   -59   -14    76   233   217   901   201
        136   108    94    68    68    68    68    68    68    68    68    68    68    68    68    68    68    68    68    68
         68    68    68    68    68    68    68    68    68    68    68    68    68    68    68    68    68    68    68    68
         68    68
  20   1000   987   950   889   808   712   607   497   389   286   192   110    39   -18   -65  -102  -131  -153  -171  -184
       -196  -205  -213  -221  -229  -236  -244  -251  -258  -265  -270  -272  -272  -268  -260  -247  -229  -208  -184  -157
       -129  -100   -69   -36    -1    37    82   136   203   289   396   492   506   434   344   266   202   149    99    46
        -41  -161  -150  -162  -179  -204  -249  -387  -430  -213  -146  -104   -67   -16    87   267   249  1028   228   154
        122   104    74    74    74    74    74    74    74    74    74    74    74    74    74    74    74    74    74    74
         74    74    74    74    74    74    74    74    74    74    74    74    74    74    74    74    74    74    74    74
         74
  21   1000   987   948   886   803   705   597   484   373   268   172    88    16   -42   -90  -129  -159  -182  -201  -216
       -228  -239  -248  -257  -266  -274  -283  -291  -298  -304  -307  -307  -302  -293  -278  -258  -234  -207  -177  -145
       -112   -77   -40     0    43    94   154   230   327   448   556   571   489   387   298   227   166   110    48   -51
       -188  -173  -186  -205  -232  -283  -439  -486  -240  -164  -117   -74   -17    98   302   281  1158   257   173   137
        115    80    80    80    80    80    80    80    80    80    80    80    80    80    80    80    80    80    80    80
         80    80    80    80    80    80    80    80    80    80    80    80    80    80    80    80    80    80    80    80
  22   1000   987   947   883   798   697   586   471   357   250   152    66    -6   -68  -117  -157  -188  -213  -233  -249
       -263  -274  -285  -295  -305  -315  -324  -332  -338  -342  -342  -337  -326  -310  -288  -261  -230  -197  -162  -124
        -86   -44     0    48   105   172   256   365   499   619   635   544   430   331   251   183   120    51   -62  -214
       -196  -210  -230  -261  -317  -491  -543  -267  -182  -129   -81   -18   110   338   313  1288   285   192   151   125
         87    87    87    87    87    87    87    87    87    87    87    87    87    87    87    87    87    87    87    87
         87    87    87    87    87    87    87    87    87    87    87    87    87    87    87    87    87    87    87
  23   1000   986   946   880   792   689   575   457   341   231   131    43   -31   -94  -145  -187  -219  -246  -267  -284
       -299  -312  -324  -336  -347  -357  -366  -373  -377  -377  -371  -360  -342  -317  -288  -254  -218  -178  -138   -95
        -49     0    53   115   189   281   400   548   680   698   598   471   363   275   200   130    54   -72  -240  -219
       -233  -255  -289  -350  -542  -598  -294  -200  -141   -89   -19   122   373   344  1417   313   210   165   136    93
         93    93    93    93    93    93    93    93    93    93    93    93    93    93    93    93    93    93    93    93
         93    93    93    93    93    93    93    93    93    93    93    93    93    93    93    93    93    93
  24   1000   986   944   876   787   680   564   443   325   212   110    20   -56  -121  -174  -217  -252  -279  -302  -321
       -337  -352  -365  -378  -390  -400  -407  -412  -412  -406  -393  -373  -347  -315  -278  -238  -196  -151  -104   -55
         -2    56   124   204   304   434   594   737   757   648   511   393   297   216   140    57   -82  -265  -240  -255
       -279  -315  -382  -590  -650  -319  -216  -152   -95   -20   133   406   375  1540   339   228   179   146    99    99
         99    99    99    99    99    99    99    99    99    99    99    99    99    99    99    99    99    99    99    99
         99    99    99    99    99    99    99    99    99    99    99    99    99    99    99    99    99
  25   1000   986   942   873   781   672   553   430   309   194    89    -2   -82  -148  -204  -248  -285  -314  -339  -359
       -377  -393  -408  -421  -432  -441  -446  -446  -440  -426  -405  -376  -341  -302  -259  -213  -165  -115   -61    -4
         58   131   217   325   464   635   789   810   694   547   421   318   231   149    59   -91  -288  -259  -275  -300
       -339  -411  -634  -698  -342  -231  -162  -101   -20   145   438   404  1655   364   244   191   155   105   105   105
        105   105   105   105   105   105   105   105   105   105   105   105   105   105   105   105   105   105   105   105
        105   105   105   105   105   105   105   105   105   105   105   105   105   105   105   105
  26   1000   985   941   870   775   664   543   417   293   176    69   -25  -107  -176  -233  -280  -319  -350  -376  -398
       -418  -435  -450  -463  -473  -479  -479  -472  -458  -435  -404  -367  -325  -279  -230  -179  -125   -69    -8    59
        136   227   342   489   671   834   857   734   579   445   336   244   157    61   -99  -308  -277  -293  -320  -361
       -437  -673  -740  -362  -244  -171  -106   -20   155   468   430  1760   387   259   203   163   109   109   109   109
        109   109   109   109   109   109   109   109   109   109   109   109   109   109   109   109   109   109   109   109
        109   109   109   109   109   109   109   109   109   109   109   109   109   109   109
  27   1000   985   939   867   770   657   533   405   278   158    49   -48  -133  -204  -264  -313  -353  -387  -415  -439
       -459  -477  -492  -503  -510  -510  -504  -488  -464  -432  -393  -348  -299  -248  -193  -137   -77   -13    57   138
        234   354   508   699   870   895   768   606   466   352   255   164    63  -106  -325  -291  -308  -336  -379  -458
       -706  -775  -379  -255  -178  -110   -19   165   495   454  1853   407   272   212   170   113   113   113   113   113
        113   113   113   113   113   113   113   113   113   113   113   113   113   113   113   113   113   113   113   113
        113   113   113   113   113   113   113   113   113   113   113   113   113   113
  28   1000   984   938   864   766   650   524   393   264   141    28   -71  -158  -233  -295  -346  -389  -425  -455  -480
       -501  -519  -532  -540  -541  -534  -518  -493  -459  -418  -371  -320  -266  -209  -150   -87   -20    53   137   237
        361   522   720   898   925   794   627   482   364   264   169    65  -111  -339  -303  -320  -349  -393  -476  -732
       -803  -392  -264  -184  -113   -18   175   519   474  1933   424   283   221   176   117   117   117   117   117   117
        117   117   117   117   117   117   117   117   117   117   117   117   117   117   117   117   117   117   117   117
        117   117   117   117   117   117   117   117   117   117   117   117   117
  29   1000   984   937   861   761   644   515   381   249   124     8   -95  -185  -262  -327  -381  -427  -464  -496  -522
       -543  -558  -568  -570  -563  -547  -521  -486  -443  -394  -341  -284  -225  -164   -99   -30    46   132   235   363
        528   731   915   944   811   641   494   373   270   173    66  -115  -349  -312  -329  -359  -404  -488  -751  -823
       -401  -269  -187  -114   -16   184   540   491  2000   438   292   227   181   119   119   119   119   119   119   119
        119   119   119   119   119   119   119   119   119   119   119   119   119   119   119   119   119   119   119   119
        119   119   119   119   119   119   119   119   119   119   119   119
  30   1000   984   936   859   757   637   506   370   235   106   -12  -119  -213  -293  -361  -418  -466  -505  -537  -563
       -582  -594  -597  -591  -575  -549  -512  -468  -418  -362  -304  -243  -180  -113   -42    35   124   229   359   527
        734   921   953   821   650   501   379   274   176    67  -117  -355  -317  -335  -365  -411  -496  -762  -835  -407
       -272  -188  -113   -13   192   559   506  2052   448   298   232   184   121   121   121   121   121   121   121   121
        121   121   121   121   121   121   121   121   121   121   121   121   121   121   121   121   121   121   121   121
        121   121   121   121   121   121   121   121   121   121   121
  31   1000   983   935   856   753   631   497   358   220    87   -34  -145  -242  -326  -397  -457  -507  -547  -579  -603
       -618  -624  -619  -603  -577  -539  -494  -442  -385  -325  -262  -197  -129   -57    22   112   218   349   518   727
        917   952   822   652   503   381   276   177    68  -117  -357  -319  -337  -367  -413  -499  -766  -838  -408  -272
       -188  -112   -10   201   574   517  2092   456   303   236   186   121   121   121   121   121   121   121   121   121
        121   121   121   121   121   121   121   121   121   121   121   121   121   121   121   121   121   121   121   121
        121   121   121   121   121   121   121   121   121   121
  32   1000   983   934   854   749   625   488   345   203    67   -59  -173  -275  -362  -437  -499  -550  -590  -621  -640
       -649  -647  -632  -605  -567  -521  -468  -409  -348  -284  -218  -148   -75     5    95   202   333   502   711   902
        941   814   647   501   380   276   178    69  -116  -355  -318  -336  -366  -412  -497  -763  -833  -405  -269  -185
       -108    -5   209   588   526  2120   461   306   238   187   121   121   121   121   121   121   121   121   121   121
        121   121   121   121   121   121   121   121   121   121   121   121   121   121   121   121   121   121   121   121
        121   121   121   121   121   121   121   121   121
  33   1000   983   933   851   744   618   478   332   185    45   -86  -205  -310  -402  -479  -543  -594  -633  -660  -673
       -673  -660  -634  -596  -549  -495  -436  -373  -308  -240  -170   -96   -16    74   180   311   478   685   877   919
        799   637   494   376   273   176    69  -113  -350  -314  -332  -362  -407  -491  -752  -821  -398  -264  -180  -103
          0   217   600   532  2137   464   307   238   186   120   120   120   120   120   120   120   120   120   120   120
        120   120   120   120   120   120   120   120   120   120   120   120   120   120   120   120   120   120   120   120
        120   120   120   120   120   120   120   120
  34   1000   983   931   849   740   610   466   316   165    19  -116  -240  -350  -445  -525  -589  -639  -674  -694  -699
       -689  -664  -627  -579  -524  -464  -400  -334  -266  -195  -121   -40    49   154   283   447   651   842   889   776
        621   483   368   269   174    69  -109  -342  -307  -325  -355  -399  -481  -736  -801  -387  -256  -173   -97     6
        226   610   537  2145   464   306   237   184   119   119   119   119   119   119   119   119   119   119   119   119
        119   119   119   119   119   119   119   119   119   119   119   119   119   119   119   119   119   119   119   119
        119   119   119   119   119   119   119
  35   1000   982   930   846   734   601   453   298   142    -9  -151  -280  -394  -492  -572  -636  -683  -711  -723  -716
       -694  -658  -611  -556  -495  -430  -363  -295  -224  -149   -69    19   122   249   409   609   797   849   747   600
        469   358   262   171    69  -104  -331  -298  -316  -345  -387  -466  -713  -775  -373  -245  -164   -89    13   234
        620   540  2145   462   304   235   182   116   116   116   116   116   116   116   116   116   116   116   116   116
        116   116   116   116   116   116   116   116   116   116   116   116   116   116   116   116   116   116   116   116
        116   116   116   116   116   116
  36   1000   982   929   842   727   590   438   277   115   -42  -189  -323  -441  -541  -621  -682  -722  -742  -742  -724
       -690  -644  -589  -528  -463  -395  -326  -255  -181  -102   -14    86   209   365   559   744   802   710   575   451
        346   254   166    68   -97  -317  -287  -304  -332  -373  -449  -685  -743  -356  -233  -154   -80    22   244   629
        542  2139   459   301   232   178   113   113   113   113   113   113   113   113   113   113   113   113   113   113
        113   113   113   113   113   113   113   113   113   113   113   113   113   113   113   113   113   113   113   113
        113   113   113   113   113
  37   1000   982   927   838   720   578   420   253    84   -79  -232  -371  -491  -591  -669  -724  -755  -764  -752  -722
       -678  -624  -563  -497  -430  -360  -289  -216  -137   -52    46   165   315   502   684   747   668   545   430   331
        244   161    68   -90  -300  -273  -291  -317  -356  -428  -653  -705  -337  -218  -142   -70    31   254   637   543
       2127   454   297   228   174   109   109   109   109   109   109   109   109   109   109   109   109   109   109   109
        109   109   109   109   109   109   109   109   109   109   109   109   109   109   109   109   109   109   109   109
        109   109   109   109
  38   1000   981   925   833   711   564   399   225    49  -120  -279  -421  -543  -641  -713  -759  -780  -776  -752  -711
       -659  -599  -534  -466  -397  -326  -253  -176   -93     2   116   259   439   616   686   621   511   406   315   234
        155    67   -81  -282  -258  -275  -300  -337  -405  -616  -663  -315  -202  -129   -58    42   264   645   542  2110
        448   292   223   169   105   105   105   105   105   105   105   105   105   105   105   105   105   105   105   105
        105   105   105   105   105   105   105   105   105   105   105   105   105   105   105   105   105   105   105   105
        105   105   105
  39   1000   981   922   828   700   547   376   195    12  -164  -328  -472  -593  -686  -750  -785  -793  -777  -742  -693
       -635  -571  -504  -435  -365  -293  -218  -136   -45    63   200   371   543   620   571   474   380   297   222   149
         66   -72  -261  -241  -258  -282  -317  -380  -576  -617  -291  -185  -115   -46    52   275   653   542  2090   441
        286   218   164   101   101   101   101   101   101   101   101   101   101   101   101   101   101   101   101   101
        101   101   101   101   101   101   101   101   101   101   101   101   101   101   101   101   101   101   101   101
        101   101
  40   1000   980   920   821   689   529   350   161   -28  -210  -377  -522  -638  -724  -778  -801  -796  -769  -725  -670
       -609  -543  -475  -406  -335  -261  -182   -95     8   137   299   467   550   517   436   353   278   209   142    66
        -62  -240  -224  -240  -263  -295  -353  -533  -569  -266  -166  -100   -33    64   286   662   541  2069   434   280
        213   158    96    96    96    96    96    96    96    96    96    96    96    96    96    96    96    96    96    96
         96    96    96    96    96    96    96    96    96    96    96    96    96    96    96    96    96    96    96    96
         96
  41   1000   979   916   814   675   509   322   125   -70  -257  -425  -567  -677  -752  -794  -804  -788  -753  -703  -644
       -581  -515  -447  -377  -306  -230  -146   -48    72   225   388   478   462   396   325   258   197   135    65   -52
       -218  -206  -222  -243  -273  -325  -490  -519  -240  -147   -84   -20    76   298   671   540  2047   427   274   207
        153    92    92    92    92    92    92    92    92    92    92    92    92    92    92    92    92    92    92    92
         92    92    92    92    92    92    92    92    92    92    92    92    92    92    92    92    92    92    92    92
  42   1000   978   913   805   661   487   292    88  -113  -302  -468  -604  -705  -769  -798  -797  -772  -730  -677  -617
       -553  -487  -420  -350  -277  -197  -105     7   151   309   407   407   357   297   239   184   128    64   -41  -196
       -188  -203  -223  -250  -298  -446  -469  -214  -128   -69    -7    88   310   680   540  2028   420   268   202   147
         87    87    87    87    87    87    87    87    87    87    87    87    87    87    87    87    87    87    87    87
         87    87    87    87    87    87    87    87    87    87    87    87    87    87    87    87    87    87    87
  43   1000   977   909   796   645   464   262    52  -153  -342  -504  -632  -721  -772  -790  -780  -748  -703  -648  -588
       -525  -460  -394  -324  -248  -161   -55    79   232   337   354   319   270   221   172   122    64   -31  -174  -170
       -186  -204  -229  -272  -405  -421  -189  -110   -54     5   100   323   691   541  2013   414   263   197   142    83
         83    83    83    83    83    83    83    83    83    83    83    83    83    83    83    83    83    83    83    83
         83    83    83    83    83    83    83    83    83    83    83    83    83    83    83    83    83    83
  44   1000   976   904   787   629   440   232    17  -189  -375  -530  -647  -724  -764  -772  -755  -720  -673  -619  -560
       -498  -434  -368  -296  -214  -115    11   159   272   304   283   246   204   161   116    63   -22  -155  -154  -169
       -187  -209  -248  -367  -377  -166   -92   -40    17   111   336   703   544  2005   410   259   194   137    79    79
         79    79    79    79    79    79    79    79    79    79    79    79    79    79    79    79    79    79    79    79
         79    79    79    79    79    79    79    79    79    79    79    79    79    79    79    79    79
  45   1000   975   900   777   613   417   204   -12  -217  -397  -543  -648  -714  -744  -745  -724  -688  -641  -588  -530
       -470  -407  -340  -263  -171   -51    94   214   259   252   224   189   151   111    63   -14  -137  -140  -155  -171
       -192  -226  -332  -338  -145   -77   -27    29   122   349   717   548  2005   407   256   191   134    76    76    76
         76    76    76    76    76    76    76    76    76    76    76    76    76    76    76    76    76    76    76    76
         76    76    76    76    76    76    76    76    76    76    76    76    76    76    76    76
  46   1000   974   895   767   597   397   180   -36  -236  -408  -542  -636  -692  -714  -711  -688  -652  -607  -555  -500
       -441  -378  -306  -219  -106    36   162   221   225   205   176   143   107    63    -6  -122  -128  -143  -159  -177
       -208  -304  -305  -127   -64   -16    39   133   362   732   554  2013   407   255   189   131    73    73    73    73
         73    73    73    73    73    73    73    73    73    73    73    73    73    73    73    73    73    73    73    73
         73    73    73    73    73    73    73    73    73    73    73    73    73    73    73
  47   1000   973   891   758   583   379   161   -51  -244  -404  -527  -611  -658  -676  -671  -648  -613  -570  -521  -467
       -409  -342  -260  -152   -12   119   188   202   189   166   137   103    63    -1  -111  -119  -134  -148  -166  -194
       -281  -277  -113   -53    -7    48   142   375   749   562  2030   408   255   188   130    71    71    71    71    71
         71    71    71    71    71    71    71    71    71    71    71    71    71    71    71    71    71    71    71    71
         71    71    71    71    71    71    71    71    71    71    71    71    71    71
  48   1000   972   887   750   572   366   151   -54  -237  -387  -499  -574  -616  -631  -625  -604  -571  -530  -483  -430
       -369  -293  -190   -52    83   162   184   177   157   131   101    63     2  -102  -112  -126  -140  -157  -182  -262
       -255  -101   -43     0    56   151   387   766   571  2052   411   256   188   129    70    70    70    70    70    70
         70    70    70    70    70    70    70    70    70    70    70    70    70    70    70    70    70    70    70    70
         70    70    70    70    70    70    70    70    70    70    70    70    70
  49   1000   971   883   744   564   361   152   -44  -216  -355  -457  -526  -564  -579  -574  -555  -525  -487  -441  -386
       -316  -219   -85    53   139   167   166   150   126    98    62     5   -95  -106  -121  -134  -149  -173  -247  -237
        -91   -36     7    62   158   398   782   580  2074   414   257   189   128    69    69    69    69    69    69    69
         69    69    69    69    69    69    69    69    69    69    69    69    69    69    69    69    69    69    69    69
         69    69    69    69    69    69    69    69    69    69    69    69
  50   1000   970   881   741   562   364   164   -21  -181  -309  -404  -468  -505  -520  -518  -501  -474  -438  -392  -330
       -240  -111    27   117   151   154   141   120    94    61     7   -90  -101  -115  -128  -142  -164  -232  -219   -81
        -28    13    68   165   408   794   586  2089   416   257   189   128    69    69    69    69    69    69    69    69
         69    69    69    69    69    69    69    69    69    69    69    69    69    69    69    69    69    69    69    69
         69    69    69    69    69    69    69    69    69    69    69
  51   1000   969   880   741   567   377   188    15  -133  -252  -341  -402  -439  -456  -457  -444  -421  -385  -334  -255
       -135     0    93   132   139   130   112    89    57     7   -84   -95  -108  -120  -133  -153  -214  -198   -70   -20
         20    74   171   414   801   588  2087   414   256   187   126    67    67    67    67    67    67    67    67    67
         67    67    67    67    67    67    67    67    67    67    67    67    67    67    67    67    67    67    67    67
         67    67    67    67    67    67    67    67    67    67
  52   1000   969   881   746   580   401   225    64   -73  -185  -270  -330  -369  -389  -394  -386  -365  -328  -264  -159
        -31    63   107   119   114   100    80    52     6   -76   -86   -98  -109  -120  -136  -188  -169   -55   -10    28
         81   175   417   798   582  2057   407   251   183   123    65    65    65    65    65    65    65    65    65    65
         65    65    65    65    65    65    65    65    65    65    65    65    65    65    65    65    65    65    65    65
         65    65    65    65    65    65    65    65    65
  53   1000   970   885   756   600   434   271   122    -6  -112  -194  -255  -297  -322  -333  -331  -313  -270  -186   -70
         22    71    90    91    82    66    44     5   -66   -74   -84   -92  -101  -113  -151  -128   -35     4    39    88
        180   416   785   567  1989   391   240   175   116    61    61    61    61    61    61    61    61    61    61    61
         61    61    61    61    61    61    61    61    61    61    61    61    61    61    61    61    61    61    61    61
         61    61    61    61    61    61    61    61
  54   1000   971   890   770   627   473   323   185    64   -37  -118  -182  -229  -262  -282  -288  -272  -216  -120   -30
         24    49    58    56    47    31     3   -50   -57   -64   -69   -74   -79   -98   -70    -6    23    53    98   184
        409   758   540  1876   366   223   161   106    54    54    54    54    54    54    54    54    54    54    54    54
         54    54    54    54    54    54    54    54    54    54    54    54    54    54    54    54    54    54    54    54
         54    54    54    54    54    54    54
  55   1000   973   898   788   656   516   378   249   134    35   -48  -117  -173  -218  -252  -269  -250  -180   -96   -36
         -2    15    22    21    15    -1   -31   -33   -37   -38   -38   -35   -29     6    31    49    71   109   187   397
        717   501  1713   330   199   143    92    46    46    46    46    46    46    46    46    46    46    46    46    46
         46    46    46    46    46    46    46    46    46    46    46    46    46    46    46    46    46    46    46    46
         46    46    46    46    46    46
  56   1000   975   907   807   687   559   431   310   198    98     9   -69  -140  -205  -260  -285  -248  -175  -110   -66
        -37   -20   -10    -6    -7    -9    -5    -3     0     6    20    56   101    78    81    93   123   191   381   663
        450  1503   284   168   119    74    35    35    35    35    35    35    35    35    35    35    35    35    35    35
         35    35    35    35    35    35    35    35    35    35    35    35    35    35    35    35    35    35    35    35
         35    35    35    35    35
  57   1000   977   916   825   717   599   479   362   251   146    47   -49  -146  -243  -317  -321  -262  -194  -140  -100
        -71   -50   -33   -17    15    26    35    45    59    85   158   214   133   118   119   140   196   362   599   389
       1254   229   132    91    52    21    21    21    21    21    21    21    21    21    21    21    21    21    21    21
         21    21    21    21    21    21    21    21    21    21    21    21    21    21    21    21    21    21    21    21
         21    21    21    21
  58   1000   980   924   842   743   633   518   402   287   171    52   -75  -215  -343  -394  -354  -285  -222  -171  -130
        -96   -66   -32    38    60    77    95   118   158   273   342   197   161   150   160   202   341   528   322   974
        168    91    59    28     6     6     6     6     6     6     6     6     6     6     6     6     6     6     6     6
          6     6     6     6     6     6     6     6     6     6     6     6     6     6     6     6     6     6     6     6
          6     6     6
  59   1000   982   931   856   764   659   545   426   299   162     6  -175  -358  -461  -446  -380  -310  -248  -195  -149
       -105   -54    59    95   122   148   182   238   398   483   266   208   183   182   210   320   453   250   674   101
         46    24     1    -9    -9    -9    -9    -9    -9    -9    -9    -9    -9    -9    -9    -9    -9    -9    -9    -9
         -9    -9    -9    -9    -9    -9    -9    -9    -9    -9    -9    -9    -9    -9    -9    -9    -9    -9    -9    -9
         -9    -9
  60   1000   983   937   867   779   675   558   427   277    99  -119  -358  -516  -532  -474  -400  -329  -266  -208  -151
        -85    73   129   167   203   248   322   532   632   341   260   220   207   220   301   379   177   365    32     0
        -11   -26   -27   -27   -27   -27   -27   -27   -27   -27   -27   -27   -27   -27   -27   -27   -27   -27   -27   -27
        -27   -27   -27   -27   -27   -27   -27   -27   -27   -27   -27   -27   -27   -27   -27   -27   -27   -27   -27   -27
        -27
  61   1000   985   941   874   786   679   551   396   201   -48  -339  -555  -608  -563  -490  -413  -341  -273  -204  -126
         78   158   210   258   316   409   671   790   420   314   260   234   232   284   308   104    55   -37   -46   -48
        -54   -45   -45   -45   -45   -45   -45   -45   -45   -45   -45   -45   -45   -45   -45   -45   -45   -45   -45   -45
        -45   -45   -45   -45   -45   -45   -45   -45   -45   -45   -45   -45   -45   -45   -45   -45   -45   -45   -45   -45
  62   1000   986   944   877   785   667   514   312    37  -299  -574  -670  -645  -576  -498  -420  -343  -265  -181    70
        182   250   312   383   496   813   953   503   372   303   264   248   273   243    35  -248  -106   -93   -86   -84
        -64   -64   -64   -64   -64   -64   -64   -64   -64   -64   -64   -64   -64   -64   -64   -64   -64   -64   -64   -64
        -64   -64   -64   -64   -64   -64   -64   -64   -64   -64   -64   -64   -64   -64   -64   -64   -64   -64   -64
  63   1000   986   944   873   771   629   428   139  -236  -568  -713  -714  -656  -580  -499  -416  -332  -245    52   202
        288   364   451   586   960  1122   589   433   348   297   267   267   186   -29  -537  -172  -139  -121  -111   -81
        -81   -81   -81   -81   -81   -81   -81   -81   -81   -81   -81   -81   -81   -81   -81   -81   -81   -81   -81   -81
        -81   -81   -81   -81   -81   -81   -81   -81   -81   -81   -81   -81   -81   -81   -81   -81   -81   -81
  64   1000   986   941   861   737   546   254  -149  -536  -732  -767  -726  -657  -577  -492  -404  -320    23   215   323
        415   518   676  1110  1297   679   496   395   332   290   269   140   -86  -803  -234  -181  -155  -135   -94   -94
        -94   -94   -94   -94   -94   -94   -94   -94   -94   -94   -94   -94   -94   -94   -94   -94   -94   -94   -94   -94
        -94   -94   -94   -94   -94   -94   -94   -94   -94   -94   -94   -94   -94   -94   -94   -94   -94
  65   1000   984   933   834   664   382   -38  -473  -725  -799  -783  -727  -654  -571  -484  -412   -26   218   349   460
        582   765  1260  1475   772   562   446   372   319   282   113  -133 -1034  -289  -220  -185  -157  -106  -106  -106
       -106  -106  -106  -106  -106  -106  -106  -106  -106  -106  -106  -106  -106  -106  -106  -106  -106  -106  -106  -106
       -106  -106  -106  -106  -106  -106  -106  -106  -106  -106  -106  -106  -106  -106  -106  -106
  66   1000   981   916   778   519    98  -375  -684  -805  -821  -786  -725  -651  -571  -523  -100   206   365   497   639
        849  1408  1654   867   633   501   418   357   311   112  -161 -1208  -334  -252  -212  -176  -116  -116  -116  -116
       -116  -116  -116  -116  -116  -116  -116  -116  -116  -116  -116  -116  -116  -116  -116  -116  -116  -116  -116  -116
       -116  -116  -116  -116  -116  -116  -116  -116  -116  -116  -116  -116  -116  -116  -116
  67   1000   976   881   663   262  -237  -602  -775  -831  -825  -785  -727  -663  -653  -204   175   365   521   685   923
       1546  1829   964   706   561   470   406   365   153  -162 -1289  -362  -274  -230  -190  -123  -123  -123  -123  -123
       -123  -123  -123  -123  -123  -123  -123  -123  -123  -123  -123  -123  -123  -123  -123  -123  -123  -123  -123  -123
       -123  -123  -123  -123  -123  -123  -123  -123  -123  -123  -123  -123  -123  -123
  68   1000   963   807   453   -48  -462  -693  -798  -831  -823  -791  -754  -801  -342   117   342   522   710   976  1658
       1983  1054   778   624   530   472   456   263  -115 -1203  -356  -276  -234  -192  -122  -122  -122  -122  -122  -122
       -122  -122  -122  -122  -122  -122  -122  -122  -122  -122  -122  -122  -122  -122  -122  -122  -122  -122  -122  -122
       -122  -122  -122  -122  -122  -122  -122  -122  -122  -122  -122  -122  -122
  69   1000   936   671   205  -239  -529  -691  -774  -809  -817  -822  -948  -515    26   281   484   694   982  1705  2073
       1118   836   681   594   557   605   490    21  -794  -285  -236  -206  -169  -104  -104  -104  -104  -104  -104  -104
       -104  -104  -104  -104  -104  -104  -104  -104  -104  -104  -104  -104  -104  -104  -104  -104  -104  -104  -104  -104
       -104  -104  -104  -104  -104  -104  -104  -104  -104  -104  -104  -104
  70   1000   888   530    99  -231  -450  -592  -685  -748  -814 -1039  -697  -109   159   372   588   879  1583  1980  1094
        836   701   642   656   832   904   312   222   -85  -111  -113   -92   -49   -49   -49   -49   -49   -49   -49   -49
        -49   -49   -49   -49   -49   -49   -49   -49   -49   -49   -49   -49   -49   -49   -49   -49   -49   -49   -49   -49
        -49   -49   -49   -49   -49   -49   -49   -49   -49   -49   -49
  71   1000   859   538   221   -28  -220  -371  -500  -640  -965  -832  -294   -59   123   306   543  1082  1454   853   688
        614   617   724  1109  1524   811  2110   309   141    79    55    45    45    45    45    45    45    45    45    45
         45    45    45    45    45    45    45    45    45    45    45    45    45    45    45    45    45    45    45    45
         45    45    45    45    45    45    45    45    45    45
  72   1000   892   682   469   274    98   -71  -260  -622  -784  -449  -322  -225  -132   -24   168   424   340   341   370
        462   680  1291  2127  1380  4452   822   482   342   250   160   160   160   160   160   160   160   160   160   160
        160   160   160   160   160   160   160   160   160   160   160   160   160   160   160   160   160   160   160   160
        160   160   160   160   160   160   160   160   160
  73   1000   938   812   667   513   351   163  -141  -542  -486  -494  -506  -523  -566  -748  -660  -223   -59    68   238
        543  1308  2475  1793  6324  1255   778   576   424   263   263   263   263   263   263   263   263   263   263   263
        263   263   263   263   263   263   263   263   263   263   263   263   263   263   263   263   263   263   263   263
        263   263   263   263   263   263   263   263
  74   1000   963   881   771   642   487   275  -264  -449  -571  -673  -783  -948 -1426 -1488  -666  -383  -182    44   409
       1274  2674  2073  7668  1574  1000   753   559   344   344   344   344   344   344   344   344   344   344   344   344
        344   344   344   344   344   344   344   344   344   344   344   344   344   344   344   344   344   344   344   344
        344   344   344   344   344   344   344
  75   1000   975   912   822   707   587   -25  -392  -600  -773  -956 -1218 -1920 -2107 -1003  -633  -377  -105   311  1271
       2879  2332  8873  1857  1196   909   678   416   416   416   416   416   416   416   416   416   416   416   416   416
        416   416   416   416   416   416   416   416   416   416   416   416   416   416   416   416   416   416   416   416
        416   416   416   416   416   416
  76   1000   980   928   853   814   161  -340  -615  -847 -1091 -1436 -2330 -2629 -1291  -847  -542  -226   249  1325  3169
       2642 10238  2168  1409  1077   806   494   494   494   494   494   494   494   494   494   494   494   494   494   494
        494   494   494   494   494   494   494   494   494   494   494   494   494   494   494   494   494   494   494   494
        494   494   494   494   494
  77   1000   984   945   967   291  -309  -640  -924 -1227 -1653 -2737 -3148 -1577 -1059  -702  -333   218  1457  3613  3069
      12028  2568  1678  1288   968   594   594   594   594   594   594   594   594   594   594   594   594   594   594   594
        594   594   594   594   594   594   594   594   594   594   594   594   594   594   594   594   594   594   594   594
        594   594   594   594
  78   1000   991  1049   346  -321  -701 -1039 -1406 -1927 -3239 -3780 -1921 -1310  -886  -444   221  1716  4336  3723 14697
       3154  2069  1592  1201   738   738   738   738   738   738   738   738   738   738   738   738   738   738   738   738
        738   738   738   738   738   738   738   738   738   738   738   738   738   738   738   738   738   738   738   738
        738   738   738
  79   1000  1055   287  -424  -862 -1271 -1732 -2396 -4070 -4801 -2466 -1701 -1163  -592   279  2249  5712  4925 19514  4201
       2763  2131  1611   993   993   993   993   993   993   993   993   993   993   993   993   993   993   993   993   993
        993   993   993   993   993   993   993   993   993   993   993   993   993   993   993   993   993   993   993   993
        993   993
  80   1000   -66  -866 -1460 -2066 -2788 -3858 -6584 -7818 -4044 -2809 -1928  -965   534  3955  9962  8576 33994  7327  4826
       3728  2826  1746  1746  1746  1746  1746  1746  1746  1746  1746  1746  1746  1746  1746  1746  1746  1746  1746  1746
       1746  1746  1746  1746  1746  1746  1746  1746  1746  1746  1746  1746  1746  1746  1746  1746  1746  1746  1746  1746
       1746
  81   -999 -1274 -1706 -2235 -2924 -3998 -6802 -8084 -4192 -2917 -1991  -943   735  4615 11388  9731 38471  8287  5460  4221
       3207  1986  1986  1986  1986  1986  1986  1986  1986  1986  1986  1986  1986  1986  1986  1986  1986  1986  1986  1986
       1986  1986  1986  1986  1986  1986  1986  1986  1986  1986  1986  1986  1986  1986  1986  1986  1986  1986  1986  1986
  82   -999 -1083 -1280 -1587 -2111 -3540 -4175 -2154 -1491  -999  -415   549  2815  6730  5675 22302  4791  3154  2438  1856
       1152  1152  1152  1152  1152  1152  1152  1152  1152  1152  1152  1152  1152  1152  1152  1152  1152  1152  1152  1152
       1152  1152  1152  1152  1152  1152  1152  1152  1152  1152  1152  1152  1152  1152  1152  1152  1152  1152  1152
  83   -999 -1054 -1213 -1537 -2498 -2884 -1463  -993  -635  -187   580  2421  5552  4591 17857  3816  2505  1934  1473   916
        916   916   916   916   916   916   916   916   916   916   916   916   916   916   916   916   916   916   916   916
        916   916   916   916   916   916   916   916   916   916   916   916   916   916   916   916   916   916
  84   -999 -1050 -1237 -1901 -2098 -1020  -659  -374     5   685  2350  5121  4121 15786  3343  2183  1680  1279   796   796
        796   796   796   796   796   796   796   796   796   796   796   796   796   796   796   796   796   796   796   796
        796   796   796   796   796   796   796   796   796   796   796   796   796   796   796   796   796
  85   -999 -1066 -1488 -1493  -654  -364  -124   220   867  2490  5113  3971 14869  3103  2007  1536  1163   722   722   722
        722   722   722   722   722   722   722   722   722   722   722   722   722   722   722   722   722   722   722   722
        722   722   722   722   722   722   722   722   722   722   722   722   722   722   722   722
  86   -999 -1180  -940  -277   -31   185   527  1200  2938  5644  4184 15163  3091  1967  1488  1111   683   683   683   683
        683   683   683   683   683   683   683   683   683   683   683   683   683   683   683   683   683   683   683   683
        683   683   683   683   683   683   683   683   683   683   683   683   683   683   683
  87   -999  -252   311   561   806  1238  2137  4538  8095  5651 19505  3825  2360  1743  1257   749   749   749   749   749
        749   749   749   749   749   749   749   749   749   749   749   749   749   749   749   749   749   749   749   749
        749   749   749   749   749   749   749   749   749   749   749   749   749   749
  88   1000  1156  1313  1500  1886  2738  5112  8412  5427 17370  3174  1837  1282   831   438   438   438   438   438   438
        438   438   438   438   438   438   438   438   438   438   438   438   438   438   438   438   438   438   438   438
        438   438   438   438   438   438   438   438   438   438   438   438   438
  89   1000  1023  1080  1227  1579  2620  3948  2291  6457  1014   490   276    82   -24   -24   -24   -24   -24   -24   -24
        -24   -24   -24   -24   -24   -24   -24   -24   -24   -24   -24   -24   -24   -24   -24   -24   -24   -24   -24   -24
        -24   -24   -24   -24   -24   -24   -24   -24   -24   -24   -24   -24
  90   1000  1016  1085  1273  1887  2583  1291  2825   264     3  -101  -230  -241  -241  -241  -241  -241  -241  -241  -241
       -241  -241  -241  -241  -241  -241  -241  -241  -241  -241  -241  -241  -241  -241  -241  -241  -241  -241  -241  -241
       -241  -241  -241  -241  -241  -241  -241  -241  -241  -241  -241
  91   1000  1022  1115  1489  1827   727   745  -171  -283  -326  -417  -370  -370  -370  -370  -370  -370  -370  -370  -370
       -370  -370  -370  -370  -370  -370  -370  -370  -370  -370  -370  -370  -370  -370  -370  -370  -370  -370  -370  -370
       -370  -370  -370  -370  -370  -370  -370  -370  -370  -370
  92   1000  1030  1253  1329   338  -707  -472  -476  -471  -500  -395  -395  -395  -395  -395  -395  -395  -395  -395  -395
       -395  -395  -395  -395  -395  -395  -395  -395  -395  -395  -395  -395  -395  -395  -395  -395  -395  -395  -395  -395
       -395  -395  -395  -395  -395  -395  -395  -395  -395
  93   1000  1100   900   -28 -2099  -752  -643  -584  -504  -323  -323  -323  -323  -323  -323  -323  -323  -323  -323  -323
       -323  -323  -323  -323  -323  -323  -323  -323  -323  -323  -323  -323  -323  -323  -323  -323  -323  -323  -323  -323
       -323  -323  -323  -323  -323  -323  -323  -323
  94   1000   313  -613 -4430 -1226  -924  -772  -513  -209  -209  -209  -209  -209  -209  -209  -209  -209  -209  -209  -209
       -209  -209  -209  -209  -209  -209  -209  -209  -209  -209  -209  -209  -209  -209  -209  -209  -209  -209  -209  -209
       -209  -209  -209  -209  -209  -209  -209
  95   -999 -1446 -6722 -1532 -1022  -783  -577  -350  -350  -350  -350  -350  -350  -350  -350  -350  -350  -350  -350  -350
       -350  -350  -350  -350  -350  -350  -350  -350  -350  -350  -350  -350  -350  -350  -350  -350  -350  -350  -350  -350
       -350  -350  -350  -350  -350  -350
  96   -999 -2827  -361   -84    39    -3  -114  -114  -114  -114  -114  -114  -114  -114  -114  -114  -114  -114  -114  -114
       -114  -114  -114  -114  -114  -114  -114  -114  -114  -114  -114  -114  -114  -114  -114  -114  -114  -114  -114  -114
       -114  -114  -114  -114  -114
  97   -999  1767  2339  2604  1826   398   398   398   398   398   398   398   398   398   398   398   398   398   398   398
        398   398   398   398   398   398   398   398   398   398   398   398   398   398   398   398   398   398   398   398
        398   398   398   398
  98   1000  1030  1052   793   296   296   296   296   296   296   296   296   296   296   296   296   296   296   296   296
        296   296   296   296   296   296   296   296   296   296   296   296   296   296   296   296   296   296   296   296
        296   296   296
  99   1000  1002   793   353   353   353   353   353   353   353   353   353   353   353   353   353   353   353   353   353
        353   353   353   353   353   353   353   353   353   353   353   353   353   353   353   353   353   353   353   353
        353   353
 100   1000   827   410   410   410   410   410   410   410   410   410   410   410   410   410   410   410   410   410   410
        410   410   410   410   410   410   410   410   410   410   410   410   410   410   410   410   410   410   410   410
        410
 101   1000   851   851   851   851   851   851   851   851   851   851   851   851   851   851   851   851   851   851   851
        851   851   851   851   851   851   851   851   851   851   851   851   851   851   851   851   851   851   851   851
 102   1000  1000  1000  1000  1000  1000  1000  1000  1000  1000  1000  1000  1000  1000  1000  1000  1000  1000  1000  1000
       1000  1000  1000  1000  1000  1000  1000  1000  1000  1000  1000  1000  1000  1000  1000  1000  1000  1000  1000
 103   1000  1000  1000  1000  1000  1000  1000  1000  1000  1000  1000  1000  1000  1000  1000  1000  1000  1000  1000  1000
       1000  1000  1000  1000  1000  1000  1000  1000  1000  1000  1000  1000  1000  1000  1000  1000  1000  1000
 104   1000  1000  1000  1000  1000  1000  1000  1000  1000  1000  1000  1000  1000  1000  1000  1000  1000  1000  1000  1000
       1000  1000  1000  1000  1000  1000  1000  1000  1000  1000  1000  1000  1000  1000  1000  1000  1000
 105   1000  1000  1000  1000  1000  1000  1000  1000  1000  1000  1000  1000  1000  1000  1000  1000  1000  1000  1000  1000
       1000  1000  1000  1000  1000  1000  1000  1000  1000  1000  1000  1000  1000  1000  1000  1000
 106   1000  1000  1000  1000  1000  1000  1000  1000  1000  1000  1000  1000  1000  1000  1000  1000  1000  1000  1000  1000
       1000  1000  1000  1000  1000  1000  1000  1000  1000  1000  1000  1000  1000  1000  1000
 107   1000  1000  1000  1000  1000  1000  1000  1000  1000  1000  1000  1000  1000  1000  1000  1000  1000  1000  1000  1000
       1000  1000  1000  1000  1000  1000  1000  1000  1000  1000  1000  1000  1000  1000
 108   1000  1000  1000  1000  1000  1000  1000  1000  1000  1000  1000  1000  1000  1000  1000  1000  1000  1000  1000  1000
       1000  1000  1000  1000  1000  1000  1000  1000  1000  1000  1000  1000  1000
 109   1000  1000  1000  1000  1000  1000  1000  1000  1000  1000  1000  1000  1000  1000  1000  1000  1000  1000  1000  1000
       1000  1000  1000  1000  1000  1000  1000  1000  1000  1000  1000  1000
 110   1000  1000  1000  1000  1000  1000  1000  1000  1000  1000  1000  1000  1000  1000  1000  1000  1000  1000  1000  1000
       1000  1000  1000  1000  1000  1000  1000  1000  1000  1000  1000
 111   1000  1000  1000  1000  1000  1000  1000  1000  1000  1000  1000  1000  1000  1000  1000  1000  1000  1000  1000  1000
       1000  1000  1000  1000  1000  1000  1000  1000  1000  1000
 112   1000  1000  1000  1000  1000  1000  1000  1000  1000  1000  1000  1000  1000  1000  1000  1000  1000  1000  1000  1000
       1000  1000  1000  1000  1000  1000  1000  1000  1000
 113   1000  1000  1000  1000  1000  1000  1000  1000  1000  1000  1000  1000  1000  1000  1000  1000  1000  1000  1000  1000
       1000  1000  1000  1000  1000  1000  1000  1000
 114   1000  1000  1000  1000  1000  1000  1000  1000  1000  1000  1000  1000  1000  1000  1000  1000  1000  1000  1000  1000
       1000  1000  1000  1000  1000  1000  1000
 115   1000  1000  1000  1000  1000  1000  1000  1000  1000  1000  1000  1000  1000  1000  1000  1000  1000  1000  1000  1000
       1000  1000  1000  1000  1000  1000
 116   1000  1000  1000  1000  1000  1000  1000  1000  1000  1000  1000  1000  1000  1000  1000  1000  1000  1000  1000  1000
       1000  1000  1000  1000  1000
 117   1000  1000  1000  1000  1000  1000  1000  1000  1000  1000  1000  1000  1000  1000  1000  1000  1000  1000  1000  1000
       1000  1000  1000  1000
 118   1000  1000  1000  1000  1000  1000  1000  1000  1000  1000  1000  1000  1000  1000  1000  1000  1000  1000  1000  1000
       1000  1000  1000
 119   1000  1000  1000  1000  1000  1000  1000  1000  1000  1000  1000  1000  1000  1000  1000  1000  1000  1000  1000  1000
       1000  1000
 120   1000  1000  1000  1000  1000  1000  1000  1000  1000  1000  1000  1000  1000  1000  1000  1000  1000  1000  1000  1000
       1000
 121   1000  1000  1000  1000  1000  1000  1000  1000  1000  1000  1000  1000  1000  1000  1000  1000  1000  1000  1000  1000
 122   1000  1000  1000  1000  1000  1000  1000  1000  1000  1000  1000  1000  1000  1000  1000  1000  1000  1000  1000
 123   1000  1000  1000  1000  1000  1000  1000  1000  1000  1000  1000  1000  1000  1000  1000  1000  1000  1000
 124   1000  1000  1000  1000  1000  1000  1000  1000  1000  1000  1000  1000  1000  1000  1000  1000  1000
 125   1000  1000  1000  1000  1000  1000  1000  1000  1000  1000  1000  1000  1000  1000  1000  1000
 126   1000  1000  1000  1000  1000  1000  1000  1000  1000  1000  1000  1000  1000  1000  1000
 127   1000  1000  1000  1000  1000  1000  1000  1000  1000  1000  1000  1000  1000  1000
 128   1000  1000  1000  1000  1000  1000  1000  1000  1000  1000  1000  1000  1000
 129   1000  1000  1000  1000  1000  1000  1000  1000  1000  1000  1000  1000
 130   1000  1000  1000  1000  1000  1000  1000  1000  1000  1000  1000
 131   1000  1000  1000  1000  1000  1000  1000  1000  1000  1000
 132   1000  1000  1000  1000  1000  1000  1000  1000  1000
 133   1000  1000  1000  1000  1000  1000  1000  1000
 134   1000  1000  1000  1000  1000  1000  1000
 135   1000  1000  1000  1000  1000  1000
 136   1000  1000  1000  1000  1000
 137   1000  1000  1000  1000
 138   1000  1000  1000
 139   1000  1000
 140   1000

 Finished!
