NIF_RUN Passive 18x snout on TANDM 90-348 Pinhole
  140    5    1    0    0
   0.00500   9.00000   0.00500   0.00100
   0.0000000   0   0 1.00000000E+00   1.0000000
ZR902    1.706E-12 0.010       0.00       0.00        (    )
IN115N   4.881E-13 0.007       0.00       0.00        (    )
AU197G   8.079E-14 0.010       0.00 AUNG  3.94 IFX    (ISTP)
IN115G   1.161E-13 0.020       0.00 INNG 39.37 IFX    (ISTP)
AU1972   1.218E-11 0.053       0.00       0.00        (    )
Flux Uncertainty
   5
 1.0000E-11 5.5000E-07 1.0000E-04 1.0000E+01 1.3000E+01
 5.0000E-02 5.0000E-02 5.0000E-02 5.0000E-02 5.0000E-02
Input Flux Spectrum
 140   1 1.000E+00 2.000E+01 5.000E-08
 0.0000E+00 0.0000E+00 0.0000E+00 0.0000E+00 0.0000E+00 0.0000E+00 0.0000E+00
 0.0000E+00 0.0000E+00 0.0000E+00 0.0000E+00 0.0000E+00 0.0000E+00 0.0000E+00
 0.0000E+00 0.0000E+00 0.0000E+00 0.0000E+00 5.3422E+11 2.2552E+11 5.3091E+10
 2.4758E+10 1.4159E+10 9.1063E+09 6.5110E+10 3.2976E+10 2.0677E+10 1.2294E+10
 9.2493E+09 6.1200E+09 4.2597E+09 4.4987E+09 3.6466E+10 5.0351E+10 1.1405E+11
 1.4047E+10 3.1013E+10 5.4205E+10 1.1963E+11 1.2073E+12 1.5846E+12 1.5986E+12
 1.9540E+11 1.7983E+11 1.2785E+11 1.4034E+11 1.2024E+12 7.8144E+11 7.1456E+11
 4.2470E+10 4.0756E+10 3.4579E+10 3.3756E+10 2.8011E+11 2.8660E+11 2.5983E+11
 2.8492E+10 3.7859E+10 3.3442E+10 4.0447E+10 3.9904E+11 4.9727E+11 6.2146E+11
 7.7147E+10 7.8465E+10 9.3357E+10 1.0765E+11 1.1947E+12 9.4786E+11 9.4996E+11
 3.5653E+10 3.1179E+10 2.5241E+10 1.8370E+10 1.1213E+11 5.0322E+10 4.1616E+10
 3.4831E+09 2.2419E+09 2.0000E+09 1.8746E+09 1.8708E+10 1.6138E+10 1.8995E+10
 2.9359E+09 4.7316E+09 8.5041E+09 1.2114E+10 1.8539E+11 2.1536E+11 2.9653E+11
 3.8632E+11 2.6584E+11 1.3486E+12 1.5089E+12 0.0000E+00 0.0000E+00 0.0000E+00
 0.0000E+00 0.0000E+00 0.0000E+00 0.0000E+00 0.0000E+00 0.0000E+00 0.0000E+00
 0.0000E+00 0.0000E+00 0.0000E+00 0.0000E+00 0.0000E+00 0.0000E+00 0.0000E+00
 0.0000E+00 0.0000E+00 0.0000E+00 0.0000E+00 0.0000E+00 0.0000E+00 0.0000E+00
 0.0000E+00 0.0000E+00 0.0000E+00 0.0000E+00 0.0000E+00 0.0000E+00 0.0000E+00
 0.0000E+00 0.0000E+00 0.0000E+00 0.0000E+00 0.0000E+00 0.0000E+00 0.0000E+00
 0.0000E+00 0.0000E+00 0.0000E+00 0.0000E+00 0.0000E+00 0.0000E+00 0.0000E+00
   10   13   28   11    8    5    8    7   10   40



                         ==============================
                               STAYSL PNNL OUTPUT
                         ==============================

 STAYSL PNNL, version 1.2.0, 2015-08-05


 SCENARIO TITLE: NIF_RUN Passive 18x snout on TANDM 90-348 Pinhole
 -------------------------------------------------------------------------------
  NGROUP =   140    NRXN =     5    ACTIVITY NORM = 1.00000E+00

  COVARIANCE PARAMETERS (FCHN, FCVX, ACVX, FS)
    FLUXES:      WIDTH =  9.0000E+00   LONG RANGE COVAR. =  5.0000E-03
            ACTIVITIES =  5.0000E-03   X-SECT CROSS COR. =  1.0000E-03

    DETERM =   4.4576 × 10^   2.00      ERROR =   9.9920E-17

  INPUT NORMALIZATION DATA
    AK1   =     0.00000     VAK        =     0.00003
    NORML =           0     RENORM     = 9.82113E-01
    CHI²  =    70.36580     NORM. CHI² =    17.59145

  DOSIMETRY ACTIVITIES
     ———— INPUTS —————  -UNADJUSTED FLUX-  — ADJUSTED FLUX —    CHI²  90% ACTIVITIES RANGE
 RXN  MEASURED     ±%   ACTIVITY    %DIFF  ACTIVITY    %DIFF  CONTRIB --LOW E-- --HIGH E--   REACTION          CVR
  1  1.706E-12    1.00  1.655E-12   -3.00  1.662E-12   -2.57    4.028  1.30E+01  1.40E+01  ZR90(N,2N)ZR89          
  2  4.881E-13    0.70  5.080E-13    4.08  5.044E-13    3.33    2.013  2.30E+00  1.40E+01  IN115(N,N')IN115M       
  3  8.079E-14    1.00  7.910E-14   -2.10  8.107E-14    0.35   -1.704  5.50E-03  1.20E+01  AU197(N,G)AU198         
  4  1.161E-13    2.00  1.008E-13  -13.19  1.042E-13  -10.22   15.739  7.20E-03  2.00E+00  IN115(N,G)IN116M        
  5  1.218E-11    5.30  7.550E-12  -38.01  7.548E-12  -38.03   50.291  1.00E+01  1.40E+01  AU197(N,2N)AU196        

             % STD. DEV.  =         20.30              19.80

                              CHECK INPUT, IT IS RATHER UNLIKELY !
                                   *** BEWARE OF OUTPUT ! ***


  DIFFERENTIAL FLUXES (input is normalized by a factor of 9.8211E-01)
                  —————— DIFFERENTIAL FLUX —————   ———— STD. DEV. % ————   INTEGRAL
 GRP    ENERGY        NEW         OLD      RATIO    NEW     OLD    RATIO   FLUX > E     ± %
  19  1.3500E-05  5.2700E+11  5.2466E+11   1.004    5.02    5.02   0.999  4.6117E+12    0.99
  20  2.1000E-05  2.2246E+11  2.2149E+11   1.004    5.02    5.02   0.999  4.6116E+12    0.99
  21  3.0000E-05  5.2368E+10  5.2141E+10   1.004    5.02    5.02   0.999  4.6116E+12    0.99
  22  4.5000E-05  2.4419E+10  2.4315E+10   1.004    5.02    5.02   0.999  4.6116E+12    0.99
  23  6.9000E-05  1.3964E+10  1.3906E+10   1.004    5.02    5.02   0.999  4.6116E+12    0.99
  24  1.0000E-04  8.9798E+09  8.9434E+09   1.004    5.02    5.02   0.999  4.6116E+12    0.99
  25  1.3500E-04  6.4196E+10  6.3945E+10   1.004    5.02    5.02   0.999  4.6116E+12    0.99
  26  1.7000E-04  3.2508E+10  3.2386E+10   1.004    5.02    5.02   0.999  4.6116E+12    0.99
  27  2.2000E-04  2.0379E+10  2.0307E+10   1.004    5.02    5.02   0.998  4.6116E+12    0.99
  28  2.8000E-04  1.2114E+10  1.2074E+10   1.003    5.01    5.02   0.998  4.6116E+12    0.99
  29  3.6000E-04  9.1112E+09  9.0839E+09   1.003    5.01    5.02   0.997  4.6116E+12    0.99
  30  4.5000E-04  6.0267E+09  6.0105E+09   1.003    5.00    5.02   0.995  4.6116E+12    0.99
  31  5.7500E-04  4.1932E+09  4.1835E+09   1.002    4.99    5.02   0.993  4.6116E+12    0.99
  32  7.6000E-04  4.4268E+09  4.4182E+09   1.002    4.97    5.02   0.989  4.6116E+12    0.99
  33  9.6000E-04  3.5869E+10  3.5814E+10   1.002    4.94    5.02   0.984  4.6116E+12    0.99
  34  1.2750E-03  4.9508E+10  4.9450E+10   1.001    4.91    5.02   0.977  4.6116E+12    0.99
  35  1.6000E-03  1.1210E+11  1.1201E+11   1.001    4.86    5.02   0.967  4.6116E+12    0.99
  36  2.0000E-03  1.3803E+10  1.3796E+10   1.001    4.80    5.02   0.956  4.6116E+12    0.99
  37  2.7000E-03  3.0468E+10  3.0458E+10   1.000    4.73    5.02   0.941  4.6116E+12    0.99
  38  3.4000E-03  5.3249E+10  5.3235E+10   1.000    4.64    5.02   0.924  4.6115E+12    0.99
  39  4.5000E-03  1.1753E+11  1.1749E+11   1.000    4.55    5.02   0.905  4.6115E+12    0.99
  40  5.5000E-03  1.1863E+12  1.1857E+12   1.000    4.45    5.02   0.885  4.6114E+12    0.99
  41  7.2000E-03  1.5575E+12  1.5563E+12   1.001    4.35    5.02   0.865  4.6093E+12    0.99
  42  9.2000E-03  1.5719E+12  1.5700E+12   1.001    4.25    5.02   0.846  4.6062E+12    0.99
  43  1.2000E-02  1.9224E+11  1.9190E+11   1.002    4.17    5.02   0.830  4.6018E+12    0.99
  44  1.5000E-02  1.7703E+11  1.7661E+11   1.002    4.10    5.02   0.816  4.6012E+12    0.99
  45  1.9000E-02  1.2593E+11  1.2556E+11   1.003    4.06    5.02   0.807  4.6005E+12    1.00
  46  2.5500E-02  1.3832E+11  1.3783E+11   1.004    4.03    5.02   0.803  4.5997E+12    1.00
  47  3.2000E-02  1.1858E+12  1.1809E+12   1.004    4.03    5.02   0.803  4.5988E+12    1.00
  48  4.0000E-02  7.7107E+11  7.6746E+11   1.005    4.05    5.02   0.806  4.5893E+12    1.00
  49  5.2500E-02  7.0546E+11  7.0178E+11   1.005    4.08    5.02   0.812  4.5797E+12    1.00
  50  6.6000E-02  4.1952E+10  4.1710E+10   1.006    4.12    5.02   0.820  4.5702E+12    1.01
  51  8.8000E-02  4.0284E+10  4.0027E+10   1.006    4.16    5.02   0.829  4.5692E+12    1.01
  52  1.1000E-01  3.4204E+10  3.3960E+10   1.007    4.21    5.02   0.837  4.5684E+12    1.01
  53  1.3500E-01  3.3422E+10  3.3152E+10   1.008    4.24    5.02   0.844  4.5675E+12    1.01
  54  1.6000E-01  2.7769E+11  2.7510E+11   1.009    4.27    5.02   0.849  4.5667E+12    1.01
  55  1.9000E-01  2.8459E+11  2.8147E+11   1.011    4.28    5.02   0.852  4.5583E+12    1.01
  56  2.2000E-01  2.5856E+11  2.5518E+11   1.013    4.28    5.02   0.853  4.5498E+12    1.01
  57  2.5500E-01  2.8427E+10  2.7982E+10   1.016    4.27    5.02   0.850  4.5408E+12    1.01
  58  2.9000E-01  3.7893E+10  3.7182E+10   1.019    4.24    5.02   0.844  4.5398E+12    1.01
  59  3.2000E-01  3.3596E+10  3.2844E+10   1.023    4.20    5.02   0.835  4.5386E+12    1.01
  60  3.6000E-01  4.0804E+10  3.9724E+10   1.027    4.13    5.02   0.823  4.5373E+12    1.01
  61  4.0000E-01  4.0441E+11  3.9190E+11   1.032    4.06    5.02   0.808  4.5356E+12    1.01
  62  4.5000E-01  5.0639E+11  4.8838E+11   1.037    3.97    5.02   0.791  4.5154E+12    1.02
  63  5.0000E-01  6.3594E+11  6.1034E+11   1.042    3.88    5.02   0.772  4.4901E+12    1.02
  64  5.5000E-01  7.9316E+10  7.5767E+10   1.047    3.79    5.02   0.754  4.4583E+12    1.02
  65  6.0000E-01  8.1019E+10  7.7061E+10   1.051    3.71    5.02   0.739  4.4543E+12    1.03
  66  6.6000E-01  9.6752E+10  9.1687E+10   1.055    3.66    5.02   0.728  4.4495E+12    1.03
  67  7.2000E-01  1.1188E+11  1.0572E+11   1.058    3.64    5.02   0.723  4.4437E+12    1.03
  68  7.8000E-01  1.2440E+12  1.1733E+12   1.060    3.65    5.02   0.727  4.4370E+12    1.03
  69  8.4000E-01  9.8770E+11  9.3091E+11   1.061    3.71    5.02   0.739  4.3623E+12    1.04
  70  9.2000E-01  9.8945E+11  9.3297E+11   1.061    3.81    5.02   0.759  4.2833E+12    1.05
  71  1.0000E+00  3.7075E+10  3.5015E+10   1.059    3.94    5.02   0.784  4.2042E+12    1.06
  72  1.2000E+00  3.2333E+10  3.0621E+10   1.056    4.09    5.02   0.813  4.1967E+12    1.06
  73  1.4000E+00  2.6078E+10  2.4790E+10   1.052    4.24    5.02   0.843  4.1903E+12    1.07
  74  1.6000E+00  1.8892E+10  1.8041E+10   1.047    4.38    5.02   0.872  4.1851E+12    1.07
  75  1.8000E+00  1.1471E+11  1.1012E+11   1.042    4.51    5.02   0.897  4.1813E+12    1.07
  76  2.0000E+00  5.1187E+10  4.9422E+10   1.036    4.62    5.02   0.919  4.1583E+12    1.07
  77  2.3000E+00  4.2077E+10  4.0872E+10   1.029    4.70    5.02   0.936  4.1430E+12    1.08
  78  2.6000E+00  3.4999E+09  3.4208E+09   1.023    4.76    5.02   0.948  4.1304E+12    1.08
  79  2.9000E+00  2.2388E+09  2.2018E+09   1.017    4.79    5.02   0.954  4.1293E+12    1.08
  80  3.3000E+00  1.9852E+09  1.9642E+09   1.011    4.80    5.02   0.955  4.1284E+12    1.08
  81  3.7000E+00  1.8498E+09  1.8411E+09   1.005    4.77    5.02   0.950  4.1276E+12    1.08
  82  4.1000E+00  1.8358E+10  1.8373E+10   0.999    4.72    5.02   0.939  4.1269E+12    1.08
  83  4.5000E+00  1.5755E+10  1.5849E+10   0.994    4.63    5.02   0.922  4.1195E+12    1.08
  84  5.0000E+00  1.8457E+10  1.8655E+10   0.989    4.52    5.02   0.899  4.1117E+12    1.08
  85  5.5000E+00  2.8410E+09  2.8834E+09   0.985    4.37    5.02   0.870  4.1024E+12    1.08
  86  6.0000E+00  4.5629E+09  4.6470E+09   0.982    4.21    5.02   0.838  4.1010E+12    1.08
  87  6.7000E+00  8.1788E+09  8.3520E+09   0.979    4.04    5.02   0.805  4.0978E+12    1.07
  88  7.4000E+00  1.1629E+10  1.1897E+10   0.977    3.89    5.02   0.773  4.0921E+12    1.07
  89  8.2000E+00  1.7778E+11  1.8207E+11   0.976    3.76    5.02   0.749  4.0828E+12    1.07
  90  9.0000E+00  2.0648E+11  2.1151E+11   0.976    3.69    5.02   0.734  3.9406E+12    0.99
  91  1.0000E+01  2.8449E+11  2.9123E+11   0.977    3.68    5.02   0.733  3.7341E+12    0.87
  92  1.1000E+01  3.7114E+11  3.7941E+11   0.978    3.75    5.02   0.746  3.4496E+12    0.68
  93  1.2000E+01  2.5909E+11  2.6108E+11   0.992    1.96    2.55   0.767  3.0785E+12    0.48
  94  1.3000E+01  1.3306E+12  1.3245E+12   1.005    0.46    0.50   0.925  2.8194E+12    0.46
  95  1.4000E+01  1.4888E+12  1.4819E+12   1.005    0.46    0.50   0.925  1.4888E+12    0.46
      1.5000E+01

  INTEGRALS OF SPECTRA
    OLD SPECTRUM   4.6039E+12   ±    1.419 %
    NEW SPECTRUM   4.6117E+12   ±    0.992 %

  SUMMARY OF BROAD-GROUP FLUXES, FLUENCES, AND UNCERTAINTIES

    IRRAD TIME [S] = 1.00000000E+00   ACT NORM =  1.00000000E+00

       ENERGY       FLUX       FLUENCE      STDEV %
      thermal    0.0000E+00  0.0000E+00  ±   0.00     (0.100 meV – 0.550  eV)
     epithermal  4.3290E+10  4.3290E+10  ±   3.55     (0.550  eV – 110.0 keV)
        fast     4.5684E+12  4.5684E+12  ±   1.01     (110.0 keV –  20.0 MeV)
        fast     4.2042E+12  4.2042E+12  ±   1.06     (  1.0 MeV –  20.0 MeV)
        high     0.0000E+00  0.0000E+00  ±   0.00     ( 20.0 MeV –  60.0 MeV)

    MINI-SPECTRUM

       ENERGY       FLUX       FLUENCE      STDEV %
     1.0000E-10  0.0000E+00  0.0000E+00  ±   0.00
     5.5000E-07  7.7591E+06  7.7591E+06  ±   4.94
     1.0000E-04  4.3282E+10  4.3282E+10  ±   3.56
     1.1000E-01  7.8256E+10  7.8256E+10  ±   3.49
     5.0000E-01  2.8595E+11  2.8595E+11  ±   3.42
     1.0000E+00  4.5818E+10  4.5818E+10  ±   4.17
     2.0000E+00  4.6679E+10  4.6679E+10  ±   4.29
     5.0000E+00  3.7758E+11  3.7758E+11  ±   3.67
     1.0000E+01  3.7341E+12  3.7341E+12  ±   0.87
     2.0000E+01  0.0000E+00  0.0000E+00  ±   0.00
     6.0000E+01

       TOTAL     4.6117E+12  4.6117E+12  ±   0.99

    RELATIVE COVARIANCES (10×10)
        0     0     0     0     0     0     0     0     0     0
     1000     2     0     0     2     4     3    41     0
     1000  -179  -647  -378  -178     8    28     0
     1000   112  -237  -168    -3    18     0
     1000   619   243   -37   -25     0
     1000   792     9   -26     0
     1000   248    63     0
     1000   799     0
     1000     0
        0

  SPECTRAL-AVERAGED REACTION RATES (for all cross section library reactions)

        REACTIONS        SIG-PHI      <SIG>          REACTIONS        SIG-PHI      <SIG>          REACTIONS        SIG-PHI      <SIG>  
   ------------------  ----------  ----------   ------------------  ----------  ----------   ------------------  ----------  ----------
   LI6(N,A)T           3.4308E-13  7.4394E-26   FE58(N,G)FE59       5.9227E-15  1.2843E-27   IN115(N,N')IN115M   5.0435E-13  1.0936E-25
   B10(N,A)LI7         5.6147E-13  1.2175E-25   CO59(N,2N)CO58      2.0588E-12  4.4644E-25   IN115(N,2N)IN114M   4.3905E-12  9.5205E-25
   F19(N,2N)F18        1.0205E-13  2.2130E-26   CO59(N,3N)CO57      0.0000E+00  0.0000E+00   IN115(N,G)IN116M    1.0474E-13  2.2712E-26
   NA23(N,2N)NA22      5.7246E-14  1.2413E-26   CO59(N,G)CO60       8.0993E-15  1.7563E-27   I127(N,2N)I126      4.9227E-12  1.0674E-24
   NA23(N,G)NA24       1.0620E-15  2.3028E-28   CO59(N,P)FE59       2.0116E-13  4.3619E-26   LA139(N,G)LA140     9.7860E-15  2.1220E-27
   MG24(N,P)NA24       7.3066E-13  1.5844E-25   CO59(N,A)MN56       1.1166E-13  2.4213E-26   PR141(N,2N)PR140    5.3960E-12  1.1701E-24
   AL27(N,P)MG27       3.3827E-13  7.3351E-26   NI58(N,2N)NI57      6.3602E-14  1.3792E-26   TM169(N,2N)TM168    7.2944E-12  1.5817E-24
   AL27(N,A)NA24       4.6324E-13  1.0045E-25   NI58(N,P)CO58       1.8049E-12  3.9139E-25   TM169(N,3N)TM167    3.0624E-17  6.6407E-30
   SI28(N,P)AL28       1.0724E-12  2.3254E-25   NI60(N,P)CO60       5.7671E-13  1.2506E-25   TA181(N,G)TA182     8.7124E-14  1.8892E-26
   P31(N,P)SI31        4.4069E-13  9.5560E-26   CU63(N,2N)CU62      1.2736E-12  2.7618E-25   W186(N,G)W187       3.8579E-14  8.3656E-27
   S32(N,P)P32         1.1922E-12  2.5853E-25   CU63(N,G)CU64       2.1642E-14  4.6928E-27   AU197(N,2N)AU196    7.5483E-12  1.6368E-24
   TI46(N,2N)TI45      5.1643E-14  1.1198E-26   CU63(N,A)CO60       1.7379E-13  3.7684E-26   AU197(N,G)AU198     8.1208E-14  1.7609E-26
   TI46(N,P)SC46       1.0945E-12  2.3734E-25   CU65(N,2N)CU64      2.7204E-12  5.8990E-25   HG199(N,N')HG199M   1.0692E-12  2.3185E-25
   TI47(N,P)SC47       5.4510E-13  1.1820E-25   ZN64(N,P)CU64       8.2572E-13  1.7905E-25   PB204(N,N')PB204M   4.7948E-13  1.0397E-25
   TI47(N,X)SC46       1.1247E-13  2.4389E-26   ZN67(N,P)CU67       1.2129E-13  2.6301E-26   BI209(N,3N)BI207    8.8279E-16  1.9143E-28
   TI48(N,P)SC48       2.2343E-13  4.8450E-26   AS75(N,2N)AS74      2.8857E-12  6.2574E-25   TH232(N,FISSION)    1.4242E-12  3.0884E-25
   TI48(N,X)SC47       1.9760E-14  4.2848E-27   Y89(N,2N)Y88        2.3661E-12  5.1308E-25   TH232(N,G)TH233     9.0412E-14  1.9605E-26
   TI49(N,X)SC48       1.0931E-14  2.3703E-27   ZR90(N,2N)ZR89      1.6622E-12  3.6044E-25   U235(N,FISSION)     8.6539E-12  1.8765E-24
   V51(N,A)SC48        5.0487E-14  1.0948E-26   NB93(N,G)NB94       3.4887E-14  7.5650E-27   U235(N,G)U236       9.4260E-14  2.0440E-26
   CR52(N,2N)CR51      7.3868E-13  1.6018E-25   NB93(N,N')NB93M     3.0816E-13  6.6822E-26   U238(N,2N)U237      4.5989E-12  9.9723E-25
   MN55(N,2N)MN54      2.1059E-12  4.5666E-25   NB93(N,2N)NB92M     1.5911E-12  3.4503E-25   U238(N,FISSION)     4.5306E-12  9.8244E-25
   MN55(N,G)MN56       5.6367E-15  1.2223E-27   MO92(N,P)NB92M      3.4853E-13  7.5577E-26   U238(N,G)U239       7.1937E-14  1.5599E-26
   FE54(N,2N)FE53      8.6261E-15  1.8705E-27   RH103(N,N')RH103M   2.2356E-12  4.8478E-25   NP237(N,FISSION)    9.3292E-12  2.0230E-24
   FE54(N,P)MN54       1.6161E-12  3.5045E-25   AG109(N,G)AG110M    9.4817E-15  2.0560E-27   PU239(N,FISSION)    1.0507E-11  2.2784E-24
   FE54(N,A)CR51       3.2072E-13  6.9546E-26   IN113(N,N')IN113M   4.2832E-13  9.2877E-26   AM241(N,FISSION)    1.0909E-11  2.3656E-24
   FE56(N,P)MN56       4.2533E-13  9.2230E-26   IN113(N,G)IN114M    1.3855E-13  3.0042E-26   SC45(N,G)SC46       9.7077E-15  2.1050E-27

  INPUT FLUX REL. CORRELATION MATRIX (by row from diagonal)
   1   1000   988   952   896   823   737   645   551   459   374   298   232   177   133    98    71    52    38    28    21
         17    14    12    11    11    10    10    10    10    10    10    10    10    10    10    10    10    10    10    10
         10    10    10    10    10    10    10    10    10    10    10    10    10    10    10    10    10    10    10    10
         10    10    10    10    10    10    10    10    10    10    10    10    10    10    10    10    10    10    10    10
         10    10    10    10    10    10    10    10    10    10    10    10    20   100   100   100   100   100   100   100
        100   100   100   100   100   100   100   100   100   100   100   100   100   100   100   100   100   100   100   100
        100   100   100   100   100   100   100   100   100   100   100   100   100   100   100   100   100   100   100   100

  OUTPUT FLUX REL. CORRELATION MATRIX (by row from diagonal)
   1   1000   988   952   896   822   737   644   550   458   373   297   231   176   132    97    70    51    36    27    20
         16    13    11    10     9     9     8     8     8     8     7     7     7     6     6     6     5     5     4     4
          4     3     3     3     3     3     3     3     3     3     3     3     3     3     3     3     3     3     3     3
          2     2     2     2     1     1     1     1     1     2     2     2     3     3     4     4     4     5     5     5
          5     5     4     4     4     3     3     3     2     2     2     2    13    92    92    92    92    92    92    92
         92    92    92    92    92    92    92    92    92    92    92    92    92    92    92    92    92    92    92    92
         92    92    92    92    92    92    92    92    92    92    92    92    92    92    92    92    92    92    92    92
   2   1000   988   952   896   822   737   644   550   458   373   297   231   176   132    97    70    51    36    27    20
         16    13    11    10     9     9     8     8     8     7     7     7     6     6     6     5     5     4     4     4
          3     3     3     3     3     3     3     3     3     3     3     3     3     3     3     3     3     3     3     2
          2     2     2     1     1     1     1     1     2     2     2     3     3     4     4     4     5     5     5     5
          5     4     4     4     3     3     3     2     2     2     2    13    92    92    92    92    92    92    92    92
         92    92    92    92    92    92    92    92    92    92    92    92    92    92    92    92    92    92    92    92
         92    92    92    92    92    92    92    92    92    92    92    92    92    92    92    92    92    92    92
   3   1000   988   952   896   822   737   644   550   458   373   297   231   176   132    97    70    50    36    27    20
         15    13    11    10     9     8     8     8     7     7     7     6     6     6     5     5     4     4     4     3
          3     3     3     3     3     3     3     3     3     3     3     3     3     3     3     3     3     3     2     2
          2     2     1     1     1     1     1     2     2     2     3     3     4     4     4     5     5     5     5     5
          4     4     4     3     3     3     2     2     2     2    13    92    92    92    92    92    92    92    92    92
         92    92    92    92    92    92    92    92    92    92    92    92    92    92    92    92    92    92    92    92
         92    92    92    92    92    92    92    92    92    92    92    92    92    92    92    92    92    92
   4   1000   988   952   896   822   737   644   550   458   373   297   231   176   132    97    70    50    36    27    20
         15    13    11    10     9     8     8     8     7     7     6     6     6     5     5     4     4     4     3     3
          3     3     3     3     3     3     3     3     3     3     3     3     3     3     3     3     3     2     2     2
          2     1     1     1     1     1     2     2     2     3     3     4     4     4     5     5     5     5     5     4
          4     4     3     3     3     2     2     2     2    13    92    92    92    92    92    92    92    92    92    92
         92    92    92    92    92    92    92    92    92    92    92    92    92    92    92    92    92    92    92    92
         92    92    92    92    92    92    92    92    92    92    92    92    92    92    92    92    92
   5   1000   988   952   896   822   737   644   550   458   373   297   231   176   132    97    70    50    36    27    20
         15    12    11     9     9     8     8     7     7     6     6     6     5     5     4     4     4     3     3     3
          3     3     3     3     3     3     3     3     3     3     3     3     3     3     3     3     2     2     2     2
          1     1     1     1     1     2     2     2     3     3     4     4     4     5     5     5     5     5     4     4
          4     3     3     3     2     2     2     2    13    92    92    92    92    92    92    92    92    92    92    92
         92    92    92    92    92    92    92    92    92    92    92    92    92    92    92    92    92    92    92    92
         92    92    92    92    92    92    92    92    92    92    92    92    92    92    92    92
   6   1000   988   952   896   822   737   644   550   458   373   297   231   176   132    97    70    50    36    27    20
         15    12    11     9     8     8     7     7     6     6     6     5     5     4     4     4     3     3     3     3
          3     3     3     3     3     3     3     3     3     3     3     3     3     3     3     2     2     2     2     1
          1     1     1     1     2     2     2     3     3     4     4     4     5     5     5     5     5     4     4     4
          3     3     3     2     2     2     2    13    92    92    92    92    92    92    92    92    92    92    92    92
         92    92    92    92    92    92    92    92    92    92    92    92    92    92    92    92    92    92    92    92
         92    92    92    92    92    92    92    92    92    92    92    92    92    92    92
   7   1000   988   952   896   822   737   644   550   458   373   297   231   176   132    97    70    50    36    26    20
         15    12    10     9     8     8     7     7     6     6     5     5     4     4     4     3     3     3     3     3
          3     3     3     3     3     3     3     3     3     3     3     3     3     3     2     2     2     2     1     1
          1     1     1     2     2     2     3     3     4     4     4     5     5     5     5     5     4     4     4     3
          3     3     2     2     2     2    13    92    92    92    92    92    92    92    92    92    92    92    92    92
         92    92    92    92    92    92    92    92    92    92    92    92    92    92    92    92    92    92    92    92
         92    92    92    92    92    92    92    92    92    92    92    92    92    92
   8   1000   988   952   896   822   737   644   550   458   373   297   231   176   132    97    70    50    36    26    20
         15    12    10     9     8     7     7     6     6     5     5     4     4     4     3     3     3     3     3     3
          3     3     3     3     3     3     3     3     3     3     3     3     3     2     2     2     2     1     1     1
          1     1     2     2     2     3     3     4     4     4     5     5     5     5     5     4     4     4     3     3
          3     2     2     2     2    13    92    92    92    92    92    92    92    92    92    92    92    92    92    92
         92    92    92    92    92    92    92    92    92    92    92    92    92    92    92    92    92    92    92    92
         92    92    92    92    92    92    92    92    92    92    92    92    92
   9   1000   988   952   896   822   737   644   550   458   373   297   231   176   131    97    70    50    36    26    20
         15    12    10     9     8     7     6     6     5     5     4     4     4     3     3     3     3     3     3     3
          3     3     3     3     3     3     3     3     3     3     3     3     2     2     2     2     1     1     1     1
          1     2     2     2     3     3     4     4     4     5     5     5     5     5     4     4     4     3     3     3
          2     2     2     2    13    92    92    92    92    92    92    92    92    92    92    92    92    92    92    92
         92    92    92    92    92    92    92    92    92    92    92    92    92    92    92    92    92    92    92    92
         92    92    92    92    92    92    92    92    92    92    92    92
  10   1000   988   952   896   822   737   644   550   458   373   297   231   176   131    97    70    50    36    26    19
         15    12    10     8     7     7     6     5     5     4     4     4     3     3     3     3     2     2     3     3
          3     3     3     3     3     3     3     3     3     3     3     2     2     2     1     1     1     1     1     1
          2     2     2     3     3     4     4     4     5     5     5     5     5     4     4     4     3     3     3     2
          2     2     2    13    92    92    92    92    92    92    92    92    92    92    92    92    92    92    92    92
         92    92    92    92    92    92    92    92    92    92    92    92    92    92    92    92    92    92    92    92
         92    92    92    92    92    92    92    92    92    92    92
  11   1000   988   952   896   822   737   644   550   458   373   297   231   176   131    96    70    50    36    26    19
         15    11     9     8     7     6     5     5     4     4     4     3     3     3     3     2     2     2     3     3
          3     3     3     3     3     3     3     3     3     3     2     2     2     1     1     1     1     1     1     2
          2     2     3     3     4     4     4     5     5     5     5     5     4     4     4     3     3     3     2     2
          2     2    13    92    92    92    92    92    92    92    92    92    92    92    92    92    92    92    92    92
         92    92    92    92    92    92    92    92    92    92    92    92    92    92    92    92    92    92    92    92
         92    92    92    92    92    92    92    92    92    92
  12   1000   988   952   896   822   737   644   550   458   373   297   231   176   131    96    70    50    36    26    19
         14    11     9     7     6     6     5     4     4     3     3     3     3     2     2     2     2     2     3     3
          3     3     3     3     3     3     3     3     2     2     2     2     1     1     1     1     1     1     2     2
          2     3     3     4     4     4     5     5     5     5     5     4     4     4     3     3     3     2     2     2
          2    13    92    92    92    92    92    92    92    92    92    92    92    92    92    92    92    92    92    92
         92    92    92    92    92    92    92    92    92    92    92    92    92    92    92    92    92    92    92    92
         92    92    92    92    92    92    92    92    92
  13   1000   988   952   896   822   737   644   550   458   373   297   231   176   131    96    70    50    36    26    19
         14    11     9     7     6     5     4     4     3     3     3     2     2     2     2     2     2     2     3     3
          3     3     3     3     3     3     3     2     2     2     2     1     1     1     1     1     1     1     2     2
          3     3     4     4     4     5     5     5     5     5     4     4     4     3     3     3     2     2     2     2
         13    92    92    92    92    92    92    92    92    92    92    92    92    92    92    92    92    92    92    92
         92    92    92    92    92    92    92    92    92    92    92    92    92    92    92    92    92    92    92    92
         92    92    92    92    92    92    92    92
  14   1000   988   952   896   822   737   644   550   458   373   297   231   176   131    96    70    50    35    25    18
         14    10     8     7     5     5     4     3     3     3     2     2     2     2     2     2     2     3     3     3
          3     3     3     3     3     2     2     2     2     1     1     1     1     1     1     1     1     2     2     3
          3     4     4     4     5     5     5     5     5     4     4     4     3     3     3     2     2     2     2    13
         92    92    92    92    92    92    92    92    92    92    92    92    92    92    92    92    92    92    92    92
         92    92    92    92    92    92    92    92    92    92    92    92    92    92    92    92    92    92    92    92
         92    92    92    92    92    92    92
  15   1000   988   952   896   822   737   644   550   458   373   297   231   176   131    96    69    50    35    25    18
         13    10     8     6     5     4     3     3     2     2     2     2     2     2     2     2     2     2     3     3
          3     3     3     3     2     2     2     2     1     1     1     1     1     1     1     1     2     2     3     3
          3     4     4     4     5     5     5     5     4     4     4     3     3     3     2     2     2     2    13    92
         92    92    92    92    92    92    92    92    92    92    92    92    92    92    92    92    92    92    92    92
         92    92    92    92    92    92    92    92    92    92    92    92    92    92    92    92    92    92    92    92
         92    92    92    92    92    92
  16   1000   988   952   896   822   737   644   550   458   373   297   231   176   131    96    69    49    35    25    18
         13     9     7     5     4     3     3     2     2     2     2     2     2     2     2     2     2     2     2     3
          3     2     2     2     2     2     1     1     1     1     0     0     0     1     1     1     2     2     3     3
          4     4     4     5     5     5     5     4     4     4     3     3     3     2     2     2     2    13    92    92
         92    92    92    92    92    92    92    92    92    92    92    92    92    92    92    92    92    92    92    92
         92    92    92    92    92    92    92    92    92    92    92    92    92    92    92    92    92    92    92    92
         92    92    92    92    92
  17   1000   988   952   896   822   737   644   550   458   373   297   231   176   131    96    69    49    35    24    17
         12     9     6     5     4     3     2     2     1     1     1     1     2     2     2     2     2     2     2     2
          2     2     2     2     1     1     1     0     0     0     0     0     0     1     1     2     2     3     3     4
          4     4     5     5     5     5     4     4     4     3     3     3     2     2     2     2    13    92    92    92
         92    92    92    92    92    92    92    92    92    92    92    92    92    92    92    92    92    92    92    92
         92    92    92    92    92    92    92    92    92    92    92    92    92    92    92    92    92    92    92    92
         92    92    92    92
  18   1000   988   952   896   822   737   644   550   458   373   297   231   176   131    96    69    49    34    24    17
         12     8     6     4     3     2     2     1     1     1     1     1     1     1     2     2     2     2     2     2
          2     2     1     1     1     0     0     0     0     0     0     0     0     1     1     2     3     3     4     4
          4     4     5     5     5     4     4     4     3     3     3     2     2     2     2    13    92    92    92    92
         92    92    92    92    92    92    92    92    92    92    92    92    92    92    92    92    92    92    92    92
         92    92    92    92    92    92    92    92    92    92    92    92    92    92    92    92    92    92    92    92
         92    92    92
  19   1000   988   952   896   822   737   644   550   458   373   297   231   176   131    96    69    49    34    23    16
         11     7     5     3     2     1     1     1     0     0     1     1     1     1     1     1     2     2     1     1
          1     1     1     0     0     0     0     0     0     0     0     0     0     1     2     2     3     3     4     4
          4     5     5     4     4     4     4     3     3     3     2     2     2     2    13    92    92    92    92    92
         92    92    92    92    92    92    92    92    92    92    92    92    92    92    92    92    92    92    92    92
         92    92    92    92    92    92    92    92    92    92    92    92    92    92    92    92    92    92    92    92
         92    92
  20   1000   988   952   896   822   737   644   550   458   373   297   231   176   131    96    69    48    34    23    15
         10     6     4     2     1     0     0     0     0     0     0     0     1     1     1     1     1     1     1     0
          0     0     0     0     0     0    -1    -1     0     0     0     0     1     1     2     3     3     4     4     4
          4     4     4     4     4     4     3     3     3     2     2     2     2    13    92    92    92    92    92    92
         92    92    92    92    92    92    92    92    92    92    92    92    92    92    92    92    92    92    92    92
         92    92    92    92    92    92    92    92    92    92    92    92    92    92    92    92    92    92    92    92
         92
  21   1000   988   952   896   822   737   644   550   459   373   297   231   176   131    96    69    48    33    22    14
          9     5     2     1     0     0     0     0     0     0     0     0     0     0     0     0     0     0     0     0
          0     0    -1    -1    -2    -2    -2    -1    -1    -1     0     0     1     1     2     3     3     4     4     4
          4     4     4     4     4     3     3     3     2     2     2     2    13    91    91    91    91    91    91    91
         91    91    91    91    91    91    91    91    91    91    91    91    91    91    91    91    91    91    91    91
         91    91    91    91    91    91    91    91    91    91    91    91    91    91    91    91    91    91    91    91
  22   1000   988   952   896   822   737   644   550   459   374   298   232   176   131    96    68    47    32    21    13
          7     3     1     0    -1    -1    -1    -1    -1    -1    -1     0     0     0     0     0     0    -1    -1    -1
         -2    -2    -3    -3    -3    -3    -3    -2    -2    -1     0     0     1     1     2     3     3     4     4     4
          4     4     4     4     3     3     3     2     2     2     2    13    91    91    91    91    91    91    91    91
         91    91    91    91    91    91    91    91    91    91    91    91    91    91    91    91    91    91    91    91
         91    91    91    91    91    91    91    91    91    91    91    91    91    91    91    91    91    91    91
  23   1000   988   952   896   822   737   645   551   459   374   298   232   177   131    95    67    46    30    19    11
          5     1    -1    -2    -3    -3    -3    -3    -3    -2    -2    -2    -2    -2    -2    -2    -2    -3    -3    -4
         -4    -5    -5    -5    -5    -5    -4    -4    -3    -2     0     0     1     1     2     3     3     4     4     4
          4     4     4     3     3     3     2     2     2     2    13    91    91    91    91    91    91    91    91    91
         91    91    91    91    91    91    91    91    91    91    91    91    91    91    91    91    91    91    91    91
         91    91    91    91    91    91    91    91    91    91    91    91    91    91    91    91    91    91
  24   1000   988   952   896   823   737   645   551   460   375   299   232   177   131    95    66    44    28    16     8
          2    -1    -3    -5    -5    -6    -5    -5    -5    -4    -4    -4    -4    -4    -4    -5    -5    -6    -6    -7
         -7    -8    -8    -8    -8    -7    -6    -5    -4    -2    -1     0     0     1     2     3     3     4     4     4
          4     3     3     3     3     2     2     2     2    13    91    91    91    91    91    91    91    91    91    91
         91    91    91    91    91    91    91    91    91    91    91    91    91    91    91    91    91    91    91    91
         91    91    91    91    91    91    91    91    91    91    91    91    91    91    91    91    91
  25   1000   988   952   896   823   737   645   552   461   376   299   233   176   130    93    64    41    24    12     4
         -1    -5    -7    -8    -9    -9    -8    -8    -8    -7    -7    -7    -7    -7    -8    -8    -9   -10   -11   -11
        -12   -12   -12   -12   -11    -9    -8    -6    -5    -3    -2     0     0     1     2     3     3     3     3     3
          3     3     3     3     2     2     2     2    13    90    90    90    90    90    90    90    90    90    90    90
         90    90    90    90    90    90    90    90    90    90    90    90    90    90    90    90    90    90    90    90
         90    90    90    90    90    90    90    90    90    90    90    90    90    90    90    90
  26   1000   988   952   896   823   738   646   552   461   376   300   233   175   128    90    60    37    19     7    -1
         -7   -10   -12   -13   -13   -13   -12   -12   -12   -11   -11   -11   -12   -12   -13   -14   -15   -16   -17   -17
        -18   -18   -17   -16   -14   -12   -10    -8    -6    -4    -2    -1     0     1     2     2     3     3     3     3
          3     3     3     2     2     2     3    13    89    89    89    89    89    89    89    89    89    89    89    89
         89    89    89    89    89    89    89    89    89    89    89    89    89    89    89    89    89    89    89    89
         89    89    89    89    89    89    89    89    89    89    89    89    89    89    89
  27   1000   988   952   896   823   739   647   553   462   377   299   231   173   125    85    54    30    12     0    -8
        -14   -17   -18   -19   -19   -18   -18   -17   -17   -17   -17   -17   -18   -19   -20   -21   -23   -24   -25   -25
        -25   -24   -22   -20   -18   -15   -12   -10    -7    -5    -3    -1     0     0     1     2     2     3     3     3
          3     3     3     2     3     3    13    88    88    88    88    88    88    88    88    88    88    88    88    88
         88    88    88    88    88    88    88    88    88    88    88    88    88    88    88    88    88    88    88    88
         88    88    88    88    88    88    88    88    88    88    88    88    88    88
  28   1000   988   953   897   824   739   648   554   462   376   298   228   169   119    78    46    21     3    -9   -17
        -22   -25   -26   -26   -25   -25   -24   -24   -24   -24   -25   -26   -27   -28   -30   -31   -33   -34   -35   -35
        -33   -31   -29   -25   -22   -18   -15   -11    -9    -6    -4    -2     0     0     1     2     2     2     3     3
          3     3     3     3     3    13    87    87    87    87    87    87    87    87    87    87    87    87    87    87
         87    87    87    87    87    87    87    87    87    87    87    87    87    87    87    87    87    87    87    87
         87    87    87    87    87    87    87    87    87    87    87    87    87
  29   1000   988   953   897   824   740   648   554   462   374   294   223   162   110    68    34     9    -8   -20   -28
        -32   -34   -35   -35   -34   -34   -33   -33   -33   -34   -35   -37   -39   -41   -43   -45   -46   -47   -47   -45
        -43   -39   -35   -30   -26   -21   -17   -13   -10    -7    -4    -2    -1     0     1     1     2     2     2     3
          3     3     3     3    13    85    85    85    85    85    85    85    85    85    85    85    85    85    85    85
         85    85    85    85    85    85    85    85    85    85    85    85    85    85    85    85    85    85    85    85
         85    85    85    85    85    85    85    85    85    85    85    85
  30   1000   988   953   897   825   740   648   553   460   370   288   215   151    97    54    20    -4   -22   -33   -40
        -44   -46   -46   -45   -45   -45   -44   -45   -46   -47   -49   -52   -54   -57   -60   -62   -63   -62   -60   -57
        -52   -47   -41   -35   -29   -24   -19   -15   -11    -8    -5    -3    -1     0     1     1     2     2     3     3
          3     3     3    13    83    83    83    83    83    83    83    83    83    83    83    83    83    83    83    83
         83    83    83    83    83    83    83    83    83    83    83    83    83    83    83    83    83    83    83    83
         83    83    83    83    83    83    83    83    83    83    83
  31   1000   988   953   897   825   740   647   551   455   363   278   202   136    80    36     2   -22   -38   -49   -55
        -58   -59   -59   -59   -58   -58   -59   -60   -62   -65   -68   -71   -75   -78   -81   -82   -81   -79   -75   -69
        -62   -54   -46   -39   -32   -26   -21   -16   -12    -8    -5    -3    -1     0     1     1     2     2     3     3
          3     3    13    81    81    81    81    81    81    81    81    81    81    81    81    81    81    81    81    81
         81    81    81    81    81    81    81    81    81    81    81    81    81    81    81    81    81    81    81    81
         81    81    81    81    81    81    81    81    81    81
  32   1000   988   953   897   825   739   644   546   447   352   264   184   116    59    15   -18   -41   -57   -66   -71
        -74   -75   -75   -75   -75   -76   -78   -80   -83   -87   -92   -96  -100  -103  -105  -104  -101   -96   -88   -79
        -70   -60   -51   -43   -35   -28   -22   -16   -12    -8    -5    -3    -1     0     1     2     2     3     3     4
          4    13    78    78    78    78    78    78    78    78    78    78    78    78    78    78    78    78    78    78
         78    78    78    78    78    78    78    78    78    78    78    78    78    78    78    78    78    78    78    78
         78    78    78    78    78    78    78    78    78
  33   1000   988   953   897   823   736   639   537   435   336   244   162    92    35    -8   -40   -63   -77   -85   -90
        -92   -93   -93   -94   -96   -98  -101  -105  -110  -115  -121  -126  -130  -132  -131  -128  -121  -111  -100   -89
        -77   -65   -55   -45   -36   -29   -22   -16   -12    -8    -5    -2     0     0     1     2     3     4     4     4
         13    74    74    74    74    74    74    74    74    74    74    74    74    74    74    74    74    74    74    74
         74    74    74    74    74    74    74    74    74    74    74    74    74    74    74    74    74    74    74    74
         74    74    74    74    74    74    74    74
  34   1000   988   953   896   821   731   631   525   418   315   220   136    65     8   -34   -65   -86   -99  -106  -111
       -113  -114  -116  -118  -121  -125  -130  -136  -143  -149  -156  -161  -163  -162  -158  -150  -138  -125  -110   -96
        -82   -69   -57   -46   -37   -29   -22   -16   -11    -7    -4    -1     0     1     2     3     4     4     5    13
         70    70    70    70    70    70    70    70    70    70    70    70    70    70    70    70    70    70    70    70
         70    70    70    70    70    70    70    70    70    70    70    70    70    70    70    70    70    70    70    70
         70    70    70    70    70    70    70
  35   1000   988   952   894   817   724   619   508   397   290   191   106    35   -20   -61   -90  -110  -122  -129  -134
       -137  -139  -143  -147  -152  -158  -165  -173  -182  -189  -195  -199  -198  -192  -182  -168  -152  -135  -117  -100
        -84   -70   -57   -46   -36   -28   -21   -15   -10    -6    -3     0     1     2     4     4     5     5    13    66
         66    66    66    66    66    66    66    66    66    66    66    66    66    66    66    66    66    66    66    66
         66    66    66    66    66    66    66    66    66    66    66    66    66    66    66    66    66    66    66    66
         66    66    66    66    66    66
  36   1000   988   951   891   810   713   604   487   371   260   160    74     5   -48   -88  -116  -134  -147  -154  -160
       -164  -169  -174  -181  -189  -198  -208  -218  -227  -234  -238  -237  -230  -218  -202  -183  -162  -141  -121  -102
        -85   -70   -56   -44   -34   -26   -19   -13    -8    -4    -1     0     2     4     5     6     6    13    62    62
         62    62    62    62    62    62    62    62    62    62    62    62    62    62    62    62    62    62    62    62
         62    62    62    62    62    62    62    62    62    62    62    62    62    62    62    62    62    62    62    62
         62    62    62    62    62
  37   1000   987   949   887   802   700   584   463   342   229   128    43   -24   -77  -115  -142  -161  -173  -182  -190
       -197  -204  -212  -222  -233  -244  -256  -267  -276  -280  -279  -272  -258  -239  -216  -191  -167  -143  -121  -101
        -83   -67   -53   -41   -31   -23   -16   -11    -6    -2     0     2     4     5     6     7    13    57    57    57
         57    57    57    57    57    57    57    57    57    57    57    57    57    57    57    57    57    57    57    57
         57    57    57    57    57    57    57    57    57    57    57    57    57    57    57    57    57    57    57    57
         57    57    57    57
  38   1000   987   947   881   792   683   563   436   313   198    97    13   -52  -104  -141  -169  -188  -202  -214  -224
       -234  -245  -256  -269  -283  -297  -310  -320  -326  -324  -316  -300  -277  -251  -223  -195  -167  -142  -118   -97
        -79   -63   -49   -37   -28   -20   -13    -8    -3     0     2     5     6     7     7    14    53    53    53    53
         53    53    53    53    53    53    53    53    53    53    53    53    53    53    53    53    53    53    53    53
         53    53    53    53    53    53    53    53    53    53    53    53    53    53    53    53    53    53    53    53
         53    53    53
  39   1000   986   944   874   780   666   540   410   284   169    69   -13   -78  -129  -167  -196  -217  -234  -249  -263
       -277  -291  -307  -323  -340  -355  -366  -373  -371  -362  -343  -318  -288  -256  -223  -192  -163  -136  -112   -91
        -73   -57   -44   -33   -23   -16    -9    -4     0     2     5     7     8     8    14    48    48    48    48    48
         48    48    48    48    48    48    48    48    48    48    48    48    48    48    48    48    48    48    48    48
         48    48    48    48    48    48    48    48    48    48    48    48    48    48    48    48    48    48    48    48
         48    48
  40   1000   985   940   866   767   648   517   385   258   144    45   -36  -102  -154  -193  -224  -249  -270  -288  -307
       -325  -344  -363  -382  -399  -413  -420  -419  -408  -387  -359  -325  -289  -253  -217  -184  -154  -127  -104   -83
        -65   -50   -37   -27   -18   -11    -5    -1     2     5     7     9     9    14    44    44    44    44    44    44
         44    44    44    44    44    44    44    44    44    44    44    44    44    44    44    44    44    44    44    44
         44    44    44    44    44    44    44    44    44    44    44    44    44    44    44    44    44    44    44    44
         44
  41   1000   984   937   859   754   631   498   364   238   124    25   -56  -123  -177  -219  -254  -283  -308  -332  -355
       -378  -401  -423  -442  -458  -466  -465  -453  -431  -399  -362  -322  -281  -242  -206  -172  -142  -116   -93   -73
        -56   -42   -31   -21   -13    -6    -1     2     6     8    10    10    15    40    40    40    40    40    40    40
         40    40    40    40    40    40    40    40    40    40    40    40    40    40    40    40    40    40    40    40
         40    40    40    40    40    40    40    40    40    40    40    40    40    40    40    40    40    40    40    40
  42   1000   983   933   851   743   618   483   349   223   109    10   -73  -142  -199  -246  -285  -319  -350  -379  -407
       -434  -459  -482  -499  -509  -508  -495  -471  -437  -396  -352  -308  -265  -225  -189  -156  -127  -102   -81   -62
        -47   -34   -23   -14    -7    -1     2     6     9    10    11    15    36    36    36    36    36    36    36    36
         36    36    36    36    36    36    36    36    36    36    36    36    36    36    36    36    36    36    36    36
         36    36    36    36    36    36    36    36    36    36    36    36    36    36    36    36    36    36    36
  43   1000   982   930   845   735   608   474   340   214   100     0   -86  -159  -221  -273  -318  -357  -393  -427  -459
       -489  -515  -534  -546  -545  -532  -506  -469  -426  -379  -331  -286  -243  -204  -169  -137  -110   -87   -67   -51
        -37   -25   -16    -8    -2     2     7     9    11    12    15    33    33    33    33    33    33    33    33    33
         33    33    33    33    33    33    33    33    33    33    33    33    33    33    33    33    33    33    33    33
         33    33    33    33    33    33    33    33    33    33    33    33    33    33    33    33    33    33
  44   1000   982   928   842   731   604   470   337   210    94    -8   -98  -175  -242  -299  -350  -395  -437  -475  -509
       -539  -561  -574  -575  -561  -534  -496  -450  -401  -350  -302  -257  -216  -178  -146  -117   -92   -72   -54   -39
        -27   -17    -9    -2     3     7    10    12    12    16    31    31    31    31    31    31    31    31    31    31
         31    31    31    31    31    31    31    31    31    31    31    31    31    31    31    31    31    31    31    31
         31    31    31    31    31    31    31    31    31    31    31    31    31    31    31    31    31
  45   1000   981   926   840   730   604   470   337   210    92   -13  -107  -190  -262  -325  -382  -432  -477  -517  -551
       -577  -593  -594  -581  -554  -514  -467  -416  -364  -314  -267  -224  -186  -152  -122   -96   -75   -56   -41   -28
        -18    -9    -2     3     7    10    12    13    16    30    30    30    30    30    30    30    30    30    30    30
         30    30    30    30    30    30    30    30    30    30    30    30    30    30    30    30    30    30    30    30
         30    30    30    30    30    30    30    30    30    30    30    30    30    30    30    30
  46   1000   981   926   841   731   607   474   341   213    92   -17  -115  -203  -281  -349  -410  -464  -512  -551  -581
       -599  -603  -591  -564  -524  -476  -424  -371  -320  -273  -229  -190  -155  -125   -98   -76   -58   -42   -29   -18
         -9    -2     3     7    10    12    13    16    29    29    29    29    29    29    29    29    29    29    29    29
         29    29    29    29    29    29    29    29    29    29    29    29    29    29    29    29    29    29    29    29
         29    29    29    29    29    29    29    29    29    29    29    29    29    29    29
  47   1000   981   927   843   735   612   480   347   216    93   -19  -123  -215  -298  -371  -435  -491  -537  -572  -594
       -601  -590  -564  -525  -478  -426  -373  -322  -274  -230  -191  -156  -125   -99   -77   -58   -42   -29   -18   -10
         -2     3     7    11    12    13    16    29    29    29    29    29    29    29    29    29    29    29    29    29
         29    29    29    29    29    29    29    29    29    29    29    29    29    29    29    29    29    29    29    29
         29    29    29    29    29    29    29    29    29    29    29    29    29    29
  48   1000   982   928   845   739   617   486   352   220    94   -22  -129  -226  -312  -388  -453  -508  -550  -577  -587
       -580  -556  -519  -472  -421  -369  -319  -271  -228  -189  -154  -124   -98   -76   -57   -42   -29   -18    -9    -2
          3     7    10    12    13    16    29    29    29    29    29    29    29    29    29    29    29    29    29    29
         29    29    29    29    29    29    29    29    29    29    29    29    29    29    29    29    29    29    29    29
         29    29    29    29    29    29    29    29    29    29    29    29    29
  49   1000   982   930   848   744   623   492   357   223    94   -25  -136  -235  -324  -401  -465  -514  -548  -564  -561
       -540  -506  -461  -412  -362  -312  -266  -223  -185  -151  -122   -96   -75   -56   -41   -28   -18    -9    -2     3
          7    10    12    13    16    30    30    30    30    30    30    30    30    30    30    30    30    30    30    30
         30    30    30    30    30    30    30    30    30    30    30    30    30    30    30    30    30    30    30    30
         30    30    30    30    30    30    30    30    30    30    30    30
  50   1000   982   931   851   748   627   496   360   225    94   -28  -141  -243  -332  -407  -467  -509  -532  -534  -519
       -488  -447  -400  -351  -304  -259  -218  -180  -147  -119   -94   -73   -55   -40   -28   -17    -9    -2     2     7
         10    12    12    16    31    31    31    31    31    31    31    31    31    31    31    31    31    31    31    31
         31    31    31    31    31    31    31    31    31    31    31    31    31    31    31    31    31    31    31    31
         31    31    31    31    31    31    31    31    31    31    31
  51   1000   983   932   853   751   630   499   362   225    92   -31  -146  -248  -336  -408  -460  -492  -502  -492  -466
       -429  -386  -340  -294  -251  -211  -175  -143  -115   -91   -71   -53   -39   -27   -17    -9    -2     2     6     9
         11    12    16    33    33    33    33    33    33    33    33    33    33    33    33    33    33    33    33    33
         33    33    33    33    33    33    33    33    33    33    33    33    33    33    33    33    33    33    33    33
         33    33    33    33    33    33    33    33    33    33
  52   1000   983   933   855   753   633   501   363   224    90   -35  -151  -252  -337  -401  -444  -464  -462  -443  -410
       -371  -328  -285  -243  -205  -170  -139  -112   -89   -69   -52   -38   -26   -17    -9    -2     2     6     9    11
         11    15    34    34    34    34    34    34    34    34    34    34    34    34    34    34    34    34    34    34
         34    34    34    34    34    34    34    34    34    34    34    34    34    34    34    34    34    34    34    34
         34    34    34    34    34    34    34    34    34
  53   1000   983   934   856   754   634   501   362   222    86   -40  -155  -254  -333  -388  -420  -428  -417  -391  -356
       -316  -276  -237  -200  -166  -136  -110   -87   -67   -51   -37   -26   -16    -9    -2     2     6     8    10    11
         15    35    35    35    35    35    35    35    35    35    35    35    35    35    35    35    35    35    35    35
         35    35    35    35    35    35    35    35    35    35    35    35    35    35    35    35    35    35    35    35
         35    35    35    35    35    35    35    35
  54   1000   983   934   857   755   634   500   359   218    81   -46  -159  -253  -324  -370  -390  -389  -370  -341  -306
       -269  -231  -196  -163  -134  -108   -86   -67   -51   -37   -26   -17    -9    -3     1     5     8     9    10    14
         36    36    36    36    36    36    36    36    36    36    36    36    36    36    36    36    36    36    36    36
         36    36    36    36    36    36    36    36    36    36    36    36    36    36    36    36    36    36    36    36
         36    36    36    36    36    36    36
  55   1000   983   935   857   754   632   497   355   211    73   -53  -163  -251  -312  -347  -357  -349  -327  -296  -262
       -227  -194  -162  -133  -108   -86   -67   -51   -37   -26   -17   -10    -4     0     4     7     9     9    14    36
         36    36    36    36    36    36    36    36    36    36    36    36    36    36    36    36    36    36    36    36
         36    36    36    36    36    36    36    36    36    36    36    36    36    36    36    36    36    36    36    36
         36    36    36    36    36    36
  56   1000   983   935   856   753   630   492   348   202    63   -61  -166  -245  -296  -321  -324  -311  -287  -257  -225
       -193  -162  -134  -109   -87   -68   -52   -38   -27   -18   -11    -4     0     3     6     8     9    13    36    36
         36    36    36    36    36    36    36    36    36    36    36    36    36    36    36    36    36    36    36    36
         36    36    36    36    36    36    36    36    36    36    36    36    36    36    36    36    36    36    36    36
         36    36    36    36    36
  57   1000   983   934   855   750   625   485   337   189    51   -70  -168  -237  -279  -295  -292  -276  -252  -223  -193
       -164  -137  -112   -89   -70   -54   -40   -29   -20   -12    -6    -1     2     5     7     8    12    35    35    35
         35    35    35    35    35    35    35    35    35    35    35    35    35    35    35    35    35    35    35    35
         35    35    35    35    35    35    35    35    35    35    35    35    35    35    35    35    35    35    35    35
         35    35    35    35
  58   1000   983   934   853   746   617   474   323   174    37   -78  -167  -227  -259  -269  -263  -245  -221  -194  -167
       -140  -115   -93   -73   -57   -43   -31   -22   -14    -7    -2     1     4     5     7    11    34    34    34    34
         34    34    34    34    34    34    34    34    34    34    34    34    34    34    34    34    34    34    34    34
         34    34    34    34    34    34    34    34    34    34    34    34    34    34    34    34    34    34    34    34
         34    34    34
  59   1000   983   932   850   740   607   459   305   156    23   -84  -163  -213  -238  -244  -235  -217  -194  -169  -144
       -119   -97   -77   -60   -46   -34   -24   -16   -10    -4     0     2     4     5     9    32    32    32    32    32
         32    32    32    32    32    32    32    32    32    32    32    32    32    32    32    32    32    32    32    32
         32    32    32    32    32    32    32    32    32    32    32    32    32    32    32    32    32    32    32    32
         32    32
  60   1000   983   931   845   731   593   441   285   139    13   -85  -155  -197  -216  -218  -209  -191  -170  -146  -123
       -102   -82   -65   -50   -38   -27   -19   -12    -7    -3     0     2     3     7    29    29    29    29    29    29
         29    29    29    29    29    29    29    29    29    29    29    29    29    29    29    29    29    29    29    29
         29    29    29    29    29    29    29    29    29    29    29    29    29    29    29    29    29    29    29    29
         29
  61   1000   982   928   839   720   577   421   267   126     8   -80  -141  -177  -192  -193  -183  -167  -147  -126  -105
        -86   -69   -54   -41   -31   -22   -15   -10    -6    -2     0     1     5    27    27    27    27    27    27    27
         27    27    27    27    27    27    27    27    27    27    27    27    27    27    27    27    27    27    27    27
         27    27    27    27    27    27    27    27    27    27    27    27    27    27    27    27    27    27    27    27
  62   1000   981   925   831   707   560   404   253   120    12   -68  -121  -153  -166  -166  -157  -143  -125  -107   -89
        -73   -58   -45   -35   -26   -19   -14    -9    -6    -3    -1     2    24    24    24    24    24    24    24    24
         24    24    24    24    24    24    24    24    24    24    24    24    24    24    24    24    24    24    24    24
         24    24    24    24    24    24    24    24    24    24    24    24    24    24    24    24    24    24    24
  63   1000   980   920   823   694   545   392   248   124    25   -47   -95  -124  -137  -138  -131  -119  -105   -89   -74
        -61   -49   -39   -30   -23   -18   -13   -10    -7    -5    -1    21    21    21    21    21    21    21    21    21
         21    21    21    21    21    21    21    21    21    21    21    21    21    21    21    21    21    21    21    21
         21    21    21    21    21    21    21    21    21    21    21    21    21    21    21    21    21    21
  64   1000   979   916   815   684   537   390   255   140    49   -17   -63   -91  -105  -108  -104   -96   -85   -73   -62
        -51   -42   -34   -28   -22   -18   -14   -12    -9    -5    18    18    18    18    18    18    18    18    18    18
         18    18    18    18    18    18    18    18    18    18    18    18    18    18    18    18    18    18    18    18
         18    18    18    18    18    18    18    18    18    18    18    18    18    18    18    18    18
  65   1000   978   913   810   680   539   400   274   168    83    19   -25   -54   -70   -77   -77   -73   -66   -59   -51
        -43   -37   -32   -27   -23   -20   -17   -14   -10    16    16    16    16    16    16    16    16    16    16    16
         16    16    16    16    16    16    16    16    16    16    16    16    16    16    16    16    16    16    16    16
         16    16    16    16    16    16    16    16    16    16    16    16    16    16    16    16
  66   1000   977   911   810   685   552   423   306   206   125    63    17   -14   -35   -46   -51   -52   -50   -46   -42
        -38   -35   -31   -28   -26   -23   -20   -15    14    14    14    14    14    14    14    14    14    14    14    14
         14    14    14    14    14    14    14    14    14    14    14    14    14    14    14    14    14    14    14    14
         14    14    14    14    14    14    14    14    14    14    14    14    14    14    14
  67   1000   977   912   815   698   575   455   346   251   172   109    60    24     0   -17   -27   -33   -36   -37   -36
        -36   -34   -33   -31   -29   -26   -21    14    14    14    14    14    14    14    14    14    14    14    14    14
         14    14    14    14    14    14    14    14    14    14    14    14    14    14    14    14    14    14    14    14
         14    14    14    14    14    14    14    14    14    14    14    14    14    14
  68   1000   978   917   826   719   605   494   390   299   220   154   102    61    30     8    -7   -18   -25   -30   -34
        -36   -37   -36   -35   -32   -27    14    14    14    14    14    14    14    14    14    14    14    14    14    14
         14    14    14    14    14    14    14    14    14    14    14    14    14    14    14    14    14    14    14    14
         14    14    14    14    14    14    14    14    14    14    14    14    14
  69   1000   979   923   840   742   637   532   433   343   263   195   139    93    57    29     8    -7   -19   -28   -34
        -38   -40   -40   -38   -32    16    16    16    16    16    16    16    16    16    16    16    16    16    16    16
         16    16    16    16    16    16    16    16    16    16    16    16    16    16    16    16    16    16    16    16
         16    16    16    16    16    16    16    16    16    16    16    16
  70   1000   981   930   855   765   667   567   471   381   300   229   169   118    77    44    18    -1   -16   -28   -37
        -42   -43   -43   -37    19    19    19    19    19    19    19    19    19    19    19    19    19    19    19    19
         19    19    19    19    19    19    19    19    19    19    19    19    19    19    19    19    19    19    19    19
         19    19    19    19    19    19    19    19    19    19    19
  71   1000   983   936   868   784   692   596   501   411   329   255   190   136    91    54    24     0   -18   -32   -41
        -45   -46   -41    23    23    23    23    23    23    23    23    23    23    23    23    23    23    23    23    23
         23    23    23    23    23    23    23    23    23    23    23    23    23    23    23    23    23    23    23    23
         23    23    23    23    23    23    23    23    23    23
  72   1000   985   942   879   800   711   618   524   433   349   272   205   147    98    57    24    -2   -23   -37   -45
        -49   -44    27    27    27    27    27    27    27    27    27    27    27    27    27    27    27    27    27    27
         27    27    27    27    27    27    27    27    27    27    27    27    27    27    27    27    27    27    27    27
         27    27    27    27    27    27    27    27    27
  73   1000   986   946   887   811   725   633   539   448   362   283   213   152   100    56    19    -9   -30   -43   -50
        -47    32    32    32    32    32    32    32    32    32    32    32    32    32    32    32    32    32    32    32
         32    32    32    32    32    32    32    32    32    32    32    32    32    32    32    32    32    32    32    32
         32    32    32    32    32    32    32    32
  74   1000   987   950   892   819   734   642   549   456   369   288   216   151    96    49    10   -18   -38   -49   -48
         36    36    36    36    36    36    36    36    36    36    36    36    36    36    36    36    36    36    36    36
         36    36    36    36    36    36    36    36    36    36    36    36    36    36    36    36    36    36    36    36
         36    36    36    36    36    36    36
  75   1000   987   952   896   823   739   648   554   461   372   289   213   145    87    37    -1   -29   -46   -49    41
         41    41    41    41    41    41    41    41    41    41    41    41    41    41    41    41    41    41    41    41
         41    41    41    41    41    41    41    41    41    41    41    41    41    41    41    41    41    41    41    41
         41    41    41    41    41    41
  76   1000   988   953   898   826   743   651   556   462   370   284   205   134    72    21   -15   -40   -48    45    45
         45    45    45    45    45    45    45    45    45    45    45    45    45    45    45    45    45    45    45    45
         45    45    45    45    45    45    45    45    45    45    45    45    45    45    45    45    45    45    45    45
         45    45    45    45    45
  77   1000   988   954   899   828   744   652   556   459   365   274   191   116    52     3   -31   -45    48    48    48
         48    48    48    48    48    48    48    48    48    48    48    48    48    48    48    48    48    48    48    48
         48    48    48    48    48    48    48    48    48    48    48    48    48    48    48    48    48    48    48    48
         48    48    48    48
  78   1000   988   954   900   828   744   651   552   452   353   257   169    91    28   -17   -39    50    50    50    50
         50    50    50    50    50    50    50    50    50    50    50    50    50    50    50    50    50    50    50    50
         50    50    50    50    50    50    50    50    50    50    50    50    50    50    50    50    50    50    50    50
         50    50    50
  79   1000   988   954   900   828   742   647   545   439   334   232   140    62     3   -29    52    52    52    52    52
         52    52    52    52    52    52    52    52    52    52    52    52    52    52    52    52    52    52    52    52
         52    52    52    52    52    52    52    52    52    52    52    52    52    52    52    52    52    52    52    52
         52    52
  80   1000   988   954   899   826   739   639   531   418   305   198   105    31   -14    53    53    53    53    53    53
         53    53    53    53    53    53    53    53    53    53    53    53    53    53    53    53    53    53    53    53
         53    53    53    53    53    53    53    53    53    53    53    53    53    53    53    53    53    53    53    53
         53
  81   1000   988   954   898   823   731   625   509   387   267   158    69     8    52    52    52    52    52    52    52
         52    52    52    52    52    52    52    52    52    52    52    52    52    52    52    52    52    52    52    52
         52    52    52    52    52    52    52    52    52    52    52    52    52    52    52    52    52    52    52    52
  82   1000   988   953   895   816   717   603   476   346   223   117    41    51    51    51    51    51    51    51    51
         51    51    51    51    51    51    51    51    51    51    51    51    51    51    51    51    51    51    51    51
         51    51    51    51    51    51    51    51    51    51    51    51    51    51    51    51    51    51    51
  83   1000   988   951   890   804   697   571   435   300   179    86    49    49    49    49    49    49    49    49    49
         49    49    49    49    49    49    49    49    49    49    49    49    49    49    49    49    49    49    49    49
         49    49    49    49    49    49    49    49    49    49    49    49    49    49    49    49    49    49
  84   1000   987   948   881   787   668   531   388   255   145    45    45    45    45    45    45    45    45    45    45
         45    45    45    45    45    45    45    45    45    45    45    45    45    45    45    45    45    45    45    45
         45    45    45    45    45    45    45    45    45    45    45    45    45    45    45    45    45
  85   1000   986   943   869   763   633   488   346   222    42    42    42    42    42    42    42    42    42    42    42
         42    42    42    42    42    42    42    42    42    42    42    42    42    42    42    42    42    42    42    42
         42    42    42    42    42    42    42    42    42    42    42    42    42    42    42    42
  86   1000   985   936   852   736   597   452   317    38    38    38    38    38    38    38    38    38    38    38    38
         38    38    38    38    38    38    38    38    38    38    38    38    38    38    38    38    38    38    38    38
         38    38    38    38    38    38    38    38    38    38    38    38    38    38    38
  87   1000   983   928   835   710   570   429    33    33    33    33    33    33    33    33    33    33    33    33    33
         33    33    33    33    33    33    33    33    33    33    33    33    33    33    33    33    33    33    33    33
         33    33    33    33    33    33    33    33    33    33    33    33    33    33
  88   1000   980   919   820   694   557    30    30    30    30    30    30    30    30    30    30    30    30    30    30
         30    30    30    30    30    30    30    30    30    30    30    30    30    30    30    30    30    30    30    30
         30    30    30    30    30    30    30    30    30    30    30    30    30
  89   1000   978   914   814   689    26    26    26    26    26    26    26    26    26    26    26    26    26    26    26
         26    26    26    26    26    26    26    26    26    26    26    26    26    26    26    26    26    26    26    26
         26    26    26    26    26    26    26    26    26    26    26    26
  90   1000   977   913   813    25    25    25    25    25    25    25    25    25    25    25    25    25    25    25    25
         25    25    25    25    25    25    25    25    25    25    25    25    25    25    25    25    25    25    25    25
         25    25    25    25    25    25    25    25    25    25    25
  91   1000   978   912    24    24    24    24    24    24    24    24    24    24    24    24    24    24    24    24    24
         24    24    24    24    24    24    24    24    24    24    24    24    24    24    24    24    24    24    24    24
         24    24    24    24    24    24    24    24    24    24
  92   1000   973    25    25    25    25    25    25    25    25    25    25    25    25    25    25    25    25    25    25
         25    25    25    25    25    25    25    25    25    25    25    25    25    25    25    25    25    25    25    25
         25    25    25    25    25    25    25    25    25
  93   1000   146   146   146   146   146   146   146   146   146   146   146   146   146   146   146   146   146   146   146
        146   146   146   146   146   146   146   146   146   146   146   146   146   146   146   146   146   146   146   146
        146   146   146   146   146   146   146   146
  94   1000  1000  1000  1000  1000  1000  1000  1000  1000  1000  1000  1000  1000  1000  1000  1000  1000  1000  1000  1000
       1000  1000  1000  1000  1000  1000  1000  1000  1000  1000  1000  1000  1000  1000  1000  1000  1000  1000  1000  1000
       1000  1000  1000  1000  1000  1000  1000
  95   1000  1000  1000  1000  1000  1000  1000  1000  1000  1000  1000  1000  1000  1000  1000  1000  1000  1000  1000  1000
       1000  1000  1000  1000  1000  1000  1000  1000  1000  1000  1000  1000  1000  1000  1000  1000  1000  1000  1000  1000
       1000  1000  1000  1000  1000  1000
  96   1000  1000  1000  1000  1000  1000  1000  1000  1000  1000  1000  1000  1000  1000  1000  1000  1000  1000  1000  1000
       1000  1000  1000  1000  1000  1000  1000  1000  1000  1000  1000  1000  1000  1000  1000  1000  1000  1000  1000  1000
       1000  1000  1000  1000  1000
  97   1000  1000  1000  1000  1000  1000  1000  1000  1000  1000  1000  1000  1000  1000  1000  1000  1000  1000  1000  1000
       1000  1000  1000  1000  1000  1000  1000  1000  1000  1000  1000  1000  1000  1000  1000  1000  1000  1000  1000  1000
       1000  1000  1000  1000
  98   1000  1000  1000  1000  1000  1000  1000  1000  1000  1000  1000  1000  1000  1000  1000  1000  1000  1000  1000  1000
       1000  1000  1000  1000  1000  1000  1000  1000  1000  1000  1000  1000  1000  1000  1000  1000  1000  1000  1000  1000
       1000  1000  1000
  99   1000  1000  1000  1000  1000  1000  1000  1000  1000  1000  1000  1000  1000  1000  1000  1000  1000  1000  1000  1000
       1000  1000  1000  1000  1000  1000  1000  1000  1000  1000  1000  1000  1000  1000  1000  1000  1000  1000  1000  1000
       1000  1000
 100   1000  1000  1000  1000  1000  1000  1000  1000  1000  1000  1000  1000  1000  1000  1000  1000  1000  1000  1000  1000
       1000  1000  1000  1000  1000  1000  1000  1000  1000  1000  1000  1000  1000  1000  1000  1000  1000  1000  1000  1000
       1000
 101   1000  1000  1000  1000  1000  1000  1000  1000  1000  1000  1000  1000  1000  1000  1000  1000  1000  1000  1000  1000
       1000  1000  1000  1000  1000  1000  1000  1000  1000  1000  1000  1000  1000  1000  1000  1000  1000  1000  1000  1000
 102   1000  1000  1000  1000  1000  1000  1000  1000  1000  1000  1000  1000  1000  1000  1000  1000  1000  1000  1000  1000
       1000  1000  1000  1000  1000  1000  1000  1000  1000  1000  1000  1000  1000  1000  1000  1000  1000  1000  1000
 103   1000  1000  1000  1000  1000  1000  1000  1000  1000  1000  1000  1000  1000  1000  1000  1000  1000  1000  1000  1000
       1000  1000  1000  1000  1000  1000  1000  1000  1000  1000  1000  1000  1000  1000  1000  1000  1000  1000
 104   1000  1000  1000  1000  1000  1000  1000  1000  1000  1000  1000  1000  1000  1000  1000  1000  1000  1000  1000  1000
       1000  1000  1000  1000  1000  1000  1000  1000  1000  1000  1000  1000  1000  1000  1000  1000  1000
 105   1000  1000  1000  1000  1000  1000  1000  1000  1000  1000  1000  1000  1000  1000  1000  1000  1000  1000  1000  1000
       1000  1000  1000  1000  1000  1000  1000  1000  1000  1000  1000  1000  1000  1000  1000  1000
 106   1000  1000  1000  1000  1000  1000  1000  1000  1000  1000  1000  1000  1000  1000  1000  1000  1000  1000  1000  1000
       1000  1000  1000  1000  1000  1000  1000  1000  1000  1000  1000  1000  1000  1000  1000
 107   1000  1000  1000  1000  1000  1000  1000  1000  1000  1000  1000  1000  1000  1000  1000  1000  1000  1000  1000  1000
       1000  1000  1000  1000  1000  1000  1000  1000  1000  1000  1000  1000  1000  1000
 108   1000  1000  1000  1000  1000  1000  1000  1000  1000  1000  1000  1000  1000  1000  1000  1000  1000  1000  1000  1000
       1000  1000  1000  1000  1000  1000  1000  1000  1000  1000  1000  1000  1000
 109   1000  1000  1000  1000  1000  1000  1000  1000  1000  1000  1000  1000  1000  1000  1000  1000  1000  1000  1000  1000
       1000  1000  1000  1000  1000  1000  1000  1000  1000  1000  1000  1000
 110   1000  1000  1000  1000  1000  1000  1000  1000  1000  1000  1000  1000  1000  1000  1000  1000  1000  1000  1000  1000
       1000  1000  1000  1000  1000  1000  1000  1000  1000  1000  1000
 111   1000  1000  1000  1000  1000  1000  1000  1000  1000  1000  1000  1000  1000  1000  1000  1000  1000  1000  1000  1000
       1000  1000  1000  1000  1000  1000  1000  1000  1000  1000
 112   1000  1000  1000  1000  1000  1000  1000  1000  1000  1000  1000  1000  1000  1000  1000  1000  1000  1000  1000  1000
       1000  1000  1000  1000  1000  1000  1000  1000  1000
 113   1000  1000  1000  1000  1000  1000  1000  1000  1000  1000  1000  1000  1000  1000  1000  1000  1000  1000  1000  1000
       1000  1000  1000  1000  1000  1000  1000  1000
 114   1000  1000  1000  1000  1000  1000  1000  1000  1000  1000  1000  1000  1000  1000  1000  1000  1000  1000  1000  1000
       1000  1000  1000  1000  1000  1000  1000
 115   1000  1000  1000  1000  1000  1000  1000  1000  1000  1000  1000  1000  1000  1000  1000  1000  1000  1000  1000  1000
       1000  1000  1000  1000  1000  1000
 116   1000  1000  1000  1000  1000  1000  1000  1000  1000  1000  1000  1000  1000  1000  1000  1000  1000  1000  1000  1000
       1000  1000  1000  1000  1000
 117   1000  1000  1000  1000  1000  1000  1000  1000  1000  1000  1000  1000  1000  1000  1000  1000  1000  1000  1000  1000
       1000  1000  1000  1000
 118   1000  1000  1000  1000  1000  1000  1000  1000  1000  1000  1000  1000  1000  1000  1000  1000  1000  1000  1000  1000
       1000  1000  1000
 119   1000  1000  1000  1000  1000  1000  1000  1000  1000  1000  1000  1000  1000  1000  1000  1000  1000  1000  1000  1000
       1000  1000
 120   1000  1000  1000  1000  1000  1000  1000  1000  1000  1000  1000  1000  1000  1000  1000  1000  1000  1000  1000  1000
       1000
 121   1000  1000  1000  1000  1000  1000  1000  1000  1000  1000  1000  1000  1000  1000  1000  1000  1000  1000  1000  1000
 122   1000  1000  1000  1000  1000  1000  1000  1000  1000  1000  1000  1000  1000  1000  1000  1000  1000  1000  1000
 123   1000  1000  1000  1000  1000  1000  1000  1000  1000  1000  1000  1000  1000  1000  1000  1000  1000  1000
 124   1000  1000  1000  1000  1000  1000  1000  1000  1000  1000  1000  1000  1000  1000  1000  1000  1000
 125   1000  1000  1000  1000  1000  1000  1000  1000  1000  1000  1000  1000  1000  1000  1000  1000
 126   1000  1000  1000  1000  1000  1000  1000  1000  1000  1000  1000  1000  1000  1000  1000
 127   1000  1000  1000  1000  1000  1000  1000  1000  1000  1000  1000  1000  1000  1000
 128   1000  1000  1000  1000  1000  1000  1000  1000  1000  1000  1000  1000  1000
 129   1000  1000  1000  1000  1000  1000  1000  1000  1000  1000  1000  1000
 130   1000  1000  1000  1000  1000  1000  1000  1000  1000  1000  1000
 131   1000  1000  1000  1000  1000  1000  1000  1000  1000  1000
 132   1000  1000  1000  1000  1000  1000  1000  1000  1000
 133   1000  1000  1000  1000  1000  1000  1000  1000
 134   1000  1000  1000  1000  1000  1000  1000
 135   1000  1000  1000  1000  1000  1000
 136   1000  1000  1000  1000  1000
 137   1000  1000  1000  1000
 138   1000  1000  1000
 139   1000  1000
 140   1000

 Finished!
