88" 33MeV Deuteron breakup on Ta, ETA
  140    7    1    0    1
   0.00500  10.00000   0.00500   0.00100
   0.0000000   0   0 7.04179000E+04   1.0000000
AL27P    5.003E-21 0.053       0.00       0.00        (    )
AL27A    5.627E-21 0.015       0.00       0.00        (    )
NI582    1.156E-21 0.018       0.00       0.00        (    )
IN115N   4.515E-20 0.014       0.00       0.00        (    )
AU1972   8.758E-20 0.054       0.00       0.00        (    )
AU197G   6.807E-20 0.024       0.00 AUNG  3.94 IFX    (ISTP)
IN115G   8.877E-20 0.018       0.00 INNG 40.39 IFX    (ISTP)
Flux Uncertainty From MCNP Calculations
 140
 1.3400E-02 1.2200E-02 1.1300E-02 1.0600E-02 9.9000E-03 9.4000E-03 9.3000E-03
 9.2000E-03 9.2000E-03 9.4000E-03 9.7000E-03 1.0100E-02 1.0800E-02 1.1800E-02
 1.2900E-02 1.4300E-02 1.5900E-02 1.8000E-02 2.0500E-02 2.3700E-02 2.7400E-02
 3.1700E-02 3.6300E-02 4.3000E-02 4.9600E-02 5.4300E-02 5.6700E-02 5.6800E-02
 5.5400E-02 5.3200E-02 5.2000E-02 5.1100E-02 5.0400E-02 4.9800E-02 5.0000E-02
 5.0500E-02 5.1700E-02 5.3400E-02 5.7900E-02 6.4200E-02 7.1400E-02 8.1200E-02
 9.4200E-02 1.0850E-01 1.2620E-01 1.4480E-01 1.6390E-01 1.8390E-01 2.0210E-01
 2.1800E-01 2.3050E-01 2.3840E-01 2.4130E-01 2.3870E-01 2.2990E-01 2.1550E-01
 1.9570E-01 1.7210E-01 1.4570E-01 1.1770E-01 9.1200E-02 6.7000E-02 4.8700E-02
 3.6500E-02 2.9800E-02 2.6500E-02 2.3500E-02 2.1000E-02 1.8800E-02 1.6900E-02
 1.5300E-02 1.4000E-02 1.3100E-02 1.2400E-02 1.1900E-02 1.1400E-02 1.1100E-02
 1.0800E-02 1.0600E-02 1.0400E-02 1.0200E-02 1.0400E-02 1.0400E-02 1.0100E-02
 9.8000E-03 9.4000E-03 9.1000E-03 8.7000E-03 8.3000E-03 7.8000E-03 7.5000E-03
 7.4000E-03 7.3000E-03 7.3000E-03 7.3000E-03 7.5000E-03 7.7000E-03 8.1000E-03
 8.5000E-03 9.1000E-03 9.9000E-03 1.0800E-02 1.2100E-02 1.3900E-02 1.6200E-02
 1.9100E-02 2.3000E-02 2.8100E-02 4.0100E-02 7.4000E-02 1.3370E-01 2.1370E-01
 3.0400E-01 3.9320E-01 4.7430E-01 5.4610E-01 6.0460E-01 6.5120E-01 6.8640E-01
 7.1250E-01 7.3430E-01 7.5070E-01 7.6240E-01 7.7070E-01 7.7600E-01 7.8070E-01
 7.8340E-01 7.8660E-01 7.8920E-01 7.9260E-01 7.9710E-01 8.0290E-01 8.1110E-01
 8.2020E-01 8.3140E-01 8.4390E-01 8.5870E-01 8.7410E-01 8.9090E-01 9.0740E-01
 Input Flux Spectrum from MCNP Simulation
 140   0 1.200E+10 2.000E+01 5.000E-08
 1.2332E-09 2.0426E-09 3.1231E-09 4.5297E-09 6.2244E-09 8.1003E-09 9.8161E-09
 1.0755E-08 1.0364E-08 9.3489E-09 8.0833E-09 6.5903E-09 4.9667E-09 3.2970E-09
 1.6387E-09 7.2966E-10 5.4544E-10 4.3491E-10 3.7185E-10 3.4423E-10 3.4286E-10
 3.6798E-10 4.2142E-10 5.0517E-10 6.2437E-10 7.7842E-10 9.6345E-10 1.1725E-09
 1.3909E-09 1.6105E-09 1.8209E-09 2.0123E-09 2.3016E-09 3.3288E-09 4.1437E-09
 4.7576E-09 5.1976E-09 5.4888E-09 5.6493E-09 5.7079E-09 5.6738E-09 5.5862E-09
 5.4442E-09 5.2923E-09 5.1249E-09 4.9698E-09 4.8349E-09 4.7344E-09 4.6825E-09
 4.6821E-09 4.7738E-09 4.9554E-09 5.2575E-09 5.7490E-09 6.5032E-09 7.6329E-09
 9.3281E-09 1.1907E-08 1.5718E-08 2.1526E-08 3.0232E-08 4.3158E-08 6.2067E-08
 8.9067E-08 1.2783E-07 1.7892E-07 2.4889E-07 3.3280E-07 4.2967E-07 5.3145E-07
 6.2617E-07 7.0218E-07 7.5427E-07 7.7768E-07 7.7487E-07 7.5080E-07 7.1630E-07
 6.7650E-07 6.3880E-07 6.0120E-07 5.6307E-07 5.1773E-07 4.7467E-07 4.4279E-07
 4.2567E-07 4.2443E-07 4.3674E-07 4.5868E-07 4.8357E-07 5.0453E-07 5.1529E-07
 5.1192E-07 4.9571E-07 4.6686E-07 4.2140E-07 3.6041E-07 2.9024E-07 2.1907E-07
 1.5747E-07 1.0633E-07 6.5678E-08 3.7049E-08 1.7497E-08 9.7533E-09 6.2975E-09
 3.8912E-09 2.2728E-09 1.2348E-09 6.2220E-10 2.9741E-10 1.4458E-10 7.6623E-11
 4.6582E-11 3.3261E-11 2.7201E-11 2.4845E-11 2.4533E-11 3.3487E-11 4.2577E-11
 5.0575E-11 5.7251E-11 6.2283E-11 6.5628E-11 6.7517E-11 6.8329E-11 6.8140E-11
 6.7819E-11 6.7278E-11 6.7176E-11 6.7607E-11 6.9014E-11 7.1513E-11 7.5425E-11
 8.1797E-11 9.0958E-11 1.0420E-10 1.2266E-10 1.4909E-10 1.8611E-10 2.3836E-10
   17   15    9    9    9   10    7   14   14   36



                         ==============================
                               STAYSL PNNL OUTPUT
                         ==============================

 STAYSL PNNL, version 1.2.0, 2015-08-05


 SCENARIO TITLE: 88" 33MeV Deuteron breakup on Ta, ETA
 -------------------------------------------------------------------------------
  NGROUP =   140    NRXN =     7    ACTIVITY NORM = 1.00000E+00

  COVARIANCE PARAMETERS (FCHN, FCVX, ACVX, FS)
    FLUXES:      WIDTH =  1.0000E+01   LONG RANGE COVAR. =  5.0000E-03
            ACTIVITIES =  5.0000E-03   X-SECT CROSS COR. =  1.0000E-03

    DETERM =   4.6446 × 10^   7.00      ERROR =  -1.6455E-16

  INPUT NORMALIZATION DATA
    AK1   =     0.00000     VAK        =     0.00003
    NORML =           0     RENORM     = 9.99949E-01
    CHI²  =    15.29467     NORM. CHI² =     2.54911

  DOSIMETRY ACTIVITIES
     ———— INPUTS —————  -UNADJUSTED FLUX-  — ADJUSTED FLUX —    CHI²  90% ACTIVITIES RANGE
 RXN  MEASURED     ±%   ACTIVITY    %DIFF  ACTIVITY    %DIFF  CONTRIB --LOW E-- --HIGH E--   REACTION          CVR
  1  5.003E-21    5.30  6.016E-21   20.25  6.016E-21   20.25   12.907  5.00E+00  1.60E+01  AL27(N,P)MG27           
  2  5.627E-21    1.50  5.533E-21   -1.66  5.534E-21   -1.66    1.217  7.40E+00  1.70E+01  AL27(N,A)NA24           
  3  1.156E-21    1.80  1.169E-21    1.08  1.169E-21    1.09    0.235  1.30E+01  2.10E+01  NI58(N,2N)NI57          
  4  4.515E-20    1.40  4.487E-20   -0.62  4.487E-20   -0.62    0.086  1.20E+00  1.20E+01  IN115(N,N')IN115M       
  5  8.758E-20    5.40  8.325E-20   -4.94  8.326E-20   -4.94    0.808  9.00E+00  1.80E+01  AU197(N,2N)AU196        
  6  6.807E-20    2.40  6.778E-20   -0.42  6.779E-20   -0.42    0.025  1.00E-10  1.20E+00  AU197(N,G)AU198         
  7  8.877E-20    1.80  8.898E-20    0.24  8.899E-20    0.24    0.017  1.00E-08  1.80E+00  IN115(N,G)IN116M        

             % STD. DEV.  =          8.56               8.55

                              CHECK INPUT, IT IS RATHER UNLIKELY !
                                   *** BEWARE OF OUTPUT ! ***


  DIFFERENTIAL FLUXES (input is normalized by a factor of 9.9995E-01)
                  —————— DIFFERENTIAL FLUX —————   ———— STD. DEV. % ————   INTEGRAL
 GRP    ENERGY        NEW         OLD      RATIO    NEW     OLD    RATIO   FLUX > E     ± %
   1  1.0000E-10  1.6443E+10  1.6442E+10   1.000    1.34    1.43   0.934  2.1365E+05    0.84
   2  1.0000E-09  2.7234E+09  2.7233E+09   1.000    1.22    1.32   0.922  2.1363E+05    0.84
   3  1.0000E-08  2.8828E+09  2.8827E+09   1.000    1.13    1.24   0.911  2.1361E+05    0.84
   4  2.3000E-08  2.0131E+09  2.0131E+09   1.000    1.06    1.17   0.901  2.1357E+05    0.84
   5  5.0000E-08  2.8726E+09  2.8727E+09   1.000    0.99    1.11   0.892  2.1352E+05    0.84
   6  7.6000E-08  2.4922E+09  2.4923E+09   1.000    0.94    1.06   0.886  2.1344E+05    0.85
   7  1.1500E-07  2.1415E+09  2.1416E+09   1.000    0.93    1.06   0.882  2.1334E+05    0.85
   8  1.7000E-07  1.5182E+09  1.5183E+09   1.000    0.92    1.05   0.881  2.1323E+05    0.85
   9  2.5500E-07  9.9484E+08  9.9489E+08   1.000    0.92    1.05   0.882  2.1310E+05    0.85
  10  3.8000E-07  6.5985E+08  6.5989E+08   1.000    0.94    1.06   0.886  2.1297E+05    0.85
  11  5.5000E-07  3.3444E+08  3.3446E+08   1.000    0.97    1.09   0.892  2.1286E+05    0.85
  12  8.4000E-07  1.8178E+08  1.8179E+08   1.000    1.01    1.13   0.900  2.1276E+05    0.85
  13  1.2750E-06  9.5349E+07  9.5356E+07   1.000    1.08    1.19   0.910  2.1269E+05    0.85
  14  1.9000E-06  4.3954E+07  4.3958E+07   1.000    1.18    1.28   0.922  2.1263E+05    0.85
  15  2.8000E-06  1.3560E+07  1.3561E+07   1.000    1.29    1.38   0.933  2.1259E+05    0.85
  16  4.2500E-06  4.2707E+06  4.2710E+06   1.000    1.43    1.51   0.944  2.1257E+05    0.85
  17  6.3000E-06  2.2568E+06  2.2569E+06   1.000    1.59    1.67   0.954  2.1256E+05    0.85
  18  9.2000E-06  1.2136E+06  1.2136E+06   1.000    1.80    1.87   0.963  2.1255E+05    0.85
  19  1.3500E-05  5.9492E+05  5.9493E+05   1.000    2.05    2.11   0.971  2.1255E+05    0.85
  20  2.1000E-05  4.5896E+05  4.5895E+05   1.000    2.37    2.42   0.977  2.1254E+05    0.85
  21  3.0000E-05  2.7429E+05  2.7427E+05   1.000    2.74    2.79   0.983  2.1254E+05    0.85
  22  4.5000E-05  1.8400E+05  1.8398E+05   1.000    3.17    3.21   0.987  2.1253E+05    0.85
  23  6.9000E-05  1.6315E+05  1.6312E+05   1.000    3.63    3.66   0.989  2.1253E+05    0.85
  24  1.0000E-04  1.7323E+05  1.7319E+05   1.000    4.29    4.33   0.992  2.1252E+05    0.85
  25  1.3500E-04  2.1412E+05  2.1406E+05   1.000    4.95    4.99   0.993  2.1252E+05    0.85
  26  1.7000E-04  1.8688E+05  1.8681E+05   1.000    5.42    5.45   0.994  2.1251E+05    0.85
  27  2.2000E-04  1.9276E+05  1.9268E+05   1.000    5.66    5.69   0.994  2.1250E+05    0.85
  28  2.8000E-04  1.7594E+05  1.7587E+05   1.000    5.67    5.70   0.995  2.1249E+05    0.85
  29  3.6000E-04  1.8553E+05  1.8544E+05   1.000    5.53    5.56   0.995  2.1247E+05    0.85
  30  4.5000E-04  1.5467E+05  1.5460E+05   1.000    5.31    5.34   0.995  2.1246E+05    0.85
  31  5.7500E-04  1.1816E+05  1.1811E+05   1.000    5.20    5.22   0.995  2.1244E+05    0.85
  32  7.6000E-04  1.2078E+05  1.2073E+05   1.000    5.11    5.13   0.994  2.1242E+05    0.85
  33  9.6000E-04  8.7711E+04  8.7676E+04   1.000    5.04    5.06   0.994  2.1239E+05    0.85
  34  1.2750E-03  1.2295E+05  1.2290E+05   1.000    4.98    5.00   0.994  2.1237E+05    0.85
  35  1.6000E-03  1.2435E+05  1.2430E+05   1.000    5.00    5.02   0.994  2.1233E+05    0.85
  36  2.0000E-03  8.1584E+04  8.1555E+04   1.000    5.05    5.07   0.994  2.1228E+05    0.85
  37  2.7000E-03  8.9128E+04  8.9097E+04   1.000    5.17    5.19   0.995  2.1222E+05    0.85
  38  3.4000E-03  5.9894E+04  5.9875E+04   1.000    5.34    5.36   0.995  2.1216E+05    0.85
  39  4.5000E-03  6.7810E+04  6.7788E+04   1.000    5.78    5.81   0.995  2.1209E+05    0.85
  40  5.5000E-03  4.0302E+04  4.0289E+04   1.000    6.41    6.44   0.995  2.1202E+05    0.85
  41  7.2000E-03  3.4052E+04  3.4041E+04   1.000    7.13    7.16   0.996  2.1195E+05    0.85
  42  9.2000E-03  2.3947E+04  2.3940E+04   1.000    8.10    8.14   0.996  2.1189E+05    0.85
  43  1.2000E-02  2.1783E+04  2.1776E+04   1.000    9.40    9.43   0.996  2.1182E+05    0.85
  44  1.5000E-02  1.5881E+04  1.5876E+04   1.000   10.83   10.86   0.997  2.1175E+05    0.85
  45  1.9000E-02  9.4640E+03  9.4609E+03   1.000   12.59   12.63   0.997  2.1169E+05    0.85
  46  2.5500E-02  9.1775E+03  9.1745E+03   1.000   14.45   14.49   0.997  2.1163E+05    0.85
  47  3.2000E-02  7.2543E+03  7.2520E+03   1.000   16.35   16.40   0.997  2.1157E+05    0.85
  48  4.0000E-02  4.5463E+03  4.5448E+03   1.000   18.35   18.40   0.998  2.1151E+05    0.85
  49  5.2500E-02  4.1634E+03  4.1620E+03   1.000   20.17   20.22   0.998  2.1145E+05    0.85
  50  6.6000E-02  2.5546E+03  2.5537E+03   1.000   21.76   21.81   0.998  2.1140E+05    0.85
  51  8.8000E-02  2.6047E+03  2.6038E+03   1.000   23.00   23.06   0.998  2.1134E+05    0.85
  52  1.1000E-01  2.3794E+03  2.3785E+03   1.000   23.79   23.84   0.998  2.1128E+05    0.85
  53  1.3500E-01  2.5245E+03  2.5235E+03   1.000   24.08   24.13   0.998  2.1122E+05    0.85
  54  1.6000E-01  2.3006E+03  2.2995E+03   1.000   23.82   23.87   0.998  2.1116E+05    0.85
  55  1.9000E-01  2.6026E+03  2.6011E+03   1.001   22.94   23.00   0.998  2.1109E+05    0.85
  56  2.2000E-01  2.6185E+03  2.6169E+03   1.001   21.50   21.56   0.998  2.1101E+05    0.84
  57  2.5500E-01  3.2004E+03  3.1980E+03   1.001   19.52   19.58   0.997  2.1092E+05    0.84
  58  2.9000E-01  4.7664E+03  4.7626E+03   1.001   17.17   17.22   0.997  2.1081E+05    0.84
  59  3.2000E-01  4.7193E+03  4.7152E+03   1.001   14.53   14.58   0.997  2.1067E+05    0.84
  60  3.6000E-01  6.4633E+03  6.4575E+03   1.001   11.73   11.78   0.996  2.1048E+05    0.84
  61  4.0000E-01  7.2617E+03  7.2553E+03   1.001    9.09    9.13   0.995  2.1022E+05    0.83
  62  4.5000E-01  1.0366E+04  1.0357E+04   1.001    6.68    6.72   0.994  2.0986E+05    0.83
  63  5.0000E-01  1.4906E+04  1.4895E+04   1.001    4.85    4.90   0.991  2.0934E+05    0.83
  64  5.5000E-01  2.1389E+04  2.1375E+04   1.001    3.64    3.68   0.988  2.0859E+05    0.82
  65  6.0000E-01  2.5581E+04  2.5565E+04   1.001    2.98    3.02   0.985  2.0752E+05    0.82
  66  6.6000E-01  3.5806E+04  3.5782E+04   1.001    2.65    2.70   0.981  2.0599E+05    0.81
  67  7.2000E-01  4.9809E+04  4.9775E+04   1.001    2.35    2.40   0.976  2.0384E+05    0.81
  68  7.8000E-01  6.6602E+04  6.6557E+04   1.001    2.10    2.16   0.971  2.0085E+05    0.80
  69  8.4000E-01  6.4490E+04  6.4447E+04   1.001    1.88    1.95   0.965  1.9686E+05    0.79
  70  9.2000E-01  7.9764E+04  7.9713E+04   1.001    1.69    1.76   0.958  1.9170E+05    0.78
  71  1.0000E+00  3.7591E+04  3.7568E+04   1.001    1.53    1.61   0.951  1.8532E+05    0.77
  72  1.2000E+00  4.2152E+04  4.2129E+04   1.001    1.40    1.49   0.943  1.7780E+05    0.76
  73  1.4000E+00  4.5276E+04  4.5254E+04   1.000    1.31    1.40   0.936  1.6937E+05    0.75
  74  1.6000E+00  4.6678E+04  4.6658E+04   1.000    1.24    1.34   0.929  1.6031E+05    0.74
  75  1.8000E+00  4.6507E+04  4.6490E+04   1.000    1.19    1.29   0.923  1.5098E+05    0.73
  76  2.0000E+00  3.0039E+04  3.0030E+04   1.000    1.14    1.24   0.918  1.4168E+05    0.73
  77  2.3000E+00  2.8656E+04  2.8651E+04   1.000    1.11    1.22   0.913  1.3266E+05    0.73
  78  2.6000E+00  2.7061E+04  2.7059E+04   1.000    1.08    1.19   0.910  1.2407E+05    0.72
  79  2.9000E+00  1.9163E+04  1.9163E+04   1.000    1.06    1.17   0.907  1.1595E+05    0.72
  80  3.3000E+00  1.8034E+04  1.8035E+04   1.000    1.04    1.15   0.904  1.0828E+05    0.72
  81  3.7000E+00  1.6889E+04  1.6891E+04   1.000    1.02    1.14   0.902  1.0107E+05    0.72
  82  4.1000E+00  1.5528E+04  1.5531E+04   1.000    1.04    1.15   0.901  9.4314E+04    0.72
  83  4.5000E+00  1.1388E+04  1.1392E+04   1.000    1.04    1.15   0.898  8.8103E+04    0.71
  84  5.0000E+00  1.0623E+04  1.0626E+04   1.000    1.01    1.13   0.894  8.2409E+04    0.71
  85  5.5000E+00  1.0213E+04  1.0216E+04   1.000    0.98    1.10   0.888  7.7097E+04    0.71
  86  6.0000E+00  7.2738E+03  7.2756E+03   1.000    0.94    1.06   0.881  7.1991E+04    0.71
  87  6.7000E+00  7.4851E+03  7.4866E+03   1.000    0.91    1.04   0.873  6.6899E+04    0.71
  88  7.4000E+00  6.8789E+03  6.8799E+03   1.000    0.87    1.00   0.864  6.1660E+04    0.71
  89  8.2000E+00  7.2526E+03  7.2532E+03   1.000    0.83    0.97   0.855  5.6157E+04    0.71
  90  9.0000E+00  6.0539E+03  6.0541E+03   1.000    0.78    0.93   0.845  5.0355E+04    0.71
  91  1.0000E+01  6.1834E+03  6.1832E+03   1.000    0.75    0.90   0.837  4.4301E+04    0.72
  92  1.1000E+01  6.1432E+03  6.1427E+03   1.000    0.74    0.89   0.832  3.8117E+04    0.73
  93  1.2000E+01  5.9488E+03  5.9482E+03   1.000    0.73    0.88   0.828  3.1974E+04    0.74
  94  1.3000E+01  5.6027E+03  5.6020E+03   1.000    0.73    0.88   0.828  2.6025E+04    0.75
  95  1.4000E+01  5.0572E+03  5.0565E+03   1.000    0.73    0.88   0.830  2.0423E+04    0.78
  96  1.5000E+01  4.3252E+03  4.3247E+03   1.000    0.75    0.90   0.835  1.5365E+04    0.81
  97  1.6000E+01  3.4830E+03  3.4827E+03   1.000    0.77    0.92   0.843  1.1040E+04    0.85
  98  1.7000E+01  2.6289E+03  2.6287E+03   1.000    0.81    0.95   0.853  7.5571E+03    0.91
  99  1.8000E+01  1.8896E+03  1.8895E+03   1.000    0.85    0.99   0.866  4.9283E+03    1.00
 100  1.9000E+01  1.2758E+03  1.2759E+03   1.000    0.91    1.04   0.880  3.0387E+03    1.15
 101  2.0000E+01  7.8802E+02  7.8810E+02   1.000    0.99    1.11   0.896  1.7628E+03    1.44
 102  2.1000E+01  4.4449E+02  4.4457E+02   1.000    1.08    1.19   0.911  9.7481E+02    2.05
 103  2.2000E+01  2.0990E+02  2.0995E+02   1.000    1.21    1.31   0.927  5.3031E+02    3.28
 104  2.3000E+01  1.1700E+02  1.1703E+02   1.000    1.39    1.48   0.942  3.2041E+02    5.13
 105  2.4000E+01  7.5535E+01  7.5566E+01   1.000    1.62    1.70   0.955  2.0341E+02    7.83
 106  2.5000E+01  4.6669E+01  4.6692E+01   0.999    1.91    1.97   0.966  1.2788E+02   12.23
 107  2.6000E+01  2.7256E+01  2.7272E+01   0.999    2.30    2.35   0.976  8.1209E+01   19.05
 108  2.7000E+01  1.4806E+01  1.4817E+01   0.999    2.81    2.85   0.983  5.3953E+01   28.48
 109  2.8000E+01  7.4588E+00  7.4660E+00   0.999    4.00    4.04   0.989  3.9147E+01   39.09
 110  2.9000E+01  3.5628E+00  3.5687E+00   0.998    7.37    7.42   0.994  3.1688E+01   48.15
 111  3.0000E+01  1.7302E+00  1.7349E+00   0.997   13.33   13.38   0.996  2.8125E+01   54.10
 112  3.1000E+01  9.1594E-01  9.1943E-01   0.996   21.33   21.38   0.998  2.6395E+01   57.51
 113  3.2000E+01  5.5634E-01  5.5896E-01   0.995   30.36   30.40   0.999  2.5479E+01   59.44
 114  3.3000E+01  3.9704E-01  3.9911E-01   0.995   39.29   39.32   0.999  2.4923E+01   60.64
 115  3.4000E+01  3.2465E-01  3.2640E-01   0.995   47.41   47.43   0.999  2.4526E+01   61.48
 116  3.5000E+01  2.9656E-01  2.9812E-01   0.995   54.59   54.61   1.000  2.4201E+01   62.16
 117  3.6000E+01  2.9291E-01  2.9438E-01   0.995   60.45   60.46   1.000  2.3905E+01   62.75
 118  3.7000E+01  3.9995E-01  4.0182E-01   0.995   65.11   65.12   1.000  2.3612E+01   63.30
 119  3.8000E+01  5.0869E-01  5.1090E-01   0.996   68.63   68.64   1.000  2.3212E+01   64.03
 120  3.9000E+01  6.0442E-01  6.0687E-01   0.996   71.24   71.25   1.000  2.2703E+01   64.92
 121  4.0000E+01  6.8435E-01  6.8698E-01   0.996   73.43   73.43   1.000  2.2099E+01   65.96
 122  4.1000E+01  7.4461E-01  7.4736E-01   0.996   75.07   75.07   1.000  2.1414E+01   67.13
 123  4.2000E+01  7.8468E-01  7.8750E-01   0.996   76.24   76.24   1.000  2.0670E+01   68.42
 124  4.3000E+01  8.0731E-01  8.1016E-01   0.996   77.07   77.07   1.000  1.9885E+01   69.79
 125  4.4000E+01  8.1704E-01  8.1991E-01   0.997   77.60   77.60   1.000  1.9078E+01   71.23
 126  4.5000E+01  8.1477E-01  8.1764E-01   0.996   78.07   78.07   1.000  1.8261E+01   72.72
 127  4.6000E+01  8.1092E-01  8.1379E-01   0.996   78.34   78.34   1.000  1.7446E+01   74.22
 128  4.7000E+01  8.0442E-01  8.0730E-01   0.996   78.66   78.66   1.000  1.6635E+01   75.73
 129  4.8000E+01  8.0318E-01  8.0607E-01   0.996   78.92   78.92   1.000  1.5830E+01   77.22
 130  4.9000E+01  8.0830E-01  8.1124E-01   0.996   79.26   79.26   1.000  1.5027E+01   78.68
 131  5.0000E+01  8.2509E-01  8.2813E-01   0.996   79.71   79.71   1.000  1.4219E+01   80.11
 132  5.1000E+01  8.5495E-01  8.5811E-01   0.996   80.29   80.29   1.000  1.3394E+01   81.50
 133  5.2000E+01  9.0170E-01  9.0505E-01   0.996   81.11   81.11   1.000  1.2539E+01   82.84
 134  5.3000E+01  9.7787E-01  9.8151E-01   0.996   82.02   82.02   1.000  1.1637E+01   84.12
 135  5.4000E+01  1.0874E+00  1.0914E+00   0.996   83.14   83.14   1.000  1.0659E+01   85.35
 136  5.5000E+01  1.2458E+00  1.2503E+00   0.996   84.39   84.39   1.000  9.5720E+00   86.54
 137  5.6000E+01  1.4666E+00  1.4718E+00   0.996   85.87   85.87   1.000  8.3262E+00   87.68
 138  5.7000E+01  1.7828E+00  1.7890E+00   0.997   87.41   87.41   1.000  6.8596E+00   88.76
 139  5.8000E+01  2.2257E+00  2.2332E+00   0.997   89.09   89.09   1.000  5.0769E+00   89.79
 140  5.9000E+01  2.8511E+00  2.8602E+00   0.997   90.74   90.74   1.000  2.8511E+00   90.74
      6.0000E+01

  INTEGRALS OF SPECTRA
    OLD SPECTRUM   2.1361E+05   ±    0.960 %
    NEW SPECTRUM   2.1365E+05   ±    0.845 %

  SUMMARY OF BROAD-GROUP FLUXES, FLUENCES, AND UNCERTAINTIES

    IRRAD TIME [S] = 7.04179000E+04   ACT NORM =  1.00000000E+00

       ENERGY       FLUX       FLUENCE      STDEV %
      thermal    7.8638E+02  5.5375E+07  ±   0.92     (0.100 meV – 0.550  eV)
     epithermal  1.5770E+03  1.1105E+08  ±   6.54     (0.550  eV – 110.0 keV)
        fast     2.1128E+05  1.4878E+10  ±   0.85     (110.0 keV –  20.0 MeV)
        fast     1.8532E+05  1.3050E+10  ±   0.77     (  1.0 MeV –  20.0 MeV)
        high     1.7628E+03  1.2413E+08  ±   1.44     ( 20.0 MeV –  60.0 MeV)

    MINI-SPECTRUM

       ENERGY       FLUX       FLUENCE      STDEV %
     1.0000E-10  1.0966E+03  7.7217E+07  ±   0.90
     9.2000E-06  1.5799E+02  1.1125E+07  ±   4.43
     9.6000E-04  5.0714E+02  3.5712E+07  ±   5.35
     9.2000E-03  5.4436E+02  3.8333E+07  ±  13.58
     8.8000E-02  8.6242E+02  6.0730E+07  ±  18.61
     3.6000E-01  1.8782E+04  1.3226E+09  ±   2.61
     9.2000E-01  5.9033E+04  4.1570E+09  ±   1.29
     2.3000E+00  8.8363E+04  6.2224E+09  ±   0.88
     1.0000E+01  4.4097E+04  3.1052E+09  ±   0.72
     2.4000E+01  2.0341E+02  1.4324E+07  ±   7.83
     6.0000E+01

       TOTAL     2.1365E+05  1.5045E+10  ±   0.84

    RELATIVE COVARIANCES (10×10)
     1000    72    -1   -20   -25    17    87   168   226    21
     1000   511    72    -2     3    18    34    46     4
     1000   536    75     5    14    28    38     3
     1000   529    58     3     7    13     1
     1000   456    76     4     7     1
     1000   654   162    65     7
     1000   556   143    14
     1000   457    17
     1000    80
     1000

  SPECTRAL-AVERAGED REACTION RATES (for all cross section library reactions)

        REACTIONS        SIG-PHI      <SIG>          REACTIONS        SIG-PHI      <SIG>          REACTIONS        SIG-PHI      <SIG>  
   ------------------  ----------  ----------   ------------------  ----------  ----------   ------------------  ----------  ----------
   LI6(N,A)T           5.7456E-19  2.6893E-24   FE58(N,G)FE59       1.0535E-21  4.9311E-27   IN115(N,N')IN115M   4.4870E-20  2.1002E-25
   B10(N,A)LI7         2.2398E-18  1.0484E-23   CO59(N,2N)CO58      2.2840E-20  1.0690E-25   IN115(N,2N)IN114M   4.7774E-20  2.2361E-25
   F19(N,2N)F18        1.5212E-21  7.1202E-27   CO59(N,3N)CO57      8.6924E-23  4.0686E-28   IN115(N,G)IN116M    4.6796E-19  2.1903E-24
   NA23(N,2N)NA22      1.4456E-21  6.7662E-27   CO59(N,G)CO60       2.3164E-20  1.0842E-25   I127(N,2N)I126      5.4704E-20  2.5605E-25
   NA23(N,G)NA24       3.6052E-22  1.6875E-27   CO59(N,P)FE59       3.0094E-21  1.4086E-26   LA139(N,G)LA140     6.2569E-21  2.9286E-26
   MG24(N,P)NA24       9.2116E-21  4.3116E-26   CO59(N,A)MN56       1.2873E-21  6.0254E-27   PR141(N,2N)PR140    6.0166E-20  2.8161E-25
   AL27(N,P)MG27       6.0161E-21  2.8159E-26   NI58(N,2N)NI57      1.1686E-21  5.4695E-27   TM169(N,2N)TM168    8.2411E-20  3.8573E-25
   AL27(N,A)NA24       5.5337E-21  2.5901E-26   NI58(N,P)CO58       5.4454E-20  2.5488E-25   TM169(N,3N)TM167    6.2995E-21  2.9485E-26
   SI28(N,P)AL28       1.6004E-20  7.4908E-26   NI60(N,P)CO60       7.4593E-21  3.4914E-26   TA181(N,G)TA182     3.9901E-20  1.8676E-25
   P31(N,P)SI31        1.4765E-20  6.9107E-26   CU63(N,2N)CU62      1.6233E-20  7.5978E-26   W186(N,G)W187       3.1991E-20  1.4974E-25
   S32(N,P)P32         3.3666E-20  1.5758E-25   CU63(N,G)CU64       4.2629E-21  1.9953E-26   AU197(N,2N)AU196    8.3257E-20  3.8969E-25
   TI46(N,2N)TI45      2.6326E-21  1.2322E-26   CU63(N,A)CO60       2.1696E-21  1.0155E-26   AU197(N,G)AU198     1.0310E-19  4.8256E-25
   TI46(N,P)SC46       1.8605E-20  8.7082E-26   CU65(N,2N)CU64      3.0365E-20  1.4213E-25   HG199(N,N')HG199M   7.9846E-20  3.7373E-25
   TI47(N,P)SC47       1.1272E-20  5.2762E-26   ZN64(N,P)CU64       2.1593E-20  1.0107E-25   PB204(N,N')PB204M   1.3985E-20  6.5456E-26
   TI47(N,X)SC46       2.8241E-21  1.3218E-26   ZN67(N,P)CU67       1.8357E-21  8.5920E-27   BI209(N,3N)BI207    7.6111E-21  3.5624E-26
   TI48(N,P)SC48       2.6249E-21  1.2286E-26   AS75(N,2N)AS74      3.2068E-20  1.5010E-25   TH232(N,FISSION)    3.8368E-20  1.7958E-25
   TI48(N,X)SC47       1.0333E-21  4.8363E-27   Y89(N,2N)Y88        2.8407E-20  1.3296E-25   TH232(N,G)TH233     1.6752E-20  7.8409E-26
   TI49(N,X)SC48       6.2791E-22  2.9390E-27   ZR90(N,2N)ZR89      2.2927E-20  1.0731E-25   U235(N,FISSION)     6.0896E-19  2.8503E-24
   V51(N,A)SC48        6.2291E-22  2.9156E-27   NB93(N,G)NB94       3.8540E-21  1.8039E-26   U235(N,G)U236       6.8424E-20  3.2027E-25
   CR52(N,2N)CR51      1.1550E-20  5.4063E-26   NB93(N,N')NB93M     3.3124E-20  1.5504E-25   U238(N,2N)U237      6.7895E-20  3.1779E-25
   MN55(N,2N)MN54      2.3223E-20  1.0870E-25   NB93(N,2N)NB92M     1.7268E-20  8.0825E-26   U238(N,FISSION)     1.2799E-19  5.9906E-25
   MN55(N,G)MN56       8.3916E-21  3.9278E-26   MO92(N,P)NB92M      7.1682E-21  3.3551E-26   U238(N,G)U239       1.4186E-20  6.6398E-26
   FE54(N,2N)FE53      8.9484E-22  4.1884E-27   RH103(N,N')RH103M   1.7075E-19  7.9919E-25   NP237(N,FISSION)    3.6504E-19  1.7086E-24
   FE54(N,P)MN54       4.4149E-20  2.0664E-25   AG109(N,G)AG110M    5.0633E-21  2.3699E-26   PU239(N,FISSION)    1.2444E-18  5.8247E-24
   FE54(N,A)CR51       4.1984E-21  1.9651E-26   IN113(N,N')IN113M   3.7296E-20  1.7457E-25   AM241(N,FISSION)    4.0158E-19  1.8796E-24
   FE56(N,P)MN56       5.3331E-21  2.4962E-26   IN113(N,G)IN114M    4.5918E-20  2.1493E-25   SC45(N,G)SC46       1.6005E-20  7.4914E-26

  INPUT FLUX REL. CORRELATION MATRIX (by row from diagonal)
   1   1000   991   965   924   870   808   741   671   601   532   467   405   348   296   249   209   174   144   118    97
         80    66    55    45    38    34    32    31    32    33    34    34    35    35    35    34    34    33    30    27
         24    21    19    16    14    12    11    10     9     8     8     7     7     7     8     8     9    10    12    15
         19    26    36    47    58    65    73    81    90    99   109   118   125   131   135   140   144   147   149   151
        154   151   151   155   159   164   168   174   180   189   194   196   198   198   198   194   190   184   177   168
        158   147   134   118   103    89    74    61    43    24    13     8     6     4     4     3     3     3     3     2
          2     2     2     2     2     2     2     2     2     2     2     2     2     2     2     2     2     2     2     2

  OUTPUT FLUX REL. CORRELATION MATRIX (by row from diagonal)
   1   1000   990   961   913   851   777   696   611   526   444   368   299   237   183   139   103    75    53    36    24
         14     8     3     0    -3    -4    -4    -3    -2    -1    -1    -1    -1     0    -1    -1    -2    -2    -4    -6
         -7    -9   -11   -12   -13   -14   -15   -15   -15   -16   -16   -16   -16   -16   -16   -17   -17   -17   -16   -16
        -14   -10    -5     2     8    12    17    22    28    35    43    51    58    64    69    76    80    85    89    93
         96    96    97   101   105   111   116   122   129   137   143   146   148   149   149   146   142   135   129   121
        112   103    92    80    69    59    49    40    27    14     7     4     2     2     2     2     1     1     1     1
          1     1     1     1     1     1     1     1     1     1     1     1     1     1     1     1     1     1     1     1
   2   1000   990   961   913   851   778   697   612   527   445   369   299   236   183   139   104    75    53    36    23
         14     8     2    -1    -3    -3    -3    -2    -1    -1     0     0     0     0    -1    -1    -2    -4    -6    -8
        -10   -12   -13   -15   -15   -16   -17   -17   -17   -17   -17   -18   -18   -18   -18   -18   -18   -18   -17   -15
        -11    -5     2     9    13    18    24    31    39    47    56    63    70    76    83    88    93    98   102   106
        105   106   111   116   122   127   134   141   151   158   160   163   164   164   160   156   149   142   133   123
        113   101    88    76    64    53    44    30    15     7     4     3     2     2     2     2     2     2     2     2
          2     2     2     2     2     2     2     2     2     2     2     2     1     1     1     1     1     1     1
   3   1000   990   960   913   851   778   697   612   527   446   368   297   236   183   139   103    75    52    35    22
         14     6     0    -1    -2    -2    -2    -1     0     0     0     0     0    -1    -1    -2    -4    -7    -9   -11
        -13   -14   -16   -17   -17   -18   -18   -18   -19   -19   -19   -19   -19   -20   -20   -20   -20   -19   -16   -12
         -6     2     9    14    20    26    33    42    51    60    68    76    82    89    95   101   105   110   114   113
        115   120   125   132   137   145   153   163   170   173   176   177   177   173   169   161   153   144   133   122
        109    95    82    70    58    47    32    16     8     4     3     2     2     2     2     2     2     2     2     2
          2     2     2     2     2     2     2     2     2     2     2     2     2     2     2     2     1     1
   4   1000   990   960   913   852   778   698   613   528   446   367   297   235   183   139   103    74    52    35    22
         12     5     1     0    -1    -1     0     0     0     0     0     0     0    -1    -2    -4    -7    -9   -11   -13
        -15   -17   -18   -18   -19   -19   -20   -20   -20   -20   -20   -21   -21   -21   -21   -21   -20   -18   -13    -6
          2    10    15    21    28    35    44    54    64    73    81    88    95   101   107   112   117   122   121   122
        128   133   140   146   154   163   174   181   185   188   188   189   184   180   171   164   153   141   130   116
        102    87    74    62    50    35    17     8     5     3     2     2     2     2     2     2     2     2     2     2
          2     2     2     2     2     2     2     2     2     2     2     2     2     2     2     2     2
   5   1000   990   961   914   853   780   699   615   530   446   368   298   237   184   140   103    74    52    35    21
         11     5     2     1     0     1     1     1     1     1     0     0     0    -1    -4    -6    -9   -11   -14   -15
        -17   -18   -19   -20   -20   -20   -21   -21   -21   -21   -22   -22   -22   -22   -22   -21   -18   -13    -6     3
         11    17    23    30    39    48    59    69    78    87    94   103   109   115   120   126   131   129   131   137
        143   150   157   165   174   186   194   198   201   201   202   197   192   183   175   164   151   139   125   109
         93    79    66    54    37    18     9     5     3     2     2     2     2     2     2     2     2     2     2     2
          2     2     2     2     2     2     2     2     2     2     2     2     2     2     2     2
   6   1000   990   961   915   853   781   701   616   529   446   369   299   237   184   140   103    75    53    34    21
         12     7     4     3     3     2     2     2     2     1     0     0    -1    -3    -6    -8   -11   -14   -16   -17
        -19   -19   -20   -21   -21   -21   -21   -22   -22   -22   -22   -23   -23   -22   -21   -19   -13    -5     4    13
         18    25    33    42    52    62    74    83    92   100   108   115   122   127   132   138   136   138   144   150
        158   165   174   183   196   204   208   211   212   212   207   202   193   184   172   159   146   131   114    98
         83    69    57    39    19     9     5     3     3     2     2     2     2     2     2     2     2     2     2     2
          2     2     2     2     2     2     2     2     2     2     2     2     2     2     2
   7   1000   990   961   915   853   781   700   614   528   445   368   298   236   183   138   102    74    50    33    21
         13     8     6     5     4     3     2     2     1     1     0    -1    -3    -6    -9   -11   -14   -16   -18   -19
        -20   -21   -21   -21   -22   -22   -22   -22   -23   -23   -23   -23   -23   -22   -19   -14    -6     3    12    18
         25    32    41    52    63    74    83    93   100   109   116   123   128   134   139   138   139   146   152   160
        167   176   185   198   206   210   214   214   214   209   204   195   186   174   161   148   132   116    99    84
         70    57    39    19     9     5     3     3     2     2     2     2     2     2     2     2     2     2     2     2
          2     2     2     2     2     2     2     2     2     2     2     2     2     2
   8   1000   990   961   915   854   780   698   613   527   445   368   298   235   182   138   102    72    49    33    22
         15    10     8     6     5     4     3     2     1     0     0    -3    -6    -8   -11   -14   -16   -18   -19   -20
        -21   -21   -21   -22   -22   -22   -22   -23   -23   -23   -23   -23   -22   -19   -14    -6     4    13    18    25
         33    42    52    63    75    84    94   102   110   117   124   129   135   140   139   141   147   153   161   168
        177   187   200   209   212   216   216   217   212   207   197   188   176   162   149   134   117   100    85    71
         58    40    20    10     5     3     3     2     2     2     2     2     2     2     2     2     2     2     2     2
          2     2     2     2     2     2     2     2     2     2     2     2     2
   9   1000   990   961   915   853   779   698   613   527   445   367   297   235   182   138   101    71    50    34    24
         17    13     9     7     5     4     3     2     1     0    -2    -5    -8   -11   -13   -15   -17   -19   -20   -20
        -21   -21   -21   -22   -22   -22   -22   -23   -23   -23   -23   -21   -19   -14    -6     4    13    18    25    33
         42    52    63    75    85    94   102   110   117   124   129   135   140   139   141   147   153   161   168   177
        187   200   208   212   216   216   217   211   206   197   188   176   162   149   134   117   100    85    71    58
         40    20     9     5     3     3     2     2     2     2     2     2     2     2     2     2     2     2     2     2
          2     2     2     2     2     2     2     2     2     2     2     2
  10   1000   990   961   915   852   779   697   613   527   444   366   296   234   182   136   100    72    51    36    26
         19    14    10     7     5     4     2     1     0    -2    -5    -8   -10   -13   -15   -17   -18   -19   -20   -20
        -21   -21   -21   -21   -22   -22   -22   -22   -23   -22   -21   -19   -14    -6     4    13    18    25    32    41
         51    62    73    83    92    99   108   115   121   127   132   137   136   138   144   150   158   165   173   183
        196   204   208   211   212   212   207   202   193   184   172   159   146   131   114    98    83    69    57    39
         19     9     5     3     3     2     2     2     2     2     2     2     2     2     2     2     2     2     2     2
          2     2     2     2     2     2     2     2     2     2     2
  11   1000   990   961   914   852   778   697   612   526   443   366   296   234   180   135   100    73    53    38    28
         20    14    10     7     5     3     2     0    -2    -5    -7   -10   -12   -14   -16   -17   -18   -19   -19   -20
        -20   -20   -21   -21   -21   -21   -22   -22   -21   -20   -18   -13    -5     4    12    18    24    31    40    50
         60    71    80    89    96   105   111   118   123   128   133   132   134   139   145   153   159   168   177   189
        198   201   205   205   205   201   196   187   178   167   154   142   127   111    95    81    67    55    38    19
          9     5     3     3     2     2     2     2     2     2     2     2     2     2     2     2     2     2     2     2
          2     2     2     2     2     2     2     2     2     2
  12   1000   990   961   913   851   778   697   612   526   443   365   296   233   179   136   102    75    55    40    29
         21    15    11     7     5     3     1    -1    -4    -6    -9   -12   -14   -15   -16   -17   -18   -18   -19   -19
        -19   -20   -20   -20   -20   -21   -21   -20   -19   -17   -12    -5     4    12    17    23    30    39    48    58
         68    77    86    93   101   107   113   118   123   128   127   128   134   140   147   153   161   170   182   190
        193   196   197   197   193   188   179   171   160   148   136   122   106    91    78    64    53    36    18     9
          5     3     2     2     2     2     2     2     2     2     2     2     2     2     2     2     2     2     2     2
          2     2     2     2     2     2     2     2     2
  13   1000   990   960   913   852   778   697   611   525   443   366   294   232   180   137   103    77    56    41    29
         21    14    10     6     4     2     0    -3    -6    -8   -11   -13   -14   -15   -16   -17   -17   -18   -18   -18
        -18   -19   -19   -19   -19   -19   -19   -18   -16   -12    -5     3    11    16    22    28    36    45    54    64
         72    80    87    94   100   106   110   115   120   119   120   125   131   138   143   151   159   170   178   181
        184   184   185   180   176   168   160   150   138   127   114   100    86    73    60    49    34    17     8     4
          3     2     2     2     2     2     2     2     2     2     2     2     2     2     2     2     2     2     2     2
          2     2     2     2     2     2     2     2
  14   1000   990   961   914   852   778   697   611   525   443   364   294   233   181   139   104    78    57    41    29
         20    13     9     5     2     0    -3    -6    -8   -10   -12   -13   -14   -15   -16   -16   -16   -17   -17   -17
        -17   -18   -18   -18   -18   -18   -17   -15   -11    -5     2    10    14    19    25    32    40    49    58    65
         73    79    86    91    96   101   105   109   108   110   115   120   126   131   138   146   156   163   166   168
        169   169   165   161   154   147   138   127   117   104    91    78    67    55    45    31    15     7     4     3
          2     2     2     2     2     2     2     2     2     2     2     2     2     2     2     2     2     2     2     2
          2     2     1     1     1     1     1
  15   1000   990   961   914   852   778   697   611   526   442   364   294   234   182   140   106    78    57    40    28
         19    13     8     4     0    -2    -5    -7    -9   -11   -12   -13   -14   -14   -15   -15   -15   -15   -16   -16
        -16   -16   -16   -17   -16   -15   -14   -10    -4     2     9    13    18    23    29    37    45    53    60    66
         72    78    83    88    92    96   100    99   100   105   109   115   120   127   134   143   149   152   154   155
        155   151   147   141   134   126   116   107    96    83    72    61    51    41    28    14     7     4     2     2
          2     2     2     2     2     2     2     2     2     1     1     1     1     1     1     1     1     1     1     1
          1     1     1     1     1     1
  16   1000   990   961   914   852   778   697   611   525   442   365   295   235   184   141   106    78    57    40    28
         19    12     7     2     0    -3    -6    -8   -10   -11   -12   -13   -13   -13   -14   -14   -14   -14   -14   -15
        -15   -15   -15   -15   -14   -12    -9    -4     2     8    11    16    21    26    33    40    47    54    60    65
         71    75    79    83    87    90    89    91    95    99   104   108   114   120   129   134   137   139   139   140
        136   133   127   121   113   105    96    86    75    65    55    46    37    26    13     6     3     2     2     2
          1     1     1     1     1     1     1     1     1     1     1     1     1     1     1     1     1     1     1     1
          1     1     1     1     1
  17   1000   990   961   914   851   778   697   610   524   442   365   296   236   185   141   106    78    56    40    27
         18    11     5     1    -2    -4    -7    -8   -10   -11   -11   -12   -12   -12   -12   -12   -13   -13   -13   -13
        -13   -13   -13   -12   -11    -8    -3     2     7    10    14    19    24    30    36    43    49    54    59    64
         67    72    75    78    81    80    82    85    89    94    97   103   108   116   121   123   125   125   126   123
        120   114   109   102    94    87    78    68    58    49    41    34    23    11     6     3     2     2     1     1
          1     1     1     1     1     1     1     1     1     1     1     1     1     1     1     1     1     1     1     1
          1     1     1     1
  18   1000   990   961   914   852   778   696   610   525   443   366   297   237   185   141   106    78    56    39    26
         17    10     4     0    -2    -5    -7    -8    -9   -10   -10   -11   -11   -11   -11   -11   -11   -11   -12   -12
        -12   -12   -11   -10    -7    -3     1     6     9    12    16    21    26    32    38    43    48    52    56    60
         63    66    69    72    71    72    75    78    83    86    91    96   102   107   109   110   111   111   108   106
        101    96    90    83    76    68    60    51    44    36    30    20    10     5     3     2     1     1     1     1
          1     1     1     1     1     1     1     1     1     1     1     1     1     1     1     1     1     1     1     1
          1     1     1
  19   1000   990   961   914   852   778   696   611   525   443   367   298   237   185   141   106    77    55    38    26
         16     8     3     0    -3    -5    -7    -8    -8    -9    -9    -9   -10   -10   -10   -10   -10   -10   -10   -10
        -10   -10    -8    -6    -2     1     5     8    11    14    18    23    28    33    38    42    45    49    52    55
         58    60    63    62    63    66    69    72    76    80    84    90    94    95    97    97    97    95    93    88
         84    79    73    67    60    52    45    38    32    26    18     9     4     2     2     1     1     1     1     1
          1     1     1     1     1     1     1     1     1     1     1     1     1     1     1     1     1     1     1     1
          1     1
  20   1000   990   961   914   851   777   696   611   526   444   367   298   237   184   141   105    77    54    38    25
         15     8     2    -1    -3    -5    -6    -7    -8    -8    -8    -8    -8    -9    -9    -9    -9    -9    -9    -9
         -8    -7    -5    -2     1     4     7     9    12    16    20    24    28    32    36    39    42    45    48    50
         52    54    54    55    57    59    63    65    69    73    78    81    82    84    84    84    82    80    76    73
         68    63    58    52    45    39    33    27    22    15     8     4     2     1     1     1     1     1     1     1
          1     1     1     1     1     1     1     1     1     1     1     1     1     1     1     1     1     1     1     1
          1
  21   1000   990   961   913   851   778   697   612   527   444   367   298   236   184   140   104    76    54    37    24
         14     7     2    -1    -3    -5    -6    -6    -7    -7    -7    -7    -7    -8    -8    -8    -8    -8    -8    -7
         -6    -5    -2     1     4     6     8    10    14    17    21    25    28    31    34    37    39    41    43    45
         47    47    47    49    51    54    56    59    63    67    70    71    72    73    73    71    69    66    63    59
         54    50    45    39    34    29    24    19    13     7     3     2     1     1     1     1     1     1     1     1
          1     1     1     1     1     1     1     1     1     1     1     1     1     1     1     1     1     1     1     1
  22   1000   990   961   913   851   778   697   612   527   444   367   298   236   184   140   104    76    53    36    23
         14     7     2     0    -3    -4    -5    -6    -6    -6    -6    -6    -7    -7    -7    -7    -7    -7    -6    -6
         -4    -2     0     3     5     7     9    12    15    18    21    24    27    29    32    34    36    37    39    40
         40    41    42    44    47    49    51    54    58    60    61    62    63    63    61    60    57    54    51    47
         43    39    34    29    25    20    17    11     6     3     2     1     1     1     1     1     1     1     1     1
          1     1     1     1     1     1     1     1     1     1     1     1     1     1     1     1     1     1     1
  23   1000   990   960   913   852   778   697   612   527   444   367   297   236   183   139   104    75    52    35    23
         13     7     2     0    -2    -3    -4    -5    -5    -5    -6    -6    -6    -6    -6    -6    -6    -5    -5    -3
         -1     0     3     4     6     8    10    13    16    18    21    23    25    28    29    31    32    34    35    35
         35    37    39    41    42    45    47    50    53    54    54    55    55    53    52    50    47    44    41    38
         34    29    25    21    18    15    10     5     2     1     1     1     1     1     1     1     1     1     1     1
          1     1     1     1     1     1     1     1     1     1     1     0     0     0     0     0     0     0
  24   1000   990   961   914   852   778   697   612   526   444   367   297   235   183   139   103    74    52    35    22
         13     7     2     0    -2    -3    -4    -4    -5    -5    -5    -5    -5    -5    -5    -5    -5    -4    -3    -1
          0     2     3     4     6     8    10    13    15    17    19    21    23    24    26    27    28    29    29    30
         31    32    34    36    38    40    42    44    45    46    46    46    45    44    42    40    37    34    32    28
         25    21    18    15    12     8     4     2     1     1     1     1     0     0     0     0     0     0     0     0
          0     0     0     0     0     0     0     0     0     0     0     0     0     0     0     0     0
  25   1000   990   961   914   852   778   697   612   526   444   366   296   235   182   138   102    74    52    35    22
         13     7     3     0    -1    -3    -3    -4    -4    -4    -4    -5    -5    -5    -5    -4    -4    -3    -1     0
          1     2     3     5     7     8    11    13    14    16    18    19    21    22    23    24    25    25    26    27
         28    29    31    32    34    37    38    39    39    40    40    39    38    36    34    32    30    27    24    21
         18    16    13    11     7     4     2     1     1     1     0     0     0     0     0     0     0     0     0     0
          0     0     0     0     0     0     0     0     0     0     0     0     0     0     0     0
  26   1000   990   961   914   852   778   697   612   526   443   366   296   235   182   138   102    73    51    35    22
         13     7     3     0    -1    -2    -3    -3    -4    -4    -4    -4    -4    -4    -4    -4    -3    -1     0     1
          2     3     4     6     8    10    12    13    15    16    18    19    20    21    22    23    23    23    24    25
         27    28    30    31    33    35    35    36    36    36    35    34    33    31    29    27    25    22    19    17
         14    12    10     7     3     2     1     1     0     0     0     0     0     0     0     0     0     0     0     0
          0     0     0     0     0     0     0     0     0     0     0     0     0     0     0
  27   1000   990   961   914   852   778   697   612   526   443   366   296   235   182   138   102    73    51    35    22
         14     7     3     0    -1    -2    -3    -3    -4    -4    -4    -4    -4    -4    -3    -2    -1     0     1     2
          3     5     6     8    10    11    13    15    16    17    18    20    20    21    22    22    22    23    24    26
         27    28    30    32    33    34    35    35    35    34    33    31    30    28    26    24    21    19    16    14
         11     9     6     3     2     1     1     0     0     0     0     0     0     0     0     0     0     0     0     0
          0     0     0     0     0     0     0     0     0     0     0     0     0     0
  28   1000   990   961   914   852   778   697   612   526   444   366   296   235   182   138   102    73    51    35    23
         14     8     3     0    -1    -2    -3    -3    -3    -4    -4    -4    -3    -3    -2    -1     0     2     3     4
          5     6     8    10    12    13    15    16    18    19    20    21    22    23    22    23    24    25    26    27
         28    30    32    33    34    35    35    35    34    33    32    30    28    26    24    21    19    16    14    11
          9     6     3     2     1     1     0     0     0     0     0     0     0     0     0     0     0     0     0     0
          0     0     0     0     0     0     0     0     0     0     0     0     0
  29   1000   990   961   914   852   778   697   612   526   444   366   296   234   182   138   102    73    51    35    23
         14     8     3     0     0    -2    -2    -3    -3    -3    -3    -3    -3    -2     0     0     2     3     4     6
          7     9    11    13    14    16    17    19    20    21    22    23    23    23    23    24    25    27    28    29
         31    33    35    35    36    36    36    35    34    33    31    29    27    25    22    19    17    14    12    10
          7     3     2     1     1     0     0     0     0     0     0     0     0     0     0     0     0     0     0     0
          0     0     0     0     0     0     0     0     0     0     0     0
  30   1000   990   961   914   852   778   697   612   526   444   366   296   234   181   137   102    73    51    35    23
         14     8     3     1     0    -2    -2    -3    -3    -3    -3    -3    -2     0     1     3     4     5     6     8
         10    12    14    15    17    18    20    21    22    23    24    25    24    25    26    27    28    29    31    32
         35    36    37    37    37    38    37    36    34    33    31    28    26    23    20    17    15    12    10     7
          3     2     1     1     0     0     0     0     0     0     0     0     0     0     0     0     0     0     0     0
          0     0     0     0     0     0     0     0     0     0     0
  31   1000   990   961   914   852   778   697   612   526   443   366   296   234   181   137   101    73    51    35    23
         14     8     3     1     0    -2    -2    -3    -3    -3    -2    -1     0     1     3     4     5     7     8    10
         12    14    16    18    19    21    22    23    24    25    25    25    25    26    27    29    30    32    33    36
         37    38    38    38    38    38    37    35    33    31    29    27    24    21    18    15    13    10     7     3
          2     1     1     0     0     0     0     0     0     0     0     0     0     0     0     0     0     0     0     0
          0     0     0     0     0     0     0     0     0     0
  32   1000   990   961   914   852   778   697   612   526   443   366   296   234   181   137   101    73    51    35    23
         14     8     3     1     0    -2    -2    -3    -3    -2    -1     0     1     3     4     5     7     9    11    13
         15    16    18    19    21    22    23    24    25    26    26    26    27    28    29    31    32    34    36    38
         38    39    39    39    38    37    36    34    32    29    27    24    21    18    15    13    10     7     4     2
          1     1     0     0     0     0     0     0     0     0     0     0     0     0     0     0     0     0     0     0
          0     0     0     0     0     0     0     0     0
  33   1000   990   961   914   852   778   697   612   526   443   365   295   234   181   137   101    73    51    35    23
         14     8     3     1     0    -2    -2    -2    -2    -1     0     1     3     4     6     7     9    11    13    15
         17    18    20    21    22    24    25    25    26    26    26    27    28    30    31    33    34    37    38    39
         40    40    40    39    38    36    35    32    30    27    25    21    18    16    13    11     7     4     2     1
          1     0     0     0     0     0     0     0     0     0     0     0     0     0     0     0     0     0     0     0
          0     0     0     0     0     0     0     0
  34   1000   990   961   914   852   778   697   611   526   443   365   295   233   181   137   101    73    51    35    23
         14     8     3     0     0    -1    -2    -2    -1     0     1     3     4     6     7     9    11    13    15    17
         19    20    22    23    24    25    26    27    26    27    28    29    30    31    33    35    37    39    39    40
         40    40    39    38    37    35    33    30    28    25    22    19    16    13    11     7     4     2     1     1
          0     0     0     0     0     0     0     0     0     0     0     0     0     0     0     0     0     0     0     0
          0     0     0     0     0     0     0
  35   1000   990   961   914   852   778   697   611   525   442   365   295   233   181   137   101    73    51    35    23
         14     8     3     1     0    -1    -1    -1     0     1     3     4     5     7     9    11    13    15    17    18
         20    21    22    24    25    26    26    26    26    27    29    30    31    33    35    37    39    39    40    40
         40    39    38    36    35    33    30    28    25    22    19    16    13    11     7     4     2     1     1     0
          0     0     0     0     0     0     0     0     0     0     0     0     0     0     0     0     0     0     0     0
          0     0     0     0     0     0
  36   1000   990   961   914   852   778   696   611   525   442   365   295   233   181   137   101    73    51    35    23
         14     8     3     1     0    -1     0     0     1     3     4     5     7     8    10    12    15    16    18    19
         21    22    23    24    25    26    26    26    27    28    30    31    32    34    37    38    39    39    40    40
         39    38    36    34    32    30    27    24    21    18    16    13    11     7     4     2     1     1     0     0
          0     0     0     0     0     0     0     0     0     0     0     0     0     0     0     0     0     0     0     0
          0     0     0     0     0
  37   1000   990   961   914   852   778   696   611   525   442   365   295   233   180   137   101    73    51    35    22
         14     8     3     1     0     0     0     1     3     4     5     6     8    10    12    14    16    17    19    20
         21    23    23    24    25    25    25    26    27    29    30    32    33    36    37    38    38    39    39    38
         37    35    33    31    29    27    24    21    18    15    13    10     7     4     2     1     1     0     0     0
          0     0     0     0     0     0     0     0     0     0     0     0     0     0     0     0     0     0     0     0
          0     0     0     0
  38   1000   990   961   914   851   778   696   610   525   442   365   295   233   180   137   101    73    51    35    22
         14     8     4     1     0     1     2     3     4     5     6     7     9    11    13    15    16    18    19    20
         22    22    23    24    24    24    25    26    28    29    31    32    34    36    36    37    37    37    36    35
         34    32    30    28    26    23    20    17    15    12    10     7     3     2     1     1     0     0     0     0
          0     0     0     0     0     0     0     0     0     0     0     0     0     0     0     0     0     0     0     0
          0     0     0
  39   1000   990   961   913   851   777   696   610   525   442   365   295   233   181   137   101    73    51    35    23
         14     8     4     2     1     2     2     3     4     5     6     8     9    11    13    14    16    17    18    19
         20    21    22    22    22    23    24    25    26    28    29    31    33    33    34    34    34    33    32    31
         30    28    25    23    21    18    16    13    11     9     6     3     2     1     1     0     0     0     0     0
          0     0     0     0     0     0     0     0     0     0     0     0     0     0     0     0     0     0     0     0
          0     0
  40   1000   990   961   913   851   777   696   610   525   442   365   295   233   181   137   101    73    51    35    23
         14     8     5     3     2     2     2     3     4     5     6     8     9    11    12    13    15    16    17    17
         18    19    19    19    20    21    23    24    25    26    28    29    30    30    30    30    30    29    28    26
         25    23    21    19    16    14    12    10     8     6     3     1     1     1     0     0     0     0     0     0
          0     0     0     0     0     0     0     0     0     0     0     0     0     0     0     0     0     0     0     0
          0
  41   1000   990   961   913   851   777   696   611   525   442   365   295   233   181   137   101    73    51    35    23
         14     9     5     4     3     2     2     3     4     5     6     7     9    10    11    12    13    14    15    16
         17    17    17    18    19    20    21    22    23    25    26    26    27    27    27    26    26    24    23    22
         20    18    17    14    12    11     9     7     5     3     1     1     0     0     0     0     0     0     0     0
          0     0     0     0     0     0     0     0     0     0     0     0     0     0     0     0     0     0     0     0
  42   1000   990   961   913   851   778   696   611   525   442   365   295   233   181   137   101    73    51    35    23
         15     9     6     4     2     2     2     2     3     4     6     7     8     9    10    11    12    12    13    14
         14    14    15    16    17    18    19    20    21    22    23    23    23    23    23    22    21    20    19    17
         16    14    12    11     9     8     6     4     2     1     1     0     0     0     0     0     0     0     0     0
          0     0     0     0     0     0     0     0     0     0     0     0     0     0     0     0     0     0     0
  43   1000   990   961   913   851   778   696   611   525   442   365   295   233   181   137   101    73    51    35    23
         15     9     6     3     2     2     2     2     3     4     5     5     6     7     8     9    10    10    11    11
         12    13    13    14    15    16    17    18    19    19    20    20    20    19    19    18    17    16    15    13
         12    10     9     8     6     5     4     2     1     1     0     0     0     0     0     0     0     0     0     0
          0     0     0     0     0     0     0     0     0     0     0     0     0     0     0     0     0     0
  44   1000   990   961   913   851   778   696   611   525   442   365   295   233   181   137   101    73    51    35    23
         15     9     6     3     2     1     1     2     2     3     4     4     5     6     7     8     8     9     9    10
         10    11    12    13    13    14    15    16    16    17    17    17    16    16    15    14    13    12    11    10
          9     8     6     5     4     3     2     1     1     0     0     0     0     0     0     0     0     0     0     0
          0     0     0     0     0     0     0     0     0     0     0     0     0     0     0     0     0
  45   1000   990   961   914   851   778   696   611   525   442   365   295   234   181   137   101    73    51    35    23
         15     9     5     3     1     1     1     1     2     2     3     3     4     5     6     6     7     7     8     8
          9    10    10    11    12    13    13    14    14    14    14    13    13    12    12    11    10     9     8     7
          6     5     4     4     3     1     1     0     0     0     0     0     0     0     0     0     0     0     0     0
          0     0     0     0     0     0     0     0     0     0     0     0     0     0     0     0
  46   1000   990   961   914   851   778   696   611   525   442   365   295   234   181   137   101    73    52    35    23
         15     9     5     2     1     1     0     1     1     2     2     3     3     4     5     5     6     6     7     7
          8     9     9    10    11    11    11    12    12    12    11    11    10    10     9     9     8     7     6     5
          4     4     3     2     1     1     0     0     0     0     0     0     0     0     0     0     0     0     0     0
          0     0     0     0     0     0     0     0     0     0     0     0     0     0     0
  47   1000   990   961   914   852   778   696   611   525   442   365   295   234   181   137   101    73    52    35    23
         15     9     5     2     1     0     0     0     1     1     2     2     3     3     4     5     5     6     6     7
          7     8     8     9     9    10    10    10    10    10     9     9     8     8     7     7     6     5     4     4
          3     3     2     1     1     0     0     0     0     0     0     0     0     0     0     0     0     0     0     0
          0     0     0     0     0     0     0     0     0     0     0     0     0     0
  48   1000   990   961   914   852   778   696   611   525   443   365   295   234   181   137   101    73    51    35    23
         14     9     5     2     1     0     0     0     0     1     1     2     2     3     3     4     5     5     6     6
          7     7     8     8     8     8     8     8     8     8     8     7     7     6     6     5     4     4     3     3
          2     2     1     1     0     0     0     0     0     0     0     0     0     0     0     0     0     0     0     0
          0     0     0     0     0     0     0     0     0     0     0     0     0
  49   1000   990   961   914   852   778   696   611   525   443   365   295   234   181   137   101    73    51    35    23
         14     8     5     2     1     0     0     0     0     1     1     2     2     3     3     4     4     5     5     6
          6     7     7     7     7     7     7     7     7     7     6     6     5     5     4     4     3     3     2     2
          1     1     1     0     0     0     0     0     0     0     0     0     0     0     0     0     0     0     0     0
          0     0     0     0     0     0     0     0     0     0     0     0
  50   1000   990   961   914   852   778   696   611   525   443   365   295   234   181   137   101    73    51    35    23
         14     8     5     2     1     0     0     0     0     1     1     2     2     2     3     4     4     5     5     5
          6     6     6     7     7     7     6     6     6     6     5     5     4     4     3     3     2     2     2     1
          1     0     0     0     0     0     0     0     0     0     0     0     0     0     0     0     0     0     0     0
          0     0     0     0     0     0     0     0     0     0     0
  51   1000   990   961   914   852   778   696   611   525   443   365   295   233   180   136   101    73    51    35    23
         14     8     4     2     1     0     0     0     0     1     1     1     2     2     3     4     4     4     5     5
          6     6     6     6     6     6     6     5     5     5     4     4     4     3     3     2     2     2     1     1
          0     0     0     0     0     0     0     0     0     0     0     0     0     0     0     0     0     0     0     0
          0     0     0     0     0     0     0     0     0     0
  52   1000   990   961   914   852   778   696   611   525   443   365   295   233   180   136   101    72    51    34    23
         14     8     4     2     1     0     0     0     0     1     1     1     2     3     3     4     4     4     5     5
          5     6     6     6     5     5     5     5     4     4     4     3     3     2     2     2     1     1     1     0
          0     0     0     0     0     0     0     0     0     0     0     0     0     0     0     0     0     0     0     0
          0     0     0     0     0     0     0     0     0
  53   1000   990   961   914   852   778   696   611   525   442   365   294   233   180   136   100    72    51    34    22
         14     8     4     2     1     0     0     0     0     1     1     1     2     3     3     4     4     4     5     5
          5     5     5     5     5     5     5     4     4     4     3     3     2     2     2     1     1     1     0     0
          0     0     0     0     0     0     0     0     0     0     0     0     0     0     0     0     0     0     0     0
          0     0     0     0     0     0     0     0
  54   1000   990   961   914   852   778   696   611   525   442   364   294   232   180   136   100    72    50    34    22
         14     8     4     2     1     0     0     0     0     1     1     2     2     3     3     4     4     5     5     5
          5     5     5     5     5     5     4     4     4     3     3     2     2     2     1     1     1     0     0     0
          0     0     0     0     0     0     0     0     0     0     0     0     0     0     0     0     0     0     0     0
          0     0     0     0     0     0     0
  55   1000   990   961   914   852   778   696   611   525   441   363   293   232   179   135   100    72    50    34    22
         14     8     4     2     1     0     0     0     0     1     1     2     2     3     4     4     4     5     5     5
          5     5     5     5     5     4     4     4     3     3     2     2     2     1     1     1     0     0     0     0
          0     0     0     0     0     0     0     0     0     0     0     0     0     0     0     0     0     0     0     0
          0     0     0     0     0     0
  56   1000   990   961   914   852   778   696   610   524   440   363   293   231   179   135    99    71    49    33    22
         13     8     4     2     0     0     0     0     0     1     2     2     3     3     4     5     5     5     5     6
          6     5     5     5     5     4     4     4     3     3     2     2     2     1     1     1     0     0     0     0
          0     0     0     0     0     0     0     0     0     0     0     0     0     0     0     0     0     0     0     0
          0     0     0     0     0
  57   1000   990   961   914   852   778   696   609   523   440   362   292   231   178   134    98    70    49    33    21
         13     7     4     2     0     0     0     0     1     1     2     3     3     4     5     5     6     6     6     6
          6     6     6     5     5     4     4     3     3     3     2     2     1     1     1     0     0     0     0     0
          0     0     0     0     0     0     0     0     0     0     0     0     0     0     0     0     0     0     0     0
          0     0     0     0
  58   1000   990   961   914   851   777   695   608   522   439   362   291   230   177   133    98    70    48    32    21
         13     7     3     1     0     0     0     0     1     2     3     4     4     5     6     6     7     7     7     7
          7     7     6     6     5     5     4     4     3     3     2     2     1     1     0     0     0     0     0     0
          0     0     0     0     0     0     0     0     0     0     0     0     0     0     0     0     0     0     0     0
          0     0     0
  59   1000   990   961   913   851   776   693   608   522   438   361   290   229   176   132    97    69    48    32    20
         12     7     4     1     0     0     1     1     2     3     4     5     6     7     8     8     8     8     8     8
          8     8     7     6     6     5     4     4     3     3     2     1     1     1     0     0     0     0     0     0
          0     0     0     0     0     0     0     0     0     0     0     0     0     0     0     0     0     0     0     0
          0     0
  60   1000   990   960   913   850   775   693   607   521   438   360   290   228   175   132    97    69    48    32    20
         13     7     4     2     1     2     2     3     4     6     7     8     9    10    10    11    11    11    11    11
         10     9     9     8     7     6     5     4     3     2     1     1     1     0     0     0     0     0     0     0
          0     0     0     0     0     0     0     0     0     0     0     0     0     0     0     0     0     0     0     0
          0
  61   1000   990   960   912   849   775   693   607   521   437   360   289   228   176   132    97    69    48    33    22
         14     9     5     4     4     4     5     7     8    10    12    13    14    15    15    15    15    15    14    14
         13    12    11     9     8     7     6     5     3     2     1     1     1     0     0     0     0     0     0     0
          0     0     0     0     0     0     0     0     0     0     0     0     0     0     0     0     0     0     0     0
  62   1000   990   960   912   849   775   693   607   521   438   360   291   229   177   134    99    72    51    36    25
         17    12    10     9     9    10    11    13    16    18    19    21    22    22    23    23    22    21    20    19
         17    16    14    12    10     8     7     5     3     1     1     1     0     0     0     0     0     0     0     0
          0     0     0     0     0     0     0     0     0     0     0     0     0     0     0     0     0     0     0
  63   1000   990   960   912   850   776   695   609   523   440   363   294   233   181   138   104    76    56    41    30
         22    18    16    16    17    19    21    25    27    29    31    32    33    33    33    32    31    29    27    25
         23    20    17    15    12    10     7     4     2     1     1     1     1     0     0     0     0     0     0     0
          0     0     0     0     0     0     0     0     0     0     0     0     0     0     0     0     0     0
  64   1000   990   960   913   851   778   697   611   526   444   367   298   238   186   144   109    83    63    47    36
         30    27    26    27    29    32    36    39    41    44    45    46    46    46    44    43    41    38    35    32
         28    24    20    17    14    10     5     3     1     1     1     1     1     1     1     1     1     1     1     1
          1     0     0     0     0     0     0     0     0     0     0     0     0     0     0     0     0
  65   1000   990   961   914   852   779   698   613   528   447   370   302   241   190   148   114    88    67    52    43
         38    36    36    38    41    45    49    52    54    56    58    57    57    55    53    51    47    44    39    34
         30    25    21    17    12     6     3     2     1     1     1     1     1     1     1     1     1     1     1     1
          1     1     1     1     1     1     1     1     1     1     1     1     1     1     1     1
  66   1000   990   961   914   852   779   698   613   528   447   370   302   242   191   149   116    88    68    56    47
         44    42    43    46    51    55    58    61    63    64    64    64    62    60    57    53    49    44    39    33
         29    24    19    13     7     3     2     1     1     1     1     1     1     1     1     1     1     1     1     1
          1     1     1     1     1     1     1     1     1     1     1     1     1     1     1
  67   1000   990   961   914   852   779   698   613   529   447   371   303   243   192   151   116    90    73    61    54
         51    51    53    58    62    65    68    70    72    72    72    70    68    64    60    55    50    44    38    32
         27    22    15     8     4     2     1     1     1     1     1     1     1     1     1     1     1     1     1     1
          1     1     1     1     1     1     1     1     1     1     1     1     1     1
  68   1000   990   961   914   852   779   698   614   529   447   372   304   244   194   152   119    95    79    68    62
         60    62    66    70    73    76    79    81    81    80    78    75    72    67    62    56    49    42    36    30
         25    17     9     4     2     2     1     1     1     1     1     1     1     1     1     1     1     1     1     1
          1     1     1     1     1     1     1     1     1     1     1     1     1
  69   1000   990   961   914   852   779   699   614   530   449   373   306   247   196   155   124   102    87    77    73
         73    76    80    83    86    88    90    90    90    87    84    80    75    69    62    55    47    40    34    28
         19    10     5     3     2     1     1     1     1     1     1     1     1     1     1     1     1     1     1     1
          1     1     1     1     1     1     1     1     1     1     1     1
  70   1000   990   961   914   852   780   699   615   531   450   376   309   249   200   161   132   112    97    90    87
         89    92    93    96    98   101   100   100    97    94    89    83    77    69    61    53    45    38    31    21
         11     5     3     2     2     1     1     1     1     1     1     1     1     1     1     1     1     1     1     1
          1     1     1     1     1     1     1     1     1     1     1
  71   1000   990   961   914   853   781   700   617   533   453   379   311   253   207   170   143   123   110   104   104
        105   106   108   110   112   111   110   107   103    98    91    85    77    67    58    50    41    34    23    12
          6     3     2     2     1     1     1     1     1     1     1     1     1     1     1     1     1     1     1     1
          1     1     1     1     1     1     1     1     1     1
  72   1000   990   961   915   854   781   702   618   536   457   382   316   261   215   181   154   136   126   122   121
        120   120   121   123   121   120   116   112   107    99    92    83    73    63    54    45    37    25    13     6
          3     2     2     2     1     1     1     1     1     1     1     1     1     1     1     1     1     1     1     1
          1     1     1     1     1     1     1     1     1
  73   1000   990   961   915   854   782   703   620   538   458   385   322   268   225   191   166   150   142   137   133
        132   131   132   129   128   123   119   113   105    98    89    78    67    57    48    39    27    13     6     4
          2     2     2     2     1     1     1     1     1     1     1     1     1     1     1     1     1     1     1     1
          1     1     1     1     1     1     1     1
  74   1000   990   961   915   854   783   704   622   539   461   391   329   277   235   202   179   166   156   148   144
        141   140   137   135   129   125   118   110   103    93    81    70    60    50    41    28    14     7     4     2
          2     2     2     2     2     2     2     2     2     2     2     2     2     2     2     2     1     1     1     1
          1     1     1     1     1     1     1
  75   1000   990   961   915   855   784   705   623   542   466   397   337   286   245   214   194   178   165   158   151
        148   143   140   134   129   122   113   105    95    84    73    62    52    43    29    14     7     4     2     2
          2     2     2     2     2     2     2     2     2     2     2     2     2     2     2     2     2     2     2     1
          1     1     1     1     1     1
  76   1000   990   961   916   856   785   707   626   547   473   406   346   297   257   229   207   188   175   165   159
        151   146   139   133   126   117   108    98    86    74    64    53    44    30    14     7     4     2     2     2
          2     2     2     2     2     2     2     2     2     2     2     2     2     2     2     2     2     2     2     2
          2     1     1     1     1
  77   1000   990   962   916   857   786   709   630   552   480   413   355   307   270   239   213   194   179   169   158
        151   142   135   127   118   109    98    87    75    64    54    44    30    14     6     3     2     2     2     2
          2     2     2     2     2     2     2     2     2     2     2     2     2     2     2     2     2     2     2     2
          2     2     1     1
  78   1000   990   962   917   858   788   713   635   559   486   421   364   318   279   244   218   197   182   168   157
        146   138   128   118   110    99    87    75    64    54    44    30    14     6     3     2     2     1     2     2
          2     2     2     2     2     2     2     2     2     2     2     2     2     2     2     2     2     2     2     2
          2     2     2
  79   1000   990   962   917   859   791   716   640   564   493   428   373   325   282   247   219   198   178   164   150
        140   129   118   109    98    86    74    63    53    43    29    13     6     3     2     1     1     1     1     2
          2     2     2     2     2     2     2     2     2     2     2     2     2     2     2     2     2     2     2     2
          2     2
  80   1000   990   963   918   861   793   720   644   569   499   435   378   326   283   247   218   193   174   156   143
        130   118   108    96    84    73    62    52    43    29    13     5     2     1     1     1     1     1     2     2
          2     2     2     2     2     2     2     2     2     2     2     2     2     2     2     2     2     2     2     2
          2
  81   1000   990   963   919   863   796   723   648   574   504   439   379   326   281   245   212   187   165   148   133
        119   108    95    83    71    60    50    41    27    12     4     1     1     1     1     1     1     1     2     2
          2     2     2     2     2     2     2     2     2     2     2     2     2     2     2     2     2     2     2     2
  82   1000   991   963   920   863   797   723   647   573   501   432   371   317   271   231   199   171   150   131   115
        103    90    77    66    56    46    38    25    10     3     1     0     0     0     1     1     1     1     1     2
          2     2     2     2     2     2     2     2     2     2     2     2     2     1     1     1     1     1     1
  83   1000   991   963   920   864   797   723   647   570   495   426   363   309   260   220   186   159   136   117   102
         88    74    63    53    43    35    23     8     2     0     0     0     0     0     1     1     1     1     1     1
          2     2     2     2     2     2     2     1     1     1     1     1     1     1     1     1     1     1
  84   1000   991   964   921   864   797   723   646   568   493   422   359   302   254   211   178   150   126   108    91
         76    63    52    42    34    21     7     0     0    -1     0     0     0     0     1     1     1     1     1     1
          1     1     1     1     1     1     1     1     1     1     1     1     1     1     1     1     1
  85   1000   991   964   921   864   796   721   643   564   488   417   352   295   244   204   169   139   117    97    79
         64    52    42    34    20     6     0    -1    -1    -1     0     0     0     1     1     1     1     1     1     1
          1     1     1     1     1     1     1     1     1     1     1     1     1     1     1     1
  86   1000   991   964   920   863   795   720   640   561   485   412   347   288   239   197   161   133   108    87    69
         55    44    34    20     5    -1    -2    -2    -1    -1     0     0     0     1     1     1     1     1     1     1
          1     1     1     1     1     1     1     1     1     1     1     1     1     1     1
  87   1000   991   963   919   861   793   716   636   557   478   406   339   282   231   188   153   123    97    76    60
         46    36    21     4    -2    -3    -3    -2    -1     0     0     0     0     1     1     1     1     1     1     1
          1     1     1     1     1     1     1     1     1     1     1     1     1     1
  88   1000   991   963   919   860   791   715   634   553   476   402   336   277   226   183   147   115    89    69    52
         40    23     5    -2    -4    -4    -3    -2    -1     0     0     0     1     1     1     1     1     1     1     1
          1     1     1     1     1     1     1     1     1     1     1     1     1
  89   1000   990   963   918   860   790   714   633   552   472   400   333   273   223   178   140   108    83    62    46
         27     7    -1    -4    -4    -3    -2    -1     0     0     0     0     1     1     1     1     1     1     1     1
          1     1     1     1     1     1     1     1     1     1     1     1
  90   1000   991   963   919   861   792   714   634   552   474   400   332   273   220   174   135   104    78    58    35
         12     1    -2    -3    -3    -2    -1     0     0     0     0     1     1     1     1     1     1     1     1     1
          1     1     1     1     1     1     1     1     1     1     1
  91   1000   991   963   919   861   791   714   632   551   472   397   330   269   214   168   129    98    72    45    18
          5     0    -2    -2    -2    -1     0     0     0     0     0     1     1     1     1     1     1     1     1     1
          1     1     1     1     1     1     1     1     1     1
  92   1000   991   963   918   859   790   711   631   548   468   394   325   262   207   161   122    91    59    28    12
          4     0     0     0     0     0     0     0     0     0     0     1     1     1     1     1     1     1     1     1
          1     1     1     1     1     1     1     1     1
  93   1000   991   963   918   859   788   711   629   546   467   390   319   256   201   155   117    78    43    22    11
          5     2     1     0     0     0     0     0     0     0     0     0     1     1     1     1     1     0     0     0
          0     0     0     0     0     1     1     1
  94   1000   991   962   918   858   788   710   627   545   463   385   314   251   196   150   104    62    37    22    13
          7     4     2     1     1     0     0     0     0     0     0     0     0     0     0     0     0     0     0     0
          0     0     0     0     0     0     1
  95   1000   990   962   917   858   787   708   626   542   459   380   309   246   192   138    89    57    37    24    15
         10     6     4     2     1     1     1     0     0     0     0     0     0     0     0     0     0     0     0     0
          0     0     0     0     0     0
  96   1000   990   962   917   857   786   708   624   538   454   376   305   242   180   123    84    58    40    27    18
         12     8     5     3     2     1     1     0     0     0     0     0     0     0     0     0     0     0     0     0
          0     0     0     0     0
  97   1000   990   962   917   857   786   706   620   534   451   372   301   231   166   119    86    61    43    30    20
         14     9     6     4     2     1     1     0     0     0     0     0     0     0     0     0     0     0     0     0
          0     0     0     0
  98   1000   990   962   916   857   784   703   617   531   447   369   291   218   163   121    89    65    46    32    22
         15    10     6     4     2     1     1     0     0     0     0     0     0     0     0     0     0     0     0     0
          0     0     0
  99   1000   990   962   916   855   782   700   614   528   445   360   280   215   165   125    93    68    49    34    24
         16    10     7     4     3     1     1     0     0     0     0     0     0     0     0     0     0     0     0     0
          0     0
 100   1000   990   962   916   854   780   698   612   526   437   350   277   218   169   129    96    70    51    36    25
         17    11     7     4     3     1     1     0     0     0     0     0     0     0     0     0     0     0     0     0
          0
 101   1000   990   961   915   852   779   697   611   519   428   348   280   222   173   132    99    72    52    37    25
         17    11     7     4     3     1     1     0     0     0     0     0     0     0     0     0     0     0     0     0
 102   1000   990   961   913   851   777   695   605   511   426   351   284   226   176   134   101    74    53    37    26
         17    11     7     4     3     1     1     0     0     0     0     0     0     0     0     0     0     0     0
 103   1000   990   960   913   851   777   691   598   511   429   355   288   229   179   136   102    75    54    38    26
         18    11     7     4     3     1     1     0     0     0     0     0     0     0     0     0     0     0
 104   1000   990   960   913   851   774   686   599   514   434   359   291   232   181   138   103    76    54    38    26
         18    12     7     4     3     1     1     0     0     0     0     0     0     0     0     0     0
 105   1000   990   960   913   848   770   686   602   518   438   362   294   234   182   139   104    76    55    38    26
         18    12     7     4     3     1     1     0     0     0     0     0     0     0     0     0
 106   1000   990   960   911   845   770   689   605   521   440   364   296   235   183   140   105    77    55    39    27
         18    12     7     4     3     1     1     0     0     0     0     0     0     0     0
 107   1000   990   959   909   846   772   692   608   524   442   366   297   236   184   140   105    77    55    39    27
         18    12     7     4     3     1     1     0     0     0     0     0     0     0
 108   1000   989   958   909   847   775   694   610   525   443   367   297   236   184   140   105    77    55    39    27
         18    12     7     5     3     1     1     0     0     0     0     0     0
 109   1000   989   959   912   850   777   697   612   527   445   368   298   237   184   141   105    77    55    39    27
         18    12     7     5     3     1     1     0     0     0     0     0
 110   1000   990   961   914   852   779   698   613   528   446   368   299   237   185   141   105    77    55    39    27
         18    12     7     4     3     1     1     0     0     0     0
 111   1000   990   961   914   853   779   698   613   528   445   368   298   237   184   141   105    77    55    39    27
         18    12     7     4     3     1     1     0     0     0
 112   1000   990   961   914   853   779   698   613   528   445   368   298   237   184   141   105    77    55    39    27
         18    12     7     5     3     1     1     0     0
 113   1000   990   961   914   852   779   698   613   527   445   368   298   237   184   141   105    77    55    39    27
         18    12     8     5     3     2     1     0
 114   1000   990   961   914   852   779   698   613   527   445   368   298   237   184   141   105    77    55    39    27
         18    12     8     5     3     2     1
 115   1000   990   961   914   852   779   698   613   527   445   368   298   237   184   141   105    77    55    39    27
         18    12     8     5     3     2
 116   1000   990   961   914   852   779   698   613   527   445   368   298   237   184   141   105    77    55    39    27
         18    12     8     5     3
 117   1000   990   961   914   852   779   698   613   527   445   368   298   237   184   141   105    77    55    39    27
         18    12     8     5
 118   1000   990   961   914   852   779   698   613   527   445   368   298   237   184   141   105    77    55    39    27
         18    12     8
 119   1000   990   961   914   852   779   698   613   527   445   368   298   237   184   141   105    77    55    39    27
         18    12
 120   1000   990   961   914   852   779   698   613   527   445   368   298   237   184   141   105    77    56    39    27
         18
 121   1000   990   961   914   852   779   698   613   527   445   368   298   237   184   141   105    77    56    39    27
 122   1000   990   961   914   852   779   698   613   527   445   368   298   237   184   141   105    77    56    39
 123   1000   990   961   914   852   779   698   613   527   445   368   298   237   184   141   105    77    56
 124   1000   990   961   914   852   779   698   613   527   445   368   298   237   184   141   105    77
 125   1000   990   961   914   852   779   698   613   527   445   368   298   237   184   141   105
 126   1000   990   961   914   852   779   698   613   527   445   368   298   237   184   141
 127   1000   990   961   914   852   779   698   613   527   445   368   298   237   184
 128   1000   990   961   914   852   779   698   613   527   445   368   298   237
 129   1000   990   961   914   852   779   698   613   527   445   368   298
 130   1000   990   961   914   852   779   698   613   527   445   368
 131   1000   990   961   914   852   779   698   613   527   445
 132   1000   990   961   914   852   779   698   613   527
 133   1000   990   961   914   852   779   698   613
 134   1000   990   961   914   852   779   698
 135   1000   990   961   914   852   779
 136   1000   990   961   914   852
 137   1000   990   961   914
 138   1000   990   961
 139   1000   990
 140   1000

 Finished!
