88" 33MeV Deuteron breakup on Ta, Clean Beam
  140    7    1    0    1
   0.00500  10.00000   0.00500   0.00100
   1.0000000   0   0 7.86600000E+03   1.0000000
AL27P    1.694E-20 0.039       0.00       0.00        (    )
AL27A    1.983E-20 0.017       0.00       0.00        (    )
NI582    3.627E-21 0.020       0.00       0.00        (    )
IN115N   8.790E-20 0.013       0.00       0.00        (    )
AU1972   2.831E-19 0.054       0.00       0.00        (    )
AU197G   7.770E-20 0.025       0.00 AUNG  3.70 BFX    (BEAM)
IN115G   9.390E-20 0.015       0.00 INNG 40.20 BFX    (BEAM)
Flux Uncertainty From MCNP Calculations
 140
 1.0000E+00 2.5930E-01 1.8140E-01 1.0920E-01 1.7370E-01 1.1820E-01 1.5140E-01
 3.3850E-01 3.8860E-01 2.7190E-01 2.5470E-01 3.1410E-01 2.7410E-01 2.7640E-01
 2.7960E-01 2.9360E-01 3.4000E-01 2.5510E-01 2.8130E-01 2.5100E-01 3.7550E-01
 2.6870E-01 2.7320E-01 3.0740E-01 3.1500E-01 3.0620E-01 3.6710E-01 3.0080E-01
 2.8070E-01 4.7700E-01 2.8300E-01 3.9880E-01 3.3630E-01 3.9190E-01 3.4100E-01
 4.4320E-01 4.0220E-01 3.6030E-01 3.4910E-01 2.3000E-01 4.0460E-01 2.1290E-01
 2.5020E-01 3.5830E-01 1.9940E-01 2.0180E-01 2.3230E-01 1.5980E-01 1.5020E-01
 1.2110E-01 1.1090E-01 1.0480E-01 1.0440E-01 8.0500E-02 9.7500E-02 6.7700E-02
 8.0400E-02 7.1600E-02 5.8600E-02 6.4400E-02 5.7100E-02 4.9700E-02 5.3900E-02
 5.1000E-02 4.4000E-02 4.6200E-02 5.2600E-02 4.3900E-02 4.1300E-02 3.8900E-02
 2.5200E-02 2.2600E-02 2.2400E-02 2.2100E-02 2.0400E-02 1.6700E-02 1.5300E-02
 1.3600E-02 1.1400E-02 9.9000E-03 9.3000E-03 9.1000E-03 7.1000E-03 6.2000E-03
 5.5000E-03 4.0000E-03 3.7000E-03 3.2000E-03 3.1000E-03 2.7000E-03 2.8000E-03
 3.0000E-03 3.2000E-03 3.5000E-03 3.9000E-03 4.4000E-03 5.0000E-03 5.7000E-03
 6.5000E-03 7.7000E-03 8.4000E-03 9.2000E-03 1.0000E-02 1.0800E-02 1.1400E-02
 1.2000E-02 1.2200E-02 1.2400E-02 1.2600E-02 1.2600E-02 1.2600E-02 1.3000E-02
 1.3200E-02 1.4400E-02 1.6600E-02 1.9800E-02 2.5900E-02 5.1900E-02 0.0000E+00
 0.0000E+00 0.0000E+00 0.0000E+00 0.0000E+00 0.0000E+00 0.0000E+00 0.0000E+00
 0.0000E+00 0.0000E+00 0.0000E+00 0.0000E+00 0.0000E+00 0.0000E+00 0.0000E+00
 0.0000E+00 0.0000E+00 0.0000E+00 0.0000E+00 0.0000E+00 0.0000E+00 0.0000E+00
Input Flux Spectrum from MCNP Simulation
 140   0 4.060E+09 2.000E+01 5.000E-08
 5.0000E-09 5.9658E-10 3.3105E-09 7.3413E-09 5.5448E-09 3.8396E-09 2.9108E-09
 2.1463E-09 1.7558E-09 1.1270E-09 7.0451E-10 7.0414E-10 8.1038E-10 1.0522E-09
 1.1427E-09 1.0875E-09 1.8313E-09 1.2878E-09 8.2658E-10 1.2799E-09 1.8487E-09
 9.3718E-10 1.8186E-09 1.1280E-09 4.8416E-10 4.9511E-10 5.2916E-10 1.0874E-09
 1.1649E-09 7.8652E-10 9.0167E-10 1.9005E-09 1.0445E-09 6.0306E-10 5.0935E-10
 1.3961E-09 9.3846E-10 1.1765E-09 2.1001E-09 1.1833E-09 1.5757E-09 2.6332E-09
 1.9251E-09 3.9669E-09 5.3677E-09 3.6788E-09 3.0058E-09 8.9772E-09 9.8661E-09
 1.8694E-08 2.3001E-08 2.4866E-08 2.6623E-08 3.3887E-08 3.8048E-08 4.4267E-08
 5.1840E-08 3.7116E-08 5.1845E-08 6.1626E-08 8.7745E-08 8.6490E-08 8.9304E-08
 9.2638E-08 1.0444E-07 1.0667E-07 1.1373E-07 1.0654E-07 1.4164E-07 1.4561E-07
 3.8050E-07 3.8831E-07 3.7847E-07 3.7171E-07 3.7737E-07 5.7785E-07 6.0168E-07
 6.2149E-07 8.7811E-07 9.5065E-07 9.3908E-07 1.0115E-06 1.4138E-06 1.7155E-06
 2.0446E-06 3.5223E-06 4.0930E-06 5.2389E-06 5.7069E-06 7.1951E-06 6.6912E-06
 6.0539E-06 5.1190E-06 4.3386E-06 3.4136E-06 2.7505E-06 2.1167E-06 1.6443E-06
 1.2242E-06 8.5951E-07 7.1723E-07 6.0236E-07 5.1192E-07 4.3873E-07 3.9209E-07
 3.5778E-07 3.4450E-07 3.3529E-07 3.2257E-07 3.2690E-07 3.2246E-07 3.0747E-07
 2.9221E-07 2.4516E-07 1.8578E-07 1.3032E-07 7.5873E-08 1.8931E-08 0.0000E+00
 0.0000E+00 0.0000E+00 0.0000E+00 0.0000E+00 0.0000E+00 0.0000E+00 0.0000E+00
 0.0000E+00 0.0000E+00 0.0000E+00 0.0000E+00 0.0000E+00 0.0000E+00 0.0000E+00
 0.0000E+00 0.0000E+00 0.0000E+00 0.0000E+00 0.0000E+00 0.0000E+00 0.0000E+00
   17   15    9    9    9   10    7   14   14   36



                         ==============================
                               STAYSL PNNL OUTPUT
                         ==============================

 STAYSL PNNL, version 1.2.0, 2015-08-05


 SCENARIO TITLE: 88" 33MeV Deuteron breakup on Ta, Clean Beam
 -------------------------------------------------------------------------------
  NGROUP =   140    NRXN =     7    ACTIVITY NORM = 1.00000E+00

  COVARIANCE PARAMETERS (FCHN, FCVX, ACVX, FS)
    FLUXES:      WIDTH =  1.0000E+01   LONG RANGE COVAR. =  5.0000E-03
            ACTIVITIES =  5.0000E-03   X-SECT CROSS COR. =  1.0000E-03

    DETERM =   1.1461 × 10^   9.00      ERROR =   2.1147E-17

  INPUT NORMALIZATION DATA
    AK1   =     1.00000     VAK        =     0.00003
    NORML =           0     RENORM     = 1.00000E+00
    CHI²  =   882.74144     NORM. CHI² =   147.12357

  DOSIMETRY ACTIVITIES
     ———— INPUTS —————  -UNADJUSTED FLUX-  — ADJUSTED FLUX —    CHI²  90% ACTIVITIES RANGE
 RXN  MEASURED     ±%   ACTIVITY    %DIFF  ACTIVITY    %DIFF  CONTRIB --LOW E-- --HIGH E--   REACTION          CVR
  1  1.694E-20    3.90  2.048E-20   20.88  2.047E-20   20.85   20.555  6.00E+00  1.70E+01  AL27(N,P)MG27           
  2  1.983E-20    1.70  1.955E-20   -1.40  1.953E-20   -1.52   -0.372  7.40E+00  1.70E+01  AL27(N,A)NA24           
  3  3.627E-21    2.00  4.384E-21   20.87  4.345E-21   19.79   50.140  1.30E+01  3.00E+01  NI58(N,2N)NI57          
  4  8.790E-20    1.30  6.606E-20  -24.85  6.629E-20  -24.59  110.269  2.60E+00  1.40E+01  IN115(N,N')IN115M       
  5  2.831E-19    5.40  2.791E-19   -1.40  2.784E-19   -1.65   -0.030  9.00E+00  1.90E+01  AU197(N,2N)AU196        
  6  7.770E-20    2.50  2.767E-20  -64.39  9.972E-20   28.34 -320.912  1.00E-10  4.25E-06  AU197(N,G)AU198         
  7  9.390E-20    1.50  2.210E-20  -76.47  6.605E-20  -29.66 1023.090  1.00E-10  6.00E-01  IN115(N,G)IN116M        

             % STD. DEV.  =         43.75              22.80

                              CHECK INPUT, IT IS RATHER UNLIKELY !
                                   *** BEWARE OF OUTPUT ! ***


  DIFFERENTIAL FLUXES (input is normalized by a factor of 1.0000E+00)
                  —————— DIFFERENTIAL FLUX —————   ———— STD. DEV. % ————   INTEGRAL
 GRP    ENERGY        NEW         OLD      RATIO    NEW     OLD    RATIO   FLUX > E     ± %
   1  1.0000E-10  1.2072E+11  2.2556E+10   5.352   19.72  100.00   0.197  3.2624E+05    0.56
   2  1.0000E-09  6.7291E+08  2.6912E+08   2.500    4.67   25.93   0.180  3.2613E+05    0.56
   3  1.0000E-08  2.3892E+09  1.0339E+09   2.311    4.19   18.15   0.231  3.2612E+05    0.56
   4  2.3000E-08  2.1406E+09  1.1039E+09   1.939    3.43   10.93   0.314  3.2609E+05    0.56
   5  5.0000E-08  2.3434E+09  8.6584E+08   2.707    6.95   17.38   0.400  3.2603E+05    0.56
   6  7.6000E-08  9.1189E+08  3.9971E+08   2.281    5.73   11.83   0.484  3.2597E+05    0.56
   7  1.1500E-07  5.9164E+08  2.1487E+08   2.753    8.51   15.15   0.562  3.2594E+05    0.56
   8  1.7000E-07  5.1927E+08  1.0252E+08   5.065   21.39   33.85   0.632  3.2591E+05    0.56
   9  2.5500E-07  3.2534E+08  5.7028E+07   5.705   27.00   38.86   0.695  3.2586E+05    0.56
  10  3.8000E-07  1.1382E+08  2.6915E+07   4.229   20.42   27.19   0.751  3.2582E+05    0.56
  11  5.5000E-07  3.8337E+07  9.8631E+06   3.887   20.38   25.47   0.800  3.2580E+05    0.56
  12  8.4000E-07  2.8301E+07  6.5720E+06   4.306   26.49   31.41   0.843  3.2579E+05    0.56
  13  1.2750E-06  1.8983E+07  5.2642E+06   3.606   24.12   27.41   0.880  3.2578E+05    0.56
  14  1.9000E-06  1.5691E+07  4.7466E+06   3.306   25.17   27.64   0.910  3.2577E+05    0.56
  15  2.8000E-06  9.5491E+06  3.1996E+06   2.985   26.15   27.96   0.935  3.2575E+05    0.56
  16  4.2500E-06  5.8461E+06  2.1538E+06   2.714   28.03   29.36   0.954  3.2574E+05    0.56
  17  6.3000E-06  6.5945E+06  2.5638E+06   2.572   32.94   34.00   0.969  3.2573E+05    0.56
  18  9.2000E-06  2.3019E+06  1.2159E+06   1.893   24.98   25.51   0.979  3.2571E+05    0.56
  19  1.3500E-05  7.6245E+05  4.4746E+05   1.704   27.74   28.13   0.986  3.2570E+05    0.56
  20  2.1000E-05  8.1662E+05  5.7738E+05   1.414   24.87   25.10   0.991  3.2569E+05    0.56
  21  3.0000E-05  6.7925E+05  5.0038E+05   1.357   37.31   37.55   0.993  3.2568E+05    0.56
  22  4.5000E-05  1.7586E+05  1.5854E+05   1.109   26.75   26.87   0.995  3.2567E+05    0.56
  23  6.9000E-05  2.3819E+05  2.3818E+05   1.000   27.23   27.32   0.996  3.2567E+05    0.56
  24  1.0000E-04  1.1945E+05  1.3085E+05   0.913   30.66   30.74   0.997  3.2566E+05    0.56
  25  1.3500E-04  4.7952E+04  5.6163E+04   0.854   31.43   31.50   0.998  3.2566E+05    0.56
  26  1.7000E-04  3.3274E+04  4.0203E+04   0.828   30.57   30.62   0.998  3.2566E+05    0.56
  27  2.2000E-04  2.7918E+04  3.5806E+04   0.780   36.66   36.71   0.999  3.2565E+05    0.56
  28  2.8000E-04  4.5356E+04  5.5186E+04   0.822   30.05   30.08   0.999  3.2565E+05    0.56
  29  3.6000E-04  4.4372E+04  5.2550E+04   0.844   28.05   28.07   0.999  3.2565E+05    0.56
  30  4.5000E-04  1.9461E+04  2.5546E+04   0.762   47.67   47.70   0.999  3.2565E+05    0.56
  31  5.7500E-04  1.7371E+04  1.9788E+04   0.878   28.29   28.30   0.999  3.2564E+05    0.56
  32  7.6000E-04  3.3034E+04  3.8580E+04   0.856   39.87   39.88   1.000  3.2564E+05    0.56
  33  9.6000E-04  1.2157E+04  1.3462E+04   0.903   33.62   33.63   1.000  3.2563E+05    0.56
  34  1.2750E-03  6.8895E+03  7.5336E+03   0.914   39.18   39.19   1.000  3.2563E+05    0.56
  35  1.6000E-03  4.9055E+03  5.1699E+03   0.949   34.10   34.10   1.000  3.2563E+05    0.56
  36  2.0000E-03  7.7888E+03  8.0974E+03   0.962   44.32   44.32   1.000  3.2563E+05    0.56
  37  2.7000E-03  5.3884E+03  5.4431E+03   0.990   40.22   40.22   1.000  3.2562E+05    0.56
  38  3.4000E-03  4.3923E+03  4.3424E+03   1.011   36.03   36.03   1.000  3.2562E+05    0.56
  39  4.5000E-03  8.7767E+03  8.5264E+03   1.029   34.91   34.91   1.000  3.2561E+05    0.56
  40  5.5000E-03  2.9123E+03  2.8260E+03   1.031   23.00   23.01   1.000  3.2560E+05    0.56
  41  7.2000E-03  3.4240E+03  3.1987E+03   1.070   40.46   40.46   1.000  3.2560E+05    0.56
  42  9.2000E-03  3.9921E+03  3.8181E+03   1.046   21.29   21.30   1.000  3.2559E+05    0.56
  43  1.2000E-02  2.7660E+03  2.6053E+03   1.062   25.02   25.02   1.000  3.2558E+05    0.56
  44  1.5000E-02  4.4217E+03  4.0264E+03   1.098   35.83   35.83   1.000  3.2557E+05    0.56
  45  1.9000E-02  3.5534E+03  3.3527E+03   1.060   19.94   19.95   1.000  3.2555E+05    0.56
  46  2.5500E-02  2.4464E+03  2.2978E+03   1.065   20.18   20.19   1.000  3.2553E+05    0.56
  47  3.2000E-02  1.6449E+03  1.5254E+03   1.078   23.23   23.24   1.000  3.2551E+05    0.56
  48  4.0000E-02  3.0800E+03  2.9158E+03   1.056   15.99   15.99   1.000  3.2550E+05    0.56
  49  5.2500E-02  3.1295E+03  2.9671E+03   1.055   15.03   15.03   1.000  3.2546E+05    0.56
  50  6.6000E-02  3.6068E+03  3.4499E+03   1.045   12.12   12.12   1.000  3.2542E+05    0.56
  51  8.8000E-02  4.4261E+03  4.2447E+03   1.043   11.10   11.10   1.000  3.2534E+05    0.56
  52  1.1000E-01  4.2053E+03  4.0382E+03   1.041   10.49   10.49   1.000  3.2524E+05    0.56
  53  1.3500E-01  4.5061E+03  4.3236E+03   1.042   10.45   10.45   1.000  3.2514E+05    0.56
  54  1.6000E-01  4.7403E+03  4.5860E+03   1.034    8.06    8.07   1.000  3.2503E+05    0.56
  55  1.9000E-01  5.3646E+03  5.1492E+03   1.042    9.76    9.76   1.000  3.2488E+05    0.56
  56  2.2000E-01  5.2910E+03  5.1350E+03   1.030    6.79    6.79   1.000  3.2472E+05    0.56
  57  2.5500E-01  6.2389E+03  6.0134E+03   1.037    8.05    8.06   1.000  3.2454E+05    0.56
  58  2.9000E-01  5.1997E+03  5.0230E+03   1.035    7.17    7.18   1.000  3.2432E+05    0.56
  59  3.2000E-01  5.4232E+03  5.2623E+03   1.031    5.88    5.88   0.999  3.2416E+05    0.56
  60  3.6000E-01  6.4780E+03  6.2550E+03   1.036    6.46    6.46   0.999  3.2395E+05    0.56
  61  4.0000E-01  7.3663E+03  7.1249E+03   1.034    5.73    5.73   0.999  3.2369E+05    0.56
  62  4.5000E-01  7.2460E+03  7.0230E+03   1.032    4.99    5.00   0.999  3.2332E+05    0.56
  63  5.0000E-01  7.5197E+03  7.2515E+03   1.037    5.41    5.41   0.999  3.2296E+05    0.56
  64  5.5000E-01  7.8061E+03  7.5222E+03   1.038    5.12    5.12   0.999  3.2258E+05    0.56
  65  6.0000E-01  7.3158E+03  7.0671E+03   1.035    4.42    4.43   0.999  3.2219E+05    0.56
  66  6.6000E-01  7.5044E+03  7.2180E+03   1.040    4.64    4.65   0.999  3.2175E+05    0.56
  67  7.2000E-01  8.0675E+03  7.6957E+03   1.048    5.28    5.28   0.999  3.2130E+05    0.56
  68  7.8000E-01  7.5206E+03  7.2092E+03   1.043    4.41    4.42   0.998  3.2082E+05    0.56
  69  8.4000E-01  7.4989E+03  7.1882E+03   1.043    4.15    4.16   0.998  3.2037E+05    0.56
  70  9.2000E-01  7.7078E+03  7.3897E+03   1.043    3.91    3.92   0.997  3.1977E+05    0.56
  71  1.0000E+00  7.9524E+03  7.7242E+03   1.030    2.56    2.57   0.995  3.1915E+05    0.55
  72  1.2000E+00  8.1010E+03  7.8827E+03   1.028    2.30    2.31   0.994  3.1756E+05    0.55
  73  1.4000E+00  7.9012E+03  7.6829E+03   1.028    2.28    2.30   0.993  3.1594E+05    0.55
  74  1.6000E+00  7.7628E+03  7.5457E+03   1.029    2.25    2.27   0.993  3.1436E+05    0.55
  75  1.8000E+00  7.8683E+03  7.6606E+03   1.027    2.08    2.10   0.991  3.1281E+05    0.55
  76  2.0000E+00  7.9967E+03  7.8202E+03   1.023    1.72    1.74   0.988  3.1123E+05    0.55
  77  2.3000E+00  8.3119E+03  8.1427E+03   1.021    1.59    1.61   0.986  3.0883E+05    0.55
  78  2.6000E+00  8.5657E+03  8.4108E+03   1.018    1.42    1.45   0.983  3.0634E+05    0.55
  79  2.9000E+00  9.0492E+03  8.9128E+03   1.015    1.22    1.24   0.978  3.0377E+05    0.54
  80  3.3000E+00  9.7748E+03  9.6491E+03   1.013    1.08    1.11   0.973  3.0015E+05    0.54
  81  3.7000E+00  9.6442E+03  9.5317E+03   1.012    1.02    1.06   0.969  2.9624E+05    0.54
  82  4.1000E+00  1.0379E+04  1.0267E+04   1.011    1.00    1.04   0.966  2.9238E+05    0.54
  83  4.5000E+00  1.1574E+04  1.1480E+04   1.008    0.83    0.87   0.956  2.8823E+05    0.54
  84  5.0000E+00  1.4022E+04  1.3930E+04   1.007    0.76    0.80   0.949  2.8244E+05    0.54
  85  5.5000E+00  1.6690E+04  1.6602E+04   1.005    0.70    0.74   0.942  2.7543E+05    0.54
  86  6.0000E+00  2.0502E+04  2.0429E+04   1.004    0.60    0.64   0.931  2.6709E+05    0.54
  87  6.7000E+00  2.3806E+04  2.3739E+04   1.003    0.58    0.62   0.926  2.5274E+05    0.54
  88  7.4000E+00  2.6641E+04  2.6587E+04   1.002    0.55    0.59   0.922  2.3607E+05    0.54
  89  8.2000E+00  2.9004E+04  2.8963E+04   1.001    0.54    0.59   0.919  2.1476E+05    0.54
  90  9.0000E+00  2.9237E+04  2.9212E+04   1.001    0.52    0.57   0.916  1.9156E+05    0.55
  91  1.0000E+01  2.7175E+04  2.7166E+04   1.000    0.52    0.57   0.914  1.6232E+05    0.57
  92  1.1000E+01  2.4571E+04  2.4579E+04   1.000    0.53    0.58   0.912  1.3514E+05    0.59
  93  1.2000E+01  2.0762E+04  2.0783E+04   0.999    0.54    0.59   0.911  1.1057E+05    0.61
  94  1.3000E+01  1.7582E+04  1.7615E+04   0.998    0.56    0.61   0.910  8.9811E+04    0.65
  95  1.4000E+01  1.3820E+04  1.3859E+04   0.997    0.58    0.63   0.910  7.2228E+04    0.69
  96  1.5000E+01  1.1122E+04  1.1167E+04   0.996    0.61    0.67   0.912  5.8408E+04    0.74
  97  1.6000E+01  8.5475E+03  8.5938E+03   0.995    0.65    0.71   0.914  4.7286E+04    0.80
  98  1.7000E+01  6.6295E+03  6.6759E+03   0.993    0.70    0.76   0.918  3.8738E+04    0.87
  99  1.8000E+01  4.9271E+03  4.9703E+03   0.991    0.76    0.82   0.923  3.2109E+04    0.94
 100  1.9000E+01  3.4513E+03  3.4896E+03   0.989    0.85    0.92   0.929  2.7182E+04    1.01
 101  2.0000E+01  2.8757E+03  2.9120E+03   0.988    0.91    0.98   0.934  2.3731E+04    1.07
 102  2.1000E+01  2.4115E+03  2.4456E+03   0.986    0.98    1.05   0.939  2.0855E+04    1.12
 103  2.2000E+01  2.0468E+03  2.0784E+03   0.985    1.06    1.12   0.944  1.8443E+04    1.17
 104  2.3000E+01  1.7523E+03  1.7812E+03   0.984    1.13    1.19   0.949  1.6396E+04    1.22
 105  2.4000E+01  1.5653E+03  1.5919E+03   0.983    1.19    1.24   0.954  1.4644E+04    1.26
 106  2.5000E+01  1.4280E+03  1.4526E+03   0.983    1.25    1.30   0.958  1.3079E+04    1.30
 107  2.6000E+01  1.3758E+03  1.3987E+03   0.984    1.27    1.32   0.962  1.1651E+04    1.34
 108  2.7000E+01  1.3400E+03  1.3613E+03   0.984    1.29    1.34   0.965  1.0275E+04    1.38
 109  2.8000E+01  1.2903E+03  1.3096E+03   0.985    1.31    1.36   0.969  8.9351E+03    1.42
 110  2.9000E+01  1.3092E+03  1.3272E+03   0.986    1.32    1.36   0.972  7.6448E+03    1.46
 111  3.0000E+01  1.2930E+03  1.3092E+03   0.988    1.32    1.36   0.974  6.3356E+03    1.52
 112  3.1000E+01  1.2339E+03  1.2483E+03   0.988    1.36    1.39   0.977  5.0426E+03    1.60
 113  3.2000E+01  1.1740E+03  1.1864E+03   0.990    1.38    1.41   0.980  3.8087E+03    1.70
 114  3.3000E+01  9.8528E+02  9.9535E+02   0.990    1.50    1.52   0.983  2.6347E+03    1.87
 115  3.4000E+01  7.4650E+02  7.5427E+02   0.990    1.71    1.73   0.987  1.6494E+03    2.11
 116  3.5000E+01  5.2341E+02  5.2910E+02   0.989    2.02    2.04   0.990  9.0288E+02    2.47
 117  3.6000E+01  3.0427E+02  3.0804E+02   0.988    2.62    2.64   0.994  3.7947E+02    3.12
 118  3.7000E+01  7.5202E+01  7.6860E+01   0.978    5.20    5.21   0.997  7.5202E+01    5.20
      3.8000E+01

  INTEGRALS OF SPECTRA
    OLD SPECTRUM   3.2537E+05   ±    0.616 %
    NEW SPECTRUM   3.2624E+05   ±    0.565 %

  SUMMARY OF BROAD-GROUP FLUXES, FLUENCES, AND UNCERTAINTIES

    IRRAD TIME [S] = 7.86600000E+03   ACT NORM =  1.00000000E+00

       ENERGY       FLUX       FLUENCE      STDEV %
      thermal    4.3675E+02  3.4354E+06  ±   6.95     (0.100 meV – 0.550  eV)
     epithermal  5.5766E+02  4.3866E+06  ±  12.96     (0.550  eV – 110.0 keV)
        fast     3.2524E+05  2.5584E+09  ±   0.53     (110.0 keV –  20.0 MeV)
        fast     3.1915E+05  2.5104E+09  ±   0.52     (  1.0 MeV –  20.0 MeV)
        high     2.3731E+04  1.8666E+08  ±   1.07     ( 20.0 MeV –  60.0 MeV)

    MINI-SPECTRUM

       ENERGY       FLUX       FLUENCE      STDEV %
     1.0000E-10  5.3112E+02  4.1778E+06  ±   7.97
     9.2000E-06  7.3832E+01  5.8076E+05  ±  25.99
     9.6000E-04  4.2662E+01  3.3558E+05  ±  34.32
     9.2000E-03  2.4942E+02  1.9619E+06  ±  16.53
     8.8000E-02  1.3948E+03  1.0971E+07  ±   7.78
     3.6000E-01  4.1804E+03  3.2883E+07  ±   4.60
     9.2000E-01  1.0933E+04  8.5997E+07  ±   2.18
     2.3000E+00  1.4651E+05  1.1525E+09  ±   0.60
     1.0000E+01  1.4767E+05  1.1616E+09  ±   0.56
     2.4000E+01  1.4644E+04  1.1519E+08  ±   1.26
     6.0000E+01

       TOTAL     3.2624E+05  2.5662E+09  ±   0.56

    RELATIVE COVARIANCES (10×10)
     1000   210   -35   -27   -24   -26   -16    27    39    18
     1000   314    39     2     1     3    13    14     6
     1000   512    87     4     3    10    11     5
     1000   585    88     8    21    22    10
     1000   498    79    46    47    20
     1000   578   124    77    34
     1000   413   169    69
     1000   774   251
     1000   395
     1000

  SPECTRAL-AVERAGED REACTION RATES (for all cross section library reactions)

        REACTIONS        SIG-PHI      <SIG>          REACTIONS        SIG-PHI      <SIG>          REACTIONS        SIG-PHI      <SIG>  
   ------------------  ----------  ----------   ------------------  ----------  ----------   ------------------  ----------  ----------
   LI6(N,A)T           1.0137E-18  3.1071E-24   FE58(N,G)FE59       1.6496E-21  5.0564E-27   IN115(N,N')IN115M   6.6287E-20  2.0318E-25
   B10(N,A)LI7         4.0600E-18  1.2445E-23   CO59(N,2N)CO58      7.1909E-20  2.2042E-25   IN115(N,2N)IN114M   1.5400E-19  4.7204E-25
   F19(N,2N)F18        5.0905E-21  1.5604E-26   CO59(N,3N)CO57      4.3414E-21  1.3308E-26   IN115(N,G)IN116M    2.4084E-19  7.3823E-25
   NA23(N,2N)NA22      5.3451E-21  1.6384E-26   CO59(N,G)CO60       4.0133E-20  1.2302E-25   I127(N,2N)I126      1.7422E-19  5.3404E-25
   NA23(N,G)NA24       6.1632E-22  1.8892E-27   CO59(N,P)FE59       1.0333E-20  3.1672E-26   LA139(N,G)LA140     1.0066E-20  3.0853E-26
   MG24(N,P)NA24       3.2865E-20  1.0074E-25   CO59(N,A)MN56       4.4044E-21  1.3501E-26   PR141(N,2N)PR140    1.9295E-19  5.9144E-25
   AL27(N,P)MG27       2.0472E-20  6.2750E-26   NI58(N,2N)NI57      4.3446E-21  1.3317E-26   TM169(N,2N)TM168    2.8071E-19  8.6044E-25
   AL27(N,A)NA24       1.9528E-20  5.9858E-26   NI58(N,P)CO58       1.4433E-19  4.4241E-25   TM169(N,3N)TM167    3.8926E-20  1.1932E-25
   SI28(N,P)AL28       5.6591E-20  1.7346E-25   NI60(N,P)CO60       2.6277E-20  8.0546E-26   TA181(N,G)TA182     4.1020E-20  1.2574E-25
   P31(N,P)SI31        3.5149E-20  1.0774E-25   CU63(N,2N)CU62      5.1266E-20  1.5714E-25   W186(N,G)W187       4.8053E-20  1.4729E-25
   S32(N,P)P32         8.7332E-20  2.6769E-25   CU63(N,G)CU64       5.9301E-21  1.8177E-26   AU197(N,2N)AU196    2.7842E-19  8.5344E-25
   TI46(N,2N)TI45      1.0345E-20  3.1711E-26   CU63(N,A)CO60       7.5573E-21  2.3165E-26   AU197(N,G)AU198     1.4876E-19  4.5597E-25
   TI46(N,P)SC46       6.3351E-20  1.9419E-25   CU65(N,2N)CU64      9.3220E-20  2.8574E-25   HG199(N,N')HG199M   1.4287E-19  4.3795E-25
   TI47(N,P)SC47       3.1558E-20  9.6733E-26   ZN64(N,P)CU64       5.8845E-20  1.8037E-25   PB204(N,N')PB204M   4.4651E-20  1.3687E-25
   TI47(N,X)SC46       1.2004E-20  3.6796E-26   ZN67(N,P)CU67       6.0460E-21  1.8533E-26   BI209(N,3N)BI207    4.5687E-20  1.4004E-25
   TI48(N,P)SC48       9.1914E-21  2.8174E-26   AS75(N,2N)AS74      1.0100E-19  3.0958E-25   TH232(N,FISSION)    1.0841E-19  3.3231E-25
   TI48(N,X)SC47       6.1798E-21  1.8942E-26   Y89(N,2N)Y88        9.0299E-20  2.7679E-25   TH232(N,G)TH233     1.1742E-20  3.5993E-26
   TI49(N,X)SC48       3.9540E-21  1.2120E-26   ZR90(N,2N)ZR89      7.5742E-20  2.3217E-25   U235(N,FISSION)     1.1926E-18  3.6556E-24
   V51(N,A)SC48        2.0581E-21  6.3086E-27   NB93(N,G)NB94       2.0741E-21  6.3576E-27   U235(N,G)U236       1.2461E-19  3.8196E-25
   CR52(N,2N)CR51      3.9015E-20  1.1959E-25   NB93(N,N')NB93M     4.6112E-20  1.4134E-25   U238(N,2N)U237      2.5856E-19  7.9256E-25
   MN55(N,2N)MN54      7.3972E-20  2.2674E-25   NB93(N,2N)NB92M     5.6316E-20  1.7262E-25   U238(N,FISSION)     3.1773E-19  9.7392E-25
   MN55(N,G)MN56       1.4223E-20  4.3597E-26   MO92(N,P)NB92M      2.3498E-20  7.2026E-26   U238(N,G)U239       1.3119E-20  4.0214E-26
   FE54(N,2N)FE53      3.8823E-21  1.1900E-26   RH103(N,N')RH103M   2.6042E-19  7.9824E-25   NP237(N,FISSION)    6.4019E-19  1.9623E-24
   FE54(N,P)MN54       1.2063E-19  3.6977E-25   AG109(N,G)AG110M    6.7081E-21  2.0562E-26   PU239(N,FISSION)    1.6099E-18  4.9348E-24
   FE54(N,A)CR51       1.4315E-20  4.3878E-26   IN113(N,N')IN113M   5.5296E-20  1.6949E-25   AM241(N,FISSION)    7.4115E-19  2.2718E-24
   FE56(N,P)MN56       1.8840E-20  5.7749E-26   IN113(N,G)IN114M    1.9211E-20  5.8886E-26   SC45(N,G)SC46       2.8843E-20  8.8412E-26

  INPUT FLUX REL. CORRELATION MATRIX (by row from diagonal)
   1   1000   990   961   913   852   778   697   613   527   445   368   298   237   185   141   105    77    56    39    27
         18    12     8     5     3     2     1     1     0     0     0     0     0     0     0     0     0     0     0     0
          0     0     0     0     0     0     0     0     0     0     0     0     0     0     0     0     0     0     0     0
          0     1     0     0     1     1     0     1     1     1     1     1     1     1     1     1     2     2     2     2
          2     2     3     3     3     4     4     4     4     4     4     4     4     4     4     4     4     3     3     3
          3     2     2     2     2     2     2     2     2     2     2     2     2     2     1     1     1     0     5     5
          5     5     5     5     5     5     5     5     5     5     5     5     5     5     5     5     5     5     5     5

  OUTPUT FLUX REL. CORRELATION MATRIX (by row from diagonal)
   1   1000   764   289   -37  -239  -376  -477  -554  -611  -654  -682  -698  -703  -698  -684  -662  -633  -598  -558  -515
       -469  -422  -376  -331  -289  -250  -216  -185  -159  -136  -118  -102   -89   -77   -68   -60   -54   -48   -43   -39
        -36   -33   -30   -28   -26   -25   -24   -23   -22   -21   -21   -21   -20   -20   -20   -20   -20   -19   -19   -19
        -19   -19   -18   -18   -18   -17   -17   -16   -16   -15   -14   -14   -13   -12   -10    -9    -8    -7    -5    -4
         -3    -1     0     0     1     0     1     1     2     1     2     3     3     4     5     6     7     7     8     8
          8     7     7     6     6     5     4     4     3     3     2     2     1     1     1     1     1     1    -5    -5
         -5    -5    -5    -5    -5    -5    -5    -5    -5    -5    -5    -5    -5    -5    -5    -5    -5    -5    -5    -5
   2   1000   835   600   404   243    98   -34  -153  -259  -352  -430  -491  -537  -566  -579  -579  -565  -542  -509  -471
       -428  -383  -339  -297  -258  -222  -191  -164  -141  -121  -105   -92   -81   -72   -64   -58   -52   -47   -43   -40
        -37   -34   -33   -30   -29   -28   -27   -26   -25   -24   -24   -24   -22   -23   -22   -22   -22   -21   -21   -20
        -20   -20   -20   -19   -19   -19   -18   -17   -16   -10    -8    -7    -5    -2     2     6    10    16    22    26
         28    37    43    47    56    59    63    64    66    67    67    66    65    64    62    59    56    52    47    44
         41    39    36    34    32    31    30    29    28    28    27    26    24    21    18    14     7    68    68    68
         68    68    68    68    68    68    68    68    68    68    68    68    68    68    68    68    68    68    68
   3   1000   939   832   717   594   467   341   219   102    -4   -97  -176  -238  -284  -314  -330  -333  -325  -310  -287
       -261  -234  -207  -180  -156  -134  -115  -100   -86   -75   -66   -58   -52   -47   -43   -39   -36   -33   -31   -29
        -28   -27   -25   -24   -24   -22   -22   -21   -20   -20   -20   -19   -20   -18   -19   -18   -17   -18   -17   -17
        -17   -17   -16   -17   -18   -16   -15   -14    -8    -5    -4    -2     0     6    10    15    22    28    32    35
         46    52    58    69    73    77    79    82    82    81    81    79    77    74    70    66    61    55    52    48
         45    42    40    38    36    35    34    34    33    32    31    29    25    21    17     9    86    86    86    86
         86    86    86    86    86    86    86    86    86    86    86    86    86    86    86    86    86    86
   4   1000   970   909   825   726   619   508   396   286   186    96    18   -44   -93  -128  -151  -162  -166  -161  -152
       -140  -126  -111   -98   -85   -73   -64   -55   -48   -42   -38   -34   -32   -29   -27   -25   -23   -22   -20   -20
        -20   -18   -18   -18   -16   -16   -15   -14   -14   -14   -13   -14   -11   -13   -12   -11   -12   -11   -10   -11
        -11   -10   -11   -12   -10    -9    -8     0     2     3     5     8    15    19    25    34    42    46    49    62
         70    77    92    96   102   104   108   108   107   105   103    99    95    89    83    77    69    64    60    56
         52    49    47    46    45    44    43    43    42    41    38    33    28    22    11   118   118   118   118   118
        118   118   118   118   118   118   118   118   118   118   118   118   118   118   118   118   118
   5   1000   981   935   866   782   687   585   481   380   286   200   126    65    15   -21   -48   -65   -75   -78   -77
        -73   -67   -61   -54   -47   -42   -37   -33   -29   -27   -24   -23   -21   -20   -19   -18   -18   -17   -17   -17
        -16   -16   -16   -15   -15   -14   -14   -14   -14   -13   -14   -13   -14   -14   -13   -14   -14   -14   -14   -15
        -14   -15   -16   -15   -14   -14   -10    -8    -7    -6    -4     0     2     6    11    15    18    21    28    32
         36    43    46    48    49    51    52    51    51    50    49    47    45    43    40    36    34    31    29    27
         26    24    24    23    22    22    21    20    20    18    16    14    11     6    53    53    53    53    53    53
         53    53    53    53    53    53    53    53    53    53    53    53    53    53    53    53
   6   1000   985   944   883   808   720   625   529   434   346   265   194   134    84    45    16    -4   -18   -27   -31
        -33   -32   -30   -28   -26   -23   -21   -19   -18   -17   -16   -15   -15   -14   -13   -14   -13   -13   -13   -13
        -13   -13   -12   -12   -11   -11   -11   -11   -10   -11   -10   -11   -11   -10   -11   -11   -10   -11   -11   -11
        -11   -12   -11   -11   -10    -5    -3    -2    -1     0     5     8    12    17    23    26    28    37    42    47
         56    58    62    63    66    66    65    64    63    61    59    56    52    48    43    41    38    35    33    31
         29    29    28    27    27    27    26    25    23    20    17    13     7    70    70    70    70    70    70    70
         70    70    70    70    70    70    70    70    70    70    70    70    70    70    70
   7   1000   987   950   895   823   741   652   561   472   387   309   240   180   130    89    57    33    15     3    -4
        -10   -12   -13   -14   -14   -13   -13   -13   -12   -12   -12   -12   -11   -11   -12   -11   -11   -12   -11   -11
        -11   -11   -11   -11   -11   -11   -11   -10   -11   -10   -11   -11   -10   -11   -11   -11   -12   -12   -12   -12
        -13   -12   -12   -12    -8    -7    -6    -5    -3     0     1     5     9    13    15    17    23    27    31    37
         39    41    42    44    44    44    44    43    42    40    39    36    34    31    29    27    25    23    22    21
         20    19    19    18    18    17    17    16    14    12     9     5    46    46    46    46    46    46    46    46
         46    46    46    46    46    46    46    46    46    46    46    46    46    46
   8   1000   988   954   902   834   756   672   585   499   417   341   272   211   160   117    83    56    36    21    11
          3    -1    -4    -6    -7    -8    -8    -9    -9    -9    -9   -10   -10   -10   -10   -10   -10   -10   -10   -11
        -11   -11   -11   -11   -11   -11   -11   -11   -11   -11   -11   -12   -12   -12   -13   -13   -13   -14   -14   -15
        -14   -14   -14   -13   -12   -11   -11    -9    -7    -6    -4    -1     0     2     4     7     9    11    13    14
         15    16    16    17    17    17    18    17    17    17    16    16    15    14    13    12    11    10    10     9
          9     8     8     8     7     7     6     5     5     4     2    14    14    14    14    14    14    14    14    14
         14    14    14    14    14    14    14    14    14    14    14    14    14
   9   1000   989   957   907   843   768   688   604   520   439   363   294   233   180   136   100    71    49    32    20
         11     5     1    -1    -3    -4    -5    -6    -7    -7    -8    -8    -8    -8    -9    -9    -9    -9    -9    -9
         -9    -9   -10   -10   -10   -10   -10   -10   -10   -10   -11   -11   -11   -12   -12   -12   -13   -13   -13   -13
        -13   -13   -12   -12   -11   -10    -9    -7    -6    -4    -2     0     1     2     5     7     8    10    11    12
         13    13    14    14    14    14    14    14    14    14    13    12    12    11    10     9     9     8     8     7
          7     7     6     6     5     5     4     4     3     2    11    11    11    11    11    11    11    11    11    11
         11    11    11    11    11    11    11    11    11    11    11    11
  10   1000   989   959   911   850   778   700   617   535   454   378   308   246   192   147   109    80    56    39    25
         16     9     4     1    -1    -2    -4    -5    -5    -6    -6    -7    -7    -7    -8    -8    -8    -8    -8    -8
         -8    -8    -8    -8    -8    -8    -8    -9    -9    -9    -9    -9   -10   -10   -10   -11   -11   -12   -11   -11
        -11   -10    -9    -8    -8    -7    -5    -3    -1     0     2     4     5     8    10    12    15    16    17    18
         19    19    19    19    19    19    18    18    17    16    15    14    13    12    11    11    10    10     9     9
          8     8     8     7     7     6     5     4     2    18    18    18    18    18    18    18    18    18    18    18
         18    18    18    18    18    18    18    18    18    18    18
  11   1000   990   961   915   856   786   708   627   544   463   387   316   253   198   152   114    83    60    41    28
         18    11     5     2     0    -1    -3    -4    -4    -5    -5    -6    -6    -6    -6    -7    -7    -7    -7    -7
         -7    -7    -7    -7    -7    -7    -7    -7    -7    -8    -8    -8    -9    -9    -9   -10   -10   -10   -10   -10
         -8    -7    -7    -6    -5    -3    -2     0     1     3     5     6     9    11    13    15    17    18    18    19
         19    19    19    19    19    18    18    17    16    15    14    13    12    11    10    10     9     9     9     8
          8     8     7     7     6     5     4     2    18    18    18    18    18    18    18    18    18    18    18    18
         18    18    18    18    18    18    18    18    18    18
  12   1000   990   962   918   860   791   714   632   549   467   390   319   255   200   153   115    84    60    42    28
         18    11     6     2     0    -1    -2    -3    -4    -4    -5    -5    -5    -6    -6    -6    -6    -6    -6    -6
         -6    -6    -6    -6    -6    -6    -7    -7    -7    -7    -7    -8    -8    -8    -9    -9    -9    -9    -9    -8
         -7    -7    -6    -5    -4    -2    -1     0     2     3     4     7     8    10    12    13    14    14    15    15
         15    15    15    15    15    14    13    13    12    11    10    10     9     8     8     7     7     7     7     6
          6     6     5     5     4     3     2    14    14    14    14    14    14    14    14    14    14    14    14    14
         14    14    14    14    14    14    14    14    14
  13   1000   991   963   919   862   793   716   634   550   468   390   318   254   199   152   114    84    60    42    28
         18    11     6     3     0    -1    -2    -2    -3    -4    -4    -4    -4    -5    -5    -5    -5    -5    -5    -5
         -5    -5    -5    -5    -5    -5    -5    -6    -6    -6    -6    -6    -6    -7    -7    -7    -7    -7    -6    -5
         -5    -4    -3    -2    -1     0     1     3     4     5     8    10    11    13    14    15    16    16    16    16
         16    16    16    16    15    14    13    12    11    11    10     9     9     8     8     8     7     7     7     7
          6     6     5     4     3     2    16    16    16    16    16    16    16    16    16    16    16    16    16    16
         16    16    16    16    16    16    16    16
  14   1000   991   964   920   863   794   716   633   548   466   387   315   252   197   150   113    82    59    41    28
         18    11     6     3     0     0    -1    -2    -3    -3    -3    -4    -4    -4    -4    -4    -4    -4    -4    -4
         -4    -4    -4    -4    -4    -4    -4    -5    -5    -5    -5    -5    -5    -6    -6    -6    -5    -4    -4    -3
         -3    -2    -1     0     0     2     4     5     6     8     9    11    13    14    15    15    16    16    16    16
         16    15    15    14    13    12    11    11    10     9     9     8     8     7     7     7     7     7     6     6
          6     5     4     3     2    16    16    16    16    16    16    16    16    16    16    16    16    16    16    16
         16    16    16    16    16    16    16
  15   1000   991   964   920   862   792   714   630   545   462   383   312   248   194   148   111    81    58    40    27
         18    11     6     3     1     0    -1    -2    -2    -3    -3    -3    -3    -3    -3    -3    -3    -3    -3    -3
         -3    -3    -3    -3    -3    -3    -3    -3    -4    -4    -4    -4    -4    -4    -4    -4    -3    -2    -2    -2
         -1     0     0     1     3     4     5     6     8     9    10    13    13    14    15    15    15    15    15    15
         14    14    13    13    12    11    10     9     9     8     8     7     7     7     6     6     6     6     6     5
          5     4     3     2    16    16    16    16    16    16    16    16    16    16    16    16    16    16    16    16
         16    16    16    16    16    16
  16   1000   991   964   920   861   790   711   626   541   458   379   308   245   191   146   109    79    57    39    27
         17    11     6     3     1     0     0    -1    -2    -2    -2    -2    -2    -2    -2    -2    -2    -2    -2    -2
         -2    -2    -2    -2    -2    -2    -2    -3    -3    -3    -3    -3    -3    -3    -3    -2    -1    -1    -1     0
          0     1     2     3     4     5     6     7     9    10    12    12    13    14    14    14    14    14    14    13
         13    12    11    11    10     9     8     8     7     7     7     6     6     6     6     6     6     5     5     4
          4     3     2    15    15    15    15    15    15    15    15    15    15    15    15    15    15    15    15    15
         15    15    15    15    15
  17   1000   991   963   919   859   788   707   623   537   454   376   305   242   188   144   107    78    56    39    26
         17    11     6     3     1     0     0    -1    -1    -1    -1    -1    -1    -1    -1    -1    -1    -1    -1    -1
         -1    -1    -1    -2    -2    -2    -2    -2    -2    -2    -2    -2    -2    -2    -1    -1     0     0     0     0
          1     2     3     4     4     5     6     7     8    10    11    11    11    12    12    12    12    12    11    11
         10    10     9     8     8     7     7     6     6     5     5     5     5     5     5     5     5     4     4     3
          2     1    13    13    13    13    13    13    13    13    13    13    13    13    13    13    13    13    13    13
         13    13    13    13
  18   1000   991   963   918   857   785   704   619   534   450   373   302   240   187   142   106    78    55    39    26
         17    11     7     3     2     0     0     0     0    -1    -1    -1    -1    -1     0    -1     0    -1     0     0
          0     0     0     0     0     0     0     0     0    -1     0     0     0     0     0     1     1     1     2     3
          4     5     6     7     7     9    10    11    14    14    15    15    16    16    16    15    15    14    14    13
         12    11    10     9     9     8     7     7     7     7     6     6     6     6     6     6     6     5     4     3
          2    17    17    17    17    17    17    17    17    17    17    17    17    17    17    17    17    17    17    17
         17    17    17
  19   1000   990   962   916   856   783   702   617   531   448   371   300   238   185   141   105    77    55    38    26
         17    11     7     4     2     1     0     0     0     0     0     0     0     0     0     0     0     0     0     0
          0     0     0     0     0     0     0     0     0     0     0     0     1     1     1     1     2     2     3     4
          5     6     6     7     8     9    10    12    13    13    14    14    14    14    14    13    13    12    11    11
         10     9     8     8     7     7     6     6     6     6     6     6     6     5     5     5     4     4     3     1
         16    16    16    16    16    16    16    16    16    16    16    16    16    16    16    16    16    16    16    16
         16    16
  20   1000   990   962   916   854   781   700   615   529   446   369   299   237   185   141   105    77    55    38    26
         18    11     7     4     2     1     0     0     0     0     0     0     0     0     0     0     0     0     0     0
          0     0     0     0     0     0     0     0     0     0     1     2     2     2     2     3     4     4     5     6
          7     7     8     9    11    12    14    14    15    15    16    16    15    15    15    14    13    13    12    11
          9     9     8     8     7     7     6     6     6     6     6     6     6     6     5     5     4     3     2    18
         18    18    18    18    18    18    18    18    18    18    18    18    18    18    18    18    18    18    18    18
         18
  21   1000   990   961   915   853   780   699   614   528   445   368   298   237   184   141   105    77    55    39    26
         18    12     7     4     3     1     1     0     0     0     0     0     0     0     0     0     0     0     0     0
          0     0     0     0     0     0     0     0     0     1     1     2     2     2     2     3     3     3     4     5
          5     5     6     7     8     9     9    10    10    10    10    10    10    10     9     9     8     8     7     6
          6     5     5     5     4     4     4     4     4     4     4     4     4     4     3     3     2     1    12    12
         12    12    12    12    12    12    12    12    12    12    12    12    12    12    12    12    12    12    12    12
  22   1000   990   961   914   853   779   698   613   527   445   368   298   237   184   140   105    77    55    39    27
         18    12     8     5     3     2     1     1     1     1     0     0     1     0     1     1     1     1     1     1
          1     1     1     1     1     1     1     2     2     3     3     3     3     3     4     5     5     6     7     7
          7     9    10    11    13    13    14    14    15    15    14    14    14    13    12    11    11    10     8     8
          7     7     6     6     6     6     6     6     6     6     6     5     5     4     4     3     1    17    17    17
         17    17    17    17    17    17    17    17    17    17    17    17    17    17    17    17    17    17    17
  23   1000   990   961   914   852   779   698   613   527   445   368   298   237   184   141   105    77    55    39    27
         18    12     8     5     3     2     1     1     1     1     1     1     1     1     1     1     1     1     1     2
          1     2     2     2     1     2     2     2     3     3     3     3     4     4     5     5     6     7     7     7
          9    10    11    13    13    14    14    14    14    14    14    13    13    12    11    10     9     8     8     7
          7     6     6     6     6     5     5     5     6     5     5     5     4     4     3     1    17    17    17    17
         17    17    17    17    17    17    17    17    17    17    17    17    17    17    17    17    17    17
  24   1000   990   961   914   852   779   698   613   527   445   368   298   237   184   141   105    77    55    39    27
         18    12     8     5     4     2     2     1     1     1     1     1     1     1     1     1     1     1     2     1
          2     2     2     2     2     2     2     3     3     3     3     3     4     4     5     6     6     7     7     8
          9     9    11    12    12    12    13    13    12    12    12    11    11    10     9     8     7     7     6     6
          5     5     5     5     5     5     5     5     5     5     4     4     3     2     1    15    15    15    15    15
         15    15    15    15    15    15    15    15    15    15    15    15    15    15    15    15    15
  25   1000   990   961   914   852   779   698   613   527   445   368   298   237   184   141   106    77    56    39    27
         19    13     8     6     4     3     2     1     1     1     1     1     1     1     1     1     1     2     2     2
          2     2     2     2     2     2     3     3     3     3     4     4     4     5     6     6     6     7     8     9
          9    11    11    12    12    13    12    12    12    11    11    10    10     9     8     7     6     6     6     5
          5     5     5     5     5     5     5     5     5     4     4     3     2     1    15    15    15    15    15    15
         15    15    15    15    15    15    15    15    15    15    15    15    15    15    15    15
  26   1000   990   961   914   852   779   698   613   527   445   368   298   237   185   141   106    78    56    39    27
         19    13     8     6     4     3     2     2     1     1     1     1     1     2     1     2     2     2     2     2
          2     2     2     2     2     3     4     4     4     4     4     5     5     6     6     7     7     8     9    10
         11    12    12    12    13    13    12    12    12    11    11    10     9     8     7     7     6     6     5     5
          5     5     5     5     5     5     5     5     4     4     3     2     1    15    15    15    15    15    15    15
         15    15    15    15    15    15    15    15    15    15    15    15    15    15    15
  27   1000   990   961   914   852   779   698   613   527   445   368   298   237   185   141   106    78    56    40    27
         19    13     8     6     4     3     2     2     1     1     1     1     1     1     1     2     2     2     2     2
          2     2     2     2     3     3     3     3     3     4     4     4     5     5     6     6     7     7     8     9
         10    10    10    11    11    10    10    10     9     9     8     7     7     6     5     5     5     4     4     4
          4     4     4     4     4     4     4     4     3     3     2     1    13    13    13    13    13    13    13    13
         13    13    13    13    13    13    13    13    13    13    13    13    13    13
  28   1000   990   961   914   852   779   698   613   527   445   368   298   237   185   141   106    78    56    40    28
         19    13     9     6     4     3     2     2     2     1     1     2     1     2     2     2     2     2     2     2
          2     2     2     3     4     4     4     4     4     5     5     6     7     7     7     8     9    10    12    12
         13    13    13    13    13    12    12    11    11    10     9     8     7     7     6     6     5     5     5     5
          5     5     5     5     5     5     4     4     3     3     1    15    15    15    15    15    15    15    15    15
         15    15    15    15    15    15    15    15    15    15    15    15    15
  29   1000   990   961   914   852   779   698   613   527   445   368   299   237   185   141   106    78    56    40    28
         19    13     9     6     4     3     2     2     2     2     2     2     2     2     2     2     2     2     2     2
          2     2     3     4     4     4     4     5     5     5     6     7     7     7     9    10    10    12    13    13
         14    14    14    14    13    13    12    12    11    10     9     8     7     7     6     6     6     5     5     5
          5     5     5     5     5     5     4     4     3     1    17    17    17    17    17    17    17    17    17    17
         17    17    17    17    17    17    17    17    17    17    17    17
  30   1000   990   961   914   852   779   698   613   527   445   368   298   237   185   141   106    78    56    40    28
         19    13     9     6     4     3     2     2     1     1     1     1     1     1     1     1     1     1     1     2
          2     2     2     2     2     2     3     3     3     4     4     4     4     5     6     6     7     7     8     8
          8     8     8     8     8     7     7     6     6     5     5     4     4     4     3     3     3     3     3     3
          3     3     3     3     3     2     2     2     1    10    10    10    10    10    10    10    10    10    10    10
         10    10    10    10    10    10    10    10    10    10    10
  31   1000   990   961   914   852   779   698   613   528   445   368   299   237   185   141   106    78    56    40    28
         19    13     9     6     4     3     2     2     2     2     2     2     2     2     2     2     2     2     2     2
          3     4     4     4     4     5     5     5     6     7     7     7     9    10    10    12    13    13    14    14
         14    14    13    13    12    12    11    10     9     8     7     7     6     6     6     5     5     5     5     5
          5     5     5     5     4     4     3     1    16    16    16    16    16    16    16    16    16    16    16    16
         16    16    16    16    16    16    16    16    16    16
  32   1000   990   961   914   852   779   698   613   527   445   368   298   237   185   141   106    78    56    40    28
         19    13     9     6     4     3     2     2     1     1     1     1     1     2     1     1     2     2     2     2
          3     3     3     3     3     4     4     4     5     5     5     6     7     7     9     9    10    10    10    10
         10     9     9     9     8     8     7     6     6     5     5     4     4     4     4     4     4     4     4     4
          4     4     3     3     3     2     1    12    12    12    12    12    12    12    12    12    12    12    12    12
         12    12    12    12    12    12    12    12    12
  33   1000   990   961   914   852   779   698   613   527   445   368   298   237   185   141   106    78    56    40    28
         19    13     9     6     4     3     2     2     2     2     2     1     2     2     1     2     2     2     3     3
          3     3     3     4     4     4     5     6     6     6     7     8     9    10    11    11    11    12    12    12
         11    11    10    10     9     8     8     7     6     6     5     5     5     5     4     4     4     4     5     4
          4     4     4     3     2     1    14    14    14    14    14    14    14    14    14    14    14    14    14    14
         14    14    14    14    14    14    14    14
  34   1000   990   961   914   852   779   698   613   527   445   368   298   237   185   141   106    78    56    40    28
         19    13     9     6     4     3     2     2     2     1     1     1     1     1     1     2     2     2     3     3
          3     3     3     3     4     4     5     5     5     6     7     7     9     9    10    10    10    10    10    10
          9     9     8     8     7     7     6     5     5     5     4     4     4     4     4     4     4     4     4     4
          3     3     3     2     1    12    12    12    12    12    12    12    12    12    12    12    12    12    12    12
         12    12    12    12    12    12    12
  35   1000   990   961   914   852   779   698   613   527   445   368   298   237   185   141   106    78    56    40    28
         19    13     9     6     4     3     2     2     2     2     2     1     1     2     2     2     3     3     3     3
          3     4     4     4     5     6     6     6     7     8     9    10    11    11    11    12    12    11    11    11
         10    10     9     8     8     7     6     6     5     5     5     4     4     4     4     4     4     4     4     4
          4     3     2     1    14    14    14    14    14    14    14    14    14    14    14    14    14    14    14    14
         14    14    14    14    14    14
  36   1000   990   961   914   852   779   698   613   527   445   368   298   237   185   141   106    78    56    40    28
         19    13     9     6     4     3     2     2     1     1     1     1     1     1     1     2     2     2     2     2
          3     3     3     4     4     5     5     6     6     7     8     8     9     9     9     9     9     9     8     8
          7     7     6     6     5     5     4     4     4     4     3     3     3     3     3     3     3     3     3     3
          2     2     1    11    11    11    11    11    11    11    11    11    11    11    11    11    11    11    11    11
         11    11    11    11    11
  37   1000   990   961   914   852   779   698   613   527   445   368   298   237   185   141   106    78    56    40    28
         19    13     9     6     4     3     2     2     2     1     1     1     1     1     2     2     2     2     3     3
          3     4     4     5     5     5     6     7     7     9     9     9    10    10    10    10     9     9     9     8
          8     7     6     6     5     5     4     4     4     4     4     4     4     4     4     4     4     3     3     3
          2     1    12    12    12    12    12    12    12    12    12    12    12    12    12    12    12    12    12    12
         12    12    12    12
  38   1000   990   961   914   852   779   698   613   527   445   368   298   237   185   141   106    78    56    40    28
         19    13     9     6     4     3     2     2     2     1     1     1     1     2     3     3     3     3     3     4
          4     5     5     6     6     7     8     8    10    10    11    11    11    11    11    11    10    10     9     9
          8     7     6     6     5     5     5     4     4     4     4     4     4     4     4     4     4     3     3     2
          1    13    13    13    13    13    13    13    13    13    13    13    13    13    13    13    13    13    13    13
         13    13    13
  39   1000   990   961   914   852   779   698   613   527   445   368   298   237   185   141   106    78    56    40    28
         19    13     9     6     4     3     2     2     1     2     2     1     2     3     3     3     3     3     4     4
          5     5     6     6     7     8     8    10    10    11    11    12    11    11    11    11    10    10     9     8
          7     7     6     6     5     5     5     4     4     4     4     4     4     4     4     4     3     3     2     1
         13    13    13    13    13    13    13    13    13    13    13    13    13    13    13    13    13    13    13    13
         13    13
  40   1000   990   961   914   852   779   698   613   528   445   368   299   237   185   142   106    78    57    40    28
         20    14    10     7     5     4     3     2     2     2     2     3     4     4     4     4     5     6     6     7
          8     9     9    11    12    13    15    16    17    17    18    17    17    17    16    15    15    14    12    11
         10     9     9     8     7     7     7     7     7     7     7     7     7     6     6     5     4     3     2    20
         20    20    20    20    20    20    20    20    20    20    20    20    20    20    20    20    20    20    20    20
         20
  41   1000   990   961   914   852   779   698   613   527   445   368   298   237   185   141   106    78    56    40    28
         19    13     9     6     4     3     2     2     1     1     2     2     2     2     2     3     3     3     4     5
          5     5     6     7     7     9     9     9    10    10    10    10     9     9     9     8     8     7     6     6
          5     5     5     4     4     4     4     4     4     4     4     4     4     3     3     3     2     1    12    12
         12    12    12    12    12    12    12    12    12    12    12    12    12    12    12    12    12    12    12    12
  42   1000   990   961   914   852   779   698   613   528   445   368   299   238   185   142   106    78    57    40    29
         20    14    10     7     5     4     3     3     3     4     4     4     4     5     6     6     7     8     9     9
         10    12    13    14    16    17    18    18    19    19    18    18    17    17    16    15    13    12    11    10
          9     9     8     8     7     7     7     7     7     7     7     7     6     6     5     4     2    22    22    22
         22    22    22    22    22    22    22    22    22    22    22    22    22    22    22    22    22    22    22
  43   1000   990   961   914   852   779   698   613   527   445   368   299   237   185   142   106    78    57    40    28
         20    14    10     7     5     4     3     3     3     4     4     3     4     5     5     6     7     8     8     8
         10    11    12    14    15    15    15    16    16    16    15    15    14    13    12    11    10     9     8     8
          7     7     7     6     6     6     6     6     6     6     6     6     5     4     3     2    19    19    19    19
         19    19    19    19    19    19    19    19    19    19    19    19    19    19    19    19    19    19
  44   1000   990   961   914   852   779   698   613   527   445   368   298   237   185   141   106    78    56    40    28
         19    13     9     6     4     3     2     3     3     3     2     3     3     3     4     5     5     6     6     7
          8     8    10    10    11    11    11    11    11    11    10    10     9     9     8     7     6     6     6     5
          5     5     4     4     4     4     4     4     4     4     4     3     3     2     1    13    13    13    13    13
         13    13    13    13    13    13    13    13    13    13    13    13    13    13    13    13    13
  45   1000   990   961   914   852   779   698   613   528   445   368   299   238   185   142   107    79    57    41    29
         20    14    10     7     5     4     5     5     5     5     5     6     6     7     8    10    10    10    12    14
         15    18    18    19    19    20    20    20    19    19    18    17    16    14    13    11    11    10     9     9
          8     8     8     8     8     8     8     8     7     7     6     5     4     2    23    23    23    23    23    23
         23    23    23    23    23    23    23    23    23    23    23    23    23    23    23    23
  46   1000   990   961   914   852   779   698   613   528   445   368   299   238   186   142   107    79    57    41    29
         20    14    10     7     5     6     5     5     5     5     6     6     7     8     9    10    10    12    14    15
         17    18    19    19    20    20    19    19    18    18    17    15    14    13    11    11    10     9     8     8
          8     8     8     8     8     8     7     7     7     6     5     4     2    23    23    23    23    23    23    23
         23    23    23    23    23    23    23    23    23    23    23    23    23    23    23
  47   1000   990   961   914   852   779   698   613   527   445   368   299   238   185   142   107    78    57    41    29
         20    14    10     7     6     6     5     4     4     5     6     6     7     8     9     9    11    12    13    15
         16    17    17    17    17    17    17    16    15    14    13    12    11    10     9     8     8     7     7     7
          7     7     7     7     7     6     6     6     5     4     3     2    20    20    20    20    20    20    20    20
         20    20    20    20    20    20    20    20    20    20    20    20    20    20
  48   1000   990   961   914   852   779   698   613   528   445   369   299   238   186   143   107    79    58    42    29
         21    15    11    10     9     7     7     7     8     8     9    10    12    12    13    15    17    18    22    23
         24    24    25    25    25    24    23    22    21    20    18    16    14    13    12    11    11    10    10    10
         10    10    10    10     9     9     9     8     6     5     2    29    29    29    29    29    29    29    29    29
         29    29    29    29    29    29    29    29    29    29    29    29    29
  49   1000   990   961   914   852   779   698   613   528   446   369   299   238   186   143   107    80    58    41    30
         21    15    13    11     9     8     7     8     9    10    11    13    13    13    16    18    20    23    24    26
         26    27    27    26    26    25    24    22    21    19    17    15    14    13    12    11    11    10    10    10
         10    10    10    10    10     9     8     7     5     3    31    31    31    31    31    31    31    31    31    31
         31    31    31    31    31    31    31    31    31    31    31    31
  50   1000   990   961   914   852   779   698   613   528   446   369   300   239   187   143   108    80    58    43    31
         22    18    15    12    10    10    11    11    12    14    16    17    17    20    23    24    29    30    32    32
         33    33    32    32    31    29    28    26    24    22    19    18    16    15    14    13    13    13    13    13
         13    13    12    12    11    10     8     6     3    39    39    39    39    39    39    39    39    39    39    39
         39    39    39    39    39    39    39    39    39    39    39
  51   1000   990   961   914   852   779   698   613   528   446   370   300   239   187   144   109    80    59    43    31
         25    20    16    13    12    12    13    13    15    17    18    18    22    25    27    32    33    35    35    36
         36    35    35    33    32    30    28    26    23    21    19    18    16    15    15    14    14    14    14    14
         14    14    13    12    11     9     7     3    42    42    42    42    42    42    42    42    42    42    42    42
         42    42    42    42    42    42    42    42    42    42
  52   1000   990   961   914   852   779   698   614   528   446   370   300   240   188   144   108    81    60    44    34
         26    20    16    14    14    14    15    17    18    19    19    24    26    28    33    35    37    37    38    38
         37    37    35    34    32    30    27    25    22    20    19    17    16    16    15    15    15    14    15    15
         14    14    13    12    10     7     4    45    45    45    45    45    45    45    45    45    45    45    45    45
         45    45    45    45    45    45    45    45    45
  53   1000   990   961   914   852   779   698   614   529   446   370   301   240   188   144   109    81    60    46    35
         26    20    17    16    15    15    17    19    19    20    24    26    28    34    35    37    37    39    38    37
         37    35    34    32    30    27    25    22    20    19    17    16    16    15    15    15    15    15    15    14
         14    13    12    10     7     4    45    45    45    45    45    45    45    45    45    45    45    45    45    45
         45    45    45    45    45    45    45    45
  54   1000   990   961   914   853   780   699   614   529   447   371   302   241   188   146   111    83    65    49    38
         29    24    22    21    21    23    25    25    25    31    34    37    43    45    47    48    50    50    49    48
         46    44    41    39    35    32    28    26    24    23    21    20    19    19    19    19    19    19    19    18
         17    15    13    10     5    58    58    58    58    58    58    58    58    58    58    58    58    58    58    58
         58    58    58    58    58    58    58
  55   1000   990   961   914   852   779   698   614   529   447   370   301   240   188   145   110    84    63    47    36
         28    24    21    19    20    21    21    21    26    28    30    36    37    39    40    41    41    40    39    38
         36    34    32    29    27    23    22    20    19    17    17    16    16    16    16    16    16    15    15    14
         12    10     8     4    48    48    48    48    48    48    48    48    48    48    48    48    48    48    48    48
         48    48    48    48    48    48
  56   1000   990   961   914   853   780   699   615   530   448   372   302   242   190   147   115    89    68    52    41
         35    30    29    29    31    31    31    37    40    43    52    53    56    57    59    59    58    56    55    52
         49    46    42    38    33    31    29    27    25    24    23    23    23    22    23    23    22    22    20    18
         15    12     6    69    69    69    69    69    69    69    69    69    69    69    69    69    69    69    69    69
         69    69    69    69    69
  57   1000   990   961   914   853   779   699   614   529   447   371   302   241   189   148   114    87    65    50    41
         33    29    28    28    27    27    31    34    37    43    45    47    48    50    49    48    47    46    44    41
         38    35    32    28    26    24    23    21    20    19    19    19    19    19    19    19    18    17    15    13
         10     5    58    58    58    58    58    58    58    58    58    58    58    58    58    58    58    58    58    58
         58    58    58    58
  58   1000   990   961   914   853   780   699   615   530   448   372   303   242   192   150   116    88    68    54    44
         37    34    33    32    31    36    39    41    49    50    53    54    56    55    54    53    51    49    46    43
         40    36    32    29    27    25    24    23    22    21    21    21    21    21    21    21    19    17    14    11
          5    65    65    65    65    65    65    65    65    65    65    65    65    65    65    65    65    65    65    65
         65    65    65
  59   1000   990   961   914   853   780   700   615   530   449   373   304   246   196   153   118    92    74    59    50
         45    43    41    39    44    47    51    60    61    65    65    68    68    66    65    63    60    56    53    48
         44    38    36    33    31    29    27    26    26    26    26    26    26    25    25    23    20    17    13     6
         79    79    79    79    79    79    79    79    79    79    79    79    79    79    79    79    79    79    79    79
         79    79
  60   1000   990   961   914   853   780   699   615   530   449   373   305   246   194   152   118    93    73    59    51
         46    41    38    42    44    46    54    56    59    59    62    61    60    59    57    54    51    48    44    40
         35    32    30    28    26    25    24    24    24    23    24    24    23    23    21    19    16    12     6    72
         72    72    72    72    72    72    72    72    72    72    72    72    72    72    72    72    72    72    72    72
         72
  61   1000   990   961   915   853   780   700   616   531   450   375   307   247   196   154   122    96    77    65    57
         51    46    49    51    53    62    63    66    67    70    69    67    66    64    61    58    54    49    45    39
         37    34    31    29    28    27    27    27    26    26    27    26    26    24    21    18    14     6    81    81
         81    81    81    81    81    81    81    81    81    81    81    81    81    81    81    81    81    81    81    81
  62   1000   990   961   915   853   780   700   616   532   452   377   309   249   199   159   126   101    85    73    64
         56    59    60    62    71    73    76    77    80    79    77    76    73    70    66    61    56    51    45    42
         39    36    34    32    31    31    30    30    30    31    30    30    27    24    20    16     7    93    93    93
         93    93    93    93    93    93    93    93    93    93    93    93    93    93    93    93    93    93    93
  63   1000   990   961   915   853   781   700   616   532   451   376   308   248   199   158   126   102    85    71    61
         60    59    59    67    67    70    71    73    73    71    70    67    64    61    56    52    47    41    38    36
         33    31    30    28    28    28    28    28    28    27    27    25    22    19    14     7    85    85    85    85
         85    85    85    85    85    85    85    85    85    85    85    85    85    85    85    85    85    85
  64   1000   990   961   915   853   781   700   616   532   452   377   309   251   201   160   130   106    88    73    69
         66    65    72    72    75    75    77    77    75    73    71    68    64    59    55    50    43    40    37    35
         33    31    30    30    29    29    29    30    29    29    27    23    20    15     7    90    90    90    90    90
         90    90    90    90    90    90    90    90    90    90    90    90    90    90    90    90    90
  65   1000   990   961   915   854   781   701   618   534   454   379   313   255   206   167   137   113    94    87    81
         78    85    84    87    87    90    89    87    85    82    78    74    69    63    57    50    47    43    40    38
         36    35    34    34    34    34    34    33    33    31    27    23    17     8   104   104   104   104   104   104
        104   104   104   104   104   104   104   104   104   104   104   104   104   104   104   104
  66   1000   990   961   915   854   780   700   617   533   453   378   312   254   206   167   136   111    98    88    82
         85    83    84    83    86    84    82    80    77    74    70    65    60    54    47    44    41    38    36    34
         33    32    32    32    32    32    32    31    29    25    21    16     8    98    98    98    98    98    98    98
         98    98    98    98    98    98    98    98    98    98    98    98    98    98    98
  67   1000   990   961   914   851   778   698   615   531   450   375   308   250   201   162   130   109    93    83    81
         77    76    74    75    74    72    70    67    64    61    56    52    47    41    38    36    33    31    30    28
         28    28    28    28    28    28    27    25    22    19    14     7    86    86    86    86    86    86    86    86
         86    86    86    86    86    86    86    86    86    86    86    86    86    86
  68   1000   990   961   913   851   780   700   617   533   453   379   312   256   208   169   141   120   106   101    95
         93    90    91    89    86    84    81    77    72    67    62    56    49    46    43    40    37    35    34    34
         34    33    34    34    33    33    30    26    22    17     8   102   102   102   102   102   102   102   102   102
        102   102   102   102   102   102   102   102   102   102   102   102   102
  69   1000   990   959   912   852   780   700   616   533   453   379   313   258   210   174   146   126   116   107   102
         98    98    95    92    89    86    81    77    71    65    60    52    48    45    42    39    37    36    36    35
         35    35    36    35    35    32    28    24    18     9   108   108   108   108   108   108   108   108   108   108
        108   108   108   108   108   108   108   108   108   108   108   108
  70   1000   988   958   913   852   780   699   616   533   452   379   315   260   214   178   151   134   121   114   108
        106   102    98    95    91    86    81    75    69    63    55    51    47    44    41    39    38    38    37    37
         37    38    37    36    34    30    25    19     9   114   114   114   114   114   114   114   114   114   114   114
        114   114   114   114   114   114   114   114   114   114   114
  71   1000   990   962   917   857   786   708   627   547   470   401   339   289   248   217   199   183   174   166   164
        158   153   147   141   134   126   117   107    97    85    79    73    68    64    61    59    58    58    57    58
         58    57    56    52    46    39    30    14   177   177   177   177   177   177   177   177   177   177   177   177
        177   177   177   177   177   177   177   177   177   177
  72   1000   990   962   917   858   788   710   630   551   476   408   350   301   261   236   215   202   190   186   179
        172   165   158   149   140   130   119   108    94    88    81    75    71    68    65    64    64    63    64    64
         63    62    58    51    43    33    16   196   196   196   196   196   196   196   196   196   196   196   196   196
        196   196   196   196   196   196   196   196   196
  73   1000   990   962   916   857   786   708   627   550   476   408   350   302   265   237   218   203   195   185   176
        169   160   151   141   130   119   108    94    88    81    76    71    68    65    64    64    64    64    65    63
         63    58    51    43    33    16   197   197   197   197   197   197   197   197   197   197   197   197   197   197
        197   197   197   197   197   197   197   197
  74   1000   990   961   915   855   782   704   626   550   472   406   349   299   265   239   219   206   195   184   174
        165   155   144   132   121   109    95    88    82    76    71    68    65    65    64    64    64    65    63    63
         58    51    43    33    16   198   198   198   198   198   198   198   198   198   198   198   198   198   198   198
        198   198   198   198   198   198   198
  75   1000   990   961   915   853   780   706   630   548   475   411   350   308   275   250   233   218   205   193   181
        169   157   144   131   118   102    95    88    81    76    73    70    70    69    69    69    70    68    68    63
         55    46    36    17   213   213   213   213   213   213   213   213   213   213   213   213   213   213   213   213
        213   213   213   213   213   213
  76   1000   990   962   916   856   789   718   637   562   494   426   379   340   310   288   270   253   238   223   208
        192   176   160   144   125   115   106    99    92    88    85    84    84    83    84    85    83    82    76    66
         56    43    21   258   258   258   258   258   258   258   258   258   258   258   258   258   258   258   258   258
        258   258   258   258   258
  77   1000   990   961   914   858   794   714   639   567   490   437   390   355   327   305   285   267   249   231   212
        194   175   157   136   125   115   107   100    95    91    91    90    90    91    91    89    89    82    72    61
         46    22   279   279   279   279   279   279   279   279   279   279   279   279   279   279   279   279   279   279
        279   279   279   279
  78   1000   990   960   917   864   791   718   646   562   505   452   413   378   353   329   307   286   264   242   220
        198   177   152   140   128   119   111   106   101   101   100   100   100   101    99    98    91    80    67    52
         25   310   310   310   310   310   310   310   310   310   310   310   310   310   310   310   310   310   310   310
        310   310   310
  79   1000   990   964   924   865   800   732   648   590   533   490   451   422   394   368   343   316   289   262   235
        210   180   165   151   140   130   124   119   118   117   117   118   119   116   115   107    93    79    60    29
        364   364   364   364   364   364   364   364   364   364   364   364   364   364   364   364   364   364   364   364
        364   364
  80   1000   992   967   924   870   809   727   669   610   564   521   488   457   427   397   367   335   303   271   241
        207   189   172   158   147   140   134   133   132   131   133   134   131   130   120   105    89    68    32   410
        410   410   410   410   410   410   410   410   410   410   410   410   410   410   410   410   410   410   410   410
        410
  81   1000   992   963   921   868   787   730   668   621   572   537   503   470   436   402   366   330   294   260   222
        201   183   167   155   147   141   139   138   137   139   140   137   136   126   110    93    71    34   431   431
        431   431   431   431   431   431   431   431   431   431   431   431   431   431   431   431   431   431   431   431
  82   1000   986   956   913   834   779   716   668   614   577   542   505   469   431   391   351   311   274   233   209
        189   172   158   149   142   141   140   139   140   141   138   137   127   111    94    72    34   436   436   436
        436   436   436   436   436   436   436   436   436   436   436   436   436   436   436   436   436   436   436
  83   1000   991   966   910   867   812   770   719   683   647   608   568   525   479   432   384   339   288   259   233
        212   194   183   174   172   171   169   171   172   168   167   155   136   115    88    42   531   531   531   531
        531   531   531   531   531   531   531   531   531   531   531   531   531   531   531   531   531   531
  84   1000   992   954   921   874   837   789   755   719   680   638   592   542   489   436   384   327   293   262   237
        217   204   193   190   188   186   188   189   185   184   170   149   126    96    46   584   584   584   584   584
        584   584   584   584   584   584   584   584   584   584   584   584   584   584   584   584   584
  85   1000   981   960   923   892   849   818   785   747   704   656   603   546   487   429   365   326   291   262   238
        223   210   206   203   201   203   204   199   198   183   161   136   104    49   631   631   631   631   631   631
        631   631   631   631   631   631   631   631   631   631   631   631   631   631   631   631
  86   1000   995   979   959   931   907   878   843   802   753   697   636   571   507   433   389   348   314   286   267
        252   247   243   240   242   243   238   236   218   191   161   123    58   750   750   750   750   750   750   750
        750   750   750   750   750   750   750   750   750   750   750   750   750   750   750
  87   1000   994   982   960   941   916   885   846   798   742   679   612   543   466   417   372   334   303   281   264
        258   253   249   250   252   246   244   225   197   167   127    60   775   775   775   775   775   775   775   775
        775   775   775   775   775   775   775   775   775   775   775   775   775   775
  88   1000   997   985   972   952   925   890   844   790   726   657   586   504   452   403   361   327   303   283   275
        269   265   265   266   260   257   238   208   176   134    63   819   819   819   819   819   819   819   819   819
        819   819   819   819   819   819   819   819   819   819   819   819   819
  89   1000   995   987   973   951   920   878   825   763   694   621   536   480   427   381   343   316   293   283   275
        270   269   270   263   260   240   210   177   135    64   827   827   827   827   827   827   827   827   827   827
        827   827   827   827   827   827   827   827   827   827   827   827
  90   1000   997   987   971   945   907   858   798   730   657   571   512   457   408   367   337   312   300   291   284
        283   282   274   272   251   219   185   141    66   862   862   862   862   862   862   862   862   862   862   862
        862   862   862   862   862   862   862   862   862   862   862
  91   1000   997   986   966   934   889   833   767   694   606   545   485   432   386   352   323   307   295   286   283
        282   273   269   248   217   183   139    65   853   853   853   853   853   853   853   853   853   853   853   853
        853   853   853   853   853   853   853   853   853   853
  92   1000   996   983   959   921   870   807   736   649   584   520   462   410   371   337   317   301   288   283   279
        269   265   244   212   179   136    64   836   836   836   836   836   836   836   836   836   836   836   836   836
        836   836   836   836   836   836   836   836   836
  93   1000   995   979   950   906   849   781   696   629   561   499   442   396   357   331   311   294   285   279   268
        262   240   209   175   133    62   818   818   818   818   818   818   818   818   818   818   818   818   818   818
        818   818   818   818   818   818   818   818
  94   1000   994   975   941   892   830   749   681   611   544   482   430   383   351   325   303   289   280   265   257
        235   203   170   129    60   791   791   791   791   791   791   791   791   791   791   791   791   791   791   791
        791   791   791   791   791   791   791
  95   1000   993   971   933   879   806   740   669   599   531   472   418   379   345   316   297   282   264   253   229
        197   164   124    57   756   756   756   756   756   756   756   756   756   756   756   756   756   756   756   756
        756   756   756   756   756   756
  96   1000   992   968   926   864   802   733   661   589   524   463   415   372   336   309   288   266   250   224   191
        158   119    55   712   712   712   712   712   712   712   712   712   712   712   712   712   712   712   712   712
        712   712   712   712   712
  97   1000   991   965   917   863   799   729   655   585   518   461   410   365   329   301   272   251   222   187   153
        115    54   662   662   662   662   662   662   662   662   662   662   662   662   662   662   662   662   662   662
        662   662   662   662
  98   1000   991   960   918   863   798   726   654   582   517   457   403   359   321   285   258   224   187   151   112
         54   609   609   609   609   609   609   609   609   609   609   609   609   609   609   609   609   609   609   609
        609   609   609
  99   1000   989   962   919   863   797   726   652   582   515   452   398   351   307   272   232   192   154   114    57
        554   554   554   554   554   554   554   554   554   554   554   554   554   554   554   554   554   554   554   554
        554   554
 100   1000   991   964   921   865   799   726   653   580   509   446   389   335   291   246   200   159   117    63   484
        484   484   484   484   484   484   484   484   484   484   484   484   484   484   484   484   484   484   484   484
        484
 101   1000   991   964   920   864   798   726   652   578   508   443   382   329   276   224   178   132    75   450   450
        450   450   450   450   450   450   450   450   450   450   450   450   450   450   450   450   450   450   450   450
 102   1000   991   964   920   864   798   726   651   577   506   437   376   315   257   204   153    94   416   416   416
        416   416   416   416   416   416   416   416   416   416   416   416   416   416   416   416   416   416   416
 103   1000   991   964   920   865   799   726   651   576   501   433   365   300   240   183   119   387   387   387   387
        387   387   387   387   387   387   387   387   387   387   387   387   387   387   387   387   387   387
 104   1000   991   964   921   865   798   726   650   572   499   424   352   285   221   152   362   362   362   362   362
        362   362   362   362   362   362   362   362   362   362   362   362   362   362   362   362   362
 105   1000   991   964   921   865   799   726   648   571   493   415   340   269   193   346   346   346   346   346   346
        346   346   346   346   346   346   346   346   346   346   346   346   346   346   346   346
 106   1000   991   964   921   865   799   725   648   567   485   404   326   243   331   331   331   331   331   331   331
        331   331   331   331   331   331   331   331   331   331   331   331   331   331   331
 107   1000   991   964   922   866   799   725   645   561   477   393   302   329   329   329   329   329   329   329   329
        329   329   329   329   329   329   329   329   329   329   329   329   329   329
 108   1000   991   964   922   866   799   723   640   554   465   369   326   326   326   326   326   326   326   326   326
        326   326   326   326   326   326   326   326   326   326   326   326   326
 109   1000   991   964   922   866   798   719   634   543   443   324   324   324   324   324   324   324   324   324   324
        324   324   324   324   324   324   324   324   324   324   324   324
 110   1000   991   964   922   865   794   713   624   521   326   326   326   326   326   326   326   326   326   326   326
        326   326   326   326   326   326   326   326   326   326   326
 111   1000   991   965   921   862   789   704   602   329   329   329   329   329   329   329   329   329   329   329   329
        329   329   329   329   329   329   329   329   329   329
 112   1000   991   964   919   857   780   684   321   321   321   321   321   321   321   321   321   321   321   321   321
        321   321   321   321   321   321   321   321   321
 113   1000   991   962   915   849   761   318   318   318   318   318   318   318   318   318   318   318   318   318   318
        318   318   318   318   318   318   318   318
 114   1000   990   960   910   835   295   295   295   295   295   295   295   295   295   295   295   295   295   295   295
        295   295   295   295   295   295   295
 115   1000   990   958   901   258   258   258   258   258   258   258   258   258   258   258   258   258   258   258   258
        258   258   258   258   258   258
 116   1000   989   952   218   218   218   218   218   218   218   218   218   218   218   218   218   218   218   218   218
        218   218   218   218   218
 117   1000   986   167   167   167   167   167   167   167   167   167   167   167   167   167   167   167   167   167   167
        167   167   167   167
 118   1000    80    80    80    80    80    80    80    80    80    80    80    80    80    80    80    80    80    80    80
         80    80    80
 119   1000  1000  1000  1000  1000  1000  1000  1000  1000  1000  1000  1000  1000  1000  1000  1000  1000  1000  1000  1000
       1000  1000
 120   1000  1000  1000  1000  1000  1000  1000  1000  1000  1000  1000  1000  1000  1000  1000  1000  1000  1000  1000  1000
       1000
 121   1000  1000  1000  1000  1000  1000  1000  1000  1000  1000  1000  1000  1000  1000  1000  1000  1000  1000  1000  1000
 122   1000  1000  1000  1000  1000  1000  1000  1000  1000  1000  1000  1000  1000  1000  1000  1000  1000  1000  1000
 123   1000  1000  1000  1000  1000  1000  1000  1000  1000  1000  1000  1000  1000  1000  1000  1000  1000  1000
 124   1000  1000  1000  1000  1000  1000  1000  1000  1000  1000  1000  1000  1000  1000  1000  1000  1000
 125   1000  1000  1000  1000  1000  1000  1000  1000  1000  1000  1000  1000  1000  1000  1000  1000
 126   1000  1000  1000  1000  1000  1000  1000  1000  1000  1000  1000  1000  1000  1000  1000
 127   1000  1000  1000  1000  1000  1000  1000  1000  1000  1000  1000  1000  1000  1000
 128   1000  1000  1000  1000  1000  1000  1000  1000  1000  1000  1000  1000  1000
 129   1000  1000  1000  1000  1000  1000  1000  1000  1000  1000  1000  1000
 130   1000  1000  1000  1000  1000  1000  1000  1000  1000  1000  1000
 131   1000  1000  1000  1000  1000  1000  1000  1000  1000  1000
 132   1000  1000  1000  1000  1000  1000  1000  1000  1000
 133   1000  1000  1000  1000  1000  1000  1000  1000
 134   1000  1000  1000  1000  1000  1000  1000
 135   1000  1000  1000  1000  1000  1000
 136   1000  1000  1000  1000  1000
 137   1000  1000  1000  1000
 138   1000  1000  1000
 139   1000  1000
 140   1000

 Finished!
