NIF_RUN Passive 18x snout on TANDM 90-348 Pinhole
  140    6    1    0    1
   0.00500   9.00000   0.03000   0.00100
   0.0000000   0   0 1.00000000E+00   1.0000000
ZR902    4.147E-14 0.011       0.00       0.00        (    )
IN115N   1.039E-14 0.012       0.00       0.00        (    )
AU197G   2.386E-14 0.012       0.00 AUNG  3.94 IFX    (ISTP)
IN115G   3.612E-14 0.028       0.00 INNG 39.37 IFX    (ISTP)
AU1972   2.606E-13 0.012       0.00       0.00        (    )
AL27A    1.501E-14 0.012       0.00       0.00        (    )
Flux Uncertainty
 140
 0.0000E+00 0.0000E+00 0.0000E+00 0.0000E+00 0.0000E+00 0.0000E+00 0.0000E+00
 0.0000E+00 0.0000E+00 0.0000E+00 0.0000E+00 0.0000E+00 0.0000E+00 0.0000E+00
 2.0000E+00 2.0000E+00 2.0000E+00 2.0000E+00 2.0000E+00 2.0000E+00 2.0000E+00
 2.0000E+00 2.0000E+00 2.0000E+00 2.0000E+00 2.0000E+00 2.0000E+00 2.0000E+00
 2.0000E+00 2.0000E+00 2.0000E+00 2.0000E+00 2.0000E+00 2.0000E+00 2.0000E+00
 2.0000E+00 2.0000E+00 2.0000E+00 2.0000E+00 2.0000E+00 2.0000E+00 2.0000E+00
 2.0000E+00 2.0000E+00 2.0000E+00 2.0000E+00 2.0000E+00 2.0000E+00 2.0000E+00
 2.0000E+00 2.0000E+00 2.0000E+00 2.0000E+00 2.0000E+00 2.0000E+00 2.0000E+00
 2.0000E+00 2.0000E+00 2.0000E+00 2.0000E+00 1.0000E+00 1.0000E+00 1.0000E+00
 1.0000E+00 1.0000E+00 1.0000E+00 1.0000E+00 1.0000E+00 1.0000E+00 1.0000E+00
 1.0000E+00 1.0000E+00 1.0000E+00 1.0000E+00 1.0000E+00 1.0000E+00 1.0000E+00
 1.0000E+00 1.0000E+00 1.0000E+00 1.0000E+00 1.0000E+00 1.0000E+00 1.0000E+00
 1.0000E+00 1.0000E+00 1.0000E+00 1.0000E+00 1.0000E+00 1.0000E+00 1.0000E+00
 1.0000E+00 1.0000E+00 1.0000E+00 1.0000E+00 1.0000E+00 0.0000E+00 0.0000E+00
 0.0000E+00 0.0000E+00 0.0000E+00 0.0000E+00 0.0000E+00 0.0000E+00 0.0000E+00
 0.0000E+00 0.0000E+00 0.0000E+00 0.0000E+00 0.0000E+00 0.0000E+00 0.0000E+00
 0.0000E+00 0.0000E+00 0.0000E+00 0.0000E+00 0.0000E+00 0.0000E+00 0.0000E+00
 0.0000E+00 0.0000E+00 0.0000E+00 0.0000E+00 0.0000E+00 0.0000E+00 0.0000E+00
 0.0000E+00 0.0000E+00 0.0000E+00 0.0000E+00 0.0000E+00 0.0000E+00 0.0000E+00
 0.0000E+00 0.0000E+00 0.0000E+00 0.0000E+00 0.0000E+00 0.0000E+00 0.0000E+00
Input Flux Spectrum
 140   1 1.000E+00 2.000E+01 5.000E-08
 0.0000E+00 0.0000E+00 0.0000E+00 0.0000E+00 0.0000E+00 0.0000E+00 0.0000E+00
 0.0000E+00 0.0000E+00 0.0000E+00 0.0000E+00 0.0000E+00 0.0000E+00 0.0000E+00
 8.1690E-25 7.7484E-25 7.2314E-25 7.9258E-25 7.9950E-25 8.5068E-25 8.8419E-25
 8.5385E-25 7.7302E-25 6.2349E-25 4.4216E-25 2.5623E-25 1.2873E-25 5.3838E-26
 1.9840E-26 7.1526E-27 2.7843E-27 1.3804E-27 1.9390E-27 7.6050E-27 1.0962E-25
 7.5138E-24 3.0891E-21 6.2375E-18 8.8213E-12 1.6475E-07 2.0762E-02 1.1148E+02
 3.9894E+05 3.9302E+08 9.6252E+09 1.3099E+09 2.7217E+05 3.4395E+01 7.0739E-05
 8.3393E-12 1.2703E-19 6.0975E-26 1.2112E-31 5.2833E-34 1.0523E-33 5.6602E-30
 2.9705E-23 1.4519E-14 1.7058E-03 6.2032E+08 5.4470E+00 3.1601E+05 6.0860E+08
 6.3840E+10 8.2572E+10 1.2944E+09 4.8694E+05 7.3368E+00 5.7060E-05 1.2590E-10
 6.0166E-16 1.9824E-21 1.2341E-26 3.3270E-31 6.3670E-35 3.0432E-38 1.6086E-41
 1.9210E-44 3.2445E-47 1.3390E-49 3.7674E-51 1.3009E-51 7.5850E-50 4.3653E-47
 2.5861E-42 7.8687E-36 7.4424E-28 1.2746E-18 4.6323E-10 2.0862E-02 2.1735E+04
 3.0949E+08 2.5985E+10 9.4891E+10 2.5849E+06 9.3930E-04 0.0000E+00 0.0000E+00
 0.0000E+00 0.0000E+00 0.0000E+00 0.0000E+00 0.0000E+00 0.0000E+00 0.0000E+00
 0.0000E+00 0.0000E+00 0.0000E+00 0.0000E+00 0.0000E+00 0.0000E+00 0.0000E+00
 0.0000E+00 0.0000E+00 0.0000E+00 0.0000E+00 0.0000E+00 0.0000E+00 0.0000E+00
 0.0000E+00 0.0000E+00 0.0000E+00 0.0000E+00 0.0000E+00 0.0000E+00 0.0000E+00
 0.0000E+00 0.0000E+00 0.0000E+00 0.0000E+00 0.0000E+00 0.0000E+00 0.0000E+00
 0.0000E+00 0.0000E+00 0.0000E+00 0.0000E+00 0.0000E+00 0.0000E+00 0.0000E+00
   10   13   28   11    8    5    8    7   10   40



                         ==============================
                               STAYSL PNNL OUTPUT
                         ==============================

 STAYSL PNNL, version 1.2.0, 2015-08-05


 SCENARIO TITLE: NIF_RUN Passive 18x snout on TANDM 90-348 Pinhole
 -------------------------------------------------------------------------------
  NGROUP =   140    NRXN =     6    ACTIVITY NORM = 1.00000E+00

  COVARIANCE PARAMETERS (FCHN, FCVX, ACVX, FS)
    FLUXES:      WIDTH =  9.0000E+00   LONG RANGE COVAR. =  3.0000E-02
            ACTIVITIES =  5.0000E-03   X-SECT CROSS COR. =  1.0000E-03

    DETERM =   1.1746 × 10^ -11.00      ERROR =   5.6843E-15

  INPUT NORMALIZATION DATA
    AK1   =     0.00000     VAK        =     0.00090
    NORML =           0     RENORM     = 9.75283E-01
    CHI²  =    41.62187     NORM. CHI² =     8.32437

  DOSIMETRY ACTIVITIES
     ———— INPUTS —————  -UNADJUSTED FLUX-  — ADJUSTED FLUX —    CHI²  90% ACTIVITIES RANGE
 RXN  MEASURED     ±%   ACTIVITY    %DIFF  ACTIVITY    %DIFF  CONTRIB --LOW E-- --HIGH E--   REACTION          CVR
  1  4.147E-14    1.10  4.106E-14   -0.99  4.210E-14    1.52   -0.751  1.20E+01  1.30E+01  ZR90(N,2N)ZR89          
  2  1.039E-14    1.20  1.178E-14   13.41  1.208E-14   16.29   14.508  6.00E-01  1.30E+01  IN115(N,N')IN115M       
  3  2.386E-14    1.20  2.350E-14   -1.52  2.409E-14    0.98   -0.967  1.90E-02  6.00E-01  AU197(N,G)AU198         
  4  3.612E-14    2.80  3.129E-14  -13.37  3.208E-14  -11.18   11.911  1.90E-02  6.00E-01  IN115(N,G)IN116M        
  5  2.606E-13    1.20  2.382E-13   -8.58  2.443E-13   -6.27   16.787  1.20E+01  1.30E+01  AU197(N,2N)AU196        
  6  1.501E-14    1.20  1.461E-14   -2.65  1.498E-14   -0.18    0.133  1.20E+01  1.30E+01  AL27(N,A)NA24           

             % STD. DEV.  =          9.41               9.30

                              CHECK INPUT, IT IS RATHER UNLIKELY !
                                   *** BEWARE OF OUTPUT ! ***


  DIFFERENTIAL FLUXES (input is normalized by a factor of 9.7528E-01)
                  —————— DIFFERENTIAL FLUX —————   ———— STD. DEV. % ————   INTEGRAL
 GRP    ENERGY        NEW         OLD      RATIO    NEW     OLD    RATIO   FLUX > E     ± %
  15  2.8000E-06  5.4949E-19  5.4945E-19   1.000  199.93  199.93   1.000  2.8145E+11    7.71
  16  4.2500E-06  3.6865E-19  3.6863E-19   1.000  199.93  199.93   1.000  2.8145E+11    7.71
  17  6.3000E-06  2.4320E-19  2.4320E-19   1.000  199.93  199.93   1.000  2.8145E+11    7.71
  18  9.2000E-06  1.7978E-19  1.7977E-19   1.000  199.93  199.93   1.000  2.8145E+11    7.71
  19  1.3500E-05  1.0397E-19  1.0397E-19   1.000  199.93  199.93   1.000  2.8145E+11    7.71
  20  2.1000E-05  9.2187E-20  9.2184E-20   1.000  199.93  199.93   1.000  2.8145E+11    7.71
  21  3.0000E-05  5.7490E-20  5.7489E-20   1.000  199.93  199.93   1.000  2.8145E+11    7.71
  22  4.5000E-05  3.4697E-20  3.4698E-20   1.000  199.93  199.93   1.000  2.8145E+11    7.71
  23  6.9000E-05  2.4319E-20  2.4320E-20   1.000  199.93  199.93   1.000  2.8145E+11    7.71
  24  1.0000E-04  1.7372E-20  1.7374E-20   1.000  199.93  199.93   1.000  2.8145E+11    7.71
  25  1.3500E-04  1.2319E-20  1.2321E-20   1.000  199.93  199.93   1.000  2.8145E+11    7.71
  26  1.7000E-04  4.9967E-21  4.9979E-21   1.000  199.92  199.93   1.000  2.8145E+11    7.71
  27  2.2000E-04  2.0918E-21  2.0925E-21   1.000  199.90  199.93   1.000  2.8145E+11    7.71
  28  2.8000E-04  6.5606E-22  6.5634E-22   1.000  199.86  199.93   1.000  2.8145E+11    7.71
  29  3.6000E-04  2.1489E-22  2.1500E-22   0.999  199.76  199.93   0.999  2.8145E+11    7.71
  30  4.5000E-04  5.5778E-23  5.5806E-23   0.999  199.57  199.93   0.998  2.8145E+11    7.71
  31  5.7500E-04  1.4672E-23  1.4678E-23   1.000  199.19  199.93   0.996  2.8145E+11    7.71
  32  7.6000E-04  6.7305E-24  6.7314E-24   1.000  198.48  199.93   0.993  2.8145E+11    7.71
  33  9.6000E-04  6.0056E-24  6.0034E-24   1.000  197.24  199.93   0.987  2.8145E+11    7.71
  34  1.2750E-03  2.2849E-23  2.2822E-23   1.001  195.15  199.93   0.976  2.8145E+11    7.71
  35  1.6000E-03  2.6793E-22  2.6728E-22   1.002  191.83  199.93   0.959  2.8145E+11    7.71
  36  2.0000E-03  1.0512E-20  1.0469E-20   1.004  186.80  199.93   0.934  2.8145E+11    7.71
  37  2.7000E-03  4.3310E-18  4.3039E-18   1.006  179.53  199.93   0.898  2.8145E+11    7.71
  38  3.4000E-03  5.5795E-15  5.5303E-15   1.009  169.54  199.93   0.848  2.8145E+11    7.71
  39  4.5000E-03  8.7054E-09  8.6033E-09   1.012  156.42  199.93   0.782  2.8145E+11    7.71
  40  5.5000E-03  9.5940E-05  9.4516E-05   1.015  139.95  199.93   0.700  2.8145E+11    7.71
  41  7.2000E-03  1.0309E+01  1.0124E+01   1.018  120.22  199.93   0.601  2.8145E+11    7.71
  42  9.2000E-03  3.9652E+04  3.8830E+04   1.021   97.76  199.93   0.489  2.8145E+11    7.71
  43  1.2000E-02  1.3275E+08  1.2969E+08   1.024   73.87  199.93   0.369  2.8145E+11    7.71
  44  1.5000E-02  9.8236E+10  9.5826E+10   1.025   51.70  199.93   0.259  2.8145E+11    7.71
  45  1.9000E-02  1.4813E+12  1.4442E+12   1.026   39.81  199.93   0.199  2.8105E+11    7.78
  46  2.5500E-02  2.0146E+11  1.9654E+11   1.025   48.34  199.93   0.242  2.7142E+11    9.45
  47  3.2000E-02  3.3948E+07  3.3180E+07   1.023   69.35  199.93   0.347  2.7012E+11    9.68
  48  4.0000E-02  2.7376E+03  2.6836E+03   1.020   92.96  199.93   0.465  2.7011E+11    9.68
  49  5.2500E-02  5.1932E-03  5.1104E-03   1.016  115.38  199.93   0.577  2.7011E+11    9.68
  50  6.6000E-02  3.7402E-10  3.6969E-10   1.012  135.07  199.93   0.676  2.7011E+11    9.68
  51  8.8000E-02  5.6716E-18  5.6314E-18   1.007  151.32  199.93   0.757  2.7011E+11    9.68
  52  1.1000E-01  2.3858E-24  2.3787E-24   1.003  163.85  199.93   0.820  2.7011E+11    9.68
  53  1.3500E-01  4.7239E-30  4.7250E-30   1.000  172.61  199.93   0.863  2.7011E+11    9.68
  54  1.6000E-01  1.7141E-32  1.7176E-32   0.998  177.67  199.93   0.889  2.7011E+11    9.68
  55  1.9000E-01  3.4142E-32  3.4210E-32   0.998  179.07  199.93   0.896  2.7011E+11    9.68
  56  2.2000E-01  1.5773E-28  1.5772E-28   1.000  176.84  199.93   0.885  2.7011E+11    9.68
  57  2.5500E-01  8.3116E-22  8.2774E-22   1.004  170.91  199.93   0.855  2.7011E+11    9.68
  58  2.9000E-01  4.7672E-13  4.7200E-13   1.010  161.18  199.93   0.806  2.7011E+11    9.68
  59  3.2000E-01  4.2306E-02  4.1591E-02   1.017  147.58  199.93   0.738  2.7011E+11    9.68
  60  3.6000E-01  1.5504E+10  1.5125E+10   1.025  130.18  199.93   0.651  2.7011E+11    9.68
  61  4.0000E-01  1.0800E+02  1.0625E+02   1.017   54.65  100.00   0.547  2.6949E+11    9.62
  62  4.5000E-01  6.2880E+06  6.1640E+06   1.020   42.89  100.00   0.429  2.6949E+11    9.62
  63  5.0000E-01  1.2144E+10  1.1871E+10   1.023   30.66  100.00   0.307  2.6949E+11    9.62
  64  5.5000E-01  1.2762E+12  1.2452E+12   1.025   20.34  100.00   0.203  2.6889E+11    9.60
  65  6.0000E-01  1.3766E+12  1.3422E+12   1.026   18.37  100.00   0.184  2.0508E+11    7.46
  66  6.6000E-01  2.1572E+10  2.1040E+10   1.025   26.91  100.00   0.269  1.2248E+11    1.11
  67  7.2000E-01  8.1041E+06  7.9151E+06   1.024   38.99  100.00   0.390  1.2119E+11    1.12
  68  7.8000E-01  1.2184E+02  1.1926E+02   1.022   51.17  100.00   0.512  1.2119E+11    1.12
  69  8.4000E-01  7.0869E-04  6.9562E-04   1.019   62.30  100.00   0.623  1.2119E+11    1.12
  70  9.2000E-01  1.5588E-09  1.5349E-09   1.016   71.90  100.00   0.719  1.2119E+11    1.12
  71  1.0000E+00  2.9704E-15  2.9339E-15   1.012   79.80  100.00   0.798  1.2119E+11    1.12
  72  1.2000E+00  9.7576E-21  9.6670E-21   1.009   86.02  100.00   0.860  1.2119E+11    1.12
  73  1.4000E+00  6.0580E-26  6.0180E-26   1.007   90.69  100.00   0.907  1.2119E+11    1.12
  74  1.6000E+00  1.6295E-30  1.6224E-30   1.004   94.02  100.00   0.940  1.2119E+11    1.12
  75  1.8000E+00  3.1127E-34  3.1048E-34   1.003   96.28  100.00   0.963  1.2119E+11    1.12
  76  2.0000E+00  9.9049E-38  9.8933E-38   1.001   97.69  100.00   0.977  1.2119E+11    1.12
  77  2.3000E+00  5.2308E-41  5.2295E-41   1.000   98.44  100.00   0.984  1.2119E+11    1.12
  78  2.6000E+00  6.2432E-44  6.2451E-44   1.000   98.65  100.00   0.987  1.2119E+11    1.12
  79  2.9000E+00  7.9071E-47  7.9108E-47   1.000   98.36  100.00   0.984  1.2119E+11    1.12
  80  3.3000E+00  3.2638E-49  3.2648E-49   1.000   97.51  100.00   0.975  1.2119E+11    1.12
  81  3.7000E+00  9.1879E-51  9.1857E-51   1.000   95.99  100.00   0.960  1.2119E+11    1.12
  82  4.1000E+00  3.1755E-51  3.1719E-51   1.001   93.60  100.00   0.936  1.2119E+11    1.12
  83  4.5000E+00  1.4832E-49  1.4795E-49   1.002   90.16  100.00   0.902  1.2119E+11    1.12
  84  5.0000E+00  8.5509E-47  8.5148E-47   1.004   85.49  100.00   0.855  1.2119E+11    1.12
  85  5.5000E+00  5.0768E-42  5.0444E-42   1.006   79.49  100.00   0.795  1.2119E+11    1.12
  86  6.0000E+00  1.1062E-35  1.0963E-35   1.009   72.19  100.00   0.722  1.2119E+11    1.12
  87  6.7000E+00  1.0492E-27  1.0369E-27   1.012   63.74  100.00   0.637  1.2119E+11    1.12
  88  7.4000E+00  1.5770E-18  1.5539E-18   1.015   54.45  100.00   0.544  1.2119E+11    1.12
  89  8.2000E+00  5.7482E-10  5.6473E-10   1.018   44.70  100.00   0.447  1.2119E+11    1.12
  90  9.0000E+00  2.0766E-02  2.0346E-02   1.021   34.90  100.00   0.349  1.2119E+11    1.12
  91  1.0000E+01  2.1683E+04  2.1198E+04   1.023   25.39  100.00   0.254  1.2119E+11    1.12
  92  1.1000E+01  3.0923E+08  3.0184E+08   1.024   16.29  100.00   0.163  1.2119E+11    1.12
  93  1.2000E+01  2.5985E+10  2.5343E+10   1.025    7.51  100.00   0.075  1.2088E+11    1.10
  94  1.3000E+01  9.4891E+10  9.2546E+10   1.025    1.74  100.00   0.017  9.4894E+10    1.74
  95  1.4000E+01  2.5828E+06  2.5210E+06   1.024   10.67  100.00   0.107  2.5828E+06   10.67
  96  1.5000E+01  9.3704E-04  9.1608E-04   1.023   20.44  100.00   0.204  9.3704E-04   20.44
      1.6000E+01

  INTEGRALS OF SPECTRA
    OLD SPECTRUM   2.7450E+11   ±   68.691 %
    NEW SPECTRUM   2.8145E+11   ±    7.715 %

  SUMMARY OF BROAD-GROUP FLUXES, FLUENCES, AND UNCERTAINTIES

    IRRAD TIME [S] = 1.00000000E+00   ACT NORM =  1.00000000E+00

       ENERGY       FLUX       FLUENCE      STDEV %
      thermal    0.0000E+00  0.0000E+00  ±   0.00     (0.100 meV – 0.550  eV)
     epithermal  1.1331E+10  1.1331E+10  ±  39.62     (0.550  eV – 110.0 keV)
        fast     2.7011E+11  2.7011E+11  ±   9.68     (110.0 keV –  20.0 MeV)
        fast     1.2119E+11  1.2119E+11  ±   1.12     (  1.0 MeV –  20.0 MeV)
        high     0.0000E+00  0.0000E+00  ±   0.00     ( 20.0 MeV –  60.0 MeV)

    MINI-SPECTRUM

       ENERGY       FLUX       FLUENCE      STDEV %
     1.0000E-10  0.0000E+00  0.0000E+00  ±   0.00
     5.5000E-07  7.0892E-24  7.0892E-24  ± 185.80
     1.0000E-04  1.1331E+10  1.1331E+10  ±  39.62
     1.1000E-01  6.2049E+08  6.2049E+08  ± 130.13
     5.0000E-01  1.4831E+11  1.4831E+11  ±  17.61
     1.0000E+00  5.9407E-16  5.9407E-16  ±  79.80
     2.0000E+00  2.9731E-38  2.9731E-38  ±  97.69
     5.0000E+00  2.0766E-02  2.0766E-02  ±  34.90
     1.0000E+01  1.2119E+11  1.2119E+11  ±   1.12
     2.0000E+01  0.0000E+00  0.0000E+00  ±   0.00
     6.0000E+01

       TOTAL     2.8145E+11  2.8145E+11  ±   7.71

    RELATIVE COVARIANCES (10×10)
        0     0     0     0     0     0     0     0     0     0
     1000     0     0     0     0     0     0     0     0
     1000  -323  -991   -29    18   160   184     0
     1000   265  -438  -174   -31   -30     0
     1000    71     0  -161  -166     0
     1000   783     4   -20     0
     1000   139    11     0
     1000   412     0
     1000     0
        0

  SPECTRAL-AVERAGED REACTION RATES (for all cross section library reactions)

        REACTIONS        SIG-PHI      <SIG>          REACTIONS        SIG-PHI      <SIG>          REACTIONS        SIG-PHI      <SIG>  
   ------------------  ----------  ----------   ------------------  ----------  ----------   ------------------  ----------  ----------
   LI6(N,A)T           6.1939E-14  2.2007E-25   FE58(N,G)FE59       7.7276E-16  2.7457E-27   IN115(N,N')IN115M   1.2082E-14  4.2928E-26
   B10(N,A)LI7         1.3150E-13  4.6724E-25   CO59(N,2N)CO58      6.7791E-14  2.4087E-25   IN115(N,2N)IN114M   1.4866E-13  5.2820E-25
   F19(N,2N)F18        2.8098E-15  9.9834E-27   CO59(N,3N)CO57      0.0000E+00  0.0000E+00   IN115(N,G)IN116M    3.2221E-14  1.1448E-25
   NA23(N,2N)NA22      6.4809E-16  2.3027E-27   CO59(N,G)CO60       1.5551E-15  5.5252E-27   I127(N,2N)I126      1.6572E-13  5.8882E-25
   NA23(N,G)NA24       7.5725E-17  2.6906E-28   CO59(N,P)FE59       6.5020E-15  2.3102E-26   LA139(N,G)LA140     1.6751E-15  5.9518E-27
   MG24(N,P)NA24       2.3403E-14  8.3152E-26   CO59(N,A)MN56       3.5551E-15  1.2632E-26   PR141(N,2N)PR140    1.8272E-13  6.4921E-25
   AL27(N,P)MG27       1.0426E-14  3.7045E-26   NI58(N,2N)NI57      1.1739E-15  4.1709E-27   TM169(N,2N)TM168    2.3433E-13  8.3258E-25
   AL27(N,A)NA24       1.4983E-14  5.3236E-26   NI58(N,P)CO58       5.3382E-14  1.8967E-25   TM169(N,3N)TM167    5.3128E-23  1.8877E-34
   SI28(N,P)AL28       3.2972E-14  1.1715E-25   NI60(N,P)CO60       1.8822E-14  6.6876E-26   TA181(N,G)TA182     2.7231E-14  9.6752E-26
   P31(N,P)SI31        1.2537E-14  4.4544E-26   CU63(N,2N)CU62      3.7310E-14  1.3257E-25   W186(N,G)W187       9.4023E-15  3.3407E-26
   S32(N,P)P32         3.5612E-14  1.2653E-25   CU63(N,G)CU64       3.5544E-15  1.2629E-26   AU197(N,2N)AU196    2.4427E-13  8.6789E-25
   TI46(N,2N)TI45      1.7845E-16  6.3405E-28   CU63(N,A)CO60       5.6888E-15  2.0213E-26   AU197(N,G)AU198     2.4107E-14  8.5654E-26
   TI46(N,P)SC46       3.3877E-14  1.2037E-25   CU65(N,2N)CU64      9.0819E-14  3.2269E-25   HG199(N,N')HG199M   2.4650E-14  8.7582E-26
   TI47(N,P)SC47       1.6919E-14  6.0114E-26   ZN64(N,P)CU64       2.5007E-14  8.8850E-26   PB204(N,N')PB204M   1.1651E-14  4.1398E-26
   TI47(N,X)SC46       2.2592E-15  8.0270E-27   ZN67(N,P)CU67       3.7356E-15  1.3273E-26   BI209(N,3N)BI207    1.5315E-21  5.4415E-33
   TI48(N,P)SC48       7.2630E-15  2.5806E-26   AS75(N,2N)AS74      9.6349E-14  3.4234E-25   TH232(N,FISSION)    3.9270E-14  1.3953E-25
   TI48(N,X)SC47       3.2519E-16  1.1554E-27   Y89(N,2N)Y88        6.9853E-14  2.4819E-25   TH232(N,G)TH233     3.1360E-14  1.1143E-25
   TI49(N,X)SC48       1.8707E-16  6.6467E-28   ZR90(N,2N)ZR89      4.2101E-14  1.4959E-25   U235(N,FISSION)     4.2723E-13  1.5180E-24
   V51(N,A)SC48        1.5614E-15  5.5478E-27   NB93(N,G)NB94       1.1611E-14  4.1256E-26   U235(N,G)U236       3.0031E-14  1.0670E-25
   CR52(N,2N)CR51      1.5956E-14  5.6693E-26   NB93(N,N')NB93M     8.4913E-15  3.0170E-26   U238(N,2N)U237      1.4815E-13  5.2638E-25
   MN55(N,2N)MN54      7.0556E-14  2.5069E-25   NB93(N,2N)NB92M     5.3909E-14  1.9154E-25   U238(N,FISSION)     1.2867E-13  4.5718E-25
   MN55(N,G)MN56       1.0390E-15  3.6917E-27   MO92(N,P)NB92M      1.0734E-14  3.8138E-26   U238(N,G)U239       2.2409E-14  7.9620E-26
   FE54(N,2N)FE53      1.7344E-17  6.1624E-29   RH103(N,N')RH103M   8.1667E-14  2.9017E-25   NP237(N,FISSION)    3.7885E-13  1.3461E-24
   FE54(N,P)MN54       4.8373E-14  1.7187E-25   AG109(N,G)AG110M    3.1509E-15  1.1195E-26   PU239(N,FISSION)    5.4206E-13  1.9260E-24
   FE54(N,A)CR51       9.9410E-15  3.5321E-26   IN113(N,N')IN113M   9.8156E-15  3.4876E-26   AM241(N,FISSION)    3.4267E-13  1.2175E-24
   FE56(N,P)MN56       1.3840E-14  4.9173E-26   IN113(N,G)IN114M    4.1685E-14  1.4811E-25   SC45(N,G)SC46       1.9642E-15  6.9791E-27

  INPUT FLUX REL. CORRELATION MATRIX (by row from diagonal)
   1   1000  1000  1000  1000  1000  1000  1000  1000  1000  1000  1000  1000  1000  1000    15    15    15    15    15    15
         15    15    15    15    15    15    15    15    15    15    15    15    15    15    15    15    15    15    15    15
         15    15    15    15    15    15    15    15    15    15    15    15    15    15    15    15    15    15    15    15
         30    30    30    30    30    30    30    30    30    30    30    30    30    30    30    30    30    30    30    30
         30    30    30    30    30    30    30    30    30    30    30    30    30    30    30    30  1000  1000  1000  1000
       1000  1000  1000  1000  1000  1000  1000  1000  1000  1000  1000  1000  1000  1000  1000  1000  1000  1000  1000  1000
       1000  1000  1000  1000  1000  1000  1000  1000  1000  1000  1000  1000  1000  1000  1000  1000  1000  1000  1000  1000

  OUTPUT FLUX REL. CORRELATION MATRIX (by row from diagonal)
   1   1000  1000  1000  1000  1000  1000  1000  1000  1000  1000  1000  1000  1000  1000    15    15    15    15    15    15
         15    15    15    15    15    15    15    15    14    14    14    13    13    12    11    10     9     8     7     6
          5     3     2     0     0     0     0     1     2     2     3     3     3     2     1     0    -2    -4    -8   -13
          7     5     3     2     2     4     6     8    11    13    15    17    19    21    23    24    25    26    26    26
         26    25    24    23    22    21    19    17    15    12     9     5     0     0     6    10  1000  1000  1000  1000
       1000  1000  1000  1000  1000  1000  1000  1000  1000  1000  1000  1000  1000  1000  1000  1000  1000  1000  1000  1000
       1000  1000  1000  1000  1000  1000  1000  1000  1000  1000  1000  1000  1000  1000  1000  1000  1000  1000  1000  1000
   2   1000  1000  1000  1000  1000  1000  1000  1000  1000  1000  1000  1000  1000    15    15    15    15    15    15    15
         15    15    15    15    15    15    15    14    14    14    13    13    12    11    10     9     8     7     6     5
          3     2     0     0     0     0     1     2     2     3     3     3     2     1     0    -2    -4    -8   -13     7
          5     3     2     2     4     6     8    11    13    15    17    19    21    23    24    25    26    26    26    26
         25    24    23    22    21    19    17    15    12     9     5     0     0     6    10  1000  1000  1000  1000  1000
       1000  1000  1000  1000  1000  1000  1000  1000  1000  1000  1000  1000  1000  1000  1000  1000  1000  1000  1000  1000
       1000  1000  1000  1000  1000  1000  1000  1000  1000  1000  1000  1000  1000  1000  1000  1000  1000  1000  1000
   3   1000  1000  1000  1000  1000  1000  1000  1000  1000  1000  1000  1000    15    15    15    15    15    15    15    15
         15    15    15    15    15    15    14    14    14    13    13    12    11    10     9     8     7     6     5     3
          2     0     0     0     0     1     2     2     3     3     3     2     1     0    -2    -4    -8   -13     7     5
          3     2     2     4     6     8    11    13    15    17    19    21    23    24    25    26    26    26    26    25
         24    23    22    21    19    17    15    12     9     5     0     0     6    10  1000  1000  1000  1000  1000  1000
       1000  1000  1000  1000  1000  1000  1000  1000  1000  1000  1000  1000  1000  1000  1000  1000  1000  1000  1000  1000
       1000  1000  1000  1000  1000  1000  1000  1000  1000  1000  1000  1000  1000  1000  1000  1000  1000  1000
   4   1000  1000  1000  1000  1000  1000  1000  1000  1000  1000  1000    15    15    15    15    15    15    15    15    15
         15    15    15    15    15    14    14    14    13    13    12    11    10     9     8     7     6     5     3     2
          0     0     0     0     1     2     2     3     3     3     2     1     0    -2    -4    -8   -13     7     5     3
          2     2     4     6     8    11    13    15    17    19    21    23    24    25    26    26    26    26    25    24
         23    22    21    19    17    15    12     9     5     0     0     6    10  1000  1000  1000  1000  1000  1000  1000
       1000  1000  1000  1000  1000  1000  1000  1000  1000  1000  1000  1000  1000  1000  1000  1000  1000  1000  1000  1000
       1000  1000  1000  1000  1000  1000  1000  1000  1000  1000  1000  1000  1000  1000  1000  1000  1000
   5   1000  1000  1000  1000  1000  1000  1000  1000  1000  1000    15    15    15    15    15    15    15    15    15    15
         15    15    15    15    14    14    14    13    13    12    11    10     9     8     7     6     5     3     2     0
          0     0     0     1     2     2     3     3     3     2     1     0    -2    -4    -8   -13     7     5     3     2
          2     4     6     8    11    13    15    17    19    21    23    24    25    26    26    26    26    25    24    23
         22    21    19    17    15    12     9     5     0     0     6    10  1000  1000  1000  1000  1000  1000  1000  1000
       1000  1000  1000  1000  1000  1000  1000  1000  1000  1000  1000  1000  1000  1000  1000  1000  1000  1000  1000  1000
       1000  1000  1000  1000  1000  1000  1000  1000  1000  1000  1000  1000  1000  1000  1000  1000
   6   1000  1000  1000  1000  1000  1000  1000  1000  1000    15    15    15    15    15    15    15    15    15    15    15
         15    15    15    14    14    14    13    13    12    11    10     9     8     7     6     5     3     2     0     0
          0     0     1     2     2     3     3     3     2     1     0    -2    -4    -8   -13     7     5     3     2     2
          4     6     8    11    13    15    17    19    21    23    24    25    26    26    26    26    25    24    23    22
         21    19    17    15    12     9     5     0     0     6    10  1000  1000  1000  1000  1000  1000  1000  1000  1000
       1000  1000  1000  1000  1000  1000  1000  1000  1000  1000  1000  1000  1000  1000  1000  1000  1000  1000  1000  1000
       1000  1000  1000  1000  1000  1000  1000  1000  1000  1000  1000  1000  1000  1000  1000
   7   1000  1000  1000  1000  1000  1000  1000  1000    15    15    15    15    15    15    15    15    15    15    15    15
         15    15    14    14    14    13    13    12    11    10     9     8     7     6     5     3     2     0     0     0
          0     1     2     2     3     3     3     2     1     0    -2    -4    -8   -13     7     5     3     2     2     4
          6     8    11    13    15    17    19    21    23    24    25    26    26    26    26    25    24    23    22    21
         19    17    15    12     9     5     0     0     6    10  1000  1000  1000  1000  1000  1000  1000  1000  1000  1000
       1000  1000  1000  1000  1000  1000  1000  1000  1000  1000  1000  1000  1000  1000  1000  1000  1000  1000  1000  1000
       1000  1000  1000  1000  1000  1000  1000  1000  1000  1000  1000  1000  1000  1000
   8   1000  1000  1000  1000  1000  1000  1000    15    15    15    15    15    15    15    15    15    15    15    15    15
         15    14    14    14    13    13    12    11    10     9     8     7     6     5     3     2     0     0     0     0
          1     2     2     3     3     3     2     1     0    -2    -4    -8   -13     7     5     3     2     2     4     6
          8    11    13    15    17    19    21    23    24    25    26    26    26    26    25    24    23    22    21    19
         17    15    12     9     5     0     0     6    10  1000  1000  1000  1000  1000  1000  1000  1000  1000  1000  1000
       1000  1000  1000  1000  1000  1000  1000  1000  1000  1000  1000  1000  1000  1000  1000  1000  1000  1000  1000  1000
       1000  1000  1000  1000  1000  1000  1000  1000  1000  1000  1000  1000  1000
   9   1000  1000  1000  1000  1000  1000    15    15    15    15    15    15    15    15    15    15    15    15    15    15
         14    14    14    13    13    12    11    10     9     8     7     6     5     3     2     0     0     0     0     1
          2     2     3     3     3     2     1     0    -2    -4    -8   -13     7     5     3     2     2     4     6     8
         11    13    15    17    19    21    23    24    25    26    26    26    26    25    24    23    22    21    19    17
         15    12     9     5     0     0     6    10  1000  1000  1000  1000  1000  1000  1000  1000  1000  1000  1000  1000
       1000  1000  1000  1000  1000  1000  1000  1000  1000  1000  1000  1000  1000  1000  1000  1000  1000  1000  1000  1000
       1000  1000  1000  1000  1000  1000  1000  1000  1000  1000  1000  1000
  10   1000  1000  1000  1000  1000    15    15    15    15    15    15    15    15    15    15    15    15    15    15    14
         14    14    13    13    12    11    10     9     8     7     6     5     3     2     0     0     0     0     1     2
          2     3     3     3     2     1     0    -2    -4    -8   -13     7     5     3     2     2     4     6     8    11
         13    15    17    19    21    23    24    25    26    26    26    26    25    24    23    22    21    19    17    15
         12     9     5     0     0     6    10  1000  1000  1000  1000  1000  1000  1000  1000  1000  1000  1000  1000  1000
       1000  1000  1000  1000  1000  1000  1000  1000  1000  1000  1000  1000  1000  1000  1000  1000  1000  1000  1000  1000
       1000  1000  1000  1000  1000  1000  1000  1000  1000  1000  1000
  11   1000  1000  1000  1000    15    15    15    15    15    15    15    15    15    15    15    15    15    15    14    14
         14    13    13    12    11    10     9     8     7     6     5     3     2     0     0     0     0     1     2     2
          3     3     3     2     1     0    -2    -4    -8   -13     7     5     3     2     2     4     6     8    11    13
         15    17    19    21    23    24    25    26    26    26    26    25    24    23    22    21    19    17    15    12
          9     5     0     0     6    10  1000  1000  1000  1000  1000  1000  1000  1000  1000  1000  1000  1000  1000  1000
       1000  1000  1000  1000  1000  1000  1000  1000  1000  1000  1000  1000  1000  1000  1000  1000  1000  1000  1000  1000
       1000  1000  1000  1000  1000  1000  1000  1000  1000  1000
  12   1000  1000  1000    15    15    15    15    15    15    15    15    15    15    15    15    15    15    14    14    14
         13    13    12    11    10     9     8     7     6     5     3     2     0     0     0     0     1     2     2     3
          3     3     2     1     0    -2    -4    -8   -13     7     5     3     2     2     4     6     8    11    13    15
         17    19    21    23    24    25    26    26    26    26    25    24    23    22    21    19    17    15    12     9
          5     0     0     6    10  1000  1000  1000  1000  1000  1000  1000  1000  1000  1000  1000  1000  1000  1000  1000
       1000  1000  1000  1000  1000  1000  1000  1000  1000  1000  1000  1000  1000  1000  1000  1000  1000  1000  1000  1000
       1000  1000  1000  1000  1000  1000  1000  1000  1000
  13   1000  1000    15    15    15    15    15    15    15    15    15    15    15    15    15    15    14    14    14    13
         13    12    11    10     9     8     7     6     5     3     2     0     0     0     0     1     2     2     3     3
          3     2     1     0    -2    -4    -8   -13     7     5     3     2     2     4     6     8    11    13    15    17
         19    21    23    24    25    26    26    26    26    25    24    23    22    21    19    17    15    12     9     5
          0     0     6    10  1000  1000  1000  1000  1000  1000  1000  1000  1000  1000  1000  1000  1000  1000  1000  1000
       1000  1000  1000  1000  1000  1000  1000  1000  1000  1000  1000  1000  1000  1000  1000  1000  1000  1000  1000  1000
       1000  1000  1000  1000  1000  1000  1000  1000
  14   1000    15    15    15    15    15    15    15    15    15    15    15    15    15    15    14    14    14    13    13
         12    11    10     9     8     7     6     5     3     2     0     0     0     0     1     2     2     3     3     3
          2     1     0    -2    -4    -8   -13     7     5     3     2     2     4     6     8    11    13    15    17    19
         21    23    24    25    26    26    26    26    25    24    23    22    21    19    17    15    12     9     5     0
          0     6    10  1000  1000  1000  1000  1000  1000  1000  1000  1000  1000  1000  1000  1000  1000  1000  1000  1000
       1000  1000  1000  1000  1000  1000  1000  1000  1000  1000  1000  1000  1000  1000  1000  1000  1000  1000  1000  1000
       1000  1000  1000  1000  1000  1000  1000
  15   1000   988   952   895   821   735   641   546   454   368   291   225   169   124    89    62    43    29    19    12
          8     5     3     2     1     1     0     0     0     0     0     0     0     0     0     0     0     0     0     0
          0     0     0     0     0     0     0     0     0     0     0     0     0     0     0     0     0     0     0     0
          0     0     0     0     0     0     0     0     0     0     0     0     0     0     0     0     0     0     0     0
          0     0    15    15    15    15    15    15    15    15    15    15    15    15    15    15    15    15    15    15
         15    15    15    15    15    15    15    15    15    15    15    15    15    15    15    15    15    15    15    15
         15    15    15    15    15    15
  16   1000   988   952   895   821   735   641   546   454   368   291   225   169   124    89    63    43    29    19    12
          8     5     3     2     1     1     1     0     0     0     0     0     0     0     0     0     0     0     0     0
          0     0     0     0     0     0     0     0     0     0     0     0     0     0     0     0     0     0     0     0
          0     0     0     0     0     0     0     0     0     0     0     0     0     0     0     0     0     0     0     0
          0    15    15    15    15    15    15    15    15    15    15    15    15    15    15    15    15    15    15    15
         15    15    15    15    15    15    15    15    15    15    15    15    15    15    15    15    15    15    15    15
         15    15    15    15    15
  17   1000   988   952   895   821   735   641   546   454   368   291   225   169   125    89    63    43    29    19    13
          8     5     3     2     1     1     1     0     0     0     0     0     0     0     0     0     0     0     0     0
          0     0     0     0     0     0     0     0     0     0     0     0     0     0     0     0     0     0     0     0
          0     0     0     0     0     0     0     0     0     0     0     0     0     0     0     0     0     0     0     0
         15    15    15    15    15    15    15    15    15    15    15    15    15    15    15    15    15    15    15    15
         15    15    15    15    15    15    15    15    15    15    15    15    15    15    15    15    15    15    15    15
         15    15    15    15
  18   1000   988   952   895   821   735   641   546   454   368   291   225   169   125    90    63    44    30    20    13
          9     6     4     2     2     1     0     0     0     0     0     0     0     0     0     0     0     0     0     0
          0     0     0     0     0     0     0     0     0     0     0     0     0     0     0     0     0     0     0     0
          0     0     0     0     0     0     0     0     0     0     0     0     0     0     0     0     0     0     0    15
         15    15    15    15    15    15    15    15    15    15    15    15    15    15    15    15    15    15    15    15
         15    15    15    15    15    15    15    15    15    15    15    15    15    15    15    15    15    15    15    15
         15    15    15
  19   1000   988   952   895   821   735   641   546   454   368   291   225   170   125    90    64    44    30    20    14
          9     6     4     3     2     1     0     0     0     0     0     0     0     0     0     0     0     0     0     0
          0     0     0     0     0     0     0     0     0     0     0     0     0     0     0     0     0     0     0     0
          0     0     0     0     0     0     0     0     0     0     0     0     0     0     0     0     0     0    15    15
         15    15    15    15    15    15    15    15    15    15    15    15    15    15    15    15    15    15    15    15
         15    15    15    15    15    15    15    15    15    15    15    15    15    15    15    15    15    15    15    15
         15    15
  20   1000   988   952   895   821   735   641   546   454   368   292   225   170   126    91    65    45    31    21    15
         10     7     4     3     2     0     0     0     0     0     0     0     0     0     0     0     0     0     0     0
          0     0     0     0     0     0     0     0     0     0     0     0     0     0     0     0     0     0     0     0
          0     0     0     0     0     0     0     0     0     0     0     0     0     0     0     0     0    15    15    15
         15    15    15    15    15    15    15    15    15    15    15    15    15    15    15    15    15    15    15    15
         15    15    15    15    15    15    15    15    15    15    15    15    15    15    15    15    15    15    15    15
         15
  21   1000   988   952   895   821   735   641   546   454   369   292   226   171   127    93    66    47    33    23    16
         11     7     5     3     0     0     0     0     0     0     0     0     0     0     0     0     0     0     0     0
          0     0     0     0     0     0     0     0     0     0     0     0     0     0     0     0     0     0     0     0
          0     0     0     0     0     0     0     0     0     0     0     0     0     0     0     0    15    15    15    15
         15    15    15    15    15    15    15    15    15    15    15    15    15    15    15    15    15    15    15    15
         15    15    15    15    15    15    15    15    15    15    15    15    15    15    15    15    15    15    15    15
  22   1000   988   952   895   821   735   641   547   455   369   293   227   173   129    95    69    49    35    25    17
         12     8     5     0    -1    -2    -1    -1     0     0     0     0     0     0     0     0     0     0     0     0
          0     0     0     0     0     0     0     0     0     0     0     0     0     0     0     0     0     0     0     0
          0     0     0     0     0     0     0     0     0     0     0     0     0     0     0    15    15    15    15    15
         15    15    15    15    15    15    15    15    15    15    15    15    15    15    15    15    15    15    15    15
         15    15    15    15    15    15    15    15    15    15    15    15    15    15    15    15    15    15    15
  23   1000   988   952   895   821   735   642   547   455   370   295   230   176   132    98    72    52    38    27    19
         13     8     1    -3    -3    -3    -2    -1    -1    -1     0     0     0     0     0     0     0     0     0     0
          0     0     0     0     0     0     0     0     0     0     0     0     0     0     0     0     0     0     0     0
          0     0     0     0     0     0     0     0     0     0     0     0     0     0    15    15    15    15    15    15
         15    15    15    15    15    15    15    15    15    15    15    15    15    15    15    15    15    15    15    15
         15    15    15    15    15    15    15    15    15    15    15    15    15    15    15    15    15    15
  24   1000   988   952   895   821   735   642   548   457   372   297   233   179   136   102    76    56    41    30    21
         12     1    -5    -6    -5    -4    -3    -2    -2    -1    -1     0     0     0     0     0     0     0     0     0
          0     0     0     0     0     0     0     0     0     0     0     0     0     0     0     0     0     0     0     0
          0     0     0     0     0     0     0     0     0     0     0     0     0    15    15    15    15    15    15    15
         15    15    15    15    15    15    15    15    15    15    15    15    15    15    15    15    15    15    15    15
         15    15    15    15    15    15    15    15    15    15    15    15    15    15    15    15    15
  25   1000   988   952   895   821   735   643   549   459   375   301   238   185   142   108    82    61    45    32    19
          2    -9   -10    -9    -7    -6    -5    -4    -3    -2    -1    -1    -1     0     0     0     0     0     0     0
          0     0     0     0     0     0     0     0     0     0     0     0     0     0     0     0     0     0     0     0
          0     0     0     0     0     0     0     0     0     0     0     0    15    15    15    15    15    15    15    15
         15    15    15    15    15    15    15    15    15    15    15    15    15    15    15    15    15    15    15    15
         15    15    15    15    15    15    15    15    15    15    15    15    15    15    15    15
  26   1000   988   952   895   822   736   645   552   463   380   307   245   192   150   116    89    67    48    29     3
        -14   -17   -15   -12   -10    -8    -6    -5    -4    -3    -2    -2    -1    -1    -1    -1    -1    -1    -1    -1
          0     0     0     0     0     0     0     0     0     0     0     0     0     0     0     0     0     0     0     1
          1     1     1     1     1     1     0     0     0     0     0    15    15    15    15    15    15    15    15    15
         15    15    15    15    15    15    15    15    15    15    15    15    15    15    15    15    15    15    15    15
         15    15    15    15    15    15    15    15    15    15    15    15    15    15    15
  27   1000   988   952   896   822   738   647   556   468   387   315   254   202   159   124    96    70    43     5   -22
        -26   -23   -20   -16   -13   -10    -8    -7    -5    -4    -3    -3    -2    -2    -1    -2    -2    -2    -2     0
          0     0     0     0     0     0     0     0     0     0     0     0     0     1     1     1     1     1     1     1
          1     1     1     1     1     1     1     0     0     0    15    15    15    15    15    15    15    15    15    15
         15    15    15    15    15    15    15    15    15    15    15    15    15    15    15    15    15    15    15    15
         15    15    15    15    15    15    15    15    15    15    15    15    15    15
  28   1000   988   952   896   824   740   651   561   476   397   326   265   214   170   133   100    62     8   -33   -39
        -35   -30   -25   -20   -16   -13   -11    -8    -7    -6    -5    -4    -3    -3    -3    -4    -4    -4    -1     0
          0     0     0     0     0     0     0     0     1     1     1     1     1     1     1     1     1     1     1     1
          1     1     1     1     1     1     0     0     0    15    15    15    15    15    15    15    15    15    15    15
         15    15    15    15    15    15    15    15    15    15    15    15    15    15    15    15    15    15    15    15
         15    15    15    15    15    15    15    15    15    15    15    15    15
  29   1000   988   953   897   826   744   657   569   486   409   340   279   227   181   138    87    11   -47   -57   -52
        -44   -37   -31   -25   -20   -16   -13   -11    -9    -7    -6    -6    -5    -5    -6    -7    -6    -3    -1     0
          0     0     0     0     0     1     1     1     1     1     1     1     1     1     1     1     1     1     1     1
          1     1     2     2     2     0     0     0    14    14    14    14    14    14    14    14    14    14    14    14
         14    14    14    14    14    14    14    14    14    14    14    14    14    14    14    14    14    14    14    14
         14    14    14    14    14    14    14    14    14    14    14    14
  30   1000   988   953   899   829   749   665   580   498   423   355   294   239   185   120    17   -65   -80   -74   -64
        -54   -45   -37   -30   -24   -20   -16   -13   -11   -10    -9    -8    -8    -9   -11    -9    -4    -1     0     0
          0     0     0     1     1     1     1     1     1     1     1     1     1     1     1     1     1     2     2     2
          2     2     2     2     0    -1    -1    14    14    14    14    14    14    14    14    14    14    14    14    14
         14    14    14    14    14    14    14    14    14    14    14    14    14    14    14    14    14    14    14    14
         14    14    14    14    14    14    14    14    14    14    14
  31   1000   988   954   901   833   756   674   592   513   439   371   307   242   160    24   -87  -109  -102   -89   -75
        -63   -52   -43   -35   -29   -23   -19   -16   -14   -13   -12   -12   -13   -16   -14    -6    -3    -1     0     0
          0     1     1     1     1     1     1     1     1     1     1     1     1     1     2     2     2     2     3     3
          3     3     3    -1    -2    -2    14    14    14    14    14    14    14    14    14    14    14    14    14    14
         14    14    14    14    14    14    14    14    14    14    14    14    14    14    14    14    14    14    14    14
         14    14    14    14    14    14    14    14    14    14
  32   1000   988   955   904   839   765   686   607   530   456   384   308   207    33  -113  -145  -137  -120  -103   -87
        -72   -60   -49   -40   -33   -27   -23   -20   -18   -17   -17   -19   -23   -20   -10    -4    -1     0     0     0
          1     1     1     1     1     1     1     1     1     1     1     2     2     2     3     3     3     4     4     4
          5     5    -1    -3    -3    13    13    13    13    13    13    13    13    13    13    13    13    13    13    13
         13    13    13    13    13    13    13    13    13    13    13    13    13    13    13    13    13    13    13    13
         13    13    13    13    13    13    13    13    13
  33   1000   989   957   908   845   774   699   622   545   467   382   261    45  -143  -187  -179  -158  -137  -116   -97
        -81   -67   -55   -45   -37   -32   -27   -25   -23   -24   -27   -32   -28   -14    -6    -2     0     0     0     1
          1     1     1     1     1     1     1     1     2     2     2     3     3     3     4     4     5     5     6     6
          7    -2    -4    -4    13    13    13    13    13    13    13    13    13    13    13    13    13    13    13    13
         13    13    13    13    13    13    13    13    13    13    13    13    13    13    13    13    13    13    13    13
         13    13    13    13    13    13    13    13
  34   1000   989   959   912   852   785   711   635   554   460   321    60  -176  -234  -226  -203  -176  -151  -127  -106
        -88   -73   -60   -50   -42   -37   -33   -32   -33   -36   -44   -37   -19    -9    -4    -1     0     0     1     1
          1     1     2     2     2     2     2     2     2     3     3     4     4     5     6     7     7     8     9     9
         -3    -6    -6    12    12    12    12    12    12    12    12    12    12    12    12    12    12    12    12    12
         12    12    12    12    12    12    12    12    12    12    12    12    12    12    12    12    12    12    12    12
         12    12    12    12    12    12    12
  35   1000   990   961   916   860   794   721   640   542   386    78  -209  -285  -279  -253  -222  -191  -162  -136  -114
        -94   -78   -66   -56   -49   -44   -42   -43   -49   -58   -50   -25   -12    -5    -2     0     0     1     2     2
          2     2     2     2     2     2     3     3     4     4     5     6     7     8     9    10    11    11    12    -4
         -9    -8    11    11    11    11    11    11    11    11    11    11    11    11    11    11    11    11    11    11
         11    11    11    11    11    11    11    11    11    11    11    11    11    11    11    11    11    11    11    11
         11    11    11    11    11    11
  36   1000   990   963   920   866   800   723   623   453   100  -241  -337  -336  -307  -272  -237  -202  -171  -144  -120
       -100   -84   -72   -63   -57   -55   -56   -63   -76   -65   -33   -16    -7    -3     0     0     1     2     2     2
          2     2     2     3     3     3     4     5     5     6     7     9    10    11    12    14    15    15    -6   -12
        -11    10    10    10    10    10    10    10    10    10    10    10    10    10    10    10    10    10    10    10
         10    10    10    10    10    10    10    10    10    10    10    10    10    10    10    10    10    10    10    10
         10    10    10    10    10
  37   1000   991   965   924   869   799   700   522   127  -270  -389  -393  -365  -326  -286  -247  -211  -178  -150  -126
       -106   -91   -80   -73   -70   -72   -81   -97   -84   -43   -21   -10    -4    -1     0     2     2     3     3     3
          3     3     3     4     4     5     6     7     8     9    11    13    14    16    18    19    20    -8   -15   -14
          9     9     9     9     9     9     9     9     9     9     9     9     9     9     9     9     9     9     9     9
          9     9     9     9     9     9     9     9     9     9     9     9     9     9     9     9     9     9     9     9
          9     9     9     9
  38   1000   991   966   924   865   772   590   159  -293  -437  -450  -423  -383  -339  -295  -254  -216  -183  -155  -132
       -114  -101   -92   -89   -92  -104  -125  -108   -55   -27   -13    -6    -1     0     2     3     3     4     4     4
          4     4     5     5     6     7     9    10    12    14    16    18    20    22    24    25   -10   -20   -19     8
          8     8     8     8     8     8     8     8     8     8     8     8     8     8     8     8     8     8     8     8
          8     8     8     8     8     8     8     8     8     8     8     8     8     8     8     8     8     8     8     8
          8     8     8
  39   1000   991   965   919   837   657   199  -306  -478  -502  -479  -439  -393  -346  -300  -258  -220  -188  -161  -140
       -125  -115  -112  -116  -132  -159  -138   -71   -35   -17    -8    -2     0     2     4     4     4     5     5     5
          5     6     7     8     9    11    13    15    18    20    23    26    28    31    32   -14   -26   -24     7     7
          7     7     7     7     7     7     7     7     7     7     7     7     7     7     7     7     7     7     7     7
          7     7     7     7     7     7     7     7     7     7     7     7     7     7     7     7     7     7     7     7
          7     7
  40   1000   991   961   894   723   249  -304  -507  -546  -529  -492  -446  -397  -348  -303  -261  -225  -195  -171  -154
       -144  -141  -147  -168  -204  -178   -92   -46   -23   -11    -3     0     3     4     5     5     6     6     6     7
          7     8    10    12    14    16    19    23    26    30    33    37    39    41   -18   -33   -31     6     6     6
          6     6     6     6     6     6     6     6     6     6     6     6     6     6     6     6     6     6     6     6
          6     6     6     6     6     6     6     6     6     6     6     6     6     6     6     6     6     6     6     6
          6
  41   1000   989   942   791   316  -279  -517  -574  -568  -537  -494  -446  -396  -349  -305  -266  -233  -208  -190  -179
       -177  -187  -216  -265  -233  -122   -61   -31   -15    -5     0     3     5     6     7     7     7     8     8     9
         11    13    15    18    21    25    29    34    39    43    48    51    54   -23   -43   -41     5     5     5     5
          5     5     5     5     5     5     5     5     5     5     5     5     5     5     5     5     5     5     5     5
          5     5     5     5     5     5     5     5     5     5     5     5     5     5     5     5     5     5     5     5
  42   1000   981   864   411  -215  -491  -573  -584  -563  -528  -484  -438  -392  -348  -309  -277  -251  -233  -225  -227
       -243  -285  -353  -314  -166   -85   -44   -22    -9    -1     3     6     8     9     9    10    10    11    12    14
         17    20    24    29    34    39    45    52    58    64    69    72   -32   -59   -56     3     3     3     3     3
          3     3     3     3     3     3     3     3     3     3     3     3     3     3     3     3     3     3     3     3
          3     3     3     3     3     3     3     3     3     3     3     3     3     3     3     3     3     3     3
  43   1000   943   560   -75  -394  -510  -545  -544  -524  -493  -456  -418  -381  -348  -320  -300  -287  -285  -295  -325
       -389  -493  -447  -241  -125   -67   -35   -16    -4     3     7    10    11    12    13    14    15    17    20    24
         28    34    40    47    55    64    73    82    90    97   102   -45   -83   -79     2     2     2     2     2     2
          2     2     2     2     2     2     2     2     2     2     2     2     2     2     2     2     2     2     2     2
          2     2     2     2     2     2     2     2     2     2     2     2     2     2     2     2     2     2
  44   1000   798   233  -122  -282  -356  -389  -399  -397  -387  -373  -359  -346  -337  -334  -339  -355  -386  -444  -550
       -719  -670  -371  -198  -110   -61   -31   -12     0     7    12    15    16    18    20    22    25    29    35    42
         50    60    70    82    95   108   121   133   143   151   -67  -124  -118     0     0     0     0     0     0     0
          0     0     0     0     0     0     0     0     0     0     0     0     0     0     0     0     0     0     0     0
          0     0     0     0     0     0     0     0     0     0     0     0     0     0     0     0     0
  45   1000   765   475   298   187   109    49     0   -45   -85  -124  -162  -201  -241  -286  -339  -407  -507  -669  -920
       -895  -515  -287  -167   -98   -55   -27    -9     2    10    15    18    21    24    27    32    38    46    55    66
         78    92   108   124   142   159   175   188   198   -88  -163  -155     0     0     0     0     0     0     0     0
          0     0     0     0     0     0     0     0     0     0     0     0     0     0     0     0     0     0     0     0
          0     0     0     0     0     0     0     0     0     0     0     0     0     0     0     0
  46   1000   926   827   740   659   581   502   422   340   259   178   100    24   -50  -127  -212  -319  -476  -714  -743
       -452  -265  -163  -102   -63   -37   -19    -7     0     6    10    14    17    21    25    30    36    44    53    63
         75    87   101   115   129   142   152   161   -71  -132  -125     0     0     0     0     0     0     0     0     0
          0     0     0     0     0     0     0     0     0     0     0     0     0     0     0     0     0     0     0     0
          0     0     0     0     0     0     0     0     0     0     0     0     0     0     0
  47   1000   976   931   875   811   738   658   572   482   392   304   218   136    56   -26  -121  -251  -444  -514  -338
       -211  -138   -93   -62   -41   -26   -15    -7    -1     2     6     9    12    15    19    24    29    35    42    50
         58    67    77    86    95   102   107   -47   -88   -83     0     0     0     0     0     0     0     0     0     0
          0     0     0     0     0     0     0     0     0     0     0     0     0     0     0     0     0     0     0     0
          0     0     0     0     0     0     0     0     0     0     0     0     0     0
  48   1000   987   956   910   850   780   700   614   524   434   346   261   180    99    10  -103  -273  -375  -274  -184
       -129   -92   -66   -47   -33   -22   -14    -8    -3     0     3     6     9    12    16    20    24    29    34    40
         47    53    60    66    71    74   -32   -61   -57     1     1     1     1     1     1     1     1     1     1     1
          1     1     1     1     1     1     1     1     1     1     1     1     1     1     1     1     1     1     1     1
          1     1     1     1     1     1     1     1     1     1     1     1     1
  49   1000   990   962   919   861   791   711   626   537   449   363   280   198   111     3  -159  -293  -243  -178  -132
        -99   -74   -56   -41   -30   -21   -14    -8    -4     0     2     5     8    11    14    17    21    25    29    34
         39    43    48    51    54   -23   -44   -41     2     2     2     2     2     2     2     2     2     2     2     2
          2     2     2     2     2     2     2     2     2     2     2     2     2     2     2     2     2     2     2     2
          2     2     2     2     2     2     2     2     2     2     2     2
  50   1000   991   964   921   863   793   714   629   542   456   372   288   201    93   -71  -242  -234  -185  -144  -113
        -88   -69   -53   -40   -29   -21   -14    -9    -5    -1     1     4     7     9    12    15    18    21    25    28
         32    35    38    40   -17   -32   -30     2     2     2     2     2     2     2     2     2     2     2     2     2
          2     2     2     2     2     2     2     2     2     2     2     2     2     2     2     2     2     2     2     2
          2     2     2     2     2     2     2     2     2     2     2
  51   1000   991   964   921   863   793   715   632   547   462   377   287   177     3  -209  -239  -202  -165  -133  -107
        -85   -67   -52   -40   -29   -21   -14    -9    -5    -1     1     4     6     8    11    13    16    18    21    23
         26    28    29   -12   -23   -22     3     3     3     3     3     3     3     3     3     3     3     3     3     3
          3     3     3     3     3     3     3     3     3     3     3     3     3     3     3     3     3     3     3     3
          3     3     3     3     3     3     3     3     3     3
  52   1000   991   964   921   863   793   717   635   551   465   374   260    73  -186  -254  -229  -193  -160  -132  -107
        -86   -68   -52   -40   -29   -21   -14    -9    -4    -1     1     3     5     7     9    11    13    15    17    18
         20    21    -8   -16   -15     3     3     3     3     3     3     3     3     3     3     3     3     3     3     3
          3     3     3     3     3     3     3     3     3     3     3     3     3     3     3     3     3     3     3     3
          3     3     3     3     3     3     3     3     3
  53   1000   991   964   920   863   795   720   639   555   462   344   140  -171  -278  -263  -229  -194  -162  -133  -108
        -86   -68   -52   -39   -28   -20   -13    -8    -4    -1     0     2     4     5     7     8     9    11    12    13
         13    -5   -10    -9     3     3     3     3     3     3     3     3     3     3     3     3     3     3     3     3
          3     3     3     3     3     3     3     3     3     3     3     3     3     3     3     3     3     3     3     3
          3     3     3     3     3     3     3     3
  54   1000   991   964   921   865   798   724   642   550   429   207  -161  -309  -305  -272  -234  -198  -165  -135  -109
        -87   -67   -51   -38   -27   -19   -12    -8    -4    -2     0     1     2     3     4     4     5     6     6     7
         -1    -4    -4     2     2     2     2     2     2     2     2     2     2     2     2     2     2     2     2     2
          2     2     2     2     2     2     2     2     2     2     2     2     2     2     2     2     2     2     2     2
          2     2     2     2     2     2     2
  55   1000   991   964   923   868   802   726   637   513   274  -153  -344  -352  -320  -280  -240  -202  -167  -136  -109
        -85   -65   -49   -35   -25   -17   -12    -8    -5    -3    -1     0     0     0     0     0     0     0     1     1
          0     0     1     1     1     1     1     1     1     1     1     1     1     1     1     1     1     1     1     1
          1     1     1     1     1     1     1     1     1     1     1     1     1     1     1     1     1     1     1     1
          1     1     1     1     1     1
  56   1000   991   965   924   870   803   719   596   341  -146  -381  -403  -373  -331  -286  -244  -204  -167  -135  -106
        -82   -62   -45   -33   -23   -16   -11    -8    -6    -5    -4    -4    -4    -4    -4    -4    -5    -5     4     5
          5     0     0     0     0     0     0     0     0     0     0     0     0     0     0     0     0     0     0     0
          0     0     0     0     0     0     0     0     0     0     0     0     0     0     0     0     0     0     0     0
          0     0     0     0     0
  57   1000   991   966   925   870   794   675   408  -136  -418  -454  -428  -385  -337  -290  -244  -202  -164  -130  -101
        -77   -57   -42   -30   -21   -16   -12    -9    -8    -7    -7    -8    -9    -9   -10   -11   -11     7    10    10
         -2    -2    -2    -2    -2    -2    -2    -2    -2    -2    -2    -2    -2    -2    -2    -2    -2    -2    -2    -2
         -2    -2    -2    -2    -2    -2    -2    -2    -2    -2    -2    -2    -2    -2    -2    -2    -2    -2    -2    -2
         -2    -2    -2    -2
  58   1000   992   966   924   860   749   474  -122  -451  -504  -483  -440  -390  -339  -288  -240  -197  -157  -123   -94
        -70   -52   -38   -28   -21   -16   -13   -12   -12   -12   -13   -14   -15   -16   -17   -18    10    16    15    -4
         -4    -4    -4    -4    -4    -4    -4    -4    -4    -4    -4    -4    -4    -4    -4    -4    -4    -4    -4    -4
         -4    -4    -4    -4    -4    -4    -4    -4    -4    -4    -4    -4    -4    -4    -4    -4    -4    -4    -4    -4
         -4    -4    -4
  59   1000   991   965   915   815   541  -100  -476  -548  -535  -494  -443  -389  -334  -282  -232  -187  -147  -114   -86
        -64   -47   -35   -26   -21   -18   -16   -16   -17   -18   -20   -22   -24   -25   -26    14    23    22    -8    -8
         -8    -8    -8    -8    -8    -8    -8    -8    -8    -8    -8    -8    -8    -8    -8    -8    -8    -8    -8    -8
         -8    -8    -8    -8    -8    -8    -8    -8    -8    -8    -8    -8    -8    -8    -8    -8    -8    -8    -8    -8
         -8    -8
  60   1000   990   958   875   610   -64  -486  -582  -579  -544  -494  -438  -381  -324  -269  -219  -174  -136  -103   -78
        -58   -43   -33   -27   -23   -22   -22   -23   -25   -28   -31   -33   -35   -36    20    32    30   -13   -13   -13
        -13   -13   -13   -13   -13   -13   -13   -13   -13   -13   -13   -13   -13   -13   -13   -13   -13   -13   -13   -13
        -13   -13   -13   -13   -13   -13   -13   -13   -13   -13   -13   -13   -13   -13   -13   -13   -13   -13   -13   -13
        -13
  61   1000   988   928   686    -5  -473  -596  -608  -581  -536  -482  -424  -364  -306  -251  -202  -158  -122   -92   -69
        -53   -41   -34   -30   -29   -29   -31   -34   -38   -42   -46   -49   -50    27    44    41     7     7     7     7
          7     7     7     7     7     7     7     7     7     7     7     7     7     7     7     7     7     7     7     7
          7     7     7     7     7     7     7     7     7     7     7     7     7     7     7     7     7     7     7     7
  62   1000   974   777    97  -416  -573  -606  -593  -557  -509  -453  -395  -336  -279  -227  -180  -140  -108   -83   -64
        -52   -44   -40   -39   -41   -44   -48   -54   -60   -65   -69   -71    38    62    58     5     5     5     5     5
          5     5     5     5     5     5     5     5     5     5     5     5     5     5     5     5     5     5     5     5
          5     5     5     5     5     5     5     5     5     5     5     5     5     5     5     5     5     5     5
  63   1000   896   292  -258  -459  -524  -534  -517  -483  -439  -389  -336  -284  -234  -189  -150  -118   -93   -75   -63
        -57   -54   -55   -59   -65   -72   -81   -89   -98  -104  -108    57    92    87     3     3     3     3     3     3
          3     3     3     3     3     3     3     3     3     3     3     3     3     3     3     3     3     3     3     3
          3     3     3     3     3     3     3     3     3     3     3     3     3     3     3     3     3     3
  64   1000   678   165   -80  -191  -242  -262  -263  -253  -234  -210  -184  -157  -132  -110   -92   -78   -70   -66   -66
        -70   -76   -86   -97  -111  -125  -139  -153  -164  -170    89   145   137     2     2     2     2     2     2     2
          2     2     2     2     2     2     2     2     2     2     2     2     2     2     2     2     2     2     2     2
          2     2     2     2     2     2     2     2     2     2     2     2     2     2     2     2     2
  65   1000   830   653   538   456   392   338   289   244   203   164   129    97    68    43    21     0   -17   -34   -50
        -66   -83  -100  -118  -136  -153  -169  -181  -191   100   163   154     2     2     2     2     2     2     2     2
          2     2     2     2     2     2     2     2     2     2     2     2     2     2     2     2     2     2     2     2
          2     2     2     2     2     2     2     2     2     2     2     2     2     2     2     2
  66   1000   961   904   845   784   720   651   579   504   429   356   287   224   168   120    79    46    18    -5   -25
        -42   -59   -74   -89  -102  -114  -123  -127    66   113   107     4     4     4     4     4     4     4     4     4
          4     4     4     4     4     4     4     4     4     4     4     4     4     4     4     4     4     4     4     4
          4     4     4     4     4     4     4     4     4     4     4     4     4     4     4
  67   1000   985   953   910   855   791   718   638   554   470   388   311   242   182   131    89    55    28     6   -11
        -27   -40   -52   -63   -73   -80   -84    44    72    69     6     6     6     6     6     6     6     6     6     6
          6     6     6     6     6     6     6     6     6     6     6     6     6     6     6     6     6     6     6     6
          6     6     6     6     6     6     6     6     6     6     6     6     6     6
  68   1000   990   964   924   870   804   727   643   555   467   382   304   236   177   128    88    56    31    11    -5
        -19   -30   -40   -49   -55   -59    31    53    50     8     8     8     8     8     8     8     8     8     8     8
          8     8     8     8     8     8     8     8     8     8     8     8     8     8     8     8     8     8     8     8
          8     8     8     8     8     8     8     8     8     8     8     8     8
  69   1000   991   967   926   870   801   721   633   543   453   369   292   225   169   123    85    56    32    13    -1
        -13   -24   -32   -39   -43    22    40    39    11    11    11    11    11    11    11    11    11    11    11    11
         11    11    11    11    11    11    11    11    11    11    11    11    11    11    11    11    11    11    11    11
         11    11    11    11    11    11    11    11    11    11    11    11
  70   1000   992   966   924   865   793   709   619   527   438   355   280   216   163   119    84    56    34    16     1
         -9   -19   -26   -32    16    31    31    13    13    13    13    13    13    13    13    13    13    13    13    13
         13    13    13    13    13    13    13    13    13    13    13    13    13    13    13    13    13    13    13    13
         13    13    13    13    13    13    13    13    13    13    13
  71   1000   991   964   920   858   783   697   605   513   425   344   272   211   160   118    85    58    36    19     4
         -6   -15   -22    11    25    25    15    15    15    15    15    15    15    15    15    15    15    15    15    15
         15    15    15    15    15    15    15    15    15    15    15    15    15    15    15    15    15    15    15    15
         15    15    15    15    15    15    15    15    15    15
  72   1000   991   963   915   851   773   686   594   502   416   337   268   209   160   120    87    61    39    21     6
         -5   -14     5    20    22    17    17    17    17    17    17    17    17    17    17    17    17    17    17    17
         17    17    17    17    17    17    17    17    17    17    17    17    17    17    17    17    17    17    17    17
         17    17    17    17    17    17    17    17    17
  73   1000   990   960   911   845   765   677   585   495   411   335   268   212   164   124    91    64    41    22     6
         -5     0    16    19    19    19    19    19    19    19    19    19    19    19    19    19    19    19    19    19
         19    19    19    19    19    19    19    19    19    19    19    19    19    19    19    19    19    19    19    19
         19    19    19    19    19    19    19    19
  74   1000   990   959   908   840   759   671   581   493   412   338   273   218   170   130    96    67    42    21     3
         -6    12    18    21    21    21    21    21    21    21    21    21    21    21    21    21    21    21    21    21
         21    21    21    21    21    21    21    21    21    21    21    21    21    21    21    21    21    21    21    21
         21    21    21    21    21    21    21
  75   1000   989   957   905   837   756   670   582   497   417   345   282   226   178   136    99    66    39    14   -14
          9    17    23    23    23    23    23    23    23    23    23    23    23    23    23    23    23    23    23    23
         23    23    23    23    23    23    23    23    23    23    23    23    23    23    23    23    23    23    23    23
         23    23    23    23    23    23
  76   1000   989   956   904   836   757   672   587   504   427   356   292   235   184   138    97    61    28   -25     5
         17    24    24    24    24    24    24    24    24    24    24    24    24    24    24    24    24    24    24    24
         24    24    24    24    24    24    24    24    24    24    24    24    24    24    24    24    24    24    24    24
         24    24    24    24    24
  77   1000   989   956   904   837   761   679   596   515   439   368   303   243   187   135    89    46   -39     0    18
         25    25    25    25    25    25    25    25    25    25    25    25    25    25    25    25    25    25    25    25
         25    25    25    25    25    25    25    25    25    25    25    25    25    25    25    25    25    25    25    25
         25    25    25    25
  78   1000   989   956   906   841   767   688   607   528   452   379   310   244   181   123    68   -57    -6    18    26
         26    26    26    26    26    26    26    26    26    26    26    26    26    26    26    26    26    26    26    26
         26    26    26    26    26    26    26    26    26    26    26    26    26    26    26    26    26    26    26    26
         26    26    26
  79   1000   989   958   909   846   775   698   620   540   462   385   309   235   164    95   -80   -15    16    26    26
         26    26    26    26    26    26    26    26    26    26    26    26    26    26    26    26    26    26    26    26
         26    26    26    26    26    26    26    26    26    26    26    26    26    26    26    26    26    26    26    26
         26    26
  80   1000   989   959   912   852   784   709   630   549   466   382   296   212   129  -107   -28    13    26    26    26
         26    26    26    26    26    26    26    26    26    26    26    26    26    26    26    26    26    26    26    26
         26    26    26    26    26    26    26    26    26    26    26    26    26    26    26    26    26    26    26    26
         26
  81   1000   990   961   916   858   791   716   636   550   459   364   267   168  -140   -46     6    26    26    26    26
         26    26    26    26    26    26    26    26    26    26    26    26    26    26    26    26    26    26    26    26
         26    26    26    26    26    26    26    26    26    26    26    26    26    26    26    26    26    26    26    26
  82   1000   990   963   919   863   796   719   633   539   436   328   215  -178   -70    -6    25    25    25    25    25
         25    25    25    25    25    25    25    25    25    25    25    25    25    25    25    25    25    25    25    25
         25    25    25    25    25    25    25    25    25    25    25    25    25    25    25    25    25    25    25
  83   1000   991   964   922   865   796   714   619   512   396   269  -223  -102   -25    24    24    24    24    24    24
         24    24    24    24    24    24    24    24    24    24    24    24    24    24    24    24    24    24    24    24
         24    24    24    24    24    24    24    24    24    24    24    24    24    24    24    24    24    24
  84   1000   991   965   922   864   789   698   590   468   331  -273  -142   -52    23    23    23    23    23    23    23
         23    23    23    23    23    23    23    23    23    23    23    23    23    23    23    23    23    23    23    23
         23    23    23    23    23    23    23    23    23    23    23    23    23    23    23    23    23
  85   1000   991   964   920   856   772   668   544   400  -329  -193   -90    22    22    22    22    22    22    22    22
         22    22    22    22    22    22    22    22    22    22    22    22    22    22    22    22    22    22    22    22
         22    22    22    22    22    22    22    22    22    22    22    22    22    22    22    22
  86   1000   991   963   914   841   745   624   476  -392  -255  -141    21    21    21    21    21    21    21    21    21
         21    21    21    21    21    21    21    21    21    21    21    21    21    21    21    21    21    21    21    21
         21    21    21    21    21    21    21    21    21    21    21    21    21    21    21
  87   1000   990   959   902   818   705   560  -459  -329  -206    19    19    19    19    19    19    19    19    19    19
         19    19    19    19    19    19    19    19    19    19    19    19    19    19    19    19    19    19    19    19
         19    19    19    19    19    19    19    19    19    19    19    19    19    19
  88   1000   989   952   886   787   650  -531  -418  -288    17    17    17    17    17    17    17    17    17    17    17
         17    17    17    17    17    17    17    17    17    17    17    17    17    17    17    17    17    17    17    17
         17    17    17    17    17    17    17    17    17    17    17    17    17
  89   1000   987   943   865   743  -605  -520  -387    15    15    15    15    15    15    15    15    15    15    15    15
         15    15    15    15    15    15    15    15    15    15    15    15    15    15    15    15    15    15    15    15
         15    15    15    15    15    15    15    15    15    15    15    15
  90   1000   984   933   835  -676  -631  -502    12    12    12    12    12    12    12    12    12    12    12    12    12
         12    12    12    12    12    12    12    12    12    12    12    12    12    12    12    12    12    12    12    12
         12    12    12    12    12    12    12    12    12    12    12
  91   1000   981   916  -735  -745  -628     9     9     9     9     9     9     9     9     9     9     9     9     9     9
          9     9     9     9     9     9     9     9     9     9     9     9     9     9     9     9     9     9     9     9
          9     9     9     9     9     9     9     9     9     9
  92   1000   975  -767  -849  -752     5     5     5     5     5     5     5     5     5     5     5     5     5     5     5
          5     5     5     5     5     5     5     5     5     5     5     5     5     5     5     5     5     5     5     5
          5     5     5     5     5     5     5     5     5
  93   1000  -738  -922  -858     0     0     0     0     0     0     0     0     0     0     0     0     0     0     0     0
          0     0     0     0     0     0     0     0     0     0     0     0     0     0     0     0     0     0     0     0
          0     0     0     0     0     0     0     0
  94   1000   825   741     0     0     0     0     0     0     0     0     0     0     0     0     0     0     0     0     0
          0     0     0     0     0     0     0     0     0     0     0     0     0     0     0     0     0     0     0     0
          0     0     0     0     0     0     0
  95   1000   982     6     6     6     6     6     6     6     6     6     6     6     6     6     6     6     6     6     6
          6     6     6     6     6     6     6     6     6     6     6     6     6     6     6     6     6     6     6     6
          6     6     6     6     6     6
  96   1000    10    10    10    10    10    10    10    10    10    10    10    10    10    10    10    10    10    10    10
         10    10    10    10    10    10    10    10    10    10    10    10    10    10    10    10    10    10    10    10
         10    10    10    10    10
  97   1000  1000  1000  1000  1000  1000  1000  1000  1000  1000  1000  1000  1000  1000  1000  1000  1000  1000  1000  1000
       1000  1000  1000  1000  1000  1000  1000  1000  1000  1000  1000  1000  1000  1000  1000  1000  1000  1000  1000  1000
       1000  1000  1000  1000
  98   1000  1000  1000  1000  1000  1000  1000  1000  1000  1000  1000  1000  1000  1000  1000  1000  1000  1000  1000  1000
       1000  1000  1000  1000  1000  1000  1000  1000  1000  1000  1000  1000  1000  1000  1000  1000  1000  1000  1000  1000
       1000  1000  1000
  99   1000  1000  1000  1000  1000  1000  1000  1000  1000  1000  1000  1000  1000  1000  1000  1000  1000  1000  1000  1000
       1000  1000  1000  1000  1000  1000  1000  1000  1000  1000  1000  1000  1000  1000  1000  1000  1000  1000  1000  1000
       1000  1000
 100   1000  1000  1000  1000  1000  1000  1000  1000  1000  1000  1000  1000  1000  1000  1000  1000  1000  1000  1000  1000
       1000  1000  1000  1000  1000  1000  1000  1000  1000  1000  1000  1000  1000  1000  1000  1000  1000  1000  1000  1000
       1000
 101   1000  1000  1000  1000  1000  1000  1000  1000  1000  1000  1000  1000  1000  1000  1000  1000  1000  1000  1000  1000
       1000  1000  1000  1000  1000  1000  1000  1000  1000  1000  1000  1000  1000  1000  1000  1000  1000  1000  1000  1000
 102   1000  1000  1000  1000  1000  1000  1000  1000  1000  1000  1000  1000  1000  1000  1000  1000  1000  1000  1000  1000
       1000  1000  1000  1000  1000  1000  1000  1000  1000  1000  1000  1000  1000  1000  1000  1000  1000  1000  1000
 103   1000  1000  1000  1000  1000  1000  1000  1000  1000  1000  1000  1000  1000  1000  1000  1000  1000  1000  1000  1000
       1000  1000  1000  1000  1000  1000  1000  1000  1000  1000  1000  1000  1000  1000  1000  1000  1000  1000
 104   1000  1000  1000  1000  1000  1000  1000  1000  1000  1000  1000  1000  1000  1000  1000  1000  1000  1000  1000  1000
       1000  1000  1000  1000  1000  1000  1000  1000  1000  1000  1000  1000  1000  1000  1000  1000  1000
 105   1000  1000  1000  1000  1000  1000  1000  1000  1000  1000  1000  1000  1000  1000  1000  1000  1000  1000  1000  1000
       1000  1000  1000  1000  1000  1000  1000  1000  1000  1000  1000  1000  1000  1000  1000  1000
 106   1000  1000  1000  1000  1000  1000  1000  1000  1000  1000  1000  1000  1000  1000  1000  1000  1000  1000  1000  1000
       1000  1000  1000  1000  1000  1000  1000  1000  1000  1000  1000  1000  1000  1000  1000
 107   1000  1000  1000  1000  1000  1000  1000  1000  1000  1000  1000  1000  1000  1000  1000  1000  1000  1000  1000  1000
       1000  1000  1000  1000  1000  1000  1000  1000  1000  1000  1000  1000  1000  1000
 108   1000  1000  1000  1000  1000  1000  1000  1000  1000  1000  1000  1000  1000  1000  1000  1000  1000  1000  1000  1000
       1000  1000  1000  1000  1000  1000  1000  1000  1000  1000  1000  1000  1000
 109   1000  1000  1000  1000  1000  1000  1000  1000  1000  1000  1000  1000  1000  1000  1000  1000  1000  1000  1000  1000
       1000  1000  1000  1000  1000  1000  1000  1000  1000  1000  1000  1000
 110   1000  1000  1000  1000  1000  1000  1000  1000  1000  1000  1000  1000  1000  1000  1000  1000  1000  1000  1000  1000
       1000  1000  1000  1000  1000  1000  1000  1000  1000  1000  1000
 111   1000  1000  1000  1000  1000  1000  1000  1000  1000  1000  1000  1000  1000  1000  1000  1000  1000  1000  1000  1000
       1000  1000  1000  1000  1000  1000  1000  1000  1000  1000
 112   1000  1000  1000  1000  1000  1000  1000  1000  1000  1000  1000  1000  1000  1000  1000  1000  1000  1000  1000  1000
       1000  1000  1000  1000  1000  1000  1000  1000  1000
 113   1000  1000  1000  1000  1000  1000  1000  1000  1000  1000  1000  1000  1000  1000  1000  1000  1000  1000  1000  1000
       1000  1000  1000  1000  1000  1000  1000  1000
 114   1000  1000  1000  1000  1000  1000  1000  1000  1000  1000  1000  1000  1000  1000  1000  1000  1000  1000  1000  1000
       1000  1000  1000  1000  1000  1000  1000
 115   1000  1000  1000  1000  1000  1000  1000  1000  1000  1000  1000  1000  1000  1000  1000  1000  1000  1000  1000  1000
       1000  1000  1000  1000  1000  1000
 116   1000  1000  1000  1000  1000  1000  1000  1000  1000  1000  1000  1000  1000  1000  1000  1000  1000  1000  1000  1000
       1000  1000  1000  1000  1000
 117   1000  1000  1000  1000  1000  1000  1000  1000  1000  1000  1000  1000  1000  1000  1000  1000  1000  1000  1000  1000
       1000  1000  1000  1000
 118   1000  1000  1000  1000  1000  1000  1000  1000  1000  1000  1000  1000  1000  1000  1000  1000  1000  1000  1000  1000
       1000  1000  1000
 119   1000  1000  1000  1000  1000  1000  1000  1000  1000  1000  1000  1000  1000  1000  1000  1000  1000  1000  1000  1000
       1000  1000
 120   1000  1000  1000  1000  1000  1000  1000  1000  1000  1000  1000  1000  1000  1000  1000  1000  1000  1000  1000  1000
       1000
 121   1000  1000  1000  1000  1000  1000  1000  1000  1000  1000  1000  1000  1000  1000  1000  1000  1000  1000  1000  1000
 122   1000  1000  1000  1000  1000  1000  1000  1000  1000  1000  1000  1000  1000  1000  1000  1000  1000  1000  1000
 123   1000  1000  1000  1000  1000  1000  1000  1000  1000  1000  1000  1000  1000  1000  1000  1000  1000  1000
 124   1000  1000  1000  1000  1000  1000  1000  1000  1000  1000  1000  1000  1000  1000  1000  1000  1000
 125   1000  1000  1000  1000  1000  1000  1000  1000  1000  1000  1000  1000  1000  1000  1000  1000
 126   1000  1000  1000  1000  1000  1000  1000  1000  1000  1000  1000  1000  1000  1000  1000
 127   1000  1000  1000  1000  1000  1000  1000  1000  1000  1000  1000  1000  1000  1000
 128   1000  1000  1000  1000  1000  1000  1000  1000  1000  1000  1000  1000  1000
 129   1000  1000  1000  1000  1000  1000  1000  1000  1000  1000  1000  1000
 130   1000  1000  1000  1000  1000  1000  1000  1000  1000  1000  1000
 131   1000  1000  1000  1000  1000  1000  1000  1000  1000  1000
 132   1000  1000  1000  1000  1000  1000  1000  1000  1000
 133   1000  1000  1000  1000  1000  1000  1000  1000
 134   1000  1000  1000  1000  1000  1000  1000
 135   1000  1000  1000  1000  1000  1000
 136   1000  1000  1000  1000  1000
 137   1000  1000  1000  1000
 138   1000  1000  1000
 139   1000  1000
 140   1000

 Finished!
