NIF_RUN Passive 18x snout on TANDM 90-348 Pinhole
  140    6    1    0    1
   0.00500   9.00000   0.03000   0.00100
   0.0000000   0   0 1.00000000E+00   1.0000000
ZR902    4.147E-14 0.011       0.00       0.00        (    )
IN115N   1.039E-14 0.012       0.00       0.00        (    )
AU197G   2.386E-14 0.012       0.00 AUNG  3.94 IFX    (ISTP)
IN115G   3.612E-14 0.028       0.00 INNG 39.37 IFX    (ISTP)
AU1972   2.606E-13 0.012       0.00       0.00        (    )
AL27A    1.501E-14 0.012       0.00       0.00        (    )
Flux Uncertainty
 140
 0.0000E+00 0.0000E+00 0.0000E+00 0.0000E+00 0.0000E+00 0.0000E+00 0.0000E+00
 0.0000E+00 0.0000E+00 0.0000E+00 0.0000E+00 0.0000E+00 0.0000E+00 0.0000E+00
 2.0000E+00 2.0000E+00 2.0000E+00 2.0000E+00 2.0000E+00 2.0000E+00 2.0000E+00
 2.0000E+00 2.0000E+00 2.0000E+00 2.0000E+00 2.0000E+00 2.0000E+00 2.0000E+00
 2.0000E+00 2.0000E+00 2.0000E+00 2.0000E+00 2.0000E+00 2.0000E+00 2.0000E+00
 2.0000E+00 2.0000E+00 2.0000E+00 2.0000E+00 2.0000E+00 2.0000E+00 2.0000E+00
 2.0000E+00 2.0000E+00 2.0000E+00 2.0000E+00 2.0000E+00 2.0000E+00 2.0000E+00
 2.0000E+00 2.0000E+00 2.0000E+00 2.0000E+00 2.0000E+00 2.0000E+00 2.0000E+00
 2.0000E+00 2.0000E+00 2.0000E+00 2.0000E+00 1.0000E+00 1.0000E+00 1.0000E+00
 1.0000E+00 1.0000E+00 1.0000E+00 1.0000E+00 1.0000E+00 1.0000E+00 1.0000E+00
 1.0000E+00 1.0000E+00 1.0000E+00 1.0000E+00 1.0000E+00 1.0000E+00 1.0000E+00
 1.0000E+00 1.0000E+00 1.0000E+00 1.0000E+00 1.0000E+00 1.0000E+00 1.0000E+00
 1.0000E+00 1.0000E+00 1.0000E+00 1.0000E+00 1.0000E+00 1.0000E+00 1.0000E+00
 1.0000E+00 1.0000E+00 1.0000E+00 1.0000E+00 1.0000E+00 0.0000E+00 0.0000E+00
 0.0000E+00 0.0000E+00 0.0000E+00 0.0000E+00 0.0000E+00 0.0000E+00 0.0000E+00
 0.0000E+00 0.0000E+00 0.0000E+00 0.0000E+00 0.0000E+00 0.0000E+00 0.0000E+00
 0.0000E+00 0.0000E+00 0.0000E+00 0.0000E+00 0.0000E+00 0.0000E+00 0.0000E+00
 0.0000E+00 0.0000E+00 0.0000E+00 0.0000E+00 0.0000E+00 0.0000E+00 0.0000E+00
 0.0000E+00 0.0000E+00 0.0000E+00 0.0000E+00 0.0000E+00 0.0000E+00 0.0000E+00
 0.0000E+00 0.0000E+00 0.0000E+00 0.0000E+00 0.0000E+00 0.0000E+00 0.0000E+00
Input Flux Spectrum
 140   1 1.000E+00 2.000E+01 5.000E-08
 0.0000E+00 0.0000E+00 0.0000E+00 0.0000E+00 0.0000E+00 0.0000E+00 0.0000E+00
 0.0000E+00 0.0000E+00 0.0000E+00 0.0000E+00 0.0000E+00 0.0000E+00 0.0000E+00
 2.7600E+04 2.7600E+04 2.7600E+04 2.7600E+04 2.7600E+04 2.7600E+04 2.7600E+04
 2.7600E+04 2.7600E+04 2.7600E+04 2.7600E+04 2.7600E+04 2.7600E+04 2.7600E+04
 2.7600E+04 2.7600E+04 2.7600E+04 2.7600E+04 2.7600E+04 2.7600E+04 2.7600E+04
 2.7600E+04 2.7600E+04 2.7600E+04 5.0800E+06 5.0800E+06 2.9800E+07 1.5800E+07
 3.1100E+07 1.7000E+08 7.3800E+08 1.1200E+09 1.7800E+08 8.7800E+08 1.7300E+09
 1.7600E+09 1.2600E+09 2.5000E+09 5.5500E+08 1.0600E+09 1.0200E+09 1.6100E+09
 2.2100E+09 9.8100E+08 1.6200E+09 1.8000E+09 1.2600E+09 1.3600E+09 9.6400E+08
 1.0100E+09 1.5500E+09 1.1100E+09 1.2000E+09 7.0000E+08 1.1800E+09 1.1500E+09
 2.1600E+09 1.6900E+09 1.6300E+09 1.3700E+09 1.3400E+09 1.4100E+09 9.9500E+08
 1.2200E+09 9.3600E+08 7.9600E+08 7.1400E+08 5.6100E+08 9.0800E+08 6.2400E+08
 7.4100E+08 6.2100E+08 6.6700E+08 5.1500E+08 4.6500E+08 4.8000E+08 3.9800E+08
 5.6800E+08 1.4000E+09 8.0300E+10 1.0600E+11 2.5300E+08 0.0000E+00 0.0000E+00
 0.0000E+00 0.0000E+00 0.0000E+00 0.0000E+00 0.0000E+00 0.0000E+00 0.0000E+00
 0.0000E+00 0.0000E+00 0.0000E+00 0.0000E+00 0.0000E+00 0.0000E+00 0.0000E+00
 0.0000E+00 0.0000E+00 0.0000E+00 0.0000E+00 0.0000E+00 0.0000E+00 0.0000E+00
 0.0000E+00 0.0000E+00 0.0000E+00 0.0000E+00 0.0000E+00 0.0000E+00 0.0000E+00
 0.0000E+00 0.0000E+00 0.0000E+00 0.0000E+00 0.0000E+00 0.0000E+00 0.0000E+00
 0.0000E+00 0.0000E+00 0.0000E+00 0.0000E+00 0.0000E+00 0.0000E+00 0.0000E+00
   10   13   28   11    8    5    8    7   10   40



                         ==============================
                               STAYSL PNNL OUTPUT
                         ==============================

 STAYSL PNNL, version 1.2.0, 2015-08-05


 SCENARIO TITLE: NIF_RUN Passive 18x snout on TANDM 90-348 Pinhole
 -------------------------------------------------------------------------------
  NGROUP =   140    NRXN =     6    ACTIVITY NORM = 1.00000E+00

  COVARIANCE PARAMETERS (FCHN, FCVX, ACVX, FS)
    FLUXES:      WIDTH =  9.0000E+00   LONG RANGE COVAR. =  3.0000E-02
            ACTIVITIES =  5.0000E-03   X-SECT CROSS COR. =  1.0000E-03

    DETERM =   3.5241 × 10^  -9.00      ERROR =  -4.2633E-15

  INPUT NORMALIZATION DATA
    AK1   =     0.00000     VAK        =     0.00090
    NORML =           0     RENORM     = 5.11472E-01
    CHI²  =   554.44153     NORM. CHI² =   110.88831
     (logarithmic limit was applied to low fluxes)

  DOSIMETRY ACTIVITIES
     ———— INPUTS —————  -UNADJUSTED FLUX-  — ADJUSTED FLUX —    CHI²  90% ACTIVITIES RANGE
 RXN  MEASURED     ±%   ACTIVITY    %DIFF  ACTIVITY    %DIFF  CONTRIB --LOW E-- --HIGH E--   REACTION          CVR
  1  4.147E-14    1.10  5.682E-14   37.02  4.869E-14   17.41  200.858  1.30E+01  1.40E+01  ZR90(N,2N)ZR89          
  2  1.039E-14    1.20  9.509E-15   -8.48  1.386E-14   33.38   -4.963  5.00E+00  1.30E+01  IN115(N,N')IN115M       
  3  2.386E-14    1.20  4.632E-15  -80.59  2.459E-14    3.07 -193.430  1.90E-02  6.00E-01  AU197(N,G)AU198         
  4  3.612E-14    2.80  5.364E-15  -85.15  2.575E-14  -28.70  328.435  1.90E-02  7.20E-01  IN115(N,G)IN116M        
  5  2.606E-13    1.20  2.041E-13  -21.70  2.356E-13   -9.61  134.061  1.20E+01  1.40E+01  AU197(N,2N)AU196        
  6  1.501E-14    1.20  1.158E-14  -22.88  1.447E-14   -3.59   89.480  1.10E+01  1.40E+01  AL27(N,A)NA24           

             % STD. DEV.  =         56.89              21.70

                              CHECK INPUT, IT IS RATHER UNLIKELY !
                                   *** BEWARE OF OUTPUT ! ***


  DIFFERENTIAL FLUXES (input is normalized by a factor of 5.1147E-01)
                  —————— DIFFERENTIAL FLUX —————   ———— STD. DEV. % ————   INTEGRAL
 GRP    ENERGY        NEW         OLD      RATIO    NEW     OLD    RATIO   FLUX > E     ± %
  15  2.8000E-06  6.8654E+09  9.7356E+09   0.705  199.92  199.93   1.000  2.1041E+11    7.58
  16  4.2500E-06  4.8159E+09  6.8862E+09   0.699  199.91  199.93   1.000  2.1041E+11    7.58
  17  6.3000E-06  3.4077E+09  4.8678E+09   0.700  199.91  199.93   1.000  2.1041E+11    7.58
  18  9.2000E-06  2.3214E+09  3.2829E+09   0.707  199.92  199.93   1.000  2.1041E+11    7.58
  19  1.3500E-05  1.3550E+09  1.8822E+09   0.720  199.92  199.93   1.000  2.1041E+11    7.58
  20  2.1000E-05  1.1563E+09  1.5685E+09   0.737  199.92  199.93   1.000  2.1041E+11    7.58
  21  3.0000E-05  7.1359E+08  9.4111E+08   0.758  199.92  199.93   1.000  2.1041E+11    7.58
  22  4.5000E-05  4.5991E+08  5.8819E+08   0.782  199.92  199.93   1.000  2.1041E+11    7.58
  23  6.9000E-05  3.6767E+08  4.5538E+08   0.807  199.92  199.93   1.000  2.1041E+11    7.58
  24  1.0000E-04  3.3654E+08  4.0333E+08   0.834  199.93  199.93   1.000  2.1041E+11    7.58
  25  1.3500E-04  3.4822E+08  4.0333E+08   0.863  199.93  199.93   1.000  2.1041E+11    7.58
  26  1.7000E-04  2.5289E+08  2.8233E+08   0.896  199.93  199.93   1.000  2.1041E+11    7.58
  27  2.2000E-04  2.1975E+08  2.3528E+08   0.934  199.92  199.93   1.000  2.1041E+11    7.58
  28  2.8000E-04  1.7333E+08  1.7646E+08   0.982  199.92  199.93   1.000  2.1041E+11    7.58
  29  3.6000E-04  1.6406E+08  1.5685E+08   1.046  199.91  199.93   1.000  2.1041E+11    7.58
  30  4.5000E-04  1.2787E+08  1.1293E+08   1.132  199.88  199.93   1.000  2.1041E+11    7.58
  31  5.7500E-04  9.5395E+07  7.6306E+07   1.250  199.83  199.93   1.000  2.1041E+11    7.58
  32  7.6000E-04  9.9494E+07  7.0583E+07   1.410  199.74  199.93   0.999  2.1041E+11    7.58
  33  9.6000E-04  7.2669E+07  4.4815E+07   1.622  199.56  199.93   0.998  2.1041E+11    7.58
  34  1.2750E-03  8.2385E+07  4.3436E+07   1.897  199.25  199.93   0.997  2.1041E+11    7.58
  35  1.6000E-03  7.9216E+07  3.5292E+07   2.245  198.71  199.93   0.994  2.1041E+11    7.58
  36  2.0000E-03  5.3882E+07  2.0167E+07   2.672  197.82  199.93   0.989  2.1041E+11    7.58
  37  2.7000E-03  6.4138E+07  2.0167E+07   3.180  196.43  199.93   0.982  2.1041E+11    7.58
  38  3.4000E-03  4.8333E+07  1.2833E+07   3.766  194.34  199.93   0.972  2.1041E+11    7.58
  39  4.5000E-03  1.1478E+10  2.5983E+09   4.418  191.31  199.93   0.957  2.1041E+11    7.58
  40  5.5000E-03  7.8172E+09  1.5284E+09   5.115  187.11  199.93   0.936  2.1040E+11    7.58
  41  7.2000E-03  4.4423E+10  7.6209E+09   5.829  181.50  199.93   0.908  2.1039E+11    7.59
  42  9.2000E-03  1.8835E+10  2.8862E+09   6.526  174.28  199.93   0.872  2.1030E+11    7.63
  43  1.2000E-02  3.7994E+10  5.3023E+09   7.166  165.34  199.93   0.827  2.1024E+11    7.65
  44  1.5000E-02  1.6753E+11  2.1738E+10   7.707  154.66  199.93   0.774  2.1013E+11    7.71
  45  1.9000E-02  4.7109E+11  5.8072E+10   8.112  142.35  199.93   0.712  2.0946E+11    8.02
  46  2.5500E-02  7.3592E+11  8.8131E+10   8.350  128.70  199.93   0.644  2.0640E+11    9.58
  47  3.2000E-02  9.5616E+10  1.1380E+10   8.402  114.20  199.93   0.571  2.0161E+11   12.22
  48  4.0000E-02  2.9682E+11  3.5926E+10   8.262   99.59  199.93   0.498  2.0085E+11   12.61
  49  5.2500E-02  5.2054E+11  6.5544E+10   7.942   86.01  199.93   0.430  1.9714E+11   14.28
  50  6.6000E-02  3.0559E+11  4.0918E+10   7.469   75.06  199.93   0.375  1.9011E+11   17.05
  51  8.8000E-02  2.0164E+11  2.9293E+10   6.884   68.80  199.93   0.344  1.8339E+11   19.32
  52  1.1000E-01  3.1911E+11  5.1147E+10   6.239   68.81  199.93   0.344  1.7895E+11   20.43
  53  1.3500E-01  6.3493E+10  1.1355E+10   5.592   74.97  199.93   0.375  1.7097E+11   21.70
  54  1.6000E-01  9.0336E+10  1.8072E+10   4.999   85.55  199.93   0.428  1.6939E+11   21.78
  55  1.9000E-01  7.8429E+10  1.7390E+10   4.510   98.51  199.93   0.493  1.6668E+11   21.53
  56  2.2000E-01  9.7980E+10  2.3528E+10   4.164  112.32  199.93   0.562  1.6432E+11   21.00
  57  2.5500E-01  1.2871E+11  3.2296E+10   3.985  125.93  199.93   0.630  1.6089E+11   19.76
  58  2.9000E-01  6.6539E+10  1.6725E+10   3.978  138.63  199.93   0.693  1.5639E+11   17.61
  59  3.2000E-01  8.5564E+10  2.0715E+10   4.131  149.93  199.93   0.750  1.5439E+11   16.45
  60  3.6000E-01  1.0156E+11  2.3016E+10   4.412  159.48  199.93   0.798  1.5097E+11   14.12
  61  4.0000E-01  3.7241E+10  1.2889E+10   2.889   83.54  100.00   0.835  1.4691E+11   11.22
  62  4.5000E-01  4.2963E+10  1.3912E+10   3.088   86.29  100.00   0.863  1.4505E+11   10.61
  63  5.0000E-01  3.2264E+10  9.8612E+09   3.272   87.97  100.00   0.880  1.4290E+11    9.86
  64  5.5000E-01  3.5221E+10  1.0332E+10   3.409   88.62  100.00   0.886  1.4129E+11    9.28
  65  6.0000E-01  4.5851E+10  1.3213E+10   3.470   88.28  100.00   0.883  1.3952E+11    8.65
  66  6.6000E-01  3.2452E+10  9.4622E+09   3.430   87.03  100.00   0.870  1.3677E+11    7.77
  67  7.2000E-01  3.3530E+10  1.0229E+10   3.278   84.92  100.00   0.849  1.3483E+11    7.29
  68  7.8000E-01  1.7775E+10  5.9672E+09   2.979   82.01  100.00   0.820  1.3281E+11    6.99
  69  8.4000E-01  1.9237E+10  7.5442E+09   2.550   78.36  100.00   0.784  1.3175E+11    6.94
  70  9.2000E-01  1.4653E+10  7.3524E+09   1.993   74.00  100.00   0.740  1.3021E+11    7.00
  71  1.0000E+00  7.3248E+09  5.5239E+09   1.326   68.98  100.00   0.690  1.2904E+11    7.17
  72  1.2000E+00  2.4977E+09  4.3219E+09   0.578   63.36  100.00   0.634  1.2757E+11    7.49
  73  1.4000E+00  5.4572E+08  4.1685E+09   0.131   57.23  100.00   0.572  1.2707E+11    7.63
  74  1.6000E+00  2.0942E+08  3.5036E+09   0.060   50.78  100.00   0.508  1.2696E+11    7.67
  75  1.8000E+00  9.9435E+07  3.4269E+09   0.029   44.32  100.00   0.443  1.2692E+11    7.68
  76  2.0000E+00  3.8207E+07  2.4039E+09   0.016   38.41  100.00   0.384  1.2690E+11    7.69
  77  2.3000E+00  1.7699E+07  1.6964E+09   0.010   33.88  100.00   0.339  1.2689E+11    7.69
  78  2.6000E+00  1.8067E+07  2.0800E+09   0.009   31.77  100.00   0.318  1.2688E+11    7.69
  79  2.9000E+00  1.1510E+07  1.1968E+09   0.010   32.68  100.00   0.327  1.2688E+11    7.69
  80  3.3000E+00  1.4889E+07  1.0178E+09   0.015   36.17  100.00   0.362  1.2687E+11    7.69
  81  3.7000E+00  2.8231E+07  9.1298E+08   0.031   41.07  100.00   0.411  1.2687E+11    7.69
  82  4.1000E+00  6.4151E+07  7.1734E+08   0.089   46.19  100.00   0.462  1.2686E+11    7.69
  83  4.5000E+00  6.8310E+08  9.2883E+08   0.735   50.64  100.00   0.506  1.2683E+11    7.69
  84  5.0000E+00  1.4371E+09  6.3832E+08   2.251   53.76  100.00   0.538  1.2649E+11    7.65
  85  5.5000E+00  2.9137E+09  7.5800E+08   3.844   55.12  100.00   0.551  1.2577E+11    7.52
  86  6.0000E+00  2.4404E+09  4.5375E+08   5.378   54.51  100.00   0.545  1.2431E+11    7.20
  87  6.7000E+00  3.2684E+09  4.8736E+08   6.706   51.92  100.00   0.519  1.2261E+11    6.81
  88  7.4000E+00  2.5297E+09  3.2926E+08   7.683   47.52  100.00   0.475  1.2032E+11    6.28
  89  8.2000E+00  2.4325E+09  2.9729E+08   8.182   41.69  100.00   0.417  1.1829E+11    5.84
  90  9.0000E+00  1.9925E+09  2.4551E+08   8.116   34.89  100.00   0.349  1.1635E+11    5.45
  91  1.0000E+01  1.5163E+09  2.0357E+08   7.449   27.59  100.00   0.276  1.1436E+11    5.09
  92  1.1000E+01  1.8026E+09  2.9052E+08   6.205   20.14  100.00   0.201  1.1284E+11    4.85
  93  1.2000E+01  3.2011E+09  7.1606E+08   4.470   12.69  100.00   0.127  1.1104E+11    4.64
  94  1.3000E+01  9.7922E+10  4.1071E+10   2.384    5.15  100.00   0.051  1.0784E+11    4.42
  95  1.4000E+01  9.9117E+09  5.4216E+10   0.183    3.17  100.00   0.032  9.9142E+09    3.18
  96  1.5000E+01  2.4980E+06  1.2940E+08   0.019   11.79  100.00   0.118  2.4980E+06   11.79
      1.6000E+01

  INTEGRALS OF SPECTRA
    OLD SPECTRUM   1.2353E+11   ±   81.168 %
    NEW SPECTRUM   2.1041E+11   ±    7.580 %

  SUMMARY OF BROAD-GROUP FLUXES, FLUENCES, AND UNCERTAINTIES

    IRRAD TIME [S] = 1.00000000E+00   ACT NORM =  1.00000000E+00

       ENERGY       FLUX       FLUENCE      STDEV %
      thermal    0.0000E+00  0.0000E+00  ±   0.00     (0.100 meV – 0.550  eV)
     epithermal  3.1458E+10  3.1458E+10  ±  83.04     (0.550  eV – 110.0 keV)
        fast     1.7895E+11  1.7895E+11  ±  20.43     (110.0 keV –  20.0 MeV)
        fast     1.2904E+11  1.2904E+11  ±   7.17     (  1.0 MeV –  20.0 MeV)
        high     0.0000E+00  0.0000E+00  ±   0.00     ( 20.0 MeV –  60.0 MeV)

    MINI-SPECTRUM

       ENERGY       FLUX       FLUENCE      STDEV %
     1.0000E-10  0.0000E+00  0.0000E+00  ±   0.00
     5.5000E-07  9.3401E+04  9.3401E+04  ± 185.53
     1.0000E-04  3.1458E+10  3.1458E+10  ±  83.04
     1.1000E-01  3.6053E+10  3.6053E+10  ±  82.69
     5.0000E-01  1.3862E+10  1.3862E+10  ±  80.73
     1.0000E+00  2.1354E+09  2.1354E+09  ±  65.85
     2.0000E+00  4.1125E+08  4.1125E+08  ±  45.44
     5.0000E+00  1.2134E+10  1.2134E+10  ±  45.84
     1.0000E+01  1.1436E+11  1.1436E+11  ±   5.09
     2.0000E+01  0.0000E+00  0.0000E+00  ±   0.00
     6.0000E+01

       TOTAL     2.1041E+11  2.1041E+11  ±   7.58

    RELATIVE COVARIANCES (10×10)
        0     0     0     0     0     0     0     0     0     0
     1000    -4    -6     3     5    -3    -2     0     0
     1000  -922  -615  -298   204   137    45     0
     1000   360    33    -7     8    10     0
     1000   697  -410  -220   -36     0
     1000  -816  -572  -134     0
     1000   738    -1     0
     1000   445     0
     1000     0
        0

  SPECTRAL-AVERAGED REACTION RATES (for all cross section library reactions)

        REACTIONS        SIG-PHI      <SIG>          REACTIONS        SIG-PHI      <SIG>          REACTIONS        SIG-PHI      <SIG>  
   ------------------  ----------  ----------   ------------------  ----------  ----------   ------------------  ----------  ----------
   LI6(N,A)T           8.0024E-14  3.8032E-25   FE58(N,G)FE59       7.0447E-16  3.3481E-27   IN115(N,N')IN115M   1.3858E-14  6.5861E-26
   B10(N,A)LI7         1.4739E-13  7.0048E-25   CO59(N,2N)CO58      6.8221E-14  3.2423E-25   IN115(N,2N)IN114M   1.4310E-13  6.8010E-25
   F19(N,2N)F18        3.0573E-15  1.4530E-26   CO59(N,3N)CO57      0.0000E+00  0.0000E+00   IN115(N,G)IN116M    2.5899E-14  1.2309E-25
   NA23(N,2N)NA22      9.8914E-16  4.7010E-27   CO59(N,G)CO60       1.4127E-15  6.7140E-27   I127(N,2N)I126      1.5848E-13  7.5320E-25
   NA23(N,G)NA24       8.6475E-17  4.1098E-28   CO59(N,P)FE59       6.3065E-15  2.9972E-26   LA139(N,G)LA140     1.5833E-15  7.5250E-27
   MG24(N,P)NA24       2.2875E-14  1.0872E-25   CO59(N,A)MN56       3.4903E-15  1.6588E-26   PR141(N,2N)PR140    1.7547E-13  8.3392E-25
   AL27(N,P)MG27       1.0287E-14  4.8890E-26   NI58(N,2N)NI57      1.5020E-15  7.1386E-27   TM169(N,2N)TM168    2.2408E-13  1.0650E-24
   AL27(N,A)NA24       1.4471E-14  6.8775E-26   NI58(N,P)CO58       5.5444E-14  2.6350E-25   TM169(N,3N)TM167    2.3425E-19  1.1133E-30
   SI28(N,P)AL28       3.3145E-14  1.5752E-25   NI60(N,P)CO60       1.8254E-14  8.6752E-26   TA181(N,G)TA182     2.7713E-14  1.3171E-25
   P31(N,P)SI31        1.3249E-14  6.2969E-26   CU63(N,2N)CU62      3.9899E-14  1.8963E-25   W186(N,G)W187       8.1407E-15  3.8689E-26
   S32(N,P)P32         3.6263E-14  1.7234E-25   CU63(N,G)CU64       2.9923E-15  1.4221E-26   AU197(N,2N)AU196    2.3557E-13  1.1196E-24
   TI46(N,2N)TI45      5.1146E-16  2.4308E-27   CU63(N,A)CO60       5.5066E-15  2.6171E-26   AU197(N,G)AU198     2.4647E-14  1.1714E-25
   TI46(N,P)SC46       3.3712E-14  1.6022E-25   CU65(N,2N)CU64      8.9765E-14  4.2662E-25   HG199(N,N')HG199M   3.0741E-14  1.4610E-25
   TI47(N,P)SC47       1.6901E-14  8.0325E-26   ZN64(N,P)CU64       2.5346E-14  1.2046E-25   PB204(N,N')PB204M   1.2925E-14  6.1429E-26
   TI47(N,X)SC46       2.7381E-15  1.3013E-26   ZN67(N,P)CU67       3.7339E-15  1.7746E-26   BI209(N,3N)BI207    5.9567E-18  2.8310E-29
   TI48(N,P)SC48       7.0666E-15  3.3585E-26   AS75(N,2N)AS74      9.5845E-14  4.5552E-25   TH232(N,FISSION)    4.1825E-14  1.9878E-25
   TI48(N,X)SC47       4.2260E-16  2.0084E-27   Y89(N,2N)Y88        7.5221E-14  3.5750E-25   TH232(N,G)TH233     2.1130E-14  1.0042E-25
   TI49(N,X)SC48       2.3832E-16  1.1326E-27   ZR90(N,2N)ZR89      4.8688E-14  2.3140E-25   U235(N,FISSION)     3.6945E-13  1.7559E-24
   V51(N,A)SC48        1.5542E-15  7.3864E-27   NB93(N,G)NB94       9.5422E-15  4.5351E-26   U235(N,G)U236       3.0129E-14  1.4319E-25
   CR52(N,2N)CR51      1.9374E-14  9.2075E-26   NB93(N,N')NB93M     8.9347E-15  4.2463E-26   U238(N,2N)U237      1.3982E-13  6.6451E-25
   MN55(N,2N)MN54      7.0754E-14  3.3627E-25   NB93(N,2N)NB92M     5.1201E-14  2.4334E-25   U238(N,FISSION)     1.3498E-13  6.4152E-25
   MN55(N,G)MN56       1.1234E-15  5.3393E-27   MO92(N,P)NB92M      1.0518E-14  4.9987E-26   U238(N,G)U239       1.6472E-14  7.8285E-26
   FE54(N,2N)FE53      7.3752E-17  3.5052E-28   RH103(N,N')RH103M   6.5543E-14  3.1150E-25   NP237(N,FISSION)    2.8931E-13  1.3750E-24
   FE54(N,P)MN54       5.0034E-14  2.3779E-25   AG109(N,G)AG110M    2.8217E-15  1.3410E-26   PU239(N,FISSION)    4.2809E-13  2.0346E-24
   FE54(N,A)CR51       9.8810E-15  4.6960E-26   IN113(N,N')IN113M   1.1909E-14  5.6601E-26   AM241(N,FISSION)    3.3554E-13  1.5947E-24
   FE56(N,P)MN56       1.3479E-14  6.4061E-26   IN113(N,G)IN114M    3.1799E-14  1.5113E-25   SC45(N,G)SC46       2.3772E-15  1.1298E-26

  INPUT FLUX REL. CORRELATION MATRIX (by row from diagonal)
   1   1000  1000  1000  1000  1000  1000  1000  1000  1000  1000  1000  1000  1000  1000    15    15    15    15    15    15
         15    15    15    15    15    15    15    15    15    15    15    15    15    15    15    15    15    15    15    15
         15    15    15    15    15    15    15    15    15    15    15    15    15    15    15    15    15    15    15    15
         30    30    30    30    30    30    30    30    30    30    30    30    30    30    30    30    30    30    30    30
         30    30    30    30    30    30    30    30    30    30    30    30    30    30    30    30  1000  1000  1000  1000
       1000  1000  1000  1000  1000  1000  1000  1000  1000  1000  1000  1000  1000  1000  1000  1000  1000  1000  1000  1000
       1000  1000  1000  1000  1000  1000  1000  1000  1000  1000  1000  1000  1000  1000  1000  1000  1000  1000  1000  1000

  OUTPUT FLUX REL. CORRELATION MATRIX (by row from diagonal)
   1   1000  1000  1000  1000  1000  1000  1000  1000  1000  1000  1000  1000  1000  1000    15    15    15    15    15    15
         15    15    15    15    15    15    15    15    15    15    14    14    14    13    13    12    11    11    10     8
          7     6     5     3     1     0    -1    -3    -5    -7    -8    -8    -7    -5    -3    -1     0     0     1     1
         19    18    18    17    16    15    14    12    11     9     7     5     3     0    -1    -3    -5    -6    -5    -3
         -2     0     1     2     2     3     3     3     3     2     1     0    -2    -5     6    10  1000  1000  1000  1000
       1000  1000  1000  1000  1000  1000  1000  1000  1000  1000  1000  1000  1000  1000  1000  1000  1000  1000  1000  1000
       1000  1000  1000  1000  1000  1000  1000  1000  1000  1000  1000  1000  1000  1000  1000  1000  1000  1000  1000  1000
   2   1000  1000  1000  1000  1000  1000  1000  1000  1000  1000  1000  1000  1000    15    15    15    15    15    15    15
         15    15    15    15    15    15    15    15    15    14    14    14    13    13    12    11    11    10     8     7
          6     5     3     1     0    -1    -3    -5    -7    -8    -8    -7    -5    -3    -1     0     0     1     1    19
         18    18    17    16    15    14    12    11     9     7     5     3     0    -1    -3    -5    -6    -5    -3    -2
          0     1     2     2     3     3     3     3     2     1     0    -2    -5     6    10  1000  1000  1000  1000  1000
       1000  1000  1000  1000  1000  1000  1000  1000  1000  1000  1000  1000  1000  1000  1000  1000  1000  1000  1000  1000
       1000  1000  1000  1000  1000  1000  1000  1000  1000  1000  1000  1000  1000  1000  1000  1000  1000  1000  1000
   3   1000  1000  1000  1000  1000  1000  1000  1000  1000  1000  1000  1000    15    15    15    15    15    15    15    15
         15    15    15    15    15    15    15    15    14    14    14    13    13    12    11    11    10     8     7     6
          5     3     1     0    -1    -3    -5    -7    -8    -8    -7    -5    -3    -1     0     0     1     1    19    18
         18    17    16    15    14    12    11     9     7     5     3     0    -1    -3    -5    -6    -5    -3    -2     0
          1     2     2     3     3     3     3     2     1     0    -2    -5     6    10  1000  1000  1000  1000  1000  1000
       1000  1000  1000  1000  1000  1000  1000  1000  1000  1000  1000  1000  1000  1000  1000  1000  1000  1000  1000  1000
       1000  1000  1000  1000  1000  1000  1000  1000  1000  1000  1000  1000  1000  1000  1000  1000  1000  1000
   4   1000  1000  1000  1000  1000  1000  1000  1000  1000  1000  1000    15    15    15    15    15    15    15    15    15
         15    15    15    15    15    15    15    14    14    14    13    13    12    11    11    10     8     7     6     5
          3     1     0    -1    -3    -5    -7    -8    -8    -7    -5    -3    -1     0     0     1     1    19    18    18
         17    16    15    14    12    11     9     7     5     3     0    -1    -3    -5    -6    -5    -3    -2     0     1
          2     2     3     3     3     3     2     1     0    -2    -5     6    10  1000  1000  1000  1000  1000  1000  1000
       1000  1000  1000  1000  1000  1000  1000  1000  1000  1000  1000  1000  1000  1000  1000  1000  1000  1000  1000  1000
       1000  1000  1000  1000  1000  1000  1000  1000  1000  1000  1000  1000  1000  1000  1000  1000  1000
   5   1000  1000  1000  1000  1000  1000  1000  1000  1000  1000    15    15    15    15    15    15    15    15    15    15
         15    15    15    15    15    15    14    14    14    13    13    12    11    11    10     8     7     6     5     3
          1     0    -1    -3    -5    -7    -8    -8    -7    -5    -3    -1     0     0     1     1    19    18    18    17
         16    15    14    12    11     9     7     5     3     0    -1    -3    -5    -6    -5    -3    -2     0     1     2
          2     3     3     3     3     2     1     0    -2    -5     6    10  1000  1000  1000  1000  1000  1000  1000  1000
       1000  1000  1000  1000  1000  1000  1000  1000  1000  1000  1000  1000  1000  1000  1000  1000  1000  1000  1000  1000
       1000  1000  1000  1000  1000  1000  1000  1000  1000  1000  1000  1000  1000  1000  1000  1000
   6   1000  1000  1000  1000  1000  1000  1000  1000  1000    15    15    15    15    15    15    15    15    15    15    15
         15    15    15    15    15    14    14    14    13    13    12    11    11    10     8     7     6     5     3     1
          0    -1    -3    -5    -7    -8    -8    -7    -5    -3    -1     0     0     1     1    19    18    18    17    16
         15    14    12    11     9     7     5     3     0    -1    -3    -5    -6    -5    -3    -2     0     1     2     2
          3     3     3     3     2     1     0    -2    -5     6    10  1000  1000  1000  1000  1000  1000  1000  1000  1000
       1000  1000  1000  1000  1000  1000  1000  1000  1000  1000  1000  1000  1000  1000  1000  1000  1000  1000  1000  1000
       1000  1000  1000  1000  1000  1000  1000  1000  1000  1000  1000  1000  1000  1000  1000
   7   1000  1000  1000  1000  1000  1000  1000  1000    15    15    15    15    15    15    15    15    15    15    15    15
         15    15    15    15    14    14    14    13    13    12    11    11    10     8     7     6     5     3     1     0
         -1    -3    -5    -7    -8    -8    -7    -5    -3    -1     0     0     1     1    19    18    18    17    16    15
         14    12    11     9     7     5     3     0    -1    -3    -5    -6    -5    -3    -2     0     1     2     2     3
          3     3     3     2     1     0    -2    -5     6    10  1000  1000  1000  1000  1000  1000  1000  1000  1000  1000
       1000  1000  1000  1000  1000  1000  1000  1000  1000  1000  1000  1000  1000  1000  1000  1000  1000  1000  1000  1000
       1000  1000  1000  1000  1000  1000  1000  1000  1000  1000  1000  1000  1000  1000
   8   1000  1000  1000  1000  1000  1000  1000    15    15    15    15    15    15    15    15    15    15    15    15    15
         15    15    15    14    14    14    13    13    12    11    11    10     8     7     6     5     3     1     0    -1
         -3    -5    -7    -8    -8    -7    -5    -3    -1     0     0     1     1    19    18    18    17    16    15    14
         12    11     9     7     5     3     0    -1    -3    -5    -6    -5    -3    -2     0     1     2     2     3     3
          3     3     2     1     0    -2    -5     6    10  1000  1000  1000  1000  1000  1000  1000  1000  1000  1000  1000
       1000  1000  1000  1000  1000  1000  1000  1000  1000  1000  1000  1000  1000  1000  1000  1000  1000  1000  1000  1000
       1000  1000  1000  1000  1000  1000  1000  1000  1000  1000  1000  1000  1000
   9   1000  1000  1000  1000  1000  1000    15    15    15    15    15    15    15    15    15    15    15    15    15    15
         15    15    14    14    14    13    13    12    11    11    10     8     7     6     5     3     1     0    -1    -3
         -5    -7    -8    -8    -7    -5    -3    -1     0     0     1     1    19    18    18    17    16    15    14    12
         11     9     7     5     3     0    -1    -3    -5    -6    -5    -3    -2     0     1     2     2     3     3     3
          3     2     1     0    -2    -5     6    10  1000  1000  1000  1000  1000  1000  1000  1000  1000  1000  1000  1000
       1000  1000  1000  1000  1000  1000  1000  1000  1000  1000  1000  1000  1000  1000  1000  1000  1000  1000  1000  1000
       1000  1000  1000  1000  1000  1000  1000  1000  1000  1000  1000  1000
  10   1000  1000  1000  1000  1000    15    15    15    15    15    15    15    15    15    15    15    15    15    15    15
         15    14    14    14    13    13    12    11    11    10     8     7     6     5     3     1     0    -1    -3    -5
         -7    -8    -8    -7    -5    -3    -1     0     0     1     1    19    18    18    17    16    15    14    12    11
          9     7     5     3     0    -1    -3    -5    -6    -5    -3    -2     0     1     2     2     3     3     3     3
          2     1     0    -2    -5     6    10  1000  1000  1000  1000  1000  1000  1000  1000  1000  1000  1000  1000  1000
       1000  1000  1000  1000  1000  1000  1000  1000  1000  1000  1000  1000  1000  1000  1000  1000  1000  1000  1000  1000
       1000  1000  1000  1000  1000  1000  1000  1000  1000  1000  1000
  11   1000  1000  1000  1000    15    15    15    15    15    15    15    15    15    15    15    15    15    15    15    15
         14    14    14    13    13    12    11    11    10     8     7     6     5     3     1     0    -1    -3    -5    -7
         -8    -8    -7    -5    -3    -1     0     0     1     1    19    18    18    17    16    15    14    12    11     9
          7     5     3     0    -1    -3    -5    -6    -5    -3    -2     0     1     2     2     3     3     3     3     2
          1     0    -2    -5     6    10  1000  1000  1000  1000  1000  1000  1000  1000  1000  1000  1000  1000  1000  1000
       1000  1000  1000  1000  1000  1000  1000  1000  1000  1000  1000  1000  1000  1000  1000  1000  1000  1000  1000  1000
       1000  1000  1000  1000  1000  1000  1000  1000  1000  1000
  12   1000  1000  1000    15    15    15    15    15    15    15    15    15    15    15    15    15    15    15    15    14
         14    14    13    13    12    11    11    10     8     7     6     5     3     1     0    -1    -3    -5    -7    -8
         -8    -7    -5    -3    -1     0     0     1     1    19    18    18    17    16    15    14    12    11     9     7
          5     3     0    -1    -3    -5    -6    -5    -3    -2     0     1     2     2     3     3     3     3     2     1
          0    -2    -5     6    10  1000  1000  1000  1000  1000  1000  1000  1000  1000  1000  1000  1000  1000  1000  1000
       1000  1000  1000  1000  1000  1000  1000  1000  1000  1000  1000  1000  1000  1000  1000  1000  1000  1000  1000  1000
       1000  1000  1000  1000  1000  1000  1000  1000  1000
  13   1000  1000    15    15    15    15    15    15    15    15    15    15    15    15    15    15    15    15    14    14
         14    13    13    12    11    11    10     8     7     6     5     3     1     0    -1    -3    -5    -7    -8    -8
         -7    -5    -3    -1     0     0     1     1    19    18    18    17    16    15    14    12    11     9     7     5
          3     0    -1    -3    -5    -6    -5    -3    -2     0     1     2     2     3     3     3     3     2     1     0
         -2    -5     6    10  1000  1000  1000  1000  1000  1000  1000  1000  1000  1000  1000  1000  1000  1000  1000  1000
       1000  1000  1000  1000  1000  1000  1000  1000  1000  1000  1000  1000  1000  1000  1000  1000  1000  1000  1000  1000
       1000  1000  1000  1000  1000  1000  1000  1000
  14   1000    15    15    15    15    15    15    15    15    15    15    15    15    15    15    15    15    14    14    14
         13    13    12    11    11    10     8     7     6     5     3     1     0    -1    -3    -5    -7    -8    -8    -7
         -5    -3    -1     0     0     1     1    19    18    18    17    16    15    14    12    11     9     7     5     3
          0    -1    -3    -5    -6    -5    -3    -2     0     1     2     2     3     3     3     3     2     1     0    -2
         -5     6    10  1000  1000  1000  1000  1000  1000  1000  1000  1000  1000  1000  1000  1000  1000  1000  1000  1000
       1000  1000  1000  1000  1000  1000  1000  1000  1000  1000  1000  1000  1000  1000  1000  1000  1000  1000  1000  1000
       1000  1000  1000  1000  1000  1000  1000
  15   1000   988   952   895   821   734   641   546   454   368   291   225   169   124    89    62    43    28    18    12
          7     4     3     2     1     0     0     0     0     0     0    -1    -2    -3    -5    -7    -9   -10    -9    -8
         -7    -6    -5    -3    -2    -1     0     0     1     2     2     3     4     4     5     5     5     5     5     4
          4     3     1     0    -1    -2    -3    -3    -3    -3    -3    -2    -2    -2    -2    -1    -1    -1     0     0
          1     1    15    15    15    15    15    15    15    15    15    15    15    15    15    15    15    15    15    15
         15    15    15    15    15    15    15    15    15    15    15    15    15    15    15    15    15    15    15    15
         15    15    15    15    15    15
  16   1000   988   952   895   821   734   641   546   454   368   291   225   169   124    89    62    43    28    18    12
          7     4     3     2     1     0     0     0     0     0    -1    -2    -3    -5    -7    -9   -10    -9    -8    -7
         -6    -5    -3    -2    -1     0     0     1     2     2     3     4     4     5     5     5     5     5     4     4
          3     1     0    -1    -3    -3    -3    -3    -3    -3    -2    -2    -2    -2    -1    -1    -1     0     0     1
          1    15    15    15    15    15    15    15    15    15    15    15    15    15    15    15    15    15    15    15
         15    15    15    15    15    15    15    15    15    15    15    15    15    15    15    15    15    15    15    15
         15    15    15    15    15
  17   1000   988   952   895   821   734   641   546   454   368   291   225   169   124    89    62    43    28    19    12
          7     4     3     1     1     0     0     0     0    -1    -2    -3    -5    -7    -9   -10   -10    -8    -7    -6
         -5    -3    -2    -1     0     0     1     2     2     3     4     4     5     5     5     5     5     4     4     3
          1     0    -1    -3    -3    -3    -3    -3    -3    -2    -2    -2    -2    -1    -1    -1     0     0     1     1
         15    15    15    15    15    15    15    15    15    15    15    15    15    15    15    15    15    15    15    15
         15    15    15    15    15    15    15    15    15    15    15    15    15    15    15    15    15    15    15    15
         15    15    15    15
  18   1000   988   952   895   821   734   641   546   454   368   291   225   169   124    89    62    43    28    19    12
          7     4     3     1     1     0     0     0    -1    -2    -3    -5    -7    -9   -10    -9    -8    -7    -6    -5
         -3    -2    -1     0     0     1     2     2     3     4     4     5     5     5     5     5     4     4     3     1
          0    -1    -2    -3    -3    -3    -3    -3    -2    -2    -2    -2    -1    -1    -1     0     0     1     1    15
         15    15    15    15    15    15    15    15    15    15    15    15    15    15    15    15    15    15    15    15
         15    15    15    15    15    15    15    15    15    15    15    15    15    15    15    15    15    15    15    15
         15    15    15
  19   1000   988   952   895   821   734   641   546   454   368   291   225   169   124    89    62    43    29    19    12
          7     5     3     1     0     0     0    -1    -2    -3    -5    -7    -8    -9    -9    -8    -7    -6    -4    -3
         -2    -1     0     0     1     2     2     3     4     4     4     5     5     5     5     4     3     2     1     0
         -1    -2    -3    -3    -3    -3    -2    -2    -2    -2    -1    -1    -1    -1     0     0     1     1    15    15
         15    15    15    15    15    15    15    15    15    15    15    15    15    15    15    15    15    15    15    15
         15    15    15    15    15    15    15    15    15    15    15    15    15    15    15    15    15    15    15    15
         15    15
  20   1000   988   952   895   821   734   641   546   454   368   291   225   169   124    89    63    43    29    19    12
          8     5     2     1     0     0    -1    -2    -3    -5    -7    -8    -9    -9    -8    -7    -5    -4    -3    -2
         -1     0     0     1     1     2     3     3     4     4     4     4     4     4     4     3     2     1     0    -1
         -2    -3    -3    -3    -2    -2    -2    -2    -1    -1    -1    -1     0     0     0     1     1    15    15    15
         15    15    15    15    15    15    15    15    15    15    15    15    15    15    15    15    15    15    15    15
         15    15    15    15    15    15    15    15    15    15    15    15    15    15    15    15    15    15    15    15
         15
  21   1000   988   952   895   821   734   641   546   454   368   291   225   169   125    90    63    43    29    19    12
          8     4     2     1     0     0    -2    -3    -5    -6    -8    -9    -8    -7    -6    -5    -4    -3    -2    -1
          0     0     1     1     2     3     3     3     4     4     4     4     4     4     3     2     1     0    -1    -2
         -2    -2    -2    -2    -2    -2    -2    -1    -1    -1    -1     0     0     0     1     1    15    15    15    15
         15    15    15    15    15    15    15    15    15    15    15    15    15    15    15    15    15    15    15    15
         15    15    15    15    15    15    15    15    15    15    15    15    15    15    15    15    15    15    15    15
  22   1000   988   952   895   821   735   641   546   454   368   291   225   170   125    90    63    44    29    19    12
          8     4     2     0     0    -1    -3    -4    -6    -8    -9    -8    -7    -6    -5    -4    -3    -2    -1     0
          0     0     1     2     2     3     3     3     4     4     4     4     3     3     2     1     0    -1    -2    -2
         -2    -2    -2    -2    -1    -1    -1    -1    -1     0     0     0     0     1     0    15    15    15    15    15
         15    15    15    15    15    15    15    15    15    15    15    15    15    15    15    15    15    15    15    15
         15    15    15    15    15    15    15    15    15    15    15    15    15    15    15    15    15    15    15
  23   1000   988   952   895   821   735   641   546   454   368   292   225   170   125    90    64    44    30    20    13
          8     4     2     0    -1    -3    -4    -6    -8    -9    -8    -7    -6    -5    -4    -3    -2    -1     0     0
          0     1     1     2     2     3     3     3     3     3     3     3     2     2     1     0    -1    -1    -2    -2
         -2    -1    -1    -1    -1    -1    -1     0     0     0     0     0     1     0    15    15    15    15    15    15
         15    15    15    15    15    15    15    15    15    15    15    15    15    15    15    15    15    15    15    15
         15    15    15    15    15    15    15    15    15    15    15    15    15    15    15    15    15    15
  24   1000   988   952   895   821   735   641   546   454   369   292   226   171   126    91    65    45    30    20    13
          7     4     1     0    -3    -5    -7    -9   -10    -9    -8    -7    -5    -4    -3    -2    -2     0     0     0
          0     1     1     2     2     3     3     3     3     3     3     2     2     1     0     0    -1    -1    -1    -1
         -1    -1    -1    -1    -1     0     0     0     0     0     0     1     0    15    15    15    15    15    15    15
         15    15    15    15    15    15    15    15    15    15    15    15    15    15    15    15    15    15    15    15
         15    15    15    15    15    15    15    15    15    15    15    15    15    15    15    15    15
  25   1000   988   952   895   821   735   641   547   455   369   293   227   172   127    92    66    46    31    20    12
          7     3     0    -3    -6    -8   -10   -11   -11    -9    -8    -6    -5    -4    -3    -2    -1     0     0     0
          0     1     1     2     2     2     2     2     2     2     2     1     1     0     0    -1    -1    -1    -1    -1
         -1    -1     0     0     0     0     0     0     0     0     0     0    15    15    15    15    15    15    15    15
         15    15    15    15    15    15    15    15    15    15    15    15    15    15    15    15    15    15    15    15
         15    15    15    15    15    15    15    15    15    15    15    15    15    15    15    15
  26   1000   988   952   895   821   735   642   547   455   370   294   228   173   129    94    67    46    31    20    12
          5     0    -3    -7   -10   -13   -14   -13   -12   -10    -8    -6    -5    -4    -3    -2    -1     0     0     0
          0     1     1     1     2     2     2     2     2     1     1     1     0     0     0     0     0     0     0     0
          0     0     0     0     0     0     0     0     0     0     0    15    15    15    15    15    15    15    15    15
         15    15    15    15    15    15    15    15    15    15    15    15    15    15    15    15    15    15    15    15
         15    15    15    15    15    15    15    15    15    15    15    15    15    15    15
  27   1000   988   952   895   821   735   642   548   456   371   295   230   175   130    95    68    47    31    19    10
          2    -3    -9   -14   -17   -19   -18   -15   -13   -11    -9    -7    -6    -5    -3    -2    -2    -1     0     0
          0     0     1     1     1     1     1     1     1     1     1     0     0     0     0     0     0     0     0     0
          0     0     0     0     0     0     0     0     0     0    15    15    15    15    15    15    15    15    15    15
         15    15    15    15    15    15    15    15    15    15    15    15    15    15    15    15    15    15    15    15
         15    15    15    15    15    15    15    15    15    15    15    15    15    15
  28   1000   988   952   895   821   735   643   549   457   373   297   232   177   132    97    69    47    30    16     6
         -3   -11   -18   -24   -26   -25   -22   -18   -15   -12   -10    -8    -7    -5    -4    -3    -2    -2    -1     0
          0     0     0     0     0     1     1     1     1     1     0     0     0     0     0     0     0     0     0     0
          0     0     0     0     0     0     0     0     0    15    15    15    15    15    15    15    15    15    15    15
         15    15    15    15    15    15    15    15    15    15    15    15    15    15    15    15    15    15    15    15
         15    15    15    15    15    15    15    15    15    15    15    15    15
  29   1000   988   952   895   822   736   644   550   459   375   300   235   180   134    98    68    45    26    11    -2
        -14   -25   -33   -37   -35   -30   -26   -21   -18   -15   -12   -10    -8    -7    -6    -5    -4    -3    -2    -1
         -1     0     0     0     0     0     0     0     1     1     1     1     1     1     0     0     0     0     0     0
          0     0     0     0     0     0     0     0    15    15    15    15    15    15    15    15    15    15    15    15
         15    15    15    15    15    15    15    15    15    15    15    15    15    15    15    15    15    15    15    15
         15    15    15    15    15    15    15    15    15    15    15    15
  30   1000   988   952   895   822   737   645   552   462   378   303   238   182   136    97    66    40    18     0   -18
        -34   -46   -51   -49   -43   -37   -31   -26   -22   -18   -15   -13   -11    -9    -8    -6    -5    -4    -4    -3
         -2    -2    -1    -1     0     0     0     1     1     2     2     2     2     2     1     1     1     1     1     1
          1     1     0     0     0     0     0    15    15    15    15    15    15    15    15    15    15    15    15    15
         15    15    15    15    15    15    15    15    15    15    15    15    15    15    15    15    15    15    15    15
         15    15    15    15    15    15    15    15    15    15    15
  31   1000   988   952   896   823   738   647   555   465   382   307   240   184   135    95    60    30     3   -22   -45
        -63   -71   -68   -60   -51   -43   -36   -31   -26   -22   -19   -16   -14   -12   -10    -9    -8    -6    -6    -5
         -4    -3    -2    -1     0     0     1     2     3     4     3     3     3     3     3     2     2     2     2     2
          1     1     1     1     0     0    14    14    14    14    14    14    14    14    14    14    14    14    14    14
         14    14    14    14    14    14    14    14    14    14    14    14    14    14    14    14    14    14    14    14
         14    14    14    14    14    14    14    14    14    14
  32   1000   988   952   896   824   740   650   558   469   386   310   242   183   131    86    46     9   -25   -58   -84
        -96   -94   -84   -72   -60   -51   -43   -37   -32   -27   -23   -20   -18   -15   -14   -12   -10    -9    -8    -7
         -6    -4    -3    -2     0     1     3     5     6     6     5     5     5     4     4     4     3     3     3     2
          2     1     1     0     0    14    14    14    14    14    14    14    14    14    14    14    14    14    14    14
         14    14    14    14    14    14    14    14    14    14    14    14    14    14    14    14    14    14    14    14
         14    14    14    14    14    14    14    14    14
  33   1000   988   953   897   825   742   653   562   473   389   311   241   178   121    69    20   -27   -72  -109  -128
       -127  -114   -98   -83   -70   -60   -51   -44   -38   -33   -29   -25   -22   -20   -18   -16   -14   -12   -11    -9
         -7    -6    -3    -1     2     5     7     8     9     8     8     7     7     6     6     5     4     4     3     3
          2     1     0     0    14    14    14    14    14    14    14    14    14    14    14    14    14    14    14    14
         14    14    14    14    14    14    14    14    14    14    14    14    14    14    14    14    14    14    14    14
         14    14    14    14    14    14    14    14
  34   1000   988   953   898   827   745   656   565   476   390   310   235   165    99    36   -26   -88  -139  -166  -167
       -151  -131  -112   -95   -81   -70   -60   -52   -45   -40   -35   -32   -28   -25   -23   -20   -18   -16   -14   -11
         -9    -6    -2     2     7    10    12    12    12    11    10    10     9     8     7     7     6     5     4     3
          2    -1     0    13    13    13    13    13    13    13    13    13    13    13    13    13    13    13    13    13
         13    13    13    13    13    13    13    13    13    13    13    13    13    13    13    13    13    13    13    13
         13    13    13    13    13    13    13
  35   1000   988   954   899   829   748   659   568   477   388   302   219   139    59   -21  -102  -172  -211  -215  -197
       -172  -148  -126  -108   -93   -80   -70   -61   -54   -48   -43   -39   -35   -31   -28   -25   -22   -19   -16   -13
         -8    -3     3     9    14    17    17    17    16    15    13    12    11    10     9     8     7     6     4     3
         -1     0    13    13    13    13    13    13    13    13    13    13    13    13    13    13    13    13    13    13
         13    13    13    13    13    13    13    13    13    13    13    13    13    13    13    13    13    13    13    13
         13    13    13    13    13    13
  36   1000   988   954   901   831   750   661   568   473   378   283   188    91   -10  -114  -206  -262  -272  -252  -222
       -191  -164  -141  -122  -106   -92   -81   -72   -64   -57   -52   -47   -42   -38   -34   -31   -27   -22   -18   -12
         -5     3    12    19    23    23    23    21    20    18    17    15    14    12    11     9     8     6     4    -2
         -1    12    12    12    12    12    12    12    12    12    12    12    12    12    12    12    12    12    12    12
         12    12    12    12    12    12    12    12    12    12    12    12    12    12    12    12    12    12    12    12
         12    12    12    12    12
  37   1000   988   955   902   833   751   660   563   462   357   248   132     8  -121  -240  -316  -334  -315  -280  -243
       -210  -181  -157  -136  -119  -105   -93   -83   -75   -68   -61   -56   -50   -45   -40   -35   -30   -23   -16    -6
          4    16    25    30    31    30    28    26    24    22    20    18    16    14    12    10     8     6    -3    -2
         11    11    11    11    11    11    11    11    11    11    11    11    11    11    11    11    11    11    11    11
         11    11    11    11    11    11    11    11    11    11    11    11    11    11    11    11    11    11    11    11
         11    11    11    11
  38   1000   989   955   902   833   750   655   551   439   318   185    38  -120  -270  -370  -402  -384  -346  -303  -263
       -228  -198  -173  -152  -134  -119  -107   -96   -87   -79   -71   -65   -58   -52   -46   -39   -30   -21    -9     5
         21    32    38    39    38    36    33    31    28    26    23    21    18    16    13    10     7    -5    -2    11
         11    11    11    11    11    11    11    11    11    11    11    11    11    11    11    11    11    11    11    11
         11    11    11    11    11    11    11    11    11    11    11    11    11    11    11    11    11    11    11    11
         11    11    11
  39   1000   989   956   902   831   744   643   527   397   249    80  -108  -292  -423  -472  -460  -419  -371  -325  -283
       -247  -216  -190  -168  -150  -134  -121  -109   -99   -90   -82   -74   -66   -58   -49   -38   -26   -11     6    26
         41    48    49    48    45    42    39    35    32    29    26    23    20    17    13     9    -6    -3    10    10
         10    10    10    10    10    10    10    10    10    10    10    10    10    10    10    10    10    10    10    10
         10    10    10    10    10    10    10    10    10    10    10    10    10    10    10    10    10    10    10    10
         10    10
  40   1000   989   955   900   826   732   619   484   325   135   -82  -303  -469  -540  -537  -497  -446  -393  -345  -303
       -266  -235  -208  -185  -166  -150  -135  -123  -111  -101   -91   -81   -71   -60   -47   -32   -14     8    32    50
         59    61    59    55    51    47    43    40    36    32    28    24    20    16    11    -8    -4     8     8     8
          8     8     8     8     8     8     8     8     8     8     8     8     8     8     8     8     8     8     8     8
          8     8     8     8     8     8     8     8     8     8     8     8     8     8     8     8     8     8     8     8
          8
  41   1000   988   954   896   815   709   576   411   205   -39  -298  -503  -603  -615  -579  -526  -469  -415  -366  -323
       -286  -254  -227  -203  -183  -165  -150  -136  -123  -111   -99   -86   -73   -57   -39   -16    10    39    61    72
         74    71    67    62    57    52    48    43    39    34    30    24    19    13    -9    -5     7     7     7     7
          7     7     7     7     7     7     7     7     7     7     7     7     7     7     7     7     7     7     7     7
          7     7     7     7     7     7     7     7     7     7     7     7     7     7     7     7     7     7     7     7
  42   1000   988   951   888   796   671   506   290    21  -273  -520  -655  -688  -661  -609  -550  -491  -436  -388  -344
       -307  -274  -246  -221  -200  -181  -164  -148  -133  -118  -103   -87   -68   -46   -19    13    47    73    86    88
         85    80    74    68    62    57    51    46    41    35    29    23    16   -11    -6     6     6     6     6     6
          6     6     6     6     6     6     6     6     6     6     6     6     6     6     6     6     6     6     6     6
          6     6     6     6     6     6     6     6     6     6     6     6     6     6     6     6     6     6     6
  43   1000   987   946   874   764   607   389   104  -224  -516  -691  -751  -739  -693  -634  -573  -514  -459  -410  -366
       -328  -294  -265  -239  -216  -195  -176  -157  -140  -121  -102   -80   -53   -21    16    56    87   101   103   100
         93    86    80    73    66    60    54    48    41    34    27    19   -13    -8     5     5     5     5     5     5
          5     5     5     5     5     5     5     5     5     5     5     5     5     5     5     5     5     5     5     5
          5     5     5     5     5     5     5     5     5     5     5     5     5     5     5     5     5     5
  44   1000   986   938   851   710   500   208  -147  -483  -703  -797  -808  -774  -720  -659  -597  -538  -483  -433  -389
       -350  -314  -283  -255  -230  -207  -185  -163  -141  -118   -92   -61   -23    21    67   102   118   120   116   108
        100    92    84    77    69    62    55    47    39    31    22   -16    -9     3     3     3     3     3     3     3
          3     3     3     3     3     3     3     3     3     3     3     3     3     3     3     3     3     3     3     3
          3     3     3     3     3     3     3     3     3     3     3     3     3     3     3     3     3
  45   1000   983   925   811   621   334   -39  -415  -684  -820  -861  -846  -803  -746  -685  -623  -564  -509  -458  -412
       -371  -334  -300  -270  -242  -215  -189  -162  -135  -104   -68   -25    26    79   118   136   138   133   124   115
        105    96    87    79    71    62    54    45    35    25   -18   -10     1     1     1     1     1     1     1     1
          1     1     1     1     1     1     1     1     1     1     1     1     1     1     1     1     1     1     1     1
          1     1     1     1     1     1     1     1     1     1     1     1     1     1     1     1
  46   1000   979   902   745   478   102  -305  -624  -809  -888  -901  -876  -830  -773  -712  -651  -591  -535  -483  -435
       -392  -352  -315  -281  -248  -217  -186  -153  -117   -75   -25    33    93   137   156   158   151   141   130   119
        108    99    89    80    70    61    50    39    28   -20   -12     0     0     0     0     0     0     0     0     0
          0     0     0     0     0     0     0     0     0     0     0     0     0     0     0     0     0     0     0     0
          0     0     0     0     0     0     0     0     0     0     0     0     0     0     0
  47   1000   971   863   638   279  -146  -511  -750  -876  -926  -928  -901  -855  -800  -740  -679  -619  -562  -507  -456
       -409  -365  -324  -285  -248  -211  -172  -130   -82   -24    42   109   157   178   179   170   158   145   133   121
        110    99    89    78    67    56    44    31   -22   -13    -1    -1    -1    -1    -1    -1    -1    -1    -1    -1
         -1    -1    -1    -1    -1    -1    -1    -1    -1    -1    -1    -1    -1    -1    -1    -1    -1    -1    -1    -1
         -1    -1    -1    -1    -1    -1    -1    -1    -1    -1    -1    -1    -1    -1
  48   1000   958   799   488    68  -331  -623  -805  -902  -942  -943  -918  -877  -824  -766  -705  -644  -584  -526  -472
       -420  -372  -325  -281  -236  -191  -142   -87   -22    52   127   179   201   200   190   176   161   147   134   121
        109    98    86    74    61    48    34   -25   -15    -3    -3    -3    -3    -3    -3    -3    -3    -3    -3    -3
         -3    -3    -3    -3    -3    -3    -3    -3    -3    -3    -3    -3    -3    -3    -3    -3    -3    -3    -3    -3
         -3    -3    -3    -3    -3    -3    -3    -3    -3    -3    -3    -3    -3
  49   1000   937   713   339   -69  -406  -643  -796  -885  -927  -935  -917  -882  -834  -778  -718  -656  -594  -533  -475
       -418  -364  -312  -261  -208  -152   -90   -17    64   145   201   222   220   207   191   174   159   144   130   117
        105    92    79    66    52    37   -26   -16    -5    -5    -5    -5    -5    -5    -5    -5    -5    -5    -5    -5
         -5    -5    -5    -5    -5    -5    -5    -5    -5    -5    -5    -5    -5    -5    -5    -5    -5    -5    -5    -5
         -5    -5    -5    -5    -5    -5    -5    -5    -5    -5    -5    -5
  50   1000   912   642   272   -79  -361  -569  -713  -807  -859  -878  -872  -846  -806  -756  -698  -638  -575  -513  -451
       -392  -333  -276  -218  -156   -88   -10    76   159   215   235   231   216   198   180   163   148   133   120   107
         94    81    67    53    38   -26   -16    -7    -7    -7    -7    -7    -7    -7    -7    -7    -7    -7    -7    -7
         -7    -7    -7    -7    -7    -7    -7    -7    -7    -7    -7    -7    -7    -7    -7    -7    -7    -7    -7    -7
         -7    -7    -7    -7    -7    -7    -7    -7    -7    -7    -7
  51   1000   899   640   328    39  -201  -392  -536  -638  -703  -739  -748  -736  -708  -667  -618  -563  -505  -446  -387
       -328  -269  -210  -147   -79    -3    81   161   212   229   222   206   188   170   154   139   125   112   100    88
         76    63    50    36   -24   -15    -8    -8    -8    -8    -8    -8    -8    -8    -8    -8    -8    -8    -8    -8
         -8    -8    -8    -8    -8    -8    -8    -8    -8    -8    -8    -8    -8    -8    -8    -8    -8    -8    -8    -8
         -8    -8    -8    -8    -8    -8    -8    -8    -8    -8
  52   1000   911   706   467   236    31  -141  -281  -388  -466  -515  -541  -545  -533  -508  -472  -430  -383  -334  -283
       -232  -179  -124   -64     2    74   141   183   194   187   172   156   140   126   113   102    91    81    71    61
         51    41    30   -19   -12    -8    -8    -8    -8    -8    -8    -8    -8    -8    -8    -8    -8    -8    -8    -8
         -8    -8    -8    -8    -8    -8    -8    -8    -8    -8    -8    -8    -8    -8    -8    -8    -8    -8    -8    -8
         -8    -8    -8    -8    -8    -8    -8    -8    -8
  53   1000   935   788   610   430   259   108   -21  -128  -210  -270  -308  -328  -332  -323  -305  -278  -247  -212  -174
       -135   -93   -48     1    55   104   134   142   135   124   111   100    89    80    72    64    57    50    43    36
         29    22   -12    -8    -7    -7    -7    -7    -7    -7    -7    -7    -7    -7    -7    -7    -7    -7    -7    -7
         -7    -7    -7    -7    -7    -7    -7    -7    -7    -7    -7    -7    -7    -7    -7    -7    -7    -7    -7    -7
         -7    -7    -7    -7    -7    -7    -7    -7
  54   1000   955   850   717   574   433   301   183    82     0   -66  -113  -145  -162  -168  -164  -153  -137  -116   -92
        -66   -37    -4    31    63    83    88    84    76    69    61    55    49    44    39    35    31    27    23    18
         15    -7    -5    -5    -5    -5    -5    -5    -5    -5    -5    -5    -5    -5    -5    -5    -5    -5    -5    -5
         -5    -5    -5    -5    -5    -5    -5    -5    -5    -5    -5    -5    -5    -5    -5    -5    -5    -5    -5    -5
         -5    -5    -5    -5    -5    -5    -5
  55   1000   968   890   786   670   551   435   327   231   148    80    26   -14   -42   -60   -68   -70   -66   -57   -46
        -32   -14     4    23    36    41    40    38    34    31    28    25    22    20    18    16    14    12    11     9
         -3    -3    -3    -3    -3    -3    -3    -3    -3    -3    -3    -3    -3    -3    -3    -3    -3    -3    -3    -3
         -3    -3    -3    -3    -3    -3    -3    -3    -3    -3    -3    -3    -3    -3    -3    -3    -3    -3    -3    -3
         -3    -3    -3    -3    -3    -3
  56   1000   976   915   830   732   628   524   424   331   249   177   118    70    33     6   -11   -23   -30   -32   -32
        -28   -22   -13    -4     1     5     6     7     7     7     7     7     6     6     6     6     5     5     5     0
         -1    -1    -1    -1    -1    -1    -1    -1    -1    -1    -1    -1    -1    -1    -1    -1    -1    -1    -1    -1
         -1    -1    -1    -1    -1    -1    -1    -1    -1    -1    -1    -1    -1    -1    -1    -1    -1    -1    -1    -1
         -1    -1    -1    -1    -1
  57   1000   981   930   859   772   679   582   487   396   313   238   174   120    76    41    14    -6   -22   -35   -44
        -49   -49   -43   -34   -25   -19   -14   -10    -8    -6    -4    -3    -2     0     0     1     2     3     1     0
          0     0     0     0     0     0     0     0     0     0     0     0     0     0     0     0     0     0     0     0
          0     0     0     0     0     0     0     0     0     0     0     0     0     0     0     0     0     0     0     0
          0     0     0     0
  58   1000   984   941   877   799   711   619   526   436   351   273   204   144    93    51    15   -14   -39   -61   -78
        -85   -80   -68   -54   -42   -33   -27   -21   -17   -14   -11    -8    -6    -4    -2     0     2     2     0     0
          0     0     0     0     0     0     0     0     0     0     0     0     0     0     0     0     0     0     0     0
          0     0     0     0     0     0     0     0     0     0     0     0     0     0     0     0     0     0     0     0
          0     0     0
  59   1000   986   947   889   816   732   642   549   457   370   288   214   148    90    40    -4   -43   -79  -107  -123
       -119  -103   -84   -67   -53   -42   -34   -28   -23   -18   -14   -11    -8    -5    -2     1     3     0     1     1
          1     1     1     1     1     1     1     1     1     1     1     1     1     1     1     1     1     1     1     1
          1     1     1     1     1     1     1     1     1     1     1     1     1     1     1     1     1     1     1     1
          1     1
  60   1000   987   951   896   826   744   654   560   466   374   288   208   135    69    10   -45   -95  -138  -163  -162
       -142  -116   -93   -75   -60   -49   -40   -32   -26   -21   -16   -12    -8    -4     0     5     0     1     1     1
          1     1     1     1     1     1     1     1     1     1     1     1     1     1     1     1     1     1     1     1
          1     1     1     1     1     1     1     1     1     1     1     1     1     1     1     1     1     1     1     1
          1
  61   1000   988   954   901   831   749   657   561   463   367   274   188   106    30   -41  -109  -169  -206  -209  -185
       -154  -124  -100   -81   -66   -54   -44   -36   -29   -23   -17   -12    -6    -1     6     0    19    19    19    19
         19    19    19    19    19    19    19    19    19    19    19    19    19    19    19    19    19    19    19    19
         19    19    19    19    19    19    19    19    19    19    19    19    19    19    19    19    19    19    19    19
  62   1000   989   955   902   832   748   654   554   451   349   249   153    59   -31  -119  -198  -251  -261  -236  -198
       -162  -131  -107   -88   -72   -59   -49   -39   -31   -24   -17   -10    -2     8     1    18    18    18    18    18
         18    18    18    18    18    18    18    18    18    18    18    18    18    18    18    18    18    18    18    18
         18    18    18    18    18    18    18    18    18    18    18    18    18    18    18    18    18    18    18
  63   1000   989   955   902   830   744   646   541   431   321   210    99   -11  -122  -224  -297  -318  -293  -250  -207
       -170  -140  -115   -95   -79   -65   -53   -43   -33   -24   -15    -4    11     1    18    18    18    18    18    18
         18    18    18    18    18    18    18    18    18    18    18    18    18    18    18    18    18    18    18    18
         18    18    18    18    18    18    18    18    18    18    18    18    18    18    18    18    18    18
  64   1000   989   955   900   826   735   632   520   402   279   152    20  -114  -245  -343  -379  -358  -311  -262  -217
       -181  -150  -126  -105   -87   -72   -58   -45   -33   -21    -8    15     3    17    17    17    17    17    17    17
         17    17    17    17    17    17    17    17    17    17    17    17    17    17    17    17    17    17    17    17
         17    17    17    17    17    17    17    17    17    17    17    17    17    17    17    17    17
  65   1000   988   954   896   819   723   613   492   360   218    67   -94  -256  -385  -442  -429  -381  -325  -274  -231
       -194  -164  -138  -116   -96   -78   -62   -45   -30   -12    21     5    16    16    16    16    16    16    16    16
         16    16    16    16    16    16    16    16    16    16    16    16    16    16    16    16    16    16    16    16
         16    16    16    16    16    16    16    16    16    16    16    16    16    16    16    16
  66   1000   988   952   892   809   707   587   451   299   129   -58  -254  -419  -504  -504  -458  -398  -341  -290  -247
       -210  -179  -151  -127  -104   -83   -62   -41   -19    28     7    15    15    15    15    15    15    15    15    15
         15    15    15    15    15    15    15    15    15    15    15    15    15    15    15    15    15    15    15    15
         15    15    15    15    15    15    15    15    15    15    15    15    15    15    15
  67   1000   987   949   885   797   685   550   392   208    -4  -234  -440  -560  -579  -540  -479  -417  -360  -310  -267
       -229  -196  -166  -137  -110   -83   -57   -27    37    11    14    14    14    14    14    14    14    14    14    14
         14    14    14    14    14    14    14    14    14    14    14    14    14    14    14    14    14    14    14    14
         14    14    14    14    14    14    14    14    14    14    14    14    14    14
  68   1000   987   946   877   780   653   495   302    69  -194  -443  -604  -651  -623  -565  -501  -439  -383  -333  -289
       -249  -212  -177  -143  -109   -76   -38    49    15    12    12    12    12    12    12    12    12    12    12    12
         12    12    12    12    12    12    12    12    12    12    12    12    12    12    12    12    12    12    12    12
         12    12    12    12    12    12    12    12    12    12    12    12    12
  69   1000   986   941   865   754   605   411   164  -129  -423  -630  -711  -703  -653  -590  -525  -464  -408  -358  -311
       -267  -225  -183  -141   -99   -52    64    22    11    11    11    11    11    11    11    11    11    11    11    11
         11    11    11    11    11    11    11    11    11    11    11    11    11    11    11    11    11    11    11    11
         11    11    11    11    11    11    11    11    11    11    11    11
  70   1000   984   935   847   715   530   279   -37  -373  -631  -754  -773  -738  -680  -616  -553  -492  -435  -382  -331
       -281  -231  -180  -128   -70    82    30     9     9     9     9     9     9     9     9     9     9     9     9     9
          9     9     9     9     9     9     9     9     9     9     9     9     9     9     9     9     9     9     9     9
          9     9     9     9     9     9     9     9     9     9     9
  71   1000   982   925   820   653   410    81  -289  -599  -771  -825  -812  -766  -707  -645  -582  -521  -462  -404  -346
       -286  -225  -163   -91   104    41     7     7     7     7     7     7     7     7     7     7     7     7     7     7
          7     7     7     7     7     7     7     7     7     7     7     7     7     7     7     7     7     7     7     7
          7     7     7     7     7     7     7     7     7     7
  72   1000   979   909   774   552   227  -169  -527  -753  -851  -867  -841  -793  -736  -675  -612  -549  -485  -419  -351
       -279  -204  -118   131    55     5     5     5     5     5     5     5     5     5     5     5     5     5     5     5
          5     5     5     5     5     5     5     5     5     5     5     5     5     5     5     5     5     5     5     5
          5     5     5     5     5     5     5     5     5
  73   1000   974   883   699   396    -8  -408  -689  -837  -893  -894  -865  -820  -765  -704  -640  -572  -501  -424  -341
       -253  -151   164    73     3     3     3     3     3     3     3     3     3     3     3     3     3     3     3     3
          3     3     3     3     3     3     3     3     3     3     3     3     3     3     3     3     3     3     3     3
          3     3     3     3     3     3     3     3
  74   1000   966   839   581   191  -233  -566  -770  -873  -911  -910  -884  -843  -790  -730  -662  -587  -503  -411  -311
       -193   204    98     0     0     0     0     0     0     0     0     0     0     0     0     0     0     0     0     0
          0     0     0     0     0     0     0     0     0     0     0     0     0     0     0     0     0     0     0     0
          0     0     0     0     0     0     0
  75   1000   951   768   427     3  -370  -629  -786  -870  -907  -911  -891  -855  -806  -745  -671  -586  -487  -376  -242
        251   129    -1    -1    -1    -1    -1    -1    -1    -1    -1    -1    -1    -1    -1    -1    -1    -1    -1    -1
         -1    -1    -1    -1    -1    -1    -1    -1    -1    -1    -1    -1    -1    -1    -1    -1    -1    -1    -1    -1
         -1    -1    -1    -1    -1    -1
  76   1000   928   682   301   -85  -388  -600  -737  -821  -864  -879  -870  -842  -797  -735  -655  -557  -443  -298   301
        169    -3    -3    -3    -3    -3    -3    -3    -3    -3    -3    -3    -3    -3    -3    -3    -3    -3    -3    -3
         -3    -3    -3    -3    -3    -3    -3    -3    -3    -3    -3    -3    -3    -3    -3    -3    -3    -3    -3    -3
         -3    -3    -3    -3    -3
  77   1000   905   630   282   -35  -285  -472  -605  -697  -755  -785  -791  -775  -738  -678  -595  -489  -349   343   212
         -5    -5    -5    -5    -5    -5    -5    -5    -5    -5    -5    -5    -5    -5    -5    -5    -5    -5    -5    -5
         -5    -5    -5    -5    -5    -5    -5    -5    -5    -5    -5    -5    -5    -5    -5    -5    -5    -5    -5    -5
         -5    -5    -5    -5
  78   1000   900   661   386   135   -75  -244  -378  -480  -554  -603  -628  -629  -606  -556  -481  -370   352   244    -6
         -6    -6    -6    -6    -6    -6    -6    -6    -6    -6    -6    -6    -6    -6    -6    -6    -6    -6    -6    -6
         -6    -6    -6    -6    -6    -6    -6    -6    -6    -6    -6    -6    -6    -6    -6    -6    -6    -6    -6    -6
         -6    -6    -6
  79   1000   921   746   546   353   179    27  -100  -208  -294  -360  -405  -428  -426  -398  -339   310   247    -5    -5
         -5    -5    -5    -5    -5    -5    -5    -5    -5    -5    -5    -5    -5    -5    -5    -5    -5    -5    -5    -5
         -5    -5    -5    -5    -5    -5    -5    -5    -5    -5    -5    -5    -5    -5    -5    -5    -5    -5    -5    -5
         -5    -5
  80   1000   946   827   684   537   395   263   143    35   -58  -138  -201  -246  -269  -268   231   222    -3    -3    -3
         -3    -3    -3    -3    -3    -3    -3    -3    -3    -3    -3    -3    -3    -3    -3    -3    -3    -3    -3    -3
         -3    -3    -3    -3    -3    -3    -3    -3    -3    -3    -3    -3    -3    -3    -3    -3    -3    -3    -3    -3
         -3
  81   1000   964   881   776   661   543   427   314   207   106    14   -66  -131  -184   143   182    -2    -2    -2    -2
         -2    -2    -2    -2    -2    -2    -2    -2    -2    -2    -2    -2    -2    -2    -2    -2    -2    -2    -2    -2
         -2    -2    -2    -2    -2    -2    -2    -2    -2    -2    -2    -2    -2    -2    -2    -2    -2    -2    -2    -2
  82   1000   975   914   832   737   635   528   419   309   199    93    -4   -99    57   138     0     0     0     0     0
          0     0     0     0     0     0     0     0     0     0     0     0     0     0     0     0     0     0     0     0
          0     0     0     0     0     0     0     0     0     0     0     0     0     0     0     0     0     0     0
  83   1000   981   933   865   783   689   585   473   355   233   111   -17   -25    90     1     1     1     1     1     1
          1     1     1     1     1     1     1     1     1     1     1     1     1     1     1     1     1     1     1     1
          1     1     1     1     1     1     1     1     1     1     1     1     1     1     1     1     1     1
  84   1000   985   944   884   807   715   609   489   358   220    64  -105    38     2     2     2     2     2     2     2
          2     2     2     2     2     2     2     2     2     2     2     2     2     2     2     2     2     2     2     2
          2     2     2     2     2     2     2     2     2     2     2     2     2     2     2     2     2
  85   1000   987   951   894   817   721   606   472   324   148  -187   -20     2     2     2     2     2     2     2     2
          2     2     2     2     2     2     2     2     2     2     2     2     2     2     2     2     2     2     2     2
          2     2     2     2     2     2     2     2     2     2     2     2     2     2     2     2
  86   1000   988   953   895   814   708   579   427   236  -273   -88     3     3     3     3     3     3     3     3     3
          3     3     3     3     3     3     3     3     3     3     3     3     3     3     3     3     3     3     3     3
          3     3     3     3     3     3     3     3     3     3     3     3     3     3     3
  87   1000   988   952   890   799   679   529   332  -363  -167     3     3     3     3     3     3     3     3     3     3
          3     3     3     3     3     3     3     3     3     3     3     3     3     3     3     3     3     3     3     3
          3     3     3     3     3     3     3     3     3     3     3     3     3     3
  88   1000   987   948   877   772   632   435  -460  -259     3     3     3     3     3     3     3     3     3     3     3
          3     3     3     3     3     3     3     3     3     3     3     3     3     3     3     3     3     3     3     3
          3     3     3     3     3     3     3     3     3     3     3     3     3
  89   1000   986   940   857   734   546  -562  -365     3     3     3     3     3     3     3     3     3     3     3     3
          3     3     3     3     3     3     3     3     3     3     3     3     3     3     3     3     3     3     3     3
          3     3     3     3     3     3     3     3     3     3     3     3
  90   1000   984   929   831   662  -668  -485     2     2     2     2     2     2     2     2     2     2     2     2     2
          2     2     2     2     2     2     2     2     2     2     2     2     2     2     2     2     2     2     2     2
          2     2     2     2     2     2     2     2     2     2     2
  91   1000   980   916   777  -769  -615     1     1     1     1     1     1     1     1     1     1     1     1     1     1
          1     1     1     1     1     1     1     1     1     1     1     1     1     1     1     1     1     1     1     1
          1     1     1     1     1     1     1     1     1     1
  92   1000   976   881  -856  -745     0     0     0     0     0     0     0     0     0     0     0     0     0     0     0
          0     0     0     0     0     0     0     0     0     0     0     0     0     0     0     0     0     0     0     0
          0     0     0     0     0     0     0     0     0
  93   1000   961  -910  -860    -2    -2    -2    -2    -2    -2    -2    -2    -2    -2    -2    -2    -2    -2    -2    -2
         -2    -2    -2    -2    -2    -2    -2    -2    -2    -2    -2    -2    -2    -2    -2    -2    -2    -2    -2    -2
         -2    -2    -2    -2    -2    -2    -2    -2
  94   1000  -885  -933    -5    -5    -5    -5    -5    -5    -5    -5    -5    -5    -5    -5    -5    -5    -5    -5    -5
         -5    -5    -5    -5    -5    -5    -5    -5    -5    -5    -5    -5    -5    -5    -5    -5    -5    -5    -5    -5
         -5    -5    -5    -5    -5    -5    -5
  95   1000   933     6     6     6     6     6     6     6     6     6     6     6     6     6     6     6     6     6     6
          6     6     6     6     6     6     6     6     6     6     6     6     6     6     6     6     6     6     6     6
          6     6     6     6     6     6
  96   1000    10    10    10    10    10    10    10    10    10    10    10    10    10    10    10    10    10    10    10
         10    10    10    10    10    10    10    10    10    10    10    10    10    10    10    10    10    10    10    10
         10    10    10    10    10
  97   1000  1000  1000  1000  1000  1000  1000  1000  1000  1000  1000  1000  1000  1000  1000  1000  1000  1000  1000  1000
       1000  1000  1000  1000  1000  1000  1000  1000  1000  1000  1000  1000  1000  1000  1000  1000  1000  1000  1000  1000
       1000  1000  1000  1000
  98   1000  1000  1000  1000  1000  1000  1000  1000  1000  1000  1000  1000  1000  1000  1000  1000  1000  1000  1000  1000
       1000  1000  1000  1000  1000  1000  1000  1000  1000  1000  1000  1000  1000  1000  1000  1000  1000  1000  1000  1000
       1000  1000  1000
  99   1000  1000  1000  1000  1000  1000  1000  1000  1000  1000  1000  1000  1000  1000  1000  1000  1000  1000  1000  1000
       1000  1000  1000  1000  1000  1000  1000  1000  1000  1000  1000  1000  1000  1000  1000  1000  1000  1000  1000  1000
       1000  1000
 100   1000  1000  1000  1000  1000  1000  1000  1000  1000  1000  1000  1000  1000  1000  1000  1000  1000  1000  1000  1000
       1000  1000  1000  1000  1000  1000  1000  1000  1000  1000  1000  1000  1000  1000  1000  1000  1000  1000  1000  1000
       1000
 101   1000  1000  1000  1000  1000  1000  1000  1000  1000  1000  1000  1000  1000  1000  1000  1000  1000  1000  1000  1000
       1000  1000  1000  1000  1000  1000  1000  1000  1000  1000  1000  1000  1000  1000  1000  1000  1000  1000  1000  1000
 102   1000  1000  1000  1000  1000  1000  1000  1000  1000  1000  1000  1000  1000  1000  1000  1000  1000  1000  1000  1000
       1000  1000  1000  1000  1000  1000  1000  1000  1000  1000  1000  1000  1000  1000  1000  1000  1000  1000  1000
 103   1000  1000  1000  1000  1000  1000  1000  1000  1000  1000  1000  1000  1000  1000  1000  1000  1000  1000  1000  1000
       1000  1000  1000  1000  1000  1000  1000  1000  1000  1000  1000  1000  1000  1000  1000  1000  1000  1000
 104   1000  1000  1000  1000  1000  1000  1000  1000  1000  1000  1000  1000  1000  1000  1000  1000  1000  1000  1000  1000
       1000  1000  1000  1000  1000  1000  1000  1000  1000  1000  1000  1000  1000  1000  1000  1000  1000
 105   1000  1000  1000  1000  1000  1000  1000  1000  1000  1000  1000  1000  1000  1000  1000  1000  1000  1000  1000  1000
       1000  1000  1000  1000  1000  1000  1000  1000  1000  1000  1000  1000  1000  1000  1000  1000
 106   1000  1000  1000  1000  1000  1000  1000  1000  1000  1000  1000  1000  1000  1000  1000  1000  1000  1000  1000  1000
       1000  1000  1000  1000  1000  1000  1000  1000  1000  1000  1000  1000  1000  1000  1000
 107   1000  1000  1000  1000  1000  1000  1000  1000  1000  1000  1000  1000  1000  1000  1000  1000  1000  1000  1000  1000
       1000  1000  1000  1000  1000  1000  1000  1000  1000  1000  1000  1000  1000  1000
 108   1000  1000  1000  1000  1000  1000  1000  1000  1000  1000  1000  1000  1000  1000  1000  1000  1000  1000  1000  1000
       1000  1000  1000  1000  1000  1000  1000  1000  1000  1000  1000  1000  1000
 109   1000  1000  1000  1000  1000  1000  1000  1000  1000  1000  1000  1000  1000  1000  1000  1000  1000  1000  1000  1000
       1000  1000  1000  1000  1000  1000  1000  1000  1000  1000  1000  1000
 110   1000  1000  1000  1000  1000  1000  1000  1000  1000  1000  1000  1000  1000  1000  1000  1000  1000  1000  1000  1000
       1000  1000  1000  1000  1000  1000  1000  1000  1000  1000  1000
 111   1000  1000  1000  1000  1000  1000  1000  1000  1000  1000  1000  1000  1000  1000  1000  1000  1000  1000  1000  1000
       1000  1000  1000  1000  1000  1000  1000  1000  1000  1000
 112   1000  1000  1000  1000  1000  1000  1000  1000  1000  1000  1000  1000  1000  1000  1000  1000  1000  1000  1000  1000
       1000  1000  1000  1000  1000  1000  1000  1000  1000
 113   1000  1000  1000  1000  1000  1000  1000  1000  1000  1000  1000  1000  1000  1000  1000  1000  1000  1000  1000  1000
       1000  1000  1000  1000  1000  1000  1000  1000
 114   1000  1000  1000  1000  1000  1000  1000  1000  1000  1000  1000  1000  1000  1000  1000  1000  1000  1000  1000  1000
       1000  1000  1000  1000  1000  1000  1000
 115   1000  1000  1000  1000  1000  1000  1000  1000  1000  1000  1000  1000  1000  1000  1000  1000  1000  1000  1000  1000
       1000  1000  1000  1000  1000  1000
 116   1000  1000  1000  1000  1000  1000  1000  1000  1000  1000  1000  1000  1000  1000  1000  1000  1000  1000  1000  1000
       1000  1000  1000  1000  1000
 117   1000  1000  1000  1000  1000  1000  1000  1000  1000  1000  1000  1000  1000  1000  1000  1000  1000  1000  1000  1000
       1000  1000  1000  1000
 118   1000  1000  1000  1000  1000  1000  1000  1000  1000  1000  1000  1000  1000  1000  1000  1000  1000  1000  1000  1000
       1000  1000  1000
 119   1000  1000  1000  1000  1000  1000  1000  1000  1000  1000  1000  1000  1000  1000  1000  1000  1000  1000  1000  1000
       1000  1000
 120   1000  1000  1000  1000  1000  1000  1000  1000  1000  1000  1000  1000  1000  1000  1000  1000  1000  1000  1000  1000
       1000
 121   1000  1000  1000  1000  1000  1000  1000  1000  1000  1000  1000  1000  1000  1000  1000  1000  1000  1000  1000  1000
 122   1000  1000  1000  1000  1000  1000  1000  1000  1000  1000  1000  1000  1000  1000  1000  1000  1000  1000  1000
 123   1000  1000  1000  1000  1000  1000  1000  1000  1000  1000  1000  1000  1000  1000  1000  1000  1000  1000
 124   1000  1000  1000  1000  1000  1000  1000  1000  1000  1000  1000  1000  1000  1000  1000  1000  1000
 125   1000  1000  1000  1000  1000  1000  1000  1000  1000  1000  1000  1000  1000  1000  1000  1000
 126   1000  1000  1000  1000  1000  1000  1000  1000  1000  1000  1000  1000  1000  1000  1000
 127   1000  1000  1000  1000  1000  1000  1000  1000  1000  1000  1000  1000  1000  1000
 128   1000  1000  1000  1000  1000  1000  1000  1000  1000  1000  1000  1000  1000
 129   1000  1000  1000  1000  1000  1000  1000  1000  1000  1000  1000  1000
 130   1000  1000  1000  1000  1000  1000  1000  1000  1000  1000  1000
 131   1000  1000  1000  1000  1000  1000  1000  1000  1000  1000
 132   1000  1000  1000  1000  1000  1000  1000  1000  1000
 133   1000  1000  1000  1000  1000  1000  1000  1000
 134   1000  1000  1000  1000  1000  1000  1000
 135   1000  1000  1000  1000  1000  1000
 136   1000  1000  1000  1000  1000
 137   1000  1000  1000  1000
 138   1000  1000  1000
 139   1000  1000
 140   1000

 Finished!
