NIF_RUN Passive 18x snout on TANDM 90-348 Pinhole
  140    5    1    0    0
   0.00500   9.00000   0.03000   0.03000
   0.0000000   0   0 1.00000000E+00   1.0000000
ZR902    1.706E-12 0.010       0.00       0.00        (    )
IN115N   4.881E-13 0.007       0.00       0.00        (    )
AU197G   8.079E-14 0.010       0.00 AUNG  3.94 IFX    (ISTP)
IN115G   1.161E-13 0.020       0.00 INNG 39.37 IFX    (ISTP)
AU1972   1.218E-11 0.053       0.00       0.00        (    )
Flux Uncertainty
   7
 1.0000E-11 1.0000E-07 5.0000E-01 1.0000E+00 1.0000E+01 1.3000E+01 2.0100E+01
 1.0000E+00 1.0000E+00 1.0000E+00 1.0000E+00 5.0000E-01 2.0000E-01 3.0000E-02
Input Flux Spectrum
 140   1 1.000E+00 2.000E+01 5.000E-08
 1.0000E+00 1.0000E+00 1.0000E+00 1.0000E+00 1.0000E+00 9.9990E-01 9.9990E-01
 9.9980E-01 9.9970E-01 9.9960E-01 9.9930E-01 9.9910E-01 9.9860E-01 9.9810E-01
 9.9740E-01 9.9640E-01 9.9520E-01 9.9350E-01 9.9130E-01 9.8850E-01 9.8480E-01
 9.8020E-01 9.7440E-01 9.6740E-01 9.5910E-01 9.4940E-01 9.3860E-01 9.2700E-01
 9.1490E-01 9.0280E-01 8.9130E-01 8.8080E-01 8.7160E-01 8.6390E-01 8.5770E-01
 8.5270E-01 8.4840E-01 8.4420E-01 8.3950E-01 8.3370E-01 8.2620E-01 8.1660E-01
 8.0460E-01 7.8990E-01 7.7260E-01 7.5260E-01 7.3040E-01 7.0630E-01 6.8130E-01
 6.5640E-01 6.3310E-01 6.1320E-01 5.9850E-01 5.9080E-01 5.9110E-01 5.9930E-01
 6.1420E-01 6.3350E-01 6.5410E-01 6.7270E-01 6.8610E-01 6.9140E-01 6.8630E-01
 6.6930E-01 6.3950E-01 5.9720E-01 5.4390E-01 4.8240E-01 4.1770E-01 3.5740E-01
 3.0410E-01 2.7230E-01 2.7170E-01 2.9070E-01 3.1600E-01 3.3570E-01 3.4470E-01
 3.4360E-01 3.3040E-01 3.0670E-01 2.7670E-01 2.4360E-01 2.1140E-01 1.8680E-01
 1.7630E-01 1.8150E-01 1.9860E-01 2.2200E-01 2.4650E-01 2.6900E-01 2.5080E-01
 1.9780E-01 1.5870E-01 1.2600E-01 9.8600E-02 0.0000E+00 0.0000E+00 0.0000E+00
 0.0000E+00 0.0000E+00 0.0000E+00 0.0000E+00 0.0000E+00 0.0000E+00 0.0000E+00
 0.0000E+00 0.0000E+00 0.0000E+00 0.0000E+00 0.0000E+00 0.0000E+00 0.0000E+00
 0.0000E+00 0.0000E+00 0.0000E+00 0.0000E+00 0.0000E+00 0.0000E+00 0.0000E+00
 0.0000E+00 0.0000E+00 0.0000E+00 0.0000E+00 0.0000E+00 0.0000E+00 0.0000E+00
 0.0000E+00 0.0000E+00 0.0000E+00 0.0000E+00 0.0000E+00 0.0000E+00 0.0000E+00
 0.0000E+00 0.0000E+00 0.0000E+00 0.0000E+00 0.0000E+00 0.0000E+00 0.0000E+00
   10   13   28   11    8    5    8    7   10   40



                         ==============================
                               STAYSL PNNL OUTPUT
                         ==============================

 STAYSL PNNL, version 1.2.0, 2015-08-05


 SCENARIO TITLE: NIF_RUN Passive 18x snout on TANDM 90-348 Pinhole
 -------------------------------------------------------------------------------
  NGROUP =   140    NRXN =     5    ACTIVITY NORM = 1.00000E+00

  COVARIANCE PARAMETERS (FCHN, FCVX, ACVX, FS)
    FLUXES:      WIDTH =  9.0000E+00   LONG RANGE COVAR. =  3.0000E-02
            ACTIVITIES =  5.0000E-03   X-SECT CROSS COR. =  3.0000E-02

    DETERM =   2.8712 × 10^  -1.00      ERROR =   4.4409E-17

  INPUT NORMALIZATION DATA
    AK1   =     0.00000     VAK        =     0.00090
    NORML =           0     RENORM     = 5.30498E+11
    CHI²  =  6966.44684     NORM. CHI² =  1741.61171
     (logarithmic limit was applied to low fluxes)

  DOSIMETRY ACTIVITIES
     ———— INPUTS —————  -UNADJUSTED FLUX-  — ADJUSTED FLUX —    CHI²  90% ACTIVITIES RANGE
 RXN  MEASURED     ±%   ACTIVITY    %DIFF  ACTIVITY    %DIFF  CONTRIB --LOW E-- --HIGH E--   REACTION          CVR
  1  1.706E-12    1.00  7.307E-14  -95.72  4.763E-13  -72.08 6906.403  1.20E+01  1.40E+01  ZR90(N,2N)ZR89          
  2  4.881E-13    0.70  4.302E-13  -11.87  1.506E-12  208.48   -9.596  6.70E+00  1.20E+01  IN115(N,N')IN115M       
  3  8.079E-14    1.00  9.702E-14   20.09  1.656E-13  105.03   11.772  2.90E-01  8.20E+00  AU197(N,G)AU198         
  4  1.161E-13    2.00  1.229E-13    5.86  2.471E-13  112.80   -4.678  3.20E-01  1.40E+00  IN115(N,G)IN116M        
  5  1.218E-11    5.30  8.561E-13  -92.97  7.504E-12  -38.39   62.545  9.00E+00  1.40E+01  AU197(N,2N)AU196        

             % STD. DEV.  =         67.79             135.91

                              CHECK INPUT, IT IS RATHER UNLIKELY !
                                   *** BEWARE OF OUTPUT ! ***


  DIFFERENTIAL FLUXES (input is normalized by a factor of 5.3050E+11)
                  —————— DIFFERENTIAL FLUX —————   ———— STD. DEV. % ————   INTEGRAL
 GRP    ENERGY        NEW         OLD      RATIO    NEW     OLD    RATIO   FLUX > E     ± %
   1  1.0000E-10  6.4374E+11  5.3050E+11   1.213  100.00  100.00   1.000  8.1518E+12   21.29
   2  1.0000E-09  6.3901E+11  5.3050E+11   1.205  100.00  100.00   1.000  8.1518E+12   21.29
   3  1.0000E-08  6.3243E+11  5.3050E+11   1.192  100.00  100.00   1.000  8.1518E+12   21.29
   4  2.3000E-08  6.2351E+11  5.3050E+11   1.175  100.00  100.00   1.000  8.1518E+12   21.29
   5  5.0000E-08  6.1181E+11  5.3050E+11   1.153  100.00  100.00   1.000  8.1518E+12   21.29
   6  7.6000E-08  5.9674E+11  5.3045E+11   1.125   99.99  100.00   1.000  8.1518E+12   21.29
   7  1.1500E-07  5.7800E+11  5.3045E+11   1.090   99.99  100.00   1.000  8.1518E+12   21.29
   8  1.7000E-07  5.5506E+11  5.3039E+11   1.047   99.98  100.00   1.000  8.1518E+12   21.29
   9  2.5500E-07  5.2764E+11  5.3034E+11   0.995   99.97  100.00   1.000  8.1518E+12   21.29
  10  3.8000E-07  4.9546E+11  5.3029E+11   0.934   99.96  100.00   1.000  8.1518E+12   21.29
  11  5.5000E-07  4.5814E+11  5.3013E+11   0.864   99.93  100.00   0.999  8.1518E+12   21.29
  12  8.4000E-07  4.1556E+11  5.3002E+11   0.784   99.91  100.00   0.999  8.1518E+12   21.29
  13  1.2750E-06  3.6720E+11  5.2976E+11   0.693   99.86  100.00   0.999  8.1518E+12   21.29
  14  1.9000E-06  3.1272E+11  5.2949E+11   0.591   99.81  100.00   0.998  8.1518E+12   21.29
  15  2.8000E-06  2.5138E+11  5.2912E+11   0.475   99.74  100.00   0.997  8.1518E+12   21.29
  16  4.2500E-06  1.8237E+11  5.2859E+11   0.345   99.64  100.00   0.996  8.1518E+12   21.29
  17  6.3000E-06  1.0421E+11  5.2795E+11   0.197   99.52  100.00   0.995  8.1518E+12   21.29
  18  9.2000E-06  8.8184E+10  5.2705E+11   0.167   99.35  100.00   0.994  8.1518E+12   21.29
  19  1.3500E-05  7.3061E+10  5.2588E+11   0.139   99.13  100.00   0.991  8.1518E+12   21.29
  20  2.1000E-05  5.9169E+10  5.2440E+11   0.113   98.85  100.00   0.988  8.1518E+12   21.29
  21  3.0000E-05  4.6796E+10  5.2243E+11   0.090   98.48  100.00   0.985  8.1518E+12   21.29
  22  4.5000E-05  3.6169E+10  5.1999E+11   0.070   98.02  100.00   0.980  8.1518E+12   21.29
  23  6.9000E-05  2.7376E+10  5.1692E+11   0.053   97.45  100.00   0.974  8.1518E+12   21.29
  24  1.0000E-04  2.0379E+10  5.1320E+11   0.040   96.74  100.00   0.967  8.1518E+12   21.29
  25  1.3500E-04  1.5015E+10  5.0880E+11   0.030   95.91  100.00   0.959  8.1518E+12   21.29
  26  1.7000E-04  1.1039E+10  5.0365E+11   0.022   94.94  100.00   0.949  8.1518E+12   21.29
  27  2.2000E-04  8.1817E+09  4.9793E+11   0.016   93.87  100.00   0.939  8.1518E+12   21.29
  28  2.8000E-04  6.1820E+09  4.9177E+11   0.013   92.70  100.00   0.927  8.1518E+12   21.29
  29  3.6000E-04  4.8171E+09  4.8535E+11   0.010   91.49  100.00   0.915  8.1518E+12   21.29
  30  4.5000E-04  3.9143E+09  4.7893E+11   0.008   90.29  100.00   0.903  8.1518E+12   21.29
  31  5.7500E-04  3.3499E+09  4.7283E+11   0.007   89.13  100.00   0.891  8.1518E+12   21.29
  32  7.6000E-04  3.0420E+09  4.6726E+11   0.007   88.08  100.00   0.881  8.1518E+12   21.29
  33  9.6000E-04  2.9445E+09  4.6238E+11   0.006   87.16  100.00   0.872  8.1518E+12   21.29
  34  1.2750E-03  3.0418E+09  4.5830E+11   0.007   86.40  100.00   0.864  8.1518E+12   21.29
  35  1.6000E-03  3.3458E+09  4.5501E+11   0.007   85.78  100.00   0.858  8.1518E+12   21.29
  36  2.0000E-03  3.8956E+09  4.5236E+11   0.009   85.27  100.00   0.853  8.1518E+12   21.29
  37  2.7000E-03  4.7585E+09  4.5007E+11   0.011   84.84  100.00   0.848  8.1518E+12   21.29
  38  3.4000E-03  6.0290E+09  4.4785E+11   0.013   84.42  100.00   0.844  8.1518E+12   21.29
  39  4.5000E-03  7.8205E+09  4.4535E+11   0.018   83.95  100.00   0.840  8.1518E+12   21.29
  40  5.5000E-03  1.0242E+10  4.4228E+11   0.023   83.37  100.00   0.834  8.1518E+12   21.29
  41  7.2000E-03  1.3354E+10  4.3830E+11   0.030   82.62  100.00   0.826  8.1518E+12   21.29
  42  9.2000E-03  1.7108E+10  4.3320E+11   0.039   81.67  100.00   0.817  8.1518E+12   21.29
  43  1.2000E-02  2.1292E+10  4.2684E+11   0.050   80.46  100.00   0.805  8.1517E+12   21.30
  44  1.5000E-02  2.5511E+10  4.1904E+11   0.061   78.99  100.00   0.790  8.1516E+12   21.30
  45  1.9000E-02  2.9256E+10  4.0986E+11   0.071   77.26  100.00   0.773  8.1515E+12   21.30
  46  2.5500E-02  3.2047E+10  3.9925E+11   0.080   75.26  100.00   0.753  8.1513E+12   21.30
  47  3.2000E-02  3.3621E+10  3.8748E+11   0.087   73.03  100.00   0.730  8.1511E+12   21.30
  48  4.0000E-02  3.4016E+10  3.7469E+11   0.091   70.63  100.00   0.706  8.1509E+12   21.30
  49  5.2500E-02  3.3598E+10  3.6143E+11   0.093   68.13  100.00   0.681  8.1504E+12   21.30
  50  6.6000E-02  3.2929E+10  3.4822E+11   0.095   65.64  100.00   0.656  8.1500E+12   21.30
  51  8.8000E-02  3.2684E+10  3.3586E+11   0.097   63.31  100.00   0.633  8.1493E+12   21.31
  52  1.1000E-01  3.3624E+10  3.2530E+11   0.103   61.31  100.00   0.613  8.1485E+12   21.31
  53  1.3500E-01  3.6725E+10  3.1750E+11   0.116   59.85  100.00   0.598  8.1477E+12   21.31
  54  1.6000E-01  4.3580E+10  3.1342E+11   0.139   59.08  100.00   0.591  8.1468E+12   21.32
  55  1.9000E-01  5.7244E+10  3.1358E+11   0.183   59.10  100.00   0.591  8.1455E+12   21.32
  56  2.2000E-01  1.5656E+11  3.1793E+11   0.492   59.92  100.00   0.599  8.1438E+12   21.33
  57  2.5500E-01  3.1618E+11  3.2583E+11   0.970   61.42  100.00   0.614  8.1383E+12   21.34
  58  2.9000E-01  5.2171E+11  3.3607E+11   1.552   63.35  100.00   0.633  8.1272E+12   21.36
  59  3.2000E-01  7.7328E+11  3.4700E+11   2.228   65.41  100.00   0.654  8.1116E+12   21.37
  60  3.6000E-01  1.0634E+12  3.5687E+11   2.980   67.27  100.00   0.673  8.0806E+12   21.39
  61  4.0000E-01  1.3755E+12  3.6397E+11   3.779   68.61  100.00   0.686  8.0381E+12   21.38
  62  4.5000E-01  1.6836E+12  3.6679E+11   4.590   69.14  100.00   0.691  7.9693E+12   21.34
  63  5.0000E-01  1.9550E+12  3.6408E+11   5.370   68.64  100.00   0.686  7.8851E+12   21.25
  64  5.5000E-01  2.1547E+12  3.5506E+11   6.069   66.93  100.00   0.669  7.7874E+12   21.11
  65  6.0000E-01  2.2505E+12  3.3925E+11   6.634   63.96  100.00   0.640  7.6797E+12   20.94
  66  6.6000E-01  2.2214E+12  3.1681E+11   7.012   59.73  100.00   0.597  7.5446E+12   20.72
  67  7.2000E-01  2.0636E+12  2.8854E+11   7.152   54.40  100.00   0.544  7.4113E+12   20.51
  68  7.8000E-01  1.7932E+12  2.5591E+11   7.007   48.25  100.00   0.482  7.2875E+12   20.34
  69  8.4000E-01  1.4490E+12  2.2159E+11   6.539   41.78  100.00   0.418  7.1799E+12   20.22
  70  9.2000E-01  1.0857E+12  1.8960E+11   5.726   35.74  100.00   0.357  7.0640E+12   20.14
  71  1.0000E+00  7.2163E+11  1.6132E+11   4.473   30.40   97.33   0.312  6.9772E+12   20.14
  72  1.2000E+00  4.2240E+11  1.4445E+11   2.924   27.21   92.52   0.294  6.8328E+12   20.28
  73  1.4000E+00  1.8108E+11  1.4414E+11   1.256   27.14   88.60   0.306  6.7484E+12   20.45
  74  1.6000E+00  1.5344E+10  1.5422E+11   0.099   29.03   85.31   0.340  6.7121E+12   20.57
  75  1.8000E+00  2.8745E+09  1.6764E+11   0.017   31.55   82.49   0.382  6.7091E+12   20.58
  76  2.0000E+00  5.7640E+08  1.7809E+11   0.003   33.51   79.52   0.421  6.7085E+12   20.58
  77  2.3000E+00  1.3576E+08  1.8286E+11   0.001   34.41   76.44   0.450  6.7083E+12   20.58
  78  2.6000E+00  3.9286E+07  1.8228E+11   0.000   34.29   73.82   0.464  6.7083E+12   20.58
  79  2.9000E+00  1.5555E+07  1.7528E+11   0.000   32.96   71.22   0.463  6.7083E+12   20.58
  80  3.3000E+00  9.0601E+06  1.6270E+11   0.000   30.59   68.66   0.446  6.7083E+12   20.58
  81  3.7000E+00  7.8822E+06  1.4679E+11   0.000   27.59   66.46   0.415  6.7083E+12   20.58
  82  4.1000E+00  1.0747E+07  1.2923E+11   0.000   24.29   64.53   0.376  6.7083E+12   20.58
  83  4.5000E+00  2.4396E+07  1.1215E+11   0.000   21.10   62.64   0.337  6.7082E+12   20.58
  84  5.0000E+00  9.4111E+07  9.9097E+10   0.001   18.66   60.78   0.307  6.7082E+12   20.58
  85  5.5000E+00  6.1056E+08  9.3527E+10   0.007   17.64   59.13   0.298  6.7082E+12   20.58
  86  6.0000E+00  6.5047E+09  9.6285E+10   0.068   18.19   57.41   0.317  6.7079E+12   20.59
  87  6.7000E+00  1.8463E+11  1.0536E+11   1.752   19.92   55.63   0.358  6.7033E+12   20.60
  88  7.4000E+00  5.3374E+11  1.1777E+11   4.532   22.26   53.97   0.413  6.5741E+12   20.76
  89  8.2000E+00  9.5792E+11  1.3077E+11   7.325   24.72   52.41   0.472  6.1471E+12   20.96
  90  9.0000E+00  1.4235E+12  1.4270E+11   9.975   26.96   50.87   0.530  5.3808E+12   20.76
  91  1.0000E+01  1.4497E+12  1.3305E+11  10.896   25.12   43.01   0.584  3.9573E+12   18.99
  92  1.1000E+01  1.0202E+12  1.0493E+11   9.722   19.81   31.28   0.633  2.5075E+12   15.89
  93  1.2000E+01  7.1309E+11  8.4190E+10   8.470   15.88   23.41   0.678  1.4874E+12   13.50
  94  1.3000E+01  4.7446E+11  6.6843E+10   7.098   12.61   17.49   0.721  7.7428E+11   11.50
  95  1.4000E+01  2.9982E+11  5.2307E+10   5.732    9.86   12.95   0.761  2.9982E+11    9.86
      1.5000E+01

  INTEGRALS OF SPECTRA
    OLD SPECTRUM   1.9537E+12   ±   38.037 %
    NEW SPECTRUM   8.1518E+12   ±   21.295 %

  SUMMARY OF BROAD-GROUP FLUXES, FLUENCES, AND UNCERTAINTIES

    IRRAD TIME [S] = 1.00000000E+00   ACT NORM =  1.00000000E+00

       ENERGY       FLUX       FLUENCE      STDEV %
      thermal    2.9972E+05  2.9972E+05  ±  95.03     (0.100 meV – 0.550  eV)
     epithermal  3.2821E+09  3.2821E+09  ±  59.79     (0.550  eV – 110.0 keV)
        fast     8.1485E+12  8.1485E+12  ±  21.31     (110.0 keV –  20.0 MeV)
        fast     6.9772E+12  6.9772E+12  ±  20.14     (  1.0 MeV –  20.0 MeV)
        high     0.0000E+00  0.0000E+00  ±   0.00     ( 20.0 MeV –  60.0 MeV)

    MINI-SPECTRUM

       ENERGY       FLUX       FLUENCE      STDEV %
     1.0000E-10  2.9972E+05  2.9972E+05  ±  95.03
     5.5000E-07  5.7435E+06  5.7435E+06  ±  87.76
     1.0000E-04  3.2763E+09  3.2763E+09  ±  59.92
     1.1000E-01  2.6340E+11  2.6340E+11  ±  63.21
     5.0000E-01  9.0799E+11  9.0799E+11  ±  50.59
     1.0000E+00  2.6866E+11  2.6866E+11  ±  27.32
     2.0000E+00  2.5493E+08  2.5493E+08  ±  30.99
     5.0000E+00  2.7510E+12  2.7510E+12  ±  24.66
     1.0000E+01  3.9573E+12  3.9573E+12  ±  18.99
     2.0000E+01  0.0000E+00  0.0000E+00  ±   0.00
     6.0000E+01

       TOTAL     8.1518E+12  8.1518E+12  ±  21.29

    RELATIVE COVARIANCES (10×10)
     1000   348   -18   -10     7    33    16    -9    -4     0
     1000  -147   -77    65   271   130   -80   -48     0
     1000  -654  -589  -112   140   -61   -36     0
     1000   588  -484  -421   265   171     0
     1000    42  -789   567   383     0
     1000   -60   319   285     0
     1000  -797  -549     0
     1000   865     0
     1000     0
        0

  SPECTRAL-AVERAGED REACTION RATES (for all cross section library reactions)

        REACTIONS        SIG-PHI      <SIG>          REACTIONS        SIG-PHI      <SIG>          REACTIONS        SIG-PHI      <SIG>  
   ------------------  ----------  ----------   ------------------  ----------  ----------   ------------------  ----------  ----------
   LI6(N,A)T           7.7615E-13  9.5212E-26   FE58(N,G)FE59       9.1792E-15  1.1260E-27   IN115(N,N')IN115M   1.5057E-12  1.8471E-25
   B10(N,A)LI7         1.0577E-12  1.2975E-25   CO59(N,2N)CO58      9.3548E-13  1.1476E-25   IN115(N,2N)IN114M   3.1236E-12  3.8318E-25
   F19(N,2N)F18        3.4987E-14  4.2919E-27   CO59(N,3N)CO57      0.0000E+00  0.0000E+00   IN115(N,G)IN116M    2.4901E-13  3.0546E-26
   NA23(N,2N)NA22      1.2948E-14  1.5883E-27   CO59(N,G)CO60       1.4813E-14  1.8171E-27   I127(N,2N)I126      3.8511E-12  4.7242E-25
   NA23(N,G)NA24       1.6744E-15  2.0540E-28   CO59(N,P)FE59       2.9041E-13  3.5625E-26   LA139(N,G)LA140     1.7368E-14  2.1305E-27
   MG24(N,P)NA24       9.9863E-13  1.2250E-25   CO59(N,A)MN56       1.2346E-13  1.5145E-26   PR141(N,2N)PR140    3.8500E-12  4.7229E-25
   AL27(N,P)MG27       6.1292E-13  7.5188E-26   NI58(N,2N)NI57      1.5977E-14  1.9599E-27   TM169(N,2N)TM168    8.0738E-12  9.9043E-25
   AL27(N,A)NA24       6.1125E-13  7.4983E-26   NI58(N,P)CO58       3.9285E-12  4.8191E-25   TM169(N,3N)TM167    6.1675E-18  7.5657E-31
   SI28(N,P)AL28       1.6655E-12  2.0430E-25   NI60(N,P)CO60       7.9946E-13  9.8071E-26   TA181(N,G)TA182     1.7155E-13  2.1045E-26
   P31(N,P)SI31        8.8969E-13  1.0914E-25   CU63(N,2N)CU62      4.5126E-13  5.5357E-26   W186(N,G)W187       7.5577E-14  9.2711E-27
   S32(N,P)P32         2.3729E-12  2.9109E-25   CU63(N,G)CU64       4.1833E-14  5.1317E-27   AU197(N,2N)AU196    7.5043E-12  9.2057E-25
   TI46(N,2N)TI45      1.0789E-14  1.3235E-27   CU63(N,A)CO60       2.2796E-13  2.7965E-26   AU197(N,G)AU198     1.6679E-13  2.0461E-26
   TI46(N,P)SC46       1.8573E-12  2.2784E-25   CU65(N,2N)CU64      1.4285E-12  1.7524E-25   HG199(N,N')HG199M   3.3212E-12  4.0742E-25
   TI47(N,P)SC47       8.5352E-13  1.0470E-25   ZN64(N,P)CU64       1.6143E-12  1.9803E-25   PB204(N,N')PB204M   1.3607E-12  1.6691E-25
   TI47(N,X)SC46       3.2727E-14  4.0147E-27   ZN67(N,P)CU67       1.3447E-13  1.6495E-26   BI209(N,3N)BI207    1.7779E-16  2.1809E-29
   TI48(N,P)SC48       2.4469E-13  3.0017E-26   AS75(N,2N)AS74      1.4003E-12  1.7177E-25   TH232(N,FISSION)    2.2077E-12  2.7082E-25
   TI48(N,X)SC47       5.1492E-15  6.3167E-28   Y89(N,2N)Y88        8.0504E-13  9.8755E-26   TH232(N,G)TH233     2.2858E-13  2.8041E-26
   TI49(N,X)SC48       2.9236E-15  3.5865E-28   ZR90(N,2N)ZR89      4.7633E-13  5.8433E-26   U235(N,FISSION)     1.3649E-11  1.6743E-24
   V51(N,A)SC48        4.2040E-14  5.1571E-27   NB93(N,G)NB94       6.9282E-14  8.4989E-27   U235(N,G)U236       2.1099E-13  2.5883E-26
   CR52(N,2N)CR51      1.9722E-13  2.4193E-26   NB93(N,N')NB93M     1.0068E-12  1.2351E-25   U238(N,2N)U237      8.9798E-12  1.1016E-24
   MN55(N,2N)MN54      9.5890E-13  1.1763E-25   NB93(N,2N)NB92M     1.3685E-12  1.6788E-25   U238(N,FISSION)     6.8213E-12  8.3679E-25
   MN55(N,G)MN56       8.2972E-15  1.0178E-27   MO92(N,P)NB92M      6.9679E-13  8.5476E-26   U238(N,G)U239       1.7163E-13  2.1054E-26
   FE54(N,2N)FE53      1.7749E-15  2.1773E-28   RH103(N,N')RH103M   6.7036E-12  8.2234E-25   NP237(N,FISSION)    1.5755E-11  1.9327E-24
   FE54(N,P)MN54       3.2451E-12  3.9808E-25   AG109(N,G)AG110M    2.3318E-14  2.8605E-27   PU239(N,FISSION)    1.7559E-11  2.1539E-24
   FE54(N,A)CR51       3.7958E-13  4.6563E-26   IN113(N,N')IN113M   1.2609E-12  1.5468E-25   AM241(N,FISSION)    1.7163E-11  2.1055E-24
   FE56(N,P)MN56       5.3979E-13  6.6217E-26   IN113(N,G)IN114M    3.4458E-13  4.2270E-26   SC45(N,G)SC46       1.5294E-14  1.8762E-27

  INPUT FLUX REL. CORRELATION MATRIX (by row from diagonal)
   1   1000   988   952   895   821   735   642   547   454   368   292   225   170   125    90    63    43    29    19    12
          8     5     3     2     2     1     1     1     1     1     1     1     1     1     1     1     1     1     1     1
          1     1     1     1     1     1     1     1     1     1     1     1     1     1     1     1     1     1     1     1
          1     1     1     1     1     1     1     1     1     1     1     1     1     1     1     1     1     1     1     1
          1     1     1     1     2     2     2     2     2     2     2     3     4     5     7     9    12    14    17    20
         27    30    30    30    30    30    30    30    30    30    30    30    30    30    30    30    30    30    30    30
         30    30    30    30    30    30    30    30    30    30    30    30    30    30    30    30    30    30    30    30

  OUTPUT FLUX REL. CORRELATION MATRIX (by row from diagonal)
   1   1000   988   952   895   821   735   642   547   454   369   292   225   170   125    90    63    43    29    19    12
          8     5     3     2     1     0     0     0     0     0     0     0     0     0     0     0     0     0     0     0
          0     0     0     0     0    -1    -1    -1    -1    -1    -1    -2    -2    -2    -2    -2    -1    -1    -1    -1
          0     0     0     0     0     0     1     1     2     2     3     3     3     3     2     2     2     1     1     1
          0     0     0     0     0    -1    -1    -1     0     0     0     1     2     4     6     9    12    14    17    20
         27    30    30    30    30    30    30    30    30    30    30    30    30    30    30    30    30    30    30    30
         30    30    30    30    30    30    30    30    30    30    30    30    30    30    30    30    30    30    30    30
   2   1000   988   952   895   821   735   642   547   454   369   292   225   170   125    90    63    43    29    19    12
          7     4     3     1     1     0     0     0     0     0     0     0     0     0     0     0    -1    -1    -1    -1
         -1    -1    -1    -1    -1    -1    -2    -2    -2    -2    -3    -3    -3    -3    -3    -2    -2    -2    -1    -1
          0     0     0     0     0     1     2     2     3     4     4     4     4     3     3     2     2     1     1     0
          0     0     0    -1    -1    -1    -1    -1    -1     0     0     2     4     6     9    11    14    17    20    27
         30    30    30    30    30    30    30    30    30    30    30    30    30    30    30    30    30    30    30    30
         30    30    30    30    30    30    30    30    30    30    30    30    30    30    30    30    30    30    30
   3   1000   988   952   895   821   735   642   547   454   369   292   225   170   125    90    63    43    29    19    12
          7     4     2     1     0     0     0     0    -1    -1    -1    -1    -1    -1    -1    -1    -1    -1    -1    -2
         -2    -2    -2    -2    -2    -3    -3    -3    -4    -4    -4    -4    -4    -4    -3    -3    -2    -2    -1    -1
          0     0     0     1     1     2     3     5     6     6     6     5     4     4     3     2     2     1     0     0
          0    -1    -2    -2    -2    -2    -1    -1     0     0     2     3     6     9    11    14    17    20    27    30
         30    30    30    30    30    30    30    30    30    30    30    30    30    30    30    30    30    30    30    30
         30    30    30    30    30    30    30    30    30    30    30    30    30    30    30    30    30    30
   4   1000   988   952   895   821   735   642   547   454   369   292   225   170   125    90    63    43    28    18    11
          7     3     1     0     0    -1    -1    -1    -2    -2    -2    -2    -2    -2    -2    -2    -2    -2    -3    -3
         -3    -3    -3    -4    -4    -4    -5    -5    -5    -6    -6    -6    -5    -5    -4    -4    -3    -2    -1     0
          0     0     1     2     3     5     6     8     9     9     8     6     5     4     3     2     1     0     0    -1
         -2    -3    -3    -3    -3    -2    -2    -1     0     1     3     6     8    11    14    17    20    26    30    30
         30    30    30    30    30    30    30    30    30    30    30    30    30    30    30    30    30    30    30    30
         30    30    30    30    30    30    30    30    30    30    30    30    30    30    30    30    30
   5   1000   988   952   895   821   735   642   547   454   369   292   225   170   125    89    62    42    28    18    11
          6     3     0     0    -1    -2    -2    -3    -3    -3    -3    -3    -4    -4    -4    -4    -4    -4    -4    -4
         -5    -5    -5    -6    -6    -7    -7    -8    -8    -8    -8    -7    -7    -6    -5    -4    -3    -2    -1     0
          0     2     3     5     7     9    11    13    12    10     9     7     5     4     3     2     1     0    -1    -3
         -4    -5    -5    -4    -3    -3    -2     0     1     3     5     8    11    14    17    19    26    30    30    30
         30    30    30    30    30    30    30    30    30    30    30    30    30    30    30    30    30    30    30    30
         30    30    30    30    30    30    30    30    30    30    30    30    30    30    30    30
   6   1000   988   952   895   821   735   642   547   454   369   292   225   170   124    89    62    42    27    17    10
          5     1     0    -2    -3    -3    -4    -4    -5    -5    -5    -5    -5    -5    -5    -5    -6    -6    -6    -6
         -7    -7    -8    -9    -9   -10   -10   -11   -11   -11   -10    -9    -8    -7    -5    -4    -3    -1     0     1
          3     5     7     9    12    15    17    16    14    12     9     7     6     4     2     1     0    -2    -4    -6
         -7    -6    -6    -5    -4    -3    -1     0     2     5     8    11    14    17    19    26    29    29    29    29
         29    29    29    29    29    29    29    29    29    29    29    29    29    29    29    29    29    29    29    29
         29    29    29    29    29    29    29    29    29    29    29    29    29    29    29
   7   1000   988   952   895   821   735   642   547   454   369   292   225   169   124    89    61    41    26    16     8
          3     0    -2    -4    -5    -6    -6    -7    -7    -7    -7    -7    -7    -7    -7    -8    -8    -8    -9    -9
        -10   -11   -11   -12   -13   -14   -14   -14   -14   -13   -12   -10    -9    -7    -5    -3    -2     0     1     4
          6     9    13    17    21    23    22    19    15    12    10     7     5     3     1    -1    -3    -6    -8    -9
         -9    -8    -7    -5    -4    -2     0     2     4     7    11    14    17    19    26    29    29    29    29    29
         29    29    29    29    29    29    29    29    29    29    29    29    29    29    29    29    29    29    29    29
         29    29    29    29    29    29    29    29    29    29    29    29    29    29
   8   1000   988   952   895   821   735   642   547   454   368   291   225   169   124    88    60    40    25    14     6
          1    -2    -4    -6    -7    -8    -9    -9    -9   -10   -10   -10   -10   -10   -10   -10   -11   -11   -12   -13
        -14   -15   -16   -17   -18   -18   -18   -18   -17   -15   -13   -11    -9    -7    -5    -2     0     2     5     8
         12    17    22    27    30    28    24    20    16    13     9     7     4     1    -1    -5    -8   -11   -12   -11
        -10    -9    -7    -5    -3    -1     1     4     7    10    13    16    19    26    29    29    29    29    29    29
         29    29    29    29    29    29    29    29    29    29    29    29    29    29    29    29    29    29    29    29
         29    29    29    29    29    29    29    29    29    29    29    29    29
   9   1000   988   952   895   821   735   642   547   454   368   291   224   168   123    87    59    38    23    12     4
         -1    -5    -7    -9   -10   -11   -12   -12   -12   -13   -13   -13   -13   -13   -13   -14   -15   -15   -16   -18
        -19   -20   -21   -22   -23   -23   -23   -21   -19   -17   -14   -12    -9    -6    -3     0     3     6    11    16
         22    28    35    38    36    31    26    20    16    12     8     5     1    -2    -6   -11   -14   -16   -15   -13
        -11    -9    -7    -5    -2     0     3     6    10    13    16    19    26    29    29    29    29    29    29    29
         29    29    29    29    29    29    29    29    29    29    29    29    29    29    29    29    29    29    29    29
         29    29    29    29    29    29    29    29    29    29    29    29
  10   1000   988   952   895   821   735   642   546   454   368   291   224   167   121    85    57    36    20     9     1
         -4    -8   -11   -13   -14   -15   -15   -16   -16   -16   -16   -16   -17   -17   -18   -18   -19   -21   -22   -23
        -25   -27   -28   -29   -29   -28   -26   -24   -21   -18   -14   -11    -7    -3     0     4     8    14    20    27
         36    44    48    46    39    32    26    20    15    10     6     1    -3    -8   -14   -18   -20   -19   -17   -14
        -12    -9    -6    -3     0     2     6     9    13    16    19    26    29    29    29    29    29    29    29    29
         29    29    29    29    29    29    29    29    29    29    29    29    29    29    29    29    29    29    29    29
         29    29    29    29    29    29    29    29    29    29    29
  11   1000   988   952   895   821   735   641   546   454   367   290   223   166   120    83    55    33    17     5    -2
         -8   -12   -15   -17   -18   -19   -19   -20   -20   -20   -20   -21   -21   -22   -23   -24   -25   -27   -29   -31
        -33   -34   -35   -35   -34   -32   -30   -26   -22   -18   -13    -9    -4     0     5    11    17    25    34    44
         54    59    56    48    40    32    25    18    13     7     1    -4   -11   -18   -23   -25   -23   -21   -18   -15
        -12    -8    -5    -1     1     5     9    12    16    19    26    29    29    29    29    29    29    29    29    29
         29    29    29    29    29    29    29    29    29    29    29    29    29    29    29    29    29    29    29    29
         29    29    29    29    29    29    29    29    29    29
  12   1000   988   952   895   821   735   641   546   453   367   289   221   164   118    80    51    29    13     1    -7
        -13   -17   -20   -22   -23   -24   -24   -24   -24   -25   -25   -26   -26   -28   -29   -31   -33   -35   -37   -40
        -41   -43   -43   -42   -39   -36   -31   -27   -21   -16   -11    -5     0     6    13    21    30    41    54    66
         72    69    59    48    38    30    22    16     9     2    -5   -13   -22   -28   -30   -29   -25   -22   -18   -15
        -11    -7    -3     0     4     8    12    15    18    25    28    28    28    28    28    28    28    28    28    28
         28    28    28    28    28    28    28    28    28    28    28    28    28    28    28    28    28    28    28    28
         28    28    28    28    28    28    28    28    28
  13   1000   988   952   895   821   735   641   546   453   366   288   220   162   115    77    47    24     8    -4   -13
        -19   -23   -26   -27   -28   -29   -29   -29   -30   -30   -31   -32   -33   -35   -37   -39   -42   -45   -47   -50
        -51   -51   -50   -47   -43   -38   -32   -26   -19   -13    -6     0     8    16    25    37    50    65    80    87
         83    71    58    46    36    27    19    10     2    -6   -16   -26   -34   -37   -35   -31   -26   -22   -18   -13
         -9    -4     0     3     8    11    15    18    25    28    28    28    28    28    28    28    28    28    28    28
         28    28    28    28    28    28    28    28    28    28    28    28    28    28    28    28    28    28    28    28
         28    28    28    28    28    28    28    28
  14   1000   988   952   895   821   734   641   545   452   365   286   217   159   111    72    42    19     1   -10   -19
        -25   -29   -32   -33   -34   -35   -35   -35   -36   -37   -38   -40   -42   -44   -47   -50   -53   -56   -59   -61
        -61   -59   -56   -51   -45   -38   -30   -23   -15    -7     0     9    19    30    44    60    78    95   104    99
         85    69    55    43    32    22    12     2    -8   -20   -32   -41   -44   -41   -37   -31   -26   -21   -16   -11
         -6    -1     2     7    11    15    18    25    28    28    28    28    28    28    28    28    28    28    28    28
         28    28    28    28    28    28    28    28    28    28    28    28    28    28    28    28    28    28    28    28
         28    28    28    28    28    28    28
  15   1000   988   952   895   821   734   640   544   451   363   283   214   155   106    66    36    12    -5   -17   -26
        -32   -36   -38   -40   -41   -41   -42   -42   -44   -45   -47   -49   -52   -55   -59   -63   -66   -70   -71   -72
        -70   -66   -60   -53   -45   -36   -27   -18    -8     1    11    23    36    52    71    92   112   123   116   100
         82    65    51    38    26    15     3    -9   -23   -38   -48   -52   -49   -43   -37   -31   -25   -19   -14    -8
         -3     1     6    10    14    17    24    28    28    28    28    28    28    28    28    28    28    28    28    28
         28    28    28    28    28    28    28    28    28    28    28    28    28    28    28    28    28    28    28    28
         28    28    28    28    28    28
  16   1000   988   952   895   820   734   640   543   449   361   280   210   150   100    60    28     4   -13   -25   -34
        -40   -44   -46   -47   -48   -49   -50   -51   -53   -55   -58   -61   -65   -69   -74   -78   -82   -84   -84   -82
        -77   -70   -62   -52   -42   -32   -21   -10     1    13    27    42    61    83   108   132   144   137   117    96
         76    59    44    31    17     3   -11   -28   -44   -57   -61   -58   -51   -44   -37   -30   -23   -17   -11    -5
          0     5    10    14    17    24    27    27    27    27    27    27    27    27    27    27    27    27    27    27
         27    27    27    27    27    27    27    27    27    27    27    27    27    27    27    27    27    27    27    27
         27    27    27    27    27
  17   1000   988   952   895   820   733   639   542   447   357   276   204   143    92    51    19    -4   -22   -34   -43
        -49   -52   -54   -56   -57   -58   -60   -62   -64   -67   -71   -76   -81   -86   -91   -95   -98   -98   -95   -90
        -82   -72   -61   -49   -37   -24   -12     1    15    31    50    71    97   126   154   168   159   137   112    89
         69    52    36    20     4   -13   -32   -52   -67   -71   -67   -59   -51   -43   -35   -27   -20   -13    -7    -1
          4     9    13    16    24    27    27    27    27    27    27    27    27    27    27    27    27    27    27    27
         27    27    27    27    27    27    27    27    27    27    27    27    27    27    27    27    27    27    27    27
         27    27    27    27
  18   1000   988   952   894   820   732   637   540   444   353   270   197   135    83    41     9   -14   -32   -44   -53
        -58   -62   -64   -66   -67   -69   -72   -75   -79   -83   -88   -94  -100  -106  -111  -114  -114  -111  -105   -95
        -84   -71   -57   -43   -29   -14     1    18    36    58    82   112   146   179   195   185   159   130   103    80
         60    41    23     4   -15   -38   -61   -77   -83   -78   -69   -59   -50   -41   -32   -24   -16    -9    -2     3
          8    12    16    23    27    27    27    27    27    27    27    27    27    27    27    27    27    27    27    27
         27    27    27    27    27    27    27    27    27    27    27    27    27    27    27    27    27    27    27    27
         27    27    27
  19   1000   988   952   894   819   731   636   537   440   347   263   189   125    72    30    -2   -26   -43   -56   -64
        -69   -73   -75   -78   -80   -83   -87   -91   -96  -102  -109  -116  -123  -129  -132  -132  -129  -122  -111   -98
        -83   -67   -50   -33   -16     1    20    42    66    95   130   169   207   225   214   184   150   119    93    69
         48    27     5   -18   -44   -70   -90   -96   -91   -80   -69   -58   -47   -37   -28   -20   -12    -4     1     7
         12    15    23    26    26    26    26    26    26    26    26    26    26    26    26    26    26    26    26    26
         26    26    26    26    26    26    26    26    26    26    26    26    26    26    26    26    26    26    26    26
         26    26
  20   1000   988   951   894   818   730   633   533   434   340   254   178   113    60    17   -14   -39   -56   -68   -76
        -82   -86   -89   -92   -96  -100  -105  -112  -119  -126  -135  -142  -149  -153  -153  -149  -141  -128  -113   -96
        -77   -58   -39   -19     1    23    48    76   110   149   195   238   260   247   212   173   138   107    80    55
         31     6   -21   -51   -81  -104  -111  -105   -92   -79   -66   -55   -43   -33   -24   -15    -7     0     6    11
         15    22    25    25    25    25    25    25    25    25    25    25    25    25    25    25    25    25    25    25
         25    25    25    25    25    25    25    25    25    25    25    25    25    25    25    25    25    25    25    25
         25
  21   1000   988   951   893   817   728   629   527   427   331   243   166   100    46     3   -29   -53   -70   -82   -90
        -96  -101  -105  -110  -115  -121  -129  -137  -146  -155  -164  -172  -177  -177  -173  -163  -148  -131  -111   -90
        -68   -46   -23     0    26    55    87   126   171   223   273   298   283   243   198   158   123    92    63    35
          6   -24   -59   -93  -119  -127  -120  -106   -91   -76   -63   -50   -39   -28   -18    -9    -1     4    10    14
         21    25    25    25    25    25    25    25    25    25    25    25    25    25    25    25    25    25    25    25
         25    25    25    25    25    25    25    25    25    25    25    25    25    25    25    25    25    25    25    25
  22   1000   988   951   892   815   724   624   520   417   319   230   151    84    30   -12   -44   -68   -85   -98  -107
       -114  -120  -126  -132  -139  -148  -158  -168  -179  -189  -198  -203  -204  -199  -187  -171  -151  -128  -104   -79
        -53   -27     0    29    62    99   143   195   255   312   340   323   278   227   181   141   105    72    40     7
        -28   -67  -107  -136  -146  -137  -121  -104   -87   -72   -58   -45   -33   -22   -12    -3     3     9    13    21
         24    24    24    24    24    24    24    24    24    24    24    24    24    24    24    24    24    24    24    24
         24    24    24    24    24    24    24    24    24    24    24    24    24    24    24    24    24    24    24
  23   1000   987   950   891   813   720   618   512   406   306   215   135    68    13   -29   -61   -85  -103  -116  -126
       -134  -142  -150  -159  -169  -180  -192  -205  -217  -227  -233  -234  -228  -215  -196  -173  -147  -119   -91   -62
        -32     0    32    70   112   162   221   289   354   386   367   316   258   205   160   119    82    46     8   -32
        -76  -121  -155  -166  -156  -138  -118   -99   -82   -66   -51   -38   -26   -15    -5     1     8    12    20    23
         23    23    23    23    23    23    23    23    23    23    23    23    23    23    23    23    23    23    23    23
         23    23    23    23    23    23    23    23    23    23    23    23    23    23    23    23    23    23
  24   1000   987   950   889   810   715   610   501   393   291   198   117    50    -4   -47   -80  -104  -123  -137  -149
       -159  -169  -180  -192  -205  -219  -234  -247  -259  -266  -267  -260  -246  -224  -198  -168  -137  -105   -71   -37
         -2    35    77   125   182   249   326   399   436   415   356   291   232   181   135    93    52     9   -36   -86
       -137  -175  -187  -177  -156  -134  -112   -93   -75   -58   -43   -30   -18    -8     0     6    11    19    23    23
         23    23    23    23    23    23    23    23    23    23    23    23    23    23    23    23    23    23    23    23
         23    23    23    23    23    23    23    23    23    23    23    23    23    23    23    23    23
  25   1000   987   949   887   805   708   601   489   379   275   181    99    31   -23   -66  -100  -126  -145  -162  -176
       -189  -203  -217  -232  -248  -265  -281  -294  -302  -303  -295  -279  -255  -225  -192  -156  -120   -83   -44    -4
         38    85   139   202   278   364   446   488   464   399   326   260   202   151   104    58    11   -40   -97  -154
       -196  -210  -198  -175  -150  -126  -104   -84   -66   -49   -34   -21   -10    -1     5    10    18    22    22    22
         22    22    22    22    22    22    22    22    22    22    22    22    22    22    22    22    22    22    22    22
         22    22    22    22    22    22    22    22    22    22    22    22    22    22    22    22
  26   1000   987   948   884   800   700   590   476   363   257   162    80    11   -43   -88  -122  -150  -172  -191  -208
       -225  -242  -260  -279  -298  -316  -331  -340  -342  -333  -315  -288  -255  -218  -178  -137   -95   -52    -8    39
         92   152   222   306   402   494   541   515   443   362   289   225   168   116    65    12   -44  -107  -171  -218
       -233  -220  -194  -166  -140  -116   -93   -73   -55   -39   -25   -13    -3     4     9    17    21    21    21    21
         21    21    21    21    21    21    21    21    21    21    21    21    21    21    21    21    21    21    21    21
         21    21    21    21    21    21    21    21    21    21    21    21    21    21    21
  27   1000   987   946   881   795   692   579   462   347   240   144    61    -8   -65  -110  -147  -177  -203  -225  -247
       -268  -289  -311  -333  -353  -370  -381  -383  -374  -353  -323  -287  -245  -201  -156  -109   -62   -12    40    98
        164   242   334   440   541   593   565   487   398   318   247   185   128    72    14   -49  -118  -188  -239  -256
       -242  -214  -183  -154  -127  -103   -81   -61   -43   -28   -15    -5     2     8    16    20    20    20    20    20
         20    20    20    20    20    20    20    20    20    20    20    20    20    20    20    20    20    20    20    20
         20    20    20    20    20    20    20    20    20    20    20    20    20    20
  28   1000   986   945   878   788   683   567   448   332   223   126    42   -28   -87  -136  -176  -209  -239  -266  -292
       -317  -343  -368  -392  -411  -423  -425  -415  -393  -360  -320  -274  -226  -176  -125   -73   -18    38   102   174
        259   360   475   585   642   613   528   433   345   269   202   139    78    15   -53  -128  -204  -260  -278  -263
       -232  -199  -167  -138  -112   -88   -67   -48   -31   -18    -7     1     7    15    19    19    19    19    19    19
         19    19    19    19    19    19    19    19    19    19    19    19    19    19    19    19    19    19    19    19
         19    19    19    19    19    19    19    19    19    19    19    19    19
  29   1000   986   943   874   782   674   556   435   317   207   108    22   -50  -112  -164  -208  -246  -280  -313  -344
       -374  -403  -430  -452  -466  -468  -458  -434  -399  -354  -304  -252  -197  -142   -85   -27    35   104   182   273
        381   506   625   687   656   566   464   371   289   217   150    84    17   -56  -137  -218  -279  -298  -282  -249
       -213  -179  -148  -120   -95   -72   -52   -34   -20    -8     0     6    14    18    18    18    18    18    18    18
         18    18    18    18    18    18    18    18    18    18    18    18    18    18    18    18    18    18    18    18
         18    18    18    18    18    18    18    18    18    18    18    18
  30   1000   985   941   870   776   666   546   423   303   192    91     2   -73  -139  -196  -245  -288  -328  -366  -402
       -436  -467  -492  -508  -512  -501  -475  -437  -389  -336  -279  -220  -161  -100   -37    29   102   185   282   398
        530   656   723   693   598   491   392   306   230   159    90    18   -59  -145  -231  -295  -315  -298  -263  -225
       -190  -157  -127  -100   -76   -55   -37   -22   -10    -1     5    13    17    17    17    17    17    17    17    17
         17    17    17    17    17    17    17    17    17    17    17    17    17    17    17    17    17    17    17    17
         17    17    17    17    17    17    17    17    17    17    17
  31   1000   985   939   867   771   659   537   412   291   177    74   -18   -99  -169  -231  -286  -336  -382  -425  -465
       -500  -529  -548  -553  -543  -516  -475  -424  -367  -307  -245  -181  -117   -50    19    96   184   286   406   545
        678   750   719   622   511   409   320   240   166    94    20   -61  -150  -240  -307  -328  -310  -274  -235  -197
       -163  -132  -105   -80   -58   -39   -23   -11    -2     4    12    16    16    16    16    16    16    16    16    16
         16    16    16    16    16    16    16    16    16    16    16    16    16    16    16    16    16    16    16    16
         16    16    16    16    16    16    16    16    16    16
  32   1000   984   938   864   766   653   529   403   279   163    55   -41  -127  -204  -272  -333  -390  -441  -488  -530
       -563  -585  -592  -582  -555  -512  -459  -399  -335  -270  -203  -136   -66     6    86   177   282   407   550   688
        763   734   637   524   420   329   247   172    98    21   -61  -153  -245  -314  -336  -318  -281  -241  -202  -167
       -136  -107   -82   -60   -40   -25   -12    -2     4    12    15    15    15    15    15    15    15    15    15    15
         15    15    15    15    15    15    15    15    15    15    15    15    15    15    15    15    15    15    15    15
         15    15    15    15    15    15    15    15    15
  33   1000   984   937   861   763   648   523   394   268   147    35   -66  -159  -242  -317  -385  -447  -503  -552  -591
       -618  -628  -619  -591  -548  -492  -430  -363  -296  -227  -157   -85   -10    71   164   271   398   543   684   763
        736   640   528   424   332   250   174   100    22   -61  -153  -246  -316  -338  -320  -283  -242  -204  -169  -137
       -108   -83   -60   -41   -25   -12    -3     3    11    14    14    14    14    14    14    14    14    14    14    14
         14    14    14    14    14    14    14    14    14    14    14    14    14    14    14    14    14    14    14    14
         14    14    14    14    14    14    14    14
  34   1000   984   936   860   760   644   517   386   256   131    13   -95  -194  -285  -367  -441  -508  -566  -612  -644
       -658  -651  -625  -581  -524  -460  -392  -322  -252  -180  -107   -31    51   144   251   378   524   666   747   724
        632   522   420   330   249   174   100    24   -59  -151  -243  -312  -334  -316  -280  -240  -202  -167  -135  -107
        -82   -60   -41   -25   -13    -3     2    10    13    13    13    13    13    13    13    13    13    13    13    13
         13    13    13    13    13    13    13    13    13    13    13    13    13    13    13    13    13    13    13    13
         13    13    13    13    13    13    13
  35   1000   984   935   858   758   640   511   377   242   112   -11  -127  -234  -332  -421  -500  -569  -625  -664  -683
       -679  -654  -611  -554  -489  -420  -349  -278  -206  -132   -56    26   118   224   349   493   633   716   698   612
        507   409   322   244   171    99    25   -56  -145  -235  -302  -325  -307  -272  -233  -196  -162  -131  -104   -79
        -58   -40   -24   -12    -3     2     9    12    12    12    12    12    12    12    12    12    12    12    12    12
         12    12    12    12    12    12    12    12    12    12    12    12    12    12    12    12    12    12    12    12
         12    12    12    12    12    12
  36   1000   983   935   857   756   636   504   366   227    90   -40  -163  -278  -383  -477  -559  -626  -674  -700  -702
       -680  -639  -582  -517  -448  -377  -305  -233  -160   -84    -3    86   189   310   450   588   671   660   581   484
        392   310   235   166    97    26   -51  -137  -223  -288  -309  -293  -259  -222  -187  -154  -125   -99   -76   -55
        -38   -23   -12    -3     2     8    11    11    11    11    11    11    11    11    11    11    11    11    11    11
         11    11    11    11    11    11    11    11    11    11    11    11    11    11    11    11    11    11    11    11
         11    11    11    11    11
  37   1000   983   934   856   753   631   496   353   208    64   -73  -204  -326  -437  -534  -615  -675  -710  -719  -702
       -663  -609  -545  -476  -405  -334  -263  -191  -117   -38    48   148   264   398   531   615   610   541   453   369
        293   223   158    94    27   -45  -126  -207  -268  -289  -274  -243  -208  -175  -144  -117   -92   -71   -51   -35
        -22   -11    -3     2     8    10    10    10    10    10    10    10    10    10    10    10    10    10    10    10
         10    10    10    10    10    10    10    10    10    10    10    10    10    10    10    10    10    10    10    10
         10    10    10    10
  38   1000   983   934   854   750   625   485   337   185    34  -111  -250  -378  -493  -589  -663  -711  -729  -719  -685
       -634  -572  -504  -435  -364  -294  -224  -152   -76     6   101   211   337   465   550   552   495   417   342   272
        209   149    90    28   -39  -113  -189  -245  -265  -252  -223  -191  -161  -133  -107   -85   -65   -47   -32   -20
        -10    -3     1     7     9     9     9     9     9     9     9     9     9     9     9     9     9     9     9     9
          9     9     9     9     9     9     9     9     9     9     9     9     9     9     9     9     9     9     9     9
          9     9     9
  39   1000   983   933   852   745   616   472   318   158     0  -155  -300  -433  -548  -639  -701  -732  -731  -704  -658
       -599  -533  -465  -396  -328  -259  -190  -117   -38    50   153   272   393   478   489   443   377   311   250   193
        139    85    29   -32  -100  -168  -220  -239  -227  -201  -173  -145  -120   -97   -76   -58   -42   -29   -17    -9
         -2     1     6     8     8     8     8     8     8     8     8     8     8     8     8     8     8     8     8     8
          8     8     8     8     8     8     8     8     8     8     8     8     8     8     8     8     8     8     8     8
          8     8
  40   1000   983   932   849   739   606   456   294   126   -40  -203  -354  -489  -599  -679  -725  -737  -719  -679  -625
       -562  -496  -429  -363  -296  -229  -160   -86    -3    92   203   318   402   422   390   336   280   227   177   129
         81    30   -24   -85  -147  -194  -211  -202  -179  -153  -129  -106   -86   -68   -51   -37   -25   -15    -8    -2
          1     6     7     7     7     7     7     7     7     7     7     7     7     7     7     7     7     7     7     7
          7     7     7     7     7     7     7     7     7     7     7     7     7     7     7     7     7     7     7     7
          7
  41   1000   982   930   845   731   593   436   266    89   -86  -256  -411  -542  -643  -708  -735  -729  -698  -650  -592
       -529  -464  -399  -335  -271  -205  -135   -58    30   133   242   327   356   336   295   248   203   160   119    76
         32   -16   -71  -126  -168  -184  -176  -156  -134  -113   -93   -75   -59   -45   -32   -22   -13    -6    -1     1
          5     6     6     6     6     6     6     6     6     6     6     6     6     6     6     6     6     6     6     6
          6     6     6     6     6     6     6     6     6     6     6     6     6     6     6     6     6     6     6     6
  42   1000   982   928   841   722   577   412   232    46  -138  -312  -466  -590  -676  -723  -732  -713  -673  -620  -561
       -499  -437  -375  -314  -251  -185  -113   -31    63   167   253   291   284   255   219   181   145   109    72    33
         -9   -57  -105  -143  -158  -151  -135  -116   -97   -80   -64   -50   -38   -27   -18   -11    -5    -1     1     4
          5     5     5     5     5     5     5     5     5     5     5     5     5     5     5     5     5     5     5     5
          5     5     5     5     5     5     5     5     5     5     5     5     5     5     5     5     5     5     5
  43   1000   981   926   834   710   558   383   193    -1  -193  -369  -517  -628  -697  -726  -721  -692  -647  -593  -535
       -476  -416  -357  -297  -234  -167   -91    -2    95   183   231   236   218   191   162   131   101    69    35    -2
        -43   -86  -120  -134  -129  -115   -99   -83   -68   -55   -43   -32   -23   -15    -9    -4    -1     1     3     4
          4     4     4     4     4     4     4     4     4     4     4     4     4     4     4     4     4     4     4     4
          4     4     4     4     4     4     4     4     4     4     4     4     4     4     4     4     4     4
  44   1000   981   923   827   696   534   349   148   -55  -251  -423  -561  -655  -706  -720  -704  -669  -623  -570  -514
       -457  -400  -342  -283  -220  -148   -65    29   119   176   193   186   168   144   120    94    66    37     4   -32
        -69   -99  -112  -109   -98   -84   -70   -58   -46   -36   -27   -19   -13    -7    -3    -1     0     2     2     2
          2     2     2     2     2     2     2     2     2     2     2     2     2     2     2     2     2     2     2     2
          2     2     2     2     2     2     2     2     2     2     2     2     2     2     2     2     2
  45   1000   980   919   817   678   506   309    98  -112  -307  -470  -593  -669  -705  -707  -685  -648  -601  -550  -496
       -442  -387  -330  -270  -202  -123   -30    63   128   157   159   148   131   110    88    65    39    10   -21   -55
        -82   -94   -92   -83   -71   -60   -49   -39   -30   -22   -16   -10    -6    -3    -1     0     1     1     1     1
          1     1     1     1     1     1     1     1     1     1     1     1     1     1     1     1     1     1     1     1
          1     1     1     1     1     1     1     1     1     1     1     1     1     1     1     1
  46   1000   979   914   806   657   474   265    45  -167  -356  -506  -612  -672  -696  -690  -665  -627  -582  -533  -481
       -429  -374  -317  -252  -175   -82    14    89   127   138   133   120   104    85    64    42    16   -12   -43   -68
        -80   -79   -71   -61   -51   -42   -33   -26   -19   -13    -9    -5    -3    -1     0     0     0     0     0     0
          0     0     0     0     0     0     0     0     0     0     0     0     0     0     0     0     0     0     0     0
          0     0     0     0     0     0     0     0     0     0     0     0     0     0     0
  47   1000   977   908   792   633   437   218    -6  -216  -394  -528  -617  -665  -680  -671  -644  -607  -564  -517  -467
       -415  -359  -297  -221  -128   -26    56   104   121   122   114   100    84    65    44    20    -5   -34   -57   -69
        -69   -63   -54   -45   -37   -29   -22   -16   -12    -8    -5    -3    -1    -1    -1    -2    -2    -2    -2    -2
         -2    -2    -2    -2    -2    -2    -2    -2    -2    -2    -2    -2    -2    -2    -2    -2    -2    -2    -2    -2
         -2    -2    -2    -2    -2    -2    -2    -2    -2    -2    -2    -2    -2    -2
  48   1000   976   901   776   605   398   172   -52  -253  -416  -535  -611  -649  -659  -648  -622  -587  -545  -500  -451
       -397  -336  -262  -167   -60    31    86   110   115   110    99    84    67    47    25     0   -27   -49   -61   -62
        -57   -49   -41   -33   -26   -20   -15   -10    -7    -5    -3    -2    -2    -3    -4    -4    -4    -4    -4    -4
         -4    -4    -4    -4    -4    -4    -4    -4    -4    -4    -4    -4    -4    -4    -4    -4    -4    -4    -4    -4
         -4    -4    -4    -4    -4    -4    -4    -4    -4    -4    -4    -4    -4
  49   1000   974   893   758   576   360   132   -85  -273  -422  -527  -592  -625  -632  -621  -597  -564  -524  -480  -429
       -371  -297  -201   -88    10    73   102   111   108    98    85    69    50    28     4   -21   -44   -56   -58   -53
        -46   -38   -31   -24   -18   -14   -10    -7    -5    -3    -3    -3    -4    -6    -6    -6    -6    -6    -6    -6
         -6    -6    -6    -6    -6    -6    -6    -6    -6    -6    -6    -6    -6    -6    -6    -6    -6    -6    -6    -6
         -6    -6    -6    -6    -6    -6    -6    -6    -6    -6    -6    -6
  50   1000   972   885   740   549   330   106  -100  -274  -408  -502  -561  -592  -599  -590  -568  -537  -499  -454  -399
       -327  -230  -114    -8    61    95   107   107    98    86    71    53    32     8   -17   -39   -52   -54   -50   -43
        -35   -29   -22   -17   -13    -9    -6    -5    -4    -4    -4    -6    -8    -8    -8    -8    -8    -8    -8    -8
         -8    -8    -8    -8    -8    -8    -8    -8    -8    -8    -8    -8    -8    -8    -8    -8    -8    -8    -8    -8
         -8    -8    -8    -8    -8    -8    -8    -8    -8    -8    -8
  51   1000   969   876   724   529   313    98   -94  -253  -376  -463  -519  -549  -558  -552  -534  -506  -469  -419  -352
       -258  -140   -29    46    86   102   103    97    86    72    55    35    12   -12   -34   -46   -49   -45   -39   -32
        -26   -20   -15   -11    -8    -6    -5    -4    -4    -5    -8    -9    -9    -9    -9    -9    -9    -9    -9    -9
         -9    -9    -9    -9    -9    -9    -9    -9    -9    -9    -9    -9    -9    -9    -9    -9    -9    -9    -9    -9
         -9    -9    -9    -9    -9    -9    -9    -9    -9    -9
  52   1000   967   869   714   521   313   113   -65  -212  -326  -409  -464  -496  -510  -508  -495  -470  -431  -373  -286
       -170   -55    25    70    90    95    92    83    70    55    37    17    -5   -25   -37   -40   -38   -33   -27   -21
        -16   -12    -9    -6    -5    -4    -4    -5    -6    -9   -11   -11   -11   -11   -11   -11   -11   -11   -11   -11
        -11   -11   -11   -11   -11   -11   -11   -11   -11   -11   -11   -11   -11   -11   -11   -11   -11   -11   -11   -11
        -11   -11   -11   -11   -11   -11   -11   -11   -11
  53   1000   966   866   713   529   334   149   -14  -151  -260  -341  -399  -436  -456  -461  -453  -431  -388  -314  -206
        -93    -7    43    69    79    80    75    66    54    40    24     5   -11   -22   -26   -25   -21   -17   -13   -10
         -7    -5    -3    -3    -3    -4    -5    -6   -10   -13   -13   -13   -13   -13   -13   -13   -13   -13   -13   -13
        -13   -13   -13   -13   -13   -13   -13   -13   -13   -13   -13   -13   -13   -13   -13   -13   -13   -13   -13   -13
        -13   -13   -13   -13   -13   -13   -13   -13
  54   1000   966   868   723   551   373   203    51   -77  -183  -265  -328  -372  -401  -416  -417  -396  -344  -252  -143
        -54     3    36    53    60    61    57    51    43    33    21     9     0    -3    -5    -4    -2    -1     0     0
          1     0     0    -1    -3    -4    -6   -11   -13   -13   -13   -13   -13   -13   -13   -13   -13   -13   -13   -13
        -13   -13   -13   -13   -13   -13   -13   -13   -13   -13   -13   -13   -13   -13   -13   -13   -13   -13   -13   -13
        -13   -13   -13   -13   -13   -13   -13
  55   1000   967   875   742   586   424   269   127     3  -102  -188  -258  -314  -356  -385  -395  -372  -305  -207  -117
        -52   -10    14    30    38    43    45    46    45    44    40    34    28    23    20    18    16    14    12    10
          7     5     2     0    -3    -5   -11   -14   -14   -14   -14   -14   -14   -14   -14   -14   -14   -14   -14   -14
        -14   -14   -14   -14   -14   -14   -14   -14   -14   -14   -14   -14   -14   -14   -14   -14   -14   -14   -14   -14
        -14   -14   -14   -14   -14   -14
  56   1000   969   886   766   626   480   337   203    81   -26  -120  -202  -273  -334  -381  -397  -363  -283  -195  -123
        -71   -35   -10     8    23    35    48    60    72    78    76    69    61    53    46    39    33    27    22    16
         11     6     2    -1    -4   -10   -13   -13   -13   -13   -13   -13   -13   -13   -13   -13   -13   -13   -13   -13
        -13   -13   -13   -13   -13   -13   -13   -13   -13   -13   -13   -13   -13   -13   -13   -13   -13   -13   -13   -13
        -13   -13   -13   -13   -13
  57   1000   972   898   792   667   533   399   270   148    34   -71  -171  -266  -353  -414  -421  -365  -282  -205  -144
        -96   -59   -29    -2    22    49    77   104   123   127   119   105    91    79    67    56    46    36    27    19
         12     6     1    -3    -9   -13   -13   -13   -13   -13   -13   -13   -13   -13   -13   -13   -13   -13   -13   -13
        -13   -13   -13   -13   -13   -13   -13   -13   -13   -13   -13   -13   -13   -13   -13   -13   -13   -13   -13   -13
        -13   -13   -13   -13
  58   1000   976   910   816   703   579   451   322   195    70   -55  -183  -310  -420  -473  -448  -375  -295  -224  -165
       -116   -73   -33     6    48    94   140   174   184   174   155   135   116    98    82    66    53    40    28    19
         10     4     0    -7   -11   -11   -11   -11   -11   -11   -11   -11   -11   -11   -11   -11   -11   -11   -11   -11
        -11   -11   -11   -11   -11   -11   -11   -11   -11   -11   -11   -11   -11   -11   -11   -11   -11   -11   -11   -11
        -11   -11   -11
  59   1000   979   921   835   731   613   487   355   216    70   -85  -252  -411  -515  -525  -467  -387  -309  -239  -178
       -121   -68   -13    45   110   176   226   244   233   209   182   156   132   109    89    70    53    38    26    15
          7     1    -5   -10   -10   -10   -10   -10   -10   -10   -10   -10   -10   -10   -10   -10   -10   -10   -10   -10
        -10   -10   -10   -10   -10   -10   -10   -10   -10   -10   -10   -10   -10   -10   -10   -10   -10   -10   -10   -10
        -10   -10
  60   1000   981   929   850   751   635   505   361   202    22  -178  -384  -541  -592  -554  -478  -395  -316  -243  -175
       -107   -36    39   125   212   280   306   295   266   232   198   168   139   113    89    68    49    34    21    11
          4    -3    -8    -8    -8    -8    -8    -8    -8    -8    -8    -8    -8    -8    -8    -8    -8    -8    -8    -8
         -8    -8    -8    -8    -8    -8    -8    -8    -8    -8    -8    -8    -8    -8    -8    -8    -8    -8    -8    -8
         -8
  61   1000   983   934   859   761   641   501   336   140   -88  -339  -548  -644  -631  -564  -480  -395  -312  -232  -150
        -64    30   136   245   332   369   358   324   283   243   205   170   138   109    83    61    42    27    15     7
         -1    -6    -6    -6    -6    -6    -6    -6    -6    -6    -6    -6    -6    -6    -6    -6    -6    -6    -6    -6
         -6    -6    -6    -6    -6    -6    -6    -6    -6    -6    -6    -6    -6    -6    -6    -6    -6    -6    -6    -6
  62   1000   984   937   862   760   630   468   265    15  -272  -533  -678  -696  -643  -562  -474  -383  -292  -198   -97
         15   142   275   383   430   421   383   336   288   243   202   164   130    99    73    51    33    20    10     0
         -4    -4    -4    -4    -4    -4    -4    -4    -4    -4    -4    -4    -4    -4    -4    -4    -4    -4    -4    -4
         -4    -4    -4    -4    -4    -4    -4    -4    -4    -4    -4    -4    -4    -4    -4    -4    -4    -4    -4
  63   1000   984   937   859   747   596   395   133  -185  -494  -689  -744  -711  -639  -551  -456  -356  -251  -135    -5
        143   300   429   490   484   442   389   335   283   235   191   152   116    85    60    39    24    13     3    -2
         -2    -2    -2    -2    -2    -2    -2    -2    -2    -2    -2    -2    -2    -2    -2    -2    -2    -2    -2    -2
         -2    -2    -2    -2    -2    -2    -2    -2    -2    -2    -2    -2    -2    -2    -2    -2    -2    -2
  64   1000   984   934   847   715   526   263   -75  -427  -673  -771  -765  -707  -624  -529  -424  -309  -181   -33   136
        317   470   546   545   501   443   382   324   270   220   174   134    98    69    46    29    17     5     0     0
          0     0     0     0     0     0     0     0     0     0     0     0     0     0     0     0     0     0     0     0
          0     0     0     0     0     0     0     0     0     0     0     0     0     0     0     0     0
  65   1000   983   926   823   655   403    56  -330  -628  -773  -801  -764  -692  -600  -493  -372  -234   -71   118   325
        503   596   602   558   496   430   366   305   249   198   152   112    80    54    34    20     8     1     1     1
          1     1     1     1     1     1     1     1     1     1     1     1     1     1     1     1     1     1     1     1
          1     1     1     1     1     1     1     1     1     1     1     1     1     1     1     1
  66   1000   980   912   777   549   208  -201  -547  -743  -812  -803  -749  -667  -564  -441  -295  -120    87   318   523
        636   653   612   547   477   407   341   279   222   171   127    90    61    40    24    10     2     2     2     2
          2     2     2     2     2     2     2     2     2     2     2     2     2     2     2     2     2     2     2     2
          2     2     2     2     2     2     2     2     2     2     2     2     2     2     2
  67   1000   975   884   697   379   -38  -424  -673  -789  -816  -788  -723  -631  -512  -365  -183    40   293   524   661
        692   657   594   521   447   376   309   247   191   142   102    70    45    28    13     4     4     4     4     4
          4     4     4     4     4     4     4     4     4     4     4     4     4     4     4     4     4     4     4     4
          4     4     4     4     4     4     4     4     4     4     4     4     4     4
  68   1000   966   836   566   162  -251  -551  -719  -791  -798  -761  -687  -582  -442  -260   -29   241   497   661   711
        688   629   557   482   408   337   270   210   157   113    78    51    33    16     6     6     6     6     6     6
          6     6     6     6     6     6     6     6     6     6     6     6     6     6     6     6     6     6     6     6
          6     6     6     6     6     6     6     6     6     6     6     6     6
  69   1000   949   757   401   -16  -358  -580  -704  -757  -759  -718  -638  -518  -349  -125   150   425   615   691   686
        639   574   501   428   356   288   225   170   123    85    57    37    19     8     8     8     8     8     8     8
          8     8     8     8     8     8     8     8     8     8     8     8     8     8     8     8     8     8     8     8
          8     8     8     8     8     8     8     8     8     8     8     8
  70   1000   923   664   285   -74  -342  -521  -629  -682  -689  -653  -573  -441  -247     9   284   495   601   623   597
        547   486   421   354   289   228   174   127    89    61    40    21    10    10    10    10    10    10    10    10
         10    10    10    10    10    10    10    10    10    10    10    10    10    10    10    10    10    10    10    10
         10    10    10    10    10    10    10    10    10    10    10
  71   1000   899   625   299    13  -207  -369  -481  -550  -577  -563  -499  -375  -182    53   263   395   452   460   439
        403   357   306   255   205   159   119    86    60    42    25    13    13    13    13    13    13    13    13    13
         13    13    13    13    13    13    13    13    13    13    13    13    13    13    13    13    13    13    13    13
         13    13    13    13    13    13    13    13    13    13
  72   1000   902   680   433   208    16  -142  -269  -368  -436  -469  -456  -379  -238   -70    67   157   206   225   226
        214   193   168   141   114    90    69    52    39    27    17    17    17    17    17    17    17    17    17    17
         17    17    17    17    17    17    17    17    17    17    17    17    17    17    17    17    17    17    17    17
         17    17    17    17    17    17    17    17    17
  73   1000   928   773   594   415   244    84   -65  -204  -331  -438  -502  -491  -406  -291  -186  -105   -46    -6    20
         36    44    47    46    42    38    33    29    24    19    19    19    19    19    19    19    19    19    19    19
         19    19    19    19    19    19    19    19    19    19    19    19    19    19    19    19    19    19    19    19
         19    19    19    19    19    19    19    19
  74   1000   953   846   710   560   401   232    53  -137  -336  -520  -637  -647  -576  -477  -380  -295  -224  -165  -117
        -79   -48   -24    -7     4    12    16    19    17    17    17    17    17    17    17    17    17    17    17    17
         17    17    17    17    17    17    17    17    17    17    17    17    17    17    17    17    17    17    17    17
         17    17    17    17    17    17    17
  75   1000   967   887   775   637   475   286    64  -192  -463  -682  -781  -763  -684  -586  -489  -399  -318  -247  -184
       -131   -87   -52   -26    -8     3    13    15    15    15    15    15    15    15    15    15    15    15    15    15
         15    15    15    15    15    15    15    15    15    15    15    15    15    15    15    15    15    15    15    15
         15    15    15    15    15    15
  76   1000   975   907   803   663   483   254   -31  -358  -658  -835  -873  -823  -736  -637  -537  -442  -353  -273  -202
       -141   -92   -54   -26    -8     8    14    14    14    14    14    14    14    14    14    14    14    14    14    14
         14    14    14    14    14    14    14    14    14    14    14    14    14    14    14    14    14    14    14    14
         14    14    14    14    14
  77   1000   978   913   806   649   430   137  -223  -582  -830  -924  -911  -843  -750  -649  -546  -446  -352  -266  -191
       -129   -80   -44   -19     3    13    13    13    13    13    13    13    13    13    13    13    13    13    13    13
         13    13    13    13    13    13    13    13    13    13    13    13    13    13    13    13    13    13    13    13
         13    13    13    13
  78   1000   978   909   786   593   310   -63  -466  -775  -929  -958  -916  -838  -741  -636  -529  -425  -327  -240  -167
       -107   -63   -31    -2    11    11    11    11    11    11    11    11    11    11    11    11    11    11    11    11
         11    11    11    11    11    11    11    11    11    11    11    11    11    11    11    11    11    11    11    11
         11    11    11
  79   1000   976   895   741   486   118  -311  -675  -887  -965  -958  -901  -817  -715  -606  -496  -389  -291  -206  -137
        -83   -45    -8    11    11    11    11    11    11    11    11    11    11    11    11    11    11    11    11    11
         11    11    11    11    11    11    11    11    11    11    11    11    11    11    11    11    11    11    11    11
         11    11
  80   1000   971   867   658   317  -119  -525  -796  -928  -964  -937  -872  -782  -677  -564  -451  -344  -249  -169  -107
        -62   -16    10    10    10    10    10    10    10    10    10    10    10    10    10    10    10    10    10    10
         10    10    10    10    10    10    10    10    10    10    10    10    10    10    10    10    10    10    10    10
         10
  81   1000   961   817   530   111  -321  -646  -836  -922  -935  -900  -829  -735  -627  -512  -399  -296  -207  -136   -82
        -26     9     9     9     9     9     9     9     9     9     9     9     9     9     9     9     9     9     9     9
          9     9     9     9     9     9     9     9     9     9     9     9     9     9     9     9     9     9     9     9
  82   1000   944   742   377   -55  -421  -669  -811  -875  -880  -841  -769  -674  -564  -451  -344  -248  -168  -107   -39
          6     6     6     6     6     6     6     6     6     6     6     6     6     6     6     6     6     6     6     6
          6     6     6     6     6     6     6     6     6     6     6     6     6     6     6     6     6     6     6
  83   1000   921   658   271  -107  -401  -601  -721  -778  -784  -748  -680  -590  -487  -383  -286  -202  -135   -54     3
          3     3     3     3     3     3     3     3     3     3     3     3     3     3     3     3     3     3     3     3
          3     3     3     3     3     3     3     3     3     3     3     3     3     3     3     3     3     3
  84   1000   900   624   284   -22  -264  -438  -552  -614  -629  -606  -551  -476  -390  -303  -224  -158   -70    -1    -1
         -1    -1    -1    -1    -1    -1    -1    -1    -1    -1    -1    -1    -1    -1    -1    -1    -1    -1    -1    -1
         -1    -1    -1    -1    -1    -1    -1    -1    -1    -1    -1    -1    -1    -1    -1    -1    -1
  85   1000   902   671   408   166   -35  -194  -309  -381  -414  -413  -383  -334  -276  -216  -161   -80    -8    -8    -8
         -8    -8    -8    -8    -8    -8    -8    -8    -8    -8    -8    -8    -8    -8    -8    -8    -8    -8    -8    -8
         -8    -8    -8    -8    -8    -8    -8    -8    -8    -8    -8    -8    -8    -8    -8    -8
  86   1000   925   759   566   377   207    62   -53  -137  -190  -214  -213  -196  -167  -136   -75   -14   -14   -14   -14
        -14   -14   -14   -14   -14   -14   -14   -14   -14   -14   -14   -14   -14   -14   -14   -14   -14   -14   -14   -14
        -14   -14   -14   -14   -14   -14   -14   -14   -14   -14   -14   -14   -14   -14   -14
  87   1000   949   833   690   540   394   260   145    52   -16   -61   -85   -92   -87   -58   -18   -18   -18   -18   -18
        -18   -18   -18   -18   -18   -18   -18   -18   -18   -18   -18   -18   -18   -18   -18   -18   -18   -18   -18   -18
        -18   -18   -18   -18   -18   -18   -18   -18   -18   -18   -18   -18   -18   -18
  88   1000   964   880   768   642   511   385   269   170    90    32    -5   -28   -33   -20   -20   -20   -20   -20   -20
        -20   -20   -20   -20   -20   -20   -20   -20   -20   -20   -20   -20   -20   -20   -20   -20   -20   -20   -20   -20
        -20   -20   -20   -20   -20   -20   -20   -20   -20   -20   -20   -20   -20
  89   1000   973   906   811   698   577   453   337   234   149    84    37    -3   -21   -21   -21   -21   -21   -21   -21
        -21   -21   -21   -21   -21   -21   -21   -21   -21   -21   -21   -21   -21   -21   -21   -21   -21   -21   -21   -21
        -21   -21   -21   -21   -21   -21   -21   -21   -21   -21   -21   -21
  90   1000   978   920   833   727   608   485   369   264   177   109    31   -20   -20   -20   -20   -20   -20   -20   -20
        -20   -20   -20   -20   -20   -20   -20   -20   -20   -20   -20   -20   -20   -20   -20   -20   -20   -20   -20   -20
        -20   -20   -20   -20   -20   -20   -20   -20   -20   -20   -20
  91   1000   980   926   844   739   622   501   386   283   198    85    -3    -3    -3    -3    -3    -3    -3    -3    -3
         -3    -3    -3    -3    -3    -3    -3    -3    -3    -3    -3    -3    -3    -3    -3    -3    -3    -3    -3    -3
         -3    -3    -3    -3    -3    -3    -3    -3    -3    -3
  92   1000   982   930   849   747   632   515   404   307   165    36    36    36    36    36    36    36    36    36    36
         36    36    36    36    36    36    36    36    36    36    36    36    36    36    36    36    36    36    36    36
         36    36    36    36    36    36    36    36    36
  93   1000   982   931   851   750   639   526   422   252    82    82    82    82    82    82    82    82    82    82    82
         82    82    82    82    82    82    82    82    82    82    82    82    82    82    82    82    82    82    82    82
         82    82    82    82    82    82    82    82
  94   1000   982   931   852   755   648   542   351   139   139   139   139   139   139   139   139   139   139   139   139
        139   139   139   139   139   139   139   139   139   139   139   139   139   139   139   139   139   139   139   139
        139   139   139   139   139   139   139
  95   1000   983   933   857   764   665   463   215   215   215   215   215   215   215   215   215   215   215   215   215
        215   215   215   215   215   215   215   215   215   215   215   215   215   215   215   215   215   215   215   215
        215   215   215   215   215   215
  96   1000   983   935   864   779   577   300   300   300   300   300   300   300   300   300   300   300   300   300   300
        300   300   300   300   300   300   300   300   300   300   300   300   300   300   300   300   300   300   300   300
        300   300   300   300   300
  97   1000   984   939   874   686   392   392   392   392   392   392   392   392   392   392   392   392   392   392   392
        392   392   392   392   392   392   392   392   392   392   392   392   392   392   392   392   392   392   392   392
        392   392   392   392
  98   1000   985   945   784   486   486   486   486   486   486   486   486   486   486   486   486   486   486   486   486
        486   486   486   486   486   486   486   486   486   486   486   486   486   486   486   486   486   486   486   486
        486   486   486
  99   1000   987   864   579   579   579   579   579   579   579   579   579   579   579   579   579   579   579   579   579
        579   579   579   579   579   579   579   579   579   579   579   579   579   579   579   579   579   579   579   579
        579   579
 100   1000   923   664   664   664   664   664   664   664   664   664   664   664   664   664   664   664   664   664   664
        664   664   664   664   664   664   664   664   664   664   664   664   664   664   664   664   664   664   664   664
        664
 101   1000   896   896   896   896   896   896   896   896   896   896   896   896   896   896   896   896   896   896   896
        896   896   896   896   896   896   896   896   896   896   896   896   896   896   896   896   896   896   896   896
 102   1000  1000  1000  1000  1000  1000  1000  1000  1000  1000  1000  1000  1000  1000  1000  1000  1000  1000  1000  1000
       1000  1000  1000  1000  1000  1000  1000  1000  1000  1000  1000  1000  1000  1000  1000  1000  1000  1000  1000
 103   1000  1000  1000  1000  1000  1000  1000  1000  1000  1000  1000  1000  1000  1000  1000  1000  1000  1000  1000  1000
       1000  1000  1000  1000  1000  1000  1000  1000  1000  1000  1000  1000  1000  1000  1000  1000  1000  1000
 104   1000  1000  1000  1000  1000  1000  1000  1000  1000  1000  1000  1000  1000  1000  1000  1000  1000  1000  1000  1000
       1000  1000  1000  1000  1000  1000  1000  1000  1000  1000  1000  1000  1000  1000  1000  1000  1000
 105   1000  1000  1000  1000  1000  1000  1000  1000  1000  1000  1000  1000  1000  1000  1000  1000  1000  1000  1000  1000
       1000  1000  1000  1000  1000  1000  1000  1000  1000  1000  1000  1000  1000  1000  1000  1000
 106   1000  1000  1000  1000  1000  1000  1000  1000  1000  1000  1000  1000  1000  1000  1000  1000  1000  1000  1000  1000
       1000  1000  1000  1000  1000  1000  1000  1000  1000  1000  1000  1000  1000  1000  1000
 107   1000  1000  1000  1000  1000  1000  1000  1000  1000  1000  1000  1000  1000  1000  1000  1000  1000  1000  1000  1000
       1000  1000  1000  1000  1000  1000  1000  1000  1000  1000  1000  1000  1000  1000
 108   1000  1000  1000  1000  1000  1000  1000  1000  1000  1000  1000  1000  1000  1000  1000  1000  1000  1000  1000  1000
       1000  1000  1000  1000  1000  1000  1000  1000  1000  1000  1000  1000  1000
 109   1000  1000  1000  1000  1000  1000  1000  1000  1000  1000  1000  1000  1000  1000  1000  1000  1000  1000  1000  1000
       1000  1000  1000  1000  1000  1000  1000  1000  1000  1000  1000  1000
 110   1000  1000  1000  1000  1000  1000  1000  1000  1000  1000  1000  1000  1000  1000  1000  1000  1000  1000  1000  1000
       1000  1000  1000  1000  1000  1000  1000  1000  1000  1000  1000
 111   1000  1000  1000  1000  1000  1000  1000  1000  1000  1000  1000  1000  1000  1000  1000  1000  1000  1000  1000  1000
       1000  1000  1000  1000  1000  1000  1000  1000  1000  1000
 112   1000  1000  1000  1000  1000  1000  1000  1000  1000  1000  1000  1000  1000  1000  1000  1000  1000  1000  1000  1000
       1000  1000  1000  1000  1000  1000  1000  1000  1000
 113   1000  1000  1000  1000  1000  1000  1000  1000  1000  1000  1000  1000  1000  1000  1000  1000  1000  1000  1000  1000
       1000  1000  1000  1000  1000  1000  1000  1000
 114   1000  1000  1000  1000  1000  1000  1000  1000  1000  1000  1000  1000  1000  1000  1000  1000  1000  1000  1000  1000
       1000  1000  1000  1000  1000  1000  1000
 115   1000  1000  1000  1000  1000  1000  1000  1000  1000  1000  1000  1000  1000  1000  1000  1000  1000  1000  1000  1000
       1000  1000  1000  1000  1000  1000
 116   1000  1000  1000  1000  1000  1000  1000  1000  1000  1000  1000  1000  1000  1000  1000  1000  1000  1000  1000  1000
       1000  1000  1000  1000  1000
 117   1000  1000  1000  1000  1000  1000  1000  1000  1000  1000  1000  1000  1000  1000  1000  1000  1000  1000  1000  1000
       1000  1000  1000  1000
 118   1000  1000  1000  1000  1000  1000  1000  1000  1000  1000  1000  1000  1000  1000  1000  1000  1000  1000  1000  1000
       1000  1000  1000
 119   1000  1000  1000  1000  1000  1000  1000  1000  1000  1000  1000  1000  1000  1000  1000  1000  1000  1000  1000  1000
       1000  1000
 120   1000  1000  1000  1000  1000  1000  1000  1000  1000  1000  1000  1000  1000  1000  1000  1000  1000  1000  1000  1000
       1000
 121   1000  1000  1000  1000  1000  1000  1000  1000  1000  1000  1000  1000  1000  1000  1000  1000  1000  1000  1000  1000
 122   1000  1000  1000  1000  1000  1000  1000  1000  1000  1000  1000  1000  1000  1000  1000  1000  1000  1000  1000
 123   1000  1000  1000  1000  1000  1000  1000  1000  1000  1000  1000  1000  1000  1000  1000  1000  1000  1000
 124   1000  1000  1000  1000  1000  1000  1000  1000  1000  1000  1000  1000  1000  1000  1000  1000  1000
 125   1000  1000  1000  1000  1000  1000  1000  1000  1000  1000  1000  1000  1000  1000  1000  1000
 126   1000  1000  1000  1000  1000  1000  1000  1000  1000  1000  1000  1000  1000  1000  1000
 127   1000  1000  1000  1000  1000  1000  1000  1000  1000  1000  1000  1000  1000  1000
 128   1000  1000  1000  1000  1000  1000  1000  1000  1000  1000  1000  1000  1000
 129   1000  1000  1000  1000  1000  1000  1000  1000  1000  1000  1000  1000
 130   1000  1000  1000  1000  1000  1000  1000  1000  1000  1000  1000
 131   1000  1000  1000  1000  1000  1000  1000  1000  1000  1000
 132   1000  1000  1000  1000  1000  1000  1000  1000  1000
 133   1000  1000  1000  1000  1000  1000  1000  1000
 134   1000  1000  1000  1000  1000  1000  1000
 135   1000  1000  1000  1000  1000  1000
 136   1000  1000  1000  1000  1000
 137   1000  1000  1000  1000
 138   1000  1000  1000
 139   1000  1000
 140   1000

 Finished!
