NIF_RUN Passive 18x snout on TANDM 90-348 Pinhole
  140    6    1    0    1
   0.00500   9.00000   0.03000   0.00100
   0.0000000   0   0 1.00000000E+00   1.0000000
ZR902    5.587E-15 0.015       0.00       0.00        (    )
IN115N   1.817E-15 0.012       0.00       0.00        (    )
AU197G   3.975E-14 0.016       0.00 AUNG  3.94 IFX    (ISTP)
IN115G   1.329E-14 0.016       0.00 INNG 39.37 IFX    (ISTP)
AU1972   1.991E-14 0.012       0.00       0.00        (    )
AL27A    1.015E-15 0.079       0.00       0.00        (    )
Flux Uncertainty
 140
 0.0000E+00 0.0000E+00 0.0000E+00 0.0000E+00 0.0000E+00 0.0000E+00 0.0000E+00
 0.0000E+00 0.0000E+00 0.0000E+00 0.0000E+00 0.0000E+00 0.0000E+00 0.0000E+00
 1.8520E-01 1.4110E-01 1.0930E-01 8.6700E-02 7.0500E-02 5.8500E-02 4.9300E-02
 4.1900E-02 3.5800E-02 3.0900E-02 2.7300E-02 2.5000E-02 2.4100E-02 2.4400E-02
 2.6400E-02 3.0200E-02 3.5900E-02 4.3000E-02 5.0600E-02 5.7400E-02 6.2200E-02
 6.4200E-02 6.3400E-02 6.1000E-02 5.8400E-02 5.7700E-02 6.1100E-02 7.0400E-02
 8.6800E-02 1.1090E-01 1.4300E-01 1.8280E-01 2.2960E-01 2.8250E-01 3.4000E-01
 4.0050E-01 4.6230E-01 5.2380E-01 5.8380E-01 6.4080E-01 6.9410E-01 7.4270E-01
 7.8640E-01 8.2480E-01 8.5820E-01 8.8670E-01 9.1030E-01 9.2970E-01 9.4500E-01
 9.5700E-01 9.6580E-01 9.7170E-01 9.7510E-01 9.7620E-01 9.7440E-01 9.6900E-01
 9.5870E-01 9.4140E-01 9.1400E-01 8.7320E-01 8.1480E-01 7.3680E-01 6.3910E-01
 5.2650E-01 4.0710E-01 2.9230E-01 1.9270E-01 1.1430E-01 5.9800E-02 2.8000E-02
 1.7300E-02 1.5500E-02 1.4700E-02 1.5600E-02 2.0400E-02 2.5000E-02 2.4100E-02
 1.6500E-02 1.0700E-02 1.0400E-02 1.0500E-02 0.0000E+00 0.0000E+00 0.0000E+00
 0.0000E+00 0.0000E+00 0.0000E+00 0.0000E+00 0.0000E+00 0.0000E+00 0.0000E+00
 0.0000E+00 0.0000E+00 0.0000E+00 0.0000E+00 0.0000E+00 0.0000E+00 0.0000E+00
 0.0000E+00 0.0000E+00 0.0000E+00 0.0000E+00 0.0000E+00 0.0000E+00 0.0000E+00
 0.0000E+00 0.0000E+00 0.0000E+00 0.0000E+00 0.0000E+00 0.0000E+00 0.0000E+00
 0.0000E+00 0.0000E+00 0.0000E+00 0.0000E+00 0.0000E+00 0.0000E+00 0.0000E+00
 0.0000E+00 0.0000E+00 0.0000E+00 0.0000E+00 0.0000E+00 0.0000E+00 0.0000E+00
Input Flux Spectrum
 140   1 1.000E+00 2.000E+01 5.000E-08
 0.0000E+00 0.0000E+00 0.0000E+00 0.0000E+00 0.0000E+00 0.0000E+00 0.0000E+00
 0.0000E+00 0.0000E+00 0.0000E+00 0.0000E+00 0.0000E+00 0.0000E+00 0.0000E+00
 7.7131E+06 9.1389E+06 1.6539E+07 3.0871E+07 4.8250E+07 6.8150E+07 8.9745E+07
 1.1200E+08 1.3383E+08 1.5430E+08 1.7255E+08 1.8818E+08 2.0123E+08 2.1179E+08
 2.2041E+08 2.2751E+08 2.3367E+08 2.3922E+08 2.4433E+08 2.4898E+08 2.5302E+08
 2.5614E+08 2.5787E+08 2.5794E+08 2.5590E+08 2.5162E+08 2.4502E+08 2.3639E+08
 2.2594E+08 2.1425E+08 2.0167E+08 1.8879E+08 1.7606E+08 1.6377E+08 1.5223E+08
 1.4162E+08 1.3190E+08 1.2311E+08 1.1515E+08 1.0790E+08 1.0113E+08 9.4682E+07
 8.8245E+07 8.1585E+07 7.4400E+07 6.6348E+07 5.7095E+07 4.6285E+07 3.3495E+07
 1.8226E+07 1.1922E+07 9.1956E+06 6.9558E+06 5.2178E+06 3.8812E+06 2.9034E+06
 2.2066E+06 1.7202E+06 1.3875E+06 1.1676E+06 1.0350E+06 9.7857E+05 1.0046E+06
 1.1460E+06 1.4975E+06 2.3241E+06 4.4592E+06 1.1010E+07 3.6138E+07 3.2538E+08
 9.7725E+08 1.0018E+09 6.6135E+08 2.8025E+08 5.9649E+07 3.7325E+07 4.1085E+07
 8.6490E+07 6.4462E+08 2.3826E+09 6.2495E+09 0.0000E+00 0.0000E+00 0.0000E+00
 0.0000E+00 0.0000E+00 0.0000E+00 0.0000E+00 0.0000E+00 0.0000E+00 0.0000E+00
 0.0000E+00 0.0000E+00 0.0000E+00 0.0000E+00 0.0000E+00 0.0000E+00 0.0000E+00
 0.0000E+00 0.0000E+00 0.0000E+00 0.0000E+00 0.0000E+00 0.0000E+00 0.0000E+00
 0.0000E+00 0.0000E+00 0.0000E+00 0.0000E+00 0.0000E+00 0.0000E+00 0.0000E+00
 0.0000E+00 0.0000E+00 0.0000E+00 0.0000E+00 0.0000E+00 0.0000E+00 0.0000E+00
 0.0000E+00 0.0000E+00 0.0000E+00 0.0000E+00 0.0000E+00 0.0000E+00 0.0000E+00
   10   13   28   11    8    5    8    7   10   40



                         ==============================
                               STAYSL PNNL OUTPUT
                         ==============================

 STAYSL PNNL, version 1.2.0, 2015-08-05


 SCENARIO TITLE: NIF_RUN Passive 18x snout on TANDM 90-348 Pinhole
 -------------------------------------------------------------------------------
  NGROUP =   140    NRXN =     6    ACTIVITY NORM = 1.00000E+00

  COVARIANCE PARAMETERS (FCHN, FCVX, ACVX, FS)
    FLUXES:      WIDTH =  9.0000E+00   LONG RANGE COVAR. =  3.0000E-02
            ACTIVITIES =  5.0000E-03   X-SECT CROSS COR. =  1.0000E-03

    DETERM =   4.8254 × 10^   1.00      ERROR =   9.2634E-17

  INPUT NORMALIZATION DATA
    AK1   =     0.00000     VAK        =     0.00090
    NORML =           0     RENORM     = 1.00054E+00
    CHI²  =     2.66319     NORM. CHI² =     0.53264

  DOSIMETRY ACTIVITIES
     ———— INPUTS —————  -UNADJUSTED FLUX-  — ADJUSTED FLUX —    CHI²  90% ACTIVITIES RANGE
 RXN  MEASURED     ±%   ACTIVITY    %DIFF  ACTIVITY    %DIFF  CONTRIB --LOW E-- --HIGH E--   REACTION          CVR
  1  5.587E-15    1.50  5.596E-15    0.15  5.592E-15    0.10    0.006  1.30E+01  1.40E+01  ZR90(N,2N)ZR89          
  2  1.817E-15    1.20  1.817E-15    0.00  1.816E-15   -0.05    0.000  5.00E+00  1.40E+01  IN115(N,N')IN115M       
  3  3.975E-14    1.60  3.977E-14    0.05  3.975E-14    0.00    0.000  4.25E-06  5.50E-03  AU197(N,G)AU198         
  4  1.329E-14    1.60  1.330E-14    0.05  1.329E-14    0.00    0.000  9.20E-06  2.55E-02  IN115(N,G)IN116M        
  5  1.991E-14    1.20  1.981E-14   -0.48  1.980E-14   -0.54    0.122  1.20E+01  1.40E+01  AU197(N,2N)AU196        
  6  1.015E-15    7.90  1.143E-15   12.60  1.142E-15   12.53    2.535  1.20E+01  1.40E+01  AL27(N,A)NA24           

             % STD. DEV.  =          5.64               5.61

  DIFFERENTIAL FLUXES (input is normalized by a factor of 1.0005E+00)
                  —————— DIFFERENTIAL FLUX —————   ———— STD. DEV. % ————   INTEGRAL
 GRP    ENERGY        NEW         OLD      RATIO    NEW     OLD    RATIO   FLUX > E     ± %
  15  2.8000E-06  5.3190E+12  5.3223E+12   0.999   16.34   18.75   0.871  2.0330E+10    4.06
  16  4.2500E-06  4.4578E+12  4.4604E+12   0.999   12.22   14.42   0.848  2.0322E+10    4.06
  17  6.3000E-06  5.7029E+12  5.7062E+12   0.999    9.32   11.33   0.823  2.0313E+10    4.06
  18  9.2000E-06  7.1792E+12  7.1832E+12   0.999    7.31    9.17   0.797  2.0296E+10    4.07
  19  1.3500E-05  6.4333E+12  6.4368E+12   0.999    5.91    7.66   0.771  2.0265E+10    4.08
  20  2.1000E-05  7.5723E+12  7.5763E+12   0.999    4.90    6.57   0.745  2.0217E+10    4.09
  21  3.0000E-05  5.9831E+12  5.9862E+12   0.999    4.14    5.77   0.718  2.0149E+10    4.11
  22  4.5000E-05  4.6668E+12  4.6692E+12   0.999    3.55    5.15   0.689  2.0059E+10    4.13
  23  6.9000E-05  4.3172E+12  4.3194E+12   0.999    3.08    4.67   0.659  1.9947E+10    4.15
  24  1.0000E-04  4.4087E+12  4.4110E+12   0.999    2.71    4.31   0.630  1.9813E+10    4.18
  25  1.3500E-04  4.9302E+12  4.9327E+12   0.999    2.45    4.06   0.604  1.9659E+10    4.22
  26  1.7000E-04  3.7637E+12  3.7656E+12   0.999    2.29    3.90   0.586  1.9487E+10    4.26
  27  2.2000E-04  3.3539E+12  3.3556E+12   0.999    2.22    3.85   0.578  1.9298E+10    4.30
  28  2.8000E-04  2.6475E+12  2.6488E+12   0.999    2.24    3.87   0.580  1.9097E+10    4.35
  29  3.6000E-04  2.4491E+12  2.4503E+12   0.999    2.38    4.00   0.597  1.8885E+10    4.40
  30  4.5000E-04  1.8201E+12  1.8211E+12   0.999    2.66    4.26   0.625  1.8665E+10    4.46
  31  5.7500E-04  1.2631E+12  1.2638E+12   0.999    3.10    4.68   0.662  1.8437E+10    4.52
  32  7.6000E-04  1.1961E+12  1.1967E+12   0.999    3.66    5.24   0.698  1.8204E+10    4.58
  33  9.6000E-04  7.7566E+11  7.7607E+11   0.999    4.28    5.88   0.729  1.7964E+10    4.64
  34  1.2750E-03  7.6609E+11  7.6651E+11   0.999    4.86    6.47   0.751  1.7720E+10    4.71
  35  1.6000E-03  6.3255E+11  6.3289E+11   0.999    5.29    6.90   0.766  1.7471E+10    4.78
  36  2.0000E-03  3.6591E+11  3.6611E+11   0.999    5.49    7.08   0.775  1.7218E+10    4.86
  37  2.7000E-03  3.6838E+11  3.6858E+11   0.999    5.46    7.01   0.778  1.6962E+10    4.93
  38  3.4000E-03  2.3449E+11  2.3462E+11   0.999    5.29    6.80   0.778  1.6704E+10    5.01
  39  4.5000E-03  2.5590E+11  2.5604E+11   0.999    5.10    6.56   0.777  1.6446E+10    5.08
  40  5.5000E-03  1.4801E+11  1.4809E+11   0.999    5.07    6.50   0.780  1.6190E+10    5.16
  41  7.2000E-03  1.2251E+11  1.2258E+11   0.999    5.39    6.80   0.792  1.5939E+10    5.23
  42  9.2000E-03  8.4425E+10  8.4471E+10   0.999    6.22    7.65   0.814  1.5694E+10    5.30
  43  1.2000E-02  7.5312E+10  7.5354E+10   0.999    7.69    9.18   0.838  1.5457E+10    5.36
  44  1.5000E-02  5.3561E+10  5.3591E+10   0.999    9.85   11.48   0.858  1.5231E+10    5.41
  45  1.9000E-02  3.1024E+10  3.1043E+10   0.999   12.76   14.60   0.874  1.5017E+10    5.45
  46  2.5500E-02  2.9042E+10  2.9060E+10   0.999   16.39   18.52   0.885  1.4815E+10    5.46
  47  3.2000E-02  2.2005E+10  2.2019E+10   0.999   20.69   23.14   0.894  1.4627E+10    5.44
  48  4.0000E-02  1.3100E+10  1.3109E+10   0.999   25.60   28.40   0.901  1.4451E+10    5.39
  49  5.2500E-02  1.1274E+10  1.1282E+10   0.999   30.99   34.12   0.908  1.4287E+10    5.30
  50  6.6000E-02  6.4361E+09  6.4407E+09   0.999   36.73   40.14   0.915  1.4135E+10    5.16
  51  8.8000E-02  5.9942E+09  5.9987E+09   0.999   42.67   46.31   0.922  1.3993E+10    4.99
  52  1.1000E-01  4.9234E+09  4.9271E+09   0.999   48.68   52.44   0.928  1.3861E+10    4.77
  53  1.3500E-01  4.6050E+09  4.6085E+09   0.999   54.64   58.43   0.935  1.3738E+10    4.51
  54  1.6000E-01  3.5960E+09  3.5986E+09   0.999   60.40   64.12   0.942  1.3623E+10    4.21
  55  1.9000E-01  3.3705E+09  3.3728E+09   0.999   65.89   69.44   0.949  1.3515E+10    3.88
  56  2.2000E-01  2.7049E+09  2.7067E+09   0.999   70.99   74.30   0.955  1.3414E+10    3.52
  57  2.5500E-01  2.5212E+09  2.5226E+09   0.999   75.65   78.66   0.962  1.3319E+10    3.15
  58  2.9000E-01  2.7196E+09  2.7210E+09   1.000   79.82   82.50   0.968  1.3231E+10    2.76
  59  3.2000E-01  1.8603E+09  1.8610E+09   1.000   83.51   85.83   0.973  1.3149E+10    2.37
  60  3.6000E-01  1.6591E+09  1.6596E+09   1.000   86.71   88.68   0.978  1.3075E+10    2.01
  61  4.0000E-01  1.1423E+09  1.1425E+09   1.000   89.40   91.04   0.982  1.3009E+10    1.68
  62  4.5000E-01  9.2614E+08  9.2620E+08   1.000   91.64   92.98   0.986  1.2952E+10    1.42
  63  5.0000E-01  6.7030E+08  6.7026E+08   1.000   93.43   94.51   0.989  1.2905E+10    1.24
  64  5.5000E-01  3.6478E+08  3.6472E+08   1.000   94.85   95.70   0.991  1.2872E+10    1.15
  65  6.0000E-01  1.9887E+08  1.9881E+08   1.000   95.90   96.58   0.993  1.2854E+10    1.11
  66  6.6000E-01  1.5341E+08  1.5334E+08   1.000   96.62   97.17   0.994  1.2842E+10    1.09
  67  7.2000E-01  1.1606E+08  1.1599E+08   1.001   97.05   97.51   0.995  1.2832E+10    1.08
  68  7.8000E-01  8.7068E+07  8.7010E+07   1.001   97.22   97.62   0.996  1.2825E+10    1.07
  69  8.4000E-01  4.8579E+07  4.8541E+07   1.001   97.06   97.44   0.996  1.2820E+10    1.07
  70  9.2000E-01  3.6345E+07  3.6312E+07   1.001   96.50   96.90   0.996  1.2816E+10    1.06
  71  1.0000E+00  1.1050E+07  1.1039E+07   1.001   95.42   95.87   0.995  1.2813E+10    1.06
  72  1.2000E+00  8.6156E+06  8.6056E+06   1.001   93.60   94.15   0.994  1.2811E+10    1.06
  73  1.4000E+00  6.9499E+06  6.9412E+06   1.001   90.73   91.41   0.993  1.2809E+10    1.06
  74  1.6000E+00  5.8488E+06  5.8412E+06   1.001   86.46   87.33   0.990  1.2808E+10    1.06
  75  1.8000E+00  5.1845E+06  5.1778E+06   1.001   80.41   81.50   0.987  1.2807E+10    1.06
  76  2.0000E+00  3.2676E+06  3.2637E+06   1.001   72.37   73.71   0.982  1.2806E+10    1.06
  77  2.3000E+00  3.3539E+06  3.3505E+06   1.001   62.39   63.95   0.976  1.2805E+10    1.06
  78  2.6000E+00  3.8250E+06  3.8221E+06   1.001   51.00   52.71   0.968  1.2804E+10    1.06
  79  2.9000E+00  3.7474E+06  3.7458E+06   1.000   39.06   40.80   0.957  1.2803E+10    1.06
  80  3.3000E+00  5.8141E+06  5.8134E+06   1.000   27.73   29.37   0.944  1.2801E+10    1.06
  81  3.7000E+00  1.1152E+07  1.1154E+07   1.000   18.04   19.49   0.926  1.2799E+10    1.06
  82  4.1000E+00  2.7531E+07  2.7540E+07   1.000   10.54   11.81   0.892  1.2794E+10    1.06
  83  4.5000E+00  7.2283E+07  7.2315E+07   1.000    5.42    6.69   0.811  1.2783E+10    1.06
  84  5.0000E+00  6.5080E+08  6.5111E+08   1.000    2.58    4.10   0.628  1.2747E+10    1.05
  85  5.5000E+00  1.9546E+09  1.9556E+09   1.000    1.73    3.46   0.499  1.2422E+10    1.04
  86  6.0000E+00  1.4312E+09  1.4319E+09   0.999    1.57    3.38   0.464  1.1445E+10    1.03
  87  6.7000E+00  9.4480E+08  9.4530E+08   0.999    1.47    3.34   0.440  1.0443E+10    1.03
  88  7.4000E+00  3.5031E+08  3.5050E+08   0.999    1.47    3.38   0.434  9.7814E+09    1.04
  89  8.2000E+00  7.4559E+07  7.4602E+07   0.999    1.72    3.63   0.474  9.5012E+09    1.04
  90  9.0000E+00  3.7322E+07  3.7345E+07   0.999    2.00    3.90   0.513  9.4415E+09    1.04
  91  1.0000E+01  4.1082E+07  4.1107E+07   0.999    1.88    3.85   0.488  9.4042E+09    1.04
  92  1.1000E+01  8.6486E+07  8.6537E+07   0.999    1.31    3.42   0.383  9.3631E+09    1.04
  93  1.2000E+01  6.4461E+08  6.4497E+08   0.999    1.05    3.18   0.331  9.2766E+09    1.04
  94  1.3000E+01  2.3826E+09  2.3839E+09   0.999    1.04    3.18   0.328  8.6320E+09    1.05
  95  1.4000E+01  6.2495E+09  6.2529E+09   0.999    1.05    3.18   0.330  6.2495E+09    1.05
      1.5000E+01

  INTEGRALS OF SPECTRA
    OLD SPECTRUM   2.0341E+10   ±    5.539 %
    NEW SPECTRUM   2.0330E+10   ±    4.059 %

  SUMMARY OF BROAD-GROUP FLUXES, FLUENCES, AND UNCERTAINTIES

    IRRAD TIME [S] = 1.00000000E+00   ACT NORM =  1.00000000E+00

       ENERGY       FLUX       FLUENCE      STDEV %
      thermal    0.0000E+00  0.0000E+00  ±   0.00     (0.100 meV – 0.550  eV)
     epithermal  6.4684E+09  6.4684E+09  ±   5.25     (0.550  eV – 110.0 keV)
        fast     1.3861E+10  1.3861E+10  ±   4.77     (110.0 keV –  20.0 MeV)
        fast     1.2813E+10  1.2813E+10  ±   1.06     (  1.0 MeV –  20.0 MeV)
        high     0.0000E+00  0.0000E+00  ±   0.00     ( 20.0 MeV –  60.0 MeV)

    MINI-SPECTRUM

       ENERGY       FLUX       FLUENCE      STDEV %
     1.0000E-10  0.0000E+00  0.0000E+00  ±   0.00
     5.5000E-07  5.1624E+08  5.1624E+08  ±   4.28
     1.0000E-04  5.9522E+09  5.9522E+09  ±   5.78
     1.1000E-01  9.5590E+08  9.5590E+08  ±  62.91
     5.0000E-01  9.1872E+07  9.1872E+07  ±  90.87
     1.0000E+00  7.5299E+06  7.5299E+06  ±  88.65
     2.0000E+00  5.8573E+07  5.8573E+07  ±  11.26
     5.0000E+00  3.3431E+09  3.3431E+09  ±   1.65
     1.0000E+01  9.4042E+09  9.4042E+09  ±   1.04
     2.0000E+01  0.0000E+00  0.0000E+00  ±   0.00
     6.0000E+01

       TOTAL     2.0330E+10  2.0330E+10  ±   4.06

    RELATIVE COVARIANCES (10×10)
        0     0     0     0     0     0     0     0     0     0
     1000  -251  -131   -47   -10    -1    71   106     0
     1000   310   -30   -16     0    35    55     0
     1000   537    84     4   -24   -27     0
     1000   524    84   -18   -17     0
     1000   520    79   -27     0
     1000   612    -9     0
     1000   491     0
     1000     0
        0

  SPECTRAL-AVERAGED REACTION RATES (for all cross section library reactions)

        REACTIONS        SIG-PHI      <SIG>          REACTIONS        SIG-PHI      <SIG>          REACTIONS        SIG-PHI      <SIG>  
   ------------------  ----------  ----------   ------------------  ----------  ----------   ------------------  ----------  ----------
   LI6(N,A)T           4.0270E-14  1.9808E-24   FE58(N,G)FE59       6.6757E-16  3.2837E-26   IN115(N,N')IN115M   1.8160E-15  8.9329E-26
   B10(N,A)LI7         1.5572E-13  7.6599E-24   CO59(N,2N)CO58      6.3172E-15  3.1074E-25   IN115(N,2N)IN114M   1.2325E-14  6.0628E-25
   F19(N,2N)F18        3.3610E-16  1.6533E-26   CO59(N,3N)CO57      0.0000E+00  0.0000E+00   IN115(N,G)IN116M    1.8236E-14  8.9702E-25
   NA23(N,2N)NA22      2.1844E-16  1.0745E-26   CO59(N,G)CO60       3.5684E-14  1.7553E-24   I127(N,2N)I126      1.3528E-14  6.6545E-25
   NA23(N,G)NA24       1.0088E-16  4.9622E-27   CO59(N,P)FE59       5.2401E-16  2.5776E-26   LA139(N,G)LA140     3.2318E-15  1.5897E-25
   MG24(N,P)NA24       1.8203E-15  8.9540E-26   CO59(N,A)MN56       2.9580E-16  1.4550E-26   PR141(N,2N)PR140    1.5124E-14  7.4393E-25
   AL27(N,P)MG27       8.8118E-16  4.3345E-26   NI58(N,2N)NI57      2.2781E-16  1.1206E-26   TM169(N,2N)TM168    1.8520E-14  9.1097E-25
   AL27(N,A)NA24       1.1422E-15  5.6185E-26   NI58(N,P)CO58       5.3880E-15  2.6503E-25   TM169(N,3N)TM167    1.2855E-19  6.3235E-30
   SI28(N,P)AL28       2.8466E-15  1.4002E-25   NI60(N,P)CO60       1.4768E-15  7.2645E-26   TA181(N,G)TA182     9.5531E-14  4.6991E-24
   P31(N,P)SI31        1.3417E-15  6.5999E-26   CU63(N,2N)CU62      4.1253E-15  2.0292E-25   W186(N,G)W187       6.7963E-14  3.3430E-24
   S32(N,P)P32         3.4296E-15  1.6870E-25   CU63(N,G)CU64       2.6206E-15  1.2890E-25   AU197(N,2N)AU196    1.9803E-14  9.7409E-25
   TI46(N,2N)TI45      2.1076E-16  1.0367E-26   CU63(N,A)CO60       4.4677E-16  2.1976E-26   AU197(N,G)AU198     7.4705E-14  3.6747E-24
   TI46(N,P)SC46       2.9111E-15  1.4320E-25   CU65(N,2N)CU64      8.1371E-15  4.0026E-25   HG199(N,N')HG199M   4.0912E-15  2.0124E-25
   TI47(N,P)SC47       1.5070E-15  7.4128E-26   ZN64(N,P)CU64       2.3476E-15  1.1548E-25   PB204(N,N')PB204M   1.2726E-15  6.2597E-26
   TI47(N,X)SC46       3.9584E-16  1.9471E-26   ZN67(N,P)CU67       3.4258E-16  1.6851E-26   BI209(N,3N)BI207    3.7057E-18  1.8228E-28
   TI48(N,P)SC48       5.8926E-16  2.8985E-26   AS75(N,2N)AS74      8.7451E-15  4.3017E-25   TH232(N,FISSION)    4.2369E-15  2.0841E-25
   TI48(N,X)SC47       7.2113E-17  3.5472E-27   Y89(N,2N)Y88        7.6649E-15  3.7703E-25   TH232(N,G)TH233     3.0634E-14  1.5069E-24
   TI49(N,X)SC48       3.9683E-17  1.9520E-27   ZR90(N,2N)ZR89      5.5925E-15  2.7509E-25   U235(N,FISSION)     8.9778E-14  4.4161E-24
   V51(N,A)SC48        1.4205E-16  6.9873E-27   NB93(N,G)NB94       6.8760E-15  3.3822E-25   U235(N,G)U236       3.3219E-14  1.6340E-24
   CR52(N,2N)CR51      2.5721E-15  1.2652E-25   NB93(N,N')NB93M     1.2399E-15  6.0992E-26   U238(N,2N)U237      9.7478E-15  4.7949E-25
   MN55(N,2N)MN54      6.4346E-15  3.1651E-25   NB93(N,2N)NB92M     4.2626E-15  2.0967E-25   U238(N,FISSION)     1.3268E-14  6.5265E-25
   MN55(N,G)MN56       7.0559E-15  3.4708E-25   MO92(N,P)NB92M      9.2066E-16  4.5286E-26   U238(N,G)U239       4.4608E-14  2.1943E-24
   FE54(N,2N)FE53      3.5625E-17  1.7524E-27   RH103(N,N')RH103M   7.1684E-15  3.5261E-25   NP237(N,FISSION)    2.6907E-14  1.3235E-24
   FE54(N,P)MN54       4.8500E-15  2.3857E-25   AG109(N,G)AG110M    3.3200E-15  1.6331E-25   PU239(N,FISSION)    9.0128E-14  4.4333E-24
   FE54(N,A)CR51       8.6777E-16  4.2685E-26   IN113(N,N')IN113M   1.5474E-15  7.6115E-26   AM241(N,FISSION)    3.2027E-14  1.5754E-24
   FE56(N,P)MN56       1.1075E-15  5.4478E-26   IN113(N,G)IN114M    2.9896E-14  1.4705E-24   SC45(N,G)SC46       1.1284E-15  5.5504E-26

  INPUT FLUX REL. CORRELATION MATRIX (by row from diagonal)
   1   1000  1000  1000  1000  1000  1000  1000  1000  1000  1000  1000  1000  1000  1000   160   208   265   327   392   456
        520   582   642   697   740   768   780   776   751   705   641   572   510   463   435   424   428   441   457   461
        441   392   327   261   205   162   130   106    88    75    65    57    51    47    43    40    38    36    35    34
         33    32    32    31    31    31    31    31    31    31    31    32    33    34    37    41    47    57    74   102
        154   254   449   731   866   889   898   887   827   768   780   876   942   945   944  1000  1000  1000  1000  1000
       1000  1000  1000  1000  1000  1000  1000  1000  1000  1000  1000  1000  1000  1000  1000  1000  1000  1000  1000  1000
       1000  1000  1000  1000  1000  1000  1000  1000  1000  1000  1000  1000  1000  1000  1000  1000  1000  1000  1000  1000

  OUTPUT FLUX REL. CORRELATION MATRIX (by row from diagonal)
   1   1000  1000  1000  1000  1000  1000  1000  1000  1000  1000  1000  1000  1000  1000   -45   -29    -6    24    61   104
        151   203   261   321   375   416   433   426   389   328   257   191   140   106    88    84    91   104   119   126
        116    89    54    21    -4   -23   -35   -44   -49   -52   -53   -53   -52   -50   -48   -45   -42   -39   -36   -33
        -29   -26   -23   -20   -18   -16   -15   -14   -13   -14   -15   -18   -22   -27   -33   -41   -51   -62   -73   -83
        -85   -66    11   241   471   510   518   449   218    33    16   296   657   677   672  1000  1000  1000  1000  1000
       1000  1000  1000  1000  1000  1000  1000  1000  1000  1000  1000  1000  1000  1000  1000  1000  1000  1000  1000  1000
       1000  1000  1000  1000  1000  1000  1000  1000  1000  1000  1000  1000  1000  1000  1000  1000  1000  1000  1000  1000
   2   1000  1000  1000  1000  1000  1000  1000  1000  1000  1000  1000  1000  1000   -45   -29    -6    24    61   104   151
        203   261   321   375   416   433   426   389   328   257   191   140   106    88    84    91   104   119   126   116
         89    54    21    -4   -23   -35   -44   -49   -52   -53   -53   -52   -50   -48   -45   -42   -39   -36   -33   -29
        -26   -23   -20   -18   -16   -15   -14   -13   -14   -15   -18   -22   -27   -33   -41   -51   -62   -73   -83   -85
        -66    11   241   471   510   518   449   218    33    16   296   657   677   672  1000  1000  1000  1000  1000  1000
       1000  1000  1000  1000  1000  1000  1000  1000  1000  1000  1000  1000  1000  1000  1000  1000  1000  1000  1000  1000
       1000  1000  1000  1000  1000  1000  1000  1000  1000  1000  1000  1000  1000  1000  1000  1000  1000  1000  1000
   3   1000  1000  1000  1000  1000  1000  1000  1000  1000  1000  1000  1000   -45   -29    -6    24    61   104   151   203
        261   321   375   416   433   426   389   328   257   191   140   106    88    84    91   104   119   126   116    89
         54    21    -4   -23   -35   -44   -49   -52   -53   -53   -52   -50   -48   -45   -42   -39   -36   -33   -29   -26
        -23   -20   -18   -16   -15   -14   -13   -14   -15   -18   -22   -27   -33   -41   -51   -62   -73   -83   -85   -66
         11   241   471   510   518   449   218    33    16   296   657   677   672  1000  1000  1000  1000  1000  1000  1000
       1000  1000  1000  1000  1000  1000  1000  1000  1000  1000  1000  1000  1000  1000  1000  1000  1000  1000  1000  1000
       1000  1000  1000  1000  1000  1000  1000  1000  1000  1000  1000  1000  1000  1000  1000  1000  1000  1000
   4   1000  1000  1000  1000  1000  1000  1000  1000  1000  1000  1000   -45   -29    -6    24    61   104   151   203   261
        321   375   416   433   426   389   328   257   191   140   106    88    84    91   104   119   126   116    89    54
         21    -4   -23   -35   -44   -49   -52   -53   -53   -52   -50   -48   -45   -42   -39   -36   -33   -29   -26   -23
        -20   -18   -16   -15   -14   -13   -14   -15   -18   -22   -27   -33   -41   -51   -62   -73   -83   -85   -66    11
        241   471   510   518   449   218    33    16   296   657   677   672  1000  1000  1000  1000  1000  1000  1000  1000
       1000  1000  1000  1000  1000  1000  1000  1000  1000  1000  1000  1000  1000  1000  1000  1000  1000  1000  1000  1000
       1000  1000  1000  1000  1000  1000  1000  1000  1000  1000  1000  1000  1000  1000  1000  1000  1000
   5   1000  1000  1000  1000  1000  1000  1000  1000  1000  1000   -45   -29    -6    24    61   104   151   203   261   321
        375   416   433   426   389   328   257   191   140   106    88    84    91   104   119   126   116    89    54    21
         -4   -23   -35   -44   -49   -52   -53   -53   -52   -50   -48   -45   -42   -39   -36   -33   -29   -26   -23   -20
        -18   -16   -15   -14   -13   -14   -15   -18   -22   -27   -33   -41   -51   -62   -73   -83   -85   -66    11   241
        471   510   518   449   218    33    16   296   657   677   672  1000  1000  1000  1000  1000  1000  1000  1000  1000
       1000  1000  1000  1000  1000  1000  1000  1000  1000  1000  1000  1000  1000  1000  1000  1000  1000  1000  1000  1000
       1000  1000  1000  1000  1000  1000  1000  1000  1000  1000  1000  1000  1000  1000  1000  1000
   6   1000  1000  1000  1000  1000  1000  1000  1000  1000   -45   -29    -6    24    61   104   151   203   261   321   375
        416   433   426   389   328   257   191   140   106    88    84    91   104   119   126   116    89    54    21    -4
        -23   -35   -44   -49   -52   -53   -53   -52   -50   -48   -45   -42   -39   -36   -33   -29   -26   -23   -20   -18
        -16   -15   -14   -13   -14   -15   -18   -22   -27   -33   -41   -51   -62   -73   -83   -85   -66    11   241   471
        510   518   449   218    33    16   296   657   677   672  1000  1000  1000  1000  1000  1000  1000  1000  1000  1000
       1000  1000  1000  1000  1000  1000  1000  1000  1000  1000  1000  1000  1000  1000  1000  1000  1000  1000  1000  1000
       1000  1000  1000  1000  1000  1000  1000  1000  1000  1000  1000  1000  1000  1000  1000
   7   1000  1000  1000  1000  1000  1000  1000  1000   -45   -29    -6    24    61   104   151   203   261   321   375   416
        433   426   389   328   257   191   140   106    88    84    91   104   119   126   116    89    54    21    -4   -23
        -35   -44   -49   -52   -53   -53   -52   -50   -48   -45   -42   -39   -36   -33   -29   -26   -23   -20   -18   -16
        -15   -14   -13   -14   -15   -18   -22   -27   -33   -41   -51   -62   -73   -83   -85   -66    11   241   471   510
        518   449   218    33    16   296   657   677   672  1000  1000  1000  1000  1000  1000  1000  1000  1000  1000  1000
       1000  1000  1000  1000  1000  1000  1000  1000  1000  1000  1000  1000  1000  1000  1000  1000  1000  1000  1000  1000
       1000  1000  1000  1000  1000  1000  1000  1000  1000  1000  1000  1000  1000  1000
   8   1000  1000  1000  1000  1000  1000  1000   -45   -29    -6    24    61   104   151   203   261   321   375   416   433
        426   389   328   257   191   140   106    88    84    91   104   119   126   116    89    54    21    -4   -23   -35
        -44   -49   -52   -53   -53   -52   -50   -48   -45   -42   -39   -36   -33   -29   -26   -23   -20   -18   -16   -15
        -14   -13   -14   -15   -18   -22   -27   -33   -41   -51   -62   -73   -83   -85   -66    11   241   471   510   518
        449   218    33    16   296   657   677   672  1000  1000  1000  1000  1000  1000  1000  1000  1000  1000  1000  1000
       1000  1000  1000  1000  1000  1000  1000  1000  1000  1000  1000  1000  1000  1000  1000  1000  1000  1000  1000  1000
       1000  1000  1000  1000  1000  1000  1000  1000  1000  1000  1000  1000  1000
   9   1000  1000  1000  1000  1000  1000   -45   -29    -6    24    61   104   151   203   261   321   375   416   433   426
        389   328   257   191   140   106    88    84    91   104   119   126   116    89    54    21    -4   -23   -35   -44
        -49   -52   -53   -53   -52   -50   -48   -45   -42   -39   -36   -33   -29   -26   -23   -20   -18   -16   -15   -14
        -13   -14   -15   -18   -22   -27   -33   -41   -51   -62   -73   -83   -85   -66    11   241   471   510   518   449
        218    33    16   296   657   677   672  1000  1000  1000  1000  1000  1000  1000  1000  1000  1000  1000  1000  1000
       1000  1000  1000  1000  1000  1000  1000  1000  1000  1000  1000  1000  1000  1000  1000  1000  1000  1000  1000  1000
       1000  1000  1000  1000  1000  1000  1000  1000  1000  1000  1000  1000
  10   1000  1000  1000  1000  1000   -45   -29    -6    24    61   104   151   203   261   321   375   416   433   426   389
        328   257   191   140   106    88    84    91   104   119   126   116    89    54    21    -4   -23   -35   -44   -49
        -52   -53   -53   -52   -50   -48   -45   -42   -39   -36   -33   -29   -26   -23   -20   -18   -16   -15   -14   -13
        -14   -15   -18   -22   -27   -33   -41   -51   -62   -73   -83   -85   -66    11   241   471   510   518   449   218
         33    16   296   657   677   672  1000  1000  1000  1000  1000  1000  1000  1000  1000  1000  1000  1000  1000  1000
       1000  1000  1000  1000  1000  1000  1000  1000  1000  1000  1000  1000  1000  1000  1000  1000  1000  1000  1000  1000
       1000  1000  1000  1000  1000  1000  1000  1000  1000  1000  1000
  11   1000  1000  1000  1000   -45   -29    -6    24    61   104   151   203   261   321   375   416   433   426   389   328
        257   191   140   106    88    84    91   104   119   126   116    89    54    21    -4   -23   -35   -44   -49   -52
        -53   -53   -52   -50   -48   -45   -42   -39   -36   -33   -29   -26   -23   -20   -18   -16   -15   -14   -13   -14
        -15   -18   -22   -27   -33   -41   -51   -62   -73   -83   -85   -66    11   241   471   510   518   449   218    33
         16   296   657   677   672  1000  1000  1000  1000  1000  1000  1000  1000  1000  1000  1000  1000  1000  1000  1000
       1000  1000  1000  1000  1000  1000  1000  1000  1000  1000  1000  1000  1000  1000  1000  1000  1000  1000  1000  1000
       1000  1000  1000  1000  1000  1000  1000  1000  1000  1000
  12   1000  1000  1000   -45   -29    -6    24    61   104   151   203   261   321   375   416   433   426   389   328   257
        191   140   106    88    84    91   104   119   126   116    89    54    21    -4   -23   -35   -44   -49   -52   -53
        -53   -52   -50   -48   -45   -42   -39   -36   -33   -29   -26   -23   -20   -18   -16   -15   -14   -13   -14   -15
        -18   -22   -27   -33   -41   -51   -62   -73   -83   -85   -66    11   241   471   510   518   449   218    33    16
        296   657   677   672  1000  1000  1000  1000  1000  1000  1000  1000  1000  1000  1000  1000  1000  1000  1000  1000
       1000  1000  1000  1000  1000  1000  1000  1000  1000  1000  1000  1000  1000  1000  1000  1000  1000  1000  1000  1000
       1000  1000  1000  1000  1000  1000  1000  1000  1000
  13   1000  1000   -45   -29    -6    24    61   104   151   203   261   321   375   416   433   426   389   328   257   191
        140   106    88    84    91   104   119   126   116    89    54    21    -4   -23   -35   -44   -49   -52   -53   -53
        -52   -50   -48   -45   -42   -39   -36   -33   -29   -26   -23   -20   -18   -16   -15   -14   -13   -14   -15   -18
        -22   -27   -33   -41   -51   -62   -73   -83   -85   -66    11   241   471   510   518   449   218    33    16   296
        657   677   672  1000  1000  1000  1000  1000  1000  1000  1000  1000  1000  1000  1000  1000  1000  1000  1000  1000
       1000  1000  1000  1000  1000  1000  1000  1000  1000  1000  1000  1000  1000  1000  1000  1000  1000  1000  1000  1000
       1000  1000  1000  1000  1000  1000  1000  1000
  14   1000   -45   -29    -6    24    61   104   151   203   261   321   375   416   433   426   389   328   257   191   140
        106    88    84    91   104   119   126   116    89    54    21    -4   -23   -35   -44   -49   -52   -53   -53   -52
        -50   -48   -45   -42   -39   -36   -33   -29   -26   -23   -20   -18   -16   -15   -14   -13   -14   -15   -18   -22
        -27   -33   -41   -51   -62   -73   -83   -85   -66    11   241   471   510   518   449   218    33    16   296   657
        677   672  1000  1000  1000  1000  1000  1000  1000  1000  1000  1000  1000  1000  1000  1000  1000  1000  1000  1000
       1000  1000  1000  1000  1000  1000  1000  1000  1000  1000  1000  1000  1000  1000  1000  1000  1000  1000  1000  1000
       1000  1000  1000  1000  1000  1000  1000
  15   1000   985   938   861   759   638   507   374   246   129    29   -53  -119  -172  -214  -247  -269  -282  -286  -283
       -275  -264  -251  -237  -222  -208  -193  -180  -166  -154  -143  -134  -126  -119  -112  -106  -101   -95   -90   -84
        -79   -73   -67   -61   -55   -49   -43   -38   -33   -28   -23   -19   -16   -12   -10    -7    -5    -3    -1     0
          0     2     3     4     5     6     7     7     5    -4   -14   -15   -15   -10     2    12    14     2   -16   -18
        -17   -45   -45   -45   -45   -45   -45   -45   -45   -45   -45   -45   -45   -45   -45   -45   -45   -45   -45   -45
        -45   -45   -45   -45   -45   -45   -45   -45   -45   -45   -45   -45   -45   -45   -45   -45   -45   -45   -45   -45
        -45   -45   -45   -45   -45   -45
  16   1000   984   934   854   748   625   491   357   229   114    16   -65  -132  -188  -232  -265  -286  -296  -298  -293
       -283  -271  -256  -241  -226  -211  -196  -183  -171  -159  -150  -141  -133  -126  -120  -114  -108  -102   -95   -89
        -82   -76   -69   -62   -56   -49   -43   -37   -32   -27   -22   -18   -14   -11    -8    -6    -4    -2    -1     0
          1     2     3     4     5     6     7     5     0    -6    -7    -6    -2     7    14    16     8    -5    -6    -6
        -29   -29   -29   -29   -29   -29   -29   -29   -29   -29   -29   -29   -29   -29   -29   -29   -29   -29   -29   -29
        -29   -29   -29   -29   -29   -29   -29   -29   -29   -29   -29   -29   -29   -29   -29   -29   -29   -29   -29   -29
        -29   -29   -29   -29   -29
  17   1000   983   931   849   741   615   481   346   220   108    11   -70  -140  -199  -245  -277  -296  -304  -304  -297
       -286  -271  -256  -240  -225  -211  -198  -185  -174  -164  -156  -148  -140  -133  -127  -120  -113  -106   -99   -92
        -85   -77   -70   -62   -55   -48   -42   -36   -30   -25   -20   -16   -13   -10    -7    -5    -3    -2    -1     0
          1     2     3     4     4     5     6     5     4     5     6     9    13    16    18    16    11    10    10    -6
         -6    -6    -6    -6    -6    -6    -6    -6    -6    -6    -6    -6    -6    -6    -6    -6    -6    -6    -6    -6
         -6    -6    -6    -6    -6    -6    -6    -6    -6    -6    -6    -6    -6    -6    -6    -6    -6    -6    -6    -6
         -6    -6    -6    -6
  18   1000   982   929   845   736   609   475   343   220   110    14   -70  -144  -206  -252  -282  -299  -305  -303  -294
       -281  -266  -250  -236  -222  -210  -198  -188  -178  -169  -161  -153  -146  -139  -132  -124  -117  -109  -101   -93
        -85   -77   -69   -61   -53   -46   -40   -33   -28   -23   -18   -15   -11    -9    -6    -5    -3    -2    -1     0
          0     0     1     2     4     7    13    19    21    23    23    20    18    19    26    32    32    32    24    24
         24    24    24    24    24    24    24    24    24    24    24    24    24    24    24    24    24    24    24    24
         24    24    24    24    24    24    24    24    24    24    24    24    24    24    24    24    24    24    24    24
         24    24    24
  19   1000   982   928   843   733   608   476   348   229   120    20   -69  -146  -208  -253  -281  -296  -299  -295  -284
       -271  -256  -242  -230  -219  -209  -199  -190  -181  -173  -165  -158  -150  -142  -135  -127  -118  -110  -101   -92
        -83   -75   -66   -58   -50   -43   -36   -30   -25   -20   -16   -13   -10    -8    -6    -4    -3    -3    -2    -2
         -1    -1     0     1     7    22    37    41    42    40    29    20    20    38    57    58    57    61    61    61
         61    61    61    61    61    61    61    61    61    61    61    61    61    61    61    61    61    61    61    61
         61    61    61    61    61    61    61    61    61    61    61    61    61    61    61    61    61    61    61    61
         61    61
  20   1000   982   928   843   734   611   484   361   243   132    27   -66  -145  -206  -248  -273  -285  -287  -280  -269
       -256  -244  -234  -225  -217  -208  -200  -191  -183  -176  -168  -160  -152  -144  -135  -126  -117  -108   -99   -89
        -80   -71   -62   -54   -46   -39   -33   -27   -22   -18   -14   -11    -9    -7    -6    -5    -4    -4    -4    -5
         -4    -4    -1     8    33    57    62    65    59    38    21    21    51    85    87    86   104   104   104   104
        104   104   104   104   104   104   104   104   104   104   104   104   104   104   104   104   104   104   104   104
        104   104   104   104   104   104   104   104   104   104   104   104   104   104   104   104   104   104   104   104
        104
  21   1000   982   928   843   737   620   499   378   258   142    31   -64  -141  -199  -237  -259  -268  -268  -261  -251
       -242  -235  -228  -222  -215  -207  -200  -192  -184  -177  -169  -160  -152  -143  -134  -124  -114  -104   -94   -85
        -75   -66   -57   -49   -42   -35   -29   -24   -19   -16   -13   -10    -8    -7    -7    -7    -7    -7    -8    -8
         -8    -4     8    44    79    87    89    81    49    23    22    65   116   119   118   151   151   151   151   151
        151   151   151   151   151   151   151   151   151   151   151   151   151   151   151   151   151   151   151   151
        151   151   151   151   151   151   151   151   151   151   151   151   151   151   151   151   151   151   151   151
  22   1000   982   928   847   746   635   517   395   270   147    34   -59  -133  -186  -221  -240  -246  -244  -239  -234
       -230  -228  -224  -219  -213  -206  -199  -192  -184  -176  -167  -159  -149  -140  -130  -120  -109   -99   -89   -79
        -69   -60   -52   -44   -37   -31   -25   -21   -17   -14   -11   -10    -9    -9    -9   -10   -11   -12   -13   -12
         -7     9    57   104   113   116   104    60    25    23    80   150   154   153   203   203   203   203   203   203
        203   203   203   203   203   203   203   203   203   203   203   203   203   203   203   203   203   203   203   203
        203   203   203   203   203   203   203   203   203   203   203   203   203   203   203   203   203   203   203
  23   1000   982   931   854   760   652   534   406   274   148    37   -52  -121  -169  -199  -215  -220  -220  -220  -222
       -223  -223  -221  -216  -211  -205  -198  -190  -182  -173  -164  -155  -145  -135  -124  -114  -103   -92   -82   -72
        -63   -54   -46   -39   -32   -27   -22   -18   -15   -13   -11   -11   -11   -12   -13   -14   -16   -18   -17   -11
         10    71   131   143   146   130    73    27    24    97   188   193   192   261   261   261   261   261   261   261
        261   261   261   261   261   261   261   261   261   261   261   261   261   261   261   261   261   261   261   261
        261   261   261   261   261   261   261   261   261   261   261   261   261   261   261   261   261   261
  24   1000   983   935   864   773   666   541   406   271   147    42   -41  -104  -146  -173  -186  -194  -200  -208  -215
       -219  -220  -218  -214  -208  -202  -195  -187  -178  -169  -160  -149  -139  -128  -117  -106   -95   -85   -74   -65
        -56   -48   -40   -34   -28   -23   -19   -16   -14   -13   -13   -13   -14   -16   -18   -21   -23   -22   -15    10
         85   159   173   177   157    85    28    24   115   227   234   232   321   321   321   321   321   321   321   321
        321   321   321   321   321   321   321   321   321   321   321   321   321   321   321   321   321   321   321   321
        321   321   321   321   321   321   321   321   321   321   321   321   321   321   321   321   321
  25   1000   984   940   872   781   667   534   396   263   146    49   -27   -83  -121  -145  -161  -176  -190  -204  -213
       -217  -218  -215  -211  -205  -198  -191  -182  -173  -163  -153  -142  -131  -120  -109   -98   -87   -76   -67   -57
        -49   -41   -35   -29   -24   -20   -17   -15   -14   -14   -15   -17   -19   -22   -25   -27   -27   -19    11    98
        185   201   205   181    97    30    25   131   263   270   268   375   375   375   375   375   375   375   375   375
        375   375   375   375   375   375   375   375   375   375   375   375   375   375   375   375   375   375   375   375
        375   375   375   375   375   375   375   375   375   375   375   375   375   375   375   375
  26   1000   985   943   873   776   653   518   382   257   148    58   -10   -61   -97  -123  -147  -170  -190  -205  -213
       -216  -216  -213  -208  -201  -194  -186  -176  -166  -156  -145  -134  -122  -111  -100   -89   -78   -68   -59   -50
        -42   -36   -30   -25   -21   -18   -16   -15   -15   -16   -18   -21   -24   -28   -31   -31   -22    11   107   204
        221   226   199   106    31    25   142   289   297   295   416   416   416   416   416   416   416   416   416   416
        416   416   416   416   416   416   416   416   416   416   416   416   416   416   416   416   416   416   416   416
        416   416   416   416   416   416   416   416   416   416   416   416   416   416   416
  27   1000   986   942   866   760   634   501   372   255   154    71     6   -42   -80  -115  -147  -175  -195  -208  -215
       -216  -215  -211  -205  -197  -189  -180  -170  -159  -148  -137  -125  -113  -102   -91   -80   -70   -60   -51   -43
        -36   -30   -26   -22   -19   -17   -16   -16   -17   -19   -22   -26   -29   -32   -32   -23    11   112   212   230
        234   207   109    31    25   147   300   309   306   433   433   433   433   433   433   433   433   433   433   433
        433   433   433   433   433   433   433   433   433   433   433   433   433   433   433   433   433   433   433   433
        433   433   433   433   433   433   433   433   433   433   433   433   433   433
  28   1000   985   936   853   743   620   493   371   260   164    85    21   -31   -77  -120  -157  -184  -202  -212  -217
       -217  -214  -209  -202  -193  -184  -174  -163  -152  -140  -128  -116  -104   -93   -82   -71   -62   -53   -45   -37
        -31   -26   -22   -19   -17   -16   -16   -17   -19   -22   -25   -29   -32   -32   -23    11   110   209   227   231
        204   108    31    25   146   296   304   302   426   426   426   426   426   426   426   426   426   426   426   426
        426   426   426   426   426   426   426   426   426   426   426   426   426   426   426   426   426   426   426   426
        426   426   426   426   426   426   426   426   426   426   426   426   426
  29   1000   983   929   844   736   617   495   378   271   176    96    28   -32   -87  -133  -169  -193  -208  -216  -219
       -217  -213  -206  -198  -189  -179  -168  -156  -144  -132  -119  -107   -95   -84   -73   -63   -54   -46   -38   -32
        -27   -22   -19   -17   -16   -15   -16   -18   -20   -23   -26   -29   -29   -20    11   101   191   208   212   187
        100    30    25   135   272   280   277   389   389   389   389   389   389   389   389   389   389   389   389   389
        389   389   389   389   389   389   389   389   389   389   389   389   389   389   389   389   389   389   389   389
        389   389   389   389   389   389   389   389   389   389   389   389
  30   1000   981   927   843   739   623   505   390   283   186   101    25   -43  -100  -145  -178  -199  -212  -218  -219
       -216  -210  -203  -194  -183  -172  -160  -148  -135  -123  -110   -98   -86   -75   -65   -55   -47   -39   -33   -27
        -22   -19   -16   -15   -14   -14   -15   -17   -19   -22   -24   -23   -16    10    87   163   177   181   160    87
         29    25   117   232   239   237   328   328   328   328   328   328   328   328   328   328   328   328   328   328
        328   328   328   328   328   328   328   328   328   328   328   328   328   328   328   328   328   328   328   328
        328   328   328   328   328   328   328   328   328   328   328
  31   1000   981   928   847   747   634   517   401   292   191    99    17   -53  -109  -152  -181  -200  -212  -216  -216
       -212  -205  -197  -187  -175  -163  -151  -138  -125  -112  -100   -88   -77   -66   -56   -48   -40   -33   -27   -22
        -18   -16   -14   -12   -12   -12   -13   -15   -16   -18   -17   -11    10    70   129   141   144   128    72    27
         24    97   185   190   189   257   257   257   257   257   257   257   257   257   257   257   257   257   257   257
        257   257   257   257   257   257   257   257   257   257   257   257   257   257   257   257   257   257   257   257
        257   257   257   257   257   257   257   257   257   257
  32   1000   982   931   853   755   643   526   409   297   191    95    11   -58  -112  -152  -180  -198  -208  -211  -210
       -205  -198  -188  -177  -165  -153  -140  -127  -114  -101   -89   -78   -67   -57   -48   -40   -33   -27   -22   -18
        -15   -12   -11   -10   -10   -10   -11   -12   -12   -11    -6     9    54    98   107   110    99    58    25    23
         77   142   146   145   191   191   191   191   191   191   191   191   191   191   191   191   191   191   191   191
        191   191   191   191   191   191   191   191   191   191   191   191   191   191   191   191   191   191   191   191
        191   191   191   191   191   191   191   191   191
  33   1000   983   934   857   760   650   532   414   298   190    93    10   -57  -110  -148  -175  -192  -201  -204  -202
       -196  -188  -178  -166  -154  -141  -128  -115  -102   -90   -78   -68   -58   -49   -40   -33   -27   -22   -18   -14
        -12   -10    -8    -8    -7    -8    -8    -8    -7    -3     8    42    74    81    83    76    47    23    22    62
        109   111   110   140   140   140   140   140   140   140   140   140   140   140   140   140   140   140   140   140
        140   140   140   140   140   140   140   140   140   140   140   140   140   140   140   140   140   140   140   140
        140   140   140   140   140   140   140   140
  34   1000   983   935   860   764   654   536   416   300   191    94    12   -53  -105  -143  -169  -185  -193  -195  -192
       -186  -177  -166  -154  -141  -129  -116  -103   -91   -79   -68   -58   -49   -41   -33   -27   -22   -17   -14   -11
         -9    -7    -6    -6    -6    -5    -5    -4    -1     8    33    58    64    66    61    39    22    22    52    86
         88    88   106   106   106   106   106   106   106   106   106   106   106   106   106   106   106   106   106   106
        106   106   106   106   106   106   106   106   106   106   106   106   106   106   106   106   106   106   106   106
        106   106   106   106   106   106   106
  35   1000   984   936   862   766   657   539   419   301   193    97    16   -48   -99  -136  -162  -177  -184  -185  -182
       -174  -165  -154  -141  -129  -116  -103   -91   -80   -69   -58   -49   -41   -34   -27   -22   -17   -14   -11    -9
         -7    -6    -5    -5    -4    -4    -3     0     7    29    50    54    56    52    35    21    21    46    74    76
         75    88    88    88    88    88    88    88    88    88    88    88    88    88    88    88    88    88    88    88
         88    88    88    88    88    88    88    88    88    88    88    88    88    88    88    88    88    88    88    88
         88    88    88    88    88    88
  36   1000   984   937   863   769   659   541   421   304   196   101    21   -43   -93  -129  -153  -168  -174  -174  -170
       -162  -152  -141  -129  -116  -104   -91   -80   -69   -59   -49   -41   -34   -28   -22   -18   -14   -11    -9    -7
         -6    -5    -4    -4    -4    -3     0     7    28    48    52    54    50    33    20    20    44    71    73    72
         84    84    84    84    84    84    84    84    84    84    84    84    84    84    84    84    84    84    84    84
         84    84    84    84    84    84    84    84    84    84    84    84    84    84    84    84    84    84    84    84
         84    84    84    84    84
  37   1000   984   938   865   771   662   543   422   305   198   105    26   -37   -85  -121  -144  -157  -163  -162  -157
       -149  -139  -128  -116  -104   -92   -80   -69   -59   -50   -41   -34   -28   -22   -18   -14   -11    -9    -7    -6
         -5    -5    -5    -4    -3     0     7    29    50    55    57    53    34    20    20    45    75    77    76    91
         91    91    91    91    91    91    91    91    91    91    91    91    91    91    91    91    91    91    91    91
         91    91    91    91    91    91    91    91    91    91    91    91    91    91    91    91    91    91    91    91
         91    91    91    91
  38   1000   984   938   867   773   662   543   423   307   201   109    31   -30   -77  -111  -133  -146  -150  -149  -144
       -136  -126  -115  -103   -91   -80   -69   -59   -50   -42   -34   -28   -23   -18   -14   -12    -9    -8    -7    -6
         -6    -6    -6    -5    -1     7    32    56    62    64    58    37    20    19    49    83    85    84   104   104
        104   104   104   104   104   104   104   104   104   104   104   104   104   104   104   104   104   104   104   104
        104   104   104   104   104   104   104   104   104   104   104   104   104   104   104   104   104   104   104   104
        104   104   104
  39   1000   984   939   867   772   661   542   423   309   204   113    37   -22   -68  -101  -122  -133  -137  -136  -130
       -122  -112  -102   -90   -79   -69   -59   -50   -42   -34   -28   -23   -18   -15   -12   -10    -8    -7    -7    -7
         -7    -7    -6    -3     7    35    63    69    71    65    39    19    19    52    92    94    94   119   119   119
        119   119   119   119   119   119   119   119   119   119   119   119   119   119   119   119   119   119   119   119
        119   119   119   119   119   119   119   119   119   119   119   119   119   119   119   119   119   119   119   119
        119   119
  40   1000   985   939   865   770   659   542   424   311   209   120    45   -13   -57   -89  -109  -120  -123  -122  -116
       -108   -99   -89   -78   -68   -58   -50   -41   -34   -28   -23   -18   -15   -12   -10    -9    -8    -7    -7    -8
         -8    -7    -3     7    37    66    72    74    67    40    19    18    54    96    99    98   126   126   126   126
        126   126   126   126   126   126   126   126   126   126   126   126   126   126   126   126   126   126   126   126
        126   126   126   126   126   126   126   126   126   126   126   126   126   126   126   126   126   126   126   126
        126
  41   1000   984   938   864   769   660   544   427   317   216   128    55    -1   -45   -75   -95  -105  -109  -107  -102
        -95   -86   -76   -67   -57   -49   -41   -34   -28   -23   -18   -15   -12   -10    -8    -7    -7    -7    -7    -7
         -6    -3     6    34    61    67    69    62    38    18    17    50    89    92    91   116   116   116   116   116
        116   116   116   116   116   116   116   116   116   116   116   116   116   116   116   116   116   116   116   116
        116   116   116   116   116   116   116   116   116   116   116   116   116   116   116   116   116   116   116   116
  42   1000   984   937   864   770   663   549   434   324   225   139    67    11   -31   -60   -80   -90   -94   -92   -88
        -81   -73   -64   -56   -48   -40   -33   -27   -22   -18   -14   -11    -9    -7    -6    -6    -5    -5    -5    -4
         -1     6    27    48    53    54    50    31    17    16    42    71    73    72    89    89    89    89    89    89
         89    89    89    89    89    89    89    89    89    89    89    89    89    89    89    89    89    89    89    89
         89    89    89    89    89    89    89    89    89    89    89    89    89    89    89    89    89    89    89
  43   1000   984   938   866   774   668   555   441   334   236   151    81    25   -16   -45   -64   -75   -79   -78   -74
        -68   -61   -53   -46   -39   -32   -26   -21   -17   -13   -10    -8    -6    -5    -4    -3    -3    -2    -1     0
          5    18    31    34    36    34    23    15    15    30    47    48    48    54    54    54    54    54    54    54
         54    54    54    54    54    54    54    54    54    54    54    54    54    54    54    54    54    54    54    54
         54    54    54    54    54    54    54    54    54    54    54    54    54    54    54    54    54    54
  44   1000   984   939   868   777   673   561   449   343   247   164    94    39    -1   -30   -49   -60   -64   -64   -61
        -56   -50   -43   -37   -31   -25   -20   -16   -13   -10    -7    -5    -4    -2    -1     0     0     1     2     5
         10    16    17    18    18    16    13    14    20    25    26    25    21    21    21    21    21    21    21    21
         21    21    21    21    21    21    21    21    21    21    21    21    21    21    21    21    21    21    21    21
         21    21    21    21    21    21    21    21    21    21    21    21    21    21    21    21    21
  45   1000   985   940   870   780   677   567   457   353   258   176   108    54    13   -15   -35   -46   -51   -52   -49
        -45   -40   -35   -29   -24   -19   -15   -12    -9    -6    -4    -2    -1     0     1     2     3     4     4     4
          3     4     5     6    10    12    13    12     8     8     7    -4    -4    -4    -4    -4    -4    -4    -4    -4
         -4    -4    -4    -4    -4    -4    -4    -4    -4    -4    -4    -4    -4    -4    -4    -4    -4    -4    -4    -4
         -4    -4    -4    -4    -4    -4    -4    -4    -4    -4    -4    -4    -4    -4    -4    -4
  46   1000   985   941   872   783   682   573   465   362   269   188   121    67    27    -2   -21   -33   -39   -40   -39
        -36   -32   -27   -23   -18   -14   -11    -8    -6    -4    -2     0     0     2     3     4     5     4     0    -5
         -5    -4    -1     5    11    12     6    -4    -4    -4   -23   -23   -23   -23   -23   -23   -23   -23   -23   -23
        -23   -23   -23   -23   -23   -23   -23   -23   -23   -23   -23   -23   -23   -23   -23   -23   -23   -23   -23   -23
        -23   -23   -23   -23   -23   -23   -23   -23   -23   -23   -23   -23   -23   -23   -23
  47   1000   985   942   874   786   686   579   473   372   280   200   133    80    40    10    -9   -21   -28   -30   -30
        -27   -24   -21   -17   -14   -10    -8    -5    -3    -1     0     1     3     4     5     5     3    -3   -11   -12
        -11    -7     2    10    11     2   -13   -13   -13   -35   -35   -35   -35   -35   -35   -35   -35   -35   -35   -35
        -35   -35   -35   -35   -35   -35   -35   -35   -35   -35   -35   -35   -35   -35   -35   -35   -35   -35   -35   -35
        -35   -35   -35   -35   -35   -35   -35   -35   -35   -35   -35   -35   -35   -35
  48   1000   985   942   875   789   691   586   481   381   290   211   145    93    52    22     2   -10   -18   -21   -21
        -20   -18   -15   -12   -10    -7    -5    -3    -1     0     2     3     4     5     5     3    -6   -15   -17   -16
        -12     0     9    11    -1   -19   -20   -19   -44   -44   -44   -44   -44   -44   -44   -44   -44   -44   -44   -44
        -44   -44   -44   -44   -44   -44   -44   -44   -44   -44   -44   -44   -44   -44   -44   -44   -44   -44   -44   -44
        -44   -44   -44   -44   -44   -44   -44   -44   -44   -44   -44   -44   -44
  49   1000   985   943   877   792   695   592   489   390   301   222   157   104    63    33    12     0    -9   -13   -14
        -14   -13   -11    -8    -6    -4    -2     0     0     2     3     5     5     5     2    -7   -18   -20   -19   -15
         -1     8    10    -3   -23   -24   -23   -49   -49   -49   -49   -49   -49   -49   -49   -49   -49   -49   -49   -49
        -49   -49   -49   -49   -49   -49   -49   -49   -49   -49   -49   -49   -49   -49   -49   -49   -49   -49   -49   -49
        -49   -49   -49   -49   -49   -49   -49   -49   -49   -49   -49   -49
  50   1000   986   944   879   796   700   598   496   399   310   233   168   115    74    43    22     7    -1    -6    -8
         -9    -8    -7    -5    -4    -2     0     0     2     3     5     5     5     2    -9   -20   -22   -21   -17    -3
          7     9    -4   -25   -26   -26   -52   -52   -52   -52   -52   -52   -52   -52   -52   -52   -52   -52   -52   -52
        -52   -52   -52   -52   -52   -52   -52   -52   -52   -52   -52   -52   -52   -52   -52   -52   -52   -52   -52   -52
        -52   -52   -52   -52   -52   -52   -52   -52   -52   -52   -52
  51   1000   986   945   881   799   705   604   504   408   320   243   178   125    83    52    30    15     5     0    -3
         -5    -5    -4    -3    -1     0     0     2     3     4     5     5     1   -10   -22   -23   -23   -18    -4     6
          8    -5   -26   -27   -27   -53   -53   -53   -53   -53   -53   -53   -53   -53   -53   -53   -53   -53   -53   -53
        -53   -53   -53   -53   -53   -53   -53   -53   -53   -53   -53   -53   -53   -53   -53   -53   -53   -53   -53   -53
        -53   -53   -53   -53   -53   -53   -53   -53   -53   -53
  52   1000   986   946   883   802   709   610   511   416   328   252   187   134    92    60    37    21    10     3     0
         -1    -2    -1    -1     0     0     2     3     4     4     4     0   -10   -22   -24   -23   -19    -5     5     7
         -6   -27   -28   -28   -53   -53   -53   -53   -53   -53   -53   -53   -53   -53   -53   -53   -53   -53   -53   -53
        -53   -53   -53   -53   -53   -53   -53   -53   -53   -53   -53   -53   -53   -53   -53   -53   -53   -53   -53   -53
        -53   -53   -53   -53   -53   -53   -53   -53   -53
  53   1000   986   947   885   805   713   616   517   423   336   260   195   141    99    67    43    26    15     7     3
          1     0     0     0     1     1     2     3     4     3     0   -11   -23   -24   -24   -19    -6     4     6    -7
        -27   -28   -28   -52   -52   -52   -52   -52   -52   -52   -52   -52   -52   -52   -52   -52   -52   -52   -52   -52
        -52   -52   -52   -52   -52   -52   -52   -52   -52   -52   -52   -52   -52   -52   -52   -52   -52   -52   -52   -52
        -52   -52   -52   -52   -52   -52   -52   -52
  54   1000   987   948   886   808   717   621   523   429   343   267   202   148   105    72    48    30    18    10     5
          3     1     1     1     1     2     3     3     2     0   -12   -23   -24   -24   -20    -6     3     5    -8   -27
        -28   -27   -50   -50   -50   -50   -50   -50   -50   -50   -50   -50   -50   -50   -50   -50   -50   -50   -50   -50
        -50   -50   -50   -50   -50   -50   -50   -50   -50   -50   -50   -50   -50   -50   -50   -50   -50   -50   -50   -50
        -50   -50   -50   -50   -50   -50   -50
  55   1000   987   948   888   810   721   625   528   435   349   273   207   153   110    77    52    34    21    13     7
          4     2     1     1     2     2     2     1    -1   -12   -23   -24   -24   -20    -7     2     4    -8   -26   -27
        -26   -48   -48   -48   -48   -48   -48   -48   -48   -48   -48   -48   -48   -48   -48   -48   -48   -48   -48   -48
        -48   -48   -48   -48   -48   -48   -48   -48   -48   -48   -48   -48   -48   -48   -48   -48   -48   -48   -48   -48
        -48   -48   -48   -48   -48   -48
  56   1000   987   949   890   813   724   629   533   440   354   278   212   158   114    80    55    36    23    14     8
          5     3     2     1     1     1     0    -3   -13   -23   -24   -24   -20    -8     0     2    -9   -25   -26   -25
        -45   -45   -45   -45   -45   -45   -45   -45   -45   -45   -45   -45   -45   -45   -45   -45   -45   -45   -45   -45
        -45   -45   -45   -45   -45   -45   -45   -45   -45   -45   -45   -45   -45   -45   -45   -45   -45   -45   -45   -45
        -45   -45   -45   -45   -45
  57   1000   987   950   891   815   727   632   536   444   358   282   216   161   117    83    57    38    24    15     9
          5     3     1     1     0     0    -4   -13   -23   -24   -24   -20    -9     0     1    -9   -25   -25   -24   -42
        -42   -42   -42   -42   -42   -42   -42   -42   -42   -42   -42   -42   -42   -42   -42   -42   -42   -42   -42   -42
        -42   -42   -42   -42   -42   -42   -42   -42   -42   -42   -42   -42   -42   -42   -42   -42   -42   -42   -42   -42
        -42   -42   -42   -42
  58   1000   987   950   892   816   729   635   539   447   361   285   218   163   119    84    58    39    25    16     9
          5     2     1     0    -1    -5   -14   -23   -24   -24   -20   -10    -2     0   -10   -24   -24   -23   -39   -39
        -39   -39   -39   -39   -39   -39   -39   -39   -39   -39   -39   -39   -39   -39   -39   -39   -39   -39   -39   -39
        -39   -39   -39   -39   -39   -39   -39   -39   -39   -39   -39   -39   -39   -39   -39   -39   -39   -39   -39   -39
        -39   -39   -39
  59   1000   987   951   893   818   731   637   542   449   363   287   220   165   121    86    59    39    25    15     9
          4     1     0    -2    -6   -15   -23   -24   -23   -20   -11    -3    -1   -10   -22   -22   -22   -36   -36   -36
        -36   -36   -36   -36   -36   -36   -36   -36   -36   -36   -36   -36   -36   -36   -36   -36   -36   -36   -36   -36
        -36   -36   -36   -36   -36   -36   -36   -36   -36   -36   -36   -36   -36   -36   -36   -36   -36   -36   -36   -36
        -36   -36
  60   1000   987   951   893   819   732   639   543   451   365   288   222   166   121    86    59    39    25    15     8
          3     0    -3    -7   -15   -22   -23   -23   -21   -12    -5    -3   -11   -21   -21   -20   -33   -33   -33   -33
        -33   -33   -33   -33   -33   -33   -33   -33   -33   -33   -33   -33   -33   -33   -33   -33   -33   -33   -33   -33
        -33   -33   -33   -33   -33   -33   -33   -33   -33   -33   -33   -33   -33   -33   -33   -33   -33   -33   -33   -33
        -33
  61   1000   988   951   894   820   733   640   545   452   366   289   222   167   122    86    59    39    24    13     6
          1    -3    -7   -16   -22   -23   -23   -21   -14    -7    -5   -12   -20   -20   -19   -29   -29   -29   -29   -29
        -29   -29   -29   -29   -29   -29   -29   -29   -29   -29   -29   -29   -29   -29   -29   -29   -29   -29   -29   -29
        -29   -29   -29   -29   -29   -29   -29   -29   -29   -29   -29   -29   -29   -29   -29   -29   -29   -29   -29   -29
  62   1000   988   952   894   820   734   640   545   453   367   290   223   167   121    86    58    37    22    11     4
         -1    -7   -15   -22   -23   -23   -21   -15    -9    -7   -12   -20   -19   -18   -26   -26   -26   -26   -26   -26
        -26   -26   -26   -26   -26   -26   -26   -26   -26   -26   -26   -26   -26   -26   -26   -26   -26   -26   -26   -26
        -26   -26   -26   -26   -26   -26   -26   -26   -26   -26   -26   -26   -26   -26   -26   -26   -26   -26   -26
  63   1000   988   952   895   821   734   641   546   453   367   290   223   166   121    85    57    36    20     9     1
         -6   -15   -21   -23   -23   -21   -16   -10    -8   -13   -19   -18   -17   -23   -23   -23   -23   -23   -23   -23
        -23   -23   -23   -23   -23   -23   -23   -23   -23   -23   -23   -23   -23   -23   -23   -23   -23   -23   -23   -23
        -23   -23   -23   -23   -23   -23   -23   -23   -23   -23   -23   -23   -23   -23   -23   -23   -23   -23
  64   1000   988   952   895   821   734   641   546   453   367   289   222   166   120    83    55    34    18     6    -3
        -13   -20   -22   -23   -22   -17   -12   -10   -14   -18   -17   -16   -20   -20   -20   -20   -20   -20   -20   -20
        -20   -20   -20   -20   -20   -20   -20   -20   -20   -20   -20   -20   -20   -20   -20   -20   -20   -20   -20   -20
        -20   -20   -20   -20   -20   -20   -20   -20   -20   -20   -20   -20   -20   -20   -20   -20   -20
  65   1000   988   952   895   821   734   641   546   453   367   289   222   165   118    82    53    31    15     2   -10
        -18   -21   -23   -22   -18   -14   -12   -15   -18   -17   -15   -18   -18   -18   -18   -18   -18   -18   -18   -18
        -18   -18   -18   -18   -18   -18   -18   -18   -18   -18   -18   -18   -18   -18   -18   -18   -18   -18   -18   -18
        -18   -18   -18   -18   -18   -18   -18   -18   -18   -18   -18   -18   -18   -18   -18   -18
  66   1000   988   952   895   821   734   641   546   453   366   288   221   164   117    79    50    28    10    -4   -15
        -20   -22   -22   -19   -16   -14   -16   -18   -16   -14   -16   -16   -16   -16   -16   -16   -16   -16   -16   -16
        -16   -16   -16   -16   -16   -16   -16   -16   -16   -16   -16   -16   -16   -16   -16   -16   -16   -16   -16   -16
        -16   -16   -16   -16   -16   -16   -16   -16   -16   -16   -16   -16   -16   -16   -16
  67   1000   988   952   895   821   734   641   545   452   366   288   219   162   115    77    47    24     3   -10   -17
        -21   -22   -20   -17   -15   -17   -18   -16   -14   -15   -15   -15   -15   -15   -15   -15   -15   -15   -15   -15
        -15   -15   -15   -15   -15   -15   -15   -15   -15   -15   -15   -15   -15   -15   -15   -15   -15   -15   -15   -15
        -15   -15   -15   -15   -15   -15   -15   -15   -15   -15   -15   -15   -15   -15
  68   1000   988   952   895   821   734   641   545   452   365   287   218   160   112    73    43    16    -2   -12   -18
        -21   -21   -19   -17   -19   -19   -17   -15   -14   -14   -14   -14   -14   -14   -14   -14   -14   -14   -14   -14
        -14   -14   -14   -14   -14   -14   -14   -14   -14   -14   -14   -14   -14   -14   -14   -14   -14   -14   -14   -14
        -14   -14   -14   -14   -14   -14   -14   -14   -14   -14   -14   -14   -14
  69   1000   988   952   895   821   734   641   545   452   364   285   216   157   109    69    34     8    -6   -15   -20
        -21   -20   -19   -20   -20   -18   -16   -13   -13   -13   -13   -13   -13   -13   -13   -13   -13   -13   -13   -13
        -13   -13   -13   -13   -13   -13   -13   -13   -13   -13   -13   -13   -13   -13   -13   -13   -13   -13   -13   -13
        -13   -13   -13   -13   -13   -13   -13   -13   -13   -13   -13   -13
  70   1000   988   952   895   821   734   640   545   451   363   283   213   154   104    59    24     3    -9   -17   -20
        -20   -20   -22   -22   -20   -17   -14   -14   -14   -14   -14   -14   -14   -14   -14   -14   -14   -14   -14   -14
        -14   -14   -14   -14   -14   -14   -14   -14   -14   -14   -14   -14   -14   -14   -14   -14   -14   -14   -14   -14
        -14   -14   -14   -14   -14   -14   -14   -14   -14   -14   -14
  71   1000   988   952   895   821   734   640   544   450   361   280   210   148    92    45    17     0   -12   -17   -19
        -21   -24   -24   -22   -19   -15   -15   -15   -15   -15   -15   -15   -15   -15   -15   -15   -15   -15   -15   -15
        -15   -15   -15   -15   -15   -15   -15   -15   -15   -15   -15   -15   -15   -15   -15   -15   -15   -15   -15   -15
        -15   -15   -15   -15   -15   -15   -15   -15   -15   -15
  72   1000   988   952   895   821   734   640   543   448   358   277   204   134    73    37    12    -3   -12   -17   -21
        -26   -27   -25   -23   -18   -18   -18   -18   -18   -18   -18   -18   -18   -18   -18   -18   -18   -18   -18   -18
        -18   -18   -18   -18   -18   -18   -18   -18   -18   -18   -18   -18   -18   -18   -18   -18   -18   -18   -18   -18
        -18   -18   -18   -18   -18   -18   -18   -18   -18
  73   1000   988   952   895   821   733   639   541   445   354   270   186   109    63    29     8    -4   -12   -19   -27
        -31   -29   -27   -22   -22   -22   -22   -22   -22   -22   -22   -22   -22   -22   -22   -22   -22   -22   -22   -22
        -22   -22   -22   -22   -22   -22   -22   -22   -22   -22   -22   -22   -22   -22   -22   -22   -22   -22   -22   -22
        -22   -22   -22   -22   -22   -22   -22   -22
  74   1000   988   952   895   820   732   637   538   441   347   249   154    96    54    25     9    -3   -15   -28   -35
        -34   -32   -27   -27   -27   -27   -27   -27   -27   -27   -27   -27   -27   -27   -27   -27   -27   -27   -27   -27
        -27   -27   -27   -27   -27   -27   -27   -27   -27   -27   -27   -27   -27   -27   -27   -27   -27   -27   -27   -27
        -27   -27   -27   -27   -27   -27   -27
  75   1000   988   952   894   819   731   634   534   433   321   208   138    85    49    28     9    -7   -26   -39   -40
        -38   -33   -33   -33   -33   -33   -33   -33   -33   -33   -33   -33   -33   -33   -33   -33   -33   -33   -33   -33
        -33   -33   -33   -33   -33   -33   -33   -33   -33   -33   -33   -33   -33   -33   -33   -33   -33   -33   -33   -33
        -33   -33   -33   -33   -33   -33
  76   1000   988   952   894   818   728   630   525   402   271   189   126    82    55    29     5   -21   -42   -45   -45
        -41   -41   -41   -41   -41   -41   -41   -41   -41   -41   -41   -41   -41   -41   -41   -41   -41   -41   -41   -41
        -41   -41   -41   -41   -41   -41   -41   -41   -41   -41   -41   -41   -41   -41   -41   -41   -41   -41   -41   -41
        -41   -41   -41   -41   -41
  77   1000   988   951   893   816   724   621   490   342   249   175   123    92    58    25   -12   -43   -50   -52   -51
        -51   -51   -51   -51   -51   -51   -51   -51   -51   -51   -51   -51   -51   -51   -51   -51   -51   -51   -51   -51
        -51   -51   -51   -51   -51   -51   -51   -51   -51   -51   -51   -51   -51   -51   -51   -51   -51   -51   -51   -51
        -51   -51   -51   -51
  78   1000   987   951   891   813   716   581   419   317   234   175   140    98    54     2   -42   -54   -59   -62   -62
        -62   -62   -62   -62   -62   -62   -62   -62   -62   -62   -62   -62   -62   -62   -62   -62   -62   -62   -62   -62
        -62   -62   -62   -62   -62   -62   -62   -62   -62   -62   -62   -62   -62   -62   -62   -62   -62   -62   -62   -62
        -62   -62   -62
  79   1000   987   950   889   804   671   500   392   302   238   200   149    94    26   -35   -54   -63   -73   -73   -73
        -73   -73   -73   -73   -73   -73   -73   -73   -73   -73   -73   -73   -73   -73   -73   -73   -73   -73   -73   -73
        -73   -73   -73   -73   -73   -73   -73   -73   -73   -73   -73   -73   -73   -73   -73   -73   -73   -73   -73   -73
        -73   -73
  80   1000   987   948   882   757   581   473   379   313   274   214   146    61   -21   -48   -64   -83   -83   -83   -83
        -83   -83   -83   -83   -83   -83   -83   -83   -83   -83   -83   -83   -83   -83   -83   -83   -83   -83   -83   -83
        -83   -83   -83   -83   -83   -83   -83   -83   -83   -83   -83   -83   -83   -83   -83   -83   -83   -83   -83   -83
        -83
  81   1000   987   942   833   662   557   464   399   361   293   211   109     5   -31   -55   -85   -85   -85   -85   -85
        -85   -85   -85   -85   -85   -85   -85   -85   -85   -85   -85   -85   -85   -85   -85   -85   -85   -85   -85   -85
        -85   -85   -85   -85   -85   -85   -85   -85   -85   -85   -85   -85   -85   -85   -85   -85   -85   -85   -85   -85
  82   1000   983   900   744   649   562   500   462   385   291   177    56     7   -26   -66   -66   -66   -66   -66   -66
        -66   -66   -66   -66   -66   -66   -66   -66   -66   -66   -66   -66   -66   -66   -66   -66   -66   -66   -66   -66
        -66   -66   -66   -66   -66   -66   -66   -66   -66   -66   -66   -66   -66   -66   -66   -66   -66   -66   -66
  83   1000   960   839   762   686   629   583   489   385   276   155    95    49    11    11    11    11    11    11    11
         11    11    11    11    11    11    11    11    11    11    11    11    11    11    11    11    11    11    11    11
         11    11    11    11    11    11    11    11    11    11    11    11    11    11    11    11    11    11
  84   1000   958   911   855   799   715   584   475   420   358   291   233   241   241   241   241   241   241   241   241
        241   241   241   241   241   241   241   241   241   241   241   241   241   241   241   241   241   241   241   241
        241   241   241   241   241   241   241   241   241   241   241   241   241   241   241   241   241
  85   1000   988   957   906   789   632   528   540   549   482   417   471   471   471   471   471   471   471   471   471
        471   471   471   471   471   471   471   471   471   471   471   471   471   471   471   471   471   471   471   471
        471   471   471   471   471   471   471   471   471   471   471   471   471   471   471   471
  86   1000   990   956   850   701   605   627   632   558   485   510   510   510   510   510   510   510   510   510   510
        510   510   510   510   510   510   510   510   510   510   510   510   510   510   510   510   510   510   510   510
        510   510   510   510   510   510   510   510   510   510   510   510   510   510   510
  87   1000   986   902   769   684   711   701   621   540   518   518   518   518   518   518   518   518   518   518   518
        518   518   518   518   518   518   518   518   518   518   518   518   518   518   518   518   518   518   518   518
        518   518   518   518   518   518   518   518   518   518   518   518   518   518
  88   1000   957   858   788   798   742   653   564   449   449   449   449   449   449   449   449   449   449   449   449
        449   449   449   449   449   449   449   449   449   449   449   449   449   449   449   449   449   449   449   449
        449   449   449   449   449   449   449   449   449   449   449   449   449
  89   1000   968   922   872   704   605   506   218   218   218   218   218   218   218   218   218   218   218   218   218
        218   218   218   218   218   218   218   218   218   218   218   218   218   218   218   218   218   218   218   218
        218   218   218   218   218   218   218   218   218   218   218   218
  90   1000   984   903   665   568   472    33    33    33    33    33    33    33    33    33    33    33    33    33    33
         33    33    33    33    33    33    33    33    33    33    33    33    33    33    33    33    33    33    33    33
         33    33    33    33    33    33    33    33    33    33    33
  91   1000   943   711   628   544    16    16    16    16    16    16    16    16    16    16    16    16    16    16    16
         16    16    16    16    16    16    16    16    16    16    16    16    16    16    16    16    16    16    16    16
         16    16    16    16    16    16    16    16    16    16
  92   1000   901   849   784   296   296   296   296   296   296   296   296   296   296   296   296   296   296   296   296
        296   296   296   296   296   296   296   296   296   296   296   296   296   296   296   296   296   296   296   296
        296   296   296   296   296   296   296   296   296
  93   1000   988   954   657   657   657   657   657   657   657   657   657   657   657   657   657   657   657   657   657
        657   657   657   657   657   657   657   657   657   657   657   657   657   657   657   657   657   657   657   657
        657   657   657   657   657   657   657   657
  94   1000   988   677   677   677   677   677   677   677   677   677   677   677   677   677   677   677   677   677   677
        677   677   677   677   677   677   677   677   677   677   677   677   677   677   677   677   677   677   677   677
        677   677   677   677   677   677   677
  95   1000   672   672   672   672   672   672   672   672   672   672   672   672   672   672   672   672   672   672   672
        672   672   672   672   672   672   672   672   672   672   672   672   672   672   672   672   672   672   672   672
        672   672   672   672   672   672
  96   1000  1000  1000  1000  1000  1000  1000  1000  1000  1000  1000  1000  1000  1000  1000  1000  1000  1000  1000  1000
       1000  1000  1000  1000  1000  1000  1000  1000  1000  1000  1000  1000  1000  1000  1000  1000  1000  1000  1000  1000
       1000  1000  1000  1000  1000
  97   1000  1000  1000  1000  1000  1000  1000  1000  1000  1000  1000  1000  1000  1000  1000  1000  1000  1000  1000  1000
       1000  1000  1000  1000  1000  1000  1000  1000  1000  1000  1000  1000  1000  1000  1000  1000  1000  1000  1000  1000
       1000  1000  1000  1000
  98   1000  1000  1000  1000  1000  1000  1000  1000  1000  1000  1000  1000  1000  1000  1000  1000  1000  1000  1000  1000
       1000  1000  1000  1000  1000  1000  1000  1000  1000  1000  1000  1000  1000  1000  1000  1000  1000  1000  1000  1000
       1000  1000  1000
  99   1000  1000  1000  1000  1000  1000  1000  1000  1000  1000  1000  1000  1000  1000  1000  1000  1000  1000  1000  1000
       1000  1000  1000  1000  1000  1000  1000  1000  1000  1000  1000  1000  1000  1000  1000  1000  1000  1000  1000  1000
       1000  1000
 100   1000  1000  1000  1000  1000  1000  1000  1000  1000  1000  1000  1000  1000  1000  1000  1000  1000  1000  1000  1000
       1000  1000  1000  1000  1000  1000  1000  1000  1000  1000  1000  1000  1000  1000  1000  1000  1000  1000  1000  1000
       1000
 101   1000  1000  1000  1000  1000  1000  1000  1000  1000  1000  1000  1000  1000  1000  1000  1000  1000  1000  1000  1000
       1000  1000  1000  1000  1000  1000  1000  1000  1000  1000  1000  1000  1000  1000  1000  1000  1000  1000  1000  1000
 102   1000  1000  1000  1000  1000  1000  1000  1000  1000  1000  1000  1000  1000  1000  1000  1000  1000  1000  1000  1000
       1000  1000  1000  1000  1000  1000  1000  1000  1000  1000  1000  1000  1000  1000  1000  1000  1000  1000  1000
 103   1000  1000  1000  1000  1000  1000  1000  1000  1000  1000  1000  1000  1000  1000  1000  1000  1000  1000  1000  1000
       1000  1000  1000  1000  1000  1000  1000  1000  1000  1000  1000  1000  1000  1000  1000  1000  1000  1000
 104   1000  1000  1000  1000  1000  1000  1000  1000  1000  1000  1000  1000  1000  1000  1000  1000  1000  1000  1000  1000
       1000  1000  1000  1000  1000  1000  1000  1000  1000  1000  1000  1000  1000  1000  1000  1000  1000
 105   1000  1000  1000  1000  1000  1000  1000  1000  1000  1000  1000  1000  1000  1000  1000  1000  1000  1000  1000  1000
       1000  1000  1000  1000  1000  1000  1000  1000  1000  1000  1000  1000  1000  1000  1000  1000
 106   1000  1000  1000  1000  1000  1000  1000  1000  1000  1000  1000  1000  1000  1000  1000  1000  1000  1000  1000  1000
       1000  1000  1000  1000  1000  1000  1000  1000  1000  1000  1000  1000  1000  1000  1000
 107   1000  1000  1000  1000  1000  1000  1000  1000  1000  1000  1000  1000  1000  1000  1000  1000  1000  1000  1000  1000
       1000  1000  1000  1000  1000  1000  1000  1000  1000  1000  1000  1000  1000  1000
 108   1000  1000  1000  1000  1000  1000  1000  1000  1000  1000  1000  1000  1000  1000  1000  1000  1000  1000  1000  1000
       1000  1000  1000  1000  1000  1000  1000  1000  1000  1000  1000  1000  1000
 109   1000  1000  1000  1000  1000  1000  1000  1000  1000  1000  1000  1000  1000  1000  1000  1000  1000  1000  1000  1000
       1000  1000  1000  1000  1000  1000  1000  1000  1000  1000  1000  1000
 110   1000  1000  1000  1000  1000  1000  1000  1000  1000  1000  1000  1000  1000  1000  1000  1000  1000  1000  1000  1000
       1000  1000  1000  1000  1000  1000  1000  1000  1000  1000  1000
 111   1000  1000  1000  1000  1000  1000  1000  1000  1000  1000  1000  1000  1000  1000  1000  1000  1000  1000  1000  1000
       1000  1000  1000  1000  1000  1000  1000  1000  1000  1000
 112   1000  1000  1000  1000  1000  1000  1000  1000  1000  1000  1000  1000  1000  1000  1000  1000  1000  1000  1000  1000
       1000  1000  1000  1000  1000  1000  1000  1000  1000
 113   1000  1000  1000  1000  1000  1000  1000  1000  1000  1000  1000  1000  1000  1000  1000  1000  1000  1000  1000  1000
       1000  1000  1000  1000  1000  1000  1000  1000
 114   1000  1000  1000  1000  1000  1000  1000  1000  1000  1000  1000  1000  1000  1000  1000  1000  1000  1000  1000  1000
       1000  1000  1000  1000  1000  1000  1000
 115   1000  1000  1000  1000  1000  1000  1000  1000  1000  1000  1000  1000  1000  1000  1000  1000  1000  1000  1000  1000
       1000  1000  1000  1000  1000  1000
 116   1000  1000  1000  1000  1000  1000  1000  1000  1000  1000  1000  1000  1000  1000  1000  1000  1000  1000  1000  1000
       1000  1000  1000  1000  1000
 117   1000  1000  1000  1000  1000  1000  1000  1000  1000  1000  1000  1000  1000  1000  1000  1000  1000  1000  1000  1000
       1000  1000  1000  1000
 118   1000  1000  1000  1000  1000  1000  1000  1000  1000  1000  1000  1000  1000  1000  1000  1000  1000  1000  1000  1000
       1000  1000  1000
 119   1000  1000  1000  1000  1000  1000  1000  1000  1000  1000  1000  1000  1000  1000  1000  1000  1000  1000  1000  1000
       1000  1000
 120   1000  1000  1000  1000  1000  1000  1000  1000  1000  1000  1000  1000  1000  1000  1000  1000  1000  1000  1000  1000
       1000
 121   1000  1000  1000  1000  1000  1000  1000  1000  1000  1000  1000  1000  1000  1000  1000  1000  1000  1000  1000  1000
 122   1000  1000  1000  1000  1000  1000  1000  1000  1000  1000  1000  1000  1000  1000  1000  1000  1000  1000  1000
 123   1000  1000  1000  1000  1000  1000  1000  1000  1000  1000  1000  1000  1000  1000  1000  1000  1000  1000
 124   1000  1000  1000  1000  1000  1000  1000  1000  1000  1000  1000  1000  1000  1000  1000  1000  1000
 125   1000  1000  1000  1000  1000  1000  1000  1000  1000  1000  1000  1000  1000  1000  1000  1000
 126   1000  1000  1000  1000  1000  1000  1000  1000  1000  1000  1000  1000  1000  1000  1000
 127   1000  1000  1000  1000  1000  1000  1000  1000  1000  1000  1000  1000  1000  1000
 128   1000  1000  1000  1000  1000  1000  1000  1000  1000  1000  1000  1000  1000
 129   1000  1000  1000  1000  1000  1000  1000  1000  1000  1000  1000  1000
 130   1000  1000  1000  1000  1000  1000  1000  1000  1000  1000  1000
 131   1000  1000  1000  1000  1000  1000  1000  1000  1000  1000
 132   1000  1000  1000  1000  1000  1000  1000  1000  1000
 133   1000  1000  1000  1000  1000  1000  1000  1000
 134   1000  1000  1000  1000  1000  1000  1000
 135   1000  1000  1000  1000  1000  1000
 136   1000  1000  1000  1000  1000
 137   1000  1000  1000  1000
 138   1000  1000  1000
 139   1000  1000
 140   1000

 Finished!
