NIF_RUN Passive 18x snout on TANDM 90-348 Pinhole
  140    5    1    0    0
   0.00500   9.00000   0.00500   0.00100
   0.0000000   0   0 1.00000000E+00   1.0000000
ZR902    1.706E-12 0.010       0.00       0.00        (    )
IN115N   4.881E-13 0.007       0.00       0.00        (    )
AU197G   8.079E-14 0.010       0.00 AUNG  3.94 IFX    (ISTP)
IN115G   1.161E-13 0.020       0.00 INNG 39.37 IFX    (ISTP)
AU1972   1.218E-11 0.053       0.00       0.00        (    )
Flux Uncertainty
   4
 1.0000E-11 1.0000E-04 1.2990E+01 2.0100E+01
 1.0000E+00 7.0000E-02 5.0000E-02 1.0000E-02
Input Flux Spectrum
 140   1 1.000E+00 2.000E+01 5.000E-08
 0.0000E+00 0.0000E+00 0.0000E+00 0.0000E+00 0.0000E+00 0.0000E+00 0.0000E+00
 0.0000E+00 0.0000E+00 0.0000E+00 0.0000E+00 0.0000E+00 0.0000E+00 0.0000E+00
 0.0000E+00 0.0000E+00 0.0000E+00 0.0000E+00 6.0524E+11 2.5555E+11 6.0166E+10
 2.8060E+10 1.6051E+10 1.0324E+10 7.3826E+10 3.7394E+10 2.3447E+10 1.3940E+10
 1.0484E+10 6.9337E+09 4.8222E+09 5.0870E+09 4.1171E+10 5.6732E+10 1.2818E+11
 1.5737E+10 3.4619E+10 6.0257E+10 1.3238E+11 1.3295E+12 1.7365E+12 1.7432E+12
 2.1210E+11 1.9438E+11 1.3772E+11 1.5075E+11 1.2890E+12 8.3659E+11 7.6442E+11
 4.5416E+10 4.3568E+10 3.6936E+10 3.5999E+10 2.9791E+11 3.0355E+11 2.7353E+11
 2.9754E+10 3.9138E+10 3.4156E+10 4.0746E+10 3.9601E+11 4.8585E+11 5.9778E+11
 7.3122E+10 7.3407E+10 8.6427E+10 9.8943E+10 1.0941E+12 8.6866E+11 8.7502E+11
 3.3156E+10 2.9397E+10 2.4209E+10 1.7971E+10 1.1214E+11 5.1520E+10 4.3650E+10
 3.7424E+09 2.4656E+09 2.2477E+09 2.1481E+09 2.1786E+10 1.9019E+10 2.2542E+10
 3.4883E+09 5.5927E+09 9.9358E+09 1.3904E+10 2.0795E+11 2.3517E+11 3.1452E+11
 3.9798E+11 2.6651E+11 1.3383E+12 1.5129E+12 0.0000E+00 0.0000E+00 0.0000E+00
 0.0000E+00 0.0000E+00 0.0000E+00 0.0000E+00 0.0000E+00 0.0000E+00 0.0000E+00
 0.0000E+00 0.0000E+00 0.0000E+00 0.0000E+00 0.0000E+00 0.0000E+00 0.0000E+00
 0.0000E+00 0.0000E+00 0.0000E+00 0.0000E+00 0.0000E+00 0.0000E+00 0.0000E+00
 0.0000E+00 0.0000E+00 0.0000E+00 0.0000E+00 0.0000E+00 0.0000E+00 0.0000E+00
 0.0000E+00 0.0000E+00 0.0000E+00 0.0000E+00 0.0000E+00 0.0000E+00 0.0000E+00
 0.0000E+00 0.0000E+00 0.0000E+00 0.0000E+00 0.0000E+00 0.0000E+00 0.0000E+00
   10   13   28   11    8    5    8    7   10   40



                         ==============================
                               STAYSL PNNL OUTPUT
                         ==============================

 STAYSL PNNL, version 1.2.0, 2015-08-05


 SCENARIO TITLE: NIF_RUN Passive 18x snout on TANDM 90-348 Pinhole
 -------------------------------------------------------------------------------
  NGROUP =   140    NRXN =     5    ACTIVITY NORM = 1.00000E+00

  COVARIANCE PARAMETERS (FCHN, FCVX, ACVX, FS)
    FLUXES:      WIDTH =  9.0000E+00   LONG RANGE COVAR. =  5.0000E-03
            ACTIVITIES =  5.0000E-03   X-SECT CROSS COR. =  1.0000E-03

    DETERM =   1.3847 × 10^   0.00      ERROR =   3.2196E-16

  INPUT NORMALIZATION DATA
    AK1   =     0.00000     VAK        =     0.00003
    NORML =           0     RENORM     = 9.61195E-01
    CHI²  =    79.36712     NORM. CHI² =    19.84178

  DOSIMETRY ACTIVITIES
     ———— INPUTS —————  -UNADJUSTED FLUX-  — ADJUSTED FLUX —    CHI²  90% ACTIVITIES RANGE
 RXN  MEASURED     ±%   ACTIVITY    %DIFF  ACTIVITY    %DIFF  CONTRIB --LOW E-- --HIGH E--   REACTION          CVR
  1  1.706E-12    1.00  1.618E-12   -5.14  1.686E-12   -1.19    3.055  1.30E+01  1.40E+01  ZR90(N,2N)ZR89          
  2  4.881E-13    0.70  5.149E-13    5.50  5.281E-13    8.20    5.595  2.30E+00  1.40E+01  IN115(N,N')IN115M       
  3  8.079E-14    1.00  7.847E-14   -2.88  8.139E-14    0.74   -2.588  5.50E-03  1.20E+01  AU197(N,G)AU198         
  4  1.161E-13    2.00  9.781E-14  -15.75  1.024E-13  -11.83   23.266  7.20E-03  2.30E+00  IN115(N,G)IN116M        
  5  1.218E-11    5.30  7.434E-12  -38.97  7.719E-12  -36.63   50.039  1.00E+01  1.40E+01  AU197(N,2N)AU196        

             % STD. DEV.  =         21.40              19.69

                              CHECK INPUT, IT IS RATHER UNLIKELY !
                                   *** BEWARE OF OUTPUT ! ***


  DIFFERENTIAL FLUXES (input is normalized by a factor of 9.6120E-01)
                  —————— DIFFERENTIAL FLUX —————   ———— STD. DEV. % ————   INTEGRAL
 GRP    ENERGY        NEW         OLD      RATIO    NEW     OLD    RATIO   FLUX > E     ± %
  19  1.3500E-05  5.8241E+11  5.8175E+11   1.001    9.41    9.41   1.000  4.7215E+12    1.25
  20  2.1000E-05  2.4589E+11  2.4563E+11   1.001    8.81    8.81   1.000  4.7215E+12    1.25
  21  3.0000E-05  5.7887E+10  5.7831E+10   1.001    8.28    8.28   1.000  4.7215E+12    1.25
  22  4.5000E-05  2.6995E+10  2.6971E+10   1.001    7.73    7.73   1.000  4.7215E+12    1.25
  23  6.9000E-05  1.5440E+10  1.5428E+10   1.001    7.24    7.24   1.000  4.7215E+12    1.25
  24  1.0000E-04  9.9298E+09  9.9234E+09   1.001    6.99    6.99   1.000  4.7215E+12    1.25
  25  1.3500E-04  7.0995E+10  7.0961E+10   1.000    6.93    6.94   0.999  4.7215E+12    1.25
  26  1.7000E-04  3.5953E+10  3.5943E+10   1.000    6.88    6.89   0.999  4.7215E+12    1.25
  27  2.2000E-04  2.2539E+10  2.2537E+10   1.000    6.83    6.84   0.999  4.7215E+12    1.25
  28  2.8000E-04  1.3397E+10  1.3399E+10   1.000    6.78    6.79   0.998  4.7215E+12    1.25
  29  3.6000E-04  1.0074E+10  1.0077E+10   1.000    6.72    6.75   0.996  4.7215E+12    1.25
  30  4.5000E-04  6.6611E+09  6.6646E+09   0.999    6.66    6.70   0.994  4.7214E+12    1.25
  31  5.7500E-04  4.6319E+09  4.6351E+09   0.999    6.59    6.65   0.991  4.7214E+12    1.25
  32  7.6000E-04  4.8859E+09  4.8896E+09   0.999    6.51    6.60   0.986  4.7214E+12    1.25
  33  9.6000E-04  3.9544E+10  3.9573E+10   0.999    6.42    6.55   0.979  4.7214E+12    1.25
  34  1.2750E-03  5.4498E+10  5.4531E+10   0.999    6.31    6.51   0.969  4.7214E+12    1.25
  35  1.6000E-03  1.2317E+11  1.2321E+11   1.000    6.18    6.47   0.956  4.7214E+12    1.25
  36  2.0000E-03  1.5130E+10  1.5126E+10   1.000    6.03    6.42   0.940  4.7214E+12    1.25
  37  2.7000E-03  3.3307E+10  3.3276E+10   1.001    5.86    6.37   0.920  4.7214E+12    1.25
  38  3.4000E-03  5.8028E+10  5.7919E+10   1.002    5.67    6.32   0.897  4.7213E+12    1.25
  39  4.5000E-03  1.2763E+11  1.2724E+11   1.003    5.47    6.28   0.871  4.7213E+12    1.25
  40  5.5000E-03  1.2835E+12  1.2779E+12   1.004    5.27    6.24   0.844  4.7211E+12    1.25
  41  7.2000E-03  1.6789E+12  1.6691E+12   1.006    5.06    6.19   0.818  4.7190E+12    1.25
  42  9.2000E-03  1.6880E+12  1.6756E+12   1.007    4.87    6.15   0.792  4.7156E+12    1.25
  43  1.2000E-02  2.0571E+11  2.0387E+11   1.009    4.71    6.11   0.771  4.7109E+12    1.25
  44  1.5000E-02  1.8881E+11  1.8684E+11   1.011    4.58    6.07   0.755  4.7103E+12    1.25
  45  1.9000E-02  1.3395E+11  1.3238E+11   1.012    4.49    6.02   0.745  4.7095E+12    1.25
  46  2.5500E-02  1.4679E+11  1.4490E+11   1.013    4.43    5.98   0.742  4.7086E+12    1.25
  47  3.2000E-02  1.2564E+12  1.2390E+12   1.014    4.42    5.94   0.745  4.7077E+12    1.25
  48  4.0000E-02  8.1601E+11  8.0413E+11   1.015    4.44    5.90   0.753  4.6976E+12    1.25
  49  5.2500E-02  7.4603E+11  7.3476E+11   1.015    4.48    5.86   0.766  4.6874E+12    1.26
  50  6.6000E-02  4.4343E+10  4.3654E+10   1.016    4.53    5.81   0.780  4.6774E+12    1.26
  51  8.8000E-02  4.2557E+10  4.1877E+10   1.016    4.59    5.77   0.795  4.6764E+12    1.26
  52  1.1000E-01  3.6100E+10  3.5503E+10   1.017    4.64    5.74   0.810  4.6754E+12    1.26
  53  1.3500E-01  3.5214E+10  3.4602E+10   1.018    4.69    5.71   0.823  4.6745E+12    1.26
  54  1.6000E-01  2.9179E+11  2.8635E+11   1.019    4.73    5.68   0.833  4.6737E+12    1.26
  55  1.9000E-01  2.9785E+11  2.9177E+11   1.021    4.76    5.65   0.841  4.6649E+12    1.27
  56  2.2000E-01  2.6907E+11  2.6292E+11   1.023    4.77    5.63   0.847  4.6560E+12    1.27
  57  2.5500E-01  2.9363E+10  2.8599E+10   1.027    4.76    5.61   0.849  4.6466E+12    1.27
  58  2.9000E-01  3.8778E+10  3.7619E+10   1.031    4.74    5.59   0.848  4.6455E+12    1.27
  59  3.2000E-01  3.4002E+10  3.2831E+10   1.036    4.70    5.57   0.844  4.6444E+12    1.27
  60  3.6000E-01  4.0780E+10  3.9165E+10   1.041    4.65    5.55   0.836  4.6430E+12    1.27
  61  4.0000E-01  3.9865E+11  3.8064E+11   1.047    4.58    5.54   0.827  4.6414E+12    1.27
  62  4.5000E-01  4.9205E+11  4.6700E+11   1.054    4.50    5.52   0.815  4.6214E+12    1.27
  63  5.0000E-01  6.0908E+11  5.7458E+11   1.060    4.42    5.50   0.803  4.5968E+12    1.28
  64  5.5000E-01  7.4931E+10  7.0285E+10   1.066    4.34    5.49   0.790  4.5664E+12    1.28
  65  6.0000E-01  7.5607E+10  7.0558E+10   1.072    4.26    5.47   0.779  4.5626E+12    1.29
  66  6.6000E-01  8.9386E+10  8.3073E+10   1.076    4.21    5.46   0.771  4.5581E+12    1.29
  67  7.2000E-01  1.0263E+11  9.5104E+10   1.079    4.19    5.45   0.769  4.5527E+12    1.29
  68  7.8000E-01  1.1366E+12  1.0516E+12   1.081    4.20    5.44   0.772  4.5466E+12    1.29
  69  8.4000E-01  9.0237E+11  8.3495E+11   1.081    4.24    5.42   0.781  4.4784E+12    1.30
  70  9.2000E-01  9.0742E+11  8.4107E+11   1.079    4.31    5.41   0.797  4.4062E+12    1.31
  71  1.0000E+00  3.4266E+10  3.1869E+10   1.075    4.40    5.39   0.817  4.3336E+12    1.33
  72  1.2000E+00  3.0228E+10  2.8256E+10   1.070    4.51    5.36   0.840  4.3267E+12    1.33
  73  1.4000E+00  2.4735E+10  2.3270E+10   1.063    4.62    5.34   0.864  4.3207E+12    1.33
  74  1.6000E+00  1.8224E+10  1.7274E+10   1.055    4.73    5.32   0.888  4.3158E+12    1.33
  75  1.8000E+00  1.1277E+11  1.0779E+11   1.046    4.82    5.31   0.909  4.3121E+12    1.33
  76  2.0000E+00  5.1338E+10  4.9521E+10   1.037    4.90    5.29   0.927  4.2896E+12    1.34
  77  2.3000E+00  4.3082E+10  4.1956E+10   1.027    4.95    5.27   0.940  4.2742E+12    1.34
  78  2.6000E+00  3.6580E+09  3.5972E+09   1.017    4.99    5.25   0.950  4.2612E+12    1.35
  79  2.9000E+00  2.3871E+09  2.3699E+09   1.007    4.99    5.23   0.954  4.2601E+12    1.35
  80  3.3000E+00  2.1563E+09  2.1605E+09   0.998    4.97    5.22   0.953  4.2592E+12    1.35
  81  3.7000E+00  2.0435E+09  2.0647E+09   0.990    4.92    5.20   0.947  4.2583E+12    1.35
  82  4.1000E+00  2.0575E+10  2.0941E+10   0.983    4.85    5.18   0.935  4.2575E+12    1.35
  83  4.5000E+00  1.7859E+10  1.8281E+10   0.977    4.74    5.17   0.917  4.2493E+12    1.35
  84  5.0000E+00  2.1088E+10  2.1667E+10   0.973    4.60    5.16   0.891  4.2403E+12    1.35
  85  5.5000E+00  3.2585E+09  3.3529E+09   0.972    4.41    5.14   0.859  4.2298E+12    1.35
  86  6.0000E+00  5.2304E+09  5.3757E+09   0.973    4.19    5.13   0.818  4.2282E+12    1.35
  87  6.7000E+00  9.3287E+09  9.5502E+09   0.977    3.93    5.11   0.768  4.2245E+12    1.35
  88  7.4000E+00  1.3141E+10  1.3364E+10   0.983    3.62    5.10   0.710  4.2180E+12    1.35
  89  8.2000E+00  1.9830E+11  1.9988E+11   0.992    3.27    5.08   0.643  4.2075E+12    1.35
  90  9.0000E+00  2.2668E+11  2.2604E+11   1.003    2.88    5.07   0.568  4.0488E+12    1.32
  91  1.0000E+01  3.0679E+11  3.0232E+11   1.015    2.47    5.06   0.489  3.8221E+12    1.30
  92  1.1000E+01  3.9296E+11  3.8254E+11   1.027    2.07    5.04   0.411  3.5154E+12    1.27
  93  1.2000E+01  2.6622E+11  2.5617E+11   1.039    1.74    5.02   0.347  3.1224E+12    1.24
  94  1.3000E+01  1.3433E+12  1.2864E+12   1.044    1.39    4.42   0.315  2.8562E+12    1.22
  95  1.4000E+01  1.5129E+12  1.4542E+12   1.040    1.14    3.40   0.333  1.5129E+12    1.14
      1.5000E+01

  INTEGRALS OF SPECTRA
    OLD SPECTRUM   4.5570E+12   ±    3.724 %
    NEW SPECTRUM   4.7215E+12   ±    1.246 %

  SUMMARY OF BROAD-GROUP FLUXES, FLUENCES, AND UNCERTAINTIES

    IRRAD TIME [S] = 1.00000000E+00   ACT NORM =  1.00000000E+00

       ENERGY       FLUX       FLUENCE      STDEV %
      thermal    0.0000E+00  0.0000E+00  ±   0.00     (0.100 meV – 0.550  eV)
     epithermal  4.6022E+10  4.6022E+10  ±   3.85     (0.550  eV – 110.0 keV)
        fast     4.6754E+12  4.6754E+12  ±   1.26     (110.0 keV –  20.0 MeV)
        fast     4.3336E+12  4.3336E+12  ±   1.33     (  1.0 MeV –  20.0 MeV)
        high     0.0000E+00  0.0000E+00  ±   0.00     ( 20.0 MeV –  60.0 MeV)

    MINI-SPECTRUM

       ENERGY       FLUX       FLUENCE      STDEV %
     1.0000E-10  0.0000E+00  0.0000E+00  ±   0.00
     5.5000E-07  8.5759E+06  8.5759E+06  ±   8.76
     1.0000E-04  4.6013E+10  4.6013E+10  ±   3.85
     1.1000E-01  7.8607E+10  7.8607E+10  ±   3.92
     5.0000E-01  2.6324E+11  2.6324E+11  ±   3.93
     1.0000E+00  4.4044E+10  4.4044E+10  ±   4.53
     2.0000E+00  4.9218E+10  4.9218E+10  ±   4.47
     5.0000E+00  4.1819E+11  4.1819E+11  ±   3.06
     1.0000E+01  3.8221E+12  3.8221E+12  ±   1.30
     2.0000E+01  0.0000E+00  0.0000E+00  ±   0.00
     6.0000E+01

       TOTAL     4.7215E+12  4.7215E+12  ±   1.25

    RELATIVE COVARIANCES (10×10)
        0     0     0     0     0     0     0     0     0     0
     1000    -2    -2    -1     1     3     1     1     0
     1000  -252  -679  -406  -196     8    44     0
     1000   166  -189  -144    -1    32     0
     1000   634   250   -23     9     0
     1000   784    38   -12     0
     1000   327    26     0
     1000   515     0
     1000     0
        0

  SPECTRAL-AVERAGED REACTION RATES (for all cross section library reactions)

        REACTIONS        SIG-PHI      <SIG>          REACTIONS        SIG-PHI      <SIG>          REACTIONS        SIG-PHI      <SIG>  
   ------------------  ----------  ----------   ------------------  ----------  ----------   ------------------  ----------  ----------
   LI6(N,A)T           3.4681E-13  7.3454E-26   FE58(N,G)FE59       6.0352E-15  1.2782E-27   IN115(N,N')IN115M   5.2811E-13  1.1185E-25
   B10(N,A)LI7         5.7314E-13  1.2139E-25   CO59(N,2N)CO58      2.0902E-12  4.4271E-25   IN115(N,2N)IN114M   4.4725E-12  9.4728E-25
   F19(N,2N)F18        1.0353E-13  2.1928E-26   CO59(N,3N)CO57      0.0000E+00  0.0000E+00   IN115(N,G)IN116M    1.0289E-13  2.1792E-26
   NA23(N,2N)NA22      5.8113E-14  1.2308E-26   CO59(N,G)CO60       8.1826E-15  1.7331E-27   I127(N,2N)I126      5.0195E-12  1.0631E-24
   NA23(N,G)NA24       1.0869E-15  2.3021E-28   CO59(N,P)FE59       2.0690E-13  4.3821E-26   LA139(N,G)LA140     9.9124E-15  2.0994E-27
   MG24(N,P)NA24       7.5078E-13  1.5901E-25   CO59(N,A)MN56       1.1435E-13  2.4220E-26   PR141(N,2N)PR140    5.4971E-12  1.1643E-24
   AL27(N,P)MG27       3.4965E-13  7.4056E-26   NI58(N,2N)NI57      6.4529E-14  1.3667E-26   TM169(N,2N)TM168    7.4707E-12  1.5823E-24
   AL27(N,A)NA24       4.7571E-13  1.0075E-25   NI58(N,P)CO58       1.8750E-12  3.9712E-25   TM169(N,3N)TM167    3.1121E-17  6.5913E-30
   SI28(N,P)AL28       1.1044E-12  2.3391E-25   NI60(N,P)CO60       5.9267E-13  1.2553E-25   TA181(N,G)TA182     8.7318E-14  1.8494E-26
   P31(N,P)SI31        4.5702E-13  9.6796E-26   CU63(N,2N)CU62      1.2919E-12  2.7363E-25   W186(N,G)W187       3.8757E-14  8.2087E-27
   S32(N,P)P32         1.2357E-12  2.6171E-25   CU63(N,G)CU64       2.1999E-14  4.6594E-27   AU197(N,2N)AU196    7.7190E-12  1.6349E-24
   TI46(N,2N)TI45      5.2463E-14  1.1112E-26   CU63(N,A)CO60       1.7842E-13  3.7790E-26   AU197(N,G)AU198     8.1539E-14  1.7270E-26
   TI46(N,P)SC46       1.1295E-12  2.3922E-25   CU65(N,2N)CU64      2.7644E-12  5.8550E-25   HG199(N,N')HG199M   1.1231E-12  2.3787E-25
   TI47(N,P)SC47       5.6168E-13  1.1896E-25   ZN64(N,P)CU64       8.5530E-13  1.8115E-25   PB204(N,N')PB204M   5.0253E-13  1.0643E-25
   TI47(N,X)SC46       1.1414E-13  2.4175E-26   ZN67(N,P)CU67       1.2424E-13  2.6314E-26   BI209(N,3N)BI207    8.9710E-16  1.9000E-28
   TI48(N,P)SC48       2.2877E-13  4.8452E-26   AS75(N,2N)AS74      2.9307E-12  6.2073E-25   TH232(N,FISSION)    1.4672E-12  3.1075E-25
   TI48(N,X)SC47       2.0055E-14  4.2476E-27   Y89(N,2N)Y88        2.3996E-12  5.0824E-25   TH232(N,G)TH233     8.8521E-14  1.8749E-26
   TI49(N,X)SC48       1.1094E-14  2.3496E-27   ZR90(N,2N)ZR89      1.6857E-12  3.5702E-25   U235(N,FISSION)     8.8712E-12  1.8789E-24
   V51(N,A)SC48        5.1530E-14  1.0914E-26   NB93(N,G)NB94       3.4925E-14  7.3971E-27   U235(N,G)U236       9.4004E-14  1.9910E-26
   CR52(N,2N)CR51      7.4928E-13  1.5870E-25   NB93(N,N')NB93M     3.2307E-13  6.8426E-26   U238(N,2N)U237      4.7605E-12  1.0083E-24
   MN55(N,2N)MN54      2.1379E-12  4.5280E-25   NB93(N,2N)NB92M     1.6240E-12  3.4397E-25   U238(N,FISSION)     4.6648E-12  9.8800E-25
   MN55(N,G)MN56       5.7502E-15  1.2179E-27   MO92(N,P)NB92M      3.6111E-13  7.6482E-26   U238(N,G)U239       7.0558E-14  1.4944E-26
   FE54(N,2N)FE53      8.7643E-15  1.8563E-27   RH103(N,N')RH103M   2.3270E-12  4.9285E-25   NP237(N,FISSION)    9.5748E-12  2.0279E-24
   FE54(N,P)MN54       1.6752E-12  3.5482E-25   AG109(N,G)AG110M    9.3836E-15  1.9874E-27   PU239(N,FISSION)    1.0769E-11  2.2808E-24
   FE54(N,A)CR51       3.2880E-13  6.9639E-26   IN113(N,N')IN113M   4.4860E-13  9.5012E-26   AM241(N,FISSION)    1.1208E-11  2.3739E-24
   FE56(N,P)MN56       4.3644E-13  9.2438E-26   IN113(N,G)IN114M    1.3527E-13  2.8650E-26   SC45(N,G)SC46       9.9618E-15  2.1099E-27

  INPUT FLUX REL. CORRELATION MATRIX (by row from diagonal)
   1   1000   988   952   895   821   734   641   546   454   368   291   225   169   124    89    62    43    29    19    12
          8     5     3     2     1     1     1     1     1     1     1     1     1     1     1     1     1     1     1     1
          1     1     1     1     1     1     1     1     1     1     1     1     1     1     1     1     1     1     1     1
          1     1     1     1     1     1     1     1     1     1     1     1     1     1     1     1     1     1     1     1
          1     1     1     1     1     1     1     1     1     1     1     1     1     1     1     2     2     2     3     4
          6     9     9     9     9     9     9     9     9     9     9     9     9     9     9     9     9     9     9     9
          9     9     9     9     9     9     9     9     9     9     9     9     9     9     9     9     9     9     9     9

  OUTPUT FLUX REL. CORRELATION MATRIX (by row from diagonal)
   1   1000   988   952   895   821   734   641   546   454   368   291   225   169   124    89    62    43    29    19    12
          8     5     3     2     1     1     1     1     1     1     1     0     0     0     0     0     0     0     0     0
          0     0     0     0     0     0     0     0     0     0     0     0     0     0     0     0     0     0     0     0
          0     0     0     0     0     0     0     0     0     0     0     0     0     0     0     0     0     1     1     1
          1     1     1     1     0     0     0     0     0     0     0     0     0     0     1     2     2     3     3     4
          6     9     9     9     9     9     9     9     9     9     9     9     9     9     9     9     9     9     9     9
          9     9     9     9     9     9     9     9     9     9     9     9     9     9     9     9     9     9     9     9
   2   1000   988   952   895   821   734   641   546   454   368   291   225   169   125    89    63    43    29    19    12
          8     5     3     2     2     1     1     1     1     1     1     1     1     1     0     0     0     0     0     0
          0     0     0     0     0     0     0     0     0     0     0     0     0     0     0     0     0     0     0     0
          0     0     0     0     0     0     0     0     0     0     0     0     1     1     1     1     1     1     1     1
          1     1     1     1     1     1     0     0     0     0     0     0     0     1     2     3     4     5     5     9
         12    12    12    12    12    12    12    12    12    12    12    12    12    12    12    12    12    12    12    12
         12    12    12    12    12    12    12    12    12    12    12    12    12    12    12    12    12    12    12
   3   1000   988   952   895   821   735   641   546   454   368   291   225   170   125    90    63    43    29    19    13
          8     5     4     3     2     2     1     1     1     1     1     1     1     1     1     0     0     0     0     0
          0     0     0     0     0     0     0     0     0     0     0     0     0     0     0     0     0     0     0     0
          0     0     0     0     0     0     0     0     0     1     1     1     1     1     1     1     1     1     1     1
          1     1     1     1     1     1     0     0     0     0     0     0     1     3     4     5     6     7    12    16
         16    16    16    16    16    16    16    16    16    16    16    16    16    16    16    16    16    16    16    16
         16    16    16    16    16    16    16    16    16    16    16    16    16    16    16    16    16    16
   4   1000   988   952   895   821   735   641   546   454   368   291   225   170   125    90    63    43    29    19    13
          8     6     4     3     2     2     1     1     1     1     1     1     1     1     0     0     0     0     0     0
          0     0     0     0     0     0     0     0     0     0     0     0     0     0     0     0     0     0     0     0
          0     0     0     0     0     0     0     0     1     1     1     1     1     1     1     1     1     1     1     1
          1     1     1     1     1     0     0     0     0     0     0     2     3     5     6     7     8    14    19    19
         19    19    19    19    19    19    19    19    19    19    19    19    19    19    19    19    19    19    19    19
         19    19    19    19    19    19    19    19    19    19    19    19    19    19    19    19    19
   5   1000   988   952   895   821   735   641   546   454   368   291   225   170   125    90    63    44    29    20    13
          9     6     4     3     2     2     1     1     1     1     1     1     1     1     0     0     0     0     0     0
          0     0     0     0     0     0     0     0     0     0     0     0     0     0     0     0     0     0     0     0
          0     0     0     0     0     0     1     1     1     1     1     1     1     1     1     1     1     1     1     1
          1     1     1     1     0     0     0     0     0     0     2     4     5     7     8     9    15    21    21    21
         21    21    21    21    21    21    21    21    21    21    21    21    21    21    21    21    21    21    21    21
         21    21    21    21    21    21    21    21    21    21    21    21    21    21    21    21
   6   1000   988   952   895   821   735   641   546   454   368   292   225   170   125    90    63    44    30    20    13
          9     6     4     3     2     2     1     1     1     1     1     1     1     0     0     0     0     0     0     0
          0     0     0     0     0     0     0     0     0     0     0     0     0     0     0     0     0     0     0     0
          0     0     0     0     0     1     1     1     1     1     1     1     1     1     1     2     1     1     1     1
          1     1     1     0     0     0     0     0     0     2     4     6     7     8    10    16    22    22    22    22
         22    22    22    22    22    22    22    22    22    22    22    22    22    22    22    22    22    22    22    22
         22    22    22    22    22    22    22    22    22    22    22    22    22    22    22
   7   1000   988   952   895   821   735   641   546   454   368   292   225   170   125    90    64    44    30    20    13
          9     6     4     3     2     2     1     1     1     1     1     1     0     0     0     0     0     0     0     0
          0     0     0     0     0     0     0     0     0     0     0     0     0     0     0     0     0     0     0     0
          0     0     0     0     1     1     1     1     1     1     1     1     2     2     2     2     2     1     1     1
          1     1     0     0     0     0     0     0     2     4     6     8     9    10    18    24    24    24    24    24
         24    24    24    24    24    24    24    24    24    24    24    24    24    24    24    24    24    24    24    24
         24    24    24    24    24    24    24    24    24    24    24    24    24    24
   8   1000   988   952   895   821   735   641   547   454   369   292   225   170   125    90    64    44    30    20    13
          9     6     4     3     2     2     1     1     1     1     1     0     0     0     0     0     0     0     0     0
          0     0     0     0     0     0     0     0     0     0     0     0     0     0     0     0     0     0     0     0
          0     0     0     1     1     1     1     1     1     1     2     2     2     2     2     2     2     1     1     1
          1     1     0     0     0     0     0     2     5     7     8    10    11    19    25    25    25    25    25    25
         25    25    25    25    25    25    25    25    25    25    25    25    25    25    25    25    25    25    25    25
         25    25    25    25    25    25    25    25    25    25    25    25    25
   9   1000   988   952   895   821   735   642   547   454   369   292   226   170   126    91    64    44    30    20    13
          9     6     4     3     2     2     1     1     1     1     0     0     0     0     0     0     0     0     0     0
          0     0     0     0     0     0     0     0     0     0     0     0     0     0     0     0     0     0     0     0
          0     0     1     1     1     1     1     1     2     2     2     2     2     2     2     2     2     1     1     1
          1     0     0     0     0     0     2     5     7     9    10    12    20    27    27    27    27    27    27    27
         27    27    27    27    27    27    27    27    27    27    27    27    27    27    27    27    27    27    27    27
         27    27    27    27    27    27    27    27    27    27    27    27
  10   1000   988   952   895   821   735   642   547   454   369   292   226   170   126    91    64    44    30    20    13
          9     6     4     3     2     2     1     1     1     0     0     0     0     0     0     0     0     0     0     0
          0     0     0     0     0     0     0     0     0     0     0     0     0     0     0     0     0     0     0     0
          0     1     1     1     1     1     1     2     2     2     2     2     2     2     2     2     1     1     1     1
          0     0     0     0     0     3     5     7     9    11    12    21    29    29    29    29    29    29    29    29
         29    29    29    29    29    29    29    29    29    29    29    29    29    29    29    29    29    29    29    29
         29    29    29    29    29    29    29    29    29    29    29
  11   1000   988   952   895   821   735   642   547   455   369   292   226   171   126    91    64    44    30    20    13
          9     6     4     3     2     1     1     1     0     0     0     0     0     0     0     0     0     0     0     0
          0     0     0     0     0     0     0     0     0     0     0     0     0     0     0     0     0     0     0     0
          1     1     1     1     1     2     2     2     2     2     2     2     2     2     2     2     1     1     1     0
          0     0     0     0     3     6     8    10    12    13    23    31    31    31    31    31    31    31    31    31
         31    31    31    31    31    31    31    31    31    31    31    31    31    31    31    31    31    31    31    31
         31    31    31    31    31    31    31    31    31    31
  12   1000   988   952   895   821   735   642   547   455   369   292   226   171   126    91    64    44    30    20    14
          9     6     4     3     2     1     1     0     0     0     0     0     0     0     0     0     0     0     0     0
          0     0     0     0     0     0     0     0     0     0     0     0     0     0     0     0     0     0     0     1
          1     1     1     1     2     2     2     2     2     2     2     2     2     2     2     1     1     1     0     0
          0     0     0     3     6     9    11    12    14    24    33    33    33    33    33    33    33    33    33    33
         33    33    33    33    33    33    33    33    33    33    33    33    33    33    33    33    33    33    33    33
         33    33    33    33    33    33    33    33    33
  13   1000   988   952   895   821   735   642   547   455   369   292   226   171   126    91    64    45    30    20    14
          9     6     4     3     2     1     1     0     0     0     0     0     0     0     0     0     0     0     0     0
          0     0     0     0     0     0     0     0     0     0     0     0     0     0     0     0     0     0     1     1
          1     1     2     2     2     2     2     2     2     2     2     2     2     2     1     1     1     0     0     0
         -1     0     3     7     9    11    13    15    26    35    35    35    35    35    35    35    35    35    35    35
         35    35    35    35    35    35    35    35    35    35    35    35    35    35    35    35    35    35    35    35
         35    35    35    35    35    35    35    35
  14   1000   988   952   895   821   735   642   547   455   369   293   226   171   126    91    65    45    30    20    14
          9     6     4     2     1     1     0     0     0     0     0     0     0     0     0     0     0     0     0     0
          0     0     0     0     0     0     0     0     0     0     0     0     0     0     0     0     0     1     1     1
          1     2     2     2     2     2     2     2     2     2     2     2     2     2     1     1     0     0     0    -1
          0     3     7    10    12    14    16    28    38    38    38    38    38    38    38    38    38    38    38    38
         38    38    38    38    38    38    38    38    38    38    38    38    38    38    38    38    38    38    38    38
         38    38    38    38    38    38    38
  15   1000   988   952   895   821   735   642   547   455   369   293   227   171   127    91    65    45    31    20    13
          9     6     3     2     1     0     0     0     0     0     0     0     0     0     0     0     0     0     0     0
          0     0     0     0     0     0     0     0     0     0     0     0     0     0     0     0     0     1     1     1
          2     2     2     2     2     3     3     3     3     2     2     2     2     1     1     0     0     0    -1     0
          4     7    10    13    15    17    30    40    40    40    40    40    40    40    40    40    40    40    40    40
         40    40    40    40    40    40    40    40    40    40    40    40    40    40    40    40    40    40    40    40
         40    40    40    40    40    40
  16   1000   988   952   895   821   735   642   547   455   370   293   227   171   127    92    65    45    31    20    13
          9     5     3     1     0     0     0     0    -1    -1    -1    -1    -1     0     0     0     0     0     0     0
          0     0     0     0     0     0     0     0     0     0     0     0     0     0     0     0     1     1     1     2
          2     2     2     3     3     3     3     3     3     2     2     2     1     1     0     0     0    -1     0     4
          8    11    14    16    19    32    43    43    43    43    43    43    43    43    43    43    43    43    43    43
         43    43    43    43    43    43    43    43    43    43    43    43    43    43    43    43    43    43    43    43
         43    43    43    43    43
  17   1000   988   952   895   821   735   642   547   455   370   293   227   172   127    92    65    45    31    20    13
          8     5     2     1     0     0    -1    -1    -1    -1    -1    -1    -1    -1     0     0     0     0     0     0
          0     0     0     0     0     0     0     0     0     0     0     0     0     0     0     1     1     1     2     2
          2     3     3     3     3     3     3     3     3     2     2     1     1     0     0     0    -1     0     4     8
         12    15    17    20    34    46    46    46    46    46    46    46    46    46    46    46    46    46    46    46
         46    46    46    46    46    46    46    46    46    46    46    46    46    46    46    46    46    46    46    46
         46    46    46    46
  18   1000   988   952   895   821   735   642   548   456   370   293   227   172   127    92    65    45    30    20    13
          8     4     2     0     0    -1    -1    -2    -2    -2    -2    -1    -1    -1    -1     0     0     0     0     0
          0     0     0     0     0     0     0     0     0     0     0     0     0     0     0     1     1     2     2     2
          3     3     3     3     3     3     3     3     2     2     2     1     0     0     0    -1     0     5     9    13
         16    18    21    36    48    48    48    48    48    48    48    48    48    48    48    48    48    48    48    48
         48    48    48    48    48    48    48    48    48    48    48    48    48    48    48    48    48    48    48    48
         48    48    48
  19   1000   988   952   895   821   735   642   548   456   370   294   228   172   128    92    65    45    30    20    12
          7     3     1     0    -1    -2    -2    -3    -3    -2    -2    -2    -1    -1    -1    -1     0     0     0     0
          0     0     0     0    -1    -1    -1    -1    -1     0     0     0     0     0     1     1     2     2     2     3
          3     3     3     3     3     3     3     3     2     2     1     0     0     0    -1     0     5    10    13    17
         20    22    38    52    52    52    52    52    52    52    52    52    52    52    52    52    52    52    52    52
         52    52    52    52    52    52    52    52    52    52    52    52    52    52    52    52    52    52    52    52
         52    52
  20   1000   988   952   895   821   735   643   548   456   371   294   228   173   128    93    65    45    30    19    11
          6     2     0    -1    -3    -3    -4    -4    -4    -3    -3    -2    -2    -2    -1    -1    -1    -1    -1    -1
         -1    -1    -1    -1    -1    -2    -1    -1    -1    -1     0     0     0     0     1     1     2     2     3     3
          3     3     3     3     3     3     3     2     2     1     0     0     0    -1     0     5    10    14    18    21
         24    41    55    55    55    55    55    55    55    55    55    55    55    55    55    55    55    55    55    55
         55    55    55    55    55    55    55    55    55    55    55    55    55    55    55    55    55    55    55    55
         55
  21   1000   988   952   895   822   736   643   548   457   371   295   229   173   128    93    65    45    29    18    10
          4     0    -2    -3    -4    -5    -5    -5    -5    -4    -4    -3    -3    -2    -2    -2    -2    -2    -2    -2
         -2    -2    -2    -2    -3    -3    -2    -2    -2    -1    -1     0     0     0     1     2     2     3     3     3
          3     4     4     3     3     3     2     2     1     0     0     0    -1     0     6    11    15    19    22    25
         43    59    59    59    59    59    59    59    59    59    59    59    59    59    59    59    59    59    59    59
         59    59    59    59    59    59    59    59    59    59    59    59    59    59    59    59    59    59    59    59
  22   1000   988   952   895   822   736   643   549   457   372   296   230   174   129    93    65    44    28    16     8
          2    -1    -4    -6    -7    -7    -7    -6    -6    -5    -5    -4    -4    -4    -3    -3    -3    -3    -3    -3
         -4    -4    -4    -4    -4    -4    -3    -3    -2    -2    -1     0     0     1     1     2     3     3     3     4
          4     4     4     3     3     3     2     1     1     0     0    -1     0     6    12    16    20    24    27    46
         63    63    63    63    63    63    63    63    63    63    63    63    63    63    63    63    63    63    63    63
         63    63    63    63    63    63    63    63    63    63    63    63    63    63    63    63    63    63    63
  23   1000   988   952   895   822   736   644   549   458   373   297   230   175   129    93    64    43    26    14     5
          0    -5    -7    -9    -9    -9    -9    -8    -8    -7    -6    -6    -5    -5    -5    -5    -5    -5    -5    -6
         -6    -6    -6    -6    -6    -5    -5    -4    -3    -2    -1     0     0     1     2     2     3     3     4     4
          4     4     4     3     3     2     1     1     0     0    -2     0     6    13    17    21    25    29    49    66
         66    66    66    66    66    66    66    66    66    66    66    66    66    66    66    66    66    66    66    66
         66    66    66    66    66    66    66    66    66    66    66    66    66    66    66    66    66    66
  24   1000   988   952   896   822   737   644   550   459   374   298   231   175   129    92    63    40    23    10     1
         -5    -9   -11   -13   -13   -13   -12   -11   -10   -10    -9    -8    -8    -8    -8    -8    -8    -8    -8    -9
         -9    -9    -9    -9    -8    -7    -6    -5    -4    -3    -1     0     0     1     2     2     3     3     4     4
          4     4     3     3     2     1     1     0     0    -1     0     7    13    18    22    26    30    51    68    68
         68    68    68    68    68    68    68    68    68    68    68    68    68    68    68    68    68    68    68    68
         68    68    68    68    68    68    68    68    68    68    68    68    68    68    68    68    68
  25   1000   988   952   896   822   737   645   551   460   375   299   232   175   128    90    59    36    18     4    -4
        -11   -15   -17   -17   -17   -17   -16   -15   -14   -13   -12   -12   -11   -11   -11   -12   -12   -12   -13   -13
        -13   -13   -13   -12   -11   -10    -8    -7    -5    -4    -2    -1     0     1     1     2     3     3     3     3
          3     3     3     2     2     1     0     0    -1     0     7    13    18    22    26    30    51    68    68    68
         68    68    68    68    68    68    68    68    68    68    68    68    68    68    68    68    68    68    68    68
         68    68    68    68    68    68    68    68    68    68    68    68    68    68    68    68
  26   1000   988   952   896   823   738   646   552   461   376   299   231   174   125    86    54    29    10    -3   -12
        -18   -22   -23   -23   -23   -22   -20   -19   -18   -17   -17   -16   -16   -16   -17   -17   -18   -18   -18   -19
        -19   -18   -17   -16   -14   -13   -11    -8    -6    -5    -3    -1     0     0     1     2     3     3     3     3
          3     3     2     2     1     0     0    -1     0     7    13    18    22    26    30    50    68    68    68    68
         68    68    68    68    68    68    68    68    68    68    68    68    68    68    68    68    68    68    68    68
         68    68    68    68    68    68    68    68    68    68    68    68    68    68    68
  27   1000   988   952   896   823   739   647   554   462   377   299   230   170   120    79    45    19     0   -13   -22
        -28   -30   -31   -31   -30   -28   -27   -25   -24   -24   -23   -23   -23   -23   -24   -25   -25   -26   -26   -26
        -26   -24   -23   -21   -18   -16   -13   -10    -8    -6    -4    -2     0     0     1     2     2     3     3     3
          2     2     2     1     0     0     0     1     8    14    18    22    26    29    50    67    67    67    67    67
         67    67    67    67    67    67    67    67    67    67    67    67    67    67    67    67    67    67    67    67
         67    67    67    67    67    67    67    67    67    67    67    67    67    67
  28   1000   988   953   897   824   740   648   555   463   376   297   226   164   112    68    33     6   -13   -26   -35
        -39   -41   -41   -40   -38   -36   -35   -33   -32   -32   -31   -32   -32   -33   -34   -35   -35   -36   -36   -35
        -34   -32   -29   -26   -22   -19   -15   -12    -9    -7    -4    -2    -1     0     1     1     2     2     2     2
          2     2     1     0     0     0     1     8    14    18    22    25    29    49    66    66    66    66    66    66
         66    66    66    66    66    66    66    66    66    66    66    66    66    66    66    66    66    66    66    66
         66    66    66    66    66    66    66    66    66    66    66    66    66
  29   1000   988   953   897   825   740   649   555   462   374   292   218   154    99    53    17   -10   -29   -42   -49
        -52   -53   -52   -50   -48   -46   -45   -43   -43   -43   -43   -43   -44   -45   -47   -48   -48   -48   -47   -46
        -43   -39   -35   -31   -26   -22   -18   -14   -11    -8    -5    -3    -1     0     0     1     2     2     2     2
          2     1     1     0     0     2     9    14    18    22    25    28    48    64    64    64    64    64    64    64
         64    64    64    64    64    64    64    64    64    64    64    64    64    64    64    64    64    64    64    64
         64    64    64    64    64    64    64    64    64    64    64    64
  30   1000   988   953   898   825   741   649   554   459   368   283   206   138    80    32    -4   -31   -49   -60   -66
        -68   -67   -65   -63   -61   -59   -57   -57   -56   -57   -57   -59   -60   -62   -63   -64   -64   -63   -61   -57
        -53   -47   -42   -36   -30   -25   -20   -16   -12    -9    -6    -3    -1     0     0     1     1     2     2     2
          2     1     1     1     3     9    15    18    22    25    28    46    62    62    62    62    62    62    62    62
         62    62    62    62    62    62    62    62    62    62    62    62    62    62    62    62    62    62    62    62
         62    62    62    62    62    62    62    62    62    62    62
  31   1000   988   953   898   826   741   648   550   453   358   269   187   116    55     7   -29   -55   -71   -80   -84
        -85   -83   -81   -78   -76   -74   -73   -73   -74   -75   -76   -78   -80   -82   -83   -83   -82   -79   -75   -69
        -62   -55   -48   -40   -34   -28   -22   -17   -13    -9    -6    -4    -2     0     0     1     1     2     2     2
          2     2     2     5    10    15    18    21    24    27    45    59    59    59    59    59    59    59    59    59
         59    59    59    59    59    59    59    59    59    59    59    59    59    59    59    59    59    59    59    59
         59    59    59    59    59    59    59    59    59    59
  32   1000   988   953   898   825   739   644   543   441   342   248   162    87    25   -22   -58   -81   -95  -102  -104
       -104  -102   -99   -97   -95   -93   -93   -94   -95   -98  -100  -103  -105  -106  -107  -105  -101   -96   -88   -80
        -71   -62   -53   -44   -37   -30   -23   -18   -13    -9    -6    -4    -2     0     0     1     2     2     2     3
          3     3     6    11    15    18    21    23    26    42    56    56    56    56    56    56    56    56    56    56
         56    56    56    56    56    56    56    56    56    56    56    56    56    56    56    56    56    56    56    56
         56    56    56    56    56    56    56    56    56
  33   1000   988   953   897   823   735   637   531   424   319   219   129    52    -9   -56   -88  -109  -121  -126  -127
       -125  -123  -120  -118  -117  -117  -118  -120  -123  -126  -129  -132  -134  -134  -132  -128  -121  -112  -101   -90
        -79   -67   -57   -47   -38   -31   -24   -18   -13    -9    -6    -3    -1     0     0     1     2     3     3     4
          5     8    13    16    18    20    22    25    40    52    52    52    52    52    52    52    52    52    52    52
         52    52    52    52    52    52    52    52    52    52    52    52    52    52    52    52    52    52    52    52
         52    52    52    52    52    52    52    52
  34   1000   988   953   896   820   728   625   514   400   288   183    90    13   -46   -90  -120  -138  -147  -151  -151
       -149  -147  -145  -144  -144  -145  -148  -151  -155  -159  -163  -165  -166  -163  -158  -150  -139  -126  -112   -98
        -84   -71   -60   -49   -39   -31   -24   -18   -13    -9    -6    -3    -1     0     1     2     3     4     6     7
         10    14    17    18    20    22    23    37    48    48    48    48    48    48    48    48    48    48    48    48
         48    48    48    48    48    48    48    48    48    48    48    48    48    48    48    48    48    48    48    48
         48    48    48    48    48    48    48
  35   1000   988   952   893   814   718   608   489   368   250   141    48   -27   -85  -125  -152  -167  -174  -177  -177
       -176  -174  -174  -174  -176  -180  -184  -189  -194  -199  -201  -202  -199  -193  -183  -169  -154  -137  -120  -104
        -88   -74   -61   -49   -39   -31   -23   -17   -12    -8    -5    -2     0     1     3     4     6     7     9    12
         16    18    19    19    20    22    34    43    43    43    43    43    43    43    43    43    43    43    43    43
         43    43    43    43    43    43    43    43    43    43    43    43    43    43    43    43    43    43    43    43
         43    43    43    43    43    43
  36   1000   988   950   889   805   702   585   458   329   207    96     4   -69  -122  -159  -183  -196  -203  -206  -206
       -206  -207  -208  -211  -215  -220  -226  -233  -238  -242  -242  -239  -232  -220  -204  -185  -165  -145  -125  -107
        -90   -74   -60   -48   -38   -29   -22   -16   -11    -7    -3     0     1     3     5     7     9    12    15    18
         19    19    19    19    20    30    37    37    37    37    37    37    37    37    37    37    37    37    37    37
         37    37    37    37    37    37    37    37    37    37    37    37    37    37    37    37    37    37    37    37
         37    37    37    37    37
  37   1000   987   948   883   793   682   556   421   287   161    51   -38  -108  -158  -192  -214  -227  -233  -237  -239
       -241  -244  -248  -253  -260  -267  -275  -282  -286  -287  -283  -274  -260  -242  -220  -197  -173  -149  -127  -107
        -89   -72   -58   -46   -36   -27   -20   -14    -9    -5    -1     1     3     6     8    11    14    18    20    20
         19    18    18    19    26    32    32    32    32    32    32    32    32    32    32    32    32    32    32    32
         32    32    32    32    32    32    32    32    32    32    32    32    32    32    32    32    32    32    32    32
         32    32    32    32
  38   1000   986   944   874   777   658   523   381   243   117     9   -77  -143  -191  -223  -244  -258  -266  -271  -276
       -281  -287  -294  -302  -311  -320  -328  -334  -335  -331  -321  -304  -283  -257  -230  -202  -175  -150  -126  -105
        -86   -69   -55   -42   -32   -24   -17   -11    -6    -2     0     4     7    10    14    17    21    22    21    19
         18    17    17    23    26    26    26    26    26    26    26    26    26    26    26    26    26    26    26    26
         26    26    26    26    26    26    26    26    26    26    26    26    26    26    26    26    26    26    26    26
         26    26    26
  39   1000   985   940   864   759   630   488   341   201    77   -28  -111  -175  -221  -253  -275  -290  -301  -310  -318
       -326  -336  -346  -357  -368  -377  -384  -386  -381  -369  -351  -326  -297  -266  -234  -203  -173  -146  -121  -100
        -80   -64   -50   -38   -28   -20   -13    -8    -3     0     4     8    12    16    20    24    25    22    20    17
         16    15    19    20    20    20    20    20    20    20    20    20    20    20    20    20    20    20    20    20
         20    20    20    20    20    20    20    20    20    20    20    20    20    20    20    20    20    20    20    20
         20    20
  40   1000   984   935   852   739   603   455   306   166    44   -58  -139  -202  -248  -282  -306  -324  -339  -352  -364
       -377  -390  -403  -416  -428  -435  -437  -433  -420  -399  -371  -338  -302  -266  -231  -197  -167  -139  -114   -92
        -73   -57   -44   -33   -23   -16    -9    -4     0     4     9    13    18    24    28    28    24    20    17    15
         14    15    15    15    15    15    15    15    15    15    15    15    15    15    15    15    15    15    15    15
         15    15    15    15    15    15    15    15    15    15    15    15    15    15    15    15    15    15    15    15
         15
  41   1000   983   929   839   719   578   427   278   140    20   -80  -161  -224  -273  -309  -338  -361  -380  -398  -414
       -431  -448  -463  -477  -486  -489  -483  -469  -446  -415  -378  -339  -298  -259  -222  -187  -156  -128  -104   -83
        -65   -50   -37   -27   -18   -11    -5     0     5    10    15    21    27    31    30    25    21    17    14    12
         12     9     9     9     9     9     9     9     9     9     9     9     9     9     9     9     9     9     9     9
          9     9     9     9     9     9     9     9     9     9     9     9     9     9     9     9     9     9     9     9
  42   1000   981   923   828   703   558   407   259   124     5   -94  -177  -242  -295  -336  -370  -398  -423  -446  -467
       -488  -506  -522  -533  -536  -531  -516  -491  -457  -417  -373  -329  -286  -244  -207  -172  -142  -115   -92   -72
        -56   -42   -30   -20   -12    -5     0     5    11    17    23    30    34    33    27    21    17    13    11     9
          5     5     5     5     5     5     5     5     5     5     5     5     5     5     5     5     5     5     5     5
          5     5     5     5     5     5     5     5     5     5     5     5     5     5     5     5     5     5     5
  43   1000   980   918   819   692   547   397   251   117     0  -102  -187  -257  -314  -361  -401  -435  -466  -493  -519
       -541  -560  -573  -578  -573  -556  -529  -493  -450  -403  -356  -309  -265  -224  -187  -154  -125  -100   -78   -60
        -45   -33   -22   -14    -6     0     6    12    18    25    32    37    35    28    22    17    13    10     6     1
          1     1     1     1     1     1     1     1     1     1     1     1     1     1     1     1     1     1     1     1
          1     1     1     1     1     1     1     1     1     1     1     1     1     1     1     1     1     1
  44   1000   979   915   815   687   544   397   253   120     0  -103  -192  -267  -331  -384  -430  -470  -506  -537  -565
       -587  -602  -609  -604  -588  -560  -522  -476  -427  -377  -327  -280  -237  -198  -163  -132  -106   -83   -64   -48
        -35   -24   -14    -6     0     6    13    19    27    35    39    37    29    22    17    12     9     5    -1    -1
         -1    -1    -1    -1    -1    -1    -1    -1    -1    -1    -1    -1    -1    -1    -1    -1    -1    -1    -1    -1
         -1    -1    -1    -1    -1    -1    -1    -1    -1    -1    -1    -1    -1    -1    -1    -1    -1
  45   1000   978   914   814   689   549   404   262   129     8   -99  -193  -274  -344  -404  -456  -501  -540  -573  -600
       -618  -627  -624  -608  -579  -540  -493  -443  -391  -339  -291  -246  -205  -169  -138  -110   -87   -67   -50   -36
        -25   -15    -7     0     6    13    20    28    36    41    38    30    23    17    12     9     4    -2    -2    -2
         -2    -2    -2    -2    -2    -2    -2    -2    -2    -2    -2    -2    -2    -2    -2    -2    -2    -2    -2    -2
         -2    -2    -2    -2    -2    -2    -2    -2    -2    -2    -2    -2    -2    -2    -2    -2
  46   1000   978   915   817   696   559   417   276   142    18   -92  -191  -278  -353  -419  -475  -523  -564  -596  -619
       -630  -629  -614  -586  -547  -500  -449  -396  -344  -295  -250  -209  -172  -140  -112   -88   -68   -51   -37   -25
        -15    -7     0     6    13    20    28    36    41    39    31    23    17    13     9     4    -2    -2    -2    -2
         -2    -2    -2    -2    -2    -2    -2    -2    -2    -2    -2    -2    -2    -2    -2    -2    -2    -2    -2    -2
         -2    -2    -2    -2    -2    -2    -2    -2    -2    -2    -2    -2    -2    -2    -2
  47   1000   978   917   823   705   572   432   292   157    31   -84  -187  -279  -359  -428  -487  -536  -575  -603  -619
       -620  -607  -581  -543  -497  -446  -394  -343  -294  -249  -208  -171  -139  -111   -88   -68   -51   -37   -25   -15
         -7     0     6    13    20    28    36    41    38    31    23    17    13    10     5    -1    -1    -1    -1    -1
         -1    -1    -1    -1    -1    -1    -1    -1    -1    -1    -1    -1    -1    -1    -1    -1    -1    -1    -1    -1
         -1    -1    -1    -1    -1    -1    -1    -1    -1    -1    -1    -1    -1    -1
  48   1000   979   920   829   715   585   447   308   172    43   -75  -182  -277  -359  -431  -490  -537  -572  -593  -599
       -589  -565  -529  -485  -436  -385  -335  -287  -243  -203  -167  -136  -109   -86   -66   -50   -36   -24   -15    -7
          0     6    13    20    28    35    40    38    30    23    18    13    10     6     0     0     0     0     0     0
          0     0     0     0     0     0     0     0     0     0     0     0     0     0     0     0     0     0     0     0
          0     0     0     0     0     0     0     0     0     0     0     0     0
  49   1000   980   923   836   725   598   461   322   185    54   -65  -175  -272  -356  -427  -484  -527  -555  -566  -561
       -541  -508  -467  -420  -371  -323  -277  -235  -196  -162  -131  -105   -83   -64   -48   -35   -23   -14    -6     0
          6    12    19    26    34    39    37    30    23    18    14    11     8     3     3     3     3     3     3     3
          3     3     3     3     3     3     3     3     3     3     3     3     3     3     3     3     3     3     3     3
          3     3     3     3     3     3     3     3     3     3     3     3
  50   1000   981   926   841   733   608   472   333   196    64   -57  -168  -265  -349  -418  -470  -506  -525  -525  -510
       -482  -444  -401  -355  -309  -265  -225  -188  -155  -126  -101   -79   -61   -46   -33   -22   -13    -6     0     6
         12    18    25    32    37    35    29    23    18    15    12    11     7     7     7     7     7     7     7     7
          7     7     7     7     7     7     7     7     7     7     7     7     7     7     7     7     7     7     7     7
          7     7     7     7     7     7     7     7     7     7     7
  51   1000   982   929   846   740   616   482   343   205    73   -49  -160  -257  -338  -403  -449  -476  -484  -475  -453
       -419  -380  -337  -294  -253  -214  -179  -148  -120   -96   -75   -58   -43   -31   -21   -13    -6     0     6    11
         17    24    31    35    34    29    23    19    16    14    13    11    11    11    11    11    11    11    11    11
         11    11    11    11    11    11    11    11    11    11    11    11    11    11    11    11    11    11    11    11
         11    11    11    11    11    11    11    11    11    11
  52   1000   982   931   850   745   622   488   350   212    80   -42  -152  -247  -324  -382  -420  -438  -437  -421  -393
       -358  -319  -279  -241  -204  -171  -141  -114   -92   -72   -55   -41   -30   -20   -12    -5     0     5    10    16
         22    29    33    33    28    23    19    16    15    15    14    14    14    14    14    14    14    14    14    14
         14    14    14    14    14    14    14    14    14    14    14    14    14    14    14    14    14    14    14    14
         14    14    14    14    14    14    14    14    14
  53   1000   983   932   852   748   627   493   355   217    85   -36  -144  -235  -307  -358  -387  -396  -388  -367  -337
       -302  -266  -229  -195  -163  -135  -110   -88   -69   -53   -40   -29   -19   -12    -5     0     5    10    15    21
         27    32    32    28    23    20    17    16    17    17    17    17    17    17    17    17    17    17    17    17
         17    17    17    17    17    17    17    17    17    17    17    17    17    17    17    17    17    17    17    17
         17    17    17    17    17    17    17    17
  54   1000   983   933   854   751   630   497   358   221    89   -31  -136  -223  -288  -331  -352  -353  -340  -316  -286
       -253  -220  -188  -157  -130  -106   -85   -67   -52   -39   -28   -19   -12    -5     0     4     9    14    20    26
         30    31    27    23    20    18    17    19    20    20    20    20    20    20    20    20    20    20    20    20
         20    20    20    20    20    20    20    20    20    20    20    20    20    20    20    20    20    20    20    20
         20    20    20    20    20    20    20
  55   1000   983   934   855   753   632   499   360   222    91   -27  -129  -210  -268  -302  -316  -312  -296  -271  -242
       -212  -182  -153  -127  -104   -83   -66   -51   -38   -28   -19   -12    -6     0     3     8    13    19    24    29
         30    27    23    20    18    17    21    21    21    21    21    21    21    21    21    21    21    21    21    21
         21    21    21    21    21    21    21    21    21    21    21    21    21    21    21    21    21    21    21    21
         21    21    21    21    21    21
  56   1000   983   934   856   753   632   498   359   221    91   -25  -122  -196  -246  -274  -281  -274  -256  -232  -205
       -177  -150  -125  -103   -83   -65   -51   -38   -28   -20   -12    -6    -1     3     7    12    18    23    28    30
         27    23    21    19    18    22    23    23    23    23    23    23    23    23    23    23    23    23    23    23
         23    23    23    23    23    23    23    23    23    23    23    23    23    23    23    23    23    23    23    23
         23    23    23    23    23
  57   1000   983   934   856   753   631   496   356   217    88   -24  -115  -182  -225  -246  -249  -240  -222  -199  -174
       -149  -125  -103   -83   -66   -52   -39   -29   -21   -13    -7    -2     2     6    11    17    23    28    29    27
         24    21    19    18    22    23    23    23    23    23    23    23    23    23    23    23    23    23    23    23
         23    23    23    23    23    23    23    23    23    23    23    23    23    23    23    23    23    23    23    23
         23    23    23    23
  58   1000   983   934   855   751   628   491   350   211    84   -23  -108  -168  -204  -220  -220  -210  -192  -171  -148
       -126  -104   -85   -68   -54   -41   -31   -22   -15    -9    -3     0     5    10    16    22    27    29    27    24
         21    20    19    22    23    23    23    23    23    23    23    23    23    23    23    23    23    23    23    23
         23    23    23    23    23    23    23    23    23    23    23    23    23    23    23    23    23    23    23    23
         23    23    23
  59   1000   983   934   854   748   622   484   341   203    80   -22  -100  -153  -183  -196  -194  -183  -167  -147  -126
       -106   -88   -71   -56   -44   -33   -24   -17   -11    -5     0     4     9    15    21    27    30    28    25    22
         20    19    22    22    22    22    22    22    22    22    22    22    22    22    22    22    22    22    22    22
         22    22    22    22    22    22    22    22    22    22    22    22    22    22    22    22    22    22    22    22
         22    22
  60   1000   983   933   851   743   615   474   331   195    77   -18   -89  -136  -162  -172  -170  -159  -144  -126  -108
        -90   -74   -59   -46   -36   -27   -19   -13    -7    -2     2     8    14    21    27    30    28    25    22    20
         19    22    21    21    21    21    21    21    21    21    21    21    21    21    21    21    21    21    21    21
         21    21    21    21    21    21    21    21    21    21    21    21    21    21    21    21    21    21    21    21
         21
  61   1000   983   931   848   736   605   463   321   189    76   -12   -76  -118  -141  -149  -147  -137  -123  -108   -92
        -76   -62   -50   -39   -30   -22   -15   -10    -4     0     6    12    20    27    31    29    26    23    21    19
         21    19    19    19    19    19    19    19    19    19    19    19    19    19    19    19    19    19    19    19
         19    19    19    19    19    19    19    19    19    19    19    19    19    19    19    19    19    19    19    19
  62   1000   982   929   843   729   595   453   313   187    81     0   -59   -97  -118  -126  -124  -116  -104   -91   -77
        -64   -52   -42   -33   -25   -19   -13    -7    -2     4    11    19    27    31    30    27    24    21    19    20
         17    17    17    17    17    17    17    17    17    17    17    17    17    17    17    17    17    17    17    17
         17    17    17    17    17    17    17    17    17    17    17    17    17    17    17    17    17    17    17
  63   1000   982   927   838   721   586   446   311   192    93    17   -37   -73   -93  -102  -102   -96   -87   -76   -65
        -54   -45   -36   -28   -22   -16   -10    -4     1     8    18    27    32    31    28    25    22    20    20    16
         16    16    16    16    16    16    16    16    16    16    16    16    16    16    16    16    16    16    16    16
         16    16    16    16    16    16    16    16    16    16    16    16    16    16    16    16    16    16
  64   1000   981   924   833   715   582   446   317   205   112    40   -11   -46   -67   -77   -79   -76   -70   -62   -54
        -46   -38   -31   -25   -19   -14    -8    -1     6    15    26    32    31    29    25    23    20    19    14    14
         14    14    14    14    14    14    14    14    14    14    14    14    14    14    14    14    14    14    14    14
         14    14    14    14    14    14    14    14    14    14    14    14    14    14    14    14    14
  65   1000   980   922   830   713   584   453   332   226   138    70    19   -16   -39   -52   -57   -58   -55   -50   -45
        -39   -34   -28   -23   -17   -12    -5     2    13    24    31    32    30    27    24    21    19    13    13    13
         13    13    13    13    13    13    13    13    13    13    13    13    13    13    13    13    13    13    13    13
         13    13    13    13    13    13    13    13    13    13    13    13    13    13    13    13
  66   1000   980   921   830   717   593   470   355   254   170   103    52    14   -11   -27   -37   -41   -42   -40   -37
        -34   -30   -26   -21   -16    -9    -1     9    22    31    32    31    28    25    22    20    13    13    13    13
         13    13    13    13    13    13    13    13    13    13    13    13    13    13    13    13    13    13    13    13
         13    13    13    13    13    13    13    13    13    13    13    13    13    13    13
  67   1000   980   922   834   726   609   493   385   288   206   139    86    45    16    -4   -17   -26   -30   -32   -32
        -30   -28   -24   -20   -14    -5     5    19    29    32    31    29    26    24    21    13    13    13    13    13
         13    13    13    13    13    13    13    13    13    13    13    13    13    13    13    13    13    13    13    13
         13    13    13    13    13    13    13    13    13    13    13    13    13    13
  68   1000   980   925   841   740   630   521   417   324   242   174   118    74    41    16    -1   -13   -21   -25   -27
        -27   -26   -23   -18   -10     0    14    27    31    32    30    28    25    23    15    15    15    15    15    15
         15    15    15    15    15    15    15    15    15    15    15    15    15    15    15    15    15    15    15    15
         15    15    15    15    15    15    15    15    15    15    15    15    15
  69   1000   981   929   851   756   653   550   450   358   276   206   147    99    62    33    11    -3   -14   -21   -25
        -26   -25   -21   -15    -4    10    23    30    32    31    29    27    26    18    18    18    18    18    18    18
         18    18    18    18    18    18    18    18    18    18    18    18    18    18    18    18    18    18    18    18
         18    18    18    18    18    18    18    18    18    18    18    18
  70   1000   982   934   861   773   676   576   479   388   305   233   171   120    79    46    21     3    -9   -18   -23
        -25   -24   -19   -10     4    20    28    31    31    30    29    29    22    22    22    22    22    22    22    22
         22    22    22    22    22    22    22    22    22    22    22    22    22    22    22    22    22    22    22    22
         22    22    22    22    22    22    22    22    22    22    22
  71   1000   984   939   871   788   696   599   504   413   329   254   190   136    91    56    28     8    -6   -16   -22
        -25   -22   -15    -1    15    26    31    32    32    31    32    26    26    26    26    26    26    26    26    26
         26    26    26    26    26    26    26    26    26    26    26    26    26    26    26    26    26    26    26    26
         26    26    26    26    26    26    26    26    26    26
  72   1000   985   943   880   801   711   617   522   431   346   270   203   146   100    62    32    10    -5   -16   -23
        -24   -19    -6    10    23    29    32    33    33    36    32    32    32    32    32    32    32    32    32    32
         32    32    32    32    32    32    32    32    32    32    32    32    32    32    32    32    32    32    32    32
         32    32    32    32    32    32    32    32    32
  73   1000   986   947   886   810   723   630   536   444   358   280   212   153   105    65    34    10    -6   -18   -24
        -23   -12     5    19    27    32    34    34    40    37    37    37    37    37    37    37    37    37    37    37
         37    37    37    37    37    37    37    37    37    37    37    37    37    37    37    37    37    37    37    37
         37    37    37    37    37    37    37    37
  74   1000   987   949   891   817   731   639   545   453   366   287   217   157   107    66    34     9    -8   -20   -25
        -18     0    15    25    31    34    36    44    43    43    43    43    43    43    43    43    43    43    43    43
         43    43    43    43    43    43    43    43    43    43    43    43    43    43    43    43    43    43    43    43
         43    43    43    43    43    43    43
  75   1000   987   951   895   822   737   645   551   459   371   291   220   159   108    65    31     5   -13   -24   -22
         -7     9    21    29    33    36    47    48    48    48    48    48    48    48    48    48    48    48    48    48
         48    48    48    48    48    48    48    48    48    48    48    48    48    48    48    48    48    48    48    48
         48    48    48    48    48    48
  76   1000   988   952   897   824   740   649   555   462   374   293   221   159   106    62    26    -1   -21   -27   -15
          2    15    25    32    36    49    54    54    54    54    54    54    54    54    54    54    54    54    54    54
         54    54    54    54    54    54    54    54    54    54    54    54    54    54    54    54    54    54    54    54
         54    54    54    54    54
  77   1000   988   953   898   826   743   651   557   464   375   294   221   156   101    55    15   -15   -30   -23    -7
          8    20    28    34    51    58    58    58    58    58    58    58    58    58    58    58    58    58    58    58
         58    58    58    58    58    58    58    58    58    58    58    58    58    58    58    58    58    58    58    58
         58    58    58    58
  78   1000   988   954   899   828   744   653   558   465   375   293   218   151    92    40    -3   -31   -33   -18    -1
         12    23    31    51    62    62    62    62    62    62    62    62    62    62    62    62    62    62    62    62
         62    62    62    62    62    62    62    62    62    62    62    62    62    62    62    62    62    62    62    62
         62    62    62
  79   1000   988   954   900   828   745   654   559   465   374   289   211   139    73    13   -30   -43   -33   -15     1
         14    24    49    65    65    65    65    65    65    65    65    65    65    65    65    65    65    65    65    65
         65    65    65    65    65    65    65    65    65    65    65    65    65    65    65    65    65    65    65    65
         65    65
  80   1000   988   954   900   829   746   654   559   463   370   281   197   116    37   -26   -55   -50   -33   -14     2
         15    44    67    67    67    67    67    67    67    67    67    67    67    67    67    67    67    67    67    67
         67    67    67    67    67    67    67    67    67    67    67    67    67    67    67    67    67    67    67    67
         67
  81   1000   988   954   900   829   746   653   557   459   361   265   169    70   -18   -67   -72   -55   -34   -14     1
         36    68    68    68    68    68    68    68    68    68    68    68    68    68    68    68    68    68    68    68
         68    68    68    68    68    68    68    68    68    68    68    68    68    68    68    68    68    68    68    68
  82   1000   988   955   900   829   745   651   552   449   343   231   111    -5   -78   -96   -82   -59   -36   -16    25
         68    68    68    68    68    68    68    68    68    68    68    68    68    68    68    68    68    68    68    68
         68    68    68    68    68    68    68    68    68    68    68    68    68    68    68    68    68    68    68
  83   1000   988   955   900   829   743   647   542   429   304   161    14   -88  -122  -114   -91   -64   -40     9    66
         66    66    66    66    66    66    66    66    66    66    66    66    66    66    66    66    66    66    66    66
         66    66    66    66    66    66    66    66    66    66    66    66    66    66    66    66    66    66
  84   1000   988   954   900   827   739   637   521   385   222    42   -95  -150  -150  -127   -98   -69   -11    62    62
         62    62    62    62    62    62    62    62    62    62    62    62    62    62    62    62    62    62    62    62
         62    62    62    62    62    62    62    62    62    62    62    62    62    62    62    62    62
  85   1000   988   954   898   823   729   614   473   291    78   -96  -177  -188  -168  -137  -105   -36    57    57    57
         57    57    57    57    57    57    57    57    57    57    57    57    57    57    57    57    57    57    57    57
         57    57    57    57    57    57    57    57    57    57    57    57    57    57    57    57
  86   1000   988   953   895   814   707   565   370   126   -90  -201  -226  -211  -181  -145   -66    51    51    51    51
         51    51    51    51    51    51    51    51    51    51    51    51    51    51    51    51    51    51    51    51
         51    51    51    51    51    51    51    51    51    51    51    51    51    51    51
  87   1000   988   951   888   794   658   456   185   -72  -216  -261  -254  -226  -188  -100    42    42    42    42    42
         42    42    42    42    42    42    42    42    42    42    42    42    42    42    42    42    42    42    42    42
         42    42    42    42    42    42    42    42    42    42    42    42    42    42
  88   1000   987   947   872   749   548   257   -38  -219  -287  -293  -269  -232  -136    32    32    32    32    32    32
         32    32    32    32    32    32    32    32    32    32    32    32    32    32    32    32    32    32    32    32
         32    32    32    32    32    32    32    32    32    32    32    32    32
  89   1000   985   936   834   646   346    16  -202  -297  -320  -305  -272  -171    21    21    21    21    21    21    21
         21    21    21    21    21    21    21    21    21    21    21    21    21    21    21    21    21    21    21    21
         21    21    21    21    21    21    21    21    21    21    21    21
  90   1000   982   911   748   454   101  -154  -281  -325  -324  -300  -200     7     7     7     7     7     7     7     7
          7     7     7     7     7     7     7     7     7     7     7     7     7     7     7     7     7     7     7     7
          7     7     7     7     7     7     7     7     7     7     7
  91   1000   972   853   588   227   -60  -221  -292  -312  -302  -216    -8    -8    -8    -8    -8    -8    -8    -8    -8
         -8    -8    -8    -8    -8    -8    -8    -8    -8    -8    -8    -8    -8    -8    -8    -8    -8    -8    -8    -8
         -8    -8    -8    -8    -8    -8    -8    -8    -8    -8
  92   1000   950   749   411   104   -89  -193  -241  -254  -199   -25   -25   -25   -25   -25   -25   -25   -25   -25   -25
        -25   -25   -25   -25   -25   -25   -25   -25   -25   -25   -25   -25   -25   -25   -25   -25   -25   -25   -25   -25
        -25   -25   -25   -25   -25   -25   -25   -25   -25
  93   1000   915   656   365   150    13   -68  -114  -120   -43   -43   -43   -43   -43   -43   -43   -43   -43   -43   -43
        -43   -43   -43   -43   -43   -43   -43   -43   -43   -43   -43   -43   -43   -43   -43   -43   -43   -43   -43   -43
        -43   -43   -43   -43   -43   -43   -43   -43
  94   1000   901   692   497   349   242   163    78   -11   -11   -11   -11   -11   -11   -11   -11   -11   -11   -11   -11
        -11   -11   -11   -11   -11   -11   -11   -11   -11   -11   -11   -11   -11   -11   -11   -11   -11   -11   -11   -11
        -11   -11   -11   -11   -11   -11   -11
  95   1000   934   813   695   592   503   361    91    91    91    91    91    91    91    91    91    91    91    91    91
         91    91    91    91    91    91    91    91    91    91    91    91    91    91    91    91    91    91    91    91
         91    91    91    91    91    91
  96   1000   966   898   822   744   581   185   185   185   185   185   185   185   185   185   185   185   185   185   185
        185   185   185   185   185   185   185   185   185   185   185   185   185   185   185   185   185   185   185   185
        185   185   185   185   185
  97   1000   981   937   880   721   258   258   258   258   258   258   258   258   258   258   258   258   258   258   258
        258   258   258   258   258   258   258   258   258   258   258   258   258   258   258   258   258   258   258   258
        258   258   258   258
  98   1000   987   953   813   319   319   319   319   319   319   319   319   319   319   319   319   319   319   319   319
        319   319   319   319   319   319   319   319   319   319   319   319   319   319   319   319   319   319   319   319
        319   319   319
  99   1000   989   876   376   376   376   376   376   376   376   376   376   376   376   376   376   376   376   376   376
        376   376   376   376   376   376   376   376   376   376   376   376   376   376   376   376   376   376   376   376
        376   376
 100   1000   920   432   432   432   432   432   432   432   432   432   432   432   432   432   432   432   432   432   432
        432   432   432   432   432   432   432   432   432   432   432   432   432   432   432   432   432   432   432   432
        432
 101   1000   740   740   740   740   740   740   740   740   740   740   740   740   740   740   740   740   740   740   740
        740   740   740   740   740   740   740   740   740   740   740   740   740   740   740   740   740   740   740   740
 102   1000  1000  1000  1000  1000  1000  1000  1000  1000  1000  1000  1000  1000  1000  1000  1000  1000  1000  1000  1000
       1000  1000  1000  1000  1000  1000  1000  1000  1000  1000  1000  1000  1000  1000  1000  1000  1000  1000  1000
 103   1000  1000  1000  1000  1000  1000  1000  1000  1000  1000  1000  1000  1000  1000  1000  1000  1000  1000  1000  1000
       1000  1000  1000  1000  1000  1000  1000  1000  1000  1000  1000  1000  1000  1000  1000  1000  1000  1000
 104   1000  1000  1000  1000  1000  1000  1000  1000  1000  1000  1000  1000  1000  1000  1000  1000  1000  1000  1000  1000
       1000  1000  1000  1000  1000  1000  1000  1000  1000  1000  1000  1000  1000  1000  1000  1000  1000
 105   1000  1000  1000  1000  1000  1000  1000  1000  1000  1000  1000  1000  1000  1000  1000  1000  1000  1000  1000  1000
       1000  1000  1000  1000  1000  1000  1000  1000  1000  1000  1000  1000  1000  1000  1000  1000
 106   1000  1000  1000  1000  1000  1000  1000  1000  1000  1000  1000  1000  1000  1000  1000  1000  1000  1000  1000  1000
       1000  1000  1000  1000  1000  1000  1000  1000  1000  1000  1000  1000  1000  1000  1000
 107   1000  1000  1000  1000  1000  1000  1000  1000  1000  1000  1000  1000  1000  1000  1000  1000  1000  1000  1000  1000
       1000  1000  1000  1000  1000  1000  1000  1000  1000  1000  1000  1000  1000  1000
 108   1000  1000  1000  1000  1000  1000  1000  1000  1000  1000  1000  1000  1000  1000  1000  1000  1000  1000  1000  1000
       1000  1000  1000  1000  1000  1000  1000  1000  1000  1000  1000  1000  1000
 109   1000  1000  1000  1000  1000  1000  1000  1000  1000  1000  1000  1000  1000  1000  1000  1000  1000  1000  1000  1000
       1000  1000  1000  1000  1000  1000  1000  1000  1000  1000  1000  1000
 110   1000  1000  1000  1000  1000  1000  1000  1000  1000  1000  1000  1000  1000  1000  1000  1000  1000  1000  1000  1000
       1000  1000  1000  1000  1000  1000  1000  1000  1000  1000  1000
 111   1000  1000  1000  1000  1000  1000  1000  1000  1000  1000  1000  1000  1000  1000  1000  1000  1000  1000  1000  1000
       1000  1000  1000  1000  1000  1000  1000  1000  1000  1000
 112   1000  1000  1000  1000  1000  1000  1000  1000  1000  1000  1000  1000  1000  1000  1000  1000  1000  1000  1000  1000
       1000  1000  1000  1000  1000  1000  1000  1000  1000
 113   1000  1000  1000  1000  1000  1000  1000  1000  1000  1000  1000  1000  1000  1000  1000  1000  1000  1000  1000  1000
       1000  1000  1000  1000  1000  1000  1000  1000
 114   1000  1000  1000  1000  1000  1000  1000  1000  1000  1000  1000  1000  1000  1000  1000  1000  1000  1000  1000  1000
       1000  1000  1000  1000  1000  1000  1000
 115   1000  1000  1000  1000  1000  1000  1000  1000  1000  1000  1000  1000  1000  1000  1000  1000  1000  1000  1000  1000
       1000  1000  1000  1000  1000  1000
 116   1000  1000  1000  1000  1000  1000  1000  1000  1000  1000  1000  1000  1000  1000  1000  1000  1000  1000  1000  1000
       1000  1000  1000  1000  1000
 117   1000  1000  1000  1000  1000  1000  1000  1000  1000  1000  1000  1000  1000  1000  1000  1000  1000  1000  1000  1000
       1000  1000  1000  1000
 118   1000  1000  1000  1000  1000  1000  1000  1000  1000  1000  1000  1000  1000  1000  1000  1000  1000  1000  1000  1000
       1000  1000  1000
 119   1000  1000  1000  1000  1000  1000  1000  1000  1000  1000  1000  1000  1000  1000  1000  1000  1000  1000  1000  1000
       1000  1000
 120   1000  1000  1000  1000  1000  1000  1000  1000  1000  1000  1000  1000  1000  1000  1000  1000  1000  1000  1000  1000
       1000
 121   1000  1000  1000  1000  1000  1000  1000  1000  1000  1000  1000  1000  1000  1000  1000  1000  1000  1000  1000  1000
 122   1000  1000  1000  1000  1000  1000  1000  1000  1000  1000  1000  1000  1000  1000  1000  1000  1000  1000  1000
 123   1000  1000  1000  1000  1000  1000  1000  1000  1000  1000  1000  1000  1000  1000  1000  1000  1000  1000
 124   1000  1000  1000  1000  1000  1000  1000  1000  1000  1000  1000  1000  1000  1000  1000  1000  1000
 125   1000  1000  1000  1000  1000  1000  1000  1000  1000  1000  1000  1000  1000  1000  1000  1000
 126   1000  1000  1000  1000  1000  1000  1000  1000  1000  1000  1000  1000  1000  1000  1000
 127   1000  1000  1000  1000  1000  1000  1000  1000  1000  1000  1000  1000  1000  1000
 128   1000  1000  1000  1000  1000  1000  1000  1000  1000  1000  1000  1000  1000
 129   1000  1000  1000  1000  1000  1000  1000  1000  1000  1000  1000  1000
 130   1000  1000  1000  1000  1000  1000  1000  1000  1000  1000  1000
 131   1000  1000  1000  1000  1000  1000  1000  1000  1000  1000
 132   1000  1000  1000  1000  1000  1000  1000  1000  1000
 133   1000  1000  1000  1000  1000  1000  1000  1000
 134   1000  1000  1000  1000  1000  1000  1000
 135   1000  1000  1000  1000  1000  1000
 136   1000  1000  1000  1000  1000
 137   1000  1000  1000  1000
 138   1000  1000  1000
 139   1000  1000
 140   1000

 Finished!
