NIF_RUN Passive 18x snout on TANDM 90-348 Pinhole
  140    5    1    0    0
   0.00500   9.00000   0.00500   0.00100
   0.0000000   0   0 1.00000000E+00   1.0000000
ZR902    1.672E-12 0.010       0.00       0.00        (    )
IN115N   4.637E-13 0.007       0.00       0.00        (    )
AU197G   1.187E-11 0.053       0.00 AUNG  1.00 IFX    (ISTP)
IN115G   1.158E-13 0.020       0.00 INNG 10.00 IFX    (ISTP)
AU1972   7.918E-14 0.013       0.00       0.00        (    )
Flux Uncertainty
   5
 1.0000E-11 1.0000E-03 1.2000E+01 1.3000E+01 2.0100E+01
 9.9000E-01 9.9000E-01 5.0000E-01 5.0000E-02 1.0000E-02
Input Flux Spectrum
 140   1 1.000E+00 2.000E+01 5.000E-08
 7.1421E+08 7.1421E+07 4.9445E+07 2.3807E+07 2.4723E+07 1.6482E+07 1.1687E+07
 7.5622E+06 5.1423E+06 3.7811E+06 2.2165E+06 1.4777E+06 1.0285E+06 7.1421E+05
 4.4330E+05 3.1356E+05 2.2165E+05 1.4949E+05 8.5705E+04 7.1421E+04 4.2852E+04
 2.6783E+04 2.0735E+04 1.8365E+04 1.8365E+04 1.2856E+04 1.0713E+04 8.0348E+03
 7.1421E+03 5.1423E+03 3.4745E+03 3.2139E+03 2.0406E+03 1.9778E+03 1.6070E+03
 9.1826E+02 9.1826E+02 5.8435E+02 6.4278E+02 3.7811E+02 3.2139E+02 2.2957E+02
 2.1426E+02 1.6070E+02 9.8890E+01 9.8890E+01 8.0348E+01 5.1423E+01 4.7614E+01
 2.9217E+01 2.9217E+01 2.5711E+01 2.5711E+01 2.1426E+01 2.1426E+01 1.8365E+01
 1.8365E+01 2.1426E+01 1.6070E+01 1.6070E+01 1.2856E+01 1.2856E+01 1.2856E+01
 1.2856E+01 1.0713E+01 1.0713E+01 1.0708E+01 1.0698E+01 8.0141E+00 7.9968E+00
 3.1868E+00 3.1667E+00 3.1337E+00 3.0808E+00 2.9980E+00 1.9150E+00 1.7917E+00
 1.6141E+00 1.0246E+00 7.7217E-01 4.3826E-01 2.6380E-01 1.5185E-01 1.0216E-01
 6.4277E-02 2.7288E-02 1.5552E-02 7.5792E-03 4.2372E-03 1.9644E-03 1.2191E-03
 8.3201E-04 9.8328E-03 6.9970E+09 1.3111E+10 0.0000E+00 0.0000E+00 0.0000E+00
 0.0000E+00 0.0000E+00 0.0000E+00 0.0000E+00 0.0000E+00 0.0000E+00 0.0000E+00
 0.0000E+00 0.0000E+00 0.0000E+00 0.0000E+00 0.0000E+00 0.0000E+00 0.0000E+00
 0.0000E+00 0.0000E+00 0.0000E+00 0.0000E+00 0.0000E+00 0.0000E+00 0.0000E+00
 0.0000E+00 0.0000E+00 0.0000E+00 0.0000E+00 0.0000E+00 0.0000E+00 0.0000E+00
 0.0000E+00 0.0000E+00 0.0000E+00 0.0000E+00 0.0000E+00 0.0000E+00 0.0000E+00
 0.0000E+00 0.0000E+00 0.0000E+00 0.0000E+00 0.0000E+00 0.0000E+00 0.0000E+00
   10   13   28   11    8    5    8    7   10   40



                         ==============================
                               STAYSL PNNL OUTPUT
                         ==============================

 STAYSL PNNL, version 1.2.0, 2015-08-05


 SCENARIO TITLE: NIF_RUN Passive 18x snout on TANDM 90-348 Pinhole
 -------------------------------------------------------------------------------
  NGROUP =   140    NRXN =     5    ACTIVITY NORM = 1.00000E+00

  COVARIANCE PARAMETERS (FCHN, FCVX, ACVX, FS)
    FLUXES:      WIDTH =  9.0000E+00   LONG RANGE COVAR. =  5.0000E-03
            ACTIVITIES =  5.0000E-03   X-SECT CROSS COR. =  1.0000E-03

    DETERM =   7.3507 × 10^   2.00      ERROR =   8.5782E-17

  INPUT NORMALIZATION DATA
    AK1   =     0.00000     VAK        =     0.00003
    NORML =           0     RENORM     = 1.93266E+00
    CHI²  = 23721.65635     NORM. CHI² =  5930.41409
     (logarithmic limit was applied to low fluxes)

  DOSIMETRY ACTIVITIES
     ———— INPUTS —————  -UNADJUSTED FLUX-  — ADJUSTED FLUX —    CHI²  90% ACTIVITIES RANGE
 RXN  MEASURED     ±%   ACTIVITY    %DIFF  ACTIVITY    %DIFF  CONTRIB --LOW E-- --HIGH E--   REACTION          CVR
  1  1.672E-12    1.00  2.409E-14  -98.56  1.279E-14  -99.23 5359.285  1.30E+01  1.40E+01  ZR90(N,2N)ZR89          
  2  4.637E-13    0.70  2.633E-15  -99.43  1.342E-15  -99.7117084.915  1.30E+01  1.40E+01  IN115(N,N')IN115M       
  3  1.187E-11    5.30  4.896E-17 -100.00  2.484E-17 -100.00  149.260  1.30E+01  1.40E+01  AU197(N,G)AU198         
  4  1.158E-13    2.00  3.686E-17  -99.97  1.899E-17  -99.98 1107.322  1.30E+01  1.40E+01  IN115(N,G)IN116M        
  5  7.918E-14    1.30  8.249E-14    4.19  4.273E-14  -46.04   20.874  1.30E+01  1.40E+01  AU197(N,2N)AU196        

             % STD. DEV.  =         99.51             102.35

                              CHECK INPUT, IT IS RATHER UNLIKELY !
                                   *** BEWARE OF OUTPUT ! ***


  DIFFERENTIAL FLUXES (input is normalized by a factor of 1.9327E+00)
                  —————— DIFFERENTIAL FLUX —————   ———— STD. DEV. % ————   INTEGRAL
 GRP    ENERGY        NEW         OLD      RATIO    NEW     OLD    RATIO   FLUX > E     ± %
   1  1.0000E-10  1.3685E+09  1.3803E+09   0.991   99.00   99.00   1.000  2.0078E+10    1.42
   2  1.0000E-09  1.3685E+08  1.3803E+08   0.991   99.00   99.00   1.000  2.0078E+10    1.42
   3  1.0000E-08  9.4741E+07  9.5560E+07   0.991   99.00   99.00   1.000  2.0078E+10    1.42
   4  2.3000E-08  4.5617E+07  4.6011E+07   0.991   99.00   99.00   1.000  2.0078E+10    1.42
   5  5.0000E-08  4.7372E+07  4.7781E+07   0.991   99.00   99.00   1.000  2.0078E+10    1.42
   6  7.6000E-08  3.1581E+07  3.1854E+07   0.991   99.00   99.00   1.000  2.0078E+10    1.42
   7  1.1500E-07  2.2393E+07  2.2587E+07   0.991   99.00   99.00   1.000  2.0078E+10    1.42
   8  1.7000E-07  1.4490E+07  1.4615E+07   0.991   99.00   99.00   1.000  2.0078E+10    1.42
   9  2.5500E-07  9.8532E+06  9.9383E+06   0.991   99.00   99.00   1.000  2.0078E+10    1.42
  10  3.8000E-07  7.2450E+06  7.3076E+06   0.991   99.00   99.00   1.000  2.0078E+10    1.42
  11  5.5000E-07  4.2470E+06  4.2837E+06   0.991   99.00   99.00   1.000  2.0078E+10    1.42
  12  8.4000E-07  2.8314E+06  2.8559E+06   0.991   99.00   99.00   1.000  2.0078E+10    1.42
  13  1.2750E-06  1.9707E+06  1.9877E+06   0.991   99.00   99.00   1.000  2.0078E+10    1.42
  14  1.9000E-06  1.3685E+06  1.3803E+06   0.991   99.00   99.00   1.000  2.0078E+10    1.42
  15  2.8000E-06  8.4940E+05  8.5675E+05   0.991   99.00   99.00   1.000  2.0078E+10    1.42
  16  4.2500E-06  6.0081E+05  6.0600E+05   0.991   99.00   99.00   1.000  2.0078E+10    1.42
  17  6.3000E-06  4.2470E+05  4.2837E+05   0.991   99.00   99.00   1.000  2.0078E+10    1.42
  18  9.2000E-06  2.8644E+05  2.8891E+05   0.991   99.00   99.00   1.000  2.0078E+10    1.42
  19  1.3500E-05  1.6422E+05  1.6564E+05   0.991   99.00   99.00   1.000  2.0078E+10    1.42
  20  2.1000E-05  1.3685E+05  1.3803E+05   0.991   99.00   99.00   1.000  2.0078E+10    1.42
  21  3.0000E-05  8.2108E+04  8.2818E+04   0.991   99.00   99.00   1.000  2.0078E+10    1.42
  22  4.5000E-05  5.1318E+04  5.1762E+04   0.991   99.00   99.00   1.000  2.0078E+10    1.42
  23  6.9000E-05  3.9730E+04  4.0074E+04   0.991   99.00   99.00   1.000  2.0078E+10    1.42
  24  1.0000E-04  3.5189E+04  3.5493E+04   0.991   99.00   99.00   1.000  2.0078E+10    1.42
  25  1.3500E-04  3.5189E+04  3.5493E+04   0.991   99.00   99.00   1.000  2.0078E+10    1.42
  26  1.7000E-04  2.4633E+04  2.4846E+04   0.991   99.00   99.00   1.000  2.0078E+10    1.42
  27  2.2000E-04  2.0527E+04  2.0705E+04   0.991   99.00   99.00   1.000  2.0078E+10    1.42
  28  2.8000E-04  1.5395E+04  1.5529E+04   0.991   99.00   99.00   1.000  2.0078E+10    1.42
  29  3.6000E-04  1.3685E+04  1.3803E+04   0.991   99.00   99.00   1.000  2.0078E+10    1.42
  30  4.5000E-04  9.8530E+03  9.9383E+03   0.991   99.00   99.00   1.000  2.0078E+10    1.42
  31  5.7500E-04  6.6574E+03  6.7150E+03   0.991   99.00   99.00   1.000  2.0078E+10    1.42
  32  7.6000E-04  6.1580E+03  6.2114E+03   0.991   99.00   99.00   1.000  2.0078E+10    1.42
  33  9.6000E-04  3.9099E+03  3.9438E+03   0.991   98.13   98.13   1.000  2.0078E+10    1.42
  34  1.2750E-03  3.7896E+03  3.8224E+03   0.991   96.47   96.47   1.000  2.0078E+10    1.42
  35  1.6000E-03  3.0791E+03  3.1058E+03   0.991   94.90   94.90   1.000  2.0078E+10    1.42
  36  2.0000E-03  1.7594E+03  1.7747E+03   0.991   93.12   93.12   1.000  2.0078E+10    1.42
  37  2.7000E-03  1.7594E+03  1.7747E+03   0.991   91.34   91.34   1.000  2.0078E+10    1.42
  38  3.4000E-03  1.1197E+03  1.1293E+03   0.991   89.66   89.66   1.000  2.0078E+10    1.42
  39  4.5000E-03  1.2316E+03  1.2423E+03   0.991   88.10   88.10   1.000  2.0078E+10    1.42
  40  5.5000E-03  7.2448E+02  7.3076E+02   0.991   86.61   86.61   1.000  2.0078E+10    1.42
  41  7.2000E-03  6.1580E+02  6.2114E+02   0.991   85.00   85.00   1.000  2.0078E+10    1.42
  42  9.2000E-03  4.3987E+02  4.4368E+02   0.991   83.44   83.44   1.000  2.0078E+10    1.42
  43  1.2000E-02  4.1054E+02  4.1409E+02   0.991   81.97   81.97   1.000  2.0078E+10    1.42
  44  1.5000E-02  3.0791E+02  3.1058E+02   0.991   80.61   80.61   1.000  2.0078E+10    1.42
  45  1.9000E-02  1.8948E+02  1.9112E+02   0.991   79.07   79.07   1.000  2.0078E+10    1.42
  46  2.5500E-02  1.8948E+02  1.9112E+02   0.991   77.58   77.58   1.000  2.0078E+10    1.42
  47  3.2000E-02  1.5395E+02  1.5529E+02   0.991   76.32   76.32   1.000  2.0078E+10    1.42
  48  4.0000E-02  9.8530E+01  9.9383E+01   0.991   74.96   74.96   1.000  2.0078E+10    1.42
  49  5.2500E-02  9.1232E+01  9.2022E+01   0.991   73.61   73.61   1.000  2.0078E+10    1.42
  50  6.6000E-02  5.5982E+01  5.6466E+01   0.991   72.24   72.24   1.000  2.0078E+10    1.42
  51  8.8000E-02  5.5982E+01  5.6466E+01   0.991   70.91   70.91   1.000  2.0078E+10    1.42
  52  1.1000E-01  4.9264E+01  4.9691E+01   0.991   69.82   69.82   1.000  2.0078E+10    1.42
  53  1.3500E-01  4.9264E+01  4.9691E+01   0.991   68.87   68.87   1.000  2.0078E+10    1.42
  54  1.6000E-01  4.1054E+01  4.1409E+01   0.991   68.02   68.02   1.000  2.0078E+10    1.42
  55  1.9000E-01  4.1054E+01  4.1409E+01   0.991   67.24   67.24   1.000  2.0078E+10    1.42
  56  2.2000E-01  3.5189E+01  3.5493E+01   0.991   66.52   66.52   1.000  2.0078E+10    1.42
  57  2.5500E-01  3.5189E+01  3.5493E+01   0.991   65.86   65.86   1.000  2.0078E+10    1.42
  58  2.9000E-01  4.1054E+01  4.1409E+01   0.991   65.31   65.31   1.000  2.0078E+10    1.42
  59  3.2000E-01  3.0791E+01  3.1058E+01   0.991   64.80   64.80   1.000  2.0078E+10    1.42
  60  3.6000E-01  3.0791E+01  3.1058E+01   0.991   64.28   64.28   1.000  2.0078E+10    1.42
  61  4.0000E-01  2.4633E+01  2.4846E+01   0.991   63.76   63.76   1.000  2.0078E+10    1.42
  62  4.5000E-01  2.4633E+01  2.4846E+01   0.991   63.24   63.24   1.000  2.0078E+10    1.42
  63  5.0000E-01  2.4633E+01  2.4846E+01   0.991   62.78   62.78   1.000  2.0078E+10    1.42
  64  5.5000E-01  2.4633E+01  2.4846E+01   0.991   62.37   62.37   1.000  2.0078E+10    1.42
  65  6.0000E-01  2.0527E+01  2.0705E+01   0.991   61.96   61.96   1.000  2.0078E+10    1.42
  66  6.6000E-01  2.0527E+01  2.0705E+01   0.991   61.55   61.55   1.000  2.0078E+10    1.42
  67  7.2000E-01  2.0509E+01  2.0695E+01   0.991   61.18   61.18   1.000  2.0078E+10    1.42
  68  7.8000E-01  2.0471E+01  2.0676E+01   0.990   60.83   60.83   1.000  2.0078E+10    1.42
  69  8.4000E-01  1.5317E+01  1.5489E+01   0.989   60.47   60.47   1.000  2.0078E+10    1.42
  70  9.2000E-01  1.5252E+01  1.5455E+01   0.987   60.09   60.09   1.000  2.0078E+10    1.42
  71  1.0000E+00  6.0557E+00  6.1590E+00   0.983   59.51   59.51   1.000  2.0078E+10    1.42
  72  1.2000E+00  5.9803E+00  6.1201E+00   0.977   58.79   58.79   1.000  2.0078E+10    1.42
  73  1.4000E+00  5.8574E+00  6.0564E+00   0.967   58.17   58.17   1.000  2.0078E+10    1.42
  74  1.6000E+00  5.6627E+00  5.9541E+00   0.951   57.64   57.65   1.000  2.0078E+10    1.42
  75  1.8000E+00  5.3645E+00  5.7941E+00   0.926   57.18   57.18   1.000  2.0078E+10    1.42
  76  2.0000E+00  3.2850E+00  3.7010E+00   0.888   56.67   56.67   1.000  2.0078E+10    1.42
  77  2.3000E+00  2.8779E+00  3.4627E+00   0.831   56.12   56.13   1.000  2.0078E+10    1.42
  78  2.6000E+00  2.3383E+00  3.1195E+00   0.750   55.63   55.66   0.999  2.0078E+10    1.42
  79  2.9000E+00  1.2584E+00  1.9802E+00   0.636   55.12   55.18   0.999  2.0078E+10    1.42
  80  3.3000E+00  7.1703E-01  1.4923E+00   0.480   54.57   54.70   0.998  2.0078E+10    1.42
  81  3.7000E+00  2.3290E-01  8.4701E-01   0.275   54.02   54.27   0.995  2.0078E+10    1.42
  82  4.1000E+00  8.3389E-02  5.0983E-01   0.164   53.41   53.88   0.991  2.0078E+10    1.42
  83  4.5000E+00  3.4524E-02  2.9347E-01   0.118   52.65   53.49   0.984  2.0078E+10    1.42
  84  5.0000E+00  1.5605E-02  1.9744E-01   0.079   51.66   53.10   0.973  2.0078E+10    1.42
  85  5.5000E+00  6.1621E-03  1.2423E-01   0.050   50.38   52.75   0.955  2.0078E+10    1.42
  86  6.0000E+00  1.5485E-03  5.2738E-02   0.029   48.65   52.38   0.929  2.0078E+10    1.42
  87  6.7000E+00  5.0003E-04  3.0057E-02   0.017   46.37   51.98   0.892  2.0078E+10    1.42
  88  7.4000E+00  1.3468E-04  1.4648E-02   0.009   43.51   51.60   0.843  2.0078E+10    1.42
  89  8.2000E+00  4.1692E-05  8.1891E-03   0.005   40.03   51.23   0.781  2.0078E+10    1.42
  90  9.0000E+00  1.1077E-05  3.7965E-03   0.003   35.96   50.86   0.707  2.0078E+10    1.42
  91  1.0000E+01  4.2143E-06  2.3561E-03   0.002   31.47   50.49   0.623  2.0078E+10    1.42
  92  1.1000E+01  1.9381E-06  1.6080E-03   0.001   26.92   50.16   0.537  2.0078E+10    1.42
  93  1.2000E+01  2.7650E-04  1.9003E-02   0.015   12.58   27.50   0.457  2.0078E+10    1.42
  94  1.3000E+01  5.8460E+09  1.3523E+10   0.432    1.74    4.43   0.393  2.0078E+10    1.42
  95  1.4000E+01  1.4232E+10  2.5339E+10   0.562    1.32    3.41   0.387  1.4232E+10    1.32
      1.5000E+01

  INTEGRALS OF SPECTRA
    OLD SPECTRUM   3.8862E+10   ±    3.755 %
    NEW SPECTRUM   2.0078E+10   ±    1.416 %

  SUMMARY OF BROAD-GROUP FLUXES, FLUENCES, AND UNCERTAINTIES

    IRRAD TIME [S] = 1.00000000E+00   ACT NORM =  1.00000000E+00

       ENERGY       FLUX       FLUENCE      STDEV %
      thermal    1.2316E+01  1.2316E+01  ±  90.57     (0.100 meV – 0.550  eV)
     epithermal  5.0497E+01  5.0497E+01  ±  54.30     (0.550  eV – 110.0 keV)
        fast     2.0078E+10  2.0078E+10  ±   1.42     (110.0 keV –  20.0 MeV)
        fast     2.0078E+10  2.0078E+10  ±   1.42     (  1.0 MeV –  20.0 MeV)
        high     0.0000E+00  0.0000E+00  ±   0.00     ( 20.0 MeV –  60.0 MeV)

    MINI-SPECTRUM

       ENERGY       FLUX       FLUENCE      STDEV %
     1.0000E-10  1.2316E+01  1.2316E+01  ±  90.57
     5.5000E-07  1.6011E+01  1.6011E+01  ±  86.18
     1.0000E-04  3.4485E+01  3.4485E+01  ±  61.09
     1.1000E-01  1.3548E+01  1.3548E+01  ±  59.55
     5.0000E-01  9.8308E+00  9.8308E+00  ±  57.87
     1.0000E+00  5.7841E+00  5.7841E+00  ±  56.93
     2.0000E+00  3.4843E+00  3.4843E+00  ±  54.39
     5.0000E+00  1.2470E-02  1.2470E-02  ±  50.45
     1.0000E+01  2.0078E+10  2.0078E+10  ±   1.42
     2.0000E+01  0.0000E+00  0.0000E+00  ±   0.00
     6.0000E+01

       TOTAL     2.0078E+10  2.0078E+10  ±   1.42

    RELATIVE COVARIANCES (10×10)
     1000   359     5     0     0     0     0     0     0     0
     1000   202     0     0     0     0     0     0     0
     1000   177    10     0     0     0     0     0
     1000   447    87    16     0     0     0
     1000   647   275    30     1     0
     1000   784   216     2     0
     1000   587    12     0
     1000   107     0
     1000     0
        0

  SPECTRAL-AVERAGED REACTION RATES (for all cross section library reactions)

        REACTIONS        SIG-PHI      <SIG>          REACTIONS        SIG-PHI      <SIG>          REACTIONS        SIG-PHI      <SIG>  
   ------------------  ----------  ----------   ------------------  ----------  ----------   ------------------  ----------  ----------
   LI6(N,A)T           5.1366E-16  2.5583E-26   FE58(N,G)FE59       1.9830E-17  9.8762E-28   IN115(N,N')IN115M   1.3417E-15  6.6826E-26
   B10(N,A)LI7         8.8867E-16  4.4260E-26   CO59(N,2N)CO58      1.4038E-14  6.9918E-25   IN115(N,2N)IN114M   2.6824E-14  1.3360E-24
   F19(N,2N)F18        7.5972E-16  3.7838E-26   CO59(N,3N)CO57      0.0000E+00  0.0000E+00   IN115(N,G)IN116M    1.8995E-17  9.4603E-28
   NA23(N,2N)NA22      5.0031E-16  2.4918E-26   CO59(N,G)CO60       1.7568E-17  8.7497E-28   I127(N,2N)I126      2.9308E-14  1.4597E-24
   NA23(N,G)NA24       4.3394E-18  2.1612E-28   CO59(N,P)FE59       9.8595E-16  4.9105E-26   LA139(N,G)LA140     2.1075E-17  1.0496E-27
   MG24(N,P)NA24       3.7227E-15  1.8541E-25   CO59(N,A)MN56       6.2314E-16  3.1036E-26   PR141(N,2N)PR140    3.2882E-14  1.6377E-24
   AL27(N,P)MG27       1.4786E-15  7.3640E-26   NI58(N,2N)NI57      5.2238E-16  2.6018E-26   TM169(N,2N)TM168    3.9672E-14  1.9759E-24
   AL27(N,A)NA24       2.3706E-15  1.1807E-25   NI58(N,P)CO58       6.9100E-15  3.4415E-25   TM169(N,3N)TM167    2.9276E-19  1.4581E-29
   SI28(N,P)AL28       5.2828E-15  2.6311E-25   NI60(N,P)CO60       2.8850E-15  1.4369E-25   TA181(N,G)TA182     6.3943E-21  3.1847E-31
   P31(N,P)SI31        1.8347E-15  9.1378E-26   CU63(N,2N)CU62      9.3085E-15  4.6361E-25   W186(N,G)W187       2.6842E-17  1.3369E-27
   S32(N,P)P32         4.8569E-15  2.4190E-25   CU63(N,G)CU64       5.4109E-17  2.6949E-27   AU197(N,2N)AU196    4.2729E-14  2.1281E-24
   TI46(N,2N)TI45      4.8077E-16  2.3945E-26   CU63(N,A)CO60       8.9102E-16  4.4377E-26   AU197(N,G)AU198     2.4845E-17  1.2374E-27
   TI46(N,P)SC46       5.0333E-15  2.5068E-25   CU65(N,2N)CU64      1.7953E-14  8.9418E-25   HG199(N,N')HG199M   3.0255E-15  1.5069E-25
   TI47(N,P)SC47       2.6095E-15  1.2997E-25   ZN64(N,P)CU64       3.4215E-15  1.7041E-25   PB204(N,N')PB204M   1.4965E-15  7.4536E-26
   TI47(N,X)SC46       9.0219E-16  4.4934E-26   ZN67(N,P)CU67       6.8672E-16  3.4202E-26   BI209(N,3N)BI207    8.4392E-18  4.2032E-28
   TI48(N,P)SC48       1.2383E-15  6.1674E-26   AS75(N,2N)AS74      1.9356E-14  9.6402E-25   TH232(N,FISSION)    7.3624E-15  3.6669E-25
   TI48(N,X)SC47       1.6467E-16  8.2016E-27   Y89(N,2N)Y88        1.7341E-14  8.6369E-25   TH232(N,G)TH233     2.1483E-17  1.0700E-27
   TI49(N,X)SC48       9.0497E-17  4.5072E-27   ZR90(N,2N)ZR89      1.2791E-14  6.3708E-25   U235(N,FISSION)     4.1439E-14  2.0639E-24
   V51(N,A)SC48        3.1018E-16  1.5449E-26   NB93(N,G)NB94       1.7506E-17  8.7188E-28   U235(N,G)U236       2.2305E-17  1.1109E-27
   CR52(N,2N)CR51      5.8922E-15  2.9346E-25   NB93(N,N')NB93M     7.8209E-16  3.8952E-26   U238(N,2N)U237      1.8366E-14  9.1474E-25
   MN55(N,2N)MN54      1.4292E-14  7.1184E-25   NB93(N,2N)NB92M     9.1907E-15  4.5774E-25   U238(N,FISSION)     2.3199E-14  1.1554E-24
   MN55(N,G)MN56       1.2628E-17  6.2896E-28   MO92(N,P)NB92M      1.3978E-15  6.9619E-26   U238(N,G)U239       1.6870E-17  8.4021E-28
   FE54(N,2N)FE53      8.1208E-17  4.0446E-27   RH103(N,N')RH103M   5.9349E-15  2.9559E-25   NP237(N,FISSION)    4.3574E-14  2.1702E-24
   FE54(N,P)MN54       6.6391E-15  3.3066E-25   AG109(N,G)AG110M    3.8321E-18  1.9086E-28   PU239(N,FISSION)    4.8297E-14  2.4055E-24
   FE54(N,A)CR51       1.7717E-15  8.8241E-26   IN113(N,N')IN113M   1.1773E-15  5.8637E-26   AM241(N,FISSION)    5.2908E-14  2.6351E-24
   FE56(N,P)MN56       2.2285E-15  1.1099E-25   IN113(N,G)IN114M    2.0090E-17  1.0006E-27   SC45(N,G)SC46       1.3805E-17  6.8756E-28

  INPUT FLUX REL. CORRELATION MATRIX (by row from diagonal)
   1   1000   988   952   895   821   734   641   546   454   368   291   225   169   124    89    62    42    28    18    12
          7     4     3     1     1     0     0     0     0     0     0     0     0     0     0     0     0     0     0     0
          0     0     0     0     0     0     0     0     0     0     0     0     0     0     0     0     0     0     0     0
          0     0     0     0     0     0     0     0     0     0     0     0     0     0     0     0     0     0     0     0
          0     0     0     0     0     0     0     0     0     0     0     0     0     1     1     1     1     1     2     2
          4     5     5     5     5     5     5     5     5     5     5     5     5     5     5     5     5     5     5     5
          5     5     5     5     5     5     5     5     5     5     5     5     5     5     5     5     5     5     5     5

  OUTPUT FLUX REL. CORRELATION MATRIX (by row from diagonal)
   1   1000   988   952   895   821   734   641   546   454   368   291   225   169   124    89    62    42    28    18    12
          7     4     3     1     1     0     0     0     0     0     0     0     0     0     0     0     0     0     0     0
          0     0     0     0     0     0     0     0     0     0     0     0     0     0     0     0     0     0     0     0
          0     0     0     0     0     0     0     0     0     0     0     0     0     0     0     0     0     0     0     0
          0     0     0     0     0     0     0     0     0     0     0     0     0     0     0     1     1     2     2     2
          4     5     5     5     5     5     5     5     5     5     5     5     5     5     5     5     5     5     5     5
          5     5     5     5     5     5     5     5     5     5     5     5     5     5     5     5     5     5     5     5
   2   1000   988   952   895   821   734   641   546   454   368   291   225   169   124    89    62    42    28    18    12
          7     4     3     1     1     0     0     0     0     0     0     0     0     0     0     0     0     0     0     0
          0     0     0     0     0     0     0     0     0     0     0     0     0     0     0     0     0     0     0     0
          0     0     0     0     0     0     0     0     0     0     0     0     0     0     0     0     0     0     0     0
          0     0     0     0     0     0     0     0     0     0     0     0     0     0     1     1     2     2     2     4
          5     5     5     5     5     5     5     5     5     5     5     5     5     5     5     5     5     5     5     5
          5     5     5     5     5     5     5     5     5     5     5     5     5     5     5     5     5     5     5
   3   1000   988   952   895   821   734   641   546   454   368   291   225   169   124    89    62    42    28    18    12
          7     4     3     1     1     0     0     0     0     0     0     0     0     0     0     0     0     0     0     0
          0     0     0     0     0     0     0     0     0     0     0     0     0     0     0     0     0     0     0     0
          0     0     0     0     0     0     0     0     0     0     0     0     0     0     0     0     0     0     0     0
          0     0     0     0     0     0     0     0     0     0     0     0     0     1     1     2     2     2     4     5
          5     5     5     5     5     5     5     5     5     5     5     5     5     5     5     5     5     5     5     5
          5     5     5     5     5     5     5     5     5     5     5     5     5     5     5     5     5     5
   4   1000   988   952   895   821   734   641   546   454   368   291   225   169   124    89    62    42    28    18    12
          7     4     3     1     1     0     0     0     0     0     0     0     0     0     0     0     0     0     0     0
          0     0     0     0     0     0     0     0     0     0     0     0     0     0     0     0     0     0     0     0
          0     0     0     0     0     0     0     0     0     0     0     0     0     0     0     0     0     0     0     0
          0     0     0     0     0     0     0     0     0     0     0     0     1     1     2     2     2     4     5     5
          5     5     5     5     5     5     5     5     5     5     5     5     5     5     5     5     5     5     5     5
          5     5     5     5     5     5     5     5     5     5     5     5     5     5     5     5     5
   5   1000   988   952   895   821   734   641   546   454   368   291   225   169   124    89    62    42    28    18    12
          7     4     3     1     1     0     0     0     0     0     0     0     0     0     0     0     0     0     0     0
          0     0     0     0     0     0     0     0     0     0     0     0     0     0     0     0     0     0     0     0
          0     0     0     0     0     0     0     0     0     0     0     0     0     0     0     0     0     0     0     0
          0     0     0     0     0     0     0     0     0     0     0     1     1     2     2     2     4     5     5     5
          5     5     5     5     5     5     5     5     5     5     5     5     5     5     5     5     5     5     5     5
          5     5     5     5     5     5     5     5     5     5     5     5     5     5     5     5
   6   1000   988   952   895   821   734   641   546   454   368   291   225   169   124    89    62    42    28    18    12
          7     4     3     1     1     0     0     0     0     0     0     0     0     0     0     0     0     0     0     0
          0     0     0     0     0     0     0     0     0     0     0     0     0     0     0     0     0     0     0     0
          0     0     0     0     0     0     0     0     0     0     0     0     0     0     0     0     0     0     0     0
          0     0     0     0     0     0     0     0     0     0     1     1     2     2     2     4     5     5     5     5
          5     5     5     5     5     5     5     5     5     5     5     5     5     5     5     5     5     5     5     5
          5     5     5     5     5     5     5     5     5     5     5     5     5     5     5
   7   1000   988   952   895   821   734   641   546   454   368   291   225   169   124    89    62    42    28    18    12
          7     4     3     1     1     0     0     0     0     0     0     0     0     0     0     0     0     0     0     0
          0     0     0     0     0     0     0     0     0     0     0     0     0     0     0     0     0     0     0     0
          0     0     0     0     0     0     0     0     0     0     0     0     0     0     0     0     0     0     0     0
          0     0     0     0     0     0     0     0     0     1     1     2     2     2     4     5     5     5     5     5
          5     5     5     5     5     5     5     5     5     5     5     5     5     5     5     5     5     5     5     5
          5     5     5     5     5     5     5     5     5     5     5     5     5     5
   8   1000   988   952   895   821   734   641   546   454   368   291   225   169   124    89    62    42    28    18    12
          7     4     3     1     1     0     0     0     0     0     0     0     0     0     0     0     0     0     0     0
          0     0     0     0     0     0     0     0     0     0     0     0     0     0     0     0     0     0     0     0
          0     0     0     0     0     0     0     0     0     0     0     0     0     0     0     0     0     0     0     0
          0     0     0     0     0     0     0     0     1     1     2     2     2     4     5     5     5     5     5     5
          5     5     5     5     5     5     5     5     5     5     5     5     5     5     5     5     5     5     5     5
          5     5     5     5     5     5     5     5     5     5     5     5     5
   9   1000   988   952   895   821   734   641   546   454   368   291   225   169   124    89    62    42    28    18    12
          7     4     3     1     1     0     0     0     0     0     0     0     0     0     0     0     0     0     0     0
          0     0     0     0     0     0     0     0     0     0     0     0     0     0     0     0     0     0     0     0
          0     0     0     0     0     0     0     0     0     0     0     0     0     0     0     0     0     0     0     0
          0     0     0     0     0     0     0     1     1     2     2     2     4     5     5     5     5     5     5     5
          5     5     5     5     5     5     5     5     5     5     5     5     5     5     5     5     5     5     5     5
          5     5     5     5     5     5     5     5     5     5     5     5
  10   1000   988   952   895   821   734   641   546   454   368   291   225   169   124    89    62    42    28    18    12
          7     4     3     1     1     0     0     0     0     0     0     0     0     0     0     0     0     0     0     0
          0     0     0     0     0     0     0     0     0     0     0     0     0     0     0     0     0     0     0     0
          0     0     0     0     0     0     0     0     0     0     0     0     0     0     0     0     0     0     0     0
          0     0     0     0     0     0     1     1     2     2     2     4     5     5     5     5     5     5     5     5
          5     5     5     5     5     5     5     5     5     5     5     5     5     5     5     5     5     5     5     5
          5     5     5     5     5     5     5     5     5     5     5
  11   1000   988   952   895   821   734   641   546   454   368   291   225   169   124    89    62    42    28    18    12
          7     4     3     1     1     0     0     0     0     0     0     0     0     0     0     0     0     0     0     0
          0     0     0     0     0     0     0     0     0     0     0     0     0     0     0     0     0     0     0     0
          0     0     0     0     0     0     0     0     0     0     0     0     0     0     0     0     0     0     0     0
          0     0     0     0     0     1     1     2     2     2     4     5     5     5     5     5     5     5     5     5
          5     5     5     5     5     5     5     5     5     5     5     5     5     5     5     5     5     5     5     5
          5     5     5     5     5     5     5     5     5     5
  12   1000   988   952   895   821   734   641   546   454   368   291   225   169   124    89    62    42    28    18    12
          7     4     3     1     1     0     0     0     0     0     0     0     0     0     0     0     0     0     0     0
          0     0     0     0     0     0     0     0     0     0     0     0     0     0     0     0     0     0     0     0
          0     0     0     0     0     0     0     0     0     0     0     0     0     0     0     0     0     0     0     0
          0     0     0     0     1     1     2     2     2     4     5     5     5     5     5     5     5     5     5     5
          5     5     5     5     5     5     5     5     5     5     5     5     5     5     5     5     5     5     5     5
          5     5     5     5     5     5     5     5     5
  13   1000   988   952   895   821   734   641   546   454   368   291   225   169   124    89    62    42    28    18    12
          7     4     3     1     1     0     0     0     0     0     0     0     0     0     0     0     0     0     0     0
          0     0     0     0     0     0     0     0     0     0     0     0     0     0     0     0     0     0     0     0
          0     0     0     0     0     0     0     0     0     0     0     0     0     0     0     0     0     0     0     0
          0     0     0     1     1     2     2     2     4     5     5     5     5     5     5     5     5     5     5     5
          5     5     5     5     5     5     5     5     5     5     5     5     5     5     5     5     5     5     5     5
          5     5     5     5     5     5     5     5
  14   1000   988   952   895   821   734   641   546   454   368   291   225   169   124    89    62    42    28    18    12
          7     4     3     1     1     0     0     0     0     0     0     0     0     0     0     0     0     0     0     0
          0     0     0     0     0     0     0     0     0     0     0     0     0     0     0     0     0     0     0     0
          0     0     0     0     0     0     0     0     0     0     0     0     0     0     0     0     0     0     0     0
          0     0     1     1     2     2     2     4     5     5     5     5     5     5     5     5     5     5     5     5
          5     5     5     5     5     5     5     5     5     5     5     5     5     5     5     5     5     5     5     5
          5     5     5     5     5     5     5
  15   1000   988   952   895   821   734   641   546   454   368   291   225   169   124    89    62    42    28    18    12
          7     4     3     1     1     0     0     0     0     0     0     0     0     0     0     0     0     0     0     0
          0     0     0     0     0     0     0     0     0     0     0     0     0     0     0     0     0     0     0     0
          0     0     0     0     0     0     0     0     0     0     0     0     0     0     0     0     0     0     0     0
          0     1     1     2     2     2     4     5     5     5     5     5     5     5     5     5     5     5     5     5
          5     5     5     5     5     5     5     5     5     5     5     5     5     5     5     5     5     5     5     5
          5     5     5     5     5     5
  16   1000   988   952   895   821   734   641   546   454   368   291   225   169   124    89    62    42    28    18    12
          7     4     3     1     1     0     0     0     0     0     0     0     0     0     0     0     0     0     0     0
          0     0     0     0     0     0     0     0     0     0     0     0     0     0     0     0     0     0     0     0
          0     0     0     0     0     0     0     0     0     0     0     0     0     0     0     0     0     0     0     0
          1     1     2     2     2     4     5     5     5     5     5     5     5     5     5     5     5     5     5     5
          5     5     5     5     5     5     5     5     5     5     5     5     5     5     5     5     5     5     5     5
          5     5     5     5     5
  17   1000   988   952   895   821   734   641   546   454   368   291   225   169   124    89    62    42    28    18    12
          7     4     3     1     1     0     0     0     0     0     0     0     0     0     0     0     0     0     0     0
          0     0     0     0     0     0     0     0     0     0     0     0     0     0     0     0     0     0     0     0
          0     0     0     0     0     0     0     0     0     0     0     0     0     0     0     0     0     0     0     1
          1     2     2     2     4     5     5     5     5     5     5     5     5     5     5     5     5     5     5     5
          5     5     5     5     5     5     5     5     5     5     5     5     5     5     5     5     5     5     5     5
          5     5     5     5
  18   1000   988   952   895   821   734   641   546   454   368   291   225   169   124    89    62    42    28    18    12
          7     4     3     1     1     0     0     0     0     0     0     0     0     0     0     0     0     0     0     0
          0     0     0     0     0     0     0     0     0     0     0     0     0     0     0     0     0     0     0     0
          0     0     0     0     0     0     0     0     0     0     0     0     0     0     0     0     0     0     1     1
          2     2     2     4     5     5     5     5     5     5     5     5     5     5     5     5     5     5     5     5
          5     5     5     5     5     5     5     5     5     5     5     5     5     5     5     5     5     5     5     5
          5     5     5
  19   1000   988   952   895   821   734   641   546   454   368   291   225   169   124    89    62    42    28    18    12
          7     4     3     1     1     0     0     0     0     0     0     0     0     0     0     0     0     0     0     0
          0     0     0     0     0     0     0     0     0     0     0     0     0     0     0     0     0     0     0     0
          0     0     0     0     0     0     0     0     0     0     0     0     0     0     0     0     0     1     1     2
          2     2     4     5     5     5     5     5     5     5     5     5     5     5     5     5     5     5     5     5
          5     5     5     5     5     5     5     5     5     5     5     5     5     5     5     5     5     5     5     5
          5     5
  20   1000   988   952   895   821   734   641   546   454   368   291   225   169   124    89    62    42    28    18    12
          7     4     3     1     1     0     0     0     0     0     0     0     0     0     0     0     0     0     0     0
          0     0     0     0     0     0     0     0     0     0     0     0     0     0     0     0     0     0     0     0
          0     0     0     0     0     0     0     0     0     0     0     0     0     0     0     0     1     1     2     2
          2     4     5     5     5     5     5     5     5     5     5     5     5     5     5     5     5     5     5     5
          5     5     5     5     5     5     5     5     5     5     5     5     5     5     5     5     5     5     5     5
          5
  21   1000   988   952   895   821   734   641   546   454   368   291   225   169   124    89    62    42    28    18    12
          7     4     3     1     1     0     0     0     0     0     0     0     0     0     0     0     0     0     0     0
          0     0     0     0     0     0     0     0     0     0     0     0     0     0     0     0     0     0     0     0
          0     0     0     0     0     0     0     0     0     0     0     0     0     0     0     1     1     2     2     2
          4     5     5     5     5     5     5     5     5     5     5     5     5     5     5     5     5     5     5     5
          5     5     5     5     5     5     5     5     5     5     5     5     5     5     5     5     5     5     5     5
  22   1000   988   952   895   821   734   641   546   454   368   291   225   169   124    89    62    42    28    18    12
          7     4     3     1     1     0     0     0     0     0     0     0     0     0     0     0     0     0     0     0
          0     0     0     0     0     0     0     0     0     0     0     0     0     0     0     0     0     0     0     0
          0     0     0     0     0     0     0     0     0     0     0     0     0     0     1     1     2     2     2     4
          5     5     5     5     5     5     5     5     5     5     5     5     5     5     5     5     5     5     5     5
          5     5     5     5     5     5     5     5     5     5     5     5     5     5     5     5     5     5     5
  23   1000   988   952   895   821   734   641   546   454   368   291   225   169   124    89    62    42    28    18    12
          7     4     3     1     1     0     0     0     0     0     0     0     0     0     0     0     0     0     0     0
          0     0     0     0     0     0     0     0     0     0     0     0     0     0     0     0     0     0     0     0
          0     0     0     0     0     0     0     0     0     0     0     0     0     1     1     2     2     2     4     5
          5     5     5     5     5     5     5     5     5     5     5     5     5     5     5     5     5     5     5     5
          5     5     5     5     5     5     5     5     5     5     5     5     5     5     5     5     5     5
  24   1000   988   952   895   821   734   641   546   454   368   291   225   169   124    89    62    42    28    18    12
          7     4     3     1     1     0     0     0     0     0     0     0     0     0     0     0     0     0     0     0
          0     0     0     0     0     0     0     0     0     0     0     0     0     0     0     0     0     0     0     0
          0     0     0     0     0     0     0     0     0     0     0     0     1     1     2     2     2     4     5     5
          5     5     5     5     5     5     5     5     5     5     5     5     5     5     5     5     5     5     5     5
          5     5     5     5     5     5     5     5     5     5     5     5     5     5     5     5     5
  25   1000   988   952   895   821   734   641   546   454   368   291   225   169   124    89    62    42    28    18    12
          7     4     3     1     1     0     0     0     0     0     0     0     0     0     0     0     0     0     0     0
          0     0     0     0     0     0     0     0     0     0     0     0     0     0     0     0     0     0     0     0
          0     0     0     0     0     0     0     0     0     0     0     1     1     2     2     2     4     5     5     5
          5     5     5     5     5     5     5     5     5     5     5     5     5     5     5     5     5     5     5     5
          5     5     5     5     5     5     5     5     5     5     5     5     5     5     5     5
  26   1000   988   952   895   821   734   641   546   454   368   291   225   169   124    89    62    42    28    18    12
          7     4     3     1     1     0     0     0     0     0     0     0     0     0     0     0     0     0     0     0
          0     0     0     0     0     0     0     0     0     0     0     0     0     0     0     0     0     0     0     0
          0     0     0     0     0     0     0     0     0     0     1     1     2     2     2     4     5     5     5     5
          5     5     5     5     5     5     5     5     5     5     5     5     5     5     5     5     5     5     5     5
          5     5     5     5     5     5     5     5     5     5     5     5     5     5     5
  27   1000   988   952   895   821   734   641   546   454   368   291   225   169   124    89    62    42    28    18    12
          7     4     3     1     1     0     0     0     0     0     0     0     0     0     0     0     0     0     0     0
          0     0     0     0     0     0     0     0     0     0     0     0     0     0     0     0     0     0     0     0
          0     0     0     0     0     0     0     0     0     1     1     2     2     2     4     5     5     5     5     5
          5     5     5     5     5     5     5     5     5     5     5     5     5     5     5     5     5     5     5     5
          5     5     5     5     5     5     5     5     5     5     5     5     5     5
  28   1000   988   952   895   821   734   641   546   454   368   291   225   169   124    89    62    42    28    18    12
          7     4     3     1     1     0     0     0     0     0     0     0     0     0     0     0     0     0     0     0
          0     0     0     0     0     0     0     0     0     0     0     0     0     0     0     0     0     0     0     0
          0     0     0     0     0     0     0     0     1     1     2     2     2     4     5     5     5     5     5     5
          5     5     5     5     5     5     5     5     5     5     5     5     5     5     5     5     5     5     5     5
          5     5     5     5     5     5     5     5     5     5     5     5     5
  29   1000   988   952   895   821   734   641   546   454   368   291   225   169   124    89    62    42    28    18    12
          7     4     3     1     1     0     0     0     0     0     0     0     0     0     0     0     0     0     0     0
          0     0     0     0     0     0     0     0     0     0     0     0     0     0     0     0     0     0     0     0
          0     0     0     0     0     0     0     1     1     2     2     2     4     5     5     5     5     5     5     5
          5     5     5     5     5     5     5     5     5     5     5     5     5     5     5     5     5     5     5     5
          5     5     5     5     5     5     5     5     5     5     5     5
  30   1000   988   952   895   821   734   641   546   454   368   291   225   169   124    89    62    42    28    18    12
          7     4     3     1     1     0     0     0     0     0     0     0     0     0     0     0     0     0     0     0
          0     0     0     0     0     0     0     0     0     0     0     0     0     0     0     0     0     0     0     0
          0     0     0     0     0     0     1     1     2     2     2     4     5     5     5     5     5     5     5     5
          5     5     5     5     5     5     5     5     5     5     5     5     5     5     5     5     5     5     5     5
          5     5     5     5     5     5     5     5     5     5     5
  31   1000   988   952   895   821   734   641   546   454   368   291   225   169   124    89    62    42    28    18    12
          7     4     3     1     1     0     0     0     0     0     0     0     0     0     0     0     0     0     0     0
          0     0     0     0     0     0     0     0     0     0     0     0     0     0     0     0     0     0     0     0
          0     0     0     0     0     1     1     2     2     2     4     5     5     5     5     5     5     5     5     5
          5     5     5     5     5     5     5     5     5     5     5     5     5     5     5     5     5     5     5     5
          5     5     5     5     5     5     5     5     5     5
  32   1000   988   952   895   821   734   641   546   454   368   291   225   169   124    89    62    42    28    18    12
          7     4     3     1     1     0     0     0     0     0     0     0     0     0     0     0     0     0     0     0
          0     0     0     0     0     0     0     0     0     0     0     0     0     0     0     0     0     0     0     0
          0     0     0     0     1     1     2     2     2     4     5     5     5     5     5     5     5     5     5     5
          5     5     5     5     5     5     5     5     5     5     5     5     5     5     5     5     5     5     5     5
          5     5     5     5     5     5     5     5     5
  33   1000   988   952   895   821   734   641   546   454   368   291   225   169   124    89    62    42    28    18    12
          7     4     3     1     1     0     0     0     0     0     0     0     0     0     0     0     0     0     0     0
          0     0     0     0     0     0     0     0     0     0     0     0     0     0     0     0     0     0     0     0
          0     0     0     1     1     2     2     2     4     5     5     5     5     5     5     5     5     5     5     5
          5     5     5     5     5     5     5     5     5     5     5     5     5     5     5     5     5     5     5     5
          5     5     5     5     5     5     5     5
  34   1000   988   952   895   821   734   641   546   454   368   291   225   169   124    89    62    42    28    18    12
          7     4     3     1     1     0     0     0     0     0     0     0     0     0     0     0     0     0     0     0
          0     0     0     0     0     0     0     0     0     0     0     0     0     0     0     0     0     0     0     0
          0     0     1     1     2     2     2     4     5     5     5     5     5     5     5     5     5     5     5     5
          5     5     5     5     5     5     5     5     5     5     5     5     5     5     5     5     5     5     5     5
          5     5     5     5     5     5     5
  35   1000   988   952   895   821   734   641   546   454   368   291   225   169   124    89    62    42    28    18    12
          7     4     3     1     1     0     0     0     0     0     0     0     0     0     0     0     0     0     0     0
          0     0     0     0     0     0     0     0     0     0     0     0     0     0     0     0     0     0     0     0
          0     1     1     2     2     2     4     5     5     5     5     5     5     5     5     5     5     5     5     5
          5     5     5     5     5     5     5     5     5     5     5     5     5     5     5     5     5     5     5     5
          5     5     5     5     5     5
  36   1000   988   952   895   821   734   641   546   454   368   291   225   169   124    89    62    42    28    18    12
          7     4     3     1     1     0     0     0     0     0     0     0     0     0     0     0     0     0     0     0
          0     0     0     0     0     0     0     0     0     0     0     0     0     0     0     0     0     0     0     0
          1     1     2     2     2     4     5     5     5     5     5     5     5     5     5     5     5     5     5     5
          5     5     5     5     5     5     5     5     5     5     5     5     5     5     5     5     5     5     5     5
          5     5     5     5     5
  37   1000   988   952   895   821   734   641   546   454   368   291   225   169   124    89    62    42    28    18    12
          7     4     3     1     1     0     0     0     0     0     0     0     0     0     0     0     0     0     0     0
          0     0     0     0     0     0     0     0     0     0     0     0     0     0     0     0     0     0     0     1
          1     2     2     2     4     5     5     5     5     5     5     5     5     5     5     5     5     5     5     5
          5     5     5     5     5     5     5     5     5     5     5     5     5     5     5     5     5     5     5     5
          5     5     5     5
  38   1000   988   952   895   821   734   641   546   454   368   291   225   169   124    89    62    42    28    18    12
          7     4     3     2     1     0     0     0     0     0     0     0     0     0     0     0     0     0     0     0
          0     0     0     0     0     0     0     0     0     0     0     0     0     0     0     0     0     0     1     1
          2     2     2     4     6     6     6     6     6     6     6     6     6     6     6     6     6     6     6     6
          6     6     6     6     6     6     6     6     6     6     6     6     6     6     6     6     6     6     6     6
          6     6     6
  39   1000   988   952   895   821   734   641   546   454   368   291   225   169   124    89    62    42    28    18    12
          7     4     3     2     1     0     0     0     0     0     0     0     0     0     0     0     0     0     0     0
          0     0     0     0     0     0     0     0     0     0     0     0     0     0     0     0     0     1     1     2
          2     2     4     6     6     6     6     6     6     6     6     6     6     6     6     6     6     6     6     6
          6     6     6     6     6     6     6     6     6     6     6     6     6     6     6     6     6     6     6     6
          6     6
  40   1000   988   952   895   821   734   641   546   454   368   291   225   169   124    89    62    42    28    18    12
          7     4     3     2     1     0     0     0     0     0     0     0     0     0     0     0     0     0     0     0
          0     0     0     0     0     0     0     0     0     0     0     0     0     0     0     0     1     1     2     2
          2     4     6     6     6     6     6     6     6     6     6     6     6     6     6     6     6     6     6     6
          6     6     6     6     6     6     6     6     6     6     6     6     6     6     6     6     6     6     6     6
          6
  41   1000   988   952   895   821   734   641   546   454   368   291   225   169   124    89    62    42    28    18    12
          7     4     3     2     1     0     0     0     0     0     0     0     0     0     0     0     0     0     0     0
          0     0     0     0     0     0     0     0     0     0     0     0     0     0     0     1     1     2     2     2
          4     6     6     6     6     6     6     6     6     6     6     6     6     6     6     6     6     6     6     6
          6     6     6     6     6     6     6     6     6     6     6     6     6     6     6     6     6     6     6     6
  42   1000   988   952   895   821   734   641   546   454   368   291   225   169   124    89    62    42    28    18    12
          7     4     3     2     1     0     0     0     0     0     0     0     0     0     0     0     0     0     0     0
          0     0     0     0     0     0     0     0     0     0     0     0     0     1     1     1     2     2     3     4
          6     6     6     6     6     6     6     6     6     6     6     6     6     6     6     6     6     6     6     6
          6     6     6     6     6     6     6     6     6     6     6     6     6     6     6     6     6     6     6
  43   1000   988   952   895   821   734   641   546   454   368   291   225   169   124    89    62    42    28    18    12
          7     4     3     2     1     0     0     0     0     0     0     0     0     0     0     0     0     0     0     0
          0     0     0     0     0     0     0     0     0     0     0     0     1     1     2     2     2     3     4     6
          6     6     6     6     6     6     6     6     6     6     6     6     6     6     6     6     6     6     6     6
          6     6     6     6     6     6     6     6     6     6     6     6     6     6     6     6     6     6
  44   1000   988   952   895   821   734   641   546   454   368   291   225   169   124    89    62    42    28    18    12
          7     4     3     2     1     0     0     0     0     0     0     0     0     0     0     0     0     0     0     0
          0     0     0     0     0     0     0     0     0     0     0     1     1     2     2     2     3     5     6     6
          6     6     6     6     6     6     6     6     6     6     6     6     6     6     6     6     6     6     6     6
          6     6     6     6     6     6     6     6     6     6     6     6     6     6     6     6     6
  45   1000   988   952   895   821   734   641   546   454   368   291   225   169   124    89    62    42    28    18    12
          7     4     3     2     1     0     0     0     0     0     0     0     0     0     0     0     0     0     0     0
          0     0     0     0     0     0     0     0     0     0     1     1     2     2     2     3     5     6     6     6
          6     6     6     6     6     6     6     6     6     6     6     6     6     6     6     6     6     6     6     6
          6     6     6     6     6     6     6     6     6     6     6     6     6     6     6     6
  46   1000   988   952   895   821   734   641   546   454   368   291   225   169   124    89    62    42    28    18    12
          7     4     3     2     1     0     0     0     0     0     0     0     0     0     0     0     0     0     0     0
          0     0     0     0     0     0     0     0     0     1     1     2     2     2     3     5     6     6     6     6
          6     6     6     6     6     6     6     6     6     6     6     6     6     6     6     6     6     6     6     6
          6     6     6     6     6     6     6     6     6     6     6     6     6     6     6
  47   1000   988   952   895   821   734   641   546   454   368   291   225   169   124    89    62    42    28    18    12
          7     4     3     2     1     0     0     0     0     0     0     0     0     0     0     0     0     0     0     0
          0     0     0     0     0     0     0     0     1     1     2     2     2     3     5     7     7     7     7     7
          7     7     7     7     7     7     7     7     7     7     7     7     7     7     7     7     7     7     7     7
          7     7     7     7     7     7     7     7     7     7     7     7     7     7
  48   1000   988   952   895   821   734   641   546   454   368   291   225   169   124    89    62    42    28    18    12
          7     4     3     2     1     0     0     0     0     0     0     0     0     0     0     0     0     0     0     0
          0     0     0     0     0     0     0     1     1     2     2     2     3     5     7     7     7     7     7     7
          7     7     7     7     7     7     7     7     7     7     7     7     7     7     7     7     7     7     7     7
          7     7     7     7     7     7     7     7     7     7     7     7     7
  49   1000   988   952   895   821   734   641   546   454   368   291   225   169   124    89    62    42    28    18    12
          7     4     3     2     1     0     0     0     0     0     0     0     0     0     0     0     0     0     0     0
          0     0     0     0     0     0     1     1     2     2     2     3     5     7     7     7     7     7     7     7
          7     7     7     7     7     7     7     7     7     7     7     7     7     7     7     7     7     7     7     7
          7     7     7     7     7     7     7     7     7     7     7     7
  50   1000   988   952   895   821   734   641   546   454   368   291   225   169   124    89    62    42    28    18    12
          7     4     3     2     1     0     0     0     0     0     0     0     0     0     0     0     0     0     0     0
          0     0     0     0     0     1     1     2     2     3     3     5     7     7     7     7     7     7     7     7
          7     7     7     7     7     7     7     7     7     7     7     7     7     7     7     7     7     7     7     7
          7     7     7     7     7     7     7     7     7     7     7
  51   1000   988   952   895   821   734   641   546   454   368   291   225   169   124    89    62    42    28    18    12
          7     4     3     2     1     0     0     0     0     0     0     0     0     0     0     0     0     0     0     0
          0     0     0     0     1     1     2     2     3     3     5     7     7     7     7     7     7     7     7     7
          7     7     7     7     7     7     7     7     7     7     7     7     7     7     7     7     7     7     7     7
          7     7     7     7     7     7     7     7     7     7
  52   1000   988   952   895   821   734   641   546   454   368   291   225   169   124    89    62    42    28    18    12
          7     4     3     2     1     0     0     0     0     0     0     0     0     0     0     0     0     0     0     0
          0     0     0     1     1     2     2     3     3     5     7     7     7     7     7     7     7     7     7     7
          7     7     7     7     7     7     7     7     7     7     7     7     7     7     7     7     7     7     7     7
          7     7     7     7     7     7     7     7     7
  53   1000   988   952   895   821   734   641   546   454   368   291   225   169   124    89    62    42    28    18    12
          7     4     3     2     1     0     0     0     0     0     0     0     0     0     0     0     0     0     0     0
          0     0     1     1     2     2     3     3     5     7     7     7     7     7     7     7     7     7     7     7
          7     7     7     7     7     7     7     7     7     7     7     7     7     7     7     7     7     7     7     7
          7     7     7     7     7     7     7     7
  54   1000   988   952   895   821   734   641   546   454   368   291   225   169   124    89    62    42    28    18    12
          7     4     3     2     1     0     0     0     0     0     0     0     0     0     0     0     0     0     0     0
          0     1     1     2     2     3     3     5     7     7     7     7     7     7     7     7     7     7     7     7
          7     7     7     7     7     7     7     7     7     7     7     7     7     7     7     7     7     7     7     7
          7     7     7     7     7     7     7
  55   1000   988   952   895   821   734   641   546   454   368   291   225   169   124    89    62    42    28    18    12
          7     4     3     1     1     0     0     0     0     0     0     0     0     0     0     0     0     0     0     0
          1     1     2     2     3     3     5     7     7     7     7     7     7     7     7     7     7     7     7     7
          7     7     7     7     7     7     7     7     7     7     7     7     7     7     7     7     7     7     7     7
          7     7     7     7     7     7
  56   1000   988   952   895   821   734   641   546   454   368   291   225   169   124    89    62    42    28    18    12
          7     4     3     1     1     0     0     0     0     0     0     0     0     0     0     0     0    -1     0     1
          1     2     2     3     3     5     7     7     7     7     7     7     7     7     7     7     7     7     7     7
          7     7     7     7     7     7     7     7     7     7     7     7     7     7     7     7     7     7     7     7
          7     7     7     7     7
  57   1000   988   952   895   821   734   641   546   454   368   291   225   169   124    89    62    42    28    18    12
          7     4     3     1     1     0     0     0     0     0     0     0     0     0     0     0    -1     0     1     1
          2     2     3     3     6     8     8     8     8     8     8     8     8     8     8     8     8     8     8     8
          8     8     8     8     8     8     8     8     8     8     8     8     8     8     8     8     8     8     8     8
          8     8     8     8
  58   1000   988   952   895   821   734   641   546   454   368   291   225   169   124    89    62    42    28    18    12
          7     4     3     1     1     0     0     0     0     0     0     0     0     0     0    -1     0     1     1     2
          2     3     3     6     8     8     8     8     8     8     8     8     8     8     8     8     8     8     8     8
          8     8     8     8     8     8     8     8     8     8     8     8     8     8     8     8     8     8     8     8
          8     8     8
  59   1000   988   952   895   821   734   641   546   454   368   291   225   169   124    89    62    42    28    18    12
          7     4     3     1     1     0     0     0     0     0     0     0     0     0    -1     0     1     1     2     2
          3     3     6     8     8     8     8     8     8     8     8     8     8     8     8     8     8     8     8     8
          8     8     8     8     8     8     8     8     8     8     8     8     8     8     8     8     8     8     8     8
          8     8
  60   1000   988   952   895   821   734   641   546   454   368   291   225   169   124    89    62    42    28    18    12
          7     4     3     1     1     0     0     0     0     0     0     0     0    -1     0     1     1     2     2     3
          3     6     8     8     8     8     8     8     8     8     8     8     8     8     8     8     8     8     8     8
          8     8     8     8     8     8     8     8     8     8     8     8     8     8     8     8     8     8     8     8
          8
  61   1000   988   952   895   821   734   641   546   454   368   291   225   169   124    89    62    42    28    18    12
          7     4     2     1     1     0     0     0     0     0     0     0    -1     0     1     1     2     2     3     3
          6     8     8     8     8     8     8     8     8     8     8     8     8     8     8     8     8     8     8     8
          8     8     8     8     8     8     8     8     8     8     8     8     8     8     8     8     8     8     8     8
  62   1000   988   952   895   821   734   641   546   454   368   291   225   169   124    89    62    42    28    18    12
          7     4     2     1     1     0     0     0     0     0     0    -1     0     1     1     2     2     3     3     6
          8     8     8     8     8     8     8     8     8     8     8     8     8     8     8     8     8     8     8     8
          8     8     8     8     8     8     8     8     8     8     8     8     8     8     8     8     8     8     8
  63   1000   988   952   895   821   734   641   546   454   368   291   225   169   124    89    62    42    28    18    12
          7     4     2     1     1     0     0     0     0     0    -1     0     1     1     2     2     3     3     6     8
          8     8     8     8     8     8     8     8     8     8     8     8     8     8     8     8     8     8     8     8
          8     8     8     8     8     8     8     8     8     8     8     8     8     8     8     8     8     8
  64   1000   988   952   895   821   734   641   546   454   368   291   225   169   124    89    62    43    28    18    12
          7     4     2     1     0     0     0     0     0    -1     0     1     1     2     2     3     3     6     8     8
          8     8     8     8     8     8     8     8     8     8     8     8     8     8     8     8     8     8     8     8
          8     8     8     8     8     8     8     8     8     8     8     8     8     8     8     8     8
  65   1000   988   952   895   821   734   641   546   454   368   291   225   169   124    89    62    43    28    19    12
          7     4     2     1     0     0     0     0    -1     0     1     1     2     2     3     3     6     8     8     8
          8     8     8     8     8     8     8     8     8     8     8     8     8     8     8     8     8     8     8     8
          8     8     8     8     8     8     8     8     8     8     8     8     8     8     8     8
  66   1000   988   952   895   821   734   641   546   454   368   291   225   169   124    89    62    43    29    19    12
          7     4     2     1     0     0     0     0     0     1     1     2     3     3     3     6     8     8     8     8
          8     8     8     8     8     8     8     8     8     8     8     8     8     8     8     8     8     8     8     8
          8     8     8     8     8     8     8     8     8     8     8     8     8     8     8
  67   1000   988   952   895   821   734   641   546   454   368   291   225   169   124    89    63    43    29    19    12
          8     5     3     1     0     0     0     0     1     1     2     2     3     3     6     8     8     8     8     8
          8     8     8     8     8     8     8     8     8     8     8     8     8     8     8     8     8     8     8     8
          8     8     8     8     8     8     8     8     8     8     8     8     8     8
  68   1000   988   952   895   821   734   641   546   454   368   291   225   169   125    90    63    43    29    19    12
          8     5     3     1     0     0     0     1     1     2     2     3     3     6     8     8     8     8     8     8
          8     8     8     8     8     8     8     8     8     8     8     8     8     8     8     8     8     8     8     8
          8     8     8     8     8     8     8     8     8     8     8     8     8
  69   1000   988   952   895   821   734   641   546   454   368   291   225   170   125    90    64    44    30    20    13
          8     5     3     1     0     0     1     1     2     2     3     3     6     8     8     8     8     8     8     8
          8     8     8     8     8     8     8     8     8     8     8     8     8     8     8     8     8     8     8     8
          8     8     8     8     8     8     8     8     8     8     8     8
  70   1000   988   952   895   821   734   641   546   454   368   292   225   170   126    91    65    45    31    21    14
          9     5     2     0     1     1     1     1     2     2     3     6     8     8     8     8     8     8     8     8
          8     8     8     8     8     8     8     8     8     8     8     8     8     8     8     8     8     8     8     8
          8     8     8     8     8     8     8     8     8     8     8
  71   1000   988   952   895   821   735   641   546   454   369   292   226   171   127    93    66    47    32    22    15
          9     5     2     1     0     0     1     1     2     3     6     8     8     8     8     8     8     8     8     8
          8     8     8     8     8     8     8     8     8     8     8     8     8     8     8     8     8     8     8     8
          8     8     8     8     8     8     8     8     8     8
  72   1000   988   952   895   821   735   641   547   455   369   293   228   173   129    95    68    49    34    23    15
          9     4     2     0     0     0     1     1     2     5     8     8     8     8     8     8     8     8     8     8
          8     8     8     8     8     8     8     8     8     8     8     8     8     8     8     8     8     8     8     8
          8     8     8     8     8     8     8     8     8
  73   1000   988   952   895   821   735   642   547   456   371   295   230   176   132    98    71    51    36    24    15
          8     4     0     0     0     0     0     1     5     8     8     8     8     8     8     8     8     8     8     8
          8     8     8     8     8     8     8     8     8     8     8     8     8     8     8     8     8     8     8     8
          8     8     8     8     8     8     8     8
  74   1000   988   952   895   821   735   642   548   457   373   298   233   180   136   102    75    54    38    25    14
          6     0    -2    -2    -2     0     0     4     8     8     8     8     8     8     8     8     8     8     8     8
          8     8     8     8     8     8     8     8     8     8     8     8     8     8     8     8     8     8     8     8
          8     8     8     8     8     8     8
  75   1000   988   952   895   821   736   643   550   459   376   302   238   185   141   107    79    57    38    22    10
          0    -5    -6    -5    -3    -2     2     8     8     8     8     8     8     8     8     8     8     8     8     8
          8     8     8     8     8     8     8     8     8     8     8     8     8     8     8     8     8     8     8     8
          8     8     8     8     8     8
  76   1000   988   952   895   822   737   645   552   463   381   308   245   191   148   112    82    57    34    16     0
         -8   -11   -10    -7    -5     0     7     7     7     7     7     7     7     7     7     7     7     7     7     7
          7     7     7     7     7     7     7     7     7     7     7     7     7     7     7     7     7     7     7     7
          7     7     7     7     7
  77   1000   988   952   896   823   738   648   556   469   388   315   253   199   154   116    82    51    23     0   -14
        -17   -16   -14   -10    -3     6     6     6     6     6     6     6     6     6     6     6     6     6     6     6
          6     6     6     6     6     6     6     6     6     6     6     6     6     6     6     6     6     6     6     6
          6     6     6     6
  78   1000   988   952   896   824   741   652   562   476   396   325   262   207   159   115    74    34     0   -21   -27
        -26   -22   -18    -8     5     5     5     5     5     5     5     5     5     5     5     5     5     5     5     5
          5     5     5     5     5     5     5     5     5     5     5     5     5     5     5     5     5     5     5     5
          5     5     5
  79   1000   988   953   897   826   745   657   570   485   407   335   271   212   157   103    49     0   -30   -39   -39
        -34   -28   -16     3     3     3     3     3     3     3     3     3     3     3     3     3     3     3     3     3
          3     3     3     3     3     3     3     3     3     3     3     3     3     3     3     3     3     3     3     3
          3     3
  80   1000   988   953   899   829   750   665   579   496   418   344   276   209   140    68     0   -40   -55   -55   -50
        -42   -26     1     1     1     1     1     1     1     1     1     1     1     1     1     1     1     1     1     1
          1     1     1     1     1     1     1     1     1     1     1     1     1     1     1     1     1     1     1     1
          1
  81   1000   988   954   901   834   756   673   589   507   427   348   269   185    93     3   -53   -75   -76   -69   -59
        -39    -2    -2    -2    -2    -2    -2    -2    -2    -2    -2    -2    -2    -2    -2    -2    -2    -2    -2    -2
         -2    -2    -2    -2    -2    -2    -2    -2    -2    -2    -2    -2    -2    -2    -2    -2    -2    -2    -2    -2
  82   1000   988   955   904   838   763   682   599   515   429   338   237   123     7   -68   -98  -102   -94   -81   -55
         -6    -6    -6    -6    -6    -6    -6    -6    -6    -6    -6    -6    -6    -6    -6    -6    -6    -6    -6    -6
         -6    -6    -6    -6    -6    -6    -6    -6    -6    -6    -6    -6    -6    -6    -6    -6    -6    -6    -6
  83   1000   989   957   907   844   770   690   605   515   414   298   159    15   -82  -124  -131  -122  -108   -75   -12
        -12   -12   -12   -12   -12   -12   -12   -12   -12   -12   -12   -12   -12   -12   -12   -12   -12   -12   -12   -12
        -12   -12   -12   -12   -12   -12   -12   -12   -12   -12   -12   -12   -12   -12   -12   -12   -12   -12
  84   1000   989   958   910   849   776   694   602   495   364   202    26   -96  -151  -163  -155  -138   -99   -19   -19
        -19   -19   -19   -19   -19   -19   -19   -19   -19   -19   -19   -19   -19   -19   -19   -19   -19   -19   -19   -19
        -19   -19   -19   -19   -19   -19   -19   -19   -19   -19   -19   -19   -19   -19   -19   -19   -19
  85   1000   990   960   913   852   777   688   577   435   250    43  -107  -179  -197  -191  -172  -126   -28   -28   -28
        -28   -28   -28   -28   -28   -28   -28   -28   -28   -28   -28   -28   -28   -28   -28   -28   -28   -28   -28   -28
        -28   -28   -28   -28   -28   -28   -28   -28   -28   -28   -28   -28   -28   -28   -28   -28
  86   1000   990   961   914   851   768   659   510   305    66  -114  -203  -231  -227  -208  -155   -38   -38   -38   -38
        -38   -38   -38   -38   -38   -38   -38   -38   -38   -38   -38   -38   -38   -38   -38   -38   -38   -38   -38   -38
        -38   -38   -38   -38   -38   -38   -38   -38   -38   -38   -38   -38   -38   -38   -38
  87   1000   990   961   912   841   738   587   366    98  -112  -223  -262  -263  -245  -187   -51   -51   -51   -51   -51
        -51   -51   -51   -51   -51   -51   -51   -51   -51   -51   -51   -51   -51   -51   -51   -51   -51   -51   -51   -51
        -51   -51   -51   -51   -51   -51   -51   -51   -51   -51   -51   -51   -51   -51
  88   1000   990   959   903   811   665   434   141   -99  -233  -287  -295  -280  -220   -67   -67   -67   -67   -67   -67
        -67   -67   -67   -67   -67   -67   -67   -67   -67   -67   -67   -67   -67   -67   -67   -67   -67   -67   -67   -67
        -67   -67   -67   -67   -67   -67   -67   -67   -67   -67   -67   -67   -67
  89   1000   989   952   878   744   511   199   -70  -229  -299  -318  -309  -252   -86   -86   -86   -86   -86   -86   -86
        -86   -86   -86   -86   -86   -86   -86   -86   -86   -86   -86   -86   -86   -86   -86   -86   -86   -86   -86   -86
        -86   -86   -86   -86   -86   -86   -86   -86   -86   -86   -86   -86
  90   1000   986   936   822   598   277   -17  -202  -293  -327  -327  -279  -109  -109  -109  -109  -109  -109  -109  -109
       -109  -109  -109  -109  -109  -109  -109  -109  -109  -109  -109  -109  -109  -109  -109  -109  -109  -109  -109  -109
       -109  -109  -109  -109  -109  -109  -109  -109  -109  -109  -109
  91   1000   980   899   699   383    69  -141  -256  -309  -324  -296  -139  -139  -139  -139  -139  -139  -139  -139  -139
       -139  -139  -139  -139  -139  -139  -139  -139  -139  -139  -139  -139  -139  -139  -139  -139  -139  -139  -139  -139
       -139  -139  -139  -139  -139  -139  -139  -139  -139  -139
  92   1000   967   810   523   206   -27  -168  -245  -282  -290  -176  -176  -176  -176  -176  -176  -176  -176  -176  -176
       -176  -176  -176  -176  -176  -176  -176  -176  -176  -176  -176  -176  -176  -176  -176  -176  -176  -176  -176  -176
       -176  -176  -176  -176  -176  -176  -176  -176  -176
  93   1000   921   701   409   166     2  -101  -164  -228  -201  -201  -201  -201  -201  -201  -201  -201  -201  -201  -201
       -201  -201  -201  -201  -201  -201  -201  -201  -201  -201  -201  -201  -201  -201  -201  -201  -201  -201  -201  -201
       -201  -201  -201  -201  -201  -201  -201  -201
  94   1000   917   714   504   342   226   145    68     0     0     0     0     0     0     0     0     0     0     0     0
          0     0     0     0     0     0     0     0     0     0     0     0     0     0     0     0     0     0     0     0
          0     0     0     0     0     0     0
  95   1000   932   797   665   553   461   328    85    85    85    85    85    85    85    85    85    85    85    85    85
         85    85    85    85    85    85    85    85    85    85    85    85    85    85    85    85    85    85    85    85
         85    85    85    85    85    85
  96   1000   961   884   800   717   557   175   175   175   175   175   175   175   175   175   175   175   175   175   175
        175   175   175   175   175   175   175   175   175   175   175   175   175   175   175   175   175   175   175   175
        175   175   175   175   175
  97   1000   978   930   870   710   249   249   249   249   249   249   249   249   249   249   249   249   249   249   249
        249   249   249   249   249   249   249   249   249   249   249   249   249   249   249   249   249   249   249   249
        249   249   249   249
  98   1000   986   950   808   312   312   312   312   312   312   312   312   312   312   312   312   312   312   312   312
        312   312   312   312   312   312   312   312   312   312   312   312   312   312   312   312   312   312   312   312
        312   312   312
  99   1000   989   875   370   370   370   370   370   370   370   370   370   370   370   370   370   370   370   370   370
        370   370   370   370   370   370   370   370   370   370   370   370   370   370   370   370   370   370   370   370
        370   370
 100   1000   920   428   428   428   428   428   428   428   428   428   428   428   428   428   428   428   428   428   428
        428   428   428   428   428   428   428   428   428   428   428   428   428   428   428   428   428   428   428   428
        428
 101   1000   737   737   737   737   737   737   737   737   737   737   737   737   737   737   737   737   737   737   737
        737   737   737   737   737   737   737   737   737   737   737   737   737   737   737   737   737   737   737   737
 102   1000  1000  1000  1000  1000  1000  1000  1000  1000  1000  1000  1000  1000  1000  1000  1000  1000  1000  1000  1000
       1000  1000  1000  1000  1000  1000  1000  1000  1000  1000  1000  1000  1000  1000  1000  1000  1000  1000  1000
 103   1000  1000  1000  1000  1000  1000  1000  1000  1000  1000  1000  1000  1000  1000  1000  1000  1000  1000  1000  1000
       1000  1000  1000  1000  1000  1000  1000  1000  1000  1000  1000  1000  1000  1000  1000  1000  1000  1000
 104   1000  1000  1000  1000  1000  1000  1000  1000  1000  1000  1000  1000  1000  1000  1000  1000  1000  1000  1000  1000
       1000  1000  1000  1000  1000  1000  1000  1000  1000  1000  1000  1000  1000  1000  1000  1000  1000
 105   1000  1000  1000  1000  1000  1000  1000  1000  1000  1000  1000  1000  1000  1000  1000  1000  1000  1000  1000  1000
       1000  1000  1000  1000  1000  1000  1000  1000  1000  1000  1000  1000  1000  1000  1000  1000
 106   1000  1000  1000  1000  1000  1000  1000  1000  1000  1000  1000  1000  1000  1000  1000  1000  1000  1000  1000  1000
       1000  1000  1000  1000  1000  1000  1000  1000  1000  1000  1000  1000  1000  1000  1000
 107   1000  1000  1000  1000  1000  1000  1000  1000  1000  1000  1000  1000  1000  1000  1000  1000  1000  1000  1000  1000
       1000  1000  1000  1000  1000  1000  1000  1000  1000  1000  1000  1000  1000  1000
 108   1000  1000  1000  1000  1000  1000  1000  1000  1000  1000  1000  1000  1000  1000  1000  1000  1000  1000  1000  1000
       1000  1000  1000  1000  1000  1000  1000  1000  1000  1000  1000  1000  1000
 109   1000  1000  1000  1000  1000  1000  1000  1000  1000  1000  1000  1000  1000  1000  1000  1000  1000  1000  1000  1000
       1000  1000  1000  1000  1000  1000  1000  1000  1000  1000  1000  1000
 110   1000  1000  1000  1000  1000  1000  1000  1000  1000  1000  1000  1000  1000  1000  1000  1000  1000  1000  1000  1000
       1000  1000  1000  1000  1000  1000  1000  1000  1000  1000  1000
 111   1000  1000  1000  1000  1000  1000  1000  1000  1000  1000  1000  1000  1000  1000  1000  1000  1000  1000  1000  1000
       1000  1000  1000  1000  1000  1000  1000  1000  1000  1000
 112   1000  1000  1000  1000  1000  1000  1000  1000  1000  1000  1000  1000  1000  1000  1000  1000  1000  1000  1000  1000
       1000  1000  1000  1000  1000  1000  1000  1000  1000
 113   1000  1000  1000  1000  1000  1000  1000  1000  1000  1000  1000  1000  1000  1000  1000  1000  1000  1000  1000  1000
       1000  1000  1000  1000  1000  1000  1000  1000
 114   1000  1000  1000  1000  1000  1000  1000  1000  1000  1000  1000  1000  1000  1000  1000  1000  1000  1000  1000  1000
       1000  1000  1000  1000  1000  1000  1000
 115   1000  1000  1000  1000  1000  1000  1000  1000  1000  1000  1000  1000  1000  1000  1000  1000  1000  1000  1000  1000
       1000  1000  1000  1000  1000  1000
 116   1000  1000  1000  1000  1000  1000  1000  1000  1000  1000  1000  1000  1000  1000  1000  1000  1000  1000  1000  1000
       1000  1000  1000  1000  1000
 117   1000  1000  1000  1000  1000  1000  1000  1000  1000  1000  1000  1000  1000  1000  1000  1000  1000  1000  1000  1000
       1000  1000  1000  1000
 118   1000  1000  1000  1000  1000  1000  1000  1000  1000  1000  1000  1000  1000  1000  1000  1000  1000  1000  1000  1000
       1000  1000  1000
 119   1000  1000  1000  1000  1000  1000  1000  1000  1000  1000  1000  1000  1000  1000  1000  1000  1000  1000  1000  1000
       1000  1000
 120   1000  1000  1000  1000  1000  1000  1000  1000  1000  1000  1000  1000  1000  1000  1000  1000  1000  1000  1000  1000
       1000
 121   1000  1000  1000  1000  1000  1000  1000  1000  1000  1000  1000  1000  1000  1000  1000  1000  1000  1000  1000  1000
 122   1000  1000  1000  1000  1000  1000  1000  1000  1000  1000  1000  1000  1000  1000  1000  1000  1000  1000  1000
 123   1000  1000  1000  1000  1000  1000  1000  1000  1000  1000  1000  1000  1000  1000  1000  1000  1000  1000
 124   1000  1000  1000  1000  1000  1000  1000  1000  1000  1000  1000  1000  1000  1000  1000  1000  1000
 125   1000  1000  1000  1000  1000  1000  1000  1000  1000  1000  1000  1000  1000  1000  1000  1000
 126   1000  1000  1000  1000  1000  1000  1000  1000  1000  1000  1000  1000  1000  1000  1000
 127   1000  1000  1000  1000  1000  1000  1000  1000  1000  1000  1000  1000  1000  1000
 128   1000  1000  1000  1000  1000  1000  1000  1000  1000  1000  1000  1000  1000
 129   1000  1000  1000  1000  1000  1000  1000  1000  1000  1000  1000  1000
 130   1000  1000  1000  1000  1000  1000  1000  1000  1000  1000  1000
 131   1000  1000  1000  1000  1000  1000  1000  1000  1000  1000
 132   1000  1000  1000  1000  1000  1000  1000  1000  1000
 133   1000  1000  1000  1000  1000  1000  1000  1000
 134   1000  1000  1000  1000  1000  1000  1000
 135   1000  1000  1000  1000  1000  1000
 136   1000  1000  1000  1000  1000
 137   1000  1000  1000  1000
 138   1000  1000  1000
 139   1000  1000
 140   1000

 Finished!
