88" 33MeV Deuteron breakup on Ta, Clean Beam
  140    7    1    0    1
   0.00500  10.00000   0.00500   0.00100
   1.0000000   0   0 7.86600000E+03   1.0000000
AL27P    1.694E-20 0.039       0.00       0.00        (    )
AL27A    1.983E-20 0.017       0.00       0.00        (    )
NI582    3.627E-21 0.020       0.00       0.00        (    )
IN115N   8.790E-20 0.013       0.00       0.00        (    )
AU1972   2.831E-19 0.054       0.00       0.00        (    )
AU197G   7.770E-20 0.025       0.00 AUNG  3.70 BFX    (BEAM)
IN115G   9.390E-20 0.015       0.00 INNG 40.20 BFX    (BEAM)
Flux Uncertainty From MCNP Calculations
 140
 1.1500E-02 1.0800E-02 1.0300E-02 9.9000E-03 9.6000E-03 9.5000E-03 9.5000E-03
 9.5000E-03 9.7000E-03 1.0000E-02 1.0500E-02 1.1000E-02 1.1800E-02 1.2700E-02
 1.3800E-02 1.5300E-02 1.7100E-02 1.9300E-02 2.2000E-02 2.5500E-02 3.0600E-02
 3.7300E-02 4.6600E-02 5.9800E-02 7.8600E-02 1.0440E-01 1.4060E-01 1.8290E-01
 2.2890E-01 2.9720E-01 2.6730E-01 3.7560E-01 3.2380E-01 3.7680E-01 3.3070E-01
 4.2440E-01 3.8600E-01 3.4570E-01 3.3320E-01 2.2420E-01 3.3790E-01 2.0640E-01
 2.3670E-01 2.5870E-01 1.8950E-01 1.8790E-01 1.9590E-01 1.5240E-01 1.4340E-01
 1.2150E-01 1.1140E-01 1.0530E-01 1.0490E-01 8.1300E-02 8.3600E-02 6.9800E-02
 6.5200E-02 5.7400E-02 5.0400E-02 4.4400E-02 3.9100E-02 3.4500E-02 3.0700E-02
 2.7400E-02 2.4600E-02 2.2300E-02 2.0300E-02 1.8700E-02 1.7400E-02 1.6300E-02
 1.5400E-02 1.4700E-02 1.4100E-02 1.3700E-02 1.3400E-02 1.3200E-02 1.3000E-02
 1.2900E-02 1.2700E-02 1.2500E-02 1.2200E-02 1.1900E-02 1.1300E-02 1.0700E-02
 1.0000E-02 9.5000E-03 9.0000E-03 8.6000E-03 8.2000E-03 8.0000E-03 7.8000E-03
 7.7000E-03 7.7000E-03 7.7000E-03 7.8000E-03 8.0000E-03 8.3000E-03 8.7000E-03
 9.2000E-03 9.8000E-03 1.0500E-02 1.1200E-02 1.2000E-02 1.3100E-02 1.4500E-02
 1.6200E-02 1.8200E-02 2.0600E-02 2.3400E-02 2.6600E-02 3.0500E-02 3.5000E-02
 4.0300E-02 4.6400E-02 5.3500E-02 6.1800E-02 7.1200E-02 8.1800E-02 0.0000E+00
 0.0000E+00 0.0000E+00 0.0000E+00 0.0000E+00 0.0000E+00 0.0000E+00 0.0000E+00
 0.0000E+00 0.0000E+00 0.0000E+00 0.0000E+00 0.0000E+00 0.0000E+00 0.0000E+00
 0.0000E+00 0.0000E+00 0.0000E+00 0.0000E+00 0.0000E+00 0.0000E+00 0.0000E+00
Input Flux Spectrum from MCNP Simulation
 140   0 4.060E+09 2.000E+01 5.000E-08
 1.0736E-08 1.1037E-09 6.3281E-09 1.2892E-08 1.5687E-08 9.6251E-09 1.0769E-08
 2.7403E-08 3.2799E-08 1.2592E-08 7.0049E-09 8.8482E-09 6.7752E-09 6.5124E-09
 4.6718E-09 2.4918E-09 1.5679E-09 6.9424E-10 1.6397E-10 1.5997E-10 5.4211E-11
 3.4514E-11 4.0634E-11 1.1815E-11 3.9467E-12 6.8663E-12 4.2683E-12 4.1123E-11
 9.1731E-11 1.3503E-11 1.3655E-10 1.8812E-10 1.9627E-10 1.1068E-10 1.4092E-10
 3.2171E-10 2.9207E-10 4.6728E-10 9.5335E-10 7.3870E-10 7.6581E-10 1.8922E-09
 1.3452E-09 2.4755E-09 4.2756E-09 2.9549E-09 2.3834E-09 7.8300E-09 8.8634E-09
 1.7493E-08 2.2269E-08 2.5099E-08 2.8413E-08 3.7833E-08 4.7942E-08 5.7709E-08
 8.0956E-08 6.5741E-08 1.0033E-07 1.5233E-07 2.5697E-07 2.9661E-07 3.9766E-07
 5.0631E-07 6.5607E-07 8.6416E-07 1.3286E-06 1.2603E-06 1.8765E-06 2.0735E-06
 4.2827E-06 4.2352E-06 3.9956E-06 3.6148E-06 3.1344E-06 3.7588E-06 3.0717E-06
 2.4169E-06 2.5167E-06 2.0661E-06 1.5628E-06 1.3354E-06 1.5108E-06 1.5820E-06
 1.7236E-06 2.8116E-06 3.2403E-06 4.2392E-06 4.8160E-06 6.4037E-06 6.3466E-06
 5.9837E-06 5.4227E-06 4.7855E-06 3.8695E-06 3.0648E-06 2.3289E-06 1.7252E-06
 1.2050E-06 7.6172E-07 5.6791E-07 4.1397E-07 3.1010E-07 2.2711E-07 1.7171E-07
 1.3285E-07 1.0935E-07 9.1978E-08 7.6946E-08 6.9002E-08 6.1281E-08 5.3328E-08
 4.7128E-08 3.7143E-08 2.6860E-08 1.8227E-08 1.0315E-08 2.1993E-09 0.0000E+00
 0.0000E+00 0.0000E+00 0.0000E+00 0.0000E+00 0.0000E+00 0.0000E+00 0.0000E+00
 0.0000E+00 0.0000E+00 0.0000E+00 0.0000E+00 0.0000E+00 0.0000E+00 0.0000E+00
 0.0000E+00 0.0000E+00 0.0000E+00 0.0000E+00 0.0000E+00 0.0000E+00 0.0000E+00
   17   15    9    9    9   10    7   14   14   36



                         ==============================
                               STAYSL PNNL OUTPUT
                         ==============================

 STAYSL PNNL, version 1.2.0, 2015-08-05


 SCENARIO TITLE: 88" 33MeV Deuteron breakup on Ta, Clean Beam
 -------------------------------------------------------------------------------
  NGROUP =   140    NRXN =     7    ACTIVITY NORM = 1.00000E+00

  COVARIANCE PARAMETERS (FCHN, FCVX, ACVX, FS)
    FLUXES:      WIDTH =  1.0000E+01   LONG RANGE COVAR. =  5.0000E-03
            ACTIVITIES =  5.0000E-03   X-SECT CROSS COR. =  1.0000E-03

    DETERM =   2.4330 × 10^   6.00      ERROR =   1.4539E-17

  INPUT NORMALIZATION DATA
    AK1   =     1.00000     VAK        =     0.00003
    NORML =           0     RENORM     = 1.00000E+00
    CHI²  =    12.47170     NORM. CHI² =     2.07862

  DOSIMETRY ACTIVITIES
     ———— INPUTS —————  -UNADJUSTED FLUX-  — ADJUSTED FLUX —    CHI²  90% ACTIVITIES RANGE
 RXN  MEASURED     ±%   ACTIVITY    %DIFF  ACTIVITY    %DIFF  CONTRIB --LOW E-- --HIGH E--   REACTION          CVR
  1  1.694E-20    3.90  1.933E-20   14.12  1.933E-20   14.12   10.193  6.00E+00  1.60E+01  AL27(N,P)MG27           
  2  1.983E-20    1.70  1.935E-20   -2.44  1.935E-20   -2.44    2.047  8.20E+00  1.70E+01  AL27(N,A)NA24           
  3  3.627E-21    2.00  3.647E-21    0.55  3.647E-21    0.55    0.053  1.30E+01  2.50E+01  NI58(N,2N)NI57          
  4  8.790E-20    1.30  8.732E-20   -0.66  8.732E-20   -0.66    0.084  1.20E+00  1.30E+01  IN115(N,N')IN115M       
  5  2.831E-19    5.40  2.833E-19    0.07  2.833E-19    0.07    0.000  9.00E+00  1.80E+01  AU197(N,2N)AU196        
  6  7.770E-20    2.50  7.719E-20   -0.65  7.719E-20   -0.65    0.059  1.00E-10  1.60E+00  AU197(N,G)AU198         
  7  9.390E-20    1.50  9.420E-20    0.32  9.420E-20    0.32    0.036  1.00E-10  1.80E+00  IN115(N,G)IN116M        

             % STD. DEV.  =          5.87               5.87

  DIFFERENTIAL FLUXES (input is normalized by a factor of 1.0000E+00)
                  —————— DIFFERENTIAL FLUX —————   ———— STD. DEV. % ————   INTEGRAL
 GRP    ENERGY        NEW         OLD      RATIO    NEW     OLD    RATIO   FLUX > E     ± %
   1  1.0000E-10  4.8434E+10  4.8431E+10   1.000    1.15    1.25   0.921  4.4909E+05    0.76
   2  1.0000E-09  4.9790E+08  4.9789E+08   1.000    1.08    1.19   0.911  4.4905E+05    0.76
   3  1.0000E-08  1.9763E+09  1.9763E+09   1.000    1.03    1.14   0.903  4.4904E+05    0.76
   4  2.3000E-08  1.9385E+09  1.9386E+09   1.000    0.99    1.11   0.896  4.4902E+05    0.76
   5  5.0000E-08  2.4495E+09  2.4496E+09   1.000    0.96    1.08   0.891  4.4896E+05    0.76
   6  7.6000E-08  1.0019E+09  1.0020E+09   1.000    0.95    1.07   0.889  4.4890E+05    0.76
   7  1.1500E-07  7.9487E+08  7.9495E+08   1.000    0.95    1.07   0.888  4.4886E+05    0.76
   8  1.7000E-07  1.3087E+09  1.3089E+09   1.000    0.95    1.07   0.889  4.4882E+05    0.76
   9  2.5500E-07  1.0652E+09  1.0653E+09   1.000    0.97    1.09   0.893  4.4871E+05    0.76
  10  3.8000E-07  3.0068E+08  3.0073E+08   1.000    1.00    1.12   0.899  4.4857E+05    0.76
  11  5.5000E-07  9.8054E+07  9.8069E+07   1.000    1.05    1.16   0.906  4.4852E+05    0.76
  12  8.4000E-07  8.2570E+07  8.2583E+07   1.000    1.10    1.21   0.914  4.4849E+05    0.76
  13  1.2750E-06  4.4005E+07  4.4012E+07   1.000    1.18    1.28   0.924  4.4846E+05    0.76
  14  1.9000E-06  2.9374E+07  2.9378E+07   1.000    1.27    1.36   0.934  4.4843E+05    0.76
  15  2.8000E-06  1.3079E+07  1.3081E+07   1.000    1.38    1.47   0.944  4.4840E+05    0.76
  16  4.2500E-06  4.9344E+06  4.9350E+06   1.000    1.53    1.61   0.953  4.4838E+05    0.76
  17  6.3000E-06  2.1948E+06  2.1951E+06   1.000    1.71    1.78   0.962  4.4837E+05    0.76
  18  9.2000E-06  6.5544E+05  6.5549E+05   1.000    1.93    1.99   0.970  4.4837E+05    0.76
  19  1.3500E-05  8.8758E+04  8.8762E+04   1.000    2.20    2.26   0.977  4.4837E+05    0.76
  20  2.1000E-05  7.2163E+04  7.2164E+04   1.000    2.55    2.60   0.983  4.4836E+05    0.76
  21  3.0000E-05  1.4673E+04  1.4673E+04   1.000    3.06    3.10   0.988  4.4836E+05    0.76
  22  4.5000E-05  5.8389E+03  5.8386E+03   1.000    3.73    3.76   0.992  4.4836E+05    0.76
  23  6.9000E-05  5.3222E+03  5.3217E+03   1.000    4.66    4.69   0.994  4.4836E+05    0.76
  24  1.0000E-04  1.3707E+03  1.3705E+03   1.000    5.98    6.00   0.996  4.4836E+05    0.76
  25  1.3500E-04  4.5791E+02  4.5782E+02   1.000    7.86    7.88   0.998  4.4836E+05    0.76
  26  1.7000E-04  5.5769E+02  5.5754E+02   1.000   10.44   10.45   0.998  4.4836E+05    0.76
  27  2.2000E-04  2.8892E+02  2.8882E+02   1.000   14.06   14.07   0.999  4.4836E+05    0.76
  28  2.8000E-04  2.0879E+03  2.0870E+03   1.000   18.29   18.30   0.999  4.4836E+05    0.76
  29  3.6000E-04  4.1402E+03  4.1381E+03   1.001   22.89   22.90   1.000  4.4836E+05    0.76
  30  4.5000E-04  4.3884E+02  4.3858E+02   1.001   29.72   29.72   1.000  4.4836E+05    0.76
  31  5.7500E-04  2.9982E+03  2.9967E+03   1.000   26.73   26.73   1.000  4.4836E+05    0.76
  32  7.6000E-04  3.8212E+03  3.8188E+03   1.001   37.56   37.56   1.000  4.4836E+05    0.76
  33  9.6000E-04  2.5309E+03  2.5297E+03   1.000   32.38   32.38   1.000  4.4836E+05    0.76
  34  1.2750E-03  1.3834E+03  1.3826E+03   1.001   37.68   37.68   1.000  4.4836E+05    0.76
  35  1.6000E-03  1.4309E+03  1.4303E+03   1.000   33.07   33.07   1.000  4.4836E+05    0.76
  36  2.0000E-03  1.8668E+03  1.8659E+03   1.000   42.44   42.44   1.000  4.4836E+05    0.76
  37  2.7000E-03  1.6947E+03  1.6940E+03   1.000   38.60   38.60   1.000  4.4836E+05    0.76
  38  3.4000E-03  1.7252E+03  1.7247E+03   1.000   34.57   34.57   1.000  4.4836E+05    0.76
  39  4.5000E-03  3.8716E+03  3.8706E+03   1.000   33.32   33.32   1.000  4.4836E+05    0.76
  40  5.5000E-03  1.7644E+03  1.7642E+03   1.000   22.42   22.43   1.000  4.4835E+05    0.76
  41  7.2000E-03  1.5549E+03  1.5546E+03   1.000   33.79   33.79   1.000  4.4835E+05    0.76
  42  9.2000E-03  2.7440E+03  2.7437E+03   1.000   20.64   20.65   1.000  4.4835E+05    0.76
  43  1.2000E-02  1.8207E+03  1.8205E+03   1.000   23.67   23.67   1.000  4.4834E+05    0.76
  44  1.5000E-02  2.5128E+03  2.5126E+03   1.000   25.87   25.87   1.000  4.4833E+05    0.76
  45  1.9000E-02  2.6707E+03  2.6706E+03   1.000   18.95   18.96   1.000  4.4832E+05    0.76
  46  2.5500E-02  1.8457E+03  1.8457E+03   1.000   18.79   18.80   0.999  4.4830E+05    0.76
  47  3.2000E-02  1.2096E+03  1.2096E+03   1.000   19.59   19.60   0.999  4.4829E+05    0.76
  48  4.0000E-02  2.5432E+03  2.5432E+03   1.000   15.24   15.25   0.999  4.4828E+05    0.76
  49  5.2500E-02  2.6656E+03  2.6656E+03   1.000   14.34   14.35   0.999  4.4825E+05    0.76
  50  6.6000E-02  3.2282E+03  3.2283E+03   1.000   12.15   12.16   0.999  4.4822E+05    0.76
  51  8.8000E-02  4.1096E+03  4.1096E+03   1.000   11.14   11.15   0.999  4.4814E+05    0.76
  52  1.1000E-01  4.0760E+03  4.0761E+03   1.000   10.53   10.54   0.999  4.4805E+05    0.76
  53  1.3500E-01  4.6142E+03  4.6143E+03   1.000   10.49   10.50   0.998  4.4795E+05    0.76
  54  1.6000E-01  5.1200E+03  5.1201E+03   1.000    8.13    8.15   0.998  4.4784E+05    0.76
  55  1.9000E-01  6.4881E+03  6.4882E+03   1.000    8.35    8.37   0.998  4.4768E+05    0.76
  56  2.2000E-01  6.6942E+03  6.6942E+03   1.000    6.98    7.00   0.997  4.4749E+05    0.76
  57  2.5500E-01  9.3909E+03  9.3909E+03   1.000    6.52    6.54   0.996  4.4725E+05    0.76
  58  2.9000E-01  8.8971E+03  8.8969E+03   1.000    5.73    5.76   0.995  4.4693E+05    0.76
  59  3.2000E-01  1.0184E+04  1.0183E+04   1.000    5.04    5.06   0.994  4.4666E+05    0.76
  60  3.6000E-01  1.5462E+04  1.5461E+04   1.000    4.44    4.47   0.993  4.4625E+05    0.76
  61  4.0000E-01  2.0868E+04  2.0866E+04   1.000    3.91    3.94   0.991  4.4563E+05    0.75
  62  4.5000E-01  2.4087E+04  2.4085E+04   1.000    3.45    3.49   0.988  4.4459E+05    0.75
  63  5.0000E-01  3.2294E+04  3.2290E+04   1.000    3.07    3.11   0.985  4.4338E+05    0.75
  64  5.5000E-01  4.1119E+04  4.1112E+04   1.000    2.74    2.79   0.982  4.4177E+05    0.75
  65  6.0000E-01  4.4403E+04  4.4394E+04   1.000    2.46    2.51   0.978  4.3971E+05    0.75
  66  6.6000E-01  5.8488E+04  5.8475E+04   1.000    2.23    2.29   0.974  4.3705E+05    0.75
  67  7.2000E-01  8.9924E+04  8.9902E+04   1.000    2.03    2.09   0.969  4.3354E+05    0.75
  68  7.8000E-01  8.5303E+04  8.5280E+04   1.000    1.87    1.94   0.964  4.2815E+05    0.74
  69  8.4000E-01  9.5260E+04  9.5232E+04   1.000    1.74    1.81   0.958  4.2303E+05    0.74
  70  9.2000E-01  1.0526E+05  1.0523E+05   1.000    1.63    1.70   0.953  4.1541E+05    0.73
  71  1.0000E+00  8.6966E+04  8.6939E+04   1.000    1.54    1.62   0.948  4.0699E+05    0.73
  72  1.2000E+00  8.6001E+04  8.5975E+04   1.000    1.47    1.55   0.944  3.8959E+05    0.72
  73  1.4000E+00  8.1135E+04  8.1111E+04   1.000    1.41    1.50   0.940  3.7239E+05    0.72
  74  1.6000E+00  7.3401E+04  7.3380E+04   1.000    1.37    1.46   0.936  3.5616E+05    0.71
  75  1.8000E+00  6.3644E+04  6.3628E+04   1.000    1.34    1.43   0.934  3.4148E+05    0.71
  76  2.0000E+00  5.0879E+04  5.0869E+04   1.000    1.32    1.41   0.932  3.2876E+05    0.71
  77  2.3000E+00  4.1576E+04  4.1570E+04   1.000    1.30    1.39   0.930  3.1349E+05    0.71
  78  2.6000E+00  3.2711E+04  3.2709E+04   1.000    1.29    1.38   0.929  3.0102E+05    0.72
  79  2.9000E+00  2.5545E+04  2.5545E+04   1.000    1.27    1.36   0.927  2.9121E+05    0.72
  80  3.3000E+00  2.0970E+04  2.0971E+04   1.000    1.25    1.35   0.925  2.8099E+05    0.72
  81  3.7000E+00  1.5861E+04  1.5862E+04   1.000    1.22    1.32   0.922  2.7260E+05    0.72
  82  4.1000E+00  1.3552E+04  1.3554E+04   1.000    1.19    1.29   0.919  2.6626E+05    0.73
  83  4.5000E+00  1.2265E+04  1.2268E+04   1.000    1.13    1.24   0.913  2.6084E+05    0.73
  84  5.0000E+00  1.2843E+04  1.2846E+04   1.000    1.07    1.18   0.906  2.5470E+05    0.73
  85  5.5000E+00  1.3992E+04  1.3996E+04   1.000    1.00    1.12   0.897  2.4828E+05    0.73
  86  6.0000E+00  1.6304E+04  1.6307E+04   1.000    0.95    1.07   0.887  2.4128E+05    0.73
  87  6.7000E+00  1.8790E+04  1.8794E+04   1.000    0.90    1.03   0.877  2.2987E+05    0.73
  88  7.4000E+00  2.1511E+04  2.1514E+04   1.000    0.86    0.99   0.867  2.1672E+05    0.73
  89  8.2000E+00  2.4439E+04  2.4441E+04   1.000    0.82    0.96   0.857  1.9951E+05    0.73
  90  9.0000E+00  2.5997E+04  2.5999E+04   1.000    0.80    0.94   0.849  1.7996E+05    0.74
  91  1.0000E+01  2.5766E+04  2.5767E+04   1.000    0.78    0.93   0.842  1.5396E+05    0.74
  92  1.1000E+01  2.4294E+04  2.4294E+04   1.000    0.77    0.92   0.837  1.2820E+05    0.75
  93  1.2000E+01  2.2017E+04  2.2016E+04   1.000    0.77    0.92   0.835  1.0390E+05    0.77
  94  1.3000E+01  1.9430E+04  1.9429E+04   1.000    0.77    0.92   0.835  8.1885E+04    0.79
  95  1.4000E+01  1.5711E+04  1.5710E+04   1.000    0.78    0.93   0.839  6.2454E+04    0.82
  96  1.5000E+01  1.2444E+04  1.2443E+04   1.000    0.80    0.94   0.844  4.6743E+04    0.87
  97  1.6000E+01  9.4561E+03  9.4553E+03   1.000    0.83    0.97   0.853  3.4299E+04    0.93
  98  1.7000E+01  7.0048E+03  7.0043E+03   1.000    0.87    1.00   0.863  2.4843E+04    1.01
  99  1.8000E+01  4.8925E+03  4.8923E+03   1.000    0.92    1.05   0.875  1.7838E+04    1.11
 100  1.9000E+01  3.0926E+03  3.0926E+03   1.000    0.98    1.10   0.887  1.2945E+04    1.25
 101  2.0000E+01  2.3056E+03  2.3057E+03   1.000    1.05    1.16   0.900  9.8528E+03    1.40
 102  2.1000E+01  1.6806E+03  1.6807E+03   1.000    1.12    1.23   0.913  7.5472E+03    1.58
 103  2.2000E+01  1.2588E+03  1.2590E+03   1.000    1.20    1.30   0.926  5.8666E+03    1.78
 104  2.3000E+01  9.2188E+02  9.2207E+02   1.000    1.31    1.40   0.938  4.6078E+03    2.02
 105  2.4000E+01  6.9695E+02  6.9714E+02   1.000    1.45    1.53   0.949  3.6859E+03    2.27
 106  2.5000E+01  5.3919E+02  5.3937E+02   1.000    1.62    1.70   0.958  2.9890E+03    2.54
 107  2.6000E+01  4.4378E+02  4.4396E+02   1.000    1.82    1.89   0.967  2.4498E+03    2.81
 108  2.7000E+01  3.7325E+02  3.7343E+02   1.000    2.06    2.12   0.974  2.0060E+03    3.10
 109  2.8000E+01  3.1223E+02  3.1240E+02   0.999    2.34    2.39   0.980  1.6327E+03    3.41
 110  2.9000E+01  2.7998E+02  2.8015E+02   0.999    2.66    2.71   0.985  1.3205E+03    3.73
 111  3.0000E+01  2.4863E+02  2.4880E+02   0.999    3.05    3.09   0.988  1.0405E+03    4.09
 112  3.1000E+01  2.1636E+02  2.1651E+02   0.999    3.50    3.54   0.991  7.9190E+02    4.48
 113  3.2000E+01  1.9119E+02  1.9134E+02   0.999    4.03    4.06   0.994  5.7554E+02    4.91
 114  3.3000E+01  1.5068E+02  1.5080E+02   0.999    4.64    4.67   0.995  3.8435E+02    5.42
 115  3.4000E+01  1.0896E+02  1.0905E+02   0.999    5.36    5.37   0.997  2.3367E+02    5.99
 116  3.5000E+01  7.3940E+01  7.4002E+01   0.999    6.18    6.20   0.998  1.2471E+02    6.62
 117  3.6000E+01  4.1844E+01  4.1879E+01   0.999    7.12    7.14   0.998  5.0766E+01    7.30
 118  3.7000E+01  8.9218E+00  8.9292E+00   0.999    8.19    8.20   0.999  8.9218E+00    8.19
      3.8000E+01

  INTEGRALS OF SPECTRA
    OLD SPECTRUM   4.4907E+05   ±    0.881 %
    NEW SPECTRUM   4.4909E+05   ±    0.756 %

  SUMMARY OF BROAD-GROUP FLUXES, FLUENCES, AND UNCERTAINTIES

    IRRAD TIME [S] = 7.86600000E+03   ACT NORM =  1.00000000E+00

       ENERGY       FLUX       FLUENCE      STDEV %
      thermal    5.6809E+02  4.4686E+06  ±   0.93     (0.100 meV – 0.550  eV)
     epithermal  4.6805E+02  3.6817E+06  ±   8.91     (0.550  eV – 110.0 keV)
        fast     4.4805E+05  3.5244E+09  ±   0.75     (110.0 keV –  20.0 MeV)
        fast     4.0699E+05  3.2013E+09  ±   0.72     (  1.0 MeV –  20.0 MeV)
        high     9.8528E+03  7.7502E+07  ±   1.40     ( 20.0 MeV –  60.0 MeV)

    MINI-SPECTRUM

       ENERGY       FLUX       FLUENCE      STDEV %
     1.0000E-10  7.2183E+02  5.6779E+06  ±   0.92
     9.2000E-06  6.6814E+00  5.2556E+04  ±   9.02
     9.6000E-04  1.6191E+01  1.2736E+05  ±  31.26
     9.2000E-03  2.0103E+02  1.5813E+06  ±  14.82
     8.8000E-02  1.8932E+03  1.4892E+07  ±   6.75
     3.6000E-01  3.0845E+04  2.4263E+08  ±   2.11
     9.2000E-01  1.0191E+05  8.0166E+08  ±   1.38
     2.3000E+00  1.5953E+05  1.2549E+09  ±   0.87
     1.0000E+01  1.5028E+05  1.1821E+09  ±   0.75
     2.4000E+01  3.6859E+03  2.8993E+07  ±   2.27
     6.0000E+01

       TOTAL     4.4909E+05  3.5325E+09  ±   0.76

    RELATIVE COVARIANCES (10×10)
     1000    90     0    -1    -2    12    46   156   214    74
     1000   586    94     4     1     4    16    22     7
     1000   514    87     2     0     4     6     2
     1000   587    70     5     9    13     4
     1000   443    81    21    27    10
     1000   662   161    78    31
     1000   489   125    47
     1000   567    64
     1000   212
     1000

  SPECTRAL-AVERAGED REACTION RATES (for all cross section library reactions)

        REACTIONS        SIG-PHI      <SIG>          REACTIONS        SIG-PHI      <SIG>          REACTIONS        SIG-PHI      <SIG>  
   ------------------  ----------  ----------   ------------------  ----------  ----------   ------------------  ----------  ----------
   LI6(N,A)T           6.3474E-19  1.4134E-24   FE58(N,G)FE59       1.2969E-21  2.8879E-27   IN115(N,N')IN115M   8.7317E-20  1.9443E-25
   B10(N,A)LI7         2.4240E-18  5.3975E-24   CO59(N,2N)CO58      7.1572E-20  1.5937E-25   IN115(N,2N)IN114M   1.5625E-19  3.4792E-25
   F19(N,2N)F18        4.6761E-21  1.0412E-26   CO59(N,3N)CO57      1.1473E-21  2.5547E-27   IN115(N,G)IN116M    2.9002E-19  6.4579E-25
   NA23(N,2N)NA22      4.4375E-21  9.8812E-27   CO59(N,G)CO60       2.3690E-20  5.2750E-26   I127(N,2N)I126      1.7945E-19  3.9958E-25
   NA23(N,G)NA24       4.1254E-22  9.1862E-28   CO59(N,P)FE59       9.8633E-21  2.1963E-26   LA139(N,G)LA140     7.0422E-21  1.5681E-26
   MG24(N,P)NA24       3.2009E-20  7.1276E-26   CO59(N,A)MN56       4.3880E-21  9.7708E-27   PR141(N,2N)PR140    1.9605E-19  4.3655E-25
   AL27(N,P)MG27       1.9331E-20  4.3046E-26   NI58(N,2N)NI57      3.6471E-21  8.1211E-27   TM169(N,2N)TM168    2.8439E-19  6.3326E-25
   AL27(N,A)NA24       1.9346E-20  4.3078E-26   NI58(N,P)CO58       1.4087E-19  3.1368E-25   TM169(N,3N)TM167    2.3072E-20  5.1374E-26
   SI28(N,P)AL28       5.3922E-20  1.2007E-25   NI60(N,P)CO60       2.5466E-20  5.6706E-26   TA181(N,G)TA182     4.0091E-20  8.9271E-26
   P31(N,P)SI31        3.5664E-20  7.9413E-26   CU63(N,2N)CU62      4.9667E-20  1.1059E-25   W186(N,G)W187       3.0625E-20  6.8193E-26
   S32(N,P)P32         8.6537E-20  1.9269E-25   CU63(N,G)CU64       5.3049E-21  1.1813E-26   AU197(N,2N)AU196    2.8330E-19  6.3082E-25
   TI46(N,2N)TI45      8.1736E-21  1.8200E-26   CU63(N,A)CO60       7.4121E-21  1.6505E-26   AU197(N,G)AU198     1.1066E-19  2.4640E-25
   TI46(N,P)SC46       5.9915E-20  1.3341E-25   CU65(N,2N)CU64      9.5513E-20  2.1268E-25   HG199(N,N')HG199M   1.6410E-19  3.6541E-25
   TI47(N,P)SC47       3.1518E-20  7.0182E-26   ZN64(N,P)CU64       5.7443E-20  1.2791E-25   PB204(N,N')PB204M   4.1195E-20  9.1730E-26
   TI47(N,X)SC46       9.0973E-21  2.0257E-26   ZN67(N,P)CU67       5.7828E-21  1.2877E-26   BI209(N,3N)BI207    2.7686E-20  6.1649E-26
   TI48(N,P)SC48       8.9747E-21  1.9984E-26   AS75(N,2N)AS74      1.0101E-19  2.2492E-25   TH232(N,FISSION)    1.0408E-19  2.3175E-25
   TI48(N,X)SC47       3.7063E-21  8.2529E-27   Y89(N,2N)Y88        8.7460E-20  1.9475E-25   TH232(N,G)TH233     2.1981E-20  4.8946E-26
   TI49(N,X)SC48       2.2999E-21  5.1211E-27   ZR90(N,2N)ZR89      7.0177E-20  1.5626E-25   U235(N,FISSION)     1.0435E-18  2.3235E-24
   V51(N,A)SC48        2.0401E-21  4.5428E-27   NB93(N,G)NB94       4.6238E-21  1.0296E-26   U235(N,G)U236       8.2044E-20  1.8269E-25
   CR52(N,2N)CR51      3.5246E-20  7.8484E-26   NB93(N,N')NB93M     6.2281E-20  1.3868E-25   U238(N,2N)U237      2.4518E-19  5.4594E-25
   MN55(N,2N)MN54      7.3194E-20  1.6298E-25   NB93(N,2N)NB92M     5.7717E-20  1.2852E-25   U238(N,FISSION)     3.2720E-19  7.2858E-25
   MN55(N,G)MN56       8.6398E-21  1.9238E-26   MO92(N,P)NB92M      2.2097E-20  4.9203E-26   U238(N,G)U239       1.6863E-20  3.7550E-26
   FE54(N,2N)FE53      2.8354E-21  6.3136E-27   RH103(N,N')RH103M   3.4630E-19  7.7111E-25   NP237(N,FISSION)    8.2131E-19  1.8288E-24
   FE54(N,P)MN54       1.1646E-19  2.5933E-25   AG109(N,G)AG110M    5.8470E-21  1.3020E-26   PU239(N,FISSION)    1.7570E-18  3.9124E-24
   FE54(N,A)CR51       1.4021E-20  3.1221E-26   IN113(N,N')IN113M   7.2327E-20  1.6105E-25   AM241(N,FISSION)    9.1211E-19  2.0310E-24
   FE56(N,P)MN56       1.8256E-20  4.0651E-26   IN113(N,G)IN114M    4.8721E-20  1.0849E-25   SC45(N,G)SC46       1.7418E-20  3.8785E-26

  INPUT FLUX REL. CORRELATION MATRIX (by row from diagonal)
   1   1000   991   967   928   877   818   752   683   613   543   476   414   356   304   257   216   180   149   123   101
         81    64    50    38    28    21    15    12     9     7     8     5     6     5     6     5     5     6     6     9
          6    10     8     8    11    11    10    13    14    16    18    19    19    24    24    28    30    35    39    45
         51    57    64    72    79    87    95   103   110   117   123   128   133   137   139   141   143   144   146   148
        151   154   161   169   178   186   194   200   208   211   215   217   217   217   215   211   206   199   190   181
        171   163   153   142   130   118   106    94    83    74    65    56    49    43    37    32    28    24   399   399
        399   399   399   399   399   399   399   399   399   399   399   399   399   399   399   399   399   399   399   399

  OUTPUT FLUX REL. CORRELATION MATRIX (by row from diagonal)
   1   1000   990   961   915   854   782   701   618   533   451   374   306   244   192   149   112    84    62    45    33
         22    15     9     5     1     0    -1    -1    -1    -1     0    -1     0    -1     0    -1    -1    -1    -1     0
         -2     0    -1    -2    -1    -1    -2    -1    -1     0     0    -1    -2     0    -2    -1    -2    -1    -1     0
          0     2     3     5     7    10    13    17    20    25    29    34    39    44    49    53    58    63    68    74
         80    86    96   105   116   126   135   143   152   157   162   165   166   166   165   161   155   149   141   133
        124   117   109   101    91    82    74    65    58    51    45    39    34    30    26    23    20    17   328   328
        328   328   328   328   328   328   328   328   328   328   328   328   328   328   328   328   328   328   328   328
   2   1000   990   961   915   854   781   702   617   533   451   375   305   244   192   148   112    84    62    45    31
         21    13     7     3     1     0    -1    -1    -1     0    -1     0    -1     0    -1    -1    -1    -1     0    -2
          0    -1    -2    -1    -1    -2    -1    -1     0     0    -1    -2     0    -2    -1    -2    -1    -1     0     0
          1     3     5     7    10    13    17    21    26    30    35    41    46    51    56    61    66    72    78    85
         92   102   112   124   133   144   152   162   167   173   176   177   177   175   171   165   158   150   141   132
        124   116   107    97    88    78    70    62    54    48    42    36    32    28    24    21    18   348   348   348
        348   348   348   348   348   348   348   348   348   348   348   348   348   348   348   348   348   348   348
   3   1000   990   961   915   854   781   701   617   532   450   373   304   243   191   147   111    83    61    43    30
         19    11     6     2     0     0    -1    -1     0    -1     0    -1     0    -1    -1    -1    -1     0    -2     0
         -1    -2    -1    -1    -3    -1    -1     0     0    -1    -3     0    -3    -1    -2    -2    -1    -1     0     1
          2     4     7    10    13    17    21    26    31    36    42    47    53    58    64    69    75    81    89    96
        106   117   129   140   150   160   169   175   181   184   185   186   184   179   173   166   157   148   138   130
        122   112   102    92    82    73    64    57    50    44    38    33    29    25    22    19   365   365   365   365
        365   365   365   365   365   365   365   365   365   365   365   365   365   365   365   365   365   365
   4   1000   990   961   915   854   781   701   616   532   450   373   304   243   190   147   112    83    60    42    28
         18    10     5     2     0     0    -1     0    -1     0    -1     0    -1    -1    -1    -1     0    -2     0    -1
         -3    -1    -2    -3    -1    -1     0    -1    -1    -3     0    -3    -1    -2    -2    -1    -1     0     1     2
          4     7    10    13    17    22    26    32    37    43    49    54    60    66    71    78    84    92    99   110
        121   134   145   156   166   176   182   188   192   192   193   191   187   180   172   163   154   144   135   127
        117   106    95    85    76    67    59    52    45    40    35    30    26    23    20   379   379   379   379   379
        379   379   379   379   379   379   379   379   379   379   379   379   379   379   379   379   379
   5   1000   990   961   915   854   781   701   617   531   450   374   304   243   191   147   111    82    58    40    27
         16     9     5     2     0     0     0    -1     0     0     0    -1    -1    -1    -1     0    -2     0    -1    -3
         -1    -2    -3    -1    -2     0    -1    -1    -3     0    -3    -1    -2    -2    -2    -1     0     1     2     4
          7    10    14    18    22    27    32    38    44    50    56    61    67    73    80    87    95   102   113   125
        139   150   161   171   181   188   194   197   198   199   197   192   186   178   168   158   148   140   131   120
        109    98    88    78    69    61    53    47    41    36    31    27    24    21   391   391   391   391   391   391
        391   391   391   391   391   391   391   391   391   391   391   391   391   391   391   391
   6   1000   990   961   915   854   781   701   616   531   450   373   303   242   190   146   109    80    57    39    25
         15     9     5     2     0     1     0     0     0     0    -1    -1    -1    -1     0    -2     0    -1    -3    -1
         -2    -3    -1    -2    -1    -1    -1    -3     0    -3    -1    -3    -2    -2    -1     0     0     2     4     6
          9    13    17    21    26    32    37    44    50    55    61    68    73    80    87    95   103   114   126   140
        151   163   173   183   190   196   200   200   201   199   194   188   180   170   160   150   141   132   122   110
         99    89    79    70    62    54    47    41    36    31    27    24    21   395   395   395   395   395   395   395
        395   395   395   395   395   395   395   395   395   395   395   395   395   395   395
   7   1000   990   961   915   853   781   700   616   531   449   372   303   242   190   145   108    78    55    37    24
         15     9     5     2     2     0     0     0     0    -1    -1    -1    -1     0    -2     0    -1    -3    -1    -2
         -3    -1    -2    -1    -1    -1    -3     0    -3    -2    -3    -3    -2    -1     0     0     1     3     6     9
         13    16    21    26    31    37    43    49    55    61    67    73    80    87    95   103   114   126   140   151
        163   173   183   190   196   200   200   201   199   194   188   180   170   160   150   141   132   122   110    99
         89    79    70    62    54    47    41    36    31    27    24    21   395   395   395   395   395   395   395   395
        395   395   395   395   395   395   395   395   395   395   395   395   395   395
   8   1000   990   961   915   854   780   700   616   531   449   373   303   242   188   143   106    77    54    36    24
         15     9     5     4     1     1     0     0    -1    -1    -1    -1     0    -2     0    -1    -3    -1    -2    -3
         -1    -2     0    -1    -1    -3     0    -3    -1    -3    -2    -2    -1     0     0     2     4     6     9    13
         17    21    26    31    37    43    49    55    61    67    73    80    87    95   103   114   126   140   151   163
        173   183   190   196   199   200   201   199   194   188   179   170   160   150   141   132   122   110    99    89
         79    70    62    54    47    41    36    31    27    24    21   395   395   395   395   395   395   395   395   395
        395   395   395   395   395   395   395   395   395   395   395   395   395
   9   1000   990   961   915   853   781   700   616   531   449   373   303   240   187   142   105    75    53    36    24
         16     9     7     3     2     0     0    -1    -1    -1    -1     0    -2     0    -1    -3    -1    -1    -3    -1
         -1     0     0    -1    -3     0    -3    -1    -3    -2    -2    -1     0     0     2     3     6     9    12    16
         20    25    31    36    42    48    54    59    66    71    78    85    93   101   112   123   137   148   159   169
        180   186   192   195   196   197   195   190   184   176   167   157   147   138   129   119   108    97    87    77
         68    60    53    46    40    35    31    27    23    20   387   387   387   387   387   387   387   387   387   387
        387   387   387   387   387   387   387   387   387   387   387   387
  10   1000   990   961   914   853   781   700   615   531   449   372   301   239   185   140   104    75    52    36    24
         16    11     6     4     2     1     0     0    -1    -1     0    -2     0    -1    -2    -1    -1    -3    -1    -1
          0     0    -1    -3     0    -3    -1    -3    -2    -2    -1     0     0     1     3     6     8    12    16    20
         24    29    35    41    46    52    57    64    69    76    82    90    98   108   120   133   143   154   164   174
        180   186   190   190   191   189   185   178   171   162   152   142   134   126   116   105    94    84    75    66
         59    51    45    39    34    30    26    23    20   375   375   375   375   375   375   375   375   375   375   375
        375   375   375   375   375   375   375   375   375   375   375
  11   1000   990   961   915   853   781   700   615   531   449   371   300   238   184   139   103    74    53    37    24
         17    10     7     4     2     0     0     0    -1     0    -2     0    -1    -2    -1    -1    -2    -1    -1     0
          0    -1    -3     0    -3    -1    -2    -2    -2    -1     0     0     1     3     5     8    11    14    18    23
         28    33    38    44    49    54    60    65    72    78    86    93   103   114   126   137   147   156   166   172
        177   181   182   182   180   176   170   163   154   145   136   128   120   110   100    90    80    71    63    56
         49    43    37    33    28    25    22    19   357   357   357   357   357   357   357   357   357   357   357   357
        357   357   357   357   357   357   357   357   357   357
  12   1000   990   961   915   853   780   700   615   530   447   369   299   236   183   138   102    75    53    37    26
         16    11     7     4     1     0     0     0     0    -2     0    -1    -2    -1    -1    -2    -1    -1     0     0
         -1    -2     0    -2    -1    -2    -2    -1    -1     0     0     1     3     5     8    11    14    18    22    27
         32    37    42    47    52    58    63    69    75    82    89    99   109   121   130   141   149   158   164   169
        172   173   174   172   168   162   155   147   138   130   122   114   105    95    86    77    68    60    53    47
         41    36    31    27    24    21    18   341   341   341   341   341   341   341   341   341   341   341   341   341
        341   341   341   341   341   341   341   341   341
  13   1000   990   961   915   853   780   700   615   529   446   368   297   235   182   138   103    75    53    38    25
         18    11     7     3     1     0     0     1    -1     0    -1    -2     0    -1    -2    -1    -1     0     0    -1
         -2     0    -2    -1    -2    -2    -1    -1     0     0     1     3     5     7    10    13    17    21    25    29
         34    39    44    49    54    58    64    70    76    83    92   101   113   122   131   139   148   153   158   161
        162   162   160   157   151   145   137   129   121   114   107    98    89    80    72    64    56    50    44    38
         33    29    25    22    19    17   318   318   318   318   318   318   318   318   318   318   318   318   318   318
        318   318   318   318   318   318   318   318
  14   1000   990   961   915   853   780   700   614   528   445   367   296   235   182   138   103    75    55    37    26
         17    11     6     3     2     0     1    -1     0     0    -2     0    -1    -2    -1    -1     0     0    -1    -2
          0    -2    -1    -2    -1    -1    -1     0     0     1     3     5     7    10    13    16    19    24    28    32
         37    41    46    50    55    60    65    71    77    86    94   105   113   122   130   137   142   147   150   150
        151   149   146   141   135   128   120   112   106    99    91    83    74    67    59    52    46    41    35    31
         27    24    20    18    16   296   296   296   296   296   296   296   296   296   296   296   296   296   296   296
        296   296   296   296   296   296   296
  15   1000   990   961   914   853   780   699   613   527   444   366   296   234   182   139   103    76    54    38    26
         18    11     6     4     2     2     0     0     0    -1     0    -1    -2     0    -1     0     0     0    -2     0
         -2     0    -1    -1    -1     0     0     1     2     3     5     7     9    12    15    18    22    26    30    34
         38    42    47    51    55    60    66    71    79    87    97   104   112   119   127   131   135   138   138   139
        137   134   130   124   117   111   103    97    91    84    76    69    61    54    48    43    37    33    29    25
         22    19    16    14   273   273   273   273   273   273   273   273   273   273   273   273   273   273   273   273
        273   273   273   273   273   273
  16   1000   990   961   915   853   779   698   612   526   443   366   296   235   182   139   105    76    55    38    26
         17    11     7     4     3     0     1     0    -1     0     0    -1     0     0     0     0     0    -1     0    -1
          0    -1    -1     0     0     0     1     1     3     4     6     9    11    14    17    20    24    28    31    35
         38    42    46    50    54    59    64    71    79    87    94   101   108   114   118   122   124   125   125   124
        121   117   112   106   100    93    88    82    76    69    62    55    49    43    38    34    30    26    22    20
         17    15    13   246   246   246   246   246   246   246   246   246   246   246   246   246   246   246   246   246
        246   246   246   246   246
  17   1000   990   961   914   852   779   697   611   525   443   365   296   235   183   140   104    77    55    39    26
         17    11     7     5     1     2     0     0     0     0    -1     0     0     0     0     0    -1     0    -1     0
         -1     0     0     0     0     1     2     3     4     6     8    10    13    15    19    22    25    28    32    35
         38    41    45    49    53    58    64    71    78    84    91    96   102   106   109   111   112   112   111   108
        105   100    95    89    84    79    74    68    62    55    50    44    39    34    30    26    23    20    18    15
         13    12   221   221   221   221   221   221   221   221   221   221   221   221   221   221   221   221   221   221
        221   221   221   221
  18   1000   990   961   914   852   778   696   611   525   443   366   296   235   184   140   105    76    55    38    26
         17    11     8     3     3     1     0     0     0    -1     0     0     0     0     0    -1     0    -1     0     0
          0     0     0     0     1     2     3     4     6     8    10    12    14    17    20    23    26    28    31    34
         37    40    44    48    51    57    63    69    75    81    86    91    94    97    99    99    99    98    96    93
         89    84    79    74    70    65    60    55    49    44    39    35    31    27    23    20    18    16    14    12
         10   196   196   196   196   196   196   196   196   196   196   196   196   196   196   196   196   196   196   196
        196   196   196
  19   1000   990   961   914   851   778   696   611   525   443   366   296   236   183   140   105    77    54    38    26
         17    12     7     5     2     0     1     0     0     0     0     0     0     0     0     0     0     0     0     0
          0     0     0     1     2     3     4     5     7     9    11    13    15    18    21    23    25    28    31    33
         36    39    42    45    50    55    61    66    71    75    80    83    85    87    87    87    86    84    82    78
         74    70    65    61    57    53    48    43    39    34    30    27    24    21    18    16    14    12    10     9
        172   172   172   172   172   172   172   172   172   172   172   172   172   172   172   172   172   172   172   172
        172   172
  20   1000   990   961   913   851   777   696   611   525   443   366   297   236   184   140   105    76    55    38    26
         18    11     8     4     2     1     0     0     0     0     0     0     0     0     0     0     0     0     0     0
          0     0     1     2     3     4     5     6     8    10    12    14    16    18    20    22    24    27    29    31
         34    37    39    44    48    53    57    61    65    69    71    74    75    75    75    75    73    71    67    64
         60    56    53    50    46    42    37    33    30    26    23    20    18    16    14    12    10     9     8   149
        149   149   149   149   149   149   149   149   149   149   149   149   149   149   149   149   149   149   149   149
        149
  21   1000   990   961   913   851   778   696   611   526   444   367   297   236   184   140   105    77    55    38    27
         17    12     7     4     3     1     0     0     0     0     0     0     0     0     0     0     0     0     0     0
          0     1     1     2     3     4     5     7     8    10    11    13    15    17    19    20    22    24    26    28
         30    33    36    40    44    47    51    54    57    59    61    62    63    63    62    61    59    56    53    50
         47    44    41    38    35    31    28    25    22    19    17    15    13    11    10     9     7     7   124   124
        124   124   124   124   124   124   124   124   124   124   124   124   124   124   124   124   124   124   124   124
  22   1000   990   961   913   851   778   697   612   526   444   367   298   236   184   140   105    77    55    39    26
         18    12     7     5     3     1     1     0     0     0     0     0     0     0     0     0     0     0     0     0
          0     1     2     2     3     4     5     6     8     9    10    12    14    15    16    18    19    21    23    25
         27    30    33    36    39    42    44    47    49    50    51    51    51    51    50    48    46    44    41    38
         36    34    31    28    25    23    20    18    16    14    12    11     9     8     7     6     5   101   101   101
        101   101   101   101   101   101   101   101   101   101   101   101   101   101   101   101   101   101   101
  23   1000   990   961   914   852   778   697   612   527   444   368   298   237   184   140   105    77    55    38    27
         18    11     7     4     2     1     1     0     0     0     0     0     0     0     0     0     0     0     0     0
          1     1     2     2     3     4     5     6     7     8     9    11    12    13    14    15    17    18    20    21
         24    26    29    31    33    35    38    39    40    41    41    41    41    40    38    37    35    33    31    29
         27    25    23    20    18    16    14    13    11    10     8     7     6     6     5     4    81    81    81    81
         81    81    81    81    81    81    81    81    81    81    81    81    81    81    81    81    81    81
  24   1000   990   961   914   852   778   697   612   527   445   368   298   237   184   140   105    77    55    39    27
         18    12     7     4     3     1     1     0     0     0     0     0     0     0     0     0     0     0     0     0
          0     1     1     2     3     3     4     5     6     7     8     9    10    11    12    13    14    15    16    18
         20    22    24    26    27    29    30    31    32    32    32    32    31    30    28    27    25    24    22    21
         19    17    16    14    12    11    10     9     7     7     6     5     4     4     3    62    62    62    62    62
         62    62    62    62    62    62    62    62    62    62    62    62    62    62    62    62    62
  25   1000   990   961   914   852   779   698   612   527   445   368   298   237   184   140   105    77    55    39    26
         18    12     7     5     3     1     1     0     0     0     0     0     0     0     0     0     0     0     0     0
          0     0     1     1     2     3     3     4     5     5     6     7     8     8     9    10    11    12    14    15
         17    18    19    21    22    23    23    24    24    24    24    23    23    22    20    19    18    17    16    15
         13    12    11     9     8     7     6     6     5     4     4     3     3     2    47    47    47    47    47    47
         47    47    47    47    47    47    47    47    47    47    47    47    47    47    47    47
  26   1000   990   961   914   852   779   698   613   527   445   368   298   237   184   141   105    77    55    39    27
         18    12     7     5     3     1     1     0     0     0     0     0     0     0     0     0     0     0     0     0
          0     0     1     1     1     2     2     3     4     4     5     5     6     7     7     8     9    10    11    12
         13    14    15    16    17    18    18    18    18    18    17    17    16    15    14    13    13    12    11    10
          9     8     7     6     5     5     4     4     3     3     2     2     2    35    35    35    35    35    35    35
         35    35    35    35    35    35    35    35    35    35    35    35    35    35    35
  27   1000   990   961   914   852   779   698   613   527   445   368   298   237   184   140   105    77    55    39    27
         18    12     7     5     3     1     0     0     0     0     0     0     0     0     0     0     0     0     0     0
          0     0     0     1     1     1     2     2     3     3     4     4     5     5     6     6     7     8     9    10
         11    11    12    12    13    13    13    13    13    13    12    12    11    10    10     9     9     8     7     6
          6     5     5     4     3     3     3     2     2     2     2     1    25    25    25    25    25    25    25    25
         25    25    25    25    25    25    25    25    25    25    25    25    25    25
  28   1000   990   961   914   852   779   698   613   527   445   368   298   237   184   141   105    77    55    39    27
         18    12     7     5     3     1     1     0     0     0     0     0     0     0     0     0     0     0     0     0
          0     0     0     1     1     1     2     2     2     3     3     3     4     4     5     5     6     7     7     8
          9     9     9    10    10    10    10    10    10     9     9     9     8     7     7     7     6     5     5     4
          4     3     3     3     2     2     2     2     1     1     1    19    19    19    19    19    19    19    19    19
         19    19    19    19    19    19    19    19    19    19    19    19    19
  29   1000   990   961   914   852   779   698   613   527   445   368   298   237   184   141   105    77    55    39    27
         18    12     8     5     3     1     1     0     0     0     0     0     0     0     0     0     0     0     0     0
          0     0     0     1     1     1     1     2     2     2     3     3     3     4     4     5     5     6     6     7
          7     8     8     8     8     8     8     8     7     7     7     6     6     6     5     5     4     4     3     3
          3     2     2     2     2     1     1     1     1     1    15    15    15    15    15    15    15    15    15    15
         15    15    15    15    15    15    15    15    15    15    15    15
  30   1000   990   961   914   852   779   698   613   527   445   368   298   237   184   141   105    77    55    39    27
         18    12     7     5     3     1     1     0     0     0     0     0     0     0     0     0     0     0     0     0
          0     0     0     0     1     1     1     1     2     2     2     2     3     3     4     4     4     5     5     5
          6     6     6     6     6     6     6     6     5     5     5     5     4     4     4     3     3     3     2     2
          2     2     1     1     1     1     1     1     1    11    11    11    11    11    11    11    11    11    11    11
         11    11    11    11    11    11    11    11    11    11    11
  31   1000   990   961   914   852   779   698   613   527   445   368   298   237   184   141   105    77    55    39    27
         18    12     8     5     3     2     1     0     0     0     0     0     0     0     0     0     0     0     1     1
          1     1     1     2     2     2     2     2     3     3     3     4     4     4     5     5     6     6     6     7
          7     7     7     7     7     7     7     6     6     6     5     5     5     4     4     3     3     3     2     2
          2     2     1     1     1     1     1     1    13    13    13    13    13    13    13    13    13    13    13    13
         13    13    13    13    13    13    13    13    13    13
  32   1000   990   961   914   852   779   698   613   527   445   368   298   237   184   141   105    77    55    39    27
         18    12     8     5     3     1     1     0     0     0     0     0     0     0     0     0     0     0     0     0
          0     0     1     1     1     1     1     1     2     2     2     3     3     3     4     4     4     4     5     5
          5     5     5     5     5     5     4     4     4     4     3     3     3     3     2     2     2     2     1     1
          1     1     1     1     1     1     0     9     9     9     9     9     9     9     9     9     9     9     9     9
          9     9     9     9     9     9     9     9     9
  33   1000   990   961   914   852   779   698   613   527   445   368   298   237   184   141   105    77    55    39    27
         18    12     8     5     3     2     1     0     0     0     0     0     0     0     0     0     0     0     1     1
          1     1     1     2     2     2     2     2     3     3     3     4     4     4     5     5     5     5     6     6
          6     6     6     6     5     5     5     5     4     4     4     3     3     3     3     2     2     2     2     1
          1     1     1     1     1     1    11    11    11    11    11    11    11    11    11    11    11    11    11    11
         11    11    11    11    11    11    11    11
  34   1000   990   961   914   852   779   698   613   527   445   368   298   237   184   141   105    77    55    39    27
         18    12     8     5     3     2     1     0     0     0     0     0     0     0     0     0     0     0     0     1
          1     1     1     1     1     2     2     2     2     3     3     3     4     4     4     4     5     5     5     5
          5     5     5     5     4     4     4     4     3     3     3     3     2     2     2     2     1     1     1     1
          1     1     1     1     0     9     9     9     9     9     9     9     9     9     9     9     9     9     9     9
          9     9     9     9     9     9     9
  35   1000   990   961   914   852   779   698   613   527   445   368   298   237   184   141   105    77    55    39    27
         18    12     8     5     3     2     1     0     0     0     0     0     0     0     0     0     1     1     1     1
          1     1     2     2     2     2     3     3     3     3     4     4     5     5     5     5     6     6     6     6
          6     5     5     5     5     4     4     4     4     3     3     3     2     2     2     2     2     1     1     1
          1     1     1     1    11    11    11    11    11    11    11    11    11    11    11    11    11    11    11    11
         11    11    11    11    11    11
  36   1000   990   961   914   852   779   698   613   527   445   368   298   237   184   141   105    77    55    39    27
         18    12     7     5     3     1     1     0     0     0     0     0     0     0     0     0     0     0     0     0
          1     1     1     1     1     2     2     2     2     3     3     3     4     4     4     4     4     4     4     4
          4     4     4     4     3     3     3     3     3     2     2     2     2     1     1     1     1     1     1     1
          1     0     0     8     8     8     8     8     8     8     8     8     8     8     8     8     8     8     8     8
          8     8     8     8     8
  37   1000   990   961   914   852   779   698   613   527   445   368   298   237   184   141   105    77    55    39    27
         18    12     7     4     3     1     1     0     0     0     0     0     0     0     0     0     0     0     1     1
          1     1     1     2     2     2     2     3     3     3     4     4     4     4     5     5     5     5     5     5
          4     4     4     4     3     3     3     3     3     2     2     2     2     1     1     1     1     1     1     1
          1     0     9     9     9     9     9     9     9     9     9     9     9     9     9     9     9     9     9     9
          9     9     9     9
  38   1000   990   961   914   852   779   698   613   527   445   368   298   237   184   141   105    77    55    39    27
         18    12     7     5     3     1     1     0     0     0     0     0     0     0     0     0     1     1     1     1
          1     2     2     2     2     3     3     4     4     4     4     5     5     5     5     5     5     5     5     5
          5     4     4     4     4     3     3     3     3     2     2     2     2     1     1     1     1     1     1     1
          1    10    10    10    10    10    10    10    10    10    10    10    10    10    10    10    10    10    10    10
         10    10    10
  39   1000   990   961   914   852   779   698   613   527   445   368   298   237   184   141   105    77    55    39    27
         18    12     7     4     3     1     1     0     0     0     0     0     0     0     0     0     1     1     1     1
          2     2     2     2     3     3     4     4     4     5     5     5     5     5     5     5     5     5     5     5
          5     4     4     4     4     3     3     3     2     2     2     2     1     1     1     1     1     1     1     1
         10    10    10    10    10    10    10    10    10    10    10    10    10    10    10    10    10    10    10    10
         10    10
  40   1000   990   961   914   852   779   698   613   527   445   368   298   237   184   141   105    77    55    39    27
         18    12     8     5     3     2     1     1     1     1     1     1     2     2     2     2     3     3     3     3
          4     4     4     5     5     6     6     7     7     8     8     8     8     8     8     8     8     8     8     7
          7     6     6     6     5     5     4     4     3     3     3     2     2     2     2     1     1     1     1    17
         17    17    17    17    17    17    17    17    17    17    17    17    17    17    17    17    17    17    17    17
         17
  41   1000   990   961   914   852   779   698   612   527   445   368   298   237   184   140   105    77    55    38    26
         17    11     7     4     2     1     0     0     0     0     0     0     0     0     0     0     1     1     1     2
          2     2     3     3     3     4     4     4     5     5     5     5     5     5     5     5     5     5     4     4
          4     4     3     3     3     3     2     2     2     2     1     1     1     1     1     1     1     1     9     9
          9     9     9     9     9     9     9     9     9     9     9     9     9     9     9     9     9     9     9     9
  42   1000   990   961   914   852   779   698   613   527   445   368   298   237   184   141   105    77    55    39    27
         18    12     8     5     3     2     2     1     1     1     2     2     2     2     3     3     3     3     4     4
          5     5     6     6     7     7     8     8     9     9     9     9     9     9     9     9     8     8     7     7
          6     6     6     5     5     4     4     3     3     2     2     2     2     1     1     1     1    18    18    18
         18    18    18    18    18    18    18    18    18    18    18    18    18    18    18    18    18    18    18
  43   1000   990   961   914   852   779   698   612   527   445   368   298   237   184   140   105    77    55    39    26
         18    12     7     5     3     2     1     1     1     1     1     1     1     2     2     2     2     3     3     4
          4     5     5     6     6     7     7     7     8     8     8     8     8     8     7     7     7     6     6     5
          5     5     4     4     3     3     3     2     2     2     2     1     1     1     1     1    15    15    15    15
         15    15    15    15    15    15    15    15    15    15    15    15    15    15    15    15    15    15
  44   1000   990   961   914   852   779   697   612   527   445   367   298   236   184   140   105    76    55    38    26
         17    11     7     4     2     1     0     0     0     0     0     0     1     1     1     2     2     3     3     3
          4     4     5     5     6     6     6     7     7     7     7     7     7     6     6     6     6     5     5     5
          4     4     3     3     3     2     2     2     2     1     1     1     1     1     1    13    13    13    13    13
         13    13    13    13    13    13    13    13    13    13    13    13    13    13    13    13    13
  45   1000   990   961   914   852   779   698   613   527   445   368   298   237   184   140   105    77    55    39    27
         18    12     8     5     3     2     2     2     2     2     2     2     3     3     3     4     4     5     5     6
          7     7     8     8     9     9    10    10    10    10    10    10     9     9     8     8     7     7     6     6
          5     5     4     4     3     3     3     2     2     2     2     1     1     1    19    19    19    19    19    19
         19    19    19    19    19    19    19    19    19    19    19    19    19    19    19    19
  46   1000   990   961   914   852   779   698   612   527   445   368   298   236   184   140   105    77    55    39    26
         18    12     8     5     3     2     2     2     2     2     2     2     3     3     4     4     5     5     6     7
          7     8     8     9     9    10    10    10    10    10    10     9     9     8     8     7     7     6     6     5
          5     4     4     3     3     3     2     2     2     2     1     1     1    19    19    19    19    19    19    19
         19    19    19    19    19    19    19    19    19    19    19    19    19    19    19
  47   1000   990   961   914   852   779   697   612   527   444   367   298   236   184   140   104    76    55    38    26
         17    11     7     4     3     2     1     1     1     2     2     2     3     3     4     4     5     5     6     7
          7     8     8     9     9     9     9     9     9     9     9     8     8     7     7     6     6     6     5     5
          4     4     3     3     2     2     2     2     1     1     1     1    17    17    17    17    17    17    17    17
         17    17    17    17    17    17    17    17    17    17    17    17    17    17
  48   1000   990   961   914   852   779   698   612   527   445   368   298   236   184   140   105    77    55    39    27
         18    12     8     6     4     3     3     3     3     3     4     4     5     5     6     7     7     8     9    10
         10    11    11    12    12    12    12    12    12    11    11    10    10     9     9     8     7     7     6     5
          5     4     4     3     3     2     2     2     2     1     1    23    23    23    23    23    23    23    23    23
         23    23    23    23    23    23    23    23    23    23    23    23    23
  49   1000   990   961   914   852   779   698   612   527   445   367   298   236   184   140   105    77    55    39    27
         18    13     9     6     5     4     3     3     4     4     4     5     5     6     7     8     9     9    10    11
         12    12    13    13    13    13    13    13    12    12    11    10    10     9     8     8     7     6     6     5
          4     4     3     3     3     2     2     2     2     1    25    25    25    25    25    25    25    25    25    25
         25    25    25    25    25    25    25    25    25    25    25    25
  50   1000   990   961   914   852   779   698   613   527   445   368   298   237   184   141   105    77    56    40    28
         19    14    10     7     6     5     5     5     5     6     6     7     7     8     9    10    11    12    13    14
         14    15    15    15    15    15    15    14    14    13    12    12    11    10     9     8     8     7     6     5
          5     4     4     3     3     2     2     2     2    30    30    30    30    30    30    30    30    30    30    30
         30    30    30    30    30    30    30    30    30    30    30
  51   1000   990   961   914   852   779   698   613   527   445   368   298   237   184   141   105    78    56    40    28
         20    14    10     8     7     6     6     6     6     7     7     8     9    10    11    12    13    14    15    16
         16    17    17    17    17    16    16    15    14    13    13    12    11    10     9     8     7     7     6     5
          5     4     3     3     3     2     2     2    33    33    33    33    33    33    33    33    33    33    33    33
         33    33    33    33    33    33    33    33    33    33
  52   1000   990   961   914   852   779   698   612   527   445   368   298   237   184   141   105    78    56    40    28
         20    14    11     8     7     6     6     6     7     7     8     9    10    12    13    14    15    16    16    17
         17    17    18    17    17    16    16    15    14    13    12    12    11    10     9     8     7     6     5     5
          4     4     3     3     2     2     2    34    34    34    34    34    34    34    34    34    34    34    34    34
         34    34    34    34    34    34    34    34    34
  53   1000   990   961   914   852   779   697   612   527   444   367   297   236   184   140   105    77    56    39    28
         20    14    10     8     7     6     6     6     7     8     9    10    11    12    13    14    15    16    17    17
         17    17    17    17    16    16    15    14    13    12    11    11    10     9     8     7     6     5     5     4
          4     3     3     2     2     2    33    33    33    33    33    33    33    33    33    33    33    33    33    33
         33    33    33    33    33    33    33    33
  54   1000   990   961   914   852   779   698   613   527   445   368   298   237   185   142   107    79    58    42    30
         22    17    13    11    10     9    10    10    11    12    13    15    16    18    19    20    21    22    22    23
         23    23    22    21    20    19    18    17    16    15    14    13    11    10     9     8     7     6     5     5
          4     4     3     3     2    45    45    45    45    45    45    45    45    45    45    45    45    45    45    45
         45    45    45    45    45    45    45
  55   1000   990   961   914   852   779   697   612   527   444   367   298   236   184   141   105    78    56    41    29
         21    15    12    10     9     9     9     9    11    12    14    15    16    18    19    20    20    21    21    21
         21    21    20    19    18    17    16    15    14    13    12    11    10     9     8     7     6     5     4     4
          3     3     3     2    42    42    42    42    42    42    42    42    42    42    42    42    42    42    42    42
         42    42    42    42    42    42
  56   1000   990   961   914   852   779   698   613   527   445   368   298   237   185   142   107    79    58    42    31
         23    18    14    12    11    11    12    13    15    16    18    20    21    23    24    25    25    26    26    26
         25    24    23    22    21    20    19    17    16    15    13    12    10     9     8     7     6     5     5     4
          4     3     3    51    51    51    51    51    51    51    51    51    51    51    51    51    51    51    51    51
         51    51    51    51    51
  57   1000   990   961   914   852   779   697   612   527   444   367   298   237   185   141   106    79    58    42    31
         23    18    15    13    12    12    14    15    17    18    20    22    23    25    26    26    27    27    27    26
         26    25    23    22    21    20    18    17    15    14    12    11    10     9     8     7     6     5     4     4
          3     3    54    54    54    54    54    54    54    54    54    54    54    54    54    54    54    54    54    54
         54    54    54    54
  58   1000   990   961   914   852   779   697   612   527   444   368   298   237   185   142   107    80    59    43    32
         24    19    16    15    15    15    17    19    21    23    24    26    28    29    30    30    30    30    30    29
         28    27    25    24    22    21    19    17    16    14    13    11    10     9     7     7     6     5     4     4
          3    61    61    61    61    61    61    61    61    61    61    61    61    61    61    61    61    61    61    61
         61    61    61
  59   1000   990   961   914   852   779   697   612   527   445   368   298   237   186   143   108    81    60    44    33
         26    21    19    17    18    19    21    23    25    27    29    31    32    33    34    34    34    34    33    32
         30    28    27    25    24    22    20    18    16    14    13    11    10     9     7     6     6     5     4     4
         70    70    70    70    70    70    70    70    70    70    70    70    70    70    70    70    70    70    70    70
         70    70
  60   1000   990   961   914   852   779   697   612   527   445   368   299   238   186   143   109    81    61    46    35
         28    24    21    21    22    24    26    28    30    33    34    36    37    38    39    39    38    37    36    34
         32    30    29    27    25    23    20    18    16    14    13    11    10     8     7     6     6     5     4    80
         80    80    80    80    80    80    80    80    80    80    80    80    80    80    80    80    80    80    80    80
         80
  61   1000   990   961   914   852   779   697   612   527   445   368   299   238   187   144   110    83    62    47    37
         30    26    25    25    27    29    31    34    37    39    40    42    43    43    43    43    42    40    38    36
         34    32    30    28    26    23    21    18    16    14    13    11    10     8     7     6     6     5    91    91
         91    91    91    91    91    91    91    91    91    91    91    91    91    91    91    91    91    91    91    91
  62   1000   990   961   914   852   779   698   613   527   445   369   300   239   188   145   111    84    64    50    40
         33    31    30    31    33    35    38    41    43    45    47    48    49    49    48    47    45    43    41    39
         37    34    32    29    26    23    21    18    16    14    13    11    10     8     7     6     5   103   103   103
        103   103   103   103   103   103   103   103   103   103   103   103   103   103   103   103   103   103   103
  63   1000   990   961   914   852   779   698   613   528   446   369   300   240   189   146   112    86    66    52    43
         38    36    36    37    39    42    45    48    50    52    53    54    54    54    52    51    48    46    43    41
         39    36    33    29    26    23    21    18    16    14    12    11     9     8     7     6   116   116   116   116
        116   116   116   116   116   116   116   116   116   116   116   116   116   116   116   116   116   116
  64   1000   990   961   914   852   779   698   613   528   446   370   301   241   190   147   114    88    69    56    48
         43    42    43    45    47    50    53    55    57    59    60    60    60    58    56    54    51    48    46    43
         40    36    33    29    26    23    21    18    16    14    12    10     9     8     7   130   130   130   130   130
        130   130   130   130   130   130   130   130   130   130   130   130   130   130   130   130   130
  65   1000   990   961   914   852   779   698   613   528   447   370   302   242   191   149   116    91    73    61    53
         51    49    50    52    56    58    61    63    64    66    66    66    64    62    60    57    54    51    48    44
         41    37    33    29    26    23    20    18    15    13    12    10     9     8   145   145   145   145   145   145
        145   145   145   145   145   145   145   145   145   145   145   145   145   145   145   145
  66   1000   990   961   914   852   779   698   613   529   447   371   303   243   193   152   119    95    78    67    61
         58    58    59    62    64    66    69    70    72    72    72    70    68    65    62    59    56    53    49    45
         40    36    32    29    25    22    19    17    15    13    11    10     9   160   160   160   160   160   160   160
        160   160   160   160   160   160   160   160   160   160   160   160   160   160   160
  67   1000   990   961   914   852   779   698   614   529   448   372   304   245   195   155   123   100    84    75    69
         67    66    68    70    73    75    76    78    79    78    77    74    72    68    64    61    58    54    49    44
         40    35    31    28    24    21    19    16    14    12    11     9   176   176   176   176   176   176   176   176
        176   176   176   176   176   176   176   176   176   176   176   176   176   176
  68   1000   990   961   914   852   779   699   614   530   449   373   306   247   198   158   128   107    92    83    78
         75    76    77    79    81    82    84    85    84    83    80    77    74    70    66    63    58    53    48    43
         38    34    30    27    23    20    18    15    13    12    10   192   192   192   192   192   192   192   192   192
        192   192   192   192   192   192   192   192   192   192   192   192   192
  69   1000   990   961   914   853   780   699   615   531   450   375   308   250   202   164   135   115   100    91    86
         85    84    86    87    88    90    90    90    88    85    82    78    74    71    67    62    57    52    46    41
         37    32    28    25    22    19    17    14    13    11   206   206   206   206   206   206   206   206   206   206
        206   206   206   206   206   206   206   206   206   206   206   206
  70   1000   990   961   914   853   780   699   615   531   451   377   311   253   207   170   143   123   109   100    96
         93    93    93    94    95    95    95    93    90    87    83    79    75    71    66    61    55    49    44    39
         35    30    27    23    20    18    15    13    12   221   221   221   221   221   221   221   221   221   221   221
        221   221   221   221   221   221   221   221   221   221   221
  71   1000   990   961   914   853   780   700   616   533   453   380   314   259   214   179   151   131   118   110   104
        102   101   100   100   100    99    98    95    91    87    83    79    75    70    64    58    52    46    41    37
         32    28    25    22    19    16    14    12   234   234   234   234   234   234   234   234   234   234   234   234
        234   234   234   234   234   234   234   234   234   234
  72   1000   990   961   914   853   781   701   617   535   456   383   319   265   222   186   159   140   127   117   112
        108   106   106   105   103   101    98    95    90    86    82    78    73    67    60    54    49    43    38    34
         30    26    23    20    17    15    13   246   246   246   246   246   246   246   246   246   246   246   246   246
        246   246   246   246   246   246   246   246   246
  73   1000   990   961   915   854   781   702   619   537   459   388   325   273   229   194   167   149   134   124   118
        113   111   109   107   105   101    97    93    89    85    81    75    69    63    56    50    45    40    35    31
         27    24    20    18    16    14   257   257   257   257   257   257   257   257   257   257   257   257   257   257
        257   257   257   257   257   257   257   257
  74   1000   990   961   915   854   782   703   621   540   463   393   332   279   236   201   175   154   140   129   121
        117   113   110   107   103    99    94    90    86    82    76    70    64    58    52    46    41    36    32    28
         24    21    18    16    14   264   264   264   264   264   264   264   264   264   264   264   264   264   264   264
        264   264   264   264   264   264   264
  75   1000   990   961   915   854   783   705   623   543   468   399   338   285   242   207   179   159   143   131   124
        118   113   108   104    99    95    90    86    82    77    71    64    58    52    47    41    36    32    28    25
         21    19    16    14   270   270   270   270   270   270   270   270   270   270   270   270   270   270   270   270
        270   270   270   270   270   270
  76   1000   990   961   915   855   784   706   626   547   473   404   343   290   247   211   183   161   144   132   123
        116   110   104    99    94    90    86    82    77    71    64    58    52    47    42    37    32    28    25    22
         19    16    14   274   274   274   274   274   274   274   274   274   274   274   274   274   274   274   274   274
        274   274   274   274   274
  77   1000   990   962   916   856   786   709   630   551   477   408   347   294   249   213   184   161   144   131   121
        112   105    99    94    89    85    81    76    70    64    58    52    47    42    37    32    28    25    22    19
         17    15   278   278   278   278   278   278   278   278   278   278   278   278   278   278   278   278   278   278
        278   278   278   278
  78   1000   990   962   916   857   787   711   632   554   479   410   349   295   250   212   182   159   141   127   115
        106    99    92    87    83    79    74    69    63    57    51    46    41    36    32    28    25    22    19    17
         15   279   279   279   279   279   279   279   279   279   279   279   279   279   279   279   279   279   279   279
        279   279   279
  79   1000   990   962   917   858   789   713   635   556   481   412   350   296   249   211   180   156   137   122   110
        100    92    86    82    78    73    68    62    56    51    46    41    36    32    28    25    22    19    17    15
        283   283   283   283   283   283   283   283   283   283   283   283   283   283   283   283   283   283   283   283
        283   283
  80   1000   990   962   918   859   790   715   636   557   482   412   349   294   246   208   176   151   131   115   103
         93    86    81    77    72    66    61    55    50    45    40    36    32    28    25    22    19    17    15   286
        286   286   286   286   286   286   286   286   286   286   286   286   286   286   286   286   286   286   286   286
        286
  81   1000   990   963   918   860   791   715   636   558   481   411   347   290   243   204   171   146   125   109    97
         87    81    76    71    65    60    54    49    44    40    36    32    28    25    22    19    17    15   292   292
        292   292   292   292   292   292   292   292   292   292   292   292   292   292   292   292   292   292   292   292
  82   1000   990   963   918   860   791   715   635   556   479   408   343   286   238   198   165   139   118   102    90
         82    76    70    64    59    53    48    44    39    35    31    28    25    22    19    17    15   298   298   298
        298   298   298   298   298   298   298   298   298   298   298   298   298   298   298   298   298   298   298
  83   1000   991   963   918   860   791   715   636   556   479   406   342   285   236   195   162   136   115    99    89
         81    73    66    60    55    49    44    40    36    32    28    25    22    20    17    15   313   313   313   313
        313   313   313   313   313   313   313   313   313   313   313   313   313   313   313   313   313   313
  84   1000   990   963   919   860   791   715   635   555   477   405   340   283   233   192   159   133   112    98    87
         78    70    62    56    50    45    41    37    33    29    26    23    20    18    16   331   331   331   331   331
        331   331   331   331   331   331   331   331   331   331   331   331   331   331   331   331   331
  85   1000   991   963   919   861   792   716   636   555   477   405   339   282   232   191   158   132   113    99    86
         76    67    60    53    48    43    38    34    30    27    24    21    19    16   354   354   354   354   354   354
        354   354   354   354   354   354   354   354   354   354   354   354   354   354   354   354
  86   1000   991   963   919   861   791   715   634   553   475   402   337   279   229   188   155   131   112    96    83
         72    63    55    49    44    39    35    31    27    24    21    19    17   372   372   372   372   372   372   372
        372   372   372   372   372   372   372   372   372   372   372   372   372   372   372
  87   1000   991   963   919   860   791   713   633   552   474   401   335   277   227   187   155   131   110    93    79
         68    59    52    46    40    36    32    28    25    22    19    17   393   393   393   393   393   393   393   393
        393   393   393   393   393   393   393   393   393   393   393   393   393   393
  88   1000   991   963   918   860   790   712   631   550   472   398   332   274   225   186   155   129   107    89    75
         64    55    48    42    37    32    28    25    22    20    18   411   411   411   411   411   411   411   411   411
        411   411   411   411   411   411   411   411   411   411   411   411   411
  89   1000   991   963   918   859   789   712   631   549   471   397   331   274   226   187   154   126   104    86    72
         60    52    44    38    33    29    26    23    20    18   431   431   431   431   431   431   431   431   431   431
        431   431   431   431   431   431   431   431   431   431   431   431
  90   1000   991   963   918   858   788   710   629   547   468   395   329   273   226   185   150   122    99    81    67
         56    47    40    34    29    26    23    20    18   442   442   442   442   442   442   442   442   442   442   442
        442   442   442   442   442   442   442   442   442   442   442
  91   1000   990   962   917   858   787   709   628   546   467   394   329   274   224   182   146   118    95    76    63
         51    43    36    31    26    23    20    18   454   454   454   454   454   454   454   454   454   454   454   454
        454   454   454   454   454   454   454   454   454   454
  92   1000   990   962   917   857   787   708   626   544   466   394   330   272   221   178   142   113    90    72    58
         47    39    32    27    23    20    18   460   460   460   460   460   460   460   460   460   460   460   460   460
        460   460   460   460   460   460   460   460   460
  93   1000   990   962   917   857   786   707   625   543   466   394   328   269   217   174   138   108    86    67    53
         43    35    28    24    20    18   461   461   461   461   461   461   461   461   461   461   461   461   461   461
        461   461   461   461   461   461   461   461
  94   1000   990   962   917   857   786   707   625   545   467   394   326   266   214   170   134   105    82    64    50
         39    31    26    21    18   462   462   462   462   462   462   462   462   462   462   462   462   462   462   462
        462   462   462   462   462   462   462
  95   1000   990   962   916   856   785   707   626   545   466   391   323   262   210   166   130   101    78    60    46
         36    28    23    19   457   457   457   457   457   457   457   457   457   457   457   457   457   457   457   457
        457   457   457   457   457   457
  96   1000   990   962   916   856   785   708   627   545   464   389   320   259   206   162   126    97    74    56    43
         33    26    21   447   447   447   447   447   447   447   447   447   447   447   447   447   447   447   447   447
        447   447   447   447   447
  97   1000   990   962   916   856   786   708   626   543   462   386   317   255   203   159   123    94    71    54    40
         31    24   432   432   432   432   432   432   432   432   432   432   432   432   432   432   432   432   432   432
        432   432   432   432
  98   1000   990   962   916   857   786   708   625   541   460   383   314   253   200   156   119    91    68    51    38
         29   413   413   413   413   413   413   413   413   413   413   413   413   413   413   413   413   413   413   413
        413   413   413
  99   1000   990   962   917   857   786   707   623   539   457   381   311   250   197   153   117    88    66    49    36
        393   393   393   393   393   393   393   393   393   393   393   393   393   393   393   393   393   393   393   393
        393   393
 100   1000   990   962   917   857   785   706   622   537   455   379   309   248   195   151   115    86    64    47   370
        370   370   370   370   370   370   370   370   370   370   370   370   370   370   370   370   370   370   370   370
        370
 101   1000   990   962   917   856   784   704   620   535   454   377   307   246   193   149   113    85    63   348   348
        348   348   348   348   348   348   348   348   348   348   348   348   348   348   348   348   348   348   348   348
 102   1000   990   962   916   856   783   703   619   534   452   375   305   244   192   148   112    84   329   329   329
        329   329   329   329   329   329   329   329   329   329   329   329   329   329   329   329   329   329   329
 103   1000   990   962   916   855   782   702   617   532   450   374   304   243   190   147   111   310   310   310   310
        310   310   310   310   310   310   310   310   310   310   310   310   310   310   310   310   310   310
 104   1000   990   961   915   854   781   701   616   531   449   373   303   242   189   146   286   286   286   286   286
        286   286   286   286   286   286   286   286   286   286   286   286   286   286   286   286   286
 105   1000   990   961   915   854   781   700   616   531   448   372   302   241   189   261   261   261   261   261   261
        261   261   261   261   261   261   261   261   261   261   261   261   261   261   261   261
 106   1000   990   961   915   853   780   700   615   530   448   371   302   240   235   235   235   235   235   235   235
        235   235   235   235   235   235   235   235   235   235   235   235   235   235   235
 107   1000   990   961   915   853   780   699   615   530   447   371   301   211   211   211   211   211   211   211   211
        211   211   211   211   211   211   211   211   211   211   211   211   211   211
 108   1000   990   961   914   853   780   699   614   529   447   370   188   188   188   188   188   188   188   188   188
        188   188   188   188   188   188   188   188   188   188   188   188   188
 109   1000   990   961   914   853   780   699   614   529   447   167   167   167   167   167   167   167   167   167   167
        167   167   167   167   167   167   167   167   167   167   167   167
 110   1000   990   961   914   853   780   699   614   529   148   148   148   148   148   148   148   148   148   148   148
        148   148   148   148   148   148   148   148   148   148   148
 111   1000   990   961   914   853   779   698   614   130   130   130   130   130   130   130   130   130   130   130   130
        130   130   130   130   130   130   130   130   130   130
 112   1000   990   961   914   853   779   698   114   114   114   114   114   114   114   114   114   114   114   114   114
        114   114   114   114   114   114   114   114   114
 113   1000   990   961   914   852   779   100   100   100   100   100   100   100   100   100   100   100   100   100   100
        100   100   100   100   100   100   100   100
 114   1000   990   961   914   852    87    87    87    87    87    87    87    87    87    87    87    87    87    87    87
         87    87    87    87    87    87    87
 115   1000   990   961   914    76    76    76    76    76    76    76    76    76    76    76    76    76    76    76    76
         76    76    76    76    76    76
 116   1000   990   961    66    66    66    66    66    66    66    66    66    66    66    66    66    66    66    66    66
         66    66    66    66    66
 117   1000   990    58    58    58    58    58    58    58    58    58    58    58    58    58    58    58    58    58    58
         58    58    58    58
 118   1000    51    51    51    51    51    51    51    51    51    51    51    51    51    51    51    51    51    51    51
         51    51    51
 119   1000  1000  1000  1000  1000  1000  1000  1000  1000  1000  1000  1000  1000  1000  1000  1000  1000  1000  1000  1000
       1000  1000
 120   1000  1000  1000  1000  1000  1000  1000  1000  1000  1000  1000  1000  1000  1000  1000  1000  1000  1000  1000  1000
       1000
 121   1000  1000  1000  1000  1000  1000  1000  1000  1000  1000  1000  1000  1000  1000  1000  1000  1000  1000  1000  1000
 122   1000  1000  1000  1000  1000  1000  1000  1000  1000  1000  1000  1000  1000  1000  1000  1000  1000  1000  1000
 123   1000  1000  1000  1000  1000  1000  1000  1000  1000  1000  1000  1000  1000  1000  1000  1000  1000  1000
 124   1000  1000  1000  1000  1000  1000  1000  1000  1000  1000  1000  1000  1000  1000  1000  1000  1000
 125   1000  1000  1000  1000  1000  1000  1000  1000  1000  1000  1000  1000  1000  1000  1000  1000
 126   1000  1000  1000  1000  1000  1000  1000  1000  1000  1000  1000  1000  1000  1000  1000
 127   1000  1000  1000  1000  1000  1000  1000  1000  1000  1000  1000  1000  1000  1000
 128   1000  1000  1000  1000  1000  1000  1000  1000  1000  1000  1000  1000  1000
 129   1000  1000  1000  1000  1000  1000  1000  1000  1000  1000  1000  1000
 130   1000  1000  1000  1000  1000  1000  1000  1000  1000  1000  1000
 131   1000  1000  1000  1000  1000  1000  1000  1000  1000  1000
 132   1000  1000  1000  1000  1000  1000  1000  1000  1000
 133   1000  1000  1000  1000  1000  1000  1000  1000
 134   1000  1000  1000  1000  1000  1000  1000
 135   1000  1000  1000  1000  1000  1000
 136   1000  1000  1000  1000  1000
 137   1000  1000  1000  1000
 138   1000  1000  1000
 139   1000  1000
 140   1000

 Finished!
