88" 33MeV Deuteron breakup on Ta, ETA
  140    6    1    0    1
   0.00500  10.00000   0.00500   0.00100
   0.0000000   0   0 7.04179000E+04   1.0000000
AL27P    0.000E+00 0.020       0.00       0.00        (    )
AL27A    5.562E-21 0.009       0.00       0.00        (    )
NI582    1.133E-21 0.012       0.00       0.00        (    )
IN115N   4.453E-20 0.007       0.00       0.00        (    )
AU1972   9.566E-20 0.013       0.00       0.00        (    )
AU197G   7.430E-20 0.014       0.00 AUNG  3.94 IFX    (ISTP)
Flux Uncertainty From MCNP Calculations
 140
 1.0000E+00 1.7730E-01 9.5600E-02 6.9000E-02 6.9300E-02 8.5800E-02 1.3140E-01
 1.1500E-01 1.5540E-01 1.3500E-01 1.1220E-01 1.9370E-01 3.8290E-01 1.1830E-01
 1.3500E-01 1.3580E-01 1.2670E-01 1.0650E-01 1.1090E-01 9.4300E-02 9.4600E-02
 9.6700E-02 9.7600E-02 8.7600E-02 1.2560E-01 8.0300E-02 9.6000E-02 8.8900E-02
 9.3300E-02 9.7400E-02 7.2500E-02 1.2670E-01 9.3200E-02 9.7600E-02 7.2500E-02
 6.5800E-02 4.7900E-02 4.0300E-02 4.1300E-02 3.1900E-02 3.0600E-02 2.0200E-02
 2.6000E-02 1.9300E-02 1.4200E-02 1.2600E-02 1.4400E-02 9.1000E-03 9.3000E-03
 8.6000E-03 7.2000E-03 6.6000E-03 6.8000E-03 5.9000E-03 6.4000E-03 5.7000E-03
 5.8000E-03 6.5000E-03 6.1000E-03 5.6000E-03 5.2000E-03 4.5000E-03 4.3000E-03
 3.9000E-03 4.2000E-03 3.4000E-03 3.1000E-03 3.6000E-03 2.7000E-03 2.8000E-03
 2.0000E-03 2.1000E-03 2.6000E-03 2.9000E-03 3.8000E-03 3.8000E-03 3.8000E-03
 4.9000E-03 5.1000E-03 5.5000E-03 6.4000E-03 6.6000E-03 6.8000E-03 6.1000E-03
 7.0000E-03 4.9000E-03 5.3000E-03 3.7000E-03 2.4000E-03 2.1000E-03 1.8000E-03
 1.7000E-03 1.7000E-03 1.7000E-03 1.8000E-03 2.0000E-03 2.3000E-03 2.6000E-03
 3.1000E-03 4.1000E-03 4.9000E-03 6.1000E-03 7.6000E-03 9.7000E-03 1.2300E-02
 1.6000E-02 1.9400E-02 2.7000E-02 3.0100E-02 3.6200E-02 4.4500E-02 4.9500E-02
 5.9700E-02 6.7700E-02 9.1000E-02 9.2200E-02 1.1960E-01 2.1000E-01 0.0000E+00
 0.0000E+00 0.0000E+00 0.0000E+00 0.0000E+00 0.0000E+00 0.0000E+00 0.0000E+00
 0.0000E+00 0.0000E+00 0.0000E+00 0.0000E+00 0.0000E+00 0.0000E+00 0.0000E+00
 0.0000E+00 0.0000E+00 0.0000E+00 0.0000E+00 0.0000E+00 0.0000E+00 0.0000E+00
Input Flux Spectrum from MCNP Simulation
 140   0 3.530E+07 2.000E+01 5.000E-08
 2.3974E-10 1.2292E-08 6.7463E-08 2.1397E-07 1.6359E-07 1.6906E-07 1.2008E-07
 7.8392E-08 7.5427E-08 5.7708E-08 4.5072E-08 2.8285E-08 3.1597E-08 6.9737E-08
 8.6284E-08 7.5829E-08 1.2383E-07 1.2793E-07 1.7082E-07 1.2087E-07 1.7369E-07
 1.9553E-07 2.2504E-07 1.4710E-07 1.9295E-07 2.1355E-07 1.3838E-07 1.7414E-07
 1.7479E-07 2.3253E-07 3.2299E-07 2.2056E-07 3.8014E-07 3.6871E-07 3.4079E-07
 5.9976E-07 5.5046E-07 9.3286E-07 9.1121E-07 1.4124E-06 1.8586E-06 3.2972E-06
 3.3787E-06 4.1894E-06 7.6980E-06 1.1571E-05 8.6270E-06 1.7116E-05 2.1455E-05
 4.2594E-05 3.3772E-05 5.1154E-05 4.3594E-05 5.4343E-05 5.1393E-05 6.0521E-05
 6.7024E-05 5.2308E-05 7.5198E-05 7.6010E-05 9.0307E-05 9.9916E-05 1.0640E-04
 1.1529E-04 1.4239E-04 1.6904E-04 1.9964E-04 1.7856E-04 2.4219E-04 2.2648E-04
 4.0350E-04 3.2201E-04 2.5711E-04 1.9496E-04 1.4212E-04 1.4625E-04 1.0434E-04
 7.3070E-05 7.0326E-05 5.2207E-05 3.9067E-05 3.2174E-05 3.3887E-05 3.0435E-05
 3.0758E-05 4.5662E-05 5.4454E-05 7.5088E-05 9.4387E-05 1.4355E-04 1.6125E-04
 1.7340E-04 1.7053E-04 1.6287E-04 1.4002E-04 1.1807E-04 8.9834E-05 6.6502E-05
 4.5403E-05 2.7228E-05 1.7522E-05 1.1460E-05 7.2605E-06 4.4094E-06 2.7277E-06
 1.5996E-06 1.0986E-06 6.8230E-07 4.5367E-07 3.0907E-07 2.1014E-07 1.7076E-07
 1.1307E-07 8.7195E-08 4.9543E-08 4.7383E-08 2.8079E-08 9.5238E-09 0.0000E+00
 0.0000E+00 0.0000E+00 0.0000E+00 0.0000E+00 0.0000E+00 0.0000E+00 0.0000E+00
 0.0000E+00 0.0000E+00 0.0000E+00 0.0000E+00 0.0000E+00 0.0000E+00 0.0000E+00
 0.0000E+00 0.0000E+00 0.0000E+00 0.0000E+00 0.0000E+00 0.0000E+00 0.0000E+00



                         ==============================
                               STAYSL PNNL OUTPUT
                         ==============================

 STAYSL PNNL, version 1.2.0, 2015-08-05


 SCENARIO TITLE: 88" 33MeV Deuteron breakup on Ta, ETA
 -------------------------------------------------------------------------------
  NGROUP =   140    NRXN =     6    ACTIVITY NORM = 1.00000E+00

  COVARIANCE PARAMETERS (FCHN, FCVX, ACVX, FS)
    FLUXES:      WIDTH =  1.0000E+01   LONG RANGE COVAR. =  5.0000E-03
            ACTIVITIES =  5.0000E-03   X-SECT CROSS COR. =  1.0000E-03

  CALCULATED ACTIVITIES (unadjusted, but applying any cover or self-shielding)

       REACTION         SIG-PHI (1/s)    SIG (cm²)
    AL27(N,P)MG27        4.5061E-21     2.1949E-26
    AL27(N,A)NA24        5.0041E-21     2.4375E-26
    NI58(N,2N)NI57       1.0773E-21     5.2473E-27
    IN115(N,N')IN115M    2.4545E-20     1.1956E-25
    AU197(N,2N)AU196     7.9348E-20     3.8651E-25
    AU197(N,G)AU198      2.1813E-20     1.0625E-25

  SPECTRUM FOR ACTIVITIES
                   NORM =      1.0000
     AVG NEUTRON ENERGY =  4.3842E+00 MeV

 GRP     ENERGY       FLUX     INTEGRAL > E
   1   1.000E-10   9.4031E+06   2.0530E+05
   2   1.000E-09   4.8212E+07   2.0530E+05
   3   1.000E-08   1.8319E+08   2.0530E+05
   4   2.300E-08   2.7975E+08   2.0529E+05
   5   5.000E-08   2.2210E+08   2.0529E+05
   6   7.600E-08   1.5302E+08   2.0528E+05
   7   1.150E-07   7.7070E+07   2.0527E+05
   8   1.700E-07   3.2556E+07   2.0527E+05
   9   2.550E-07   2.1301E+07   2.0527E+05
  10   3.800E-07   1.1983E+07   2.0526E+05
  11   5.500E-07   5.4864E+06   2.0526E+05
  12   8.400E-07   2.2953E+06   2.0526E+05
  13   1.275E-06   1.7846E+06   2.0526E+05
  14   1.900E-06   2.7352E+06   2.0526E+05
  15   2.800E-06   2.1006E+06   2.0526E+05
  16   4.250E-06   1.3057E+06   2.0525E+05
  17   6.300E-06   1.5073E+06   2.0525E+05
  18   9.200E-06   1.0502E+06   2.0525E+05
  19   1.350E-05   8.0399E+05   2.0524E+05
  20   2.100E-05   4.7408E+05   2.0524E+05
  21   3.000E-05   4.0875E+05   2.0523E+05
  22   4.500E-05   2.8759E+05   2.0523E+05
  23   6.900E-05   2.5626E+05   2.0522E+05
  24   1.000E-04   1.4836E+05   2.0521E+05
  25   1.350E-04   1.9460E+05   2.0521E+05
  26   1.700E-04   1.5077E+05   2.0520E+05
  27   2.200E-04   8.1414E+04   2.0519E+05
  28   2.800E-04   7.6839E+04   2.0519E+05
  29   3.600E-04   6.8557E+04   2.0518E+05
  30   4.500E-04   6.5666E+04   2.0517E+05
  31   5.750E-04   6.1630E+04   2.0517E+05
  32   7.600E-04   3.8929E+04   2.0515E+05
  33   9.600E-04   4.2600E+04   2.0515E+05
  34   1.275E-03   4.0048E+04   2.0513E+05
  35   1.600E-03   3.0075E+04   2.0512E+05
  36   2.000E-03   3.0245E+04   2.0511E+05
  37   2.700E-03   2.7759E+04   2.0509E+05
  38   3.400E-03   2.9936E+04   2.0507E+05
  39   4.500E-03   3.2166E+04   2.0503E+05
  40   5.500E-03   2.9328E+04   2.0500E+05
  41   7.200E-03   3.2804E+04   2.0495E+05
  42   9.200E-03   4.1568E+04   2.0489E+05
  43   1.200E-02   3.9756E+04   2.0477E+05
  44   1.500E-02   3.6971E+04   2.0465E+05
  45   1.900E-02   4.1806E+04   2.0450E+05
  46   2.550E-02   6.2839E+04   2.0423E+05
  47   3.200E-02   3.8067E+04   2.0382E+05
  48   4.000E-02   4.8336E+04   2.0352E+05
  49   5.250E-02   5.6101E+04   2.0291E+05
  50   6.600E-02   6.8344E+04   2.0216E+05
  51   8.800E-02   5.4189E+04   2.0065E+05
  52   1.100E-01   7.2229E+04   1.9946E+05
  53   1.350E-01   6.1555E+04   1.9766E+05
  54   1.600E-01   6.3944E+04   1.9612E+05
  55   1.900E-01   6.0472E+04   1.9420E+05
  56   2.200E-01   6.1040E+04   1.9238E+05
  57   2.550E-01   6.7598E+04   1.9025E+05
  58   2.900E-01   6.1549E+04   1.8788E+05
  59   3.200E-01   6.6362E+04   1.8604E+05
  60   3.600E-01   6.7079E+04   1.8338E+05
  61   4.000E-01   6.3757E+04   1.8070E+05
  62   4.500E-01   7.0541E+04   1.7751E+05
  63   5.000E-01   7.5118E+04   1.7398E+05
  64   5.500E-01   8.1395E+04   1.7023E+05
  65   6.000E-01   8.3773E+04   1.6616E+05
  66   6.600E-01   9.9452E+04   1.6113E+05
  67   7.200E-01   1.1745E+05   1.5516E+05
  68   7.800E-01   1.0505E+05   1.4812E+05
  69   8.400E-01   1.0687E+05   1.4181E+05
  70   9.200E-01   9.9934E+04   1.3326E+05
  71   1.000E+00   7.1218E+04   1.2527E+05
  72   1.200E+00   5.6835E+04   1.1103E+05
  73   1.400E+00   4.5380E+04   9.9659E+04
  74   1.600E+00   3.4410E+04   9.0583E+04
  75   1.800E+00   2.5084E+04   8.3701E+04
  76   2.000E+00   1.7209E+04   7.8684E+04
  77   2.300E+00   1.2277E+04   7.3521E+04
  78   2.600E+00   8.5979E+03   6.9838E+04
  79   2.900E+00   6.2063E+03   6.7259E+04
  80   3.300E+00   4.6073E+03   6.4776E+04
  81   3.700E+00   3.4477E+03   6.2933E+04
  82   4.100E+00   2.8394E+03   6.1554E+04
  83   4.500E+00   2.3924E+03   6.0418E+04
  84   5.000E+00   2.1487E+03   5.9222E+04
  85   5.500E+00   2.1715E+03   5.8148E+04
  86   6.000E+00   2.3027E+03   5.7062E+04
  87   6.700E+00   2.7460E+03   5.5450E+04
  88   7.400E+00   3.3133E+03   5.3528E+04
  89   8.200E+00   4.1648E+03   5.0877E+04
  90   9.000E+00   5.0673E+03   4.7545E+04
  91   1.000E+01   5.6921E+03   4.2478E+04
  92   1.100E+01   6.1210E+03   3.6786E+04
  93   1.200E+01   6.0197E+03   3.0665E+04
  94   1.300E+01   5.7493E+03   2.4645E+04
  95   1.400E+01   4.9427E+03   1.8896E+04
  96   1.500E+01   4.1679E+03   1.3953E+04
  97   1.600E+01   3.1711E+03   9.7854E+03
  98   1.700E+01   2.3475E+03   6.6142E+03
  99   1.800E+01   1.6027E+03   4.2667E+03
 100   1.900E+01   9.6115E+02   2.6640E+03
 101   2.000E+01   6.1853E+02   1.7028E+03
 102   2.100E+01   4.0454E+02   1.0843E+03
 103   2.200E+01   2.5630E+02   6.7976E+02
 104   2.300E+01   1.5565E+02   4.2346E+02
 105   2.400E+01   9.6288E+01   2.6781E+02
 106   2.500E+01   5.6466E+01   1.7152E+02
 107   2.600E+01   3.8781E+01   1.1505E+02
 108   2.700E+01   2.4085E+01   7.6274E+01
 109   2.800E+01   1.6015E+01   5.2189E+01
 110   2.900E+01   1.0910E+01   3.6174E+01
 111   3.000E+01   7.4179E+00   2.5264E+01
 112   3.100E+01   6.0278E+00   1.7846E+01
 113   3.200E+01   3.9914E+00   1.1818E+01
 114   3.300E+01   3.0780E+00   7.8269E+00
 115   3.400E+01   1.7489E+00   4.7489E+00
 116   3.500E+01   1.6726E+00   3.0000E+00
 117   3.600E+01   9.9119E-01   1.3274E+00
 118   3.700E+01   3.3619E-01   3.3619E-01
 119   3.800E+01   0.0000E+00   0.0000E+00
 120   3.900E+01   0.0000E+00   0.0000E+00
 121   4.000E+01   0.0000E+00   0.0000E+00
 122   4.100E+01   0.0000E+00   0.0000E+00
 123   4.200E+01   0.0000E+00   0.0000E+00
 124   4.300E+01   0.0000E+00   0.0000E+00
 125   4.400E+01   0.0000E+00   0.0000E+00
 126   4.500E+01   0.0000E+00   0.0000E+00
 127   4.600E+01   0.0000E+00   0.0000E+00
 128   4.700E+01   0.0000E+00   0.0000E+00
 129   4.800E+01   0.0000E+00   0.0000E+00
 130   4.900E+01   0.0000E+00   0.0000E+00
 131   5.000E+01   0.0000E+00   0.0000E+00
 132   5.100E+01   0.0000E+00   0.0000E+00
 133   5.200E+01   0.0000E+00   0.0000E+00
 134   5.300E+01   0.0000E+00   0.0000E+00
 135   5.400E+01   0.0000E+00   0.0000E+00
 136   5.500E+01   0.0000E+00   0.0000E+00
 137   5.600E+01   0.0000E+00   0.0000E+00
 138   5.700E+01   0.0000E+00   0.0000E+00
 139   5.800E+01   0.0000E+00   0.0000E+00
 140   5.900E+01   0.0000E+00   0.0000E+00
       6.000E+01

 Finished!
