NIF_RUN Passive 18x snout on TANDM 90-348 Pinhole
  140    6    1    0    1
   0.00500   9.00000   0.03000   0.00100
   0.0000000   0   0 1.00000000E+00   1.0000000
ZR902    5.587E-15 0.015       0.00       0.00        (    )
IN115N   1.817E-15 0.012       0.00       0.00        (    )
AU197G   3.975E-14 0.016       0.00 AUNG  3.94 IFX    (ISTP)
IN115G   1.329E-14 0.016       0.00 INNG 39.37 IFX    (ISTP)
AU1972   1.991E-14 0.012       0.00       0.00        (    )
AL27A    1.015E-15 0.079       0.00       0.00        (    )
Flux Uncertainty
 140
 0.0000E+00 0.0000E+00 0.0000E+00 0.0000E+00 0.0000E+00 0.0000E+00 0.0000E+00
 0.0000E+00 0.0000E+00 0.0000E+00 0.0000E+00 0.0000E+00 0.0000E+00 0.0000E+00
 1.0000E+00 1.0000E+00 1.0000E+00 1.0000E+00 1.0000E+00 1.0000E+00 1.0000E+00
 1.0000E+00 1.0000E+00 1.0000E+00 1.0000E+00 1.0000E+00 1.0000E+00 1.0000E+00
 1.0000E+00 1.0000E+00 1.0000E+00 1.0000E+00 1.0000E+00 1.0000E+00 1.0000E+00
 1.0000E+00 1.0000E+00 1.0000E+00 1.0000E+00 1.0000E+00 1.0000E+00 1.0000E+00
 1.0000E+00 1.0000E+00 1.0000E+00 1.0000E+00 1.0000E+00 1.0000E+00 1.0000E+00
 1.0000E+00 1.0000E+00 1.0000E+00 1.0000E+00 1.0000E+00 1.0000E+00 1.0000E+00
 1.0000E+00 1.0000E+00 1.0000E+00 1.0000E+00 1.0000E+00 1.0000E+00 1.0000E+00
 1.0000E+00 1.0000E+00 1.0000E+00 1.0000E+00 1.0000E+00 1.0000E+00 1.0000E+00
 1.0000E+00 1.0000E+00 1.0000E+00 1.0000E+00 1.0000E+00 1.0000E+00 1.0000E+00
 1.0000E+00 1.0000E+00 1.0000E+00 1.0000E+00 1.0000E+00 1.0000E+00 1.0000E+00
 1.0000E+00 1.0000E+00 1.0000E+00 1.0000E+00 1.0000E+00 1.0000E+00 1.0000E+00
 1.0000E+00 1.0000E+00 1.0000E+00 1.0000E+00 0.0000E+00 0.0000E+00 0.0000E+00
 0.0000E+00 0.0000E+00 0.0000E+00 0.0000E+00 0.0000E+00 0.0000E+00 0.0000E+00
 0.0000E+00 0.0000E+00 0.0000E+00 0.0000E+00 0.0000E+00 0.0000E+00 0.0000E+00
 0.0000E+00 0.0000E+00 0.0000E+00 0.0000E+00 0.0000E+00 0.0000E+00 0.0000E+00
 0.0000E+00 0.0000E+00 0.0000E+00 0.0000E+00 0.0000E+00 0.0000E+00 0.0000E+00
 0.0000E+00 0.0000E+00 0.0000E+00 0.0000E+00 0.0000E+00 0.0000E+00 0.0000E+00
 0.0000E+00 0.0000E+00 0.0000E+00 0.0000E+00 0.0000E+00 0.0000E+00 0.0000E+00
Input Flux Spectrum
 140   1 1.000E+00 2.000E+01 5.000E-08
 0.0000E+00 0.0000E+00 0.0000E+00 0.0000E+00 0.0000E+00 0.0000E+00 0.0000E+00
 0.0000E+00 0.0000E+00 0.0000E+00 0.0000E+00 0.0000E+00 0.0000E+00 0.0000E+00
 1.9500E+03 2.9200E+03 2.2900E+04 2.8500E+04 9.2000E+04 9.7100E+04 2.2900E+05
 5.8400E+05 1.0300E+06 1.1700E+06 1.2300E+06 1.6000E+06 1.8800E+06 2.2300E+06
 2.0300E+06 2.4400E+06 2.8800E+06 2.3400E+06 3.2700E+06 2.7800E+06 2.8600E+06
 4.2400E+06 3.4800E+06 4.9900E+06 3.9400E+06 5.6600E+06 5.5600E+06 6.9800E+06
 6.6000E+06 7.7900E+06 1.0800E+07 9.4600E+06 1.0700E+07 1.4700E+07 1.4800E+07
 2.1100E+07 1.9200E+07 2.0100E+07 1.9000E+07 2.1200E+07 2.0700E+07 2.2900E+07
 2.1800E+07 1.8100E+07 2.3800E+07 2.2600E+07 2.7400E+07 2.6300E+07 2.5700E+07
 2.4800E+07 2.9000E+07 2.7700E+07 2.6300E+07 2.5400E+07 3.3200E+07 2.9000E+07
 7.2700E+07 7.0500E+07 7.7100E+07 8.1600E+07 7.3100E+07 1.0300E+08 1.5900E+08
 8.1100E+07 1.0500E+08 1.2100E+08 1.1700E+08 1.0100E+08 1.1600E+08 1.0800E+08
 1.0200E+08 1.5600E+08 1.5800E+08 1.9100E+08 2.3300E+08 3.5800E+08 4.2000E+08
 5.6000E+08 7.2000E+08 9.1900E+09 1.0200E+10 0.0000E+00 0.0000E+00 0.0000E+00
 0.0000E+00 0.0000E+00 0.0000E+00 0.0000E+00 0.0000E+00 0.0000E+00 0.0000E+00
 0.0000E+00 0.0000E+00 0.0000E+00 0.0000E+00 0.0000E+00 0.0000E+00 0.0000E+00
 0.0000E+00 0.0000E+00 0.0000E+00 0.0000E+00 0.0000E+00 0.0000E+00 0.0000E+00
 0.0000E+00 0.0000E+00 0.0000E+00 0.0000E+00 0.0000E+00 0.0000E+00 0.0000E+00
 0.0000E+00 0.0000E+00 0.0000E+00 0.0000E+00 0.0000E+00 0.0000E+00 0.0000E+00
 0.0000E+00 0.0000E+00 0.0000E+00 0.0000E+00 0.0000E+00 0.0000E+00 0.0000E+00
   10   13   28   11    8    5    8    7   10   40



                         ==============================
                               STAYSL PNNL OUTPUT
                         ==============================

 STAYSL PNNL, version 1.2.0, 2015-08-05


 SCENARIO TITLE: NIF_RUN Passive 18x snout on TANDM 90-348 Pinhole
 -------------------------------------------------------------------------------
  NGROUP =   140    NRXN =     6    ACTIVITY NORM = 1.00000E+00

  COVARIANCE PARAMETERS (FCHN, FCVX, ACVX, FS)
    FLUXES:      WIDTH =  9.0000E+00   LONG RANGE COVAR. =  3.0000E-02
            ACTIVITIES =  5.0000E-03   X-SECT CROSS COR. =  1.0000E-03

    DETERM =   2.7048 × 10^  -7.00      ERROR =  -1.5448E-13

  INPUT NORMALIZATION DATA
    AK1   =     0.00000     VAK        =     0.00090
    NORML =           0     RENORM     = 5.22012E-01
    CHI²  =  5822.89332     NORM. CHI² =  1164.57866
     (logarithmic limit was applied to low fluxes)

  DOSIMETRY ACTIVITIES
     ———— INPUTS —————  -UNADJUSTED FLUX-  — ADJUSTED FLUX —    CHI²  90% ACTIVITIES RANGE
 RXN  MEASURED     ±%   ACTIVITY    %DIFF  ACTIVITY    %DIFF  CONTRIB --LOW E-- --HIGH E--   REACTION          CVR
  1  5.587E-15    1.50  5.916E-15    5.88  4.840E-15  -13.36    2.806  1.30E+01  1.40E+01  ZR90(N,2N)ZR89          
  2  1.817E-15    1.20  1.258E-15  -30.78  1.821E-15    0.24  -14.831  1.20E+00  1.40E+01  IN115(N,N')IN115M       
  3  3.975E-14    1.60  2.890E-16  -99.27  4.757E-15  -88.03 3151.364  1.00E-04  1.00E+00  AU197(N,G)AU198         
  4  1.329E-14    1.60  2.084E-16  -98.43  2.938E-15  -77.90 2692.187  1.70E-04  2.00E+00  IN115(N,G)IN116M        
  5  1.991E-14    1.20  2.295E-14   15.29  1.705E-14  -14.37  -10.860  1.30E+01  1.40E+01  AU197(N,2N)AU196        
  6  1.015E-15    7.90  1.339E-15   31.90  9.600E-16   -5.42    2.226  1.30E+01  1.40E+01  AL27(N,A)NA24           

             % STD. DEV.  =         66.00              53.35

                              CHECK INPUT, IT IS RATHER UNLIKELY !
                                   *** BEWARE OF OUTPUT ! ***


  DIFFERENTIAL FLUXES (input is normalized by a factor of 5.2201E-01)
                  —————— DIFFERENTIAL FLUX —————   ———— STD. DEV. % ————   INTEGRAL
 GRP    ENERGY        NEW         OLD      RATIO    NEW     OLD    RATIO   FLUX > E     ± %
  15  2.8000E-06  2.9088E+09  7.0202E+08   4.143   99.91  100.00   0.999  1.7664E+10   24.58
  16  4.2500E-06  3.6926E+09  7.4355E+08   4.966   99.86  100.00   0.999  1.7664E+10   24.58
  17  6.3000E-06  2.4424E+10  4.1221E+09   5.925   99.79  100.00   0.998  1.7664E+10   24.58
  18  9.2000E-06  2.4283E+10  3.4598E+09   7.019   99.69  100.00   0.997  1.7664E+10   24.58
  19  1.3500E-05  5.2744E+10  6.4034E+09   8.237   99.55  100.00   0.995  1.7664E+10   24.58
  20  2.1000E-05  5.3860E+10  5.6319E+09   9.563   99.36  100.00   0.994  1.7664E+10   24.58
  21  3.0000E-05  8.7447E+10  7.9694E+09  10.973   99.13  100.00   0.991  1.7663E+10   24.58
  22  4.5000E-05  1.5793E+11  1.2702E+10  12.433   98.86  100.00   0.989  1.7662E+10   24.58
  23  6.9000E-05  2.4121E+11  1.7344E+10  13.907   98.55  100.00   0.985  1.7658E+10   24.59
  24  1.0000E-04  2.6792E+11  1.7450E+10  15.353   98.20  100.00   0.982  1.7651E+10   24.60
  25  1.3500E-04  3.0691E+11  1.8345E+10  16.730   97.84  100.00   0.978  1.7641E+10   24.61
  26  1.7000E-04  3.0063E+11  1.6704E+10  17.997   97.47  100.00   0.975  1.7631E+10   24.63
  27  2.2000E-04  3.1273E+11  1.6356E+10  19.120   97.12  100.00   0.971  1.7616E+10   24.65
  28  2.8000E-04  2.9205E+11  1.4551E+10  20.070   96.81  100.00   0.968  1.7597E+10   24.68
  29  3.6000E-04  2.4526E+11  1.1774E+10  20.831   96.55  100.00   0.966  1.7573E+10   24.71
  30  4.5000E-04  2.1797E+11  1.0190E+10  21.392   96.35  100.00   0.964  1.7551E+10   24.74
  31  5.7500E-04  1.7679E+11  8.1265E+09  21.755   96.22  100.00   0.962  1.7524E+10   24.78
  32  7.6000E-04  1.3395E+11  6.1075E+09  21.931   96.14  100.00   0.961  1.7491E+10   24.82
  33  9.6000E-04  1.1889E+11  5.4190E+09  21.939   96.13  100.00   0.961  1.7465E+10   24.86
  34  1.2750E-03  9.7351E+10  4.4652E+09  21.802   96.16  100.00   0.962  1.7427E+10   24.91
  35  1.6000E-03  8.0422E+10  3.7324E+09  21.547   96.22  100.00   0.962  1.7396E+10   24.95
  36  2.0000E-03  6.7038E+10  3.1619E+09  21.202   96.31  100.00   0.963  1.7363E+10   24.99
  37  2.7000E-03  5.3962E+10  2.5951E+09  20.793   96.40  100.00   0.964  1.7316E+10   25.05
  38  3.4000E-03  4.8178E+10  2.3680E+09  20.345   96.49  100.00   0.965  1.7279E+10   25.09
  39  4.5000E-03  4.0881E+10  2.0567E+09  19.877   96.59  100.00   0.966  1.7226E+10   25.15
  40  5.5000E-03  3.3725E+10  1.7380E+09  19.404   96.68  100.00   0.967  1.7185E+10   25.19
  41  7.2000E-03  2.7483E+10  1.4512E+09  18.938   96.76  100.00   0.968  1.7127E+10   25.25
  42  9.2000E-03  2.4055E+10  1.3013E+09  18.485   96.84  100.00   0.968  1.7072E+10   25.29
  43  1.2000E-02  2.0726E+10  1.1484E+09  18.047   96.92  100.00   0.969  1.7005E+10   25.35
  44  1.5000E-02  1.7917E+10  1.0166E+09  17.624   97.00  100.00   0.970  1.6943E+10   25.39
  45  1.9000E-02  1.4930E+10  8.6734E+08  17.213   97.09  100.00   0.971  1.6871E+10   25.43
  46  2.5500E-02  1.2771E+10  7.5973E+08  16.810   97.18  100.00   0.972  1.6774E+10   25.48
  47  3.2000E-02  1.1458E+10  6.9819E+08  16.411   97.28  100.00   0.973  1.6691E+10   25.52
  48  4.0000E-02  9.8300E+09  6.1389E+08  16.013   97.39  100.00   0.974  1.6600E+10   25.55
  49  5.2500E-02  8.9344E+09  5.7228E+08  15.612   97.51  100.00   0.975  1.6477E+10   25.59
  50  6.6000E-02  7.6138E+09  5.0066E+08  15.208   97.63  100.00   0.976  1.6356E+10   25.61
  51  8.8000E-02  6.7432E+09  4.5557E+08  14.802   97.75  100.00   0.977  1.6189E+10   25.64
  52  1.1000E-01  6.0423E+09  4.1970E+08  14.397   97.87  100.00   0.979  1.6040E+10   25.66
  53  1.3500E-01  5.5537E+09  3.9673E+08  13.999   97.99  100.00   0.980  1.5889E+10   25.68
  54  1.6000E-01  5.0223E+09  3.6889E+08  13.615   98.10  100.00   0.981  1.5750E+10   25.68
  55  1.9000E-01  4.7737E+09  3.6019E+08  13.253   98.20  100.00   0.982  1.5600E+10   25.68
  56  2.2000E-01  4.4143E+09  3.4155E+08  12.925   98.28  100.00   0.983  1.5456E+10   25.67
  57  2.5500E-01  4.1091E+09  3.2514E+08  12.638   98.35  100.00   0.984  1.5302E+10   25.65
  58  2.9000E-01  3.9063E+09  3.1495E+08  12.403   98.40  100.00   0.984  1.5158E+10   25.61
  59  3.2000E-01  3.7981E+09  3.1060E+08  12.228   98.42  100.00   0.984  1.5041E+10   25.56
  60  3.6000E-01  3.5746E+09  2.9494E+08  12.120   98.41  100.00   0.984  1.4889E+10   25.48
  61  4.0000E-01  3.4562E+09  2.8606E+08  12.082   98.37  100.00   0.984  1.4746E+10   25.37
  62  4.5000E-01  3.3262E+09  2.7458E+08  12.114   98.27  100.00   0.983  1.4573E+10   25.21
  63  5.0000E-01  3.2764E+09  2.6831E+08  12.211   98.10  100.00   0.981  1.4407E+10   25.02
  64  5.5000E-01  3.2013E+09  2.5892E+08  12.364   97.85  100.00   0.978  1.4243E+10   24.79
  65  6.0000E-01  3.1682E+09  2.5231E+08  12.557   97.46  100.00   0.975  1.4083E+10   24.51
  66  6.6000E-01  3.0771E+09  2.4100E+08  12.768   96.89  100.00   0.969  1.3893E+10   24.13
  67  7.2000E-01  2.9680E+09  2.2882E+08  12.971   96.08  100.00   0.961  1.3708E+10   23.70
  68  7.8000E-01  2.9023E+09  2.2099E+08  13.134   94.96  100.00   0.950  1.3530E+10   23.22
  69  8.4000E-01  2.8644E+09  2.1664E+08  13.222   93.44  100.00   0.934  1.3356E+10   22.69
  70  9.2000E-01  2.4983E+09  1.8923E+08  13.202   91.42  100.00   0.914  1.3127E+10   21.90
  71  1.0000E+00  2.4750E+09  1.8975E+08  13.043   88.81  100.00   0.888  1.2927E+10   21.14
  72  1.2000E+00  2.3402E+09  1.8401E+08  12.718   85.52  100.00   0.855  1.2432E+10   19.13
  73  1.4000E+00  2.4570E+09  2.0124E+08  12.210   81.49  100.00   0.815  1.1964E+10   17.14
  74  1.6000E+00  2.4517E+09  2.1298E+08  11.511   76.67  100.00   0.767  1.1473E+10   14.95
  75  1.8000E+00  2.0277E+09  1.9080E+08  10.627   71.10  100.00   0.711  1.0982E+10   12.72
  76  2.0000E+00  1.7163E+09  1.7922E+08   9.576   64.87  100.00   0.649  1.0577E+10   10.85
  77  2.3000E+00  2.3204E+09  2.7667E+08   8.387   58.17  100.00   0.582  1.0062E+10    8.49
  78  2.6000E+00  1.0020E+09  1.4112E+08   7.100   51.32  100.00   0.513  9.3657E+09    5.38
  79  2.9000E+00  7.8970E+08  1.3703E+08   5.763   44.81  100.00   0.448  9.0651E+09    4.15
  80  3.3000E+00  6.9917E+08  1.5791E+08   4.428   39.25  100.00   0.393  8.7493E+09    2.95
  81  3.7000E+00  4.8052E+08  1.5269E+08   3.147   35.33  100.00   0.353  8.4696E+09    2.00
  82  4.1000E+00  2.5981E+08  1.3181E+08   1.971   33.42  100.00   0.334  8.2774E+09    1.47
  83  4.5000E+00  1.1424E+08  1.2111E+08   0.943   33.25  100.00   0.333  8.1735E+09    1.28
  84  5.0000E+00  2.0119E+07  1.1275E+08   0.178   34.01  100.00   0.340  8.1163E+09    1.23
  85  5.5000E+00  1.0001E+07  1.0649E+08   0.094   34.73  100.00   0.347  8.1063E+09    1.23
  86  6.0000E+00  7.1129E+06  1.1633E+08   0.061   34.68  100.00   0.347  8.1013E+09    1.23
  87  6.7000E+00  5.7729E+06  1.1783E+08   0.049   33.49  100.00   0.335  8.0963E+09    1.23
  88  7.4000E+00  5.9168E+06  1.2463E+08   0.047   31.12  100.00   0.311  8.0923E+09    1.24
  89  8.2000E+00  8.2178E+06  1.5204E+08   0.054   27.77  100.00   0.278  8.0875E+09    1.24
  90  9.0000E+00  1.3029E+07  1.8688E+08   0.070   23.75  100.00   0.238  8.0810E+09    1.25
  91  1.0000E+01  2.1439E+07  2.1925E+08   0.098   19.36  100.00   0.194  8.0679E+09    1.27
  92  1.1000E+01  4.1835E+07  2.9233E+08   0.143   14.70  100.00   0.147  8.0465E+09    1.29
  93  1.2000E+01  9.8482E+07  3.7585E+08   0.262    9.63  100.00   0.096  8.0046E+09    1.33
  94  1.3000E+01  2.9730E+09  4.7973E+09   0.620    3.87  100.00   0.039  7.9062E+09    1.41
  95  1.4000E+01  4.9331E+09  5.3245E+09   0.926    3.66  100.00   0.037  4.9331E+09    3.66
      1.5000E+01

  INTEGRALS OF SPECTRA
    OLD SPECTRUM   1.2694E+10   ±   89.906 %
    NEW SPECTRUM   1.7664E+10   ±   24.580 %

  SUMMARY OF BROAD-GROUP FLUXES, FLUENCES, AND UNCERTAINTIES

    IRRAD TIME [S] = 1.00000000E+00   ACT NORM =  1.00000000E+00

       ENERGY       FLUX       FLUENCE      STDEV %
      thermal    0.0000E+00  0.0000E+00  ±   0.00     (0.100 meV – 0.550  eV)
     epithermal  1.6241E+09  1.6241E+09  ±  69.80     (0.550  eV – 110.0 keV)
        fast     1.6040E+10  1.6040E+10  ±  25.66     (110.0 keV –  20.0 MeV)
        fast     1.2927E+10  1.2927E+10  ±  21.14     (  1.0 MeV –  20.0 MeV)
        high     0.0000E+00  0.0000E+00  ±   0.00     ( 20.0 MeV –  60.0 MeV)

    MINI-SPECTRUM

       ENERGY       FLUX       FLUENCE      STDEV %
     1.0000E-10  0.0000E+00  0.0000E+00  ±   0.00
     5.5000E-07  1.3647E+07  1.3647E+07  ±  97.30
     1.0000E-04  1.6105E+09  1.6105E+09  ±  70.32
     1.1000E-01  1.6333E+09  1.6333E+09  ±  87.75
     5.0000E-01  1.4798E+09  1.4798E+09  ±  90.10
     1.0000E+00  2.3503E+09  2.3503E+09  ±  79.04
     2.0000E+00  2.4604E+09  2.4604E+09  ±  45.89
     5.0000E+00  4.8416E+07  4.8416E+07  ±  26.11
     1.0000E+01  8.0679E+09  8.0679E+09  ±   1.27
     2.0000E+01  0.0000E+00  0.0000E+00  ±   0.00
     6.0000E+01

       TOTAL     1.7664E+10  1.7664E+10  ±  24.58

    RELATIVE COVARIANCES (10×10)
        0     0     0     0     0     0     0     0     0     0
     1000    82   -25   -22   -20   -10    19    19     0
     1000   335   -38   -60   -35    52    35     0
     1000   432    62   -27     0    23     0
     1000   663   150  -311    59     0
     1000   640  -760   138     0
     1000  -835   248     0
     1000  -221     0
     1000     0
        0

  SPECTRAL-AVERAGED REACTION RATES (for all cross section library reactions)

        REACTIONS        SIG-PHI      <SIG>          REACTIONS        SIG-PHI      <SIG>          REACTIONS        SIG-PHI      <SIG>  
   ------------------  ----------  ----------   ------------------  ----------  ----------   ------------------  ----------  ----------
   LI6(N,A)T           7.4238E-15  4.2027E-25   FE58(N,G)FE59       1.0962E-16  6.2059E-27   IN115(N,N')IN115M   1.8213E-15  1.0310E-25
   B10(N,A)LI7         1.9202E-14  1.0871E-24   CO59(N,2N)CO58      5.4847E-15  3.1049E-25   IN115(N,2N)IN114M   1.0645E-14  6.0261E-25
   F19(N,2N)F18        2.8962E-16  1.6396E-26   CO59(N,3N)CO57      0.0000E+00  0.0000E+00   IN115(N,G)IN116M    3.1723E-15  1.7959E-25
   NA23(N,2N)NA22      1.7988E-16  1.0183E-26   CO59(N,G)CO60       2.2698E-15  1.2850E-25   I127(N,2N)I126      1.1660E-14  6.6010E-25
   NA23(N,G)NA24       1.8564E-17  1.0509E-27   CO59(N,P)FE59       4.0391E-16  2.2866E-26   LA139(N,G)LA140     3.3961E-16  1.9226E-26
   MG24(N,P)NA24       1.5073E-15  8.5329E-26   CO59(N,A)MN56       2.4877E-16  1.4083E-26   PR141(N,2N)PR140    1.3051E-14  7.3885E-25
   AL27(N,P)MG27       6.1581E-16  3.4862E-26   NI58(N,2N)NI57      1.9262E-16  1.0904E-26   TM169(N,2N)TM168    1.5898E-14  9.0001E-25
   AL27(N,A)NA24       9.5996E-16  5.4344E-26   NI58(N,P)CO58       3.3656E-15  1.9053E-25   TM169(N,3N)TM167    1.0148E-19  5.7447E-30
   SI28(N,P)AL28       2.1404E-15  1.2117E-25   NI60(N,P)CO60       1.1745E-15  6.6490E-26   TA181(N,G)TA182     7.4758E-15  4.2321E-25
   P31(N,P)SI31        9.3663E-16  5.3024E-26   CU63(N,2N)CU62      3.5744E-15  2.0235E-25   W186(N,G)W187       2.2982E-15  1.3011E-25
   S32(N,P)P32         2.3385E-15  1.3238E-25   CU63(N,G)CU64       5.3691E-16  3.0395E-26   AU197(N,2N)AU196    1.7048E-14  9.6513E-25
   TI46(N,2N)TI45      1.6842E-16  9.5347E-27   CU63(N,A)CO60       3.6142E-16  2.0460E-26   AU197(N,G)AU198     5.3127E-15  3.0076E-25
   TI46(N,P)SC46       2.0762E-15  1.1754E-25   CU65(N,2N)CU64      7.0478E-15  3.9898E-25   HG199(N,N')HG199M   3.0103E-15  1.7041E-25
   TI47(N,P)SC47       1.1527E-15  6.5254E-26   ZN64(N,P)CU64       1.5860E-15  8.9785E-26   PB204(N,N')PB204M   6.8484E-16  3.8770E-26
   TI47(N,X)SC46       3.3441E-16  1.8931E-26   ZN67(N,P)CU67       2.7653E-16  1.5655E-26   BI209(N,3N)BI207    2.9252E-18  1.6560E-28
   TI48(N,P)SC48       4.9591E-16  2.8074E-26   AS75(N,2N)AS74      7.5849E-15  4.2939E-25   TH232(N,FISSION)    3.3833E-15  1.9153E-25
   TI48(N,X)SC47       6.0227E-17  3.4095E-27   Y89(N,2N)Y88        6.6657E-15  3.7735E-25   TH232(N,G)TH233     3.4360E-15  1.9452E-25
   TI49(N,X)SC48       3.3166E-17  1.8776E-27   ZR90(N,2N)ZR89      4.8405E-15  2.7403E-25   U235(N,FISSION)     3.3520E-14  1.8976E-24
   V51(N,A)SC48        1.2187E-16  6.8995E-27   NB93(N,G)NB94       1.2820E-15  7.2577E-26   U235(N,G)U236       3.9191E-15  2.2187E-25
   CR52(N,2N)CR51      2.1979E-15  1.2442E-25   NB93(N,N')NB93M     1.2850E-15  7.2743E-26   U238(N,2N)U237      7.7363E-15  4.3796E-25
   MN55(N,2N)MN54      5.5975E-15  3.1688E-25   NB93(N,2N)NB92M     3.6744E-15  2.0801E-25   U238(N,FISSION)     1.1251E-14  6.3694E-25
   MN55(N,G)MN56       8.4288E-16  4.7717E-26   MO92(N,P)NB92M      6.0052E-16  3.3996E-26   U238(N,G)U239       3.0102E-15  1.7041E-25
   FE54(N,2N)FE53      2.8321E-17  1.6033E-27   RH103(N,N')RH103M   7.4076E-15  4.1935E-25   NP237(N,FISSION)    2.7218E-14  1.5409E-24
   FE54(N,P)MN54       3.0638E-15  1.7344E-25   AG109(N,G)AG110M    2.8606E-16  1.6194E-26   PU239(N,FISSION)    3.9264E-14  2.2228E-24
   FE54(N,A)CR51       7.0634E-16  3.9987E-26   IN113(N,N')IN113M   1.5309E-15  8.6667E-26   AM241(N,FISSION)    3.0962E-14  1.7528E-24
   FE56(N,P)MN56       9.0005E-16  5.0953E-26   IN113(N,G)IN114M    4.1679E-15  2.3595E-25   SC45(N,G)SC46       2.1909E-16  1.2403E-26

  INPUT FLUX REL. CORRELATION MATRIX (by row from diagonal)
   1   1000  1000  1000  1000  1000  1000  1000  1000  1000  1000  1000  1000  1000  1000    30    30    30    30    30    30
         30    30    30    30    30    30    30    30    30    30    30    30    30    30    30    30    30    30    30    30
         30    30    30    30    30    30    30    30    30    30    30    30    30    30    30    30    30    30    30    30
         30    30    30    30    30    30    30    30    30    30    30    30    30    30    30    30    30    30    30    30
         30    30    30    30    30    30    30    30    30    30    30    30    30    30    30  1000  1000  1000  1000  1000
       1000  1000  1000  1000  1000  1000  1000  1000  1000  1000  1000  1000  1000  1000  1000  1000  1000  1000  1000  1000
       1000  1000  1000  1000  1000  1000  1000  1000  1000  1000  1000  1000  1000  1000  1000  1000  1000  1000  1000  1000

  OUTPUT FLUX REL. CORRELATION MATRIX (by row from diagonal)
   1   1000  1000  1000  1000  1000  1000  1000  1000  1000  1000  1000  1000  1000  1000    29    29    29    29    28    28
         28    27    27    27    26    26    26    26    26    26    25    25    25    25    25    25    25    25    25    25
         25    25    25    26    26    26    26    26    26    26    26    26    26    26    26    26    26    26    26    26
         26    25    25    24    23    22    21    20    18    17    16    14    12    11     9     8     6     5     3     1
          0    -1    -2    -2    -2    -2    -2    -3    -3    -4    -5    -6    -8    -9    11  1000  1000  1000  1000  1000
       1000  1000  1000  1000  1000  1000  1000  1000  1000  1000  1000  1000  1000  1000  1000  1000  1000  1000  1000  1000
       1000  1000  1000  1000  1000  1000  1000  1000  1000  1000  1000  1000  1000  1000  1000  1000  1000  1000  1000  1000
   2   1000  1000  1000  1000  1000  1000  1000  1000  1000  1000  1000  1000  1000    29    29    29    29    28    28    28
         27    27    27    26    26    26    26    26    26    25    25    25    25    25    25    25    25    25    25    25
         25    25    26    26    26    26    26    26    26    26    26    26    26    26    26    26    26    26    26    26
         25    25    24    23    22    21    20    18    17    16    14    12    11     9     8     6     5     3     1     0
         -1    -2    -2    -2    -2    -2    -3    -3    -4    -5    -6    -8    -9    11  1000  1000  1000  1000  1000  1000
       1000  1000  1000  1000  1000  1000  1000  1000  1000  1000  1000  1000  1000  1000  1000  1000  1000  1000  1000  1000
       1000  1000  1000  1000  1000  1000  1000  1000  1000  1000  1000  1000  1000  1000  1000  1000  1000  1000  1000
   3   1000  1000  1000  1000  1000  1000  1000  1000  1000  1000  1000  1000    29    29    29    29    28    28    28    27
         27    27    26    26    26    26    26    26    25    25    25    25    25    25    25    25    25    25    25    25
         25    26    26    26    26    26    26    26    26    26    26    26    26    26    26    26    26    26    26    25
         25    24    23    22    21    20    18    17    16    14    12    11     9     8     6     5     3     1     0    -1
         -2    -2    -2    -2    -2    -3    -3    -4    -5    -6    -8    -9    11  1000  1000  1000  1000  1000  1000  1000
       1000  1000  1000  1000  1000  1000  1000  1000  1000  1000  1000  1000  1000  1000  1000  1000  1000  1000  1000  1000
       1000  1000  1000  1000  1000  1000  1000  1000  1000  1000  1000  1000  1000  1000  1000  1000  1000  1000
   4   1000  1000  1000  1000  1000  1000  1000  1000  1000  1000  1000    29    29    29    29    28    28    28    27    27
         27    26    26    26    26    26    26    25    25    25    25    25    25    25    25    25    25    25    25    25
         26    26    26    26    26    26    26    26    26    26    26    26    26    26    26    26    26    26    25    25
         24    23    22    21    20    18    17    16    14    12    11     9     8     6     5     3     1     0    -1    -2
         -2    -2    -2    -2    -3    -3    -4    -5    -6    -8    -9    11  1000  1000  1000  1000  1000  1000  1000  1000
       1000  1000  1000  1000  1000  1000  1000  1000  1000  1000  1000  1000  1000  1000  1000  1000  1000  1000  1000  1000
       1000  1000  1000  1000  1000  1000  1000  1000  1000  1000  1000  1000  1000  1000  1000  1000  1000
   5   1000  1000  1000  1000  1000  1000  1000  1000  1000  1000    29    29    29    29    28    28    28    27    27    27
         26    26    26    26    26    26    25    25    25    25    25    25    25    25    25    25    25    25    25    26
         26    26    26    26    26    26    26    26    26    26    26    26    26    26    26    26    26    25    25    24
         23    22    21    20    18    17    16    14    12    11     9     8     6     5     3     1     0    -1    -2    -2
         -2    -2    -2    -3    -3    -4    -5    -6    -8    -9    11  1000  1000  1000  1000  1000  1000  1000  1000  1000
       1000  1000  1000  1000  1000  1000  1000  1000  1000  1000  1000  1000  1000  1000  1000  1000  1000  1000  1000  1000
       1000  1000  1000  1000  1000  1000  1000  1000  1000  1000  1000  1000  1000  1000  1000  1000
   6   1000  1000  1000  1000  1000  1000  1000  1000  1000    29    29    29    29    28    28    28    27    27    27    26
         26    26    26    26    26    25    25    25    25    25    25    25    25    25    25    25    25    25    26    26
         26    26    26    26    26    26    26    26    26    26    26    26    26    26    26    26    25    25    24    23
         22    21    20    18    17    16    14    12    11     9     8     6     5     3     1     0    -1    -2    -2    -2
         -2    -2    -3    -3    -4    -5    -6    -8    -9    11  1000  1000  1000  1000  1000  1000  1000  1000  1000  1000
       1000  1000  1000  1000  1000  1000  1000  1000  1000  1000  1000  1000  1000  1000  1000  1000  1000  1000  1000  1000
       1000  1000  1000  1000  1000  1000  1000  1000  1000  1000  1000  1000  1000  1000  1000
   7   1000  1000  1000  1000  1000  1000  1000  1000    29    29    29    29    28    28    28    27    27    27    26    26
         26    26    26    26    25    25    25    25    25    25    25    25    25    25    25    25    25    26    26    26
         26    26    26    26    26    26    26    26    26    26    26    26    26    26    26    25    25    24    23    22
         21    20    18    17    16    14    12    11     9     8     6     5     3     1     0    -1    -2    -2    -2    -2
         -2    -3    -3    -4    -5    -6    -8    -9    11  1000  1000  1000  1000  1000  1000  1000  1000  1000  1000  1000
       1000  1000  1000  1000  1000  1000  1000  1000  1000  1000  1000  1000  1000  1000  1000  1000  1000  1000  1000  1000
       1000  1000  1000  1000  1000  1000  1000  1000  1000  1000  1000  1000  1000  1000
   8   1000  1000  1000  1000  1000  1000  1000    29    29    29    29    28    28    28    27    27    27    26    26    26
         26    26    26    25    25    25    25    25    25    25    25    25    25    25    25    25    26    26    26    26
         26    26    26    26    26    26    26    26    26    26    26    26    26    26    25    25    24    23    22    21
         20    18    17    16    14    12    11     9     8     6     5     3     1     0    -1    -2    -2    -2    -2    -2
         -3    -3    -4    -5    -6    -8    -9    11  1000  1000  1000  1000  1000  1000  1000  1000  1000  1000  1000  1000
       1000  1000  1000  1000  1000  1000  1000  1000  1000  1000  1000  1000  1000  1000  1000  1000  1000  1000  1000  1000
       1000  1000  1000  1000  1000  1000  1000  1000  1000  1000  1000  1000  1000
   9   1000  1000  1000  1000  1000  1000    29    29    29    29    28    28    28    27    27    27    26    26    26    26
         26    26    25    25    25    25    25    25    25    25    25    25    25    25    25    26    26    26    26    26
         26    26    26    26    26    26    26    26    26    26    26    26    26    25    25    24    23    22    21    20
         18    17    16    14    12    11     9     8     6     5     3     1     0    -1    -2    -2    -2    -2    -2    -3
         -3    -4    -5    -6    -8    -9    11  1000  1000  1000  1000  1000  1000  1000  1000  1000  1000  1000  1000  1000
       1000  1000  1000  1000  1000  1000  1000  1000  1000  1000  1000  1000  1000  1000  1000  1000  1000  1000  1000  1000
       1000  1000  1000  1000  1000  1000  1000  1000  1000  1000  1000  1000
  10   1000  1000  1000  1000  1000    29    29    29    29    28    28    28    27    27    27    26    26    26    26    26
         26    25    25    25    25    25    25    25    25    25    25    25    25    25    26    26    26    26    26    26
         26    26    26    26    26    26    26    26    26    26    26    26    25    25    24    23    22    21    20    18
         17    16    14    12    11     9     8     6     5     3     1     0    -1    -2    -2    -2    -2    -2    -3    -3
         -4    -5    -6    -8    -9    11  1000  1000  1000  1000  1000  1000  1000  1000  1000  1000  1000  1000  1000  1000
       1000  1000  1000  1000  1000  1000  1000  1000  1000  1000  1000  1000  1000  1000  1000  1000  1000  1000  1000  1000
       1000  1000  1000  1000  1000  1000  1000  1000  1000  1000  1000
  11   1000  1000  1000  1000    29    29    29    29    28    28    28    27    27    27    26    26    26    26    26    26
         25    25    25    25    25    25    25    25    25    25    25    25    25    26    26    26    26    26    26    26
         26    26    26    26    26    26    26    26    26    26    26    25    25    24    23    22    21    20    18    17
         16    14    12    11     9     8     6     5     3     1     0    -1    -2    -2    -2    -2    -2    -3    -3    -4
         -5    -6    -8    -9    11  1000  1000  1000  1000  1000  1000  1000  1000  1000  1000  1000  1000  1000  1000  1000
       1000  1000  1000  1000  1000  1000  1000  1000  1000  1000  1000  1000  1000  1000  1000  1000  1000  1000  1000  1000
       1000  1000  1000  1000  1000  1000  1000  1000  1000  1000
  12   1000  1000  1000    29    29    29    29    28    28    28    27    27    27    26    26    26    26    26    26    25
         25    25    25    25    25    25    25    25    25    25    25    25    26    26    26    26    26    26    26    26
         26    26    26    26    26    26    26    26    26    26    25    25    24    23    22    21    20    18    17    16
         14    12    11     9     8     6     5     3     1     0    -1    -2    -2    -2    -2    -2    -3    -3    -4    -5
         -6    -8    -9    11  1000  1000  1000  1000  1000  1000  1000  1000  1000  1000  1000  1000  1000  1000  1000  1000
       1000  1000  1000  1000  1000  1000  1000  1000  1000  1000  1000  1000  1000  1000  1000  1000  1000  1000  1000  1000
       1000  1000  1000  1000  1000  1000  1000  1000  1000
  13   1000  1000    29    29    29    29    28    28    28    27    27    27    26    26    26    26    26    26    25    25
         25    25    25    25    25    25    25    25    25    25    25    26    26    26    26    26    26    26    26    26
         26    26    26    26    26    26    26    26    26    25    25    24    23    22    21    20    18    17    16    14
         12    11     9     8     6     5     3     1     0    -1    -2    -2    -2    -2    -2    -3    -3    -4    -5    -6
         -8    -9    11  1000  1000  1000  1000  1000  1000  1000  1000  1000  1000  1000  1000  1000  1000  1000  1000  1000
       1000  1000  1000  1000  1000  1000  1000  1000  1000  1000  1000  1000  1000  1000  1000  1000  1000  1000  1000  1000
       1000  1000  1000  1000  1000  1000  1000  1000
  14   1000    29    29    29    29    28    28    28    27    27    27    26    26    26    26    26    26    25    25    25
         25    25    25    25    25    25    25    25    25    25    26    26    26    26    26    26    26    26    26    26
         26    26    26    26    26    26    26    26    25    25    24    23    22    21    20    18    17    16    14    12
         11     9     8     6     5     3     1     0    -1    -2    -2    -2    -2    -2    -3    -3    -4    -5    -6    -8
         -9    11  1000  1000  1000  1000  1000  1000  1000  1000  1000  1000  1000  1000  1000  1000  1000  1000  1000  1000
       1000  1000  1000  1000  1000  1000  1000  1000  1000  1000  1000  1000  1000  1000  1000  1000  1000  1000  1000  1000
       1000  1000  1000  1000  1000  1000  1000
  15   1000   988   952   895   821   735   642   547   454   368   290   222   165   118    82    54    33    19     8     1
         -2    -5    -6    -7    -8    -8    -8    -7    -7    -7    -7    -7    -6    -6    -6    -6    -5    -5    -5    -5
         -5    -4    -4    -4    -4    -4    -4    -4    -4    -4    -4    -4    -4    -4    -4    -4    -4    -4    -4    -4
         -3    -3    -2    -2    -1     0     1     3     4     4     5     5     4     4     4     3     3     2     2     2
          1    29    29    29    29    29    29    29    29    29    29    29    29    29    29    29    29    29    29    29
         29    29    29    29    29    29    29    29    29    29    29    29    29    29    29    29    29    29    29    29
         29    29    29    29    29    29
  16   1000   988   952   895   821   735   642   546   453   366   288   219   162   115    79    51    30    15     5     0
         -5    -7    -9   -10   -10   -10   -10   -10    -9    -9    -9    -8    -8    -8    -8    -7    -7    -7    -6    -6
         -6    -6    -6    -5    -5    -5    -5    -5    -5    -5    -6    -6    -6    -6    -6    -6    -6    -5    -5    -5
         -4    -3    -2    -1     0     2     3     5     6     6     6     6     5     5     4     4     3     2     3     2
         29    29    29    29    29    29    29    29    29    29    29    29    29    29    29    29    29    29    29    29
         29    29    29    29    29    29    29    29    29    29    29    29    29    29    29    29    29    29    29    29
         29    29    29    29    29
  17   1000   988   952   895   821   735   641   545   452   364   285   216   159   112    75    47    27    12     2    -4
         -8   -10   -12   -12   -13   -12   -12   -12   -12   -11   -11   -11   -10   -10   -10    -9    -9    -8    -8    -8
         -8    -7    -7    -7    -7    -7    -7    -7    -7    -7    -7    -8    -8    -8    -8    -7    -7    -7    -6    -5
         -4    -3    -1     0     2     4     6     7     7     7     7     7     6     5     4     4     3     3     2    29
         29    29    29    29    29    29    29    29    29    29    29    29    29    29    29    29    29    29    29    29
         29    29    29    29    29    29    29    29    29    29    29    29    29    29    29    29    29    29    29    29
         29    29    29    29
  18   1000   988   952   895   821   734   640   544   449   361   282   213   155   108    71    43    23     8    -1    -7
        -11   -13   -15   -15   -15   -15   -15   -15   -14   -14   -13   -13   -13   -12   -12   -11   -11   -10   -10   -10
         -9    -9    -9    -9    -9    -9    -9    -9    -9   -10   -10   -10   -10   -10    -9    -9    -9    -8    -7    -6
         -4    -2     0     3     5     7     9     9     9     9     8     7     6     5     4     4     4     2    29    29
         29    29    29    29    29    29    29    29    29    29    29    29    29    29    29    29    29    29    29    29
         29    29    29    29    29    29    29    29    29    29    29    29    29    29    29    29    29    29    29    29
         29    29    29
  19   1000   988   952   895   820   733   638   541   446   358   278   208   150   103    67    39    19     4    -4   -11
        -15   -17   -18   -18   -18   -18   -18   -17   -17   -17   -16   -15   -15   -14   -14   -13   -13   -13   -12   -12
        -12   -11   -11   -11   -11   -11   -12   -12   -12   -12   -12   -12   -12   -12   -11   -11   -10    -9    -7    -5
         -3     0     3     7     9    10    11    11    10    10     9     8     7     5     4     5     3    28    28    28
         28    28    28    28    28    28    28    28    28    28    28    28    28    28    28    28    28    28    28    28
         28    28    28    28    28    28    28    28    28    28    28    28    28    28    28    28    28    28    28    28
         28    28
  20   1000   988   952   894   820   732   636   539   443   354   273   204   145    99    62    35    14     0    -8   -14
        -18   -20   -21   -22   -22   -21   -21   -20   -20   -19   -19   -18   -17   -17   -16   -16   -15   -15   -14   -14
        -14   -14   -14   -14   -14   -14   -14   -14   -15   -15   -15   -15   -14   -14   -13   -12   -11    -9    -6    -3
          0     4     8    11    12    13    13    12    12    11     9     8     6     5     6     3    28    28    28    28
         28    28    28    28    28    28    28    28    28    28    28    28    28    28    28    28    28    28    28    28
         28    28    28    28    28    28    28    28    28    28    28    28    28    28    28    28    28    28    28    28
         28
  21   1000   988   952   894   818   730   634   535   439   349   268   199   141    94    57    30    10    -3   -12   -18
        -22   -24   -25   -25   -25   -25   -24   -24   -23   -22   -21   -21   -20   -19   -19   -18   -18   -17   -17   -17
        -16   -16   -16   -16   -17   -17   -17   -17   -17   -17   -17   -17   -16   -15   -14   -13   -11    -8    -4     0
          4     9    13    14    15    15    14    14    12    11     9     8     6     7     4    28    28    28    28    28
         28    28    28    28    28    28    28    28    28    28    28    28    28    28    28    28    28    28    28    28
         28    28    28    28    28    28    28    28    28    28    28    28    28    28    28    28    28    28    28    28
  22   1000   988   951   893   817   728   631   532   435   344   264   194   136    89    53    26     6    -7   -16   -22
        -25   -27   -28   -29   -28   -28   -27   -27   -26   -25   -24   -23   -23   -22   -21   -21   -20   -20   -19   -19
        -19   -19   -19   -19   -20   -20   -20   -20   -20   -20   -20   -19   -18   -17   -15   -12    -9    -5     0     5
         10    14    17    17    17    17    16    14    13    11     9     7     8     4    27    27    27    27    27    27
         27    27    27    27    27    27    27    27    27    27    27    27    27    27    27    27    27    27    27    27
         27    27    27    27    27    27    27    27    27    27    27    27    27    27    27    27    27    27    27
  23   1000   988   951   892   815   726   628   528   430   340   259   189   131    85    49    22     2   -10   -20   -25
        -29   -31   -32   -32   -32   -31   -30   -29   -29   -28   -27   -26   -25   -24   -24   -23   -22   -22   -22   -22
        -22   -22   -22   -23   -23   -23   -23   -23   -23   -23   -22   -21   -19   -17   -14   -11    -6     0     6    12
         16    19    20    20    19    18    16    14    12    10     8     9     5    27    27    27    27    27    27    27
         27    27    27    27    27    27    27    27    27    27    27    27    27    27    27    27    27    27    27    27
         27    27    27    27    27    27    27    27    27    27    27    27    27    27    27    27    27    27
  24   1000   987   950   891   814   723   625   524   426   336   255   185   127    81    45    18     0   -14   -23   -29
        -32   -34   -35   -35   -35   -34   -33   -32   -31   -30   -29   -28   -27   -27   -26   -25   -25   -25   -25   -25
        -25   -25   -26   -26   -26   -26   -26   -26   -25   -25   -23   -22   -19   -16   -12    -7     0     6    13    18
         21    22    22    21    20    18    16    14    11     9    10     5    27    27    27    27    27    27    27    27
         27    27    27    27    27    27    27    27    27    27    27    27    27    27    27    27    27    27    27    27
         27    27    27    27    27    27    27    27    27    27    27    27    27    27    27    27    27
  25   1000   987   950   890   812   721   622   521   423   332   251   182   124    78    42    15    -3   -17   -26   -32
        -35   -37   -38   -38   -37   -36   -36   -34   -33   -32   -31   -30   -30   -29   -28   -28   -28   -27   -28   -28
        -28   -28   -29   -29   -29   -29   -29   -28   -27   -26   -24   -21   -18   -13    -8     0     7    15    20    24
         25    24    24    22    20    18    15    13    10    11     6    26    26    26    26    26    26    26    26    26
         26    26    26    26    26    26    26    26    26    26    26    26    26    26    26    26    26    26    26    26
         26    26    26    26    26    26    26    26    26    26    26    26    26    26    26    26
  26   1000   987   949   889   811   719   619   518   420   329   248   179   121    75    39    12    -6   -20   -29   -35
        -38   -40   -40   -40   -40   -39   -38   -36   -35   -34   -33   -32   -32   -31   -30   -30   -30   -30   -30   -31
        -31   -32   -32   -32   -32   -32   -31   -30   -28   -26   -23   -20   -15    -8    -1     7    16    22    26    27
         27    26    24    22    20    17    14    11    12     6    26    26    26    26    26    26    26    26    26    26
         26    26    26    26    26    26    26    26    26    26    26    26    26    26    26    26    26    26    26    26
         26    26    26    26    26    26    26    26    26    26    26    26    26    26    26
  27   1000   987   949   888   809   717   617   516   418   327   246   177   119    73    37    10    -8   -22   -31   -37
        -40   -42   -42   -42   -41   -40   -39   -38   -37   -36   -35   -34   -33   -33   -33   -33   -33   -33   -33   -34
        -34   -35   -35   -35   -34   -34   -32   -31   -28   -25   -21   -16    -9    -1     8    17    24    28    29    29
         28    26    24    21    18    15    12    13     7    26    26    26    26    26    26    26    26    26    26    26
         26    26    26    26    26    26    26    26    26    26    26    26    26    26    26    26    26    26    26    26
         26    26    26    26    26    26    26    26    26    26    26    26    26    26
  28   1000   987   949   888   808   716   616   515   416   326   245   175   118    71    35     8   -10   -24   -33   -39
        -42   -43   -44   -43   -43   -42   -41   -39   -38   -37   -36   -36   -35   -35   -35   -35   -35   -36   -36   -37
        -37   -37   -37   -37   -36   -35   -33   -30   -27   -23   -17   -10    -1     9    18    26    29    31    31    30
         28    25    23    19    16    13    14     7    26    26    26    26    26    26    26    26    26    26    26    26
         26    26    26    26    26    26    26    26    26    26    26    26    26    26    26    26    26    26    26    26
         26    26    26    26    26    26    26    26    26    26    26    26    26
  29   1000   987   948   887   807   715   615   514   416   325   244   174   117    70    34     7   -11   -25   -34   -40
        -43   -44   -45   -44   -44   -42   -41   -40   -39   -38   -38   -37   -37   -37   -37   -37   -38   -38   -39   -39
        -39   -39   -39   -38   -37   -35   -32   -29   -24   -18   -11    -1     9    19    27    31    33    32    31    29
         27    24    20    17    14    15     7    26    26    26    26    26    26    26    26    26    26    26    26    26
         26    26    26    26    26    26    26    26    26    26    26    26    26    26    26    26    26    26    26    26
         26    26    26    26    26    26    26    26    26    26    26    26
  30   1000   987   948   887   807   715   615   514   416   325   244   174   116    70    34     7   -12   -26   -35   -40
        -43   -45   -45   -45   -44   -43   -42   -41   -40   -39   -39   -38   -38   -39   -39   -39   -40   -40   -41   -41
        -41   -41   -40   -39   -37   -34   -30   -26   -19   -11    -1     9    20    28    32    34    34    33    31    28
         25    21    17    14    15     7    26    26    26    26    26    26    26    26    26    26    26    26    26    26
         26    26    26    26    26    26    26    26    26    26    26    26    26    26    26    26    26    26    26    26
         26    26    26    26    26    26    26    26    26    26    26
  31   1000   987   948   887   807   715   615   514   416   325   244   174   116    70    33     6   -12   -26   -35   -40
        -43   -45   -45   -45   -44   -43   -42   -41   -41   -40   -40   -40   -40   -40   -41   -41   -42   -43   -43   -43
        -42   -42   -40   -38   -35   -32   -27   -20   -12    -1     9    21    29    34    35    35    34    32    29    26
         22    18    15    16     7    25    25    25    25    25    25    25    25    25    25    25    25    25    25    25
         25    25    25    25    25    25    25    25    25    25    25    25    25    25    25    25    25    25    25    25
         25    25    25    25    25    25    25    25    25    25
  32   1000   987   948   887   807   715   615   514   416   325   244   174   116    70    34     7   -12   -26   -34   -40
        -43   -44   -45   -44   -44   -43   -42   -42   -41   -41   -41   -41   -42   -42   -43   -43   -44   -44   -44   -44
        -43   -42   -39   -37   -33   -28   -21   -12    -2    10    21    30    35    36    36    35    33    30    27    23
         19    15    16     7    25    25    25    25    25    25    25    25    25    25    25    25    25    25    25    25
         25    25    25    25    25    25    25    25    25    25    25    25    25    25    25    25    25    25    25    25
         25    25    25    25    25    25    25    25    25
  33   1000   987   948   887   808   715   616   515   417   326   245   175   117    70    34     7   -11   -25   -34   -39
        -42   -44   -44   -44   -43   -43   -42   -42   -42   -42   -42   -43   -43   -44   -44   -45   -45   -45   -45   -44
        -43   -41   -38   -34   -29   -22   -13    -2    10    22    30    35    37    37    36    34    31    27    23    19
         15    16     7    25    25    25    25    25    25    25    25    25    25    25    25    25    25    25    25    25
         25    25    25    25    25    25    25    25    25    25    25    25    25    25    25    25    25    25    25    25
         25    25    25    25    25    25    25    25
  34   1000   987   948   887   808   716   617   516   418   327   246   176   118    71    35     8   -10   -24   -33   -38
        -41   -43   -43   -43   -43   -43   -42   -42   -42   -43   -43   -44   -45   -45   -46   -46   -46   -46   -45   -44
        -41   -39   -35   -29   -22   -13    -2    10    22    31    36    38    38    36    34    31    28    24    19    16
         16     6    25    25    25    25    25    25    25    25    25    25    25    25    25    25    25    25    25    25
         25    25    25    25    25    25    25    25    25    25    25    25    25    25    25    25    25    25    25    25
         25    25    25    25    25    25    25
  35   1000   987   948   887   808   716   617   516   418   327   246   177   119    72    36     9    -9   -23   -32   -37
        -40   -42   -43   -43   -43   -43   -43   -43   -43   -44   -44   -45   -46   -47   -47   -47   -47   -46   -44   -42
        -39   -35   -30   -23   -14    -2    10    22    31    36    38    38    37    35    32    28    24    20    16    16
          6    25    25    25    25    25    25    25    25    25    25    25    25    25    25    25    25    25    25    25
         25    25    25    25    25    25    25    25    25    25    25    25    25    25    25    25    25    25    25    25
         25    25    25    25    25    25
  36   1000   987   948   888   809   717   618   517   419   328   247   177   120    73    37    11    -8   -21   -30   -36
        -39   -41   -42   -42   -42   -43   -43   -44   -44   -45   -46   -46   -47   -48   -48   -47   -47   -45   -43   -40
        -36   -30   -23   -14    -3    10    22    32    37    39    39    37    35    32    29    24    20    16    16     6
         25    25    25    25    25    25    25    25    25    25    25    25    25    25    25    25    25    25    25    25
         25    25    25    25    25    25    25    25    25    25    25    25    25    25    25    25    25    25    25    25
         25    25    25    25    25
  37   1000   987   949   888   809   717   618   517   420   329   248   179   121    75    39    12    -6   -20   -29   -34
        -38   -40   -41   -42   -43   -43   -44   -44   -45   -46   -47   -48   -48   -48   -48   -47   -46   -43   -40   -36
        -31   -24   -15    -3     9    22    32    37    39    39    38    35    32    29    25    20    16    16     5    25
         25    25    25    25    25    25    25    25    25    25    25    25    25    25    25    25    25    25    25    25
         25    25    25    25    25    25    25    25    25    25    25    25    25    25    25    25    25    25    25    25
         25    25    25    25
  38   1000   987   949   888   809   718   619   518   420   330   249   180   122    76    40    14    -5   -18   -27   -33
        -37   -39   -41   -42   -43   -44   -44   -45   -46   -47   -48   -48   -49   -48   -48   -46   -44   -41   -37   -31
        -24   -15    -3     9    22    32    37    39    39    38    36    33    29    25    20    16    16     5    25    25
         25    25    25    25    25    25    25    25    25    25    25    25    25    25    25    25    25    25    25    25
         25    25    25    25    25    25    25    25    25    25    25    25    25    25    25    25    25    25    25    25
         25    25    25
  39   1000   987   949   888   809   718   619   518   421   331   250   181   124    78    42    15    -3   -17   -26   -32
        -36   -39   -41   -42   -43   -44   -45   -46   -47   -48   -49   -49   -49   -48   -46   -44   -41   -37   -32   -25
        -15    -3     9    22    32    37    39    39    38    36    33    29    25    20    16    15     5    25    25    25
         25    25    25    25    25    25    25    25    25    25    25    25    25    25    25    25    25    25    25    25
         25    25    25    25    25    25    25    25    25    25    25    25    25    25    25    25    25    25    25    25
         25    25
  40   1000   987   949   888   810   718   619   519   422   332   251   182   125    79    44    17    -2   -16   -25   -32
        -36   -39   -41   -43   -44   -45   -46   -47   -48   -49   -49   -49   -48   -47   -45   -42   -37   -32   -25   -15
         -4     9    22    32    37    39    39    38    36    33    29    25    20    16    15     4    25    25    25    25
         25    25    25    25    25    25    25    25    25    25    25    25    25    25    25    25    25    25    25    25
         25    25    25    25    25    25    25    25    25    25    25    25    25    25    25    25    25    25    25    25
         25
  41   1000   987   949   888   810   718   620   520   423   333   253   184   127    81    45    18     0   -15   -24   -31
        -36   -39   -41   -43   -45   -46   -47   -48   -49   -49   -49   -48   -47   -45   -42   -38   -32   -25   -16    -4
          9    22    32    37    39    39    38    36    33    29    25    20    16    15     4    25    25    25    25    25
         25    25    25    25    25    25    25    25    25    25    25    25    25    25    25    25    25    25    25    25
         25    25    25    25    25    25    25    25    25    25    25    25    25    25    25    25    25    25    25    25
  42   1000   987   949   888   810   719   621   521   424   334   254   185   128    82    47    20     0   -14   -24   -31
        -36   -39   -42   -44   -46   -47   -48   -49   -49   -49   -48   -47   -45   -42   -38   -32   -25   -16    -4     9
         22    32    37    39    39    38    36    33    29    25    20    16    15     4    25    25    25    25    25    25
         25    25    25    25    25    25    25    25    25    25    25    25    25    25    25    25    25    25    25    25
         25    25    25    25    25    25    25    25    25    25    25    25    25    25    25    25    25    25    25
  43   1000   987   949   889   810   719   621   522   425   335   256   187   130    84    48    21     1   -13   -23   -31
        -36   -40   -42   -45   -46   -48   -48   -49   -49   -48   -47   -45   -42   -38   -32   -25   -16    -4     9    22
         31    37    39    39    38    36    33    29    25    20    16    14     3    25    25    25    25    25    25    25
         25    25    25    25    25    25    25    25    25    25    25    25    25    25    25    25    25    25    25    25
         25    25    25    25    25    25    25    25    25    25    25    25    25    25    25    25    25    25
  44   1000   987   949   889   811   720   622   522   426   337   257   188   131    85    49    22     1   -13   -23   -31
        -36   -40   -43   -45   -47   -48   -48   -48   -48   -46   -44   -41   -37   -32   -25   -16    -4     8    21    31
         36    39    39    38    35    32    29    24    20    15    14     3    26    26    26    26    26    26    26    26
         26    26    26    26    26    26    26    26    26    26    26    26    26    26    26    26    26    26    26    26
         26    26    26    26    26    26    26    26    26    26    26    26    26    26    26    26    26
  45   1000   987   949   889   811   720   623   524   427   338   259   190   133    86    50    22     2   -12   -23   -31
        -37   -41   -44   -46   -47   -48   -48   -47   -46   -44   -41   -37   -32   -25   -16    -4     8    21    31    36
         38    38    37    35    32    29    24    20    15    14     3    26    26    26    26    26    26    26    26    26
         26    26    26    26    26    26    26    26    26    26    26    26    26    26    26    26    26    26    26    26
         26    26    26    26    26    26    26    26    26    26    26    26    26    26    26    26
  46   1000   987   949   889   811   721   624   525   429   340   260   191   134    87    51    23     2   -12   -23   -31
        -37   -41   -44   -46   -47   -47   -46   -45   -43   -41   -37   -32   -25   -16    -4     8    21    30    35    38
         38    37    34    32    28    24    19    15    14     3    26    26    26    26    26    26    26    26    26    26
         26    26    26    26    26    26    26    26    26    26    26    26    26    26    26    26    26    26    26    26
         26    26    26    26    26    26    26    26    26    26    26    26    26    26    26
  47   1000   987   949   890   812   722   625   526   430   341   261   192   135    88    52    23     2   -12   -24   -32
        -37   -41   -44   -45   -46   -45   -44   -43   -40   -36   -31   -24   -16    -4     8    20    29    35    37    37
         36    34    31    28    23    19    15    13     2    26    26    26    26    26    26    26    26    26    26    26
         26    26    26    26    26    26    26    26    26    26    26    26    26    26    26    26    26    26    26    26
         26    26    26    26    26    26    26    26    26    26    26    26    26    26
  48   1000   987   949   890   812   722   625   527   431   342   262   193   136    89    52    24     2   -12   -24   -32
        -37   -41   -43   -44   -44   -43   -42   -39   -36   -31   -24   -15    -4     7    19    29    34    36    36    35
         33    30    27    23    18    14    13     2    26    26    26    26    26    26    26    26    26    26    26    26
         26    26    26    26    26    26    26    26    26    26    26    26    26    26    26    26    26    26    26    26
         26    26    26    26    26    26    26    26    26    26    26    26    26
  49   1000   987   950   890   813   723   626   528   432   343   263   194   137    90    52    24     2   -12   -24   -31
        -37   -40   -42   -43   -42   -41   -38   -35   -30   -24   -15    -5     7    19    28    33    35    35    34    32
         30    26    22    18    14    13     2    26    26    26    26    26    26    26    26    26    26    26    26    26
         26    26    26    26    26    26    26    26    26    26    26    26    26    26    26    26    26    26    26    26
         26    26    26    26    26    26    26    26    26    26    26    26
  50   1000   987   950   890   813   724   627   528   433   344   264   195   137    90    53    24     3   -12   -23   -31
        -36   -39   -40   -40   -39   -37   -34   -30   -24   -15    -5     6    18    26    31    34    34    33    31    29
         25    22    17    14    12     2    26    26    26    26    26    26    26    26    26    26    26    26    26    26
         26    26    26    26    26    26    26    26    26    26    26    26    26    26    26    26    26    26    26    26
         26    26    26    26    26    26    26    26    26    26    26
  51   1000   987   950   891   814   724   628   529   434   345   265   196   138    91    53    25     3   -11   -22   -30
        -35   -37   -38   -38   -36   -33   -29   -23   -16    -6     5    16    25    30    32    32    32    30    27    24
         21    17    13    12     2    26    26    26    26    26    26    26    26    26    26    26    26    26    26    26
         26    26    26    26    26    26    26    26    26    26    26    26    26    26    26    26    26    26    26    26
         26    26    26    26    26    26    26    26    26    26
  52   1000   987   950   891   814   725   628   530   434   345   265   196   138    91    54    25     4   -11   -21   -28
        -33   -35   -36   -35   -32   -29   -23   -16    -7     3    14    23    28    30    31    30    28    26    23    20
         16    13    11     2    26    26    26    26    26    26    26    26    26    26    26    26    26    26    26    26
         26    26    26    26    26    26    26    26    26    26    26    26    26    26    26    26    26    26    26    26
         26    26    26    26    26    26    26    26    26
  53   1000   987   950   891   814   725   629   531   435   346   266   197   139    92    55    26     5    -9   -20   -27
        -31   -33   -33   -31   -28   -23   -17    -8     1    12    20    25    28    28    28    27    25    22    19    15
         12    11     2    26    26    26    26    26    26    26    26    26    26    26    26    26    26    26    26    26
         26    26    26    26    26    26    26    26    26    26    26    26    26    26    26    26    26    26    26    26
         26    26    26    26    26    26    26    26
  54   1000   987   950   891   815   726   629   531   436   347   267   198   140    93    56    27     6    -8   -18   -25
        -29   -30   -30   -28   -24   -18   -10     0     9    17    22    25    26    25    24    23    20    17    14    11
         11     2    26    26    26    26    26    26    26    26    26    26    26    26    26    26    26    26    26    26
         26    26    26    26    26    26    26    26    26    26    26    26    26    26    26    26    26    26    26    26
         26    26    26    26    26    26    26
  55   1000   987   950   891   815   726   630   532   436   347   268   199   141    94    57    29     8    -6   -17   -23
        -27   -28   -27   -25   -20   -13    -4     4    12    18    21    22    22    21    20    18    16    13    10    10
          3    26    26    26    26    26    26    26    26    26    26    26    26    26    26    26    26    26    26    26
         26    26    26    26    26    26    26    26    26    26    26    26    26    26    26    26    26    26    26    26
         26    26    26    26    26    26
  56   1000   987   950   892   815   726   630   532   437   348   269   200   142    95    58    30     9    -5   -15   -22
        -26   -27   -26   -23   -17    -9    -1     6    12    15    17    18    18    17    16    14    11     9    10     3
         26    26    26    26    26    26    26    26    26    26    26    26    26    26    26    26    26    26    26    26
         26    26    26    26    26    26    26    26    26    26    26    26    26    26    26    26    26    26    26    26
         26    26    26    26    26
  57   1000   987   950   892   815   727   631   533   438   349   270   201   144    97    60    31    10    -4   -15   -22
        -26   -27   -26   -23   -17    -9    -1     4     8    11    12    13    13    12    11     9     8     9     4    26
         26    26    26    26    26    26    26    26    26    26    26    26    26    26    26    26    26    26    26    26
         26    26    26    26    26    26    26    26    26    26    26    26    26    26    26    26    26    26    26    26
         26    26    26    26
  58   1000   987   950   892   816   727   631   534   439   351   272   203   145    98    61    32    10    -5   -16   -24
        -29   -31   -30   -26   -20   -12    -5     0     3     5     7     8     8     8     7     7     9     5    26    26
         26    26    26    26    26    26    26    26    26    26    26    26    26    26    26    26    26    26    26    26
         26    26    26    26    26    26    26    26    26    26    26    26    26    26    26    26    26    26    26    26
         26    26    26
  59   1000   987   950   892   816   728   632   535   440   352   273   205   147   100    62    32     9    -8   -21   -30
        -37   -40   -39   -34   -27   -19   -12    -7    -3    -1     1     2     3     4     4     8     6    26    26    26
         26    26    26    26    26    26    26    26    26    26    26    26    26    26    26    26    26    26    26    26
         26    26    26    26    26    26    26    26    26    26    26    26    26    26    26    26    26    26    26    26
         26    26
  60   1000   987   951   892   816   728   633   536   442   354   275   207   148   100    60    29     4   -15   -31   -43
        -52   -55   -53   -46   -37   -28   -21   -16   -11    -8    -5    -2     0     2     7     8    26    26    26    26
         26    26    26    26    26    26    26    26    26    26    26    26    26    26    26    26    26    26    26    26
         26    26    26    26    26    26    26    26    26    26    26    26    26    26    26    26    26    26    26    26
         26
  61   1000   987   951   893   817   729   635   538   444   357   277   208   148    98    56    22    -6   -30   -50   -66
        -75   -76   -70   -60   -49   -40   -32   -25   -20   -15   -10    -5    -1     6    10    26    26    26    26    26
         26    26    26    26    26    26    26    26    26    26    26    26    26    26    26    26    26    26    26    26
         26    26    26    26    26    26    26    26    26    26    26    26    26    26    26    26    26    26    26    26
  62   1000   987   951   893   818   731   636   540   446   358   278   207   145    92    46     7   -26   -57   -82   -99
       -106  -101   -89   -76   -64   -53   -44   -35   -28   -20   -12    -5     5    13    25    25    25    25    25    25
         25    25    25    25    25    25    25    25    25    25    25    25    25    25    25    25    25    25    25    25
         25    25    25    25    25    25    25    25    25    25    25    25    25    25    25    25    25    25    25
  63   1000   988   951   893   819   732   638   542   448   359   277   203   138    79    27   -19   -61   -99  -127  -141
       -138  -126  -110   -94   -80   -67   -55   -44   -33   -22   -11     4    17    25    25    25    25    25    25    25
         25    25    25    25    25    25    25    25    25    25    25    25    25    25    25    25    25    25    25    25
         25    25    25    25    25    25    25    25    25    25    25    25    25    25    25    25    25    25
  64   1000   988   951   894   820   733   640   543   448   357   272   194   122    56    -5   -63  -116  -158  -181  -183
       -170  -151  -131  -113   -96   -80   -64   -49   -33   -18     2    22    24    24    24    24    24    24    24    24
         24    24    24    24    24    24    24    24    24    24    24    24    24    24    24    24    24    24    24    24
         24    24    24    24    24    24    24    24    24    24    24    24    24    24    24    24    24
  65   1000   988   952   895   821   735   641   543   446   352   262   176    95    16   -59  -131  -191  -227  -235  -222
       -200  -176  -153  -131  -110   -89   -68   -47   -27     0    28    23    23    23    23    23    23    23    23    23
         23    23    23    23    23    23    23    23    23    23    23    23    23    23    23    23    23    23    23    23
         23    23    23    23    23    23    23    23    23    23    23    23    23    23    23    23
  66   1000   988   952   895   822   735   640   541   440   340   241   144    48   -48  -142  -222  -275  -292  -282  -258
       -230  -201  -174  -147  -120   -93   -65   -37    -3    35    22    22    22    22    22    22    22    22    22    22
         22    22    22    22    22    22    22    22    22    22    22    22    22    22    22    22    22    22    22    22
         22    22    22    22    22    22    22    22    22    22    22    22    22    22    22
  67   1000   988   952   896   822   735   637   534   427   318   206    91   -26  -145  -251  -324  -354  -348  -323  -291
       -257  -224  -191  -157  -122   -86   -51    -6    44    21    21    21    21    21    21    21    21    21    21    21
         21    21    21    21    21    21    21    21    21    21    21    21    21    21    21    21    21    21    21    21
         21    21    21    21    21    21    21    21    21    21    21    21    21    21
  68   1000   988   952   896   821   732   631   521   404   279   147     6  -138  -273  -372  -418  -419  -395  -359  -321
       -281  -241  -199  -156  -111   -67   -11    55    20    20    20    20    20    20    20    20    20    20    20    20
         20    20    20    20    20    20    20    20    20    20    20    20    20    20    20    20    20    20    20    20
         20    20    20    20    20    20    20    20    20    20    20    20    20
  69   1000   988   952   895   818   725   617   497   363   216    54  -118  -284  -412  -480  -492  -471  -434  -391  -346
       -299  -249  -196  -141   -86   -17    68    18    18    18    18    18    18    18    18    18    18    18    18    18
         18    18    18    18    18    18    18    18    18    18    18    18    18    18    18    18    18    18    18    18
         18    18    18    18    18    18    18    18    18    18    18    18
  70   1000   988   952   893   812   713   594   457   298   117   -81  -280  -442  -536  -564  -550  -514  -468  -417  -363
       -304  -241  -175  -108   -25    84    17    17    17    17    17    17    17    17    17    17    17    17    17    17
         17    17    17    17    17    17    17    17    17    17    17    17    17    17    17    17    17    17    17    17
         17    17    17    17    17    17    17    17    17    17    17
  71   1000   988   950   888   802   692   556   392   197   -26  -258  -456  -581  -630  -626  -594  -548  -494  -433  -366
       -292  -214  -134   -34   102    16    16    16    16    16    16    16    16    16    16    16    16    16    16    16
         16    16    16    16    16    16    16    16    16    16    16    16    16    16    16    16    16    16    16    16
         16    16    16    16    16    16    16    16    16    16
  72   1000   987   948   881   785   658   495   292    48  -214  -450  -609  -684  -697  -673  -630  -574  -509  -434  -350
       -259  -165   -47   123    14    14    14    14    14    14    14    14    14    14    14    14    14    14    14    14
         14    14    14    14    14    14    14    14    14    14    14    14    14    14    14    14    14    14    14    14
         14    14    14    14    14    14    14    14    14
  73   1000   986   943   868   757   603   400   144  -145  -418  -616  -722  -757  -746  -709  -655  -588  -506  -413  -309
       -201   -63   148    12    12    12    12    12    12    12    12    12    12    12    12    12    12    12    12    12
         12    12    12    12    12    12    12    12    12    12    12    12    12    12    12    12    12    12    12    12
         12    12    12    12    12    12    12    12
  74   1000   985   936   848   712   518   259   -49  -356  -594  -737  -799  -808  -783  -735  -668  -583  -481  -366  -242
        -85   179    11    11    11    11    11    11    11    11    11    11    11    11    11    11    11    11    11    11
         11    11    11    11    11    11    11    11    11    11    11    11    11    11    11    11    11    11    11    11
         11    11    11    11    11    11    11
  75   1000   983   925   816   642   392    73  -261  -539  -721  -817  -851  -844  -807  -746  -661  -554  -428  -291  -112
        214     9     9     9     9     9     9     9     9     9     9     9     9     9     9     9     9     9     9     9
          9     9     9     9     9     9     9     9     9     9     9     9     9     9     9     9     9     9     9     9
          9     9     9     9     9     9
  76   1000   979   907   765   537   224  -129  -443  -667  -802  -868  -885  -866  -817  -737  -629  -497  -348  -149   257
          8     8     8     8     8     8     8     8     8     8     8     8     8     8     8     8     8     8     8     8
          8     8     8     8     8     8     8     8     8     8     8     8     8     8     8     8     8     8     8     8
          8     8     8     8     8
  77   1000   973   877   689   398    42  -299  -565  -742  -846  -896  -903  -873  -806  -704  -570  -413  -196   307     6
          6     6     6     6     6     6     6     6     6     6     6     6     6     6     6     6     6     6     6     6
          6     6     6     6     6     6     6     6     6     6     6     6     6     6     6     6     6     6     6     6
          6     6     6     6
  78   1000   964   834   589   251  -103  -403  -623  -770  -860  -901  -900  -857  -770  -643  -484  -256   365     5     5
          5     5     5     5     5     5     5     5     5     5     5     5     5     5     5     5     5     5     5     5
          5     5     5     5     5     5     5     5     5     5     5     5     5     5     5     5     5     5     5     5
          5     5     5
  79   1000   950   780   491   147  -172  -429  -621  -755  -839  -878  -869  -811  -704  -556  -328   426     3     3     3
          3     3     3     3     3     3     3     3     3     3     3     3     3     3     3     3     3     3     3     3
          3     3     3     3     3     3     3     3     3     3     3     3     3     3     3     3     3     3     3     3
          3     3
  80   1000   935   734   439   127  -150  -377  -555  -688  -775  -814  -800  -732  -612  -406   480     1     1     1     1
          1     1     1     1     1     1     1     1     1     1     1     1     1     1     1     1     1     1     1     1
          1     1     1     1     1     1     1     1     1     1     1     1     1     1     1     1     1     1     1     1
          1
  81   1000   926   726   463   197   -44  -253  -428  -565  -660  -705  -693  -625  -469   503     0     0     0     0     0
          0     0     0     0     0     0     0     0     0     0     0     0     0     0     0     0     0     0     0     0
          0     0     0     0     0     0     0     0     0     0     0     0     0     0     0     0     0     0     0     0
  82   1000   931   761   546   323   110   -85  -260  -405  -512  -568  -568  -492   475    -1    -1    -1    -1    -1    -1
         -1    -1    -1    -1    -1    -1    -1    -1    -1    -1    -1    -1    -1    -1    -1    -1    -1    -1    -1    -1
         -1    -1    -1    -1    -1    -1    -1    -1    -1    -1    -1    -1    -1    -1    -1    -1    -1    -1    -1
  83   1000   945   812   641   455   264    76  -100  -255  -373  -445  -462   392    -2    -2    -2    -2    -2    -2    -2
         -2    -2    -2    -2    -2    -2    -2    -2    -2    -2    -2    -2    -2    -2    -2    -2    -2    -2    -2    -2
         -2    -2    -2    -2    -2    -2    -2    -2    -2    -2    -2    -2    -2    -2    -2    -2    -2    -2
  84   1000   958   856   717   555   377   192     9  -153  -284  -387   274    -2    -2    -2    -2    -2    -2    -2    -2
         -2    -2    -2    -2    -2    -2    -2    -2    -2    -2    -2    -2    -2    -2    -2    -2    -2    -2    -2    -2
         -2    -2    -2    -2    -2    -2    -2    -2    -2    -2    -2    -2    -2    -2    -2    -2    -2
  85   1000   968   885   764   613   438   249    60  -112  -286   142    -2    -2    -2    -2    -2    -2    -2    -2    -2
         -2    -2    -2    -2    -2    -2    -2    -2    -2    -2    -2    -2    -2    -2    -2    -2    -2    -2    -2    -2
         -2    -2    -2    -2    -2    -2    -2    -2    -2    -2    -2    -2    -2    -2    -2    -2
  86   1000   973   900   786   635   454   257    59  -167     3    -2    -2    -2    -2    -2    -2    -2    -2    -2    -2
         -2    -2    -2    -2    -2    -2    -2    -2    -2    -2    -2    -2    -2    -2    -2    -2    -2    -2    -2    -2
         -2    -2    -2    -2    -2    -2    -2    -2    -2    -2    -2    -2    -2    -2    -2
  87   1000   976   904   788   629   438   230   -32  -140    -2    -2    -2    -2    -2    -2    -2    -2    -2    -2    -2
         -2    -2    -2    -2    -2    -2    -2    -2    -2    -2    -2    -2    -2    -2    -2    -2    -2    -2    -2    -2
         -2    -2    -2    -2    -2    -2    -2    -2    -2    -2    -2    -2    -2    -2
  88   1000   976   901   775   605   401   119  -291    -3    -3    -3    -3    -3    -3    -3    -3    -3    -3    -3    -3
         -3    -3    -3    -3    -3    -3    -3    -3    -3    -3    -3    -3    -3    -3    -3    -3    -3    -3    -3    -3
         -3    -3    -3    -3    -3    -3    -3    -3    -3    -3    -3    -3    -3
  89   1000   974   892   755   571   288  -447    -3    -3    -3    -3    -3    -3    -3    -3    -3    -3    -3    -3    -3
         -3    -3    -3    -3    -3    -3    -3    -3    -3    -3    -3    -3    -3    -3    -3    -3    -3    -3    -3    -3
         -3    -3    -3    -3    -3    -3    -3    -3    -3    -3    -3    -3
  90   1000   971   881   733   468  -604    -4    -4    -4    -4    -4    -4    -4    -4    -4    -4    -4    -4    -4    -4
         -4    -4    -4    -4    -4    -4    -4    -4    -4    -4    -4    -4    -4    -4    -4    -4    -4    -4    -4    -4
         -4    -4    -4    -4    -4    -4    -4    -4    -4    -4    -4
  91   1000   968   870   649  -746    -5    -5    -5    -5    -5    -5    -5    -5    -5    -5    -5    -5    -5    -5    -5
         -5    -5    -5    -5    -5    -5    -5    -5    -5    -5    -5    -5    -5    -5    -5    -5    -5    -5    -5    -5
         -5    -5    -5    -5    -5    -5    -5    -5    -5    -5
  92   1000   965   808  -852    -6    -6    -6    -6    -6    -6    -6    -6    -6    -6    -6    -6    -6    -6    -6    -6
         -6    -6    -6    -6    -6    -6    -6    -6    -6    -6    -6    -6    -6    -6    -6    -6    -6    -6    -6    -6
         -6    -6    -6    -6    -6    -6    -6    -6    -6
  93   1000   930  -900    -8    -8    -8    -8    -8    -8    -8    -8    -8    -8    -8    -8    -8    -8    -8    -8    -8
         -8    -8    -8    -8    -8    -8    -8    -8    -8    -8    -8    -8    -8    -8    -8    -8    -8    -8    -8    -8
         -8    -8    -8    -8    -8    -8    -8    -8
  94   1000  -804    -9    -9    -9    -9    -9    -9    -9    -9    -9    -9    -9    -9    -9    -9    -9    -9    -9    -9
         -9    -9    -9    -9    -9    -9    -9    -9    -9    -9    -9    -9    -9    -9    -9    -9    -9    -9    -9    -9
         -9    -9    -9    -9    -9    -9    -9
  95   1000    11    11    11    11    11    11    11    11    11    11    11    11    11    11    11    11    11    11    11
         11    11    11    11    11    11    11    11    11    11    11    11    11    11    11    11    11    11    11    11
         11    11    11    11    11    11
  96   1000  1000  1000  1000  1000  1000  1000  1000  1000  1000  1000  1000  1000  1000  1000  1000  1000  1000  1000  1000
       1000  1000  1000  1000  1000  1000  1000  1000  1000  1000  1000  1000  1000  1000  1000  1000  1000  1000  1000  1000
       1000  1000  1000  1000  1000
  97   1000  1000  1000  1000  1000  1000  1000  1000  1000  1000  1000  1000  1000  1000  1000  1000  1000  1000  1000  1000
       1000  1000  1000  1000  1000  1000  1000  1000  1000  1000  1000  1000  1000  1000  1000  1000  1000  1000  1000  1000
       1000  1000  1000  1000
  98   1000  1000  1000  1000  1000  1000  1000  1000  1000  1000  1000  1000  1000  1000  1000  1000  1000  1000  1000  1000
       1000  1000  1000  1000  1000  1000  1000  1000  1000  1000  1000  1000  1000  1000  1000  1000  1000  1000  1000  1000
       1000  1000  1000
  99   1000  1000  1000  1000  1000  1000  1000  1000  1000  1000  1000  1000  1000  1000  1000  1000  1000  1000  1000  1000
       1000  1000  1000  1000  1000  1000  1000  1000  1000  1000  1000  1000  1000  1000  1000  1000  1000  1000  1000  1000
       1000  1000
 100   1000  1000  1000  1000  1000  1000  1000  1000  1000  1000  1000  1000  1000  1000  1000  1000  1000  1000  1000  1000
       1000  1000  1000  1000  1000  1000  1000  1000  1000  1000  1000  1000  1000  1000  1000  1000  1000  1000  1000  1000
       1000
 101   1000  1000  1000  1000  1000  1000  1000  1000  1000  1000  1000  1000  1000  1000  1000  1000  1000  1000  1000  1000
       1000  1000  1000  1000  1000  1000  1000  1000  1000  1000  1000  1000  1000  1000  1000  1000  1000  1000  1000  1000
 102   1000  1000  1000  1000  1000  1000  1000  1000  1000  1000  1000  1000  1000  1000  1000  1000  1000  1000  1000  1000
       1000  1000  1000  1000  1000  1000  1000  1000  1000  1000  1000  1000  1000  1000  1000  1000  1000  1000  1000
 103   1000  1000  1000  1000  1000  1000  1000  1000  1000  1000  1000  1000  1000  1000  1000  1000  1000  1000  1000  1000
       1000  1000  1000  1000  1000  1000  1000  1000  1000  1000  1000  1000  1000  1000  1000  1000  1000  1000
 104   1000  1000  1000  1000  1000  1000  1000  1000  1000  1000  1000  1000  1000  1000  1000  1000  1000  1000  1000  1000
       1000  1000  1000  1000  1000  1000  1000  1000  1000  1000  1000  1000  1000  1000  1000  1000  1000
 105   1000  1000  1000  1000  1000  1000  1000  1000  1000  1000  1000  1000  1000  1000  1000  1000  1000  1000  1000  1000
       1000  1000  1000  1000  1000  1000  1000  1000  1000  1000  1000  1000  1000  1000  1000  1000
 106   1000  1000  1000  1000  1000  1000  1000  1000  1000  1000  1000  1000  1000  1000  1000  1000  1000  1000  1000  1000
       1000  1000  1000  1000  1000  1000  1000  1000  1000  1000  1000  1000  1000  1000  1000
 107   1000  1000  1000  1000  1000  1000  1000  1000  1000  1000  1000  1000  1000  1000  1000  1000  1000  1000  1000  1000
       1000  1000  1000  1000  1000  1000  1000  1000  1000  1000  1000  1000  1000  1000
 108   1000  1000  1000  1000  1000  1000  1000  1000  1000  1000  1000  1000  1000  1000  1000  1000  1000  1000  1000  1000
       1000  1000  1000  1000  1000  1000  1000  1000  1000  1000  1000  1000  1000
 109   1000  1000  1000  1000  1000  1000  1000  1000  1000  1000  1000  1000  1000  1000  1000  1000  1000  1000  1000  1000
       1000  1000  1000  1000  1000  1000  1000  1000  1000  1000  1000  1000
 110   1000  1000  1000  1000  1000  1000  1000  1000  1000  1000  1000  1000  1000  1000  1000  1000  1000  1000  1000  1000
       1000  1000  1000  1000  1000  1000  1000  1000  1000  1000  1000
 111   1000  1000  1000  1000  1000  1000  1000  1000  1000  1000  1000  1000  1000  1000  1000  1000  1000  1000  1000  1000
       1000  1000  1000  1000  1000  1000  1000  1000  1000  1000
 112   1000  1000  1000  1000  1000  1000  1000  1000  1000  1000  1000  1000  1000  1000  1000  1000  1000  1000  1000  1000
       1000  1000  1000  1000  1000  1000  1000  1000  1000
 113   1000  1000  1000  1000  1000  1000  1000  1000  1000  1000  1000  1000  1000  1000  1000  1000  1000  1000  1000  1000
       1000  1000  1000  1000  1000  1000  1000  1000
 114   1000  1000  1000  1000  1000  1000  1000  1000  1000  1000  1000  1000  1000  1000  1000  1000  1000  1000  1000  1000
       1000  1000  1000  1000  1000  1000  1000
 115   1000  1000  1000  1000  1000  1000  1000  1000  1000  1000  1000  1000  1000  1000  1000  1000  1000  1000  1000  1000
       1000  1000  1000  1000  1000  1000
 116   1000  1000  1000  1000  1000  1000  1000  1000  1000  1000  1000  1000  1000  1000  1000  1000  1000  1000  1000  1000
       1000  1000  1000  1000  1000
 117   1000  1000  1000  1000  1000  1000  1000  1000  1000  1000  1000  1000  1000  1000  1000  1000  1000  1000  1000  1000
       1000  1000  1000  1000
 118   1000  1000  1000  1000  1000  1000  1000  1000  1000  1000  1000  1000  1000  1000  1000  1000  1000  1000  1000  1000
       1000  1000  1000
 119   1000  1000  1000  1000  1000  1000  1000  1000  1000  1000  1000  1000  1000  1000  1000  1000  1000  1000  1000  1000
       1000  1000
 120   1000  1000  1000  1000  1000  1000  1000  1000  1000  1000  1000  1000  1000  1000  1000  1000  1000  1000  1000  1000
       1000
 121   1000  1000  1000  1000  1000  1000  1000  1000  1000  1000  1000  1000  1000  1000  1000  1000  1000  1000  1000  1000
 122   1000  1000  1000  1000  1000  1000  1000  1000  1000  1000  1000  1000  1000  1000  1000  1000  1000  1000  1000
 123   1000  1000  1000  1000  1000  1000  1000  1000  1000  1000  1000  1000  1000  1000  1000  1000  1000  1000
 124   1000  1000  1000  1000  1000  1000  1000  1000  1000  1000  1000  1000  1000  1000  1000  1000  1000
 125   1000  1000  1000  1000  1000  1000  1000  1000  1000  1000  1000  1000  1000  1000  1000  1000
 126   1000  1000  1000  1000  1000  1000  1000  1000  1000  1000  1000  1000  1000  1000  1000
 127   1000  1000  1000  1000  1000  1000  1000  1000  1000  1000  1000  1000  1000  1000
 128   1000  1000  1000  1000  1000  1000  1000  1000  1000  1000  1000  1000  1000
 129   1000  1000  1000  1000  1000  1000  1000  1000  1000  1000  1000  1000
 130   1000  1000  1000  1000  1000  1000  1000  1000  1000  1000  1000
 131   1000  1000  1000  1000  1000  1000  1000  1000  1000  1000
 132   1000  1000  1000  1000  1000  1000  1000  1000  1000
 133   1000  1000  1000  1000  1000  1000  1000  1000
 134   1000  1000  1000  1000  1000  1000  1000
 135   1000  1000  1000  1000  1000  1000
 136   1000  1000  1000  1000  1000
 137   1000  1000  1000  1000
 138   1000  1000  1000
 139   1000  1000
 140   1000

 Finished!
