NIF_RUN Passive 18x snout on TANDM 90-348 Pinhole
  140    6    1    0    1
   0.00500   9.00000   0.03000   0.00100
   0.0000000   0   0 1.00000000E+00   1.0000000
ZR902    4.147E-14 0.011       0.00       0.00        (    )
IN115N   1.039E-14 0.012       0.00       0.00        (    )
AU197G   2.386E-14 0.012       0.00 AUNG  3.94 IFX    (ISTP)
IN115G   3.612E-14 0.028       0.00 INNG 39.37 IFX    (ISTP)
AU1972   2.606E-13 0.012       0.00       0.00        (    )
AL27A    1.501E-14 0.012       0.00       0.00        (    )
Flux Uncertainty
 140
 0.0000E+00 0.0000E+00 0.0000E+00 0.0000E+00 0.0000E+00 0.0000E+00 0.0000E+00
 0.0000E+00 0.0000E+00 0.0000E+00 0.0000E+00 0.0000E+00 0.0000E+00 0.0000E+00
 2.0000E+00 2.0000E+00 2.0000E+00 2.0000E+00 2.0000E+00 2.0000E+00 2.0000E+00
 2.0000E+00 2.0000E+00 2.0000E+00 2.0000E+00 2.0000E+00 2.0000E+00 2.0000E+00
 2.0000E+00 2.0000E+00 2.0000E+00 2.0000E+00 2.0000E+00 2.0000E+00 1.0000E+00
 1.0000E+00 1.0000E+00 1.0000E+00 1.0000E+00 1.0000E+00 1.0000E+00 1.0000E+00
 1.0000E+00 1.0000E+00 1.0000E+00 1.0000E+00 1.0000E+00 1.0000E+00 1.0000E+00
 1.0000E+00 1.0000E+00 1.0000E+00 1.0000E+00 1.0000E+00 1.0000E+00 1.0000E+00
 1.0000E+00 1.0000E+00 1.0000E+00 1.0000E+00 1.0000E+00 1.0000E+00 1.0000E+00
 1.0000E+00 1.0000E+00 1.0000E+00 1.0000E+00 1.0000E+00 1.0000E+00 1.0000E+00
 1.0000E+00 1.0000E+00 1.0000E+00 1.0000E+00 1.0000E+00 1.0000E+00 1.0000E+00
 1.0000E+00 1.0000E+00 1.0000E+00 1.0000E+00 1.0000E+00 1.0000E+00 1.0000E+00
 1.0000E+00 1.0000E+00 1.0000E+00 1.0000E+00 1.0000E+00 1.0000E+00 1.0000E+00
 1.0000E+00 1.0000E+00 1.0000E-01 1.0000E-01 1.0000E-01 0.0000E+00 0.0000E+00
 0.0000E+00 0.0000E+00 0.0000E+00 0.0000E+00 0.0000E+00 0.0000E+00 0.0000E+00
 0.0000E+00 0.0000E+00 0.0000E+00 0.0000E+00 0.0000E+00 0.0000E+00 0.0000E+00
 0.0000E+00 0.0000E+00 0.0000E+00 0.0000E+00 0.0000E+00 0.0000E+00 0.0000E+00
 0.0000E+00 0.0000E+00 0.0000E+00 0.0000E+00 0.0000E+00 0.0000E+00 0.0000E+00
 0.0000E+00 0.0000E+00 0.0000E+00 0.0000E+00 0.0000E+00 0.0000E+00 0.0000E+00
 0.0000E+00 0.0000E+00 0.0000E+00 0.0000E+00 0.0000E+00 0.0000E+00 0.0000E+00
Input Flux Spectrum
 140   1 1.000E+00 2.000E+01 5.000E-08
 0.0000E+00 0.0000E+00 0.0000E+00 0.0000E+00 0.0000E+00 0.0000E+00 0.0000E+00
 0.0000E+00 0.0000E+00 0.0000E+00 0.0000E+00 0.0000E+00 0.0000E+00 0.0000E+00
 7.3976E-02 7.2297E-02 7.2094E-02 7.3401E-02 7.5840E-02 7.9483E-02 8.3849E-02
 8.8181E-02 9.2365E-02 9.5634E-02 9.7713E-02 9.7820E-02 9.6726E-02 9.4112E-02
 9.0504E-02 8.6815E-02 8.3426E-02 8.1008E-02 7.9657E-02 7.9423E-02 1.5658E-01
 1.7492E-01 2.0056E-01 2.3291E-01 4.9114E+01 5.4837E+01 3.4224E+02 1.7833E+02
 3.0861E+02 1.2830E+03 3.5558E+03 2.8278E+03 1.9186E+02 3.3355E+02 2.0006E+02
 5.6881E+01 1.1147E+01 5.3903E+00 5.6002E-01 1.4449E+00 4.2759E+00 4.8055E+01
 9.9410E+02 1.1747E+04 6.9872E+05 4.8180E+07 1.0967E+09 1.4888E+10 4.8325E+10
 7.5980E+10 5.5973E+10 5.8351E+09 3.5938E+08 5.6636E+06 1.2928E+05 9.6824E+02
 4.1666E+00 9.8692E-03 1.8794E-05 2.0324E-08 3.2604E-11 2.0300E-14 1.7391E-18
 2.8335E-23 1.8851E-29 6.3824E-37 8.8172E-46 3.5390E-56 4.8618E-67 3.1100E-79
 2.7058E-90 3.3098E-98 9.0587-100 1.5585E-93 2.6419E-79 2.7044E-58 9.4450E-35
 1.9003E-11 7.9983E+10 4.4874E+08 4.2574E+10 3.8643E+09 0.0000E+00 0.0000E+00
 0.0000E+00 0.0000E+00 0.0000E+00 0.0000E+00 0.0000E+00 0.0000E+00 0.0000E+00
 0.0000E+00 0.0000E+00 0.0000E+00 0.0000E+00 0.0000E+00 0.0000E+00 0.0000E+00
 0.0000E+00 0.0000E+00 0.0000E+00 0.0000E+00 0.0000E+00 0.0000E+00 0.0000E+00
 0.0000E+00 0.0000E+00 0.0000E+00 0.0000E+00 0.0000E+00 0.0000E+00 0.0000E+00
 0.0000E+00 0.0000E+00 0.0000E+00 0.0000E+00 0.0000E+00 0.0000E+00 0.0000E+00
 0.0000E+00 0.0000E+00 0.0000E+00 0.0000E+00 0.0000E+00 0.0000E+00 0.0000E+00
   10   13   28   11    8    5    8    7   10   40



                         ==============================
                               STAYSL PNNL OUTPUT
                         ==============================

 STAYSL PNNL, version 1.2.0, 2015-08-05


 SCENARIO TITLE: NIF_RUN Passive 18x snout on TANDM 90-348 Pinhole
 -------------------------------------------------------------------------------
  NGROUP =   140    NRXN =     6    ACTIVITY NORM = 1.00000E+00

  COVARIANCE PARAMETERS (FCHN, FCVX, ACVX, FS)
    FLUXES:      WIDTH =  9.0000E+00   LONG RANGE COVAR. =  3.0000E-02
            ACTIVITIES =  5.0000E-03   X-SECT CROSS COR. =  1.0000E-03

    DETERM =   3.4989 × 10^  -9.00      ERROR =   4.7370E-16

  INPUT NORMALIZATION DATA
    AK1   =     0.00000     VAK        =     0.00090
    NORML =           0     RENORM     = 9.27965E-01
    CHI²  =    51.03374     NORM. CHI² =    10.20675

  DOSIMETRY ACTIVITIES
     ———— INPUTS —————  -UNADJUSTED FLUX-  — ADJUSTED FLUX —    CHI²  90% ACTIVITIES RANGE
 RXN  MEASURED     ±%   ACTIVITY    %DIFF  ACTIVITY    %DIFF  CONTRIB --LOW E-- --HIGH E--   REACTION          CVR
  1  4.147E-14    1.10  3.829E-14   -7.67  4.126E-14   -0.50    1.322  1.20E+01  1.50E+01  ZR90(N,2N)ZR89          
  2  1.039E-14    1.20  1.316E-14   26.70  1.419E-14   36.55   24.858  5.50E-01  1.40E+01  IN115(N,N')IN115M       
  3  2.386E-14    1.20  2.231E-14   -6.51  2.404E-14    0.75   -3.596  4.50E-01  6.00E-01  AU197(N,G)AU198         
  4  3.612E-14    2.80  3.018E-14  -16.44  3.253E-14   -9.95   12.740  4.50E-01  6.00E-01  IN115(N,G)IN116M        
  5  2.606E-13    1.20  2.315E-13  -11.17  2.495E-13   -4.28   15.645  1.20E+01  1.40E+01  AU197(N,2N)AU196        
  6  1.501E-14    1.20  1.390E-14   -7.42  1.497E-14   -0.24    0.065  1.20E+01  1.40E+01  AL27(N,A)NA24           

             % STD. DEV.  =         15.90              17.05

                              CHECK INPUT, IT IS RATHER UNLIKELY !
                                   *** BEWARE OF OUTPUT ! ***


  DIFFERENTIAL FLUXES (input is normalized by a factor of 9.2797E-01)
                  —————— DIFFERENTIAL FLUX —————   ———— STD. DEV. % ————   INTEGRAL
 GRP    ENERGY        NEW         OLD      RATIO    NEW     OLD    RATIO   FLUX > E     ± %
  15  2.8000E-06  4.8886E+04  4.7343E+04   1.033  199.92  199.93   1.000  3.2940E+11    1.34
  16  4.2500E-06  3.3793E+04  3.2726E+04   1.033  199.92  199.93   1.000  3.2940E+11    1.34
  17  6.3000E-06  2.3821E+04  2.3069E+04   1.033  199.92  199.93   1.000  3.2940E+11    1.34
  18  9.2000E-06  1.6357E+04  1.5840E+04   1.033  199.92  199.93   1.000  3.2940E+11    1.34
  19  1.3500E-05  9.6895E+03  9.3836E+03   1.033  199.92  199.93   1.000  3.2940E+11    1.34
  20  2.1000E-05  8.4624E+03  8.1953E+03   1.033  199.92  199.93   1.000  3.2940E+11    1.34
  21  3.0000E-05  5.3564E+03  5.1873E+03   1.033  199.92  199.93   1.000  3.2940E+11    1.34
  22  4.5000E-05  3.5207E+03  3.4095E+03   1.033  199.92  199.93   1.000  3.2940E+11    1.34
  23  6.9000E-05  2.8550E+03  2.7649E+03   1.033  199.92  199.93   1.000  3.2940E+11    1.34
  24  1.0000E-04  2.6182E+03  2.5356E+03   1.033  199.92  199.93   1.000  3.2940E+11    1.34
  25  1.3500E-04  2.6751E+03  2.5907E+03   1.033  199.92  199.93   1.000  3.2940E+11    1.34
  26  1.7000E-04  1.8747E+03  1.8155E+03   1.033  199.92  199.93   1.000  3.2940E+11    1.34
  27  2.2000E-04  1.5447E+03  1.4960E+03   1.033  199.92  199.93   1.000  3.2940E+11    1.34
  28  2.8000E-04  1.1272E+03  1.0917E+03   1.033  199.92  199.93   1.000  3.2940E+11    1.34
  29  3.6000E-04  9.6358E+02  9.3316E+02   1.033  199.92  199.93   1.000  3.2940E+11    1.34
  30  4.5000E-04  6.6550E+02  6.4449E+02   1.033  199.92  199.93   1.000  3.2940E+11    1.34
  31  5.7500E-04  4.3211E+02  4.1847E+02   1.033  199.92  199.93   1.000  3.2940E+11    1.34
  32  7.6000E-04  3.8812E+02  3.7586E+02   1.033  199.92  199.93   1.000  3.2940E+11    1.34
  33  9.6000E-04  2.4231E+02  2.3466E+02   1.033  199.92  199.93   1.000  3.2940E+11    1.34
  34  1.2750E-03  2.3417E+02  2.2677E+02   1.033  199.92  199.93   1.000  3.2940E+11    1.34
  35  1.6000E-03  3.7509E+02  3.6325E+02   1.033   99.98  100.00   1.000  3.2940E+11    1.34
  36  2.0000E-03  2.3944E+02  2.3189E+02   1.033   99.98  100.00   1.000  3.2940E+11    1.34
  37  2.7000E-03  2.7453E+02  2.6588E+02   1.033   99.98  100.00   1.000  3.2940E+11    1.34
  38  3.4000E-03  2.0288E+02  1.9648E+02   1.033   99.98  100.00   1.000  3.2940E+11    1.34
  39  4.5000E-03  4.7056E+04  4.5576E+04   1.032   99.98  100.00   1.000  3.2940E+11    1.34
  40  5.5000E-03  3.0903E+04  2.9933E+04   1.032   99.98  100.00   1.000  3.2940E+11    1.34
  41  7.2000E-03  1.6392E+05  1.5879E+05   1.032   99.98  100.00   1.000  3.2940E+11    1.34
  42  9.2000E-03  6.1000E+04  5.9101E+04   1.032   99.98  100.00   1.000  3.2940E+11    1.34
  43  1.2000E-02  9.8503E+04  9.5460E+04   1.032   99.98  100.00   1.000  3.2940E+11    1.34
  44  1.5000E-02  3.0704E+05  2.9764E+05   1.032   99.98  100.00   1.000  3.2940E+11    1.34
  45  1.9000E-02  5.2346E+05  5.0764E+05   1.031   99.96  100.00   1.000  3.2940E+11    1.34
  46  2.5500E-02  4.1609E+05  4.0371E+05   1.031   99.94  100.00   0.999  3.2940E+11    1.34
  47  3.2000E-02  2.2925E+04  2.2255E+04   1.030   99.88  100.00   0.999  3.2940E+11    1.34
  48  4.0000E-02  2.5494E+04  2.4762E+04   1.030   99.77  100.00   0.998  3.2940E+11    1.34
  49  5.2500E-02  1.4152E+04  1.3752E+04   1.029   99.57  100.00   0.996  3.2940E+11    1.34
  50  6.6000E-02  2.4683E+03  2.3993E+03   1.029   99.20  100.00   0.992  3.2940E+11    1.34
  51  8.8000E-02  4.8376E+02  4.7018E+02   1.029   98.56  100.00   0.986  3.2940E+11    1.34
  52  1.1000E-01  2.0598E+02  2.0008E+02   1.029   97.52  100.00   0.975  3.2940E+11    1.34
  53  1.3500E-01  2.1428E+01  2.0787E+01   1.031   95.91  100.00   0.959  3.2940E+11    1.34
  54  1.6000E-01  4.6173E+01  4.4694E+01   1.033   93.51  100.00   0.935  3.2940E+11    1.34
  55  1.9000E-01  1.3707E+02  1.3226E+02   1.036   90.10  100.00   0.901  3.2940E+11    1.34
  56  2.2000E-01  1.3259E+03  1.2741E+03   1.041   85.46  100.00   0.855  3.2940E+11    1.34
  57  2.5500E-01  2.7568E+04  2.6357E+04   1.046   79.41  100.00   0.794  3.2940E+11    1.34
  58  2.9000E-01  3.8224E+05  3.6336E+05   1.052   71.80  100.00   0.718  3.2940E+11    1.34
  59  3.2000E-01  1.7155E+07  1.6210E+07   1.058   62.59  100.00   0.626  3.2940E+11    1.34
  60  3.6000E-01  1.1899E+09  1.1177E+09   1.065   51.83  100.00   0.518  3.2940E+11    1.34
  61  4.0000E-01  2.1784E+10  2.0354E+10   1.070   39.68  100.00   0.397  3.2935E+11    1.34
  62  4.5000E-01  2.9696E+11  2.7631E+11   1.075   26.42  100.00   0.264  3.2826E+11    1.42
  63  5.0000E-01  9.6651E+11  8.9688E+11   1.078   12.45  100.00   0.124  3.1341E+11    2.47
  64  5.5000E-01  1.5211E+12  1.4101E+12   1.079    3.17  100.00   0.032  2.6509E+11    4.98
  65  6.0000E-01  9.3296E+11  8.6568E+11   1.078   16.76  100.00   0.168  1.8903E+11    6.01
  66  6.6000E-01  9.6962E+10  9.0246E+10   1.074   30.58  100.00   0.306  1.3306E+11    1.83
  67  7.2000E-01  5.9448E+09  5.5582E+09   1.070   43.55  100.00   0.435  1.2724E+11    1.21
  68  7.8000E-01  9.3165E+07  8.7594E+07   1.064   55.30  100.00   0.553  1.2688E+11    1.21
  69  8.4000E-01  1.5842E+06  1.4996E+06   1.056   65.61  100.00   0.656  1.2688E+11    1.21
  70  9.2000E-01  1.1775E+04  1.1231E+04   1.048   74.33  100.00   0.743  1.2688E+11    1.21
  71  1.0000E+00  2.0100E+01  1.9332E+01   1.040   81.46  100.00   0.815  1.2688E+11    1.21
  72  1.2000E+00  4.7175E-02  4.5791E-02   1.030   87.06  100.00   0.871  1.2688E+11    1.21
  73  1.4000E+00  8.8890E-05  8.7201E-05   1.019   91.30  100.00   0.913  1.2688E+11    1.21
  74  1.6000E+00  9.4900E-08  9.4300E-08   1.006   94.36  100.00   0.944  1.2688E+11    1.21
  75  1.8000E+00  1.4976E-10  1.5128E-10   0.990   96.48  100.00   0.965  1.2688E+11    1.21
  76  2.0000E+00  6.0835E-14  6.2792E-14   0.969   97.85  100.00   0.979  1.2688E+11    1.21
  77  2.3000E+00  5.0635E-18  5.3794E-18   0.941   98.66  100.00   0.987  1.2688E+11    1.21
  78  2.6000E+00  7.9393E-23  8.7646E-23   0.906   99.01  100.00   0.990  1.2688E+11    1.21
  79  2.9000E+00  3.7671E-29  4.3733E-29   0.861   98.95  100.00   0.990  1.2688E+11    1.21
  80  3.3000E+00  1.1957E-36  1.4807E-36   0.808   98.46  100.00   0.985  1.2688E+11    1.21
  81  3.7000E+00  1.5240E-45  2.0455E-45   0.745   97.43  100.00   0.974  1.2688E+11    1.21
  82  4.1000E+00  5.5503E-56  8.2102E-56   0.676   95.69  100.00   0.957  1.2688E+11    1.21
  83  4.5000E+00  5.4527E-67  9.0232E-67   0.604   93.01  100.00   0.930  1.2688E+11    1.21
  84  5.0000E+00  3.0905E-79  5.7719E-79   0.535   89.18  100.00   0.892  1.2688E+11    1.21
  85  5.5000E+00  2.3927E-90  5.0218E-90   0.476   83.99  100.00   0.840  1.2688E+11    1.21
  86  6.0000E+00  1.9105E-98  4.3877E-98   0.435   77.29  100.00   0.773  1.2688E+11    1.21
  87  6.7000E+00  5.0483-100  1.2009E-99   0.420   69.06  100.00   0.691  1.2688E+11    1.21
  88  7.4000E+00  7.9268E-94  1.8078E-93   0.438   59.41  100.00   0.594  1.2688E+11    1.21
  89  8.2000E+00  1.5160E-79  3.0645E-79   0.495   48.57  100.00   0.486  1.2688E+11    1.21
  90  9.0000E+00  1.4829E-58  2.5096E-58   0.591   36.88  100.00   0.369  1.2688E+11    1.21
  91  1.0000E+01  6.3538E-35  8.7646E-35   0.725   24.75  100.00   0.248  1.2688E+11    1.21
  92  1.1000E+01  1.5705E-11  1.7634E-11   0.891   12.63  100.00   0.126  1.2688E+11    1.21
  93  1.2000E+01  8.0011E+10  7.4221E+10   1.078    2.17  100.00   0.022  1.2688E+11    1.21
  94  1.3000E+01  4.4006E+08  4.1642E+08   1.057    1.61   10.44   0.154  4.6865E+10    1.74
  95  1.4000E+01  4.2505E+10  3.9507E+10   1.076    1.71   10.44   0.164  4.6425E+10    1.75
  96  1.5000E+01  3.9198E+09  3.5859E+09   1.093    2.36   10.44   0.226  3.9198E+09    2.36
      1.6000E+01

  INTEGRALS OF SPECTRA
    OLD SPECTRUM   3.0565E+11   ±   65.978 %
    NEW SPECTRUM   3.2940E+11   ±    1.338 %

  SUMMARY OF BROAD-GROUP FLUXES, FLUENCES, AND UNCERTAINTIES

    IRRAD TIME [S] = 1.00000000E+00   ACT NORM =  1.00000000E+00

       ENERGY       FLUX       FLUENCE      STDEV %
      thermal    0.0000E+00  0.0000E+00  ±   0.00     (0.100 meV – 0.550  eV)
     epithermal  8.9894E+03  8.9894E+03  ±  97.08     (0.550  eV – 110.0 keV)
        fast     3.2940E+11  3.2940E+11  ±   1.34     (110.0 keV –  20.0 MeV)
        fast     1.2688E+11  1.2688E+11  ±   1.21     (  1.0 MeV –  20.0 MeV)
        high     0.0000E+00  0.0000E+00  ±   0.00     ( 20.0 MeV –  60.0 MeV)

    MINI-SPECTRUM

       ENERGY       FLUX       FLUENCE      STDEV %
     1.0000E-10  0.0000E+00  0.0000E+00  ±   0.00
     5.5000E-07  6.8176E-01  6.8176E-01  ± 185.43
     1.0000E-04  8.9887E+03  8.9887E+03  ±  97.09
     1.1000E-01  1.5985E+10  1.5985E+10  ±  27.37
     5.0000E-01  1.8654E+11  1.8654E+11  ±   4.04
     1.0000E+00  4.0295E+00  4.0295E+00  ±  81.47
     2.0000E+00  1.8252E-14  1.8252E-14  ±  97.85
     5.0000E+00  1.4829E-58  1.4829E-58  ±  36.88
     1.0000E+01  1.2688E+11  1.2688E+11  ±   1.21
     2.0000E+01  0.0000E+00  0.0000E+00  ±   0.00
     6.0000E+01

       TOTAL     3.2940E+11  3.2940E+11  ±   1.34

    RELATIVE COVARIANCES (10×10)
        0     0     0     0     0     0     0     0     0     0
     1000     2     0     0     0     1     7     0     0
     1000    65   -54    -6     0    13     1     0
     1000  -909  -591  -233     6    41     0
     1000   591   243   -14    28     0
     1000   777    28   -21     0
     1000   161    -8     0
     1000    82     0
     1000     0
        0

  SPECTRAL-AVERAGED REACTION RATES (for all cross section library reactions)

        REACTIONS        SIG-PHI      <SIG>          REACTIONS        SIG-PHI      <SIG>          REACTIONS        SIG-PHI      <SIG>  
   ------------------  ----------  ----------   ------------------  ----------  ----------   ------------------  ----------  ----------
   LI6(N,A)T           7.1540E-14  2.1718E-25   FE58(N,G)FE59       8.8342E-16  2.6819E-27   IN115(N,N')IN115M   1.4188E-14  4.3072E-26
   B10(N,A)LI7         1.3266E-13  4.0274E-25   CO59(N,2N)CO58      6.6091E-14  2.0064E-25   IN115(N,2N)IN114M   1.5068E-13  4.5744E-25
   F19(N,2N)F18        2.9412E-15  8.9289E-27   CO59(N,3N)CO57      0.0000E+00  0.0000E+00   IN115(N,G)IN116M    3.2609E-14  9.8997E-26
   NA23(N,2N)NA22      1.5960E-15  4.8452E-27   CO59(N,G)CO60       1.5334E-15  4.6551E-27   I127(N,2N)I126      1.7011E-13  5.1644E-25
   NA23(N,G)NA24       9.1169E-17  2.7678E-28   CO59(N,P)FE59       6.6648E-15  2.0233E-26   LA139(N,G)LA140     1.4705E-15  4.4642E-27
   MG24(N,P)NA24       2.3160E-14  7.0310E-26   CO59(N,A)MN56       3.5841E-15  1.0881E-26   PR141(N,2N)PR140    1.8638E-13  5.6583E-25
   AL27(N,P)MG27       1.0949E-14  3.3240E-26   NI58(N,2N)NI57      1.6224E-15  4.9252E-27   TM169(N,2N)TM168    2.4292E-13  7.3745E-25
   AL27(N,A)NA24       1.4975E-14  4.5461E-26   NI58(N,P)CO58       5.6008E-14  1.7003E-25   TM169(N,3N)TM167    4.8520E-17  1.4730E-28
   SI28(N,P)AL28       3.3330E-14  1.0118E-25   NI60(N,P)CO60       1.8847E-14  5.7218E-26   TA181(N,G)TA182     2.4738E-14  7.5101E-26
   P31(N,P)SI31        1.3239E-14  4.0190E-26   CU63(N,2N)CU62      3.6770E-14  1.1163E-25   W186(N,G)W187       9.6829E-15  2.9396E-26
   S32(N,P)P32         3.7645E-14  1.1429E-25   CU63(N,G)CU64       3.2710E-15  9.9301E-27   AU197(N,2N)AU196    2.4946E-13  7.5731E-25
   TI46(N,2N)TI45      1.7494E-15  5.3109E-27   CU63(N,A)CO60       5.7112E-15  1.7338E-26   AU197(N,G)AU198     2.4040E-14  7.2980E-26
   TI46(N,P)SC46       3.4943E-14  1.0608E-25   CU65(N,2N)CU64      9.0474E-14  2.7467E-25   HG199(N,N')HG199M   2.6469E-14  8.0354E-26
   TI47(N,P)SC47       1.7398E-14  5.2817E-26   ZN64(N,P)CU64       2.6239E-14  7.9659E-26   PB204(N,N')PB204M   1.2875E-14  3.9087E-26
   TI47(N,X)SC46       3.1328E-15  9.5107E-27   ZN67(N,P)CU67       3.8732E-15  1.1758E-26   BI209(N,3N)BI207    1.4966E-16  4.5434E-28
   TI48(N,P)SC48       7.3128E-15  2.2201E-26   AS75(N,2N)AS74      9.4955E-14  2.8827E-25   TH232(N,FISSION)    4.2502E-14  1.2903E-25
   TI48(N,X)SC47       5.6794E-16  1.7242E-27   Y89(N,2N)Y88        6.6064E-14  2.0056E-25   TH232(N,G)TH233     3.2786E-14  9.9533E-26
   TI49(N,X)SC48       3.2572E-16  9.8885E-28   ZR90(N,2N)ZR89      4.1262E-14  1.2526E-25   U235(N,FISSION)     4.7029E-13  1.4277E-24
   V51(N,A)SC48        1.6194E-15  4.9163E-27   NB93(N,G)NB94       1.0524E-14  3.1950E-26   U235(N,G)U236       3.0370E-14  9.2199E-26
   CR52(N,2N)CR51      1.8547E-14  5.6306E-26   NB93(N,N')NB93M     9.6757E-15  2.9374E-26   U238(N,2N)U237      1.5286E-13  4.6404E-25
   MN55(N,2N)MN54      6.7755E-14  2.0569E-25   NB93(N,2N)NB92M     5.5106E-14  1.6729E-25   U238(N,FISSION)     1.3554E-13  4.1148E-25
   MN55(N,G)MN56       8.7569E-16  2.6585E-27   MO92(N,P)NB92M      1.1677E-14  3.5450E-26   U238(N,G)U239       2.2704E-14  6.8927E-26
   FE54(N,2N)FE53      3.2946E-16  1.0002E-27   RH103(N,N')RH103M   9.5145E-14  2.8884E-25   NP237(N,FISSION)    4.1377E-13  1.2561E-24
   FE54(N,P)MN54       5.0304E-14  1.5272E-25   AG109(N,G)AG110M    3.4643E-15  1.0517E-26   PU239(N,FISSION)    6.1766E-13  1.8751E-24
   FE54(N,A)CR51       1.0214E-14  3.1007E-26   IN113(N,N')IN113M   1.1068E-14  3.3600E-26   AM241(N,FISSION)    3.5796E-13  1.0867E-24
   FE56(N,P)MN56       1.3861E-14  4.2079E-26   IN113(N,G)IN114M    4.4188E-14  1.3415E-25   SC45(N,G)SC46       1.6179E-15  4.9117E-27

  INPUT FLUX REL. CORRELATION MATRIX (by row from diagonal)
   1   1000  1000  1000  1000  1000  1000  1000  1000  1000  1000  1000  1000  1000  1000    15    15    15    15    15    15
         15    15    15    15    15    15    15    15    15    15    15    15    15    15    30    30    30    30    30    30
         30    30    30    30    30    30    30    30    30    30    30    30    30    30    30    30    30    30    30    30
         30    30    30    30    30    30    30    30    30    30    30    30    30    30    30    30    30    30    30    30
         30    30    30    30    30    30    30    30    30    30    30    30    30   287   287   287  1000  1000  1000  1000
       1000  1000  1000  1000  1000  1000  1000  1000  1000  1000  1000  1000  1000  1000  1000  1000  1000  1000  1000  1000
       1000  1000  1000  1000  1000  1000  1000  1000  1000  1000  1000  1000  1000  1000  1000  1000  1000  1000  1000  1000

  OUTPUT FLUX REL. CORRELATION MATRIX (by row from diagonal)
   1   1000  1000  1000  1000  1000  1000  1000  1000  1000  1000  1000  1000  1000  1000    12    12    12    12    12    12
         12    12    12    12    12    12    12    12    12    12    12    12    12    12    24    24    24    24    24    24
         24    24    24    24    24    24    23    23    22    21    20    18    17    15    13    11     9     7     4     2
          0    -1    -2    10    10    12    13    15    17    19    21    24    28    32    38    46    57    70    88   109
        134   164   197   235   275   318   363   408   453   495   529   532  -203   875   397    12  1000  1000  1000  1000
       1000  1000  1000  1000  1000  1000  1000  1000  1000  1000  1000  1000  1000  1000  1000  1000  1000  1000  1000  1000
       1000  1000  1000  1000  1000  1000  1000  1000  1000  1000  1000  1000  1000  1000  1000  1000  1000  1000  1000  1000
   2   1000  1000  1000  1000  1000  1000  1000  1000  1000  1000  1000  1000  1000    12    12    12    12    12    12    12
         12    12    12    12    12    12    12    12    12    12    12    12    12    24    24    24    24    24    24    24
         24    24    24    24    24    23    23    22    21    20    18    17    15    13    11     9     7     4     2     0
         -1    -2    10    10    12    13    15    17    19    21    24    28    32    38    46    57    70    88   109   134
        164   197   235   275   318   363   408   453   495   529   532  -203   875   397    12  1000  1000  1000  1000  1000
       1000  1000  1000  1000  1000  1000  1000  1000  1000  1000  1000  1000  1000  1000  1000  1000  1000  1000  1000  1000
       1000  1000  1000  1000  1000  1000  1000  1000  1000  1000  1000  1000  1000  1000  1000  1000  1000  1000  1000
   3   1000  1000  1000  1000  1000  1000  1000  1000  1000  1000  1000  1000    12    12    12    12    12    12    12    12
         12    12    12    12    12    12    12    12    12    12    12    12    24    24    24    24    24    24    24    24
         24    24    24    24    23    23    22    21    20    18    17    15    13    11     9     7     4     2     0    -1
         -2    10    10    12    13    15    17    19    21    24    28    32    38    46    57    70    88   109   134   164
        197   235   275   318   363   408   453   495   529   532  -203   875   397    12  1000  1000  1000  1000  1000  1000
       1000  1000  1000  1000  1000  1000  1000  1000  1000  1000  1000  1000  1000  1000  1000  1000  1000  1000  1000  1000
       1000  1000  1000  1000  1000  1000  1000  1000  1000  1000  1000  1000  1000  1000  1000  1000  1000  1000
   4   1000  1000  1000  1000  1000  1000  1000  1000  1000  1000  1000    12    12    12    12    12    12    12    12    12
         12    12    12    12    12    12    12    12    12    12    12    24    24    24    24    24    24    24    24    24
         24    24    24    23    23    22    21    20    18    17    15    13    11     9     7     4     2     0    -1    -2
         10    10    12    13    15    17    19    21    24    28    32    38    46    57    70    88   109   134   164   197
        235   275   318   363   408   453   495   529   532  -203   875   397    12  1000  1000  1000  1000  1000  1000  1000
       1000  1000  1000  1000  1000  1000  1000  1000  1000  1000  1000  1000  1000  1000  1000  1000  1000  1000  1000  1000
       1000  1000  1000  1000  1000  1000  1000  1000  1000  1000  1000  1000  1000  1000  1000  1000  1000
   5   1000  1000  1000  1000  1000  1000  1000  1000  1000  1000    12    12    12    12    12    12    12    12    12    12
         12    12    12    12    12    12    12    12    12    12    24    24    24    24    24    24    24    24    24    24
         24    24    23    23    22    21    20    18    17    15    13    11     9     7     4     2     0    -1    -2    10
         10    12    13    15    17    19    21    24    28    32    38    46    57    70    88   109   134   164   197   235
        275   318   363   408   453   495   529   532  -203   875   397    12  1000  1000  1000  1000  1000  1000  1000  1000
       1000  1000  1000  1000  1000  1000  1000  1000  1000  1000  1000  1000  1000  1000  1000  1000  1000  1000  1000  1000
       1000  1000  1000  1000  1000  1000  1000  1000  1000  1000  1000  1000  1000  1000  1000  1000
   6   1000  1000  1000  1000  1000  1000  1000  1000  1000    12    12    12    12    12    12    12    12    12    12    12
         12    12    12    12    12    12    12    12    12    24    24    24    24    24    24    24    24    24    24    24
         24    23    23    22    21    20    18    17    15    13    11     9     7     4     2     0    -1    -2    10    10
         12    13    15    17    19    21    24    28    32    38    46    57    70    88   109   134   164   197   235   275
        318   363   408   453   495   529   532  -203   875   397    12  1000  1000  1000  1000  1000  1000  1000  1000  1000
       1000  1000  1000  1000  1000  1000  1000  1000  1000  1000  1000  1000  1000  1000  1000  1000  1000  1000  1000  1000
       1000  1000  1000  1000  1000  1000  1000  1000  1000  1000  1000  1000  1000  1000  1000
   7   1000  1000  1000  1000  1000  1000  1000  1000    12    12    12    12    12    12    12    12    12    12    12    12
         12    12    12    12    12    12    12    12    24    24    24    24    24    24    24    24    24    24    24    24
         23    23    22    21    20    18    17    15    13    11     9     7     4     2     0    -1    -2    10    10    12
         13    15    17    19    21    24    28    32    38    46    57    70    88   109   134   164   197   235   275   318
        363   408   453   495   529   532  -203   875   397    12  1000  1000  1000  1000  1000  1000  1000  1000  1000  1000
       1000  1000  1000  1000  1000  1000  1000  1000  1000  1000  1000  1000  1000  1000  1000  1000  1000  1000  1000  1000
       1000  1000  1000  1000  1000  1000  1000  1000  1000  1000  1000  1000  1000  1000
   8   1000  1000  1000  1000  1000  1000  1000    12    12    12    12    12    12    12    12    12    12    12    12    12
         12    12    12    12    12    12    12    24    24    24    24    24    24    24    24    24    24    24    24    23
         23    22    21    20    18    17    15    13    11     9     7     4     2     0    -1    -2    10    10    12    13
         15    17    19    21    24    28    32    38    46    57    70    88   109   134   164   197   235   275   318   363
        408   453   495   529   532  -203   875   397    12  1000  1000  1000  1000  1000  1000  1000  1000  1000  1000  1000
       1000  1000  1000  1000  1000  1000  1000  1000  1000  1000  1000  1000  1000  1000  1000  1000  1000  1000  1000  1000
       1000  1000  1000  1000  1000  1000  1000  1000  1000  1000  1000  1000  1000
   9   1000  1000  1000  1000  1000  1000    12    12    12    12    12    12    12    12    12    12    12    12    12    12
         12    12    12    12    12    12    24    24    24    24    24    24    24    24    24    24    24    24    23    23
         22    21    20    18    17    15    13    11     9     7     4     2     0    -1    -2    10    10    12    13    15
         17    19    21    24    28    32    38    46    57    70    88   109   134   164   197   235   275   318   363   408
        453   495   529   532  -203   875   397    12  1000  1000  1000  1000  1000  1000  1000  1000  1000  1000  1000  1000
       1000  1000  1000  1000  1000  1000  1000  1000  1000  1000  1000  1000  1000  1000  1000  1000  1000  1000  1000  1000
       1000  1000  1000  1000  1000  1000  1000  1000  1000  1000  1000  1000
  10   1000  1000  1000  1000  1000    12    12    12    12    12    12    12    12    12    12    12    12    12    12    12
         12    12    12    12    12    24    24    24    24    24    24    24    24    24    24    24    24    23    23    22
         21    20    18    17    15    13    11     9     7     4     2     0    -1    -2    10    10    12    13    15    17
         19    21    24    28    32    38    46    57    70    88   109   134   164   197   235   275   318   363   408   453
        495   529   532  -203   875   397    12  1000  1000  1000  1000  1000  1000  1000  1000  1000  1000  1000  1000  1000
       1000  1000  1000  1000  1000  1000  1000  1000  1000  1000  1000  1000  1000  1000  1000  1000  1000  1000  1000  1000
       1000  1000  1000  1000  1000  1000  1000  1000  1000  1000  1000
  11   1000  1000  1000  1000    12    12    12    12    12    12    12    12    12    12    12    12    12    12    12    12
         12    12    12    12    24    24    24    24    24    24    24    24    24    24    24    24    23    23    22    21
         20    18    17    15    13    11     9     7     4     2     0    -1    -2    10    10    12    13    15    17    19
         21    24    28    32    38    46    57    70    88   109   134   164   197   235   275   318   363   408   453   495
        529   532  -203   875   397    12  1000  1000  1000  1000  1000  1000  1000  1000  1000  1000  1000  1000  1000  1000
       1000  1000  1000  1000  1000  1000  1000  1000  1000  1000  1000  1000  1000  1000  1000  1000  1000  1000  1000  1000
       1000  1000  1000  1000  1000  1000  1000  1000  1000  1000
  12   1000  1000  1000    12    12    12    12    12    12    12    12    12    12    12    12    12    12    12    12    12
         12    12    12    24    24    24    24    24    24    24    24    24    24    24    24    23    23    22    21    20
         18    17    15    13    11     9     7     4     2     0    -1    -2    10    10    12    13    15    17    19    21
         24    28    32    38    46    57    70    88   109   134   164   197   235   275   318   363   408   453   495   529
        532  -203   875   397    12  1000  1000  1000  1000  1000  1000  1000  1000  1000  1000  1000  1000  1000  1000  1000
       1000  1000  1000  1000  1000  1000  1000  1000  1000  1000  1000  1000  1000  1000  1000  1000  1000  1000  1000  1000
       1000  1000  1000  1000  1000  1000  1000  1000  1000
  13   1000  1000    12    12    12    12    12    12    12    12    12    12    12    12    12    12    12    12    12    12
         12    12    24    24    24    24    24    24    24    24    24    24    24    24    23    23    22    21    20    18
         17    15    13    11     9     7     4     2     0    -1    -2    10    10    12    13    15    17    19    21    24
         28    32    38    46    57    70    88   109   134   164   197   235   275   318   363   408   453   495   529   532
       -203   875   397    12  1000  1000  1000  1000  1000  1000  1000  1000  1000  1000  1000  1000  1000  1000  1000  1000
       1000  1000  1000  1000  1000  1000  1000  1000  1000  1000  1000  1000  1000  1000  1000  1000  1000  1000  1000  1000
       1000  1000  1000  1000  1000  1000  1000  1000
  14   1000    12    12    12    12    12    12    12    12    12    12    12    12    12    12    12    12    12    12    12
         12    24    24    24    24    24    24    24    24    24    24    24    24    23    23    22    21    20    18    17
         15    13    11     9     7     4     2     0    -1    -2    10    10    12    13    15    17    19    21    24    28
         32    38    46    57    70    88   109   134   164   197   235   275   318   363   408   453   495   529   532  -203
        875   397    12  1000  1000  1000  1000  1000  1000  1000  1000  1000  1000  1000  1000  1000  1000  1000  1000  1000
       1000  1000  1000  1000  1000  1000  1000  1000  1000  1000  1000  1000  1000  1000  1000  1000  1000  1000  1000  1000
       1000  1000  1000  1000  1000  1000  1000
  15   1000   988   952   895   821   734   641   546   454   368   291   225   169   124    89    62    43    28    18    12
          7     5     3     2     1     1     1     0     0     0     0     0     0     0     0     0     0     0     0     0
          0     0     0     0     0     0     0     0     0     0     0     0     0     0     0     0     0     0     0     0
          0     1     1     1     1     1     2     2     2     3     3     4     4     5     6     6     6     7    -1    11
          5     0    12    12    12    12    12    12    12    12    12    12    12    12    12    12    12    12    12    12
         12    12    12    12    12    12    12    12    12    12    12    12    12    12    12    12    12    12    12    12
         12    12    12    12    12    12
  16   1000   988   952   895   821   734   641   546   454   368   291   225   169   124    89    62    43    28    18    12
          7     5     3     2     1     1     1     0     0     0     0     0     0     0     0     0     0     0     0     0
          0     0     0     0     0     0     0     0     0     0     0     0     0     0     0     0     0     0     0     0
          1     1     1     1     1     2     2     2     3     3     4     4     5     6     6     6     7    -1    11     5
          0    12    12    12    12    12    12    12    12    12    12    12    12    12    12    12    12    12    12    12
         12    12    12    12    12    12    12    12    12    12    12    12    12    12    12    12    12    12    12    12
         12    12    12    12    12
  17   1000   988   952   895   821   734   641   546   454   368   291   225   169   124    89    62    43    28    19    12
          7     5     3     2     1     1     1     0     0     0     0     0     0     0     0     0     0     0     0     0
          0     0     0     0     0     0     0     0     0     0     0     0     0     0     0     0     0     0     0     1
          1     1     1     1     2     2     2     3     3     4     4     5     6     6     6     7    -1    11     5     0
         12    12    12    12    12    12    12    12    12    12    12    12    12    12    12    12    12    12    12    12
         12    12    12    12    12    12    12    12    12    12    12    12    12    12    12    12    12    12    12    12
         12    12    12    12
  18   1000   988   952   895   821   734   641   546   454   368   291   225   169   124    89    62    43    29    19    12
          7     5     3     2     1     1     1     0     0     0     0     0     0     0     0     0     0     0     0     0
          0     0     0     0     0     0     0     0     0     0     0     0     0     0     0     0     0     0     1     1
          1     1     1     2     2     2     3     3     4     4     5     6     6     6     7    -1    11     5     0    12
         12    12    12    12    12    12    12    12    12    12    12    12    12    12    12    12    12    12    12    12
         12    12    12    12    12    12    12    12    12    12    12    12    12    12    12    12    12    12    12    12
         12    12    12
  19   1000   988   952   895   821   734   641   546   454   368   291   225   169   124    89    62    43    29    19    12
          7     5     3     2     1     1     1     0     0     0     0     0     0     0     0     0     0     0     0     0
          0     0     0     0     0     0     0     0     0     0     0     0     0     0     0     0     0     1     1     1
          1     1     2     2     2     3     3     4     4     5     6     6     6     7    -1    11     5     0    12    12
         12    12    12    12    12    12    12    12    12    12    12    12    12    12    12    12    12    12    12    12
         12    12    12    12    12    12    12    12    12    12    12    12    12    12    12    12    12    12    12    12
         12    12
  20   1000   988   952   895   821   734   641   546   454   368   291   225   169   124    89    62    43    29    19    12
          7     5     3     2     1     1     1     0     0     0     0     0     0     0     0     0     0     0     0     0
          0     0     0     0     0     0     0     0     0     0     0     0     0     0     0     0     1     1     1     1
          1     2     2     2     3     3     4     4     5     6     6     6     7    -1    11     5     0    12    12    12
         12    12    12    12    12    12    12    12    12    12    12    12    12    12    12    12    12    12    12    12
         12    12    12    12    12    12    12    12    12    12    12    12    12    12    12    12    12    12    12    12
         12
  21   1000   988   952   895   821   734   641   546   454   368   291   225   169   124    89    62    43    29    19    12
          7     5     3     2     1     1     1     0     0     0     0     0     0     0     0     0     0     0     0     0
          0     0     0     0     0     0     0     0     0     0     0     0     0     0     0     1     1     1     1     1
          2     2     2     3     3     4     4     5     6     6     6     7    -1    11     5     0    12    12    12    12
         12    12    12    12    12    12    12    12    12    12    12    12    12    12    12    12    12    12    12    12
         12    12    12    12    12    12    12    12    12    12    12    12    12    12    12    12    12    12    12    12
  22   1000   988   952   895   821   734   641   546   454   368   291   225   169   124    89    62    43    29    19    12
          7     5     3     2     1     1     1     0     0     0     0     0     0     0     0     0     0     0     0     0
          0     0     0     0     0     0     0     0     0     0     0     0     0     0     1     1     1     1     1     2
          2     2     3     3     4     4     5     6     6     6     7    -1    11     5     0    12    12    12    12    12
         12    12    12    12    12    12    12    12    12    12    12    12    12    12    12    12    12    12    12    12
         12    12    12    12    12    12    12    12    12    12    12    12    12    12    12    12    12    12    12
  23   1000   988   952   895   821   734   641   546   454   368   291   225   169   124    89    62    43    29    19    12
          7     5     3     2     1     1     1     0     0     0     0     0     0     0     0     0     0     0     0     0
          0     0     0     0     0     0     0     0     0     0     0     0     0     1     1     1     1     1     2     2
          2     3     3     4     4     5     6     6     6     7    -1    11     5     0    12    12    12    12    12    12
         12    12    12    12    12    12    12    12    12    12    12    12    12    12    12    12    12    12    12    12
         12    12    12    12    12    12    12    12    12    12    12    12    12    12    12    12    12    12
  24   1000   988   952   895   821   734   641   546   454   368   291   225   169   124    89    62    43    29    19    12
          7     5     3     2     1     1     0     0     0     0     0     0     0     0     0     0     0     0     0     0
          0     0     0     0     0     0     0     0     0     0     0     0     1     1     1     1     1     2     2     2
          3     3     4     4     5     6     6     6     7    -1    11     5     0    12    12    12    12    12    12    12
         12    12    12    12    12    12    12    12    12    12    12    12    12    12    12    12    12    12    12    12
         12    12    12    12    12    12    12    12    12    12    12    12    12    12    12    12    12
  25   1000   988   952   895   821   734   641   546   454   368   291   225   169   124    89    62    43    29    19    12
          7     5     3     2     1     1     0     0     0     0     0     0     0     0     0     0     0     0     0     0
          0     0     0     0     0     0     0     0     0     0     0     1     1     1     1     1     2     2     2     3
          3     4     4     5     6     6     6     7    -1    11     5     0    12    12    12    12    12    12    12    12
         12    12    12    12    12    12    12    12    12    12    12    12    12    12    12    12    12    12    12    12
         12    12    12    12    12    12    12    12    12    12    12    12    12    12    12    12
  26   1000   988   952   895   821   734   641   546   454   368   291   225   169   124    89    62    43    29    19    12
          7     5     3     2     1     1     0     0     0     0     0     0     0     0     0     0     0     0     0     0
          0     0     0     0     0     0     0     0     0     0     1     1     1     1     1     2     2     2     3     3
          4     4     5     6     6     6     7    -1    11     5     0    12    12    12    12    12    12    12    12    12
         12    12    12    12    12    12    12    12    12    12    12    12    12    12    12    12    12    12    12    12
         12    12    12    12    12    12    12    12    12    12    12    12    12    12    12
  27   1000   988   952   895   821   734   641   546   454   368   291   225   169   124    89    62    43    29    19    12
          7     5     3     2     1     1     0     0     0     0     0     0     0     0     0     0     0     0     0     0
          0     0     0     0     0     0     0     0     0     1     1     1     1     1     2     2     2     3     3     4
          4     5     6     6     6     7    -1    11     5     0    12    12    12    12    12    12    12    12    12    12
         12    12    12    12    12    12    12    12    12    12    12    12    12    12    12    12    12    12    12    12
         12    12    12    12    12    12    12    12    12    12    12    12    12    12
  28   1000   988   952   895   821   734   641   546   454   368   291   225   169   124    89    62    43    29    19    12
          7     5     3     2     1     1     0     0     0     0     0     0     0     0     0     0     0     0     0     0
          0     0     0     0     0     0     0     0     1     1     1     1     1     2     2     2     3     3     4     4
          5     6     6     6     7    -1    11     5     0    12    12    12    12    12    12    12    12    12    12    12
         12    12    12    12    12    12    12    12    12    12    12    12    12    12    12    12    12    12    12    12
         12    12    12    12    12    12    12    12    12    12    12    12    12
  29   1000   988   952   895   821   734   641   546   454   368   291   225   169   124    89    62    43    29    19    12
          7     5     3     2     1     1     0     0     0     0     0     0     0     0     0     0     0     0     0     0
          0     0     0     0     0     0     0     1     1     1     1     1     2     2     2     3     3     4     4     5
          6     6     6     7    -1    11     5     0    12    12    12    12    12    12    12    12    12    12    12    12
         12    12    12    12    12    12    12    12    12    12    12    12    12    12    12    12    12    12    12    12
         12    12    12    12    12    12    12    12    12    12    12    12
  30   1000   988   952   895   821   734   641   546   454   368   291   225   169   124    89    62    43    29    19    12
          7     5     3     2     1     1     0     0     0     0     0     0     0     0     0     0     0     0     0     0
          0     0     0     0     0     0     1     1     1     1     1     2     2     2     3     3     4     4     5     6
          6     6     7    -1    11     5     0    12    12    12    12    12    12    12    12    12    12    12    12    12
         12    12    12    12    12    12    12    12    12    12    12    12    12    12    12    12    12    12    12    12
         12    12    12    12    12    12    12    12    12    12    12
  31   1000   988   952   895   821   734   641   546   454   368   291   225   169   124    89    62    43    29    19    12
          8     5     3     2     1     1     0     0     0     0     0     0     0     0     0     0     0     0     0     0
          0     0     0     0     0     1     1     1     1     1     2     2     2     3     3     4     4     5     6     6
          6     7    -1    11     5     0    12    12    12    12    12    12    12    12    12    12    12    12    12    12
         12    12    12    12    12    12    12    12    12    12    12    12    12    12    12    12    12    12    12    12
         12    12    12    12    12    12    12    12    12    12
  32   1000   988   952   895   821   734   641   546   454   368   291   225   169   124    89    63    43    29    19    12
          8     5     3     2     1     1     0     0     0     0     0     0     0     0     0     0     0     0     0     0
          0     0     0     0     1     1     1     1     1     2     2     2     3     3     4     4     5     6     6     6
          7    -1    11     5     0    12    12    12    12    12    12    12    12    12    12    12    12    12    12    12
         12    12    12    12    12    12    12    12    12    12    12    12    12    12    12    12    12    12    12    12
         12    12    12    12    12    12    12    12    12
  33   1000   988   952   895   821   734   641   546   454   368   291   225   169   124    89    63    43    29    19    12
          8     5     3     2     1     1     0     0     0     0     0     0     0     0     0     0     0     0     0     0
          0     0     0     1     1     1     1     1     2     2     2     3     3     4     4     5     6     6     6     7
         -1    11     5     0    12    12    12    12    12    12    12    12    12    12    12    12    12    12    12    12
         12    12    12    12    12    12    12    12    12    12    12    12    12    12    12    12    12    12    12    12
         12    12    12    12    12    12    12    12
  34   1000   988   952   895   821   734   641   546   454   368   291   225   169   124    89    63    43    29    19    12
          8     5     3     2     1     1     0     0     0     0     0     0     0     0     0     0     0     0     0     0
          0     0     1     1     1     1     1     2     2     2     3     3     4     4     5     6     6     6     7    -1
         11     5     0    12    12    12    12    12    12    12    12    12    12    12    12    12    12    12    12    12
         12    12    12    12    12    12    12    12    12    12    12    12    12    12    12    12    12    12    12    12
         12    12    12    12    12    12    12
  35   1000   988   952   895   821   735   641   546   454   368   291   225   170   125    90    63    43    29    19    13
          8     5     3     2     1     1     1     0     0     0     0     0     0     0     0     0     1     1     1     1
          1     1     1     2     2     3     3     4     5     6     7     8     9    10    11    12    13    13    -4    21
         10     0    24    24    24    24    24    24    24    24    24    24    24    24    24    24    24    24    24    24
         24    24    24    24    24    24    24    24    24    24    24    24    24    24    24    24    24    24    24    24
         24    24    24    24    24    24
  36   1000   988   952   895   821   735   641   546   454   368   291   225   170   125    90    63    44    30    20    13
          9     6     4     2     1     1     1     0    -1     0     0     0     0     0     0     1     1     1     1     1
          1     1     2     2     3     3     4     5     6     7     8     9    10    11    12    13    13    -4    21    10
          0    24    24    24    24    24    24    24    24    24    24    24    24    24    24    24    24    24    24    24
         24    24    24    24    24    24    24    24    24    24    24    24    24    24    24    24    24    24    24    24
         24    24    24    24    24
  37   1000   988   952   895   821   735   641   546   454   368   292   225   170   126    91    64    45    30    21    14
          9     6     4     3     2     1     0     0     0     0     0     0     0     0     0     1     1     1     1     1
          1     2     2     3     3     4     5     6     7     8     9    10    11    12    13    13    -4    21    10     0
         24    24    24    24    24    24    24    24    24    24    24    24    24    24    24    24    24    24    24    24
         24    24    24    24    24    24    24    24    24    24    24    24    24    24    24    24    24    24    24    24
         24    24    24    24
  38   1000   988   952   895   821   735   641   546   454   369   292   226   171   126    91    65    45    31    21    14
         10     6     4     3     2     1    -1     0     0     0     0     0     0     0     1     1     1     1     1     1
          2     2     3     3     4     5     6     7     8     9    10    11    12    13    13    -4    21    10     0    24
         24    24    24    24    24    24    24    24    24    24    24    24    24    24    24    24    24    24    24    24
         24    24    24    24    24    24    24    24    24    24    24    24    24    24    24    24    24    24    24    24
         24    24    24
  39   1000   988   952   895   821   735   641   547   455   369   292   227   172   127    93    66    47    33    23    16
         11     7     5     3     1    -3    -1     0     0     0     0     0     0     0     1     1     1     1     1     2
          2     3     3     4     5     6     7     8     9    10    11    12    13    13    -4    21    10     0    24    24
         24    24    24    24    24    24    24    24    24    24    24    24    24    24    24    24    24    24    24    24
         24    24    24    24    24    24    24    24    24    24    24    24    24    24    24    24    24    24    24    24
         24    24
  40   1000   988   952   895   821   735   642   547   455   370   293   228   173   129    95    69    49    35    24    17
         12     8     5     3    -6    -2    -1     0     0     0     0     0     0     1     1     1     1     1     2     2
          3     3     4     5     6     7     8     9    10    11    12    13    13    -4    21    10     0    24    24    24
         24    24    24    24    24    24    24    24    24    24    24    24    24    24    24    24    24    24    24    24
         24    24    24    24    24    24    24    24    24    24    24    24    24    24    24    24    24    24    24    24
         24
  41   1000   988   952   895   821   735   642   547   456   371   295   230   176   132    98    71    52    37    26    19
         13     9     5   -11    -4    -2    -1     0     0     0     0     0     0     1     1     1     1     2     2     3
          3     4     5     6     7     8     9    10    11    12    13    13    -4    21    10     0    24    24    24    24
         24    24    24    24    24    24    24    24    24    24    24    24    24    24    24    24    24    24    24    24
         24    24    24    24    24    24    24    24    24    24    24    24    24    24    24    24    24    24    24    24
  42   1000   988   952   895   821   735   642   548   457   373   298   233   179   136   102    75    55    40    29    21
         14     8   -18    -7    -5    -3    -2    -1     0     0     0     0     0     1     1     1     2     2     3     3
          4     5     6     7     8     9    10    11    12    13    13    -4    21    10     0    24    24    24    24    24
         24    24    24    24    24    24    24    24    24    24    24    24    24    24    24    24    24    24    24    24
         24    24    24    24    24    24    24    24    24    24    24    24    24    24    24    24    24    24    24
  43   1000   988   952   895   821   736   643   550   459   376   301   237   184   141   107    80    59    44    32    22
         13   -29   -13    -8    -6    -4    -2    -1     0     0     0     0     1     1     1     2     2     3     3     4
          5     6     7     8     9    10    11    12    13    13    -3    21     9     0    24    24    24    24    24    24
         24    24    24    24    24    24    24    24    24    24    24    24    24    24    24    24    24    24    24    24
         24    24    24    24    24    24    24    24    24    24    24    24    24    24    24    24    24    24
  44   1000   988   952   895   822   737   645   552   463   380   307   244   191   148   113    86    65    48    34    20
        -45   -21   -14   -10    -7    -5    -3    -2    -1     0     0     0     1     1     2     2     3     3     4     5
          6     7     8     9    10    11    12    13    13    -3    21     9     0    24    24    24    24    24    24    24
         24    24    24    24    24    24    24    24    24    24    24    24    24    24    24    24    24    24    24    24
         24    24    24    24    24    24    24    24    24    24    24    24    24    24    24    24    24
  45   1000   988   952   896   823   738   647   556   468   386   314   252   199   156   121    93    70    51    31   -67
        -32   -22   -16   -12    -8    -6    -4    -2    -1     0     0     0     1     1     2     3     3     4     5     6
          7     8     9    10    11    12    13    13    -3    21     9     0    24    24    24    24    24    24    24    24
         24    24    24    24    24    24    24    24    24    24    24    24    24    24    24    24    24    24    24    24
         24    24    24    24    24    24    24    24    24    24    24    24    24    24    24    24
  46   1000   988   952   896   824   740   651   561   475   395   324   262   209   166   130   100    74    47   -97   -49
        -34   -25   -19   -14   -10    -7    -4    -3    -1     0     0     1     1     2     3     3     4     5     6     7
          8     9    10    11    12    13    13    -2    20     9     0    24    24    24    24    24    24    24    24    24
         24    24    24    24    24    24    24    24    24    24    24    24    24    24    24    24    24    24    24    24
         24    24    24    24    24    24    24    24    24    24    24    24    24    24    24
  47   1000   988   953   897   826   744   656   568   484   405   335   274   221   176   138   105    68  -135   -71   -51
        -38   -29   -22   -16   -11    -8    -5    -3    -1     0     0     1     2     2     3     4     5     6     7     8
          9    10    11    12    13    14    -1    20     8     0    23    23    23    23    23    23    23    23    23    23
         23    23    23    23    23    23    23    23    23    23    23    23    23    23    23    23    23    23    23    23
         23    23    23    23    23    23    23    23    23    23    23    23    23    23
  48   1000   988   953   899   829   749   663   577   495   418   349   287   234   187   145    97  -183  -100   -74   -56
        -43   -33   -25   -18   -13    -9    -6    -3    -1     0     0     1     2     3     4     5     6     7     8     9
         10    11    12    13    14     0    19     8     0    23    23    23    23    23    23    23    23    23    23    23
         23    23    23    23    23    23    23    23    23    23    23    23    23    23    23    23    23    23    23    23
         23    23    23    23    23    23    23    23    23    23    23    23    23
  49   1000   988   954   901   833   755   672   588   508   432   363   301   246   194   133  -242  -138  -104   -80   -62
        -48   -36   -27   -20   -14   -10    -6    -3    -1     0     1     2     3     4     5     6     7     8     9    10
         11    12    13    14     1    19     7    -1    22    22    22    22    22    22    22    22    22    22    22    22
         22    22    22    22    22    22    22    22    22    22    22    22    22    22    22    22    22    22    22    22
         22    22    22    22    22    22    22    22    22    22    22    22
  50   1000   988   955   903   837   762   682   601   522   447   378   314   253   179  -309  -185  -141  -111   -87   -68
        -52   -40   -30   -22   -15   -10    -6    -3    -1     0     1     2     3     5     6     7     8     9    10    11
         12    14    14     3    18     6    -1    21    21    21    21    21    21    21    21    21    21    21    21    21
         21    21    21    21    21    21    21    21    21    21    21    21    21    21    21    21    21    21    21    21
         21    21    21    21    21    21    21    21    21    21    21
  51   1000   989   957   907   843   770   693   614   536   462   391   321   234  -384  -240  -186  -149  -118   -94   -73
        -56   -43   -32   -23   -16   -10    -6    -3    -1     0     2     3     4     5     7     8     9    10    11    13
         14    15     5    16     5    -2    20    20    20    20    20    20    20    20    20    20    20    20    20    20
         20    20    20    20    20    20    20    20    20    20    20    20    20    20    20    20    20    20    20    20
         20    20    20    20    20    20    20    20    20    20
  52   1000   989   958   910   849   779   704   627   550   474   396   297  -463  -304  -240  -194  -157  -125   -99   -77
        -59   -45   -33   -23   -16   -10    -6    -2     0     1     3     4     5     6     8     9    10    11    13    14
         15     8    15     4    -3    18    18    18    18    18    18    18    18    18    18    18    18    18    18    18
         18    18    18    18    18    18    18    18    18    18    18    18    18    18    18    18    18    18    18    18
         18    18    18    18    18    18    18    18    18
  53   1000   990   960   914   856   788   715   639   560   478   368  -544  -375  -302  -247  -202  -164  -131  -104   -80
        -61   -45   -33   -23   -15    -9    -5    -2     0     2     3     5     6     7     9    10    11    13    14    15
         10    13     2    -4    17    17    17    17    17    17    17    17    17    17    17    17    17    17    17    17
         17    17    17    17    17    17    17    17    17    17    17    17    17    17    17    17    17    17    17    17
         17    17    17    17    17    17    17    17
  54   1000   990   962   918   862   796   724   647   562   445  -623  -452  -370  -308  -255  -209  -169  -135  -106   -82
        -61   -45   -32   -22   -14    -8    -4    -1     1     3     4     6     7     8    10    11    12    14    16    14
         12     1    -5    15    15    15    15    15    15    15    15    15    15    15    15    15    15    15    15    15
         15    15    15    15    15    15    15    15    15    15    15    15    15    15    15    15    15    15    15    15
         15    15    15    15    15    15    15
  55   1000   991   963   921   867   802   729   646   525  -694  -532  -444  -374  -314  -261  -214  -173  -137  -107   -81
        -61   -44   -31   -20   -13    -7    -3     0     2     4     5     7     8    10    11    12    14    16    17    10
          0    -6    13    13    13    13    13    13    13    13    13    13    13    13    13    13    13    13    13    13
         13    13    13    13    13    13    13    13    13    13    13    13    13    13    13    13    13    13    13    13
         13    13    13    13    13    13
  56   1000   991   965   924   871   805   726   606  -755  -612  -520  -445  -379  -319  -264  -216  -174  -137  -105   -79
        -58   -41   -28   -18   -11    -6    -1     0     3     5     6     8     9    11    12    14    16    20     8    -1
         -7    11    11    11    11    11    11    11    11    11    11    11    11    11    11    11    11    11    11    11
         11    11    11    11    11    11    11    11    11    11    11    11    11    11    11    11    11    11    11    11
         11    11    11    11    11
  57   1000   991   966   926   872   801   686  -802  -691  -598  -520  -448  -382  -321  -265  -216  -172  -134  -102   -76
        -55   -38   -25   -16    -9    -4     0     2     4     6     7     9    10    12    13    16    24     5    -3    -8
          9     9     9     9     9     9     9     9     9     9     9     9     9     9     9     9     9     9     9     9
          9     9     9     9     9     9     9     9     9     9     9     9     9     9     9     9     9     9     9     9
          9     9     9     9
  58   1000   992   967   926   866   761  -833  -765  -675  -596  -521  -450  -383  -320  -264  -213  -168  -129   -97   -71
        -50   -34   -22   -13    -7    -2     0     3     5     6     8    10    11    13    16    27     3    -4    -9     7
          7     7     7     7     7     7     7     7     7     7     7     7     7     7     7     7     7     7     7     7
          7     7     7     7     7     7     7     7     7     7     7     7     7     7     7     7     7     7     7     7
          7     7     7
  59   1000   992   966   921   831  -846  -832  -749  -672  -596  -522  -450  -381  -317  -259  -207  -162  -123   -91   -66
        -46   -30   -19   -11    -5    -1     1     4     5     7     9    10    12    16    30     1    -6    -9     4     4
          4     4     4     4     4     4     4     4     4     4     4     4     4     4     4     4     4     4     4     4
          4     4     4     4     4     4     4     4     4     4     4     4     4     4     4     4     4     4     4     4
          4     4
  60   1000   991   962   891  -839  -891  -818  -745  -671  -596  -521  -447  -377  -312  -252  -200  -154  -116   -84   -60
        -41   -27   -16    -9    -4     0     2     4     6     8     9    11    15    33     0    -7    -9     2     2     2
          2     2     2     2     2     2     2     2     2     2     2     2     2     2     2     2     2     2     2     2
          2     2     2     2     2     2     2     2     2     2     2     2     2     2     2     2     2     2     2     2
          2
  61   1000   990   941  -811  -938  -880  -815  -746  -672  -596  -519  -444  -372  -305  -245  -191  -146  -108   -78   -54
        -36   -23   -14    -7    -2     0     3     5     6     8    10    14    36    -1    -7    -9     0     0     0     0
          0     0     0     0     0     0     0     0     0     0     0     0     0     0     0     0     0     0     0     0
          0     0     0     0     0     0     0     0     0     0     0     0     0     0     0     0     0     0     0     0
  62   1000   979  -755  -971  -933  -881  -820  -751  -677  -599  -521  -443  -369  -300  -238  -184  -139  -101   -72   -50
        -33   -21   -12    -6    -2     0     3     4     6     8    13    40    -2    -7    -8    -1    -1    -1    -1    -1
         -1    -1    -1    -1    -1    -1    -1    -1    -1    -1    -1    -1    -1    -1    -1    -1    -1    -1    -1    -1
         -1    -1    -1    -1    -1    -1    -1    -1    -1    -1    -1    -1    -1    -1    -1    -1    -1    -1    -1
  63   1000  -628  -978  -972  -943  -899  -842  -776  -702  -623  -541  -460  -382  -309  -244  -187  -140  -102   -73   -50
        -34   -22   -14    -8    -4    -1     0     2     3     9    47     0    -1    -2    -2    -2    -2    -2    -2    -2
         -2    -2    -2    -2    -2    -2    -2    -2    -2    -2    -2    -2    -2    -2    -2    -2    -2    -2    -2    -2
         -2    -2    -2    -2    -2    -2    -2    -2    -2    -2    -2    -2    -2    -2    -2    -2    -2    -2
  64   1000   728   611   515   424   339   261   190   128    77    36     6   -14   -27   -33   -34   -33   -30   -27   -24
        -22   -20   -20   -20   -21   -22   -22   -21   -30    20    38    55    53    10    10    10    10    10    10    10
         10    10    10    10    10    10    10    10    10    10    10    10    10    10    10    10    10    10    10    10
         10    10    10    10    10    10    10    10    10    10    10    10    10    10    10    10    10
  65   1000   985   953   908   851   784   710   630   548   467   388   314   248   191   143   104    74    51    34    21
         12     6     1    -1    -4    -6    -8    -9   -27    17    24    22    10    10    10    10    10    10    10    10
         10    10    10    10    10    10    10    10    10    10    10    10    10    10    10    10    10    10    10    10
         10    10    10    10    10    10    10    10    10    10    10    10    10    10    10    10
  66   1000   990   964   924   870   804   730   649   564   479   397   321   253   194   145   106    75    52    35    22
         14     7     2     0    -3    -6   -10   -31    15    20    18    12    12    12    12    12    12    12    12    12
         12    12    12    12    12    12    12    12    12    12    12    12    12    12    12    12    12    12    12    12
         12    12    12    12    12    12    12    12    12    12    12    12    12    12    12
  67   1000   991   967   926   872   806   729   646   559   472   388   312   244   186   139   101    72    50    34    22
         14     8     3     0    -2    -7   -31    17    19    16    13    13    13    13    13    13    13    13    13    13
         13    13    13    13    13    13    13    13    13    13    13    13    13    13    13    13    13    13    13    13
         13    13    13    13    13    13    13    13    13    13    13    13    13    13
  68   1000   992   967   926   870   801   722   636   547   459   375   299   233   177   132    96    69    48    34    23
         15     9     4     1    -3   -31    17    18    14    15    15    15    15    15    15    15    15    15    15    15
         15    15    15    15    15    15    15    15    15    15    15    15    15    15    15    15    15    15    15    15
         15    15    15    15    15    15    15    15    15    15    15    15    15
  69   1000   991   966   924   866   794   712   624   533   444   361   287   222   169   126    93    67    48    34    24
         16    10     5     0   -29    18    17    13    17    17    17    17    17    17    17    17    17    17    17    17
         17    17    17    17    17    17    17    17    17    17    17    17    17    17    17    17    17    17    17    17
         17    17    17    17    17    17    17    17    17    17    17    17
  70   1000   991   965   920   860   786   701   611   519   431   349   276   215   164   123    91    67    49    36    26
         18    12     5   -28    18    16    12    19    19    19    19    19    19    19    19    19    19    19    19    19
         19    19    19    19    19    19    19    19    19    19    19    19    19    19    19    19    19    19    19    19
         19    19    19    19    19    19    19    19    19    19    19
  71   1000   991   963   917   854   777   691   599   507   419   339   269   210   161   123    92    69    52    38    28
         20    12   -25    19    14    10    21    21    21    21    21    21    21    21    21    21    21    21    21    21
         21    21    21    21    21    21    21    21    21    21    21    21    21    21    21    21    21    21    21    21
         21    21    21    21    21    21    21    21    21    21
  72   1000   990   961   913   848   769   681   588   497   411   333   266   209   162   125    96    73    56    42    31
         21   -22    19    12     8    24    24    24    24    24    24    24    24    24    24    24    24    24    24    24
         24    24    24    24    24    24    24    24    24    24    24    24    24    24    24    24    24    24    24    24
         24    24    24    24    24    24    24    24    24
  73   1000   990   959   909   842   762   673   581   491   407   332   266   212   167   131   102    79    61    46    33
        -19    18    10     5    28    28    28    28    28    28    28    28    28    28    28    28    28    28    28    28
         28    28    28    28    28    28    28    28    28    28    28    28    28    28    28    28    28    28    28    28
         28    28    28    28    28    28    28    28
  74   1000   989   958   906   838   756   668   577   489   407   335   272   218   174   139   110    86    67    49   -14
         18     6     2    32    32    32    32    32    32    32    32    32    32    32    32    32    32    32    32    32
         32    32    32    32    32    32    32    32    32    32    32    32    32    32    32    32    32    32    32    32
         32    32    32    32    32    32    32
  75   1000   989   957   904   835   754   666   577   492   413   342   281   229   185   149   119    94    71   -10    17
          1     0    38    38    38    38    38    38    38    38    38    38    38    38    38    38    38    38    38    38
         38    38    38    38    38    38    38    38    38    38    38    38    38    38    38    38    38    38    38    38
         38    38    38    38    38    38
  76   1000   989   956   903   834   754   668   582   499   422   354   294   242   198   161   128    99    -4    16    -4
         -6    46    46    46    46    46    46    46    46    46    46    46    46    46    46    46    46    46    46    46
         46    46    46    46    46    46    46    46    46    46    46    46    46    46    46    46    46    46    46    46
         46    46    46    46    46
  77   1000   989   955   903   835   757   674   590   510   436   369   310   257   212   172   134     1    15   -12   -12
         57    57    57    57    57    57    57    57    57    57    57    57    57    57    57    57    57    57    57    57
         57    57    57    57    57    57    57    57    57    57    57    57    57    57    57    57    57    57    57    57
         57    57    57    57
  78   1000   989   956   904   838   763   683   602   525   453   386   327   273   224   178     9    14   -23   -21    70
         70    70    70    70    70    70    70    70    70    70    70    70    70    70    70    70    70    70    70    70
         70    70    70    70    70    70    70    70    70    70    70    70    70    70    70    70    70    70    70    70
         70    70    70
  79   1000   989   957   907   843   771   694   617   542   471   404   343   286   231    18    13   -36   -33    88    88
         88    88    88    88    88    88    88    88    88    88    88    88    88    88    88    88    88    88    88    88
         88    88    88    88    88    88    88    88    88    88    88    88    88    88    88    88    88    88    88    88
         88    88
  80   1000   989   958   910   850   781   707   633   559   488   420   356   291    29    13   -53   -48   109   109   109
        109   109   109   109   109   109   109   109   109   109   109   109   109   109   109   109   109   109   109   109
        109   109   109   109   109   109   109   109   109   109   109   109   109   109   109   109   109   109   109   109
        109
  81   1000   990   960   914   857   791   721   648   575   503   431   358    42    13   -72   -67   134   134   134   134
        134   134   134   134   134   134   134   134   134   134   134   134   134   134   134   134   134   134   134   134
        134   134   134   134   134   134   134   134   134   134   134   134   134   134   134   134   134   134   134   134
  82   1000   990   962   919   864   801   733   661   587   511   431    56    14   -94   -91   164   164   164   164   164
        164   164   164   164   164   164   164   164   164   164   164   164   164   164   164   164   164   164   164   164
        164   164   164   164   164   164   164   164   164   164   164   164   164   164   164   164   164   164   164
  83   1000   991   964   923   871   810   742   669   592   507    72    18  -120  -119   197   197   197   197   197   197
        197   197   197   197   197   197   197   197   197   197   197   197   197   197   197   197   197   197   197   197
        197   197   197   197   197   197   197   197   197   197   197   197   197   197   197   197   197   197
  84   1000   991   966   927   876   816   747   671   584    90    23  -147  -152   235   235   235   235   235   235   235
        235   235   235   235   235   235   235   235   235   235   235   235   235   235   235   235   235   235   235   235
        235   235   235   235   235   235   235   235   235   235   235   235   235   235   235   235   235
  85   1000   992   968   930   879   818   747   660   109    30  -177  -190   275   275   275   275   275   275   275   275
        275   275   275   275   275   275   275   275   275   275   275   275   275   275   275   275   275   275   275   275
        275   275   275   275   275   275   275   275   275   275   275   275   275   275   275   275
  86   1000   992   969   931   880   815   733   131    39  -209  -234   318   318   318   318   318   318   318   318   318
        318   318   318   318   318   318   318   318   318   318   318   318   318   318   318   318   318   318   318   318
        318   318   318   318   318   318   318   318   318   318   318   318   318   318   318
  87   1000   992   969   930   876   801   154    51  -242  -283   363   363   363   363   363   363   363   363   363   363
        363   363   363   363   363   363   363   363   363   363   363   363   363   363   363   363   363   363   363   363
        363   363   363   363   363   363   363   363   363   363   363   363   363   363
  88   1000   992   968   927   862   180    65  -277  -338   408   408   408   408   408   408   408   408   408   408   408
        408   408   408   408   408   408   408   408   408   408   408   408   408   408   408   408   408   408   408   408
        408   408   408   408   408   408   408   408   408   408   408   408   408
  89   1000   992   966   914   208    81  -312  -398   453   453   453   453   453   453   453   453   453   453   453   453
        453   453   453   453   453   453   453   453   453   453   453   453   453   453   453   453   453   453   453   453
        453   453   453   453   453   453   453   453   453   453   453   453
  90   1000   991   957   243    98  -349  -464   495   495   495   495   495   495   495   495   495   495   495   495   495
        495   495   495   495   495   495   495   495   495   495   495   495   495   495   495   495   495   495   495   495
        495   495   495   495   495   495   495   495   495   495   495
  91   1000   986   290   110  -389  -535   529   529   529   529   529   529   529   529   529   529   529   529   529   529
        529   529   529   529   529   529   529   529   529   529   529   529   529   529   529   529   529   529   529   529
        529   529   529   529   529   529   529   529   529   529
  92   1000   385   102  -443  -618   532   532   532   532   532   532   532   532   532   532   532   532   532   532   532
        532   532   532   532   532   532   532   532   532   532   532   532   532   532   532   532   532   532   532   532
        532   532   532   532   532   532   532   532   532
  93   1000  -322  -471  -454  -203  -203  -203  -203  -203  -203  -203  -203  -203  -203  -203  -203  -203  -203  -203  -203
       -203  -203  -203  -203  -203  -203  -203  -203  -203  -203  -203  -203  -203  -203  -203  -203  -203  -203  -203  -203
       -203  -203  -203  -203  -203  -203  -203  -203
  94   1000   777   441   875   875   875   875   875   875   875   875   875   875   875   875   875   875   875   875   875
        875   875   875   875   875   875   875   875   875   875   875   875   875   875   875   875   875   875   875   875
        875   875   875   875   875   875   875
  95   1000   900   397   397   397   397   397   397   397   397   397   397   397   397   397   397   397   397   397   397
        397   397   397   397   397   397   397   397   397   397   397   397   397   397   397   397   397   397   397   397
        397   397   397   397   397   397
  96   1000    12    12    12    12    12    12    12    12    12    12    12    12    12    12    12    12    12    12    12
         12    12    12    12    12    12    12    12    12    12    12    12    12    12    12    12    12    12    12    12
         12    12    12    12    12
  97   1000  1000  1000  1000  1000  1000  1000  1000  1000  1000  1000  1000  1000  1000  1000  1000  1000  1000  1000  1000
       1000  1000  1000  1000  1000  1000  1000  1000  1000  1000  1000  1000  1000  1000  1000  1000  1000  1000  1000  1000
       1000  1000  1000  1000
  98   1000  1000  1000  1000  1000  1000  1000  1000  1000  1000  1000  1000  1000  1000  1000  1000  1000  1000  1000  1000
       1000  1000  1000  1000  1000  1000  1000  1000  1000  1000  1000  1000  1000  1000  1000  1000  1000  1000  1000  1000
       1000  1000  1000
  99   1000  1000  1000  1000  1000  1000  1000  1000  1000  1000  1000  1000  1000  1000  1000  1000  1000  1000  1000  1000
       1000  1000  1000  1000  1000  1000  1000  1000  1000  1000  1000  1000  1000  1000  1000  1000  1000  1000  1000  1000
       1000  1000
 100   1000  1000  1000  1000  1000  1000  1000  1000  1000  1000  1000  1000  1000  1000  1000  1000  1000  1000  1000  1000
       1000  1000  1000  1000  1000  1000  1000  1000  1000  1000  1000  1000  1000  1000  1000  1000  1000  1000  1000  1000
       1000
 101   1000  1000  1000  1000  1000  1000  1000  1000  1000  1000  1000  1000  1000  1000  1000  1000  1000  1000  1000  1000
       1000  1000  1000  1000  1000  1000  1000  1000  1000  1000  1000  1000  1000  1000  1000  1000  1000  1000  1000  1000
 102   1000  1000  1000  1000  1000  1000  1000  1000  1000  1000  1000  1000  1000  1000  1000  1000  1000  1000  1000  1000
       1000  1000  1000  1000  1000  1000  1000  1000  1000  1000  1000  1000  1000  1000  1000  1000  1000  1000  1000
 103   1000  1000  1000  1000  1000  1000  1000  1000  1000  1000  1000  1000  1000  1000  1000  1000  1000  1000  1000  1000
       1000  1000  1000  1000  1000  1000  1000  1000  1000  1000  1000  1000  1000  1000  1000  1000  1000  1000
 104   1000  1000  1000  1000  1000  1000  1000  1000  1000  1000  1000  1000  1000  1000  1000  1000  1000  1000  1000  1000
       1000  1000  1000  1000  1000  1000  1000  1000  1000  1000  1000  1000  1000  1000  1000  1000  1000
 105   1000  1000  1000  1000  1000  1000  1000  1000  1000  1000  1000  1000  1000  1000  1000  1000  1000  1000  1000  1000
       1000  1000  1000  1000  1000  1000  1000  1000  1000  1000  1000  1000  1000  1000  1000  1000
 106   1000  1000  1000  1000  1000  1000  1000  1000  1000  1000  1000  1000  1000  1000  1000  1000  1000  1000  1000  1000
       1000  1000  1000  1000  1000  1000  1000  1000  1000  1000  1000  1000  1000  1000  1000
 107   1000  1000  1000  1000  1000  1000  1000  1000  1000  1000  1000  1000  1000  1000  1000  1000  1000  1000  1000  1000
       1000  1000  1000  1000  1000  1000  1000  1000  1000  1000  1000  1000  1000  1000
 108   1000  1000  1000  1000  1000  1000  1000  1000  1000  1000  1000  1000  1000  1000  1000  1000  1000  1000  1000  1000
       1000  1000  1000  1000  1000  1000  1000  1000  1000  1000  1000  1000  1000
 109   1000  1000  1000  1000  1000  1000  1000  1000  1000  1000  1000  1000  1000  1000  1000  1000  1000  1000  1000  1000
       1000  1000  1000  1000  1000  1000  1000  1000  1000  1000  1000  1000
 110   1000  1000  1000  1000  1000  1000  1000  1000  1000  1000  1000  1000  1000  1000  1000  1000  1000  1000  1000  1000
       1000  1000  1000  1000  1000  1000  1000  1000  1000  1000  1000
 111   1000  1000  1000  1000  1000  1000  1000  1000  1000  1000  1000  1000  1000  1000  1000  1000  1000  1000  1000  1000
       1000  1000  1000  1000  1000  1000  1000  1000  1000  1000
 112   1000  1000  1000  1000  1000  1000  1000  1000  1000  1000  1000  1000  1000  1000  1000  1000  1000  1000  1000  1000
       1000  1000  1000  1000  1000  1000  1000  1000  1000
 113   1000  1000  1000  1000  1000  1000  1000  1000  1000  1000  1000  1000  1000  1000  1000  1000  1000  1000  1000  1000
       1000  1000  1000  1000  1000  1000  1000  1000
 114   1000  1000  1000  1000  1000  1000  1000  1000  1000  1000  1000  1000  1000  1000  1000  1000  1000  1000  1000  1000
       1000  1000  1000  1000  1000  1000  1000
 115   1000  1000  1000  1000  1000  1000  1000  1000  1000  1000  1000  1000  1000  1000  1000  1000  1000  1000  1000  1000
       1000  1000  1000  1000  1000  1000
 116   1000  1000  1000  1000  1000  1000  1000  1000  1000  1000  1000  1000  1000  1000  1000  1000  1000  1000  1000  1000
       1000  1000  1000  1000  1000
 117   1000  1000  1000  1000  1000  1000  1000  1000  1000  1000  1000  1000  1000  1000  1000  1000  1000  1000  1000  1000
       1000  1000  1000  1000
 118   1000  1000  1000  1000  1000  1000  1000  1000  1000  1000  1000  1000  1000  1000  1000  1000  1000  1000  1000  1000
       1000  1000  1000
 119   1000  1000  1000  1000  1000  1000  1000  1000  1000  1000  1000  1000  1000  1000  1000  1000  1000  1000  1000  1000
       1000  1000
 120   1000  1000  1000  1000  1000  1000  1000  1000  1000  1000  1000  1000  1000  1000  1000  1000  1000  1000  1000  1000
       1000
 121   1000  1000  1000  1000  1000  1000  1000  1000  1000  1000  1000  1000  1000  1000  1000  1000  1000  1000  1000  1000
 122   1000  1000  1000  1000  1000  1000  1000  1000  1000  1000  1000  1000  1000  1000  1000  1000  1000  1000  1000
 123   1000  1000  1000  1000  1000  1000  1000  1000  1000  1000  1000  1000  1000  1000  1000  1000  1000  1000
 124   1000  1000  1000  1000  1000  1000  1000  1000  1000  1000  1000  1000  1000  1000  1000  1000  1000
 125   1000  1000  1000  1000  1000  1000  1000  1000  1000  1000  1000  1000  1000  1000  1000  1000
 126   1000  1000  1000  1000  1000  1000  1000  1000  1000  1000  1000  1000  1000  1000  1000
 127   1000  1000  1000  1000  1000  1000  1000  1000  1000  1000  1000  1000  1000  1000
 128   1000  1000  1000  1000  1000  1000  1000  1000  1000  1000  1000  1000  1000
 129   1000  1000  1000  1000  1000  1000  1000  1000  1000  1000  1000  1000
 130   1000  1000  1000  1000  1000  1000  1000  1000  1000  1000  1000
 131   1000  1000  1000  1000  1000  1000  1000  1000  1000  1000
 132   1000  1000  1000  1000  1000  1000  1000  1000  1000
 133   1000  1000  1000  1000  1000  1000  1000  1000
 134   1000  1000  1000  1000  1000  1000  1000
 135   1000  1000  1000  1000  1000  1000
 136   1000  1000  1000  1000  1000
 137   1000  1000  1000  1000
 138   1000  1000  1000
 139   1000  1000
 140   1000

 Finished!
