NIF_RUN Passive 18x snout on TANDM 90-348 Pinhole
  140    6    1    0    1
   0.00500   9.00000   0.03000   0.00100
   0.0000000   0   0 1.00000000E+00   1.0000000
ZR902    4.147E-14 0.011       0.00       0.00        (    )
IN115N   1.039E-14 0.012       0.00       0.00        (    )
AU197G   2.386E-14 0.012       0.00 AUNG  3.94 IFX    (ISTP)
IN115G   3.612E-14 0.028       0.00 INNG 39.37 IFX    (ISTP)
AU1972   2.606E-13 0.012       0.00       0.00        (    )
AL27A    1.501E-14 0.012       0.00       0.00        (    )
Flux Uncertainty
 140
 0.0000E+00 0.0000E+00 0.0000E+00 0.0000E+00 0.0000E+00 0.0000E+00 0.0000E+00
 0.0000E+00 0.0000E+00 0.0000E+00 0.0000E+00 0.0000E+00 0.0000E+00 0.0000E+00
 9.9960E-01 9.9960E-01 9.9960E-01 9.9960E-01 9.9960E-01 9.9960E-01 9.9960E-01
 9.9960E-01 9.9960E-01 9.9960E-01 9.9950E-01 9.9940E-01 9.9940E-01 9.9920E-01
 9.9860E-01 9.9760E-01 9.9570E-01 9.9190E-01 9.8510E-01 9.7340E-01 9.5430E-01
 9.2450E-01 8.8060E-01 8.1930E-01 7.3850E-01 6.3830E-01 3.7000E-01 3.6830E-01
 1.4480E-01 7.7200E-02 3.3100E-02 1.2900E-02 1.1700E-02 3.0400E-02 7.0900E-02
 1.2480E-01 1.8620E-01 2.4910E-01 3.0810E-01 3.5970E-01 4.0190E-01 4.3430E-01
 4.5790E-01 4.7420E-01 4.8480E-01 4.9150E-01 4.9550E-01 4.9780E-01 4.9900E-01
 4.9970E-01 5.0000E-01 5.0020E-01 5.0030E-01 5.0040E-01 5.0040E-01 5.0040E-01
 5.0040E-01 5.0050E-01 5.0050E-01 5.0040E-01 5.0040E-01 5.0020E-01 4.9970E-01
 4.9860E-01 4.9640E-01 4.9240E-01 4.8570E-01 4.7510E-01 4.5920E-01 4.3670E-01
 4.0650E-01 3.6830E-01 3.2250E-01 2.7060E-01 2.1450E-01 1.5700E-01 1.0040E-01
 4.7400E-02 1.0800E-02 9.6000E-03 9.7000E-03 1.3400E-02 0.0000E+00 0.0000E+00
 0.0000E+00 0.0000E+00 0.0000E+00 0.0000E+00 0.0000E+00 0.0000E+00 0.0000E+00
 0.0000E+00 0.0000E+00 0.0000E+00 0.0000E+00 0.0000E+00 0.0000E+00 0.0000E+00
 0.0000E+00 0.0000E+00 0.0000E+00 0.0000E+00 0.0000E+00 0.0000E+00 0.0000E+00
 0.0000E+00 0.0000E+00 0.0000E+00 0.0000E+00 0.0000E+00 0.0000E+00 0.0000E+00
 0.0000E+00 0.0000E+00 0.0000E+00 0.0000E+00 0.0000E+00 0.0000E+00 0.0000E+00
 0.0000E+00 0.0000E+00 0.0000E+00 0.0000E+00 0.0000E+00 0.0000E+00 0.0000E+00
Input Flux Spectrum
 140   1 1.000E+00 2.000E+01 5.000E-08
 0.0000E+00 0.0000E+00 0.0000E+00 0.0000E+00 0.0000E+00 0.0000E+00 0.0000E+00
 0.0000E+00 0.0000E+00 0.0000E+00 0.0000E+00 0.0000E+00 0.0000E+00 0.0000E+00
 8.1125E+01 7.1559E+01 6.7141E+01 6.6895E+01 6.9234E+01 7.3413E+01 7.8051E+01
 1.0164E+02 1.4066E+02 1.5106E+02 1.3678E+02 1.0655E+02 7.2774E+01 4.3942E+01
 2.3962E+01 1.2262E+01 6.2339E+00 3.4110E+00 2.2246E+00 1.9485E+00 2.5925E+00
 5.8268E+00 2.3732E+01 1.2312E+00 4.2035E+03 8.6627E+04 4.0458E+06 8.4731E+07
 6.0978E+07 7.6496E+08 7.7837E+09 1.7618E+10 2.5734E+09 7.2221E+09 5.2437E+09
 1.3876E+09 2.0536E+08 7.6758E+07 3.3545E+06 1.5259E+06 4.7802E+05 3.7097E+05
 3.9984E+05 2.2004E+05 6.5188E+05 1.6556E+06 2.9484E+06 8.0295E+06 1.3046E+07
 2.6286E+07 6.2490E+07 5.3396E+07 5.1458E+07 1.8684E+07 1.1658E+07 3.3601E+06
 1.5651E+06 2.0948E+05 3.0904E+04 2.6118E+03 2.1632E+02 1.1160E+01 2.1892E-01
 6.8565E-03 1.1408E-04 3.1446E-06 8.4608E-08 2.5108E-09 3.4385E-10 5.1270E-11
 2.6247E-11 4.0507E-11 1.1619E-09 4.9056E-07 3.9156E-04 6.2318E-01 1.5445E+03
 9.0190E+06 7.4066E+10 9.9523E+09 4.2456E+10 2.3569E+08 0.0000E+00 0.0000E+00
 0.0000E+00 0.0000E+00 0.0000E+00 0.0000E+00 0.0000E+00 0.0000E+00 0.0000E+00
 0.0000E+00 0.0000E+00 0.0000E+00 0.0000E+00 0.0000E+00 0.0000E+00 0.0000E+00
 0.0000E+00 0.0000E+00 0.0000E+00 0.0000E+00 0.0000E+00 0.0000E+00 0.0000E+00
 0.0000E+00 0.0000E+00 0.0000E+00 0.0000E+00 0.0000E+00 0.0000E+00 0.0000E+00
 0.0000E+00 0.0000E+00 0.0000E+00 0.0000E+00 0.0000E+00 0.0000E+00 0.0000E+00
 0.0000E+00 0.0000E+00 0.0000E+00 0.0000E+00 0.0000E+00 0.0000E+00 0.0000E+00
   10   13   28   11    8    5    8    7   10   40



                         ==============================
                               STAYSL PNNL OUTPUT
                         ==============================

 STAYSL PNNL, version 1.2.0, 2015-08-05


 SCENARIO TITLE: NIF_RUN Passive 18x snout on TANDM 90-348 Pinhole
 -------------------------------------------------------------------------------
  NGROUP =   140    NRXN =     6    ACTIVITY NORM = 1.00000E+00

  COVARIANCE PARAMETERS (FCHN, FCVX, ACVX, FS)
    FLUXES:      WIDTH =  9.0000E+00   LONG RANGE COVAR. =  3.0000E-02
            ACTIVITIES =  5.0000E-03   X-SECT CROSS COR. =  1.0000E-03

    DETERM =   4.0375 × 10^  -1.00      ERROR =  -2.3130E-18

  INPUT NORMALIZATION DATA
    AK1   =     0.00000     VAK        =     0.00090
    NORML =           0     RENORM     = 9.69760E-01
    CHI²  =    62.97982     NORM. CHI² =    12.59596

  DOSIMETRY ACTIVITIES
     ———— INPUTS —————  -UNADJUSTED FLUX-  — ADJUSTED FLUX —    CHI²  90% ACTIVITIES RANGE
 RXN  MEASURED     ±%   ACTIVITY    %DIFF  ACTIVITY    %DIFF  CONTRIB --LOW E-- --HIGH E--   REACTION          CVR
  1  4.147E-14    1.10  4.010E-14   -3.31  4.133E-14   -0.33    0.187  1.20E+01  1.40E+01  ZR90(N,2N)ZR89          
  2  1.039E-14    1.20  1.204E-14   15.86  1.241E-14   19.44    8.202  1.20E+01  1.40E+01  IN115(N,N')IN115M       
  3  2.386E-14    1.20  2.347E-14   -1.63  2.419E-14    1.38   -1.759  1.90E-02  5.25E-02  AU197(N,G)AU198         
  4  3.612E-14    2.80  2.507E-14  -30.60  2.583E-14  -28.48   48.376  1.90E-02  5.25E-02  IN115(N,G)IN116M        
  5  2.606E-13    1.20  2.424E-13   -6.98  2.499E-13   -4.11    9.000  1.20E+01  1.40E+01  AU197(N,2N)AU196        
  6  1.501E-14    1.20  1.461E-14   -2.63  1.507E-14    0.37   -1.026  1.20E+01  1.40E+01  AL27(N,A)NA24           

             % STD. DEV.  =         15.86              15.54

                              CHECK INPUT, IT IS RATHER UNLIKELY !
                                   *** BEWARE OF OUTPUT ! ***


  DIFFERENTIAL FLUXES (input is normalized by a factor of 9.6976E-01)
                  —————— DIFFERENTIAL FLUX —————   ———— STD. DEV. % ————   INTEGRAL
 GRP    ENERGY        NEW         OLD      RATIO    NEW     OLD    RATIO   FLUX > E     ± %
  15  2.8000E-06  5.5777E+07  5.4256E+07   1.028   99.92   99.96   1.000  1.6996E+11    0.84
  16  4.2500E-06  3.4800E+07  3.3851E+07   1.028   99.92   99.96   1.000  1.6996E+11    0.84
  17  6.3000E-06  2.3081E+07  2.2452E+07   1.028   99.92   99.96   1.000  1.6996E+11    0.84
  18  9.2000E-06  1.5509E+07  1.5087E+07   1.028   99.92   99.96   1.000  1.6996E+11    0.84
  19  1.3500E-05  9.2028E+06  8.9520E+06   1.028   99.92   99.96   1.000  1.6996E+11    0.84
  20  2.1000E-05  8.1319E+06  7.9103E+06   1.028   99.92   99.96   1.000  1.6996E+11    0.84
  21  3.0000E-05  5.1873E+06  5.0460E+06   1.028   99.92   99.96   1.000  1.6996E+11    0.84
  22  4.5000E-05  4.2218E+06  4.1069E+06   1.028   99.92   99.96   1.000  1.6996E+11    0.84
  23  6.9000E-05  4.5231E+06  4.4002E+06   1.028   99.92   99.96   1.000  1.6996E+11    0.84
  24  1.0000E-04  4.3022E+06  4.1855E+06   1.028   99.92   99.96   1.000  1.6996E+11    0.84
  25  1.3500E-04  3.8952E+06  3.7898E+06   1.028   99.91   99.95   1.000  1.6996E+11    0.84
  26  1.7000E-04  2.1238E+06  2.0666E+06   1.028   99.90   99.94   1.000  1.6996E+11    0.84
  27  2.2000E-04  1.2087E+06  1.1762E+06   1.028   99.89   99.94   0.999  1.6996E+11    0.84
  28  2.8000E-04  5.4737E+05  5.3266E+05   1.028   99.86   99.92   0.999  1.6996E+11    0.84
  29  3.6000E-04  2.6533E+05  2.5819E+05   1.028   99.77   99.86   0.999  1.6996E+11    0.84
  30  4.5000E-04  9.7778E+04  9.5130E+04   1.028   99.63   99.76   0.999  1.6996E+11    0.84
  31  5.7500E-04  3.3602E+04  3.2678E+04   1.028   99.35   99.57   0.998  1.6996E+11    0.84
  32  7.6000E-04  1.7021E+04  1.6539E+04   1.029   98.80   99.19   0.996  1.6996E+11    0.84
  33  9.6000E-04  7.0572E+03  6.8487E+03   1.030   97.84   98.51   0.993  1.6996E+11    0.84
  34  1.2750E-03  6.0026E+03  5.8141E+03   1.032   96.21   97.34   0.988  1.6996E+11    0.84
  35  1.6000E-03  6.5061E+03  6.2853E+03   1.035   93.57   95.43   0.980  1.6996E+11    0.84
  36  2.0000E-03  8.3834E+03  8.0723E+03   1.039   89.53   92.46   0.968  1.6996E+11    0.84
  37  2.7000E-03  3.4274E+04  3.2878E+04   1.042   83.72   88.07   0.951  1.6996E+11    0.84
  38  3.4000E-03  1.1359E+03  1.0854E+03   1.046   75.84   81.95   0.925  1.6996E+11    0.84
  39  4.5000E-03  4.2802E+06  4.0764E+06   1.050   65.87   73.88   0.892  1.6996E+11    0.84
  40  5.5000E-03  5.1993E+07  4.9416E+07   1.052   54.16   63.87   0.848  1.6996E+11    0.84
  41  7.2000E-03  2.0505E+09  1.9617E+09   1.045   29.33   37.10   0.791  1.6996E+11    0.84
  42  9.2000E-03  3.0765E+10  2.9346E+10   1.048   26.92   36.94   0.729  1.6995E+11    0.84
  43  1.2000E-02  2.0447E+10  1.9711E+10   1.037    9.40   14.78   0.636  1.6986E+11    0.84
  44  1.5000E-02  1.9170E+11  1.8546E+11   1.034    4.33    8.28   0.522  1.6980E+11    0.84
  45  1.9000E-02  1.1970E+12  1.1613E+12   1.031    1.61    4.47   0.360  1.6904E+11    0.84
  46  2.5500E-02  2.7054E+12  2.6285E+12   1.029    1.00    3.27   0.306  1.6126E+11    0.86
  47  3.2000E-02  3.2105E+11  3.1195E+11   1.029    0.99    3.22   0.308  1.4367E+11    0.88
  48  4.0000E-02  5.7753E+11  5.6030E+11   1.031    1.40    4.27   0.328  1.4110E+11    0.89
  49  5.2500E-02  3.8949E+11  3.7668E+11   1.034    3.68    7.70   0.478  1.3388E+11    0.90
  50  6.6000E-02  6.3487E+10  6.1165E+10   1.038    7.56   12.83   0.589  1.2863E+11    0.91
  51  8.8000E-02  9.4303E+09  9.0523E+09   1.042   12.75   18.85   0.676  1.2723E+11    0.92
  52  1.1000E-01  3.1107E+09  2.9775E+09   1.045   18.80   25.08   0.750  1.2702E+11    0.93
  53  1.3500E-01  1.3617E+08  1.3012E+08   1.046   25.12   30.94   0.812  1.2694E+11    0.93
  54  1.6000E-01  5.1641E+07  4.9325E+07   1.047   31.12   36.08   0.863  1.2694E+11    0.93
  55  1.9000E-01  1.6169E+07  1.5452E+07   1.046   36.36   40.28   0.903  1.2694E+11    0.93
  56  2.2000E-01  1.0743E+07  1.0279E+07   1.045   40.60   43.51   0.933  1.2694E+11    0.93
  57  2.5500E-01  1.1562E+07  1.1079E+07   1.044   43.81   45.87   0.955  1.2694E+11    0.93
  58  2.9000E-01  7.4124E+06  7.1129E+06   1.042   46.10   47.49   0.971  1.2694E+11    0.93
  59  3.2000E-01  1.6449E+07  1.5804E+07   1.041   47.63   48.55   0.981  1.2694E+11    0.93
  60  3.6000E-01  4.1738E+07  4.0138E+07   1.040   48.61   49.22   0.988  1.2694E+11    0.93
  61  4.0000E-01  5.9425E+07  5.7185E+07   1.039   49.22   49.62   0.992  1.2694E+11    0.93
  62  4.5000E-01  1.6177E+08  1.5573E+08   1.039   49.57   49.85   0.994  1.2693E+11    0.93
  63  5.0000E-01  2.6278E+08  2.5303E+08   1.039   49.77   49.97   0.996  1.2692E+11    0.93
  64  5.5000E-01  5.2939E+08  5.0982E+08   1.038   49.88   50.04   0.997  1.2691E+11    0.93
  65  6.0000E-01  1.0486E+09  1.0100E+09   1.038   49.94   50.07   0.997  1.2688E+11    0.93
  66  6.6000E-01  8.9583E+08  8.6302E+08   1.038   49.98   50.09   0.998  1.2682E+11    0.92
  67  7.2000E-01  8.6305E+08  8.3170E+08   1.038   50.00   50.10   0.998  1.2677E+11    0.92
  68  7.8000E-01  3.1323E+08  3.0198E+08   1.037   50.01   50.11   0.998  1.2672E+11    0.92
  69  8.4000E-01  1.4650E+08  1.4132E+08   1.037   50.02   50.11   0.998  1.2670E+11    0.92
  70  9.2000E-01  4.2196E+07  4.0731E+07   1.036   50.02   50.11   0.998  1.2669E+11    0.92
  71  1.0000E+00  7.8561E+06  7.5889E+06   1.035   50.02   50.11   0.998  1.2668E+11    0.92
  72  1.2000E+00  1.0507E+06  1.0157E+06   1.034   50.03   50.12   0.998  1.2668E+11    0.92
  73  1.4000E+00  1.5490E+05  1.4985E+05   1.034   50.03   50.12   0.998  1.2668E+11    0.92
  74  1.6000E+00  1.3084E+04  1.2664E+04   1.033   50.02   50.11   0.998  1.2668E+11    0.92
  75  1.8000E+00  1.0833E+03  1.0489E+03   1.033   50.02   50.11   0.998  1.2668E+11    0.92
  76  2.0000E+00  3.7255E+01  3.6075E+01   1.033   49.99   50.09   0.998  1.2668E+11    0.92
  77  2.3000E+00  7.3106E-01  7.0767E-01   1.033   49.93   50.04   0.998  1.2668E+11    0.92
  78  2.6000E+00  2.2916E-02  2.2164E-02   1.034   49.81   49.93   0.998  1.2668E+11    0.92
  79  2.9000E+00  2.8639E-04  2.7658E-04   1.035   49.56   49.71   0.997  1.2668E+11    0.92
  80  3.3000E+00  7.9121E-06  7.6238E-06   1.038   49.13   49.31   0.996  1.2668E+11    0.92
  81  3.7000E+00  2.1355E-07  2.0512E-07   1.041   48.39   48.64   0.995  1.2668E+11    0.92
  82  4.1000E+00  6.3625E-09  6.0872E-09   1.045   47.25   47.58   0.993  1.2668E+11    0.92
  83  4.5000E+00  7.0038E-10  6.6690E-10   1.050   45.53   46.00   0.990  1.2668E+11    0.92
  84  5.0000E+00  1.0497E-10  9.9439E-11   1.056   43.11   43.75   0.985  1.2668E+11    0.92
  85  5.5000E+00  5.4014E-11  5.0907E-11   1.061   39.88   40.74   0.979  1.2668E+11    0.92
  86  6.0000E+00  5.9795E-11  5.6117E-11   1.066   35.83   36.94   0.970  1.2668E+11    0.92
  87  6.7000E+00  1.7196E-09  1.6097E-09   1.068   31.02   32.37   0.958  1.2668E+11    0.92
  88  7.4000E+00  6.3536E-07  5.9466E-07   1.068   25.65   27.21   0.943  1.2668E+11    0.92
  89  8.2000E+00  5.0572E-04  4.7465E-04   1.065   19.95   21.65   0.921  1.2668E+11    0.92
  90  9.0000E+00  6.4017E-01  6.0433E-01   1.059   14.23   15.98   0.891  1.2668E+11    0.92
  91  1.0000E+01  1.5732E+03  1.4978E+03   1.050    8.74   10.47   0.835  1.2668E+11    0.92
  92  1.1000E+01  9.0921E+06  8.7463E+06   1.040    3.77    5.61   0.672  1.2668E+11    0.92
  93  1.2000E+01  7.4049E+10  7.1826E+10   1.031    0.95    3.19   0.297  1.2667E+11    0.92
  94  1.3000E+01  9.9478E+09  9.6513E+09   1.031    0.91    3.15   0.290  5.2622E+10    0.92
  95  1.4000E+01  4.2439E+10  4.1172E+10   1.031    0.93    3.15   0.294  4.2675E+10    0.93
  96  1.5000E+01  2.3580E+08  2.2856E+08   1.032    1.07    3.29   0.325  2.3580E+08    1.07
      1.6000E+01

  INTEGRALS OF SPECTRA
    OLD SPECTRUM   1.6487E+11   ±    3.199 %
    NEW SPECTRUM   1.6996E+11   ±    0.842 %

  SUMMARY OF BROAD-GROUP FLUXES, FLUENCES, AND UNCERTAINTIES

    IRRAD TIME [S] = 1.00000000E+00   ACT NORM =  1.00000000E+00

       ENERGY       FLUX       FLUENCE      STDEV %
      thermal    0.0000E+00  0.0000E+00  ±   0.00     (0.100 meV – 0.550  eV)
     epithermal  4.2934E+10  4.2934E+10  ±   1.34     (0.550  eV – 110.0 keV)
        fast     1.2702E+11  1.2702E+11  ±   0.93     (110.0 keV –  20.0 MeV)
        fast     1.2668E+11  1.2668E+11  ±   0.92     (  1.0 MeV –  20.0 MeV)
        high     0.0000E+00  0.0000E+00  ±   0.00     ( 20.0 MeV –  60.0 MeV)

    MINI-SPECTRUM

       ENERGY       FLUX       FLUENCE      STDEV %
     1.0000E-10  0.0000E+00  0.0000E+00  ±   0.00
     5.5000E-07  7.4740E+02  7.4740E+02  ±  92.00
     1.0000E-04  4.2934E+10  4.2934E+10  ±   1.34
     1.1000E-01  9.7595E+07  9.7595E+07  ±  20.41
     5.0000E-01  2.4195E+08  2.4195E+08  ±  48.59
     1.0000E+00  1.8152E+06  1.8152E+06  ±  49.92
     2.0000E+00  1.1403E+01  1.1403E+01  ±  49.98
     5.0000E+00  6.4057E-01  6.4057E-01  ±  14.23
     1.0000E+01  1.2668E+11  1.2668E+11  ±   0.92
     2.0000E+01  0.0000E+00  0.0000E+00  ±   0.00
     6.0000E+01

       TOTAL     1.6996E+11  1.6996E+11  ±   0.84

    RELATIVE COVARIANCES (10×10)
        0     0     0     0     0     0     0     0     0     0
     1000     2    -2     0     0     0    -5     8     0
     1000   412   -13   -18    -5   -16   238     0
     1000   357   106    21   112   -79     0
     1000   727   305    -2    10     0
     1000   748     5    14     0
     1000    85    20     0
     1000   223     0
     1000     0
        0

  SPECTRAL-AVERAGED REACTION RATES (for all cross section library reactions)

        REACTIONS        SIG-PHI      <SIG>          REACTIONS        SIG-PHI      <SIG>          REACTIONS        SIG-PHI      <SIG>  
   ------------------  ----------  ----------   ------------------  ----------  ----------   ------------------  ----------  ----------
   LI6(N,A)T           4.1048E-14  2.4152E-25   FE58(N,G)FE59       6.6122E-16  3.8905E-27   IN115(N,N')IN115M   1.2410E-14  7.3019E-26
   B10(N,A)LI7         1.4724E-13  8.6634E-25   CO59(N,2N)CO58      6.6530E-14  3.9146E-25   IN115(N,2N)IN114M   1.5102E-13  8.8860E-25
   F19(N,2N)F18        2.9138E-15  1.7145E-26   CO59(N,3N)CO57      0.0000E+00  0.0000E+00   IN115(N,G)IN116M    2.6047E-14  1.5326E-25
   NA23(N,2N)NA22      1.4549E-15  8.5605E-27   CO59(N,G)CO60       1.4590E-15  8.5848E-27   I127(N,2N)I126      1.7017E-13  1.0013E-24
   NA23(N,G)NA24       5.6104E-17  3.3011E-28   CO59(N,P)FE59       6.6796E-15  3.9302E-26   LA139(N,G)LA140     1.8303E-15  1.0769E-26
   MG24(N,P)NA24       2.3343E-14  1.3735E-25   CO59(N,A)MN56       3.6022E-15  2.1195E-26   PR141(N,2N)PR140    1.8660E-13  1.0979E-24
   AL27(N,P)MG27       1.0945E-14  6.4401E-26   NI58(N,2N)NI57      1.5536E-15  9.1412E-27   TM169(N,2N)TM168    2.4287E-13  1.4290E-24
   AL27(N,A)NA24       1.5066E-14  8.8646E-26   NI58(N,P)CO58       5.6022E-14  3.2963E-25   TM169(N,3N)TM167    3.7392E-18  2.2001E-29
   SI28(N,P)AL28       3.3498E-14  1.9710E-25   NI60(N,P)CO60       1.8977E-14  1.1166E-25   TA181(N,G)TA182     2.9632E-14  1.7435E-25
   P31(N,P)SI31        1.3220E-14  7.7786E-26   CU63(N,2N)CU62      3.6852E-14  2.1683E-25   W186(N,G)W187       7.7052E-15  4.5337E-26
   S32(N,P)P32         3.7613E-14  2.2131E-25   CU63(N,G)CU64       3.1072E-15  1.8283E-26   AU197(N,2N)AU196    2.4989E-13  1.4703E-24
   TI46(N,2N)TI45      1.4403E-15  8.4748E-27   CU63(N,A)CO60       5.7460E-15  3.3809E-26   AU197(N,G)AU198     2.4226E-14  1.4254E-25
   TI46(N,P)SC46       3.5016E-14  2.0603E-25   CU65(N,2N)CU64      9.0786E-14  5.3418E-25   HG199(N,N')HG199M   2.4743E-14  1.4559E-25
   TI47(N,P)SC47       1.7438E-14  1.0260E-25   ZN64(N,P)CU64       2.6237E-14  1.5438E-25   PB204(N,N')PB204M   1.2792E-14  7.5268E-26
   TI47(N,X)SC46       2.9647E-15  1.7444E-26   ZN67(N,P)CU67       3.8679E-15  2.2758E-26   BI209(N,3N)BI207    3.2652E-17  1.9212E-28
   TI48(N,P)SC48       7.3474E-15  4.3231E-26   AS75(N,2N)AS74      9.5421E-14  5.6145E-25   TH232(N,FISSION)    4.2182E-14  2.4819E-25
   TI48(N,X)SC47       5.1726E-16  3.0435E-27   Y89(N,2N)Y88        6.6652E-14  3.9217E-25   TH232(N,G)TH233     2.1318E-14  1.2543E-25
   TI49(N,X)SC48       2.9146E-16  1.7149E-27   ZR90(N,2N)ZR89      4.1331E-14  2.4319E-25   U235(N,FISSION)     3.3022E-13  1.9430E-24
   V51(N,A)SC48        1.6156E-15  9.5061E-27   NB93(N,G)NB94       1.1343E-14  6.6739E-26   U235(N,G)U236       2.8589E-14  1.6821E-25
   CR52(N,2N)CR51      1.8155E-14  1.0682E-25   NB93(N,N')NB93M     6.1493E-15  3.6182E-26   U238(N,2N)U237      1.5317E-13  9.0122E-25
   MN55(N,2N)MN54      6.8333E-14  4.0206E-25   NB93(N,2N)NB92M     5.5192E-14  3.2474E-25   U238(N,FISSION)     1.3498E-13  7.9420E-25
   MN55(N,G)MN56       1.2669E-15  7.4542E-27   MO92(N,P)NB92M      1.1625E-14  6.8401E-26   U238(N,G)U239       1.7564E-14  1.0335E-25
   FE54(N,2N)FE53      2.4620E-16  1.4486E-27   RH103(N,N')RH103M   5.0930E-14  2.9967E-25   NP237(N,FISSION)    2.6877E-13  1.5814E-24
   FE54(N,P)MN54       5.0377E-14  2.9641E-25   AG109(N,G)AG110M    2.4598E-15  1.4473E-26   PU239(N,FISSION)    3.6520E-13  2.1488E-24
   FE54(N,A)CR51       1.0226E-14  6.0168E-26   IN113(N,N')IN113M   1.0309E-14  6.0660E-26   AM241(N,FISSION)    3.2407E-13  1.9068E-24
   FE56(N,P)MN56       1.3945E-14  8.2051E-26   IN113(N,G)IN114M    2.9509E-14  1.7363E-25   SC45(N,G)SC46       2.6404E-15  1.5536E-26

  INPUT FLUX REL. CORRELATION MATRIX (by row from diagonal)
   1   1000  1000  1000  1000  1000  1000  1000  1000  1000  1000  1000  1000  1000  1000    30    30    30    30    30    30
         30    30    30    30    30    30    30    30    30    30    30    30    30    31    31    32    34    37    41    47
         81    81   203   362   672   919   932   703   390   234   159   120    97    83    74    69    65    63    62    61
         60    60    60    60    60    60    60    60    60    60    60    60    60    60    60    60    60    60    60    61
         62    63    65    69    74    81    93   110   139   188   286   535   941   952   952   913  1000  1000  1000  1000
       1000  1000  1000  1000  1000  1000  1000  1000  1000  1000  1000  1000  1000  1000  1000  1000  1000  1000  1000  1000
       1000  1000  1000  1000  1000  1000  1000  1000  1000  1000  1000  1000  1000  1000  1000  1000  1000  1000  1000  1000

  OUTPUT FLUX REL. CORRELATION MATRIX (by row from diagonal)
   1   1000  1000  1000  1000  1000  1000  1000  1000  1000  1000  1000  1000  1000  1000    12    12    12    12    12    12
         12    12    11    11    10     9     8     6     3     0    -6   -14   -24   -36   -52   -70   -93  -119  -150  -185
       -213  -265  -255  -198   170   831   870   238  -204  -269  -255  -222  -186  -152  -121   -94   -71   -51   -35   -22
        -11    -3     3     8    11    14    15    17    18    18    19    19    18    17    14    11     5    -3   -15   -31
        -52   -79  -112  -152  -198  -249  -304  -361  -415  -459  -479  -399   594   684   676   406  1000  1000  1000  1000
       1000  1000  1000  1000  1000  1000  1000  1000  1000  1000  1000  1000  1000  1000  1000  1000  1000  1000  1000  1000
       1000  1000  1000  1000  1000  1000  1000  1000  1000  1000  1000  1000  1000  1000  1000  1000  1000  1000  1000  1000
   2   1000  1000  1000  1000  1000  1000  1000  1000  1000  1000  1000  1000  1000    12    12    12    12    12    12    12
         12    11    11    10     9     8     6     3     0    -6   -14   -24   -36   -52   -70   -93  -119  -150  -185  -213
       -265  -255  -198   170   831   870   238  -204  -269  -255  -222  -186  -152  -121   -94   -71   -51   -35   -22   -11
         -3     3     8    11    14    15    17    18    18    19    19    18    17    14    11     5    -3   -15   -31   -52
        -79  -112  -152  -198  -249  -304  -361  -415  -459  -479  -399   594   684   676   406  1000  1000  1000  1000  1000
       1000  1000  1000  1000  1000  1000  1000  1000  1000  1000  1000  1000  1000  1000  1000  1000  1000  1000  1000  1000
       1000  1000  1000  1000  1000  1000  1000  1000  1000  1000  1000  1000  1000  1000  1000  1000  1000  1000  1000
   3   1000  1000  1000  1000  1000  1000  1000  1000  1000  1000  1000  1000    12    12    12    12    12    12    12    12
         11    11    10     9     8     6     3     0    -6   -14   -24   -36   -52   -70   -93  -119  -150  -185  -213  -265
       -255  -198   170   831   870   238  -204  -269  -255  -222  -186  -152  -121   -94   -71   -51   -35   -22   -11    -3
          3     8    11    14    15    17    18    18    19    19    18    17    14    11     5    -3   -15   -31   -52   -79
       -112  -152  -198  -249  -304  -361  -415  -459  -479  -399   594   684   676   406  1000  1000  1000  1000  1000  1000
       1000  1000  1000  1000  1000  1000  1000  1000  1000  1000  1000  1000  1000  1000  1000  1000  1000  1000  1000  1000
       1000  1000  1000  1000  1000  1000  1000  1000  1000  1000  1000  1000  1000  1000  1000  1000  1000  1000
   4   1000  1000  1000  1000  1000  1000  1000  1000  1000  1000  1000    12    12    12    12    12    12    12    12    11
         11    10     9     8     6     3     0    -6   -14   -24   -36   -52   -70   -93  -119  -150  -185  -213  -265  -255
       -198   170   831   870   238  -204  -269  -255  -222  -186  -152  -121   -94   -71   -51   -35   -22   -11    -3     3
          8    11    14    15    17    18    18    19    19    18    17    14    11     5    -3   -15   -31   -52   -79  -112
       -152  -198  -249  -304  -361  -415  -459  -479  -399   594   684   676   406  1000  1000  1000  1000  1000  1000  1000
       1000  1000  1000  1000  1000  1000  1000  1000  1000  1000  1000  1000  1000  1000  1000  1000  1000  1000  1000  1000
       1000  1000  1000  1000  1000  1000  1000  1000  1000  1000  1000  1000  1000  1000  1000  1000  1000
   5   1000  1000  1000  1000  1000  1000  1000  1000  1000  1000    12    12    12    12    12    12    12    12    11    11
         10     9     8     6     3     0    -6   -14   -24   -36   -52   -70   -93  -119  -150  -185  -213  -265  -255  -198
        170   831   870   238  -204  -269  -255  -222  -186  -152  -121   -94   -71   -51   -35   -22   -11    -3     3     8
         11    14    15    17    18    18    19    19    18    17    14    11     5    -3   -15   -31   -52   -79  -112  -152
       -198  -249  -304  -361  -415  -459  -479  -399   594   684   676   406  1000  1000  1000  1000  1000  1000  1000  1000
       1000  1000  1000  1000  1000  1000  1000  1000  1000  1000  1000  1000  1000  1000  1000  1000  1000  1000  1000  1000
       1000  1000  1000  1000  1000  1000  1000  1000  1000  1000  1000  1000  1000  1000  1000  1000
   6   1000  1000  1000  1000  1000  1000  1000  1000  1000    12    12    12    12    12    12    12    12    11    11    10
          9     8     6     3     0    -6   -14   -24   -36   -52   -70   -93  -119  -150  -185  -213  -265  -255  -198   170
        831   870   238  -204  -269  -255  -222  -186  -152  -121   -94   -71   -51   -35   -22   -11    -3     3     8    11
         14    15    17    18    18    19    19    18    17    14    11     5    -3   -15   -31   -52   -79  -112  -152  -198
       -249  -304  -361  -415  -459  -479  -399   594   684   676   406  1000  1000  1000  1000  1000  1000  1000  1000  1000
       1000  1000  1000  1000  1000  1000  1000  1000  1000  1000  1000  1000  1000  1000  1000  1000  1000  1000  1000  1000
       1000  1000  1000  1000  1000  1000  1000  1000  1000  1000  1000  1000  1000  1000  1000
   7   1000  1000  1000  1000  1000  1000  1000  1000    12    12    12    12    12    12    12    12    11    11    10     9
          8     6     3     0    -6   -14   -24   -36   -52   -70   -93  -119  -150  -185  -213  -265  -255  -198   170   831
        870   238  -204  -269  -255  -222  -186  -152  -121   -94   -71   -51   -35   -22   -11    -3     3     8    11    14
         15    17    18    18    19    19    18    17    14    11     5    -3   -15   -31   -52   -79  -112  -152  -198  -249
       -304  -361  -415  -459  -479  -399   594   684   676   406  1000  1000  1000  1000  1000  1000  1000  1000  1000  1000
       1000  1000  1000  1000  1000  1000  1000  1000  1000  1000  1000  1000  1000  1000  1000  1000  1000  1000  1000  1000
       1000  1000  1000  1000  1000  1000  1000  1000  1000  1000  1000  1000  1000  1000
   8   1000  1000  1000  1000  1000  1000  1000    12    12    12    12    12    12    12    12    11    11    10     9     8
          6     3     0    -6   -14   -24   -36   -52   -70   -93  -119  -150  -185  -213  -265  -255  -198   170   831   870
        238  -204  -269  -255  -222  -186  -152  -121   -94   -71   -51   -35   -22   -11    -3     3     8    11    14    15
         17    18    18    19    19    18    17    14    11     5    -3   -15   -31   -52   -79  -112  -152  -198  -249  -304
       -361  -415  -459  -479  -399   594   684   676   406  1000  1000  1000  1000  1000  1000  1000  1000  1000  1000  1000
       1000  1000  1000  1000  1000  1000  1000  1000  1000  1000  1000  1000  1000  1000  1000  1000  1000  1000  1000  1000
       1000  1000  1000  1000  1000  1000  1000  1000  1000  1000  1000  1000  1000
   9   1000  1000  1000  1000  1000  1000    12    12    12    12    12    12    12    12    11    11    10     9     8     6
          3     0    -6   -14   -24   -36   -52   -70   -93  -119  -150  -185  -213  -265  -255  -198   170   831   870   238
       -204  -269  -255  -222  -186  -152  -121   -94   -71   -51   -35   -22   -11    -3     3     8    11    14    15    17
         18    18    19    19    18    17    14    11     5    -3   -15   -31   -52   -79  -112  -152  -198  -249  -304  -361
       -415  -459  -479  -399   594   684   676   406  1000  1000  1000  1000  1000  1000  1000  1000  1000  1000  1000  1000
       1000  1000  1000  1000  1000  1000  1000  1000  1000  1000  1000  1000  1000  1000  1000  1000  1000  1000  1000  1000
       1000  1000  1000  1000  1000  1000  1000  1000  1000  1000  1000  1000
  10   1000  1000  1000  1000  1000    12    12    12    12    12    12    12    12    11    11    10     9     8     6     3
          0    -6   -14   -24   -36   -52   -70   -93  -119  -150  -185  -213  -265  -255  -198   170   831   870   238  -204
       -269  -255  -222  -186  -152  -121   -94   -71   -51   -35   -22   -11    -3     3     8    11    14    15    17    18
         18    19    19    18    17    14    11     5    -3   -15   -31   -52   -79  -112  -152  -198  -249  -304  -361  -415
       -459  -479  -399   594   684   676   406  1000  1000  1000  1000  1000  1000  1000  1000  1000  1000  1000  1000  1000
       1000  1000  1000  1000  1000  1000  1000  1000  1000  1000  1000  1000  1000  1000  1000  1000  1000  1000  1000  1000
       1000  1000  1000  1000  1000  1000  1000  1000  1000  1000  1000
  11   1000  1000  1000  1000    12    12    12    12    12    12    12    12    11    11    10     9     8     6     3     0
         -6   -14   -24   -36   -52   -70   -93  -119  -150  -185  -213  -265  -255  -198   170   831   870   238  -204  -269
       -255  -222  -186  -152  -121   -94   -71   -51   -35   -22   -11    -3     3     8    11    14    15    17    18    18
         19    19    18    17    14    11     5    -3   -15   -31   -52   -79  -112  -152  -198  -249  -304  -361  -415  -459
       -479  -399   594   684   676   406  1000  1000  1000  1000  1000  1000  1000  1000  1000  1000  1000  1000  1000  1000
       1000  1000  1000  1000  1000  1000  1000  1000  1000  1000  1000  1000  1000  1000  1000  1000  1000  1000  1000  1000
       1000  1000  1000  1000  1000  1000  1000  1000  1000  1000
  12   1000  1000  1000    12    12    12    12    12    12    12    12    11    11    10     9     8     6     3     0    -6
        -14   -24   -36   -52   -70   -93  -119  -150  -185  -213  -265  -255  -198   170   831   870   238  -204  -269  -255
       -222  -186  -152  -121   -94   -71   -51   -35   -22   -11    -3     3     8    11    14    15    17    18    18    19
         19    18    17    14    11     5    -3   -15   -31   -52   -79  -112  -152  -198  -249  -304  -361  -415  -459  -479
       -399   594   684   676   406  1000  1000  1000  1000  1000  1000  1000  1000  1000  1000  1000  1000  1000  1000  1000
       1000  1000  1000  1000  1000  1000  1000  1000  1000  1000  1000  1000  1000  1000  1000  1000  1000  1000  1000  1000
       1000  1000  1000  1000  1000  1000  1000  1000  1000
  13   1000  1000    12    12    12    12    12    12    12    12    11    11    10     9     8     6     3     0    -6   -14
        -24   -36   -52   -70   -93  -119  -150  -185  -213  -265  -255  -198   170   831   870   238  -204  -269  -255  -222
       -186  -152  -121   -94   -71   -51   -35   -22   -11    -3     3     8    11    14    15    17    18    18    19    19
         18    17    14    11     5    -3   -15   -31   -52   -79  -112  -152  -198  -249  -304  -361  -415  -459  -479  -399
        594   684   676   406  1000  1000  1000  1000  1000  1000  1000  1000  1000  1000  1000  1000  1000  1000  1000  1000
       1000  1000  1000  1000  1000  1000  1000  1000  1000  1000  1000  1000  1000  1000  1000  1000  1000  1000  1000  1000
       1000  1000  1000  1000  1000  1000  1000  1000
  14   1000    12    12    12    12    12    12    12    12    11    11    10     9     8     6     3     0    -6   -14   -24
        -36   -52   -70   -93  -119  -150  -185  -213  -265  -255  -198   170   831   870   238  -204  -269  -255  -222  -186
       -152  -121   -94   -71   -51   -35   -22   -11    -3     3     8    11    14    15    17    18    18    19    19    18
         17    14    11     5    -3   -15   -31   -52   -79  -112  -152  -198  -249  -304  -361  -415  -459  -479  -399   594
        684   676   406  1000  1000  1000  1000  1000  1000  1000  1000  1000  1000  1000  1000  1000  1000  1000  1000  1000
       1000  1000  1000  1000  1000  1000  1000  1000  1000  1000  1000  1000  1000  1000  1000  1000  1000  1000  1000  1000
       1000  1000  1000  1000  1000  1000  1000
  15   1000   988   952   895   821   734   641   546   454   368   291   225   169   124    89    62    42    28    18    11
          7     4     2     0     0    -1    -1    -2    -2    -1     2    10    10     3    -2    -2    -2    -2    -1    -1
          0     0     0     0     0     0     0     0     0     0     0     0     0     0     0     0     0     0     0     0
          0     0     0     0     0     0     0     0     0    -1    -1    -2    -3    -3    -4    -5    -5    -4     7     8
          8     5    12    12    12    12    12    12    12    12    12    12    12    12    12    12    12    12    12    12
         12    12    12    12    12    12    12    12    12    12    12    12    12    12    12    12    12    12    12    12
         12    12    12    12    12    12
  16   1000   988   952   895   821   734   641   546   454   368   291   225   169   124    89    62    42    28    18    11
          7     3     1     0     0    -1    -2    -2    -1     2    10    10     3    -2    -2    -2    -2    -1    -1    -1
          0     0     0     0     0     0     0     0     0     0     0     0     0     0     0     0     0     0     0     0
          0     0     0     0     0     0     0     0    -1    -1    -2    -3    -3    -4    -5    -5    -4     7     8     8
          5    12    12    12    12    12    12    12    12    12    12    12    12    12    12    12    12    12    12    12
         12    12    12    12    12    12    12    12    12    12    12    12    12    12    12    12    12    12    12    12
         12    12    12    12    12
  17   1000   988   952   895   821   734   641   546   454   368   291   225   169   124    89    62    42    28    18    11
          6     3     1     0    -1    -2    -2    -1     2    10    10     3    -2    -2    -2    -2    -1    -1    -1     0
          0     0     0     0     0     0     0     0     0     0     0     0     0     0     0     0     0     0     0     0
          0     0     0     0     0     0     0    -1    -1    -2    -3    -3    -4    -5    -5    -4     7     8     8     5
         12    12    12    12    12    12    12    12    12    12    12    12    12    12    12    12    12    12    12    12
         12    12    12    12    12    12    12    12    12    12    12    12    12    12    12    12    12    12    12    12
         12    12    12    12
  18   1000   988   952   895   821   734   641   546   454   368   291   225   169   124    89    62    42    28    18    11
          6     3     1     0    -1    -2    -1     2    10    10     3    -2    -2    -2    -2    -1    -1    -1     0     0
          0     0     0     0     0     0     0     0     0     0     0     0     0     0     0     0     0     0     0     0
          0     0     0     0     0     0    -1    -1    -2    -3    -3    -4    -5    -5    -4     7     8     8     5    12
         12    12    12    12    12    12    12    12    12    12    12    12    12    12    12    12    12    12    12    12
         12    12    12    12    12    12    12    12    12    12    12    12    12    12    12    12    12    12    12    12
         12    12    12
  19   1000   988   952   895   821   734   641   546   454   368   291   225   169   124    89    62    43    28    18    11
          6     3     0     0    -1    -1     2    10    10     2    -2    -3    -2    -2    -1    -1    -1     0     0     0
          0     0     0     0     0     0     0     0     0     0     0     0     0     0     0     0     0     0     0     0
          0     0     0     0     0    -1    -1    -2    -3    -3    -4    -4    -5    -4     7     8     8     5    12    12
         12    12    12    12    12    12    12    12    12    12    12    12    12    12    12    12    12    12    12    12
         12    12    12    12    12    12    12    12    12    12    12    12    12    12    12    12    12    12    12    12
         12    12
  20   1000   988   952   895   821   734   641   546   454   368   291   225   169   125    89    63    43    28    18    11
          6     3     0     0     0     2    10    10     2    -2    -3    -2    -2    -2    -1    -1     0     0     0     0
          0     0     0     0     0     0     0     0     0     0     0     0     0     0     0     0     0     0     0     0
          0     0     0     0    -1    -1    -2    -3    -3    -4    -4    -5    -4     7     8     8     5    12    12    12
         12    12    12    12    12    12    12    12    12    12    12    12    12    12    12    12    12    12    12    12
         12    12    12    12    12    12    12    12    12    12    12    12    12    12    12    12    12    12    12    12
         12
  21   1000   988   952   895   821   734   641   546   454   368   291   225   170   125    90    63    43    29    18    11
          6     2     0     0     2    10    10     2    -3    -3    -3    -2    -2    -1    -1     0     0     0     0     0
          0     0     0     0     0     0     0     0     0     0     0     0     0     0     0     0     0     0     0     0
          0     0     0    -1    -1    -2    -3    -3    -4    -4    -5    -4     7     8     8     5    12    12    12    12
         12    12    12    12    12    12    12    12    12    12    12    12    12    12    12    12    12    12    12    12
         12    12    12    12    12    12    12    12    12    12    12    12    12    12    12    12    12    12    12    12
  22   1000   988   952   895   821   735   641   546   454   368   292   226   170   126    91    64    44    29    19    11
          6     2     1     3     9     9     1    -3    -4    -3    -3    -2    -1    -1    -1     0     0     0     0     0
          0     0     0     0     0     0     0     0     0     0     0     0     0     0     0     0     0     0     0     0
          0     0    -1    -1    -2    -3    -3    -4    -4    -5    -4     7     8     8     5    12    12    12    12    12
         12    12    12    12    12    12    12    12    12    12    12    12    12    12    12    12    12    12    12    12
         12    12    12    12    12    12    12    12    12    12    12    12    12    12    12    12    12    12    12
  23   1000   988   952   895   821   735   641   546   454   369   292   226   171   127    92    65    45    30    19    11
          6     3     4     9     9     0    -4    -4    -4    -3    -3    -2    -1    -1     0     0     0     0     0     0
          0     0     0     0     0     0     0     0     0     0     0     0     0     0     0     0     0     0     0     0
          0    -1    -1    -2    -2    -3    -4    -4    -4    -3     7     8     8     5    11    11    11    11    11    11
         11    11    11    11    11    11    11    11    11    11    11    11    11    11    11    11    11    11    11    11
         11    11    11    11    11    11    11    11    11    11    11    11    11    11    11    11    11    11
  24   1000   988   952   895   821   735   642   547   455   370   293   228   173   128    93    66    46    31    19    11
          6     5     9     8    -1    -6    -6    -5    -4    -3    -3    -2    -1    -1     0     0     0     0     0     0
          0     0     0     0     0     0     0     0     0     0     0     0     0     0     0     0     0     0     0     0
         -1    -1    -2    -2    -3    -3    -4    -4    -3     7     8     8     5    11    11    11    11    11    11    11
         11    11    11    11    11    11    11    11    11    11    11    11    11    11    11    11    11    11    11    11
         11    11    11    11    11    11    11    11    11    11    11    11    11    11    11    11    11
  25   1000   988   952   895   821   735   642   547   456   371   295   230   175   131    95    68    47    31    19    11
          7     8     7    -3    -8    -8    -7    -6    -5    -4    -3    -2    -1    -1     0     0     0     0     0     0
          0     0     0     0     0     0     0     0     0     0     0     0     0     0     0     0     0     0     0    -1
         -1    -1    -2    -3    -3    -4    -4    -3     6     7     7     4    10    10    10    10    10    10    10    10
         10    10    10    10    10    10    10    10    10    10    10    10    10    10    10    10    10    10    10    10
         10    10    10    10    10    10    10    10    10    10    10    10    10    10    10    10
  26   1000   988   952   895   821   735   643   548   457   373   297   232   178   133    98    70    48    31    19    11
          8     5    -7   -12   -11   -10    -8    -7    -5    -4    -3    -2    -1    -1     0     0     0     0     0     0
          0     0     0     0     0     0     0     0     0     0     0     0     0     0     0     0     0     0     0    -1
         -1    -2    -2    -3    -3    -3    -2     6     7     7     4     9     9     9     9     9     9     9     9     9
          9     9     9     9     9     9     9     9     9     9     9     9     9     9     9     9     9     9     9     9
          9     9     9     9     9     9     9     9     9     9     9     9     9     9     9
  27   1000   988   952   895   821   736   644   550   460   376   301   236   181   136   100    71    48    30    16     7
          2   -12   -17   -16   -14   -12   -10    -8    -6    -5    -4    -3    -2    -1    -1     0     0     0     0     0
          0     0     0     0     0     0     0     0     0     0     0     0     0     0     0     0     0     0     0    -1
         -1    -2    -2    -2    -2    -2     5     6     6     4     8     8     8     8     8     8     8     8     8     8
          8     8     8     8     8     8     8     8     8     8     8     8     8     8     8     8     8     8     8     8
          8     8     8     8     8     8     8     8     8     8     8     8     8     8
  28   1000   988   952   895   822   737   645   553   463   380   305   241   185   140   101    71    46    24     6    -1
        -20   -24   -22   -20   -17   -14   -11    -9    -7    -5    -4    -3    -2    -1    -1     0     0     0     0     0
          0     0     0     0     0     0     0     0     0     0     0     0     0     0     0     0     0     0     0     0
         -1    -1    -1    -1     0     4     5     5     3     6     6     6     6     6     6     6     6     6     6     6
          6     6     6     6     6     6     6     6     6     6     6     6     6     6     6     6     6     6     6     6
          6     6     6     6     6     6     6     6     6     6     6     6     6
  29   1000   988   952   896   823   738   648   556   467   385   310   245   189   141   102    67    35     5    -6   -29
        -34   -31   -28   -24   -20   -16   -13   -10    -8    -6    -5    -3    -2    -2    -1     0     0     0     0     0
          0     0     0     0     0     0     0     0     0     0     0     0     0     0     0     0     0     0     0     0
          0     0     0     0     3     3     3     3     3     3     3     3     3     3     3     3     3     3     3     3
          3     3     3     3     3     3     3     3     3     3     3     3     3     3     3     3     3     3     3     3
          3     3     3     3     3     3     3     3     3     3     3     3
  30   1000   988   952   896   824   741   651   561   473   391   316   250   191   141    96    51     4   -12   -42   -47
        -44   -39   -33   -28   -23   -19   -15   -12    -9    -7    -5    -4    -3    -2    -1    -1     0     0     0     0
          0     0     0     0     0     0     0     0     0     0     0     0     0     1     1     1     1     1     2     2
          2     3     3     1     1     1     2     0     0     0     0     0     0     0     0     0     0     0     0     0
          0     0     0     0     0     0     0     0     0     0     0     0     0     0     0     0     0     0     0     0
          0     0     0     0     0     0     0     0     0     0     0
  31   1000   988   953   897   826   744   656   566   479   396   321   251   190   133    73     4   -20   -57   -63   -59
        -53   -46   -39   -32   -27   -21   -17   -13   -10    -8    -6    -4    -3    -2    -2    -1    -1     0     0     0
          0     0     0     0     0     0     0     0     0     0     1     1     1     2     2     3     4     4     5     6
          6     6     0    -1    -1     0    -6    -6    -6    -6    -6    -6    -6    -6    -6    -6    -6    -6    -6    -6
         -6    -6    -6    -6    -6    -6    -6    -6    -6    -6    -6    -6    -6    -6    -6    -6    -6    -6    -6    -6
         -6    -6    -6    -6    -6    -6    -6    -6    -6    -6
  32   1000   988   953   899   829   748   661   572   484   401   321   249   179   101     4   -29   -74   -82   -78   -71
        -62   -53   -44   -37   -30   -24   -19   -14   -11    -8    -6    -5    -3    -3    -2    -1    -1    -1    -1     0
          0     0     0     0     0     0     0     0     1     1     2     2     3     4     5     7     8     9    10    11
         10    -4    -5    -5    -1   -14   -14   -14   -14   -14   -14   -14   -14   -14   -14   -14   -14   -14   -14   -14
        -14   -14   -14   -14   -14   -14   -14   -14   -14   -14   -14   -14   -14   -14   -14   -14   -14   -14   -14   -14
        -14   -14   -14   -14   -14   -14   -14   -14   -14
  33   1000   988   954   901   832   752   666   577   489   400   318   235   137     6   -39   -94  -104  -101   -93   -82
        -71   -60   -49   -40   -32   -26   -20   -15   -12    -9    -7    -5    -4    -3    -2    -2    -2    -1    -1    -1
          0     0     0     0     0     0     0     1     2     3     4     5     7     9    10    12    14    16    17    16
         -8   -11   -11    -3   -24   -24   -24   -24   -24   -24   -24   -24   -24   -24   -24   -24   -24   -24   -24   -24
        -24   -24   -24   -24   -24   -24   -24   -24   -24   -24   -24   -24   -24   -24   -24   -24   -24   -24   -24   -24
        -24   -24   -24   -24   -24   -24   -24   -24
  34   1000   988   955   902   835   756   670   580   487   396   301   180     8   -50  -114  -128  -127  -118  -106   -92
        -78   -65   -53   -43   -34   -27   -21   -16   -12    -9    -7    -6    -4    -4    -3    -2    -2    -2    -1    -1
         -1     0     0     0     0     1     2     3     4     6     8    10    12    15    18    21    23    25    23   -14
        -18   -17    -6   -36   -36   -36   -36   -36   -36   -36   -36   -36   -36   -36   -36   -36   -36   -36   -36   -36
        -36   -36   -36   -36   -36   -36   -36   -36   -36   -36   -36   -36   -36   -36   -36   -36   -36   -36   -36   -36
        -36   -36   -36   -36   -36   -36   -36
  35   1000   989   956   904   837   759   672   577   480   374   231    13   -61  -135  -154  -155  -147  -133  -117  -100
        -84   -69   -56   -45   -35   -28   -21   -16   -13   -10    -8    -6    -5    -4    -4    -3    -3    -2    -2    -1
         -1     0     0     0     1     2     4     6     8    11    14    17    21    25    29    32    34    32   -20   -26
        -26   -10   -52   -52   -52   -52   -52   -52   -52   -52   -52   -52   -52   -52   -52   -52   -52   -52   -52   -52
        -52   -52   -52   -52   -52   -52   -52   -52   -52   -52   -52   -52   -52   -52   -52   -52   -52   -52   -52   -52
        -52   -52   -52   -52   -52   -52
  36   1000   989   957   906   839   760   667   568   454   290    19   -72  -152  -178  -184  -177  -163  -145  -125  -106
        -88   -72   -57   -46   -36   -28   -21   -17   -13   -10    -8    -7    -6    -5    -4    -4    -3    -3    -2    -1
         -1     0     0     1     3     5     7    11    14    18    23    28    34    39    43    46    42   -29   -36   -36
        -14   -70   -70   -70   -70   -70   -70   -70   -70   -70   -70   -70   -70   -70   -70   -70   -70   -70   -70   -70
        -70   -70   -70   -70   -70   -70   -70   -70   -70   -70   -70   -70   -70   -70   -70   -70   -70   -70   -70   -70
        -70   -70   -70   -70   -70
  37   1000   989   957   906   839   753   657   539   355    28   -82  -165  -198  -211  -208  -194  -175  -153  -130  -109
        -89   -72   -57   -45   -35   -27   -21   -17   -14   -11    -9    -8    -7    -6    -5    -4    -4    -3    -2    -1
          0     0     2     4     6    10    14    19    24    30    37    44    50    56    60    55   -38   -48   -47   -20
        -93   -93   -93   -93   -93   -93   -93   -93   -93   -93   -93   -93   -93   -93   -93   -93   -93   -93   -93   -93
        -93   -93   -93   -93   -93   -93   -93   -93   -93   -93   -93   -93   -93   -93   -93   -93   -93   -93   -93   -93
        -93   -93   -93   -93
  38   1000   989   957   905   832   743   626   426    38   -90  -170  -212  -235  -237  -226  -206  -182  -157  -132  -109
        -89   -71   -56   -44   -34   -27   -21   -17   -14   -12   -10    -9    -8    -7    -6    -5    -4    -3    -2    -1
          0     2     5     8    12    18    24    31    38    47    56    64    72    76    70   -50   -62   -61   -26  -119
       -119  -119  -119  -119  -119  -119  -119  -119  -119  -119  -119  -119  -119  -119  -119  -119  -119  -119  -119  -119
       -119  -119  -119  -119  -119  -119  -119  -119  -119  -119  -119  -119  -119  -119  -119  -119  -119  -119  -119  -119
       -119  -119  -119
  39   1000   989   956   899   822   712   500    50   -96  -164  -216  -251  -261  -254  -236  -211  -184  -157  -131  -107
        -86   -68   -54   -42   -33   -27   -22   -18   -15   -13   -11   -10    -9    -8    -6    -5    -4    -3    -1     0
          3     6    10    16    22    30    38    48    59    70    80    90    96    87   -63   -78   -77   -33  -150  -150
       -150  -150  -150  -150  -150  -150  -150  -150  -150  -150  -150  -150  -150  -150  -150  -150  -150  -150  -150  -150
       -150  -150  -150  -150  -150  -150  -150  -150  -150  -150  -150  -150  -150  -150  -150  -150  -150  -150  -150  -150
       -150  -150
  40   1000   989   952   892   793   575    63   -98  -144  -205  -254  -276  -276  -262  -238  -211  -181  -153  -126  -102
        -82   -65   -51   -41   -33   -27   -22   -19   -16   -14   -12   -11   -10    -8    -7    -5    -4    -1     0     3
          8    13    19    27    36    47    59    72    86    99   111   118   108   -78   -97   -96   -41  -185  -185  -185
       -185  -185  -185  -185  -185  -185  -185  -185  -185  -185  -185  -185  -185  -185  -185  -185  -185  -185  -185  -185
       -185  -185  -185  -185  -185  -185  -185  -185  -185  -185  -185  -185  -185  -185  -185  -185  -185  -185  -185  -185
       -185
  41   1000   987   947   867   653    88   -86  -103  -176  -244  -281  -291  -283  -262  -236  -206  -175  -146  -120   -97
        -77   -62   -49   -40   -32   -27   -23   -20   -17   -15   -13   -12   -10    -8    -6    -4    -2     0     4     9
         15    22    32    43    55    69    85   101   116   129   138   127   -88  -110  -108   -45  -213  -213  -213  -213
       -213  -213  -213  -213  -213  -213  -213  -213  -213  -213  -213  -213  -213  -213  -213  -213  -213  -213  -213  -213
       -213  -213  -213  -213  -213  -213  -213  -213  -213  -213  -213  -213  -213  -213  -213  -213  -213  -213  -213  -213
  42   1000   985   929   721    98   -84   -41  -115  -203  -258  -282  -284  -272  -249  -222  -192  -163  -135  -111   -89
        -72   -58   -47   -39   -33   -28   -24   -21   -19   -17   -14   -12   -10    -8    -6    -3     0     5    11    18
         28    39    53    68    86   105   124   143   160   170   156  -110  -137  -135   -57  -265  -265  -265  -265  -265
       -265  -265  -265  -265  -265  -265  -265  -265  -265  -265  -265  -265  -265  -265  -265  -265  -265  -265  -265  -265
       -265  -265  -265  -265  -265  -265  -265  -265  -265  -265  -265  -265  -265  -265  -265  -265  -265  -265  -265
  43   1000   978   808   170   -14    68   -33  -148  -225  -266  -281  -277  -261  -238  -210  -180  -152  -126  -103   -84
        -68   -56   -46   -39   -33   -29   -25   -22   -19   -17   -14   -12    -9    -6    -3     0     5    11    19    28
         40    54    70    88   107   127   147   164   175   164   -93  -120  -118   -41  -255  -255  -255  -255  -255  -255
       -255  -255  -255  -255  -255  -255  -255  -255  -255  -255  -255  -255  -255  -255  -255  -255  -255  -255  -255  -255
       -255  -255  -255  -255  -255  -255  -255  -255  -255  -255  -255  -255  -255  -255  -255  -255  -255  -255
  44   1000   899   289   113   237    91   -56  -157  -219  -251  -261  -255  -239  -216  -190  -163  -138  -114   -94   -77
        -64   -53   -45   -38   -33   -29   -25   -22   -19   -16   -13   -10    -7    -4     0     4    10    17    26    36
         49    63    80    97   115   133   149   161   156   -45   -68   -67    -3  -198  -198  -198  -198  -198  -198  -198
       -198  -198  -198  -198  -198  -198  -198  -198  -198  -198  -198  -198  -198  -198  -198  -198  -198  -198  -198  -198
       -198  -198  -198  -198  -198  -198  -198  -198  -198  -198  -198  -198  -198  -198  -198  -198  -198
  45   1000   660   522   531   221    27   -93  -168  -211  -232  -235  -226  -209  -188  -164  -140  -117   -97   -80   -66
        -55   -46   -38   -32   -27   -23   -19   -15   -12    -9    -7    -4    -3    -1     0     0     0    -1    -1    -2
         -4    -5    -7    -8    -8    -7    -1    25   188   197   195   162   170   170   170   170   170   170   170   170
        170   170   170   170   170   170   170   170   170   170   170   170   170   170   170   170   170   170   170   170
        170   170   170   170   170   170   170   170   170   170   170   170   170   170   170   170
  46   1000   979   603   122   -37  -103  -133  -145  -147  -141  -131  -118  -104   -88   -73   -60   -48   -37   -29   -22
        -16   -11    -7    -4    -1     1     3     5     6     6     4     1    -3   -11   -23   -38   -58   -82  -112  -146
       -184  -224  -266  -305  -337  -347  -272   550   621   614   398   831   831   831   831   831   831   831   831   831
        831   831   831   831   831   831   831   831   831   831   831   831   831   831   831   831   831   831   831   831
        831   831   831   831   831   831   831   831   831   831   831   831   831   831   831
  47   1000   656   207    71    19    -6   -20   -29   -34   -36   -36   -35   -32   -29   -25   -21   -17   -14   -11    -8
         -5    -3     0     1     3     5     6     7     7     5     2    -3   -12   -24   -40   -61   -87  -119  -155  -195
       -238  -283  -324  -358  -369  -292   568   643   635   408   870   870   870   870   870   870   870   870   870   870
        870   870   870   870   870   870   870   870   870   870   870   870   870   870   870   870   870   870   870   870
        870   870   870   870   870   870   870   870   870   870   870   870   870   870
  48   1000   861   743   651   566   486   410   339   273   214   162   117    79    49    25     7    -4   -13   -18   -21
        -22   -21   -19   -17   -14   -11    -8    -6    -4    -3    -2    -1    -2    -3    -5    -8   -11   -15   -20   -24
        -29   -32   -33   -28     4   235   250   247   196   238   238   238   238   238   238   238   238   238   238   238
        238   238   238   238   238   238   238   238   238   238   238   238   238   238   238   238   238   238   238   238
        238   238   238   238   238   238   238   238   238   238   238   238   238
  49   1000   972   914   841   760   673   585   497   413   333   261   197   143    97    61    33    13    -1   -10   -16
        -19   -20   -20   -18   -16   -13   -11    -7    -4     0     4    11    18    27    39    52    67    84   103   122
        141   158   171   167   -40   -64   -63     2  -204  -204  -204  -204  -204  -204  -204  -204  -204  -204  -204  -204
       -204  -204  -204  -204  -204  -204  -204  -204  -204  -204  -204  -204  -204  -204  -204  -204  -204  -204  -204  -204
       -204  -204  -204  -204  -204  -204  -204  -204  -204  -204  -204  -204
  50   1000   983   939   878   804   722   634   545   456   372   294   225   165   116    76    46    23     7    -2    -9
        -13   -14   -14   -13   -12   -10    -7    -3     0     5    12    20    31    43    58    75    94   115   136   158
        176   189   177   -95  -123  -122   -40  -269  -269  -269  -269  -269  -269  -269  -269  -269  -269  -269  -269  -269
       -269  -269  -269  -269  -269  -269  -269  -269  -269  -269  -269  -269  -269  -269  -269  -269  -269  -269  -269  -269
       -269  -269  -269  -269  -269  -269  -269  -269  -269  -269  -269
  51   1000   986   949   894   824   744   656   565   475   387   307   235   174   124    83    52    29    13     2    -4
         -8    -9   -10    -9    -8    -5    -3     0     5    11    18    28    39    53    68    86   105   124   143   160
        171   158   -98  -125  -123   -47  -255  -255  -255  -255  -255  -255  -255  -255  -255  -255  -255  -255  -255  -255
       -255  -255  -255  -255  -255  -255  -255  -255  -255  -255  -255  -255  -255  -255  -255  -255  -255  -255  -255  -255
       -255  -255  -255  -255  -255  -255  -255  -255  -255  -255
  52   1000   988   954   902   834   754   665   573   480   392   310   238   177   126    86    55    33    17     6     0
         -3    -5    -6    -5    -4    -2     0     4     9    16    24    34    45    59    74    90   107   123   137   146
        135   -88  -111  -110   -43  -222  -222  -222  -222  -222  -222  -222  -222  -222  -222  -222  -222  -222  -222  -222
       -222  -222  -222  -222  -222  -222  -222  -222  -222  -222  -222  -222  -222  -222  -222  -222  -222  -222  -222  -222
       -222  -222  -222  -222  -222  -222  -222  -222  -222
  53   1000   989   956   905   837   756   667   573   479   390   308   237   176   126    87    57    35    20     9     3
          0    -2    -3    -2    -1     1     4     8    13    20    28    38    49    61    75    89   102   114   122   112
        -75   -94   -93   -37  -186  -186  -186  -186  -186  -186  -186  -186  -186  -186  -186  -186  -186  -186  -186  -186
       -186  -186  -186  -186  -186  -186  -186  -186  -186  -186  -186  -186  -186  -186  -186  -186  -186  -186  -186  -186
       -186  -186  -186  -186  -186  -186  -186  -186
  54   1000   989   957   905   836   755   664   569   475   386   305   234   174   125    87    58    37    22    12     5
          1     0     0     0     1     3     7    11    16    23    31    40    50    61    73    84    94   100    92   -61
        -77   -76   -30  -152  -152  -152  -152  -152  -152  -152  -152  -152  -152  -152  -152  -152  -152  -152  -152  -152
       -152  -152  -152  -152  -152  -152  -152  -152  -152  -152  -152  -152  -152  -152  -152  -152  -152  -152  -152  -152
       -152  -152  -152  -152  -152  -152  -152
  55   1000   989   957   904   834   751   659   564   470   381   301   231   172   125    87    59    38    24    14     7
          3     2     1     2     3     6     9    13    18    25    32    40    49    58    67    75    80    74   -48   -61
        -60   -24  -121  -121  -121  -121  -121  -121  -121  -121  -121  -121  -121  -121  -121  -121  -121  -121  -121  -121
       -121  -121  -121  -121  -121  -121  -121  -121  -121  -121  -121  -121  -121  -121  -121  -121  -121  -121  -121  -121
       -121  -121  -121  -121  -121  -121
  56   1000   989   956   902   831   747   655   559   465   377   297   228   171   124    87    60    39    25    15     9
          5     3     3     3     5     7    10    15    19    25    32    39    46    53    59    63    58   -37   -47   -46
        -18   -94   -94   -94   -94   -94   -94   -94   -94   -94   -94   -94   -94   -94   -94   -94   -94   -94   -94   -94
        -94   -94   -94   -94   -94   -94   -94   -94   -94   -94   -94   -94   -94   -94   -94   -94   -94   -94   -94   -94
        -94   -94   -94   -94   -94
  57   1000   989   955   901   829   744   651   555   461   374   295   227   170   124    88    60    40    26    16    10
          6     5     4     5     6     8    11    15    19    24    29    35    40    45    48    45   -27   -34   -34   -12
        -71   -71   -71   -71   -71   -71   -71   -71   -71   -71   -71   -71   -71   -71   -71   -71   -71   -71   -71   -71
        -71   -71   -71   -71   -71   -71   -71   -71   -71   -71   -71   -71   -71   -71   -71   -71   -71   -71   -71   -71
        -71   -71   -71   -71
  58   1000   988   954   899   826   740   647   552   458   371   293   225   169   123    88    61    41    27    17    11
          7     5     5     5     7     9    11    14    18    22    26    30    33    36    33   -18   -24   -24    -8   -51
        -51   -51   -51   -51   -51   -51   -51   -51   -51   -51   -51   -51   -51   -51   -51   -51   -51   -51   -51   -51
        -51   -51   -51   -51   -51   -51   -51   -51   -51   -51   -51   -51   -51   -51   -51   -51   -51   -51   -51   -51
        -51   -51   -51
  59   1000   988   953   897   824   738   645   549   456   370   292   225   169   124    88    61    42    28    18    12
          8     6     5     6     7     8    10    13    16    18    21    24    26    24   -11   -15   -15    -4   -35   -35
        -35   -35   -35   -35   -35   -35   -35   -35   -35   -35   -35   -35   -35   -35   -35   -35   -35   -35   -35   -35
        -35   -35   -35   -35   -35   -35   -35   -35   -35   -35   -35   -35   -35   -35   -35   -35   -35   -35   -35   -35
        -35   -35
  60   1000   988   953   896   823   737   643   548   455   369   291   225   169   124    88    62    42    28    18    12
          8     6     5     5     6     7     9    11    12    14    16    17    16    -5    -8    -8    -1   -22   -22   -22
        -22   -22   -22   -22   -22   -22   -22   -22   -22   -22   -22   -22   -22   -22   -22   -22   -22   -22   -22   -22
        -22   -22   -22   -22   -22   -22   -22   -22   -22   -22   -22   -22   -22   -22   -22   -22   -22   -22   -22   -22
        -22
  61   1000   988   952   896   822   736   642   547   454   368   291   224   169   124    89    62    42    28    19    12
          8     6     5     5     5     6     7     8     9    10    11    10    -1    -2    -2     1   -11   -11   -11   -11
        -11   -11   -11   -11   -11   -11   -11   -11   -11   -11   -11   -11   -11   -11   -11   -11   -11   -11   -11   -11
        -11   -11   -11   -11   -11   -11   -11   -11   -11   -11   -11   -11   -11   -11   -11   -11   -11   -11   -11   -11
  62   1000   988   952   895   821   735   642   546   454   368   291   224   169   124    89    62    43    28    19    12
          8     6     4     3     3     4     4     4     5     5     6     2     1     1     3    -3    -3    -3    -3    -3
         -3    -3    -3    -3    -3    -3    -3    -3    -3    -3    -3    -3    -3    -3    -3    -3    -3    -3    -3    -3
         -3    -3    -3    -3    -3    -3    -3    -3    -3    -3    -3    -3    -3    -3    -3    -3    -3    -3    -3
  63   1000   988   952   895   821   735   641   546   454   368   291   225   169   124    89    62    43    28    19    12
          7     5     3     2     1     1     1     1     1     2     5     5     5     4     3     3     3     3     3     3
          3     3     3     3     3     3     3     3     3     3     3     3     3     3     3     3     3     3     3     3
          3     3     3     3     3     3     3     3     3     3     3     3     3     3     3     3     3     3
  64   1000   988   952   895   821   735   641   546   454   368   291   225   169   124    89    62    42    28    18    11
          7     4     2     0     0     0     0     0     0     7     7     7     5     8     8     8     8     8     8     8
          8     8     8     8     8     8     8     8     8     8     8     8     8     8     8     8     8     8     8     8
          8     8     8     8     8     8     8     8     8     8     8     8     8     8     8     8     8
  65   1000   988   952   895   821   735   641   546   454   368   291   225   169   124    89    62    42    28    18    10
          6     2     0     0    -2    -2    -2    -1     8     9     9     6    11    11    11    11    11    11    11    11
         11    11    11    11    11    11    11    11    11    11    11    11    11    11    11    11    11    11    11    11
         11    11    11    11    11    11    11    11    11    11    11    11    11    11    11    11
  66   1000   988   952   895   821   735   641   546   454   368   291   225   169   124    89    62    42    27    17    10
          4     1     0    -2    -3    -4    -3     9    10    10     7    14    14    14    14    14    14    14    14    14
         14    14    14    14    14    14    14    14    14    14    14    14    14    14    14    14    14    14    14    14
         14    14    14    14    14    14    14    14    14    14    14    14    14    14    14
  67   1000   988   952   895   821   735   641   546   454   368   291   225   169   124    88    61    41    26    16     8
          3     0    -2    -4    -5    -4    10    12    11     7    15    15    15    15    15    15    15    15    15    15
         15    15    15    15    15    15    15    15    15    15    15    15    15    15    15    15    15    15    15    15
         15    15    15    15    15    15    15    15    15    15    15    15    15    15
  68   1000   988   952   895   821   735   641   546   454   368   291   224   169   124    88    61    41    26    15     7
          2    -1    -3    -5    -4    11    12    12     8    17    17    17    17    17    17    17    17    17    17    17
         17    17    17    17    17    17    17    17    17    17    17    17    17    17    17    17    17    17    17    17
         17    17    17    17    17    17    17    17    17    17    17    17    17
  69   1000   988   952   895   821   735   641   546   454   368   291   224   169   123    88    60    40    25    14     6
          1    -2    -4    -4    12    13    13     8    18    18    18    18    18    18    18    18    18    18    18    18
         18    18    18    18    18    18    18    18    18    18    18    18    18    18    18    18    18    18    18    18
         18    18    18    18    18    18    18    18    18    18    18    18
  70   1000   988   952   895   821   735   641   546   454   368   291   224   168   123    87    60    39    24    13     5
          0    -3    -3    13    13    13     8    18    18    18    18    18    18    18    18    18    18    18    18    18
         18    18    18    18    18    18    18    18    18    18    18    18    18    18    18    18    18    18    18    18
         18    18    18    18    18    18    18    18    18    18    18
  71   1000   988   952   895   821   735   641   546   454   368   291   224   168   123    87    59    38    23    11     4
          0    -2    13    14    13     8    19    19    19    19    19    19    19    19    19    19    19    19    19    19
         19    19    19    19    19    19    19    19    19    19    19    19    19    19    19    19    19    19    19    19
         19    19    19    19    19    19    19    19    19    19
  72   1000   988   952   895   821   735   641   546   454   368   291   224   168   122    86    58    37    22    10     3
          0    15    14    13     7    19    19    19    19    19    19    19    19    19    19    19    19    19    19    19
         19    19    19    19    19    19    19    19    19    19    19    19    19    19    19    19    19    19    19    19
         19    19    19    19    19    19    19    19    19
  73   1000   988   952   895   821   735   641   546   454   368   291   224   168   122    86    57    36    21    10     5
         16    15    13     7    18    18    18    18    18    18    18    18    18    18    18    18    18    18    18    18
         18    18    18    18    18    18    18    18    18    18    18    18    18    18    18    18    18    18    18    18
         18    18    18    18    18    18    18    18
  74   1000   988   952   895   821   735   641   546   454   368   291   224   167   121    85    57    35    20    12    19
         15    12     5    17    17    17    17    17    17    17    17    17    17    17    17    17    17    17    17    17
         17    17    17    17    17    17    17    17    17    17    17    17    17    17    17    17    17    17    17    17
         17    17    17    17    17    17    17
  75   1000   988   952   895   821   735   642   547   454   368   291   224   167   121    84    56    35    22    22    15
         11     4    14    14    14    14    14    14    14    14    14    14    14    14    14    14    14    14    14    14
         14    14    14    14    14    14    14    14    14    14    14    14    14    14    14    14    14    14    14    14
         14    14    14    14    14    14
  76   1000   988   952   895   821   735   642   547   455   369   291   224   167   121    84    56    37    27    16     9
          1    11    11    11    11    11    11    11    11    11    11    11    11    11    11    11    11    11    11    11
         11    11    11    11    11    11    11    11    11    11    11    11    11    11    11    11    11    11    11    11
         11    11    11    11    11
  77   1000   988   952   895   821   735   642   547   455   369   292   224   167   120    84    57    34    16     6    -1
          5     5     5     5     5     5     5     5     5     5     5     5     5     5     5     5     5     5     5     5
          5     5     5     5     5     5     5     5     5     5     5     5     5     5     5     5     5     5     5     5
          5     5     5     5
  78   1000   988   952   895   821   736   643   548   456   370   292   224   167   120    85    42    17     3    -5    -3
         -3    -3    -3    -3    -3    -3    -3    -3    -3    -3    -3    -3    -3    -3    -3    -3    -3    -3    -3    -3
         -3    -3    -3    -3    -3    -3    -3    -3    -3    -3    -3    -3    -3    -3    -3    -3    -3    -3    -3    -3
         -3    -3    -3
  79   1000   988   952   895   822   736   644   549   457   370   292   224   166   121    54    19     0   -10   -15   -15
        -15   -15   -15   -15   -15   -15   -15   -15   -15   -15   -15   -15   -15   -15   -15   -15   -15   -15   -15   -15
        -15   -15   -15   -15   -15   -15   -15   -15   -15   -15   -15   -15   -15   -15   -15   -15   -15   -15   -15   -15
        -15   -15
  80   1000   988   952   896   822   737   644   550   457   370   291   223   167    68    21    -5   -16   -31   -31   -31
        -31   -31   -31   -31   -31   -31   -31   -31   -31   -31   -31   -31   -31   -31   -31   -31   -31   -31   -31   -31
        -31   -31   -31   -31   -31   -31   -31   -31   -31   -31   -31   -31   -31   -31   -31   -31   -31   -31   -31   -31
        -31
  81   1000   988   952   896   823   737   645   550   457   369   291   223    86    24   -11   -22   -52   -52   -52   -52
        -52   -52   -52   -52   -52   -52   -52   -52   -52   -52   -52   -52   -52   -52   -52   -52   -52   -52   -52   -52
        -52   -52   -52   -52   -52   -52   -52   -52   -52   -52   -52   -52   -52   -52   -52   -52   -52   -52   -52   -52
  82   1000   988   952   896   823   738   645   550   456   368   290   107    28   -16   -27   -79   -79   -79   -79   -79
        -79   -79   -79   -79   -79   -79   -79   -79   -79   -79   -79   -79   -79   -79   -79   -79   -79   -79   -79   -79
        -79   -79   -79   -79   -79   -79   -79   -79   -79   -79   -79   -79   -79   -79   -79   -79   -79   -79   -79
  83   1000   988   953   897   823   738   644   548   454   366   131    34   -21   -31  -112  -112  -112  -112  -112  -112
       -112  -112  -112  -112  -112  -112  -112  -112  -112  -112  -112  -112  -112  -112  -112  -112  -112  -112  -112  -112
       -112  -112  -112  -112  -112  -112  -112  -112  -112  -112  -112  -112  -112  -112  -112  -112  -112  -112
  84   1000   988   953   897   823   737   643   546   451   158    41   -25   -32  -152  -152  -152  -152  -152  -152  -152
       -152  -152  -152  -152  -152  -152  -152  -152  -152  -152  -152  -152  -152  -152  -152  -152  -152  -152  -152  -152
       -152  -152  -152  -152  -152  -152  -152  -152  -152  -152  -152  -152  -152  -152  -152  -152  -152
  85   1000   988   953   896   822   735   640   541   187    50   -27   -28  -198  -198  -198  -198  -198  -198  -198  -198
       -198  -198  -198  -198  -198  -198  -198  -198  -198  -198  -198  -198  -198  -198  -198  -198  -198  -198  -198  -198
       -198  -198  -198  -198  -198  -198  -198  -198  -198  -198  -198  -198  -198  -198  -198  -198
  86   1000   988   952   895   821   733   634   216    62   -25   -16  -249  -249  -249  -249  -249  -249  -249  -249  -249
       -249  -249  -249  -249  -249  -249  -249  -249  -249  -249  -249  -249  -249  -249  -249  -249  -249  -249  -249  -249
       -249  -249  -249  -249  -249  -249  -249  -249  -249  -249  -249  -249  -249  -249  -249
  87   1000   988   952   894   818   725   244    76   -18     3  -304  -304  -304  -304  -304  -304  -304  -304  -304  -304
       -304  -304  -304  -304  -304  -304  -304  -304  -304  -304  -304  -304  -304  -304  -304  -304  -304  -304  -304  -304
       -304  -304  -304  -304  -304  -304  -304  -304  -304  -304  -304  -304  -304  -304
  88   1000   988   951   893   810   272    93    -4    34  -361  -361  -361  -361  -361  -361  -361  -361  -361  -361  -361
       -361  -361  -361  -361  -361  -361  -361  -361  -361  -361  -361  -361  -361  -361  -361  -361  -361  -361  -361  -361
       -361  -361  -361  -361  -361  -361  -361  -361  -361  -361  -361  -361  -361
  89   1000   987   950   883   297   114    17    79  -415  -415  -415  -415  -415  -415  -415  -415  -415  -415  -415  -415
       -415  -415  -415  -415  -415  -415  -415  -415  -415  -415  -415  -415  -415  -415  -415  -415  -415  -415  -415  -415
       -415  -415  -415  -415  -415  -415  -415  -415  -415  -415  -415  -415
  90   1000   987   941   324   143    52   141  -459  -459  -459  -459  -459  -459  -459  -459  -459  -459  -459  -459  -459
       -459  -459  -459  -459  -459  -459  -459  -459  -459  -459  -459  -459  -459  -459  -459  -459  -459  -459  -459  -459
       -459  -459  -459  -459  -459  -459  -459  -459  -459  -459  -459
  91   1000   980   363   192   113   229  -479  -479  -479  -479  -479  -479  -479  -479  -479  -479  -479  -479  -479  -479
       -479  -479  -479  -479  -479  -479  -479  -479  -479  -479  -479  -479  -479  -479  -479  -479  -479  -479  -479  -479
       -479  -479  -479  -479  -479  -479  -479  -479  -479  -479
  92   1000   483   333   268   394  -399  -399  -399  -399  -399  -399  -399  -399  -399  -399  -399  -399  -399  -399  -399
       -399  -399  -399  -399  -399  -399  -399  -399  -399  -399  -399  -399  -399  -399  -399  -399  -399  -399  -399  -399
       -399  -399  -399  -399  -399  -399  -399  -399  -399
  93   1000   979   937   827   594   594   594   594   594   594   594   594   594   594   594   594   594   594   594   594
        594   594   594   594   594   594   594   594   594   594   594   594   594   594   594   594   594   594   594   594
        594   594   594   594   594   594   594   594
  94   1000   987   883   684   684   684   684   684   684   684   684   684   684   684   684   684   684   684   684   684
        684   684   684   684   684   684   684   684   684   684   684   684   684   684   684   684   684   684   684   684
        684   684   684   684   684   684   684
  95   1000   933   676   676   676   676   676   676   676   676   676   676   676   676   676   676   676   676   676   676
        676   676   676   676   676   676   676   676   676   676   676   676   676   676   676   676   676   676   676   676
        676   676   676   676   676   676
  96   1000   406   406   406   406   406   406   406   406   406   406   406   406   406   406   406   406   406   406   406
        406   406   406   406   406   406   406   406   406   406   406   406   406   406   406   406   406   406   406   406
        406   406   406   406   406
  97   1000  1000  1000  1000  1000  1000  1000  1000  1000  1000  1000  1000  1000  1000  1000  1000  1000  1000  1000  1000
       1000  1000  1000  1000  1000  1000  1000  1000  1000  1000  1000  1000  1000  1000  1000  1000  1000  1000  1000  1000
       1000  1000  1000  1000
  98   1000  1000  1000  1000  1000  1000  1000  1000  1000  1000  1000  1000  1000  1000  1000  1000  1000  1000  1000  1000
       1000  1000  1000  1000  1000  1000  1000  1000  1000  1000  1000  1000  1000  1000  1000  1000  1000  1000  1000  1000
       1000  1000  1000
  99   1000  1000  1000  1000  1000  1000  1000  1000  1000  1000  1000  1000  1000  1000  1000  1000  1000  1000  1000  1000
       1000  1000  1000  1000  1000  1000  1000  1000  1000  1000  1000  1000  1000  1000  1000  1000  1000  1000  1000  1000
       1000  1000
 100   1000  1000  1000  1000  1000  1000  1000  1000  1000  1000  1000  1000  1000  1000  1000  1000  1000  1000  1000  1000
       1000  1000  1000  1000  1000  1000  1000  1000  1000  1000  1000  1000  1000  1000  1000  1000  1000  1000  1000  1000
       1000
 101   1000  1000  1000  1000  1000  1000  1000  1000  1000  1000  1000  1000  1000  1000  1000  1000  1000  1000  1000  1000
       1000  1000  1000  1000  1000  1000  1000  1000  1000  1000  1000  1000  1000  1000  1000  1000  1000  1000  1000  1000
 102   1000  1000  1000  1000  1000  1000  1000  1000  1000  1000  1000  1000  1000  1000  1000  1000  1000  1000  1000  1000
       1000  1000  1000  1000  1000  1000  1000  1000  1000  1000  1000  1000  1000  1000  1000  1000  1000  1000  1000
 103   1000  1000  1000  1000  1000  1000  1000  1000  1000  1000  1000  1000  1000  1000  1000  1000  1000  1000  1000  1000
       1000  1000  1000  1000  1000  1000  1000  1000  1000  1000  1000  1000  1000  1000  1000  1000  1000  1000
 104   1000  1000  1000  1000  1000  1000  1000  1000  1000  1000  1000  1000  1000  1000  1000  1000  1000  1000  1000  1000
       1000  1000  1000  1000  1000  1000  1000  1000  1000  1000  1000  1000  1000  1000  1000  1000  1000
 105   1000  1000  1000  1000  1000  1000  1000  1000  1000  1000  1000  1000  1000  1000  1000  1000  1000  1000  1000  1000
       1000  1000  1000  1000  1000  1000  1000  1000  1000  1000  1000  1000  1000  1000  1000  1000
 106   1000  1000  1000  1000  1000  1000  1000  1000  1000  1000  1000  1000  1000  1000  1000  1000  1000  1000  1000  1000
       1000  1000  1000  1000  1000  1000  1000  1000  1000  1000  1000  1000  1000  1000  1000
 107   1000  1000  1000  1000  1000  1000  1000  1000  1000  1000  1000  1000  1000  1000  1000  1000  1000  1000  1000  1000
       1000  1000  1000  1000  1000  1000  1000  1000  1000  1000  1000  1000  1000  1000
 108   1000  1000  1000  1000  1000  1000  1000  1000  1000  1000  1000  1000  1000  1000  1000  1000  1000  1000  1000  1000
       1000  1000  1000  1000  1000  1000  1000  1000  1000  1000  1000  1000  1000
 109   1000  1000  1000  1000  1000  1000  1000  1000  1000  1000  1000  1000  1000  1000  1000  1000  1000  1000  1000  1000
       1000  1000  1000  1000  1000  1000  1000  1000  1000  1000  1000  1000
 110   1000  1000  1000  1000  1000  1000  1000  1000  1000  1000  1000  1000  1000  1000  1000  1000  1000  1000  1000  1000
       1000  1000  1000  1000  1000  1000  1000  1000  1000  1000  1000
 111   1000  1000  1000  1000  1000  1000  1000  1000  1000  1000  1000  1000  1000  1000  1000  1000  1000  1000  1000  1000
       1000  1000  1000  1000  1000  1000  1000  1000  1000  1000
 112   1000  1000  1000  1000  1000  1000  1000  1000  1000  1000  1000  1000  1000  1000  1000  1000  1000  1000  1000  1000
       1000  1000  1000  1000  1000  1000  1000  1000  1000
 113   1000  1000  1000  1000  1000  1000  1000  1000  1000  1000  1000  1000  1000  1000  1000  1000  1000  1000  1000  1000
       1000  1000  1000  1000  1000  1000  1000  1000
 114   1000  1000  1000  1000  1000  1000  1000  1000  1000  1000  1000  1000  1000  1000  1000  1000  1000  1000  1000  1000
       1000  1000  1000  1000  1000  1000  1000
 115   1000  1000  1000  1000  1000  1000  1000  1000  1000  1000  1000  1000  1000  1000  1000  1000  1000  1000  1000  1000
       1000  1000  1000  1000  1000  1000
 116   1000  1000  1000  1000  1000  1000  1000  1000  1000  1000  1000  1000  1000  1000  1000  1000  1000  1000  1000  1000
       1000  1000  1000  1000  1000
 117   1000  1000  1000  1000  1000  1000  1000  1000  1000  1000  1000  1000  1000  1000  1000  1000  1000  1000  1000  1000
       1000  1000  1000  1000
 118   1000  1000  1000  1000  1000  1000  1000  1000  1000  1000  1000  1000  1000  1000  1000  1000  1000  1000  1000  1000
       1000  1000  1000
 119   1000  1000  1000  1000  1000  1000  1000  1000  1000  1000  1000  1000  1000  1000  1000  1000  1000  1000  1000  1000
       1000  1000
 120   1000  1000  1000  1000  1000  1000  1000  1000  1000  1000  1000  1000  1000  1000  1000  1000  1000  1000  1000  1000
       1000
 121   1000  1000  1000  1000  1000  1000  1000  1000  1000  1000  1000  1000  1000  1000  1000  1000  1000  1000  1000  1000
 122   1000  1000  1000  1000  1000  1000  1000  1000  1000  1000  1000  1000  1000  1000  1000  1000  1000  1000  1000
 123   1000  1000  1000  1000  1000  1000  1000  1000  1000  1000  1000  1000  1000  1000  1000  1000  1000  1000
 124   1000  1000  1000  1000  1000  1000  1000  1000  1000  1000  1000  1000  1000  1000  1000  1000  1000
 125   1000  1000  1000  1000  1000  1000  1000  1000  1000  1000  1000  1000  1000  1000  1000  1000
 126   1000  1000  1000  1000  1000  1000  1000  1000  1000  1000  1000  1000  1000  1000  1000
 127   1000  1000  1000  1000  1000  1000  1000  1000  1000  1000  1000  1000  1000  1000
 128   1000  1000  1000  1000  1000  1000  1000  1000  1000  1000  1000  1000  1000
 129   1000  1000  1000  1000  1000  1000  1000  1000  1000  1000  1000  1000
 130   1000  1000  1000  1000  1000  1000  1000  1000  1000  1000  1000
 131   1000  1000  1000  1000  1000  1000  1000  1000  1000  1000
 132   1000  1000  1000  1000  1000  1000  1000  1000  1000
 133   1000  1000  1000  1000  1000  1000  1000  1000
 134   1000  1000  1000  1000  1000  1000  1000
 135   1000  1000  1000  1000  1000  1000
 136   1000  1000  1000  1000  1000
 137   1000  1000  1000  1000
 138   1000  1000  1000
 139   1000  1000
 140   1000

 Finished!
