88" 33MeV Deuteron breakup on Ta, Clean Beam
  140    7    1    0    1
   0.00500  10.00000   0.00500   0.00100
   1.0000000   0   0 7.86600000E+03   1.0000000
AL27P    0.000E+00 0.040       0.00       0.00        (    )
AL27A    0.000E+00 0.020       0.00       0.00        (    )
NI582    0.000E+00 0.023       0.00       0.00        (    )
IN115N   0.000E+00 0.015       0.00       0.00        (    )
AU1972   0.000E+00 0.019       0.00       0.00        (    )
AU197G   0.000E+00 0.022       0.00 AUNG  3.70 BFX    (BEAM)
IN115G   0.000E+00 0.018       0.00 INNG 40.20 BFX    (BEAM)
Flux Uncertainty From MCNP Calculations
 140
 1.2600E-02 1.2400E-02 1.2500E-02 1.2700E-02 1.3200E-02 1.3800E-02 1.4600E-02
 1.5700E-02 1.7000E-02 1.8600E-02 2.0300E-02 2.2400E-02 2.4700E-02 2.7200E-02
 2.9900E-02 3.2900E-02 3.6100E-02 3.9600E-02 4.3400E-02 4.7500E-02 5.3000E-02
 5.7300E-02 6.4000E-02 7.4800E-02 8.6000E-02 9.7000E-02 1.1610E-01 1.2190E-01
 1.3070E-01 1.8010E-01 1.5520E-01 2.0220E-01 1.9770E-01 2.3110E-01 2.2400E-01
 2.7910E-01 2.7560E-01 2.6580E-01 2.6840E-01 2.0040E-01 3.1010E-01 1.9590E-01
 2.2460E-01 2.8330E-01 1.9170E-01 1.9550E-01 2.0500E-01 1.6000E-01 1.5040E-01
 1.2150E-01 1.1160E-01 1.0410E-01 9.0500E-02 7.6000E-02 6.3800E-02 5.3700E-02
 4.5300E-02 3.8500E-02 3.2900E-02 2.8400E-02 2.4700E-02 2.1700E-02 1.9200E-02
 1.7200E-02 1.5600E-02 1.4300E-02 1.3300E-02 1.2500E-02 1.1800E-02 1.1400E-02
 1.1000E-02 1.0800E-02 1.0800E-02 1.0800E-02 1.1000E-02 1.1200E-02 1.1600E-02
 1.1900E-02 1.2300E-02 1.2600E-02 1.2800E-02 1.2800E-02 1.2600E-02 1.2200E-02
 1.1500E-02 1.0700E-02 1.0000E-02 9.3000E-03 8.7000E-03 8.2000E-03 7.8000E-03
 7.5000E-03 7.4000E-03 7.3000E-03 7.4000E-03 7.5000E-03 7.8000E-03 8.1000E-03
 8.7000E-03 9.3000E-03 1.0200E-02 1.1300E-02 1.2700E-02 1.4400E-02 1.6600E-02
 1.9400E-02 2.3000E-02 2.7400E-02 3.3100E-02 4.0200E-02 4.9000E-02 6.0000E-02
 7.3300E-02 8.8900E-02 1.0650E-01 1.2510E-01 1.4320E-01 1.5940E-01 0.0000E+00
 0.0000E+00 0.0000E+00 0.0000E+00 0.0000E+00 0.0000E+00 0.0000E+00 0.0000E+00
 0.0000E+00 0.0000E+00 0.0000E+00 0.0000E+00 0.0000E+00 0.0000E+00 0.0000E+00
 0.0000E+00 0.0000E+00 0.0000E+00 0.0000E+00 0.0000E+00 0.0000E+00 0.0000E+00
Input Flux Spectrum from MCNP Simulation
 140   0 4.060E+09 2.000E+01 5.000E-08
 1.7652E-08 8.2968E-10 3.8424E-09 6.9715E-09 6.0043E-09 3.5400E-09 2.8023E-09
 2.7332E-09 2.2448E-09 1.1599E-09 6.7374E-10 6.8749E-10 7.2752E-10 9.1463E-10
 9.6079E-10 8.9973E-10 1.4784E-09 1.0000E-09 6.2357E-10 9.4855E-10 1.2666E-09
 6.5616E-10 1.2183E-09 7.0544E-10 2.8928E-10 2.8895E-10 2.7276E-10 6.0946E-10
 6.6509E-10 3.0390E-10 4.9882E-10 8.3355E-10 5.1212E-10 2.6098E-10 2.4087E-10
 5.2812E-10 3.8026E-10 5.0727E-10 9.1254E-10 6.5262E-10 5.7887E-10 1.4419E-09
 9.3813E-10 1.4764E-09 2.7950E-09 1.8394E-09 1.3966E-09 4.8664E-09 5.4575E-09
 1.1557E-08 1.5035E-08 1.7326E-08 2.0845E-08 3.0253E-08 4.2867E-08 5.7372E-08
 9.1500E-08 8.5108E-08 1.4843E-07 2.6712E-07 5.1160E-07 6.6966E-07 1.1456E-06
 1.6913E-06 2.3016E-06 3.4550E-06 5.7819E-06 5.3639E-06 7.7279E-06 8.0242E-06
 1.3333E-05 1.2033E-05 1.0065E-05 7.8281E-06 5.5039E-06 5.2987E-06 3.4187E-06
 2.0067E-06 1.6367E-06 1.0167E-06 5.9070E-07 4.2284E-07 4.3669E-07 4.4921E-07
 5.1716E-07 9.4978E-07 1.2824E-06 1.9965E-06 2.7293E-06 4.3197E-06 5.0197E-06
 5.5584E-06 5.5768E-06 5.3313E-06 4.5552E-06 3.8096E-06 2.7800E-06 2.0067E-06
 1.2917E-06 7.2463E-07 4.5387E-07 2.7197E-07 1.5685E-07 8.8313E-08 4.9022E-08
 2.7204E-08 1.5720E-08 9.2150E-09 5.4076E-09 3.4515E-09 2.2442E-09 1.4941E-09
 1.0755E-09 7.4461E-10 5.1919E-10 3.7771E-10 2.8039E-10 7.8663E-11 0.0000E+00
 0.0000E+00 0.0000E+00 0.0000E+00 0.0000E+00 0.0000E+00 0.0000E+00 0.0000E+00
 0.0000E+00 0.0000E+00 0.0000E+00 0.0000E+00 0.0000E+00 0.0000E+00 0.0000E+00
 0.0000E+00 0.0000E+00 0.0000E+00 0.0000E+00 0.0000E+00 0.0000E+00 0.0000E+00



                         ==============================
                               STAYSL PNNL OUTPUT
                         ==============================

 STAYSL PNNL, version 1.2.0, 2015-08-05


 SCENARIO TITLE: 88" 33MeV Deuteron breakup on Ta, Clean Beam
 -------------------------------------------------------------------------------
  NGROUP =   140    NRXN =     7    ACTIVITY NORM = 1.00000E+00

  COVARIANCE PARAMETERS (FCHN, FCVX, ACVX, FS)
    FLUXES:      WIDTH =  1.0000E+01   LONG RANGE COVAR. =  5.0000E-03
            ACTIVITIES =  5.0000E-03   X-SECT CROSS COR. =  1.0000E-03

  CALCULATED ACTIVITIES (unadjusted, but applying any cover or self-shielding)

       REACTION         SIG-PHI (1/s)    SIG (cm²)
    AL27(N,P)MG27        1.5716E-20     2.5614E-26
    AL27(N,A)NA24        1.8106E-20     2.9509E-26
    NI58(N,2N)NI57       3.6946E-21     6.0215E-27
    IN115(N,N')IN115M    8.6799E-20     1.4146E-25
    AU197(N,2N)AU196     2.8876E-19     4.7063E-25
    AU197(N,G)AU198      8.5364E-20     1.3913E-25
    IN115(N,G)IN116M     9.3498E-20     1.5238E-25

  SPECTRUM FOR ACTIVITIES
                   NORM =      1.0000
     AVG NEUTRON ENERGY =  5.0644E+00 MeV

 GRP     ENERGY       FLUX     INTEGRAL > E
   1   1.000E-10   7.9630E+10   6.1357E+05
   2   1.000E-09   3.7428E+08   6.1350E+05
   3   1.000E-08   1.2000E+09   6.1350E+05
   4   2.300E-08   1.0483E+09   6.1348E+05
   5   5.000E-08   9.3759E+08   6.1345E+05
   6   7.600E-08   3.6852E+08   6.1343E+05
   7   1.150E-07   2.0686E+08   6.1341E+05
   8   1.700E-07   1.3055E+08   6.1340E+05
   9   2.550E-07   7.2911E+07   6.1339E+05
  10   3.800E-07   2.7701E+07   6.1338E+05
  11   5.500E-07   9.4324E+06   6.1338E+05
  12   8.400E-07   6.4166E+06   6.1337E+05
  13   1.275E-06   4.7260E+06   6.1337E+05
  14   1.900E-06   4.1260E+06   6.1337E+05
  15   2.800E-06   2.6902E+06   6.1336E+05
  16   4.250E-06   1.7819E+06   6.1336E+05
  17   6.300E-06   2.0698E+06   6.1336E+05
  18   9.200E-06   9.4419E+05   6.1335E+05
  19   1.350E-05   3.3756E+05   6.1335E+05
  20   2.100E-05   4.2790E+05   6.1334E+05
  21   3.000E-05   3.4283E+05   6.1334E+05
  22   4.500E-05   1.1100E+05   6.1334E+05
  23   6.900E-05   1.5956E+05   6.1333E+05
  24   1.000E-04   8.1831E+04   6.1333E+05
  25   1.350E-04   3.3556E+04   6.1332E+05
  26   1.700E-04   2.3463E+04   6.1332E+05
  27   2.200E-04   1.8457E+04   6.1332E+05
  28   2.800E-04   3.0930E+04   6.1332E+05
  29   3.600E-04   3.0003E+04   6.1332E+05
  30   4.500E-04   9.8707E+03   6.1332E+05
  31   5.750E-04   1.0947E+04   6.1332E+05
  32   7.600E-04   1.6921E+04   6.1331E+05
  33   9.600E-04   6.6007E+03   6.1331E+05
  34   1.275E-03   3.2602E+03   6.1331E+05
  35   1.600E-03   2.4448E+03   6.1331E+05
  36   2.000E-03   3.0631E+03   6.1331E+05
  37   2.700E-03   2.2055E+03   6.1330E+05
  38   3.400E-03   1.8723E+03   6.1330E+05
  39   4.500E-03   3.7049E+03   6.1330E+05
  40   5.500E-03   1.5586E+03   6.1330E+05
  41   7.200E-03   1.1751E+03   6.1329E+05
  42   9.200E-03   2.0908E+03   6.1329E+05
  43   1.200E-02   1.2696E+03   6.1329E+05
  44   1.500E-02   1.4985E+03   6.1328E+05
  45   1.900E-02   1.7458E+03   6.1328E+05
  46   2.550E-02   1.1489E+03   6.1326E+05
  47   3.200E-02   7.0877E+02   6.1326E+05
  48   4.000E-02   1.5806E+03   6.1325E+05
  49   5.250E-02   1.6413E+03   6.1323E+05
  50   6.600E-02   2.1328E+03   6.1321E+05
  51   8.800E-02   2.7746E+03   6.1316E+05
  52   1.100E-01   2.8137E+03   6.1310E+05
  53   1.350E-01   3.3852E+03   6.1303E+05
  54   1.600E-01   4.0942E+03   6.1295E+05
  55   1.900E-01   5.8013E+03   6.1282E+05
  56   2.200E-01   6.6552E+03   6.1265E+05
  57   2.550E-01   1.0614E+04   6.1242E+05
  58   2.900E-01   1.1518E+04   6.1204E+05
  59   3.200E-01   1.5066E+04   6.1170E+05
  60   3.600E-01   2.7113E+04   6.1110E+05
  61   4.000E-01   4.1542E+04   6.1001E+05
  62   4.500E-01   5.4376E+04   6.0794E+05
  63   5.000E-01   9.3023E+04   6.0522E+05
  64   5.500E-01   1.3733E+05   6.0057E+05
  65   6.000E-01   1.5574E+05   5.9370E+05
  66   6.600E-01   2.3379E+05   5.8435E+05
  67   7.200E-01   3.9124E+05   5.7033E+05
  68   7.800E-01   3.6296E+05   5.4685E+05
  69   8.400E-01   3.9219E+05   5.2507E+05
  70   9.200E-01   4.0723E+05   4.9370E+05
  71   1.000E+00   2.7066E+05   4.6112E+05
  72   1.200E+00   2.4427E+05   4.0699E+05
  73   1.400E+00   2.0432E+05   3.5814E+05
  74   1.600E+00   1.5891E+05   3.1727E+05
  75   1.800E+00   1.1173E+05   2.8549E+05
  76   2.000E+00   7.1709E+04   2.6314E+05
  77   2.300E+00   4.6266E+04   2.4163E+05
  78   2.600E+00   2.7157E+04   2.2775E+05
  79   2.900E+00   1.6613E+04   2.1960E+05
  80   3.300E+00   1.0320E+04   2.1296E+05
  81   3.700E+00   5.9956E+03   2.0883E+05
  82   4.100E+00   4.2918E+03   2.0643E+05
  83   4.500E+00   3.5459E+03   2.0472E+05
  84   5.000E+00   3.6476E+03   2.0294E+05
  85   5.500E+00   4.1993E+03   2.0112E+05
  86   6.000E+00   5.5087E+03   1.9902E+05
  87   6.700E+00   7.4379E+03   1.9516E+05
  88   7.400E+00   1.0132E+04   1.8996E+05
  89   8.200E+00   1.3851E+04   1.8185E+05
  90   9.000E+00   1.7538E+04   1.7077E+05
  91   1.000E+01   2.0380E+04   1.5323E+05
  92   1.100E+01   2.2567E+04   1.3285E+05
  93   1.200E+01   2.2642E+04   1.1028E+05
  94   1.300E+01   2.1645E+04   8.7643E+04
  95   1.400E+01   1.8494E+04   6.5998E+04
  96   1.500E+01   1.5467E+04   4.7504E+04
  97   1.600E+01   1.1287E+04   3.2037E+04
  98   1.700E+01   8.1472E+03   2.0750E+04
  99   1.800E+01   5.2443E+03   1.2603E+04
 100   1.900E+01   2.9420E+03   7.3586E+03
 101   2.000E+01   1.8427E+03   4.4166E+03
 102   2.100E+01   1.1042E+03   2.5739E+03
 103   2.200E+01   6.3681E+02   1.4697E+03
 104   2.300E+01   3.5855E+02   8.3290E+02
 105   2.400E+01   1.9903E+02   4.7435E+02
 106   2.500E+01   1.1045E+02   2.7532E+02
 107   2.600E+01   6.3823E+01   1.6487E+02
 108   2.700E+01   3.7413E+01   1.0105E+02
 109   2.800E+01   2.1955E+01   6.3634E+01
 110   2.900E+01   1.4013E+01   4.1679E+01
 111   3.000E+01   9.1115E+00   2.7666E+01
 112   3.100E+01   6.0660E+00   1.8555E+01
 113   3.200E+01   4.3665E+00   1.2489E+01
 114   3.300E+01   3.0231E+00   8.1223E+00
 115   3.400E+01   2.1079E+00   5.0992E+00
 116   3.500E+01   1.5335E+00   2.9913E+00
 117   3.600E+01   1.1384E+00   1.4578E+00
 118   3.700E+01   3.1937E-01   3.1937E-01
 119   3.800E+01   0.0000E+00   0.0000E+00
 120   3.900E+01   0.0000E+00   0.0000E+00
 121   4.000E+01   0.0000E+00   0.0000E+00
 122   4.100E+01   0.0000E+00   0.0000E+00
 123   4.200E+01   0.0000E+00   0.0000E+00
 124   4.300E+01   0.0000E+00   0.0000E+00
 125   4.400E+01   0.0000E+00   0.0000E+00
 126   4.500E+01   0.0000E+00   0.0000E+00
 127   4.600E+01   0.0000E+00   0.0000E+00
 128   4.700E+01   0.0000E+00   0.0000E+00
 129   4.800E+01   0.0000E+00   0.0000E+00
 130   4.900E+01   0.0000E+00   0.0000E+00
 131   5.000E+01   0.0000E+00   0.0000E+00
 132   5.100E+01   0.0000E+00   0.0000E+00
 133   5.200E+01   0.0000E+00   0.0000E+00
 134   5.300E+01   0.0000E+00   0.0000E+00
 135   5.400E+01   0.0000E+00   0.0000E+00
 136   5.500E+01   0.0000E+00   0.0000E+00
 137   5.600E+01   0.0000E+00   0.0000E+00
 138   5.700E+01   0.0000E+00   0.0000E+00
 139   5.800E+01   0.0000E+00   0.0000E+00
 140   5.900E+01   0.0000E+00   0.0000E+00
       6.000E+01

 Finished!
