NIF_RUN Passive 18x snout on TANDM 90-348 Pinhole
  140    6    1    0    1
   0.00500   9.00000   0.03000   0.00100
   0.0000000   0   0 1.00000000E+00   1.0000000
ZR902    5.587E-15 0.015       0.00       0.00        (    )
IN115N   1.817E-15 0.012       0.00       0.00        (    )
AU197G   3.975E-14 0.016       0.00 AUNG  3.94 IFX    (ISTP)
IN115G   1.329E-14 0.016       0.00 INNG 39.37 IFX    (ISTP)
AU1972   1.991E-14 0.012       0.00       0.00        (    )
AL27A    1.015E-15 0.079       0.00       0.00        (    )
Flux Uncertainty
 140
 0.0000E+00 0.0000E+00 0.0000E+00 0.0000E+00 0.0000E+00 0.0000E+00 0.0000E+00
 0.0000E+00 0.0000E+00 0.0000E+00 0.0000E+00 0.0000E+00 0.0000E+00 0.0000E+00
 0.0000E+00 0.0000E+00 0.0000E+00 1.0000E+00 1.0000E+00 1.0000E+00 1.0000E+00
 1.0000E+00 1.0000E+00 1.0000E+00 1.0000E+00 1.0000E+00 1.0000E+00 1.0000E+00
 1.0000E+00 1.0000E+00 1.0000E+00 1.0000E+00 1.0000E+00 1.0000E+00 1.0000E+00
 1.0000E+00 1.0000E+00 1.0000E+00 1.0000E+00 1.0000E+00 1.0000E+00 1.0000E+00
 1.0000E+00 1.0000E+00 1.0000E+00 1.0000E+00 1.0000E+00 1.0000E+00 1.0000E+00
 1.0000E+00 1.0000E+00 1.0000E+00 1.0000E+00 1.0000E+00 1.0000E+00 1.0000E+00
 1.0000E+00 1.0000E+00 1.0000E+00 1.0000E+00 1.0000E+00 1.0000E+00 1.0000E+00
 1.0000E+00 1.0000E+00 1.0000E+00 1.0000E+00 1.0000E+00 1.0000E+00 1.0000E+00
 1.0000E+00 1.0000E+00 1.0000E+00 1.0000E+00 1.0000E+00 1.0000E+00 1.0000E+00
 1.0000E+00 1.0000E+00 1.0000E+00 1.0000E+00 1.0000E+00 1.0000E+00 1.0000E+00
 1.0000E+00 1.0000E+00 1.0000E+00 1.0000E+00 1.0000E+00 1.0000E+00 1.0000E+00
 1.0000E+00 1.0000E+00 2.0000E-01 2.0000E-01 2.0000E-01 0.0000E+00 0.0000E+00
 0.0000E+00 0.0000E+00 0.0000E+00 0.0000E+00 0.0000E+00 0.0000E+00 0.0000E+00
 0.0000E+00 0.0000E+00 0.0000E+00 0.0000E+00 0.0000E+00 0.0000E+00 0.0000E+00
 0.0000E+00 0.0000E+00 0.0000E+00 0.0000E+00 0.0000E+00 0.0000E+00 0.0000E+00
 0.0000E+00 0.0000E+00 0.0000E+00 0.0000E+00 0.0000E+00 0.0000E+00 0.0000E+00
 0.0000E+00 0.0000E+00 0.0000E+00 0.0000E+00 0.0000E+00 0.0000E+00 0.0000E+00
 0.0000E+00 0.0000E+00 0.0000E+00 0.0000E+00 0.0000E+00 0.0000E+00 0.0000E+00
Input Flux Spectrum
 140   1 1.000E+00 2.000E+01 5.000E-08
 0.0000E+00 0.0000E+00 0.0000E+00 0.0000E+00 0.0000E+00 0.0000E+00 0.0000E+00
 0.0000E+00 0.0000E+00 0.0000E+00 0.0000E+00 0.0000E+00 0.0000E+00 0.0000E+00
 1.3900E+07 1.3900E+07 1.3900E+07 1.3900E+07 2.8700E+07 1.3900E+07 1.1500E+07
 1.1500E+07 1.1500E+07 1.1500E+07 2.8900E+07 7.1700E+06 7.1700E+06 7.1700E+06
 7.1700E+06 2.3800E+07 2.1800E+07 2.1800E+07 2.1800E+07 1.3900E+07 1.3900E+07
 2.2100E+07 1.2700E+07 1.2700E+07 1.2700E+07 7.7800E+06 2.4200E+07 2.4200E+07
 2.8200E+07 1.1200E+07 4.6600E+07 2.6700E+07 1.1200E+07 1.1200E+07 1.1200E+07
 1.0200E+07 1.5800E+07 1.8400E+07 1.8400E+07 1.9400E+07 1.3800E+07 1.3800E+07
 1.4800E+05 1.4800E+05 1.4800E+05 6.3400E+06 6.3400E+06 6.3400E+06 1.1400E+07
 1.8800E+06 5.6400E+06 1.6900E+07 1.9100E+07 1.9100E+07 3.2100E+07 1.0300E+07
 2.1300E+07 1.2600E+07 2.1100E+07 1.9400E+07 1.9400E+07 3.8900E+07 6.4700E+05
 6.4700E+05 6.4700E+05 6.4700E+05 1.2400E+07 2.2000E+07 1.2400E+07 1.2400E+07
 1.2400E+07 2.1500E+06 2.1500E+06 1.2900E+07 7.0400E+06 7.0400E+06 9.7000E+06
 9.7000E+06 9.7000E+06 1.0500E+10 1.5100E+10 4.4200E+07 0.0000E+00 0.0000E+00
 0.0000E+00 0.0000E+00 0.0000E+00 0.0000E+00 0.0000E+00 0.0000E+00 0.0000E+00
 0.0000E+00 0.0000E+00 0.0000E+00 0.0000E+00 0.0000E+00 0.0000E+00 0.0000E+00
 0.0000E+00 0.0000E+00 0.0000E+00 0.0000E+00 0.0000E+00 0.0000E+00 0.0000E+00
 0.0000E+00 0.0000E+00 0.0000E+00 0.0000E+00 0.0000E+00 0.0000E+00 0.0000E+00
 0.0000E+00 0.0000E+00 0.0000E+00 0.0000E+00 0.0000E+00 0.0000E+00 0.0000E+00
 0.0000E+00 0.0000E+00 0.0000E+00 0.0000E+00 0.0000E+00 0.0000E+00 0.0000E+00
   10   13   28   11    8    5    8    7   10   40



                         ==============================
                               STAYSL PNNL OUTPUT
                         ==============================

 STAYSL PNNL, version 1.2.0, 2015-08-05


 SCENARIO TITLE: NIF_RUN Passive 18x snout on TANDM 90-348 Pinhole
 -------------------------------------------------------------------------------
  NGROUP =   140    NRXN =     6    ACTIVITY NORM = 1.00000E+00

  COVARIANCE PARAMETERS (FCHN, FCVX, ACVX, FS)
    FLUXES:      WIDTH =  9.0000E+00   LONG RANGE COVAR. =  3.0000E-02
            ACTIVITIES =  5.0000E-03   X-SECT CROSS COR. =  1.0000E-03

    DETERM =   1.1328 × 10^  -3.00      ERROR =  -1.3857E-14

  INPUT NORMALIZATION DATA
    AK1   =     0.00000     VAK        =     0.00090
    NORML =           0     RENORM     = 4.27216E-01
    CHI²  =  2134.37011     NORM. CHI² =   426.87402

  DOSIMETRY ACTIVITIES
     ———— INPUTS —————  -UNADJUSTED FLUX-  — ADJUSTED FLUX —    CHI²  90% ACTIVITIES RANGE
 RXN  MEASURED     ±%   ACTIVITY    %DIFF  ACTIVITY    %DIFF  CONTRIB --LOW E-- --HIGH E--   REACTION          CVR
  1  5.587E-15    1.50  6.589E-15   17.93  5.614E-15    0.49   36.754  1.30E+01  1.40E+01  ZR90(N,2N)ZR89          
  2  1.817E-15    1.20  7.834E-16  -56.89  1.124E-15  -38.12  895.074  1.40E+00  1.40E+01  IN115(N,N')IN115M       
  3  3.975E-14    1.60  4.626E-15  -88.36  3.264E-14  -17.88  464.348  4.25E-06  2.00E-03  AU197(N,G)AU198         
  4  1.329E-14    1.60  8.659E-16  -93.48  1.025E-14  -22.84  671.527  9.20E-06  1.90E-02  IN115(N,G)IN116M        
  5  1.991E-14    1.20  2.321E-14   16.60  2.054E-14    3.14   56.949  1.30E+01  1.40E+01  AU197(N,2N)AU196        
  6  1.015E-15    7.90  1.307E-15   28.79  1.172E-15   15.45    9.718  1.30E+01  1.40E+01  AL27(N,A)NA24           

             % STD. DEV.  =         65.13              22.55

                              CHECK INPUT, IT IS RATHER UNLIKELY !
                                   *** BEWARE OF OUTPUT ! ***


  DIFFERENTIAL FLUXES (input is normalized by a factor of 4.2722E-01)
                  —————— DIFFERENTIAL FLUX —————   ———— STD. DEV. % ————   INTEGRAL
 GRP    ENERGY        NEW         OLD      RATIO    NEW     OLD    RATIO   FLUX > E     ± %
  15  2.8000E-06  4.4677E+12  4.0954E+12   1.091    2.95    3.00   0.982  1.6157E+10   11.92
  16  4.2500E-06  3.1601E+12  2.8967E+12   1.091    2.95    3.00   0.982  1.6150E+10   11.93
  17  6.3000E-06  2.2338E+12  2.0477E+12   1.091    2.95    3.00   0.982  1.6144E+10   11.93
  18  9.2000E-06  2.3287E+13  1.3810E+12  16.862   87.35  100.00   0.873  1.6138E+10   11.94
  19  1.3500E-05  3.0644E+13  1.6348E+12  18.745   84.14  100.00   0.841  1.6037E+10   12.00
  20  2.1000E-05  1.3557E+13  6.5981E+11  20.547   80.55  100.00   0.806  1.5808E+10   12.24
  21  3.0000E-05  7.2764E+12  3.2753E+11  22.216   76.65  100.00   0.767  1.5686E+10   12.41
  22  4.5000E-05  4.8519E+12  2.0471E+11  23.702   72.59  100.00   0.726  1.5576E+10   12.57
  23  6.9000E-05  3.9563E+12  1.5848E+11  24.963   68.55  100.00   0.686  1.5460E+10   12.74
  24  1.0000E-04  3.6452E+12  1.4037E+11  25.968   64.81  100.00   0.648  1.5337E+10   12.92
  25  1.3500E-04  9.4171E+12  3.5276E+11  26.696   61.67  100.00   0.617  1.5210E+10   13.09
  26  1.7000E-04  1.6624E+12  6.1263E+10  27.135   59.47  100.00   0.595  1.4880E+10   13.51
  27  2.2000E-04  1.3931E+12  5.1052E+10  27.288   58.45  100.00   0.584  1.4797E+10   13.61
  28  2.8000E-04  1.0401E+12  3.8289E+10  27.164   58.74  100.00   0.587  1.4713E+10   13.67
  29  3.6000E-04  9.1148E+11  3.4035E+10  26.781   60.27  100.00   0.603  1.4630E+10   13.70
  30  4.5000E-04  2.1282E+12  8.1342E+10  26.164   62.83  100.00   0.628  1.4548E+10   13.68
  31  5.7500E-04  1.2758E+12  5.0342E+10  25.344   66.08  100.00   0.661  1.4282E+10   13.56
  32  7.6000E-04  1.1340E+12  4.6566E+10  24.352   69.69  100.00   0.697  1.4046E+10   13.40
  33  9.6000E-04  6.8669E+11  2.9566E+10  23.226   73.39  100.00   0.734  1.3819E+10   13.20
  34  1.2750E-03  4.0195E+11  1.8272E+10  21.999   76.95  100.00   0.769  1.3603E+10   12.98
  35  1.6000E-03  3.0740E+11  1.4846E+10  20.706   80.21  100.00   0.802  1.3472E+10   12.82
  36  2.0000E-03  2.6139E+11  1.3488E+10  19.380   83.09  100.00   0.831  1.3349E+10   12.65
  37  2.7000E-03  1.3989E+11  7.7509E+09  18.048   85.57  100.00   0.856  1.3166E+10   12.38
  38  3.4000E-03  8.2543E+10  4.9324E+09  16.735   87.65  100.00   0.877  1.3069E+10   12.23
  39  4.5000E-03  8.3879E+10  5.4256E+09  15.460   89.39  100.00   0.894  1.2978E+10   12.07
  40  5.5000E-03  2.7834E+10  1.9551E+09  14.236   90.83  100.00   0.908  1.2894E+10   11.91
  41  7.2000E-03  6.7579E+10  5.1693E+09  13.073   92.04  100.00   0.920  1.2847E+10   11.82
  42  9.2000E-03  4.4217E+10  3.6924E+09  11.975   93.08  100.00   0.931  1.2711E+10   11.54
  43  1.2000E-02  4.3949E+10  4.0158E+09  10.944   93.99  100.00   0.940  1.2588E+10   11.31
  44  1.5000E-02  1.1936E+10  1.1962E+09   9.978   94.82  100.00   0.948  1.2456E+10   11.09
  45  1.9000E-02  2.7797E+10  3.0628E+09   9.076   95.58  100.00   0.956  1.2408E+10   11.02
  46  2.5500E-02  1.4451E+10  1.7549E+09   8.235   96.27  100.00   0.963  1.2227E+10   10.82
  47  3.2000E-02  4.4580E+09  5.9810E+08   7.454   96.90  100.00   0.969  1.2133E+10   10.77
  48  4.0000E-02  2.5768E+09  3.8279E+08   6.732   97.47  100.00   0.975  1.2098E+10   10.75
  49  5.2500E-02  2.1512E+09  3.5443E+08   6.069   97.96  100.00   0.980  1.2065E+10   10.74
  50  6.6000E-02  1.0830E+09  1.9807E+08   5.467   98.39  100.00   0.984  1.2036E+10   10.74
  51  8.8000E-02  1.5123E+09  3.0682E+08   4.929   98.75  100.00   0.987  1.2013E+10   10.73
  52  1.1000E-01  1.4012E+09  3.1443E+08   4.456   99.04  100.00   0.990  1.1979E+10   10.73
  53  1.3500E-01  1.2743E+09  3.1443E+08   4.053   99.27  100.00   0.993  1.1944E+10   10.72
  54  1.6000E-01  1.0288E+09  2.7627E+08   3.724   99.45  100.00   0.995  1.1912E+10   10.72
  55  1.9000E-01  6.8263E+08  1.9652E+08   3.474   99.59  100.00   0.996  1.1882E+10   10.73
  56  2.2000E-01  5.5721E+08  1.6844E+08   3.308   99.68  100.00   0.997  1.1861E+10   10.73
  57  2.5500E-01  5.8416E+06  1.8065E+06   3.234   99.75  100.00   0.997  1.1842E+10   10.73
  58  2.9000E-01  6.8668E+06  2.1076E+06   3.258   99.79  100.00   0.998  1.1841E+10   10.73
  59  3.2000E-01  5.3578E+06  1.5807E+06   3.390   99.80  100.00   0.998  1.1841E+10   10.73
  60  3.6000E-01  2.4622E+08  6.7714E+07   3.636   99.77  100.00   0.998  1.1841E+10   10.73
  61  4.0000E-01  2.1700E+08  5.4171E+07   4.006   99.71  100.00   0.997  1.1831E+10   10.72
  62  4.5000E-01  2.4400E+08  5.4171E+07   4.504   99.59  100.00   0.996  1.1820E+10   10.70
  63  5.0000E-01  5.0015E+08  9.7405E+07   5.135   99.40  100.00   0.994  1.1808E+10   10.68
  64  5.5000E-01  9.4714E+07  1.6063E+07   5.896   99.12  100.00   0.991  1.1783E+10   10.62
  65  6.0000E-01  2.7239E+08  4.0158E+07   6.783   98.71  100.00   0.987  1.1778E+10   10.61
  66  6.6000E-01  9.3648E+08  1.2033E+08   7.782   98.15  100.00   0.982  1.1762E+10   10.56
  67  7.2000E-01  1.2073E+09  1.3600E+08   8.878   97.42  100.00   0.974  1.1706E+10   10.36
  68  7.8000E-01  1.3654E+09  1.3600E+08  10.040   96.49  100.00   0.965  1.1633E+10   10.09
  69  8.4000E-01  1.9271E+09  1.7142E+08  11.242   95.36  100.00   0.954  1.1551E+10    9.76
  70  9.2000E-01  6.8480E+08  5.5004E+07  12.450   94.04  100.00   0.940  1.1397E+10    9.14
  71  1.0000E+00  6.2001E+08  4.5498E+07  13.627   92.57  100.00   0.926  1.1342E+10    8.91
  72  1.2000E+00  3.9669E+08  2.6915E+07  14.739   90.99  100.00   0.910  1.1218E+10    8.38
  73  1.4000E+00  7.1000E+08  4.5071E+07  15.753   89.37  100.00   0.894  1.1139E+10    8.03
  74  1.6000E+00  6.8965E+08  4.1440E+07  16.642   87.79  100.00   0.878  1.0997E+10    7.39
  75  1.8000E+00  7.2046E+08  4.1440E+07  17.386   86.33  100.00   0.863  1.0859E+10    6.78
  76  2.0000E+00  9.9538E+08  5.5396E+07  17.969   85.05  100.00   0.851  1.0715E+10    6.15
  77  2.3000E+00  1.6936E+07  9.2136E+05  18.382   84.03  100.00   0.840  1.0417E+10    5.09
  78  2.6000E+00  1.7157E+07  9.2136E+05  18.621   83.30  100.00   0.833  1.0411E+10    5.07
  79  2.9000E+00  1.2911E+07  6.9102E+05  18.685   82.86  100.00   0.829  1.0406E+10    5.05
  80  3.3000E+00  1.2833E+07  6.9102E+05  18.571   82.69  100.00   0.827  1.0401E+10    5.03
  81  3.7000E+00  2.4208E+08  1.3244E+07  18.279   82.72  100.00   0.827  1.0396E+10    5.00
  82  4.1000E+00  4.1835E+08  2.3497E+07  17.805   82.84  100.00   0.828  1.0299E+10    4.40
  83  4.5000E+00  1.8165E+08  1.0595E+07  17.145   82.88  100.00   0.829  1.0132E+10    3.34
  84  5.0000E+00  1.7265E+08  1.0595E+07  16.295   82.62  100.00   0.826  1.0041E+10    2.76
  85  5.5000E+00  1.6161E+08  1.0595E+07  15.254   81.78  100.00   0.818  9.9547E+09    2.23
  86  6.0000E+00  1.8401E+07  1.3122E+06  14.024   80.08  100.00   0.801  9.8739E+09    1.78
  87  6.7000E+00  1.6554E+07  1.3122E+06  12.615   77.19  100.00   0.772  9.8610E+09    1.71
  88  7.4000E+00  7.6118E+07  6.8889E+06  11.049   72.83  100.00   0.728  9.8494E+09    1.65
  89  8.2000E+00  3.5180E+07  3.7595E+06   9.358   66.81  100.00   0.668  9.7885E+09    1.37
  90  9.0000E+00  2.2810E+07  3.0076E+06   7.584   59.00  100.00   0.590  9.7604E+09    1.26
  91  1.0000E+01  2.3962E+07  4.1440E+06   5.782   49.45  100.00   0.494  9.7375E+09    1.20
  92  1.1000E+01  1.6634E+07  4.1440E+06   4.014   38.42  100.00   0.384  9.7136E+09    1.15
  93  1.2000E+01  9.7065E+06  4.1440E+06   2.342   26.55  100.00   0.265  9.6969E+09    1.12
  94  1.3000E+01  4.6583E+09  4.4858E+09   1.038    2.15   20.21   0.106  9.6872E+09    1.11
  95  1.4000E+01  5.0182E+09  6.4510E+09   0.778    1.52   20.21   0.075  5.0289E+09    1.52
  96  1.5000E+01  1.0714E+07  1.8883E+07   0.567    4.16   20.21   0.206  1.0714E+07    4.16
      1.6000E+01

  INTEGRALS OF SPECTRA
    OLD SPECTRUM   1.1423E+10   ±   19.658 %
    NEW SPECTRUM   1.6157E+10   ±   11.923 %

  SUMMARY OF BROAD-GROUP FLUXES, FLUENCES, AND UNCERTAINTIES

    IRRAD TIME [S] = 1.00000000E+00   ACT NORM =  1.00000000E+00

       ENERGY       FLUX       FLUENCE      STDEV %
      thermal    0.0000E+00  0.0000E+00  ±   0.00     (0.100 meV – 0.550  eV)
     epithermal  4.1776E+09  4.1776E+09  ±  33.66     (0.550  eV – 110.0 keV)
        fast     1.1979E+10  1.1979E+10  ±  10.73     (110.0 keV –  20.0 MeV)
        fast     1.1342E+10  1.1342E+10  ±   8.91     (  1.0 MeV –  20.0 MeV)
        high     0.0000E+00  0.0000E+00  ±   0.00     ( 20.0 MeV –  60.0 MeV)

    MINI-SPECTRUM

       ENERGY       FLUX       FLUENCE      STDEV %
     1.0000E-10  0.0000E+00  0.0000E+00  ±   0.00
     5.5000E-07  8.1965E+08  8.1965E+08  ±  73.88
     1.0000E-04  3.3579E+09  3.3579E+09  ±  44.02
     1.1000E-01  1.7125E+08  1.7125E+08  ±  90.00
     5.0000E-01  4.6559E+08  4.6559E+08  ±  92.96
     1.0000E+00  6.2736E+08  6.2736E+08  ±  86.62
     2.0000E+00  6.7414E+08  6.7414E+08  ±  72.84
     5.0000E+00  3.0345E+08  3.0345E+08  ±  73.58
     1.0000E+01  9.7375E+09  9.7375E+09  ±   1.20
     2.0000E+01  0.0000E+00  0.0000E+00  ±   0.00
     6.0000E+01

       TOTAL     1.6157E+10  1.6157E+10  ±  11.92

    RELATIVE COVARIANCES (10×10)
        0     0     0     0     0     0     0     0     0     0
     1000  -320   -63   -16    -7     8    18    64     0
     1000   124   -20    -9    14    30   105     0
     1000   229    46    -2    -9     0     0
     1000   711   178  -117   -71     0
     1000   605   -57  -127     0
     1000   558   -51     0
     1000   260     0
     1000     0
        0

  SPECTRAL-AVERAGED REACTION RATES (for all cross section library reactions)

        REACTIONS        SIG-PHI      <SIG>          REACTIONS        SIG-PHI      <SIG>          REACTIONS        SIG-PHI      <SIG>  
   ------------------  ----------  ----------   ------------------  ----------  ----------   ------------------  ----------  ----------
   LI6(N,A)T           4.3715E-14  2.7056E-24   FE58(N,G)FE59       3.0998E-16  1.9186E-26   IN115(N,N')IN115M   1.1244E-15  6.9594E-26
   B10(N,A)LI7         1.7273E-13  1.0691E-23   CO59(N,2N)CO58      6.5400E-15  4.0478E-25   IN115(N,2N)IN114M   1.2798E-14  7.9208E-25
   F19(N,2N)F18        3.3750E-16  2.0889E-26   CO59(N,3N)CO57      0.0000E+00  0.0000E+00   IN115(N,G)IN116M    1.4415E-14  8.9221E-25
   NA23(N,2N)NA22      1.9472E-16  1.2052E-26   CO59(N,G)CO60       3.8790E-14  2.4008E-24   I127(N,2N)I126      1.4028E-14  8.6822E-25
   NA23(N,G)NA24       6.4807E-17  4.0111E-27   CO59(N,P)FE59       4.9596E-16  3.0696E-26   LA139(N,G)LA140     2.8431E-15  1.7596E-25
   MG24(N,P)NA24       1.8428E-15  1.1406E-25   CO59(N,A)MN56       3.0054E-16  1.8601E-26   PR141(N,2N)PR140    1.5687E-14  9.7091E-25
   AL27(N,P)MG27       7.6366E-16  4.7265E-26   NI58(N,2N)NI57      2.1611E-16  1.3376E-26   TM169(N,2N)TM168    1.9182E-14  1.1872E-24
   AL27(N,A)NA24       1.1718E-15  7.2528E-26   NI58(N,P)CO58       3.9076E-15  2.4186E-25   TM169(N,3N)TM167    2.3345E-19  1.4449E-29
   SI28(N,P)AL28       2.6231E-15  1.6235E-25   NI60(N,P)CO60       1.4423E-15  8.9270E-26   TA181(N,G)TA182     1.0246E-13  6.3414E-24
   P31(N,P)SI31        1.0117E-15  6.2615E-26   CU63(N,2N)CU62      4.2004E-15  2.5998E-25   W186(N,G)W187       2.6397E-13  1.6338E-23
   S32(N,P)P32         2.6751E-15  1.6557E-25   CU63(N,G)CU64       2.2857E-15  1.4147E-25   AU197(N,2N)AU196    2.0536E-14  1.2710E-24
   TI46(N,2N)TI45      1.7534E-16  1.0853E-26   CU63(N,A)CO60       4.4230E-16  2.7375E-26   AU197(N,G)AU198     5.9621E-14  3.6901E-24
   TI46(N,P)SC46       2.5668E-15  1.5887E-25   CU65(N,2N)CU64      8.4230E-15  5.2133E-25   HG199(N,N')HG199M   2.2917E-15  1.4184E-25
   TI47(N,P)SC47       1.3427E-15  8.3102E-26   ZN64(N,P)CU64       1.8590E-15  1.1506E-25   PB204(N,N')PB204M   8.4612E-16  5.2369E-26
   TI47(N,X)SC46       3.7698E-16  2.3332E-26   ZN67(N,P)CU67       3.3132E-16  2.0507E-26   BI209(N,3N)BI207    3.3158E-18  2.0522E-28
   TI48(N,P)SC48       6.0064E-16  3.7175E-26   AS75(N,2N)AS74      9.0606E-15  5.6079E-25   TH232(N,FISSION)    3.6777E-15  2.2762E-25
   TI48(N,X)SC47       6.6755E-17  4.1317E-27   Y89(N,2N)Y88        7.8521E-15  4.8599E-25   TH232(N,G)TH233     2.9139E-14  1.8035E-24
   TI49(N,X)SC48       3.6865E-17  2.2817E-27   ZR90(N,2N)ZR89      5.6143E-15  3.4748E-25   U235(N,FISSION)     8.8725E-14  5.4915E-24
   V51(N,A)SC48        1.4522E-16  8.9881E-27   NB93(N,G)NB94       4.0545E-15  2.5094E-25   U235(N,G)U236       3.8668E-14  2.3933E-24
   CR52(N,2N)CR51      2.5035E-15  1.5495E-25   NB93(N,N')NB93M     7.3332E-16  4.5387E-26   U238(N,2N)U237      9.7061E-15  6.0074E-25
   MN55(N,2N)MN54      6.6937E-15  4.1429E-25   NB93(N,2N)NB92M     4.4355E-15  2.7453E-25   U238(N,FISSION)     1.1841E-14  7.3286E-25
   MN55(N,G)MN56       3.7380E-15  2.3135E-25   MO92(N,P)NB92M      7.4524E-16  4.6125E-26   U238(N,G)U239       6.8551E-14  4.2428E-24
   FE54(N,2N)FE53      2.9354E-17  1.8168E-27   RH103(N,N')RH103M   4.7841E-15  2.9610E-25   NP237(N,FISSION)    2.4452E-14  1.5134E-24
   FE54(N,P)MN54       3.6421E-15  2.2542E-25   AG109(N,G)AG110M    2.5621E-15  1.5858E-25   PU239(N,FISSION)    9.9528E-14  6.1601E-24
   FE54(N,A)CR51       8.5257E-16  5.2768E-26   IN113(N,N')IN113M   9.6106E-16  5.9483E-26   AM241(N,FISSION)    2.9391E-14  1.8191E-24
   FE56(N,P)MN56       1.0984E-15  6.7985E-26   IN113(N,G)IN114M    4.4586E-14  2.7596E-24   SC45(N,G)SC46       1.0566E-15  6.5396E-26

  INPUT FLUX REL. CORRELATION MATRIX (by row from diagonal)
   1   1000  1000  1000  1000  1000  1000  1000  1000  1000  1000  1000  1000  1000  1000  1000  1000  1000    30    30    30
         30    30    30    30    30    30    30    30    30    30    30    30    30    30    30    30    30    30    30    30
         30    30    30    30    30    30    30    30    30    30    30    30    30    30    30    30    30    30    30    30
         30    30    30    30    30    30    30    30    30    30    30    30    30    30    30    30    30    30    30    30
         30    30    30    30    30    30    30    30    30    30    30    30    30   148   148   148  1000  1000  1000  1000
       1000  1000  1000  1000  1000  1000  1000  1000  1000  1000  1000  1000  1000  1000  1000  1000  1000  1000  1000  1000
       1000  1000  1000  1000  1000  1000  1000  1000  1000  1000  1000  1000  1000  1000  1000  1000  1000  1000  1000  1000

  OUTPUT FLUX REL. CORRELATION MATRIX (by row from diagonal)
   1   1000  1000  1000  1000  1000  1000  1000  1000  1000  1000  1000  1000  1000  1000  1000  1000  1000   -11   -20   -30
        -40   -52   -64   -76   -86   -94   -99   -99   -94   -87   -77   -66   -56   -46   -36   -27   -19   -11    -5     0
          5    10    13    17    19    21    23    24    25    26    27    27    28    28    28    28    29    29    29    29
         29    29    30    30    30    31    31    31    32    32    33    33    34    34    34    34    33    31    29    25
         20    13     4    -6   -18   -33   -52   -74  -101  -138  -189  -271  -421    15    11    18  1000  1000  1000  1000
       1000  1000  1000  1000  1000  1000  1000  1000  1000  1000  1000  1000  1000  1000  1000  1000  1000  1000  1000  1000
       1000  1000  1000  1000  1000  1000  1000  1000  1000  1000  1000  1000  1000  1000  1000  1000  1000  1000  1000  1000
   2   1000  1000  1000  1000  1000  1000  1000  1000  1000  1000  1000  1000  1000  1000  1000  1000   -11   -20   -30   -40
        -52   -64   -76   -86   -94   -99   -99   -94   -87   -77   -66   -56   -46   -36   -27   -19   -11    -5     0     5
         10    13    17    19    21    23    24    25    26    27    27    28    28    28    28    29    29    29    29    29
         29    30    30    30    31    31    31    32    32    33    33    34    34    34    34    33    31    29    25    20
         13     4    -6   -18   -33   -52   -74  -101  -138  -189  -271  -421    15    11    18  1000  1000  1000  1000  1000
       1000  1000  1000  1000  1000  1000  1000  1000  1000  1000  1000  1000  1000  1000  1000  1000  1000  1000  1000  1000
       1000  1000  1000  1000  1000  1000  1000  1000  1000  1000  1000  1000  1000  1000  1000  1000  1000  1000  1000
   3   1000  1000  1000  1000  1000  1000  1000  1000  1000  1000  1000  1000  1000  1000  1000   -11   -20   -30   -40   -52
        -64   -76   -86   -94   -99   -99   -94   -87   -77   -66   -56   -46   -36   -27   -19   -11    -5     0     5    10
         13    17    19    21    23    24    25    26    27    27    28    28    28    28    29    29    29    29    29    29
         30    30    30    31    31    31    32    32    33    33    34    34    34    34    33    31    29    25    20    13
          4    -6   -18   -33   -52   -74  -101  -138  -189  -271  -421    15    11    18  1000  1000  1000  1000  1000  1000
       1000  1000  1000  1000  1000  1000  1000  1000  1000  1000  1000  1000  1000  1000  1000  1000  1000  1000  1000  1000
       1000  1000  1000  1000  1000  1000  1000  1000  1000  1000  1000  1000  1000  1000  1000  1000  1000  1000
   4   1000  1000  1000  1000  1000  1000  1000  1000  1000  1000  1000  1000  1000  1000   -11   -20   -30   -40   -52   -64
        -76   -86   -94   -99   -99   -94   -87   -77   -66   -56   -46   -36   -27   -19   -11    -5     0     5    10    13
         17    19    21    23    24    25    26    27    27    28    28    28    28    29    29    29    29    29    29    30
         30    30    31    31    31    32    32    33    33    34    34    34    34    33    31    29    25    20    13     4
         -6   -18   -33   -52   -74  -101  -138  -189  -271  -421    15    11    18  1000  1000  1000  1000  1000  1000  1000
       1000  1000  1000  1000  1000  1000  1000  1000  1000  1000  1000  1000  1000  1000  1000  1000  1000  1000  1000  1000
       1000  1000  1000  1000  1000  1000  1000  1000  1000  1000  1000  1000  1000  1000  1000  1000  1000
   5   1000  1000  1000  1000  1000  1000  1000  1000  1000  1000  1000  1000  1000   -11   -20   -30   -40   -52   -64   -76
        -86   -94   -99   -99   -94   -87   -77   -66   -56   -46   -36   -27   -19   -11    -5     0     5    10    13    17
         19    21    23    24    25    26    27    27    28    28    28    28    29    29    29    29    29    29    30    30
         30    31    31    31    32    32    33    33    34    34    34    34    33    31    29    25    20    13     4    -6
        -18   -33   -52   -74  -101  -138  -189  -271  -421    15    11    18  1000  1000  1000  1000  1000  1000  1000  1000
       1000  1000  1000  1000  1000  1000  1000  1000  1000  1000  1000  1000  1000  1000  1000  1000  1000  1000  1000  1000
       1000  1000  1000  1000  1000  1000  1000  1000  1000  1000  1000  1000  1000  1000  1000  1000
   6   1000  1000  1000  1000  1000  1000  1000  1000  1000  1000  1000  1000   -11   -20   -30   -40   -52   -64   -76   -86
        -94   -99   -99   -94   -87   -77   -66   -56   -46   -36   -27   -19   -11    -5     0     5    10    13    17    19
         21    23    24    25    26    27    27    28    28    28    28    29    29    29    29    29    29    30    30    30
         31    31    31    32    32    33    33    34    34    34    34    33    31    29    25    20    13     4    -6   -18
        -33   -52   -74  -101  -138  -189  -271  -421    15    11    18  1000  1000  1000  1000  1000  1000  1000  1000  1000
       1000  1000  1000  1000  1000  1000  1000  1000  1000  1000  1000  1000  1000  1000  1000  1000  1000  1000  1000  1000
       1000  1000  1000  1000  1000  1000  1000  1000  1000  1000  1000  1000  1000  1000  1000
   7   1000  1000  1000  1000  1000  1000  1000  1000  1000  1000  1000   -11   -20   -30   -40   -52   -64   -76   -86   -94
        -99   -99   -94   -87   -77   -66   -56   -46   -36   -27   -19   -11    -5     0     5    10    13    17    19    21
         23    24    25    26    27    27    28    28    28    28    29    29    29    29    29    29    30    30    30    31
         31    31    32    32    33    33    34    34    34    34    33    31    29    25    20    13     4    -6   -18   -33
        -52   -74  -101  -138  -189  -271  -421    15    11    18  1000  1000  1000  1000  1000  1000  1000  1000  1000  1000
       1000  1000  1000  1000  1000  1000  1000  1000  1000  1000  1000  1000  1000  1000  1000  1000  1000  1000  1000  1000
       1000  1000  1000  1000  1000  1000  1000  1000  1000  1000  1000  1000  1000  1000
   8   1000  1000  1000  1000  1000  1000  1000  1000  1000  1000   -11   -20   -30   -40   -52   -64   -76   -86   -94   -99
        -99   -94   -87   -77   -66   -56   -46   -36   -27   -19   -11    -5     0     5    10    13    17    19    21    23
         24    25    26    27    27    28    28    28    28    29    29    29    29    29    29    30    30    30    31    31
         31    32    32    33    33    34    34    34    34    33    31    29    25    20    13     4    -6   -18   -33   -52
        -74  -101  -138  -189  -271  -421    15    11    18  1000  1000  1000  1000  1000  1000  1000  1000  1000  1000  1000
       1000  1000  1000  1000  1000  1000  1000  1000  1000  1000  1000  1000  1000  1000  1000  1000  1000  1000  1000  1000
       1000  1000  1000  1000  1000  1000  1000  1000  1000  1000  1000  1000  1000
   9   1000  1000  1000  1000  1000  1000  1000  1000  1000   -11   -20   -30   -40   -52   -64   -76   -86   -94   -99   -99
        -94   -87   -77   -66   -56   -46   -36   -27   -19   -11    -5     0     5    10    13    17    19    21    23    24
         25    26    27    27    28    28    28    28    29    29    29    29    29    29    30    30    30    31    31    31
         32    32    33    33    34    34    34    34    33    31    29    25    20    13     4    -6   -18   -33   -52   -74
       -101  -138  -189  -271  -421    15    11    18  1000  1000  1000  1000  1000  1000  1000  1000  1000  1000  1000  1000
       1000  1000  1000  1000  1000  1000  1000  1000  1000  1000  1000  1000  1000  1000  1000  1000  1000  1000  1000  1000
       1000  1000  1000  1000  1000  1000  1000  1000  1000  1000  1000  1000
  10   1000  1000  1000  1000  1000  1000  1000  1000   -11   -20   -30   -40   -52   -64   -76   -86   -94   -99   -99   -94
        -87   -77   -66   -56   -46   -36   -27   -19   -11    -5     0     5    10    13    17    19    21    23    24    25
         26    27    27    28    28    28    28    29    29    29    29    29    29    30    30    30    31    31    31    32
         32    33    33    34    34    34    34    33    31    29    25    20    13     4    -6   -18   -33   -52   -74  -101
       -138  -189  -271  -421    15    11    18  1000  1000  1000  1000  1000  1000  1000  1000  1000  1000  1000  1000  1000
       1000  1000  1000  1000  1000  1000  1000  1000  1000  1000  1000  1000  1000  1000  1000  1000  1000  1000  1000  1000
       1000  1000  1000  1000  1000  1000  1000  1000  1000  1000  1000
  11   1000  1000  1000  1000  1000  1000  1000   -11   -20   -30   -40   -52   -64   -76   -86   -94   -99   -99   -94   -87
        -77   -66   -56   -46   -36   -27   -19   -11    -5     0     5    10    13    17    19    21    23    24    25    26
         27    27    28    28    28    28    29    29    29    29    29    29    30    30    30    31    31    31    32    32
         33    33    34    34    34    34    33    31    29    25    20    13     4    -6   -18   -33   -52   -74  -101  -138
       -189  -271  -421    15    11    18  1000  1000  1000  1000  1000  1000  1000  1000  1000  1000  1000  1000  1000  1000
       1000  1000  1000  1000  1000  1000  1000  1000  1000  1000  1000  1000  1000  1000  1000  1000  1000  1000  1000  1000
       1000  1000  1000  1000  1000  1000  1000  1000  1000  1000
  12   1000  1000  1000  1000  1000  1000   -11   -20   -30   -40   -52   -64   -76   -86   -94   -99   -99   -94   -87   -77
        -66   -56   -46   -36   -27   -19   -11    -5     0     5    10    13    17    19    21    23    24    25    26    27
         27    28    28    28    28    29    29    29    29    29    29    30    30    30    31    31    31    32    32    33
         33    34    34    34    34    33    31    29    25    20    13     4    -6   -18   -33   -52   -74  -101  -138  -189
       -271  -421    15    11    18  1000  1000  1000  1000  1000  1000  1000  1000  1000  1000  1000  1000  1000  1000  1000
       1000  1000  1000  1000  1000  1000  1000  1000  1000  1000  1000  1000  1000  1000  1000  1000  1000  1000  1000  1000
       1000  1000  1000  1000  1000  1000  1000  1000  1000
  13   1000  1000  1000  1000  1000   -11   -20   -30   -40   -52   -64   -76   -86   -94   -99   -99   -94   -87   -77   -66
        -56   -46   -36   -27   -19   -11    -5     0     5    10    13    17    19    21    23    24    25    26    27    27
         28    28    28    28    29    29    29    29    29    29    30    30    30    31    31    31    32    32    33    33
         34    34    34    34    33    31    29    25    20    13     4    -6   -18   -33   -52   -74  -101  -138  -189  -271
       -421    15    11    18  1000  1000  1000  1000  1000  1000  1000  1000  1000  1000  1000  1000  1000  1000  1000  1000
       1000  1000  1000  1000  1000  1000  1000  1000  1000  1000  1000  1000  1000  1000  1000  1000  1000  1000  1000  1000
       1000  1000  1000  1000  1000  1000  1000  1000
  14   1000  1000  1000  1000   -11   -20   -30   -40   -52   -64   -76   -86   -94   -99   -99   -94   -87   -77   -66   -56
        -46   -36   -27   -19   -11    -5     0     5    10    13    17    19    21    23    24    25    26    27    27    28
         28    28    28    29    29    29    29    29    29    30    30    30    31    31    31    32    32    33    33    34
         34    34    34    33    31    29    25    20    13     4    -6   -18   -33   -52   -74  -101  -138  -189  -271  -421
         15    11    18  1000  1000  1000  1000  1000  1000  1000  1000  1000  1000  1000  1000  1000  1000  1000  1000  1000
       1000  1000  1000  1000  1000  1000  1000  1000  1000  1000  1000  1000  1000  1000  1000  1000  1000  1000  1000  1000
       1000  1000  1000  1000  1000  1000  1000
  15   1000  1000  1000   -11   -20   -30   -40   -52   -64   -76   -86   -94   -99   -99   -94   -87   -77   -66   -56   -46
        -36   -27   -19   -11    -5     0     5    10    13    17    19    21    23    24    25    26    27    27    28    28
         28    28    29    29    29    29    29    29    30    30    30    31    31    31    32    32    33    33    34    34
         34    34    33    31    29    25    20    13     4    -6   -18   -33   -52   -74  -101  -138  -189  -271  -421    15
         11    18  1000  1000  1000  1000  1000  1000  1000  1000  1000  1000  1000  1000  1000  1000  1000  1000  1000  1000
       1000  1000  1000  1000  1000  1000  1000  1000  1000  1000  1000  1000  1000  1000  1000  1000  1000  1000  1000  1000
       1000  1000  1000  1000  1000  1000
  16   1000  1000   -11   -20   -30   -40   -52   -64   -76   -86   -94   -99   -99   -94   -87   -77   -66   -56   -46   -36
        -27   -19   -11    -5     0     5    10    13    17    19    21    23    24    25    26    27    27    28    28    28
         28    29    29    29    29    29    29    30    30    30    31    31    31    32    32    33    33    34    34    34
         34    33    31    29    25    20    13     4    -6   -18   -33   -52   -74  -101  -138  -189  -271  -421    15    11
         18  1000  1000  1000  1000  1000  1000  1000  1000  1000  1000  1000  1000  1000  1000  1000  1000  1000  1000  1000
       1000  1000  1000  1000  1000  1000  1000  1000  1000  1000  1000  1000  1000  1000  1000  1000  1000  1000  1000  1000
       1000  1000  1000  1000  1000
  17   1000   -11   -20   -30   -40   -52   -64   -76   -86   -94   -99   -99   -94   -87   -77   -66   -56   -46   -36   -27
        -19   -11    -5     0     5    10    13    17    19    21    23    24    25    26    27    27    28    28    28    28
         29    29    29    29    29    29    30    30    30    31    31    31    32    32    33    33    34    34    34    34
         33    31    29    25    20    13     4    -6   -18   -33   -52   -74  -101  -138  -189  -271  -421    15    11    18
       1000  1000  1000  1000  1000  1000  1000  1000  1000  1000  1000  1000  1000  1000  1000  1000  1000  1000  1000  1000
       1000  1000  1000  1000  1000  1000  1000  1000  1000  1000  1000  1000  1000  1000  1000  1000  1000  1000  1000  1000
       1000  1000  1000  1000
  18   1000   987   945   876   778   654   505   339   165    -1  -146  -258  -333  -376  -393  -393  -381  -363  -341  -318
       -294  -271  -249  -228  -208  -189  -171  -154  -138  -123  -109   -96   -84   -73   -63   -54   -47   -40   -34   -30
        -26   -22   -20   -18   -17   -16   -15   -14   -14   -13   -13   -12   -11   -10    -9    -7    -5    -3    -1     0
          2     4     6     8     9    10    11    11    12    12    12    13    13    14    16    20    27    26     5   -11
        -11   -11   -11   -11   -11   -11   -11   -11   -11   -11   -11   -11   -11   -11   -11   -11   -11   -11   -11   -11
        -11   -11   -11   -11   -11   -11   -11   -11   -11   -11   -11   -11   -11   -11   -11   -11   -11   -11   -11   -11
        -11   -11   -11
  19   1000   986   941   864   754   613   445   260    74   -94  -231  -329  -390  -421  -430  -423  -407  -385  -360  -335
       -308  -283  -259  -235  -213  -192  -173  -154  -137  -121  -107   -93   -81   -70   -60   -52   -45   -38   -33   -29
        -25   -22   -20   -18   -17   -16   -16   -15   -14   -14   -13   -12   -10    -9    -7    -5    -3    -1     1     3
          5     7     9    10    12    13    13    14    14    15    15    16    18    21    26    32    31     6   -20   -20
        -20   -20   -20   -20   -20   -20   -20   -20   -20   -20   -20   -20   -20   -20   -20   -20   -20   -20   -20   -20
        -20   -20   -20   -20   -20   -20   -20   -20   -20   -20   -20   -20   -20   -20   -20   -20   -20   -20   -20   -20
        -20   -20
  20   1000   984   934   847   722   560   372   172   -18  -180  -303  -386  -435  -456  -458  -446  -426  -402  -374  -346
       -317  -290  -263  -238  -214  -192  -171  -152  -134  -118  -103   -89   -77   -67   -57   -49   -42   -36   -31   -28
        -24   -22   -20   -19   -18   -17   -16   -15   -15   -14   -12   -11    -9    -7    -5    -3     0     2     4     7
          9    11    12    14    15    15    16    17    17    18    20    22    25    33    36    36     7   -30   -30   -30
        -30   -30   -30   -30   -30   -30   -30   -30   -30   -30   -30   -30   -30   -30   -30   -30   -30   -30   -30   -30
        -30   -30   -30   -30   -30   -30   -30   -30   -30   -30   -30   -30   -30   -30   -30   -30   -30   -30   -30   -30
        -30
  21   1000   982   925   825   681   498   292    85  -100  -249  -357  -427  -465  -479  -476  -461  -438  -411  -382  -351
       -321  -291  -263  -236  -211  -188  -167  -147  -129  -112   -98   -84   -73   -62   -53   -46   -40   -34   -30   -27
        -24   -22   -20   -19   -18   -17   -16   -15   -14   -13   -11    -9    -7    -5    -2     0     3     5     8    10
         12    14    16    17    18    18    19    20    21    23    26    31    40    41    41     8   -40   -40   -40   -40
        -40   -40   -40   -40   -40   -40   -40   -40   -40   -40   -40   -40   -40   -40   -40   -40   -40   -40   -40   -40
        -40   -40   -40   -40   -40   -40   -40   -40   -40   -40   -40   -40   -40   -40   -40   -40   -40   -40   -40   -40
  22   1000   980   913   797   632   432   216    12  -161  -295  -390  -449  -480  -490  -484  -467  -442  -413  -382  -350
       -318  -287  -258  -231  -205  -181  -159  -140  -122  -106   -91   -79   -67   -58   -50   -43   -37   -32   -29   -26
        -24   -22   -21   -19   -18   -17   -16   -15   -13   -11    -9    -7    -4    -1     1     4     7    10    12    14
         16    18    19    20    21    22    23    25    27    30    36    48    46    46     9   -52   -52   -52   -52   -52
        -52   -52   -52   -52   -52   -52   -52   -52   -52   -52   -52   -52   -52   -52   -52   -52   -52   -52   -52   -52
        -52   -52   -52   -52   -52   -52   -52   -52   -52   -52   -52   -52   -52   -52   -52   -52   -52   -52   -52
  23   1000   976   899   766   583   372   157   -36  -196  -317  -401  -454  -480  -488  -480  -462  -437  -407  -375  -342
       -310  -278  -249  -221  -195  -172  -150  -131  -113   -98   -84   -72   -62   -53   -46   -40   -35   -31   -28   -25
        -23   -22   -20   -19   -18   -17   -15   -13   -11    -9    -6    -3     0     2     5     8    11    14    16    18
         20    21    23    24    25    26    28    31    35    42    56    52    52    11   -64   -64   -64   -64   -64   -64
        -64   -64   -64   -64   -64   -64   -64   -64   -64   -64   -64   -64   -64   -64   -64   -64   -64   -64   -64   -64
        -64   -64   -64   -64   -64   -64   -64   -64   -64   -64   -64   -64   -64   -64   -64   -64   -64   -64
  24   1000   972   884   736   543   331   125   -55  -201  -312  -389  -438  -464  -471  -463  -446  -421  -391  -360  -327
       -295  -264  -235  -207  -182  -159  -139  -120  -104   -89   -77   -66   -56   -49   -42   -37   -33   -29   -27   -24
        -23   -21   -20   -18   -17   -15   -13   -11    -9    -6    -3     0     3     7    10    13    16    18    20    22
         24    25    26    28    29    31    34    39    47    63    57    57    12   -76   -76   -76   -76   -76   -76   -76
        -76   -76   -76   -76   -76   -76   -76   -76   -76   -76   -76   -76   -76   -76   -76   -76   -76   -76   -76   -76
        -76   -76   -76   -76   -76   -76   -76   -76   -76   -76   -76   -76   -76   -76   -76   -76   -76
  25   1000   968   870   714   521   318   125   -41  -176  -280  -355  -403  -429  -438  -432  -417  -394  -366  -336  -305
       -274  -244  -216  -190  -167  -145  -126  -109   -93   -80   -69   -59   -51   -44   -39   -34   -30   -28   -25   -23
        -22   -20   -19   -17   -15   -13   -11    -8    -5    -2     1     4     8    11    15    17    20    22    24    26
         27    28    30    32    34    38    43    52    70    61    62    13   -86   -86   -86   -86   -86   -86   -86   -86
        -86   -86   -86   -86   -86   -86   -86   -86   -86   -86   -86   -86   -86   -86   -86   -86   -86   -86   -86   -86
        -86   -86   -86   -86   -86   -86   -86   -86   -86   -86   -86   -86   -86   -86   -86   -86
  26   1000   965   863   708   524   334   157     2  -125  -225  -298  -348  -377  -389  -388  -376  -356  -332  -304  -276
       -248  -220  -194  -170  -148  -129  -111   -96   -82   -71   -61   -52   -45   -39   -35   -31   -28   -26   -24   -22
        -20   -19   -17   -15   -13   -10    -7    -4    -1     2     5     9    13    16    19    21    24    25    27    29
         30    32    34    36    40    46    56    75    65    65    14   -94   -94   -94   -94   -94   -94   -94   -94   -94
        -94   -94   -94   -94   -94   -94   -94   -94   -94   -94   -94   -94   -94   -94   -94   -94   -94   -94   -94   -94
        -94   -94   -94   -94   -94   -94   -94   -94   -94   -94   -94   -94   -94   -94   -94
  27   1000   964   864   718   549   376   213    69   -52  -150  -225  -278  -311  -328  -332  -325  -310  -290  -266  -241
       -216  -192  -169  -148  -129  -111   -96   -82   -71   -61   -52   -45   -39   -35   -31   -28   -26   -24   -22   -20
        -18   -17   -14   -12   -10    -7    -4     0     2     6    10    13    16    19    22    24    26    28    29    31
         32    34    37    41    47    58    78    66    67    14   -99   -99   -99   -99   -99   -99   -99   -99   -99   -99
        -99   -99   -99   -99   -99   -99   -99   -99   -99   -99   -99   -99   -99   -99   -99   -99   -99   -99   -99   -99
        -99   -99   -99   -99   -99   -99   -99   -99   -99   -99   -99   -99   -99   -99
  28   1000   966   873   741   589   432   283   147    30   -66  -143  -199  -238  -260  -270  -268  -259  -243  -225  -204
       -183  -162  -143  -125  -108   -93   -80   -69   -59   -51   -44   -39   -34   -30   -27   -25   -23   -21   -19   -18
        -16   -14   -12    -9    -6    -3     0     3     6    10    13    17    19    22    24    26    27    29    30    32
         34    37    41    47    57    77    65    66    14   -99   -99   -99   -99   -99   -99   -99   -99   -99   -99   -99
        -99   -99   -99   -99   -99   -99   -99   -99   -99   -99   -99   -99   -99   -99   -99   -99   -99   -99   -99   -99
        -99   -99   -99   -99   -99   -99   -99   -99   -99   -99   -99   -99   -99
  29   1000   969   886   769   634   492   354   226   112    16   -62  -122  -165  -193  -208  -212  -208  -198  -184  -168
       -150  -134  -117  -102   -88   -76   -66   -56   -49   -42   -37   -32   -29   -26   -24   -22   -20   -18   -17   -15
        -13   -11    -8    -6    -3     0     3     6    10    13    16    19    21    23    25    26    28    29    31    33
         35    39    45    55    74    63    64    13   -94   -94   -94   -94   -94   -94   -94   -94   -94   -94   -94   -94
        -94   -94   -94   -94   -94   -94   -94   -94   -94   -94   -94   -94   -94   -94   -94   -94   -94   -94   -94   -94
        -94   -94   -94   -94   -94   -94   -94   -94   -94   -94   -94   -94
  30   1000   973   900   797   676   547   419   297   186    90    10   -53  -100  -133  -152  -161  -161  -156  -146  -134
       -121  -107   -94   -82   -71   -61   -53   -46   -40   -35   -30   -27   -24   -22   -20   -19   -17   -16   -14   -12
        -10    -8    -5    -3     0     3     6     9    12    15    17    20    22    23    25    26    27    29    31    33
         36    42    51    69    59    60    13   -87   -87   -87   -87   -87   -87   -87   -87   -87   -87   -87   -87   -87
        -87   -87   -87   -87   -87   -87   -87   -87   -87   -87   -87   -87   -87   -87   -87   -87   -87   -87   -87   -87
        -87   -87   -87   -87   -87   -87   -87   -87   -87   -87   -87
  31   1000   976   913   821   712   593   472   355   247   151    69     4   -46   -82  -105  -118  -122  -120  -114  -106
        -96   -85   -75   -65   -57   -49   -42   -37   -32   -28   -25   -23   -21   -19   -18   -16   -15   -13   -12   -10
         -8    -5    -3     0     2     5     8    11    14    16    18    20    21    23    24    25    26    28    30    33
         38    46    62    54    55    12   -77   -77   -77   -77   -77   -77   -77   -77   -77   -77   -77   -77   -77   -77
        -77   -77   -77   -77   -77   -77   -77   -77   -77   -77   -77   -77   -77   -77   -77   -77   -77   -77   -77   -77
        -77   -77   -77   -77   -77   -77   -77   -77   -77   -77
  32   1000   979   923   840   740   628   513   399   293   198   116    49    -3   -41   -67   -83   -90   -91   -88   -83
        -75   -67   -59   -52   -45   -39   -34   -30   -27   -24   -21   -20   -18   -17   -15   -14   -13   -11   -10    -8
         -6    -3    -1     1     4     7    10    12    14    16    18    19    21    22    23    24    25    27    30    34
         41    55    49    50    10   -66   -66   -66   -66   -66   -66   -66   -66   -66   -66   -66   -66   -66   -66   -66
        -66   -66   -66   -66   -66   -66   -66   -66   -66   -66   -66   -66   -66   -66   -66   -66   -66   -66   -66   -66
        -66   -66   -66   -66   -66   -66   -66   -66   -66
  33   1000   981   931   855   760   654   543   432   328   233   151    83    29   -10   -37   -55   -65   -68   -68   -64
        -59   -53   -47   -41   -36   -32   -28   -25   -22   -20   -18   -17   -16   -15   -14   -13   -11   -10    -8    -6
         -4    -1     0     3     6     8    10    13    14    16    17    19    19    20    21    23    24    27    30    36
         48    45    45     9   -56   -56   -56   -56   -56   -56   -56   -56   -56   -56   -56   -56   -56   -56   -56   -56
        -56   -56   -56   -56   -56   -56   -56   -56   -56   -56   -56   -56   -56   -56   -56   -56   -56   -56   -56   -56
        -56   -56   -56   -56   -56   -56   -56   -56
  34   1000   983   936   865   775   672   564   456   353   259   177   109    55    14   -14   -33   -45   -50   -51   -49
        -46   -42   -37   -33   -29   -26   -23   -21   -19   -17   -16   -15   -14   -13   -12   -11   -10    -8    -6    -4
         -2     0     2     4     7     9    11    13    14    16    17    17    18    19    20    21    23    26    32    42
         40    40     8   -46   -46   -46   -46   -46   -46   -46   -46   -46   -46   -46   -46   -46   -46   -46   -46   -46
        -46   -46   -46   -46   -46   -46   -46   -46   -46   -46   -46   -46   -46   -46   -46   -46   -46   -46   -46   -46
        -46   -46   -46   -46   -46   -46   -46
  35   1000   984   940   872   785   685   579   473   371   278   196   129    74    33     3   -16   -29   -35   -38   -38
        -36   -33   -30   -27   -24   -22   -20   -18   -17   -16   -15   -14   -13   -12   -11   -10    -8    -7    -5    -3
          0     1     3     6     8    10    11    13    14    15    16    16    17    18    19    20    23    27    35    37
         36     8   -36   -36   -36   -36   -36   -36   -36   -36   -36   -36   -36   -36   -36   -36   -36   -36   -36   -36
        -36   -36   -36   -36   -36   -36   -36   -36   -36   -36   -36   -36   -36   -36   -36   -36   -36   -36   -36   -36
        -36   -36   -36   -36   -36   -36
  36   1000   985   943   876   792   694   589   484   384   292   211   144    90    48    18    -2   -16   -24   -28   -29
        -28   -26   -24   -22   -20   -18   -17   -16   -15   -14   -14   -13   -12   -11   -10    -9    -7    -5    -3    -1
          0     2     4     6     8    10    11    12    13    14    15    15    16    17    18    20    23    30    33    33
          7   -27   -27   -27   -27   -27   -27   -27   -27   -27   -27   -27   -27   -27   -27   -27   -27   -27   -27   -27
        -27   -27   -27   -27   -27   -27   -27   -27   -27   -27   -27   -27   -27   -27   -27   -27   -27   -27   -27   -27
        -27   -27   -27   -27   -27
  37   1000   986   944   879   796   700   597   493   394   303   223   156   103    61    30     8    -5   -14   -19   -21
        -22   -21   -20   -18   -17   -16   -15   -15   -14   -13   -13   -12   -11   -10    -9    -8    -6    -4    -2     0
          1     3     5     7     9    10    11    12    13    13    13    14    15    15    17    20    25    30    29     6
        -19   -19   -19   -19   -19   -19   -19   -19   -19   -19   -19   -19   -19   -19   -19   -19   -19   -19   -19   -19
        -19   -19   -19   -19   -19   -19   -19   -19   -19   -19   -19   -19   -19   -19   -19   -19   -19   -19   -19   -19
        -19   -19   -19   -19
  38   1000   986   945   882   799   704   602   500   402   312   233   167   113    71    40    18     2    -7   -12   -15
        -17   -17   -16   -16   -15   -15   -14   -14   -13   -13   -12   -11   -10    -9    -8    -6    -5    -3    -1     0
          2     4     6     8     9    10    11    11    12    12    12    13    13    14    16    20    27    26     5   -11
        -11   -11   -11   -11   -11   -11   -11   -11   -11   -11   -11   -11   -11   -11   -11   -11   -11   -11   -11   -11
        -11   -11   -11   -11   -11   -11   -11   -11   -11   -11   -11   -11   -11   -11   -11   -11   -11   -11   -11   -11
        -11   -11   -11
  39   1000   986   946   883   802   708   607   506   409   320   242   176   123    81    49    26     9     0    -7   -11
        -13   -14   -14   -14   -14   -13   -13   -13   -12   -12   -11   -11   -10    -8    -7    -5    -3    -1     0     2
          3     5     7     8     9     9    10    10    11    11    11    11    12    13    16    25    23     5    -5    -5
         -5    -5    -5    -5    -5    -5    -5    -5    -5    -5    -5    -5    -5    -5    -5    -5    -5    -5    -5    -5
         -5    -5    -5    -5    -5    -5    -5    -5    -5    -5    -5    -5    -5    -5    -5    -5    -5    -5    -5    -5
         -5    -5
  40   1000   986   947   884   804   711   611   511   416   328   250   185   131    88    56    32    15     4    -2    -7
        -10   -11   -12   -12   -12   -12   -12   -12   -12   -11   -11   -10    -8    -7    -6    -4    -2     0     1     3
          4     6     7     8     8     9     9     9     9     9    10    10    11    12    22    21     4     0     0     0
          0     0     0     0     0     0     0     0     0     0     0     0     0     0     0     0     0     0     0     0
          0     0     0     0     0     0     0     0     0     0     0     0     0     0     0     0     0     0     0     0
          0
  41   1000   987   947   885   806   714   616   517   422   335   258   192   138    95    62    38    20     8     0    -4
         -7    -9   -11   -11   -12   -12   -12   -11   -11   -10   -10    -8    -7    -6    -4    -2     0     0     2     4
          5     6     7     8     8     8     8     8     8     8     8     8     9    20    19     4     5     5     5     5
          5     5     5     5     5     5     5     5     5     5     5     5     5     5     5     5     5     5     5     5
          5     5     5     5     5     5     5     5     5     5     5     5     5     5     5     5     5     5     5     5
  42   1000   987   948   887   808   717   620   522   428   341   264   199   144   101    68    42    24    12     3    -2
         -6    -8    -9   -10   -11   -11   -11   -11   -10    -9    -8    -7    -6    -4    -3    -1     0     2     3     4
          5     6     7     7     7     7     7     7     7     6     6     6    18    17     3    10    10    10    10    10
         10    10    10    10    10    10    10    10    10    10    10    10    10    10    10    10    10    10    10    10
         10    10    10    10    10    10    10    10    10    10    10    10    10    10    10    10    10    10    10
  43   1000   987   948   888   810   720   624   527   433   347   270   204   150   106    72    46    27    14     5     0
         -4    -7    -9   -10   -10   -10   -10   -10    -9    -8    -7    -6    -4    -3    -1     0     1     3     4     5
          5     6     6     6     6     6     6     5     5     4     3    16    15     3    13    13    13    13    13    13
         13    13    13    13    13    13    13    13    13    13    13    13    13    13    13    13    13    13    13    13
         13    13    13    13    13    13    13    13    13    13    13    13    13    13    13    13    13    13
  44   1000   987   949   889   812   723   628   531   438   352   275   209   154   110    75    49    30    16     7     0
         -3    -6    -8    -9    -9    -9    -9    -8    -8    -7    -6    -4    -3    -1     0     1     2     3     4     5
          5     5     5     5     5     5     4     4     3     1    15    13     3    17    17    17    17    17    17    17
         17    17    17    17    17    17    17    17    17    17    17    17    17    17    17    17    17    17    17    17
         17    17    17    17    17    17    17    17    17    17    17    17    17    17    17    17    17
  45   1000   987   950   890   814   726   631   535   442   356   279   213   157   113    78    51    32    18     8     1
         -2    -5    -7    -8    -8    -8    -8    -7    -6    -5    -4    -3    -1     0     0     2     3     4     4     5
          5     5     5     4     4     3     2     1     0    13    12     2    19    19    19    19    19    19    19    19
         19    19    19    19    19    19    19    19    19    19    19    19    19    19    19    19    19    19    19    19
         19    19    19    19    19    19    19    19    19    19    19    19    19    19    19    19
  46   1000   987   950   892   816   728   634   538   445   359   282   215   160   115    80    53    33    19     9     2
         -1    -4    -6    -7    -7    -7    -7    -6    -5    -4    -3    -1     0     0     1     2     3     4     4     4
          4     4     3     3     2     1     0    -2    12    11     2    21    21    21    21    21    21    21    21    21
         21    21    21    21    21    21    21    21    21    21    21    21    21    21    21    21    21    21    21    21
         21    21    21    21    21    21    21    21    21    21    21    21    21    21    21
  47   1000   987   951   892   817   730   636   540   448   362   284   218   162   117    82    55    35    20    10     3
          0    -3    -5    -6    -6    -6    -5    -4    -3    -2    -1     0     0     1     2     3     3     3     3     3
          3     3     2     1     0     0    -3    10     9     2    23    23    23    23    23    23    23    23    23    23
         23    23    23    23    23    23    23    23    23    23    23    23    23    23    23    23    23    23    23    23
         23    23    23    23    23    23    23    23    23    23    23    23    23    23
  48   1000   987   951   893   818   732   638   542   450   363   286   219   163   118    83    56    36    21    11     4
          0    -2    -4    -4    -5    -4    -4    -3    -2    -1     0     0     1     2     2     3     3     3     3     2
          2     1     1     0    -1    -4     9     8     2    24    24    24    24    24    24    24    24    24    24    24
         24    24    24    24    24    24    24    24    24    24    24    24    24    24    24    24    24    24    24    24
         24    24    24    24    24    24    24    24    24    24    24    24    24
  49   1000   988   951   894   819   733   639   544   451   365   287   220   165   119    84    57    37    22    12     5
          1    -1    -3    -3    -4    -3    -3    -2    -1     0     0     1     1     2     2     2     2     2     2     1
          1     0     0    -2    -5     8     7     2    25    25    25    25    25    25    25    25    25    25    25    25
         25    25    25    25    25    25    25    25    25    25    25    25    25    25    25    25    25    25    25    25
         25    25    25    25    25    25    25    25    25    25    25    25
  50   1000   988   951   894   820   733   640   544   452   365   288   221   165   120    85    58    37    23    13     6
          2     0    -2    -2    -2    -2    -2    -1     0     0     0     1     1     1     2     2     1     1     1     0
          0    -1    -3    -6     7     6     2    26    26    26    26    26    26    26    26    26    26    26    26    26
         26    26    26    26    26    26    26    26    26    26    26    26    26    26    26    26    26    26    26    26
         26    26    26    26    26    26    26    26    26    26    26
  51   1000   988   952   895   820   734   640   545   452   366   289   222   166   121    85    58    38    24    14     7
          2     0    -1    -2    -2    -2    -1    -1     0     0     0     0     1     1     1     1     0     0     0    -1
         -2    -4    -7     6     6     2    27    27    27    27    27    27    27    27    27    27    27    27    27    27
         27    27    27    27    27    27    27    27    27    27    27    27    27    27    27    27    27    27    27    27
         27    27    27    27    27    27    27    27    27    27
  52   1000   988   952   895   821   734   641   545   453   367   289   223   167   122    86    59    39    25    14     7
          3     0     0    -1    -1    -1    -1     0     0     0     0     0     0     0     0     0     0    -1    -2    -3
         -5    -8     5     5     2    27    27    27    27    27    27    27    27    27    27    27    27    27    27    27
         27    27    27    27    27    27    27    27    27    27    27    27    27    27    27    27    27    27    27    27
         27    27    27    27    27    27    27    27    27
  53   1000   988   952   895   821   734   641   546   453   367   290   223   168   123    87    60    40    25    15     8
          3     0     0    -1    -1    -1    -1    -1    -1     0     0     0     0     0    -1    -1    -2    -3    -4    -6
         -9     3     5     2    28    28    28    28    28    28    28    28    28    28    28    28    28    28    28    28
         28    28    28    28    28    28    28    28    28    28    28    28    28    28    28    28    28    28    28    28
         28    28    28    28    28    28    28    28
  54   1000   988   952   895   821   734   641   546   454   368   291   224   169   123    88    60    40    25    15     8
          3     0    -1    -2    -2    -2    -2    -2    -2    -2    -2    -2    -2    -2    -2    -3    -4    -5    -7   -11
          2     4     2    28    28    28    28    28    28    28    28    28    28    28    28    28    28    28    28    28
         28    28    28    28    28    28    28    28    28    28    28    28    28    28    28    28    28    28    28    28
         28    28    28    28    28    28    28
  55   1000   988   952   895   821   735   641   546   454   368   292   225   169   124    88    61    40    25    14     7
          2     0    -2    -3    -4    -4    -4    -4    -4    -4    -4    -4    -4    -4    -4    -5    -6    -8   -12     1
          4     3    28    28    28    28    28    28    28    28    28    28    28    28    28    28    28    28    28    28
         28    28    28    28    28    28    28    28    28    28    28    28    28    28    28    28    28    28    28    28
         28    28    28    28    28    28
  56   1000   988   952   895   821   735   642   547   455   369   292   226   170   124    88    60    39    24    13     5
          0    -3    -5    -6    -6    -6    -6    -6    -6    -6    -6    -6    -6    -6    -7    -8   -10   -13     0     4
          4    28    28    28    28    28    28    28    28    28    28    28    28    28    28    28    28    28    28    28
         28    28    28    28    28    28    28    28    28    28    28    28    28    28    28    28    28    28    28    28
         28    28    28    28    28
  57   1000   988   952   895   821   735   642   548   456   370   293   226   170   124    87    59    37    21    10     2
         -2    -6    -8    -9   -10   -10   -10    -9    -9    -9    -9    -9    -9    -9   -10   -12   -15    -2     4     5
         29    29    29    29    29    29    29    29    29    29    29    29    29    29    29    29    29    29    29    29
         29    29    29    29    29    29    29    29    29    29    29    29    29    29    29    29    29    29    29    29
         29    29    29    29
  58   1000   988   952   895   821   736   643   548   457   371   294   226   169   123    85    56    34    17     5    -2
         -7   -11   -13   -14   -14   -14   -14   -13   -13   -13   -12   -12   -13   -13   -15   -18    -5     5     6    29
         29    29    29    29    29    29    29    29    29    29    29    29    29    29    29    29    29    29    29    29
         29    29    29    29    29    29    29    29    29    29    29    29    29    29    29    29    29    29    29    29
         29    29    29
  59   1000   988   952   895   822   736   644   549   457   371   293   225   168   120    81    51    28    12     0    -8
        -13   -17   -18   -19   -19   -19   -19   -18   -17   -17   -17   -17   -17   -18   -21    -8     5     8    29    29
         29    29    29    29    29    29    29    29    29    29    29    29    29    29    29    29    29    29    29    29
         29    29    29    29    29    29    29    29    29    29    29    29    29    29    29    29    29    29    29    29
         29    29
  60   1000   988   952   896   822   737   644   550   457   371   292   223   164   115    76    45    21     4    -8   -16
        -21   -24   -26   -26   -26   -25   -24   -23   -23   -22   -21   -22   -22   -25   -12     6    10    29    29    29
         29    29    29    29    29    29    29    29    29    29    29    29    29    29    29    29    29    29    29    29
         29    29    29    29    29    29    29    29    29    29    29    29    29    29    29    29    29    29    29    29
         29
  61   1000   988   952   896   823   737   645   550   457   369   289   219   158   108    67    35    11    -5   -18   -26
        -31   -33   -34   -34   -33   -32   -31   -30   -29   -28   -27   -28   -29   -17     8    13    29    29    29    29
         29    29    29    29    29    29    29    29    29    29    29    29    29    29    29    29    29    29    29    29
         29    29    29    29    29    29    29    29    29    29    29    29    29    29    29    29    29    29    29    29
  62   1000   988   952   896   823   737   644   549   455   366   284   212   149    98    56    23     0   -18   -30   -37
        -41   -43   -44   -43   -41   -40   -38   -36   -35   -34   -34   -35   -23     9    17    29    29    29    29    29
         29    29    29    29    29    29    29    29    29    29    29    29    29    29    29    29    29    29    29    29
         29    29    29    29    29    29    29    29    29    29    29    29    29    29    29    29    29    29    29
  63   1000   988   952   896   823   737   643   547   451   360   276   202   137    84    41     8   -15   -32   -44   -50
        -54   -55   -54   -52   -50   -48   -46   -44   -42   -42   -42   -30    12    21    30    30    30    30    30    30
         30    30    30    30    30    30    30    30    30    30    30    30    30    30    30    30    30    30    30    30
         30    30    30    30    30    30    30    30    30    30    30    30    30    30    30    30    30    30
  64   1000   988   952   896   822   736   641   542   444   351   265   188   122    67    24    -8   -32   -49   -59   -64
        -67   -66   -65   -63   -60   -57   -54   -52   -51   -50   -38    14    27    30    30    30    30    30    30    30
         30    30    30    30    30    30    30    30    30    30    30    30    30    30    30    30    30    30    30    30
         30    30    30    30    30    30    30    30    30    30    30    30    30    30    30    30    30
  65   1000   988   952   896   821   733   637   536   435   339   250   170   103    47     4   -28   -51   -66   -75   -79
        -80   -79   -76   -73   -70   -66   -63   -61   -59   -47    17    33    30    30    30    30    30    30    30    30
         30    30    30    30    30    30    30    30    30    30    30    30    30    30    30    30    30    30    30    30
         30    30    30    30    30    30    30    30    30    30    30    30    30    30    30    30
  66   1000   988   952   895   819   729   630   526   422   322   231   150    81    25   -17   -49   -70   -84   -91   -94
        -93   -91   -87   -83   -79   -76   -72   -69   -58    20    39    31    31    31    31    31    31    31    31    31
         31    31    31    31    31    31    31    31    31    31    31    31    31    31    31    31    31    31    31    31
         31    31    31    31    31    31    31    31    31    31    31    31    31    31    31
  67   1000   988   952   893   816   724   621   514   406   303   208   126    56     1   -40   -70   -89  -101  -107  -108
       -106  -103   -98   -94   -89   -85   -81   -69    23    47    31    31    31    31    31    31    31    31    31    31
         31    31    31    31    31    31    31    31    31    31    31    31    31    31    31    31    31    31    31    31
         31    31    31    31    31    31    31    31    31    31    31    31    31    31
  68   1000   988   951   891   811   716   610   498   386   280   184   100    31   -22   -62   -90  -108  -117  -121  -121
       -118  -114  -109  -104   -99   -93   -82    28    55    31    31    31    31    31    31    31    31    31    31    31
         31    31    31    31    31    31    31    31    31    31    31    31    31    31    31    31    31    31    31    31
         31    31    31    31    31    31    31    31    31    31    31    31    31
  69   1000   987   949   888   805   706   595   480   364   256   158    74     6   -45   -83  -108  -124  -132  -134  -133
       -129  -124  -118  -113  -106   -96    31    64    32    32    32    32    32    32    32    32    32    32    32    32
         32    32    32    32    32    32    32    32    32    32    32    32    32    32    32    32    32    32    32    32
         32    32    32    32    32    32    32    32    32    32    32    32
  70   1000   987   948   883   797   694   579   459   341   231   133    50   -15   -65  -101  -124  -138  -144  -145  -143
       -138  -133  -127  -119  -110    35    72    32    32    32    32    32    32    32    32    32    32    32    32    32
         32    32    32    32    32    32    32    32    32    32    32    32    32    32    32    32    32    32    32    32
         32    32    32    32    32    32    32    32    32    32    32
  71   1000   986   946   879   789   681   562   439   318   207   110    29   -34   -82  -115  -136  -148  -153  -153  -150
       -145  -139  -132  -123    38    81    33    33    33    33    33    33    33    33    33    33    33    33    33    33
         33    33    33    33    33    33    33    33    33    33    33    33    33    33    33    33    33    33    33    33
         33    33    33    33    33    33    33    33    33    33
  72   1000   986   943   873   779   667   545   419   297   187    91    12   -48   -93  -124  -144  -154  -158  -158  -155
       -150  -142  -135    41    88    33    33    33    33    33    33    33    33    33    33    33    33    33    33    33
         33    33    33    33    33    33    33    33    33    33    33    33    33    33    33    33    33    33    33    33
         33    33    33    33    33    33    33    33    33
  73   1000   985   940   867   770   654   529   402   280   171    77     1   -56   -99  -128  -146  -156  -160  -160  -157
       -150  -146    42    94    34    34    34    34    34    34    34    34    34    34    34    34    34    34    34    34
         34    34    34    34    34    34    34    34    34    34    34    34    34    34    34    34    34    34    34    34
         34    34    34    34    34    34    34    34
  74   1000   984   938   862   761   643   516   389   269   162    71    -1   -57   -98  -126  -144  -154  -158  -158  -154
       -153    40    98    34    34    34    34    34    34    34    34    34    34    34    34    34    34    34    34    34
         34    34    34    34    34    34    34    34    34    34    34    34    34    34    34    34    34    34    34    34
         34    34    34    34    34    34    34
  75   1000   984   935   857   754   635   508   382   264   160    73     2   -50   -90  -117  -135  -146  -151  -151  -154
         36    97    34    34    34    34    34    34    34    34    34    34    34    34    34    34    34    34    34    34
         34    34    34    34    34    34    34    34    34    34    34    34    34    34    34    34    34    34    34    34
         34    34    34    34    34    34
  76   1000   983   933   853   749   630   505   382   268   167    83    15   -36   -75  -103  -122  -134  -140  -149    26
         91    34    34    34    34    34    34    34    34    34    34    34    34    34    34    34    34    34    34    34
         34    34    34    34    34    34    34    34    34    34    34    34    34    34    34    34    34    34    34    34
         34    34    34    34    34
  77   1000   983   932   851   748   631   508   389   279   183   101    36   -15   -54   -83  -104  -119  -135    12    79
         33    33    33    33    33    33    33    33    33    33    33    33    33    33    33    33    33    33    33    33
         33    33    33    33    33    33    33    33    33    33    33    33    33    33    33    33    33    33    33    33
         33    33    33    33
  78   1000   983   931   852   750   636   518   403   298   206   127    63    11   -28   -60   -85  -110    -9    57    31
         31    31    31    31    31    31    31    31    31    31    31    31    31    31    31    31    31    31    31    31
         31    31    31    31    31    31    31    31    31    31    31    31    31    31    31    31    31    31    31    31
         31    31    31
  79   1000   983   932   854   756   646   534   425   324   235   159    96    43     0   -38   -74   -39    26    29    29
         29    29    29    29    29    29    29    29    29    29    29    29    29    29    29    29    29    29    29    29
         29    29    29    29    29    29    29    29    29    29    29    29    29    29    29    29    29    29    29    29
         29    29
  80   1000   983   934   859   765   661   554   451   356   270   196   131    75    23   -24   -77   -15    25    25    25
         25    25    25    25    25    25    25    25    25    25    25    25    25    25    25    25    25    25    25    25
         25    25    25    25    25    25    25    25    25    25    25    25    25    25    25    25    25    25    25    25
         25
  81   1000   983   936   865   777   679   579   481   390   307   233   165    98    37  -123   -68    20    20    20    20
         20    20    20    20    20    20    20    20    20    20    20    20    20    20    20    20    20    20    20    20
         20    20    20    20    20    20    20    20    20    20    20    20    20    20    20    20    20    20    20    20
  82   1000   984   940   873   791   699   606   513   426   344   266   185   111  -176  -132    13    13    13    13    13
         13    13    13    13    13    13    13    13    13    13    13    13    13    13    13    13    13    13    13    13
         13    13    13    13    13    13    13    13    13    13    13    13    13    13    13    13    13    13    13
  83   1000   985   944   882   805   721   632   545   459   374   280   194  -234  -205     4     4     4     4     4     4
          4     4     4     4     4     4     4     4     4     4     4     4     4     4     4     4     4     4     4     4
          4     4     4     4     4     4     4     4     4     4     4     4     4     4     4     4     4     4
  84   1000   986   948   891   820   741   658   572   483   380   284  -296  -285    -6    -6    -6    -6    -6    -6    -6
         -6    -6    -6    -6    -6    -6    -6    -6    -6    -6    -6    -6    -6    -6    -6    -6    -6    -6    -6    -6
         -6    -6    -6    -6    -6    -6    -6    -6    -6    -6    -6    -6    -6    -6    -6    -6    -6
  85   1000   987   952   900   834   759   678   590   480   376  -358  -369   -18   -18   -18   -18   -18   -18   -18   -18
        -18   -18   -18   -18   -18   -18   -18   -18   -18   -18   -18   -18   -18   -18   -18   -18   -18   -18   -18   -18
        -18   -18   -18   -18   -18   -18   -18   -18   -18   -18   -18   -18   -18   -18   -18   -18
  86   1000   988   956   907   846   773   689   577   468  -418  -454   -33   -33   -33   -33   -33   -33   -33   -33   -33
        -33   -33   -33   -33   -33   -33   -33   -33   -33   -33   -33   -33   -33   -33   -33   -33   -33   -33   -33   -33
        -33   -33   -33   -33   -33   -33   -33   -33   -33   -33   -33   -33   -33   -33   -33
  87   1000   989   960   914   853   777   668   556  -474  -538   -52   -52   -52   -52   -52   -52   -52   -52   -52   -52
        -52   -52   -52   -52   -52   -52   -52   -52   -52   -52   -52   -52   -52   -52   -52   -52   -52   -52   -52   -52
        -52   -52   -52   -52   -52   -52   -52   -52   -52   -52   -52   -52   -52   -52
  88   1000   990   962   917   852   750   637  -522  -618   -74   -74   -74   -74   -74   -74   -74   -74   -74   -74   -74
        -74   -74   -74   -74   -74   -74   -74   -74   -74   -74   -74   -74   -74   -74   -74   -74   -74   -74   -74   -74
        -74   -74   -74   -74   -74   -74   -74   -74   -74   -74   -74   -74   -74
  89   1000   991   962   913   823   710  -561  -690  -101  -101  -101  -101  -101  -101  -101  -101  -101  -101  -101  -101
       -101  -101  -101  -101  -101  -101  -101  -101  -101  -101  -101  -101  -101  -101  -101  -101  -101  -101  -101  -101
       -101  -101  -101  -101  -101  -101  -101  -101  -101  -101  -101  -101
  90   1000   990   959   885   773  -588  -751  -138  -138  -138  -138  -138  -138  -138  -138  -138  -138  -138  -138  -138
       -138  -138  -138  -138  -138  -138  -138  -138  -138  -138  -138  -138  -138  -138  -138  -138  -138  -138  -138  -138
       -138  -138  -138  -138  -138  -138  -138  -138  -138  -138  -138
  91   1000   988   936   822  -598  -797  -189  -189  -189  -189  -189  -189  -189  -189  -189  -189  -189  -189  -189  -189
       -189  -189  -189  -189  -189  -189  -189  -189  -189  -189  -189  -189  -189  -189  -189  -189  -189  -189  -189  -189
       -189  -189  -189  -189  -189  -189  -189  -189  -189  -189
  92   1000   977   855  -580  -819  -271  -271  -271  -271  -271  -271  -271  -271  -271  -271  -271  -271  -271  -271  -271
       -271  -271  -271  -271  -271  -271  -271  -271  -271  -271  -271  -271  -271  -271  -271  -271  -271  -271  -271  -271
       -271  -271  -271  -271  -271  -271  -271  -271  -271
  93   1000   851  -499  -780  -421  -421  -421  -421  -421  -421  -421  -421  -421  -421  -421  -421  -421  -421  -421  -421
       -421  -421  -421  -421  -421  -421  -421  -421  -421  -421  -421  -421  -421  -421  -421  -421  -421  -421  -421  -421
       -421  -421  -421  -421  -421  -421  -421  -421
  94   1000  -275  -710    15    15    15    15    15    15    15    15    15    15    15    15    15    15    15    15    15
         15    15    15    15    15    15    15    15    15    15    15    15    15    15    15    15    15    15    15    15
         15    15    15    15    15    15    15
  95   1000   854    11    11    11    11    11    11    11    11    11    11    11    11    11    11    11    11    11    11
         11    11    11    11    11    11    11    11    11    11    11    11    11    11    11    11    11    11    11    11
         11    11    11    11    11    11
  96   1000    18    18    18    18    18    18    18    18    18    18    18    18    18    18    18    18    18    18    18
         18    18    18    18    18    18    18    18    18    18    18    18    18    18    18    18    18    18    18    18
         18    18    18    18    18
  97   1000  1000  1000  1000  1000  1000  1000  1000  1000  1000  1000  1000  1000  1000  1000  1000  1000  1000  1000  1000
       1000  1000  1000  1000  1000  1000  1000  1000  1000  1000  1000  1000  1000  1000  1000  1000  1000  1000  1000  1000
       1000  1000  1000  1000
  98   1000  1000  1000  1000  1000  1000  1000  1000  1000  1000  1000  1000  1000  1000  1000  1000  1000  1000  1000  1000
       1000  1000  1000  1000  1000  1000  1000  1000  1000  1000  1000  1000  1000  1000  1000  1000  1000  1000  1000  1000
       1000  1000  1000
  99   1000  1000  1000  1000  1000  1000  1000  1000  1000  1000  1000  1000  1000  1000  1000  1000  1000  1000  1000  1000
       1000  1000  1000  1000  1000  1000  1000  1000  1000  1000  1000  1000  1000  1000  1000  1000  1000  1000  1000  1000
       1000  1000
 100   1000  1000  1000  1000  1000  1000  1000  1000  1000  1000  1000  1000  1000  1000  1000  1000  1000  1000  1000  1000
       1000  1000  1000  1000  1000  1000  1000  1000  1000  1000  1000  1000  1000  1000  1000  1000  1000  1000  1000  1000
       1000
 101   1000  1000  1000  1000  1000  1000  1000  1000  1000  1000  1000  1000  1000  1000  1000  1000  1000  1000  1000  1000
       1000  1000  1000  1000  1000  1000  1000  1000  1000  1000  1000  1000  1000  1000  1000  1000  1000  1000  1000  1000
 102   1000  1000  1000  1000  1000  1000  1000  1000  1000  1000  1000  1000  1000  1000  1000  1000  1000  1000  1000  1000
       1000  1000  1000  1000  1000  1000  1000  1000  1000  1000  1000  1000  1000  1000  1000  1000  1000  1000  1000
 103   1000  1000  1000  1000  1000  1000  1000  1000  1000  1000  1000  1000  1000  1000  1000  1000  1000  1000  1000  1000
       1000  1000  1000  1000  1000  1000  1000  1000  1000  1000  1000  1000  1000  1000  1000  1000  1000  1000
 104   1000  1000  1000  1000  1000  1000  1000  1000  1000  1000  1000  1000  1000  1000  1000  1000  1000  1000  1000  1000
       1000  1000  1000  1000  1000  1000  1000  1000  1000  1000  1000  1000  1000  1000  1000  1000  1000
 105   1000  1000  1000  1000  1000  1000  1000  1000  1000  1000  1000  1000  1000  1000  1000  1000  1000  1000  1000  1000
       1000  1000  1000  1000  1000  1000  1000  1000  1000  1000  1000  1000  1000  1000  1000  1000
 106   1000  1000  1000  1000  1000  1000  1000  1000  1000  1000  1000  1000  1000  1000  1000  1000  1000  1000  1000  1000
       1000  1000  1000  1000  1000  1000  1000  1000  1000  1000  1000  1000  1000  1000  1000
 107   1000  1000  1000  1000  1000  1000  1000  1000  1000  1000  1000  1000  1000  1000  1000  1000  1000  1000  1000  1000
       1000  1000  1000  1000  1000  1000  1000  1000  1000  1000  1000  1000  1000  1000
 108   1000  1000  1000  1000  1000  1000  1000  1000  1000  1000  1000  1000  1000  1000  1000  1000  1000  1000  1000  1000
       1000  1000  1000  1000  1000  1000  1000  1000  1000  1000  1000  1000  1000
 109   1000  1000  1000  1000  1000  1000  1000  1000  1000  1000  1000  1000  1000  1000  1000  1000  1000  1000  1000  1000
       1000  1000  1000  1000  1000  1000  1000  1000  1000  1000  1000  1000
 110   1000  1000  1000  1000  1000  1000  1000  1000  1000  1000  1000  1000  1000  1000  1000  1000  1000  1000  1000  1000
       1000  1000  1000  1000  1000  1000  1000  1000  1000  1000  1000
 111   1000  1000  1000  1000  1000  1000  1000  1000  1000  1000  1000  1000  1000  1000  1000  1000  1000  1000  1000  1000
       1000  1000  1000  1000  1000  1000  1000  1000  1000  1000
 112   1000  1000  1000  1000  1000  1000  1000  1000  1000  1000  1000  1000  1000  1000  1000  1000  1000  1000  1000  1000
       1000  1000  1000  1000  1000  1000  1000  1000  1000
 113   1000  1000  1000  1000  1000  1000  1000  1000  1000  1000  1000  1000  1000  1000  1000  1000  1000  1000  1000  1000
       1000  1000  1000  1000  1000  1000  1000  1000
 114   1000  1000  1000  1000  1000  1000  1000  1000  1000  1000  1000  1000  1000  1000  1000  1000  1000  1000  1000  1000
       1000  1000  1000  1000  1000  1000  1000
 115   1000  1000  1000  1000  1000  1000  1000  1000  1000  1000  1000  1000  1000  1000  1000  1000  1000  1000  1000  1000
       1000  1000  1000  1000  1000  1000
 116   1000  1000  1000  1000  1000  1000  1000  1000  1000  1000  1000  1000  1000  1000  1000  1000  1000  1000  1000  1000
       1000  1000  1000  1000  1000
 117   1000  1000  1000  1000  1000  1000  1000  1000  1000  1000  1000  1000  1000  1000  1000  1000  1000  1000  1000  1000
       1000  1000  1000  1000
 118   1000  1000  1000  1000  1000  1000  1000  1000  1000  1000  1000  1000  1000  1000  1000  1000  1000  1000  1000  1000
       1000  1000  1000
 119   1000  1000  1000  1000  1000  1000  1000  1000  1000  1000  1000  1000  1000  1000  1000  1000  1000  1000  1000  1000
       1000  1000
 120   1000  1000  1000  1000  1000  1000  1000  1000  1000  1000  1000  1000  1000  1000  1000  1000  1000  1000  1000  1000
       1000
 121   1000  1000  1000  1000  1000  1000  1000  1000  1000  1000  1000  1000  1000  1000  1000  1000  1000  1000  1000  1000
 122   1000  1000  1000  1000  1000  1000  1000  1000  1000  1000  1000  1000  1000  1000  1000  1000  1000  1000  1000
 123   1000  1000  1000  1000  1000  1000  1000  1000  1000  1000  1000  1000  1000  1000  1000  1000  1000  1000
 124   1000  1000  1000  1000  1000  1000  1000  1000  1000  1000  1000  1000  1000  1000  1000  1000  1000
 125   1000  1000  1000  1000  1000  1000  1000  1000  1000  1000  1000  1000  1000  1000  1000  1000
 126   1000  1000  1000  1000  1000  1000  1000  1000  1000  1000  1000  1000  1000  1000  1000
 127   1000  1000  1000  1000  1000  1000  1000  1000  1000  1000  1000  1000  1000  1000
 128   1000  1000  1000  1000  1000  1000  1000  1000  1000  1000  1000  1000  1000
 129   1000  1000  1000  1000  1000  1000  1000  1000  1000  1000  1000  1000
 130   1000  1000  1000  1000  1000  1000  1000  1000  1000  1000  1000
 131   1000  1000  1000  1000  1000  1000  1000  1000  1000  1000
 132   1000  1000  1000  1000  1000  1000  1000  1000  1000
 133   1000  1000  1000  1000  1000  1000  1000  1000
 134   1000  1000  1000  1000  1000  1000  1000
 135   1000  1000  1000  1000  1000  1000
 136   1000  1000  1000  1000  1000
 137   1000  1000  1000  1000
 138   1000  1000  1000
 139   1000  1000
 140   1000

 Finished!
