NIF_RUN Passive 18x snout on TANDM 90-348 Pinhole
  140    6    1    0    1
   0.00500   9.00000   0.03000   0.00100
   0.0000000   0   0 1.00000000E+00   1.0000000
ZR902    4.147E-14 0.011       0.00       0.00        (    )
IN115N   1.039E-14 0.012       0.00       0.00        (    )
AU197G   2.386E-14 0.012       0.00 AUNG  3.94 IFX    (ISTP)
IN115G   3.612E-14 0.028       0.00 INNG 39.37 IFX    (ISTP)
AU1972   2.606E-13 0.012       0.00       0.00        (    )
AL27A    1.501E-14 0.012       0.00       0.00        (    )
Flux Uncertainty
 140
 0.0000E+00 0.0000E+00 0.0000E+00 0.0000E+00 0.0000E+00 0.0000E+00 0.0000E+00
 0.0000E+00 0.0000E+00 0.0000E+00 0.0000E+00 0.0000E+00 0.0000E+00 0.0000E+00
 1.0000E+00 1.0000E+00 1.0000E+00 1.0000E+00 1.0000E+00 1.0000E+00 1.0000E+00
 1.0000E+00 1.0000E+00 1.0000E+00 1.0000E+00 1.0000E+00 1.0000E+00 1.0000E+00
 1.0000E+00 1.0000E+00 1.0000E+00 1.0000E+00 1.0000E+00 1.0000E+00 1.0000E+00
 1.0000E+00 1.0000E+00 1.0000E+00 1.0000E+00 1.0000E+00 1.0000E+00 1.0000E+00
 1.0000E+00 1.0000E+00 1.0000E+00 1.0000E+00 1.0000E+00 1.0000E+00 1.0000E+00
 1.0000E+00 1.0000E+00 1.0000E+00 1.0000E+00 1.0000E+00 1.0000E+00 1.0000E+00
 1.0000E+00 1.0000E+00 1.0000E+00 1.0000E+00 1.0000E+00 1.0000E+00 1.0000E+00
 1.0000E+00 1.0000E+00 1.0000E+00 1.0000E+00 1.0000E+00 1.0000E+00 1.0000E+00
 1.0000E+00 1.0000E+00 1.0000E+00 1.0000E+00 1.0000E+00 1.0000E+00 1.0000E+00
 1.0000E+00 1.0000E+00 1.0000E+00 1.0000E+00 1.0000E+00 1.0000E+00 1.0000E+00
 1.0000E+00 1.0000E+00 1.0000E+00 1.0000E+00 1.0000E+00 1.0000E+00 1.0000E+00
 1.0000E+00 1.0000E+00 2.0000E-01 2.0000E-01 2.0000E-01 0.0000E+00 0.0000E+00
 0.0000E+00 0.0000E+00 0.0000E+00 0.0000E+00 0.0000E+00 0.0000E+00 0.0000E+00
 0.0000E+00 0.0000E+00 0.0000E+00 0.0000E+00 0.0000E+00 0.0000E+00 0.0000E+00
 0.0000E+00 0.0000E+00 0.0000E+00 0.0000E+00 0.0000E+00 0.0000E+00 0.0000E+00
 0.0000E+00 0.0000E+00 0.0000E+00 0.0000E+00 0.0000E+00 0.0000E+00 0.0000E+00
 0.0000E+00 0.0000E+00 0.0000E+00 0.0000E+00 0.0000E+00 0.0000E+00 0.0000E+00
 0.0000E+00 0.0000E+00 0.0000E+00 0.0000E+00 0.0000E+00 0.0000E+00 0.0000E+00
Input Flux Spectrum
 140   1 1.000E+00 2.000E+01 5.000E-08
 0.0000E+00 0.0000E+00 0.0000E+00 0.0000E+00 0.0000E+00 0.0000E+00 0.0000E+00
 0.0000E+00 0.0000E+00 0.0000E+00 0.0000E+00 0.0000E+00 0.0000E+00 0.0000E+00
 2.7600E+04 2.7600E+04 2.7600E+04 2.7600E+04 2.7600E+04 2.7600E+04 2.7600E+04
 2.7600E+04 2.7600E+04 2.7600E+04 2.7600E+04 2.7600E+04 2.7600E+04 2.7600E+04
 2.7600E+04 2.7600E+04 2.7600E+04 2.7600E+04 2.7600E+04 2.7600E+04 2.7600E+04
 2.7600E+04 2.7600E+04 2.7600E+04 5.0800E+06 5.0800E+06 2.9800E+07 1.5800E+07
 3.1100E+07 1.7000E+08 7.3800E+08 1.1200E+09 1.7800E+08 8.7800E+08 1.7300E+09
 1.7600E+09 1.2600E+09 2.5000E+09 5.5500E+08 1.0600E+09 1.0200E+09 1.6100E+09
 2.2100E+09 9.8100E+08 1.6200E+09 1.8000E+09 1.2600E+09 1.3600E+09 9.6400E+08
 1.0100E+09 1.5500E+09 1.1100E+09 1.2000E+09 7.0000E+08 1.1800E+09 1.1500E+09
 2.1600E+09 1.6900E+09 1.6300E+09 1.3700E+09 1.3400E+09 1.4100E+09 9.9500E+08
 1.2200E+09 9.3600E+08 7.9600E+08 7.1400E+08 5.6100E+08 9.0800E+08 6.2400E+08
 7.4100E+08 6.2100E+08 6.6700E+08 5.1500E+08 4.6500E+08 4.8000E+08 3.9800E+08
 5.6800E+08 1.4000E+09 8.0300E+10 1.0600E+11 2.5300E+08 0.0000E+00 0.0000E+00
 0.0000E+00 0.0000E+00 0.0000E+00 0.0000E+00 0.0000E+00 0.0000E+00 0.0000E+00
 0.0000E+00 0.0000E+00 0.0000E+00 0.0000E+00 0.0000E+00 0.0000E+00 0.0000E+00
 0.0000E+00 0.0000E+00 0.0000E+00 0.0000E+00 0.0000E+00 0.0000E+00 0.0000E+00
 0.0000E+00 0.0000E+00 0.0000E+00 0.0000E+00 0.0000E+00 0.0000E+00 0.0000E+00
 0.0000E+00 0.0000E+00 0.0000E+00 0.0000E+00 0.0000E+00 0.0000E+00 0.0000E+00
 0.0000E+00 0.0000E+00 0.0000E+00 0.0000E+00 0.0000E+00 0.0000E+00 0.0000E+00
   10   13   28   11    8    5    8    7   10   40



                         ==============================
                               STAYSL PNNL OUTPUT
                         ==============================

 STAYSL PNNL, version 1.2.0, 2015-08-05


 SCENARIO TITLE: NIF_RUN Passive 18x snout on TANDM 90-348 Pinhole
 -------------------------------------------------------------------------------
  NGROUP =   140    NRXN =     6    ACTIVITY NORM = 1.00000E+00

  COVARIANCE PARAMETERS (FCHN, FCVX, ACVX, FS)
    FLUXES:      WIDTH =  9.0000E+00   LONG RANGE COVAR. =  3.0000E-02
            ACTIVITIES =  5.0000E-03   X-SECT CROSS COR. =  1.0000E-03

    DETERM =   1.3860 × 10^  -6.00      ERROR =   1.5469E-14

  INPUT NORMALIZATION DATA
    AK1   =     0.00000     VAK        =     0.00090
    NORML =           0     RENORM     = 5.11472E-01
    CHI²  =  1139.57114     NORM. CHI² =   227.91423
     (logarithmic limit was applied to low fluxes)

  DOSIMETRY ACTIVITIES
     ———— INPUTS —————  -UNADJUSTED FLUX-  — ADJUSTED FLUX —    CHI²  90% ACTIVITIES RANGE
 RXN  MEASURED     ±%   ACTIVITY    %DIFF  ACTIVITY    %DIFF  CONTRIB --LOW E-- --HIGH E--   REACTION          CVR
  1  4.147E-14    1.10  5.682E-14   37.02  5.267E-14   27.00  481.945  1.30E+01  1.40E+01  ZR90(N,2N)ZR89          
  2  1.039E-14    1.20  9.509E-15   -8.48  1.253E-14   20.63   -5.010  1.00E+00  1.40E+01  IN115(N,N')IN115M       
  3  2.386E-14    1.20  4.632E-15  -80.59  2.402E-14    0.69 -158.695  1.90E-02  6.60E-01  AU197(N,G)AU198         
  4  3.612E-14    2.80  5.364E-15  -85.15  2.544E-14  -29.56  314.143  1.90E-02  8.40E-01  IN115(N,G)IN116M        
  5  2.606E-13    1.20  2.041E-13  -21.70  2.066E-13  -20.72  215.860  1.20E+01  1.40E+01  AU197(N,2N)AU196        
  6  1.501E-14    1.20  1.158E-14  -22.88  1.219E-14  -18.78  291.328  1.10E+01  1.40E+01  AL27(N,A)NA24           

             % STD. DEV.  =         56.89              23.71

                              CHECK INPUT, IT IS RATHER UNLIKELY !
                                   *** BEWARE OF OUTPUT ! ***


  DIFFERENTIAL FLUXES (input is normalized by a factor of 5.1147E-01)
                  —————— DIFFERENTIAL FLUX —————   ———— STD. DEV. % ————   INTEGRAL
 GRP    ENERGY        NEW         OLD      RATIO    NEW     OLD    RATIO   FLUX > E     ± %
  15  2.8000E-06  8.6338E+09  9.7356E+09   0.887  100.00  100.00   1.000  2.0749E+11   10.75
  16  4.2500E-06  6.0992E+09  6.8862E+09   0.886  100.00  100.00   1.000  2.0749E+11   10.75
  17  6.3000E-06  4.3126E+09  4.8678E+09   0.886  100.00  100.00   1.000  2.0749E+11   10.75
  18  9.2000E-06  2.9136E+09  3.2829E+09   0.888  100.00  100.00   1.000  2.0749E+11   10.75
  19  1.3500E-05  1.6758E+09  1.8822E+09   0.890  100.00  100.00   1.000  2.0749E+11   10.75
  20  2.1000E-05  1.4025E+09  1.5685E+09   0.894  100.00  100.00   1.000  2.0749E+11   10.75
  21  3.0000E-05  8.4600E+08  9.4111E+08   0.899  100.00  100.00   1.000  2.0749E+11   10.75
  22  4.5000E-05  5.3212E+08  5.8819E+08   0.905  100.00  100.00   1.000  2.0749E+11   10.75
  23  6.9000E-05  4.1503E+08  4.5538E+08   0.911  100.00  100.00   1.000  2.0749E+11   10.75
  24  1.0000E-04  3.7083E+08  4.0333E+08   0.919  100.00  100.00   1.000  2.0749E+11   10.75
  25  1.3500E-04  3.7484E+08  4.0333E+08   0.929  100.00  100.00   1.000  2.0749E+11   10.75
  26  1.7000E-04  2.6603E+08  2.8233E+08   0.942  100.00  100.00   1.000  2.0749E+11   10.75
  27  2.2000E-04  2.2579E+08  2.3528E+08   0.960  100.00  100.00   1.000  2.0749E+11   10.75
  28  2.8000E-04  1.7361E+08  1.7646E+08   0.984   99.99  100.00   1.000  2.0749E+11   10.75
  29  3.6000E-04  1.5964E+08  1.5685E+08   1.018   99.99  100.00   1.000  2.0749E+11   10.75
  30  4.5000E-04  1.2030E+08  1.1293E+08   1.065   99.97  100.00   1.000  2.0749E+11   10.75
  31  5.7500E-04  8.6277E+07  7.6306E+07   1.131   99.95  100.00   1.000  2.0749E+11   10.75
  32  7.6000E-04  8.6076E+07  7.0583E+07   1.219   99.91  100.00   0.999  2.0749E+11   10.75
  33  9.6000E-04  5.9936E+07  4.4815E+07   1.337   99.83  100.00   0.998  2.0749E+11   10.75
  34  1.2750E-03  6.4733E+07  4.3436E+07   1.490   99.69  100.00   0.997  2.0749E+11   10.75
  35  1.6000E-03  5.9419E+07  3.5292E+07   1.684   99.45  100.00   0.994  2.0749E+11   10.75
  36  2.0000E-03  3.8757E+07  2.0167E+07   1.922   99.06  100.00   0.991  2.0749E+11   10.75
  37  2.7000E-03  4.4517E+07  2.0167E+07   2.207   98.45  100.00   0.984  2.0749E+11   10.75
  38  3.4000E-03  3.2603E+07  1.2833E+07   2.540   97.53  100.00   0.975  2.0749E+11   10.75
  39  4.5000E-03  7.5808E+09  2.5983E+09   2.918   96.21  100.00   0.962  2.0749E+11   10.75
  40  5.5000E-03  5.0927E+09  1.5284E+09   3.332   94.36  100.00   0.944  2.0748E+11   10.75
  41  7.2000E-03  2.8753E+10  7.6209E+09   3.773   91.90  100.00   0.919  2.0748E+11   10.75
  42  9.2000E-03  1.2197E+10  2.8862E+09   4.226   88.72  100.00   0.887  2.0742E+11   10.77
  43  1.2000E-02  2.4787E+10  5.3023E+09   4.675   84.77  100.00   0.848  2.0738E+11   10.77
  44  1.5000E-02  1.1087E+11  2.1738E+10   5.101   80.04  100.00   0.800  2.0731E+11   10.80
  45  1.9000E-02  3.1855E+11  5.8072E+10   5.485   74.58  100.00   0.746  2.0687E+11   10.93
  46  2.5500E-02  5.1228E+11  8.8131E+10   5.813   68.52  100.00   0.685  2.0480E+11   11.56
  47  3.2000E-02  6.9076E+10  1.1380E+10   6.070   62.09  100.00   0.621  2.0147E+11   12.62
  48  4.0000E-02  2.2448E+11  3.5926E+10   6.248   55.63  100.00   0.556  2.0091E+11   12.79
  49  5.2500E-02  4.1598E+11  6.5544E+10   6.347   49.62  100.00   0.496  1.9811E+11   13.61
  50  6.6000E-02  2.6058E+11  4.0918E+10   6.368   44.68  100.00   0.447  1.9249E+11   15.14
  51  8.8000E-02  1.8523E+11  2.9293E+10   6.323   41.51  100.00   0.415  1.8676E+11   16.56
  52  1.1000E-01  3.1845E+11  5.1147E+10   6.226   40.67  100.00   0.407  1.8268E+11   17.44
  53  1.3500E-01  6.9201E+10  1.1355E+10   6.094   42.25  100.00   0.422  1.7472E+11   18.85
  54  1.6000E-01  1.0748E+11  1.8072E+10   5.947   45.79  100.00   0.458  1.7299E+11   19.08
  55  1.9000E-01  1.0090E+11  1.7390E+10   5.802   50.59  100.00   0.506  1.6977E+11   19.30
  56  2.2000E-01  1.3351E+11  2.3528E+10   5.674   56.00  100.00   0.560  1.6674E+11   19.32
  57  2.5500E-01  1.8004E+11  3.2296E+10   5.575   61.52  100.00   0.615  1.6207E+11   19.06
  58  2.9000E-01  9.2122E+10  1.6725E+10   5.508   66.79  100.00   0.668  1.5577E+11   18.38
  59  3.2000E-01  1.1337E+11  2.0715E+10   5.473   71.57  100.00   0.716  1.5300E+11   17.91
  60  3.6000E-01  1.2573E+11  2.3016E+10   5.463   75.70  100.00   0.757  1.4847E+11   16.89
  61  4.0000E-01  7.0422E+10  1.2889E+10   5.464   79.07  100.00   0.791  1.4344E+11   15.48
  62  4.5000E-01  7.5941E+10  1.3912E+10   5.459   81.62  100.00   0.816  1.3992E+11   14.33
  63  5.0000E-01  5.3515E+10  9.8612E+09   5.427   83.32  100.00   0.833  1.3612E+11   12.91
  64  5.5000E-01  5.5232E+10  1.0332E+10   5.346   84.18  100.00   0.842  1.3345E+11   11.81
  65  6.0000E-01  6.8628E+10  1.3213E+10   5.194   84.21  100.00   0.842  1.3068E+11   10.59
  66  6.6000E-01  4.6860E+10  9.4622E+09   4.952   83.43  100.00   0.834  1.2657E+11    8.76
  67  7.2000E-01  4.7148E+10  1.0229E+10   4.609   81.88  100.00   0.819  1.2375E+11    7.61
  68  7.8000E-01  2.4727E+10  5.9672E+09   4.144   79.59  100.00   0.796  1.2093E+11    6.67
  69  8.4000E-01  2.6911E+10  7.5442E+09   3.567   76.58  100.00   0.766  1.1944E+11    6.35
  70  9.2000E-01  2.1203E+10  7.3524E+09   2.884   72.88  100.00   0.729  1.1729E+11    6.18
  71  1.0000E+00  1.1672E+10  5.5239E+09   2.113   68.52  100.00   0.685  1.1559E+11    6.33
  72  1.2000E+00  5.5494E+09  4.3219E+09   1.284   63.55  100.00   0.635  1.1326E+11    6.92
  73  1.4000E+00  1.8177E+09  4.1685E+09   0.436   58.07  100.00   0.581  1.1215E+11    7.33
  74  1.6000E+00  3.8680E+08  3.5036E+09   0.110   52.25  100.00   0.523  1.1178E+11    7.48
  75  1.8000E+00  1.8142E+08  3.4269E+09   0.053   46.36  100.00   0.464  1.1171E+11    7.51
  76  2.0000E+00  7.0292E+07  2.4039E+09   0.029   40.86  100.00   0.409  1.1167E+11    7.52
  77  2.3000E+00  3.3397E+07  1.6964E+09   0.020   36.42  100.00   0.364  1.1165E+11    7.53
  78  2.6000E+00  3.5359E+07  2.0800E+09   0.017   33.88  100.00   0.339  1.1164E+11    7.53
  79  2.9000E+00  2.3433E+07  1.1968E+09   0.020   33.88  100.00   0.339  1.1163E+11    7.54
  80  3.3000E+00  3.1293E+07  1.0178E+09   0.031   36.38  100.00   0.364  1.1162E+11    7.54
  81  3.7000E+00  6.0049E+07  9.1298E+08   0.066   40.65  100.00   0.406  1.1161E+11    7.54
  82  4.1000E+00  1.3373E+08  7.1734E+08   0.186   45.71  100.00   0.457  1.1158E+11    7.54
  83  4.5000E+00  1.3072E+09  9.2883E+08   1.407   50.74  100.00   0.507  1.1153E+11    7.53
  84  5.0000E+00  1.7947E+09  6.3832E+08   2.812   55.11  100.00   0.551  1.1088E+11    7.38
  85  5.5000E+00  3.2166E+09  7.5800E+08   4.243   58.33  100.00   0.583  1.0998E+11    7.10
  86  6.0000E+00  2.5302E+09  4.5375E+08   5.576   60.07  100.00   0.601  1.0837E+11    6.48
  87  6.7000E+00  3.2547E+09  4.8736E+08   6.678   60.07  100.00   0.601  1.0660E+11    5.72
  88  7.4000E+00  2.4456E+09  3.2926E+08   7.428   58.20  100.00   0.582  1.0432E+11    4.67
  89  8.2000E+00  2.2975E+09  2.9729E+08   7.728   54.38  100.00   0.544  1.0237E+11    3.76
  90  9.0000E+00  1.8464E+09  2.4551E+08   7.521   48.66  100.00   0.487  1.0053E+11    2.93
  91  1.0000E+01  1.3835E+09  2.0357E+08   6.797   41.18  100.00   0.412  9.8681E+10    2.18
  92  1.1000E+01  1.6262E+09  2.9052E+08   5.598   32.25  100.00   0.323  9.7297E+10    1.72
  93  1.2000E+01  2.8758E+09  7.1606E+08   4.016   22.53  100.00   0.225  9.5671E+10    1.31
  94  1.3000E+01  4.8995E+10  4.1071E+10   1.193    1.73   20.21   0.086  9.2795E+10    0.95
  95  1.4000E+01  4.3744E+10  5.4216E+10   0.807    1.47   20.21   0.073  4.3800E+10    1.47
  96  1.5000E+01  5.6055E+07  1.2940E+08   0.433    3.91   20.21   0.193  5.6055E+07    3.91
      1.6000E+01

  INTEGRALS OF SPECTRA
    OLD SPECTRUM   1.2353E+11   ±   21.724 %
    NEW SPECTRUM   2.0749E+11   ±   10.748 %

  SUMMARY OF BROAD-GROUP FLUXES, FLUENCES, AND UNCERTAINTIES

    IRRAD TIME [S] = 1.00000000E+00   ACT NORM =  1.00000000E+00

       ENERGY       FLUX       FLUENCE      STDEV %
      thermal    0.0000E+00  0.0000E+00  ±   0.00     (0.100 meV – 0.550  eV)
     epithermal  2.4809E+10  2.4809E+10  ±  46.69     (0.550  eV – 110.0 keV)
        fast     1.8268E+11  1.8268E+11  ±  17.44     (110.0 keV –  20.0 MeV)
        fast     1.1559E+11  1.1559E+11  ±   6.33     (  1.0 MeV –  20.0 MeV)
        high     0.0000E+00  0.0000E+00  ±   0.00     ( 20.0 MeV –  60.0 MeV)

    MINI-SPECTRUM

       ENERGY       FLUX       FLUENCE      STDEV %
     1.0000E-10  0.0000E+00  0.0000E+00  ±   0.00
     5.5000E-07  1.1357E+05  1.1357E+05  ±  92.87
     1.0000E-04  2.4809E+10  2.4809E+10  ±  46.69
     1.1000E-01  4.6563E+10  4.6563E+10  ±  46.14
     5.0000E-01  2.0528E+10  2.0528E+10  ±  77.12
     1.0000E+00  3.9215E+09  3.9215E+09  ±  64.86
     2.0000E+00  7.9470E+08  7.9470E+08  ±  45.28
     5.0000E+00  1.2196E+10  1.2196E+10  ±  54.34
     1.0000E+01  9.8681E+10  9.8681E+10  ±   2.18
     2.0000E+01  0.0000E+00  0.0000E+00  ±   0.00
     6.0000E+01

       TOTAL     2.0749E+11  2.0749E+11  ±  10.75

    RELATIVE COVARIANCES (10×10)
        0     0     0     0     0     0     0     0     0     0
     1000    -5    -4     1     3     0    -2    -7     0
     1000  -814  -698  -355   246   164    87     0
     1000   327   -87    92    87    59     0
     1000   653  -384  -190   -50     0
     1000  -829  -578  -224     0
     1000   691   124     0
     1000   646     0
     1000     0
        0

  SPECTRAL-AVERAGED REACTION RATES (for all cross section library reactions)

        REACTIONS        SIG-PHI      <SIG>          REACTIONS        SIG-PHI      <SIG>          REACTIONS        SIG-PHI      <SIG>  
   ------------------  ----------  ----------   ------------------  ----------  ----------   ------------------  ----------  ----------
   LI6(N,A)T           9.1024E-14  4.3869E-25   FE58(N,G)FE59       6.9122E-16  3.3313E-27   IN115(N,N')IN115M   1.2533E-14  6.0403E-26
   B10(N,A)LI7         1.4144E-13  6.8164E-25   CO59(N,2N)CO58      6.3372E-14  3.0542E-25   IN115(N,2N)IN114M   1.2677E-13  6.1096E-25
   F19(N,2N)F18        3.1961E-15  1.5404E-26   CO59(N,3N)CO57      0.0000E+00  0.0000E+00   IN115(N,G)IN116M    2.5569E-14  1.2323E-25
   NA23(N,2N)NA22      1.7526E-15  8.4468E-27   CO59(N,G)CO60       1.3703E-15  6.6041E-27   I127(N,2N)I126      1.3964E-13  6.7298E-25
   NA23(N,G)NA24       8.7255E-17  4.2052E-28   CO59(N,P)FE59       5.2806E-15  2.5449E-26   LA139(N,G)LA140     1.4733E-15  7.1007E-27
   MG24(N,P)NA24       1.9301E-14  9.3021E-26   CO59(N,A)MN56       3.0615E-15  1.4755E-26   PR141(N,2N)PR140    1.5546E-13  7.4925E-25
   AL27(N,P)MG27       8.5138E-15  4.1032E-26   NI58(N,2N)NI57      1.9864E-15  9.5732E-27   TM169(N,2N)TM168    1.9468E-13  9.3827E-25
   AL27(N,A)NA24       1.2192E-14  5.8758E-26   NI58(N,P)CO58       4.5430E-14  2.1895E-25   TM169(N,3N)TM167    1.5812E-18  7.6205E-30
   SI28(N,P)AL28       2.8300E-14  1.3639E-25   NI60(N,P)CO60       1.5248E-14  7.3485E-26   TA181(N,G)TA182     2.6344E-14  1.2696E-25
   P31(N,P)SI31        1.1287E-14  5.4397E-26   CU63(N,2N)CU62      3.9997E-14  1.9276E-25   W186(N,G)W187       7.9195E-15  3.8168E-26
   S32(N,P)P32         3.0035E-14  1.4475E-25   CU63(N,G)CU64       2.8829E-15  1.3894E-26   AU197(N,2N)AU196    2.0662E-13  9.9577E-25
   TI46(N,2N)TI45      1.5410E-15  7.4266E-27   CU63(N,A)CO60       4.6336E-15  2.2331E-26   AU197(N,G)AU198     2.4081E-14  1.1606E-25
   TI46(N,P)SC46       2.8224E-14  1.3602E-25   CU65(N,2N)CU64      8.2169E-14  3.9601E-25   HG199(N,N')HG199M   2.7366E-14  1.3189E-25
   TI47(N,P)SC47       1.4345E-14  6.9133E-26   ZN64(N,P)CU64       2.0944E-14  1.0094E-25   PB204(N,N')PB204M   1.0788E-14  5.1993E-26
   TI47(N,X)SC46       3.4877E-15  1.6809E-26   ZN67(N,P)CU67       3.3597E-15  1.6192E-26   BI209(N,3N)BI207    2.7719E-17  1.3359E-28
   TI48(N,P)SC48       6.1292E-15  2.9539E-26   AS75(N,2N)AS74      8.8122E-14  4.2470E-25   TH232(N,FISSION)    3.8516E-14  1.8563E-25
   TI48(N,X)SC47       6.1031E-16  2.9413E-27   Y89(N,2N)Y88        7.4736E-14  3.6019E-25   TH232(N,G)TH233     2.1099E-14  1.0168E-25
   TI49(N,X)SC48       3.3769E-16  1.6275E-27   ZR90(N,2N)ZR89      5.2668E-14  2.5383E-25   U235(N,FISSION)     3.5239E-13  1.6983E-24
   V51(N,A)SC48        1.4370E-15  6.9255E-27   NB93(N,G)NB94       8.9658E-15  4.3210E-26   U235(N,G)U236       2.9397E-14  1.4168E-25
   CR52(N,2N)CR51      2.3226E-14  1.1194E-25   NB93(N,N')NB93M     8.5648E-15  4.1277E-26   U238(N,2N)U237      1.0924E-13  5.2647E-25
   MN55(N,2N)MN54      6.4959E-14  3.1307E-25   NB93(N,2N)NB92M     4.4437E-14  2.1416E-25   U238(N,FISSION)     1.2208E-13  5.8836E-25
   MN55(N,G)MN56       1.0352E-15  4.9890E-27   MO92(N,P)NB92M      8.5645E-15  4.1276E-26   U238(N,G)U239       1.6236E-14  7.8250E-26
   FE54(N,2N)FE53      2.5656E-16  1.2365E-27   RH103(N,N')RH103M   6.2546E-14  3.0144E-25   NP237(N,FISSION)    2.6964E-13  1.2995E-24
   FE54(N,P)MN54       4.1515E-14  2.0008E-25   AG109(N,G)AG110M    2.8329E-15  1.3653E-26   PU239(N,FISSION)    4.1268E-13  1.9889E-24
   FE54(N,A)CR51       8.7650E-15  4.2243E-26   IN113(N,N')IN113M   1.0611E-14  5.1141E-26   AM241(N,FISSION)    3.0322E-13  1.4614E-24
   FE56(N,P)MN56       1.1451E-14  5.5188E-26   IN113(N,G)IN114M    3.2011E-14  1.5428E-25   SC45(N,G)SC46       2.1782E-15  1.0498E-26

  INPUT FLUX REL. CORRELATION MATRIX (by row from diagonal)
   1   1000  1000  1000  1000  1000  1000  1000  1000  1000  1000  1000  1000  1000  1000    30    30    30    30    30    30
         30    30    30    30    30    30    30    30    30    30    30    30    30    30    30    30    30    30    30    30
         30    30    30    30    30    30    30    30    30    30    30    30    30    30    30    30    30    30    30    30
         30    30    30    30    30    30    30    30    30    30    30    30    30    30    30    30    30    30    30    30
         30    30    30    30    30    30    30    30    30    30    30    30    30   148   148   148  1000  1000  1000  1000
       1000  1000  1000  1000  1000  1000  1000  1000  1000  1000  1000  1000  1000  1000  1000  1000  1000  1000  1000  1000
       1000  1000  1000  1000  1000  1000  1000  1000  1000  1000  1000  1000  1000  1000  1000  1000  1000  1000  1000  1000

  OUTPUT FLUX REL. CORRELATION MATRIX (by row from diagonal)
   1   1000  1000  1000  1000  1000  1000  1000  1000  1000  1000  1000  1000  1000  1000    30    30    30    30    30    30
         30    30    30    29    29    29    29    29    29    29    28    28    27    27    26    24    23    21    19    17
         15    12    10     7     4     1    -2    -5    -8   -12   -14   -14   -13   -10    -7    -5    -2     0     1     3
          4     5     6     7     8     8     9    10    10    11    13    15    17    21    25    31    38    43    45    43
         37    29    20    10    -1   -16   -34   -57   -86  -127  -186  -280  -453    81    19    -1  1000  1000  1000  1000
       1000  1000  1000  1000  1000  1000  1000  1000  1000  1000  1000  1000  1000  1000  1000  1000  1000  1000  1000  1000
       1000  1000  1000  1000  1000  1000  1000  1000  1000  1000  1000  1000  1000  1000  1000  1000  1000  1000  1000  1000
   2   1000  1000  1000  1000  1000  1000  1000  1000  1000  1000  1000  1000  1000    30    30    30    30    30    30    30
         30    30    29    29    29    29    29    29    29    28    28    27    27    26    24    23    21    19    17    15
         12    10     7     4     1    -2    -5    -8   -12   -14   -14   -13   -10    -7    -5    -2     0     1     3     4
          5     6     7     8     8     9    10    10    11    13    15    17    21    25    31    38    43    45    43    37
         29    20    10    -1   -16   -34   -57   -86  -127  -186  -280  -453    81    19    -1  1000  1000  1000  1000  1000
       1000  1000  1000  1000  1000  1000  1000  1000  1000  1000  1000  1000  1000  1000  1000  1000  1000  1000  1000  1000
       1000  1000  1000  1000  1000  1000  1000  1000  1000  1000  1000  1000  1000  1000  1000  1000  1000  1000  1000
   3   1000  1000  1000  1000  1000  1000  1000  1000  1000  1000  1000  1000    30    30    30    30    30    30    30    30
         30    29    29    29    29    29    29    29    28    28    27    27    26    24    23    21    19    17    15    12
         10     7     4     1    -2    -5    -8   -12   -14   -14   -13   -10    -7    -5    -2     0     1     3     4     5
          6     7     8     8     9    10    10    11    13    15    17    21    25    31    38    43    45    43    37    29
         20    10    -1   -16   -34   -57   -86  -127  -186  -280  -453    81    19    -1  1000  1000  1000  1000  1000  1000
       1000  1000  1000  1000  1000  1000  1000  1000  1000  1000  1000  1000  1000  1000  1000  1000  1000  1000  1000  1000
       1000  1000  1000  1000  1000  1000  1000  1000  1000  1000  1000  1000  1000  1000  1000  1000  1000  1000
   4   1000  1000  1000  1000  1000  1000  1000  1000  1000  1000  1000    30    30    30    30    30    30    30    30    30
         29    29    29    29    29    29    29    28    28    27    27    26    24    23    21    19    17    15    12    10
          7     4     1    -2    -5    -8   -12   -14   -14   -13   -10    -7    -5    -2     0     1     3     4     5     6
          7     8     8     9    10    10    11    13    15    17    21    25    31    38    43    45    43    37    29    20
         10    -1   -16   -34   -57   -86  -127  -186  -280  -453    81    19    -1  1000  1000  1000  1000  1000  1000  1000
       1000  1000  1000  1000  1000  1000  1000  1000  1000  1000  1000  1000  1000  1000  1000  1000  1000  1000  1000  1000
       1000  1000  1000  1000  1000  1000  1000  1000  1000  1000  1000  1000  1000  1000  1000  1000  1000
   5   1000  1000  1000  1000  1000  1000  1000  1000  1000  1000    30    30    30    30    30    30    30    30    30    29
         29    29    29    29    29    29    28    28    27    27    26    24    23    21    19    17    15    12    10     7
          4     1    -2    -5    -8   -12   -14   -14   -13   -10    -7    -5    -2     0     1     3     4     5     6     7
          8     8     9    10    10    11    13    15    17    21    25    31    38    43    45    43    37    29    20    10
         -1   -16   -34   -57   -86  -127  -186  -280  -453    81    19    -1  1000  1000  1000  1000  1000  1000  1000  1000
       1000  1000  1000  1000  1000  1000  1000  1000  1000  1000  1000  1000  1000  1000  1000  1000  1000  1000  1000  1000
       1000  1000  1000  1000  1000  1000  1000  1000  1000  1000  1000  1000  1000  1000  1000  1000
   6   1000  1000  1000  1000  1000  1000  1000  1000  1000    30    30    30    30    30    30    30    30    30    29    29
         29    29    29    29    29    28    28    27    27    26    24    23    21    19    17    15    12    10     7     4
          1    -2    -5    -8   -12   -14   -14   -13   -10    -7    -5    -2     0     1     3     4     5     6     7     8
          8     9    10    10    11    13    15    17    21    25    31    38    43    45    43    37    29    20    10    -1
        -16   -34   -57   -86  -127  -186  -280  -453    81    19    -1  1000  1000  1000  1000  1000  1000  1000  1000  1000
       1000  1000  1000  1000  1000  1000  1000  1000  1000  1000  1000  1000  1000  1000  1000  1000  1000  1000  1000  1000
       1000  1000  1000  1000  1000  1000  1000  1000  1000  1000  1000  1000  1000  1000  1000
   7   1000  1000  1000  1000  1000  1000  1000  1000    30    30    30    30    30    30    30    30    30    29    29    29
         29    29    29    29    28    28    27    27    26    24    23    21    19    17    15    12    10     7     4     1
         -2    -5    -8   -12   -14   -14   -13   -10    -7    -5    -2     0     1     3     4     5     6     7     8     8
          9    10    10    11    13    15    17    21    25    31    38    43    45    43    37    29    20    10    -1   -16
        -34   -57   -86  -127  -186  -280  -453    81    19    -1  1000  1000  1000  1000  1000  1000  1000  1000  1000  1000
       1000  1000  1000  1000  1000  1000  1000  1000  1000  1000  1000  1000  1000  1000  1000  1000  1000  1000  1000  1000
       1000  1000  1000  1000  1000  1000  1000  1000  1000  1000  1000  1000  1000  1000
   8   1000  1000  1000  1000  1000  1000  1000    30    30    30    30    30    30    30    30    30    29    29    29    29
         29    29    29    28    28    27    27    26    24    23    21    19    17    15    12    10     7     4     1    -2
         -5    -8   -12   -14   -14   -13   -10    -7    -5    -2     0     1     3     4     5     6     7     8     8     9
         10    10    11    13    15    17    21    25    31    38    43    45    43    37    29    20    10    -1   -16   -34
        -57   -86  -127  -186  -280  -453    81    19    -1  1000  1000  1000  1000  1000  1000  1000  1000  1000  1000  1000
       1000  1000  1000  1000  1000  1000  1000  1000  1000  1000  1000  1000  1000  1000  1000  1000  1000  1000  1000  1000
       1000  1000  1000  1000  1000  1000  1000  1000  1000  1000  1000  1000  1000
   9   1000  1000  1000  1000  1000  1000    30    30    30    30    30    30    30    30    30    29    29    29    29    29
         29    29    28    28    27    27    26    24    23    21    19    17    15    12    10     7     4     1    -2    -5
         -8   -12   -14   -14   -13   -10    -7    -5    -2     0     1     3     4     5     6     7     8     8     9    10
         10    11    13    15    17    21    25    31    38    43    45    43    37    29    20    10    -1   -16   -34   -57
        -86  -127  -186  -280  -453    81    19    -1  1000  1000  1000  1000  1000  1000  1000  1000  1000  1000  1000  1000
       1000  1000  1000  1000  1000  1000  1000  1000  1000  1000  1000  1000  1000  1000  1000  1000  1000  1000  1000  1000
       1000  1000  1000  1000  1000  1000  1000  1000  1000  1000  1000  1000
  10   1000  1000  1000  1000  1000    30    30    30    30    30    30    30    30    30    29    29    29    29    29    29
         29    28    28    27    27    26    24    23    21    19    17    15    12    10     7     4     1    -2    -5    -8
        -12   -14   -14   -13   -10    -7    -5    -2     0     1     3     4     5     6     7     8     8     9    10    10
         11    13    15    17    21    25    31    38    43    45    43    37    29    20    10    -1   -16   -34   -57   -86
       -127  -186  -280  -453    81    19    -1  1000  1000  1000  1000  1000  1000  1000  1000  1000  1000  1000  1000  1000
       1000  1000  1000  1000  1000  1000  1000  1000  1000  1000  1000  1000  1000  1000  1000  1000  1000  1000  1000  1000
       1000  1000  1000  1000  1000  1000  1000  1000  1000  1000  1000
  11   1000  1000  1000  1000    30    30    30    30    30    30    30    30    30    29    29    29    29    29    29    29
         28    28    27    27    26    24    23    21    19    17    15    12    10     7     4     1    -2    -5    -8   -12
        -14   -14   -13   -10    -7    -5    -2     0     1     3     4     5     6     7     8     8     9    10    10    11
         13    15    17    21    25    31    38    43    45    43    37    29    20    10    -1   -16   -34   -57   -86  -127
       -186  -280  -453    81    19    -1  1000  1000  1000  1000  1000  1000  1000  1000  1000  1000  1000  1000  1000  1000
       1000  1000  1000  1000  1000  1000  1000  1000  1000  1000  1000  1000  1000  1000  1000  1000  1000  1000  1000  1000
       1000  1000  1000  1000  1000  1000  1000  1000  1000  1000
  12   1000  1000  1000    30    30    30    30    30    30    30    30    30    29    29    29    29    29    29    29    28
         28    27    27    26    24    23    21    19    17    15    12    10     7     4     1    -2    -5    -8   -12   -14
        -14   -13   -10    -7    -5    -2     0     1     3     4     5     6     7     8     8     9    10    10    11    13
         15    17    21    25    31    38    43    45    43    37    29    20    10    -1   -16   -34   -57   -86  -127  -186
       -280  -453    81    19    -1  1000  1000  1000  1000  1000  1000  1000  1000  1000  1000  1000  1000  1000  1000  1000
       1000  1000  1000  1000  1000  1000  1000  1000  1000  1000  1000  1000  1000  1000  1000  1000  1000  1000  1000  1000
       1000  1000  1000  1000  1000  1000  1000  1000  1000
  13   1000  1000    30    30    30    30    30    30    30    30    30    29    29    29    29    29    29    29    28    28
         27    27    26    24    23    21    19    17    15    12    10     7     4     1    -2    -5    -8   -12   -14   -14
        -13   -10    -7    -5    -2     0     1     3     4     5     6     7     8     8     9    10    10    11    13    15
         17    21    25    31    38    43    45    43    37    29    20    10    -1   -16   -34   -57   -86  -127  -186  -280
       -453    81    19    -1  1000  1000  1000  1000  1000  1000  1000  1000  1000  1000  1000  1000  1000  1000  1000  1000
       1000  1000  1000  1000  1000  1000  1000  1000  1000  1000  1000  1000  1000  1000  1000  1000  1000  1000  1000  1000
       1000  1000  1000  1000  1000  1000  1000  1000
  14   1000    30    30    30    30    30    30    30    30    30    29    29    29    29    29    29    29    28    28    27
         27    26    24    23    21    19    17    15    12    10     7     4     1    -2    -5    -8   -12   -14   -14   -13
        -10    -7    -5    -2     0     1     3     4     5     6     7     8     8     9    10    10    11    13    15    17
         21    25    31    38    43    45    43    37    29    20    10    -1   -16   -34   -57   -86  -127  -186  -280  -453
         81    19    -1  1000  1000  1000  1000  1000  1000  1000  1000  1000  1000  1000  1000  1000  1000  1000  1000  1000
       1000  1000  1000  1000  1000  1000  1000  1000  1000  1000  1000  1000  1000  1000  1000  1000  1000  1000  1000  1000
       1000  1000  1000  1000  1000  1000  1000
  15   1000   988   952   895   821   735   641   546   454   368   292   225   170   125    90    63    43    29    19    12
          8     5     3     2     1     0     0     0     0    -1    -1    -2    -3    -4    -5    -6    -7    -7    -7    -6
         -5    -4    -3    -2    -2    -1     0     0     0     0     1     1     2     2     2     2     3     3     3     3
          3     2     2     1     1     0     0     0     0    -1    -1    -1    -1    -2    -3    -4    -5    -8   -13     2
          1     0    30    30    30    30    30    30    30    30    30    30    30    30    30    30    30    30    30    30
         30    30    30    30    30    30    30    30    30    30    30    30    30    30    30    30    30    30    30    30
         30    30    30    30    30    30
  16   1000   988   952   895   821   735   641   546   454   368   292   225   170   125    90    63    43    29    19    12
          8     5     3     1     0     0     0     0    -1    -1    -2    -3    -4    -5    -6    -7    -7    -7    -6    -5
         -4    -3    -2    -2    -1     0     0     0     0     1     1     2     2     2     2     3     3     3     3     3
          2     2     1     1     0     0     0     0    -1    -1    -1    -2    -2    -3    -4    -5    -8   -13     2     1
          0    30    30    30    30    30    30    30    30    30    30    30    30    30    30    30    30    30    30    30
         30    30    30    30    30    30    30    30    30    30    30    30    30    30    30    30    30    30    30    30
         30    30    30    30    30
  17   1000   988   952   895   821   735   641   546   454   368   292   225   170   125    90    63    43    29    19    12
          7     4     2     1     0     0     0    -1    -1    -2    -3    -4    -5    -6    -7    -7    -7    -6    -5    -4
         -3    -2    -2    -1     0     0     0     0     1     1     2     2     2     2     3     3     3     3     3     2
          2     1     1     0     0     0     0    -1    -1    -1    -2    -2    -3    -4    -5    -8   -13     2     1     0
         30    30    30    30    30    30    30    30    30    30    30    30    30    30    30    30    30    30    30    30
         30    30    30    30    30    30    30    30    30    30    30    30    30    30    30    30    30    30    30    30
         30    30    30    30
  18   1000   988   952   895   821   735   641   546   454   368   292   225   170   125    90    63    43    29    19    12
          7     4     2     1     0     0    -1    -1    -2    -3    -4    -5    -6    -7    -7    -7    -6    -5    -4    -3
         -2    -2    -1     0     0     0     0     1     1     2     2     2     2     3     3     3     3     3     2     2
          1     1     0     0     0     0     0    -1    -1    -1    -2    -3    -4    -5    -8   -13     2     1     0    30
         30    30    30    30    30    30    30    30    30    30    30    30    30    30    30    30    30    30    30    30
         30    30    30    30    30    30    30    30    30    30    30    30    30    30    30    30    30    30    30    30
         30    30    30
  19   1000   988   952   895   821   735   641   546   454   368   292   225   170   125    90    63    43    29    19    12
          7     4     2     1     0     0    -1    -2    -3    -4    -5    -6    -7    -7    -7    -6    -5    -4    -3    -2
         -2    -1     0     0     0     0     1     1     2     2     2     2     2     3     3     3     2     2     2     1
          1     0     0     0     0     0    -1    -1    -1    -2    -3    -4    -5    -8   -13     2     1     0    30    30
         30    30    30    30    30    30    30    30    30    30    30    30    30    30    30    30    30    30    30    30
         30    30    30    30    30    30    30    30    30    30    30    30    30    30    30    30    30    30    30    30
         30    30
  20   1000   988   952   895   821   735   641   546   454   368   292   225   170   125    90    63    43    29    19    12
          7     4     2     0     0    -1    -2    -2    -4    -5    -6    -6    -7    -6    -6    -5    -4    -3    -2    -2
         -1     0     0     0     0     1     1     1     2     2     2     2     2     2     2     2     2     2     1     1
          0     0     0     0     0    -1    -1    -1    -2    -3    -4    -5    -8   -13     2     1     0    30    30    30
         30    30    30    30    30    30    30    30    30    30    30    30    30    30    30    30    30    30    30    30
         30    30    30    30    30    30    30    30    30    30    30    30    30    30    30    30    30    30    30    30
         30
  21   1000   988   952   895   821   735   641   546   454   368   292   225   170   125    90    63    43    29    19    12
          7     4     2     0     0    -1    -2    -3    -4    -5    -6    -6    -6    -5    -5    -4    -3    -2    -1    -1
          0     0     0     0     1     1     1     2     2     2     2     2     2     2     2     2     2     1     1     0
          0     0     0     0     0    -1    -1    -2    -3    -4    -5    -8   -13     2     1     0    30    30    30    30
         30    30    30    30    30    30    30    30    30    30    30    30    30    30    30    30    30    30    30    30
         30    30    30    30    30    30    30    30    30    30    30    30    30    30    30    30    30    30    30    30
  22   1000   988   952   895   821   735   641   547   454   368   292   225   170   125    90    63    44    29    19    12
          7     4     1     0    -1    -2    -3    -4    -5    -6    -6    -6    -5    -5    -4    -3    -2    -2    -1     0
          0     0     0     0     1     1     1     2     2     2     2     2     2     2     2     2     1     1     0     0
          0     0     0     0    -1    -1    -2    -2    -4    -5    -8   -13     2     1     0    30    30    30    30    30
         30    30    30    30    30    30    30    30    30    30    30    30    30    30    30    30    30    30    30    30
         30    30    30    30    30    30    30    30    30    30    30    30    30    30    30    30    30    30    30
  23   1000   988   952   895   821   735   642   547   454   369   292   226   170   126    90    64    44    29    19    12
          7     4     1     0    -1    -3    -4    -5    -6    -7    -6    -6    -5    -4    -3    -2    -2    -1    -1     0
          0     0     0     1     1     1     1     2     2     2     2     2     2     2     2     1     1     0     0     0
          0     0     0     0    -1    -2    -2    -3    -5    -8   -13     2     1     0    30    30    30    30    30    30
         30    30    30    30    30    30    30    30    30    30    30    30    30    30    30    30    30    30    30    30
         30    30    30    30    30    30    30    30    30    30    30    30    30    30    30    30    30    30
  24   1000   988   952   895   821   735   642   547   454   369   292   226   171   126    91    64    44    30    19    12
          7     3     0    -1    -3    -4    -6    -7    -7    -7    -6    -5    -4    -3    -3    -2    -1    -1     0     0
          0     0     0     1     1     1     1     1     2     2     2     2     2     2     1     1     1     0     0     0
          0     0     0    -1    -1    -2    -3    -5    -8   -13     2     1     0    29    29    29    29    29    29    29
         29    29    29    29    29    29    29    29    29    29    29    29    29    29    29    29    29    29    29    29
         29    29    29    29    29    29    29    29    29    29    29    29    29    29    29    29    29
  25   1000   988   952   895   821   735   642   547   455   369   293   227   172   127    92    65    45    30    19    12
          6     2     0    -3    -5    -7    -8    -9    -8    -8    -6    -5    -4    -3    -3    -2    -1    -1     0     0
          0     0     0     0     1     1     1     1     1     1     2     2     2     1     1     1     1     0     0     0
          0     0    -1    -1    -2    -3    -5    -8   -13     2     1     0    29    29    29    29    29    29    29    29
         29    29    29    29    29    29    29    29    29    29    29    29    29    29    29    29    29    29    29    29
         29    29    29    29    29    29    29    29    29    29    29    29    29    29    29    29
  26   1000   988   952   895   821   735   642   547   455   370   294   228   173   128    93    66    46    30    19    11
          5     0    -2    -6    -8   -10   -11   -11   -10    -8    -7    -6    -5    -4    -3    -2    -2    -1    -1     0
          0     0     0     0     0     1     1     1     1     1     1     2     2     1     1     1     1     0     0     0
          0     0    -1    -2    -3    -5    -7   -13     2     1     0    29    29    29    29    29    29    29    29    29
         29    29    29    29    29    29    29    29    29    29    29    29    29    29    29    29    29    29    29    29
         29    29    29    29    29    29    29    29    29    29    29    29    29    29    29
  27   1000   988   952   895   821   735   642   548   456   371   295   229   174   130    94    67    46    30    18     9
          2    -2    -7   -11   -13   -15   -14   -13   -12   -10    -8    -7    -6    -5    -4    -3    -2    -2    -1    -1
          0     0     0     0     0     0     0     1     1     1     2     2     2     2     1     1     1     0     0     0
          0    -1    -2    -3    -5    -7   -12     2     1     0    29    29    29    29    29    29    29    29    29    29
         29    29    29    29    29    29    29    29    29    29    29    29    29    29    29    29    29    29    29    29
         29    29    29    29    29    29    29    29    29    29    29    29    29    29
  28   1000   988   952   895   821   735   643   548   457   372   296   231   176   131    95    67    46    29    16     6
         -1    -8   -14   -18   -20   -20   -19   -16   -14   -12   -10    -9    -7    -6    -5    -4    -4    -3    -2    -2
         -1    -1     0     0     0     0     0     1     1     2     2     2     2     2     2     1     1     0     0     0
          0    -1    -2    -4    -7   -12     3     1     0    29    29    29    29    29    29    29    29    29    29    29
         29    29    29    29    29    29    29    29    29    29    29    29    29    29    29    29    29    29    29    29
         29    29    29    29    29    29    29    29    29    29    29    29    29
  29   1000   988   952   895   822   736   643   550   459   374   299   233   178   133    96    67    44    26    11     0
        -10   -19   -25   -29   -29   -27   -24   -20   -18   -15   -13   -11   -10    -8    -7    -6    -5    -4    -4    -3
         -2    -2    -1    -1     0     0     0     1     2     2     3     3     3     2     2     2     1     1     0     0
         -1    -2    -4    -7   -12     3     0     0    29    29    29    29    29    29    29    29    29    29    29    29
         29    29    29    29    29    29    29    29    29    29    29    29    29    29    29    29    29    29    29    29
         29    29    29    29    29    29    29    29    29    29    29    29
  30   1000   988   952   895   822   737   645   551   461   377   301   236   180   134    96    65    40    19     2   -12
        -25   -35   -40   -41   -38   -34   -29   -25   -22   -19   -17   -14   -12   -11    -9    -8    -7    -6    -5    -4
         -4    -3    -2    -1     0     0     1     2     3     4     4     4     4     3     3     2     1     1     0     0
         -2    -3    -6   -11     3     0     0    29    29    29    29    29    29    29    29    29    29    29    29    29
         29    29    29    29    29    29    29    29    29    29    29    29    29    29    29    29    29    29    29    29
         29    29    29    29    29    29    29    29    29    29    29
  31   1000   988   952   896   823   738   646   554   464   380   304   238   181   133    93    59    31     6   -14   -33
        -47   -55   -57   -53   -48   -42   -36   -32   -28   -24   -21   -18   -16   -14   -13   -11   -10    -8    -7    -6
         -5    -4    -3    -2     0     0     2     4     5     6     6     5     5     4     3     3     2     1     0    -1
         -3    -6   -11     3     0     0    28    28    28    28    28    28    28    28    28    28    28    28    28    28
         28    28    28    28    28    28    28    28    28    28    28    28    28    28    28    28    28    28    28    28
         28    28    28    28    28    28    28    28    28    28
  32   1000   988   952   896   824   739   649   556   467   383   307   239   180   130    86    48    14   -15   -41   -62
        -75   -78   -74   -67   -59   -51   -45   -39   -34   -30   -27   -23   -21   -18   -16   -15   -13   -11   -10    -8
         -7    -5    -3    -2     0     2     5     7     8     8     7     7     6     5     4     3     2     1     0    -2
         -5   -10     4     0     0    28    28    28    28    28    28    28    28    28    28    28    28    28    28    28
         28    28    28    28    28    28    28    28    28    28    28    28    28    28    28    28    28    28    28    28
         28    28    28    28    28    28    28    28    28
  33   1000   988   953   897   825   741   651   560   470   386   308   238   176   120    71    26   -14   -51   -80   -99
       -105  -101   -91   -81   -71   -62   -54   -48   -42   -37   -33   -30   -26   -24   -21   -19   -16   -14   -12   -10
         -8    -6    -3     0     2     6     9    10    11    10     9     8     7     6     5     4     2     1     0    -4
         -9     5     0    -1    27    27    27    27    27    27    27    27    27    27    27    27    27    27    27    27
         27    27    27    27    27    27    27    27    27    27    27    27    27    27    27    27    27    27    27    27
         27    27    27    27    27    27    27    27
  34   1000   988   953   898   826   744   654   563   472   386   306   232   164   102    44   -10   -60  -101  -128  -138
       -134  -123  -109   -96   -84   -74   -65   -58   -51   -46   -41   -37   -33   -29   -26   -23   -21   -18   -15   -12
         -9    -5    -1     3     8    12    14    14    14    13    12    10     9     7     6     4     2     0    -2    -7
          6     0    -1    27    27    27    27    27    27    27    27    27    27    27    27    27    27    27    27    27
         27    27    27    27    27    27    27    27    27    27    27    27    27    27    27    27    27    27    27    27
         27    27    27    27    27    27    27
  35   1000   988   953   899   828   746   657   565   473   384   299   219   142    69    -1   -67  -124  -162  -178  -175
       -161  -145  -128  -113   -99   -88   -78   -69   -62   -55   -50   -45   -40   -36   -32   -28   -25   -21   -17   -13
         -8    -2     3    10    16    18    19    18    17    16    14    12    11     9     7     5     2     0    -6     7
         -1    -2    26    26    26    26    26    26    26    26    26    26    26    26    26    26    26    26    26    26
         26    26    26    26    26    26    26    26    26    26    26    26    26    26    26    26    26    26    26    26
         26    26    26    26    26    26
  36   1000   988   954   900   830   748   658   564   470   375   283   192   102    13   -71  -147  -200  -223  -223  -208
       -187  -167  -147  -130  -115  -102   -91   -82   -73   -66   -59   -53   -48   -43   -38   -33   -28   -23   -18   -11
         -4     4    13    20    24    25    24    23    21    19    17    14    12    10     8     5     1    -3     8    -1
         -3    24    24    24    24    24    24    24    24    24    24    24    24    24    24    24    24    24    24    24
         24    24    24    24    24    24    24    24    24    24    24    24    24    24    24    24    24    24    24    24
         24    24    24    24    24
  37   1000   988   954   901   831   748   657   560   460   357   253   146    37   -70  -167  -239  -274  -277  -262  -238
       -213  -189  -167  -149  -132  -118  -106   -95   -86   -77   -70   -63   -56   -50   -44   -37   -31   -23   -15    -5
          5    16    26    31    32    31    29    27    24    22    19    17    14    11     8     4    -1    10    -2    -4
         23    23    23    23    23    23    23    23    23    23    23    23    23    23    23    23    23    23    23    23
         23    23    23    23    23    23    23    23    23    23    23    23    23    23    23    23    23    23    23    23
         23    23    23    23
  38   1000   988   955   901   831   747   652   549   439   323   200    71   -60  -183  -277  -328  -338  -323  -296  -267
       -238  -212  -188  -168  -150  -135  -121  -109   -99   -89   -80   -72   -64   -56   -48   -40   -30   -20    -8     6
         20    32    39    41    40    37    34    31    28    25    22    18    15    12     8     1    12    -3    -6    21
         21    21    21    21    21    21    21    21    21    21    21    21    21    21    21    21    21    21    21    21
         21    21    21    21    21    21    21    21    21    21    21    21    21    21    21    21    21    21    21    21
         21    21    21
  39   1000   989   955   901   829   742   641   528   403   266   117   -40  -191  -312  -381  -402  -390  -361  -328  -294
       -263  -235  -210  -188  -169  -152  -137  -124  -112  -101   -90   -80   -71   -61   -50   -38   -25   -10     7    25
         40    49    51    50    47    43    39    35    31    27    24    20    16    12     5    15    -5    -7    19    19
         19    19    19    19    19    19    19    19    19    19    19    19    19    19    19    19    19    19    19    19
         19    19    19    19    19    19    19    19    19    19    19    19    19    19    19    19    19    19    19    19
         19    19
  40   1000   989   955   899   824   731   620   491   343   175    -6  -188  -339  -432  -466  -460  -432  -396  -358  -322
       -288  -258  -232  -209  -188  -170  -153  -139  -125  -112  -100   -87   -75   -62   -48   -32   -13     8    31    50
         60    63    61    57    53    48    43    39    34    30    25    21    16     9    18    -6    -9    17    17    17
         17    17    17    17    17    17    17    17    17    17    17    17    17    17    17    17    17    17    17    17
         17    17    17    17    17    17    17    17    17    17    17    17    17    17    17    17    17    17    17    17
         17
  41   1000   988   953   895   815   711   583   430   248    42  -170  -354  -475  -529  -532  -507  -470  -428  -387  -349
       -314  -282  -254  -230  -207  -187  -169  -152  -137  -121  -107   -91   -76   -58   -39   -16    10    37    60    73
         76    74    70    64    58    53    47    42    37    32    27    21    14    21    -8   -11    15    15    15    15
         15    15    15    15    15    15    15    15    15    15    15    15    15    15    15    15    15    15    15    15
         15    15    15    15    15    15    15    15    15    15    15    15    15    15    15    15    15    15    15    15
  42   1000   988   951   888   798   678   524   334   109  -133  -352  -506  -584  -601  -583  -547  -504  -459  -416  -376
       -339  -306  -277  -250  -226  -204  -184  -165  -146  -128  -110   -91   -70   -46   -19    12    45    72    87    91
         89    83    77    70    63    56    50    44    39    33    27    19    25   -10   -14    12    12    12    12    12
         12    12    12    12    12    12    12    12    12    12    12    12    12    12    12    12    12    12    12    12
         12    12    12    12    12    12    12    12    12    12    12    12    12    12    12    12    12    12    12
  43   1000   987   947   876   770   625   433   194   -73  -328  -519  -626  -664  -657  -626  -583  -536  -489  -445  -403
       -365  -330  -299  -270  -244  -220  -196  -174  -153  -131  -108   -83   -55   -22    15    54    86   103   108   105
         99    91    83    75    67    60    53    46    40    33    25    29   -11   -16    10    10    10    10    10    10
         10    10    10    10    10    10    10    10    10    10    10    10    10    10    10    10    10    10    10    10
         10    10    10    10    10    10    10    10    10    10    10    10    10    10    10    10    10    10
  44   1000   986   940   856   726   542   298     9  -278  -508  -650  -713  -723  -702  -664  -617  -569  -520  -474  -431
       -391  -354  -320  -289  -260  -233  -206  -180  -154  -127   -97   -64   -25    18    64   101   121   127   123   116
        106    97    88    79    70    62    55    47    40    31    33   -14   -19     7     7     7     7     7     7     7
          7     7     7     7     7     7     7     7     7     7     7     7     7     7     7     7     7     7     7     7
          7     7     7     7     7     7     7     7     7     7     7     7     7     7     7     7     7
  45   1000   983   928   824   657   420   120  -196  -465  -647  -743  -777  -771  -742  -699  -651  -601  -551  -504  -458
       -416  -377  -340  -306  -273  -242  -211  -180  -148  -113   -74   -29    22    75   118   142   148   144   135   124
        113   102    92    82    73    64    56    48    38    38   -16   -23     4     4     4     4     4     4     4     4
          4     4     4     4     4     4     4     4     4     4     4     4     4     4     4     4     4     4     4     4
          4     4     4     4     4     4     4     4     4     4     4     4     4     4     4     4
  46   1000   980   910   774   556   258   -78  -384  -608  -742  -807  -824  -810  -778  -734  -685  -634  -583  -533  -486
       -441  -398  -358  -320  -283  -246  -210  -172  -131   -85   -33    27    88   138   165   172   166   156   143   130
        118   106    95    84    74    65    56    46    44   -18   -26     1     1     1     1     1     1     1     1     1
          1     1     1     1     1     1     1     1     1     1     1     1     1     1     1     1     1     1     1     1
          1     1     1     1     1     1     1     1     1     1     1     1     1     1     1
  47   1000   974   881   700   422    79  -256  -522  -700  -803  -851  -860  -844  -811  -767  -718  -666  -613  -561  -511
       -463  -416  -372  -328  -286  -243  -198  -151   -98   -36    32   103   160   191   198   192   179   164   149   135
        121   109    97    86    75    65    54    51   -21   -30    -2    -2    -2    -2    -2    -2    -2    -2    -2    -2
         -2    -2    -2    -2    -2    -2    -2    -2    -2    -2    -2    -2    -2    -2    -2    -2    -2    -2    -2    -2
         -2    -2    -2    -2    -2    -2    -2    -2    -2    -2    -2    -2    -2    -2
  48   1000   965   840   604   277   -73  -376  -600  -748  -835  -876  -884  -869  -838  -796  -747  -694  -640  -585  -532
       -479  -428  -378  -329  -279  -227  -172  -110   -40    38   119   184   219   226   219   204   187   170   154   138
        124   110    98    86    75    63    57   -24   -34    -5    -5    -5    -5    -5    -5    -5    -5    -5    -5    -5
         -5    -5    -5    -5    -5    -5    -5    -5    -5    -5    -5    -5    -5    -5    -5    -5    -5    -5    -5    -5
         -5    -5    -5    -5    -5    -5    -5    -5    -5    -5    -5    -5    -5
  49   1000   952   788   507   165  -159  -424  -619  -752  -834  -877  -889  -879  -852  -812  -765  -712  -656  -600  -542
       -486  -429  -373  -316  -257  -194  -124   -44    44   136   208   247   255   246   229   210   191   172   155   139
        124   110    97    85    72    65   -26   -38    -8    -8    -8    -8    -8    -8    -8    -8    -8    -8    -8    -8
         -8    -8    -8    -8    -8    -8    -8    -8    -8    -8    -8    -8    -8    -8    -8    -8    -8    -8    -8    -8
         -8    -8    -8    -8    -8    -8    -8    -8    -8    -8    -8    -8
  50   1000   938   742   447   127  -161  -396  -575  -704  -789  -839  -860  -857  -837  -802  -758  -707  -651  -593  -534
       -473  -412  -349  -284  -214  -137   -48    50   149   229   271   280   269   251   230   209   188   169   152   135
        120   106    93    80    71   -28   -41   -12   -12   -12   -12   -12   -12   -12   -12   -12   -12   -12   -12   -12
        -12   -12   -12   -12   -12   -12   -12   -12   -12   -12   -12   -12   -12   -12   -12   -12   -12   -12   -12   -12
        -12   -12   -12   -12   -12   -12   -12   -12   -12   -12   -12
  51   1000   928   726   454   173   -80  -294  -464  -594  -687  -747  -778  -786  -775  -749  -711  -664  -611  -554  -494
       -432  -367  -299  -226  -145   -52    51   155   238   282   291   280   261   239   217   196   176   158   141   125
        111    98    84    74   -28   -43   -14   -14   -14   -14   -14   -14   -14   -14   -14   -14   -14   -14   -14   -14
        -14   -14   -14   -14   -14   -14   -14   -14   -14   -14   -14   -14   -14   -14   -14   -14   -14   -14   -14   -14
        -14   -14   -14   -14   -14   -14   -14   -14   -14   -14
  52   1000   930   750   520   282    60  -134  -297  -427  -527  -597  -640  -660  -660  -644  -615  -576  -529  -477  -421
       -361  -296  -225  -146   -56    45   148   229   272   282   272   253   232   211   190   171   153   137   122   108
         96    82    73   -27   -42   -14   -14   -14   -14   -14   -14   -14   -14   -14   -14   -14   -14   -14   -14   -14
        -14   -14   -14   -14   -14   -14   -14   -14   -14   -14   -14   -14   -14   -14   -14   -14   -14   -14   -14   -14
        -14   -14   -14   -14   -14   -14   -14   -14   -14
  53   1000   941   796   609   412   220    45  -107  -236  -338  -415  -467  -498  -510  -505  -487  -458  -421  -377  -328
       -273  -211  -141   -59    32   125   201   242   251   244   228   209   190   172   155   139   124   111    98    87
         75    67   -23   -37   -13   -13   -13   -13   -13   -13   -13   -13   -13   -13   -13   -13   -13   -13   -13   -13
        -13   -13   -13   -13   -13   -13   -13   -13   -13   -13   -13   -13   -13   -13   -13   -13   -13   -13   -13   -13
        -13   -13   -13   -13   -13   -13   -13   -13
  54   1000   954   840   691   527   362   206    65   -57  -159  -240  -299  -339  -360  -366  -359  -341  -314  -279  -238
       -189  -132   -64    13    94   161   198   210   205   192   178   162   147   133   119   107    95    85    75    65
         59   -19   -32   -10   -10   -10   -10   -10   -10   -10   -10   -10   -10   -10   -10   -10   -10   -10   -10   -10
        -10   -10   -10   -10   -10   -10   -10   -10   -10   -10   -10   -10   -10   -10   -10   -10   -10   -10   -10   -10
        -10   -10   -10   -10   -10   -10   -10
  55   1000   964   875   753   616   473   333   202    86   -14   -96  -159  -205  -235  -250  -252  -244  -226  -200  -166
       -123   -70    -7    59   117   152   165   164   156   145   133   121   110    99    89    80    71    63    54    50
        -15   -26    -7    -7    -7    -7    -7    -7    -7    -7    -7    -7    -7    -7    -7    -7    -7    -7    -7    -7
         -7    -7    -7    -7    -7    -7    -7    -7    -7    -7    -7    -7    -7    -7    -7    -7    -7    -7    -7    -7
         -7    -7    -7    -7    -7    -7
  56   1000   972   899   798   679   552   425   304   193    95    12   -54  -106  -142  -164  -174  -174  -164  -145  -117
        -79   -31    23    73   107   122   125   121   114   106    98    89    81    73    66    59    52    45    43   -11
        -22    -5    -5    -5    -5    -5    -5    -5    -5    -5    -5    -5    -5    -5    -5    -5    -5    -5    -5    -5
         -5    -5    -5    -5    -5    -5    -5    -5    -5    -5    -5    -5    -5    -5    -5    -5    -5    -5    -5    -5
         -5    -5    -5    -5    -5
  57   1000   977   916   828   723   609   491   377   269   173    89    19   -36   -77  -106  -123  -130  -126  -113   -90
        -56   -12    30    63    81    89    90    87    83    77    71    65    59    54    48    43    37    37    -8   -18
         -2    -2    -2    -2    -2    -2    -2    -2    -2    -2    -2    -2    -2    -2    -2    -2    -2    -2    -2    -2
         -2    -2    -2    -2    -2    -2    -2    -2    -2    -2    -2    -2    -2    -2    -2    -2    -2    -2    -2    -2
         -2    -2    -2    -2
  58   1000   980   927   849   754   648   537   427   322   226   140    68     8   -38   -72   -95  -108  -110  -102   -82
        -50   -12    20    42    55    61    62    61    59    55    51    47    43    39    35    30    32    -5   -14     0
          0     0     0     0     0     0     0     0     0     0     0     0     0     0     0     0     0     0     0     0
          0     0     0     0     0     0     0     0     0     0     0     0     0     0     0     0     0     0     0     0
          0     0     0
  59   1000   983   935   864   775   675   568   461   357   260   172    96    32   -18   -59   -88  -107  -115  -110   -89
        -58   -24     2    20    31    37    40    41    40    38    36    33    31    28    24    27    -2   -11     1     1
          1     1     1     1     1     1     1     1     1     1     1     1     1     1     1     1     1     1     1     1
          1     1     1     1     1     1     1     1     1     1     1     1     1     1     1     1     1     1     1     1
          1     1
  60   1000   984   941   874   790   693   589   482   378   279   189   108    39   -18   -65  -101  -127  -138  -131  -106
        -72   -40   -16     0    11    18    22    24    24    24    23    22    20    18    23     0    -7     3     3     3
          3     3     3     3     3     3     3     3     3     3     3     3     3     3     3     3     3     3     3     3
          3     3     3     3     3     3     3     3     3     3     3     3     3     3     3     3     3     3     3     3
          3
  61   1000   985   944   881   799   704   600   493   387   285   191   106    30   -35   -91  -136  -166  -175  -158  -125
        -88   -58   -35   -18    -6     1     6    10    11    13    13    13    12    19     4    -4     4     4     4     4
          4     4     4     4     4     4     4     4     4     4     4     4     4     4     4     4     4     4     4     4
          4     4     4     4     4     4     4     4     4     4     4     4     4     4     4     4     4     4     4     4
  62   1000   986   947   884   804   709   605   496   387   281   180    87     2   -73  -140  -193  -220  -215  -183  -143
       -105   -75   -53   -36   -23   -14    -7    -2     0     2     4     5    14     8     0     5     5     5     5     5
          5     5     5     5     5     5     5     5     5     5     5     5     5     5     5     5     5     5     5     5
          5     5     5     5     5     5     5     5     5     5     5     5     5     5     5     5     5     5     5
  63   1000   987   948   886   805   710   603   491   377   265   156    52   -46  -137  -215  -266  -275  -248  -204  -161
       -123   -94   -70   -53   -39   -29   -21   -14   -10    -6    -2     9    14     5     6     6     6     6     6     6
          6     6     6     6     6     6     6     6     6     6     6     6     6     6     6     6     6     6     6     6
          6     6     6     6     6     6     6     6     6     6     6     6     6     6     6     6     6     6
  64   1000   987   948   886   804   706   597   479   358   235   113    -7  -124  -231  -309  -338  -319  -274  -224  -179
       -142  -113   -89   -70   -55   -43   -33   -26   -19   -13     1    22    12     7     7     7     7     7     7     7
          7     7     7     7     7     7     7     7     7     7     7     7     7     7     7     7     7     7     7     7
          7     7     7     7     7     7     7     7     7     7     7     7     7     7     7     7     7
  65   1000   987   948   885   801   699   584   459   326   188    45   -98  -237  -347  -402  -395  -351  -297  -245  -200
       -163  -133  -108   -88   -71   -57   -45   -35   -25    -7    31    21     8     8     8     8     8     8     8     8
          8     8     8     8     8     8     8     8     8     8     8     8     8     8     8     8     8     8     8     8
          8     8     8     8     8     8     8     8     8     8     8     8     8     8     8     8
  66   1000   987   947   882   795   688   564   426   276   114   -56  -229  -376  -462  -473  -435  -378  -319  -267  -222
       -185  -153  -127  -105   -86   -70   -55   -40   -18    43    32     8     8     8     8     8     8     8     8     8
          8     8     8     8     8     8     8     8     8     8     8     8     8     8     8     8     8     8     8     8
          8     8     8     8     8     8     8     8     8     8     8     8     8     8     8
  67   1000   986   945   878   785   669   533   376   199     3  -203  -391  -514  -549  -522  -465  -403  -344  -291  -246
       -207  -174  -146  -121  -100   -80   -60   -32    57    46     9     9     9     9     9     9     9     9     9     9
          9     9     9     9     9     9     9     9     9     9     9     9     9     9     9     9     9     9     9     9
          9     9     9     9     9     9     9     9     9     9     9     9     9     9
  68   1000   986   943   871   770   642   485   299    82  -156  -387  -552  -619  -608  -557  -493  -429  -369  -317  -270
       -230  -194  -163  -136  -110   -83   -49    75    62    10    10    10    10    10    10    10    10    10    10    10
         10    10    10    10    10    10    10    10    10    10    10    10    10    10    10    10    10    10    10    10
         10    10    10    10    10    10    10    10    10    10    10    10    10
  69   1000   985   939   860   748   600   412   182   -85  -358  -571  -676  -689  -649  -587  -520  -456  -396  -342  -294
       -251  -213  -179  -146  -111   -71    96    82    10    10    10    10    10    10    10    10    10    10    10    10
         10    10    10    10    10    10    10    10    10    10    10    10    10    10    10    10    10    10    10    10
         10    10    10    10    10    10    10    10    10    10    10    10
  70   1000   984   933   845   714   534   299    10  -300  -562  -713  -758  -735  -682  -616  -548  -483  -423  -367  -317
       -271  -229  -188  -144   -96   120   106    11    11    11    11    11    11    11    11    11    11    11    11    11
         11    11    11    11    11    11    11    11    11    11    11    11    11    11    11    11    11    11    11    11
         11    11    11    11    11    11    11    11    11    11    11
  71   1000   982   924   820   659   431   132  -210  -521  -722  -806  -809  -770  -711  -644  -577  -511  -449  -391  -337
       -287  -238  -183  -127   149   135    13    13    13    13    13    13    13    13    13    13    13    13    13    13
         13    13    13    13    13    13    13    13    13    13    13    13    13    13    13    13    13    13    13    13
         13    13    13    13    13    13    13    13    13    13
  72   1000   979   910   780   574   278   -84  -439  -694  -825  -863  -846  -799  -739  -672  -604  -537  -473  -411  -353
       -295  -229  -163   182   169    15    15    15    15    15    15    15    15    15    15    15    15    15    15    15
         15    15    15    15    15    15    15    15    15    15    15    15    15    15    15    15    15    15    15    15
         15    15    15    15    15    15    15    15    15
  73   1000   975   888   717   444    76  -312  -619  -803  -884  -898  -873  -825  -765  -698  -630  -561  -493  -427  -360
       -282  -206   220   208    17    17    17    17    17    17    17    17    17    17    17    17    17    17    17    17
         17    17    17    17    17    17    17    17    17    17    17    17    17    17    17    17    17    17    17    17
         17    17    17    17    17    17    17    17
  74   1000   967   851   621   272  -134  -488  -727  -859  -913  -919  -892  -845  -787  -721  -651  -580  -508  -433  -343
       -257   263   254    21    21    21    21    21    21    21    21    21    21    21    21    21    21    21    21    21
         21    21    21    21    21    21    21    21    21    21    21    21    21    21    21    21    21    21    21    21
         21    21    21    21    21    21    21
  75   1000   956   795   494    96  -289  -580  -768  -872  -917  -922  -899  -856  -800  -735  -665  -590  -510  -409  -314
        308   305    25    25    25    25    25    25    25    25    25    25    25    25    25    25    25    25    25    25
         25    25    25    25    25    25    25    25    25    25    25    25    25    25    25    25    25    25    25    25
         25    25    25    25    25    25
  76   1000   938   724   374   -14  -345  -586  -745  -840  -887  -898  -882  -846  -795  -732  -662  -581  -475  -374   351
        357    31    31    31    31    31    31    31    31    31    31    31    31    31    31    31    31    31    31    31
         31    31    31    31    31    31    31    31    31    31    31    31    31    31    31    31    31    31    31    31
         31    31    31    31    31
  77   1000   918   669   323   -15  -294  -503  -650  -747  -803  -825  -820  -794  -752  -695  -623  -521  -424   376   398
         38    38    38    38    38    38    38    38    38    38    38    38    38    38    38    38    38    38    38    38
         38    38    38    38    38    38    38    38    38    38    38    38    38    38    38    38    38    38    38    38
         38    38    38    38
  78   1000   908   669   375    95  -140  -328  -471  -574  -642  -679  -690  -679  -649  -600  -517  -438   363   404    43
         43    43    43    43    43    43    43    43    43    43    43    43    43    43    43    43    43    43    43    43
         43    43    43    43    43    43    43    43    43    43    43    43    43    43    43    43    43    43    43    43
         43    43    43
  79   1000   918   726   497   274    75   -93  -230  -337  -415  -467  -495  -502  -487  -440  -393   296   355    45    45
         45    45    45    45    45    45    45    45    45    45    45    45    45    45    45    45    45    45    45    45
         45    45    45    45    45    45    45    45    45    45    45    45    45    45    45    45    45    45    45    45
         45    45
  80   1000   939   798   627   452   287   139    11   -94  -178  -241  -284  -307  -304  -298   187   259    43    43    43
         43    43    43    43    43    43    43    43    43    43    43    43    43    43    43    43    43    43    43    43
         43    43    43    43    43    43    43    43    43    43    43    43    43    43    43    43    43    43    43    43
         43
  81   1000   957   855   726   588   451   322   206   104    17   -53  -108  -146  -178    65   142    37    37    37    37
         37    37    37    37    37    37    37    37    37    37    37    37    37    37    37    37    37    37    37    37
         37    37    37    37    37    37    37    37    37    37    37    37    37    37    37    37    37    37    37    37
  82   1000   969   893   793   681   565   451   344   245   157    78     7   -56   -51    25    29    29    29    29    29
         29    29    29    29    29    29    29    29    29    29    29    29    29    29    29    29    29    29    29    29
         29    29    29    29    29    29    29    29    29    29    29    29    29    29    29    29    29    29    29
  83   1000   977   918   836   741   640   537   436   339   246   148    59  -158   -86    20    20    20    20    20    20
         20    20    20    20    20    20    20    20    20    20    20    20    20    20    20    20    20    20    20    20
         20    20    20    20    20    20    20    20    20    20    20    20    20    20    20    20    20    20
  84   1000   981   933   864   781   689   593   495   393   278   170  -255  -193    10    10    10    10    10    10    10
         10    10    10    10    10    10    10    10    10    10    10    10    10    10    10    10    10    10    10    10
         10    10    10    10    10    10    10    10    10    10    10    10    10    10    10    10    10
  85   1000   984   943   882   807   721   627   524   398   275  -344  -296    -1    -1    -1    -1    -1    -1    -1    -1
         -1    -1    -1    -1    -1    -1    -1    -1    -1    -1    -1    -1    -1    -1    -1    -1    -1    -1    -1    -1
         -1    -1    -1    -1    -1    -1    -1    -1    -1    -1    -1    -1    -1    -1    -1    -1
  86   1000   987   950   894   823   739   640   508   376  -425  -395   -16   -16   -16   -16   -16   -16   -16   -16   -16
        -16   -16   -16   -16   -16   -16   -16   -16   -16   -16   -16   -16   -16   -16   -16   -16   -16   -16   -16   -16
        -16   -16   -16   -16   -16   -16   -16   -16   -16   -16   -16   -16   -16   -16   -16
  87   1000   988   954   901   831   740   609   471  -498  -490   -34   -34   -34   -34   -34   -34   -34   -34   -34   -34
        -34   -34   -34   -34   -34   -34   -34   -34   -34   -34   -34   -34   -34   -34   -34   -34   -34   -34   -34   -34
        -34   -34   -34   -34   -34   -34   -34   -34   -34   -34   -34   -34   -34   -34
  88   1000   989   956   903   826   702   560  -562  -579   -57   -57   -57   -57   -57   -57   -57   -57   -57   -57   -57
        -57   -57   -57   -57   -57   -57   -57   -57   -57   -57   -57   -57   -57   -57   -57   -57   -57   -57   -57   -57
        -57   -57   -57   -57   -57   -57   -57   -57   -57   -57   -57   -57   -57
  89   1000   989   956   896   784   641  -614  -662   -86   -86   -86   -86   -86   -86   -86   -86   -86   -86   -86   -86
        -86   -86   -86   -86   -86   -86   -86   -86   -86   -86   -86   -86   -86   -86   -86   -86   -86   -86   -86   -86
        -86   -86   -86   -86   -86   -86   -86   -86   -86   -86   -86   -86
  90   1000   988   950   857   712  -652  -733  -127  -127  -127  -127  -127  -127  -127  -127  -127  -127  -127  -127  -127
       -127  -127  -127  -127  -127  -127  -127  -127  -127  -127  -127  -127  -127  -127  -127  -127  -127  -127  -127  -127
       -127  -127  -127  -127  -127  -127  -127  -127  -127  -127  -127
  91   1000   985   919   769  -670  -787  -186  -186  -186  -186  -186  -186  -186  -186  -186  -186  -186  -186  -186  -186
       -186  -186  -186  -186  -186  -186  -186  -186  -186  -186  -186  -186  -186  -186  -186  -186  -186  -186  -186  -186
       -186  -186  -186  -186  -186  -186  -186  -186  -186  -186
  92   1000   971   805  -655  -813  -280  -280  -280  -280  -280  -280  -280  -280  -280  -280  -280  -280  -280  -280  -280
       -280  -280  -280  -280  -280  -280  -280  -280  -280  -280  -280  -280  -280  -280  -280  -280  -280  -280  -280  -280
       -280  -280  -280  -280  -280  -280  -280  -280  -280
  93   1000   789  -567  -765  -453  -453  -453  -453  -453  -453  -453  -453  -453  -453  -453  -453  -453  -453  -453  -453
       -453  -453  -453  -453  -453  -453  -453  -453  -453  -453  -453  -453  -453  -453  -453  -453  -453  -453  -453  -453
       -453  -453  -453  -453  -453  -453  -453  -453
  94   1000  -333  -702    81    81    81    81    81    81    81    81    81    81    81    81    81    81    81    81    81
         81    81    81    81    81    81    81    81    81    81    81    81    81    81    81    81    81    81    81    81
         81    81    81    81    81    81    81
  95   1000   887    19    19    19    19    19    19    19    19    19    19    19    19    19    19    19    19    19    19
         19    19    19    19    19    19    19    19    19    19    19    19    19    19    19    19    19    19    19    19
         19    19    19    19    19    19
  96   1000    -1    -1    -1    -1    -1    -1    -1    -1    -1    -1    -1    -1    -1    -1    -1    -1    -1    -1    -1
         -1    -1    -1    -1    -1    -1    -1    -1    -1    -1    -1    -1    -1    -1    -1    -1    -1    -1    -1    -1
         -1    -1    -1    -1    -1
  97   1000  1000  1000  1000  1000  1000  1000  1000  1000  1000  1000  1000  1000  1000  1000  1000  1000  1000  1000  1000
       1000  1000  1000  1000  1000  1000  1000  1000  1000  1000  1000  1000  1000  1000  1000  1000  1000  1000  1000  1000
       1000  1000  1000  1000
  98   1000  1000  1000  1000  1000  1000  1000  1000  1000  1000  1000  1000  1000  1000  1000  1000  1000  1000  1000  1000
       1000  1000  1000  1000  1000  1000  1000  1000  1000  1000  1000  1000  1000  1000  1000  1000  1000  1000  1000  1000
       1000  1000  1000
  99   1000  1000  1000  1000  1000  1000  1000  1000  1000  1000  1000  1000  1000  1000  1000  1000  1000  1000  1000  1000
       1000  1000  1000  1000  1000  1000  1000  1000  1000  1000  1000  1000  1000  1000  1000  1000  1000  1000  1000  1000
       1000  1000
 100   1000  1000  1000  1000  1000  1000  1000  1000  1000  1000  1000  1000  1000  1000  1000  1000  1000  1000  1000  1000
       1000  1000  1000  1000  1000  1000  1000  1000  1000  1000  1000  1000  1000  1000  1000  1000  1000  1000  1000  1000
       1000
 101   1000  1000  1000  1000  1000  1000  1000  1000  1000  1000  1000  1000  1000  1000  1000  1000  1000  1000  1000  1000
       1000  1000  1000  1000  1000  1000  1000  1000  1000  1000  1000  1000  1000  1000  1000  1000  1000  1000  1000  1000
 102   1000  1000  1000  1000  1000  1000  1000  1000  1000  1000  1000  1000  1000  1000  1000  1000  1000  1000  1000  1000
       1000  1000  1000  1000  1000  1000  1000  1000  1000  1000  1000  1000  1000  1000  1000  1000  1000  1000  1000
 103   1000  1000  1000  1000  1000  1000  1000  1000  1000  1000  1000  1000  1000  1000  1000  1000  1000  1000  1000  1000
       1000  1000  1000  1000  1000  1000  1000  1000  1000  1000  1000  1000  1000  1000  1000  1000  1000  1000
 104   1000  1000  1000  1000  1000  1000  1000  1000  1000  1000  1000  1000  1000  1000  1000  1000  1000  1000  1000  1000
       1000  1000  1000  1000  1000  1000  1000  1000  1000  1000  1000  1000  1000  1000  1000  1000  1000
 105   1000  1000  1000  1000  1000  1000  1000  1000  1000  1000  1000  1000  1000  1000  1000  1000  1000  1000  1000  1000
       1000  1000  1000  1000  1000  1000  1000  1000  1000  1000  1000  1000  1000  1000  1000  1000
 106   1000  1000  1000  1000  1000  1000  1000  1000  1000  1000  1000  1000  1000  1000  1000  1000  1000  1000  1000  1000
       1000  1000  1000  1000  1000  1000  1000  1000  1000  1000  1000  1000  1000  1000  1000
 107   1000  1000  1000  1000  1000  1000  1000  1000  1000  1000  1000  1000  1000  1000  1000  1000  1000  1000  1000  1000
       1000  1000  1000  1000  1000  1000  1000  1000  1000  1000  1000  1000  1000  1000
 108   1000  1000  1000  1000  1000  1000  1000  1000  1000  1000  1000  1000  1000  1000  1000  1000  1000  1000  1000  1000
       1000  1000  1000  1000  1000  1000  1000  1000  1000  1000  1000  1000  1000
 109   1000  1000  1000  1000  1000  1000  1000  1000  1000  1000  1000  1000  1000  1000  1000  1000  1000  1000  1000  1000
       1000  1000  1000  1000  1000  1000  1000  1000  1000  1000  1000  1000
 110   1000  1000  1000  1000  1000  1000  1000  1000  1000  1000  1000  1000  1000  1000  1000  1000  1000  1000  1000  1000
       1000  1000  1000  1000  1000  1000  1000  1000  1000  1000  1000
 111   1000  1000  1000  1000  1000  1000  1000  1000  1000  1000  1000  1000  1000  1000  1000  1000  1000  1000  1000  1000
       1000  1000  1000  1000  1000  1000  1000  1000  1000  1000
 112   1000  1000  1000  1000  1000  1000  1000  1000  1000  1000  1000  1000  1000  1000  1000  1000  1000  1000  1000  1000
       1000  1000  1000  1000  1000  1000  1000  1000  1000
 113   1000  1000  1000  1000  1000  1000  1000  1000  1000  1000  1000  1000  1000  1000  1000  1000  1000  1000  1000  1000
       1000  1000  1000  1000  1000  1000  1000  1000
 114   1000  1000  1000  1000  1000  1000  1000  1000  1000  1000  1000  1000  1000  1000  1000  1000  1000  1000  1000  1000
       1000  1000  1000  1000  1000  1000  1000
 115   1000  1000  1000  1000  1000  1000  1000  1000  1000  1000  1000  1000  1000  1000  1000  1000  1000  1000  1000  1000
       1000  1000  1000  1000  1000  1000
 116   1000  1000  1000  1000  1000  1000  1000  1000  1000  1000  1000  1000  1000  1000  1000  1000  1000  1000  1000  1000
       1000  1000  1000  1000  1000
 117   1000  1000  1000  1000  1000  1000  1000  1000  1000  1000  1000  1000  1000  1000  1000  1000  1000  1000  1000  1000
       1000  1000  1000  1000
 118   1000  1000  1000  1000  1000  1000  1000  1000  1000  1000  1000  1000  1000  1000  1000  1000  1000  1000  1000  1000
       1000  1000  1000
 119   1000  1000  1000  1000  1000  1000  1000  1000  1000  1000  1000  1000  1000  1000  1000  1000  1000  1000  1000  1000
       1000  1000
 120   1000  1000  1000  1000  1000  1000  1000  1000  1000  1000  1000  1000  1000  1000  1000  1000  1000  1000  1000  1000
       1000
 121   1000  1000  1000  1000  1000  1000  1000  1000  1000  1000  1000  1000  1000  1000  1000  1000  1000  1000  1000  1000
 122   1000  1000  1000  1000  1000  1000  1000  1000  1000  1000  1000  1000  1000  1000  1000  1000  1000  1000  1000
 123   1000  1000  1000  1000  1000  1000  1000  1000  1000  1000  1000  1000  1000  1000  1000  1000  1000  1000
 124   1000  1000  1000  1000  1000  1000  1000  1000  1000  1000  1000  1000  1000  1000  1000  1000  1000
 125   1000  1000  1000  1000  1000  1000  1000  1000  1000  1000  1000  1000  1000  1000  1000  1000
 126   1000  1000  1000  1000  1000  1000  1000  1000  1000  1000  1000  1000  1000  1000  1000
 127   1000  1000  1000  1000  1000  1000  1000  1000  1000  1000  1000  1000  1000  1000
 128   1000  1000  1000  1000  1000  1000  1000  1000  1000  1000  1000  1000  1000
 129   1000  1000  1000  1000  1000  1000  1000  1000  1000  1000  1000  1000
 130   1000  1000  1000  1000  1000  1000  1000  1000  1000  1000  1000
 131   1000  1000  1000  1000  1000  1000  1000  1000  1000  1000
 132   1000  1000  1000  1000  1000  1000  1000  1000  1000
 133   1000  1000  1000  1000  1000  1000  1000  1000
 134   1000  1000  1000  1000  1000  1000  1000
 135   1000  1000  1000  1000  1000  1000
 136   1000  1000  1000  1000  1000
 137   1000  1000  1000  1000
 138   1000  1000  1000
 139   1000  1000
 140   1000

 Finished!
