NIF_RUN Passive 18x snout on TANDM 90-348 Pinhole
  140    5    1    0    0
   0.00500   9.00000   0.00500   0.00100
   0.0000000   0   0 1.00000000E+00   1.0000000
ZR902    1.706E-12 0.010       0.00       0.00        (    )
IN115N   4.881E-13 0.007       0.00       0.00        (    )
AU197G   8.079E-14 0.010       0.00 AUNG  3.94 IFX    (ISTP)
IN115G   1.161E-13 0.020       0.00 INNG 39.37 IFX    (ISTP)
AU1972   1.218E-11 0.053       0.00       0.00        (    )
Flux Uncertainty
   4
 1.0000E-11 1.2900E+01 1.2990E+01 2.0100E+01
 1.0000E+01 1.0000E-01 1.0000E-01 3.0000E-02
Input Flux Spectrum
 140   1 1.000E+00 2.000E+01 5.000E-08
 0.0000E+00 0.0000E+00 0.0000E+00 0.0000E+00 0.0000E+00 0.0000E+00 0.0000E+00
 0.0000E+00 0.0000E+00 0.0000E+00 0.0000E+00 0.0000E+00 0.0000E+00 0.0000E+00
 0.0000E+00 0.0000E+00 0.0000E+00 0.0000E+00 1.5854E+12 9.4561E+11 3.4268E+11
 1.8526E+11 1.2369E+11 9.4343E+10 8.1549E+11 5.0204E+11 3.7950E+11 2.6878E+11
 2.3691E+11 1.7906E+11 1.3556E+11 1.4925E+11 1.1940E+12 1.5291E+12 3.0460E+12
 3.0075E+11 4.2849E+11 3.5065E+11 4.6415E+11 3.1298E+12 2.9326E+12 2.2385E+12
 2.1769E+11 1.6659E+11 1.0256E+11 1.0113E+11 8.0236E+11 4.9684E+11 4.4290E+11
 2.6125E+10 2.5175E+10 2.1524E+10 2.1158E+10 1.7598E+11 1.7903E+11 1.5958E+11
 1.6992E+10 2.1626E+10 1.8091E+10 2.0560E+10 1.8977E+11 2.2135E+11 2.6007E+11
 3.0659E+10 3.0101E+10 3.5339E+10 4.1278E+10 4.7880E+11 4.1257E+11 4.6914E+11
 2.1040E+10 2.3269E+10 2.5504E+10 2.7700E+10 2.9825E+11 2.1202E+11 2.2422E+11
 2.3599E+10 1.8544E+10 1.9379E+10 2.0262E+10 2.1222E+11 1.7814E+11 1.8734E+11
 1.9752E+10 1.4876E+10 1.5659E+10 1.4377E+10 1.4999E+11 1.2411E+11 1.2696E+11
 1.2828E+11 7.1659E+10 3.3887E+11 4.1017E+11 0.0000E+00 0.0000E+00 0.0000E+00
 0.0000E+00 0.0000E+00 0.0000E+00 0.0000E+00 0.0000E+00 0.0000E+00 0.0000E+00
 0.0000E+00 0.0000E+00 0.0000E+00 0.0000E+00 0.0000E+00 0.0000E+00 0.0000E+00
 0.0000E+00 0.0000E+00 0.0000E+00 0.0000E+00 0.0000E+00 0.0000E+00 0.0000E+00
 0.0000E+00 0.0000E+00 0.0000E+00 0.0000E+00 0.0000E+00 0.0000E+00 0.0000E+00
 0.0000E+00 0.0000E+00 0.0000E+00 0.0000E+00 0.0000E+00 0.0000E+00 0.0000E+00
 0.0000E+00 0.0000E+00 0.0000E+00 0.0000E+00 0.0000E+00 0.0000E+00 0.0000E+00
   10   13   28   11    8    5    8    7   10   40



                         ==============================
                               STAYSL PNNL OUTPUT
                         ==============================

 STAYSL PNNL, version 1.2.0, 2015-08-05


 SCENARIO TITLE: NIF_RUN Passive 18x snout on TANDM 90-348 Pinhole
 -------------------------------------------------------------------------------
  NGROUP =   140    NRXN =     5    ACTIVITY NORM = 1.00000E+00

  COVARIANCE PARAMETERS (FCHN, FCVX, ACVX, FS)
    FLUXES:      WIDTH =  9.0000E+00   LONG RANGE COVAR. =  5.0000E-03
            ACTIVITIES =  5.0000E-03   X-SECT CROSS COR. =  1.0000E-03

    DETERM =   4.0898 × 10^   0.00      ERROR =   1.3323E-16

  INPUT NORMALIZATION DATA
    AK1   =     0.00000     VAK        =     0.00003
    NORML =           0     RENORM     = 1.22924E+00
    CHI²  =   962.74100     NORM. CHI² =   240.68525
     (logarithmic limit was applied to low fluxes)

  DOSIMETRY ACTIVITIES
     ———— INPUTS —————  -UNADJUSTED FLUX-  — ADJUSTED FLUX —    CHI²  90% ACTIVITIES RANGE
 RXN  MEASURED     ±%   ACTIVITY    %DIFF  ACTIVITY    %DIFF  CONTRIB --LOW E-- --HIGH E--   REACTION          CVR
  1  1.706E-12    1.00  5.486E-13  -67.84  1.477E-12  -13.41  861.082  1.30E+01  1.40E+01  ZR90(N,2N)ZR89          
  2  4.881E-13    0.70  4.417E-13   -9.50  5.600E-13   14.73  -28.909  4.50E+00  1.40E+01  IN115(N,N')IN115M       
  3  8.079E-14    1.00  1.053E-13   30.39  9.251E-14   14.51   23.885  5.50E-03  1.00E+01  AU197(N,G)AU198         
  4  1.161E-13    2.00  1.177E-13    1.34  1.007E-13  -13.26   -2.071  5.50E-03  2.30E+00  IN115(N,G)IN116M        
  5  1.218E-11    5.30  2.684E-12  -77.96  7.081E-12  -41.86  108.754  1.00E+01  1.40E+01  AU197(N,2N)AU196        

             % STD. DEV.  =         54.07              25.18

                              CHECK INPUT, IT IS RATHER UNLIKELY !
                                   *** BEWARE OF OUTPUT ! ***


  DIFFERENTIAL FLUXES (input is normalized by a factor of 1.2292E+00)
                  —————— DIFFERENTIAL FLUX —————   ———— STD. DEV. % ————   INTEGRAL
 GRP    ENERGY        NEW         OLD      RATIO    NEW     OLD    RATIO   FLUX > E     ± %
  19  1.3500E-05  7.6976E+11  1.9488E+12   0.395   93.30   93.77   0.995  4.4834E+12    2.77
  20  2.1000E-05  3.3323E+11  1.1624E+12   0.287   87.07   87.76   0.992  4.4834E+12    2.77
  21  3.0000E-05  8.0794E+10  4.2124E+11   0.192   81.41   82.42   0.988  4.4834E+12    2.77
  22  4.5000E-05  3.8926E+10  2.2773E+11   0.171   75.52   76.95   0.981  4.4834E+12    2.77
  23  6.9000E-05  2.3123E+10  1.5204E+11   0.152   70.06   72.03   0.973  4.4834E+12    2.77
  24  1.0000E-04  1.5574E+10  1.1597E+11   0.134   65.46   68.13   0.961  4.4834E+12    2.77
  25  1.3500E-04  1.1796E+11  1.0024E+12   0.118   61.61   65.21   0.945  4.4834E+12    2.77
  26  1.7000E-04  6.3982E+10  6.1713E+11   0.104   57.89   62.63   0.924  4.4834E+12    2.77
  27  2.2000E-04  4.3399E+10  4.6650E+11   0.093   54.00   60.10   0.898  4.4834E+12    2.77
  28  2.8000E-04  2.8229E+10  3.3040E+11   0.085   50.02   57.71   0.867  4.4834E+12    2.77
  29  3.6000E-04  2.3512E+10  2.9122E+11   0.081   46.01   55.49   0.829  4.4834E+12    2.77
  30  4.5000E-04  1.7401E+10  2.2011E+11   0.079   41.94   53.39   0.786  4.4834E+12    2.77
  31  5.7500E-04  1.3546E+10  1.6664E+11   0.081   37.66   51.13   0.737  4.4834E+12    2.77
  32  7.6000E-04  1.5981E+10  1.8346E+11   0.087   33.47   49.01   0.683  4.4834E+12    2.77
  33  9.6000E-04  1.4288E+11  1.4677E+12   0.097   29.41   46.96   0.626  4.4834E+12    2.77
  34  1.2750E-03  2.1229E+11  1.8796E+12   0.113   25.57   45.02   0.568  4.4833E+12    2.77
  35  1.6000E-03  5.0338E+11  3.7443E+12   0.134   22.15   43.37   0.511  4.4833E+12    2.77
  36  2.0000E-03  6.1040E+10  3.6969E+11   0.165   19.01   41.55   0.458  4.4831E+12    2.77
  37  2.7000E-03  1.2607E+11  5.2672E+11   0.239   16.42   39.76   0.413  4.4830E+12    2.77
  38  3.4000E-03  1.9850E+11  4.3103E+11   0.461   14.58   38.12   0.382  4.4829E+12    2.77
  39  4.5000E-03  3.8482E+11  5.7055E+11   0.674   13.59   36.63   0.371  4.4827E+12    2.77
  40  5.5000E-03  3.3620E+12  3.8473E+12   0.874   13.46   35.24   0.382  4.4823E+12    2.77
  41  7.2000E-03  3.7919E+12  3.6049E+12   1.052   13.96   33.78   0.413  4.4766E+12    2.77
  42  9.2000E-03  3.3083E+12  2.7517E+12   1.202   14.90   32.38   0.460  4.4690E+12    2.78
  43  1.2000E-02  3.5404E+11  2.6759E+11   1.323   16.04   31.10   0.516  4.4598E+12    2.78
  44  1.5000E-02  2.8961E+11  2.0478E+11   1.414   17.23   29.94   0.576  4.4587E+12    2.78
  45  1.9000E-02  1.8579E+11  1.2607E+11   1.474   18.21   28.66   0.635  4.4576E+12    2.78
  46  2.5500E-02  1.8728E+11  1.2431E+11   1.506   19.00   27.45   0.692  4.4564E+12    2.78
  47  3.2000E-02  1.4987E+12  9.8629E+11   1.520   19.68   26.45   0.744  4.4551E+12    2.78
  48  4.0000E-02  9.2369E+11  6.1074E+11   1.512   20.07   25.39   0.790  4.4431E+12    2.78
  49  5.2500E-02  8.1198E+11  5.4443E+11   1.491   20.22   24.36   0.830  4.4316E+12    2.79
  50  6.6000E-02  4.6919E+10  3.2114E+10   1.461   20.16   23.35   0.863  4.4206E+12    2.79
  51  8.8000E-02  4.4136E+10  3.0946E+10   1.426   19.93   22.38   0.890  4.4196E+12    2.79
  52  1.1000E-01  3.6861E+10  2.6458E+10   1.393   19.70   21.60   0.912  4.4186E+12    2.79
  53  1.3500E-01  3.5458E+10  2.6008E+10   1.363   19.45   20.95   0.929  4.4177E+12    2.79
  54  1.6000E-01  2.8945E+11  2.1632E+11   1.338   19.16   20.36   0.941  4.4168E+12    2.79
  55  1.9000E-01  2.9015E+11  2.2007E+11   1.318   18.83   19.83   0.950  4.4081E+12    2.79
  56  2.2000E-01  2.5605E+11  1.9616E+11   1.305   18.49   19.36   0.955  4.3994E+12    2.79
  57  2.5500E-01  2.7126E+10  2.0887E+10   1.299   18.13   18.92   0.958  4.3905E+12    2.79
  58  2.9000E-01  3.4529E+10  2.6584E+10   1.299   17.79   18.57   0.958  4.3895E+12    2.79
  59  3.2000E-01  2.8999E+10  2.2238E+10   1.304   17.44   18.24   0.956  4.3885E+12    2.79
  60  3.6000E-01  3.3156E+10  2.5273E+10   1.312   17.03   17.91   0.951  4.3873E+12    2.79
  61  4.0000E-01  3.0807E+11  2.3327E+11   1.321   16.59   17.58   0.944  4.3860E+12    2.79
  62  4.5000E-01  3.6120E+11  2.7209E+11   1.327   16.10   17.26   0.933  4.3706E+12    2.79
  63  5.0000E-01  4.2522E+11  3.1969E+11   1.330   15.60   16.98   0.919  4.3525E+12    2.79
  64  5.5000E-01  4.9942E+10  3.7687E+10   1.325   15.09   16.72   0.902  4.3313E+12    2.80
  65  6.0000E-01  4.8436E+10  3.7001E+10   1.309   14.53   16.48   0.882  4.3288E+12    2.80
  66  6.6000E-01  5.5542E+10  4.3440E+10   1.279   13.94   16.23   0.859  4.3259E+12    2.80
  67  7.2000E-01  6.2498E+10  5.0741E+10   1.232   13.35   16.01   0.834  4.3225E+12    2.80
  68  7.8000E-01  6.8641E+11  5.8856E+11   1.166   12.77   15.80   0.808  4.3188E+12    2.80
  69  8.4000E-01  5.4788E+11  5.0715E+11   1.080   12.18   15.59   0.781  4.2776E+12    2.81
  70  9.2000E-01  5.6182E+11  5.7669E+11   0.974   11.62   15.37   0.756  4.2338E+12    2.84
  71  1.0000E+00  2.1995E+10  2.5863E+10   0.850   11.01   15.04   0.733  4.1888E+12    2.87
  72  1.2000E+00  2.0421E+10  2.8603E+10   0.714   10.40   14.62   0.711  4.1844E+12    2.88
  73  1.4000E+00  1.7771E+10  3.1351E+10   0.567    9.88   14.28   0.692  4.1803E+12    2.88
  74  1.6000E+00  1.4063E+10  3.4050E+10   0.413    9.44   13.99   0.675  4.1768E+12    2.88
  75  1.8000E+00  9.4328E+10  3.6662E+11   0.257    9.03   13.73   0.657  4.1740E+12    2.89
  76  2.0000E+00  4.7044E+10  2.6062E+11   0.181    8.60   13.46   0.639  4.1551E+12    2.92
  77  2.3000E+00  4.3550E+10  2.7562E+11   0.158    8.14   13.17   0.618  4.1410E+12    2.94
  78  2.6000E+00  4.0890E+09  2.9009E+10   0.141    7.68   12.92   0.594  4.1279E+12    2.96
  79  2.9000E+00  2.9533E+09  2.2795E+10   0.130    7.18   12.67   0.567  4.1267E+12    2.96
  80  3.3000E+00  2.9463E+09  2.3821E+10   0.124    6.66   12.42   0.536  4.1255E+12    2.96
  81  3.7000E+00  3.0667E+09  2.4907E+10   0.123    6.17   12.20   0.506  4.1244E+12    2.96
  82  4.1000E+00  3.3579E+10  2.6087E+11   0.129    5.74   12.00   0.479  4.1231E+12    2.97
  83  4.5000E+00  3.1181E+10  2.1898E+11   0.142    5.41   11.81   0.458  4.1097E+12    2.98
  84  5.0000E+00  3.8480E+10  2.3029E+11   0.167    5.21   11.61   0.449  4.0941E+12    3.00
  85  5.5000E+00  6.0414E+09  2.4280E+10   0.249    5.14   11.44   0.450  4.0749E+12    3.02
  86  6.0000E+00  9.5286E+09  1.8286E+10   0.521    5.16   11.26   0.458  4.0718E+12    3.02
  87  6.7000E+00  1.6152E+10  1.9249E+10   0.839    5.20   11.06   0.470  4.0652E+12    3.02
  88  7.4000E+00  2.1026E+10  1.7673E+10   1.190    5.20   10.88   0.477  4.0539E+12    3.03
  89  8.2000E+00  2.8715E+11  1.8437E+11   1.557    5.10   10.71   0.476  4.0370E+12    3.03
  90  9.0000E+00  2.9348E+11  1.5256E+11   1.924    4.87   10.53   0.462  3.8073E+12    3.03
  91  1.0000E+01  3.5408E+11  1.5606E+11   2.269    4.51   10.36   0.436  3.5138E+12    3.01
  92  1.1000E+01  4.0626E+11  1.5769E+11   2.576    4.10   10.21   0.402  3.1598E+12    2.99
  93  1.2000E+01  2.4927E+11  8.8086E+10   2.830    3.72   10.06   0.370  2.7535E+12    2.96
  94  1.3000E+01  1.1842E+12  4.1655E+11   2.843    3.22    9.07   0.355  2.5042E+12    2.93
  95  1.4000E+01  1.3200E+12  5.0420E+11   2.618    2.77    7.45   0.372  1.3200E+12    2.77
      1.5000E+01

  INTEGRALS OF SPECTRA
    OLD SPECTRUM   2.5509E+12   ±    7.103 %
    NEW SPECTRUM   4.4834E+12   ±    2.770 %

  SUMMARY OF BROAD-GROUP FLUXES, FLUENCES, AND UNCERTAINTIES

    IRRAD TIME [S] = 1.00000000E+00   ACT NORM =  1.00000000E+00

       ENERGY       FLUX       FLUENCE      STDEV %
      thermal    0.0000E+00  0.0000E+00  ±   0.00     (0.100 meV – 0.550  eV)
     epithermal  6.4793E+10  6.4793E+10  ±  13.67     (0.550  eV – 110.0 keV)
        fast     4.4186E+12  4.4186E+12  ±   2.79     (110.0 keV –  20.0 MeV)
        fast     4.1888E+12  4.1888E+12  ±   2.87     (  1.0 MeV –  20.0 MeV)
        high     0.0000E+00  0.0000E+00  ±   0.00     ( 20.0 MeV –  60.0 MeV)

    MINI-SPECTRUM

       ENERGY       FLUX       FLUENCE      STDEV %
     1.0000E-10  0.0000E+00  0.0000E+00  ±   0.00
     5.5000E-07  1.1635E+07  1.1635E+07  ±  86.25
     1.0000E-04  6.4781E+10  6.4781E+10  ±  13.67
     1.1000E-01  6.6093E+10  6.6093E+10  ±  15.35
     5.0000E-01  1.6371E+11  1.6371E+11  ±  11.81
     1.0000E+00  3.3715E+10  3.3715E+10  ±   9.12
     2.0000E+00  6.1013E+10  6.1013E+10  ±   5.45
     5.0000E+00  5.8026E+11  5.8026E+11  ±   4.79
     1.0000E+01  3.5138E+12  3.5138E+12  ±   3.01
     2.0000E+01  0.0000E+00  0.0000E+00  ±   0.00
     6.0000E+01

       TOTAL     4.4834E+12  4.4834E+12  ±   2.77

    RELATIVE COVARIANCES (10×10)
        0     0     0     0     0     0     0     0     0     0
     1000   -90     9    48    57    31   -28   -14     0
     1000    36  -503  -499  -245   236   132     0
     1000   340  -120  -140    95    58     0
     1000   553   -18   -86    -2     0
     1000   563  -502  -216     0
     1000  -539  -461     0
     1000   529     0
     1000     0
        0

  SPECTRAL-AVERAGED REACTION RATES (for all cross section library reactions)

        REACTIONS        SIG-PHI      <SIG>          REACTIONS        SIG-PHI      <SIG>          REACTIONS        SIG-PHI      <SIG>  
   ------------------  ----------  ----------   ------------------  ----------  ----------   ------------------  ----------  ----------
   LI6(N,A)T           3.3961E-13  7.5749E-26   FE58(N,G)FE59       6.3284E-15  1.4115E-27   IN115(N,N')IN115M   5.5999E-13  1.2490E-25
   B10(N,A)LI7         6.3439E-13  1.4150E-25   CO59(N,2N)CO58      1.8469E-12  4.1195E-25   IN115(N,2N)IN114M   4.0185E-12  8.9630E-25
   F19(N,2N)F18        9.0949E-14  2.0286E-26   CO59(N,3N)CO57      0.0000E+00  0.0000E+00   IN115(N,G)IN116M    1.0148E-13  2.2634E-26
   NA23(N,2N)NA22      5.0789E-14  1.1328E-26   CO59(N,G)CO60       8.7183E-15  1.9446E-27   I127(N,2N)I126      4.5313E-12  1.0107E-24
   NA23(N,G)NA24       1.0563E-15  2.3560E-28   CO59(N,P)FE59       1.9643E-13  4.3813E-26   LA139(N,G)LA140     1.0706E-14  2.3880E-27
   MG24(N,P)NA24       7.0923E-13  1.5819E-25   CO59(N,A)MN56       1.0599E-13  2.3640E-26   PR141(N,2N)PR140    4.9393E-12  1.1017E-24
   AL27(N,P)MG27       3.4127E-13  7.6117E-26   NI58(N,2N)NI57      5.6467E-14  1.2595E-26   TM169(N,2N)TM168    6.9066E-12  1.5405E-24
   AL27(N,A)NA24       4.4748E-13  9.9807E-26   NI58(N,P)CO58       1.8842E-12  4.2026E-25   TM169(N,3N)TM167    2.7154E-17  6.0564E-30
   SI28(N,P)AL28       1.0568E-12  2.3571E-25   NI60(N,P)CO60       5.6021E-13  1.2495E-25   TA181(N,G)TA182     1.0240E-13  2.2839E-26
   P31(N,P)SI31        4.5527E-13  1.0154E-25   CU63(N,2N)CU62      1.1354E-12  2.5325E-25   W186(N,G)W187       4.0443E-14  9.0205E-27
   S32(N,P)P32         1.2249E-12  2.7320E-25   CU63(N,G)CU64       2.3361E-14  5.2106E-27   AU197(N,2N)AU196    7.0809E-12  1.5794E-24
   TI46(N,2N)TI45      4.5798E-14  1.0215E-26   CU63(N,A)CO60       1.6772E-13  3.7409E-26   AU197(N,G)AU198     9.2823E-14  2.0704E-26
   TI46(N,P)SC46       1.0928E-12  2.4375E-25   CU65(N,2N)CU64      2.4536E-12  5.4725E-25   HG199(N,N')HG199M   1.2099E-12  2.6985E-25
   TI47(N,P)SC47       5.3943E-13  1.2032E-25   ZN64(N,P)CU64       8.4546E-13  1.8857E-25   PB204(N,N')PB204M   5.2764E-13  1.1769E-25
   TI47(N,X)SC46       1.0007E-13  2.2321E-26   ZN67(N,P)CU67       1.1530E-13  2.5718E-26   BI209(N,3N)BI207    7.8274E-16  1.7459E-28
   TI48(N,P)SC48       2.1173E-13  4.7225E-26   AS75(N,2N)AS74      2.5943E-12  5.7865E-25   TH232(N,FISSION)    1.4088E-12  3.1422E-25
   TI48(N,X)SC47       1.7554E-14  3.9154E-27   Y89(N,2N)Y88        2.1074E-12  4.7004E-25   TH232(N,G)TH233     8.4989E-14  1.8956E-26
   TI49(N,X)SC48       9.7128E-15  2.1664E-27   ZR90(N,2N)ZR89      1.4773E-12  3.2950E-25   U235(N,FISSION)     8.4308E-12  1.8804E-24
   V51(N,A)SC48        4.6824E-14  1.0444E-26   NB93(N,G)NB94       3.9940E-14  8.9084E-27   U235(N,G)U236       9.8650E-14  2.2003E-26
   CR52(N,2N)CR51      6.5612E-13  1.4634E-25   NB93(N,N')NB93M     3.4895E-13  7.7830E-26   U238(N,2N)U237      4.6770E-12  1.0432E-24
   MN55(N,2N)MN54      1.8889E-12  4.2131E-25   NB93(N,2N)NB92M     1.4737E-12  3.2870E-25   U238(N,FISSION)     4.4681E-12  9.9658E-25
   MN55(N,G)MN56       6.8229E-15  1.5218E-27   MO92(N,P)NB92M      3.5672E-13  7.9563E-26   U238(N,G)U239       6.8726E-14  1.5329E-26
   FE54(N,2N)FE53      7.6493E-15  1.7061E-27   RH103(N,N')RH103M   2.4199E-12  5.3975E-25   NP237(N,FISSION)    9.1250E-12  2.0353E-24
   FE54(N,P)MN54       1.6641E-12  3.7118E-25   AG109(N,G)AG110M    8.9900E-15  2.0052E-27   PU239(N,FISSION)    1.0229E-11  2.2816E-24
   FE54(N,A)CR51       3.0658E-13  6.8381E-26   IN113(N,N')IN113M   4.7593E-13  1.0615E-25   AM241(N,FISSION)    1.0688E-11  2.3838E-24
   FE56(N,P)MN56       4.0914E-13  9.1255E-26   IN113(N,G)IN114M    1.2756E-13  2.8452E-26   SC45(N,G)SC46       1.2070E-14  2.6921E-27

  INPUT FLUX REL. CORRELATION MATRIX (by row from diagonal)
   1   1000   988   952   895   821   734   641   546   454   368   291   225   169   124    89    62    42    28    18    12
          7     4     3     1     1     0     0     0     0     0     0     0     0     0     0     0     0     0     0     0
          0     0     0     0     0     0     0     0     0     0     0     0     0     0     0     0     0     0     0     0
          0     0     0     0     0     0     0     0     0     0     0     0     0     0     0     0     0     0     0     0
          0     0     0     0     0     0     0     0     0     0     0     0     0     0     0     0     0     0     0     0
          0     1     1     1     1     1     1     1     1     1     1     1     1     1     1     1     1     1     1     1
          1     1     1     1     1     1     1     1     1     1     1     1     1     1     1     1     1     1     1     1

  OUTPUT FLUX REL. CORRELATION MATRIX (by row from diagonal)
   1   1000   988   952   895   821   734   641   546   454   368   291   225   169   124    89    62    42    28    18    12
          7     4     3     2     1     0     0     0     0     0     0     0     0     0     0     0     0     0     0     0
          0     0     0     0     0     0     0     0     0     0     0     0     0     0     0     0     0     0     0     0
          0     0     0     0     0     0     0     0     0     0     0     0     0     0     0     0     0     0     0     0
          0     0     0     0     0     0     0     0     0     0     0     0     0     0     0     0     0     0     0     0
          0     1     1     1     1     1     1     1     1     1     1     1     1     1     1     1     1     1     1     1
          1     1     1     1     1     1     1     1     1     1     1     1     1     1     1     1     1     1     1     1
   2   1000   988   952   895   821   734   641   546   454   368   291   225   169   124    89    62    43    28    18    12
          7     4     3     2     1     0     0     0     0     0     0     0     0     0     0     0     0     0     0     0
          0     0     0     0     0     0     0     0     0     0     0     0     0     0     0     0     0     0     0     0
          0     0     0     0     0     0     0     0     0     0     0     0     0     0     0     0     0     0     0     0
          0     0     0     0     0     0     0     0     0     0     0     0     0     0     0     0     0     0     0     0
          1     1     1     1     1     1     1     1     1     1     1     1     1     1     1     1     1     1     1     1
          1     1     1     1     1     1     1     1     1     1     1     1     1     1     1     1     1     1     1
   3   1000   988   952   895   821   734   641   546   454   368   291   225   169   124    89    62    43    28    19    12
          7     4     3     1     1     0     0     0     0     0     0     0     0     0     0     0     0     0     0     0
          0     0     0     0     0     0     0     0     0     0     0     0     0     0     0     0     0     0     0     0
          0     0     0     0     0     0     0     0     0     0     0     0     0     0     0     0     0     0     0     0
          0     0     0     0     0     0     0     0     0     0     0     0     0     0     0     0     0     0     1     2
          2     2     2     2     2     2     2     2     2     2     2     2     2     2     2     2     2     2     2     2
          2     2     2     2     2     2     2     2     2     2     2     2     2     2     2     2     2     2
   4   1000   988   952   895   821   734   641   546   454   368   291   225   169   124    89    62    43    29    19    12
          7     4     3     1     1     0     0     0     0     0     0     0     0     0     0     0     0     0     0     0
          0     0     0     0     0     0     0     0     0     0     0     0     0     0     0     0     0     0     0     0
          0     0     0     0     0     0     0     0     0     0     0     0     0     0     0     0     0     0     0     0
          0     0     0     0     0     0     0     0     0     0     0     0     0     0     0     0     0     1     2     2
          2     2     2     2     2     2     2     2     2     2     2     2     2     2     2     2     2     2     2     2
          2     2     2     2     2     2     2     2     2     2     2     2     2     2     2     2     2
   5   1000   988   952   895   821   734   641   546   454   368   291   225   169   124    89    63    43    29    19    12
          7     4     3     1     1     0     0     0     0     0     0     0     0    -1    -1     0     0     0     0     0
          0     0     0     0     0     0     0     0     0     0     0     0     0     0     0     0     0     0     0     0
          0     0     0     0     0     0     0     0     0     0     0     0     0     0     0     0     0     0     0     0
          0     0     0     0     0     0     0     0     0     0     0     0     0     0     0     0     1     2     2     2
          2     2     2     2     2     2     2     2     2     2     2     2     2     2     2     2     2     2     2     2
          2     2     2     2     2     2     2     2     2     2     2     2     2     2     2     2
   6   1000   988   952   895   821   734   641   546   454   368   291   225   169   125    90    63    43    29    19    12
          7     4     2     1     0     0     0     0    -1    -1    -1    -1    -2    -2    -1    -1    -1     0     0     0
          0     0     0     0     0     0     0     0     0     0     0     0     0     0     0     0     0     0     0     0
          0     0     0     0     0     0     0     0     0     0     0     0     0     0     0     0     0     0     0     0
          0     0     0     0     0     0     0     0     0     0     0     0     0     0     0     1     2     2     2     2
          2     2     2     2     2     2     2     2     2     2     2     2     2     2     2     2     2     2     2     2
          2     2     2     2     2     2     2     2     2     2     2     2     2     2     2
   7   1000   988   952   895   821   734   641   546   454   368   291   225   170   125    90    63    43    29    19    12
          7     4     2     0     0     0    -1    -1    -2    -2    -3    -3    -3    -3    -2    -2    -1    -1     0     0
          0     0     0     0     0     0     0     0     0     0     0     0     0     0     0     0     0     0     0     0
          0     0     0     1     1     1     1     1     1     0     0     0     0     0     0     0     0     0     0     0
          0     0     0     0     0     0     0     0     0     0     0     0     0     0     1     2     2     2     2     2
          2     2     2     2     2     2     2     2     2     2     2     2     2     2     2     2     2     2     2     2
          2     2     2     2     2     2     2     2     2     2     2     2     2     2
   8   1000   988   952   895   821   735   641   546   454   368   292   225   170   125    90    63    43    29    19    12
          7     3     1     0    -1    -2    -2    -3    -4    -5    -5    -5    -4    -4    -3    -2    -2    -1    -1     0
          0     0     0     0     0     0     0     0     0     0     0     0     0     0     0     0     0     0     1     1
          1     1     1     1     1     1     1     1     1     1     1     0     0     0     0     0     0     0     0     0
          0     0     0     0     0     0     0     0     0     0     0     0     0     1     3     3     3     3     3     3
          3     3     3     3     3     3     3     3     3     3     3     3     3     3     3     3     3     3     3     3
          3     3     3     3     3     3     3     3     3     3     3     3     3
   9   1000   988   952   895   821   735   641   547   454   369   292   226   170   126    90    64    43    29    18    11
          6     2     0    -1    -3    -4    -5    -6    -7    -8    -8    -7    -6    -5    -4    -3    -2    -1    -1     0
          0     0     0     0     0     0     0     0     0     0     0     0     0     0     1     1     1     1     1     1
          1     1     1     2     2     1     1     1     1     1     1     1     0     0     0     0     0     0     0     0
          0     0     0     0     0     0     0     0     0     0     0     1     1     3     3     3     3     3     3     3
          3     3     3     3     3     3     3     3     3     3     3     3     3     3     3     3     3     3     3     3
          3     3     3     3     3     3     3     3     3     3     3     3
  10   1000   988   952   895   821   735   642   547   455   369   293   226   171   126    91    64    43    28    18    10
          4     0    -2    -4    -6    -8   -10   -11   -12   -12   -11    -9    -7    -6    -4    -3    -2    -2    -1    -1
          0     0     0     0     0     0     0     0     0     0     0     1     1     1     1     1     1     2     2     2
          2     2     2     2     2     2     2     2     1     1     1     0     0     0     0     0     0     0     0     0
          0     0     0     0     0     0     0     0     0     1     1     1     3     3     3     3     3     3     3     3
          3     3     3     3     3     3     3     3     3     3     3     3     3     3     3     3     3     3     3     3
          3     3     3     3     3     3     3     3     3     3     3
  11   1000   988   952   895   821   735   642   547   455   370   293   227   172   127    91    64    43    27    16     8
          1    -2    -6    -9   -12   -14   -16   -17   -17   -16   -13   -11    -8    -6    -5    -4    -3    -2    -1    -1
          0     0     0     0     0     0     0     0     0     1     1     1     1     2     2     2     3     3     3     3
          3     4     4     3     3     3     3     2     2     1     1     0     0     0     0    -1    -1    -1    -1    -1
         -1     0     0     0     0     0     0     1     1     1     1     3     3     3     3     3     3     3     3     3
          3     3     3     3     3     3     3     3     3     3     3     3     3     3     3     3     3     3     3     3
          3     3     3     3     3     3     3     3     3     3
  12   1000   988   952   895   821   735   642   548   456   370   294   228   172   127    91    63    41    25    13     4
         -2    -8   -12   -16   -20   -23   -24   -24   -22   -19   -15   -12    -9    -7    -5    -4    -3    -2    -1    -1
          0     0     0     0     0     0     0     1     1     1     2     2     2     3     3     4     4     5     5     5
          5     5     5     5     4     4     3     3     2     1     0     0    -1    -1    -2    -2    -2    -2    -2    -1
         -1    -1     0     0     0     0     1     1     1     1     3     3     3     3     3     3     3     3     3     3
          3     3     3     3     3     3     3     3     3     3     3     3     3     3     3     3     3     3     3     3
          3     3     3     3     3     3     3     3     3
  13   1000   988   952   895   821   735   643   548   457   371   295   228   173   127    90    61    39    22     8    -1
         -9   -16   -22   -27   -31   -34   -34   -31   -26   -21   -17   -13   -10    -7    -5    -4    -3    -2    -1    -1
          0     0     0     0     0     1     1     1     2     2     3     3     4     5     5     6     7     7     8     8
          8     7     7     6     6     5     4     3     1     0     0    -1    -2    -3    -3    -3    -3    -3    -2    -2
         -1    -1     0     0     1     1     1     1     2     4     4     4     4     4     4     4     4     4     4     4
          4     4     4     4     4     4     4     4     4     4     4     4     4     4     4     4     4     4     4     4
          4     4     4     4     4     4     4     4
  14   1000   988   952   895   822   736   643   549   458   372   296   229   172   126    88    58    34    16     1   -10
        -21   -29   -37   -42   -46   -46   -42   -36   -29   -23   -18   -13   -10    -8    -6    -4    -3    -2    -1     0
          0     0     0     0     1     1     2     3     3     4     5     6     7     8     9     9    10    11    11    11
         11    10     9     8     7     5     4     2     0    -1    -2    -4    -4    -5    -5    -4    -4    -4    -3    -2
         -1     0     0     1     1     1     1     2     4     4     4     4     4     4     4     4     4     4     4     4
          4     4     4     4     4     4     4     4     4     4     4     4     4     4     4     4     4     4     4     4
          4     4     4     4     4     4     4
  15   1000   988   952   895   822   736   644   550   459   373   296   229   171   124    84    52    27     6   -10   -25
        -37   -48   -56   -61   -61   -56   -48   -39   -31   -24   -18   -14   -10    -8    -6    -4    -3    -2    -1     0
          0     0     1     1     2     3     4     5     6     7     8     9    11    12    13    14    15    15    15    15
         14    12    11     9     7     5     3     0    -1    -4    -5    -6    -7    -7    -7    -6    -6    -5    -4    -2
          0     0     1     1     2     2     2     4     4     4     4     4     4     4     4     4     4     4     4     4
          4     4     4     4     4     4     4     4     4     4     4     4     4     4     4     4     4     4     4     4
          4     4     4     4     4     4
  16   1000   988   952   896   822   737   645   551   460   374   296   228   169   119    78    43    15    -8   -28   -45
        -60   -72   -79   -80   -74   -63   -51   -40   -31   -24   -18   -14   -10    -7    -5    -4    -2    -1     0     0
          0     1     2     3     4     5     6     8     9    11    13    15    16    18    19    20    20    20    20    19
         17    15    12    10     7     3     0    -2    -5    -8    -9   -10   -10    -9    -9    -8    -7    -5    -3    -1
          0     1     2     2     2     3     4     4     4     4     4     4     4     4     4     4     4     4     4     4
          4     4     4     4     4     4     4     4     4     4     4     4     4     4     4     4     4     4     4     4
          4     4     4     4     4
  17   1000   988   952   896   823   738   646   552   460   374   295   225   164   112    67    29    -2   -30   -54   -74
        -91  -101  -103   -95   -82   -66   -52   -41   -31   -24   -18   -13   -10    -7    -5    -3    -2    -1     0     0
          1     3     4     5     7     9    10    13    15    17    19    22    24    25    27    27    27    26    25    22
         20    17    13     9     5     0    -4    -7   -10   -12   -13   -13   -13   -12   -11    -9    -7    -5    -2     0
          1     2     3     3     3     5     5     5     5     5     5     5     5     5     5     5     5     5     5     5
          5     5     5     5     5     5     5     5     5     5     5     5     5     5     5     5     5     5     5     5
          5     5     5     5
  18   1000   988   952   896   823   739   647   553   460   373   292   219   155    99    51     8   -28   -61   -89  -112
       -127  -130  -121  -104   -85   -67   -52   -40   -31   -23   -17   -13    -9    -6    -4    -2    -1     0     1     2
          3     5     7     9    11    14    16    19    22    25    28    31    33    35    35    35    34    32    29    26
         22    17    12     6     0    -5   -10   -14   -16   -17   -17   -17   -16   -14   -12   -10    -7    -3     0     2
          3     3     3     4     5     5     5     5     5     5     5     5     5     5     5     5     5     5     5     5
          5     5     5     5     5     5     5     5     5     5     5     5     5     5     5     5     5     5     5     5
          5     5     5
  19   1000   988   953   897   824   739   647   552   459   369   286   210   141    80    26   -22   -65  -103  -134  -156
       -162  -152  -132  -108   -85   -66   -51   -39   -30   -22   -16   -12    -8    -6    -3    -1     0     1     3     4
          6     9    11    14    18    21    25    29    33    36    40    42    44    45    45    44    41    38    33    28
         22    15     8     0    -7   -13   -18   -21   -22   -22   -22   -20   -19   -16   -13    -9    -4     0     2     3
          4     4     5     5     5     5     5     5     5     5     5     5     5     5     5     5     5     5     5     5
          5     5     5     5     5     5     5     5     5     5     5     5     5     5     5     5     5     5     5     5
          5     5
  20   1000   988   953   897   825   740   647   551   455   363   276   195   120    52    -9   -65  -115  -158  -187  -198
       -188  -164  -135  -107   -84   -65   -49   -37   -28   -21   -15   -11    -7    -4    -2     0     1     3     6     8
         11    14    18    22    27    31    36    41    46    50    54    56    57    57    55    52    47    42    35    27
         19     9     0    -9   -17   -23   -27   -28   -28   -27   -26   -24   -21   -17   -11    -5     0     2     4     5
          5     6     6     6     6     6     6     6     6     6     6     6     6     6     6     6     6     6     6     6
          6     6     6     6     6     6     6     6     6     6     6     6     6     6     6     6     6     6     6     6
          6
  21   1000   988   953   897   825   739   646   548   449   352   259   171    89    12   -58  -124  -179  -220  -237  -229
       -201  -167  -134  -105   -81   -62   -47   -36   -27   -20   -14   -10    -6    -3     0     1     4     7    10    14
         18    22    27    33    39    45    51    57    62    66    70    71    71    69    65    59    52    43    34    23
         12     0   -11   -21   -29   -34   -36   -36   -34   -32   -29   -26   -21   -14    -6     0     3     5     6     6
          7     6     6     6     6     6     6     6     6     6     6     6     6     6     6     6     6     6     6     6
          6     6     6     6     6     6     6     6     6     6     6     6     6     6     6     6     6     6     6     6
  22   1000   988   953   897   824   738   642   541   438   335   234   137    44   -43  -126  -198  -253  -280  -274  -244
       -204  -165  -130  -101   -78   -60   -45   -34   -25   -18   -13    -8    -5    -1     1     4     8    12    16    21
         27    33    40    47    54    62    69    76    81    85    87    87    84    79    72    63    53    41    28    14
          0   -14   -26   -36   -41   -44   -44   -42   -40   -36   -32   -26   -18    -8     0     3     6     7     7     8
          6     6     6     6     6     6     6     6     6     6     6     6     6     6     6     6     6     6     6     6
          6     6     6     6     6     6     6     6     6     6     6     6     6     6     6     6     6     6     6
  23   1000   988   953   897   823   735   636   530   420   309   198    88   -17  -120  -212  -284  -323  -323  -292  -247
       -201  -160  -125   -97   -75   -57   -43   -32   -24   -17   -11    -7    -3     0     4     9    14    19    25    32
         40    48    56    65    74    83    91    97   102   104   104   101    95    87    76    64    50    34    17     0
        -17   -32   -43   -50   -53   -53   -51   -48   -44   -39   -31   -21   -10    -1     4     7     8     9     9     7
          7     7     7     7     7     7     7     7     7     7     7     7     7     7     7     7     7     7     7     7
          7     7     7     7     7     7     7     7     7     7     7     7     7     7     7     7     7     7
  24   1000   988   953   896   820   729   626   513   394   271   146    20  -102  -217  -311  -366  -375  -345  -296  -243
       -195  -154  -121   -94   -72   -55   -42   -31   -23   -16   -10    -5     0     4     9    15    22    29    37    46
         56    66    77    88    98   107   115   121   124   123   120   113   103    90    75    59    40    20     0   -20
        -38   -51   -59   -63   -63   -61   -57   -52   -46   -37   -25   -12    -1     5     8    10    10    11     7     7
          7     7     7     7     7     7     7     7     7     7     7     7     7     7     7     7     7     7     7     7
          7     7     7     7     7     7     7     7     7     7     7     7     7     7     7     7     7
  25   1000   988   952   894   816   720   610   488   356   217    74   -71  -210  -329  -406  -428  -402  -350  -291  -236
       -189  -149  -117   -91   -70   -53   -40   -30   -22   -14    -8    -2     3     9    16    24    33    42    53    64
         76    89   102   114   125   134   141   144   144   139   131   120   105    88    69    47    24     0   -23   -44
        -60   -69   -74   -74   -71   -67   -61   -54   -44   -30   -14    -2     6    10    11    12    12     7     7     7
          7     7     7     7     7     7     7     7     7     7     7     7     7     7     7     7     7     7     7     7
          7     7     7     7     7     7     7     7     7     7     7     7     7     7     7     7
  26   1000   988   951   890   808   706   586   451   302   142   -24  -189  -336  -439  -478  -460  -408  -345  -284  -229
       -183  -145  -114   -89   -69   -53   -40   -29   -21   -13    -6     1     8    17    26    36    47    59    73    87
        101   116   130   143   154   161   165   165   160   151   138   121   101    79    54    28     0   -27   -51   -69
        -80   -85   -85   -82   -77   -70   -62   -50   -34   -17    -2     6    11    13    13    14     7     7     7     7
          7     7     7     7     7     7     7     7     7     7     7     7     7     7     7     7     7     7     7     7
          7     7     7     7     7     7     7     7     7     7     7     7     7     7     7
  27   1000   987   949   885   797   685   552   398   226    40  -151  -329  -462  -524  -519  -470  -405  -338  -277  -224
       -179  -142  -112   -88   -69   -53   -40   -29   -20   -11    -2     6    16    26    38    51    65    80    96   113
        130   146   161   173   182   187   187   181   171   156   137   115    90    62    31     0   -30   -58   -78   -91
        -96   -96   -93   -87   -80   -70   -57   -39   -19    -2     7    12    15    15    15     7     7     7     7     7
          7     7     7     7     7     7     7     7     7     7     7     7     7     7     7     7     7     7     7     7
          7     7     7     7     7     7     7     7     7     7     7     7     7     7
  28   1000   987   946   877   780   656   503   325   123   -93  -302  -469  -561  -574  -534  -469  -398  -331  -271  -220
       -177  -142  -113   -89   -70   -54   -41   -29   -19    -8     2    13    25    39    53    69    86   105   123   142
        161   177   191   202   207   207   202   190   174   153   128   100    69    35     0   -34   -64   -87  -101  -107
       -107  -103   -97   -89   -78   -63   -43   -21    -3     8    14    16    17    17     7     7     7     7     7     7
          7     7     7     7     7     7     7     7     7     7     7     7     7     7     7     7     7     7     7     7
          7     7     7     7     7     7     7     7     7     7     7     7     7
  29   1000   986   942   866   757   614   436   224   -12  -253  -457  -584  -622  -596  -535  -464  -392  -326  -269  -219
       -178  -144  -115   -92   -73   -56   -42   -29   -17    -4     8    22    37    53    71    90   111   131   153   173
        192   207   219   226   226   220   208   190   167   141   110    76    39     0   -37   -71   -96  -111  -117  -117
       -113  -106   -97   -85   -69   -47   -23    -3     9    15    18    18    18     6     6     6     6     6     6     6
          6     6     6     6     6     6     6     6     6     6     6     6     6     6     6     6     6     6     6     6
          6     6     6     6     6     6     6     6     6     6     6     6
  30   1000   985   936   850   724   555   342    90  -178  -421  -587  -657  -652  -602  -533  -459  -389  -326  -270  -222
       -182  -148  -120   -97   -77   -60   -44   -29   -15     0    15    32    50    70    91   113   136   159   182   202
        220   233   240   241   235   222   204   180   151   118    82    42     0   -40   -76  -103  -119  -126  -126  -121
       -114  -104   -91   -74   -51   -24    -3     9    16    19    20    19     6     6     6     6     6     6     6     6
          6     6     6     6     6     6     6     6     6     6     6     6     6     6     6     6     6     6     6     6
          6     6     6     6     6     6     6     6     6     6     6
  31   1000   983   927   827   677   472   215   -75  -355  -564  -674  -696  -663  -602  -531  -458  -390  -329  -275  -228
       -189  -155  -127  -103   -83   -64   -47   -30   -13     4    22    42    64    87   111   135   160   184   207   226
        240   249   251   245   232   213   188   158   124    86    44     1   -41   -79  -107  -124  -132  -132  -127  -119
       -109   -96   -77   -53   -25    -3    10    17    20    20    19     5     5     5     5     5     5     5     5     5
          5     5     5     5     5     5     5     5     5     5     5     5     5     5     5     5     5     5     5     5
          5     5     5     5     5     5     5     5     5     5
  32   1000   980   914   794   610   360    57  -254  -509  -663  -722  -714  -667  -603  -532  -462  -396  -337  -284  -238
       -199  -166  -137  -113   -91   -70   -51   -32   -12     7    29    52    76   101   127   154   179   203   223   239
        249   252   247   235   216   191   161   127    88    46     1   -41   -80  -109  -126  -134  -134  -129  -121  -110
        -97   -78   -53   -25    -3    10    18    20    21    19     4     4     4     4     4     4     4     4     4     4
          4     4     4     4     4     4     4     4     4     4     4     4     4     4     4     4     4     4     4     4
          4     4     4     4     4     4     4     4     4
  33   1000   976   896   747   518   217  -116  -413  -616  -719  -744  -721  -670  -606  -537  -470  -407  -349  -298  -253
       -214  -180  -151  -125  -102   -80   -58   -37   -15     7    31    56    82   109   136   163   188   209   226   237
        241   238   227   210   186   158   124    87    46     2   -39   -77  -105  -123  -130  -130  -125  -117  -107   -94
        -75   -51   -24    -2    11    17    20    20    19     2     2     2     2     2     2     2     2     2     2     2
          2     2     2     2     2     2     2     2     2     2     2     2     2     2     2     2     2     2     2     2
          2     2     2     2     2     2     2     2
  34   1000   971   870   681   401    60  -270  -523  -675  -742  -751  -722  -672  -611  -547  -483  -422  -366  -316  -272
       -233  -199  -169  -142  -117   -94   -70   -47   -24     0    25    51    78   105   132   157   179   197   209   215
        214   206   191   171   145   115    81    43     3   -35   -70   -96  -112  -119  -119  -114  -107   -97   -85   -68
        -45   -21    -1    10    16    19    19    17     0     0     0     0     0     0     0     0     0     0     0     0
          0     0     0     0     0     0     0     0     0     0     0     0     0     0     0     0     0     0     0     0
          0     0     0     0     0     0     0
  35   1000   963   834   598   272   -76  -372  -576  -693  -742  -746  -719  -674  -618  -558  -498  -441  -387  -339  -295
       -257  -223  -193  -165  -140  -115   -92   -68   -45   -20     4    30    55    81   105   127   146   160   168   170
        166   156   141   121    97    69    38     5   -27   -56   -78   -91   -97   -97   -93   -87   -79   -68   -54   -35
        -15     0    10    14    16    16    13    -2    -2    -2    -2    -2    -2    -2    -2    -2    -2    -2    -2    -2
         -2    -2    -2    -2    -2    -2    -2    -2    -2    -2    -2    -2    -2    -2    -2    -2    -2    -2    -2    -2
         -2    -2    -2    -2    -2    -2
  36   1000   951   788   509   168  -155  -406  -576  -674  -719  -726  -706  -669  -621  -568  -514  -461  -411  -365  -323
       -286  -254  -224  -197  -173  -150  -127  -105   -83   -61   -38   -15     6    29    49    68    83    95   102   103
        101    93    82    67    50    29     7   -14   -34   -49   -59   -63   -63   -60   -55   -50   -42   -32   -20    -7
          2     8    11    11    11     8    -5    -5    -5    -5    -5    -5    -5    -5    -5    -5    -5    -5    -5    -5
         -5    -5    -5    -5    -5    -5    -5    -5    -5    -5    -5    -5    -5    -5    -5    -5    -5    -5    -5    -5
         -5    -5    -5    -5    -5
  37   1000   938   744   448   126  -156  -372  -522  -616  -666  -683  -675  -650  -613  -570  -523  -477  -433  -391  -354
       -320  -290  -264  -241  -219  -200  -182  -164  -147  -129  -111   -93   -75   -57   -39   -22    -8     4    13    20
         24    25    24    21    16     9     3    -3    -8   -11   -13   -13   -12   -10    -8    -5    -1     1     4     6
          6     5     4     3     1    -9    -9    -9    -9    -9    -9    -9    -9    -9    -9    -9    -9    -9    -9    -9
         -9    -9    -9    -9    -9    -9    -9    -9    -9    -9    -9    -9    -9    -9    -9    -9    -9    -9    -9    -9
         -9    -9    -9    -9
  38   1000   928   724   446   164   -79  -272  -414  -512  -573  -605  -613  -603  -581  -551  -517  -481  -445  -411  -381
       -354  -330  -310  -294  -279  -267  -256  -245  -236  -225  -214  -202  -188  -173  -156  -137  -118  -100   -81   -64
        -47   -31   -16    -1    12    25    36    43    48    50    50    48    47    45    42    37    29    19     9     2
         -1    -3    -5    -7   -13   -13   -13   -13   -13   -13   -13   -13   -13   -13   -13   -13   -13   -13   -13   -13
        -13   -13   -13   -13   -13   -13   -13   -13   -13   -13   -13   -13   -13   -13   -13   -13   -13   -13   -13   -13
        -13   -13   -13
  39   1000   928   741   504   267    56  -118  -258  -363  -438  -486  -513  -522  -518  -504  -485  -462  -439  -417  -397
       -380  -366  -356  -349  -344  -341  -340  -340  -339  -336  -332  -324  -312  -296  -275  -250  -222  -191  -159  -126
        -92   -57   -21    14    48    78   100   113   118   118   114   109   102    92    78    58    34    13     0    -9
        -13   -14   -17   -16   -16   -16   -16   -16   -16   -16   -16   -16   -16   -16   -16   -16   -16   -16   -16   -16
        -16   -16   -16   -16   -16   -16   -16   -16   -16   -16   -16   -16   -16   -16   -16   -16   -16   -16   -16   -16
        -16   -16
  40   1000   937   785   595   399   217    56   -80  -190  -277  -341  -386  -413  -427  -431  -428  -421  -412  -404  -396
       -392  -390  -391  -395  -401  -409  -418  -426  -433  -436  -434  -427  -412  -390  -361  -326  -286  -242  -195  -146
        -94   -40    15    68   114   148   168   177   177   171   162   151   135   114    83    47    16    -4   -15   -21
        -23   -25   -17   -17   -17   -17   -17   -17   -17   -17   -17   -17   -17   -17   -17   -17   -17   -17   -17   -17
        -17   -17   -17   -17   -17   -17   -17   -17   -17   -17   -17   -17   -17   -17   -17   -17   -17   -17   -17   -17
        -17
  41   1000   951   833   682   521   363   216    84   -28  -123  -199  -257  -300  -330  -350  -362  -369  -374  -378  -384
       -391  -400  -412  -425  -441  -457  -473  -487  -497  -501  -498  -485  -464  -433  -394  -348  -297  -242  -182  -119
        -53    15    80   137   180   205   216   216   209   198   183   164   137    99    55    17    -7   -20   -26   -28
        -30   -16   -16   -16   -16   -16   -16   -16   -16   -16   -16   -16   -16   -16   -16   -16   -16   -16   -16   -16
        -16   -16   -16   -16   -16   -16   -16   -16   -16   -16   -16   -16   -16   -16   -16   -16   -16   -16   -16   -16
  42   1000   963   871   750   614   476   341   215   101     3   -80  -148  -202  -244  -276  -300  -320  -336  -351  -367
       -383  -401  -421  -442  -464  -484  -503  -518  -526  -526  -517  -496  -466  -426  -379  -324  -265  -201  -132   -60
         14    86   148   195   223   235   234   227   214   198   177   147   106    58    17    -8   -23   -29   -31   -32
        -14   -14   -14   -14   -14   -14   -14   -14   -14   -14   -14   -14   -14   -14   -14   -14   -14   -14   -14   -14
        -14   -14   -14   -14   -14   -14   -14   -14   -14   -14   -14   -14   -14   -14   -14   -14   -14   -14   -14
  43   1000   971   898   797   680   555   430   310   197    97     9   -65  -127  -177  -218  -252  -280  -305  -328  -351
       -374  -399  -423  -448  -472  -494  -511  -522  -525  -518  -499  -471  -432  -385  -331  -271  -206  -136   -62    12
         86   150   198   226   238   238   231   218   201   179   149   107    58    17    -9   -23   -30   -32   -31   -11
        -11   -11   -11   -11   -11   -11   -11   -11   -11   -11   -11   -11   -11   -11   -11   -11   -11   -11   -11   -11
        -11   -11   -11   -11   -11   -11   -11   -11   -11   -11   -11   -11   -11   -11   -11   -11   -11   -11
  44   1000   977   916   829   724   610   492   375   265   163    72    -6   -73  -129  -177  -217  -251  -282  -311  -339
       -367  -394  -421  -447  -470  -489  -502  -506  -501  -485  -458  -421  -376  -324  -266  -202  -134   -62    11    83
        146   193   221   233   233   225   213   196   175   145   103    56    16    -9   -23   -29   -31   -30    -8    -8
         -8    -8    -8    -8    -8    -8    -8    -8    -8    -8    -8    -8    -8    -8    -8    -8    -8    -8    -8    -8
         -8    -8    -8    -8    -8    -8    -8    -8    -8    -8    -8    -8    -8    -8    -8    -8    -8
  45   1000   980   927   849   754   646   533   420   311   208   116    34   -36   -96  -148  -192  -231  -266  -299  -330
       -360  -388  -415  -439  -459  -472  -478  -474  -460  -435  -401  -358  -309  -254  -194  -129   -60    10    79   139
        184   211   222   222   215   203   187   166   138    98    53    15    -9   -22   -28   -29   -28    -5    -5    -5
         -5    -5    -5    -5    -5    -5    -5    -5    -5    -5    -5    -5    -5    -5    -5    -5    -5    -5    -5    -5
         -5    -5    -5    -5    -5    -5    -5    -5    -5    -5    -5    -5    -5    -5    -5    -5
  46   1000   983   935   863   773   671   561   450   341   239   145    61   -11   -74  -129  -176  -218  -255  -290  -322
       -352  -380  -404  -424  -438  -445  -442  -429  -407  -375  -336  -290  -239  -183  -122   -57     9    74   130   173
        198   209   208   202   190   175   156   129    92    49    14    -8   -20   -26   -27   -25    -2    -2    -2    -2
         -2    -2    -2    -2    -2    -2    -2    -2    -2    -2    -2    -2    -2    -2    -2    -2    -2    -2    -2    -2
         -2    -2    -2    -2    -2    -2    -2    -2    -2    -2    -2    -2    -2    -2    -2
  47   1000   984   940   872   786   686   579   469   361   258   164    79     4   -60  -116  -166  -209  -247  -282  -314
       -343  -368  -388  -402  -409  -408  -397  -377  -348  -312  -270  -222  -170  -113   -53     8    68   121   160   184
        194   193   187   176   163   144   119    85    45    12    -8   -19   -24   -25   -23     0     0     0     0     0
          0     0     0     0     0     0     0     0     0     0     0     0     0     0     0     0     0     0     0     0
          0     0     0     0     0     0     0     0     0     0     0     0     0     0
  48   1000   985   943   878   794   697   591   482   374   271   176    90    15   -51  -108  -158  -202  -240  -274  -305
       -330  -351  -366  -374  -373  -364  -346  -320  -287  -248  -205  -157  -105   -50     7    62   111   147   169   178
        178   172   162   149   133   110    78    42    11    -7   -17   -21   -22   -20     3     3     3     3     3     3
          3     3     3     3     3     3     3     3     3     3     3     3     3     3     3     3     3     3     3     3
          3     3     3     3     3     3     3     3     3     3     3     3     3
  49   1000   986   945   882   799   703   598   489   381   279   183    97    21   -44  -102  -152  -195  -233  -265  -293
       -315  -330  -339  -339  -332  -316  -292  -263  -227  -188  -144   -96   -46     6    56   101   134   154   163   163
        157   148   136   121   100    71    38    11    -6   -15   -19   -20   -17     5     5     5     5     5     5     5
          5     5     5     5     5     5     5     5     5     5     5     5     5     5     5     5     5     5     5     5
          5     5     5     5     5     5     5     5     5     5     5     5
  50   1000   986   947   884   802   707   602   493   386   283   188   102    26   -39   -97  -146  -189  -225  -254  -278
       -295  -305  -307  -301  -287  -266  -239  -207  -172  -132   -88   -42     4    51    91   122   140   148   148   143
        135   124   110    91    65    35    10    -5   -13   -17   -18   -15     8     8     8     8     8     8     8     8
          8     8     8     8     8     8     8     8     8     8     8     8     8     8     8     8     8     8     8     8
          8     8     8     8     8     8     8     8     8     8     8
  51   1000   987   947   885   804   709   604   496   389   286   191   106    30   -35   -92  -141  -182  -215  -241  -261
       -272  -276  -272  -260  -242  -218  -189  -157  -121   -81   -39     3    46    83   110   127   134   134   130   122
        113   100    82    59    32     9    -4   -12   -15   -16   -12    10    10    10    10    10    10    10    10    10
         10    10    10    10    10    10    10    10    10    10    10    10    10    10    10    10    10    10    10    10
         10    10    10    10    10    10    10    10    10    10
  52   1000   987   948   886   805   710   605   497   390   288   194   108    33   -32   -88  -135  -174  -204  -227  -241
       -247  -245  -236  -220  -199  -173  -144  -111   -75   -37     2    40    74   100   115   122   122   118   111   102
         91    75    53    29     8    -4   -10   -13   -14   -10    12    12    12    12    12    12    12    12    12    12
         12    12    12    12    12    12    12    12    12    12    12    12    12    12    12    12    12    12    12    12
         12    12    12    12    12    12    12    12    12
  53   1000   987   948   886   805   710   606   499   392   290   196   111    36   -28   -83  -129  -165  -192  -211  -220
       -221  -215  -202  -183  -160  -133  -103   -70   -35     0    36    67    90   104   111   111   107   101    93    83
         68    49    26     8    -3    -9   -12   -12    -8    14    14    14    14    14    14    14    14    14    14    14
         14    14    14    14    14    14    14    14    14    14    14    14    14    14    14    14    14    14    14    14
         14    14    14    14    14    14    14    14
  54   1000   987   948   886   806   711   607   500   393   292   197   112    38   -26   -80  -124  -157  -181  -195  -199
       -196  -186  -170  -149  -125   -97   -67   -35    -1    31    60    82    95   101   102    99    93    86    76    63
         45    24     7    -2    -8   -10   -10    -6    15    15    15    15    15    15    15    15    15    15    15    15
         15    15    15    15    15    15    15    15    15    15    15    15    15    15    15    15    15    15    15    15
         15    15    15    15    15    15    15
  55   1000   987   948   886   806   711   608   501   394   293   198   113    38   -25   -78  -119  -150  -170  -180  -180
       -173  -160  -142  -120   -94   -66   -36    -4    26    54    75    88    94    94    92    87    80    71    59    42
         23     7    -2    -7    -9    -9    -5    17    17    17    17    17    17    17    17    17    17    17    17    17
         17    17    17    17    17    17    17    17    17    17    17    17    17    17    17    17    17    17    17    17
         17    17    17    17    17    17
  56   1000   987   948   887   806   712   608   501   395   293   198   112    37   -26   -78  -117  -145  -161  -167  -164
       -154  -138  -118   -94   -68   -39    -8    21    48    68    81    88    89    86    82    76    67    56    40    22
          7    -1    -6    -8    -8    -4    18    18    18    18    18    18    18    18    18    18    18    18    18    18
         18    18    18    18    18    18    18    18    18    18    18    18    18    18    18    18    18    18    18    18
         18    18    18    18    18
  57   1000   987   948   887   806   712   609   501   394   290   194   107    32   -31   -81  -118  -142  -154  -156  -150
       -137  -119   -97   -72   -43   -13    15    42    63    76    83    85    83    79    73    65    54    39    22     7
         -1    -6    -8    -8    -3    18    18    18    18    18    18    18    18    18    18    18    18    18    18    18
         18    18    18    18    18    18    18    18    18    18    18    18    18    18    18    18    18    18    18    18
         18    18    18    18
  58   1000   987   948   887   807   712   608   499   390   285   187    99    23   -39   -87  -121  -142  -150  -149  -139
       -124  -103   -78   -51   -21     9    36    58    72    79    82    80    77    72    64    53    38    22     7    -1
         -5    -7    -8    -3    19    19    19    19    19    19    19    19    19    19    19    19    19    19    19    19
         19    19    19    19    19    19    19    19    19    19    19    19    19    19    19    19    19    19    19    19
         19    19    19
  59   1000   987   948   887   806   711   606   495   384   276   176    86    10   -51   -97  -127  -144  -149  -143  -131
       -112   -88   -60   -30     0    29    52    68    76    80    79    76    71    64    53    39    22     8     0    -5
         -7    -7    -3    19    19    19    19    19    19    19    19    19    19    19    19    19    19    19    19    19
         19    19    19    19    19    19    19    19    19    19    19    19    19    19    19    19    19    19    19    19
         19    19
  60   1000   987   948   887   805   708   601   487   373   262   159    68    -7   -66  -109  -136  -148  -149  -140  -123
       -100   -73   -42   -10    20    45    63    73    77    78    76    71    65    54    40    23     8     0    -5    -7
         -7    -3    19    19    19    19    19    19    19    19    19    19    19    19    19    19    19    19    19    19
         19    19    19    19    19    19    19    19    19    19    19    19    19    19    19    19    19    19    19    19
         19
  61   1000   987   948   886   803   704   593   476   357   243   138    47   -27   -84  -123  -145  -153  -149  -136  -116
        -89   -57   -24     8    36    56    68    75    76    75    71    65    55    41    24     9     0    -5    -7    -7
         -3    19    19    19    19    19    19    19    19    19    19    19    19    19    19    19    19    19    19    19
         19    19    19    19    19    19    19    19    19    19    19    19    19    19    19    19    19    19    19    19
  62   1000   987   947   884   799   696   581   460   337   219   113    22   -50  -102  -137  -155  -158  -150  -133  -108
        -76   -41    -6    23    46    61    70    73    73    70    65    56    41    25    10     0    -4    -6    -7    -3
         19    19    19    19    19    19    19    19    19    19    19    19    19    19    19    19    19    19    19    19
         19    19    19    19    19    19    19    19    19    19    19    19    19    19    19    19    19    19    19
  63   1000   986   946   881   792   686   566   439   312   192    85    -3   -72  -121  -151  -164  -164  -152  -129   -99
        -64   -27     5    32    50    61    67    69    67    63    55    42    26    11     1    -3    -6    -6    -2    19
         19    19    19    19    19    19    19    19    19    19    19    19    19    19    19    19    19    19    19    19
         19    19    19    19    19    19    19    19    19    19    19    19    19    19    19    19    19    19
  64   1000   986   945   876   784   672   547   415   284   163    57   -29   -94  -139  -165  -174  -170  -153  -126   -92
        -54   -17    12    34    48    57    61    61    59    52    41    26    12     3    -1    -4    -5    -1    18    18
         18    18    18    18    18    18    18    18    18    18    18    18    18    18    18    18    18    18    18    18
         18    18    18    18    18    18    18    18    18    18    18    18    18    18    18    18    18
  65   1000   986   942   870   773   656   525   388   255   133    29   -53  -115  -156  -179  -185  -177  -156  -125   -87
        -49   -15    10    28    40    47    51    51    47    38    26    14     5     0    -2    -3     0    17    17    17
         17    17    17    17    17    17    17    17    17    17    17    17    17    17    17    17    17    17    17    17
         17    17    17    17    17    17    17    17    17    17    17    17    17    17    17    17
  66   1000   985   939   863   761   637   501   361   227   106     4   -76  -135  -175  -196  -200  -188  -163  -128   -89
        -52   -22     0    16    27    35    38    38    34    25    16     8     3     1     0     2    16    16    16    16
         16    16    16    16    16    16    16    16    16    16    16    16    16    16    16    16    16    16    16    16
         16    16    16    16    16    16    16    16    16    16    16    16    16    16    16
  67   1000   984   935   855   747   618   478   336   201    82   -18   -98  -157  -197  -217  -219  -204  -175  -138  -100
        -65   -38   -16     0    10    19    24    26    23    17    12     8     5     4     6    15    15    15    15    15
         15    15    15    15    15    15    15    15    15    15    15    15    15    15    15    15    15    15    15    15
         15    15    15    15    15    15    15    15    15    15    15    15    15    15
  68   1000   983   932   847   734   601   457   314   179    60   -41  -122  -184  -226  -247  -247  -228  -196  -158  -120
        -88   -61   -39   -22    -7     4    14    19    19    17    14    12    10    11    14    14    14    14    14    14
         14    14    14    14    14    14    14    14    14    14    14    14    14    14    14    14    14    14    14    14
         14    14    14    14    14    14    14    14    14    14    14    14    14
  69   1000   982   928   839   722   586   440   296   160    38   -66  -153  -220  -265  -287  -284  -261  -225  -186  -149
       -117   -89   -65   -43   -22    -2    12    21    23    22    21    18    18    13    13    13    13    13    13    13
         13    13    13    13    13    13    13    13    13    13    13    13    13    13    13    13    13    13    13    13
         13    13    13    13    13    13    13    13    13    13    13    13
  70   1000   981   924   832   712   574   427   280   141    13   -99  -195  -269  -318  -337  -329  -300  -262  -222  -185
       -150  -119   -88   -57   -24     4    22    30    32    31    29    26    12    12    12    12    12    12    12    12
         12    12    12    12    12    12    12    12    12    12    12    12    12    12    12    12    12    12    12    12
         12    12    12    12    12    12    12    12    12    12    12
  71   1000   980   921   827   705   565   416   264   117   -21  -146  -253  -334  -381  -394  -378  -344  -304  -262  -222
       -183  -143   -99   -51    -7    23    39    44    44    41    37    11    11    11    11    11    11    11    11    11
         11    11    11    11    11    11    11    11    11    11    11    11    11    11    11    11    11    11    11    11
         11    11    11    11    11    11    11    11    11    11
  72   1000   980   919   824   701   558   403   243    83   -70  -211  -327  -409  -449  -451  -428  -390  -346  -301  -255
       -206  -149   -84   -21    24    48    57    59    55    50    11    11    11    11    11    11    11    11    11    11
         11    11    11    11    11    11    11    11    11    11    11    11    11    11    11    11    11    11    11    11
         11    11    11    11    11    11    11    11    11
  73   1000   979   918   822   696   548   384   210    32  -139  -293  -412  -486  -513  -504  -474  -432  -385  -333  -274
       -205  -121   -38    23    57    72    75    72    64    10    10    10    10    10    10    10    10    10    10    10
         10    10    10    10    10    10    10    10    10    10    10    10    10    10    10    10    10    10    10    10
         10    10    10    10    10    10    10    10
  74   1000   979   917   819   688   531   353   160   -38  -228  -386  -497  -554  -567  -550  -514  -467  -412  -346  -264
       -162   -57    21    67    86    91    88    79    10    10    10    10    10    10    10    10    10    10    10    10
         10    10    10    10    10    10    10    10    10    10    10    10    10    10    10    10    10    10    10    10
         10    10    10    10    10    10    10
  75   1000   979   916   813   675   504   305    88  -129  -326  -476  -568  -608  -609  -584  -543  -488  -417  -324  -205
        -79    18    75   101   108   106    95    10    10    10    10    10    10    10    10    10    10    10    10    10
         10    10    10    10    10    10    10    10    10    10    10    10    10    10    10    10    10    10    10    10
         10    10    10    10    10    10
  76   1000   978   913   803   652   461   237    -1  -230  -418  -549  -620  -646  -637  -606  -555  -484  -383  -249  -103
         12    81   113   124   122   110    10    10    10    10    10    10    10    10    10    10    10    10    10    10
         10    10    10    10    10    10    10    10    10    10    10    10    10    10    10    10    10    10    10    10
         10    10    10    10    10
  77   1000   977   907   787   616   400   152  -100  -323  -491  -598  -652  -666  -650  -609  -542  -438  -293  -129     3
         84   124   138   137   124    11    11    11    11    11    11    11    11    11    11    11    11    11    11    11
         11    11    11    11    11    11    11    11    11    11    11    11    11    11    11    11    11    11    11    11
         11    11    11    11
  78   1000   975   897   761   567   325    60  -189  -392  -536  -623  -664  -669  -644  -586  -485  -334  -158   -10    82
        130   148   149   137    11    11    11    11    11    11    11    11    11    11    11    11    11    11    11    11
         11    11    11    11    11    11    11    11    11    11    11    11    11    11    11    11    11    11    11    11
         11    11    11
  79   1000   972   883   726   507   246   -18  -251  -429  -551  -623  -655  -651  -610  -520  -371  -187   -28    74   129
        152   157   145    12    12    12    12    12    12    12    12    12    12    12    12    12    12    12    12    12
         12    12    12    12    12    12    12    12    12    12    12    12    12    12    12    12    12    12    12    12
         12    12
  80   1000   968   864   686   447   182   -67  -275  -430  -536  -599  -623  -606  -536  -399  -218   -53    57   120   149
        157   148    13    13    13    13    13    13    13    13    13    13    13    13    13    13    13    13    13    13
         13    13    13    13    13    13    13    13    13    13    13    13    13    13    13    13    13    13    13    13
         13
  81   1000   962   844   648   405   153   -72  -256  -395  -492  -549  -564  -524  -412  -246   -85    29    98   132   145
        141    14    14    14    14    14    14    14    14    14    14    14    14    14    14    14    14    14    14    14
         14    14    14    14    14    14    14    14    14    14    14    14    14    14    14    14    14    14    14    14
  82   1000   957   827   628   397   168   -32  -198  -326  -419  -472  -473  -402  -268  -122   -11    60   100   119   121
         14    14    14    14    14    14    14    14    14    14    14    14    14    14    14    14    14    14    14    14
         14    14    14    14    14    14    14    14    14    14    14    14    14    14    14    14    14    14    14
  83   1000   954   824   636   429   227    47  -105  -231  -325  -375  -360  -276  -162   -64     5    49    74    84    13
         13    13    13    13    13    13    13    13    13    13    13    13    13    13    13    13    13    13    13    13
         13    13    13    13    13    13    13    13    13    13    13    13    13    13    13    13    13    13
  84   1000   955   835   671   491   314   150     1  -128  -230  -281  -264  -198  -124   -63   -18    12    32    11    11
         11    11    11    11    11    11    11    11    11    11    11    11    11    11    11    11    11    11    11    11
         11    11    11    11    11    11    11    11    11    11    11    11    11    11    11    11    11
  85   1000   960   858   719   565   406   248    93   -53  -171  -228  -222  -182  -135   -94   -60   -31     8     8     8
          8     8     8     8     8     8     8     8     8     8     8     8     8     8     8     8     8     8     8     8
          8     8     8     8     8     8     8     8     8     8     8     8     8     8     8     8
  86   1000   967   882   765   629   478   313   134   -41  -170  -227  -228  -202  -168  -134   -98     4     4     4     4
          4     4     4     4     4     4     4     4     4     4     4     4     4     4     4     4     4     4     4     4
          4     4     4     4     4     4     4     4     4     4     4     4     4     4     4
  87   1000   973   902   799   668   508   314    96   -96  -212  -255  -253  -231  -200  -160     0     0     0     0     0
          0     0     0     0     0     0     0     0     0     0     0     0     0     0     0     0     0     0     0     0
          0     0     0     0     0     0     0     0     0     0     0     0     0     0
  88   1000   977   914   813   672   477   234    -6  -176  -259  -284  -276  -253  -212    -4    -4    -4    -4    -4    -4
         -4    -4    -4    -4    -4    -4    -4    -4    -4    -4    -4    -4    -4    -4    -4    -4    -4    -4    -4    -4
         -4    -4    -4    -4    -4    -4    -4    -4    -4    -4    -4    -4    -4
  89   1000   979   915   802   623   372    98  -115  -237  -290  -300  -286  -250    -8    -8    -8    -8    -8    -8    -8
         -8    -8    -8    -8    -8    -8    -8    -8    -8    -8    -8    -8    -8    -8    -8    -8    -8    -8    -8    -8
         -8    -8    -8    -8    -8    -8    -8    -8    -8    -8    -8    -8
  90   1000   978   902   753   512   222   -25  -182  -263  -294  -295  -268   -12   -12   -12   -12   -12   -12   -12   -12
        -12   -12   -12   -12   -12   -12   -12   -12   -12   -12   -12   -12   -12   -12   -12   -12   -12   -12   -12   -12
        -12   -12   -12   -12   -12   -12   -12   -12   -12   -12   -12
  91   1000   972   867   658   372   104   -83  -193  -248  -267  -255   -15   -15   -15   -15   -15   -15   -15   -15   -15
        -15   -15   -15   -15   -15   -15   -15   -15   -15   -15   -15   -15   -15   -15   -15   -15   -15   -15   -15   -15
        -15   -15   -15   -15   -15   -15   -15   -15   -15   -15
  92   1000   959   808   554   285    76   -60  -141  -184  -195   -18   -18   -18   -18   -18   -18   -18   -18   -18   -18
        -18   -18   -18   -18   -18   -18   -18   -18   -18   -18   -18   -18   -18   -18   -18   -18   -18   -18   -18   -18
        -18   -18   -18   -18   -18   -18   -18   -18   -18
  93   1000   940   757   518   308   153    47   -21   -64   -19   -19   -19   -19   -19   -19   -19   -19   -19   -19   -19
        -19   -19   -19   -19   -19   -19   -19   -19   -19   -19   -19   -19   -19   -19   -19   -19   -19   -19   -19   -19
        -19   -19   -19   -19   -19   -19   -19   -19
  94   1000   932   769   589   437   319   229   153    -3    -3    -3    -3    -3    -3    -3    -3    -3    -3    -3    -3
         -3    -3    -3    -3    -3    -3    -3    -3    -3    -3    -3    -3    -3    -3    -3    -3    -3    -3    -3    -3
         -3    -3    -3    -3    -3    -3    -3
  95   1000   946   834   714   605   510   414    33    33    33    33    33    33    33    33    33    33    33    33    33
         33    33    33    33    33    33    33    33    33    33    33    33    33    33    33    33    33    33    33    33
         33    33    33    33    33    33
  96   1000   966   896   815   733   634    67    67    67    67    67    67    67    67    67    67    67    67    67    67
         67    67    67    67    67    67    67    67    67    67    67    67    67    67    67    67    67    67    67    67
         67    67    67    67    67
  97   1000   979   933   872   784    94    94    94    94    94    94    94    94    94    94    94    94    94    94    94
         94    94    94    94    94    94    94    94    94    94    94    94    94    94    94    94    94    94    94    94
         94    94    94    94
  98   1000   986   950   879   116   116   116   116   116   116   116   116   116   116   116   116   116   116   116   116
        116   116   116   116   116   116   116   116   116   116   116   116   116   116   116   116   116   116   116   116
        116   116   116
  99   1000   989   938   136   136   136   136   136   136   136   136   136   136   136   136   136   136   136   136   136
        136   136   136   136   136   136   136   136   136   136   136   136   136   136   136   136   136   136   136   136
        136   136
 100   1000   972   155   155   155   155   155   155   155   155   155   155   155   155   155   155   155   155   155   155
        155   155   155   155   155   155   155   155   155   155   155   155   155   155   155   155   155   155   155   155
        155
 101   1000   343   343   343   343   343   343   343   343   343   343   343   343   343   343   343   343   343   343   343
        343   343   343   343   343   343   343   343   343   343   343   343   343   343   343   343   343   343   343   343
 102   1000  1000  1000  1000  1000  1000  1000  1000  1000  1000  1000  1000  1000  1000  1000  1000  1000  1000  1000  1000
       1000  1000  1000  1000  1000  1000  1000  1000  1000  1000  1000  1000  1000  1000  1000  1000  1000  1000  1000
 103   1000  1000  1000  1000  1000  1000  1000  1000  1000  1000  1000  1000  1000  1000  1000  1000  1000  1000  1000  1000
       1000  1000  1000  1000  1000  1000  1000  1000  1000  1000  1000  1000  1000  1000  1000  1000  1000  1000
 104   1000  1000  1000  1000  1000  1000  1000  1000  1000  1000  1000  1000  1000  1000  1000  1000  1000  1000  1000  1000
       1000  1000  1000  1000  1000  1000  1000  1000  1000  1000  1000  1000  1000  1000  1000  1000  1000
 105   1000  1000  1000  1000  1000  1000  1000  1000  1000  1000  1000  1000  1000  1000  1000  1000  1000  1000  1000  1000
       1000  1000  1000  1000  1000  1000  1000  1000  1000  1000  1000  1000  1000  1000  1000  1000
 106   1000  1000  1000  1000  1000  1000  1000  1000  1000  1000  1000  1000  1000  1000  1000  1000  1000  1000  1000  1000
       1000  1000  1000  1000  1000  1000  1000  1000  1000  1000  1000  1000  1000  1000  1000
 107   1000  1000  1000  1000  1000  1000  1000  1000  1000  1000  1000  1000  1000  1000  1000  1000  1000  1000  1000  1000
       1000  1000  1000  1000  1000  1000  1000  1000  1000  1000  1000  1000  1000  1000
 108   1000  1000  1000  1000  1000  1000  1000  1000  1000  1000  1000  1000  1000  1000  1000  1000  1000  1000  1000  1000
       1000  1000  1000  1000  1000  1000  1000  1000  1000  1000  1000  1000  1000
 109   1000  1000  1000  1000  1000  1000  1000  1000  1000  1000  1000  1000  1000  1000  1000  1000  1000  1000  1000  1000
       1000  1000  1000  1000  1000  1000  1000  1000  1000  1000  1000  1000
 110   1000  1000  1000  1000  1000  1000  1000  1000  1000  1000  1000  1000  1000  1000  1000  1000  1000  1000  1000  1000
       1000  1000  1000  1000  1000  1000  1000  1000  1000  1000  1000
 111   1000  1000  1000  1000  1000  1000  1000  1000  1000  1000  1000  1000  1000  1000  1000  1000  1000  1000  1000  1000
       1000  1000  1000  1000  1000  1000  1000  1000  1000  1000
 112   1000  1000  1000  1000  1000  1000  1000  1000  1000  1000  1000  1000  1000  1000  1000  1000  1000  1000  1000  1000
       1000  1000  1000  1000  1000  1000  1000  1000  1000
 113   1000  1000  1000  1000  1000  1000  1000  1000  1000  1000  1000  1000  1000  1000  1000  1000  1000  1000  1000  1000
       1000  1000  1000  1000  1000  1000  1000  1000
 114   1000  1000  1000  1000  1000  1000  1000  1000  1000  1000  1000  1000  1000  1000  1000  1000  1000  1000  1000  1000
       1000  1000  1000  1000  1000  1000  1000
 115   1000  1000  1000  1000  1000  1000  1000  1000  1000  1000  1000  1000  1000  1000  1000  1000  1000  1000  1000  1000
       1000  1000  1000  1000  1000  1000
 116   1000  1000  1000  1000  1000  1000  1000  1000  1000  1000  1000  1000  1000  1000  1000  1000  1000  1000  1000  1000
       1000  1000  1000  1000  1000
 117   1000  1000  1000  1000  1000  1000  1000  1000  1000  1000  1000  1000  1000  1000  1000  1000  1000  1000  1000  1000
       1000  1000  1000  1000
 118   1000  1000  1000  1000  1000  1000  1000  1000  1000  1000  1000  1000  1000  1000  1000  1000  1000  1000  1000  1000
       1000  1000  1000
 119   1000  1000  1000  1000  1000  1000  1000  1000  1000  1000  1000  1000  1000  1000  1000  1000  1000  1000  1000  1000
       1000  1000
 120   1000  1000  1000  1000  1000  1000  1000  1000  1000  1000  1000  1000  1000  1000  1000  1000  1000  1000  1000  1000
       1000
 121   1000  1000  1000  1000  1000  1000  1000  1000  1000  1000  1000  1000  1000  1000  1000  1000  1000  1000  1000  1000
 122   1000  1000  1000  1000  1000  1000  1000  1000  1000  1000  1000  1000  1000  1000  1000  1000  1000  1000  1000
 123   1000  1000  1000  1000  1000  1000  1000  1000  1000  1000  1000  1000  1000  1000  1000  1000  1000  1000
 124   1000  1000  1000  1000  1000  1000  1000  1000  1000  1000  1000  1000  1000  1000  1000  1000  1000
 125   1000  1000  1000  1000  1000  1000  1000  1000  1000  1000  1000  1000  1000  1000  1000  1000
 126   1000  1000  1000  1000  1000  1000  1000  1000  1000  1000  1000  1000  1000  1000  1000
 127   1000  1000  1000  1000  1000  1000  1000  1000  1000  1000  1000  1000  1000  1000
 128   1000  1000  1000  1000  1000  1000  1000  1000  1000  1000  1000  1000  1000
 129   1000  1000  1000  1000  1000  1000  1000  1000  1000  1000  1000  1000
 130   1000  1000  1000  1000  1000  1000  1000  1000  1000  1000  1000
 131   1000  1000  1000  1000  1000  1000  1000  1000  1000  1000
 132   1000  1000  1000  1000  1000  1000  1000  1000  1000
 133   1000  1000  1000  1000  1000  1000  1000  1000
 134   1000  1000  1000  1000  1000  1000  1000
 135   1000  1000  1000  1000  1000  1000
 136   1000  1000  1000  1000  1000
 137   1000  1000  1000  1000
 138   1000  1000  1000
 139   1000  1000
 140   1000

 Finished!
