NIF_RUN Passive 18x snout on TANDM 90-348 Pinhole
  140    5    1    0    0
   0.00500   9.00000   0.03000   0.03000
   0.0000000   0   0 1.00000000E+00   1.0000000
ZR902    1.706E-12 0.010       0.00       0.00        (    )
IN115N   4.881E-13 0.007       0.00       0.00        (    )
AU197G   8.079E-14 0.010       0.00 AUNG  3.94 IFX    (ISTP)
IN115G   1.161E-13 0.020       0.00 INNG 39.37 IFX    (ISTP)
AU1972   1.218E-11 0.053       0.00       0.00        (    )
Flux Uncertainty
   7
 1.0000E-11 1.0000E-07 5.0000E-01 1.0000E+00 1.0000E+01 1.3000E+01 2.0100E+01
 8.0000E-01 8.0000E-01 5.0000E-01 2.0000E-01 1.0000E-01 3.0000E-02 3.0000E-02
Input Flux Spectrum
 140   1 1.000E+00 2.000E+01 5.000E-08
 3.4298E+14 3.4292E+13 2.3735E+13 1.1420E+13 1.1836E+13 7.8645E+12 5.5451E+12
 3.5562E+12 2.3864E+12 1.7222E+12 9.8401E+11 6.3387E+11 4.2186E+11 2.7663E+11
 1.5972E+11 1.5472E+11 7.6676E+11 5.6130E+11 8.7806E+11 6.2861E+11 6.8533E+11
 7.7899E+11 6.8148E+11 5.9080E+11 5.4178E+11 4.3697E+11 3.8428E+11 3.1580E+11
 2.4332E+11 2.0644E+11 1.6703E+11 1.3205E+11 1.2697E+11 1.1762E+11 1.5330E+11
 2.0086E+11 2.2869E+11 2.7331E+11 2.9795E+11 3.0600E+11 3.0015E+11 3.0985E+11
 3.0873E+11 3.0115E+11 2.7964E+11 2.6157E+11 2.5205E+11 2.3109E+11 2.2149E+11
 1.9769E+11 1.8370E+11 1.7339E+11 1.6870E+11 1.6353E+11 1.6729E+11 1.6992E+11
 1.7592E+11 1.8834E+11 2.0780E+11 2.2418E+11 2.4783E+11 2.7179E+11 3.0241E+11
 3.2622E+11 3.5217E+11 3.6646E+11 3.7203E+11 3.7382E+11 3.7309E+11 3.2193E+11
 3.0080E+11 2.5581E+11 2.4014E+11 2.1454E+11 1.5754E+11 1.2015E+11 1.5049E+11
 6.3167E+10 5.2758E+10 5.4980E+10 5.2345E+10 4.7555E+10 4.8766E+10 5.2698E+10
 5.8244E+10 7.3177E+10 8.1102E+10 8.7784E+10 9.9761E+10 1.0128E+11 8.0310E+10
 8.4416E+10 1.0345E+11 1.3106E+12 1.4425E+12 0.0000E+00 0.0000E+00 0.0000E+00
 0.0000E+00 0.0000E+00 0.0000E+00 0.0000E+00 0.0000E+00 0.0000E+00 0.0000E+00
 0.0000E+00 0.0000E+00 0.0000E+00 0.0000E+00 0.0000E+00 0.0000E+00 0.0000E+00
 0.0000E+00 0.0000E+00 0.0000E+00 0.0000E+00 0.0000E+00 0.0000E+00 0.0000E+00
 0.0000E+00 0.0000E+00 0.0000E+00 0.0000E+00 0.0000E+00 0.0000E+00 0.0000E+00
 0.0000E+00 0.0000E+00 0.0000E+00 0.0000E+00 0.0000E+00 0.0000E+00 0.0000E+00
 0.0000E+00 0.0000E+00 0.0000E+00 0.0000E+00 0.0000E+00 0.0000E+00 0.0000E+00
   10   13   28   11    8    5    8    7   10   40



                         ==============================
                               STAYSL PNNL OUTPUT
                         ==============================

 STAYSL PNNL, version 1.2.0, 2015-08-05


 SCENARIO TITLE: NIF_RUN Passive 18x snout on TANDM 90-348 Pinhole
 -------------------------------------------------------------------------------
  NGROUP =   140    NRXN =     5    ACTIVITY NORM = 1.00000E+00

  COVARIANCE PARAMETERS (FCHN, FCVX, ACVX, FS)
    FLUXES:      WIDTH =  9.0000E+00   LONG RANGE COVAR. =  3.0000E-02
            ACTIVITIES =  5.0000E-03   X-SECT CROSS COR. =  3.0000E-02

    DETERM =  -3.5913 × 10^  -2.00      ERROR =  -1.4211E-15

  INPUT NORMALIZATION DATA
    AK1   =     0.00000     VAK        =     0.00090
    NORML =           0     RENORM     = 1.03243E+00
    CHI²  =    75.45033     NORM. CHI² =    18.86258
     (logarithmic limit was applied to low fluxes)

  DOSIMETRY ACTIVITIES
     ———— INPUTS —————  -UNADJUSTED FLUX-  — ADJUSTED FLUX —    CHI²  90% ACTIVITIES RANGE
 RXN  MEASURED     ±%   ACTIVITY    %DIFF  ACTIVITY    %DIFF  CONTRIB --LOW E-- --HIGH E--   REACTION          CVR
  1  1.706E-12    1.00  1.659E-12   -2.73  1.811E-12    6.17    5.102  1.30E+01  1.40E+01  ZR90(N,2N)ZR89          
  2  4.881E-13    0.70  4.921E-13    0.82  3.910E-13  -19.90    1.687  1.40E+00  1.40E+01  IN115(N,N')IN115M       
  3  8.079E-14    1.00  8.189E-14    1.37  7.078E-14  -12.40    0.933  1.20E-02  1.30E+01  AU197(N,G)AU198         
  4  1.161E-13    2.00  1.182E-13    1.85  1.067E-13   -8.09   -1.666  4.00E-02  2.30E+00  IN115(N,G)IN116M        
  5  1.218E-11    5.30  6.525E-12  -46.43  7.032E-12  -42.27   69.394  1.20E+01  1.40E+01  AU197(N,2N)AU196        

             % STD. DEV.  =         23.28              24.70

                              CHECK INPUT, IT IS RATHER UNLIKELY !
                                   *** BEWARE OF OUTPUT ! ***


  DIFFERENTIAL FLUXES (input is normalized by a factor of 1.0324E+00)
                  —————— DIFFERENTIAL FLUX —————   ———— STD. DEV. % ————   INTEGRAL
 GRP    ENERGY        NEW         OLD      RATIO    NEW     OLD    RATIO   FLUX > E     ± %
   1  1.0000E-10  3.5486E+14  3.5410E+14   1.002   79.97   80.02   0.999  4.2127E+12    3.26
   2  1.0000E-09  3.5473E+13  3.5404E+13   1.002   79.97   80.02   0.999  4.2127E+12    3.26
   3  1.0000E-08  2.4567E+13  2.4505E+13   1.003   79.96   80.02   0.999  4.2127E+12    3.26
   4  2.3000E-08  1.1829E+13  1.1790E+13   1.003   79.96   80.02   0.999  4.2127E+12    3.26
   5  5.0000E-08  1.2262E+13  1.2220E+13   1.003   79.96   80.02   0.999  4.2127E+12    3.26
   6  7.6000E-08  8.1376E+12  8.1195E+12   1.002   79.79   79.85   0.999  4.2127E+12    3.26
   7  1.1500E-07  5.7176E+12  5.7249E+12   0.999   79.14   79.21   0.999  4.2127E+12    3.26
   8  1.7000E-07  3.6415E+12  3.6715E+12   0.992   78.18   78.26   0.999  4.2127E+12    3.26
   9  2.5500E-07  2.4152E+12  2.4638E+12   0.980   77.22   77.30   0.999  4.2127E+12    3.26
  10  3.8000E-07  1.7125E+12  1.7780E+12   0.963   76.30   76.41   0.999  4.2127E+12    3.26
  11  5.5000E-07  9.5479E+11  1.0159E+12   0.940   75.36   75.49   0.998  4.2127E+12    3.26
  12  8.4000E-07  5.9551E+11  6.5443E+11   0.910   74.38   74.53   0.998  4.2127E+12    3.26
  13  1.2750E-06  3.8035E+11  4.3554E+11   0.873   73.43   73.61   0.998  4.2127E+12    3.26
  14  1.9000E-06  2.3700E+11  2.8560E+11   0.830   72.52   72.73   0.997  4.2127E+12    3.26
  15  2.8000E-06  1.2866E+11  1.6490E+11   0.780   71.61   71.85   0.997  4.2127E+12    3.26
  16  4.2500E-06  1.1586E+11  1.5974E+11   0.725   70.70   70.97   0.996  4.2127E+12    3.26
  17  6.3000E-06  5.2713E+11  7.9163E+11   0.666   69.85   70.14   0.996  4.2127E+12    3.26
  18  9.2000E-06  3.4967E+11  5.7950E+11   0.603   69.03   69.33   0.996  4.2127E+12    3.26
  19  1.3500E-05  4.8950E+11  9.0653E+11   0.540   68.17   68.47   0.996  4.2127E+12    3.26
  20  2.1000E-05  3.0934E+11  6.4900E+11   0.477   67.35   67.64   0.996  4.2127E+12    3.26
  21  3.0000E-05  2.9359E+11  7.0755E+11   0.415   66.59   66.86   0.996  4.2127E+12    3.26
  22  4.5000E-05  2.8754E+11  8.0425E+11   0.358   65.76   66.02   0.996  4.2127E+12    3.26
  23  6.9000E-05  2.1445E+11  7.0358E+11   0.305   64.98   65.22   0.996  4.2127E+12    3.26
  24  1.0000E-04  1.5658E+11  6.0996E+11   0.257   64.32   64.56   0.996  4.2127E+12    3.26
  25  1.3500E-04  1.1956E+11  5.5935E+11   0.214   63.79   64.04   0.996  4.2127E+12    3.26
  26  1.7000E-04  8.7223E+10  4.5114E+11   0.193   63.27   63.57   0.995  4.2127E+12    3.26
  27  2.2000E-04  7.4576E+10  3.9674E+11   0.188   62.72   63.09   0.994  4.2127E+12    3.26
  28  2.8000E-04  6.0052E+10  3.2604E+11   0.184   62.13   62.62   0.992  4.2127E+12    3.26
  29  3.6000E-04  4.5679E+10  2.5121E+11   0.182   61.50   62.17   0.989  4.2127E+12    3.26
  30  4.5000E-04  3.8545E+10  2.1313E+11   0.181   60.83   61.73   0.985  4.2127E+12    3.26
  31  5.7500E-04  3.1264E+10  1.7245E+11   0.181   60.03   61.24   0.980  4.2127E+12    3.26
  32  7.6000E-04  2.4938E+10  1.3633E+11   0.183   59.18   60.76   0.974  4.2127E+12    3.26
  33  9.6000E-04  2.4343E+10  1.3109E+11   0.186   58.23   60.29   0.966  4.2127E+12    3.26
  34  1.2750E-03  2.3020E+10  1.2143E+11   0.190   57.21   59.82   0.956  4.2126E+12    3.26
  35  1.6000E-03  3.0759E+10  1.5827E+11   0.194   56.15   59.41   0.945  4.2126E+12    3.26
  36  2.0000E-03  4.4231E+10  2.0737E+11   0.213   54.95   58.94   0.932  4.2126E+12    3.26
  37  2.7000E-03  5.8486E+10  2.3611E+11   0.248   53.65   58.47   0.918  4.2126E+12    3.26
  38  3.4000E-03  8.0415E+10  2.8217E+11   0.285   52.29   58.02   0.901  4.2126E+12    3.27
  39  4.5000E-03  9.9699E+10  3.0761E+11   0.324   50.88   57.59   0.883  4.2125E+12    3.27
  40  5.5000E-03  1.1506E+11  3.1592E+11   0.364   49.43   57.18   0.864  4.2124E+12    3.27
  41  7.2000E-03  1.2537E+11  3.0988E+11   0.405   47.91   56.74   0.844  4.2122E+12    3.27
  42  9.2000E-03  1.4182E+11  3.1990E+11   0.443   46.37   56.30   0.824  4.2119E+12    3.27
  43  1.2000E-02  1.5266E+11  3.1874E+11   0.479   44.84   55.88   0.802  4.2115E+12    3.27
  44  1.5000E-02  1.5864E+11  3.1092E+11   0.510   43.35   55.49   0.781  4.2111E+12    3.27
  45  1.9000E-02  1.5506E+11  2.8871E+11   0.537   41.83   55.05   0.760  4.2104E+12    3.28
  46  2.5500E-02  1.5081E+11  2.7005E+11   0.558   40.35   54.61   0.739  4.2094E+12    3.28
  47  3.2000E-02  1.4940E+11  2.6022E+11   0.574   38.96   54.24   0.718  4.2084E+12    3.28
  48  4.0000E-02  1.3978E+11  2.3858E+11   0.586   37.61   53.84   0.699  4.2072E+12    3.29
  49  5.2500E-02  1.3608E+11  2.2867E+11   0.595   36.31   53.43   0.680  4.2055E+12    3.30
  50  6.6000E-02  1.2331E+11  2.0410E+11   0.604   35.09   53.01   0.662  4.2037E+12    3.30
  51  8.8000E-02  1.1678E+11  1.8966E+11   0.616   33.98   52.60   0.646  4.2009E+12    3.31
  52  1.1000E-01  1.1322E+11  1.7901E+11   0.632   33.03   52.26   0.632  4.1984E+12    3.32
  53  1.3500E-01  1.1456E+11  1.7417E+11   0.658   32.25   51.96   0.621  4.1955E+12    3.33
  54  1.6000E-01  1.1727E+11  1.6883E+11   0.695   31.68   51.70   0.613  4.1927E+12    3.34
  55  1.9000E-01  1.2872E+11  1.7271E+11   0.745   31.35   51.45   0.609  4.1892E+12    3.35
  56  2.2000E-01  1.4229E+11  1.7543E+11   0.811   31.31   51.22   0.611  4.1853E+12    3.35
  57  2.5500E-01  1.6204E+11  1.8162E+11   0.892   31.57   51.00   0.619  4.1803E+12    3.35
  58  2.9000E-01  1.9193E+11  1.9445E+11   0.987   32.17   50.83   0.633  4.1747E+12    3.35
  59  3.2000E-01  2.3446E+11  2.1454E+11   1.093   33.01   50.66   0.652  4.1689E+12    3.34
  60  3.6000E-01  2.7891E+11  2.3145E+11   1.205   33.99   50.49   0.673  4.1595E+12    3.33
  61  4.0000E-01  3.3714E+11  2.5587E+11   1.318   34.93   50.32   0.694  4.1484E+12    3.30
  62  4.5000E-01  3.9941E+11  2.8060E+11   1.423   35.64   50.15   0.711  4.1315E+12    3.24
  63  5.0000E-01  4.6483E+11  3.1222E+11   1.489   33.88   47.11   0.719  4.1115E+12    3.16
  64  5.5000E-01  5.0499E+11  3.3680E+11   1.499   29.89   41.78   0.716  4.0883E+12    3.07
  65  6.0000E-01  5.3805E+11  3.6359E+11   1.480   25.75   37.07   0.695  4.0630E+12    2.98
  66  6.6000E-01  5.4259E+11  3.7834E+11   1.434   21.48   32.88   0.653  4.0308E+12    2.88
  67  7.2000E-01  5.2666E+11  3.8409E+11   1.371   17.34   29.47   0.588  3.9982E+12    2.79
  68  7.8000E-01  4.9954E+11  3.8594E+11   1.294   13.33   26.64   0.500  3.9666E+12    2.72
  69  8.4000E-01  4.6413E+11  3.8519E+11   1.205    9.42   23.94   0.394  3.9366E+12    2.67
  70  9.2000E-01  3.6910E+11  3.3237E+11   1.110    6.05   21.37   0.283  3.8995E+12    2.63
  71  1.0000E+00  3.1559E+11  3.1055E+11   1.016    4.20   19.69   0.213  3.8700E+12    2.60
  72  1.2000E+00  2.4234E+11  2.6411E+11   0.918    5.10   18.74   0.272  3.8069E+12    2.59
  73  1.4000E+00  2.0218E+11  2.4793E+11   0.815    7.73   17.96   0.430  3.7584E+12    2.61
  74  1.6000E+00  1.5778E+11  2.2150E+11   0.712   10.80   17.31   0.624  3.7179E+12    2.64
  75  1.8000E+00  9.9328E+10  1.6265E+11   0.611   13.89   16.76   0.829  3.6864E+12    2.70
  76  2.0000E+00  6.4110E+10  1.2405E+11   0.517   16.72   16.17   1.034  3.6665E+12    2.75
  77  2.3000E+00  6.7473E+10  1.5537E+11   0.434   19.14   15.57   1.230  3.6473E+12    2.81
  78  2.6000E+00  2.3540E+10  6.5215E+10   0.361   21.26   15.05   1.412  3.6271E+12    2.89
  79  2.9000E+00  1.6463E+10  5.4469E+10   0.302   22.89   14.55   1.574  3.6200E+12    2.92
  80  3.3000E+00  1.4760E+10  5.6763E+10   0.260   24.02   14.04   1.710  3.6134E+12    2.95
  81  3.7000E+00  1.2521E+10  5.4042E+10   0.232   24.72   13.61   1.816  3.6075E+12    2.98
  82  4.1000E+00  1.0740E+10  4.9097E+10   0.219   24.97   13.24   1.886  3.6025E+12    3.01
  83  4.5000E+00  1.1330E+10  5.0347E+10   0.225   24.65   12.87   1.916  3.5982E+12    3.04
  84  5.0000E+00  1.3656E+10  5.4407E+10   0.251   23.75   12.51   1.899  3.5925E+12    3.07
  85  5.5000E+00  1.7667E+10  6.0133E+10   0.294   22.37   12.19   1.836  3.5857E+12    3.10
  86  6.0000E+00  2.6921E+10  7.5550E+10   0.356   20.42   11.85   1.723  3.5769E+12    3.15
  87  6.7000E+00  3.6502E+10  8.3732E+10   0.436   17.98   11.51   1.562  3.5580E+12    3.24
  88  7.4000E+00  4.7793E+10  9.0631E+10   0.527   15.24   11.19   1.363  3.5325E+12    3.35
  89  8.2000E+00  6.4580E+10  1.0300E+11   0.627   12.36   10.89   1.136  3.4942E+12    3.49
  90  9.0000E+00  7.6448E+10  1.0456E+11   0.731    9.55   10.59   0.901  3.4426E+12    3.65
  91  1.0000E+01  7.2415E+10  8.2914E+10   0.873    5.68    8.75   0.649  3.3661E+12    3.83
  92  1.1000E+01  8.6462E+10  8.7154E+10   0.992    3.14    6.17   0.510  3.2937E+12    3.94
  93  1.2000E+01  1.1214E+11  1.0680E+11   1.050    3.19    4.74   0.674  3.2073E+12    4.00
  94  1.3000E+01  1.4586E+12  1.3531E+12   1.078    3.72    4.24   0.878  3.0951E+12    4.04
  95  1.4000E+01  1.6365E+12  1.4893E+12   1.099    4.33    4.24   1.022  1.6365E+12    4.33
      1.5000E+01

  INTEGRALS OF SPECTRA
    OLD SPECTRUM   4.2919E+12   ±    5.286 %
    NEW SPECTRUM   4.2127E+12   ±    3.264 %

  SUMMARY OF BROAD-GROUP FLUXES, FLUENCES, AND UNCERTAINTIES

    IRRAD TIME [S] = 1.00000000E+00   ACT NORM =  1.00000000E+00

       ENERGY       FLUX       FLUENCE      STDEV %
      thermal    3.1306E+06  3.1306E+06  ±  72.47     (0.100 meV – 0.550  eV)
     epithermal  1.4345E+10  1.4345E+10  ±  31.05     (0.550  eV – 110.0 keV)
        fast     4.1984E+12  4.1984E+12  ±   3.32     (110.0 keV –  20.0 MeV)
        fast     3.8700E+12  3.8700E+12  ±   2.60     (  1.0 MeV –  20.0 MeV)
        high     0.0000E+00  0.0000E+00  ±   0.00     ( 20.0 MeV –  60.0 MeV)

    MINI-SPECTRUM

       ENERGY       FLUX       FLUENCE      STDEV %
     1.0000E-10  3.1306E+06  3.1306E+06  ±  72.47
     5.5000E-07  2.8851E+07  2.8851E+07  ±  62.84
     1.0000E-04  1.4316E+10  1.4316E+10  ±  31.13
     1.1000E-01  8.6846E+10  8.6846E+10  ±  27.52
     5.0000E-01  2.4156E+11  2.4156E+11  ±  17.56
     1.0000E+00  2.0344E+11  2.0344E+11  ±   5.90
     2.0000E+00  7.3996E+10  7.3996E+10  ±  20.26
     5.0000E+00  2.2640E+11  2.2640E+11  ±  13.63
     1.0000E+01  3.3661E+12  3.3661E+12  ±   3.83
     2.0000E+01  0.0000E+00  0.0000E+00  ±   0.00
     6.0000E+01

       TOTAL     4.2127E+12  4.2127E+12  ±   3.26

    RELATIVE COVARIANCES (10×10)
     1000   116   -43   -30     9    50     4    -8     9     0
     1000  -174  -220   -40   633   298   196  -240     0
     1000  -742  -704   696   504   382  -344     0
     1000   514  -475  -166   -19   222     0
     1000  -906  -758  -400   720     0
     1000   710   584  -264     0
     1000   814  -768     0
     1000  -686     0
     1000     0
        0

  SPECTRAL-AVERAGED REACTION RATES (for all cross section library reactions)

        REACTIONS        SIG-PHI      <SIG>          REACTIONS        SIG-PHI      <SIG>          REACTIONS        SIG-PHI      <SIG>  
   ------------------  ----------  ----------   ------------------  ----------  ----------   ------------------  ----------  ----------
   LI6(N,A)T           3.3544E-13  7.9625E-26   FE58(N,G)FE59       5.1000E-15  1.2106E-27   IN115(N,N')IN115M   3.9098E-13  9.2810E-26
   B10(N,A)LI7         5.0823E-13  1.2064E-25   CO59(N,2N)CO58      2.1475E-12  5.0976E-25   IN115(N,2N)IN114M   4.2973E-12  1.0201E-24
   F19(N,2N)F18        1.0962E-13  2.6020E-26   CO59(N,3N)CO57      0.0000E+00  0.0000E+00   IN115(N,G)IN116M    1.0909E-13  2.5894E-26
   NA23(N,2N)NA22      6.2897E-14  1.4930E-26   CO59(N,G)CO60       8.5112E-15  2.0203E-27   I127(N,2N)I126      4.7388E-12  1.1249E-24
   NA23(N,G)NA24       9.5258E-16  2.2612E-28   CO59(N,P)FE59       1.7584E-13  4.1741E-26   LA139(N,G)LA140     9.0103E-15  2.1388E-27
   MG24(N,P)NA24       6.4946E-13  1.5417E-25   CO59(N,A)MN56       1.0359E-13  2.4591E-26   PR141(N,2N)PR140    5.2711E-12  1.2512E-24
   AL27(N,P)MG27       2.7970E-13  6.6395E-26   NI58(N,2N)NI57      6.9690E-14  1.6543E-26   TM169(N,2N)TM168    6.6350E-12  1.5750E-24
   AL27(N,A)NA24       4.1179E-13  9.7748E-26   NI58(N,P)CO58       1.4362E-12  3.4092E-25   TM169(N,3N)TM167    3.3664E-17  7.9909E-30
   SI28(N,P)AL28       9.3943E-13  2.2300E-25   NI60(N,P)CO60       5.0976E-13  1.2100E-25   TA181(N,G)TA182     7.6041E-14  1.8050E-26
   P31(N,P)SI31        3.6192E-13  8.5912E-26   CU63(N,2N)CU62      1.3651E-12  3.2405E-25   W186(N,G)W187       3.6561E-14  8.6788E-27
   S32(N,P)P32         9.6663E-13  2.2946E-25   CU63(N,G)CU64       1.8612E-14  4.4180E-27   AU197(N,2N)AU196    7.0320E-12  1.6692E-24
   TI46(N,2N)TI45      5.6760E-14  1.3474E-26   CU63(N,A)CO60       1.5537E-13  3.6880E-26   AU197(N,G)AU198     7.2019E-14  1.7096E-26
   TI46(N,P)SC46       9.2875E-13  2.2046E-25   CU65(N,2N)CU64      2.7843E-12  6.6094E-25   HG199(N,N')HG199M   8.1938E-13  1.9450E-25
   TI47(N,P)SC47       4.7366E-13  1.1244E-25   ZN64(N,P)CU64       6.7449E-13  1.6011E-25   PB204(N,N')PB204M   3.4089E-13  8.0919E-26
   TI47(N,X)SC46       1.2202E-13  2.8965E-26   ZN67(N,P)CU67       1.1319E-13  2.6868E-26   BI209(N,3N)BI207    9.7040E-16  2.3035E-28
   TI48(N,P)SC48       2.0711E-13  4.9162E-26   AS75(N,2N)AS74      2.9845E-12  7.0846E-25   TH232(N,FISSION)    1.2822E-12  3.0437E-25
   TI48(N,X)SC47       2.1574E-14  5.1211E-27   Y89(N,2N)Y88        2.5469E-12  6.0458E-25   TH232(N,G)TH233     8.9044E-14  2.1137E-26
   TI49(N,X)SC48       1.1916E-14  2.8285E-27   ZR90(N,2N)ZR89      1.8112E-12  4.2994E-25   U235(N,FISSION)     7.9288E-12  1.8821E-24
   V51(N,A)SC48        4.8987E-14  1.1628E-26   NB93(N,G)NB94       2.7577E-14  6.5461E-27   U235(N,G)U236       8.5915E-14  2.0394E-26
   CR52(N,2N)CR51      8.0740E-13  1.9166E-25   NB93(N,N')NB93M     2.4909E-13  5.9127E-26   U238(N,2N)U237      3.6497E-12  8.6636E-25
   MN55(N,2N)MN54      2.1976E-12  5.2166E-25   NB93(N,2N)NB92M     1.5076E-12  3.5786E-25   U238(N,FISSION)     4.0846E-12  9.6959E-25
   MN55(N,G)MN56       4.7224E-15  1.1210E-27   MO92(N,P)NB92M      2.7807E-13  6.6006E-26   U238(N,G)U239       6.8434E-14  1.6245E-26
   FE54(N,2N)FE53      9.4814E-15  2.2507E-27   RH103(N,N')RH103M   1.7466E-12  4.1459E-25   NP237(N,FISSION)    8.4441E-12  2.0044E-24
   FE54(N,P)MN54       1.3205E-12  3.1345E-25   AG109(N,G)AG110M    9.1375E-15  2.1690E-27   PU239(N,FISSION)    9.6040E-12  2.2798E-24
   FE54(N,A)CR51       2.9554E-13  7.0154E-26   IN113(N,N')IN113M   3.3304E-13  7.9055E-26   AM241(N,FISSION)    9.9318E-12  2.3576E-24
   FE56(N,P)MN56       3.8432E-13  9.1228E-26   IN113(N,G)IN114M    1.4835E-13  3.5215E-26   SC45(N,G)SC46       7.0713E-15  1.6785E-27

  INPUT FLUX REL. CORRELATION MATRIX (by row from diagonal)
   1   1000   988   952   895   821   735   642   547   455   369   292   226   170   125    90    64    44    30    20    13
          9     6     4     3     3     2     2     2     2     2     2     2     2     2     2     2     2     2     2     2
          2     2     2     2     2     2     2     2     2     2     2     2     2     2     2     2     2     2     2     2
          2     2     2     3     3     3     4     4     5     5     6     6     6     6     7     7     7     7     8     8
          8     8     9     9     9     9    10    10    10    11    13    18    24    27    27    27    27    27    27    27
         34    37    37    37    37    37    37    37    37    37    37    37    37    37    37    37    37    37    37    37
         37    37    37    37    37    37    37    37    37    37    37    37    37    37    37    37    37    37    37    37

  OUTPUT FLUX REL. CORRELATION MATRIX (by row from diagonal)
   1   1000   988   952   895   821   734   641   546   454   368   290   224   168   122    86    59    38    23    12     4
          0    -4    -7    -9   -10   -11   -12   -13   -14   -14   -15   -15   -16   -16   -17   -17   -18   -19   -19   -20
        -21   -22   -23   -24   -25   -26   -27   -28   -29   -31   -32   -33   -33   -33   -32   -30   -28   -24   -20   -16
        -12    -7    -3     1     5    10    15    22    32    49    66    51    30    18    11     7     3     1     0    -1
         -2    -4    -4    -5    -6    -7    -8    -9   -10   -12   -12    -3     8    11    11    11    11    12    12    13
         18    24    24    24    24    24    24    24    24    24    24    24    24    24    24    24    24    24    24    24
         24    24    24    24    24    24    24    24    24    24    24    24    24    24    24    24    24    24    24    24
   2   1000   988   952   895   821   734   641   546   454   367   290   223   167   121    85    58    37    22    11     3
         -1    -5    -8   -10   -11   -12   -13   -14   -15   -15   -16   -16   -17   -17   -18   -18   -19   -20   -21   -21
        -22   -23   -24   -25   -27   -28   -29   -30   -32   -33   -34   -34   -34   -33   -31   -29   -25   -21   -17   -13
         -8    -4     0     4     9    15    22    32    48    66    50    30    18    11     7     4     1     0    -1    -2
         -3    -4    -5    -6    -7    -8    -9   -10   -12   -12    -3     8    11    11    11    11    11    12    13    18
         24    24    24    24    24    24    24    24    24    24    24    24    24    24    24    24    24    24    24    24
         24    24    24    24    24    24    24    24    24    24    24    24    24    24    24    24    24    24    24
   3   1000   988   952   895   821   734   641   546   453   367   290   223   166   121    84    57    36    21    10     2
         -3    -6    -9   -11   -12   -13   -14   -15   -15   -16   -16   -17   -18   -18   -19   -20   -20   -21   -22   -23
        -24   -25   -26   -27   -29   -30   -31   -33   -34   -35   -35   -35   -34   -32   -30   -26   -22   -18   -13    -9
         -4     0     4     9    14    21    31    47    65    49    29    18    11     6     3     1     0    -1    -3    -4
         -4    -5    -6    -7    -8    -9   -10   -12   -12    -3     8    11    11    11    11    12    12    13    19    24
         24    24    24    24    24    24    24    24    24    24    24    24    24    24    24    24    24    24    24    24
         24    24    24    24    24    24    24    24    24    24    24    24    24    24    24    24    24    24
   4   1000   988   952   895   821   734   641   546   453   367   289   222   166   120    83    56    35    19     8     1
         -4    -7   -10   -12   -13   -14   -15   -16   -16   -17   -17   -18   -19   -19   -20   -21   -22   -22   -23   -24
        -25   -27   -28   -29   -31   -32   -33   -35   -35   -36   -36   -35   -33   -30   -27   -23   -18   -14    -9    -5
          0     3     8    14    21    30    46    63    48    28    17    10     6     3     1     0    -2    -3    -4    -5
         -6    -6    -7    -8    -9   -11   -12   -12    -2     9    12    11    11    12    12    12    13    19    25    25
         25    25    25    25    25    25    25    25    25    25    25    25    25    25    25    25    25    25    25    25
         25    25    25    25    25    25    25    25    25    25    25    25    25    25    25    25    25
   5   1000   988   952   895   821   734   641   545   453   366   289   221   165   119    82    54    34    18     7     0
         -5    -8   -11   -13   -14   -15   -16   -16   -17   -18   -18   -19   -20   -20   -21   -22   -23   -24   -25   -26
        -27   -28   -30   -31   -33   -34   -35   -36   -37   -37   -36   -34   -31   -28   -24   -19   -15   -10    -5    -1
          3     8    13    20    30    46    63    48    28    17    10     6     3     1     0    -2    -3    -4    -5    -6
         -6    -7    -8    -9   -11   -12   -12    -2     9    12    12    12    12    12    12    13    19    25    25    25
         25    25    25    25    25    25    25    25    25    25    25    25    25    25    25    25    25    25    25    25
         25    25    25    25    25    25    25    25    25    25    25    25    25    25    25    25
   6   1000   988   952   895   821   734   641   545   452   366   288   220   164   118    81    53    32    17     6     0
         -6    -9   -12   -13   -15   -16   -16   -17   -18   -18   -19   -20   -21   -21   -22   -23   -24   -25   -27   -28
        -29   -31   -32   -34   -35   -36   -37   -38   -38   -37   -35   -32   -29   -25   -20   -15   -11    -6    -1     2
          7    13    20    30    46    63    49    29    18    11     7     4     1     0    -1    -2    -3    -4    -5    -6
         -7    -8    -9   -10   -12   -12    -2     8    11    11    11    11    12    12    13    18    24    24    24    24
         24    24    24    24    24    24    24    24    24    24    24    24    24    24    24    24    24    24    24    24
         24    24    24    24    24    24    24    24    24    24    24    24    24    24    24
   7   1000   988   952   895   821   734   640   545   452   365   287   219   163   116    80    52    31    16     5    -1
         -7   -10   -12   -14   -15   -16   -17   -18   -19   -20   -20   -21   -22   -23   -24   -25   -26   -27   -29   -30
        -32   -33   -35   -36   -38   -39   -39   -39   -38   -36   -34   -30   -26   -21   -17   -12    -7    -2     2     7
         13    20    30    47    67    52    32    20    13     8     5     3     1     0    -1    -2    -3    -4    -5    -6
         -7    -8    -9   -11   -12    -3     7    10    10    10    10    10    11    12    17    24    24    24    24    24
         24    24    24    24    24    24    24    24    24    24    24    24    24    24    24    24    24    24    24    24
         24    24    24    24    24    24    24    24    24    24    24    24    24    24
   8   1000   988   952   895   820   734   640   544   451   364   286   218   161   115    79    51    30    15     4    -2
         -7   -11   -13   -15   -16   -17   -18   -19   -20   -21   -22   -23   -24   -25   -26   -27   -29   -30   -32   -33
        -35   -37   -38   -40   -41   -41   -41   -40   -39   -36   -32   -28   -23   -18   -13    -8    -3     1     6    12
         20    32    51    73    59    37    24    17    12     8     6     4     2     1     0    -1    -2    -3    -3    -5
         -6    -8   -10   -11    -4     5     8     8     7     8     8     9     9    15    22    22    22    22    22    22
         22    22    22    22    22    22    22    22    22    22    22    22    22    22    22    22    22    22    22    22
         22    22    22    22    22    22    22    22    22    22    22    22    22
   9   1000   988   952   895   820   733   640   544   450   363   285   217   160   114    78    50    29    14     4    -3
         -8   -12   -14   -16   -17   -18   -19   -20   -21   -23   -24   -25   -26   -27   -29   -30   -32   -34   -35   -37
        -39   -41   -42   -43   -44   -44   -44   -42   -39   -35   -31   -26   -21   -16   -11    -5     0     5    12    21
         34    56    84    70    46    31    23    17    14    11     8     6     5     4     3     1     0     0    -1    -2
         -4    -7   -10    -6     1     4     3     3     4     4     5     5    12    19    19    19    19    19    19    19
         19    19    19    19    19    19    19    19    19    19    19    19    19    19    19    19    19    19    19    19
         19    19    19    19    19    19    19    19    19    19    19    19
  10   1000   988   952   894   820   733   639   543   449   362   284   216   159   113    77    49    29    14     3    -4
         -9   -12   -15   -17   -18   -20   -21   -22   -23   -25   -26   -28   -29   -31   -33   -35   -36   -38   -40   -42
        -44   -46   -47   -48   -49   -48   -46   -44   -40   -35   -30   -25   -19   -14    -8    -2     4    12    22    38
         65   100    86    59    42    32    26    21    18    15    13    12    10     9     8     6     5     4     2     0
         -3    -8    -9    -4    -2    -2    -2    -2    -1     0     0     6    14    14    14    14    14    14    14    14
         14    14    14    14    14    14    14    14    14    14    14    14    14    14    14    14    14    14    14    14
         14    14    14    14    14    14    14    14    14    14    14
  11   1000   988   952   894   820   733   638   542   448   361   283   215   158   113    76    49    28    13     2    -4
         -9   -13   -16   -18   -20   -21   -23   -25   -26   -28   -30   -32   -34   -36   -38   -40   -42   -45   -47   -49
        -51   -53   -54   -54   -54   -52   -50   -46   -41   -36   -30   -24   -18   -12    -5     2    11    23    42    76
        121   109    76    57    45    38    32    28    25    23    21    19    18    16    15    13    12     9     6     1
         -5   -14   -12   -11   -11   -11   -11   -10    -9    -8    -1     7     7     7     7     7     7     7     7     7
          7     7     7     7     7     7     7     7     7     7     7     7     7     7     7     7     7     7     7     7
          7     7     7     7     7     7     7     7     7     7
  12   1000   988   952   894   819   732   638   541   448   360   282   215   158   112    76    48    28    13     2    -5
        -10   -14   -17   -20   -22   -24   -26   -28   -30   -32   -35   -37   -40   -42   -45   -47   -50   -53   -55   -57
        -59   -61   -61   -61   -60   -57   -53   -49   -43   -37   -30   -24   -17    -9     0    10    25    48    90   149
        138   100    76    62    53    47    42    38    35    33    31    29    27    26    24    22    19    15     8    -2
        -19   -23   -22   -23   -23   -22   -21   -20   -19   -11    -1    -1    -1    -1    -1    -1    -1    -1    -1    -1
         -1    -1    -1    -1    -1    -1    -1    -1    -1    -1    -1    -1    -1    -1    -1    -1    -1    -1    -1    -1
         -1    -1    -1    -1    -1    -1    -1    -1    -1
  13   1000   988   951   894   819   732   637   541   447   360   282   214   158   112    76    48    27    12     1    -6
        -11   -16   -19   -22   -25   -27   -30   -33   -36   -38   -41   -44   -47   -51   -54   -57   -60   -63   -65   -68
        -69   -70   -70   -69   -67   -63   -58   -52   -45   -38   -31   -23   -14    -4     9    27    56   108   184   175
        129   100    83    72    64    59    54    51    48    46    43    41    39    37    35    31    26    18     1   -26
        -37   -37   -38   -37   -37   -35   -34   -32   -25   -12   -12   -12   -12   -12   -12   -12   -12   -12   -12   -12
        -12   -12   -12   -12   -12   -12   -12   -12   -12   -12   -12   -12   -12   -12   -12   -12   -12   -12   -12   -12
        -12   -12   -12   -12   -12   -12   -12   -12
  14   1000   988   951   894   819   731   637   540   447   360   281   214   158   112    76    48    27    12     0    -7
        -13   -18   -22   -26   -29   -33   -36   -39   -43   -46   -50   -54   -57   -61   -65   -68   -72   -75   -77   -80
        -81   -82   -81   -78   -74   -69   -63   -56   -48   -39   -30   -20    -8     7    29    65   130   226   219   164
        129   109    95    86    79    74    70    66    63    61    58    56    53    50    46    39    28     7   -35   -53
        -54   -55   -55   -54   -53   -51   -49   -41   -26   -26   -26   -26   -26   -26   -26   -26   -26   -26   -26   -26
        -26   -26   -26   -26   -26   -26   -26   -26   -26   -26   -26   -26   -26   -26   -26   -26   -26   -26   -26   -26
        -26   -26   -26   -26   -26   -26   -26
  15   1000   988   951   894   819   731   637   540   447   360   282   214   158   112    76    48    26    10     0    -9
        -16   -22   -27   -31   -35   -39   -44   -48   -52   -57   -61   -65   -70   -74   -78   -82   -86   -89   -92   -94
        -94   -94   -92   -88   -82   -75   -67   -59   -49   -39   -27   -13     5    31    75   155   274   269   204   163
        138   122   111   103    96    91    87    84    81    78    75    72    68    63    55    41    13   -45   -72   -75
        -76   -76   -75   -73   -70   -68   -59   -42   -42   -42   -42   -42   -42   -42   -42   -42   -42   -42   -42   -42
        -42   -42   -42   -42   -42   -42   -42   -42   -42   -42   -42   -42   -42   -42   -42   -42   -42   -42   -42   -42
        -42   -42   -42   -42   -42   -42
  16   1000   988   951   893   818   731   636   540   447   360   282   214   158   112    75    47    25     9    -3   -13
        -20   -27   -33   -38   -43   -48   -54   -59   -64   -69   -75   -80   -85   -89   -94   -98  -102  -105  -108  -109
       -109  -107  -103   -97   -90   -81   -71   -60   -49   -35   -18     2    34    86   182   328   327   250   201   172
        152   139   129   122   116   111   107   104   100    97    93    89    82    72    56    20   -56   -94   -98   -99
        -99   -98   -95   -93   -89   -80   -60   -60   -60   -60   -60   -60   -60   -60   -60   -60   -60   -60   -60   -60
        -60   -60   -60   -60   -60   -60   -60   -60   -60   -60   -60   -60   -60   -60   -60   -60   -60   -60   -60   -60
        -60   -60   -60   -60   -60
  17   1000   988   951   893   818   731   637   540   447   360   282   215   158   112    74    45    23     6    -7   -17
        -26   -34   -41   -47   -54   -60   -66   -72   -79   -85   -91   -96  -102  -107  -112  -117  -121  -124  -125  -126
       -124  -120  -114  -106   -96   -85   -73   -60   -44   -25     0    37    99   213   388   390   300   243   208   186
        170   159   150   143   138   133   129   125   121   116   111   103    92    72    28   -68  -118  -123  -125  -125
       -123  -120  -117  -113  -103   -81   -81   -81   -81   -81   -81   -81   -81   -81   -81   -81   -81   -81   -81   -81
        -81   -81   -81   -81   -81   -81   -81   -81   -81   -81   -81   -81   -81   -81   -81   -81   -81   -81   -81   -81
        -81   -81   -81   -81
  18   1000   988   951   893   818   731   637   541   448   361   283   215   158   111    73    43    20     1   -12   -24
        -34   -43   -51   -59   -66   -74   -81   -89   -96  -103  -109  -116  -122  -127  -133  -137  -141  -143  -144  -142
       -138  -131  -123  -112  -100   -86   -71   -54   -32    -2    40   112   245   452   457   354   287   247   221   203
        190   180   172   166   160   156   151   147   141   135   126   113    89    36   -81  -143  -151  -153  -152  -150
       -147  -143  -139  -128  -102  -102  -102  -102  -102  -102  -102  -102  -102  -102  -102  -102  -102  -102  -102  -102
       -102  -102  -102  -102  -102  -102  -102  -102  -102  -102  -102  -102  -102  -102  -102  -102  -102  -102  -102  -102
       -102  -102  -102
  19   1000   988   951   894   819   731   637   541   448   361   283   215   157   109    70    39    15    -4   -20   -33
        -44   -55   -64   -73   -82   -91   -99  -107  -115  -123  -130  -137  -143  -149  -155  -159  -162  -163  -161  -157
       -150  -141  -129  -116  -101   -84   -64   -39    -6    43   125   279   518   527   410   334   288   259   238   223
        211   202   195   189   184   179   173   168   160   150   134   107    45   -94  -170  -179  -182  -181  -179  -175
       -171  -166  -154  -125  -125  -125  -125  -125  -125  -125  -125  -125  -125  -125  -125  -125  -125  -125  -125  -125
       -125  -125  -125  -125  -125  -125  -125  -125  -125  -125  -125  -125  -125  -125  -125  -125  -125  -125  -125  -125
       -125  -125
  20   1000   988   951   894   819   732   638   542   449   361   282   214   155   106    66    34     8   -12   -29   -44
        -57   -69   -80   -90  -100  -110  -119  -128  -137  -145  -153  -160  -167  -173  -178  -181  -182  -181  -177  -170
       -159  -147  -132  -116   -97   -75   -47    -9    46   139   313   585   598   467   381   330   297   273   256   243
        233   225   218   212   206   201   194   186   174   156   125    54  -108  -197  -208  -211  -210  -207  -203  -199
       -193  -180  -148  -148  -148  -148  -148  -148  -148  -148  -148  -148  -148  -148  -148  -148  -148  -148  -148  -148
       -148  -148  -148  -148  -148  -148  -148  -148  -148  -148  -148  -148  -148  -148  -148  -148  -148  -148  -148  -148
       -148
  21   1000   988   951   894   819   732   638   542   449   361   281   212   152   102    61    27     0   -22   -42   -58
        -72   -86   -98  -110  -121  -131  -141  -151  -160  -169  -177  -184  -191  -197  -201  -203  -202  -197  -189  -179
       -165  -149  -131  -110   -86   -55   -13    48   152   346   652   669   523   429   371   334   309   290   275   264
        255   247   241   234   228   221   211   199   178   143    63  -121  -224  -237  -240  -239  -236  -232  -226  -220
       -206  -170  -170  -170  -170  -170  -170  -170  -170  -170  -170  -170  -170  -170  -170  -170  -170  -170  -170  -170
       -170  -170  -170  -170  -170  -170  -170  -170  -170  -170  -170  -170  -170  -170  -170  -170  -170  -170  -170  -170
  22   1000   988   951   894   819   733   639   542   448   360   279   208   147    96    53    17   -11   -35   -56   -74
        -90  -105  -119  -131  -143  -154  -165  -175  -185  -194  -202  -210  -216  -221  -223  -222  -217  -209  -197  -183
       -165  -146  -123   -97   -63   -17    50   165   379   716   737   578   474   412   371   343   322   306   294   284
        276   268   261   254   246   236   222   200   161    71  -135  -249  -265  -268  -267  -264  -259  -253  -246  -232
       -192  -192  -192  -192  -192  -192  -192  -192  -192  -192  -192  -192  -192  -192  -192  -192  -192  -192  -192  -192
       -192  -192  -192  -192  -192  -192  -192  -192  -192  -192  -192  -192  -192  -192  -192  -192  -192  -192  -192
  23   1000   988   952   894   820   733   638   542   447   358   276   204   141    88    43     6   -25   -51   -74   -93
       -111  -127  -141  -155  -167  -179  -190  -201  -211  -220  -228  -235  -240  -243  -242  -237  -229  -216  -200  -181
       -160  -136  -108   -71   -21    52   176   409   776   801   629   517   449   405   375   352   335   322   311   302
        294   287   279   270   259   244   220   178    80  -147  -274  -291  -295  -294  -290  -285  -278  -271  -255  -213
       -213  -213  -213  -213  -213  -213  -213  -213  -213  -213  -213  -213  -213  -213  -213  -213  -213  -213  -213  -213
       -213  -213  -213  -213  -213  -213  -213  -213  -213  -213  -213  -213  -213  -213  -213  -213  -213  -213
  24   1000   988   952   894   820   733   638   541   445   354   272   198   133    78    31    -8   -41   -69   -93  -115
       -133  -150  -165  -180  -193  -205  -216  -227  -237  -246  -254  -259  -262  -261  -257  -247  -234  -217  -197  -175
       -149  -118   -79   -26    53   186   435   831   860   677   557   484   437   404   381   362   348   337   327   318
        310   302   293   281   265   239   193    88  -158  -296  -315  -319  -318  -314  -309  -302  -293  -278  -233  -233
       -233  -233  -233  -233  -233  -233  -233  -233  -233  -233  -233  -233  -233  -233  -233  -233  -233  -233  -233  -233
       -233  -233  -233  -233  -233  -233  -233  -233  -233  -233  -233  -233  -233  -233  -233  -233  -233
  25   1000   988   952   894   820   732   637   539   442   350   265   189   123    65    16   -24   -60   -90  -115  -138
       -158  -175  -191  -206  -219  -231  -243  -254  -264  -272  -278  -281  -281  -276  -266  -252  -234  -213  -189  -161
       -129   -87   -31    53   194   458   879   912   719   592   516   466   431   406   387   372   359   349   340   332
        323   313   301   283   256   207    95  -168  -317  -337  -341  -340  -336  -330  -323  -314  -297  -250  -250  -250
       -250  -250  -250  -250  -250  -250  -250  -250  -250  -250  -250  -250  -250  -250  -250  -250  -250  -250  -250  -250
       -250  -250  -250  -250  -250  -250  -250  -250  -250  -250  -250  -250  -250  -250  -250  -250
  26   1000   988   952   894   819   731   635   536   438   344   257   179   110    50     0   -44   -81  -112  -139  -163
       -183  -202  -218  -233  -246  -259  -271  -281  -290  -297  -300  -300  -294  -284  -269  -250  -227  -202  -174  -139
        -95   -36    51   199   477   919   956   755   623   543   491   455   428   408   392   379   368   359   350   341
        331   318   300   271   220   101  -176  -334  -356  -361  -359  -355  -349  -341  -332  -315  -265  -265  -265  -265
       -265  -265  -265  -265  -265  -265  -265  -265  -265  -265  -265  -265  -265  -265  -265  -265  -265  -265  -265  -265
       -265  -265  -265  -265  -265  -265  -265  -265  -265  -265  -265  -265  -265  -265  -265
  27   1000   988   951   894   818   730   633   532   432   336   247   167    95    33   -20   -65  -104  -137  -165  -190
       -211  -230  -246  -261  -275  -288  -299  -308  -315  -319  -318  -313  -302  -286  -266  -242  -215  -185  -149  -104
        -42    49   203   491   952   993   786   649   566   512   474   447   426   409   396   385   375   366   356   346
        332   313   283   230   107  -183  -349  -372  -377  -375  -371  -364  -356  -347  -329  -278  -278  -278  -278  -278
       -278  -278  -278  -278  -278  -278  -278  -278  -278  -278  -278  -278  -278  -278  -278  -278  -278  -278  -278  -278
       -278  -278  -278  -278  -278  -278  -278  -278  -278  -278  -278  -278  -278  -278
  28   1000   988   951   893   817   728   629   527   425   327   235   152    78    13   -42   -89  -130  -164  -194  -218
       -240  -259  -276  -291  -305  -317  -327  -334  -338  -337  -331  -320  -303  -282  -257  -229  -197  -160  -113   -49
         45   203   501   976  1022   810   670   585   529   490   462   440   424   410   398   388   379   369   358   344
        325   294   239   112  -188  -360  -385  -390  -388  -384  -377  -369  -359  -341  -288  -288  -288  -288  -288  -288
       -288  -288  -288  -288  -288  -288  -288  -288  -288  -288  -288  -288  -288  -288  -288  -288  -288  -288  -288  -288
       -288  -288  -288  -288  -288  -288  -288  -288  -288  -288  -288  -288  -288
  29   1000   988   951   893   816   725   625   520   416   315   221   135    58    -9   -67  -116  -158  -194  -224  -249
       -271  -290  -307  -322  -336  -346  -354  -358  -357  -351  -338  -320  -298  -272  -243  -210  -171  -122   -57    39
        201   505   991  1042   828   686   599   542   503   474   452   435   421   409   399   389   379   368   354   334
        302   247   116  -192  -369  -394  -399  -398  -394  -387  -378  -368  -350  -296  -296  -296  -296  -296  -296  -296
       -296  -296  -296  -296  -296  -296  -296  -296  -296  -296  -296  -296  -296  -296  -296  -296  -296  -296  -296  -296
       -296  -296  -296  -296  -296  -296  -296  -296  -296  -296  -296  -296
  30   1000   987   951   891   814   721   619   513   405   302   204   115    35   -34   -94  -146  -189  -225  -256  -282
       -305  -324  -341  -355  -367  -376  -380  -378  -371  -358  -339  -315  -287  -257  -223  -183  -133   -66    32   196
        504   998  1054   840   697   609   552   512   483   460   443   429   417   406   396   386   375   361   341   309
        252   120  -193  -374  -401  -406  -405  -400  -394  -385  -375  -357  -302  -302  -302  -302  -302  -302  -302  -302
       -302  -302  -302  -302  -302  -302  -302  -302  -302  -302  -302  -302  -302  -302  -302  -302  -302  -302  -302  -302
       -302  -302  -302  -302  -302  -302  -302  -302  -302  -302  -302
  31   1000   987   950   890   811   717   613   503   393   285   185    92     9   -63  -125  -178  -223  -260  -292  -318
       -341  -360  -377  -390  -399  -403  -401  -393  -379  -359  -334  -304  -272  -237  -196  -145   -77    22   187   497
        997  1058   846   703   615   558   518   488   466   448   434   422   411   401   391   380   366   345   313   256
        123  -194  -377  -404  -410  -409  -404  -398  -389  -379  -361  -306  -306  -306  -306  -306  -306  -306  -306  -306
       -306  -306  -306  -306  -306  -306  -306  -306  -306  -306  -306  -306  -306  -306  -306  -306  -306  -306  -306  -306
       -306  -306  -306  -306  -306  -306  -306  -306  -306  -306
  32   1000   987   949   888   808   711   604   492   378   267   162    66   -19   -94  -159  -214  -260  -299  -331  -358
       -381  -399  -414  -424  -429  -427  -418  -402  -380  -354  -323  -289  -253  -210  -158   -89    10   176   486   987
       1055   846   705   618   561   521   491   469   451   437   425   414   404   394   383   368   348   316   259   126
       -192  -378  -405  -411  -410  -406  -399  -391  -380  -363  -308  -308  -308  -308  -308  -308  -308  -308  -308  -308
       -308  -308  -308  -308  -308  -308  -308  -308  -308  -308  -308  -308  -308  -308  -308  -308  -308  -308  -308  -308
       -308  -308  -308  -308  -308  -308  -308  -308  -308
  33   1000   987   948   886   804   705   595   478   360   245   136    36   -52  -130  -197  -254  -302  -341  -374  -402
       -424  -441  -452  -457  -455  -445  -428  -404  -376  -343  -308  -270  -226  -173  -104    -3   160   468   970  1045
        842   703   617   561   521   491   469   451   437   425   415   405   395   383   369   349   318   261   128  -189
       -376  -404  -410  -409  -405  -399  -390  -380  -362  -308  -308  -308  -308  -308  -308  -308  -308  -308  -308  -308
       -308  -308  -308  -308  -308  -308  -308  -308  -308  -308  -308  -308  -308  -308  -308  -308  -308  -308  -308  -308
       -308  -308  -308  -308  -308  -308  -308  -308
  34   1000   987   947   884   799   697   583   462   340   220   107     3   -89  -170  -240  -299  -348  -389  -422  -449
       -469  -482  -488  -486  -475  -456  -431  -401  -366  -329  -289  -244  -190  -121   -21   141   446   944  1028   832
        697   613   558   518   489   467   450   436   424   413   403   394   382   369   349   318   262   131  -184  -371
       -400  -407  -406  -402  -396  -387  -377  -360  -306  -306  -306  -306  -306  -306  -306  -306  -306  -306  -306  -306
       -306  -306  -306  -306  -306  -306  -306  -306  -306  -306  -306  -306  -306  -306  -306  -306  -306  -306  -306  -306
       -306  -306  -306  -306  -306  -306  -306
  35   1000   986   946   881   793   688   569   444   316   192    74   -34  -130  -215  -287  -348  -399  -441  -473  -498
       -514  -522  -520  -508  -488  -461  -428  -392  -353  -311  -264  -210  -140   -41   119   418   911  1004   818   688
        606   552   514   485   464   446   432   420   410   401   391   380   366   347   316   262   133  -178  -365  -394
       -401  -401  -397  -391  -383  -373  -356  -303  -303  -303  -303  -303  -303  -303  -303  -303  -303  -303  -303  -303
       -303  -303  -303  -303  -303  -303  -303  -303  -303  -303  -303  -303  -303  -303  -303  -303  -303  -303  -303  -303
       -303  -303  -303  -303  -303  -303
  36   1000   986   945   877   786   677   554   423   290   159    36   -76  -177  -265  -341  -404  -456  -497  -527  -548
       -558  -557  -545  -523  -494  -459  -420  -378  -335  -287  -231  -161   -63    93   385   870   974   800   675   597
        544   507   479   458   441   427   415   405   396   386   376   362   344   314   261   135  -171  -356  -386  -393
       -393  -390  -384  -376  -366  -350  -298  -298  -298  -298  -298  -298  -298  -298  -298  -298  -298  -298  -298  -298
       -298  -298  -298  -298  -298  -298  -298  -298  -298  -298  -298  -298  -298  -298  -298  -298  -298  -298  -298  -298
       -298  -298  -298  -298  -298
  37   1000   986   943   872   778   664   535   399   259   123    -5  -123  -229  -321  -399  -464  -516  -555  -581  -595
       -595  -583  -561  -529  -492  -450  -407  -361  -312  -255  -185   -89    63   347   823   938   778   660   585   534
        498   471   450   434   420   409   399   390   381   370   357   339   311   259   137  -162  -346  -376  -384  -384
       -381  -375  -368  -359  -343  -292  -292  -292  -292  -292  -292  -292  -292  -292  -292  -292  -292  -292  -292  -292
       -292  -292  -292  -292  -292  -292  -292  -292  -292  -292  -292  -292  -292  -292  -292  -292  -292  -292  -292  -292
       -292  -292  -292  -292
  38   1000   985   941   867   769   649   515   371   225    82   -52  -176  -287  -383  -463  -528  -578  -613  -632  -635
       -624  -601  -567  -527  -483  -437  -390  -338  -281  -212  -117    30   304   769   897   752   642   571   522   488
        462   441   425   412   401   391   382   374   364   351   334   307   257   139  -153  -334  -365  -373  -373  -371
       -365  -358  -349  -334  -285  -285  -285  -285  -285  -285  -285  -285  -285  -285  -285  -285  -285  -285  -285  -285
       -285  -285  -285  -285  -285  -285  -285  -285  -285  -285  -285  -285  -285  -285  -285  -285  -285  -285  -285  -285
       -285  -285  -285
  39   1000   985   938   861   758   633   491   341   187    37  -104  -234  -350  -449  -531  -595  -640  -666  -675  -666
       -642  -607  -565  -519  -470  -420  -367  -309  -240  -148    -5   258   710   852   723   621   555   509   476   451
        431   416   403   392   383   374   366   356   344   328   302   254   141  -142  -320  -352  -360  -361  -359  -354
       -347  -339  -324  -276  -276  -276  -276  -276  -276  -276  -276  -276  -276  -276  -276  -276  -276  -276  -276  -276
       -276  -276  -276  -276  -276  -276  -276  -276  -276  -276  -276  -276  -276  -276  -276  -276  -276  -276  -276  -276
       -276  -276
  40   1000   984   935   855   746   614   466   307   145   -12  -162  -298  -418  -519  -599  -659  -696  -711  -706  -684
       -649  -605  -556  -505  -453  -398  -339  -271  -181   -44   207   646   803   692   599   538   495   463   439   420
        405   393   383   373   365   357   348   337   321   297   252   143  -130  -306  -338  -347  -348  -346  -342  -335
       -327  -314  -268  -268  -268  -268  -268  -268  -268  -268  -268  -268  -268  -268  -268  -268  -268  -268  -268  -268
       -268  -268  -268  -268  -268  -268  -268  -268  -268  -268  -268  -268  -268  -268  -268  -268  -268  -268  -268  -268
       -268
  41   1000   983   932   847   733   594   437   269    99   -67  -224  -365  -488  -589  -666  -717  -742  -743  -724  -690
       -645  -594  -541  -487  -431  -371  -303  -215   -84   155   580   752   660   577   520   480   450   427   409   395
        383   373   364   356   348   340   329   315   291   249   145  -118  -290  -324  -333  -335  -333  -329  -323  -315
       -303  -259  -259  -259  -259  -259  -259  -259  -259  -259  -259  -259  -259  -259  -259  -259  -259  -259  -259  -259
       -259  -259  -259  -259  -259  -259  -259  -259  -259  -259  -259  -259  -259  -259  -259  -259  -259  -259  -259  -259
  42   1000   982   928   839   718   571   406   229    49  -126  -289  -435  -559  -656  -724  -763  -774  -760  -728  -684
       -633  -578  -522  -465  -404  -336  -251  -126   101   513   701   628   554   503   465   437   416   398   384   373
        363   355   347   340   332   322   308   286   246   148  -105  -276  -309  -319  -321  -320  -317  -311  -304  -292
       -250  -250  -250  -250  -250  -250  -250  -250  -250  -250  -250  -250  -250  -250  -250  -250  -250  -250  -250  -250
       -250  -250  -250  -250  -250  -250  -250  -250  -250  -250  -250  -250  -250  -250  -250  -250  -250  -250  -250
  43   1000   981   924   830   702   547   371   184    -4  -187  -356  -504  -625  -715  -771  -794  -790  -763  -721  -670
       -615  -557  -499  -438  -370  -287  -167    49   447   652   598   534   487   452   426   405   389   375   364   355
        347   339   332   325   316   303   282   244   151   -93  -261  -296  -306  -309  -308  -305  -300  -293  -282  -242
       -242  -242  -242  -242  -242  -242  -242  -242  -242  -242  -242  -242  -242  -242  -242  -242  -242  -242  -242  -242
       -242  -242  -242  -242  -242  -242  -242  -242  -242  -242  -242  -242  -242  -242  -242  -242  -242  -242
  44   1000   980   920   820   685   520   335   138   -60  -250  -422  -569  -682  -760  -801  -809  -790  -753  -705  -650
       -592  -533  -471  -404  -324  -209    -2   386   608   571   516   474   442   417   397   381   368   357   348   341
        333   327   320   311   299   280   244   155   -82  -249  -285  -295  -299  -298  -296  -291  -285  -274  -235  -235
       -235  -235  -235  -235  -235  -235  -235  -235  -235  -235  -235  -235  -235  -235  -235  -235  -235  -235  -235  -235
       -235  -235  -235  -235  -235  -235  -235  -235  -235  -235  -235  -235  -235  -235  -235  -235  -235
  45   1000   979   915   809   666   492   296    89  -116  -311  -483  -623  -726  -788  -813  -807  -778  -734  -681  -624
       -565  -504  -437  -359  -248   -50   331   570   550   503   464   435   411   392   377   364   353   344   337   330
        323   317   308   297   279   245   159   -72  -239  -276  -287  -291  -291  -289  -284  -278  -268  -230  -230  -230
       -230  -230  -230  -230  -230  -230  -230  -230  -230  -230  -230  -230  -230  -230  -230  -230  -230  -230  -230  -230
       -230  -230  -230  -230  -230  -230  -230  -230  -230  -230  -230  -230  -230  -230  -230  -230
  46   1000   978   910   798   646   462   256    40  -171  -367  -534  -664  -751  -797  -808  -791  -755  -707  -653  -595
       -534  -469  -392  -285   -93   283   539   534   494   459   431   409   390   375   363   352   343   336   329   323
        316   309   298   281   248   165   -64  -232  -270  -281  -286  -286  -284  -280  -274  -265  -228  -228  -228  -228
       -228  -228  -228  -228  -228  -228  -228  -228  -228  -228  -228  -228  -228  -228  -228  -228  -228  -228  -228  -228
       -228  -228  -228  -228  -228  -228  -228  -228  -228  -228  -228  -228  -228  -228  -228
  47   1000   976   904   786   625   432   217    -5  -220  -413  -571  -686  -758  -789  -788  -764  -724  -675  -620  -562
       -498  -422  -318  -131   244   517   525   490   458   432   410   392   377   365   354   346   338   332   325   319
        311   301   284   252   171   -57  -227  -267  -279  -284  -285  -283  -279  -274  -265  -228  -228  -228  -228  -228
       -228  -228  -228  -228  -228  -228  -228  -228  -228  -228  -228  -228  -228  -228  -228  -228  -228  -228  -228  -228
       -228  -228  -228  -228  -228  -228  -228  -228  -228  -228  -228  -228  -228  -228
  48   1000   975   899   773   604   402   179   -46  -260  -445  -590  -689  -746  -766  -757  -729  -688  -639  -583  -522
       -449  -347  -163   212   501   520   491   461   435   414   397   382   369   359   350   343   336   330   324   317
        307   290   259   178   -51  -226  -267  -280  -285  -286  -285  -281  -275  -267  -230  -230  -230  -230  -230  -230
       -230  -230  -230  -230  -230  -230  -230  -230  -230  -230  -230  -230  -230  -230  -230  -230  -230  -230  -230  -230
       -230  -230  -230  -230  -230  -230  -230  -230  -230  -230  -230  -230  -230
  49   1000   973   893   761   583   373   146   -79  -286  -459  -589  -674  -718  -730  -717  -688  -647  -597  -539  -470
       -371  -190   186   490   519   494   465   441   420   403   388   376   365   356   349   342   336   330   323   313
        297   266   185   -47  -226  -269  -282  -288  -289  -288  -284  -279  -270  -234  -234  -234  -234  -234  -234  -234
       -234  -234  -234  -234  -234  -234  -234  -234  -234  -234  -234  -234  -234  -234  -234  -234  -234  -234  -234  -234
       -234  -234  -234  -234  -234  -234  -234  -234  -234  -234  -234  -234
  50   1000   972   887   748   564   349   121  -100  -296  -455  -569  -641  -677  -684  -670  -640  -599  -548  -483  -389
       -213   163   478   516   495   469   446   425   408   393   381   371   362   355   348   342   336   329   319   304
        273   192   -42  -225  -270  -284  -290  -292  -291  -287  -282  -273  -237  -237  -237  -237  -237  -237  -237  -237
       -237  -237  -237  -237  -237  -237  -237  -237  -237  -237  -237  -237  -237  -237  -237  -237  -237  -237  -237  -237
       -237  -237  -237  -237  -237  -237  -237  -237  -237  -237  -237
  51   1000   970   882   737   549   331   106  -105  -287  -431  -532  -594  -625  -630  -615  -586  -545  -488  -400  -232
        137   461   508   491   468   446   426   410   395   383   373   365   357   351   345   339   332   323   308   278
        198   -36  -222  -268  -283  -290  -292  -290  -287  -282  -274  -237  -237  -237  -237  -237  -237  -237  -237  -237
       -237  -237  -237  -237  -237  -237  -237  -237  -237  -237  -237  -237  -237  -237  -237  -237  -237  -237  -237  -237
       -237  -237  -237  -237  -237  -237  -237  -237  -237  -237
  52   1000   969   877   729   538   323   106   -92  -259  -388  -478  -535  -562  -567  -554  -525  -480  -404  -250   104
        430   487   477   457   437   419   404   390   379   369   361   354   348   342   337   331   322   307   279   202
        -27  -213  -261  -276  -283  -285  -285  -281  -276  -269  -234  -234  -234  -234  -234  -234  -234  -234  -234  -234
       -234  -234  -234  -234  -234  -234  -234  -234  -234  -234  -234  -234  -234  -234  -234  -234  -234  -234  -234  -234
       -234  -234  -234  -234  -234  -234  -234  -234  -234
  53   1000   968   873   723   535   327   123   -60  -212  -329  -411  -464  -491  -497  -486  -456  -397  -265    58   378
        447   445   431   415   399   386   374   364   355   347   341   335   330   326   320   313   300   274   203   -14
       -196  -244  -259  -267  -270  -269  -267  -262  -255  -222  -222  -222  -222  -222  -222  -222  -222  -222  -222  -222
       -222  -222  -222  -222  -222  -222  -222  -222  -222  -222  -222  -222  -222  -222  -222  -222  -222  -222  -222  -222
       -222  -222  -222  -222  -222  -222  -222  -222
  54   1000   967   872   724   541   346   157   -10  -148  -256  -334  -385  -413  -422  -413  -377  -278    -3   300   381
        391   384   374   362   352   342   334   326   320   314   310   306   302   298   292   282   261   200     4  -166
       -214  -230  -238  -241  -241  -239  -236  -230  -201  -201  -201  -201  -201  -201  -201  -201  -201  -201  -201  -201
       -201  -201  -201  -201  -201  -201  -201  -201  -201  -201  -201  -201  -201  -201  -201  -201  -201  -201  -201  -201
       -201  -201  -201  -201  -201  -201  -201
  55   1000   967   873   730   559   378   206    54   -72  -172  -247  -299  -332  -347  -340  -285   -82   191   287   311
        314   311   305   298   292   286   281   276   272   269   267   264   262   259   253   238   193    31  -122  -168
       -184  -193  -197  -198  -197  -195  -191  -167  -167  -167  -167  -167  -167  -167  -167  -167  -167  -167  -167  -167
       -167  -167  -167  -167  -167  -167  -167  -167  -167  -167  -167  -167  -167  -167  -167  -167  -167  -167  -167  -167
       -167  -167  -167  -167  -167  -167
  56   1000   968   878   745   587   424   269   130    12   -83  -158  -215  -257  -285  -284  -173    54   163   203   219
        224   225   224   222   220   217   215   213   212   211   211   211   211   210   204   180    65   -63  -106  -122
       -131  -136  -139  -140  -139  -137  -121  -121  -121  -121  -121  -121  -121  -121  -121  -121  -121  -121  -121  -121
       -121  -121  -121  -121  -121  -121  -121  -121  -121  -121  -121  -121  -121  -121  -121  -121  -121  -121  -121  -121
       -121  -121  -121  -121  -121
  57   1000   970   886   765   624   478   338   210    99     5   -74  -144  -209  -270  -269  -105    15    71   100   117
        126   131   134   136   137   137   138   139   141   143   146   150   156   161   161   106     9   -30   -45   -55
        -61   -65   -67   -68   -70   -63   -63   -63   -63   -63   -63   -63   -63   -63   -63   -63   -63   -63   -63   -63
        -63   -63   -63   -63   -63   -63   -63   -63   -63   -63   -63   -63   -63   -63   -63   -63   -63   -63   -63   -63
        -63   -63   -63   -63
  58   1000   972   897   790   665   535   407   288   180    81   -12  -113  -239  -360  -274  -148   -76   -33    -6    11
         23    32    38    43    47    51    55    59    64    71    79    92   110   139   151    91    57    42    32    24
         19    15    11     7     3     3     3     3     3     3     3     3     3     3     3     3     3     3     3     3
          3     3     3     3     3     3     3     3     3     3     3     3     3     3     3     3     3     3     3     3
          3     3     3
  59   1000   975   909   815   705   587   470   356   245   130    -2  -188  -433  -439  -316  -231  -176  -139  -112   -93
        -78   -66   -57   -49   -42   -35   -28   -20   -10     3    23    54   114   199   179   150   136   125   117   109
        103    98    90    74    74    74    74    74    74    74    74    74    74    74    74    74    74    74    74    74
         74    74    74    74    74    74    74    74    74    74    74    74    74    74    74    74    74    74    74    74
         74    74
  60   1000   978   921   838   740   632   521   404   277   119  -119  -482  -587  -476  -383  -319  -272  -237  -211  -190
       -173  -159  -148  -137  -127  -117  -106   -92   -73   -45    -1    89   246   268   244   231   219   209   200   192
        184   173   146   146   146   146   146   146   146   146   146   146   146   146   146   146   146   146   146   146
        146   146   146   146   146   146   146   146   146   146   146   146   146   146   146   146   146   146   146   146
        146
  61   1000   981   931   857   767   665   552   420   246   -32  -499  -708  -619  -524  -453  -399  -357  -324  -298  -276
       -258  -243  -229  -216  -203  -188  -170  -147  -111   -54    65   292   352   333   321   309   298   287   277   267
        252   214   214   214   214   214   214   214   214   214   214   214   214   214   214   214   214   214   214   214
        214   214   214   214   214   214   214   214   214   214   214   214   214   214   214   214   214   214   214   214
  62   1000   983   938   871   785   682   553   373    67  -485  -797  -738  -647  -574  -515  -469  -430  -399  -373  -350
       -331  -314  -298  -282  -264  -242  -214  -172  -103    45   335   431   416   404   391   379   367   355   343   325
        276   276   276   276   276   276   276   276   276   276   276   276   276   276   276   276   276   276   276   276
        276   276   276   276   276   276   276   276   276   276   276   276   276   276   276   276   276   276   276
  63   1000   985   944   879   792   674   498   180  -437  -851  -832  -752  -680  -621  -571  -529  -493  -463  -437  -414
       -394  -375  -356  -335  -310  -277  -228  -147    26   377   505   494   483   469   456   442   429   415   394   336
        336   336   336   336   336   336   336   336   336   336   336   336   336   336   336   336   336   336   336   336
        336   336   336   336   336   336   336   336   336   336   336   336   336   336   336   336   336   336
  64   1000   986   947   880   780   618   303  -358  -869  -898  -837  -772  -713  -663  -619  -580  -547  -517  -492  -468
       -446  -424  -400  -372  -335  -280  -189     9   416   576   569   557   542   528   513   498   482   460   395   395
        395   395   395   395   395   395   395   395   395   395   395   395   395   395   395   395   395   395   395   395
        395   395   395   395   395   395   395   395   395   395   395   395   395   395   395   395   395
  65   1000   987   945   868   727   429  -254  -854  -938  -899  -845  -791  -742  -697  -657  -621  -589  -560  -534  -509
       -484  -457  -426  -384  -323  -222    -1   456   641   636   624   608   592   576   559   542   519   448   448   448
        448   448   448   448   448   448   448   448   448   448   448   448   448   448   448   448   448   448   448   448
        448   448   448   448   448   448   448   448   448   448   448   448   448   448   448   448
  66   1000   986   936   824   555  -126  -806  -949  -940  -900  -855  -809  -765  -725  -687  -653  -621  -592  -564  -537
       -507  -471  -426  -358  -248    -6   498   704   699   685   668   651   633   615   596   573   496   496   496   496
        496   496   496   496   496   496   496   496   496   496   496   496   496   496   496   496   496   496   496   496
        496   496   496   496   496   496   496   496   496   496   496   496   496   496   496
  67   1000   982   906   681    23  -724  -931  -956  -936  -902  -862  -822  -782  -744  -708  -674  -642  -612  -580  -547
       -508  -457  -384  -263     0   546   766   759   743   724   705   685   666   645   621   540   540   540   540   540
        540   540   540   540   540   540   540   540   540   540   540   540   540   540   540   540   540   540   540   540
        540   540   540   540   540   540   540   540   540   540   540   540   540   540
  68   1000   970   805   203  -598  -875  -941  -946  -927  -898  -864  -827  -790  -753  -717  -683  -648  -614  -576  -532
       -476  -395  -263    21   607   833   819   799   777   755   733   711   689   665   581   581   581   581   581   581
        581   581   581   581   581   581   581   581   581   581   581   581   581   581   581   581   581   581   581   581
        581   581   581   581   581   581   581   581   581   581   581   581   581
  69   1000   925   431  -394  -750  -868  -908  -913  -900  -876  -846  -812  -776  -740  -702  -665  -626  -584  -534  -471
       -381  -236    72   692   908   881   853   825   798   773   749   725   704   620   620   620   620   620   620   620
        620   620   620   620   620   620   620   620   620   620   620   620   620   620   620   620   620   620   620   620
        620   620   620   620   620   620   620   620   620   620   620   620
  70   1000   741   -20  -455  -643  -732  -775  -791  -788  -773  -749  -719  -684  -647  -608  -565  -518  -463  -392  -293
       -139   187   804   967   911   868   831   798   769   742   717   703   631   631   631   631   631   631   631   631
        631   631   631   631   631   631   631   631   631   631   631   631   631   631   631   631   631   631   631   631
        631   631   631   631   631   631   631   631   631   631   631
  71   1000   654   252    18  -123  -215  -273  -308  -324  -325  -316  -298  -273  -243  -208  -167  -118   -55    29   155
        406   796   768   660   597   549   512   483   460   440   444   422   422   422   422   422   422   422   422   422
        422   422   422   422   422   422   422   422   422   422   422   422   422   422   422   422   422   422   422   422
        422   422   422   422   422   422   422   422   422   422
  72   1000   896   763   656   572   505   454   415   387   369   359   356   359   366   377   392   411   433   456   478
        369   108   -11   -66  -101  -124  -138  -145  -147  -126   -77   -77   -77   -77   -77   -77   -77   -77   -77   -77
        -77   -77   -77   -77   -77   -77   -77   -77   -77   -77   -77   -77   -77   -77   -77   -77   -77   -77   -77   -77
        -77   -77   -77   -77   -77   -77   -77   -77   -77
  73   1000   970   920   869   822   779   741   709   682   660   643   629   619   610   602   592   573   533   421    53
       -285  -386  -425  -446  -456  -458  -455  -447  -420  -343  -343  -343  -343  -343  -343  -343  -343  -343  -343  -343
       -343  -343  -343  -343  -343  -343  -343  -343  -343  -343  -343  -343  -343  -343  -343  -343  -343  -343  -343  -343
       -343  -343  -343  -343  -343  -343  -343  -343
  74   1000   987   961   931   899   867   837   809   784   762   742   724   706   687   662   625   555   384   -94  -461
       -550  -581  -594  -597  -594  -586  -573  -545  -457  -457  -457  -457  -457  -457  -457  -457  -457  -457  -457  -457
       -457  -457  -457  -457  -457  -457  -457  -457  -457  -457  -457  -457  -457  -457  -457  -457  -457  -457  -457  -457
       -457  -457  -457  -457  -457  -457  -457
  75   1000   993   976   954   929   904   878   853   829   807   784   762   736   704   656   571   367  -172  -554  -638
       -664  -673  -673  -667  -656  -641  -612  -518  -518  -518  -518  -518  -518  -518  -518  -518  -518  -518  -518  -518
       -518  -518  -518  -518  -518  -518  -518  -518  -518  -518  -518  -518  -518  -518  -518  -518  -518  -518  -518  -518
       -518  -518  -518  -518  -518  -518
  76   1000   995   982   965   945   922   899   876   852   828   803   774   737   682   587   363  -215  -611  -693  -716
       -723  -721  -713  -701  -684  -655  -557  -557  -557  -557  -557  -557  -557  -557  -557  -557  -557  -557  -557  -557
       -557  -557  -557  -557  -557  -557  -557  -557  -557  -557  -557  -557  -557  -557  -557  -557  -557  -557  -557  -557
       -557  -557  -557  -557  -557
  77   1000   996   986   971   953   933   911   888   864   837   806   766   707   605   367  -240  -648  -730  -753  -759
       -755  -746  -733  -715  -685  -584  -584  -584  -584  -584  -584  -584  -584  -584  -584  -584  -584  -584  -584  -584
       -584  -584  -584  -584  -584  -584  -584  -584  -584  -584  -584  -584  -584  -584  -584  -584  -584  -584  -584  -584
       -584  -584  -584  -584
  78   1000   997   988   975   958   939   918   894   867   836   794   732   625   377  -252  -673  -757  -780  -786  -782
       -772  -757  -739  -708  -605  -605  -605  -605  -605  -605  -605  -605  -605  -605  -605  -605  -605  -605  -605  -605
       -605  -605  -605  -605  -605  -605  -605  -605  -605  -605  -605  -605  -605  -605  -605  -605  -605  -605  -605  -605
       -605  -605  -605
  79   1000   997   989   977   961   943   921   895   863   821   758   648   393  -255  -690  -777  -801  -807  -803  -792
       -778  -759  -727  -622  -622  -622  -622  -622  -622  -622  -622  -622  -622  -622  -622  -622  -622  -622  -622  -622
       -622  -622  -622  -622  -622  -622  -622  -622  -622  -622  -622  -622  -622  -622  -622  -622  -622  -622  -622  -622
       -622  -622
  80   1000   997   990   978   963   944   920   889   848   785   673   414  -249  -700  -791  -817  -824  -820  -809  -794
       -775  -743  -635  -635  -635  -635  -635  -635  -635  -635  -635  -635  -635  -635  -635  -635  -635  -635  -635  -635
       -635  -635  -635  -635  -635  -635  -635  -635  -635  -635  -635  -635  -635  -635  -635  -635  -635  -635  -635  -635
       -635
  81   1000   998   990   979   963   942   914   874   812   701   440  -236  -703  -801  -829  -837  -834  -824  -808  -789
       -757  -648  -648  -648  -648  -648  -648  -648  -648  -648  -648  -648  -648  -648  -648  -648  -648  -648  -648  -648
       -648  -648  -648  -648  -648  -648  -648  -648  -648  -648  -648  -648  -648  -648  -648  -648  -648  -648  -648  -648
  82   1000   998   991   979   961   936   899   839   730   470  -216  -701  -807  -838  -847  -845  -835  -820  -801  -769
       -659  -659  -659  -659  -659  -659  -659  -659  -659  -659  -659  -659  -659  -659  -659  -659  -659  -659  -659  -659
       -659  -659  -659  -659  -659  -659  -659  -659  -659  -659  -659  -659  -659  -659  -659  -659  -659  -659  -659
  83   1000   998   990   977   956   923   867   762   505  -188  -694  -808  -842  -854  -853  -845  -830  -811  -779  -668
       -668  -668  -668  -668  -668  -668  -668  -668  -668  -668  -668  -668  -668  -668  -668  -668  -668  -668  -668  -668
       -668  -668  -668  -668  -668  -668  -668  -668  -668  -668  -668  -668  -668  -668  -668  -668  -668  -668
  84   1000   997   989   973   945   894   795   544  -153  -679  -804  -843  -857  -859  -851  -838  -819  -788  -677  -677
       -677  -677  -677  -677  -677  -677  -677  -677  -677  -677  -677  -677  -677  -677  -677  -677  -677  -677  -677  -677
       -677  -677  -677  -677  -677  -677  -677  -677  -677  -677  -677  -677  -677  -677  -677  -677  -677
  85   1000   997   987   965   921   829   588  -109  -658  -794  -838  -857  -861  -855  -843  -825  -796  -685  -685  -685
       -685  -685  -685  -685  -685  -685  -685  -685  -685  -685  -685  -685  -685  -685  -685  -685  -685  -685  -685  -685
       -685  -685  -685  -685  -685  -685  -685  -685  -685  -685  -685  -685  -685  -685  -685  -685
  86   1000   996   982   947   866   639   -54  -627  -777  -827  -850  -858  -855  -845  -829  -801  -692  -692  -692  -692
       -692  -692  -692  -692  -692  -692  -692  -692  -692  -692  -692  -692  -692  -692  -692  -692  -692  -692  -692  -692
       -692  -692  -692  -692  -692  -692  -692  -692  -692  -692  -692  -692  -692  -692  -692
  87   1000   994   970   904   697    15  -583  -750  -807  -836  -847  -848  -841  -827  -804  -697  -697  -697  -697  -697
       -697  -697  -697  -697  -697  -697  -697  -697  -697  -697  -697  -697  -697  -697  -697  -697  -697  -697  -697  -697
       -697  -697  -697  -697  -697  -697  -697  -697  -697  -697  -697  -697  -697  -697
  88   1000   990   943   765   106  -519  -706  -771  -806  -824  -830  -826  -816  -799  -699  -699  -699  -699  -699  -699
       -699  -699  -699  -699  -699  -699  -699  -699  -699  -699  -699  -699  -699  -699  -699  -699  -699  -699  -699  -699
       -699  -699  -699  -699  -699  -699  -699  -699  -699  -699  -699  -699  -699
  89   1000   980   845   230  -422  -632  -706  -751  -776  -788  -791  -786  -781  -694  -694  -694  -694  -694  -694  -694
       -694  -694  -694  -694  -694  -694  -694  -694  -694  -694  -694  -694  -694  -694  -694  -694  -694  -694  -694  -694
       -694  -694  -694  -694  -694  -694  -694  -694  -694  -694  -694  -694
  90   1000   934   406  -261  -498  -583  -638  -674  -696  -708  -711  -726  -665  -665  -665  -665  -665  -665  -665  -665
       -665  -665  -665  -665  -665  -665  -665  -665  -665  -665  -665  -665  -665  -665  -665  -665  -665  -665  -665  -665
       -665  -665  -665  -665  -665  -665  -665  -665  -665  -665  -665
  91   1000   701    83  -176  -274  -343  -394  -431  -458  -475  -516  -500  -500  -500  -500  -500  -500  -500  -500  -500
       -500  -500  -500  -500  -500  -500  -500  -500  -500  -500  -500  -500  -500  -500  -500  -500  -500  -500  -500  -500
       -500  -500  -500  -500  -500  -500  -500  -500  -500  -500
  92   1000   767   575   487   416   358   310   269   234   190   143   143   143   143   143   143   143   143   143   143
        143   143   143   143   143   143   143   143   143   143   143   143   143   143   143   143   143   143   143   143
        143   143   143   143   143   143   143   143   143
  93   1000   965   930   893   858   825   794   764   748   677   677   677   677   677   677   677   677   677   677   677
        677   677   677   677   677   677   677   677   677   677   677   677   677   677   677   677   677   677   677   677
        677   677   677   677   677   677   677   677
  94   1000   992   976   956   935   913   888   879   796   796   796   796   796   796   796   796   796   796   796   796
        796   796   796   796   796   796   796   796   796   796   796   796   796   796   796   796   796   796   796   796
        796   796   796   796   796   796   796
  95   1000   995   985   970   952   930   908   798   798   798   798   798   798   798   798   798   798   798   798   798
        798   798   798   798   798   798   798   798   798   798   798   798   798   798   798   798   798   798   798   798
        798   798   798   798   798   798
  96   1000   997   988   975   957   926   798   798   798   798   798   798   798   798   798   798   798   798   798   798
        798   798   798   798   798   798   798   798   798   798   798   798   798   798   798   798   798   798   798   798
        798   798   798   798   798
  97   1000   997   989   975   941   797   797   797   797   797   797   797   797   797   797   797   797   797   797   797
        797   797   797   797   797   797   797   797   797   797   797   797   797   797   797   797   797   797   797   797
        797   797   797   797
  98   1000   997   989   952   798   798   798   798   798   798   798   798   798   798   798   798   798   798   798   798
        798   798   798   798   798   798   798   798   798   798   798   798   798   798   798   798   798   798   798   798
        798   798   798
  99   1000   997   962   799   799   799   799   799   799   799   799   799   799   799   799   799   799   799   799   799
        799   799   799   799   799   799   799   799   799   799   799   799   799   799   799   799   799   799   799   799
        799   799
 100   1000   968   800   800   800   800   800   800   800   800   800   800   800   800   800   800   800   800   800   800
        800   800   800   800   800   800   800   800   800   800   800   800   800   800   800   800   800   800   800   800
        800
 101   1000   922   922   922   922   922   922   922   922   922   922   922   922   922   922   922   922   922   922   922
        922   922   922   922   922   922   922   922   922   922   922   922   922   922   922   922   922   922   922   922
 102   1000  1000  1000  1000  1000  1000  1000  1000  1000  1000  1000  1000  1000  1000  1000  1000  1000  1000  1000  1000
       1000  1000  1000  1000  1000  1000  1000  1000  1000  1000  1000  1000  1000  1000  1000  1000  1000  1000  1000
 103   1000  1000  1000  1000  1000  1000  1000  1000  1000  1000  1000  1000  1000  1000  1000  1000  1000  1000  1000  1000
       1000  1000  1000  1000  1000  1000  1000  1000  1000  1000  1000  1000  1000  1000  1000  1000  1000  1000
 104   1000  1000  1000  1000  1000  1000  1000  1000  1000  1000  1000  1000  1000  1000  1000  1000  1000  1000  1000  1000
       1000  1000  1000  1000  1000  1000  1000  1000  1000  1000  1000  1000  1000  1000  1000  1000  1000
 105   1000  1000  1000  1000  1000  1000  1000  1000  1000  1000  1000  1000  1000  1000  1000  1000  1000  1000  1000  1000
       1000  1000  1000  1000  1000  1000  1000  1000  1000  1000  1000  1000  1000  1000  1000  1000
 106   1000  1000  1000  1000  1000  1000  1000  1000  1000  1000  1000  1000  1000  1000  1000  1000  1000  1000  1000  1000
       1000  1000  1000  1000  1000  1000  1000  1000  1000  1000  1000  1000  1000  1000  1000
 107   1000  1000  1000  1000  1000  1000  1000  1000  1000  1000  1000  1000  1000  1000  1000  1000  1000  1000  1000  1000
       1000  1000  1000  1000  1000  1000  1000  1000  1000  1000  1000  1000  1000  1000
 108   1000  1000  1000  1000  1000  1000  1000  1000  1000  1000  1000  1000  1000  1000  1000  1000  1000  1000  1000  1000
       1000  1000  1000  1000  1000  1000  1000  1000  1000  1000  1000  1000  1000
 109   1000  1000  1000  1000  1000  1000  1000  1000  1000  1000  1000  1000  1000  1000  1000  1000  1000  1000  1000  1000
       1000  1000  1000  1000  1000  1000  1000  1000  1000  1000  1000  1000
 110   1000  1000  1000  1000  1000  1000  1000  1000  1000  1000  1000  1000  1000  1000  1000  1000  1000  1000  1000  1000
       1000  1000  1000  1000  1000  1000  1000  1000  1000  1000  1000
 111   1000  1000  1000  1000  1000  1000  1000  1000  1000  1000  1000  1000  1000  1000  1000  1000  1000  1000  1000  1000
       1000  1000  1000  1000  1000  1000  1000  1000  1000  1000
 112   1000  1000  1000  1000  1000  1000  1000  1000  1000  1000  1000  1000  1000  1000  1000  1000  1000  1000  1000  1000
       1000  1000  1000  1000  1000  1000  1000  1000  1000
 113   1000  1000  1000  1000  1000  1000  1000  1000  1000  1000  1000  1000  1000  1000  1000  1000  1000  1000  1000  1000
       1000  1000  1000  1000  1000  1000  1000  1000
 114   1000  1000  1000  1000  1000  1000  1000  1000  1000  1000  1000  1000  1000  1000  1000  1000  1000  1000  1000  1000
       1000  1000  1000  1000  1000  1000  1000
 115   1000  1000  1000  1000  1000  1000  1000  1000  1000  1000  1000  1000  1000  1000  1000  1000  1000  1000  1000  1000
       1000  1000  1000  1000  1000  1000
 116   1000  1000  1000  1000  1000  1000  1000  1000  1000  1000  1000  1000  1000  1000  1000  1000  1000  1000  1000  1000
       1000  1000  1000  1000  1000
 117   1000  1000  1000  1000  1000  1000  1000  1000  1000  1000  1000  1000  1000  1000  1000  1000  1000  1000  1000  1000
       1000  1000  1000  1000
 118   1000  1000  1000  1000  1000  1000  1000  1000  1000  1000  1000  1000  1000  1000  1000  1000  1000  1000  1000  1000
       1000  1000  1000
 119   1000  1000  1000  1000  1000  1000  1000  1000  1000  1000  1000  1000  1000  1000  1000  1000  1000  1000  1000  1000
       1000  1000
 120   1000  1000  1000  1000  1000  1000  1000  1000  1000  1000  1000  1000  1000  1000  1000  1000  1000  1000  1000  1000
       1000
 121   1000  1000  1000  1000  1000  1000  1000  1000  1000  1000  1000  1000  1000  1000  1000  1000  1000  1000  1000  1000
 122   1000  1000  1000  1000  1000  1000  1000  1000  1000  1000  1000  1000  1000  1000  1000  1000  1000  1000  1000
 123   1000  1000  1000  1000  1000  1000  1000  1000  1000  1000  1000  1000  1000  1000  1000  1000  1000  1000
 124   1000  1000  1000  1000  1000  1000  1000  1000  1000  1000  1000  1000  1000  1000  1000  1000  1000
 125   1000  1000  1000  1000  1000  1000  1000  1000  1000  1000  1000  1000  1000  1000  1000  1000
 126   1000  1000  1000  1000  1000  1000  1000  1000  1000  1000  1000  1000  1000  1000  1000
 127   1000  1000  1000  1000  1000  1000  1000  1000  1000  1000  1000  1000  1000  1000
 128   1000  1000  1000  1000  1000  1000  1000  1000  1000  1000  1000  1000  1000
 129   1000  1000  1000  1000  1000  1000  1000  1000  1000  1000  1000  1000
 130   1000  1000  1000  1000  1000  1000  1000  1000  1000  1000  1000
 131   1000  1000  1000  1000  1000  1000  1000  1000  1000  1000
 132   1000  1000  1000  1000  1000  1000  1000  1000  1000
 133   1000  1000  1000  1000  1000  1000  1000  1000
 134   1000  1000  1000  1000  1000  1000  1000
 135   1000  1000  1000  1000  1000  1000
 136   1000  1000  1000  1000  1000
 137   1000  1000  1000  1000
 138   1000  1000  1000
 139   1000  1000
 140   1000

 Finished!
