NIF_RUN Passive 18x snout on TANDM 90-348 Pinhole
  140    6    1    0    1
   0.00500   9.00000   0.03000   0.00100
   0.0000000   0   0 1.00000000E+00   1.0000000
ZR902    5.587E-15 0.015       0.00       0.00        (    )
IN115N   1.817E-15 0.012       0.00       0.00        (    )
AU197G   3.975E-14 0.016       0.00 AUNG  3.94 IFX    (ISTP)
IN115G   1.329E-14 0.016       0.00 INNG 39.37 IFX    (ISTP)
AU1972   1.991E-14 0.012       0.00       0.00        (    )
AL27A    1.015E-15 0.079       0.00       0.00        (    )
Flux Uncertainty
 140
 0.0000E+00 0.0000E+00 0.0000E+00 0.0000E+00 0.0000E+00 0.0000E+00 0.0000E+00
 0.0000E+00 0.0000E+00 0.0000E+00 0.0000E+00 0.0000E+00 0.0000E+00 0.0000E+00
 8.4430E-01 7.7330E-01 6.8460E-01 5.8140E-01 4.7010E-01 3.6000E-01 2.5970E-01
 1.7610E-01 1.1230E-01 6.7900E-02 4.0400E-02 2.6300E-02 2.0900E-02 1.9500E-02
 1.9100E-02 1.9100E-02 1.9400E-02 2.0300E-02 2.2500E-02 2.6600E-02 3.2700E-02
 3.9400E-02 4.6000E-02 5.1800E-02 5.7400E-02 6.4500E-02 7.5200E-02 9.1400E-02
 1.1430E-01 1.4450E-01 1.8120E-01 2.2320E-01 2.6910E-01 3.1730E-01 3.6670E-01
 4.1590E-01 4.6470E-01 5.1220E-01 5.5860E-01 6.0310E-01 6.4590E-01 6.8620E-01
 7.2330E-01 7.5660E-01 7.8440E-01 8.0490E-01 8.1620E-01 8.1490E-01 7.9890E-01
 7.6460E-01 7.1020E-01 6.3540E-01 5.4270E-01 4.3860E-01 3.3160E-01 2.3200E-01
 1.4830E-01 8.5300E-02 4.4500E-02 2.3800E-02 1.7700E-02 1.6600E-02 1.6100E-02
 1.6000E-02 1.5900E-02 1.6200E-02 1.7300E-02 2.5400E-02 5.0200E-02 9.2200E-02
 1.4450E-01 1.9380E-01 2.2380E-01 2.2360E-01 1.9190E-01 1.3920E-01 8.0900E-02
 3.0900E-02 1.0600E-02 1.0400E-02 1.0400E-02 0.0000E+00 0.0000E+00 0.0000E+00
 0.0000E+00 0.0000E+00 0.0000E+00 0.0000E+00 0.0000E+00 0.0000E+00 0.0000E+00
 0.0000E+00 0.0000E+00 0.0000E+00 0.0000E+00 0.0000E+00 0.0000E+00 0.0000E+00
 0.0000E+00 0.0000E+00 0.0000E+00 0.0000E+00 0.0000E+00 0.0000E+00 0.0000E+00
 0.0000E+00 0.0000E+00 0.0000E+00 0.0000E+00 0.0000E+00 0.0000E+00 0.0000E+00
 0.0000E+00 0.0000E+00 0.0000E+00 0.0000E+00 0.0000E+00 0.0000E+00 0.0000E+00
 0.0000E+00 0.0000E+00 0.0000E+00 0.0000E+00 0.0000E+00 0.0000E+00 0.0000E+00
Input Flux Spectrum
 140   1 1.000E+00 2.000E+01 5.000E-08
 0.0000E+00 0.0000E+00 0.0000E+00 0.0000E+00 0.0000E+00 0.0000E+00 0.0000E+00
 0.0000E+00 0.0000E+00 0.0000E+00 0.0000E+00 0.0000E+00 0.0000E+00 0.0000E+00
 1.1781E+04 2.4832E+04 2.7417E+05 4.7756E+05 2.1325E+06 3.0645E+06 9.6513E+06
 3.2129E+07 7.2131E+07 1.0143E+08 1.2816E+08 1.9404E+08 2.5677E+08 3.3124E+08
 3.1640E+08 3.8504E+08 4.4372E+08 3.3960E+08 4.3180E+08 3.2353E+08 2.8514E+08
 3.5368E+08 2.3845E+08 2.7728E+08 1.7626E+08 2.0334E+08 1.6060E+08 1.6274E+08
 1.2494E+08 1.2064E+08 1.3812E+08 1.0109E+08 9.7064E+07 1.1544E+08 1.0298E+08
 1.3335E+08 1.1282E+08 1.1181E+08 1.0120E+08 1.0865E+08 1.0176E+08 1.0711E+08
 9.5665E+07 7.3170E+07 8.6560E+07 7.1832E+07 7.3240E+07 5.6135E+07 4.0650E+07
 3.3325E+07 3.6984E+07 3.3999E+07 3.1613E+07 3.0495E+07 4.0662E+07 3.6992E+07
 9.8436E+07 1.0277E+08 1.6872E+08 2.4672E+08 2.7434E+08 4.4013E+08 7.1646E+08
 3.5820E+08 4.2140E+08 4.0588E+08 2.9608E+08 1.6614E+08 9.2970E+07 1.6398E+07
 8.0505E+06 7.8393E+06 6.1776E+06 6.9978E+06 9.3808E+06 1.7927E+07 2.8427E+07
 5.3439E+07 1.2121E+08 3.5264E+09 5.6502E+09 0.0000E+00 0.0000E+00 0.0000E+00
 0.0000E+00 0.0000E+00 0.0000E+00 0.0000E+00 0.0000E+00 0.0000E+00 0.0000E+00
 0.0000E+00 0.0000E+00 0.0000E+00 0.0000E+00 0.0000E+00 0.0000E+00 0.0000E+00
 0.0000E+00 0.0000E+00 0.0000E+00 0.0000E+00 0.0000E+00 0.0000E+00 0.0000E+00
 0.0000E+00 0.0000E+00 0.0000E+00 0.0000E+00 0.0000E+00 0.0000E+00 0.0000E+00
 0.0000E+00 0.0000E+00 0.0000E+00 0.0000E+00 0.0000E+00 0.0000E+00 0.0000E+00
 0.0000E+00 0.0000E+00 0.0000E+00 0.0000E+00 0.0000E+00 0.0000E+00 0.0000E+00
   10   13   28   11    8    5    8    7   10   40



                         ==============================
                               STAYSL PNNL OUTPUT
                         ==============================

 STAYSL PNNL, version 1.2.0, 2015-08-05


 SCENARIO TITLE: NIF_RUN Passive 18x snout on TANDM 90-348 Pinhole
 -------------------------------------------------------------------------------
  NGROUP =   140    NRXN =     6    ACTIVITY NORM = 1.00000E+00

  COVARIANCE PARAMETERS (FCHN, FCVX, ACVX, FS)
    FLUXES:      WIDTH =  9.0000E+00   LONG RANGE COVAR. =  3.0000E-02
            ACTIVITIES =  5.0000E-03   X-SECT CROSS COR. =  1.0000E-03

    DETERM =   5.6443 × 10^   1.00      ERROR =  -3.1769E-16

  INPUT NORMALIZATION DATA
    AK1   =     0.00000     VAK        =     0.00090
    NORML =           0     RENORM     = 1.00041E+00
    CHI²  =     1.75341     NORM. CHI² =     0.35068

  DOSIMETRY ACTIVITIES
     ———— INPUTS —————  -UNADJUSTED FLUX-  — ADJUSTED FLUX —    CHI²  90% ACTIVITIES RANGE
 RXN  MEASURED     ±%   ACTIVITY    %DIFF  ACTIVITY    %DIFF  CONTRIB --LOW E-- --HIGH E--   REACTION          CVR
  1  5.587E-15    1.50  5.598E-15    0.20  5.596E-15    0.16    0.012  1.30E+01  1.40E+01  ZR90(N,2N)ZR89          
  2  1.817E-15    1.20  1.818E-15    0.04  1.817E-15    0.00    0.000  1.60E+00  1.40E+01  IN115(N,N')IN115M       
  3  3.975E-14    1.60  3.976E-14    0.02  3.974E-14   -0.02    0.000  1.00E-04  4.50E-03  AU197(N,G)AU198         
  4  1.329E-14    1.60  1.330E-14    0.06  1.329E-14    0.02    0.000  1.00E-04  5.25E-02  IN115(N,G)IN116M        
  5  1.991E-14    1.20  1.982E-14   -0.47  1.981E-14   -0.51    0.111  1.30E+01  1.40E+01  AU197(N,2N)AU196        
  6  1.015E-15    7.90  1.118E-15   10.10  1.117E-15   10.05    1.630  1.30E+01  1.40E+01  AL27(N,A)NA24           

             % STD. DEV.  =          4.52               4.50

                              CHECK INPUT, IT IS RATHER UNLIKELY !
                                   *** BEWARE OF OUTPUT ! ***


  DIFFERENTIAL FLUXES (input is normalized by a factor of 1.0004E+00)
                  —————— DIFFERENTIAL FLUX —————   ———— STD. DEV. % ————   INTEGRAL
 GRP    ENERGY        NEW         OLD      RATIO    NEW     OLD    RATIO   FLUX > E     ± %
  15  2.8000E-06  8.1240E+09  8.1281E+09   0.999   83.68   84.45   0.991  2.0787E+10    3.97
  16  4.2500E-06  1.2112E+10  1.2118E+10   0.999   76.32   77.35   0.987  2.0787E+10    3.97
  17  6.3000E-06  9.4529E+10  9.4580E+10   0.999   67.18   68.49   0.981  2.0787E+10    3.97
  18  9.2000E-06  1.1105E+11  1.1111E+11   0.999   56.64   58.19   0.973  2.0787E+10    3.97
  19  1.3500E-05  2.8430E+11  2.8445E+11   0.999   45.37   47.08   0.964  2.0786E+10    3.97
  20  2.1000E-05  3.4047E+11  3.4064E+11   0.999   34.36   36.11   0.952  2.0784E+10    3.97
  21  3.0000E-05  6.4337E+11  6.4368E+11   1.000   24.47   26.13   0.936  2.0781E+10    3.97
  22  4.5000E-05  1.3387E+12  1.3393E+12   1.000   16.35   17.86   0.916  2.0771E+10    3.98
  23  6.9000E-05  2.3268E+12  2.3278E+12   1.000   10.27   11.62   0.884  2.0739E+10    3.98
  24  1.0000E-04  2.8980E+12  2.8992E+12   1.000    6.15    7.42   0.828  2.0667E+10    4.00
  25  1.3500E-04  3.6618E+12  3.6632E+12   1.000    3.68    5.03   0.732  2.0566E+10    4.02
  26  1.7000E-04  3.8810E+12  3.8824E+12   1.000    2.50    3.99   0.627  2.0438E+10    4.05
  27  2.2000E-04  4.2797E+12  4.2812E+12   1.000    2.08    3.66   0.569  2.0243E+10    4.09
  28  2.8000E-04  4.1407E+12  4.1422E+12   1.000    1.97    3.58   0.551  1.9987E+10    4.14
  29  3.6000E-04  3.5157E+12  3.5170E+12   1.000    1.94    3.56   0.545  1.9655E+10    4.21
  30  4.5000E-04  3.0804E+12  3.0816E+12   1.000    1.94    3.56   0.546  1.9339E+10    4.28
  31  5.7500E-04  2.3986E+12  2.3995E+12   1.000    1.97    3.57   0.550  1.8954E+10    4.37
  32  7.6000E-04  1.6981E+12  1.6987E+12   1.000    2.04    3.62   0.562  1.8510E+10    4.48
  33  9.6000E-04  1.3708E+12  1.3714E+12   1.000    2.21    3.75   0.589  1.8171E+10    4.56
  34  1.2750E-03  9.9551E+11  9.9588E+11   1.000    2.53    4.01   0.632  1.7739E+10    4.67
  35  1.6000E-03  7.1286E+11  7.1314E+11   1.000    3.05    4.44   0.686  1.7415E+10    4.76
  36  2.0000E-03  5.0526E+11  5.0546E+11   1.000    3.63    4.95   0.734  1.7130E+10    4.84
  37  2.7000E-03  3.4064E+11  3.4078E+11   1.000    4.23    5.49   0.771  1.6776E+10    4.94
  38  3.4000E-03  2.5207E+11  2.5218E+11   1.000    4.78    5.98   0.798  1.6538E+10    5.01
  39  4.5000E-03  1.7626E+11  1.7633E+11   1.000    5.31    6.47   0.820  1.6261E+10    5.09
  40  5.5000E-03  1.1961E+11  1.1966E+11   1.000    5.98    7.11   0.841  1.6084E+10    5.14
  41  7.2000E-03  8.0296E+10  8.0333E+10   1.000    6.99    8.09   0.863  1.5881E+10    5.19
  42  9.2000E-03  5.8117E+10  5.8145E+10   1.000    8.51    9.62   0.885  1.5721E+10    5.23
  43  1.2000E-02  4.1642E+10  4.1664E+10   0.999   10.66   11.81   0.903  1.5558E+10    5.27
  44  1.5000E-02  3.0155E+10  3.0172E+10   0.999   13.51   14.75   0.916  1.5433E+10    5.29
  45  1.9000E-02  2.1244E+10  2.1258E+10   0.999   16.98   18.36   0.925  1.5312E+10    5.30
  46  2.5500E-02  1.5548E+10  1.5559E+10   0.999   20.96   22.51   0.931  1.5174E+10    5.30
  47  3.2000E-02  1.2129E+10  1.2138E+10   0.999   25.33   27.06   0.936  1.5073E+10    5.28
  48  4.0000E-02  9.2311E+09  9.2390E+09   0.999   29.94   31.86   0.940  1.4976E+10    5.24
  49  5.2500E-02  7.6243E+09  7.6313E+09   0.999   34.68   36.78   0.943  1.4861E+10    5.17
  50  6.6000E-02  6.0579E+09  6.0638E+09   0.999   39.43   41.68   0.946  1.4758E+10    5.07
  51  8.8000E-02  5.1249E+09  5.1303E+09   0.999   44.17   46.55   0.949  1.4624E+10    4.91
  52  1.1000E-01  4.4693E+09  4.4742E+09   0.999   48.83   51.28   0.952  1.4512E+10    4.74
  53  1.3500E-01  4.0450E+09  4.0496E+09   0.999   53.43   55.92   0.955  1.4400E+10    4.53
  54  1.6000E-01  3.6189E+09  3.6231E+09   0.999   57.88   60.36   0.959  1.4299E+10    4.30
  55  1.9000E-01  3.3893E+09  3.3934E+09   0.999   62.21   64.63   0.963  1.4190E+10    4.02
  56  2.2000E-01  3.0578E+09  3.0615E+09   0.999   66.33   68.65   0.966  1.4089E+10    3.72
  57  2.5500E-01  2.7311E+09  2.7344E+09   0.999   70.17   72.36   0.970  1.3982E+10    3.36
  58  2.9000E-01  2.4370E+09  2.4400E+09   0.999   73.66   75.69   0.973  1.3886E+10    3.01
  59  3.2000E-01  2.1623E+09  2.1649E+09   0.999   76.60   78.46   0.976  1.3813E+10    2.73
  60  3.6000E-01  1.7944E+09  1.7965E+09   0.999   78.81   80.51   0.979  1.3726E+10    2.37
  61  4.0000E-01  1.4638E+09  1.4654E+09   0.999   80.08   81.64   0.981  1.3655E+10    2.07
  62  4.5000E-01  1.1220E+09  1.1232E+09   0.999   80.04   81.51   0.982  1.3581E+10    1.76
  63  5.0000E-01  8.1251E+08  8.1333E+08   0.999   78.48   79.91   0.982  1.3525E+10    1.55
  64  5.5000E-01  6.6614E+08  6.6677E+08   0.999   75.02   76.48   0.981  1.3485E+10    1.40
  65  6.0000E-01  6.1612E+08  6.1665E+08   0.999   69.49   71.05   0.978  1.3451E+10    1.30
  66  6.6000E-01  5.6643E+08  5.6688E+08   0.999   61.90   63.58   0.973  1.3414E+10    1.21
  67  7.2000E-01  5.2673E+08  5.2710E+08   0.999   52.52   54.33   0.967  1.3380E+10    1.14
  68  7.8000E-01  5.0814E+08  5.0846E+08   0.999   42.07   43.94   0.957  1.3349E+10    1.09
  69  8.4000E-01  5.0820E+08  5.0848E+08   0.999   31.44   33.28   0.945  1.3318E+10    1.06
  70  9.2000E-01  4.6236E+08  4.6259E+08   1.000   21.68   23.38   0.927  1.3278E+10    1.04
  71  1.0000E+00  4.9216E+08  4.9238E+08   1.000   13.61   15.12   0.900  1.3241E+10    1.03
  72  1.2000E+00  5.1385E+08  5.1406E+08   1.000    7.67    9.04   0.848  1.3142E+10    1.01
  73  1.4000E+00  8.4362E+08  8.4394E+08   1.000    3.95    5.37   0.737  1.3040E+10    1.00
  74  1.6000E+00  1.2337E+09  1.2341E+09   1.000    2.22    3.83   0.579  1.2871E+10    1.00
  75  1.8000E+00  1.3718E+09  1.3723E+09   1.000    1.76    3.48   0.506  1.2624E+10    1.00
  76  2.0000E+00  1.4672E+09  1.4677E+09   1.000    1.67    3.43   0.488  1.2350E+10    1.00
  77  2.3000E+00  2.3883E+09  2.3892E+09   1.000    1.63    3.40   0.478  1.1910E+10    1.00
  78  2.6000E+00  1.1940E+09  1.1945E+09   1.000    1.62    3.40   0.475  1.1193E+10    1.01
  79  2.9000E+00  1.0535E+09  1.0539E+09   1.000    1.61    3.39   0.474  1.0835E+10    1.02
  80  3.3000E+00  1.0147E+09  1.0151E+09   1.000    1.63    3.41   0.479  1.0413E+10    1.02
  81  3.7000E+00  7.4021E+08  7.4050E+08   1.000    1.71    3.46   0.493  1.0008E+10    1.03
  82  4.1000E+00  4.1534E+08  4.1552E+08   1.000    2.30    3.93   0.584  9.7115E+09    1.04
  83  4.5000E+00  1.8592E+08  1.8602E+08   0.999    4.43    5.85   0.757  9.5454E+09    1.05
  84  5.0000E+00  3.2786E+07  3.2809E+07   0.999    8.33    9.69   0.860  9.4524E+09    1.05
  85  5.5000E+00  1.6092E+07  1.6108E+07   0.999   13.36   14.75   0.905  9.4360E+09    1.05
  86  6.0000E+00  1.1189E+07  1.1204E+07   0.999   18.18   19.60   0.928  9.4280E+09    1.05
  87  6.7000E+00  8.8154E+06  8.8287E+06   0.998   21.15   22.57   0.937  9.4201E+09    1.05
  88  7.4000E+00  8.7369E+06  8.7508E+06   0.998   21.13   22.55   0.937  9.4140E+09    1.05
  89  8.2000E+00  1.1714E+07  1.1731E+07   0.999   17.98   19.41   0.926  9.4070E+09    1.05
  90  9.0000E+00  1.7913E+07  1.7934E+07   0.999   12.77   14.23   0.898  9.3976E+09    1.04
  91  1.0000E+01  2.8415E+07  2.8439E+07   0.999    7.10    8.62   0.824  9.3797E+09    1.04
  92  1.1000E+01  5.3432E+07  5.3461E+07   0.999    2.44    4.31   0.566  9.3513E+09    1.04
  93  1.2000E+01  1.2121E+08  1.2126E+08   1.000    1.05    3.18   0.331  9.2978E+09    1.04
  94  1.3000E+01  3.5264E+09  3.5278E+09   1.000    1.04    3.18   0.327  9.1766E+09    1.04
  95  1.4000E+01  5.6502E+09  5.6525E+09   1.000    1.04    3.18   0.328  5.6502E+09    1.04
      1.5000E+01

  INTEGRALS OF SPECTRA
    OLD SPECTRUM   2.0797E+10   ±    5.281 %
    NEW SPECTRUM   2.0787E+10   ±    3.972 %

  SUMMARY OF BROAD-GROUP FLUXES, FLUENCES, AND UNCERTAINTIES

    IRRAD TIME [S] = 1.00000000E+00   ACT NORM =  1.00000000E+00

       ENERGY       FLUX       FLUENCE      STDEV %
      thermal    0.0000E+00  0.0000E+00  ±   0.00     (0.100 meV – 0.550  eV)
     epithermal  6.2753E+09  6.2753E+09  ±   4.74     (0.550  eV – 110.0 keV)
        fast     1.4512E+10  1.4512E+10  ±   4.74     (110.0 keV –  20.0 MeV)
        fast     1.3241E+10  1.3241E+10  ±   1.03     (  1.0 MeV –  20.0 MeV)
        high     0.0000E+00  0.0000E+00  ±   0.00     ( 20.0 MeV –  60.0 MeV)

    MINI-SPECTRUM

       ENERGY       FLUX       FLUENCE      STDEV %
     1.0000E-10  0.0000E+00  0.0000E+00  ±   0.00
     5.5000E-07  1.1989E+08  1.1989E+08  ±  14.29
     1.0000E-04  6.1554E+09  6.1554E+09  ±   4.84
     1.1000E-01  9.8638E+08  9.8638E+08  ±  59.74
     5.0000E-01  2.8462E+08  2.8462E+08  ±  51.30
     1.0000E+00  8.9101E+08  8.9101E+08  ±   4.07
     2.0000E+00  2.8973E+09  2.8973E+09  ±   1.64
     5.0000E+00  7.2716E+07  7.2716E+07  ±  13.90
     1.0000E+01  9.3797E+09  9.3797E+09  ±   1.04
     2.0000E+01  0.0000E+00  0.0000E+00  ±   0.00
     6.0000E+01

       TOTAL     2.0787E+10  2.0787E+10  ±   3.97

    RELATIVE COVARIANCES (10×10)
        0     0     0     0     0     0     0     0     0     0
     1000   -42   -83   -32    -7    -1    13     5     0
     1000   334   -29     0    70   -32   100     0
     1000   494    71   -42     8   -32     0
     1000   571     9   -36   -72     0
     1000   506   -98    25     0
     1000   152   326     0
     1000   106     0
     1000     0
        0

  SPECTRAL-AVERAGED REACTION RATES (for all cross section library reactions)

        REACTIONS        SIG-PHI      <SIG>          REACTIONS        SIG-PHI      <SIG>          REACTIONS        SIG-PHI      <SIG>  
   ------------------  ----------  ----------   ------------------  ----------  ----------   ------------------  ----------  ----------
   LI6(N,A)T           3.3020E-14  1.5885E-24   FE58(N,G)FE59       9.0873E-16  4.3716E-26   IN115(N,N')IN115M   1.8170E-15  8.7408E-26
   B10(N,A)LI7         1.2655E-13  6.0879E-24   CO59(N,2N)CO58      6.3595E-15  3.0594E-25   IN115(N,2N)IN114M   1.2360E-14  5.9462E-25
   F19(N,2N)F18        3.3503E-16  1.6117E-26   CO59(N,3N)CO57      0.0000E+00  0.0000E+00   IN115(N,G)IN116M    1.6045E-14  7.7187E-25
   NA23(N,2N)NA22      2.0685E-16  9.9511E-27   CO59(N,G)CO60       2.4063E-14  1.1576E-24   I127(N,2N)I126      1.3543E-14  6.5151E-25
   NA23(N,G)NA24       1.0479E-16  5.0409E-27   CO59(N,P)FE59       4.7113E-16  2.2665E-26   LA139(N,G)LA140     2.2486E-15  1.0817E-25
   MG24(N,P)NA24       1.7540E-15  8.4381E-26   CO59(N,A)MN56       2.8908E-16  1.3907E-26   PR141(N,2N)PR140    1.5155E-14  7.2907E-25
   AL27(N,P)MG27       7.2025E-16  3.4649E-26   NI58(N,2N)NI57      2.2209E-16  1.0684E-26   TM169(N,2N)TM168    1.8479E-14  8.8899E-25
   AL27(N,A)NA24       1.1170E-15  5.3738E-26   NI58(N,P)CO58       3.9839E-15  1.9165E-25   TM169(N,3N)TM167    1.1623E-19  5.5913E-30
   SI28(N,P)AL28       2.4917E-15  1.1987E-25   NI60(N,P)CO60       1.3678E-15  6.5799E-26   TA181(N,G)TA182     6.8593E-14  3.2998E-24
   P31(N,P)SI31        1.1077E-15  5.3290E-26   CU63(N,2N)CU62      4.1379E-15  1.9906E-25   W186(N,G)W187       1.9483E-14  9.3725E-25
   S32(N,P)P32         2.7757E-15  1.3353E-25   CU63(N,G)CU64       4.0464E-15  1.9466E-25   AU197(N,2N)AU196    1.9808E-14  9.5290E-25
   TI46(N,2N)TI45      1.9313E-16  9.2911E-27   CU63(N,A)CO60       4.2071E-16  2.0239E-26   AU197(N,G)AU198     4.6026E-14  2.2142E-24
   TI46(N,P)SC46       2.4253E-15  1.1667E-25   CU65(N,2N)CU64      8.1755E-15  3.9330E-25   HG199(N,N')HG199M   3.2165E-15  1.5474E-25
   TI47(N,P)SC47       1.3429E-15  6.4601E-26   ZN64(N,P)CU64       1.8816E-15  9.0519E-26   PB204(N,N')PB204M   8.1643E-16  3.9276E-26
   TI47(N,X)SC46       3.8577E-16  1.8558E-26   ZN67(N,P)CU67       3.2517E-16  1.5643E-26   BI209(N,3N)BI207    3.3504E-18  1.6118E-28
   TI48(N,P)SC48       5.7644E-16  2.7731E-26   AS75(N,2N)AS74      8.7971E-15  4.2320E-25   TH232(N,FISSION)    3.8484E-15  1.8513E-25
   TI48(N,X)SC47       6.9382E-17  3.3378E-27   Y89(N,2N)Y88        7.7174E-15  3.7126E-25   TH232(N,G)TH233     2.4231E-14  1.1657E-24
   TI49(N,X)SC48       3.8216E-17  1.8384E-27   ZR90(N,2N)ZR89      5.5958E-15  2.6920E-25   U235(N,FISSION)     8.2485E-14  3.9681E-24
   V51(N,A)SC48        1.4140E-16  6.8023E-27   NB93(N,G)NB94       8.1957E-15  3.9427E-25   U235(N,G)U236       2.6727E-14  1.2857E-24
   CR52(N,2N)CR51      2.5372E-15  1.2206E-25   NB93(N,N')NB93M     1.2425E-15  5.9774E-26   U238(N,2N)U237      9.0368E-15  4.3473E-25
   MN55(N,2N)MN54      6.4919E-15  3.1231E-25   NB93(N,2N)NB92M     4.2697E-15  2.0540E-25   U238(N,FISSION)     1.2669E-14  6.0947E-25
   MN55(N,G)MN56       1.0275E-14  4.9432E-25   MO92(N,P)NB92M      7.0540E-16  3.3935E-26   U238(N,G)U239       2.1682E-14  1.0431E-24
   FE54(N,2N)FE53      3.2460E-17  1.5616E-27   RH103(N,N')RH103M   6.7209E-15  3.2332E-25   NP237(N,FISSION)    2.7280E-14  1.3123E-24
   FE54(N,P)MN54       3.6304E-15  1.7465E-25   AG109(N,G)AG110M    1.5641E-15  7.5244E-26   PU239(N,FISSION)    7.7865E-14  3.7458E-24
   FE54(N,A)CR51       8.2082E-16  3.9487E-26   IN113(N,N')IN113M   1.5605E-15  7.5069E-26   AM241(N,FISSION)    3.2411E-14  1.5592E-24
   FE56(N,P)MN56       1.0471E-15  5.0375E-26   IN113(N,G)IN114M    2.0691E-14  9.9540E-25   SC45(N,G)SC46       8.1696E-16  3.9301E-26

  INPUT FLUX REL. CORRELATION MATRIX (by row from diagonal)
   1   1000  1000  1000  1000  1000  1000  1000  1000  1000  1000  1000  1000  1000  1000    36    39    44    52    64    83
        115   168   258   404   596   752   821   839   844   844   840   828   800   748   676   606   546   501   463   422
        371   312   254   203   163   133   111    94    82    72    64    58    54    50    46    44    41    40    38    37
         37    37    38    39    42    47    55    68    90   128   198   332   559   784   861   875   881   882   884   880
        866   763   513   310   203   153   133   133   155   211   348   697   943   945   945  1000  1000  1000  1000  1000
       1000  1000  1000  1000  1000  1000  1000  1000  1000  1000  1000  1000  1000  1000  1000  1000  1000  1000  1000  1000
       1000  1000  1000  1000  1000  1000  1000  1000  1000  1000  1000  1000  1000  1000  1000  1000  1000  1000  1000  1000

  OUTPUT FLUX REL. CORRELATION MATRIX (by row from diagonal)
   1   1000  1000  1000  1000  1000  1000  1000  1000  1000  1000  1000  1000  1000  1000   -16   -22   -28   -34   -38   -39
        -34   -19    15    89   220   382   485   518   528   528   521   499   451   377   295   231   187   158   136   114
         88    59    33    11    -5   -16   -25   -31   -35   -38   -40   -42   -43   -44   -44   -45   -46   -47   -48   -50
        -53   -57   -61   -67   -73   -80   -87   -93   -97   -93   -75   -20   119   367   517   550   564   564   561   543
        496   273   -14  -161  -236  -286  -327  -365  -397  -416  -396  -153   648   664   666  1000  1000  1000  1000  1000
       1000  1000  1000  1000  1000  1000  1000  1000  1000  1000  1000  1000  1000  1000  1000  1000  1000  1000  1000  1000
       1000  1000  1000  1000  1000  1000  1000  1000  1000  1000  1000  1000  1000  1000  1000  1000  1000  1000  1000  1000
   2   1000  1000  1000  1000  1000  1000  1000  1000  1000  1000  1000  1000  1000   -16   -22   -28   -34   -38   -39   -34
        -19    15    89   220   382   485   518   528   528   521   499   451   377   295   231   187   158   136   114    88
         59    33    11    -5   -16   -25   -31   -35   -38   -40   -42   -43   -44   -44   -45   -46   -47   -48   -50   -53
        -57   -61   -67   -73   -80   -87   -93   -97   -93   -75   -20   119   367   517   550   564   564   561   543   496
        273   -14  -161  -236  -286  -327  -365  -397  -416  -396  -153   648   664   666  1000  1000  1000  1000  1000  1000
       1000  1000  1000  1000  1000  1000  1000  1000  1000  1000  1000  1000  1000  1000  1000  1000  1000  1000  1000  1000
       1000  1000  1000  1000  1000  1000  1000  1000  1000  1000  1000  1000  1000  1000  1000  1000  1000  1000  1000
   3   1000  1000  1000  1000  1000  1000  1000  1000  1000  1000  1000  1000   -16   -22   -28   -34   -38   -39   -34   -19
         15    89   220   382   485   518   528   528   521   499   451   377   295   231   187   158   136   114    88    59
         33    11    -5   -16   -25   -31   -35   -38   -40   -42   -43   -44   -44   -45   -46   -47   -48   -50   -53   -57
        -61   -67   -73   -80   -87   -93   -97   -93   -75   -20   119   367   517   550   564   564   561   543   496   273
        -14  -161  -236  -286  -327  -365  -397  -416  -396  -153   648   664   666  1000  1000  1000  1000  1000  1000  1000
       1000  1000  1000  1000  1000  1000  1000  1000  1000  1000  1000  1000  1000  1000  1000  1000  1000  1000  1000  1000
       1000  1000  1000  1000  1000  1000  1000  1000  1000  1000  1000  1000  1000  1000  1000  1000  1000  1000
   4   1000  1000  1000  1000  1000  1000  1000  1000  1000  1000  1000   -16   -22   -28   -34   -38   -39   -34   -19    15
         89   220   382   485   518   528   528   521   499   451   377   295   231   187   158   136   114    88    59    33
         11    -5   -16   -25   -31   -35   -38   -40   -42   -43   -44   -44   -45   -46   -47   -48   -50   -53   -57   -61
        -67   -73   -80   -87   -93   -97   -93   -75   -20   119   367   517   550   564   564   561   543   496   273   -14
       -161  -236  -286  -327  -365  -397  -416  -396  -153   648   664   666  1000  1000  1000  1000  1000  1000  1000  1000
       1000  1000  1000  1000  1000  1000  1000  1000  1000  1000  1000  1000  1000  1000  1000  1000  1000  1000  1000  1000
       1000  1000  1000  1000  1000  1000  1000  1000  1000  1000  1000  1000  1000  1000  1000  1000  1000
   5   1000  1000  1000  1000  1000  1000  1000  1000  1000  1000   -16   -22   -28   -34   -38   -39   -34   -19    15    89
        220   382   485   518   528   528   521   499   451   377   295   231   187   158   136   114    88    59    33    11
         -5   -16   -25   -31   -35   -38   -40   -42   -43   -44   -44   -45   -46   -47   -48   -50   -53   -57   -61   -67
        -73   -80   -87   -93   -97   -93   -75   -20   119   367   517   550   564   564   561   543   496   273   -14  -161
       -236  -286  -327  -365  -397  -416  -396  -153   648   664   666  1000  1000  1000  1000  1000  1000  1000  1000  1000
       1000  1000  1000  1000  1000  1000  1000  1000  1000  1000  1000  1000  1000  1000  1000  1000  1000  1000  1000  1000
       1000  1000  1000  1000  1000  1000  1000  1000  1000  1000  1000  1000  1000  1000  1000  1000
   6   1000  1000  1000  1000  1000  1000  1000  1000  1000   -16   -22   -28   -34   -38   -39   -34   -19    15    89   220
        382   485   518   528   528   521   499   451   377   295   231   187   158   136   114    88    59    33    11    -5
        -16   -25   -31   -35   -38   -40   -42   -43   -44   -44   -45   -46   -47   -48   -50   -53   -57   -61   -67   -73
        -80   -87   -93   -97   -93   -75   -20   119   367   517   550   564   564   561   543   496   273   -14  -161  -236
       -286  -327  -365  -397  -416  -396  -153   648   664   666  1000  1000  1000  1000  1000  1000  1000  1000  1000  1000
       1000  1000  1000  1000  1000  1000  1000  1000  1000  1000  1000  1000  1000  1000  1000  1000  1000  1000  1000  1000
       1000  1000  1000  1000  1000  1000  1000  1000  1000  1000  1000  1000  1000  1000  1000
   7   1000  1000  1000  1000  1000  1000  1000  1000   -16   -22   -28   -34   -38   -39   -34   -19    15    89   220   382
        485   518   528   528   521   499   451   377   295   231   187   158   136   114    88    59    33    11    -5   -16
        -25   -31   -35   -38   -40   -42   -43   -44   -44   -45   -46   -47   -48   -50   -53   -57   -61   -67   -73   -80
        -87   -93   -97   -93   -75   -20   119   367   517   550   564   564   561   543   496   273   -14  -161  -236  -286
       -327  -365  -397  -416  -396  -153   648   664   666  1000  1000  1000  1000  1000  1000  1000  1000  1000  1000  1000
       1000  1000  1000  1000  1000  1000  1000  1000  1000  1000  1000  1000  1000  1000  1000  1000  1000  1000  1000  1000
       1000  1000  1000  1000  1000  1000  1000  1000  1000  1000  1000  1000  1000  1000
   8   1000  1000  1000  1000  1000  1000  1000   -16   -22   -28   -34   -38   -39   -34   -19    15    89   220   382   485
        518   528   528   521   499   451   377   295   231   187   158   136   114    88    59    33    11    -5   -16   -25
        -31   -35   -38   -40   -42   -43   -44   -44   -45   -46   -47   -48   -50   -53   -57   -61   -67   -73   -80   -87
        -93   -97   -93   -75   -20   119   367   517   550   564   564   561   543   496   273   -14  -161  -236  -286  -327
       -365  -397  -416  -396  -153   648   664   666  1000  1000  1000  1000  1000  1000  1000  1000  1000  1000  1000  1000
       1000  1000  1000  1000  1000  1000  1000  1000  1000  1000  1000  1000  1000  1000  1000  1000  1000  1000  1000  1000
       1000  1000  1000  1000  1000  1000  1000  1000  1000  1000  1000  1000  1000
   9   1000  1000  1000  1000  1000  1000   -16   -22   -28   -34   -38   -39   -34   -19    15    89   220   382   485   518
        528   528   521   499   451   377   295   231   187   158   136   114    88    59    33    11    -5   -16   -25   -31
        -35   -38   -40   -42   -43   -44   -44   -45   -46   -47   -48   -50   -53   -57   -61   -67   -73   -80   -87   -93
        -97   -93   -75   -20   119   367   517   550   564   564   561   543   496   273   -14  -161  -236  -286  -327  -365
       -397  -416  -396  -153   648   664   666  1000  1000  1000  1000  1000  1000  1000  1000  1000  1000  1000  1000  1000
       1000  1000  1000  1000  1000  1000  1000  1000  1000  1000  1000  1000  1000  1000  1000  1000  1000  1000  1000  1000
       1000  1000  1000  1000  1000  1000  1000  1000  1000  1000  1000  1000
  10   1000  1000  1000  1000  1000   -16   -22   -28   -34   -38   -39   -34   -19    15    89   220   382   485   518   528
        528   521   499   451   377   295   231   187   158   136   114    88    59    33    11    -5   -16   -25   -31   -35
        -38   -40   -42   -43   -44   -44   -45   -46   -47   -48   -50   -53   -57   -61   -67   -73   -80   -87   -93   -97
        -93   -75   -20   119   367   517   550   564   564   561   543   496   273   -14  -161  -236  -286  -327  -365  -397
       -416  -396  -153   648   664   666  1000  1000  1000  1000  1000  1000  1000  1000  1000  1000  1000  1000  1000  1000
       1000  1000  1000  1000  1000  1000  1000  1000  1000  1000  1000  1000  1000  1000  1000  1000  1000  1000  1000  1000
       1000  1000  1000  1000  1000  1000  1000  1000  1000  1000  1000
  11   1000  1000  1000  1000   -16   -22   -28   -34   -38   -39   -34   -19    15    89   220   382   485   518   528   528
        521   499   451   377   295   231   187   158   136   114    88    59    33    11    -5   -16   -25   -31   -35   -38
        -40   -42   -43   -44   -44   -45   -46   -47   -48   -50   -53   -57   -61   -67   -73   -80   -87   -93   -97   -93
        -75   -20   119   367   517   550   564   564   561   543   496   273   -14  -161  -236  -286  -327  -365  -397  -416
       -396  -153   648   664   666  1000  1000  1000  1000  1000  1000  1000  1000  1000  1000  1000  1000  1000  1000  1000
       1000  1000  1000  1000  1000  1000  1000  1000  1000  1000  1000  1000  1000  1000  1000  1000  1000  1000  1000  1000
       1000  1000  1000  1000  1000  1000  1000  1000  1000  1000
  12   1000  1000  1000   -16   -22   -28   -34   -38   -39   -34   -19    15    89   220   382   485   518   528   528   521
        499   451   377   295   231   187   158   136   114    88    59    33    11    -5   -16   -25   -31   -35   -38   -40
        -42   -43   -44   -44   -45   -46   -47   -48   -50   -53   -57   -61   -67   -73   -80   -87   -93   -97   -93   -75
        -20   119   367   517   550   564   564   561   543   496   273   -14  -161  -236  -286  -327  -365  -397  -416  -396
       -153   648   664   666  1000  1000  1000  1000  1000  1000  1000  1000  1000  1000  1000  1000  1000  1000  1000  1000
       1000  1000  1000  1000  1000  1000  1000  1000  1000  1000  1000  1000  1000  1000  1000  1000  1000  1000  1000  1000
       1000  1000  1000  1000  1000  1000  1000  1000  1000
  13   1000  1000   -16   -22   -28   -34   -38   -39   -34   -19    15    89   220   382   485   518   528   528   521   499
        451   377   295   231   187   158   136   114    88    59    33    11    -5   -16   -25   -31   -35   -38   -40   -42
        -43   -44   -44   -45   -46   -47   -48   -50   -53   -57   -61   -67   -73   -80   -87   -93   -97   -93   -75   -20
        119   367   517   550   564   564   561   543   496   273   -14  -161  -236  -286  -327  -365  -397  -416  -396  -153
        648   664   666  1000  1000  1000  1000  1000  1000  1000  1000  1000  1000  1000  1000  1000  1000  1000  1000  1000
       1000  1000  1000  1000  1000  1000  1000  1000  1000  1000  1000  1000  1000  1000  1000  1000  1000  1000  1000  1000
       1000  1000  1000  1000  1000  1000  1000  1000
  14   1000   -16   -22   -28   -34   -38   -39   -34   -19    15    89   220   382   485   518   528   528   521   499   451
        377   295   231   187   158   136   114    88    59    33    11    -5   -16   -25   -31   -35   -38   -40   -42   -43
        -44   -44   -45   -46   -47   -48   -50   -53   -57   -61   -67   -73   -80   -87   -93   -97   -93   -75   -20   119
        367   517   550   564   564   561   543   496   273   -14  -161  -236  -286  -327  -365  -397  -416  -396  -153   648
        664   666  1000  1000  1000  1000  1000  1000  1000  1000  1000  1000  1000  1000  1000  1000  1000  1000  1000  1000
       1000  1000  1000  1000  1000  1000  1000  1000  1000  1000  1000  1000  1000  1000  1000  1000  1000  1000  1000  1000
       1000  1000  1000  1000  1000  1000  1000
  15   1000   988   952   896   822   735   640   540   442   345   252   165    98    49    14   -12   -31   -44   -52   -57
        -59   -59   -57   -55   -53   -50   -47   -45   -43   -40   -39   -37   -36   -35   -34   -33   -31   -30   -29   -28
        -26   -25   -23   -22   -20   -18   -16   -14   -12   -10    -9    -7    -6    -4    -3    -2    -1    -1    -3    -6
         -8    -8    -8    -8    -7    -7    -6    -2     2     5     7     8     8     9    10    11    11     7    -7    -7
         -7   -16   -16   -16   -16   -16   -16   -16   -16   -16   -16   -16   -16   -16   -16   -16   -16   -16   -16   -16
        -16   -16   -16   -16   -16   -16   -16   -16   -16   -16   -16   -16   -16   -16   -16   -16   -16   -16   -16   -16
        -16   -16   -16   -16   -16   -16
  16   1000   988   952   895   821   732   635   533   428   322   220   137    77    31    -3   -29   -47   -59   -66   -70
        -71   -70   -68   -65   -62   -58   -55   -52   -50   -48   -46   -44   -43   -41   -40   -39   -37   -36   -34   -33
        -31   -29   -27   -24   -22   -20   -17   -15   -13   -11    -9    -7    -5    -4    -2    -1    -2    -4    -9   -11
        -11   -11   -11   -10   -10    -8    -3     3     7     9    10    11    12    13    14    14     9   -10   -10   -10
        -22   -22   -22   -22   -22   -22   -22   -22   -22   -22   -22   -22   -22   -22   -22   -22   -22   -22   -22   -22
        -22   -22   -22   -22   -22   -22   -22   -22   -22   -22   -22   -22   -22   -22   -22   -22   -22   -22   -22   -22
        -22   -22   -22   -22   -22
  17   1000   988   952   894   818   728   627   518   402   285   187   114    57    12   -21   -46   -63   -74   -81   -83
        -82   -81   -78   -74   -71   -67   -63   -60   -58   -55   -53   -52   -50   -49   -47   -45   -44   -42   -39   -37
        -35   -32   -29   -27   -24   -21   -18   -16   -13   -11    -8    -6    -4    -3    -2    -2    -5   -11   -14   -15
        -14   -14   -14   -13   -11    -4     4     8    11    12    14    15    16    17    17    11   -12   -13   -13   -28
        -28   -28   -28   -28   -28   -28   -28   -28   -28   -28   -28   -28   -28   -28   -28   -28   -28   -28   -28   -28
        -28   -28   -28   -28   -28   -28   -28   -28   -28   -28   -28   -28   -28   -28   -28   -28   -28   -28   -28   -28
        -28   -28   -28   -28
  18   1000   988   951   893   814   720   613   490   360   248   162    93    37    -6   -38   -62   -79   -89   -93   -95
        -94   -91   -88   -84   -79   -75   -72   -69   -66   -64   -62   -60   -58   -56   -54   -52   -50   -47   -44   -41
        -38   -35   -32   -29   -25   -22   -19   -16   -13   -10    -8    -5    -4    -2    -3    -6   -13   -17   -18   -17
        -17   -16   -15   -13    -5     4    10    13    15    16    18    19    21    21    13   -15   -16   -16   -34   -34
        -34   -34   -34   -34   -34   -34   -34   -34   -34   -34   -34   -34   -34   -34   -34   -34   -34   -34   -34   -34
        -34   -34   -34   -34   -34   -34   -34   -34   -34   -34   -34   -34   -34   -34   -34   -34   -34   -34   -34   -34
        -34   -34   -34
  19   1000   987   950   890   808   707   583   444   319   222   141    74    19   -23   -54   -77   -93  -101  -105  -106
       -104  -101   -97   -92   -88   -84   -81   -77   -75   -72   -70   -68   -66   -64   -61   -58   -55   -52   -49   -45
        -42   -38   -34   -30   -26   -22   -19   -15   -12    -9    -7    -5    -3    -3    -7   -15   -20   -20   -20   -19
        -18   -17   -15    -5     5    11    14    17    18    20    22    23    23    15   -17   -17   -17   -38   -38   -38
        -38   -38   -38   -38   -38   -38   -38   -38   -38   -38   -38   -38   -38   -38   -38   -38   -38   -38   -38   -38
        -38   -38   -38   -38   -38   -38   -38   -38   -38   -38   -38   -38   -38   -38   -38   -38   -38   -38   -38   -38
        -38   -38
  20   1000   987   949   885   796   678   534   400   294   202   123    57     4   -37   -68   -90  -104  -112  -116  -116
       -114  -110  -106  -101   -97   -93   -90   -87   -84   -81   -79   -76   -74   -71   -68   -64   -61   -57   -53   -48
        -44   -39   -35   -31   -26   -22   -18   -15   -11    -8    -6    -4    -4    -8   -16   -20   -20   -20   -19   -19
        -17   -15    -5     6    12    15    18    20    22    24    25    25    17   -16   -17   -17   -39   -39   -39   -39
        -39   -39   -39   -39   -39   -39   -39   -39   -39   -39   -39   -39   -39   -39   -39   -39   -39   -39   -39   -39
        -39   -39   -39   -39   -39   -39   -39   -39   -39   -39   -39   -39   -39   -39   -39   -39   -39   -39   -39   -39
        -39
  21   1000   987   946   875   769   627   490   378   278   189   111    46    -5   -46   -78  -100  -114  -121  -124  -124
       -122  -118  -114  -110  -106  -102   -99   -96   -93   -90   -88   -85   -81   -78   -74   -70   -65   -61   -56   -51
        -46   -41   -36   -31   -26   -22   -18   -14   -11    -8    -6    -5    -8   -15   -18   -18   -17   -17   -16   -14
        -12    -3     7    12    15    17    19    21    23    24    25    18   -12   -13   -13   -34   -34   -34   -34   -34
        -34   -34   -34   -34   -34   -34   -34   -34   -34   -34   -34   -34   -34   -34   -34   -34   -34   -34   -34   -34
        -34   -34   -34   -34   -34   -34   -34   -34   -34   -34   -34   -34   -34   -34   -34   -34   -34   -34   -34   -34
  22   1000   986   939   852   721   587   474   370   272   184   107    43    -9   -52   -84  -106  -120  -128  -131  -131
       -129  -126  -122  -118  -115  -111  -108  -105  -102   -99   -96   -92   -88   -84   -79   -74   -69   -64   -58   -52
        -47   -41   -36   -31   -26   -22   -18   -14   -11    -8    -6    -7    -9   -10   -10    -9    -8    -7    -6    -4
          1     7    10    12    14    15    17    18    19    20    17    -1    -2    -2   -19   -19   -19   -19   -19   -19
        -19   -19   -19   -19   -19   -19   -19   -19   -19   -19   -19   -19   -19   -19   -19   -19   -19   -19   -19   -19
        -19   -19   -19   -19   -19   -19   -19   -19   -19   -19   -19   -19   -19   -19   -19   -19   -19   -19   -19
  23   1000   983   923   813   690   583   479   377   280   193   117    50    -6   -52   -85  -108  -122  -131  -135  -136
       -135  -133  -130  -127  -124  -121  -118  -115  -112  -108  -104  -100   -95   -90   -84   -79   -73   -66   -60   -54
        -48   -43   -37   -32   -28   -23   -19   -15   -12    -8    -3     2     7     9    10    12    12    13    13    11
          7     5     5     4     4     5     5     6     7    13    22    22    22    15    15    15    15    15    15    15
         15    15    15    15    15    15    15    15    15    15    15    15    15    15    15    15    15    15    15    15
         15    15    15    15    15    15    15    15    15    15    15    15    15    15    15    15    15    15
  24   1000   977   900   800   706   608   507   406   311   222   139    65     2   -45   -79  -103  -120  -130  -137  -140
       -141  -140  -139  -136  -134  -131  -128  -124  -121  -116  -112  -107  -101   -95   -89   -83   -76   -70   -63   -57
        -51   -46   -41   -36   -32   -28   -24   -19   -10     4    29    45    49    52    53    54    53    50    31     7
         -5   -11   -15   -18   -20   -22   -23   -20     3    71    72    72    89    89    89    89    89    89    89    89
         89    89    89    89    89    89    89    89    89    89    89    89    89    89    89    89    89    89    89    89
         89    89    89    89    89    89    89    89    89    89    89    89    89    89    89    89    89
  25   1000   972   908   836   753   660   562   462   363   263   168    86    20   -28   -64   -91  -111  -126  -136  -142
       -146  -147  -146  -145  -142  -140  -136  -133  -129  -124  -118  -113  -106  -100   -93   -87   -80   -74   -68   -63
        -58   -54   -50   -46   -42   -37   -29   -14    19    77   113   122   126   128   128   125   116    68     5   -26
        -42   -52   -60   -68   -74   -77   -72   -16   156   160   160   220   220   220   220   220   220   220   220   220
        220   220   220   220   220   220   220   220   220   220   220   220   220   220   220   220   220   220   220   220
        220   220   220   220   220   220   220   220   220   220   220   220   220   220   220   220
  26   1000   981   939   878   802   714   617   513   401   288   187   105    41    -7   -46   -78  -103  -122  -135  -143
       -147  -149  -150  -149  -147  -144  -140  -136  -132  -127  -121  -115  -108  -102   -96   -90   -84   -79   -74   -70
        -67   -64   -61   -58   -53   -42   -17    38   136   196   211   218   219   219   213   196   112     3   -52   -80
        -99  -114  -127  -138  -145  -136   -41   261   267   268   382   382   382   382   382   382   382   382   382   382
        382   382   382   382   382   382   382   382   382   382   382   382   382   382   382   382   382   382   382   382
        382   382   382   382   382   382   382   382   382   382   382   382   382   382   382
  27   1000   987   951   895   822   735   634   518   395   283   188   111    50     0   -41   -76  -103  -122  -135  -144
       -148  -150  -150  -149  -147  -144  -140  -135  -130  -125  -119  -113  -107  -101   -95   -90   -85   -81   -78   -75
        -73   -71   -68   -62   -50   -19    51   174   250   267   276   277   277   269   247   140     1   -69  -105  -128
       -148  -165  -180  -188  -177   -57   328   336   337   485   485   485   485   485   485   485   485   485   485   485
        485   485   485   485   485   485   485   485   485   485   485   485   485   485   485   485   485   485   485   485
        485   485   485   485   485   485   485   485   485   485   485   485   485   485
  28   1000   988   953   898   824   731   619   494   375   270   182   110    48    -4   -48   -83  -109  -127  -139  -146
       -150  -151  -151  -149  -146  -143  -138  -133  -128  -122  -115  -109  -103   -98   -92   -88   -84   -81   -78   -76
        -75   -72   -66   -52   -20    54   186   267   285   294   296   295   287   263   149     1   -74  -112  -138  -158
       -177  -193  -202  -190   -62   350   358   359   518   518   518   518   518   518   518   518   518   518   518   518
        518   518   518   518   518   518   518   518   518   518   518   518   518   518   518   518   518   518   518   518
        518   518   518   518   518   518   518   518   518   518   518   518   518
  29   1000   988   953   897   818   714   593   472   360   263   178   105    41   -13   -57   -91  -115  -131  -142  -148
       -151  -152  -151  -148  -145  -140  -135  -130  -124  -117  -111  -105   -99   -94   -89   -85   -82   -80   -78   -76
        -73   -67   -53   -21    55   190   272   291   300   301   301   292   268   152     1   -75  -115  -141  -162  -181
       -197  -206  -194   -63   356   364   365   528   528   528   528   528   528   528   528   528   528   528   528   528
        528   528   528   528   528   528   528   528   528   528   528   528   528   528   528   528   528   528   528   528
        528   528   528   528   528   528   528   528   528   528   528   528
  30   1000   988   953   892   803   691   573   458   353   259   174    98    32   -22   -64   -96  -118  -133  -143  -148
       -150  -150  -149  -146  -141  -137  -131  -125  -119  -112  -106  -100   -95   -90   -86   -83   -80   -78   -76   -73
        -67   -54   -21    55   189   272   291   300   301   301   292   268   152     1   -75  -115  -140  -162  -181  -197
       -206  -194   -63   356   364   365   528   528   528   528   528   528   528   528   528   528   528   528   528   528
        528   528   528   528   528   528   528   528   528   528   528   528   528   528   528   528   528   528   528   528
        528   528   528   528   528   528   528   528   528   528   528
  31   1000   988   949   880   783   673   560   452   351   256   168    90    24   -28   -68   -98  -119  -133  -142  -146
       -148  -148  -145  -142  -137  -131  -125  -119  -113  -106  -100   -95   -90   -86   -83   -80   -78   -76   -73   -67
        -53   -21    54   187   267   286   296   297   297   288   265   150     1   -74  -113  -138  -159  -178  -194  -203
       -191   -62   351   359   360   521   521   521   521   521   521   521   521   521   521   521   521   521   521   521
        521   521   521   521   521   521   521   521   521   521   521   521   521   521   521   521   521   521   521   521
        521   521   521   521   521   521   521   521   521   521
  32   1000   986   941   865   769   664   557   451   349   251   161    83    19   -31   -70   -98  -118  -132  -140  -144
       -145  -144  -141  -136  -131  -125  -119  -112  -106  -100   -94   -89   -85   -82   -79   -77   -74   -71   -65   -52
        -21    51   178   256   274   283   284   284   276   254   144     1   -71  -108  -132  -152  -170  -185  -194  -182
        -59   337   345   346   499   499   499   499   499   499   499   499   499   499   499   499   499   499   499   499
        499   499   499   499   499   499   499   499   499   499   499   499   499   499   499   499   499   499   499   499
        499   499   499   499   499   499   499   499   499
  33   1000   984   934   859   768   667   561   454   348   248   158    80    17   -31   -69   -97  -117  -129  -137  -140
       -141  -139  -135  -130  -124  -118  -112  -105   -99   -93   -88   -83   -79   -76   -73   -71   -67   -61   -49   -20
         45   161   231   248   256   257   258   250   230   131     2   -63   -96  -118  -136  -152  -166  -174  -163   -51
        306   313   314   451   451   451   451   451   451   451   451   451   451   451   451   451   451   451   451   451
        451   451   451   451   451   451   451   451   451   451   451   451   451   451   451   451   451   451   451   451
        451   451   451   451   451   451   451   451
  34   1000   983   935   863   775   676   569   458   349   248   159    82    20   -28   -66   -94  -113  -125  -132  -135
       -135  -132  -128  -122  -116  -110  -103   -96   -90   -84   -79   -75   -71   -68   -64   -61   -55   -44   -19    36
        133   193   207   214   216   216   210   193   111     3   -51   -79   -97  -112  -125  -136  -143  -134   -40   258
        264   265   377   377   377   377   377   377   377   377   377   377   377   377   377   377   377   377   377   377
        377   377   377   377   377   377   377   377   377   377   377   377   377   377   377   377   377   377   377   377
        377   377   377   377   377   377   377
  35   1000   984   939   871   784   684   574   462   353   252   163    88    26   -23   -60   -88  -107  -119  -125  -128
       -127  -123  -119  -113  -106  -100   -93   -86   -80   -75   -69   -65   -61   -57   -53   -48   -38   -18    26   103
        150   162   168   169   170   166   153    88     4   -38   -59   -74   -85   -95  -104  -109  -102   -28   205   209
        210   295   295   295   295   295   295   295   295   295   295   295   295   295   295   295   295   295   295   295
        295   295   295   295   295   295   295   295   295   295   295   295   295   295   295   295   295   295   295   295
        295   295   295   295   295   295
  36   1000   985   942   875   789   687   577   465   357   257   169    94    32   -16   -53   -81   -99  -111  -117  -118
       -117  -113  -108  -102   -96   -89   -82   -76   -70   -65   -60   -55   -51   -47   -42   -33   -17    18    79   117
        127   132   133   134   131   121    71     5   -28   -45   -56   -64   -72   -79   -82   -77   -18   163   167   167
        231   231   231   231   231   231   231   231   231   231   231   231   231   231   231   231   231   231   231   231
        231   231   231   231   231   231   231   231   231   231   231   231   231   231   231   231   231   231   231   231
        231   231   231   231   231
  37   1000   985   943   877   790   689   579   468   361   262   175   100    38    -9   -46   -73   -91  -102  -107  -108
       -107  -103   -98   -92   -85   -79   -72   -66   -61   -56   -51   -47   -43   -37   -30   -16    13    63    94   102
        106   108   109   106    98    58     5   -21   -34   -43   -50   -56   -62   -64   -59   -12   134   137   137   187
        187   187   187   187   187   187   187   187   187   187   187   187   187   187   187   187   187   187   187   187
        187   187   187   187   187   187   187   187   187   187   187   187   187   187   187   187   187   187   187   187
        187   187   187   187
  38   1000   986   944   877   790   689   580   470   364   266   180   106    45    -2   -39   -65   -82   -92   -97   -98
        -97   -93   -87   -82   -75   -69   -63   -58   -53   -48   -44   -39   -34   -27   -15     9    52    79    86    90
         91    92    90    84    50     5   -16   -28   -35   -41   -46   -50   -53   -48    -8   114   117   117   158   158
        158   158   158   158   158   158   158   158   158   158   158   158   158   158   158   158   158   158   158   158
        158   158   158   158   158   158   158   158   158   158   158   158   158   158   158   158   158   158   158   158
        158   158   158
  39   1000   986   944   877   790   690   582   473   368   271   184   111    51     3   -31   -57   -73   -83   -88   -89
        -87   -83   -78   -72   -67   -61   -55   -50   -46   -41   -37   -32   -26   -15     7    44    67    74    78    79
         80    78    73    44     5   -13   -23   -29   -34   -39   -42   -44   -40    -5   100   102   102   136   136   136
        136   136   136   136   136   136   136   136   136   136   136   136   136   136   136   136   136   136   136   136
        136   136   136   136   136   136   136   136   136   136   136   136   136   136   136   136   136   136   136   136
        136   136
  40   1000   986   944   877   791   691   584   476   371   275   190   117    57    11   -23   -48   -64   -74   -78   -79
        -77   -73   -69   -63   -58   -53   -48   -43   -39   -35   -30   -24   -14     4    36    56    62    65    66    67
         66    62    37     5   -10   -18   -23   -27   -31   -34   -35   -32    -3    85    87    87   114   114   114   114
        114   114   114   114   114   114   114   114   114   114   114   114   114   114   114   114   114   114   114   114
        114   114   114   114   114   114   114   114   114   114   114   114   114   114   114   114   114   114   114   114
        114
  41   1000   986   944   877   792   693   587   479   376   280   195   123    64    18   -15   -39   -55   -64   -69   -69
        -67   -64   -60   -55   -50   -45   -40   -36   -32   -27   -22   -13     1    26    42    47    50    51    52    52
         48    30     5    -6   -12   -16   -19   -22   -24   -25   -22     0    68    69    69    88    88    88    88    88
         88    88    88    88    88    88    88    88    88    88    88    88    88    88    88    88    88    88    88    88
         88    88    88    88    88    88    88    88    88    88    88    88    88    88    88    88    88    88    88    88
  42   1000   986   944   878   794   695   590   483   380   285   201   130    72    26    -6   -30   -46   -55   -59   -60
        -58   -55   -51   -46   -42   -37   -33   -29   -24   -20   -13    -1    16    27    31    34    35    36    36    34
         22     6    -2    -6    -8   -10   -12   -13   -13   -11     4    49    50    50    59    59    59    59    59    59
         59    59    59    59    59    59    59    59    59    59    59    59    59    59    59    59    59    59    59    59
         59    59    59    59    59    59    59    59    59    59    59    59    59    59    59    59    59    59    59
  43   1000   986   945   879   795   698   593   487   384   290   207   136    79    34     1   -21   -37   -46   -50   -51
        -49   -46   -42   -38   -34   -30   -26   -22   -17   -12    -4     6    13    16    19    20    21    21    21    14
          6     1     0    -1    -2    -2    -3    -3    -1     7    31    32    32    33    33    33    33    33    33    33
         33    33    33    33    33    33    33    33    33    33    33    33    33    33    33    33    33    33    33    33
         33    33    33    33    33    33    33    33    33    33    33    33    33    33    33    33    33    33
  44   1000   986   945   880   797   700   596   490   389   295   213   143    86    42     9   -13   -28   -37   -41   -42
        -41   -38   -35   -31   -27   -23   -19   -15   -12    -7    -1     2     4     6     7     8     9     9     8     6
          5     4     4     4     4     5     5     6    10    17    17    17    11    11    11    11    11    11    11    11
         11    11    11    11    11    11    11    11    11    11    11    11    11    11    11    11    11    11    11    11
         11    11    11    11    11    11    11    11    11    11    11    11    11    11    11    11    11
  45   1000   986   945   881   798   702   598   493   393   300   219   150    94    50    18    -4   -19   -29   -33   -34
        -33   -31   -28   -24   -21   -17   -14   -11    -9    -7    -6    -4    -2    -1     0     0     1     3     6     7
          8     9     9    10    11    12    12    12     6     6     5    -5    -5    -5    -5    -5    -5    -5    -5    -5
         -5    -5    -5    -5    -5    -5    -5    -5    -5    -5    -5    -5    -5    -5    -5    -5    -5    -5    -5    -5
         -5    -5    -5    -5    -5    -5    -5    -5    -5    -5    -5    -5    -5    -5    -5    -5
  46   1000   986   946   882   799   703   601   497   397   305   224   156   101    58    25     3   -12   -21   -25   -27
        -26   -24   -22   -19   -16   -13   -11   -10   -12   -12   -11    -9    -8    -7    -6    -4     0     6     9    10
         12    13    14    15    16    17    14    -1    -2    -2   -16   -16   -16   -16   -16   -16   -16   -16   -16   -16
        -16   -16   -16   -16   -16   -16   -16   -16   -16   -16   -16   -16   -16   -16   -16   -16   -16   -16   -16   -16
        -16   -16   -16   -16   -16   -16   -16   -16   -16   -16   -16   -16   -16   -16   -16
  47   1000   986   946   882   800   705   603   500   401   310   230   163   108    65    33    10    -4   -14   -19   -20
        -20   -19   -16   -14   -12   -11   -12   -15   -17   -16   -14   -13   -12   -11    -9    -2     5    10    12    14
         15    17    18    19    20    15    -7    -7    -8   -25   -25   -25   -25   -25   -25   -25   -25   -25   -25   -25
        -25   -25   -25   -25   -25   -25   -25   -25   -25   -25   -25   -25   -25   -25   -25   -25   -25   -25   -25   -25
        -25   -25   -25   -25   -25   -25   -25   -25   -25   -25   -25   -25   -25   -25
  48   1000   986   946   883   801   707   606   503   405   315   236   169   115    72    40    17     2    -7   -12   -15
        -15   -14   -12   -11   -10   -12   -17   -20   -19   -18   -17   -16   -14   -12    -4     5    10    13    15    17
         18    20    21    22    15   -11   -12   -12   -31   -31   -31   -31   -31   -31   -31   -31   -31   -31   -31   -31
        -31   -31   -31   -31   -31   -31   -31   -31   -31   -31   -31   -31   -31   -31   -31   -31   -31   -31   -31   -31
        -31   -31   -31   -31   -31   -31   -31   -31   -31   -31   -31   -31   -31
  49   1000   986   947   884   803   709   608   507   410   321   242   176   121    79    47    24     8    -1    -7    -9
        -10   -10    -9   -10   -13   -19   -23   -22   -21   -20   -19   -17   -15    -6     4    10    13    16    18    20
         21    23    23    15   -14   -15   -15   -35   -35   -35   -35   -35   -35   -35   -35   -35   -35   -35   -35   -35
        -35   -35   -35   -35   -35   -35   -35   -35   -35   -35   -35   -35   -35   -35   -35   -35   -35   -35   -35   -35
        -35   -35   -35   -35   -35   -35   -35   -35   -35   -35   -35   -35
  50   1000   986   947   885   804   711   611   511   415   326   248   182   128    86    54    30    14     4    -2    -5
         -7    -7    -9   -13   -21   -25   -24   -24   -23   -21   -20   -17    -8     3    10    13    16    18    20    22
         23    23    15   -17   -17   -17   -38   -38   -38   -38   -38   -38   -38   -38   -38   -38   -38   -38   -38   -38
        -38   -38   -38   -38   -38   -38   -38   -38   -38   -38   -38   -38   -38   -38   -38   -38   -38   -38   -38   -38
        -38   -38   -38   -38   -38   -38   -38   -38   -38   -38   -38
  51   1000   987   947   885   806   713   615   515   419   332   254   188   134    92    60    36    19     8     1    -2
         -4    -7   -13   -22   -26   -26   -26   -25   -24   -22   -19    -9     2     9    13    15    18    20    22    24
         24    15   -19   -19   -19   -40   -40   -40   -40   -40   -40   -40   -40   -40   -40   -40   -40   -40   -40   -40
        -40   -40   -40   -40   -40   -40   -40   -40   -40   -40   -40   -40   -40   -40   -40   -40   -40   -40   -40   -40
        -40   -40   -40   -40   -40   -40   -40   -40   -40   -40
  52   1000   987   948   886   807   716   618   519   424   337   260   194   140    98    65    41    24    12     4     0
         -5   -12   -22   -28   -28   -28   -27   -26   -24   -22   -11     1     8    12    15    17    20    22    23    23
         14   -20   -21   -21   -42   -42   -42   -42   -42   -42   -42   -42   -42   -42   -42   -42   -42   -42   -42   -42
        -42   -42   -42   -42   -42   -42   -42   -42   -42   -42   -42   -42   -42   -42   -42   -42   -42   -42   -42   -42
        -42   -42   -42   -42   -42   -42   -42   -42   -42
  53   1000   987   948   887   809   718   621   523   429   342   265   200   146   103    70    45    27    15     6    -1
        -10   -22   -29   -30   -30   -29   -28   -27   -24   -14     0     6    11    14    16    19    21    23    23    14
        -22   -22   -22   -43   -43   -43   -43   -43   -43   -43   -43   -43   -43   -43   -43   -43   -43   -43   -43   -43
        -43   -43   -43   -43   -43   -43   -43   -43   -43   -43   -43   -43   -43   -43   -43   -43   -43   -43   -43   -43
        -43   -43   -43   -43   -43   -43   -43   -43
  54   1000   987   949   888   811   721   624   527   434   347   271   205   151   108    74    48    30    16     4    -7
        -21   -29   -31   -32   -32   -31   -29   -27   -16    -2     4     9    12    15    18    20    22    22    12   -23
        -23   -23   -44   -44   -44   -44   -44   -44   -44   -44   -44   -44   -44   -44   -44   -44   -44   -44   -44   -44
        -44   -44   -44   -44   -44   -44   -44   -44   -44   -44   -44   -44   -44   -44   -44   -44   -44   -44   -44   -44
        -44   -44   -44   -44   -44   -44   -44
  55   1000   987   949   889   812   723   628   531   438   352   275   210   155   111    77    50    30    13    -2   -19
        -29   -33   -34   -34   -34   -32   -30   -19    -5     2     6    10    13    16    19    21    21    11   -24   -25
        -24   -44   -44   -44   -44   -44   -44   -44   -44   -44   -44   -44   -44   -44   -44   -44   -44   -44   -44   -44
        -44   -44   -44   -44   -44   -44   -44   -44   -44   -44   -44   -44   -44   -44   -44   -44   -44   -44   -44   -44
        -44   -44   -44   -44   -44   -44
  56   1000   987   950   890   814   726   631   535   442   356   279   213   158   113    78    50    27     5   -16   -29
        -34   -36   -37   -37   -36   -33   -23    -9    -1     4     7    11    14    17    19    19    10   -26   -26   -26
        -45   -45   -45   -45   -45   -45   -45   -45   -45   -45   -45   -45   -45   -45   -45   -45   -45   -45   -45   -45
        -45   -45   -45   -45   -45   -45   -45   -45   -45   -45   -45   -45   -45   -45   -45   -45   -45   -45   -45   -45
        -45   -45   -45   -45   -45
  57   1000   987   950   891   816   728   634   538   445   359   282   216   160   114    76    46    18    -9   -26   -34
        -38   -40   -41   -40   -38   -28   -13    -4     0     4     8    12    15    17    18     8   -28   -28   -27   -46
        -46   -46   -46   -46   -46   -46   -46   -46   -46   -46   -46   -46   -46   -46   -46   -46   -46   -46   -46   -46
        -46   -46   -46   -46   -46   -46   -46   -46   -46   -46   -46   -46   -46   -46   -46   -46   -46   -46   -46   -46
        -46   -46   -46   -46
  58   1000   987   950   892   817   730   636   541   448   362   284   217   160   112    72    35     0   -22   -33   -40
        -44   -45   -45   -43   -33   -18    -9    -3     1     5     9    12    15    15     5   -30   -30   -29   -47   -47
        -47   -47   -47   -47   -47   -47   -47   -47   -47   -47   -47   -47   -47   -47   -47   -47   -47   -47   -47   -47
        -47   -47   -47   -47   -47   -47   -47   -47   -47   -47   -47   -47   -47   -47   -47   -47   -47   -47   -47   -47
        -47   -47   -47
  59   1000   987   951   893   818   732   638   543   450   363   285   216   157   106    60    15   -14   -30   -41   -47
        -50   -51   -49   -40   -24   -14    -8    -3     1     5     9    12    13     3   -33   -33   -32   -48   -48   -48
        -48   -48   -48   -48   -48   -48   -48   -48   -48   -48   -48   -48   -48   -48   -48   -48   -48   -48   -48   -48
        -48   -48   -48   -48   -48   -48   -48   -48   -48   -48   -48   -48   -48   -48   -48   -48   -48   -48   -48   -48
        -48   -48
  60   1000   988   951   894   819   733   639   544   451   363   284   213   150    92    36    -3   -25   -40   -49   -55
        -57   -56   -47   -31   -21   -13    -7    -2     2     6    10    11     0   -37   -36   -35   -50   -50   -50   -50
        -50   -50   -50   -50   -50   -50   -50   -50   -50   -50   -50   -50   -50   -50   -50   -50   -50   -50   -50   -50
        -50   -50   -50   -50   -50   -50   -50   -50   -50   -50   -50   -50   -50   -50   -50   -50   -50   -50   -50   -50
        -50
  61   1000   988   952   894   820   734   640   544   450   361   280   205   135    64    14   -15   -36   -50   -59   -63
        -63   -55   -39   -28   -20   -13    -7    -1     2     6     8    -3   -41   -40   -39   -53   -53   -53   -53   -53
        -53   -53   -53   -53   -53   -53   -53   -53   -53   -53   -53   -53   -53   -53   -53   -53   -53   -53   -53   -53
        -53   -53   -53   -53   -53   -53   -53   -53   -53   -53   -53   -53   -53   -53   -53   -53   -53   -53   -53   -53
  62   1000   988   952   895   821   734   640   543   448   357   271   188   102    37    -1   -29   -49   -61   -69   -71
        -64   -47   -35   -27   -19   -12    -6     0     3     5    -6   -47   -45   -43   -57   -57   -57   -57   -57   -57
        -57   -57   -57   -57   -57   -57   -57   -57   -57   -57   -57   -57   -57   -57   -57   -57   -57   -57   -57   -57
        -57   -57   -57   -57   -57   -57   -57   -57   -57   -57   -57   -57   -57   -57   -57   -57   -57   -57   -57
  63   1000   988   952   895   821   734   639   541   443   348   252   149    69    19   -17   -44   -62   -73   -78   -72
        -56   -43   -34   -26   -18   -11    -5     0     2   -11   -53   -51   -49   -61   -61   -61   -61   -61   -61   -61
        -61   -61   -61   -61   -61   -61   -61   -61   -61   -61   -61   -61   -61   -61   -61   -61   -61   -61   -61   -61
        -61   -61   -61   -61   -61   -61   -61   -61   -61   -61   -61   -61   -61   -61   -61   -61   -61   -61
  64   1000   988   952   895   820   733   637   536   434   326   206   110    48     0   -34   -59   -76   -84   -80   -64
        -52   -42   -33   -25   -17    -9    -3    -1   -15   -60   -58   -55   -67   -67   -67   -67   -67   -67   -67   -67
        -67   -67   -67   -67   -67   -67   -67   -67   -67   -67   -67   -67   -67   -67   -67   -67   -67   -67   -67   -67
        -67   -67   -67   -67   -67   -67   -67   -67   -67   -67   -67   -67   -67   -67   -67   -67   -67
  65   1000   988   952   895   819   730   632   526   410   273   160    85    26   -18   -52   -75   -88   -87   -72   -59
        -50   -40   -31   -22   -14    -8    -5   -20   -68   -65   -62   -73   -73   -73   -73   -73   -73   -73   -73   -73
        -73   -73   -73   -73   -73   -73   -73   -73   -73   -73   -73   -73   -73   -73   -73   -73   -73   -73   -73   -73
        -73   -73   -73   -73   -73   -73   -73   -73   -73   -73   -73   -73   -73   -73   -73   -73
  66   1000   988   952   894   817   726   622   501   350   220   132    62     5   -37   -68   -88   -90   -77   -66   -57
        -48   -38   -29   -20   -12    -9   -26   -77   -74   -70   -80   -80   -80   -80   -80   -80   -80   -80   -80   -80
        -80   -80   -80   -80   -80   -80   -80   -80   -80   -80   -80   -80   -80   -80   -80   -80   -80   -80   -80   -80
        -80   -80   -80   -80   -80   -80   -80   -80   -80   -80   -80   -80   -80   -80   -80
  67   1000   988   951   892   813   717   596   433   289   190   107    39   -14   -55   -82   -89   -79   -71   -63   -55
        -45   -35   -25   -17   -13   -32   -87   -83   -78   -87   -87   -87   -87   -87   -87   -87   -87   -87   -87   -87
        -87   -87   -87   -87   -87   -87   -87   -87   -87   -87   -87   -87   -87   -87   -87   -87   -87   -87   -87   -87
        -87   -87   -87   -87   -87   -87   -87   -87   -87   -87   -87   -87   -87   -87
  68   1000   987   950   889   806   690   522   365   257   164    84    18   -32   -68   -81   -76   -72   -67   -60   -51
        -41   -31   -23   -19   -39   -96   -91   -86   -93   -93   -93   -93   -93   -93   -93   -93   -93   -93   -93   -93
        -93   -93   -93   -93   -93   -93   -93   -93   -93   -93   -93   -93   -93   -93   -93   -93   -93   -93   -93   -93
        -93   -93   -93   -93   -93   -93   -93   -93   -93   -93   -93   -93   -93
  69   1000   987   948   883   780   611   448   334   232   143    65     2   -43   -63   -66   -68   -68   -64   -57   -48
        -38   -29   -25   -46  -104   -98   -92   -97   -97   -97   -97   -97   -97   -97   -97   -97   -97   -97   -97   -97
        -97   -97   -97   -97   -97   -97   -97   -97   -97   -97   -97   -97   -97   -97   -97   -97   -97   -97   -97   -97
        -97   -97   -97   -97   -97   -97   -97   -97   -97   -97   -97   -97
  70   1000   987   944   859   699   536   421   313   216   127    54    -3   -32   -46   -57   -64   -66   -62   -55   -46
        -38   -34   -54  -107  -101   -94   -93   -93   -93   -93   -93   -93   -93   -93   -93   -93   -93   -93   -93   -93
        -93   -93   -93   -93   -93   -93   -93   -93   -93   -93   -93   -93   -93   -93   -93   -93   -93   -93   -93   -93
        -93   -93   -93   -93   -93   -93   -93   -93   -93   -93   -93
  71   1000   985   926   784   629   518   410   308   211   127    58    17   -13   -39   -56   -65   -67   -64   -58   -51
        -48   -64  -101   -94   -86   -75   -75   -75   -75   -75   -75   -75   -75   -75   -75   -75   -75   -75   -75   -75
        -75   -75   -75   -75   -75   -75   -75   -75   -75   -75   -75   -75   -75   -75   -75   -75   -75   -75   -75   -75
        -75   -75   -75   -75   -75   -75   -75   -75   -75   -75
  72   1000   976   868   733   634   531   429   327   234   153    92    34   -12   -45   -66   -77   -82   -81   -78   -74
        -79   -70   -62   -54   -20   -20   -20   -20   -20   -20   -20   -20   -20   -20   -20   -20   -20   -20   -20   -20
        -20   -20   -20   -20   -20   -20   -20   -20   -20   -20   -20   -20   -20   -20   -20   -20   -20   -20   -20   -20
        -20   -20   -20   -20   -20   -20   -20   -20   -20
  73   1000   953   859   781   692   597   495   396   303   207    98    15   -40   -79  -105  -122  -131  -134  -131  -103
         16    26    35   119   119   119   119   119   119   119   119   119   119   119   119   119   119   119   119   119
        119   119   119   119   119   119   119   119   119   119   119   119   119   119   119   119   119   119   119   119
        119   119   119   119   119   119   119   119
  74   1000   973   929   865   787   696   600   499   352   167    38   -47  -109  -154  -188  -212  -225  -221  -136   179
        192   200   367   367   367   367   367   367   367   367   367   367   367   367   367   367   367   367   367   367
        367   367   367   367   367   367   367   367   367   367   367   367   367   367   367   367   367   367   367   367
        367   367   367   367   367   367   367
  75   1000   987   951   895   822   736   637   466   239    81   -24  -102  -162  -210  -246  -268  -266  -148   283   295
        302   517   517   517   517   517   517   517   517   517   517   517   517   517   517   517   517   517   517   517
        517   517   517   517   517   517   517   517   517   517   517   517   517   517   517   517   517   517   517   517
        517   517   517   517   517   517
  76   1000   988   953   897   824   734   566   330   160    41   -49  -122  -181  -227  -258  -262  -140   310   320   325
        550   550   550   550   550   550   550   550   550   550   550   550   550   550   550   550   550   550   550   550
        550   550   550   550   550   550   550   550   550   550   550   550   550   550   550   550   550   550   550   550
        550   550   550   550   550
  77   1000   988   953   897   820   665   429   252   124    22   -62  -133  -191  -231  -242  -124   329   335   337   564
        564   564   564   564   564   564   564   564   564   564   564   564   564   564   564   564   564   564   564   564
        564   564   564   564   564   564   564   564   564   564   564   564   564   564   564   564   564   564   564   564
        564   564   564   564
  78   1000   988   953   894   758   533   354   220   110    14   -67  -136  -188  -208   -96   343   343   341   564   564
        564   564   564   564   564   564   564   564   564   564   564   564   564   564   564   564   564   564   564   564
        564   564   564   564   564   564   564   564   564   564   564   564   564   564   564   564   564   564   564   564
        564   564   564
  79   1000   988   950   839   629   456   321   206   102    10   -69  -132  -163   -59   362   355   347   561   561   561
        561   561   561   561   561   561   561   561   561   561   561   561   561   561   561   561   561   561   561   561
        561   561   561   561   561   561   561   561   561   561   561   561   561   561   561   561   561   561   561   561
        561   561
  80   1000   987   906   721   560   430   314   206   105    15   -57  -100    -9   377   361   345   543   543   543   543
        543   543   543   543   543   543   543   543   543   543   543   543   543   543   543   543   543   543   543   543
        543   543   543   543   543   543   543   543   543   543   543   543   543   543   543   543   543   543   543   543
        543
  81   1000   958   810   670   551   440   331   225   127    43   -11    58   382   354   329   496   496   496   496   496
        496   496   496   496   496   496   496   496   496   496   496   496   496   496   496   496   496   496   496   496
        496   496   496   496   496   496   496   496   496   496   496   496   496   496   496   496   496   496   496   496
  82   1000   944   853   759   661   558   452   348   253   178   181   290   242   202   273   273   273   273   273   273
        273   273   273   273   273   273   273   273   273   273   273   273   273   273   273   273   273   273   273   273
        273   273   273   273   273   273   273   273   273   273   273   273   273   273   273   273   273   273   273
  83   1000   976   924   854   771   678   580   483   394   320   162    95    41   -14   -14   -14   -14   -14   -14   -14
        -14   -14   -14   -14   -14   -14   -14   -14   -14   -14   -14   -14   -14   -14   -14   -14   -14   -14   -14   -14
        -14   -14   -14   -14   -14   -14   -14   -14   -14   -14   -14   -14   -14   -14   -14   -14   -14   -14
  84   1000   984   944   884   809   723   631   538   429   125    43   -22  -161  -161  -161  -161  -161  -161  -161  -161
       -161  -161  -161  -161  -161  -161  -161  -161  -161  -161  -161  -161  -161  -161  -161  -161  -161  -161  -161  -161
       -161  -161  -161  -161  -161  -161  -161  -161  -161  -161  -161  -161  -161  -161  -161  -161  -161
  85   1000   987   951   895   824   741   650   526   137    44   -32  -236  -236  -236  -236  -236  -236  -236  -236  -236
       -236  -236  -236  -236  -236  -236  -236  -236  -236  -236  -236  -236  -236  -236  -236  -236  -236  -236  -236  -236
       -236  -236  -236  -236  -236  -236  -236  -236  -236  -236  -236  -236  -236  -236  -236  -236
  86   1000   988   954   900   830   746   619   167    66   -19  -286  -286  -286  -286  -286  -286  -286  -286  -286  -286
       -286  -286  -286  -286  -286  -286  -286  -286  -286  -286  -286  -286  -286  -286  -286  -286  -286  -286  -286  -286
       -286  -286  -286  -286  -286  -286  -286  -286  -286  -286  -286  -286  -286  -286  -286
  87   1000   988   955   902   830   706   204    98     4  -327  -327  -327  -327  -327  -327  -327  -327  -327  -327  -327
       -327  -327  -327  -327  -327  -327  -327  -327  -327  -327  -327  -327  -327  -327  -327  -327  -327  -327  -327  -327
       -327  -327  -327  -327  -327  -327  -327  -327  -327  -327  -327  -327  -327  -327
  88   1000   989   955   900   785   242   136    38  -365  -365  -365  -365  -365  -365  -365  -365  -365  -365  -365  -365
       -365  -365  -365  -365  -365  -365  -365  -365  -365  -365  -365  -365  -365  -365  -365  -365  -365  -365  -365  -365
       -365  -365  -365  -365  -365  -365  -365  -365  -365  -365  -365  -365  -365
  89   1000   989   953   852   280   178    79  -397  -397  -397  -397  -397  -397  -397  -397  -397  -397  -397  -397  -397
       -397  -397  -397  -397  -397  -397  -397  -397  -397  -397  -397  -397  -397  -397  -397  -397  -397  -397  -397  -397
       -397  -397  -397  -397  -397  -397  -397  -397  -397  -397  -397  -397
  90   1000   987   907   323   229   135  -416  -416  -416  -416  -416  -416  -416  -416  -416  -416  -416  -416  -416  -416
       -416  -416  -416  -416  -416  -416  -416  -416  -416  -416  -416  -416  -416  -416  -416  -416  -416  -416  -416  -416
       -416  -416  -416  -416  -416  -416  -416  -416  -416  -416  -416
  91   1000   953   393   313   228  -396  -396  -396  -396  -396  -396  -396  -396  -396  -396  -396  -396  -396  -396  -396
       -396  -396  -396  -396  -396  -396  -396  -396  -396  -396  -396  -396  -396  -396  -396  -396  -396  -396  -396  -396
       -396  -396  -396  -396  -396  -396  -396  -396  -396  -396
  92   1000   638   579   506  -153  -153  -153  -153  -153  -153  -153  -153  -153  -153  -153  -153  -153  -153  -153  -153
       -153  -153  -153  -153  -153  -153  -153  -153  -153  -153  -153  -153  -153  -153  -153  -153  -153  -153  -153  -153
       -153  -153  -153  -153  -153  -153  -153  -153  -153
  93   1000   988   952   648   648   648   648   648   648   648   648   648   648   648   648   648   648   648   648   648
        648   648   648   648   648   648   648   648   648   648   648   648   648   648   648   648   648   648   648   648
        648   648   648   648   648   648   648   648
  94   1000   988   664   664   664   664   664   664   664   664   664   664   664   664   664   664   664   664   664   664
        664   664   664   664   664   664   664   664   664   664   664   664   664   664   664   664   664   664   664   664
        664   664   664   664   664   664   664
  95   1000   666   666   666   666   666   666   666   666   666   666   666   666   666   666   666   666   666   666   666
        666   666   666   666   666   666   666   666   666   666   666   666   666   666   666   666   666   666   666   666
        666   666   666   666   666   666
  96   1000  1000  1000  1000  1000  1000  1000  1000  1000  1000  1000  1000  1000  1000  1000  1000  1000  1000  1000  1000
       1000  1000  1000  1000  1000  1000  1000  1000  1000  1000  1000  1000  1000  1000  1000  1000  1000  1000  1000  1000
       1000  1000  1000  1000  1000
  97   1000  1000  1000  1000  1000  1000  1000  1000  1000  1000  1000  1000  1000  1000  1000  1000  1000  1000  1000  1000
       1000  1000  1000  1000  1000  1000  1000  1000  1000  1000  1000  1000  1000  1000  1000  1000  1000  1000  1000  1000
       1000  1000  1000  1000
  98   1000  1000  1000  1000  1000  1000  1000  1000  1000  1000  1000  1000  1000  1000  1000  1000  1000  1000  1000  1000
       1000  1000  1000  1000  1000  1000  1000  1000  1000  1000  1000  1000  1000  1000  1000  1000  1000  1000  1000  1000
       1000  1000  1000
  99   1000  1000  1000  1000  1000  1000  1000  1000  1000  1000  1000  1000  1000  1000  1000  1000  1000  1000  1000  1000
       1000  1000  1000  1000  1000  1000  1000  1000  1000  1000  1000  1000  1000  1000  1000  1000  1000  1000  1000  1000
       1000  1000
 100   1000  1000  1000  1000  1000  1000  1000  1000  1000  1000  1000  1000  1000  1000  1000  1000  1000  1000  1000  1000
       1000  1000  1000  1000  1000  1000  1000  1000  1000  1000  1000  1000  1000  1000  1000  1000  1000  1000  1000  1000
       1000
 101   1000  1000  1000  1000  1000  1000  1000  1000  1000  1000  1000  1000  1000  1000  1000  1000  1000  1000  1000  1000
       1000  1000  1000  1000  1000  1000  1000  1000  1000  1000  1000  1000  1000  1000  1000  1000  1000  1000  1000  1000
 102   1000  1000  1000  1000  1000  1000  1000  1000  1000  1000  1000  1000  1000  1000  1000  1000  1000  1000  1000  1000
       1000  1000  1000  1000  1000  1000  1000  1000  1000  1000  1000  1000  1000  1000  1000  1000  1000  1000  1000
 103   1000  1000  1000  1000  1000  1000  1000  1000  1000  1000  1000  1000  1000  1000  1000  1000  1000  1000  1000  1000
       1000  1000  1000  1000  1000  1000  1000  1000  1000  1000  1000  1000  1000  1000  1000  1000  1000  1000
 104   1000  1000  1000  1000  1000  1000  1000  1000  1000  1000  1000  1000  1000  1000  1000  1000  1000  1000  1000  1000
       1000  1000  1000  1000  1000  1000  1000  1000  1000  1000  1000  1000  1000  1000  1000  1000  1000
 105   1000  1000  1000  1000  1000  1000  1000  1000  1000  1000  1000  1000  1000  1000  1000  1000  1000  1000  1000  1000
       1000  1000  1000  1000  1000  1000  1000  1000  1000  1000  1000  1000  1000  1000  1000  1000
 106   1000  1000  1000  1000  1000  1000  1000  1000  1000  1000  1000  1000  1000  1000  1000  1000  1000  1000  1000  1000
       1000  1000  1000  1000  1000  1000  1000  1000  1000  1000  1000  1000  1000  1000  1000
 107   1000  1000  1000  1000  1000  1000  1000  1000  1000  1000  1000  1000  1000  1000  1000  1000  1000  1000  1000  1000
       1000  1000  1000  1000  1000  1000  1000  1000  1000  1000  1000  1000  1000  1000
 108   1000  1000  1000  1000  1000  1000  1000  1000  1000  1000  1000  1000  1000  1000  1000  1000  1000  1000  1000  1000
       1000  1000  1000  1000  1000  1000  1000  1000  1000  1000  1000  1000  1000
 109   1000  1000  1000  1000  1000  1000  1000  1000  1000  1000  1000  1000  1000  1000  1000  1000  1000  1000  1000  1000
       1000  1000  1000  1000  1000  1000  1000  1000  1000  1000  1000  1000
 110   1000  1000  1000  1000  1000  1000  1000  1000  1000  1000  1000  1000  1000  1000  1000  1000  1000  1000  1000  1000
       1000  1000  1000  1000  1000  1000  1000  1000  1000  1000  1000
 111   1000  1000  1000  1000  1000  1000  1000  1000  1000  1000  1000  1000  1000  1000  1000  1000  1000  1000  1000  1000
       1000  1000  1000  1000  1000  1000  1000  1000  1000  1000
 112   1000  1000  1000  1000  1000  1000  1000  1000  1000  1000  1000  1000  1000  1000  1000  1000  1000  1000  1000  1000
       1000  1000  1000  1000  1000  1000  1000  1000  1000
 113   1000  1000  1000  1000  1000  1000  1000  1000  1000  1000  1000  1000  1000  1000  1000  1000  1000  1000  1000  1000
       1000  1000  1000  1000  1000  1000  1000  1000
 114   1000  1000  1000  1000  1000  1000  1000  1000  1000  1000  1000  1000  1000  1000  1000  1000  1000  1000  1000  1000
       1000  1000  1000  1000  1000  1000  1000
 115   1000  1000  1000  1000  1000  1000  1000  1000  1000  1000  1000  1000  1000  1000  1000  1000  1000  1000  1000  1000
       1000  1000  1000  1000  1000  1000
 116   1000  1000  1000  1000  1000  1000  1000  1000  1000  1000  1000  1000  1000  1000  1000  1000  1000  1000  1000  1000
       1000  1000  1000  1000  1000
 117   1000  1000  1000  1000  1000  1000  1000  1000  1000  1000  1000  1000  1000  1000  1000  1000  1000  1000  1000  1000
       1000  1000  1000  1000
 118   1000  1000  1000  1000  1000  1000  1000  1000  1000  1000  1000  1000  1000  1000  1000  1000  1000  1000  1000  1000
       1000  1000  1000
 119   1000  1000  1000  1000  1000  1000  1000  1000  1000  1000  1000  1000  1000  1000  1000  1000  1000  1000  1000  1000
       1000  1000
 120   1000  1000  1000  1000  1000  1000  1000  1000  1000  1000  1000  1000  1000  1000  1000  1000  1000  1000  1000  1000
       1000
 121   1000  1000  1000  1000  1000  1000  1000  1000  1000  1000  1000  1000  1000  1000  1000  1000  1000  1000  1000  1000
 122   1000  1000  1000  1000  1000  1000  1000  1000  1000  1000  1000  1000  1000  1000  1000  1000  1000  1000  1000
 123   1000  1000  1000  1000  1000  1000  1000  1000  1000  1000  1000  1000  1000  1000  1000  1000  1000  1000
 124   1000  1000  1000  1000  1000  1000  1000  1000  1000  1000  1000  1000  1000  1000  1000  1000  1000
 125   1000  1000  1000  1000  1000  1000  1000  1000  1000  1000  1000  1000  1000  1000  1000  1000
 126   1000  1000  1000  1000  1000  1000  1000  1000  1000  1000  1000  1000  1000  1000  1000
 127   1000  1000  1000  1000  1000  1000  1000  1000  1000  1000  1000  1000  1000  1000
 128   1000  1000  1000  1000  1000  1000  1000  1000  1000  1000  1000  1000  1000
 129   1000  1000  1000  1000  1000  1000  1000  1000  1000  1000  1000  1000
 130   1000  1000  1000  1000  1000  1000  1000  1000  1000  1000  1000
 131   1000  1000  1000  1000  1000  1000  1000  1000  1000  1000
 132   1000  1000  1000  1000  1000  1000  1000  1000  1000
 133   1000  1000  1000  1000  1000  1000  1000  1000
 134   1000  1000  1000  1000  1000  1000  1000
 135   1000  1000  1000  1000  1000  1000
 136   1000  1000  1000  1000  1000
 137   1000  1000  1000  1000
 138   1000  1000  1000
 139   1000  1000
 140   1000

 Finished!
