NIF_RUN Passive 18x snout on TANDM 90-348 Pinhole
  140    5    1    0    0
   0.00500   9.00000   0.00500   0.00100
   0.0000000   0   0 1.00000000E+00   1.0000000
ZR902    1.706E-12 0.010       0.00       0.00        (    )
IN115N   4.881E-13 0.007       0.00       0.00        (    )
AU197G   8.079E-14 0.010       0.00 AUNG  3.94 IFX    (ISTP)
IN115G   1.161E-13 0.020       0.00 INNG 39.37 IFX    (ISTP)
AU1972   1.218E-11 0.053       0.00       0.00        (    )
Flux Uncertainty
   4
 1.0000E-11 1.2900E+01 1.2990E+01 2.0100E+01
 1.0000E+00 1.0000E+00 1.0000E-01 3.0000E-02
Input Flux Spectrum
 140   1 1.000E+00 2.000E+01 5.000E-08
 7.3506E+13 5.6065E+12 3.1672E+12 1.3507E+12 1.2443E+12 7.3714E+11 4.5642E+11
 2.5413E+11 1.4700E+11 9.1495E+10 4.5185E+10 2.5298E+10 1.4835E+10 8.7198E+07
 4.5924E+07 2.7642E+07 1.6704E+07 9.6573E+07 4.7458E+07 3.4038E+07 1.7677E+07
 9.5986E+07 6.5163E+07 5.1275E+07 4.6192E+07 2.9489E+07 2.2678E+07 1.5886E+07
 1.3339E+07 9.1674E+07 5.9620E+07 5.3475E+07 3.3117E+07 3.1456E+07 2.5143E+07
 1.4171E+07 1.4009E+07 8.8295E+07 9.6343E+07 5.6287E+07 4.7567E+07 3.3812E+07
 3.1431E+07 2.3495E+07 1.4419E+07 1.4385E+07 1.1667E+07 7.4561E+07 6.8955E+07
 4.2272E+07 4.2239E+07 3.7148E+07 3.7129E+07 3.0929E+07 3.0919E+07 2.6496E+07
 2.6490E+07 3.0899E+07 2.3172E+07 2.3168E+07 1.8533E+07 1.8532E+07 1.8529E+07
 1.8529E+07 1.5439E+07 1.5439E+07 1.5556E+07 1.5528E+07 1.1700E+07 1.1792E+07
 4.7771E+07 4.8722E+07 5.0201E+07 5.2441E+07 5.5749E+07 4.0321E+07 4.4708E+07
 5.0661E+07 4.3815E+07 5.1052E+07 5.9566E+07 6.8756E+07 6.1904E+07 6.6859E+07
 6.8121E+07 4.5650E+07 3.8176E+07 2.3550E+07 1.2361E+07 2.5487E+07 2.0707E+07
 5.3886E+07 1.1977E+07 1.1577E+12 1.6971E+12 0.0000E+00 0.0000E+00 0.0000E+00
 0.0000E+00 0.0000E+00 0.0000E+00 0.0000E+00 0.0000E+00 0.0000E+00 0.0000E+00
 0.0000E+00 0.0000E+00 0.0000E+00 0.0000E+00 0.0000E+00 0.0000E+00 0.0000E+00
 0.0000E+00 0.0000E+00 0.0000E+00 0.0000E+00 0.0000E+00 0.0000E+00 0.0000E+00
 0.0000E+00 0.0000E+00 0.0000E+00 0.0000E+00 0.0000E+00 0.0000E+00 0.0000E+00
 0.0000E+00 0.0000E+00 0.0000E+00 0.0000E+00 0.0000E+00 0.0000E+00 0.0000E+00
 0.0000E+00 0.0000E+00 0.0000E+00 0.0000E+00 0.0000E+00 0.0000E+00 0.0000E+00
   10   13   28   11    8    5    8    7   10   40



                         ==============================
                               STAYSL PNNL OUTPUT
                         ==============================

 STAYSL PNNL, version 1.2.0, 2015-08-05


 SCENARIO TITLE: NIF_RUN Passive 18x snout on TANDM 90-348 Pinhole
 -------------------------------------------------------------------------------
  NGROUP =   140    NRXN =     5    ACTIVITY NORM = 1.00000E+00

  COVARIANCE PARAMETERS (FCHN, FCVX, ACVX, FS)
    FLUXES:      WIDTH =  9.0000E+00   LONG RANGE COVAR. =  5.0000E-03
            ACTIVITIES =  5.0000E-03   X-SECT CROSS COR. =  1.0000E-03

    DETERM =   3.1958 × 10^  -5.00      ERROR =  -1.0347E-13

  INPUT NORMALIZATION DATA
    AK1   =     0.00000     VAK        =     0.00003
    NORML =           0     RENORM     = 1.39918E+00
    CHI²  = 10392.19880     NORM. CHI² =  2598.04970
     (logarithmic limit was applied to low fluxes)

  DOSIMETRY ACTIVITIES
     ———— INPUTS —————  -UNADJUSTED FLUX-  — ADJUSTED FLUX —    CHI²  90% ACTIVITIES RANGE
 RXN  MEASURED     ±%   ACTIVITY    %DIFF  ACTIVITY    %DIFF  CONTRIB --LOW E-- --HIGH E--   REACTION          CVR
  1  1.706E-12    1.00  2.406E-12   41.00  1.722E-12    0.91  511.343  1.30E+01  1.40E+01  ZR90(N,2N)ZR89          
  2  4.881E-13    0.70  2.746E-13  -43.74  1.969E-13  -59.66  805.457  1.30E+01  1.40E+01  IN115(N,N')IN115M       
  3  8.079E-14    1.00  5.211E-15  -93.55  4.223E-15  -94.77 7275.425  1.00E-10  1.40E+01  AU197(N,G)AU198         
  4  1.161E-13    2.00  3.872E-15  -96.67  3.073E-15  -97.35 1773.460  1.00E-08  1.40E+01  IN115(N,G)IN116M        
  5  1.218E-11    5.30  8.457E-12  -30.56  6.054E-12  -50.29   26.513  1.30E+01  1.40E+01  AU197(N,2N)AU196        

             % STD. DEV.  =         75.21              78.34

                              CHECK INPUT, IT IS RATHER UNLIKELY !
                                   *** BEWARE OF OUTPUT ! ***


  DIFFERENTIAL FLUXES (input is normalized by a factor of 1.3992E+00)
                  —————— DIFFERENTIAL FLUX —————   ———— STD. DEV. % ————   INTEGRAL
 GRP    ENERGY        NEW         OLD      RATIO    NEW     OLD    RATIO   FLUX > E     ± %
   1  1.0000E-10  7.9209E+14  1.0285E+14   7.702   99.71  100.00   0.997  2.8610E+12    1.06
   2  1.0000E-09  6.1335E+13  7.8445E+12   7.819   99.70  100.00   0.997  2.8610E+12    1.06
   3  1.0000E-08  3.4500E+13  4.4315E+12   7.785   99.71  100.00   0.997  2.8610E+12    1.06
   4  2.3000E-08  1.4372E+13  1.8899E+12   7.605   99.73  100.00   0.997  2.8610E+12    1.06
   5  5.0000E-08  1.2694E+13  1.7410E+12   7.291   99.75  100.00   0.998  2.8610E+12    1.06
   6  7.6000E-08  7.0814E+12  1.0314E+12   6.866   99.79  100.00   0.998  2.8610E+12    1.06
   7  1.1500E-07  4.0592E+12  6.3862E+11   6.356   99.82  100.00   0.998  2.8610E+12    1.06
   8  1.7000E-07  2.0594E+12  3.5557E+11   5.792   99.86  100.00   0.999  2.8610E+12    1.06
   9  2.5500E-07  1.0700E+12  2.0568E+11   5.202   99.89  100.00   0.999  2.8610E+12    1.06
  10  3.8000E-07  5.9077E+11  1.2802E+11   4.615   99.92  100.00   0.999  2.8610E+12    1.06
  11  5.5000E-07  2.5615E+11  6.3222E+10   4.052   99.94  100.00   0.999  2.8610E+12    1.06
  12  8.4000E-07  1.2497E+11  3.5397E+10   3.530   99.96  100.00   1.000  2.8610E+12    1.06
  13  1.2750E-06  6.3572E+10  2.0757E+10   3.063   99.97  100.00   1.000  2.8610E+12    1.06
  14  1.9000E-06  3.2386E+08  1.2201E+08   2.654   99.98  100.00   1.000  2.8610E+12    1.06
  15  2.8000E-06  1.4826E+08  6.4256E+07   2.307   99.99  100.00   1.000  2.8610E+12    1.06
  16  4.2500E-06  7.8092E+07  3.8676E+07   2.019   99.99  100.00   1.000  2.8610E+12    1.06
  17  6.3000E-06  4.1727E+07  2.3372E+07   1.785  100.00  100.00   1.000  2.8610E+12    1.06
  18  9.2000E-06  2.1618E+08  1.3512E+08   1.600  100.00  100.00   1.000  2.8610E+12    1.06
  19  1.3500E-05  9.6675E+07  6.6402E+07   1.456  100.00  100.00   1.000  2.8610E+12    1.06
  20  2.1000E-05  6.4138E+07  4.7625E+07   1.347  100.00  100.00   1.000  2.8610E+12    1.06
  21  3.0000E-05  3.1312E+07  2.4733E+07   1.266  100.00  100.00   1.000  2.8610E+12    1.06
  22  4.5000E-05  1.6225E+08  1.3430E+08   1.208  100.00  100.00   1.000  2.8610E+12    1.06
  23  6.9000E-05  1.0651E+08  9.1175E+07   1.168  100.00  100.00   1.000  2.8610E+12    1.06
  24  1.0000E-04  8.1954E+07  7.1743E+07   1.142  100.00  100.00   1.000  2.8610E+12    1.06
  25  1.3500E-04  7.2850E+07  6.4631E+07   1.127  100.00  100.00   1.000  2.8610E+12    1.06
  26  1.7000E-04  4.6219E+07  4.1261E+07   1.120  100.00  100.00   1.000  2.8610E+12    1.06
  27  2.2000E-04  3.5516E+07  3.1731E+07   1.119  100.00  100.00   1.000  2.8610E+12    1.06
  28  2.8000E-04  2.4962E+07  2.2227E+07   1.123  100.00  100.00   1.000  2.8610E+12    1.06
  29  3.6000E-04  2.1088E+07  1.8664E+07   1.130  100.00  100.00   1.000  2.8610E+12    1.06
  30  4.5000E-04  1.4617E+08  1.2827E+08   1.140  100.00  100.00   1.000  2.8610E+12    1.06
  31  5.7500E-04  9.6033E+07  8.3419E+07   1.151  100.00  100.00   1.000  2.8610E+12    1.06
  32  7.6000E-04  8.7109E+07  7.4821E+07   1.164  100.00  100.00   1.000  2.8610E+12    1.06
  33  9.6000E-04  5.4601E+07  4.6337E+07   1.178  100.00  100.00   1.000  2.8610E+12    1.06
  34  1.2750E-03  5.2523E+07  4.4013E+07   1.193  100.00  100.00   1.000  2.8610E+12    1.06
  35  1.6000E-03  4.2538E+07  3.5180E+07   1.209  100.00  100.00   1.000  2.8610E+12    1.06
  36  2.0000E-03  2.4304E+07  1.9828E+07   1.226  100.00  100.00   1.000  2.8610E+12    1.06
  37  2.7000E-03  2.4367E+07  1.9601E+07   1.243  100.00  100.00   1.000  2.8610E+12    1.06
  38  3.4000E-03  1.5584E+08  1.2354E+08   1.261  100.00  100.00   1.000  2.8610E+12    1.06
  39  4.5000E-03  1.7264E+08  1.3480E+08   1.281  100.00  100.00   1.000  2.8610E+12    1.06
  40  5.5000E-03  1.0246E+08  7.8756E+07   1.301  100.00  100.00   1.000  2.8610E+12    1.06
  41  7.2000E-03  8.8020E+07  6.6555E+07   1.323  100.00  100.00   1.000  2.8610E+12    1.06
  42  9.2000E-03  6.3634E+07  4.7309E+07   1.345  100.00  100.00   1.000  2.8610E+12    1.06
  43  1.2000E-02  6.0184E+07  4.3978E+07   1.369  100.00  100.00   1.000  2.8610E+12    1.06
  44  1.5000E-02  4.5777E+07  3.2874E+07   1.393  100.00  100.00   1.000  2.8610E+12    1.06
  45  1.9000E-02  2.8579E+07  2.0175E+07   1.417  100.00  100.00   1.000  2.8610E+12    1.06
  46  2.5500E-02  2.8984E+07  2.0127E+07   1.440  100.00  100.00   1.000  2.8610E+12    1.06
  47  3.2000E-02  2.3869E+07  1.6324E+07   1.462  100.00  100.00   1.000  2.8610E+12    1.06
  48  4.0000E-02  1.5463E+08  1.0432E+08   1.482  100.00  100.00   1.000  2.8610E+12    1.06
  49  5.2500E-02  1.4466E+08  9.6481E+07   1.499  100.00  100.00   1.000  2.8610E+12    1.06
  50  6.6000E-02  8.9486E+07  5.9146E+07   1.513  100.00  100.00   1.000  2.8610E+12    1.06
  51  8.8000E-02  8.9985E+07  5.9100E+07   1.523  100.00  100.00   1.000  2.8610E+12    1.06
  52  1.1000E-01  7.9423E+07  5.1977E+07   1.528  100.00  100.00   1.000  2.8610E+12    1.06
  53  1.3500E-01  7.9458E+07  5.1950E+07   1.529  100.00  100.00   1.000  2.8610E+12    1.06
  54  1.6000E-01  6.6102E+07  4.3275E+07   1.527  100.00  100.00   1.000  2.8610E+12    1.06
  55  1.9000E-01  6.5881E+07  4.3261E+07   1.523  100.00  100.00   1.000  2.8610E+12    1.06
  56  2.2000E-01  5.6234E+07  3.7073E+07   1.517  100.00  100.00   1.000  2.8610E+12    1.06
  57  2.5500E-01  5.6004E+07  3.7064E+07   1.511  100.00  100.00   1.000  2.8610E+12    1.06
  58  2.9000E-01  6.5153E+07  4.3233E+07   1.507  100.00  100.00   1.000  2.8610E+12    1.06
  59  3.2000E-01  4.8854E+07  3.2422E+07   1.507  100.00  100.00   1.000  2.8610E+12    1.06
  60  3.6000E-01  4.9026E+07  3.2416E+07   1.512  100.00  100.00   1.000  2.8610E+12    1.06
  61  4.0000E-01  3.9559E+07  2.5931E+07   1.526  100.00  100.00   1.000  2.8610E+12    1.06
  62  4.5000E-01  4.0138E+07  2.5930E+07   1.548  100.00  100.00   1.000  2.8610E+12    1.06
  63  5.0000E-01  4.0988E+07  2.5925E+07   1.581  100.00  100.00   1.000  2.8610E+12    1.06
  64  5.5000E-01  4.2138E+07  2.5925E+07   1.625  100.00  100.00   1.000  2.8610E+12    1.06
  65  6.0000E-01  3.6319E+07  2.1602E+07   1.681  100.00  100.00   1.000  2.8610E+12    1.06
  66  6.6000E-01  3.7764E+07  2.1602E+07   1.748  100.00  100.00   1.000  2.8610E+12    1.06
  67  7.2000E-01  3.9781E+07  2.1766E+07   1.828  100.00  100.00   1.000  2.8610E+12    1.06
  68  7.8000E-01  4.1520E+07  2.1727E+07   1.911  100.00  100.00   1.000  2.8610E+12    1.06
  69  8.4000E-01  3.2769E+07  1.6370E+07   2.002   99.99  100.00   1.000  2.8610E+12    1.06
  70  9.2000E-01  3.4569E+07  1.6499E+07   2.095   99.99  100.00   1.000  2.8610E+12    1.06
  71  1.0000E+00  1.4629E+08  6.6840E+07   2.189   99.99  100.00   1.000  2.8610E+12    1.06
  72  1.2000E+00  1.5540E+08  6.8171E+07   2.280   99.99  100.00   1.000  2.8609E+12    1.06
  73  1.4000E+00  1.6620E+08  7.0240E+07   2.366   99.99  100.00   1.000  2.8609E+12    1.06
  74  1.6000E+00  1.7956E+08  7.3375E+07   2.447   99.99  100.00   1.000  2.8609E+12    1.06
  75  1.8000E+00  1.9676E+08  7.8003E+07   2.522   99.98  100.00   1.000  2.8608E+12    1.06
  76  2.0000E+00  1.4628E+08  5.6416E+07   2.593   99.97  100.00   1.000  2.8608E+12    1.06
  77  2.3000E+00  1.6639E+08  6.2555E+07   2.660   99.95  100.00   1.000  2.8608E+12    1.06
  78  2.6000E+00  1.9315E+08  7.0884E+07   2.725   99.91  100.00   0.999  2.8607E+12    1.06
  79  2.9000E+00  1.7097E+08  6.1305E+07   2.789   99.83  100.00   0.998  2.8606E+12    1.06
  80  3.3000E+00  2.0361E+08  7.1431E+07   2.851   99.69  100.00   0.997  2.8606E+12    1.06
  81  3.7000E+00  2.4224E+08  8.3344E+07   2.906   99.41  100.00   0.994  2.8605E+12    1.06
  82  4.1000E+00  2.8373E+08  9.6202E+07   2.949   98.92  100.00   0.989  2.8604E+12    1.05
  83  4.5000E+00  2.5703E+08  8.6615E+07   2.967   98.09  100.00   0.981  2.8603E+12    1.05
  84  5.0000E+00  2.7550E+08  9.3548E+07   2.945   96.74  100.00   0.967  2.8602E+12    1.05
  85  5.5000E+00  2.7289E+08  9.5314E+07   2.863   94.66  100.00   0.947  2.8600E+12    1.05
  86  6.0000E+00  1.7252E+08  6.3873E+07   2.701   91.59  100.00   0.916  2.8599E+12    1.05
  87  6.7000E+00  1.3032E+08  5.3415E+07   2.440   87.27  100.00   0.873  2.8598E+12    1.05
  88  7.4000E+00  6.8029E+07  3.2951E+07   2.065   81.46  100.00   0.815  2.8597E+12    1.05
  89  8.2000E+00  2.7142E+07  1.7295E+07   1.569   73.99  100.00   0.740  2.8596E+12    1.05
  90  9.0000E+00  3.4191E+07  3.5661E+07   0.959   64.76  100.00   0.648  2.8596E+12    1.05
  91  1.0000E+01  7.2592E+06  2.8973E+07   0.251   53.88  100.00   0.539  2.8596E+12    1.05
  92  1.1000E+01  7.2225E+06  7.5396E+07   0.096   41.63  100.00   0.416  2.8596E+12    1.05
  93  1.2000E+01  2.0511E+06  1.6758E+07   0.122   15.75   54.99   0.286  2.8595E+12    1.05
  94  1.3000E+01  1.1612E+12  1.6198E+12   0.717    1.48    9.07   0.163  2.8595E+12    1.05
  95  1.4000E+01  1.6983E+12  2.3746E+12   0.715    1.04    7.45   0.140  1.6983E+12    1.04
      1.5000E+01

  INTEGRALS OF SPECTRA
    OLD SPECTRUM   3.9951E+12   ±    8.085 %
    NEW SPECTRUM   2.8610E+12   ±    1.055 %

  SUMMARY OF BROAD-GROUP FLUXES, FLUENCES, AND UNCERTAINTIES

    IRRAD TIME [S] = 1.00000000E+00   ACT NORM =  1.00000000E+00

       ENERGY       FLUX       FLUENCE      STDEV %
      thermal    3.3401E+06  3.3401E+06  ±  92.78     (0.100 meV – 0.550  eV)
     epithermal  9.9671E+06  9.9671E+06  ±  88.88     (0.550  eV – 110.0 keV)
        fast     2.8610E+12  2.8610E+12  ±   1.06     (110.0 keV –  20.0 MeV)
        fast     2.8610E+12  2.8610E+12  ±   1.06     (  1.0 MeV –  20.0 MeV)
        high     0.0000E+00  0.0000E+00  ±   0.00     ( 20.0 MeV –  60.0 MeV)

    MINI-SPECTRUM

       ENERGY       FLUX       FLUENCE      STDEV %
     1.0000E-10  3.3401E+06  3.3401E+06  ±  92.78
     5.5000E-07  1.7906E+05  1.7906E+05  ±  95.58
     1.0000E-04  9.7880E+06  9.7880E+06  ±  90.49
     1.1000E-01  2.1714E+07  2.1714E+07  ±  89.98
     5.0000E-01  1.8866E+07  1.8866E+07  ±  94.22
     1.0000E+00  1.6884E+08  1.6884E+08  ±  97.63
     2.0000E+00  6.4048E+08  6.4048E+08  ±  94.10
     5.0000E+00  5.9651E+08  5.9651E+08  ±  87.62
     1.0000E+01  2.8596E+12  2.8596E+12  ±   1.05
     2.0000E+01  0.0000E+00  0.0000E+00  ±   0.00
     6.0000E+01

       TOTAL     2.8610E+12  2.8610E+12  ±   1.06

    RELATIVE COVARIANCES (10×10)
     1000   509     0     0     0     0     0     0    10     0
     1000     0     0     0     0     0     0     4     0
     1000   542    38     1     0     0     1     0
     1000   434    84     7     0     1     0
     1000   652   164    23     0     0
     1000   582   177     1     0
     1000   753    36     0
     1000   129     0
     1000     0
        0

  SPECTRAL-AVERAGED REACTION RATES (for all cross section library reactions)

        REACTIONS        SIG-PHI      <SIG>          REACTIONS        SIG-PHI      <SIG>          REACTIONS        SIG-PHI      <SIG>  
   ------------------  ----------  ----------   ------------------  ----------  ----------   ------------------  ----------  ----------
   LI6(N,A)T           8.1865E-14  2.8614E-26   FE58(N,G)FE59       2.8119E-15  9.8282E-28   IN115(N,N')IN115M   1.9692E-13  6.8829E-26
   B10(N,A)LI7         1.5825E-13  5.5313E-26   CO59(N,2N)CO58      1.9564E-12  6.8382E-25   IN115(N,2N)IN114M   3.7886E-12  1.3242E-24
   F19(N,2N)F18        1.0295E-13  3.5985E-26   CO59(N,3N)CO57      0.0000E+00  0.0000E+00   IN115(N,G)IN116M    4.3237E-15  1.5112E-27
   NA23(N,2N)NA22      6.2865E-14  2.1973E-26   CO59(N,G)CO60       2.8137E-15  9.8345E-28   I127(N,2N)I126      4.1462E-12  1.4492E-24
   NA23(N,G)NA24       6.1697E-16  2.1565E-28   CO59(N,P)FE59       1.4228E-13  4.9730E-26   LA139(N,G)LA140     3.1146E-15  1.0886E-27
   MG24(N,P)NA24       5.3489E-13  1.8696E-25   CO59(N,A)MN56       8.8333E-14  3.0875E-26   PR141(N,2N)PR140    4.6440E-12  1.6232E-24
   AL27(N,P)MG27       2.1501E-13  7.5153E-26   NI58(N,2N)NI57      6.7942E-14  2.3747E-26   TM169(N,2N)TM168    5.6385E-12  1.9708E-24
   AL27(N,A)NA24       3.4066E-13  1.1907E-25   NI58(N,P)CO58       1.0190E-12  3.5618E-25   TM169(N,3N)TM167    3.4935E-17  1.2211E-29
   SI28(N,P)AL28       7.5733E-13  2.6471E-25   NI60(N,P)CO60       4.1630E-13  1.4551E-25   TA181(N,G)TA182     2.1370E-16  7.4693E-29
   P31(N,P)SI31        2.6560E-13  9.2833E-26   CU63(N,2N)CU62      1.2732E-12  4.4501E-25   W186(N,G)W187       4.2324E-15  1.4793E-27
   S32(N,P)P32         7.1012E-13  2.4821E-25   CU63(N,G)CU64       7.7916E-15  2.7234E-27   AU197(N,2N)AU196    6.0544E-12  2.1162E-24
   TI46(N,2N)TI45      5.8241E-14  2.0357E-26   CU63(N,A)CO60       1.2818E-13  4.4801E-26   AU197(N,G)AU198     4.5222E-15  1.5806E-27
   TI46(N,P)SC46       7.2805E-13  2.5447E-25   CU65(N,2N)CU64      2.5120E-12  8.7800E-25   HG199(N,N')HG199M   4.4384E-13  1.5513E-25
   TI47(N,P)SC47       3.7563E-13  1.3129E-25   ZN64(N,P)CU64       5.0029E-13  1.7487E-25   PB204(N,N')PB204M   2.1998E-13  7.6889E-26
   TI47(N,X)SC46       1.1797E-13  4.1235E-26   ZN67(N,P)CU67       9.6653E-14  3.3783E-26   BI209(N,3N)BI207    1.0070E-15  3.5199E-28
   TI48(N,P)SC48       1.7616E-13  6.1572E-26   AS75(N,2N)AS74      2.7049E-12  9.4545E-25   TH232(N,FISSION)    1.0315E-12  3.6052E-25
   TI48(N,X)SC47       2.1161E-14  7.3961E-27   Y89(N,2N)Y88        2.3769E-12  8.3079E-25   TH232(N,G)TH233     3.2087E-15  1.1215E-27
   TI49(N,X)SC48       1.1657E-14  4.0745E-27   ZR90(N,2N)ZR89      1.7216E-12  6.0174E-25   U235(N,FISSION)     5.8711E-12  2.0521E-24
   V51(N,A)SC48        4.3281E-14  1.5128E-26   NB93(N,G)NB94       2.5293E-15  8.8405E-28   U235(N,G)U236       4.2956E-15  1.5014E-27
   CR52(N,2N)CR51      7.7818E-13  2.7199E-25   NB93(N,N')NB93M     1.1383E-13  3.9788E-26   U238(N,2N)U237      2.7300E-12  9.5421E-25
   MN55(N,2N)MN54      1.9982E-12  6.9841E-25   NB93(N,2N)NB92M     1.3063E-12  4.5660E-25   U238(N,FISSION)     3.2695E-12  1.1428E-24
   MN55(N,G)MN56       1.8938E-15  6.6194E-28   MO92(N,P)NB92M      2.0529E-13  7.1756E-26   U238(N,G)U239       2.5063E-15  8.7601E-28
   FE54(N,2N)FE53      9.7751E-15  3.4166E-27   RH103(N,N')RH103M   8.7045E-13  3.0424E-25   NP237(N,FISSION)    6.1861E-12  2.1622E-24
   FE54(N,P)MN54       9.7102E-13  3.3940E-25   AG109(N,G)AG110M    5.9126E-16  2.0666E-28   PU239(N,FISSION)    6.8743E-12  2.4027E-24
   FE54(N,A)CR51       2.5039E-13  8.7516E-26   IN113(N,N')IN113M   1.7322E-13  6.0544E-26   AM241(N,FISSION)    7.5217E-12  2.6290E-24
   FE56(N,P)MN56       3.1946E-13  1.1166E-25   IN113(N,G)IN114M    3.0473E-15  1.0651E-27   SC45(N,G)SC46       2.2150E-15  7.7420E-28

  INPUT FLUX REL. CORRELATION MATRIX (by row from diagonal)
   1   1000   988   952   895   821   734   641   546   454   368   291   225   169   124    89    62    42    28    18    12
          7     4     3     1     1     0     0     0     0     0     0     0     0     0     0     0     0     0     0     0
          0     0     0     0     0     0     0     0     0     0     0     0     0     0     0     0     0     0     0     0
          0     0     0     0     0     0     0     0     0     0     0     0     0     0     0     0     0     0     0     0
          0     0     0     0     0     0     0     0     0     0     0     0     0     0     0     0     0     1     1     1
          2     5     5     5     5     5     5     5     5     5     5     5     5     5     5     5     5     5     5     5
          5     5     5     5     5     5     5     5     5     5     5     5     5     5     5     5     5     5     5     5

  OUTPUT FLUX REL. CORRELATION MATRIX (by row from diagonal)
   1   1000   988   952   894   820   733   640   544   452   366   289   223   168   123    88    62    42    28    18    11
          7     4     2     1     1     0     0     0     0     0     0     0     0     0     0     0     0     0     0     0
          0     0     0     0     0     0     0     0     0     0     0     0     0     0     0     0     0     0     0     0
          0     0     0     0     0     0     0     0     0     0     0     0     0     0     0     0     0     0     0     0
          0     0     0     0     0     0     0     0     1     1     1     2     3     8    10     6     4     3     3     2
          3     5     5     5     5     5     5     5     5     5     5     5     5     5     5     5     5     5     5     5
          5     5     5     5     5     5     5     5     5     5     5     5     5     5     5     5     5     5     5     5
   2   1000   988   952   894   820   733   640   545   452   367   290   224   168   123    88    62    42    28    18    11
          7     4     2     1     1     0     0     0     0     0     0     0     0     0     0     0     0     0     0     0
          0     0     0     0     0     0     0     0     0     0     0     0     0     0     0     0     0     0     0     0
          0     0     0     0     0     0     0     0     0     0     0     0     0     0     0     0     0     0     0     0
          0     0     0     0     0     0     0     1     1     1     2     3     8    10     6     4     3     3     2     3
          5     5     5     5     5     5     5     5     5     5     5     5     5     5     5     5     5     5     5     5
          5     5     5     5     5     5     5     5     5     5     5     5     5     5     5     5     5     5     5
   3   1000   988   952   894   820   734   640   545   453   367   290   224   168   124    89    62    42    28    18    11
          7     4     2     1     1     0     0     0     0     0     0     0     0     0     0     0     0     0     0     0
          0     0     0     0     0     0     0     0     0     0     0     0     0     0     0     0     0     0     0     0
          0     0     0     0     0     0     0     0     0     0     0     0     0     0     0     0     0     0     0     0
          0     0     0     0     0     0     1     1     1     2     3     8    10     6     4     3     3     2     3     5
          5     5     5     5     5     5     5     5     5     5     5     5     5     5     5     5     5     5     5     5
          5     5     5     5     5     5     5     5     5     5     5     5     5     5     5     5     5     5
   4   1000   988   952   894   820   734   641   545   453   367   291   224   169   124    89    62    42    28    18    12
          7     4     2     1     1     0     0     0     0     0     0     0     0     0     0     0     0     0     0     0
          0     0     0     0     0     0     0     0     0     0     0     0     0     0     0     0     0     0     0     0
          0     0     0     0     0     0     0     0     0     0     0     0     0     0     0     0     0     0     0     0
          0     0     0     0     0     1     1     1     2     3     8    10     6     4     3     3     2     3     5     5
          5     5     5     5     5     5     5     5     5     5     5     5     5     5     5     5     5     5     5     5
          5     5     5     5     5     5     5     5     5     5     5     5     5     5     5     5     5
   5   1000   988   952   895   820   734   641   546   453   368   291   224   169   124    89    62    42    28    18    12
          7     4     2     1     1     0     0     0     0     0     0     0     0     0     0     0     0     0     0     0
          0     0     0     0     0     0     0     0     0     0     0     0     0     0     0     0     0     0     0     0
          0     0     0     0     0     0     0     0     0     0     0     0     0     0     0     0     0     0     0     0
          0     0     0     0     0     1     1     2     3     7     9     6     4     3     3     2     3     5     5     5
          5     5     5     5     5     5     5     5     5     5     5     5     5     5     5     5     5     5     5     5
          5     5     5     5     5     5     5     5     5     5     5     5     5     5     5     5
   6   1000   988   952   895   821   734   641   546   454   368   291   224   169   124    89    62    42    28    18    12
          7     4     2     1     1     0     0     0     0     0     0     0     0     0     0     0     0     0     0     0
          0     0     0     0     0     0     0     0     0     0     0     0     0     0     0     0     0     0     0     0
          0     0     0     0     0     0     0     0     0     0     0     0     0     0     0     0     0     0     0     0
          0     0     0     0     1     1     2     3     7     9     5     4     3     2     2     3     5     5     5     5
          5     5     5     5     5     5     5     5     5     5     5     5     5     5     5     5     5     5     5     5
          5     5     5     5     5     5     5     5     5     5     5     5     5     5     5
   7   1000   988   952   895   821   734   641   546   454   368   291   225   169   124    89    62    42    28    18    12
          7     4     2     1     1     0     0     0     0     0     0     0     0     0     0     0     0     0     0     0
          0     0     0     0     0     0     0     0     0     0     0     0     0     0     0     0     0     0     0     0
          0     0     0     0     0     0     0     0     0     0     0     0     0     0     0     0     0     0     0     0
          0     0     0     1     1     1     2     6     8     5     3     3     2     2     3     5     5     5     5     5
          5     5     5     5     5     5     5     5     5     5     5     5     5     5     5     5     5     5     5     5
          5     5     5     5     5     5     5     5     5     5     5     5     5     5
   8   1000   988   952   895   821   734   641   546   454   368   291   225   169   124    89    62    42    28    18    12
          7     4     2     1     1     0     0     0     0     0     0     0     0     0     0     0     0     0     0     0
          0     0     0     0     0     0     0     0     0     0     0     0     0     0     0     0     0     0     0     0
          0     0     0     0     0     0     0     0     0     0     0     0     0     0     0     0     0     0     0     0
          0     0     1     1     1     2     5     7     4     3     2     2     2     3     5     5     5     5     5     5
          5     5     5     5     5     5     5     5     5     5     5     5     5     5     5     5     5     5     5     5
          5     5     5     5     5     5     5     5     5     5     5     5     5
   9   1000   988   952   895   821   735   641   546   454   368   291   225   169   124    89    62    42    28    18    12
          7     4     2     1     1     0     0     0     0     0     0     0     0     0     0     0     0     0     0     0
          0     0     0     0     0     0     0     0     0     0     0     0     0     0     0     0     0     0     0     0
          0     0     0     0     0     0     0     0     0     0     0     0     0     0     0     0     0     0     0     0
          0     0     1     1     2     5     6     4     3     2     2     2     2     5     5     5     5     5     5     5
          5     5     5     5     5     5     5     5     5     5     5     5     5     5     5     5     5     5     5     5
          5     5     5     5     5     5     5     5     5     5     5     5
  10   1000   988   952   895   821   735   641   546   454   368   291   225   169   124    89    62    42    28    18    12
          7     4     2     1     1     0     0     0     0     0     0     0     0     0     0     0     0     0     0     0
          0     0     0     0     0     0     0     0     0     0     0     0     0     0     0     0     0     0     0     0
          0     0     0     0     0     0     0     0     0     0     0     0     0     0     0     0     0     0     0     0
          0     0     1     1     4     5     3     2     2     2     2     2     5     5     5     5     5     5     5     5
          5     5     5     5     5     5     5     5     5     5     5     5     5     5     5     5     5     5     5     5
          5     5     5     5     5     5     5     5     5     5     5
  11   1000   988   952   895   821   735   641   546   454   368   291   225   169   124    89    62    42    28    18    12
          7     4     2     1     1     0     0     0     0     0     0     0     0     0     0     0     0     0     0     0
          0     0     0     0     0     0     0     0     0     0     0     0     0     0     0     0     0     0     0     0
          0     0     0     0     0     0     0     0     0     0     0     0     0     0     0     0     0     0     0     0
          0     1     1     3     5     3     2     2     2     1     2     5     5     5     5     5     5     5     5     5
          5     5     5     5     5     5     5     5     5     5     5     5     5     5     5     5     5     5     5     5
          5     5     5     5     5     5     5     5     5     5
  12   1000   988   952   895   821   735   641   546   454   368   291   225   169   124    89    62    42    28    18    12
          7     4     3     1     1     0     0     0     0     0     0     0     0     0     0     0     0     0     0     0
          0     0     0     0     0     0     0     0     0     0     0     0     0     0     0     0     0     0     0     0
          0     0     0     0     0     0     0     0     0     0     0     0     0     0     0     0     0     0     0     0
          0     1     3     4     3     2     2     1     1     2     5     5     5     5     5     5     5     5     5     5
          5     5     5     5     5     5     5     5     5     5     5     5     5     5     5     5     5     5     5     5
          5     5     5     5     5     5     5     5     5
  13   1000   988   952   895   821   735   641   546   454   368   291   225   169   124    89    62    42    28    18    12
          7     4     3     1     1     0     0     0     0     0     0     0     0     0     0     0     0     0     0     0
          0     0     0     0     0     0     0     0     0     0     0     0     0     0     0     0     0     0     0     0
          0     0     0     0     0     0     0     0     0     0     0     0     0     0     0     0     0     0     0     0
          0     2     3     2     2     1     1     1     2     5     5     5     5     5     5     5     5     5     5     5
          5     5     5     5     5     5     5     5     5     5     5     5     5     5     5     5     5     5     5     5
          5     5     5     5     5     5     5     5
  14   1000   988   952   895   821   734   641   546   454   368   291   225   169   124    89    62    42    28    18    12
          7     4     3     1     1     0     0     0     0     0     0     0     0     0     0     0     0     0     0     0
          0     0     0     0     0     0     0     0     0     0     0     0     0     0     0     0     0     0     0     0
          0     0     0     0     0     0     0     0     0     0     0     0     0     0     0     0     0     0     0     0
          2     3     2     1     1     1     1     2     5     5     5     5     5     5     5     5     5     5     5     5
          5     5     5     5     5     5     5     5     5     5     5     5     5     5     5     5     5     5     5     5
          5     5     5     5     5     5     5
  15   1000   988   952   895   821   734   641   546   454   368   291   225   169   124    89    62    42    28    18    12
          7     4     3     1     1     0     0     0     0     0     0     0     0     0     0     0     0     0     0     0
          0     0     0     0     0     0     0     0     0     0     0     0     0     0     0     0     0     0     0     0
          0     0     0     0     0     0     0     0     0     0     0     0     0     0     0     0     0     0     0     1
          2     2     1     1     1     1     2     5     5     5     5     5     5     5     5     5     5     5     5     5
          5     5     5     5     5     5     5     5     5     5     5     5     5     5     5     5     5     5     5     5
          5     5     5     5     5     5
  16   1000   988   952   895   821   734   641   546   454   368   291   225   169   124    89    62    42    28    18    12
          7     4     3     1     1     0     0     0     0     0     0     0     0     0     0     0     0     0     0     0
          0     0     0     0     0     0     0     0     0     0     0     0     0     0     0     0     0     0     0     0
          0     0     0     0     0     0     0     0     0     0     0     0     0     0     0     0     0     0     1     2
          1     1     1     1     1     2     5     5     5     5     5     5     5     5     5     5     5     5     5     5
          5     5     5     5     5     5     5     5     5     5     5     5     5     5     5     5     5     5     5     5
          5     5     5     5     5
  17   1000   988   952   895   821   734   641   546   454   368   291   225   169   124    89    62    42    28    18    12
          7     4     3     1     1     0     0     0     0     0     0     0     0     0     0     0     0     0     0     0
          0     0     0     0     0     0     0     0     0     0     0     0     0     0     0     0     0     0     0     0
          0     0     0     0     0     0     0     0     0     0     0     0     0     0     0     0     0     1     1     1
          1     1     1     1     2     5     5     5     5     5     5     5     5     5     5     5     5     5     5     5
          5     5     5     5     5     5     5     5     5     5     5     5     5     5     5     5     5     5     5     5
          5     5     5     5
  18   1000   988   952   895   821   734   641   546   454   368   291   225   169   124    89    62    42    28    18    12
          7     4     3     1     1     0     0     0     0     0     0     0     0     0     0     0     0     0     0     0
          0     0     0     0     0     0     0     0     0     0     0     0     0     0     0     0     0     0     0     0
          0     0     0     0     0     0     0     0     0     0     0     0     0     0     0     0     1     1     1     1
          1     1     1     2     5     5     5     5     5     5     5     5     5     5     5     5     5     5     5     5
          5     5     5     5     5     5     5     5     5     5     5     5     5     5     5     5     5     5     5     5
          5     5     5
  19   1000   988   952   895   821   734   641   546   454   368   291   225   169   124    89    62    42    28    18    12
          7     4     3     1     1     0     0     0     0     0     0     0     0     0     0     0     0     0     0     0
          0     0     0     0     0     0     0     0     0     0     0     0     0     0     0     0     0     0     0     0
          0     0     0     0     0     0     0     0     0     0     0     0     0     0     0     0     1     1     1     1
          1     1     2     5     5     5     5     5     5     5     5     5     5     5     5     5     5     5     5     5
          5     5     5     5     5     5     5     5     5     5     5     5     5     5     5     5     5     5     5     5
          5     5
  20   1000   988   952   895   821   734   641   546   454   368   291   225   169   124    89    62    42    28    18    12
          7     4     3     1     1     0     0     0     0     0     0     0     0     0     0     0     0     0     0     0
          0     0     0     0     0     0     0     0     0     0     0     0     0     0     0     0     0     0     0     0
          0     0     0     0     0     0     0     0     0     0     0     0     0     0     0     1     1     1     1     1
          1     2     5     5     5     5     5     5     5     5     5     5     5     5     5     5     5     5     5     5
          5     5     5     5     5     5     5     5     5     5     5     5     5     5     5     5     5     5     5     5
          5
  21   1000   988   952   895   821   734   641   546   454   368   291   225   169   124    89    62    42    28    18    12
          7     4     3     1     1     0     0     0     0     0     0     0     0     0     0     0     0     0     0     0
          0     0     0     0     0     0     0     0     0     0     0     0     0     0     0     0     0     0     0     0
          0     0     0     0     0     0     0     0     0     0     0     0     0     0     1     1     1     1     1     1
          2     5     5     5     5     5     5     5     5     5     5     5     5     5     5     5     5     5     5     5
          5     5     5     5     5     5     5     5     5     5     5     5     5     5     5     5     5     5     5     5
  22   1000   988   952   895   821   734   641   546   454   368   291   225   169   124    89    62    42    28    18    12
          7     4     3     1     1     0     0     0     0     0     0     0     0     0     0     0     0     0     0     0
          0     0     0     0     0     0     0     0     0     0     0     0     0     0     0     0     0     0     0     0
          0     0     0     0     0     0     0     0     0     0     0     0     0     0     1     1     1     1     1     2
          5     5     5     5     5     5     5     5     5     5     5     5     5     5     5     5     5     5     5     5
          5     5     5     5     5     5     5     5     5     5     5     5     5     5     5     5     5     5     5
  23   1000   988   952   895   821   734   641   546   454   368   291   225   169   124    89    62    42    28    18    12
          7     4     3     1     1     0     0     0     0     0     0     0     0     0     0     0     0     0     0     0
          0     0     0     0     0     0     0     0     0     0     0     0     0     0     0     0     0     0     0     0
          0     0     0     0     0     0     0     0     0     0     0     0     0     1     1     1     1     1     2     5
          5     5     5     5     5     5     5     5     5     5     5     5     5     5     5     5     5     5     5     5
          5     5     5     5     5     5     5     5     5     5     5     5     5     5     5     5     5     5
  24   1000   988   952   895   821   734   641   546   454   368   291   225   169   124    89    62    42    28    18    12
          7     4     3     1     1     0     0     0     0     0     0     0     0     0     0     0     0     0     0     0
          0     0     0     0     0     0     0     0     0     0     0     0     0     0     0     0     0     0     0     0
          0     0     0     0     0     0     0     0     0     0     0     0     1     1     1     1     1     2     5     5
          5     5     5     5     5     5     5     5     5     5     5     5     5     5     5     5     5     5     5     5
          5     5     5     5     5     5     5     5     5     5     5     5     5     5     5     5     5
  25   1000   988   952   895   821   734   641   546   454   368   291   225   169   124    89    62    42    28    18    12
          7     4     3     1     1     0     0     0     0     0     0     0     0     0     0     0     0     0     0     0
          0     0     0     0     0     0     0     0     0     0     0     0     0     0     0     0     0     0     0     0
          0     0     0     0     0     0     0     0     0     0     0     1     1     1     1     1     2     5     5     5
          5     5     5     5     5     5     5     5     5     5     5     5     5     5     5     5     5     5     5     5
          5     5     5     5     5     5     5     5     5     5     5     5     5     5     5     5
  26   1000   988   952   895   821   734   641   546   454   368   291   225   169   124    89    62    42    28    18    12
          7     4     3     1     1     0     0     0     0     0     0     0     0     0     0     0     0     0     0     0
          0     0     0     0     0     0     0     0     0     0     0     0     0     0     0     0     0     0     0     0
          0     0     0     0     0     0     0     0     0     0     1     1     1     1     1     2     5     5     5     5
          5     5     5     5     5     5     5     5     5     5     5     5     5     5     5     5     5     5     5     5
          5     5     5     5     5     5     5     5     5     5     5     5     5     5     5
  27   1000   988   952   895   821   734   641   546   454   368   291   225   169   124    89    62    42    28    18    12
          7     4     3     1     1     0     0     0     0     0     0     0     0     0     0     0     0     0     0     0
          0     0     0     0     0     0     0     0     0     0     0     0     0     0     0     0     0     0     0     0
          0     0     0     0     0     0     0     0     0     1     1     1     1     1     2     5     5     5     5     5
          5     5     5     5     5     5     5     5     5     5     5     5     5     5     5     5     5     5     5     5
          5     5     5     5     5     5     5     5     5     5     5     5     5     5
  28   1000   988   952   895   821   734   641   546   454   368   291   225   169   124    89    62    42    28    18    12
          7     4     3     1     1     0     0     0     0     0     0     0     0     0     0     0     0     0     0     0
          0     0     0     0     0     0     0     0     0     0     0     0     0     0     0     0     0     0     0     0
          0     0     0     0     0     0     0     0     1     1     1     1     1     2     5     5     5     5     5     5
          5     5     5     5     5     5     5     5     5     5     5     5     5     5     5     5     5     5     5     5
          5     5     5     5     5     5     5     5     5     5     5     5     5
  29   1000   988   952   895   821   734   641   546   454   368   291   225   169   124    89    62    42    28    18    12
          7     4     3     1     1     0     0     0     0     0     0     0     0     0     0     0     0     0     0     0
          0     0     0     0     0     0     0     0     0     0     0     0     0     0     0     0     0     0     0     0
          0     0     0     0     0     0     0     1     1     1     1     1     2     5     5     5     5     5     5     5
          5     5     5     5     5     5     5     5     5     5     5     5     5     5     5     5     5     5     5     5
          5     5     5     5     5     5     5     5     5     5     5     5
  30   1000   988   952   895   821   734   641   546   454   368   291   225   169   124    89    62    42    28    18    12
          7     4     3     1     1     0     0     0     0     0     0     0     0     0     0     0     0     0     0     0
          0     0     0     0     0     0     0     0     0     0     0     0     0     0     0     0     0     0     0     0
          0     0     0     0     0     0     1     1     1     1     1     2     5     5     5     5     5     5     5     5
          5     5     5     5     5     5     5     5     5     5     5     5     5     5     5     5     5     5     5     5
          5     5     5     5     5     5     5     5     5     5     5
  31   1000   988   952   895   821   734   641   546   454   368   291   225   169   124    89    62    42    28    18    12
          7     4     3     1     1     0     0     0     0     0     0     0     0     0     0     0     0     0     0     0
          0     0     0     0     0     0     0     0     0     0     0     0     0     0     0     0     0     0     0     0
          0     0     0     0     0     1     1     1     1     1     2     5     5     5     5     5     5     5     5     5
          5     5     5     5     5     5     5     5     5     5     5     5     5     5     5     5     5     5     5     5
          5     5     5     5     5     5     5     5     5     5
  32   1000   988   952   895   821   734   641   546   454   368   291   225   169   124    89    62    42    28    18    12
          7     4     3     1     1     0     0     0     0     0     0     0     0     0     0     0     0     0     0     0
          0     0     0     0     0     0     0     0     0     0     0     0     0     0     0     0     0     0     0     0
          0     0     0     0     1     1     1     1     1     2     5     5     5     5     5     5     5     5     5     5
          5     5     5     5     5     5     5     5     5     5     5     5     5     5     5     5     5     5     5     5
          5     5     5     5     5     5     5     5     5
  33   1000   988   952   895   821   734   641   546   454   368   291   225   169   124    89    62    42    28    18    12
          7     4     3     1     1     0     0     0     0     0     0     0     0     0     0     0     0     0     0     0
          0     0     0     0     0     0     0     0     0     0     0     0     0     0     0     0     0     0     0     0
          0     0     0     1     1     1     1     1     2     5     5     5     5     5     5     5     5     5     5     5
          5     5     5     5     5     5     5     5     5     5     5     5     5     5     5     5     5     5     5     5
          5     5     5     5     5     5     5     5
  34   1000   988   952   895   821   734   641   546   454   368   291   225   169   124    89    62    42    28    18    12
          7     4     3     1     1     0     0     0     0     0     0     0     0     0     0     0     0     0     0     0
          0     0     0     0     0     0     0     0     0     0     0     0     0     0     0     0     0     0     0     0
          0     0     1     1     1     1     1     2     5     5     5     5     5     5     5     5     5     5     5     5
          5     5     5     5     5     5     5     5     5     5     5     5     5     5     5     5     5     5     5     5
          5     5     5     5     5     5     5
  35   1000   988   952   895   821   734   641   546   454   368   291   225   169   124    89    62    42    28    18    12
          7     4     3     1     1     0     0     0     0     0     0     0     0     0     0     0     0     0     0     0
          0     0     0     0     0     0     0     0     0     0     0     0     0     0     0     0     0     0     0     0
          0     1     1     1     1     1     2     5     5     5     5     5     5     5     5     5     5     5     5     5
          5     5     5     5     5     5     5     5     5     5     5     5     5     5     5     5     5     5     5     5
          5     5     5     5     5     5
  36   1000   988   952   895   821   734   641   546   454   368   291   225   169   124    89    62    42    28    18    12
          7     4     3     1     1     0     0     0     0     0     0     0     0     0     0     0     0     0     0     0
          0     0     0     0     0     0     0     0     0     0     0     0     0     0     0     0     0     0     0     1
          1     1     1     1     1     2     5     5     5     5     5     5     5     5     5     5     5     5     5     5
          5     5     5     5     5     5     5     5     5     5     5     5     5     5     5     5     5     5     5     5
          5     5     5     5     5
  37   1000   988   952   895   821   734   641   546   454   368   291   225   169   124    89    62    42    28    18    12
          7     4     3     1     1     0     0     0     0     0     0     0     0     0     0     0     0     0     0     0
          0     0     0     0     0     0     0     0     0     0     0     0     0     0     0     0     0     0     1     1
          1     1     1     1     2     5     5     5     5     5     5     5     5     5     5     5     5     5     5     5
          5     5     5     5     5     5     5     5     5     5     5     5     5     5     5     5     5     5     5     5
          5     5     5     5
  38   1000   988   952   895   821   734   641   546   454   368   291   225   169   124    89    62    42    28    18    12
          7     4     3     1     1     0     0     0     0     0     0     0     0     0     0     0     0     0     0     0
          0     0     0     0     0     0     0     0     0     0     0     0     0     0     0     0     0     1     1     1
          1     1     1     2     5     5     5     5     5     5     5     5     5     5     5     5     5     5     5     5
          5     5     5     5     5     5     5     5     5     5     5     5     5     5     5     5     5     5     5     5
          5     5     5
  39   1000   988   952   895   821   734   641   546   454   368   291   225   169   124    89    62    42    28    18    12
          7     4     3     1     1     0     0     0     0     0     0     0     0     0     0     0     0     0     0     0
          0     0     0     0     0     0     0     0     0     0     0     0     0     0     0     0     1     1     1     1
          1     1     2     5     5     5     5     5     5     5     5     5     5     5     5     5     5     5     5     5
          5     5     5     5     5     5     5     5     5     5     5     5     5     5     5     5     5     5     5     5
          5     5
  40   1000   988   952   895   821   734   641   546   454   368   291   225   169   124    89    62    42    28    18    12
          7     4     3     1     1     0     0     0     0     0     0     0     0     0     0     0     0     0     0     0
          0     0     0     0     0     0     0     0     0     0     0     0     0     0     0     1     1     1     1     1
          1     2     5     5     5     5     5     5     5     5     5     5     5     5     5     5     5     5     5     5
          5     5     5     5     5     5     5     5     5     5     5     5     5     5     5     5     5     5     5     5
          5
  41   1000   988   952   895   821   734   641   546   454   368   291   225   169   124    89    62    42    28    18    12
          7     4     3     1     1     0     0     0     0     0     0     0     0     0     0     0     0     0     0     0
          0     0     0     0     0     0     0     0     0     0     0     0     0     0     1     1     1     1     1     1
          2     5     5     5     5     5     5     5     5     5     5     5     5     5     5     5     5     5     5     5
          5     5     5     5     5     5     5     5     5     5     5     5     5     5     5     5     5     5     5     5
  42   1000   988   952   895   821   734   641   546   454   368   291   225   169   124    89    62    42    28    18    12
          7     4     3     1     1     0     0     0     0     0     0     0     0     0     0     0     0     0     0     0
          0     0     0     0     0     0     0     0     0     0     0     0     0     1     1     1     1     1     1     2
          5     5     5     5     5     5     5     5     5     5     5     5     5     5     5     5     5     5     5     5
          5     5     5     5     5     5     5     5     5     5     5     5     5     5     5     5     5     5     5
  43   1000   988   952   895   821   734   641   546   454   368   291   225   169   124    89    62    42    28    18    12
          7     4     3     1     1     0     0     0     0     0     0     0     0     0     0     0     0     0     0     0
          0     0     0     0     0     0     0     0     0     0     0     0     1     1     1     1     1     1     2     5
          5     5     5     5     5     5     5     5     5     5     5     5     5     5     5     5     5     5     5     5
          5     5     5     5     5     5     5     5     5     5     5     5     5     5     5     5     5     5
  44   1000   988   952   895   821   734   641   546   454   368   291   225   169   124    89    62    42    28    18    12
          7     4     3     1     1     0     0     0     0     0     0     0     0     0     0     0     0     0     0     0
          0     0     0     0     0     0     0     0     0     0     0     1     1     1     1     1     1     2     5     5
          5     5     5     5     5     5     5     5     5     5     5     5     5     5     5     5     5     5     5     5
          5     5     5     5     5     5     5     5     5     5     5     5     5     5     5     5     5
  45   1000   988   952   895   821   734   641   546   454   368   291   225   169   124    89    62    42    28    18    12
          7     4     3     1     1     0     0     0     0     0     0     0     0     0     0     0     0     0     0     0
          0     0     0     0     0     0     0     0     0     0     1     1     1     1     1     1     2     5     5     5
          5     5     5     5     5     5     5     5     5     5     5     5     5     5     5     5     5     5     5     5
          5     5     5     5     5     5     5     5     5     5     5     5     5     5     5     5
  46   1000   988   952   895   821   734   641   546   454   368   291   225   169   124    89    62    42    28    18    12
          7     4     3     1     1     0     0     0     0     0     0     0     0     0     0     0     0     0     0     0
          0     0     0     0     0     0     0     0     0     1     1     1     1     1     1     2     5     5     5     5
          5     5     5     5     5     5     5     5     5     5     5     5     5     5     5     5     5     5     5     5
          5     5     5     5     5     5     5     5     5     5     5     5     5     5     5
  47   1000   988   952   895   821   734   641   546   454   368   291   225   169   124    89    62    42    28    18    12
          7     4     3     1     1     0     0     0     0     0     0     0     0     0     0     0     0     0     0     0
          0     0     0     0     0     0     0     0     1     1     1     1     1     1     2     5     5     5     5     5
          5     5     5     5     5     5     5     5     5     5     5     5     5     5     5     5     5     5     5     5
          5     5     5     5     5     5     5     5     5     5     5     5     5     5
  48   1000   988   952   895   821   734   641   546   454   368   291   225   169   124    89    62    42    28    18    12
          7     4     3     1     1     0     0     0     0     0     0     0     0     0     0     0     0     0     0     0
          0     0     0     0     0     0     0     1     1     1     1     1     1     2     5     5     5     5     5     5
          5     5     5     5     5     5     5     5     5     5     5     5     5     5     5     5     5     5     5     5
          5     5     5     5     5     5     5     5     5     5     5     5     5
  49   1000   988   952   895   821   734   641   546   454   368   291   225   169   124    89    62    42    28    18    12
          7     4     3     1     1     0     0     0     0     0     0     0     0     0     0     0     0     0     0     0
          0     0     0     0     0     0     1     1     1     1     1     1     2     5     5     5     5     5     5     5
          5     5     5     5     5     5     5     5     5     5     5     5     5     5     5     5     5     5     5     5
          5     5     5     5     5     5     5     5     5     5     5     5
  50   1000   988   952   895   821   734   641   546   454   368   291   225   169   124    89    62    42    28    18    12
          7     4     3     1     1     0     0     0     0     0     0     0     0     0     0     0     0     0     0     0
          0     0     0     0     0     1     1     1     1     1     1     2     5     5     5     5     5     5     5     5
          5     5     5     5     5     5     5     5     5     5     5     5     5     5     5     5     5     5     5     5
          5     5     5     5     5     5     5     5     5     5     5
  51   1000   988   952   895   821   734   641   546   454   368   291   225   169   124    89    62    42    28    18    12
          7     4     3     1     1     0     0     0     0     0     0     0     0     0     0     0     0     0     0     0
          0     0     0     0     1     1     1     1     1     1     2     5     5     5     5     5     5     5     5     5
          5     5     5     5     5     5     5     5     5     5     5     5     5     5     5     5     5     5     5     5
          5     5     5     5     5     5     5     5     5     5
  52   1000   988   952   895   821   734   641   546   454   368   291   225   169   124    89    62    42    28    18    12
          7     4     3     1     1     0     0     0     0     0     0     0     0     0     0     0     0     0     0     0
          0     0     0     1     1     1     1     1     1     2     5     5     5     5     5     5     5     5     5     5
          5     5     5     5     5     5     5     5     5     5     5     5     5     5     5     5     5     5     5     5
          5     5     5     5     5     5     5     5     5
  53   1000   988   952   895   821   734   641   546   454   368   291   225   169   124    89    62    42    28    18    12
          7     4     3     1     1     0     0     0     0     0     0     0     0     0     0     0     0     0     0     0
          0     0     1     1     1     1     1     1     2     5     5     5     5     5     5     5     5     5     5     5
          5     5     5     5     5     5     5     5     5     5     5     5     5     5     5     5     5     5     5     5
          5     5     5     5     5     5     5     5
  54   1000   988   952   895   821   734   641   546   454   368   291   225   169   124    89    62    42    28    18    12
          7     4     3     1     1     0     0     0     0     0     0     0     0     0     0     0     0     0     0     0
          0     1     1     1     1     1     1     2     5     5     5     5     5     5     5     5     5     5     5     5
          5     5     5     5     5     5     5     5     5     5     5     5     5     5     5     5     5     5     5     5
          5     5     5     5     5     5     5
  55   1000   988   952   895   821   734   641   546   454   368   291   225   169   124    89    62    42    28    18    12
          7     4     3     1     1     0     0     0     0     0     0     0     0     0     0     0     0     0     0     0
          1     1     1     1     1     1     2     5     5     5     5     5     5     5     5     5     5     5     5     5
          5     5     5     5     5     5     5     5     5     5     5     5     5     5     5     5     5     5     5     5
          5     5     5     5     5     5
  56   1000   988   952   895   821   734   641   546   454   368   291   225   169   124    89    62    42    28    18    12
          7     4     3     1     1     0     0     0     0     0     0     0     0     0     0     0     0     0     0     1
          1     1     1     1     1     2     5     5     5     5     5     5     5     5     5     5     5     5     5     5
          5     5     5     5     5     5     5     5     5     5     5     5     5     5     5     5     5     5     5     5
          5     5     5     5     5
  57   1000   988   952   895   821   734   641   546   454   368   291   224   169   124    89    62    42    28    18    12
          7     4     3     1     1     0     0     0     0     0     0     0     0     0     0     0     0     0     1     1
          1     1     1     1     2     5     5     5     5     5     5     5     5     5     5     5     5     5     5     5
          5     5     5     5     5     5     5     5     5     5     5     5     5     5     5     5     5     5     5     5
          5     5     5     5
  58   1000   988   952   895   821   734   641   546   454   368   291   224   169   124    89    62    42    28    18    12
          7     4     3     1     1     0     0     0     0     0     0     0     0     0     0     0     0     1     1     1
          1     1     1     2     5     5     5     5     5     5     5     5     5     5     5     5     5     5     5     5
          5     5     5     5     5     5     5     5     5     5     5     5     5     5     5     5     5     5     5     5
          5     5     5
  59   1000   988   952   895   821   734   641   546   454   368   291   224   169   124    89    62    42    28    18    12
          7     4     3     1     1     0     0     0     0     0     0     0     0     0     0     0     1     1     1     1
          1     1     2     5     5     5     5     5     5     5     5     5     5     5     5     5     5     5     5     5
          5     5     5     5     5     5     5     5     5     5     5     5     5     5     5     5     5     5     5     5
          5     5
  60   1000   988   952   895   821   734   641   546   454   368   291   224   169   124    89    62    42    28    18    12
          7     4     3     1     1     0     0     0     0     0     0     0     0     0     0     1     1     1     1     1
          1     2     5     5     5     5     5     5     5     5     5     5     5     5     5     5     5     5     5     5
          5     5     5     5     5     5     5     5     5     5     5     5     5     5     5     5     5     5     5     5
          5
  61   1000   988   952   895   821   734   641   546   454   368   291   224   169   124    89    62    42    28    18    12
          7     4     3     1     1     0     0     0     0     0     0     0     0     0     1     1     1     1     1     1
          2     5     5     5     5     5     5     5     5     5     5     5     5     5     5     5     5     5     5     5
          5     5     5     5     5     5     5     5     5     5     5     5     5     5     5     5     5     5     5     5
  62   1000   988   952   895   821   734   641   546   454   368   291   224   169   124    89    62    42    28    18    12
          7     4     3     1     1     0     0     0     0     0     0     0     0     1     1     1     1     1     1     2
          5     5     5     5     5     5     5     5     5     5     5     5     5     5     5     5     5     5     5     5
          5     5     5     5     5     5     5     5     5     5     5     5     5     5     5     5     5     5     5
  63   1000   988   952   895   821   734   641   546   454   368   291   224   169   124    89    62    42    28    18    12
          7     4     3     1     1     0     0     0     0     0     0     0     1     1     1     1     1     1     2     5
          5     5     5     5     5     5     5     5     5     5     5     5     5     5     5     5     5     5     5     5
          5     5     5     5     5     5     5     5     5     5     5     5     5     5     5     5     5     5
  64   1000   988   952   895   821   734   641   546   454   368   291   224   169   124    89    62    42    28    18    12
          7     4     3     1     1     0     0     0     0     0     0     1     1     1     1     1     1     2     5     5
          5     5     5     5     5     5     5     5     5     5     5     5     5     5     5     5     5     5     5     5
          5     5     5     5     5     5     5     5     5     5     5     5     5     5     5     5     5
  65   1000   988   952   895   821   734   641   546   454   368   291   225   169   124    89    62    43    28    19    12
          7     4     3     1     1     0     0     0     0     0     1     1     1     1     1     1     2     5     5     5
          5     5     5     5     5     5     5     5     5     5     5     5     5     5     5     5     5     5     5     5
          5     5     5     5     5     5     5     5     5     5     5     5     5     5     5     5
  66   1000   988   952   895   821   734   641   546   454   368   291   225   169   124    89    62    43    29    19    12
          8     5     3     2     1     0     0     0     0     1     1     1     1     1     1     2     5     5     5     5
          5     5     5     5     5     5     5     5     5     5     5     5     5     5     5     5     5     5     5     5
          5     5     5     5     5     5     5     5     5     5     5     5     5     5     5
  67   1000   988   952   895   821   734   641   546   454   368   291   225   169   124    89    63    43    29    19    12
          8     5     3     2     1     0     0     0     0     1     1     1     1     1     2     5     5     5     5     5
          5     5     5     5     5     5     5     5     5     5     5     5     5     5     5     5     5     5     5     5
          5     5     5     5     5     5     5     5     5     5     5     5     5     5
  68   1000   988   952   895   821   734   641   546   454   368   291   225   169   125    90    63    44    29    20    13
          8     5     3     2     1     0     0     0     0     0     1     1     1     2     5     5     5     5     5     5
          5     5     5     5     5     5     5     5     5     5     5     5     5     5     5     5     5     5     5     5
          5     5     5     5     5     5     5     5     5     5     5     5     5
  69   1000   988   952   895   821   734   641   546   454   368   291   225   170   125    90    64    44    30    20    13
          9     6     3     2     1     0     0     0     0     0     1     1     2     5     5     5     5     5     5     5
          5     5     5     5     5     5     5     5     5     5     5     5     5     5     5     5     5     5     5     5
          5     5     5     5     5     5     5     5     5     5     5     5
  70   1000   988   952   895   821   734   641   546   454   368   292   226   170   126    91    65    46    31    21    14
         10     6     4     2     1     0     0     0     0     0     1     2     5     5     5     5     5     5     5     5
          5     5     5     5     5     5     5     5     5     5     5     5     5     5     5     5     5     5     5     5
          5     5     5     5     5     5     5     5     5     5     5
  71   1000   988   952   895   821   734   641   546   454   369   292   226   172   128    93    67    47    33    23    16
         11     7     4     2     0    -1     0     0     0     0     1     5     5     5     5     5     5     5     5     5
          5     5     5     5     5     5     5     5     5     5     5     5     5     5     5     5     5     5     5     5
          5     5     5     5     5     5     5     5     5     5
  72   1000   988   952   895   821   735   641   547   455   370   293   228   174   130    96    69    50    35    25    17
         12     7     3    -2    -2    -1    -1     0     0     1     5     5     5     5     5     5     5     5     5     5
          5     5     5     5     5     5     5     5     5     5     5     5     5     5     5     5     5     5     5     5
          5     5     5     5     5     5     5     5     5
  73   1000   988   952   895   821   735   642   547   456   371   295   231   177   133    99    73    53    38    28    19
         12     6    -4    -5    -4    -2    -1    -1     0     5     5     5     5     5     5     5     5     5     5     5
          5     5     5     5     5     5     5     5     5     5     5     5     5     5     5     5     5     5     5     5
          5     5     5     5     5     5     5     5
  74   1000   988   952   895   821   735   642   548   457   373   299   235   181   138   104    78    58    42    30    20
         10    -6    -9    -7    -5    -4    -2     0     5     5     5     5     5     5     5     5     5     5     5     5
          5     5     5     5     5     5     5     5     5     5     5     5     5     5     5     5     5     5     5     5
          5     5     5     5     5     5     5
  75   1000   988   952   895   821   736   644   550   460   377   303   240   188   145   111    84    63    46    32    16
        -10   -15   -13   -10    -7    -5    -3     5     5     5     5     5     5     5     5     5     5     5     5     5
          5     5     5     5     5     5     5     5     5     5     5     5     5     5     5     5     5     5     5     5
          5     5     5     5     5     5
  76   1000   988   952   895   822   737   646   553   465   383   310   248   196   153   119    91    69    49    25   -16
        -24   -21   -16   -13   -10    -6     4     4     4     4     4     4     4     4     4     4     4     4     4     4
          4     4     4     4     4     4     4     4     4     4     4     4     4     4     4     4     4     4     4     4
          4     4     4     4     4
  77   1000   988   952   896   823   739   649   558   471   391   320   258   207   164   128    99    72    38   -23   -37
        -32   -26   -21   -16   -11     4     4     4     4     4     4     4     4     4     4     4     4     4     4     4
          4     4     4     4     4     4     4     4     4     4     4     4     4     4     4     4     4     4     4     4
          4     4     4     4
  78   1000   988   952   897   825   742   653   565   480   401   332   271   220   176   138   103    56   -33   -55   -48
        -40   -32   -26   -19     3     3     3     3     3     3     3     3     3     3     3     3     3     3     3     3
          3     3     3     3     3     3     3     3     3     3     3     3     3     3     3     3     3     3     3     3
          3     3     3
  79   1000   988   953   898   827   746   660   574   491   415   346   286   234   187   142    79   -45   -78   -70   -58
        -48   -39   -29     2     2     2     2     2     2     2     2     2     2     2     2     2     2     2     2     2
          2     2     2     2     2     2     2     2     2     2     2     2     2     2     2     2     2     2     2     2
          2     2
  80   1000   988   954   900   831   752   669   585   505   431   363   302   247   191   109   -61  -108   -98   -83   -68
        -56   -43     1     1     1     1     1     1     1     1     1     1     1     1     1     1     1     1     1     1
          1     1     1     1     1     1     1     1     1     1     1     1     1     1     1     1     1     1     1     1
          1
  81   1000   988   955   902   836   760   680   599   521   448   380   316   249   146   -79  -144  -133  -114   -95   -79
        -61     0     0     0     0     0     0     0     0     0     0     0     0     0     0     0     0     0     0     0
          0     0     0     0     0     0     0     0     0     0     0     0     0     0     0     0     0     0     0     0
  82   1000   989   956   906   842   769   692   614   539   466   394   316   190  -100  -188  -176  -152  -129  -107   -84
         -2    -2    -2    -2    -2    -2    -2    -2    -2    -2    -2    -2    -2    -2    -2    -2    -2    -2    -2    -2
         -2    -2    -2    -2    -2    -2    -2    -2    -2    -2    -2    -2    -2    -2    -2    -2    -2    -2    -2
  83   1000   989   958   909   849   779   706   630   555   478   390   240  -122  -238  -226  -198  -169  -141  -113    -6
         -6    -6    -6    -6    -6    -6    -6    -6    -6    -6    -6    -6    -6    -6    -6    -6    -6    -6    -6    -6
         -6    -6    -6    -6    -6    -6    -6    -6    -6    -6    -6    -6    -6    -6    -6    -6    -6    -6
  84   1000   989   960   914   856   790   719   644   564   469   295  -145  -293  -282  -250  -215  -182  -147    -9    -9
         -9    -9    -9    -9    -9    -9    -9    -9    -9    -9    -9    -9    -9    -9    -9    -9    -9    -9    -9    -9
         -9    -9    -9    -9    -9    -9    -9    -9    -9    -9    -9    -9    -9    -9    -9    -9    -9
  85   1000   990   962   919   864   800   729   650   550   354  -168  -352  -344  -308  -268  -229  -186   -14   -14   -14
        -14   -14   -14   -14   -14   -14   -14   -14   -14   -14   -14   -14   -14   -14   -14   -14   -14   -14   -14   -14
        -14   -14   -14   -14   -14   -14   -14   -14   -14   -14   -14   -14   -14   -14   -14   -14
  86   1000   991   964   923   870   807   732   630   415  -188  -411  -408  -370  -325  -280  -230   -20   -20   -20   -20
        -20   -20   -20   -20   -20   -20   -20   -20   -20   -20   -20   -20   -20   -20   -20   -20   -20   -20   -20   -20
        -20   -20   -20   -20   -20   -20   -20   -20   -20   -20   -20   -20   -20   -20   -20
  87   1000   991   966   926   874   806   706   477  -204  -469  -474  -435  -386  -336  -279   -27   -27   -27   -27   -27
        -27   -27   -27   -27   -27   -27   -27   -27   -27   -27   -27   -27   -27   -27   -27   -27   -27   -27   -27   -27
        -27   -27   -27   -27   -27   -27   -27   -27   -27   -27   -27   -27   -27   -27
  88   1000   992   967   927   870   776   538  -214  -523  -538  -499  -449  -395  -332   -37   -37   -37   -37   -37   -37
        -37   -37   -37   -37   -37   -37   -37   -37   -37   -37   -37   -37   -37   -37   -37   -37   -37   -37   -37   -37
        -37   -37   -37   -37   -37   -37   -37   -37   -37   -37   -37   -37   -37
  89   1000   992   967   922   839   599  -216  -570  -597  -562  -511  -455  -387   -48   -48   -48   -48   -48   -48   -48
        -48   -48   -48   -48   -48   -48   -48   -48   -48   -48   -48   -48   -48   -48   -48   -48   -48   -48   -48   -48
        -48   -48   -48   -48   -48   -48   -48   -48   -48   -48   -48   -48
  90   1000   991   962   894   660  -204  -605  -648  -620  -571  -514  -444   -64   -64   -64   -64   -64   -64   -64   -64
        -64   -64   -64   -64   -64   -64   -64   -64   -64   -64   -64   -64   -64   -64   -64   -64   -64   -64   -64   -64
        -64   -64   -64   -64   -64   -64   -64   -64   -64   -64   -64
  91   1000   989   940   723  -172  -621  -685  -668  -624  -569  -501   -87   -87   -87   -87   -87   -87   -87   -87   -87
        -87   -87   -87   -87   -87   -87   -87   -87   -87   -87   -87   -87   -87   -87   -87   -87   -87   -87   -87   -87
        -87   -87   -87   -87   -87   -87   -87   -87   -87   -87
  92   1000   979   795  -102  -604  -695  -694  -660  -612  -552  -123  -123  -123  -123  -123  -123  -123  -123  -123  -123
       -123  -123  -123  -123  -123  -123  -123  -123  -123  -123  -123  -123  -123  -123  -123  -123  -123  -123  -123  -123
       -123  -123  -123  -123  -123  -123  -123  -123  -123
  93   1000   889    53  -506  -637  -662  -647  -613  -573  -176  -176  -176  -176  -176  -176  -176  -176  -176  -176  -176
       -176  -176  -176  -176  -176  -176  -176  -176  -176  -176  -176  -176  -176  -176  -176  -176  -176  -176  -176  -176
       -176  -176  -176  -176  -176  -176  -176  -176
  94   1000   481  -113  -307  -378  -400  -398  -370   -39   -39   -39   -39   -39   -39   -39   -39   -39   -39   -39   -39
        -39   -39   -39   -39   -39   -39   -39   -39   -39   -39   -39   -39   -39   -39   -39   -39   -39   -39   -39   -39
        -39   -39   -39   -39   -39   -39   -39
  95   1000   807   653   558   490   433   371    37    37    37    37    37    37    37    37    37    37    37    37    37
         37    37    37    37    37    37    37    37    37    37    37    37    37    37    37    37    37    37    37    37
         37    37    37    37    37    37
  96   1000   971   926   877   822   740    82    82    82    82    82    82    82    82    82    82    82    82    82    82
         82    82    82    82    82    82    82    82    82    82    82    82    82    82    82    82    82    82    82    82
         82    82    82    82    82
  97   1000   988   961   921   847   100   100   100   100   100   100   100   100   100   100   100   100   100   100   100
        100   100   100   100   100   100   100   100   100   100   100   100   100   100   100   100   100   100   100   100
        100   100   100   100
  98   1000   991   967   906   116   116   116   116   116   116   116   116   116   116   116   116   116   116   116   116
        116   116   116   116   116   116   116   116   116   116   116   116   116   116   116   116   116   116   116   116
        116   116   116
  99   1000   992   947   132   132   132   132   132   132   132   132   132   132   132   132   132   132   132   132   132
        132   132   132   132   132   132   132   132   132   132   132   132   132   132   132   132   132   132   132   132
        132   132
 100   1000   973   150   150   150   150   150   150   150   150   150   150   150   150   150   150   150   150   150   150
        150   150   150   150   150   150   150   150   150   150   150   150   150   150   150   150   150   150   150   150
        150
 101   1000   343   343   343   343   343   343   343   343   343   343   343   343   343   343   343   343   343   343   343
        343   343   343   343   343   343   343   343   343   343   343   343   343   343   343   343   343   343   343   343
 102   1000  1000  1000  1000  1000  1000  1000  1000  1000  1000  1000  1000  1000  1000  1000  1000  1000  1000  1000  1000
       1000  1000  1000  1000  1000  1000  1000  1000  1000  1000  1000  1000  1000  1000  1000  1000  1000  1000  1000
 103   1000  1000  1000  1000  1000  1000  1000  1000  1000  1000  1000  1000  1000  1000  1000  1000  1000  1000  1000  1000
       1000  1000  1000  1000  1000  1000  1000  1000  1000  1000  1000  1000  1000  1000  1000  1000  1000  1000
 104   1000  1000  1000  1000  1000  1000  1000  1000  1000  1000  1000  1000  1000  1000  1000  1000  1000  1000  1000  1000
       1000  1000  1000  1000  1000  1000  1000  1000  1000  1000  1000  1000  1000  1000  1000  1000  1000
 105   1000  1000  1000  1000  1000  1000  1000  1000  1000  1000  1000  1000  1000  1000  1000  1000  1000  1000  1000  1000
       1000  1000  1000  1000  1000  1000  1000  1000  1000  1000  1000  1000  1000  1000  1000  1000
 106   1000  1000  1000  1000  1000  1000  1000  1000  1000  1000  1000  1000  1000  1000  1000  1000  1000  1000  1000  1000
       1000  1000  1000  1000  1000  1000  1000  1000  1000  1000  1000  1000  1000  1000  1000
 107   1000  1000  1000  1000  1000  1000  1000  1000  1000  1000  1000  1000  1000  1000  1000  1000  1000  1000  1000  1000
       1000  1000  1000  1000  1000  1000  1000  1000  1000  1000  1000  1000  1000  1000
 108   1000  1000  1000  1000  1000  1000  1000  1000  1000  1000  1000  1000  1000  1000  1000  1000  1000  1000  1000  1000
       1000  1000  1000  1000  1000  1000  1000  1000  1000  1000  1000  1000  1000
 109   1000  1000  1000  1000  1000  1000  1000  1000  1000  1000  1000  1000  1000  1000  1000  1000  1000  1000  1000  1000
       1000  1000  1000  1000  1000  1000  1000  1000  1000  1000  1000  1000
 110   1000  1000  1000  1000  1000  1000  1000  1000  1000  1000  1000  1000  1000  1000  1000  1000  1000  1000  1000  1000
       1000  1000  1000  1000  1000  1000  1000  1000  1000  1000  1000
 111   1000  1000  1000  1000  1000  1000  1000  1000  1000  1000  1000  1000  1000  1000  1000  1000  1000  1000  1000  1000
       1000  1000  1000  1000  1000  1000  1000  1000  1000  1000
 112   1000  1000  1000  1000  1000  1000  1000  1000  1000  1000  1000  1000  1000  1000  1000  1000  1000  1000  1000  1000
       1000  1000  1000  1000  1000  1000  1000  1000  1000
 113   1000  1000  1000  1000  1000  1000  1000  1000  1000  1000  1000  1000  1000  1000  1000  1000  1000  1000  1000  1000
       1000  1000  1000  1000  1000  1000  1000  1000
 114   1000  1000  1000  1000  1000  1000  1000  1000  1000  1000  1000  1000  1000  1000  1000  1000  1000  1000  1000  1000
       1000  1000  1000  1000  1000  1000  1000
 115   1000  1000  1000  1000  1000  1000  1000  1000  1000  1000  1000  1000  1000  1000  1000  1000  1000  1000  1000  1000
       1000  1000  1000  1000  1000  1000
 116   1000  1000  1000  1000  1000  1000  1000  1000  1000  1000  1000  1000  1000  1000  1000  1000  1000  1000  1000  1000
       1000  1000  1000  1000  1000
 117   1000  1000  1000  1000  1000  1000  1000  1000  1000  1000  1000  1000  1000  1000  1000  1000  1000  1000  1000  1000
       1000  1000  1000  1000
 118   1000  1000  1000  1000  1000  1000  1000  1000  1000  1000  1000  1000  1000  1000  1000  1000  1000  1000  1000  1000
       1000  1000  1000
 119   1000  1000  1000  1000  1000  1000  1000  1000  1000  1000  1000  1000  1000  1000  1000  1000  1000  1000  1000  1000
       1000  1000
 120   1000  1000  1000  1000  1000  1000  1000  1000  1000  1000  1000  1000  1000  1000  1000  1000  1000  1000  1000  1000
       1000
 121   1000  1000  1000  1000  1000  1000  1000  1000  1000  1000  1000  1000  1000  1000  1000  1000  1000  1000  1000  1000
 122   1000  1000  1000  1000  1000  1000  1000  1000  1000  1000  1000  1000  1000  1000  1000  1000  1000  1000  1000
 123   1000  1000  1000  1000  1000  1000  1000  1000  1000  1000  1000  1000  1000  1000  1000  1000  1000  1000
 124   1000  1000  1000  1000  1000  1000  1000  1000  1000  1000  1000  1000  1000  1000  1000  1000  1000
 125   1000  1000  1000  1000  1000  1000  1000  1000  1000  1000  1000  1000  1000  1000  1000  1000
 126   1000  1000  1000  1000  1000  1000  1000  1000  1000  1000  1000  1000  1000  1000  1000
 127   1000  1000  1000  1000  1000  1000  1000  1000  1000  1000  1000  1000  1000  1000
 128   1000  1000  1000  1000  1000  1000  1000  1000  1000  1000  1000  1000  1000
 129   1000  1000  1000  1000  1000  1000  1000  1000  1000  1000  1000  1000
 130   1000  1000  1000  1000  1000  1000  1000  1000  1000  1000  1000
 131   1000  1000  1000  1000  1000  1000  1000  1000  1000  1000
 132   1000  1000  1000  1000  1000  1000  1000  1000  1000
 133   1000  1000  1000  1000  1000  1000  1000  1000
 134   1000  1000  1000  1000  1000  1000  1000
 135   1000  1000  1000  1000  1000  1000
 136   1000  1000  1000  1000  1000
 137   1000  1000  1000  1000
 138   1000  1000  1000
 139   1000  1000
 140   1000

 Finished!
