NIF_RUN Passive 18x snout on TANDM 90-348 Pinhole
  140    6    1    0    1
   0.00500   9.00000   0.03000   0.00100
   0.0000000   0   0 1.00000000E+00   1.0000000
ZR902    4.147E-14 0.011       0.00       0.00        (    )
IN115N   1.039E-14 0.012       0.00       0.00        (    )
AU197G   2.386E-14 0.012       0.00 AUNG  3.94 IFX    (ISTP)
IN115G   3.612E-14 0.028       0.00 INNG 39.37 IFX    (ISTP)
AU1972   2.606E-13 0.012       0.00       0.00        (    )
AL27A    1.501E-14 0.012       0.00       0.00        (    )
Flux Uncertainty
 140
 0.0000E+00 0.0000E+00 0.0000E+00 0.0000E+00 0.0000E+00 0.0000E+00 0.0000E+00
 0.0000E+00 0.0000E+00 0.0000E+00 0.0000E+00 0.0000E+00 0.0000E+00 0.0000E+00
 1.0000E+00 1.0000E+00 1.0000E+00 1.0000E+00 1.0000E+00 1.0000E+00 1.0000E+00
 1.0000E+00 1.0000E+00 1.0000E+00 1.0000E+00 1.0000E+00 1.0000E+00 1.0000E+00
 1.0000E+00 1.0000E+00 1.0000E+00 1.0000E+00 1.0000E+00 1.0000E+00 1.0000E+00
 1.0000E+00 1.0000E+00 1.0000E+00 1.0000E+00 1.0000E+00 1.0000E+00 1.0000E+00
 1.0000E+00 1.0000E+00 1.0000E+00 1.0000E+00 1.0000E+00 1.0000E+00 1.0000E+00
 1.0000E+00 1.0000E+00 1.0000E+00 1.0000E+00 1.0000E+00 1.0000E+00 1.0000E+00
 1.0000E+00 1.0000E+00 8.5000E-01 8.5000E-01 8.5000E-01 8.5000E-01 8.5000E-01
 8.5000E-01 8.5000E-01 8.5000E-01 8.5000E-01 8.5000E-01 8.5000E-01 8.5000E-01
 8.5000E-01 8.5000E-01 8.5000E-01 8.5000E-01 8.5000E-01 8.5000E-01 8.5000E-01
 8.5000E-01 8.5000E-01 8.5000E-01 8.5000E-01 8.5000E-01 8.5000E-01 8.5000E-01
 8.5000E-01 8.5000E-01 8.5000E-01 8.5000E-01 8.5000E-01 8.5000E-01 8.5000E-01
 8.5000E-01 8.5000E-01 1.0000E-01 1.0000E-01 1.0000E-01 0.0000E+00 0.0000E+00
 0.0000E+00 0.0000E+00 0.0000E+00 0.0000E+00 0.0000E+00 0.0000E+00 0.0000E+00
 0.0000E+00 0.0000E+00 0.0000E+00 0.0000E+00 0.0000E+00 0.0000E+00 0.0000E+00
 0.0000E+00 0.0000E+00 0.0000E+00 0.0000E+00 0.0000E+00 0.0000E+00 0.0000E+00
 0.0000E+00 0.0000E+00 0.0000E+00 0.0000E+00 0.0000E+00 0.0000E+00 0.0000E+00
 0.0000E+00 0.0000E+00 0.0000E+00 0.0000E+00 0.0000E+00 0.0000E+00 0.0000E+00
 0.0000E+00 0.0000E+00 0.0000E+00 0.0000E+00 0.0000E+00 0.0000E+00 0.0000E+00
Input Flux Spectrum
 140   1 1.000E+00 2.000E+01 5.000E-08
 0.0000E+00 0.0000E+00 0.0000E+00 0.0000E+00 0.0000E+00 0.0000E+00 0.0000E+00
 0.0000E+00 0.0000E+00 0.0000E+00 0.0000E+00 0.0000E+00 0.0000E+00 0.0000E+00
 2.7600E+04 2.7600E+04 2.7600E+04 2.7600E+04 2.7600E+04 2.7600E+04 2.7600E+04
 2.7600E+04 2.7600E+04 2.7600E+04 2.7600E+04 2.7600E+04 2.7600E+04 2.7600E+04
 2.7600E+04 2.7600E+04 2.7600E+04 2.7600E+04 2.7600E+04 2.7600E+04 2.7600E+04
 2.7600E+04 2.7600E+04 2.7600E+04 5.0800E+06 5.0800E+06 2.9800E+07 1.5800E+07
 3.1100E+07 1.7000E+08 7.3800E+08 1.1200E+09 1.7800E+08 8.7800E+08 1.7300E+09
 1.7600E+09 1.2600E+09 2.5000E+09 5.5500E+08 1.0600E+09 1.0200E+09 1.6100E+09
 2.2100E+09 9.8100E+08 1.6200E+09 1.8000E+09 1.2600E+09 1.3600E+09 9.6400E+08
 1.0100E+09 1.5500E+09 1.1100E+09 1.2000E+09 7.0000E+08 1.1800E+09 1.1500E+09
 2.1600E+09 1.6900E+09 1.6300E+09 1.3700E+09 1.3400E+09 1.4100E+09 9.9500E+08
 1.2200E+09 9.3600E+08 7.9600E+08 7.1400E+08 5.6100E+08 9.0800E+08 6.2400E+08
 7.4100E+08 6.2100E+08 6.6700E+08 5.1500E+08 4.6500E+08 4.8000E+08 3.9800E+08
 5.6800E+08 1.4000E+09 8.0300E+10 1.0600E+11 2.5300E+08 0.0000E+00 0.0000E+00
 0.0000E+00 0.0000E+00 0.0000E+00 0.0000E+00 0.0000E+00 0.0000E+00 0.0000E+00
 0.0000E+00 0.0000E+00 0.0000E+00 0.0000E+00 0.0000E+00 0.0000E+00 0.0000E+00
 0.0000E+00 0.0000E+00 0.0000E+00 0.0000E+00 0.0000E+00 0.0000E+00 0.0000E+00
 0.0000E+00 0.0000E+00 0.0000E+00 0.0000E+00 0.0000E+00 0.0000E+00 0.0000E+00
 0.0000E+00 0.0000E+00 0.0000E+00 0.0000E+00 0.0000E+00 0.0000E+00 0.0000E+00
 0.0000E+00 0.0000E+00 0.0000E+00 0.0000E+00 0.0000E+00 0.0000E+00 0.0000E+00
   10   13   28   11    8    5    8    7   10   40



                         ==============================
                               STAYSL PNNL OUTPUT
                         ==============================

 STAYSL PNNL, version 1.2.0, 2015-08-05


 SCENARIO TITLE: NIF_RUN Passive 18x snout on TANDM 90-348 Pinhole
 -------------------------------------------------------------------------------
  NGROUP =   140    NRXN =     6    ACTIVITY NORM = 1.00000E+00

  COVARIANCE PARAMETERS (FCHN, FCVX, ACVX, FS)
    FLUXES:      WIDTH =  9.0000E+00   LONG RANGE COVAR. =  3.0000E-02
            ACTIVITIES =  5.0000E-03   X-SECT CROSS COR. =  1.0000E-03

    DETERM =   3.9711 × 10^  -5.00      ERROR =  -1.1102E-17

  INPUT NORMALIZATION DATA
    AK1   =     0.00000     VAK        =     0.00090
    NORML =           0     RENORM     = 5.11472E-01
    CHI²  =  1247.66309     NORM. CHI² =   249.53262
     (logarithmic limit was applied to low fluxes)

  DOSIMETRY ACTIVITIES
     ———— INPUTS —————  -UNADJUSTED FLUX-  — ADJUSTED FLUX —    CHI²  90% ACTIVITIES RANGE
 RXN  MEASURED     ±%   ACTIVITY    %DIFF  ACTIVITY    %DIFF  CONTRIB --LOW E-- --HIGH E--   REACTION          CVR
  1  4.147E-14    1.10  5.682E-14   37.02  5.416E-14   30.61  542.040  1.30E+01  1.40E+01  ZR90(N,2N)ZR89          
  2  1.039E-14    1.20  9.509E-15   -8.48  1.133E-14    9.07   -4.849  1.00E+00  1.40E+01  IN115(N,N')IN115M       
  3  2.386E-14    1.20  4.632E-15  -80.59  2.385E-14   -0.06 -155.366  1.90E-02  6.60E-01  AU197(N,G)AU198         
  4  3.612E-14    2.80  5.364E-15  -85.15  2.510E-14  -30.50  313.284  1.90E-02  8.40E-01  IN115(N,G)IN116M        
  5  2.606E-13    1.20  2.041E-13  -21.70  2.043E-13  -21.61  225.395  1.30E+01  1.40E+01  AU197(N,2N)AU196        
  6  1.501E-14    1.20  1.158E-14  -22.88  1.188E-14  -20.86  327.159  1.20E+01  1.40E+01  AL27(N,A)NA24           

             % STD. DEV.  =         56.89              23.88

                              CHECK INPUT, IT IS RATHER UNLIKELY !
                                   *** BEWARE OF OUTPUT ! ***


  DIFFERENTIAL FLUXES (input is normalized by a factor of 5.1147E-01)
                  —————— DIFFERENTIAL FLUX —————   ———— STD. DEV. % ————   INTEGRAL
 GRP    ENERGY        NEW         OLD      RATIO    NEW     OLD    RATIO   FLUX > E     ± %
  15  2.8000E-06  8.0792E+09  9.7356E+09   0.830   99.99  100.00   1.000  1.9881E+11    8.24
  16  4.2500E-06  5.7072E+09  6.8862E+09   0.829   99.99  100.00   1.000  1.9881E+11    8.24
  17  6.3000E-06  4.0355E+09  4.8678E+09   0.829   99.99  100.00   1.000  1.9881E+11    8.24
  18  9.2000E-06  2.7267E+09  3.2829E+09   0.831   99.99  100.00   1.000  1.9881E+11    8.24
  19  1.3500E-05  1.5685E+09  1.8822E+09   0.833   99.99  100.00   1.000  1.9881E+11    8.24
  20  2.1000E-05  1.3130E+09  1.5685E+09   0.837   99.99  100.00   1.000  1.9881E+11    8.24
  21  3.0000E-05  7.9230E+08  9.4111E+08   0.842   99.99  100.00   1.000  1.9881E+11    8.24
  22  4.5000E-05  4.9856E+08  5.8819E+08   0.848   99.99  100.00   1.000  1.9881E+11    8.24
  23  6.9000E-05  3.8907E+08  4.5538E+08   0.854   99.99  100.00   1.000  1.9881E+11    8.24
  24  1.0000E-04  3.4789E+08  4.0333E+08   0.863   99.99  100.00   1.000  1.9881E+11    8.24
  25  1.3500E-04  3.5203E+08  4.0333E+08   0.873   99.99  100.00   1.000  1.9881E+11    8.24
  26  1.7000E-04  2.5021E+08  2.8233E+08   0.886   99.99  100.00   1.000  1.9881E+11    8.24
  27  2.2000E-04  2.1281E+08  2.3528E+08   0.905   99.99  100.00   1.000  1.9881E+11    8.24
  28  2.8000E-04  1.6411E+08  1.7646E+08   0.930   99.99  100.00   1.000  1.9881E+11    8.24
  29  3.6000E-04  1.5151E+08  1.5685E+08   0.966   99.98  100.00   1.000  1.9881E+11    8.24
  30  4.5000E-04  1.1476E+08  1.1293E+08   1.016   99.97  100.00   1.000  1.9881E+11    8.24
  31  5.7500E-04  8.2833E+07  7.6306E+07   1.086   99.95  100.00   0.999  1.9881E+11    8.24
  32  7.6000E-04  8.3265E+07  7.0583E+07   1.180   99.90  100.00   0.999  1.9881E+11    8.24
  33  9.6000E-04  5.8468E+07  4.4815E+07   1.305   99.82  100.00   0.998  1.9881E+11    8.24
  34  1.2750E-03  6.3708E+07  4.3436E+07   1.467   99.67  100.00   0.997  1.9881E+11    8.24
  35  1.6000E-03  5.8994E+07  3.5292E+07   1.672   99.42  100.00   0.994  1.9881E+11    8.24
  36  2.0000E-03  3.8802E+07  2.0167E+07   1.924   99.01  100.00   0.990  1.9881E+11    8.24
  37  2.7000E-03  4.4907E+07  2.0167E+07   2.227   98.37  100.00   0.984  1.9881E+11    8.24
  38  3.4000E-03  3.3109E+07  1.2833E+07   2.580   97.40  100.00   0.974  1.9881E+11    8.24
  39  4.5000E-03  7.7431E+09  2.5983E+09   2.980   96.01  100.00   0.960  1.9881E+11    8.24
  40  5.5000E-03  5.2271E+09  1.5284E+09   3.420   94.07  100.00   0.941  1.9880E+11    8.24
  41  7.2000E-03  2.9634E+10  7.6209E+09   3.888   91.47  100.00   0.915  1.9879E+11    8.24
  42  9.2000E-03  1.2614E+10  2.8862E+09   4.371   88.13  100.00   0.881  1.9873E+11    8.26
  43  1.2000E-02  2.5708E+10  5.3023E+09   4.848   83.97  100.00   0.840  1.9870E+11    8.27
  44  1.5000E-02  1.1527E+11  2.1738E+10   5.303   78.99  100.00   0.790  1.9862E+11    8.29
  45  1.9000E-02  3.3180E+11  5.8072E+10   5.714   73.24  100.00   0.732  1.9816E+11    8.43
  46  2.5500E-02  5.3437E+11  8.8131E+10   6.063   66.85  100.00   0.669  1.9600E+11    9.12
  47  3.2000E-02  7.2126E+10  1.1380E+10   6.338   60.09  100.00   0.601  1.9253E+11   10.25
  48  4.0000E-02  2.3450E+11  3.5926E+10   6.527   53.31  100.00   0.533  1.9195E+11   10.43
  49  5.2500E-02  4.3448E+11  6.5544E+10   6.629   47.06  100.00   0.471  1.8902E+11   11.26
  50  6.6000E-02  2.7190E+11  4.0918E+10   6.645   42.08  100.00   0.421  1.8316E+11   12.75
  51  8.8000E-02  1.9290E+11  2.9293E+10   6.585   39.17  100.00   0.392  1.7717E+11   14.10
  52  1.1000E-01  3.3057E+11  5.1147E+10   6.463   38.93  100.00   0.389  1.7293E+11   14.88
  53  1.3500E-01  7.1499E+10  1.1355E+10   6.297   41.30  100.00   0.413  1.6467E+11   16.04
  54  1.6000E-01  1.1034E+11  1.8072E+10   6.106   45.64  100.00   0.456  1.6288E+11   16.20
  55  1.9000E-01  1.0274E+11  1.7390E+10   5.908   51.12  100.00   0.511  1.5957E+11   16.27
  56  2.2000E-01  1.3460E+11  2.3528E+10   5.721   57.04  100.00   0.570  1.5649E+11   16.13
  57  2.5500E-01  1.7944E+11  3.2296E+10   5.556   62.93  100.00   0.629  1.5178E+11   15.61
  58  2.9000E-01  9.0680E+10  1.6725E+10   5.422   68.45  100.00   0.684  1.4549E+11   14.56
  59  3.2000E-01  9.6409E+10  2.0715E+10   4.654   62.39   85.01   0.734  1.4277E+11   13.96
  60  3.6000E-01  1.0564E+11  2.3016E+10   4.590   65.99   85.01   0.776  1.3892E+11   13.08
  61  4.0000E-01  5.8526E+10  1.2889E+10   4.541   68.91   85.01   0.811  1.3469E+11   11.93
  62  4.5000E-01  6.2529E+10  1.3912E+10   4.495   71.13   85.01   0.837  1.3177E+11   11.00
  63  5.0000E-01  4.3753E+10  9.8612E+09   4.437   72.63   85.01   0.854  1.2864E+11    9.89
  64  5.5000E-01  4.4958E+10  1.0332E+10   4.351   73.41   85.01   0.863  1.2645E+11    9.03
  65  6.0000E-01  5.5789E+10  1.3213E+10   4.222   73.49   85.01   0.864  1.2420E+11    8.08
  66  6.6000E-01  3.8183E+10  9.4622E+09   4.035   72.88   85.01   0.857  1.2086E+11    6.65
  67  7.2000E-01  3.8665E+10  1.0229E+10   3.780   71.60   85.01   0.842  1.1857E+11    5.71
  68  7.8000E-01  2.0547E+10  5.9672E+09   3.443   69.67   85.01   0.820  1.1625E+11    4.89
  69  8.4000E-01  2.2859E+10  7.5442E+09   3.030   67.10   85.01   0.789  1.1501E+11    4.56
  70  9.2000E-01  1.8699E+10  7.3524E+09   2.543   63.90   85.01   0.752  1.1318E+11    4.28
  71  1.0000E+00  1.1022E+10  5.5239E+09   1.995   60.10   85.01   0.707  1.1169E+11    4.29
  72  1.2000E+00  6.0801E+09  4.3219E+09   1.407   55.75   85.01   0.656  1.0948E+11    4.68
  73  1.4000E+00  3.3540E+09  4.1685E+09   0.805   50.95   85.01   0.599  1.0827E+11    5.06
  74  1.6000E+00  7.7938E+08  3.5036E+09   0.222   45.85   85.01   0.539  1.0760E+11    5.30
  75  1.8000E+00  4.1028E+08  3.4269E+09   0.120   40.70   85.01   0.479  1.0744E+11    5.35
  76  2.0000E+00  1.8802E+08  2.4039E+09   0.078   35.90   85.01   0.422  1.0736E+11    5.38
  77  2.3000E+00  9.9479E+07  1.6964E+09   0.059   32.03   85.01   0.377  1.0730E+11    5.40
  78  2.6000E+00  1.0872E+08  2.0800E+09   0.052   29.80   85.01   0.351  1.0727E+11    5.41
  79  2.9000E+00  6.8086E+07  1.1968E+09   0.057   29.74   85.01   0.350  1.0724E+11    5.42
  80  3.3000E+00  7.8090E+07  1.0178E+09   0.077   31.83   85.01   0.374  1.0721E+11    5.42
  81  3.7000E+00  1.1693E+08  9.1298E+08   0.128   35.47   85.01   0.417  1.0718E+11    5.42
  82  4.1000E+00  3.3844E+08  7.1734E+08   0.472   39.86   85.01   0.469  1.0713E+11    5.42
  83  4.5000E+00  1.2370E+09  9.2883E+08   1.332   44.31   85.01   0.521  1.0700E+11    5.40
  84  5.0000E+00  1.4598E+09  6.3832E+08   2.287   48.27   85.01   0.568  1.0638E+11    5.27
  85  5.5000E+00  2.4732E+09  7.5800E+08   3.263   51.34   85.01   0.604  1.0565E+11    5.06
  86  6.0000E+00  1.8940E+09  4.5375E+08   4.174   53.20   85.01   0.626  1.0441E+11    4.62
  87  6.7000E+00  2.4047E+09  4.8736E+08   4.934   53.61   85.01   0.631  1.0309E+11    4.10
  88  7.4000E+00  1.7987E+09  3.2926E+08   5.463   52.42   85.01   0.617  1.0141E+11    3.40
  89  8.2000E+00  1.6938E+09  2.9729E+08   5.697   49.58   85.01   0.583  9.9966E+10    2.80
  90  9.0000E+00  1.3750E+09  2.4551E+08   5.601   45.14   85.01   0.531  9.8611E+10    2.26
  91  1.0000E+01  1.0519E+09  2.0357E+08   5.167   39.34   85.01   0.463  9.7236E+10    1.77
  92  1.1000E+01  1.2857E+09  2.9052E+08   4.426   32.68   85.01   0.384  9.6184E+10    1.46
  93  1.2000E+01  2.4597E+09  7.1606E+08   3.435   26.19   85.01   0.308  9.4899E+10    1.17
  94  1.3000E+01  4.3159E+10  4.1071E+10   1.051    1.15   10.44   0.110  9.2439E+10    0.90
  95  1.4000E+01  4.9180E+10  5.4216E+10   0.907    1.14   10.44   0.109  4.9279E+10    1.14
  96  1.5000E+01  9.9305E+07  1.2940E+08   0.767    2.27   10.44   0.218  9.9305E+07    2.27
      1.6000E+01

  INTEGRALS OF SPECTRA
    OLD SPECTRUM   1.2353E+11   ±   15.105 %
    NEW SPECTRUM   1.9881E+11   ±    8.240 %

  SUMMARY OF BROAD-GROUP FLUXES, FLUENCES, AND UNCERTAINTIES

    IRRAD TIME [S] = 1.00000000E+00   ACT NORM =  1.00000000E+00

       ENERGY       FLUX       FLUENCE      STDEV %
      thermal    0.0000E+00  0.0000E+00  ±   0.00     (0.100 meV – 0.550  eV)
     epithermal  2.5879E+10  2.5879E+10  ±  44.22     (0.550  eV – 110.0 keV)
        fast     1.7293E+11  1.7293E+11  ±  14.88     (110.0 keV –  20.0 MeV)
        fast     1.1169E+11  1.1169E+11  ±   4.29     (  1.0 MeV –  20.0 MeV)
        high     0.0000E+00  0.0000E+00  ±   0.00     ( 20.0 MeV –  60.0 MeV)

    MINI-SPECTRUM

       ENERGY       FLUX       FLUENCE      STDEV %
     1.0000E-10  0.0000E+00  0.0000E+00  ±   0.00
     5.5000E-07  1.0633E+05  1.0633E+05  ±  92.87
     1.0000E-04  2.5879E+10  2.5879E+10  ±  44.23
     1.1000E-01  4.4291E+10  4.4291E+10  ±  43.21
     5.0000E-01  1.6951E+10  1.6951E+10  ±  67.39
     1.0000E+00  4.3292E+09  4.3292E+09  ±  55.68
     2.0000E+00  9.7797E+08  9.7797E+08  ±  34.28
     5.0000E+00  9.1447E+09  9.1447E+09  ±  48.67
     1.0000E+01  9.7236E+10  9.7236E+10  ±   1.77
     2.0000E+01  0.0000E+00  0.0000E+00  ±   0.00
     6.0000E+01

       TOTAL     1.9881E+11  1.9881E+11  ±   8.24

    RELATIVE COVARIANCES (10×10)
        0     0     0     0     0     0     0     0     0     0
     1000    -5    -5     1     3     0    -4   -12     0
     1000  -799  -678  -339   254   167    91     0
     1000   283   -90    77    79    57     0
     1000   652  -442  -215   -57     0
     1000  -839  -606  -218     0
     1000   612    28     0
     1000   563     0
     1000     0
        0

  SPECTRAL-AVERAGED REACTION RATES (for all cross section library reactions)

        REACTIONS        SIG-PHI      <SIG>          REACTIONS        SIG-PHI      <SIG>          REACTIONS        SIG-PHI      <SIG>  
   ------------------  ----------  ----------   ------------------  ----------  ----------   ------------------  ----------  ----------
   LI6(N,A)T           8.9429E-14  4.4982E-25   FE58(N,G)FE59       6.8117E-16  3.4263E-27   IN115(N,N')IN115M   1.1333E-14  5.7003E-26
   B10(N,A)LI7         1.4095E-13  7.0895E-25   CO59(N,2N)CO58      6.3663E-14  3.2022E-25   IN115(N,2N)IN114M   1.2600E-13  6.3379E-25
   F19(N,2N)F18        3.2696E-15  1.6446E-26   CO59(N,3N)CO57      0.0000E+00  0.0000E+00   IN115(N,G)IN116M    2.5233E-14  1.2692E-25
   NA23(N,2N)NA22      1.8911E-15  9.5119E-27   CO59(N,G)CO60       1.3545E-15  6.8130E-27   I127(N,2N)I126      1.3855E-13  6.9688E-25
   NA23(N,G)NA24       8.6061E-17  4.3288E-28   CO59(N,P)FE59       5.1016E-15  2.5661E-26   LA139(N,G)LA140     1.4666E-15  7.3771E-27
   MG24(N,P)NA24       1.8768E-14  9.4401E-26   CO59(N,A)MN56       3.0144E-15  1.5162E-26   PR141(N,2N)PR140    1.5452E-13  7.7721E-25
   AL27(N,P)MG27       8.1012E-15  4.0749E-26   NI58(N,2N)NI57      2.0900E-15  1.0512E-26   TM169(N,2N)TM168    1.9185E-13  9.6497E-25
   AL27(N,A)NA24       1.1880E-14  5.9753E-26   NI58(N,P)CO58       4.2238E-14  2.1245E-25   TM169(N,3N)TM167    2.2187E-18  1.1160E-29
   SI28(N,P)AL28       2.7315E-14  1.3739E-25   NI60(N,P)CO60       1.4767E-14  7.4277E-26   TA181(N,G)TA182     2.6289E-14  1.3223E-25
   P31(N,P)SI31        1.0635E-14  5.3492E-26   CU63(N,2N)CU62      4.0681E-14  2.0462E-25   W186(N,G)W187       7.8351E-15  3.9410E-26
   S32(N,P)P32         2.8250E-14  1.4210E-25   CU63(N,G)CU64       2.8379E-15  1.4274E-26   AU197(N,2N)AU196    2.0427E-13  1.0275E-24
   TI46(N,2N)TI45      1.7132E-15  8.6175E-27   CU63(N,A)CO60       4.5037E-15  2.2653E-26   AU197(N,G)AU198     2.3902E-14  1.2023E-25
   TI46(N,P)SC46       2.6998E-14  1.3580E-25   CU65(N,2N)CU64      8.2285E-14  4.1389E-25   HG199(N,N')HG199M   2.4555E-14  1.2351E-25
   TI47(N,P)SC47       1.3798E-14  6.9404E-26   ZN64(N,P)CU64       1.9726E-14  9.9219E-26   PB204(N,N')PB204M   9.8509E-15  4.9550E-26
   TI47(N,X)SC46       3.6538E-15  1.8378E-26   ZN67(N,P)CU67       3.3129E-15  1.6664E-26   BI209(N,3N)BI207    3.2315E-17  1.6254E-28
   TI48(N,P)SC48       6.0247E-15  3.0304E-26   AS75(N,2N)AS74      8.8350E-14  4.4440E-25   TH232(N,FISSION)    3.7488E-14  1.8856E-25
   TI48(N,X)SC47       6.4754E-16  3.2571E-27   Y89(N,2N)Y88        7.5939E-14  3.8197E-25   TH232(N,G)TH233     2.0637E-14  1.0380E-25
   TI49(N,X)SC48       3.5769E-16  1.7991E-27   ZR90(N,2N)ZR89      5.4162E-14  2.7243E-25   U235(N,FISSION)     3.4182E-13  1.7193E-24
   V51(N,A)SC48        1.4351E-15  7.2186E-27   NB93(N,G)NB94       8.8924E-15  4.4728E-26   U235(N,G)U236       2.9188E-14  1.4682E-25
   CR52(N,2N)CR51      2.4182E-14  1.2163E-25   NB93(N,N')NB93M     7.6756E-15  3.8608E-26   U238(N,2N)U237      1.0320E-13  5.1910E-25
   MN55(N,2N)MN54      6.5142E-14  3.2766E-25   NB93(N,2N)NB92M     4.3938E-14  2.2101E-25   U238(N,FISSION)     1.1879E-13  5.9752E-25
   MN55(N,G)MN56       1.0367E-15  5.2147E-27   MO92(N,P)NB92M      8.0550E-15  4.0516E-26   U238(N,G)U239       1.5937E-14  8.0165E-26
   FE54(N,2N)FE53      2.8709E-16  1.4441E-27   RH103(N,N')RH103M   5.6414E-14  2.8376E-25   NP237(N,FISSION)    2.5772E-13  1.2963E-24
   FE54(N,P)MN54       3.8942E-14  1.9587E-25   AG109(N,G)AG110M    2.7923E-15  1.4045E-26   PU239(N,FISSION)    3.9673E-13  1.9955E-24
   FE54(N,A)CR51       8.6164E-15  4.3340E-26   IN113(N,N')IN113M   9.6087E-15  4.8331E-26   AM241(N,FISSION)    2.9276E-13  1.4725E-24
   FE56(N,P)MN56       1.1159E-14  5.6127E-26   IN113(N,G)IN114M    3.1473E-14  1.5831E-25   SC45(N,G)SC46       2.1883E-15  1.1007E-26

  INPUT FLUX REL. CORRELATION MATRIX (by row from diagonal)
   1   1000  1000  1000  1000  1000  1000  1000  1000  1000  1000  1000  1000  1000  1000    30    30    30    30    30    30
         30    30    30    30    30    30    30    30    30    30    30    30    30    30    30    30    30    30    30    30
         30    30    30    30    30    30    30    30    30    30    30    30    30    30    30    30    30    30    35    35
         35    35    35    35    35    35    35    35    35    35    35    35    35    35    35    35    35    35    35    35
         35    35    35    35    35    35    35    35    35    35    35    35    35   287   287   287  1000  1000  1000  1000
       1000  1000  1000  1000  1000  1000  1000  1000  1000  1000  1000  1000  1000  1000  1000  1000  1000  1000  1000  1000
       1000  1000  1000  1000  1000  1000  1000  1000  1000  1000  1000  1000  1000  1000  1000  1000  1000  1000  1000  1000

  OUTPUT FLUX REL. CORRELATION MATRIX (by row from diagonal)
   1   1000  1000  1000  1000  1000  1000  1000  1000  1000  1000  1000  1000  1000  1000    29    29    29    29    29    29
         29    29    28    28    28    28    28    28    28    28    27    27    26    25    24    23    21    19    17    15
         12     9     6     3     0    -4    -8   -13   -17   -21   -24   -24   -21   -16   -12    -8    -5    -2     6     8
         10    11    13    14    16    18    20    23    26    29    34    40    47    56    68    81    94   103   102    90
         72    51    28     3   -23   -54   -91  -136  -193  -266  -367  -508  -702   170    96    42  1000  1000  1000  1000
       1000  1000  1000  1000  1000  1000  1000  1000  1000  1000  1000  1000  1000  1000  1000  1000  1000  1000  1000  1000
       1000  1000  1000  1000  1000  1000  1000  1000  1000  1000  1000  1000  1000  1000  1000  1000  1000  1000  1000  1000
   2   1000  1000  1000  1000  1000  1000  1000  1000  1000  1000  1000  1000  1000    29    29    29    29    29    29    29
         29    28    28    28    28    28    28    28    28    27    27    26    25    24    23    21    19    17    15    12
          9     6     3     0    -4    -8   -13   -17   -21   -24   -24   -21   -16   -12    -8    -5    -2     6     8    10
         11    13    14    16    18    20    23    26    29    34    40    47    56    68    81    94   103   102    90    72
         51    28     3   -23   -54   -91  -136  -193  -266  -367  -508  -702   170    96    42  1000  1000  1000  1000  1000
       1000  1000  1000  1000  1000  1000  1000  1000  1000  1000  1000  1000  1000  1000  1000  1000  1000  1000  1000  1000
       1000  1000  1000  1000  1000  1000  1000  1000  1000  1000  1000  1000  1000  1000  1000  1000  1000  1000  1000
   3   1000  1000  1000  1000  1000  1000  1000  1000  1000  1000  1000  1000    29    29    29    29    29    29    29    29
         28    28    28    28    28    28    28    28    27    27    26    25    24    23    21    19    17    15    12     9
          6     3     0    -4    -8   -13   -17   -21   -24   -24   -21   -16   -12    -8    -5    -2     6     8    10    11
         13    14    16    18    20    23    26    29    34    40    47    56    68    81    94   103   102    90    72    51
         28     3   -23   -54   -91  -136  -193  -266  -367  -508  -702   170    96    42  1000  1000  1000  1000  1000  1000
       1000  1000  1000  1000  1000  1000  1000  1000  1000  1000  1000  1000  1000  1000  1000  1000  1000  1000  1000  1000
       1000  1000  1000  1000  1000  1000  1000  1000  1000  1000  1000  1000  1000  1000  1000  1000  1000  1000
   4   1000  1000  1000  1000  1000  1000  1000  1000  1000  1000  1000    29    29    29    29    29    29    29    29    28
         28    28    28    28    28    28    28    27    27    26    25    24    23    21    19    17    15    12     9     6
          3     0    -4    -8   -13   -17   -21   -24   -24   -21   -16   -12    -8    -5    -2     6     8    10    11    13
         14    16    18    20    23    26    29    34    40    47    56    68    81    94   103   102    90    72    51    28
          3   -23   -54   -91  -136  -193  -266  -367  -508  -702   170    96    42  1000  1000  1000  1000  1000  1000  1000
       1000  1000  1000  1000  1000  1000  1000  1000  1000  1000  1000  1000  1000  1000  1000  1000  1000  1000  1000  1000
       1000  1000  1000  1000  1000  1000  1000  1000  1000  1000  1000  1000  1000  1000  1000  1000  1000
   5   1000  1000  1000  1000  1000  1000  1000  1000  1000  1000    29    29    29    29    29    29    29    29    28    28
         28    28    28    28    28    28    27    27    26    25    24    23    21    19    17    15    12     9     6     3
          0    -4    -8   -13   -17   -21   -24   -24   -21   -16   -12    -8    -5    -2     6     8    10    11    13    14
         16    18    20    23    26    29    34    40    47    56    68    81    94   103   102    90    72    51    28     3
        -23   -54   -91  -136  -193  -266  -367  -508  -702   170    96    42  1000  1000  1000  1000  1000  1000  1000  1000
       1000  1000  1000  1000  1000  1000  1000  1000  1000  1000  1000  1000  1000  1000  1000  1000  1000  1000  1000  1000
       1000  1000  1000  1000  1000  1000  1000  1000  1000  1000  1000  1000  1000  1000  1000  1000
   6   1000  1000  1000  1000  1000  1000  1000  1000  1000    29    29    29    29    29    29    29    29    28    28    28
         28    28    28    28    28    27    27    26    25    24    23    21    19    17    15    12     9     6     3     0
         -4    -8   -13   -17   -21   -24   -24   -21   -16   -12    -8    -5    -2     6     8    10    11    13    14    16
         18    20    23    26    29    34    40    47    56    68    81    94   103   102    90    72    51    28     3   -23
        -54   -91  -136  -193  -266  -367  -508  -702   170    96    42  1000  1000  1000  1000  1000  1000  1000  1000  1000
       1000  1000  1000  1000  1000  1000  1000  1000  1000  1000  1000  1000  1000  1000  1000  1000  1000  1000  1000  1000
       1000  1000  1000  1000  1000  1000  1000  1000  1000  1000  1000  1000  1000  1000  1000
   7   1000  1000  1000  1000  1000  1000  1000  1000    29    29    29    29    29    29    29    29    28    28    28    28
         28    28    28    28    27    27    26    25    24    23    21    19    17    15    12     9     6     3     0    -4
         -8   -13   -17   -21   -24   -24   -21   -16   -12    -8    -5    -2     6     8    10    11    13    14    16    18
         20    23    26    29    34    40    47    56    68    81    94   103   102    90    72    51    28     3   -23   -54
        -91  -136  -193  -266  -367  -508  -702   170    96    42  1000  1000  1000  1000  1000  1000  1000  1000  1000  1000
       1000  1000  1000  1000  1000  1000  1000  1000  1000  1000  1000  1000  1000  1000  1000  1000  1000  1000  1000  1000
       1000  1000  1000  1000  1000  1000  1000  1000  1000  1000  1000  1000  1000  1000
   8   1000  1000  1000  1000  1000  1000  1000    29    29    29    29    29    29    29    29    28    28    28    28    28
         28    28    28    27    27    26    25    24    23    21    19    17    15    12     9     6     3     0    -4    -8
        -13   -17   -21   -24   -24   -21   -16   -12    -8    -5    -2     6     8    10    11    13    14    16    18    20
         23    26    29    34    40    47    56    68    81    94   103   102    90    72    51    28     3   -23   -54   -91
       -136  -193  -266  -367  -508  -702   170    96    42  1000  1000  1000  1000  1000  1000  1000  1000  1000  1000  1000
       1000  1000  1000  1000  1000  1000  1000  1000  1000  1000  1000  1000  1000  1000  1000  1000  1000  1000  1000  1000
       1000  1000  1000  1000  1000  1000  1000  1000  1000  1000  1000  1000  1000
   9   1000  1000  1000  1000  1000  1000    29    29    29    29    29    29    29    29    28    28    28    28    28    28
         28    28    27    27    26    25    24    23    21    19    17    15    12     9     6     3     0    -4    -8   -13
        -17   -21   -24   -24   -21   -16   -12    -8    -5    -2     6     8    10    11    13    14    16    18    20    23
         26    29    34    40    47    56    68    81    94   103   102    90    72    51    28     3   -23   -54   -91  -136
       -193  -266  -367  -508  -702   170    96    42  1000  1000  1000  1000  1000  1000  1000  1000  1000  1000  1000  1000
       1000  1000  1000  1000  1000  1000  1000  1000  1000  1000  1000  1000  1000  1000  1000  1000  1000  1000  1000  1000
       1000  1000  1000  1000  1000  1000  1000  1000  1000  1000  1000  1000
  10   1000  1000  1000  1000  1000    29    29    29    29    29    29    29    29    28    28    28    28    28    28    28
         28    27    27    26    25    24    23    21    19    17    15    12     9     6     3     0    -4    -8   -13   -17
        -21   -24   -24   -21   -16   -12    -8    -5    -2     6     8    10    11    13    14    16    18    20    23    26
         29    34    40    47    56    68    81    94   103   102    90    72    51    28     3   -23   -54   -91  -136  -193
       -266  -367  -508  -702   170    96    42  1000  1000  1000  1000  1000  1000  1000  1000  1000  1000  1000  1000  1000
       1000  1000  1000  1000  1000  1000  1000  1000  1000  1000  1000  1000  1000  1000  1000  1000  1000  1000  1000  1000
       1000  1000  1000  1000  1000  1000  1000  1000  1000  1000  1000
  11   1000  1000  1000  1000    29    29    29    29    29    29    29    29    28    28    28    28    28    28    28    28
         27    27    26    25    24    23    21    19    17    15    12     9     6     3     0    -4    -8   -13   -17   -21
        -24   -24   -21   -16   -12    -8    -5    -2     6     8    10    11    13    14    16    18    20    23    26    29
         34    40    47    56    68    81    94   103   102    90    72    51    28     3   -23   -54   -91  -136  -193  -266
       -367  -508  -702   170    96    42  1000  1000  1000  1000  1000  1000  1000  1000  1000  1000  1000  1000  1000  1000
       1000  1000  1000  1000  1000  1000  1000  1000  1000  1000  1000  1000  1000  1000  1000  1000  1000  1000  1000  1000
       1000  1000  1000  1000  1000  1000  1000  1000  1000  1000
  12   1000  1000  1000    29    29    29    29    29    29    29    29    28    28    28    28    28    28    28    28    27
         27    26    25    24    23    21    19    17    15    12     9     6     3     0    -4    -8   -13   -17   -21   -24
        -24   -21   -16   -12    -8    -5    -2     6     8    10    11    13    14    16    18    20    23    26    29    34
         40    47    56    68    81    94   103   102    90    72    51    28     3   -23   -54   -91  -136  -193  -266  -367
       -508  -702   170    96    42  1000  1000  1000  1000  1000  1000  1000  1000  1000  1000  1000  1000  1000  1000  1000
       1000  1000  1000  1000  1000  1000  1000  1000  1000  1000  1000  1000  1000  1000  1000  1000  1000  1000  1000  1000
       1000  1000  1000  1000  1000  1000  1000  1000  1000
  13   1000  1000    29    29    29    29    29    29    29    29    28    28    28    28    28    28    28    28    27    27
         26    25    24    23    21    19    17    15    12     9     6     3     0    -4    -8   -13   -17   -21   -24   -24
        -21   -16   -12    -8    -5    -2     6     8    10    11    13    14    16    18    20    23    26    29    34    40
         47    56    68    81    94   103   102    90    72    51    28     3   -23   -54   -91  -136  -193  -266  -367  -508
       -702   170    96    42  1000  1000  1000  1000  1000  1000  1000  1000  1000  1000  1000  1000  1000  1000  1000  1000
       1000  1000  1000  1000  1000  1000  1000  1000  1000  1000  1000  1000  1000  1000  1000  1000  1000  1000  1000  1000
       1000  1000  1000  1000  1000  1000  1000  1000
  14   1000    29    29    29    29    29    29    29    29    28    28    28    28    28    28    28    28    27    27    26
         25    24    23    21    19    17    15    12     9     6     3     0    -4    -8   -13   -17   -21   -24   -24   -21
        -16   -12    -8    -5    -2     6     8    10    11    13    14    16    18    20    23    26    29    34    40    47
         56    68    81    94   103   102    90    72    51    28     3   -23   -54   -91  -136  -193  -266  -367  -508  -702
        170    96    42  1000  1000  1000  1000  1000  1000  1000  1000  1000  1000  1000  1000  1000  1000  1000  1000  1000
       1000  1000  1000  1000  1000  1000  1000  1000  1000  1000  1000  1000  1000  1000  1000  1000  1000  1000  1000  1000
       1000  1000  1000  1000  1000  1000  1000
  15   1000   988   952   895   821   735   641   546   454   368   292   225   170   125    90    63    43    29    19    12
          8     5     3     1     1     0     0     0     0    -1    -2    -2    -3    -4    -5    -6    -7    -7    -7    -6
         -5    -4    -3    -2    -1    -1     0     0     0     0     1     1     2     2     2     3     3     3     3     3
          4     4     3     3     2     1     1     0     0     0    -1    -2    -3    -4    -6    -8   -10   -14   -20     4
          3     2    29    29    29    29    29    29    29    29    29    29    29    29    29    29    29    29    29    29
         29    29    29    29    29    29    29    29    29    29    29    29    29    29    29    29    29    29    29    29
         29    29    29    29    29    29
  16   1000   988   952   895   821   735   641   546   454   368   292   225   170   125    90    63    43    29    19    12
          8     5     3     1     0     0     0     0    -1    -2    -2    -3    -4    -5    -7    -7    -8    -7    -6    -5
         -4    -3    -2    -1    -1     0     0     0     0     1     1     2     2     2     3     3     3     3     3     4
          4     3     3     2     1     1     0     0    -1    -1    -2    -3    -4    -6    -8   -10   -14   -20     4     3
          2    29    29    29    29    29    29    29    29    29    29    29    29    29    29    29    29    29    29    29
         29    29    29    29    29    29    29    29    29    29    29    29    29    29    29    29    29    29    29    29
         29    29    29    29    29
  17   1000   988   952   895   821   735   641   546   454   368   292   225   170   125    90    63    43    29    19    12
          7     4     2     1     0     0     0    -1    -2    -2    -3    -4    -5    -7    -7    -8    -7    -6    -5    -4
         -3    -2    -1    -1     0     0     0     0     1     1     2     2     2     3     3     3     3     3     4     4
          3     3     2     1     1     0     0     0    -1    -2    -3    -4    -6    -8   -10   -14   -20     4     3     2
         29    29    29    29    29    29    29    29    29    29    29    29    29    29    29    29    29    29    29    29
         29    29    29    29    29    29    29    29    29    29    29    29    29    29    29    29    29    29    29    29
         29    29    29    29
  18   1000   988   952   895   821   735   641   546   454   368   292   225   170   125    90    63    43    29    19    12
          7     4     2     1     0     0    -1    -1    -2    -3    -4    -5    -6    -7    -8    -7    -6    -5    -4    -3
         -2    -1    -1     0     0     0     0     1     1     2     2     2     3     3     3     3     3     3     4     3
          3     2     1     1     0     0     0    -1    -2    -3    -4    -6    -8   -10   -14   -20     4     3     2    29
         29    29    29    29    29    29    29    29    29    29    29    29    29    29    29    29    29    29    29    29
         29    29    29    29    29    29    29    29    29    29    29    29    29    29    29    29    29    29    29    29
         29    29    29
  19   1000   988   952   895   821   735   641   546   454   368   292   225   170   125    90    63    43    29    19    12
          7     4     2     1     0     0    -1    -2    -3    -4    -5    -6    -7    -7    -7    -6    -5    -4    -3    -2
         -1    -1     0     0     0     0     1     1     2     2     2     3     3     3     3     3     3     3     3     3
          2     1     1     0     0     0    -1    -2    -3    -4    -6    -8   -10   -14   -20     4     3     2    29    29
         29    29    29    29    29    29    29    29    29    29    29    29    29    29    29    29    29    29    29    29
         29    29    29    29    29    29    29    29    29    29    29    29    29    29    29    29    29    29    29    29
         29    29
  20   1000   988   952   895   821   735   641   546   454   368   292   225   170   125    90    63    43    29    19    12
          7     4     2     0     0    -1    -2    -3    -4    -5    -6    -7    -7    -7    -6    -5    -4    -3    -2    -1
         -1     0     0     0     0     1     1     2     2     2     2     3     3     3     3     3     3     3     3     2
          2     1     0     0     0    -1    -2    -3    -4    -5    -7   -10   -14   -19     4     3     2    29    29    29
         29    29    29    29    29    29    29    29    29    29    29    29    29    29    29    29    29    29    29    29
         29    29    29    29    29    29    29    29    29    29    29    29    29    29    29    29    29    29    29    29
         29
  21   1000   988   952   895   821   735   641   546   454   368   292   225   170   125    90    63    43    29    19    12
          7     4     2     0     0    -1    -2    -4    -5    -6    -7    -7    -6    -6    -5    -4    -3    -2    -1    -1
          0     0     0     0     1     1     1     2     2     2     2     3     3     3     3     3     3     3     2     2
          1     0     0     0    -1    -2    -3    -4    -5    -7   -10   -14   -19     4     3     1    29    29    29    29
         29    29    29    29    29    29    29    29    29    29    29    29    29    29    29    29    29    29    29    29
         29    29    29    29    29    29    29    29    29    29    29    29    29    29    29    29    29    29    29    29
  22   1000   988   952   895   821   735   641   546   454   368   292   225   170   125    90    63    43    29    19    12
          7     4     1     0    -1    -2    -3    -5    -6    -7    -7    -6    -6    -5    -4    -3    -2    -1    -1     0
          0     0     0     1     1     1     2     2     2     2     3     3     3     3     3     3     3     2     2     1
          0     0     0    -1    -2    -3    -4    -5    -7   -10   -14   -19     5     3     1    29    29    29    29    29
         29    29    29    29    29    29    29    29    29    29    29    29    29    29    29    29    29    29    29    29
         29    29    29    29    29    29    29    29    29    29    29    29    29    29    29    29    29    29    29
  23   1000   988   952   895   821   735   641   547   454   369   292   226   170   126    90    64    44    29    19    12
          7     3     1     0    -2    -3    -5    -6    -7    -7    -7    -6    -5    -4    -3    -2    -1    -1     0     0
          0     0     0     1     1     1     2     2     2     2     3     3     3     3     3     3     3     2     1     0
          0     0    -1    -1    -2    -4    -5    -7   -10   -14   -19     5     3     1    28    28    28    28    28    28
         28    28    28    28    28    28    28    28    28    28    28    28    28    28    28    28    28    28    28    28
         28    28    28    28    28    28    28    28    28    28    28    28    28    28    28    28    28    28
  24   1000   988   952   895   821   735   642   547   454   369   292   226   171   126    91    64    44    30    19    12
          7     3     0    -1    -3    -5    -6    -8    -8    -7    -6    -5    -4    -3    -3    -2    -1    -1     0     0
          0     0     0     1     1     1     2     2     2     2     3     3     3     3     3     3     2     1     1     0
          0     0    -1    -2    -3    -5    -7   -10   -14   -19     5     3     1    28    28    28    28    28    28    28
         28    28    28    28    28    28    28    28    28    28    28    28    28    28    28    28    28    28    28    28
         28    28    28    28    28    28    28    28    28    28    28    28    28    28    28    28    28
  25   1000   988   952   895   821   735   642   547   455   369   293   227   172   127    92    65    45    30    19    12
          6     2     0    -3    -5    -7    -9    -9    -9    -8    -7    -5    -4    -3    -2    -2    -1    -1     0     0
          0     0     0     1     1     1     1     2     2     2     3     3     3     3     3     2     2     1     0     0
          0    -1    -2    -3    -5    -7   -10   -14   -19     5     3     1    28    28    28    28    28    28    28    28
         28    28    28    28    28    28    28    28    28    28    28    28    28    28    28    28    28    28    28    28
         28    28    28    28    28    28    28    28    28    28    28    28    28    28    28    28
  26   1000   988   952   895   821   735   642   547   455   370   294   228   173   128    93    66    46    30    19    11
          5     0    -3    -6    -9   -11   -12   -11   -10    -9    -7    -6    -5    -4    -3    -2    -1    -1     0     0
          0     0     0     0     1     1     1     2     2     2     3     3     3     3     3     2     1     1     0     0
         -1    -2    -3    -5    -7   -10   -14   -19     5     3     1    28    28    28    28    28    28    28    28    28
         28    28    28    28    28    28    28    28    28    28    28    28    28    28    28    28    28    28    28    28
         28    28    28    28    28    28    28    28    28    28    28    28    28    28    28
  27   1000   988   952   895   821   735   642   548   456   371   295   229   174   130    94    67    46    30    18     9
          2    -3    -8   -12   -15   -16   -15   -14   -12   -10    -8    -7    -5    -4    -4    -3    -2    -2    -1     0
          0     0     0     0     1     1     1     2     2     3     3     3     3     3     2     2     1     0     0    -1
         -2    -3    -4    -7    -9   -13   -19     5     3     1    28    28    28    28    28    28    28    28    28    28
         28    28    28    28    28    28    28    28    28    28    28    28    28    28    28    28    28    28    28    28
         28    28    28    28    28    28    28    28    28    28    28    28    28    28
  28   1000   988   952   895   821   735   643   548   457   372   297   231   176   131    96    68    46    29    16     5
         -2   -10   -16   -20   -22   -21   -19   -17   -14   -12   -10    -8    -7    -6    -5    -4    -3    -2    -2    -1
         -1     0     0     0     0     1     1     2     2     3     4     4     3     3     2     1     1     0     0    -1
         -3    -4    -6    -9   -13   -19     5     3     1    28    28    28    28    28    28    28    28    28    28    28
         28    28    28    28    28    28    28    28    28    28    28    28    28    28    28    28    28    28    28    28
         28    28    28    28    28    28    28    28    28    28    28    28    28
  29   1000   988   952   895   822   736   644   550   459   375   299   234   179   133    97    67    44    26    11    -1
        -12   -21   -28   -31   -30   -27   -24   -20   -17   -15   -12   -11    -9    -8    -6    -5    -4    -4    -3    -2
         -2    -1     0     0     0     1     1     2     3     4     4     4     4     3     2     1     0     0    -1    -2
         -4    -6    -9   -13   -18     5     3     1    28    28    28    28    28    28    28    28    28    28    28    28
         28    28    28    28    28    28    28    28    28    28    28    28    28    28    28    28    28    28    28    28
         28    28    28    28    28    28    28    28    28    28    28    28
  30   1000   988   952   895   822   737   645   552   461   377   302   236   181   134    96    65    40    18     0   -15
        -28   -39   -43   -43   -39   -34   -29   -25   -22   -18   -16   -14   -12   -10    -9    -7    -6    -5    -4    -4
         -3    -2    -1     0     0     1     2     3     4     5     5     5     4     3     2     1     0     0    -1    -3
         -5    -8   -12   -18     5     3     1    28    28    28    28    28    28    28    28    28    28    28    28    28
         28    28    28    28    28    28    28    28    28    28    28    28    28    28    28    28    28    28    28    28
         28    28    28    28    28    28    28    28    28    28    28
  31   1000   988   952   896   823   738   647   554   464   381   305   239   182   134    93    59    30     5   -17   -37
        -52   -60   -60   -55   -48   -42   -36   -31   -27   -23   -20   -17   -15   -13   -11   -10    -9    -7    -6    -5
         -4    -3    -2    -1     0     1     3     5     6     6     6     5     5     4     3     1     0     0    -2    -4
         -7   -12   -17     6     2     1    27    27    27    27    27    27    27    27    27    27    27    27    27    27
         27    27    27    27    27    27    27    27    27    27    27    27    27    27    27    27    27    27    27    27
         27    27    27    27    27    27    27    27    27    27
  32   1000   988   952   896   824   740   649   557   468   384   308   240   181   130    86    47    12   -19   -47   -70
        -81   -82   -76   -68   -59   -51   -44   -38   -33   -29   -25   -22   -19   -17   -15   -13   -11   -10    -8    -7
         -6    -4    -2     0     1     3     6     8     8     8     7     6     5     4     3     1     0    -1    -3    -6
        -11   -16     6     2     0    27    27    27    27    27    27    27    27    27    27    27    27    27    27    27
         27    27    27    27    27    27    27    27    27    27    27    27    27    27    27    27    27    27    27    27
         27    27    27    27    27    27    27    27    27
  33   1000   988   953   897   825   742   652   560   471   387   309   239   176   120    70    23   -19   -59   -90  -108
       -111  -104   -93   -81   -70   -61   -53   -46   -40   -35   -31   -28   -24   -22   -19   -17   -15   -13   -11    -9
         -7    -5    -2     0     3     7     9    11    11    10     9     8     6     5     3     2     0    -2    -5    -9
        -15     7     2     0    26    26    26    26    26    26    26    26    26    26    26    26    26    26    26    26
         26    26    26    26    26    26    26    26    26    26    26    26    26    26    26    26    26    26    26    26
         26    26    26    26    26    26    26    26
  34   1000   988   953   898   827   744   655   564   474   388   307   233   164   101    40   -16   -70  -114  -140  -146
       -138  -124  -109   -95   -83   -72   -63   -55   -49   -43   -38   -34   -30   -27   -24   -21   -18   -16   -13   -11
         -7    -4     0     4     8    12    14    14    13    12    11     9     7     6     4     2     0    -3    -8   -14
          8     2     0    25    25    25    25    25    25    25    25    25    25    25    25    25    25    25    25    25
         25    25    25    25    25    25    25    25    25    25    25    25    25    25    25    25    25    25    25    25
         25    25    25    25    25    25    25
  35   1000   988   954   899   829   747   658   566   474   385   300   219   140    64    -9   -80  -140  -178  -189  -180
       -163  -144  -126  -110   -96   -84   -74   -66   -58   -52   -46   -41   -37   -33   -29   -26   -22   -19   -15   -11
         -7    -1     4    10    15    18    19    18    16    15    13    11     9     6     4     1    -1    -6   -12     9
          2     0    24    24    24    24    24    24    24    24    24    24    24    24    24    24    24    24    24    24
         24    24    24    24    24    24    24    24    24    24    24    24    24    24    24    24    24    24    24    24
         24    24    24    24    24    24
  36   1000   988   954   900   830   749   659   566   471   376   283   190    97     3   -88  -167  -220  -238  -230  -210
       -187  -164  -144  -126  -111   -98   -87   -77   -69   -61   -55   -49   -44   -39   -35   -30   -26   -21   -16   -10
         -3     4    12    19    23    24    23    21    19    17    15    12    10     7     4     1    -3    -9    10     1
         -1    23    23    23    23    23    23    23    23    23    23    23    23    23    23    23    23    23    23    23
         23    23    23    23    23    23    23    23    23    23    23    23    23    23    23    23    23    23    23    23
         23    23    23    23    23
  37   1000   988   955   901   832   749   658   561   461   357   250   140    25   -89  -193  -264  -292  -287  -265  -238
       -210  -185  -163  -143  -127  -112  -100   -89   -80   -72   -64   -58   -51   -46   -40   -34   -28   -21   -14    -5
          4    15    24    29    31    30    28    25    23    20    17    14    11     8     4     0    -7    12     1    -2
         21    21    21    21    21    21    21    21    21    21    21    21    21    21    21    21    21    21    21    21
         21    21    21    21    21    21    21    21    21    21    21    21    21    21    21    21    21    21    21    21
         21    21    21    21
  38   1000   989   955   902   832   748   653   550   439   321   194    57   -83  -214  -308  -350  -350  -328  -296  -264
       -233  -206  -182  -161  -143  -127  -114  -102   -92   -82   -74   -66   -59   -51   -44   -37   -28   -18    -7     5
         19    30    36    38    37    35    32    29    26    22    19    16    12     8     3    -3    14     0    -4    19
         19    19    19    19    19    19    19    19    19    19    19    19    19    19    19    19    19    19    19    19
         19    19    19    19    19    19    19    19    19    19    19    19    19    19    19    19    19    19    19    19
         19    19    19
  39   1000   989   955   901   830   743   642   528   401   259   101   -66  -227  -349  -409  -418  -396  -362  -324  -289
       -256  -227  -201  -179  -160  -143  -128  -115  -104   -93   -83   -74   -65   -56   -46   -36   -24   -10     6    23
         37    45    48    47    44    40    36    33    29    25    21    17    12     7     0    16     0    -5    17    17
         17    17    17    17    17    17    17    17    17    17    17    17    17    17    17    17    17    17    17    17
         17    17    17    17    17    17    17    17    17    17    17    17    17    17    17    17    17    17    17    17
         17    17
  40   1000   989   955   900   825   731   619   488   335   159   -36  -230  -382  -466  -486  -469  -433  -392  -351  -313
       -279  -248  -221  -198  -177  -159  -143  -129  -116  -103   -92   -81   -70   -58   -45   -30   -13     6    27    45
         55    58    57    54    50    45    41    36    32    27    23    18    12     4    18     0    -7    15    15    15
         15    15    15    15    15    15    15    15    15    15    15    15    15    15    15    15    15    15    15    15
         15    15    15    15    15    15    15    15    15    15    15    15    15    15    15    15    15    15    15    15
         15
  41   1000   988   954   896   815   710   580   421   230     9  -217  -404  -516  -553  -543  -509  -466  -421  -377  -337
       -302  -270  -242  -217  -195  -175  -157  -141  -127  -113   -99   -85   -71   -55   -37   -16     7    33    54    67
         71    69    65    60    55    50    44    39    34    29    24    17     9    21    -1    -9    12    12    12    12
         12    12    12    12    12    12    12    12    12    12    12    12    12    12    12    12    12    12    12    12
         12    12    12    12    12    12    12    12    12    12    12    12    12    12    12    12    12    12    12    12
  42   1000   988   951   888   797   675   516   315    74  -185  -410  -554  -614  -616  -587  -544  -496  -448  -403  -362
       -325  -291  -262  -235  -212  -190  -171  -153  -136  -119  -103   -85   -66   -45   -20     9    39    65    80    85
         83    78    73    66    60    54    48    42    36    30    23    15    25    -2   -11     9     9     9     9     9
          9     9     9     9     9     9     9     9     9     9     9     9     9     9     9     9     9     9     9     9
          9     9     9     9     9     9     9     9     9     9     9     9     9     9     9     9     9     9     9
  43   1000   987   947   875   767   616   414   157  -130  -393  -575  -663  -683  -663  -623  -575  -525  -476  -429  -387
       -348  -313  -282  -254  -228  -205  -183  -163  -143  -123  -102   -79   -54   -24    10    47    77    95   100    99
         93    86    79    71    64    57    51    44    38    30    21    29    -3   -13     6     6     6     6     6     6
          6     6     6     6     6     6     6     6     6     6     6     6     6     6     6     6     6     6     6     6
          6     6     6     6     6     6     6     6     6     6     6     6     6     6     6     6     6     6
  44   1000   986   939   853   719   523   261   -49  -350  -572  -694  -738  -734  -702  -657  -606  -554  -504  -456  -412
       -372  -335  -302  -271  -244  -218  -193  -169  -145  -121   -94   -63   -28    12    55    91   111   118   116   110
        101    93    84    76    68    61    53    46    38    27    33    -4   -16     3     3     3     3     3     3     3
          3     3     3     3     3     3     3     3     3     3     3     3     3     3     3     3     3     3     3     3
          3     3     3     3     3     3     3     3     3     3     3     3     3     3     3     3     3
  45   1000   983   927   818   641   384    59  -273  -538  -700  -775  -792  -775  -737  -689  -637  -584  -533  -484  -438
       -396  -357  -321  -288  -257  -228  -199  -171  -142  -110   -74   -32    15    65   107   131   138   136   128   119
        109    99    89    80    72    63    55    46    35    38    -5   -19     0     0     0     0     0     0     0     0
          0     0     0     0     0     0     0     0     0     0     0     0     0     0     0     0     0     0     0     0
          0     0     0     0     0     0     0     0     0     0     0     0     0     0     0     0
  46   1000   979   906   760   523   198  -158  -463  -670  -783  -830  -833  -810  -770  -722  -669  -615  -563  -512  -464
       -420  -378  -339  -303  -268  -234  -200  -166  -128   -86   -37    18    77   125   153   162   158   149   138   127
        115   104    94    84    75    66    56    43    44    -6   -22    -4    -4    -4    -4    -4    -4    -4    -4    -4
         -4    -4    -4    -4    -4    -4    -4    -4    -4    -4    -4    -4    -4    -4    -4    -4    -4    -4    -4    -4
         -4    -4    -4    -4    -4    -4    -4    -4    -4    -4    -4    -4    -4    -4    -4
  47   1000   972   873   674   367     0  -340  -592  -750  -834  -867  -865  -841  -802  -754  -701  -647  -593  -540  -490
       -442  -397  -354  -314  -274  -234  -193  -149   -99   -42    22    90   146   178   188   184   173   160   147   133
        121   109    98    87    77    66    53    51    -7   -26    -8    -8    -8    -8    -8    -8    -8    -8    -8    -8
         -8    -8    -8    -8    -8    -8    -8    -8    -8    -8    -8    -8    -8    -8    -8    -8    -8    -8    -8    -8
         -8    -8    -8    -8    -8    -8    -8    -8    -8    -8    -8    -8    -8    -8
  48   1000   962   823   561   205  -155  -450  -656  -786  -858  -887  -887  -865  -828  -782  -731  -676  -620  -566  -513
       -461  -412  -365  -318  -271  -223  -172  -114   -48    27   105   169   206   217   212   199   184   169   153   139
        125   113   101    90    78    63    58    -8   -30   -13   -13   -13   -13   -13   -13   -13   -13   -13   -13   -13
        -13   -13   -13   -13   -13   -13   -13   -13   -13   -13   -13   -13   -13   -13   -13   -13   -13   -13   -13   -13
        -13   -13   -13   -13   -13   -13   -13   -13   -13   -13   -13   -13   -13
  49   1000   946   761   452    94  -229  -480  -659  -778  -849  -883  -889  -873  -841  -799  -749  -695  -639  -582  -526
       -471  -417  -364  -311  -255  -196  -130   -54    31   120   193   234   246   240   226   209   191   174   158   142
        128   115   103    90    73    66    -8   -33   -17   -17   -17   -17   -17   -17   -17   -17   -17   -17   -17   -17
        -17   -17   -17   -17   -17   -17   -17   -17   -17   -17   -17   -17   -17   -17   -17   -17   -17   -17   -17   -17
        -17   -17   -17   -17   -17   -17   -17   -17   -17   -17   -17   -17
  50   1000   929   711   398    75  -205  -428  -596  -714  -792  -836  -852  -846  -823  -786  -741  -690  -635  -578  -520
       -462  -404  -345  -283  -217  -144   -60    35   133   213   258   271   265   249   230   210   191   173   157   141
        127   114   100    82    73    -9   -36   -21   -21   -21   -21   -21   -21   -21   -21   -21   -21   -21   -21   -21
        -21   -21   -21   -21   -21   -21   -21   -21   -21   -21   -21   -21   -21   -21   -21   -21   -21   -21   -21   -21
        -21   -21   -21   -21   -21   -21   -21   -21   -21   -21   -21
  51   1000   920   705   428   152   -92  -296  -458  -582  -670  -726  -756  -762  -750  -724  -686  -641  -590  -536  -480
       -421  -361  -298  -229  -152   -64    34   137   219   267   281   274   258   238   218   198   179   162   147   132
        118   104    87    76    -8   -37   -24   -24   -24   -24   -24   -24   -24   -24   -24   -24   -24   -24   -24   -24
        -24   -24   -24   -24   -24   -24   -24   -24   -24   -24   -24   -24   -24   -24   -24   -24   -24   -24   -24   -24
        -24   -24   -24   -24   -24   -24   -24   -24   -24   -24
  52   1000   926   745   520   291    79  -107  -264  -390  -486  -554  -597  -618  -619  -605  -579  -543  -501  -454  -402
       -347  -288  -224  -151   -67    28   126   206   252   266   260   245   226   207   189   171   155   140   126   113
        100    84    74    -7   -35   -24   -24   -24   -24   -24   -24   -24   -24   -24   -24   -24   -24   -24   -24   -24
        -24   -24   -24   -24   -24   -24   -24   -24   -24   -24   -24   -24   -24   -24   -24   -24   -24   -24   -24   -24
        -24   -24   -24   -24   -24   -24   -24   -24   -24
  53   1000   941   801   624   437   255    88   -58  -182  -282  -358  -411  -444  -458  -457  -443  -419  -387  -349  -306
       -258  -203  -141   -67    16   102   174   217   230   226   214   198   181   165   150   136   123   111   100    89
         74    66    -4   -30   -21   -21   -21   -21   -21   -21   -21   -21   -21   -21   -21   -21   -21   -21   -21   -21
        -21   -21   -21   -21   -21   -21   -21   -21   -21   -21   -21   -21   -21   -21   -21   -21   -21   -21   -21   -21
        -21   -21   -21   -21   -21   -21   -21   -21
  54   1000   956   849   710   556   400   252   116    -2  -102  -181  -241  -283  -307  -317  -314  -301  -280  -252  -218
       -176  -127   -68     0    72   134   171   185   183   174   162   149   136   124   113   102    93    83    74    62
         57    -2   -24   -16   -16   -16   -16   -16   -16   -16   -16   -16   -16   -16   -16   -16   -16   -16   -16   -16
        -16   -16   -16   -16   -16   -16   -16   -16   -16   -16   -16   -16   -16   -16   -16   -16   -16   -16   -16   -16
        -16   -16   -16   -16   -16   -16   -16
  55   1000   967   884   770   641   506   373   248   135    37   -43  -108  -155  -187  -206  -212  -209  -197  -177  -150
       -115   -71   -18    40    91   125   139   141   135   127   118   109    99    90    82    75    67    60    50    48
          0   -19   -12   -12   -12   -12   -12   -12   -12   -12   -12   -12   -12   -12   -12   -12   -12   -12   -12   -12
        -12   -12   -12   -12   -12   -12   -12   -12   -12   -12   -12   -12   -12   -12   -12   -12   -12   -12   -12   -12
        -12   -12   -12   -12   -12   -12
  56   1000   974   906   811   700   580   458   341   234   138    56   -10   -63  -101  -126  -140  -144  -140  -127  -106
        -77   -38     7    50    81    97   102   101    96    90    84    77    71    65    59    53    47    40    40     1
        -14    -8    -8    -8    -8    -8    -8    -8    -8    -8    -8    -8    -8    -8    -8    -8    -8    -8    -8    -8
         -8    -8    -8    -8    -8    -8    -8    -8    -8    -8    -8    -8    -8    -8    -8    -8    -8    -8    -8    -8
         -8    -8    -8    -8    -8
  57   1000   978   921   839   739   630   518   407   303   208   125    56     0   -42   -74   -94  -105  -107  -100   -84
        -59   -25    10    39    57    66    69    69    66    62    58    54    50    46    41    37    31    34     3   -10
         -5    -5    -5    -5    -5    -5    -5    -5    -5    -5    -5    -5    -5    -5    -5    -5    -5    -5    -5    -5
         -5    -5    -5    -5    -5    -5    -5    -5    -5    -5    -5    -5    -5    -5    -5    -5    -5    -5    -5    -5
         -5    -5    -5    -5
  58   1000   982   932   858   767   665   558   452   350   255   172   100    40    -7   -44   -70   -87   -95   -93   -82
        -59   -30    -1    19    32    39    43    43    43    41    39    36    34    31    28    23    29     5    -6    -2
         -2    -2    -2    -2    -2    -2    -2    -2    -2    -2    -2    -2    -2    -2    -2    -2    -2    -2    -2    -2
         -2    -2    -2    -2    -2    -2    -2    -2    -2    -2    -2    -2    -2    -2    -2    -2    -2    -2    -2    -2
         -2    -2    -2
  59   1000   984   939   871   785   689   586   482   381   286   200   125    62     9   -32   -65   -88  -102  -105   -94
        -71   -44   -20    -2     9    17    21    23    24    23    23    21    19    16    12    25     8    -2     6     6
          6     6     6     6     6     6     6     6     6     6     6     6     6     6     6     6     6     6     6     6
          6     6     6     6     6     6     6     6     6     6     6     6     6     6     6     6     6     6     6     6
          6     6
  60   1000   985   943   879   798   704   604   500   399   303   215   136    67     8   -40   -80  -111  -130  -133  -117
        -90   -62   -39   -22   -10    -1     3     7     9    10    10     9     8     6    21    10     1     8     8     8
          8     8     8     8     8     8     8     8     8     8     8     8     8     8     8     8     8     8     8     8
          8     8     8     8     8     8     8     8     8     8     8     8     8     8     8     8     8     8     8     8
          8
  61   1000   986   947   885   806   714   614   510   408   309   217   133    57    -9   -67  -117  -155  -173  -166  -141
       -110   -81   -58   -40   -27   -18   -11    -7    -3    -1     0     0     0    17    14     5    10    10    10    10
         10    10    10    10    10    10    10    10    10    10    10    10    10    10    10    10    10    10    10    10
         10    10    10    10    10    10    10    10    10    10    10    10    10    10    10    10    10    10    10    10
  62   1000   987   949   888   810   719   618   513   408   305   207   115    30   -48  -119  -178  -215  -220  -198  -163
       -128   -99   -76   -58   -44   -34   -26   -20   -15   -12    -9    -7    13    18    10    11    11    11    11    11
         11    11    11    11    11    11    11    11    11    11    11    11    11    11    11    11    11    11    11    11
         11    11    11    11    11    11    11    11    11    11    11    11    11    11    11    11    11    11    11
  63   1000   987   950   890   812   720   617   509   399   290   183    80   -19  -113  -197  -256  -277  -260  -223  -183
       -147  -117   -94   -75   -60   -48   -39   -31   -25   -20   -15     7    23    17    13    13    13    13    13    13
         13    13    13    13    13    13    13    13    13    13    13    13    13    13    13    13    13    13    13    13
         13    13    13    13    13    13    13    13    13    13    13    13    13    13    13    13    13    13
  64   1000   987   950   890   812   717   612   499   381   262   141    21   -98  -209  -296  -336  -328  -291  -246  -203
       -166  -136  -112   -92   -76   -62   -51   -42   -34   -24     1    29    25    14    14    14    14    14    14    14
         14    14    14    14    14    14    14    14    14    14    14    14    14    14    14    14    14    14    14    14
         14    14    14    14    14    14    14    14    14    14    14    14    14    14    14    14    14
  65   1000   987   950   889   809   711   600   479   351   215    74   -70  -212  -330  -395  -400  -366  -317  -267  -224
       -186  -155  -130  -109   -91   -76   -62   -50   -36    -6    37    34    16    16    16    16    16    16    16    16
         16    16    16    16    16    16    16    16    16    16    16    16    16    16    16    16    16    16    16    16
         16    16    16    16    16    16    16    16    16    16    16    16    16    16    16    16
  66   1000   987   949   887   803   700   581   448   302   143   -27  -201  -355  -451  -474  -446  -395  -340  -289  -245
       -207  -175  -148  -125  -105   -87   -70   -50   -15    47    46    18    18    18    18    18    18    18    18    18
         18    18    18    18    18    18    18    18    18    18    18    18    18    18    18    18    18    18    18    18
         18    18    18    18    18    18    18    18    18    18    18    18    18    18    18
  67   1000   987   948   883   794   683   552   399   226    32  -174  -366  -498  -546  -528  -479  -421  -364  -312  -267
       -228  -195  -166  -140  -117   -93   -67   -26    58    61    20    20    20    20    20    20    20    20    20    20
         20    20    20    20    20    20    20    20    20    20    20    20    20    20    20    20    20    20    20    20
         20    20    20    20    20    20    20    20    20    20    20    20    20    20
  68   1000   986   945   876   780   657   505   323   110  -126  -358  -531  -610  -610  -566  -507  -446  -388  -336  -290
       -249  -213  -181  -152  -122   -87   -41    72    78    23    23    23    23    23    23    23    23    23    23    23
         23    23    23    23    23    23    23    23    23    23    23    23    23    23    23    23    23    23    23    23
         23    23    23    23    23    23    23    23    23    23    23    23    23
  69   1000   986   942   866   758   615   433   207   -56  -328  -545  -662  -685  -653  -597  -534  -471  -413  -360  -312
       -269  -230  -193  -156  -111   -57    88    98    26    26    26    26    26    26    26    26    26    26    26    26
         26    26    26    26    26    26    26    26    26    26    26    26    26    26    26    26    26    26    26    26
         26    26    26    26    26    26    26    26    26    26    26    26
  70   1000   985   936   851   725   550   321    38  -269  -534  -693  -748  -734  -686  -625  -560  -496  -437  -382  -332
       -286  -241  -195  -139   -78   107   123    29    29    29    29    29    29    29    29    29    29    29    29    29
         29    29    29    29    29    29    29    29    29    29    29    29    29    29    29    29    29    29    29    29
         29    29    29    29    29    29    29    29    29    29    29
  71   1000   983   927   827   671   449   157  -180  -490  -698  -791  -803  -770  -715  -651  -586  -522  -461  -404  -349
       -297  -241  -173  -102   129   151    34    34    34    34    34    34    34    34    34    34    34    34    34    34
         34    34    34    34    34    34    34    34    34    34    34    34    34    34    34    34    34    34    34    34
         34    34    34    34    34    34    34    34    34    34
  72   1000   980   914   788   587   299   -56  -408  -666  -805  -851  -840  -798  -741  -677  -611  -545  -482  -421  -360
       -294  -212  -131   154   184    40    40    40    40    40    40    40    40    40    40    40    40    40    40    40
         40    40    40    40    40    40    40    40    40    40    40    40    40    40    40    40    40    40    40    40
         40    40    40    40    40    40    40    40    40
  73   1000   976   891   726   460   101  -281  -590  -779  -867  -887  -866  -822  -765  -701  -634  -567  -500  -431  -355
       -258  -165   181   222    47    47    47    47    47    47    47    47    47    47    47    47    47    47    47    47
         47    47    47    47    47    47    47    47    47    47    47    47    47    47    47    47    47    47    47    47
         47    47    47    47    47    47    47    47
  74   1000   968   855   632   292  -106  -458  -701  -838  -898  -908  -884  -841  -785  -721  -653  -583  -508  -422  -310
       -205   211   265    56    56    56    56    56    56    56    56    56    56    56    56    56    56    56    56    56
         56    56    56    56    56    56    56    56    56    56    56    56    56    56    56    56    56    56    56    56
         56    56    56    56    56    56    56
  75   1000   957   801   509   120  -260  -554  -745  -853  -902  -910  -890  -850  -796  -733  -663  -586  -493  -367  -250
        241   312    68    68    68    68    68    68    68    68    68    68    68    68    68    68    68    68    68    68
         68    68    68    68    68    68    68    68    68    68    68    68    68    68    68    68    68    68    68    68
         68    68    68    68    68    68
  76   1000   940   733   392     9  -320  -563  -725  -823  -872  -886  -872  -838  -789  -727  -652  -559  -423  -297   267
        357    81    81    81    81    81    81    81    81    81    81    81    81    81    81    81    81    81    81    81
         81    81    81    81    81    81    81    81    81    81    81    81    81    81    81    81    81    81    81    81
         81    81    81    81    81
  77   1000   921   679   340     4  -273  -484  -633  -731  -788  -812  -810  -785  -743  -682  -597  -464  -336   276   386
         94    94    94    94    94    94    94    94    94    94    94    94    94    94    94    94    94    94    94    94
         94    94    94    94    94    94    94    94    94    94    94    94    94    94    94    94    94    94    94    94
         94    94    94    94
  78   1000   911   677   387   109  -127  -316  -460  -563  -631  -669  -681  -670  -636  -574  -462  -348   254   379   103
        103   103   103   103   103   103   103   103   103   103   103   103   103   103   103   103   103   103   103   103
        103   103   103   103   103   103   103   103   103   103   103   103   103   103   103   103   103   103   103   103
        103   103   103
  79   1000   920   730   502   279    80   -88  -225  -332  -409  -461  -489  -493  -469  -398  -315   192   319   102   102
        102   102   102   102   102   102   102   102   102   102   102   102   102   102   102   102   102   102   102   102
        102   102   102   102   102   102   102   102   102   102   102   102   102   102   102   102   102   102   102   102
        102   102
  80   1000   939   799   627   452   287   139    12   -93  -177  -239  -281  -300  -282  -242   100   214    90    90    90
         90    90    90    90    90    90    90    90    90    90    90    90    90    90    90    90    90    90    90    90
         90    90    90    90    90    90    90    90    90    90    90    90    90    90    90    90    90    90    90    90
         90
  81   1000   957   855   725   587   450   321   205   102    16   -55  -111  -145  -149     2    93    72    72    72    72
         72    72    72    72    72    72    72    72    72    72    72    72    72    72    72    72    72    72    72    72
         72    72    72    72    72    72    72    72    72    72    72    72    72    72    72    72    72    72    72    72
  82   1000   969   893   792   679   563   450   342   242   151    66   -11   -54   -89   -25    51    51    51    51    51
         51    51    51    51    51    51    51    51    51    51    51    51    51    51    51    51    51    51    51    51
         51    51    51    51    51    51    51    51    51    51    51    51    51    51    51    51    51    51    51
  83   1000   976   917   835   740   639   536   433   331   226   113    36  -171  -137    28    28    28    28    28    28
         28    28    28    28    28    28    28    28    28    28    28    28    28    28    28    28    28    28    28    28
         28    28    28    28    28    28    28    28    28    28    28    28    28    28    28    28    28    28
  84   1000   981   933   864   780   688   590   485   369   228   122  -243  -240     3     3     3     3     3     3     3
          3     3     3     3     3     3     3     3     3     3     3     3     3     3     3     3     3     3     3     3
          3     3     3     3     3     3     3     3     3     3     3     3     3     3     3     3     3
  85   1000   984   943   882   806   717   616   495   336   204  -306  -336   -23   -23   -23   -23   -23   -23   -23   -23
        -23   -23   -23   -23   -23   -23   -23   -23   -23   -23   -23   -23   -23   -23   -23   -23   -23   -23   -23   -23
        -23   -23   -23   -23   -23   -23   -23   -23   -23   -23   -23   -23   -23   -23   -23   -23
  86   1000   987   950   893   819   727   607   437   280  -362  -426   -54   -54   -54   -54   -54   -54   -54   -54   -54
        -54   -54   -54   -54   -54   -54   -54   -54   -54   -54   -54   -54   -54   -54   -54   -54   -54   -54   -54   -54
        -54   -54   -54   -54   -54   -54   -54   -54   -54   -54   -54   -54   -54   -54   -54
  87   1000   988   953   897   819   707   532   352  -408  -508   -91   -91   -91   -91   -91   -91   -91   -91   -91   -91
        -91   -91   -91   -91   -91   -91   -91   -91   -91   -91   -91   -91   -91   -91   -91   -91   -91   -91   -91   -91
        -91   -91   -91   -91   -91   -91   -91   -91   -91   -91   -91   -91   -91   -91
  88   1000   988   954   893   794   623   417  -444  -580  -136  -136  -136  -136  -136  -136  -136  -136  -136  -136  -136
       -136  -136  -136  -136  -136  -136  -136  -136  -136  -136  -136  -136  -136  -136  -136  -136  -136  -136  -136  -136
       -136  -136  -136  -136  -136  -136  -136  -136  -136  -136  -136  -136  -136
  89   1000   988   949   869   711   475  -467  -641  -193  -193  -193  -193  -193  -193  -193  -193  -193  -193  -193  -193
       -193  -193  -193  -193  -193  -193  -193  -193  -193  -193  -193  -193  -193  -193  -193  -193  -193  -193  -193  -193
       -193  -193  -193  -193  -193  -193  -193  -193  -193  -193  -193  -193
  90   1000   986   931   796   522  -473  -683  -266  -266  -266  -266  -266  -266  -266  -266  -266  -266  -266  -266  -266
       -266  -266  -266  -266  -266  -266  -266  -266  -266  -266  -266  -266  -266  -266  -266  -266  -266  -266  -266  -266
       -266  -266  -266  -266  -266  -266  -266  -266  -266  -266  -266
  91   1000   979   879   553  -455  -696  -367  -367  -367  -367  -367  -367  -367  -367  -367  -367  -367  -367  -367  -367
       -367  -367  -367  -367  -367  -367  -367  -367  -367  -367  -367  -367  -367  -367  -367  -367  -367  -367  -367  -367
       -367  -367  -367  -367  -367  -367  -367  -367  -367  -367
  92   1000   957   553  -394  -657  -508  -508  -508  -508  -508  -508  -508  -508  -508  -508  -508  -508  -508  -508  -508
       -508  -508  -508  -508  -508  -508  -508  -508  -508  -508  -508  -508  -508  -508  -508  -508  -508  -508  -508  -508
       -508  -508  -508  -508  -508  -508  -508  -508  -508
  93   1000   486  -253  -509  -702  -702  -702  -702  -702  -702  -702  -702  -702  -702  -702  -702  -702  -702  -702  -702
       -702  -702  -702  -702  -702  -702  -702  -702  -702  -702  -702  -702  -702  -702  -702  -702  -702  -702  -702  -702
       -702  -702  -702  -702  -702  -702  -702  -702
  94   1000   248  -264   170   170   170   170   170   170   170   170   170   170   170   170   170   170   170   170   170
        170   170   170   170   170   170   170   170   170   170   170   170   170   170   170   170   170   170   170   170
        170   170   170   170   170   170   170
  95   1000   858    96    96    96    96    96    96    96    96    96    96    96    96    96    96    96    96    96    96
         96    96    96    96    96    96    96    96    96    96    96    96    96    96    96    96    96    96    96    96
         96    96    96    96    96    96
  96   1000    42    42    42    42    42    42    42    42    42    42    42    42    42    42    42    42    42    42    42
         42    42    42    42    42    42    42    42    42    42    42    42    42    42    42    42    42    42    42    42
         42    42    42    42    42
  97   1000  1000  1000  1000  1000  1000  1000  1000  1000  1000  1000  1000  1000  1000  1000  1000  1000  1000  1000  1000
       1000  1000  1000  1000  1000  1000  1000  1000  1000  1000  1000  1000  1000  1000  1000  1000  1000  1000  1000  1000
       1000  1000  1000  1000
  98   1000  1000  1000  1000  1000  1000  1000  1000  1000  1000  1000  1000  1000  1000  1000  1000  1000  1000  1000  1000
       1000  1000  1000  1000  1000  1000  1000  1000  1000  1000  1000  1000  1000  1000  1000  1000  1000  1000  1000  1000
       1000  1000  1000
  99   1000  1000  1000  1000  1000  1000  1000  1000  1000  1000  1000  1000  1000  1000  1000  1000  1000  1000  1000  1000
       1000  1000  1000  1000  1000  1000  1000  1000  1000  1000  1000  1000  1000  1000  1000  1000  1000  1000  1000  1000
       1000  1000
 100   1000  1000  1000  1000  1000  1000  1000  1000  1000  1000  1000  1000  1000  1000  1000  1000  1000  1000  1000  1000
       1000  1000  1000  1000  1000  1000  1000  1000  1000  1000  1000  1000  1000  1000  1000  1000  1000  1000  1000  1000
       1000
 101   1000  1000  1000  1000  1000  1000  1000  1000  1000  1000  1000  1000  1000  1000  1000  1000  1000  1000  1000  1000
       1000  1000  1000  1000  1000  1000  1000  1000  1000  1000  1000  1000  1000  1000  1000  1000  1000  1000  1000  1000
 102   1000  1000  1000  1000  1000  1000  1000  1000  1000  1000  1000  1000  1000  1000  1000  1000  1000  1000  1000  1000
       1000  1000  1000  1000  1000  1000  1000  1000  1000  1000  1000  1000  1000  1000  1000  1000  1000  1000  1000
 103   1000  1000  1000  1000  1000  1000  1000  1000  1000  1000  1000  1000  1000  1000  1000  1000  1000  1000  1000  1000
       1000  1000  1000  1000  1000  1000  1000  1000  1000  1000  1000  1000  1000  1000  1000  1000  1000  1000
 104   1000  1000  1000  1000  1000  1000  1000  1000  1000  1000  1000  1000  1000  1000  1000  1000  1000  1000  1000  1000
       1000  1000  1000  1000  1000  1000  1000  1000  1000  1000  1000  1000  1000  1000  1000  1000  1000
 105   1000  1000  1000  1000  1000  1000  1000  1000  1000  1000  1000  1000  1000  1000  1000  1000  1000  1000  1000  1000
       1000  1000  1000  1000  1000  1000  1000  1000  1000  1000  1000  1000  1000  1000  1000  1000
 106   1000  1000  1000  1000  1000  1000  1000  1000  1000  1000  1000  1000  1000  1000  1000  1000  1000  1000  1000  1000
       1000  1000  1000  1000  1000  1000  1000  1000  1000  1000  1000  1000  1000  1000  1000
 107   1000  1000  1000  1000  1000  1000  1000  1000  1000  1000  1000  1000  1000  1000  1000  1000  1000  1000  1000  1000
       1000  1000  1000  1000  1000  1000  1000  1000  1000  1000  1000  1000  1000  1000
 108   1000  1000  1000  1000  1000  1000  1000  1000  1000  1000  1000  1000  1000  1000  1000  1000  1000  1000  1000  1000
       1000  1000  1000  1000  1000  1000  1000  1000  1000  1000  1000  1000  1000
 109   1000  1000  1000  1000  1000  1000  1000  1000  1000  1000  1000  1000  1000  1000  1000  1000  1000  1000  1000  1000
       1000  1000  1000  1000  1000  1000  1000  1000  1000  1000  1000  1000
 110   1000  1000  1000  1000  1000  1000  1000  1000  1000  1000  1000  1000  1000  1000  1000  1000  1000  1000  1000  1000
       1000  1000  1000  1000  1000  1000  1000  1000  1000  1000  1000
 111   1000  1000  1000  1000  1000  1000  1000  1000  1000  1000  1000  1000  1000  1000  1000  1000  1000  1000  1000  1000
       1000  1000  1000  1000  1000  1000  1000  1000  1000  1000
 112   1000  1000  1000  1000  1000  1000  1000  1000  1000  1000  1000  1000  1000  1000  1000  1000  1000  1000  1000  1000
       1000  1000  1000  1000  1000  1000  1000  1000  1000
 113   1000  1000  1000  1000  1000  1000  1000  1000  1000  1000  1000  1000  1000  1000  1000  1000  1000  1000  1000  1000
       1000  1000  1000  1000  1000  1000  1000  1000
 114   1000  1000  1000  1000  1000  1000  1000  1000  1000  1000  1000  1000  1000  1000  1000  1000  1000  1000  1000  1000
       1000  1000  1000  1000  1000  1000  1000
 115   1000  1000  1000  1000  1000  1000  1000  1000  1000  1000  1000  1000  1000  1000  1000  1000  1000  1000  1000  1000
       1000  1000  1000  1000  1000  1000
 116   1000  1000  1000  1000  1000  1000  1000  1000  1000  1000  1000  1000  1000  1000  1000  1000  1000  1000  1000  1000
       1000  1000  1000  1000  1000
 117   1000  1000  1000  1000  1000  1000  1000  1000  1000  1000  1000  1000  1000  1000  1000  1000  1000  1000  1000  1000
       1000  1000  1000  1000
 118   1000  1000  1000  1000  1000  1000  1000  1000  1000  1000  1000  1000  1000  1000  1000  1000  1000  1000  1000  1000
       1000  1000  1000
 119   1000  1000  1000  1000  1000  1000  1000  1000  1000  1000  1000  1000  1000  1000  1000  1000  1000  1000  1000  1000
       1000  1000
 120   1000  1000  1000  1000  1000  1000  1000  1000  1000  1000  1000  1000  1000  1000  1000  1000  1000  1000  1000  1000
       1000
 121   1000  1000  1000  1000  1000  1000  1000  1000  1000  1000  1000  1000  1000  1000  1000  1000  1000  1000  1000  1000
 122   1000  1000  1000  1000  1000  1000  1000  1000  1000  1000  1000  1000  1000  1000  1000  1000  1000  1000  1000
 123   1000  1000  1000  1000  1000  1000  1000  1000  1000  1000  1000  1000  1000  1000  1000  1000  1000  1000
 124   1000  1000  1000  1000  1000  1000  1000  1000  1000  1000  1000  1000  1000  1000  1000  1000  1000
 125   1000  1000  1000  1000  1000  1000  1000  1000  1000  1000  1000  1000  1000  1000  1000  1000
 126   1000  1000  1000  1000  1000  1000  1000  1000  1000  1000  1000  1000  1000  1000  1000
 127   1000  1000  1000  1000  1000  1000  1000  1000  1000  1000  1000  1000  1000  1000
 128   1000  1000  1000  1000  1000  1000  1000  1000  1000  1000  1000  1000  1000
 129   1000  1000  1000  1000  1000  1000  1000  1000  1000  1000  1000  1000
 130   1000  1000  1000  1000  1000  1000  1000  1000  1000  1000  1000
 131   1000  1000  1000  1000  1000  1000  1000  1000  1000  1000
 132   1000  1000  1000  1000  1000  1000  1000  1000  1000
 133   1000  1000  1000  1000  1000  1000  1000  1000
 134   1000  1000  1000  1000  1000  1000  1000
 135   1000  1000  1000  1000  1000  1000
 136   1000  1000  1000  1000  1000
 137   1000  1000  1000  1000
 138   1000  1000  1000
 139   1000  1000
 140   1000

 Finished!
