NIF_RUN Passive 18x snout on TANDM 90-348 Pinhole
  140    6    1    0    1
   0.00500   9.00000   0.03000   0.00100
   0.0000000   0   0 1.00000000E+00   1.0000000
ZR902    4.147E-14 0.011       0.00       0.00        (    )
IN115N   1.039E-14 0.012       0.00       0.00        (    )
AU197G   2.386E-14 0.012       0.00 AUNG  3.94 IFX    (ISTP)
IN115G   3.612E-14 0.028       0.00 INNG 39.37 IFX    (ISTP)
AU1972   2.606E-13 0.012       0.00       0.00        (    )
AL27A    1.501E-14 0.012       0.00       0.00        (    )
Flux Uncertainty
 140
 0.0000E+00 0.0000E+00 0.0000E+00 0.0000E+00 0.0000E+00 0.0000E+00 0.0000E+00
 0.0000E+00 0.0000E+00 0.0000E+00 0.0000E+00 0.0000E+00 0.0000E+00 0.0000E+00
 1.0000E+00 1.0000E+00 1.0000E+00 1.0000E+00 1.0000E+00 1.0000E+00 1.0000E+00
 1.0000E+00 1.0000E+00 1.0000E+00 1.0000E+00 1.0000E+00 1.0000E+00 1.0000E+00
 1.0000E+00 1.0000E+00 1.0000E+00 1.0000E+00 1.0000E+00 1.0000E+00 1.0000E+00
 1.0000E+00 1.0000E+00 1.0000E+00 1.0000E+00 1.0000E+00 1.0000E+00 1.0000E+00
 1.0000E+00 1.0000E+00 1.0000E+00 1.0000E+00 1.0000E+00 1.0000E+00 1.0000E+00
 1.0000E+00 1.0000E+00 1.0000E+00 1.0000E+00 1.0000E+00 1.0000E+00 1.0000E+00
 1.0000E+00 1.0000E+00 1.0000E+00 1.0000E+00 1.0000E+00 1.0000E+00 1.0000E+00
 1.0000E+00 1.0000E+00 1.0000E+00 1.0000E+00 1.0000E+00 1.0000E+00 1.0000E+00
 1.0000E+00 1.0000E+00 1.0000E+00 1.0000E+00 1.0000E+00 1.0000E+00 1.0000E+00
 1.0000E+00 1.0000E+00 1.0000E+00 1.0000E+00 1.0000E+00 1.0000E+00 1.0000E+00
 1.0000E+00 1.0000E+00 1.0000E+00 1.0000E+00 1.0000E+00 1.0000E+00 1.0000E+00
 1.0000E+00 1.0000E+00 1.0000E+00 1.0000E+00 1.0000E+00 0.0000E+00 0.0000E+00
 0.0000E+00 0.0000E+00 0.0000E+00 0.0000E+00 0.0000E+00 0.0000E+00 0.0000E+00
 0.0000E+00 0.0000E+00 0.0000E+00 0.0000E+00 0.0000E+00 0.0000E+00 0.0000E+00
 0.0000E+00 0.0000E+00 0.0000E+00 0.0000E+00 0.0000E+00 0.0000E+00 0.0000E+00
 0.0000E+00 0.0000E+00 0.0000E+00 0.0000E+00 0.0000E+00 0.0000E+00 0.0000E+00
 0.0000E+00 0.0000E+00 0.0000E+00 0.0000E+00 0.0000E+00 0.0000E+00 0.0000E+00
 0.0000E+00 0.0000E+00 0.0000E+00 0.0000E+00 0.0000E+00 0.0000E+00 0.0000E+00
Input Flux Spectrum
 140   1 1.000E+00 2.000E+01 5.000E-08
 0.0000E+00 0.0000E+00 0.0000E+00 0.0000E+00 0.0000E+00 0.0000E+00 0.0000E+00
 0.0000E+00 0.0000E+00 0.0000E+00 0.0000E+00 0.0000E+00 0.0000E+00 0.0000E+00
 5.6209E-02 5.5325E-02 5.5251E-02 5.5904E-02 5.7026E-02 5.8841E-02 6.0846E-02
 6.2446E-02 6.3590E-02 6.3693E-02 6.2706E-02 5.9800E-02 5.5932E-02 5.0809E-02
 4.5091E-02 3.9648E-02 3.4985E-02 3.1696E-02 3.0280E-02 3.1256E-02 3.5922E-02
 4.7699E-02 7.4277E-02 1.3401E-01 5.0187E+01 1.1145E+02 1.4867E+03 1.6838E+03
 6.0213E+03 4.6208E+04 1.9791E+05 1.9373E+05 1.2401E+04 1.5357E+04 5.0208E+03
 6.1151E+02 4.2803E+01 6.3943E+00 3.6955E-01 4.3851E-01 7.6062E-01 6.7659E+00
 1.4955E+02 2.4409E+03 4.1100E+05 3.7032E+07 1.0407E+09 1.7819E+10 6.1725E+10
 8.0120E+10 3.4919E+10 2.4424E+09 5.9693E+07 2.6094E+05 1.5090E+03 7.5315E+00
 7.8140E-02 3.7642E-04 1.0217E-06 6.1930E-09 2.3656E-11 2.7569E-13 2.6646E-15
 4.4325E-17 5.2688E-19 1.1068E-20 6.2468E-22 1.6306E-22 1.6485E-21 6.5500E-20
 2.8362E-17 7.4648E-14 1.2541E-09 1.0086E-04 6.1604E+00 5.9031E+04 4.2915E+07
 3.4269E+09 2.0982E+10 9.6398E+10 5.4644E+07 4.2192E+00 0.0000E+00 0.0000E+00
 0.0000E+00 0.0000E+00 0.0000E+00 0.0000E+00 0.0000E+00 0.0000E+00 0.0000E+00
 0.0000E+00 0.0000E+00 0.0000E+00 0.0000E+00 0.0000E+00 0.0000E+00 0.0000E+00
 0.0000E+00 0.0000E+00 0.0000E+00 0.0000E+00 0.0000E+00 0.0000E+00 0.0000E+00
 0.0000E+00 0.0000E+00 0.0000E+00 0.0000E+00 0.0000E+00 0.0000E+00 0.0000E+00
 0.0000E+00 0.0000E+00 0.0000E+00 0.0000E+00 0.0000E+00 0.0000E+00 0.0000E+00
 0.0000E+00 0.0000E+00 0.0000E+00 0.0000E+00 0.0000E+00 0.0000E+00 0.0000E+00
   10   13   28   11    8    5    8    7   10   40



                         ==============================
                               STAYSL PNNL OUTPUT
                         ==============================

 STAYSL PNNL, version 1.2.0, 2015-08-05


 SCENARIO TITLE: NIF_RUN Passive 18x snout on TANDM 90-348 Pinhole
 -------------------------------------------------------------------------------
  NGROUP =   140    NRXN =     6    ACTIVITY NORM = 1.00000E+00

  COVARIANCE PARAMETERS (FCHN, FCVX, ACVX, FS)
    FLUXES:      WIDTH =  9.0000E+00   LONG RANGE COVAR. =  3.0000E-02
            ACTIVITIES =  5.0000E-03   X-SECT CROSS COR. =  1.0000E-03

    DETERM =   8.8114 × 10^ -13.00      ERROR =   2.4443E-13

  INPUT NORMALIZATION DATA
    AK1   =     0.00000     VAK        =     0.00090
    NORML =           0     RENORM     = 9.73808E-01
    CHI²  =    48.09108     NORM. CHI² =     9.61822

  DOSIMETRY ACTIVITIES
     ———— INPUTS —————  -UNADJUSTED FLUX-  — ADJUSTED FLUX —    CHI²  90% ACTIVITIES RANGE
 RXN  MEASURED     ±%   ACTIVITY    %DIFF  ACTIVITY    %DIFF  CONTRIB --LOW E-- --HIGH E--   REACTION          CVR
  1  4.147E-14    1.10  4.125E-14   -0.53  4.236E-14    2.14   -0.559  1.30E+01  1.30E+01  ZR90(N,2N)ZR89          
  2  1.039E-14    1.20  1.183E-14   13.83  1.215E-14   16.89   16.230  5.50E-01  1.30E+01  IN115(N,N')IN115M       
  3  2.386E-14    1.20  2.348E-14   -1.58  2.412E-14    1.07   -1.026  4.50E-01  6.00E-01  AU197(N,G)AU198         
  4  3.612E-14    2.80  3.101E-14  -14.16  3.184E-14  -11.84   13.051  4.50E-01  6.00E-01  IN115(N,G)IN116M        
  5  2.606E-13    1.20  2.369E-13   -9.10  2.433E-13   -6.66   19.452  1.20E+01  1.30E+01  AU197(N,2N)AU196        
  6  1.501E-14    1.20  1.454E-14   -3.16  1.493E-14   -0.56    0.944  1.20E+01  1.30E+01  AL27(N,A)NA24           

             % STD. DEV.  =          9.87               9.76

                              CHECK INPUT, IT IS RATHER UNLIKELY !
                                   *** BEWARE OF OUTPUT ! ***


  DIFFERENTIAL FLUXES (input is normalized by a factor of 9.7381E-01)
                  —————— DIFFERENTIAL FLUX —————   ———— STD. DEV. % ————   INTEGRAL
 GRP    ENERGY        NEW         OLD      RATIO    NEW     OLD    RATIO   FLUX > E     ± %
  15  2.8000E-06  3.7749E+04  3.7750E+04   1.000  100.00  100.00   1.000  3.1908E+11    1.23
  16  4.2500E-06  2.6281E+04  2.6281E+04   1.000  100.00  100.00   1.000  3.1908E+11    1.23
  17  6.3000E-06  1.8553E+04  1.8553E+04   1.000  100.00  100.00   1.000  3.1908E+11    1.23
  18  9.2000E-06  1.2660E+04  1.2660E+04   1.000  100.00  100.00   1.000  3.1908E+11    1.23
  19  1.3500E-05  7.4043E+03  7.4043E+03   1.000  100.00  100.00   1.000  3.1908E+11    1.23
  20  2.1000E-05  6.3666E+03  6.3666E+03   1.000  100.00  100.00   1.000  3.1908E+11    1.23
  21  3.0000E-05  3.9501E+03  3.9502E+03   1.000  100.00  100.00   1.000  3.1908E+11    1.23
  22  4.5000E-05  2.5337E+03  2.5338E+03   1.000  100.00  100.00   1.000  3.1908E+11    1.23
  23  6.9000E-05  1.9975E+03  1.9976E+03   1.000  100.00  100.00   1.000  3.1908E+11    1.23
  24  1.0000E-04  1.7721E+03  1.7721E+03   1.000  100.00  100.00   1.000  3.1908E+11    1.23
  25  1.3500E-04  1.7447E+03  1.7447E+03   1.000  100.00  100.00   1.000  3.1908E+11    1.23
  26  1.7000E-04  1.1647E+03  1.1647E+03   1.000  100.00  100.00   1.000  3.1908E+11    1.23
  27  2.2000E-04  9.0778E+02  9.0778E+02   1.000  100.00  100.00   1.000  3.1908E+11    1.23
  28  2.8000E-04  6.1847E+02  6.1848E+02   1.000  100.00  100.00   1.000  3.1908E+11    1.23
  29  3.6000E-04  4.8788E+02  4.8789E+02   1.000  100.00  100.00   1.000  3.1908E+11    1.23
  30  4.5000E-04  3.0887E+02  3.0888E+02   1.000  100.00  100.00   1.000  3.1908E+11    1.23
  31  5.7500E-04  1.8415E+02  1.8415E+02   1.000  100.00  100.00   1.000  3.1908E+11    1.23
  32  7.6000E-04  1.5433E+02  1.5433E+02   1.000  100.00  100.00   1.000  3.1908E+11    1.23
  33  9.6000E-04  9.3608E+01  9.3609E+01   1.000  100.00  100.00   1.000  3.1908E+11    1.23
  34  1.2750E-03  9.3652E+01  9.3653E+01   1.000  100.00  100.00   1.000  3.1908E+11    1.23
  35  1.6000E-03  8.7450E+01  8.7453E+01   1.000  100.00  100.00   1.000  3.1908E+11    1.23
  36  2.0000E-03  6.6354E+01  6.6357E+01   1.000  100.00  100.00   1.000  3.1908E+11    1.23
  37  2.7000E-03  1.0333E+02  1.0333E+02   1.000  100.00  100.00   1.000  3.1908E+11    1.23
  38  3.4000E-03  1.1863E+02  1.1864E+02   1.000  100.00  100.00   1.000  3.1908E+11    1.23
  39  4.5000E-03  4.8866E+04  4.8873E+04   1.000  100.00  100.00   1.000  3.1908E+11    1.23
  40  5.5000E-03  6.3829E+04  6.3842E+04   1.000  100.00  100.00   1.000  3.1908E+11    1.23
  41  7.2000E-03  7.2365E+05  7.2388E+05   1.000  100.00  100.00   1.000  3.1908E+11    1.23
  42  9.2000E-03  5.8532E+05  5.8561E+05   1.000  100.00  100.00   1.000  3.1908E+11    1.23
  43  1.2000E-02  1.9531E+06  1.9545E+06   0.999  100.00  100.00   1.000  3.1908E+11    1.23
  44  1.5000E-02  1.1238E+07  1.1249E+07   0.999   99.99  100.00   1.000  3.1908E+11    1.23
  45  1.9000E-02  2.9607E+07  2.9650E+07   0.999   99.98  100.00   1.000  3.1908E+11    1.23
  46  2.5500E-02  2.8967E+07  2.9024E+07   0.998   99.95  100.00   0.999  3.1908E+11    1.23
  47  3.2000E-02  1.5056E+06  1.5095E+06   0.997   99.89  100.00   0.999  3.1908E+11    1.23
  48  4.0000E-02  1.1925E+06  1.1964E+06   0.997   99.77  100.00   0.998  3.1908E+11    1.23
  49  5.2500E-02  3.6077E+05  3.6217E+05   0.996   99.55  100.00   0.995  3.1908E+11    1.23
  50  6.6000E-02  2.6949E+04  2.7068E+04   0.996   99.15  100.00   0.992  3.1908E+11    1.23
  51  8.8000E-02  1.8857E+03  1.8946E+03   0.995   98.47  100.00   0.985  3.1908E+11    1.23
  52  1.1000E-01  2.4791E+02  2.4907E+02   0.995   97.36  100.00   0.974  3.1908E+11    1.23
  53  1.3500E-01  1.4336E+01  1.4395E+01   0.996   95.64  100.00   0.956  3.1908E+11    1.23
  54  1.6000E-01  1.4194E+01  1.4234E+01   0.997   93.10  100.00   0.931  3.1908E+11    1.23
  55  1.9000E-01  2.4670E+01  2.4690E+01   0.999   89.49  100.00   0.895  3.1908E+11    1.23
  56  2.2000E-01  1.8863E+02  1.8825E+02   1.002   84.60  100.00   0.846  3.1908E+11    1.23
  57  2.5500E-01  4.1840E+03  4.1609E+03   1.006   78.24  100.00   0.782  3.1908E+11    1.23
  58  2.9000E-01  7.9994E+04  7.9232E+04   1.010   70.28  100.00   0.703  3.1908E+11    1.23
  59  3.2000E-01  1.0146E+07  1.0006E+07   1.014   60.69  100.00   0.607  3.1908E+11    1.23
  60  3.6000E-01  9.1802E+08  9.0155E+08   1.018   49.54  100.00   0.495  3.1908E+11    1.23
  61  4.0000E-01  2.0717E+10  2.0269E+10   1.022   37.01  100.00   0.370  3.1904E+11    1.23
  62  4.5000E-01  3.5577E+11  3.4705E+11   1.025   23.42  100.00   0.234  3.1800E+11    1.30
  63  5.0000E-01  1.2347E+12  1.2022E+12   1.027    9.23  100.00   0.092  3.0021E+11    2.45
  64  5.5000E-01  1.6035E+12  1.5604E+12   1.028    5.98  100.00   0.060  2.3848E+11    5.23
  65  6.0000E-01  5.8178E+11  5.6674E+11   1.027   20.14  100.00   0.201  1.5831E+11    5.00
  66  6.6000E-01  4.0618E+10  3.9640E+10   1.025   33.90  100.00   0.339  1.2340E+11    1.25
  67  7.2000E-01  9.8945E+08  9.6883E+08   1.021   46.68  100.00   0.467  1.2096E+11    1.11
  68  7.8000E-01  4.3081E+06  4.2351E+06   1.017   58.14  100.00   0.581  1.2090E+11    1.11
  69  8.4000E-01  1.8602E+04  1.8368E+04   1.013   68.07  100.00   0.681  1.2090E+11    1.11
  70  9.2000E-01  9.2424E+01  9.1678E+01   1.008   76.39  100.00   0.764  1.2090E+11    1.11
  71  1.0000E+00  3.8187E-01  3.8047E-01   1.004   83.11  100.00   0.831  1.2090E+11    1.11
  72  1.2000E+00  1.8320E-03  1.8328E-03   1.000   88.31  100.00   0.883  1.2090E+11    1.11
  73  1.4000E+00  4.9539E-06  4.9747E-06   0.996   92.19  100.00   0.922  1.2090E+11    1.11
  74  1.6000E+00  2.9926E-08  3.0154E-08   0.992   94.94  100.00   0.949  1.2090E+11    1.11
  75  1.8000E+00  1.1395E-10  1.1518E-10   0.989   96.78  100.00   0.968  1.2090E+11    1.11
  76  2.0000E+00  8.8261E-13  8.9490E-13   0.986   97.91  100.00   0.979  1.2090E+11    1.11
  77  2.3000E+00  8.5040E-15  8.6494E-15   0.983   98.46  100.00   0.985  1.2090E+11    1.11
  78  2.6000E+00  1.4101E-16  1.4388E-16   0.980   98.52  100.00   0.985  1.2090E+11    1.11
  79  2.9000E+00  1.2530E-18  1.2827E-18   0.977   98.07  100.00   0.981  1.2090E+11    1.11
  80  3.3000E+00  2.6241E-20  2.6945E-20   0.974   97.04  100.00   0.970  1.2090E+11    1.11
  81  3.7000E+00  1.4771E-21  1.5208E-21   0.971   95.27  100.00   0.953  1.2090E+11    1.11
  82  4.1000E+00  3.8489E-22  3.9697E-22   0.970   92.57  100.00   0.926  1.2090E+11    1.11
  83  4.5000E+00  3.1117E-21  3.2106E-21   0.969   88.73  100.00   0.887  1.2090E+11    1.11
  84  5.0000E+00  1.2380E-19  1.2757E-19   0.970   83.59  100.00   0.836  1.2090E+11    1.11
  85  5.5000E+00  5.3788E-17  5.5238E-17   0.974   77.08  100.00   0.771  1.2090E+11    1.11
  86  6.0000E+00  1.0167E-13  1.0385E-13   0.979   69.28  100.00   0.693  1.2090E+11    1.11
  87  6.7000E+00  1.7206E-09  1.7446E-09   0.986   60.40  100.00   0.604  1.2090E+11    1.11
  88  7.4000E+00  1.2212E-04  1.2277E-04   0.995   50.84  100.00   0.508  1.2090E+11    1.11
  89  8.2000E+00  7.5265E+00  7.4988E+00   1.004   41.05  100.00   0.411  1.2090E+11    1.11
  90  9.0000E+00  5.8196E+04  5.7485E+04   1.012   31.54  100.00   0.315  1.2090E+11    1.11
  91  1.0000E+01  4.2616E+07  4.1791E+07   1.020   22.64  100.00   0.226  1.2090E+11    1.11
  92  1.1000E+01  3.4204E+09  3.3371E+09   1.025   14.44  100.00   0.144  1.2086E+11    1.10
  93  1.2000E+01  2.0992E+10  2.0432E+10   1.027    6.69  100.00   0.067  1.1744E+11    0.99
  94  1.3000E+01  9.6395E+10  9.3873E+10   1.027    1.64  100.00   0.016  9.6449E+10    1.64
  95  1.4000E+01  5.4459E+07  5.3213E+07   1.023    9.82  100.00   0.098  5.4459E+07    9.82
  96  1.5000E+01  4.1809E+00  4.1087E+00   1.018   19.18  100.00   0.192  4.1809E+00   19.18
      1.6000E+01

  INTEGRALS OF SPECTRA
    OLD SPECTRUM   3.1071E+11   ±   72.181 %
    NEW SPECTRUM   3.1908E+11   ±    1.231 %

  SUMMARY OF BROAD-GROUP FLUXES, FLUENCES, AND UNCERTAINTIES

    IRRAD TIME [S] = 1.00000000E+00   ACT NORM =  1.00000000E+00

       ENERGY       FLUX       FLUENCE      STDEV %
      thermal    0.0000E+00  0.0000E+00  ±   0.00     (0.100 meV – 0.550  eV)
     epithermal  4.6724E+05  4.6724E+05  ±  98.76     (0.550  eV – 110.0 keV)
        fast     3.1908E+11  3.1908E+11  ±   1.23     (110.0 keV –  20.0 MeV)
        fast     1.2090E+11  1.2090E+11  ±   1.11     (  1.0 MeV –  20.0 MeV)
        high     0.0000E+00  0.0000E+00  ±   0.00     ( 20.0 MeV –  60.0 MeV)

    MINI-SPECTRUM

       ENERGY       FLUX       FLUENCE      STDEV %
     1.0000E-10  0.0000E+00  0.0000E+00  ±   0.00
     5.5000E-07  5.1167E-01  5.1167E-01  ±  92.81
     1.0000E-04  4.6724E+05  4.6724E+05  ±  98.76
     1.1000E-01  1.8861E+10  1.8861E+10  ±  24.20
     5.0000E-01  1.7931E+11  1.7931E+11  ±   4.04
     1.0000E+00  7.6741E-02  7.6741E-02  ±  83.13
     2.0000E+00  2.6738E-13  2.6738E-13  ±  97.90
     5.0000E+00  5.8202E+04  5.8202E+04  ±  31.54
     1.0000E+01  1.2090E+11  1.2090E+11  ±   1.11
     2.0000E+01  0.0000E+00  0.0000E+00  ±   0.00
     6.0000E+01

       TOTAL     3.1908E+11  3.1908E+11  ±   1.23

    RELATIVE COVARIANCES (10×10)
        0     0     0     0     0     0     0     0     0     0
     1000     2     0     0     1     1     0     0     0
     1000    69   -59    -6     0     4     4     0
     1000  -913  -590  -228    66    79     0
     1000   586   234   -67   -11     0
     1000   774   -21   -45     0
     1000   125    -4     0
     1000   409     0
     1000     0
        0

  SPECTRAL-AVERAGED REACTION RATES (for all cross section library reactions)

        REACTIONS        SIG-PHI      <SIG>          REACTIONS        SIG-PHI      <SIG>          REACTIONS        SIG-PHI      <SIG>  
   ------------------  ----------  ----------   ------------------  ----------  ----------   ------------------  ----------  ----------
   LI6(N,A)T           7.1325E-14  2.2354E-25   FE58(N,G)FE59       8.6136E-16  2.6995E-27   IN115(N,N')IN115M   1.2145E-14  3.8064E-26
   B10(N,A)LI7         1.3568E-13  4.2522E-25   CO59(N,2N)CO58      6.7217E-14  2.1066E-25   IN115(N,2N)IN114M   1.4765E-13  4.6273E-25
   F19(N,2N)F18        2.8007E-15  8.7774E-27   CO59(N,3N)CO57      0.0000E+00  0.0000E+00   IN115(N,G)IN116M    3.1924E-14  1.0005E-25
   NA23(N,2N)NA22      6.5996E-16  2.0683E-27   CO59(N,G)CO60       1.5117E-15  4.7377E-27   I127(N,2N)I126      1.6472E-13  5.1622E-25
   NA23(N,G)NA24       8.7173E-17  2.7321E-28   CO59(N,P)FE59       6.4722E-15  2.0284E-26   LA139(N,G)LA140     1.4390E-15  4.5098E-27
   MG24(N,P)NA24       2.3324E-14  7.3097E-26   CO59(N,A)MN56       3.5394E-15  1.1093E-26   PR141(N,2N)PR140    1.8149E-13  5.6881E-25
   AL27(N,P)MG27       1.0390E-14  3.2564E-26   NI58(N,2N)NI57      1.1886E-15  3.7253E-27   TM169(N,2N)TM168    2.3347E-13  7.3170E-25
   AL27(N,A)NA24       1.4926E-14  4.6780E-26   NI58(N,P)CO58       5.3291E-14  1.6702E-25   TM169(N,3N)TM167    1.1203E-21  3.5110E-33
   SI28(N,P)AL28       3.2881E-14  1.0305E-25   NI60(N,P)CO60       1.8736E-14  5.8721E-26   TA181(N,G)TA182     2.4511E-14  7.6818E-26
   P31(N,P)SI31        1.2531E-14  3.9273E-26   CU63(N,2N)CU62      3.7147E-14  1.1642E-25   W186(N,G)W187       9.4864E-15  2.9731E-26
   S32(N,P)P32         3.5565E-14  1.1146E-25   CU63(N,G)CU64       3.2092E-15  1.0058E-26   AU197(N,2N)AU196    2.4325E-13  7.6237E-25
   TI46(N,2N)TI45      1.8299E-16  5.7350E-28   CU63(N,A)CO60       5.6612E-15  1.7743E-26   AU197(N,G)AU198     2.4115E-14  7.5579E-26
   TI46(N,P)SC46       3.3773E-14  1.0585E-25   CU65(N,2N)CU64      9.0059E-14  2.8225E-25   HG199(N,N')HG199M   2.4163E-14  7.5729E-26
   TI47(N,P)SC47       1.6862E-14  5.2846E-26   ZN64(N,P)CU64       2.4949E-14  7.8191E-26   PB204(N,N')PB204M   1.1723E-14  3.6739E-26
   TI47(N,X)SC46       2.2720E-15  7.1206E-27   ZN67(N,P)CU67       3.7207E-15  1.1661E-26   BI209(N,3N)BI207    3.2293E-20  1.0121E-31
   TI48(N,P)SC48       7.2261E-15  2.2647E-26   AS75(N,2N)AS74      9.5484E-14  2.9925E-25   TH232(N,FISSION)    3.9236E-14  1.2297E-25
   TI48(N,X)SC47       3.2778E-16  1.0273E-27   Y89(N,2N)Y88        6.9628E-14  2.1822E-25   TH232(N,G)TH233     3.1783E-14  9.9608E-26
   TI49(N,X)SC48       1.8813E-16  5.8960E-28   ZR90(N,2N)ZR89      4.2359E-14  1.3275E-25   U235(N,FISSION)     4.5815E-13  1.4359E-24
   V51(N,A)SC48        1.5543E-15  4.8713E-27   NB93(N,G)NB94       1.0318E-14  3.2338E-26   U235(N,G)U236       3.0156E-14  9.4510E-26
   CR52(N,2N)CR51      1.6104E-14  5.0471E-26   NB93(N,N')NB93M     8.8852E-15  2.7847E-26   U238(N,2N)U237      1.4754E-13  4.6239E-25
   MN55(N,2N)MN54      6.9918E-14  2.1913E-25   NB93(N,2N)NB92M     5.3592E-14  1.6796E-25   U238(N,FISSION)     1.2852E-13  4.0279E-25
   MN55(N,G)MN56       8.6350E-16  2.7062E-27   MO92(N,P)NB92M      1.0689E-14  3.3501E-26   U238(N,G)U239       2.2119E-14  6.9323E-26
   FE54(N,2N)FE53      1.7910E-17  5.6132E-29   RH103(N,N')RH103M   8.6473E-14  2.7101E-25   NP237(N,FISSION)    3.8938E-13  1.2203E-24
   FE54(N,P)MN54       4.8272E-14  1.5129E-25   AG109(N,G)AG110M    3.4401E-15  1.0781E-26   PU239(N,FISSION)    5.9814E-13  1.8746E-24
   FE54(N,A)CR51       9.9021E-15  3.1034E-26   IN113(N,N')IN113M   9.8875E-15  3.0988E-26   AM241(N,FISSION)    3.4255E-13  1.0736E-24
   FE56(N,P)MN56       1.3772E-14  4.3161E-26   IN113(N,G)IN114M    4.3139E-14  1.3520E-25   SC45(N,G)SC46       1.6088E-15  5.0419E-27

  INPUT FLUX REL. CORRELATION MATRIX (by row from diagonal)
   1   1000  1000  1000  1000  1000  1000  1000  1000  1000  1000  1000  1000  1000  1000    30    30    30    30    30    30
         30    30    30    30    30    30    30    30    30    30    30    30    30    30    30    30    30    30    30    30
         30    30    30    30    30    30    30    30    30    30    30    30    30    30    30    30    30    30    30    30
         30    30    30    30    30    30    30    30    30    30    30    30    30    30    30    30    30    30    30    30
         30    30    30    30    30    30    30    30    30    30    30    30    30    30    30    30  1000  1000  1000  1000
       1000  1000  1000  1000  1000  1000  1000  1000  1000  1000  1000  1000  1000  1000  1000  1000  1000  1000  1000  1000
       1000  1000  1000  1000  1000  1000  1000  1000  1000  1000  1000  1000  1000  1000  1000  1000  1000  1000  1000  1000

  OUTPUT FLUX REL. CORRELATION MATRIX (by row from diagonal)
   1   1000  1000  1000  1000  1000  1000  1000  1000  1000  1000  1000  1000  1000  1000    30    30    30    30    30    30
         30    30    30    30    30    30    30    30    30    30    30    30    30    30    30    30    30    30    30    30
         30    30    30    30    30    29    29    28    28    27    26    25    23    22    20    18    16    13    11     9
          6     3    -1    -3     2     5     8    10    13    15    17    19    21    23    24    25    26    26    26    26
         26    25    25    24    22    21    20    18    16    13     9     5     0     0     8    11  1000  1000  1000  1000
       1000  1000  1000  1000  1000  1000  1000  1000  1000  1000  1000  1000  1000  1000  1000  1000  1000  1000  1000  1000
       1000  1000  1000  1000  1000  1000  1000  1000  1000  1000  1000  1000  1000  1000  1000  1000  1000  1000  1000  1000
   2   1000  1000  1000  1000  1000  1000  1000  1000  1000  1000  1000  1000  1000    30    30    30    30    30    30    30
         30    30    30    30    30    30    30    30    30    30    30    30    30    30    30    30    30    30    30    30
         30    30    30    30    29    29    28    28    27    26    25    23    22    20    18    16    13    11     9     6
          3    -1    -3     2     5     8    10    13    15    17    19    21    23    24    25    26    26    26    26    26
         25    25    24    22    21    20    18    16    13     9     5     0     0     8    11  1000  1000  1000  1000  1000
       1000  1000  1000  1000  1000  1000  1000  1000  1000  1000  1000  1000  1000  1000  1000  1000  1000  1000  1000  1000
       1000  1000  1000  1000  1000  1000  1000  1000  1000  1000  1000  1000  1000  1000  1000  1000  1000  1000  1000
   3   1000  1000  1000  1000  1000  1000  1000  1000  1000  1000  1000  1000    30    30    30    30    30    30    30    30
         30    30    30    30    30    30    30    30    30    30    30    30    30    30    30    30    30    30    30    30
         30    30    30    29    29    28    28    27    26    25    23    22    20    18    16    13    11     9     6     3
         -1    -3     2     5     8    10    13    15    17    19    21    23    24    25    26    26    26    26    26    25
         25    24    22    21    20    18    16    13     9     5     0     0     8    11  1000  1000  1000  1000  1000  1000
       1000  1000  1000  1000  1000  1000  1000  1000  1000  1000  1000  1000  1000  1000  1000  1000  1000  1000  1000  1000
       1000  1000  1000  1000  1000  1000  1000  1000  1000  1000  1000  1000  1000  1000  1000  1000  1000  1000
   4   1000  1000  1000  1000  1000  1000  1000  1000  1000  1000  1000    30    30    30    30    30    30    30    30    30
         30    30    30    30    30    30    30    30    30    30    30    30    30    30    30    30    30    30    30    30
         30    30    29    29    28    28    27    26    25    23    22    20    18    16    13    11     9     6     3    -1
         -3     2     5     8    10    13    15    17    19    21    23    24    25    26    26    26    26    26    25    25
         24    22    21    20    18    16    13     9     5     0     0     8    11  1000  1000  1000  1000  1000  1000  1000
       1000  1000  1000  1000  1000  1000  1000  1000  1000  1000  1000  1000  1000  1000  1000  1000  1000  1000  1000  1000
       1000  1000  1000  1000  1000  1000  1000  1000  1000  1000  1000  1000  1000  1000  1000  1000  1000
   5   1000  1000  1000  1000  1000  1000  1000  1000  1000  1000    30    30    30    30    30    30    30    30    30    30
         30    30    30    30    30    30    30    30    30    30    30    30    30    30    30    30    30    30    30    30
         30    29    29    28    28    27    26    25    23    22    20    18    16    13    11     9     6     3    -1    -3
          2     5     8    10    13    15    17    19    21    23    24    25    26    26    26    26    26    25    25    24
         22    21    20    18    16    13     9     5     0     0     8    11  1000  1000  1000  1000  1000  1000  1000  1000
       1000  1000  1000  1000  1000  1000  1000  1000  1000  1000  1000  1000  1000  1000  1000  1000  1000  1000  1000  1000
       1000  1000  1000  1000  1000  1000  1000  1000  1000  1000  1000  1000  1000  1000  1000  1000
   6   1000  1000  1000  1000  1000  1000  1000  1000  1000    30    30    30    30    30    30    30    30    30    30    30
         30    30    30    30    30    30    30    30    30    30    30    30    30    30    30    30    30    30    30    30
         29    29    28    28    27    26    25    23    22    20    18    16    13    11     9     6     3    -1    -3     2
          5     8    10    13    15    17    19    21    23    24    25    26    26    26    26    26    25    25    24    22
         21    20    18    16    13     9     5     0     0     8    11  1000  1000  1000  1000  1000  1000  1000  1000  1000
       1000  1000  1000  1000  1000  1000  1000  1000  1000  1000  1000  1000  1000  1000  1000  1000  1000  1000  1000  1000
       1000  1000  1000  1000  1000  1000  1000  1000  1000  1000  1000  1000  1000  1000  1000
   7   1000  1000  1000  1000  1000  1000  1000  1000    30    30    30    30    30    30    30    30    30    30    30    30
         30    30    30    30    30    30    30    30    30    30    30    30    30    30    30    30    30    30    30    29
         29    28    28    27    26    25    23    22    20    18    16    13    11     9     6     3    -1    -3     2     5
          8    10    13    15    17    19    21    23    24    25    26    26    26    26    26    25    25    24    22    21
         20    18    16    13     9     5     0     0     8    11  1000  1000  1000  1000  1000  1000  1000  1000  1000  1000
       1000  1000  1000  1000  1000  1000  1000  1000  1000  1000  1000  1000  1000  1000  1000  1000  1000  1000  1000  1000
       1000  1000  1000  1000  1000  1000  1000  1000  1000  1000  1000  1000  1000  1000
   8   1000  1000  1000  1000  1000  1000  1000    30    30    30    30    30    30    30    30    30    30    30    30    30
         30    30    30    30    30    30    30    30    30    30    30    30    30    30    30    30    30    30    29    29
         28    28    27    26    25    23    22    20    18    16    13    11     9     6     3    -1    -3     2     5     8
         10    13    15    17    19    21    23    24    25    26    26    26    26    26    25    25    24    22    21    20
         18    16    13     9     5     0     0     8    11  1000  1000  1000  1000  1000  1000  1000  1000  1000  1000  1000
       1000  1000  1000  1000  1000  1000  1000  1000  1000  1000  1000  1000  1000  1000  1000  1000  1000  1000  1000  1000
       1000  1000  1000  1000  1000  1000  1000  1000  1000  1000  1000  1000  1000
   9   1000  1000  1000  1000  1000  1000    30    30    30    30    30    30    30    30    30    30    30    30    30    30
         30    30    30    30    30    30    30    30    30    30    30    30    30    30    30    30    30    29    29    28
         28    27    26    25    23    22    20    18    16    13    11     9     6     3    -1    -3     2     5     8    10
         13    15    17    19    21    23    24    25    26    26    26    26    26    25    25    24    22    21    20    18
         16    13     9     5     0     0     8    11  1000  1000  1000  1000  1000  1000  1000  1000  1000  1000  1000  1000
       1000  1000  1000  1000  1000  1000  1000  1000  1000  1000  1000  1000  1000  1000  1000  1000  1000  1000  1000  1000
       1000  1000  1000  1000  1000  1000  1000  1000  1000  1000  1000  1000
  10   1000  1000  1000  1000  1000    30    30    30    30    30    30    30    30    30    30    30    30    30    30    30
         30    30    30    30    30    30    30    30    30    30    30    30    30    30    30    30    29    29    28    28
         27    26    25    23    22    20    18    16    13    11     9     6     3    -1    -3     2     5     8    10    13
         15    17    19    21    23    24    25    26    26    26    26    26    25    25    24    22    21    20    18    16
         13     9     5     0     0     8    11  1000  1000  1000  1000  1000  1000  1000  1000  1000  1000  1000  1000  1000
       1000  1000  1000  1000  1000  1000  1000  1000  1000  1000  1000  1000  1000  1000  1000  1000  1000  1000  1000  1000
       1000  1000  1000  1000  1000  1000  1000  1000  1000  1000  1000
  11   1000  1000  1000  1000    30    30    30    30    30    30    30    30    30    30    30    30    30    30    30    30
         30    30    30    30    30    30    30    30    30    30    30    30    30    30    30    29    29    28    28    27
         26    25    23    22    20    18    16    13    11     9     6     3    -1    -3     2     5     8    10    13    15
         17    19    21    23    24    25    26    26    26    26    26    25    25    24    22    21    20    18    16    13
          9     5     0     0     8    11  1000  1000  1000  1000  1000  1000  1000  1000  1000  1000  1000  1000  1000  1000
       1000  1000  1000  1000  1000  1000  1000  1000  1000  1000  1000  1000  1000  1000  1000  1000  1000  1000  1000  1000
       1000  1000  1000  1000  1000  1000  1000  1000  1000  1000
  12   1000  1000  1000    30    30    30    30    30    30    30    30    30    30    30    30    30    30    30    30    30
         30    30    30    30    30    30    30    30    30    30    30    30    30    30    29    29    28    28    27    26
         25    23    22    20    18    16    13    11     9     6     3    -1    -3     2     5     8    10    13    15    17
         19    21    23    24    25    26    26    26    26    26    25    25    24    22    21    20    18    16    13     9
          5     0     0     8    11  1000  1000  1000  1000  1000  1000  1000  1000  1000  1000  1000  1000  1000  1000  1000
       1000  1000  1000  1000  1000  1000  1000  1000  1000  1000  1000  1000  1000  1000  1000  1000  1000  1000  1000  1000
       1000  1000  1000  1000  1000  1000  1000  1000  1000
  13   1000  1000    30    30    30    30    30    30    30    30    30    30    30    30    30    30    30    30    30    30
         30    30    30    30    30    30    30    30    30    30    30    30    30    29    29    28    28    27    26    25
         23    22    20    18    16    13    11     9     6     3    -1    -3     2     5     8    10    13    15    17    19
         21    23    24    25    26    26    26    26    26    25    25    24    22    21    20    18    16    13     9     5
          0     0     8    11  1000  1000  1000  1000  1000  1000  1000  1000  1000  1000  1000  1000  1000  1000  1000  1000
       1000  1000  1000  1000  1000  1000  1000  1000  1000  1000  1000  1000  1000  1000  1000  1000  1000  1000  1000  1000
       1000  1000  1000  1000  1000  1000  1000  1000
  14   1000    30    30    30    30    30    30    30    30    30    30    30    30    30    30    30    30    30    30    30
         30    30    30    30    30    30    30    30    30    30    30    30    29    29    28    28    27    26    25    23
         22    20    18    16    13    11     9     6     3    -1    -3     2     5     8    10    13    15    17    19    21
         23    24    25    26    26    26    26    26    25    25    24    22    21    20    18    16    13     9     5     0
          0     8    11  1000  1000  1000  1000  1000  1000  1000  1000  1000  1000  1000  1000  1000  1000  1000  1000  1000
       1000  1000  1000  1000  1000  1000  1000  1000  1000  1000  1000  1000  1000  1000  1000  1000  1000  1000  1000  1000
       1000  1000  1000  1000  1000  1000  1000
  15   1000   988   952   895   821   735   642   547   454   368   292   225   170   125    90    63    43    29    19    12
          8     5     3     2     2     1     1     1     1     1     1     1     1     1     1     1     1     1     1     1
          1     1     0     0     0     0     0     0     0     0     0     0     0     0     0     0     1     1     1     1
          1     1     1     1     1     1     1     1     1     1     1     1     1     1     0     0     0     0     0     0
          0     0    30    30    30    30    30    30    30    30    30    30    30    30    30    30    30    30    30    30
         30    30    30    30    30    30    30    30    30    30    30    30    30    30    30    30    30    30    30    30
         30    30    30    30    30    30
  16   1000   988   952   895   821   735   642   547   454   368   292   225   170   125    90    63    43    29    19    12
          8     5     3     2     2     1     1     1     1     1     1     1     1     1     1     1     1     1     1     1
          1     0     0     0     0     0     0     0     0     0     0     0     0     0     0     1     1     1     1     1
          1     1     1     1     1     1     1     1     1     1     1     1     1     0     0     0     0     0     0     0
          0    30    30    30    30    30    30    30    30    30    30    30    30    30    30    30    30    30    30    30
         30    30    30    30    30    30    30    30    30    30    30    30    30    30    30    30    30    30    30    30
         30    30    30    30    30
  17   1000   988   952   895   821   735   642   547   454   368   292   225   170   125    90    63    43    29    19    12
          8     5     3     2     2     1     1     1     1     1     1     1     1     1     1     1     1     1     1     1
          0     0     0     0     0     0     0     0     0     0     0     0     0     0     1     1     1     1     1     1
          1     1     1     1     1     1     1     1     1     1     1     1     0     0     0     0     0     0     0     0
         30    30    30    30    30    30    30    30    30    30    30    30    30    30    30    30    30    30    30    30
         30    30    30    30    30    30    30    30    30    30    30    30    30    30    30    30    30    30    30    30
         30    30    30    30
  18   1000   988   952   895   821   735   642   547   454   368   292   225   170   125    90    63    43    29    19    12
          8     5     3     2     2     1     1     1     1     1     1     1     1     1     1     1     1     1     1     0
          0     0     0     0     0     0     0     0     0     0     0     0     0     1     1     1     1     1     1     1
          1     1     1     1     1     1     1     1     1     1     1     0     0     0     0     0     0     0     0    30
         30    30    30    30    30    30    30    30    30    30    30    30    30    30    30    30    30    30    30    30
         30    30    30    30    30    30    30    30    30    30    30    30    30    30    30    30    30    30    30    30
         30    30    30
  19   1000   988   952   895   821   735   642   547   454   368   292   225   170   125    90    63    43    29    19    12
          8     5     3     2     2     1     1     1     1     1     1     1     1     1     1     1     1     1     0     0
          0     0     0     0     0     0     0     0     0     0     0     0     1     1     1     1     1     1     1     1
          1     1     1     1     1     1     1     1     1     1     0     0     0     0     0     0     0     0    30    30
         30    30    30    30    30    30    30    30    30    30    30    30    30    30    30    30    30    30    30    30
         30    30    30    30    30    30    30    30    30    30    30    30    30    30    30    30    30    30    30    30
         30    30
  20   1000   988   952   895   821   735   642   547   454   368   292   225   170   125    90    63    43    29    19    12
          8     5     3     2     2     1     1     1     1     1     1     1     1     1     1     1     1     0     0     0
          0     0     0     0     0     0     0     0     0     0     0     1     1     1     1     1     1     1     1     1
          1     1     1     1     1     1     1     1     1     0     0     0     0     0     0     0     0    30    30    30
         30    30    30    30    30    30    30    30    30    30    30    30    30    30    30    30    30    30    30    30
         30    30    30    30    30    30    30    30    30    30    30    30    30    30    30    30    30    30    30    30
         30
  21   1000   988   952   895   821   735   642   547   454   368   292   225   170   125    90    63    43    29    19    12
          8     5     3     2     2     1     1     1     1     1     1     1     1     1     1     1     0     0     0     0
          0     0     0     0     0     0     0     0     0     0     1     1     1     1     1     1     1     1     1     1
          1     1     1     1     1     1     1     1     0     0     0     0     0     0     0     0    30    30    30    30
         30    30    30    30    30    30    30    30    30    30    30    30    30    30    30    30    30    30    30    30
         30    30    30    30    30    30    30    30    30    30    30    30    30    30    30    30    30    30    30    30
  22   1000   988   952   895   821   735   642   547   454   368   292   225   170   125    90    63    43    29    19    12
          8     5     3     2     2     1     1     1     1     1     1     1     1     1     1     0     0     0     0     0
          0     0     0     0     0     0     0     0     0     1     1     1     1     1     1     1     1     1     1     1
          1     1     1     1     1     1     1     0     0     0     0     0     0     0     0    30    30    30    30    30
         30    30    30    30    30    30    30    30    30    30    30    30    30    30    30    30    30    30    30    30
         30    30    30    30    30    30    30    30    30    30    30    30    30    30    30    30    30    30    30
  23   1000   988   952   895   821   735   642   547   454   368   292   225   170   125    90    63    43    29    19    12
          8     5     3     2     2     1     1     1     1     1     1     1     1     1     0     0     0     0     0     0
          0     0     0     0     0     0     0     0     1     1     1     1     1     1     1     1     1     1     1     1
          1     1     1     1     1     1     0     0     0     0     0     0     0     0    30    30    30    30    30    30
         30    30    30    30    30    30    30    30    30    30    30    30    30    30    30    30    30    30    30    30
         30    30    30    30    30    30    30    30    30    30    30    30    30    30    30    30    30    30
  24   1000   988   952   895   821   735   642   547   454   368   292   225   170   125    90    63    43    29    19    12
          8     5     3     2     2     1     1     1     1     1     1     1     1     0     0     0     0     0     0     0
          0     0     0     0     0     0     0     1     1     1     1     1     1     1     1     1     1     1     1     1
          1     1     1     1     1     0     0     0     0     0     0     0     0    30    30    30    30    30    30    30
         30    30    30    30    30    30    30    30    30    30    30    30    30    30    30    30    30    30    30    30
         30    30    30    30    30    30    30    30    30    30    30    30    30    30    30    30    30
  25   1000   988   952   895   821   735   642   547   454   368   292   225   170   125    90    63    43    29    19    12
          8     5     3     2     2     1     1     1     1     1     1     1     0     0     0     0     0     0     0     0
          0     0     0     0     0     0     1     1     1     1     1     1     1     1     1     1     1     1     1     1
          1     1     1     1     0     0     0     0     0     0     0     0    30    30    30    30    30    30    30    30
         30    30    30    30    30    30    30    30    30    30    30    30    30    30    30    30    30    30    30    30
         30    30    30    30    30    30    30    30    30    30    30    30    30    30    30    30
  26   1000   988   952   895   821   735   642   547   454   368   292   225   170   125    90    63    43    29    19    12
          8     5     3     2     2     1     1     1     1     1     1     0     0     0     0     0     0     0     0     0
          0     0     0     0     0     1     1     1     1     1     1     1     1     1     1     1     1     1     1     1
          1     1     1     0     0     0     0     0     0     0     0    30    30    30    30    30    30    30    30    30
         30    30    30    30    30    30    30    30    30    30    30    30    30    30    30    30    30    30    30    30
         30    30    30    30    30    30    30    30    30    30    30    30    30    30    30
  27   1000   988   952   895   821   735   642   547   454   368   292   225   170   125    90    63    43    29    19    12
          8     5     3     2     2     1     1     1     1     1     0     0     0     0     0     0     0     0     0     0
          0     0     0     0     1     1     1     1     1     1     1     1     1     1     1     1     1     1     1     1
          1     1     0     0     0     0     0     0     0     0    30    30    30    30    30    30    30    30    30    30
         30    30    30    30    30    30    30    30    30    30    30    30    30    30    30    30    30    30    30    30
         30    30    30    30    30    30    30    30    30    30    30    30    30    30
  28   1000   988   952   895   821   735   642   547   454   368   292   225   170   125    90    63    43    29    19    12
          8     5     3     2     2     1     1     1     1     0     0     0     0     0     0     0     0     0     0     0
          0     0     0     1     1     1     1     1     1     1     1     1     1     1     1     1     1     1     1     1
          1     0     0     0     0     0     0     0     0    30    30    30    30    30    30    30    30    30    30    30
         30    30    30    30    30    30    30    30    30    30    30    30    30    30    30    30    30    30    30    30
         30    30    30    30    30    30    30    30    30    30    30    30    30
  29   1000   988   952   895   821   735   642   547   454   368   292   225   170   125    90    63    43    29    19    12
          8     5     3     2     2     1     1     1     0     0     0     0     0     0     0     0     0     0     0     0
          0     0     1     1     1     1     1     1     1     1     1     1     1     1     1     1     1     1     1     1
          0     0     0     0     0     0     0     0    30    30    30    30    30    30    30    30    30    30    30    30
         30    30    30    30    30    30    30    30    30    30    30    30    30    30    30    30    30    30    30    30
         30    30    30    30    30    30    30    30    30    30    30    30
  30   1000   988   952   895   821   735   642   547   454   368   292   225   170   125    90    63    43    29    19    12
          8     5     3     2     2     1     1     1     0     0     0     0     0     0     0     0     0     0     0     0
          0     1     1     1     1     1     1     1     1     1     1     1     1     1     1     1     1     1     1     0
          0     0     0     0     0     0     0    30    30    30    30    30    30    30    30    30    30    30    30    30
         30    30    30    30    30    30    30    30    30    30    30    30    30    30    30    30    30    30    30    30
         30    30    30    30    30    30    30    30    30    30    30
  31   1000   988   952   895   821   735   642   547   454   368   292   225   170   125    90    63    43    29    19    12
          8     5     3     2     2     1     1     1     0     0     0     0     0     0     0     0     0     0     0     0
          1     1     1     1     1     1     1     1     1     1     1     1     1     1     1     1     1     1     0     0
          0     0     0     0     0     0    30    30    30    30    30    30    30    30    30    30    30    30    30    30
         30    30    30    30    30    30    30    30    30    30    30    30    30    30    30    30    30    30    30    30
         30    30    30    30    30    30    30    30    30    30
  32   1000   988   952   895   821   735   642   547   454   368   292   225   170   125    90    63    43    29    19    13
          8     5     3     2     1     1     1     1     0     0     0     0     0     0     0     0     0     0     0     1
          1     1     1     1     1     1     1     1     1     1     1     1     1     1     1     1     1     0     0     0
          0     0     0     0     0    30    30    30    30    30    30    30    30    30    30    30    30    30    30    30
         30    30    30    30    30    30    30    30    30    30    30    30    30    30    30    30    30    30    30    30
         30    30    30    30    30    30    30    30    30
  33   1000   988   952   895   821   735   642   547   454   368   292   225   170   125    90    63    43    29    19    13
          8     5     3     2     2     1     1     0     0     0     0     0     0     0     0     0     0     0     1     1
          1     1     1     1     1     1     1     1     1     1     1     1     1     1     1     1     0     0     0     0
          0     0     0     0    30    30    30    30    30    30    30    30    30    30    30    30    30    30    30    30
         30    30    30    30    30    30    30    30    30    30    30    30    30    30    30    30    30    30    30    30
         30    30    30    30    30    30    30    30
  34   1000   988   952   895   821   735   642   547   454   368   292   225   170   125    90    63    44    29    20    13
          8     5     4     2     2     1     1     0     0     0     0     0     0     0     0     0     0     1     1     1
          1     1     1     1     1     1     1     1     1     1     1     1     1     1     1     0     0     0     0     0
          0     0     0    30    30    30    30    30    30    30    30    30    30    30    30    30    30    30    30    30
         30    30    30    30    30    30    30    30    30    30    30    30    30    30    30    30    30    30    30    30
         30    30    30    30    30    30    30
  35   1000   988   952   895   821   735   642   547   454   368   292   225   170   125    90    63    44    30    20    13
          9     6     4     2     2     1     1     1     0     0     0     0     0     0     0     0     1     1     1     1
          1     1     1     1     1     1     1     1     1     1     1     1     1     1     0     0     0     0     0     0
          0     0    30    30    30    30    30    30    30    30    30    30    30    30    30    30    30    30    30    30
         30    30    30    30    30    30    30    30    30    30    30    30    30    30    30    30    30    30    30    30
         30    30    30    30    30    30
  36   1000   988   952   895   821   735   642   547   454   369   292   225   170   125    90    64    44    30    20    13
          9     6     4     3     2     1     1     0     0     0     0     0     0     0     0     1     1     1     1     1
          1     1     1     1     1     1     1     1     1     1     1     1     1     0     0     0     0     0     0     0
          0    30    30    30    30    30    30    30    30    30    30    30    30    30    30    30    30    30    30    30
         30    30    30    30    30    30    30    30    30    30    30    30    30    30    30    30    30    30    30    30
         30    30    30    30    30
  37   1000   988   952   895   821   735   642   547   454   369   292   226   170   126    91    64    45    31    21    14
          9     6     4     3     2     1     0     0     0     0     0     0     0     0     0     1     1     1     1     1
          1     1     1     1     1     1     1     1     1     1     1     1     1     0     0     0     0     0     0     0
         30    30    30    30    30    30    30    30    30    30    30    30    30    30    30    30    30    30    30    30
         30    30    30    30    30    30    30    30    30    30    30    30    30    30    30    30    30    30    30    30
         30    30    30    30
  38   1000   988   952   895   821   735   642   547   454   369   292   226   171   127    92    65    46    32    22    15
         10     7     5     3     2     1    -1     0     0     0     0     0     0     0     1     1     1     1     1     1
          1     1     1     1     1     1     1     1     1     1     1     1     0     0     0     0     0     0     0    30
         30    30    30    30    30    30    30    30    30    30    30    30    30    30    30    30    30    30    30    30
         30    30    30    30    30    30    30    30    30    30    30    30    30    30    30    30    30    30    30    30
         30    30    30
  39   1000   988   952   895   821   735   642   547   455   369   293   227   172   128    93    67    47    33    23    16
         11     8     5     3     1    -3    -1     0     0     0     0     0     0     0     1     1     1     1     1     1
          1     1     1     1     1     1     1     1     1     1     1     1     0     0     0     0     0     0    30    30
         30    30    30    30    30    30    30    30    30    30    30    30    30    30    30    30    30    30    30    30
         30    30    30    30    30    30    30    30    30    30    30    30    30    30    30    30    30    30    30    30
         30    30
  40   1000   988   952   895   821   735   642   547   455   370   294   228   174   130    95    69    50    35    25    17
         12     8     6     2    -5    -2    -1     0     0     0     0     0     0     0     1     1     1     1     1     1
          1     1     1     1     1     1     1     1     1     1     1     1     0     0     0     0     0    30    30    30
         30    30    30    30    30    30    30    30    30    30    30    30    30    30    30    30    30    30    30    30
         30    30    30    30    30    30    30    30    30    30    30    30    30    30    30    30    30    30    30    30
         30
  41   1000   988   952   895   821   735   642   548   456   371   295   230   176   133    98    72    52    38    27    19
         14     9     4    -9    -4    -2    -1    -1     0     0     0     0     0     0     1     1     1     1     1     1
          1     1     1     1     1     1     1     1     1     1     1     1     1     0     0     0    30    30    30    30
         30    30    30    30    30    30    30    30    30    30    30    30    30    30    30    30    30    30    30    30
         30    30    30    30    30    30    30    30    30    30    30    30    30    30    30    30    30    30    30    30
  42   1000   988   952   895   821   735   643   548   457   373   298   234   180   137   103    76    56    41    30    21
         15     7   -14    -8    -5    -3    -2    -1     0     0     0     0     0     0     1     1     1     1     1     1
          1     1     1     1     1     1     1     1     1     1     1     1     0     0     0    30    30    30    30    30
         30    30    30    30    30    30    30    30    30    30    30    30    30    30    30    30    30    30    30    30
         30    30    30    30    30    30    30    30    30    30    30    30    30    30    30    30    30    30    30
  43   1000   988   952   895   821   736   644   550   460   376   302   238   185   142   108    81    61    45    33    23
         12   -23   -13    -9    -6    -4    -3    -1    -1     0     0     0     0     1     1     1     1     1     1     1
          1     1     1     1     1     1     1     2     2     2     1     0     0     0    30    30    30    30    30    30
         30    30    30    30    30    30    30    30    30    30    30    30    30    30    30    30    30    30    30    30
         30    30    30    30    30    30    30    30    30    30    30    30    30    30    30    30    30    30
  44   1000   988   952   895   822   737   645   553   463   381   308   245   192   149   115    88    66    49    35    19
        -36   -21   -14   -10    -7    -5    -3    -2    -1     0     0     0     0     1     1     1     1     1     1     1
          1     2     2     2     2     2     2     2     2     2     0    -1     0    30    30    30    30    30    30    30
         30    30    30    30    30    30    30    30    30    30    30    30    30    30    30    30    30    30    30    30
         30    30    30    30    30    30    30    30    30    30    30    30    30    30    30    30    30
  45   1000   988   952   896   823   738   648   557   469   388   316   254   201   158   123    95    72    53    30   -54
        -32   -23   -17   -12    -9    -6    -4    -3    -1     0     0     0     0     1     1     1     1     1     2     2
          2     2     2     3     3     3     3     3     3    -1    -1    -1    30    30    30    30    30    30    30    30
         30    30    30    30    30    30    30    30    30    30    30    30    30    30    30    30    30    30    30    30
         30    30    30    30    30    30    30    30    30    30    30    30    30    30    30    30
  46   1000   988   952   896   824   741   652   562   476   397   326   264   212   168   132   103    77    45   -78   -48
        -35   -26   -20   -15   -11    -7    -5    -3    -2    -1     0     0     1     1     1     1     2     2     2     3
          3     3     4     4     4     5     5     5    -1    -3    -2    29    29    29    29    29    29    29    29    29
         29    29    29    29    29    29    29    29    29    29    29    29    29    29    29    29    29    29    29    29
         29    29    29    29    29    29    29    29    29    29    29    29    29    29    29
  47   1000   988   953   897   826   745   657   570   486   408   338   277   225   180   142   108    66  -111   -70   -52
        -40   -30   -23   -17   -12    -9    -6    -4    -2    -1     0     0     1     1     2     2     3     3     3     4
          4     5     6     6     7     7     7    -2    -4    -4    29    29    29    29    29    29    29    29    29    29
         29    29    29    29    29    29    29    29    29    29    29    29    29    29    29    29    29    29    29    29
         29    29    29    29    29    29    29    29    29    29    29    29    29    29
  48   1000   988   953   899   829   750   665   579   497   421   352   291   238   191   149    94  -152   -99   -75   -58
        -45   -34   -26   -19   -14   -10    -6    -4    -2     0     0     1     1     2     3     3     4     4     5     6
          7     8     8     9    10    10    -4    -7    -6    28    28    28    28    28    28    28    28    28    28    28
         28    28    28    28    28    28    28    28    28    28    28    28    28    28    28    28    28    28    28    28
         28    28    28    28    28    28    28    28    28    28    28    28    28
  49   1000   988   954   901   833   756   674   591   511   436   368   306   251   198   129  -203  -136  -105   -82   -64
        -50   -38   -29   -21   -15   -10    -7    -4    -2     0     0     1     2     3     4     5     6     7     8     9
         10    11    12    13    13    -5    -9    -9    28    28    28    28    28    28    28    28    28    28    28    28
         28    28    28    28    28    28    28    28    28    28    28    28    28    28    28    28    28    28    28    28
         28    28    28    28    28    28    28    28    28    28    28    28
  50   1000   988   955   904   838   764   684   604   526   452   383   320   258   174  -264  -181  -142  -113   -90   -70
        -55   -42   -31   -23   -16   -11    -7    -4    -1     0     1     3     4     5     6     7     9    10    12    13
         15    16    17    18    -7   -13   -12    27    27    27    27    27    27    27    27    27    27    27    27    27
         27    27    27    27    27    27    27    27    27    27    27    27    27    27    27    27    27    27    27    27
         27    27    27    27    27    27    27    27    27    27    27
  51   1000   989   957   907   844   773   696   618   541   468   397   327   227  -334  -236  -188  -151  -121   -97   -76
        -59   -45   -33   -24   -16   -11    -6    -3     0     1     3     4     6     8     9    11    13    15    17    19
         21    22    23   -10   -17   -15    26    26    26    26    26    26    26    26    26    26    26    26    26    26
         26    26    26    26    26    26    26    26    26    26    26    26    26    26    26    26    26    26    26    26
         26    26    26    26    26    26    26    26    26    26
  52   1000   989   959   911   851   782   708   632   556   480   403   289  -411  -299  -241  -197  -160  -129  -102   -80
        -62   -46   -34   -24   -16   -10    -5    -1     0     3     5     7     9    11    13    16    18    21    23    26
         27    28   -12   -22   -20    25    25    25    25    25    25    25    25    25    25    25    25    25    25    25
         25    25    25    25    25    25    25    25    25    25    25    25    25    25    25    25    25    25    25    25
         25    25    25    25    25    25    25    25    25
  53   1000   990   960   915   857   791   719   644   566   484   359  -492  -368  -303  -250  -206  -167  -135  -106   -83
        -63   -47   -33   -23   -15    -8    -3     0     3     6     8    11    13    16    19    22    25    29    32    34
         35   -15   -27   -24    23    23    23    23    23    23    23    23    23    23    23    23    23    23    23    23
         23    23    23    23    23    23    23    23    23    23    23    23    23    23    23    23    23    23    23    23
         23    23    23    23    23    23    23    23
  54   1000   990   962   919   864   799   729   652   568   434  -576  -444  -370  -310  -258  -213  -173  -138  -109   -83
        -63   -46   -32   -21   -13    -6    -1     3     6     9    12    16    19    22    26    30    34    38    40    41
        -18   -32   -29    22    22    22    22    22    22    22    22    22    22    22    22    22    22    22    22    22
         22    22    22    22    22    22    22    22    22    22    22    22    22    22    22    22    22    22    22    22
         22    22    22    22    22    22    22
  55   1000   991   964   923   869   806   734   651   513  -658  -522  -443  -376  -317  -264  -217  -175  -139  -108   -82
        -61   -43   -29   -18   -10    -3     2     6    10    14    18    22    26    30    35    40    44    47    48   -22
        -37   -34    20    20    20    20    20    20    20    20    20    20    20    20    20    20    20    20    20    20
         20    20    20    20    20    20    20    20    20    20    20    20    20    20    20    20    20    20    20    20
         20    20    20    20    20    20
  56   1000   991   966   926   873   809   730   593  -735  -601  -518  -447  -381  -322  -267  -219  -175  -138  -106   -79
        -57   -39   -25   -14    -6     0     6    11    15    20    25    29    35    40    45    50    53    55   -25   -43
        -39    18    18    18    18    18    18    18    18    18    18    18    18    18    18    18    18    18    18    18
         18    18    18    18    18    18    18    18    18    18    18    18    18    18    18    18    18    18    18    18
         18    18    18    18    18
  57   1000   991   967   928   874   804   672  -804  -679  -595  -520  -450  -384  -323  -267  -217  -173  -134  -101   -74
        -52   -35   -21   -10    -1     5    11    17    22    27    33    38    44    50    56    60    62   -28   -48   -44
         16    16    16    16    16    16    16    16    16    16    16    16    16    16    16    16    16    16    16    16
         16    16    16    16    16    16    16    16    16    16    16    16    16    16    16    16    16    16    16    16
         16    16    16    16
  58   1000   992   967   927   868   747  -863  -753  -671  -595  -522  -451  -384  -321  -264  -212  -167  -128   -95   -68
        -46   -29   -15    -4     3    11    17    23    29    35    42    49    55    61    65    68   -30   -53   -49    13
         13    13    13    13    13    13    13    13    13    13    13    13    13    13    13    13    13    13    13    13
         13    13    13    13    13    13    13    13    13    13    13    13    13    13    13    13    13    13    13    13
         13    13    13
  59   1000   992   967   922   816  -910  -821  -744  -670  -595  -521  -450  -381  -317  -258  -205  -159  -120   -87   -60
        -39   -22    -9     1    10    17    24    31    38    45    52    60    66    71    73   -32   -57   -53    11    11
         11    11    11    11    11    11    11    11    11    11    11    11    11    11    11    11    11    11    11    11
         11    11    11    11    11    11    11    11    11    11    11    11    11    11    11    11    11    11    11    11
         11    11
  60   1000   991   963   878  -942  -881  -813  -742  -669  -595  -520  -446  -376  -310  -250  -196  -150  -110   -78   -52
        -31   -15    -2     7    16    24    32    40    47    55    63    70    75    78   -34   -61   -56     9     9     9
          9     9     9     9     9     9     9     9     9     9     9     9     9     9     9     9     9     9     9     9
          9     9     9     9     9     9     9     9     9     9     9     9     9     9     9     9     9     9     9     9
          9
  61   1000   990   930  -957  -930  -875  -812  -743  -670  -594  -517  -441  -369  -301  -240  -186  -139  -100   -69   -44
        -24    -8     4    14    24    32    41    49    57    66    73    79    82   -34   -64   -59     6     6     6     6
          6     6     6     6     6     6     6     6     6     6     6     6     6     6     6     6     6     6     6     6
          6     6     6     6     6     6     6     6     6     6     6     6     6     6     6     6     6     6     6     6
  62   1000   972  -951  -967  -929  -878  -817  -749  -675  -597  -518  -439  -365  -295  -232  -177  -130   -92   -61   -36
        -17    -1    10    21    31    40    49    58    66    75    81    85   -33   -65   -60     3     3     3     3     3
          3     3     3     3     3     3     3     3     3     3     3     3     3     3     3     3     3     3     3     3
          3     3     3     3     3     3     3     3     3     3     3     3     3     3     3     3     3     3     3
  63   1000  -879  -974  -968  -942  -900  -846  -781  -707  -628  -546  -463  -384  -309  -242  -184  -134   -93   -61   -35
        -15     1    14    26    36    46    56    65    71    79    86   -20   -62   -58    -1    -1    -1    -1    -1    -1
         -1    -1    -1    -1    -1    -1    -1    -1    -1    -1    -1    -1    -1    -1    -1    -1    -1    -1    -1    -1
         -1    -1    -1    -1    -1    -1    -1    -1    -1    -1    -1    -1    -1    -1    -1    -1    -1    -1
  64   1000   941   884   821   752   677   600   521   443   368   298   235   180   133    94    63    38    19     4    -7
        -17   -26   -34   -42   -51   -59   -67   -72   -81   -77    70    73    65    -3    -3    -3    -3    -3    -3    -3
         -3    -3    -3    -3    -3    -3    -3    -3    -3    -3    -3    -3    -3    -3    -3    -3    -3    -3    -3    -3
         -3    -3    -3    -3    -3    -3    -3    -3    -3    -3    -3    -3    -3    -3    -3    -3    -3
  65   1000   988   960   918   864   799   725   646   563   479   398   322   253   193   142   100    66    38    17     0
        -14   -26   -37   -48   -58   -67   -75   -79   -85    50    72    66     2     2     2     2     2     2     2     2
          2     2     2     2     2     2     2     2     2     2     2     2     2     2     2     2     2     2     2     2
          2     2     2     2     2     2     2     2     2     2     2     2     2     2     2     2
  66   1000   991   966   926   873   808   733   652   566   480   396   318   248   187   136    94    60    33    12    -5
        -20   -33   -44   -56   -66   -74   -80   -81    45    72    66     5     5     5     5     5     5     5     5     5
          5     5     5     5     5     5     5     5     5     5     5     5     5     5     5     5     5     5     5     5
          5     5     5     5     5     5     5     5     5     5     5     5     5     5     5
  67   1000   992   967   927   873   806   729   645   556   468   384   306   236   177   127    86    54    28     7    -9
        -24   -37   -49   -60   -69   -76   -79    42    66    61     8     8     8     8     8     8     8     8     8     8
          8     8     8     8     8     8     8     8     8     8     8     8     8     8     8     8     8     8     8     8
          8     8     8     8     8     8     8     8     8     8     8     8     8     8
  68   1000   992   967   926   870   800   720   633   543   453   368   291   223   165   118    79    48    23     2   -14
        -29   -42   -54   -64   -71   -75    39    64    58    10    10    10    10    10    10    10    10    10    10    10
         10    10    10    10    10    10    10    10    10    10    10    10    10    10    10    10    10    10    10    10
         10    10    10    10    10    10    10    10    10    10    10    10    10
  69   1000   991   966   923   864   792   709   620   528   438   354   278   212   156   111    73    43    19     0   -18
        -33   -46   -57   -65   -70    36    60    56    13    13    13    13    13    13    13    13    13    13    13    13
         13    13    13    13    13    13    13    13    13    13    13    13    13    13    13    13    13    13    13    13
         13    13    13    13    13    13    13    13    13    13    13    13
  70   1000   991   964   920   858   783   698   606   513   424   341   267   204   150   106    70    41    17    -2   -20
        -35   -48   -57   -63    31    56    52    15    15    15    15    15    15    15    15    15    15    15    15    15
         15    15    15    15    15    15    15    15    15    15    15    15    15    15    15    15    15    15    15    15
         15    15    15    15    15    15    15    15    15    15    15
  71   1000   991   963   916   852   774   687   594   501   413   332   260   199   148   105    70    41    16    -3   -21
        -36   -48   -56    27    51    49    17    17    17    17    17    17    17    17    17    17    17    17    17    17
         17    17    17    17    17    17    17    17    17    17    17    17    17    17    17    17    17    17    17    17
         17    17    17    17    17    17    17    17    17    17
  72   1000   990   961   912   846   766   677   584   493   406   327   258   198   148   107    72    42    17    -4   -22
        -37   -48    21    47    46    19    19    19    19    19    19    19    19    19    19    19    19    19    19    19
         19    19    19    19    19    19    19    19    19    19    19    19    19    19    19    19    19    19    19    19
         19    19    19    19    19    19    19    19    19
  73   1000   990   959   908   840   759   670   578   488   403   327   260   202   153   111    75    45    18    -4   -23
        -38    15    42    43    21    21    21    21    21    21    21    21    21    21    21    21    21    21    21    21
         21    21    21    21    21    21    21    21    21    21    21    21    21    21    21    21    21    21    21    21
         21    21    21    21    21    21    21    21
  74   1000   989   957   905   836   755   667   576   488   406   332   266   209   160   117    79    46    17    -7   -28
          7    38    42    23    23    23    23    23    23    23    23    23    23    23    23    23    23    23    23    23
         23    23    23    23    23    23    23    23    23    23    23    23    23    23    23    23    23    23    23    23
         23    23    23    23    23    23    23
  75   1000   989   956   903   834   754   667   579   493   414   341   277   219   168   123    81    44    12   -16    -1
         35    42    24    24    24    24    24    24    24    24    24    24    24    24    24    24    24    24    24    24
         24    24    24    24    24    24    24    24    24    24    24    24    24    24    24    24    24    24    24    24
         24    24    24    24    24    24
  76   1000   989   956   903   835   756   671   586   503   425   354   289   229   175   124    78    35    -2   -12    32
         43    25    25    25    25    25    25    25    25    25    25    25    25    25    25    25    25    25    25    25
         25    25    25    25    25    25    25    25    25    25    25    25    25    25    25    25    25    25    25    25
         25    25    25    25    25
  77   1000   989   956   904   837   760   679   596   516   439   367   300   236   175   118    64    14   -26    29    45
         26    26    26    26    26    26    26    26    26    26    26    26    26    26    26    26    26    26    26    26
         26    26    26    26    26    26    26    26    26    26    26    26    26    26    26    26    26    26    26    26
         26    26    26    26
  78   1000   989   956   906   841   768   689   609   530   453   378   306   234   165    97    33   -43    25    49    26
         26    26    26    26    26    26    26    26    26    26    26    26    26    26    26    26    26    26    26    26
         26    26    26    26    26    26    26    26    26    26    26    26    26    26    26    26    26    26    26    26
         26    26    26
  79   1000   989   958   909   847   777   701   622   543   463   383   301   218   137    57   -64    21    52    26    26
         26    26    26    26    26    26    26    26    26    26    26    26    26    26    26    26    26    26    26    26
         26    26    26    26    26    26    26    26    26    26    26    26    26    26    26    26    26    26    26    26
         26    26
  80   1000   989   959   913   854   786   712   633   550   464   374   279   182    85   -90    14    55    26    26    26
         26    26    26    26    26    26    26    26    26    26    26    26    26    26    26    26    26    26    26    26
         26    26    26    26    26    26    26    26    26    26    26    26    26    26    26    26    26    26    26    26
         26
  81   1000   990   961   917   861   794   719   637   548   450   345   234   119  -119     3    55    26    26    26    26
         26    26    26    26    26    26    26    26    26    26    26    26    26    26    26    26    26    26    26    26
         26    26    26    26    26    26    26    26    26    26    26    26    26    26    26    26    26    26    26    26
  82   1000   990   963   921   865   798   720   631   529   415   291   159  -154   -12    52    25    25    25    25    25
         25    25    25    25    25    25    25    25    25    25    25    25    25    25    25    25    25    25    25    25
         25    25    25    25    25    25    25    25    25    25    25    25    25    25    25    25    25    25    25
  83   1000   991   965   923   867   796   711   608   489   354   206  -195   -35    42    25    25    25    25    25    25
         25    25    25    25    25    25    25    25    25    25    25    25    25    25    25    25    25    25    25    25
         25    25    25    25    25    25    25    25    25    25    25    25    25    25    25    25    25    25
  84   1000   991   965   923   863   785   686   564   422   261  -241   -66    25    24    24    24    24    24    24    24
         24    24    24    24    24    24    24    24    24    24    24    24    24    24    24    24    24    24    24    24
         24    24    24    24    24    24    24    24    24    24    24    24    24    24    24    24    24
  85   1000   991   964   919   852   760   642   496   324  -293  -109    -3    22    22    22    22    22    22    22    22
         22    22    22    22    22    22    22    22    22    22    22    22    22    22    22    22    22    22    22    22
         22    22    22    22    22    22    22    22    22    22    22    22    22    22    22    22
  86   1000   991   962   910   830   719   576   398  -353  -164   -46    21    21    21    21    21    21    21    21    21
         21    21    21    21    21    21    21    21    21    21    21    21    21    21    21    21    21    21    21    21
         21    21    21    21    21    21    21    21    21    21    21    21    21    21    21
  87   1000   990   956   893   795   660   482  -419  -236  -105    20    20    20    20    20    20    20    20    20    20
         20    20    20    20    20    20    20    20    20    20    20    20    20    20    20    20    20    20    20    20
         20    20    20    20    20    20    20    20    20    20    20    20    20    20
  88   1000   988   946   868   747   578  -492  -325  -186    18    18    18    18    18    18    18    18    18    18    18
         18    18    18    18    18    18    18    18    18    18    18    18    18    18    18    18    18    18    18    18
         18    18    18    18    18    18    18    18    18    18    18    18    18
  89   1000   985   933   835   682  -570  -435  -290    16    16    16    16    16    16    16    16    16    16    16    16
         16    16    16    16    16    16    16    16    16    16    16    16    16    16    16    16    16    16    16    16
         16    16    16    16    16    16    16    16    16    16    16    16
  90   1000   981   915   790  -646  -561  -418    13    13    13    13    13    13    13    13    13    13    13    13    13
         13    13    13    13    13    13    13    13    13    13    13    13    13    13    13    13    13    13    13    13
         13    13    13    13    13    13    13    13    13    13    13
  91   1000   976   891  -710  -696  -564     9     9     9     9     9     9     9     9     9     9     9     9     9     9
          9     9     9     9     9     9     9     9     9     9     9     9     9     9     9     9     9     9     9     9
          9     9     9     9     9     9     9     9     9     9
  92   1000   967  -743  -823  -714     5     5     5     5     5     5     5     5     5     5     5     5     5     5     5
          5     5     5     5     5     5     5     5     5     5     5     5     5     5     5     5     5     5     5     5
          5     5     5     5     5     5     5     5     5
  93   1000  -699  -912  -843     0     0     0     0     0     0     0     0     0     0     0     0     0     0     0     0
          0     0     0     0     0     0     0     0     0     0     0     0     0     0     0     0     0     0     0     0
          0     0     0     0     0     0     0     0
  94   1000   791   692     0     0     0     0     0     0     0     0     0     0     0     0     0     0     0     0     0
          0     0     0     0     0     0     0     0     0     0     0     0     0     0     0     0     0     0     0     0
          0     0     0     0     0     0     0
  95   1000   980     8     8     8     8     8     8     8     8     8     8     8     8     8     8     8     8     8     8
          8     8     8     8     8     8     8     8     8     8     8     8     8     8     8     8     8     8     8     8
          8     8     8     8     8     8
  96   1000    11    11    11    11    11    11    11    11    11    11    11    11    11    11    11    11    11    11    11
         11    11    11    11    11    11    11    11    11    11    11    11    11    11    11    11    11    11    11    11
         11    11    11    11    11
  97   1000  1000  1000  1000  1000  1000  1000  1000  1000  1000  1000  1000  1000  1000  1000  1000  1000  1000  1000  1000
       1000  1000  1000  1000  1000  1000  1000  1000  1000  1000  1000  1000  1000  1000  1000  1000  1000  1000  1000  1000
       1000  1000  1000  1000
  98   1000  1000  1000  1000  1000  1000  1000  1000  1000  1000  1000  1000  1000  1000  1000  1000  1000  1000  1000  1000
       1000  1000  1000  1000  1000  1000  1000  1000  1000  1000  1000  1000  1000  1000  1000  1000  1000  1000  1000  1000
       1000  1000  1000
  99   1000  1000  1000  1000  1000  1000  1000  1000  1000  1000  1000  1000  1000  1000  1000  1000  1000  1000  1000  1000
       1000  1000  1000  1000  1000  1000  1000  1000  1000  1000  1000  1000  1000  1000  1000  1000  1000  1000  1000  1000
       1000  1000
 100   1000  1000  1000  1000  1000  1000  1000  1000  1000  1000  1000  1000  1000  1000  1000  1000  1000  1000  1000  1000
       1000  1000  1000  1000  1000  1000  1000  1000  1000  1000  1000  1000  1000  1000  1000  1000  1000  1000  1000  1000
       1000
 101   1000  1000  1000  1000  1000  1000  1000  1000  1000  1000  1000  1000  1000  1000  1000  1000  1000  1000  1000  1000
       1000  1000  1000  1000  1000  1000  1000  1000  1000  1000  1000  1000  1000  1000  1000  1000  1000  1000  1000  1000
 102   1000  1000  1000  1000  1000  1000  1000  1000  1000  1000  1000  1000  1000  1000  1000  1000  1000  1000  1000  1000
       1000  1000  1000  1000  1000  1000  1000  1000  1000  1000  1000  1000  1000  1000  1000  1000  1000  1000  1000
 103   1000  1000  1000  1000  1000  1000  1000  1000  1000  1000  1000  1000  1000  1000  1000  1000  1000  1000  1000  1000
       1000  1000  1000  1000  1000  1000  1000  1000  1000  1000  1000  1000  1000  1000  1000  1000  1000  1000
 104   1000  1000  1000  1000  1000  1000  1000  1000  1000  1000  1000  1000  1000  1000  1000  1000  1000  1000  1000  1000
       1000  1000  1000  1000  1000  1000  1000  1000  1000  1000  1000  1000  1000  1000  1000  1000  1000
 105   1000  1000  1000  1000  1000  1000  1000  1000  1000  1000  1000  1000  1000  1000  1000  1000  1000  1000  1000  1000
       1000  1000  1000  1000  1000  1000  1000  1000  1000  1000  1000  1000  1000  1000  1000  1000
 106   1000  1000  1000  1000  1000  1000  1000  1000  1000  1000  1000  1000  1000  1000  1000  1000  1000  1000  1000  1000
       1000  1000  1000  1000  1000  1000  1000  1000  1000  1000  1000  1000  1000  1000  1000
 107   1000  1000  1000  1000  1000  1000  1000  1000  1000  1000  1000  1000  1000  1000  1000  1000  1000  1000  1000  1000
       1000  1000  1000  1000  1000  1000  1000  1000  1000  1000  1000  1000  1000  1000
 108   1000  1000  1000  1000  1000  1000  1000  1000  1000  1000  1000  1000  1000  1000  1000  1000  1000  1000  1000  1000
       1000  1000  1000  1000  1000  1000  1000  1000  1000  1000  1000  1000  1000
 109   1000  1000  1000  1000  1000  1000  1000  1000  1000  1000  1000  1000  1000  1000  1000  1000  1000  1000  1000  1000
       1000  1000  1000  1000  1000  1000  1000  1000  1000  1000  1000  1000
 110   1000  1000  1000  1000  1000  1000  1000  1000  1000  1000  1000  1000  1000  1000  1000  1000  1000  1000  1000  1000
       1000  1000  1000  1000  1000  1000  1000  1000  1000  1000  1000
 111   1000  1000  1000  1000  1000  1000  1000  1000  1000  1000  1000  1000  1000  1000  1000  1000  1000  1000  1000  1000
       1000  1000  1000  1000  1000  1000  1000  1000  1000  1000
 112   1000  1000  1000  1000  1000  1000  1000  1000  1000  1000  1000  1000  1000  1000  1000  1000  1000  1000  1000  1000
       1000  1000  1000  1000  1000  1000  1000  1000  1000
 113   1000  1000  1000  1000  1000  1000  1000  1000  1000  1000  1000  1000  1000  1000  1000  1000  1000  1000  1000  1000
       1000  1000  1000  1000  1000  1000  1000  1000
 114   1000  1000  1000  1000  1000  1000  1000  1000  1000  1000  1000  1000  1000  1000  1000  1000  1000  1000  1000  1000
       1000  1000  1000  1000  1000  1000  1000
 115   1000  1000  1000  1000  1000  1000  1000  1000  1000  1000  1000  1000  1000  1000  1000  1000  1000  1000  1000  1000
       1000  1000  1000  1000  1000  1000
 116   1000  1000  1000  1000  1000  1000  1000  1000  1000  1000  1000  1000  1000  1000  1000  1000  1000  1000  1000  1000
       1000  1000  1000  1000  1000
 117   1000  1000  1000  1000  1000  1000  1000  1000  1000  1000  1000  1000  1000  1000  1000  1000  1000  1000  1000  1000
       1000  1000  1000  1000
 118   1000  1000  1000  1000  1000  1000  1000  1000  1000  1000  1000  1000  1000  1000  1000  1000  1000  1000  1000  1000
       1000  1000  1000
 119   1000  1000  1000  1000  1000  1000  1000  1000  1000  1000  1000  1000  1000  1000  1000  1000  1000  1000  1000  1000
       1000  1000
 120   1000  1000  1000  1000  1000  1000  1000  1000  1000  1000  1000  1000  1000  1000  1000  1000  1000  1000  1000  1000
       1000
 121   1000  1000  1000  1000  1000  1000  1000  1000  1000  1000  1000  1000  1000  1000  1000  1000  1000  1000  1000  1000
 122   1000  1000  1000  1000  1000  1000  1000  1000  1000  1000  1000  1000  1000  1000  1000  1000  1000  1000  1000
 123   1000  1000  1000  1000  1000  1000  1000  1000  1000  1000  1000  1000  1000  1000  1000  1000  1000  1000
 124   1000  1000  1000  1000  1000  1000  1000  1000  1000  1000  1000  1000  1000  1000  1000  1000  1000
 125   1000  1000  1000  1000  1000  1000  1000  1000  1000  1000  1000  1000  1000  1000  1000  1000
 126   1000  1000  1000  1000  1000  1000  1000  1000  1000  1000  1000  1000  1000  1000  1000
 127   1000  1000  1000  1000  1000  1000  1000  1000  1000  1000  1000  1000  1000  1000
 128   1000  1000  1000  1000  1000  1000  1000  1000  1000  1000  1000  1000  1000
 129   1000  1000  1000  1000  1000  1000  1000  1000  1000  1000  1000  1000
 130   1000  1000  1000  1000  1000  1000  1000  1000  1000  1000  1000
 131   1000  1000  1000  1000  1000  1000  1000  1000  1000  1000
 132   1000  1000  1000  1000  1000  1000  1000  1000  1000
 133   1000  1000  1000  1000  1000  1000  1000  1000
 134   1000  1000  1000  1000  1000  1000  1000
 135   1000  1000  1000  1000  1000  1000
 136   1000  1000  1000  1000  1000
 137   1000  1000  1000  1000
 138   1000  1000  1000
 139   1000  1000
 140   1000

 Finished!
