NIF_RUN Passive 18x snout on TANDM 90-348 Pinhole
  140    6    1    0    1
   0.00500   9.00000   0.03000   0.00100
   0.0000000   0   0 1.00000000E+00   1.0000000
ZR902    4.147E-14 0.011       0.00       0.00        (    )
IN115N   1.039E-14 0.012       0.00       0.00        (    )
AU197G   2.386E-14 0.012       0.00 AUNG  3.94 IFX    (ISTP)
IN115G   3.612E-14 0.028       0.00 INNG 39.37 IFX    (ISTP)
AU1972   2.606E-13 0.012       0.00       0.00        (    )
AL27A    1.501E-14 0.012       0.00       0.00        (    )
Flux Uncertainty
 140
 0.0000E+00 0.0000E+00 0.0000E+00 0.0000E+00 0.0000E+00 0.0000E+00 0.0000E+00
 0.0000E+00 0.0000E+00 0.0000E+00 0.0000E+00 0.0000E+00 0.0000E+00 0.0000E+00
 9.9970E-01 9.9970E-01 9.9970E-01 9.9970E-01 9.9970E-01 9.9970E-01 9.9970E-01
 9.9970E-01 9.9970E-01 9.9970E-01 9.9970E-01 9.9970E-01 9.9970E-01 9.9970E-01
 9.9970E-01 9.9970E-01 9.9970E-01 9.9970E-01 9.9970E-01 9.9970E-01 9.9970E-01
 9.9970E-01 9.9970E-01 9.9970E-01 9.9970E-01 9.9970E-01 9.9970E-01 9.9970E-01
 9.9970E-01 9.9960E-01 9.9950E-01 9.9910E-01 9.9850E-01 9.9720E-01 9.9440E-01
 9.8950E-01 9.8050E-01 9.6520E-01 9.4070E-01 9.0320E-01 8.4930E-01 7.7590E-01
 6.8220E-01 5.7040E-01 4.4610E-01 3.1900E-01 2.0080E-01 1.0300E-01 3.2500E-02
 1.2500E-02 6.0600E-02 1.4690E-01 2.5760E-01 3.8280E-01 5.1030E-01 6.2940E-01
 7.3260E-01 8.1600E-01 8.7910E-01 9.2400E-01 9.5390E-01 9.7210E-01 9.8170E-01
 9.8440E-01 9.8090E-01 9.7060E-01 9.5190E-01 9.2260E-01 8.8020E-01 8.2260E-01
 7.4900E-01 6.6050E-01 5.6090E-01 4.5560E-01 3.5150E-01 2.5510E-01 1.7040E-01
 9.8200E-02 3.6000E-02 1.0300E-02 6.0700E-02 1.3750E-01 0.0000E+00 0.0000E+00
 0.0000E+00 0.0000E+00 0.0000E+00 0.0000E+00 0.0000E+00 0.0000E+00 0.0000E+00
 0.0000E+00 0.0000E+00 0.0000E+00 0.0000E+00 0.0000E+00 0.0000E+00 0.0000E+00
 0.0000E+00 0.0000E+00 0.0000E+00 0.0000E+00 0.0000E+00 0.0000E+00 0.0000E+00
 0.0000E+00 0.0000E+00 0.0000E+00 0.0000E+00 0.0000E+00 0.0000E+00 0.0000E+00
 0.0000E+00 0.0000E+00 0.0000E+00 0.0000E+00 0.0000E+00 0.0000E+00 0.0000E+00
 0.0000E+00 0.0000E+00 0.0000E+00 0.0000E+00 0.0000E+00 0.0000E+00 0.0000E+00
Input Flux Spectrum
 140   1 1.000E+00 2.000E+01 5.000E-08
 0.0000E+00 0.0000E+00 0.0000E+00 0.0000E+00 0.0000E+00 0.0000E+00 0.0000E+00
 0.0000E+00 0.0000E+00 0.0000E+00 0.0000E+00 0.0000E+00 0.0000E+00 0.0000E+00
 4.2587E-31 4.1920E-31 4.1830E-31 4.2279E-31 4.2839E-31 4.4764E-31 4.6785E-31
 4.7390E-31 4.8255E-31 4.8016E-31 4.7803E-31 4.4609E-31 4.2301E-31 3.8542E-31
 3.4030E-31 3.0137E-31 2.6536E-31 2.3980E-31 2.2932E-31 2.3626E-31 2.6864E-31
 3.5029E-31 5.5513E-31 9.7593E-31 3.5682E-28 7.6694E-28 9.6860E-27 1.0247E-26
 3.3489E-26 2.3403E-25 9.1292E-25 8.5397E-25 5.6498E-26 8.4842E-26 4.5571E-26
 1.3541E-26 4.1397E-27 5.7605E-27 7.2770E-27 5.4726E-25 1.7176E-22 7.5723E-19
 1.8470E-14 5.6727E-10 1.9400E-04 2.3413E+01 3.3425E+05 6.9530E+08 4.7412E+10
 1.3796E+11 1.4504E+10 4.2367E+07 5.3216E+03 3.2570E-02 1.0820E-07 2.1046E-13
 9.0362E-19 2.7446E-24 9.0758E-30 1.4470E-34 3.1942E-39 4.4508E-43 1.0158E-46
 7.3479E-50 7.4816E-53 2.9696E-55 8.7896E-57 4.4964E-57 4.4848E-55 1.1659E-51
 2.4475E-46 2.1587E-39 5.8600E-31 2.0561E-21 6.7366E-12 1.6909E-03 6.1580E+03
 2.0475E+08 2.6528E+10 9.4414E+10 1.7177E+06 2.5617E-04 0.0000E+00 0.0000E+00
 0.0000E+00 0.0000E+00 0.0000E+00 0.0000E+00 0.0000E+00 0.0000E+00 0.0000E+00
 0.0000E+00 0.0000E+00 0.0000E+00 0.0000E+00 0.0000E+00 0.0000E+00 0.0000E+00
 0.0000E+00 0.0000E+00 0.0000E+00 0.0000E+00 0.0000E+00 0.0000E+00 0.0000E+00
 0.0000E+00 0.0000E+00 0.0000E+00 0.0000E+00 0.0000E+00 0.0000E+00 0.0000E+00
 0.0000E+00 0.0000E+00 0.0000E+00 0.0000E+00 0.0000E+00 0.0000E+00 0.0000E+00
 0.0000E+00 0.0000E+00 0.0000E+00 0.0000E+00 0.0000E+00 0.0000E+00 0.0000E+00
   10   13   28   11    8    5    8    7   10   40



                         ==============================
                               STAYSL PNNL OUTPUT
                         ==============================

 STAYSL PNNL, version 1.2.0, 2015-08-05


 SCENARIO TITLE: NIF_RUN Passive 18x snout on TANDM 90-348 Pinhole
 -------------------------------------------------------------------------------
  NGROUP =   140    NRXN =     6    ACTIVITY NORM = 1.00000E+00

  COVARIANCE PARAMETERS (FCHN, FCVX, ACVX, FS)
    FLUXES:      WIDTH =  9.0000E+00   LONG RANGE COVAR. =  3.0000E-02
            ACTIVITIES =  5.0000E-03   X-SECT CROSS COR. =  1.0000E-03

    DETERM =   7.7458 × 10^  -2.00      ERROR =   1.3878E-18

  INPUT NORMALIZATION DATA
    AK1   =     0.00000     VAK        =     0.00090
    NORML =           0     RENORM     = 9.75854E-01
    CHI²  =    40.96650     NORM. CHI² =     8.19330

  DOSIMETRY ACTIVITIES
     ———— INPUTS —————  -UNADJUSTED FLUX-  — ADJUSTED FLUX —    CHI²  90% ACTIVITIES RANGE
 RXN  MEASURED     ±%   ACTIVITY    %DIFF  ACTIVITY    %DIFF  CONTRIB --LOW E-- --HIGH E--   REACTION          CVR
  1  4.147E-14    1.10  4.093E-14   -1.30  4.191E-14    1.06   -0.743  1.20E+01  1.30E+01  ZR90(N,2N)ZR89          
  2  1.039E-14    1.20  1.180E-14   13.57  1.210E-14   16.42   14.574  5.50E-01  1.30E+01  IN115(N,N')IN115M       
  3  2.386E-14    1.20  2.352E-14   -1.41  2.409E-14    0.95   -0.760  5.00E-01  6.00E-01  AU197(N,G)AU198         
  4  3.612E-14    2.80  3.139E-14  -13.08  3.214E-14  -11.01   11.032  5.00E-01  6.00E-01  IN115(N,G)IN116M        
  5  2.606E-13    1.20  2.382E-13   -8.59  2.441E-13   -6.33   16.766  1.20E+01  1.30E+01  AU197(N,2N)AU196        
  6  1.501E-14    1.20  1.462E-14   -2.63  1.498E-14   -0.22    0.099  1.20E+01  1.30E+01  AL27(N,A)NA24           

             % STD. DEV.  =          9.38               9.30

                              CHECK INPUT, IT IS RATHER UNLIKELY !
                                   *** BEWARE OF OUTPUT ! ***


  DIFFERENTIAL FLUXES (input is normalized by a factor of 9.7585E-01)
                  —————— DIFFERENTIAL FLUX —————   ———— STD. DEV. % ————   INTEGRAL
 GRP    ENERGY        NEW         OLD      RATIO    NEW     OLD    RATIO   FLUX > E     ± %
  15  2.8000E-06  2.9276E-25  2.8661E-25   1.021   99.93   99.97   1.000  3.2160E+11    0.97
  16  4.2500E-06  2.0383E-25  1.9955E-25   1.021   99.93   99.97   1.000  3.2160E+11    0.97
  17  6.3000E-06  1.4378E-25  1.4076E-25   1.021   99.93   99.97   1.000  3.2160E+11    0.97
  18  9.2000E-06  9.8006E-26  9.5949E-26   1.021   99.93   99.97   1.000  3.2160E+11    0.97
  19  1.3500E-05  5.6934E-26  5.5739E-26   1.021   99.93   99.97   1.000  3.2160E+11    0.97
  20  2.1000E-05  4.9577E-26  4.8537E-26   1.021   99.93   99.97   1.000  3.2160E+11    0.97
  21  3.0000E-05  3.1089E-26  3.0437E-26   1.021   99.93   99.97   1.000  3.2160E+11    0.97
  22  4.5000E-05  1.9682E-26  1.9269E-26   1.021   99.93   99.97   1.000  3.2160E+11    0.97
  23  6.9000E-05  1.5516E-26  1.5190E-26   1.021   99.93   99.97   1.000  3.2160E+11    0.97
  24  1.0000E-04  1.3675E-26  1.3388E-26   1.021   99.93   99.97   1.000  3.2160E+11    0.97
  25  1.3500E-04  1.3614E-26  1.3328E-26   1.021   99.93   99.97   1.000  3.2160E+11    0.97
  26  1.7000E-04  8.8930E-27  8.7064E-27   1.021   99.93   99.97   1.000  3.2160E+11    0.97
  27  2.2000E-04  7.0274E-27  6.8799E-27   1.021   99.93   99.97   1.000  3.2160E+11    0.97
  28  2.8000E-04  4.8022E-27  4.7014E-27   1.021   99.93   99.97   1.000  3.2160E+11    0.97
  29  3.6000E-04  3.7689E-27  3.6898E-27   1.021   99.93   99.97   1.000  3.2160E+11    0.97
  30  4.5000E-04  2.4032E-27  2.3527E-27   1.021   99.93   99.97   1.000  3.2160E+11    0.97
  31  5.7500E-04  1.4298E-27  1.3997E-27   1.021   99.93   99.97   1.000  3.2160E+11    0.97
  32  7.6000E-04  1.1951E-27  1.1700E-27   1.021   99.93   99.97   1.000  3.2160E+11    0.97
  33  9.6000E-04  7.2565E-28  7.1042E-28   1.021   99.93   99.97   1.000  3.2160E+11    0.97
  34  1.2750E-03  7.2461E-28  7.0940E-28   1.021   99.93   99.97   1.000  3.2160E+11    0.97
  35  1.6000E-03  6.6943E-28  6.5538E-28   1.021   99.93   99.97   1.000  3.2160E+11    0.97
  36  2.0000E-03  4.9880E-28  4.8833E-28   1.021   99.93   99.97   1.000  3.2160E+11    0.97
  37  2.7000E-03  7.9050E-28  7.7389E-28   1.021   99.93   99.97   1.000  3.2160E+11    0.97
  38  3.4000E-03  8.8438E-28  8.6579E-28   1.021   99.93   99.97   1.000  3.2160E+11    0.97
  39  4.5000E-03  3.5569E-25  3.4820E-25   1.022   99.93   99.97   1.000  3.2160E+11    0.97
  40  5.5000E-03  4.4974E-25  4.4025E-25   1.022   99.93   99.97   1.000  3.2160E+11    0.97
  41  7.2000E-03  4.8284E-24  4.7261E-24   1.022   99.93   99.97   1.000  3.2160E+11    0.97
  42  9.2000E-03  3.6492E-24  3.5713E-24   1.022   99.93   99.97   1.000  3.2160E+11    0.97
  43  1.2000E-02  1.1134E-23  1.0893E-23   1.022   99.93   99.97   1.000  3.2160E+11    0.97
  44  1.5000E-02  5.8377E-23  5.7095E-23   1.022   99.92   99.96   1.000  3.2160E+11    0.97
  45  1.9000E-02  1.4022E-22  1.3706E-22   1.023   99.90   99.95   1.000  3.2160E+11    0.97
  46  2.5500E-02  1.3128E-22  1.2821E-22   1.024   99.85   99.91   0.999  3.2160E+11    0.97
  47  3.2000E-02  7.0660E-24  6.8917E-24   1.025   99.77   99.85   0.999  3.2160E+11    0.97
  48  4.0000E-02  6.8034E-24  6.6235E-24   1.027   99.60   99.72   0.999  3.2160E+11    0.97
  49  5.2500E-02  3.3920E-24  3.2941E-24   1.030   99.24   99.44   0.998  3.2160E+11    0.97
  50  6.6000E-02  6.2051E-25  6.0064E-25   1.033   98.60   98.95   0.997  3.2160E+11    0.97
  51  8.8000E-02  1.9049E-25  1.8362E-25   1.037   97.46   98.05   0.994  3.2160E+11    0.97
  52  1.1000E-01  2.3443E-25  2.2486E-25   1.043   95.51   96.52   0.990  3.2160E+11    0.97
  53  1.3500E-01  2.9783E-25  2.8405E-25   1.049   92.43   94.08   0.983  3.2160E+11    0.97
  54  1.6000E-01  1.8777E-23  1.7802E-23   1.055   87.77   90.33   0.972  3.2160E+11    0.97
  55  1.9000E-01  5.9264E-21  5.5871E-21   1.061   81.19   84.94   0.956  3.2160E+11    0.97
  56  2.2000E-01  2.2492E-17  2.1113E-17   1.065   72.48   77.61   0.934  3.2160E+11    0.97
  57  2.5500E-01  5.4970E-13  5.1497E-13   1.067   61.75   68.26   0.905  3.2160E+11    0.97
  58  2.9000E-01  1.9674E-08  1.8452E-08   1.066   49.56   57.09   0.868  3.2160E+11    0.97
  59  3.2000E-01  5.0226E-03  4.7329E-03   1.061   36.85   44.69   0.824  3.2160E+11    0.97
  60  3.6000E-01  6.0145E+02  5.7119E+02   1.053   24.80   32.03   0.774  3.2160E+11    0.97
  61  4.0000E-01  6.8036E+06  6.5236E+06   1.043   14.54   20.29   0.717  3.2160E+11    0.97
  62  4.5000E-01  1.4019E+10  1.3570E+10   1.033    6.81   10.72   0.635  3.2160E+11    0.97
  63  5.0000E-01  9.4868E+11  9.2534E+11   1.025    1.90    4.42   0.429  3.2089E+11    0.97
  64  5.5000E-01  2.7542E+12  2.6926E+12   1.023    1.11    3.25   0.340  2.7346E+11    0.89
  65  6.0000E-01  2.4260E+11  2.3590E+11   1.028    3.74    6.76   0.553  1.3575E+11    0.95
  66  6.6000E-01  7.1498E+08  6.8907E+08   1.038   10.20   14.99   0.680  1.2119E+11    0.97
  67  7.2000E-01  9.0702E+04  8.6552E+04   1.048   19.35   25.92   0.746  1.2115E+11    0.97
  68  7.8000E-01  5.6013E-01  5.2973E-01   1.057   30.70   38.38   0.800  1.2115E+11    0.97
  69  8.4000E-01  1.4045E-06  1.3198E-06   1.064   43.27   51.10   0.847  1.2115E+11    0.97
  70  9.2000E-01  2.7399E-12  2.5672E-12   1.067   55.88   62.98   0.887  1.2115E+11    0.97
  71  1.0000E+00  4.7035E-18  4.4090E-18   1.067   67.44   73.29   0.920  1.2115E+11    0.97
  72  1.2000E+00  1.4242E-23  1.3392E-23   1.063   77.20   81.62   0.946  1.2115E+11    0.97
  73  1.4000E+00  4.6872E-29  4.4283E-29   1.058   84.82   87.92   0.965  1.2115E+11    0.97
  74  1.6000E+00  7.4336E-34  7.0603E-34   1.053   90.38   92.41   0.978  1.2115E+11    0.97
  75  1.8000E+00  1.6328E-38  1.5585E-38   1.048   94.15   95.39   0.987  1.2115E+11    0.97
  76  2.0000E+00  1.5108E-42  1.4478E-42   1.044   96.49   97.21   0.993  1.2115E+11    0.97
  77  2.3000E+00  3.4394E-46  3.3042E-46   1.041   97.77   98.17   0.996  1.2115E+11    0.97
  78  2.6000E+00  2.4860E-49  2.3902E-49   1.040   98.20   98.44   0.998  1.2115E+11    0.97
  79  2.9000E+00  1.9006E-52  1.8252E-52   1.041   97.89   98.09   0.998  1.2115E+11    0.97
  80  3.3000E+00  7.5670E-55  7.2447E-55   1.044   96.79   97.06   0.997  1.2115E+11    0.97
  81  3.7000E+00  2.2509E-56  2.1443E-56   1.050   94.74   95.19   0.995  1.2115E+11    0.97
  82  4.1000E+00  1.1591E-56  1.0970E-56   1.057   91.50   92.27   0.992  1.2115E+11    0.97
  83  4.5000E+00  9.3192E-55  8.7530E-55   1.065   86.79   88.03   0.986  1.2115E+11    0.97
  84  5.0000E+00  2.4416E-51  2.2755E-51   1.073   80.41   82.28   0.977  1.2115E+11    0.97
  85  5.5000E+00  5.1602E-46  4.7768E-46   1.080   72.29   74.93   0.965  1.2115E+11    0.97
  86  6.0000E+00  3.2654E-39  3.0094E-39   1.085   62.65   66.09   0.948  1.2115E+11    0.97
  87  6.7000E+00  8.8737E-31  8.1693E-31   1.086   51.98   56.14   0.926  1.2115E+11    0.97
  88  7.4000E+00  2.7163E-21  2.5081E-21   1.083   41.00   45.64   0.898  1.2115E+11    0.97
  89  8.2000E+00  8.8396E-12  8.2174E-12   1.076   30.51   35.26   0.865  1.2115E+11    0.97
  90  9.0000E+00  1.7579E-03  1.6501E-03   1.065   21.21   25.67   0.826  1.2115E+11    0.97
  91  1.0000E+01  6.3297E+03  6.0093E+03   1.053   13.44   17.29   0.777  1.2115E+11    0.97
  92  1.1000E+01  2.0798E+08  1.9981E+08   1.041    7.18   10.26   0.700  1.2115E+11    0.97
  93  1.2000E+01  2.6634E+10  2.5887E+10   1.029    2.16    4.68   0.461  1.2094E+11    0.96
  94  1.3000E+01  9.4306E+10  9.2134E+10   1.024    0.92    3.17   0.289  9.4308E+10    0.92
  95  1.4000E+01  1.7330E+06  1.6762E+06   1.034    4.16    6.77   0.614  1.7330E+06    4.16
  96  1.5000E+01  2.6210E-04  2.4998E-04   1.048   10.70   14.07   0.761  2.6210E-04   10.70
      1.6000E+01

  INTEGRALS OF SPECTRA
    OLD SPECTRUM   3.1399E+11   ±    3.325 %
    NEW SPECTRUM   3.2160E+11   ±    0.973 %

  SUMMARY OF BROAD-GROUP FLUXES, FLUENCES, AND UNCERTAINTIES

    IRRAD TIME [S] = 1.00000000E+00   ACT NORM =  1.00000000E+00

       ENERGY       FLUX       FLUENCE      STDEV %
      thermal    0.0000E+00  0.0000E+00  ±   0.00     (0.100 meV – 0.550  eV)
     epithermal  2.2579E-24  2.2579E-24  ±  98.25     (0.550  eV – 110.0 keV)
        fast     3.2160E+11  3.2160E+11  ±   0.97     (110.0 keV –  20.0 MeV)
        fast     1.2115E+11  1.2115E+11  ±   0.97     (  1.0 MeV –  20.0 MeV)
        high     0.0000E+00  0.0000E+00  ±   0.00     ( 20.0 MeV –  60.0 MeV)

    MINI-SPECTRUM

       ENERGY       FLUX       FLUENCE      STDEV %
     1.0000E-10  0.0000E+00  0.0000E+00  ±   0.00
     5.5000E-07  3.9736E-30  3.9736E-30  ±  92.75
     1.0000E-04  2.2579E-24  2.2579E-24  ±  98.25
     1.1000E-01  7.0129E+08  7.0129E+08  ±   6.82
     5.0000E-01  1.9974E+11  1.9974E+11  ±   1.30
     1.0000E+00  9.4071E-19  9.4071E-19  ±  67.44
     2.0000E+00  4.5333E-43  4.5333E-43  ±  96.49
     5.0000E+00  1.7579E-03  1.7579E-03  ±  21.21
     1.0000E+01  1.2115E+11  1.2115E+11  ±   0.97
     2.0000E+01  0.0000E+00  0.0000E+00  ±   0.00
     6.0000E+01

       TOTAL     3.2160E+11  3.2160E+11  ±   0.97

    RELATIVE COVARIANCES (10×10)
        0     0     0     0     0     0     0     0     0     0
     1000     1    -4     6    -2     0    -7     6     0
     1000    37    12    -7    -2    -1     4     0
     1000   608   119     1   252   -52     0
     1000   234    68  -157   256     0
     1000   754   144   -42     0
     1000   130     0     0
     1000   326     0
     1000     0
        0

  SPECTRAL-AVERAGED REACTION RATES (for all cross section library reactions)

        REACTIONS        SIG-PHI      <SIG>          REACTIONS        SIG-PHI      <SIG>          REACTIONS        SIG-PHI      <SIG>  
   ------------------  ----------  ----------   ------------------  ----------  ----------   ------------------  ----------  ----------
   LI6(N,A)T           7.0585E-14  2.1948E-25   FE58(N,G)FE59       8.7246E-16  2.7129E-27   IN115(N,N')IN115M   1.2096E-14  3.7611E-26
   B10(N,A)LI7         1.3370E-13  4.1573E-25   CO59(N,2N)CO58      6.7676E-14  2.1044E-25   IN115(N,2N)IN114M   1.4854E-13  4.6189E-25
   F19(N,2N)F18        2.8014E-15  8.7109E-27   CO59(N,3N)CO57      0.0000E+00  0.0000E+00   IN115(N,G)IN116M    3.2227E-14  1.0021E-25
   NA23(N,2N)NA22      6.4408E-16  2.0028E-27   CO59(N,G)CO60       1.5198E-15  4.7257E-27   I127(N,2N)I126      1.6562E-13  5.1498E-25
   NA23(N,G)NA24       8.9369E-17  2.7789E-28   CO59(N,P)FE59       6.5017E-15  2.0217E-26   LA139(N,G)LA140     1.4514E-15  4.5131E-27
   MG24(N,P)NA24       2.3391E-14  7.2733E-26   CO59(N,A)MN56       3.5524E-15  1.1046E-26   PR141(N,2N)PR140    1.8258E-13  5.6774E-25
   AL27(N,P)MG27       1.0430E-14  3.2432E-26   NI58(N,2N)NI57      1.1674E-15  3.6302E-27   TM169(N,2N)TM168    2.3422E-13  7.2832E-25
   AL27(N,A)NA24       1.4977E-14  4.6571E-26   NI58(N,P)CO58       5.3414E-14  1.6609E-25   TM169(N,3N)TM167    3.5648E-23  1.1085E-34
   SI28(N,P)AL28       3.2959E-14  1.0248E-25   NI60(N,P)CO60       1.8818E-14  5.8513E-26   TA181(N,G)TA182     2.4497E-14  7.6172E-26
   P31(N,P)SI31        1.2539E-14  3.8990E-26   CU63(N,2N)CU62      3.7205E-14  1.1569E-25   W186(N,G)W187       9.5889E-15  2.9817E-26
   S32(N,P)P32         3.5630E-14  1.1079E-25   CU63(N,G)CU64       3.2173E-15  1.0004E-26   AU197(N,2N)AU196    2.4410E-13  7.5903E-25
   TI46(N,2N)TI45      1.7732E-16  5.5139E-28   CU63(N,A)CO60       5.6870E-15  1.7684E-26   AU197(N,G)AU198     2.4086E-14  7.4894E-26
   TI46(N,P)SC46       3.3879E-14  1.0535E-25   CU65(N,2N)CU64      9.0699E-14  2.8203E-25   HG199(N,N')HG199M   2.4050E-14  7.4785E-26
   TI47(N,P)SC47       1.6917E-14  5.2603E-26   ZN64(N,P)CU64       2.5018E-14  7.7792E-26   PB204(N,N')PB204M   1.1661E-14  3.6258E-26
   TI47(N,X)SC46       2.2496E-15  6.9952E-27   ZN67(N,P)CU67       3.7325E-15  1.1606E-26   BI209(N,3N)BI207    1.0276E-21  3.1953E-33
   TI48(N,P)SC48       7.2585E-15  2.2570E-26   AS75(N,2N)AS74      9.6209E-14  2.9916E-25   TH232(N,FISSION)    3.9244E-14  1.2203E-25
   TI48(N,X)SC47       3.2367E-16  1.0064E-27   Y89(N,2N)Y88        6.9635E-14  2.1653E-25   TH232(N,G)TH233     3.2210E-14  1.0016E-25
   TI49(N,X)SC48       1.8626E-16  5.7917E-28   ZR90(N,2N)ZR89      4.1908E-14  1.3031E-25   U235(N,FISSION)     4.6051E-13  1.4319E-24
   V51(N,A)SC48        1.5596E-15  4.8495E-27   NB93(N,G)NB94       1.0432E-14  3.2439E-26   U235(N,G)U236       3.0150E-14  9.3751E-26
   CR52(N,2N)CR51      1.5876E-14  4.9366E-26   NB93(N,N')NB93M     8.9241E-15  2.7749E-26   U238(N,2N)U237      1.4825E-13  4.6099E-25
   MN55(N,2N)MN54      7.0438E-14  2.1903E-25   NB93(N,2N)NB92M     5.3882E-14  1.6755E-25   U238(N,FISSION)     1.2858E-13  3.9983E-25
   MN55(N,G)MN56       8.6536E-16  2.6908E-27   MO92(N,P)NB92M      1.0744E-14  3.3408E-26   U238(N,G)U239       2.2512E-14  7.0000E-26
   FE54(N,2N)FE53      1.7232E-17  5.3583E-29   RH103(N,N')RH103M   8.6491E-14  2.6894E-25   NP237(N,FISSION)    3.9574E-13  1.2306E-24
   FE54(N,P)MN54       4.8390E-14  1.5047E-25   AG109(N,G)AG110M    3.4469E-15  1.0718E-26   PU239(N,FISSION)    6.0231E-13  1.8729E-24
   FE54(N,A)CR51       9.9338E-15  3.0889E-26   IN113(N,N')IN113M   9.8237E-15  3.0547E-26   AM241(N,FISSION)    3.4374E-13  1.0689E-24
   FE56(N,P)MN56       1.3834E-14  4.3016E-26   IN113(N,G)IN114M    4.3607E-14  1.3559E-25   SC45(N,G)SC46       1.6066E-15  4.9956E-27

  INPUT FLUX REL. CORRELATION MATRIX (by row from diagonal)
   1   1000  1000  1000  1000  1000  1000  1000  1000  1000  1000  1000  1000  1000  1000    30    30    30    30    30    30
         30    30    30    30    30    30    30    30    30    30    30    30    30    30    30    30    30    30    30    30
         30    30    30    30    30    30    30    30    30    30    31    31    32    33    35    39    44    53    67    94
        148   280   678   923   444   200   116    78    59    48    41    37    34    32    31    31    31    30    31    31
         32    33    34    36    40    45    53    66    85   117   173   292   640   946   443   213  1000  1000  1000  1000
       1000  1000  1000  1000  1000  1000  1000  1000  1000  1000  1000  1000  1000  1000  1000  1000  1000  1000  1000  1000
       1000  1000  1000  1000  1000  1000  1000  1000  1000  1000  1000  1000  1000  1000  1000  1000  1000  1000  1000  1000

  OUTPUT FLUX REL. CORRELATION MATRIX (by row from diagonal)
   1   1000  1000  1000  1000  1000  1000  1000  1000  1000  1000  1000  1000  1000  1000    13    13    13    13    13    13
         13    13    13    13    13    13    13    13    13    13    13    13    13    13    13    13    13    13    13    13
         12    12    11    10     8     5     1    -5   -13   -24   -39   -57   -80  -108  -141  -179  -221  -268  -316  -362
       -392  -365    41   759  -257  -390  -381  -341  -293  -245  -201  -162  -128   -99   -77   -61   -51   -47   -51   -61
        -78  -104  -136  -177  -226  -281  -343  -409  -475  -537  -584  -592  -362   780  -520  -580  1000  1000  1000  1000
       1000  1000  1000  1000  1000  1000  1000  1000  1000  1000  1000  1000  1000  1000  1000  1000  1000  1000  1000  1000
       1000  1000  1000  1000  1000  1000  1000  1000  1000  1000  1000  1000  1000  1000  1000  1000  1000  1000  1000  1000
   2   1000  1000  1000  1000  1000  1000  1000  1000  1000  1000  1000  1000  1000    13    13    13    13    13    13    13
         13    13    13    13    13    13    13    13    13    13    13    13    13    13    13    13    13    13    13    12
         12    11    10     8     5     1    -5   -13   -24   -39   -57   -80  -108  -141  -179  -221  -268  -316  -362  -392
       -365    41   759  -257  -390  -381  -341  -293  -245  -201  -162  -128   -99   -77   -61   -51   -47   -51   -61   -78
       -104  -136  -177  -226  -281  -343  -409  -475  -537  -584  -592  -362   780  -520  -580  1000  1000  1000  1000  1000
       1000  1000  1000  1000  1000  1000  1000  1000  1000  1000  1000  1000  1000  1000  1000  1000  1000  1000  1000  1000
       1000  1000  1000  1000  1000  1000  1000  1000  1000  1000  1000  1000  1000  1000  1000  1000  1000  1000  1000
   3   1000  1000  1000  1000  1000  1000  1000  1000  1000  1000  1000  1000    13    13    13    13    13    13    13    13
         13    13    13    13    13    13    13    13    13    13    13    13    13    13    13    13    13    13    12    12
         11    10     8     5     1    -5   -13   -24   -39   -57   -80  -108  -141  -179  -221  -268  -316  -362  -392  -365
         41   759  -257  -390  -381  -341  -293  -245  -201  -162  -128   -99   -77   -61   -51   -47   -51   -61   -78  -104
       -136  -177  -226  -281  -343  -409  -475  -537  -584  -592  -362   780  -520  -580  1000  1000  1000  1000  1000  1000
       1000  1000  1000  1000  1000  1000  1000  1000  1000  1000  1000  1000  1000  1000  1000  1000  1000  1000  1000  1000
       1000  1000  1000  1000  1000  1000  1000  1000  1000  1000  1000  1000  1000  1000  1000  1000  1000  1000
   4   1000  1000  1000  1000  1000  1000  1000  1000  1000  1000  1000    13    13    13    13    13    13    13    13    13
         13    13    13    13    13    13    13    13    13    13    13    13    13    13    13    13    13    12    12    11
         10     8     5     1    -5   -13   -24   -39   -57   -80  -108  -141  -179  -221  -268  -316  -362  -392  -365    41
        759  -257  -390  -381  -341  -293  -245  -201  -162  -128   -99   -77   -61   -51   -47   -51   -61   -78  -104  -136
       -177  -226  -281  -343  -409  -475  -537  -584  -592  -362   780  -520  -580  1000  1000  1000  1000  1000  1000  1000
       1000  1000  1000  1000  1000  1000  1000  1000  1000  1000  1000  1000  1000  1000  1000  1000  1000  1000  1000  1000
       1000  1000  1000  1000  1000  1000  1000  1000  1000  1000  1000  1000  1000  1000  1000  1000  1000
   5   1000  1000  1000  1000  1000  1000  1000  1000  1000  1000    13    13    13    13    13    13    13    13    13    13
         13    13    13    13    13    13    13    13    13    13    13    13    13    13    13    13    12    12    11    10
          8     5     1    -5   -13   -24   -39   -57   -80  -108  -141  -179  -221  -268  -316  -362  -392  -365    41   759
       -257  -390  -381  -341  -293  -245  -201  -162  -128   -99   -77   -61   -51   -47   -51   -61   -78  -104  -136  -177
       -226  -281  -343  -409  -475  -537  -584  -592  -362   780  -520  -580  1000  1000  1000  1000  1000  1000  1000  1000
       1000  1000  1000  1000  1000  1000  1000  1000  1000  1000  1000  1000  1000  1000  1000  1000  1000  1000  1000  1000
       1000  1000  1000  1000  1000  1000  1000  1000  1000  1000  1000  1000  1000  1000  1000  1000
   6   1000  1000  1000  1000  1000  1000  1000  1000  1000    13    13    13    13    13    13    13    13    13    13    13
         13    13    13    13    13    13    13    13    13    13    13    13    13    13    13    12    12    11    10     8
          5     1    -5   -13   -24   -39   -57   -80  -108  -141  -179  -221  -268  -316  -362  -392  -365    41   759  -257
       -390  -381  -341  -293  -245  -201  -162  -128   -99   -77   -61   -51   -47   -51   -61   -78  -104  -136  -177  -226
       -281  -343  -409  -475  -537  -584  -592  -362   780  -520  -580  1000  1000  1000  1000  1000  1000  1000  1000  1000
       1000  1000  1000  1000  1000  1000  1000  1000  1000  1000  1000  1000  1000  1000  1000  1000  1000  1000  1000  1000
       1000  1000  1000  1000  1000  1000  1000  1000  1000  1000  1000  1000  1000  1000  1000
   7   1000  1000  1000  1000  1000  1000  1000  1000    13    13    13    13    13    13    13    13    13    13    13    13
         13    13    13    13    13    13    13    13    13    13    13    13    13    13    12    12    11    10     8     5
          1    -5   -13   -24   -39   -57   -80  -108  -141  -179  -221  -268  -316  -362  -392  -365    41   759  -257  -390
       -381  -341  -293  -245  -201  -162  -128   -99   -77   -61   -51   -47   -51   -61   -78  -104  -136  -177  -226  -281
       -343  -409  -475  -537  -584  -592  -362   780  -520  -580  1000  1000  1000  1000  1000  1000  1000  1000  1000  1000
       1000  1000  1000  1000  1000  1000  1000  1000  1000  1000  1000  1000  1000  1000  1000  1000  1000  1000  1000  1000
       1000  1000  1000  1000  1000  1000  1000  1000  1000  1000  1000  1000  1000  1000
   8   1000  1000  1000  1000  1000  1000  1000    13    13    13    13    13    13    13    13    13    13    13    13    13
         13    13    13    13    13    13    13    13    13    13    13    13    13    12    12    11    10     8     5     1
         -5   -13   -24   -39   -57   -80  -108  -141  -179  -221  -268  -316  -362  -392  -365    41   759  -257  -390  -381
       -341  -293  -245  -201  -162  -128   -99   -77   -61   -51   -47   -51   -61   -78  -104  -136  -177  -226  -281  -343
       -409  -475  -537  -584  -592  -362   780  -520  -580  1000  1000  1000  1000  1000  1000  1000  1000  1000  1000  1000
       1000  1000  1000  1000  1000  1000  1000  1000  1000  1000  1000  1000  1000  1000  1000  1000  1000  1000  1000  1000
       1000  1000  1000  1000  1000  1000  1000  1000  1000  1000  1000  1000  1000
   9   1000  1000  1000  1000  1000  1000    13    13    13    13    13    13    13    13    13    13    13    13    13    13
         13    13    13    13    13    13    13    13    13    13    13    13    12    12    11    10     8     5     1    -5
        -13   -24   -39   -57   -80  -108  -141  -179  -221  -268  -316  -362  -392  -365    41   759  -257  -390  -381  -341
       -293  -245  -201  -162  -128   -99   -77   -61   -51   -47   -51   -61   -78  -104  -136  -177  -226  -281  -343  -409
       -475  -537  -584  -592  -362   780  -520  -580  1000  1000  1000  1000  1000  1000  1000  1000  1000  1000  1000  1000
       1000  1000  1000  1000  1000  1000  1000  1000  1000  1000  1000  1000  1000  1000  1000  1000  1000  1000  1000  1000
       1000  1000  1000  1000  1000  1000  1000  1000  1000  1000  1000  1000
  10   1000  1000  1000  1000  1000    13    13    13    13    13    13    13    13    13    13    13    13    13    13    13
         13    13    13    13    13    13    13    13    13    13    13    12    12    11    10     8     5     1    -5   -13
        -24   -39   -57   -80  -108  -141  -179  -221  -268  -316  -362  -392  -365    41   759  -257  -390  -381  -341  -293
       -245  -201  -162  -128   -99   -77   -61   -51   -47   -51   -61   -78  -104  -136  -177  -226  -281  -343  -409  -475
       -537  -584  -592  -362   780  -520  -580  1000  1000  1000  1000  1000  1000  1000  1000  1000  1000  1000  1000  1000
       1000  1000  1000  1000  1000  1000  1000  1000  1000  1000  1000  1000  1000  1000  1000  1000  1000  1000  1000  1000
       1000  1000  1000  1000  1000  1000  1000  1000  1000  1000  1000
  11   1000  1000  1000  1000    13    13    13    13    13    13    13    13    13    13    13    13    13    13    13    13
         13    13    13    13    13    13    13    13    13    13    12    12    11    10     8     5     1    -5   -13   -24
        -39   -57   -80  -108  -141  -179  -221  -268  -316  -362  -392  -365    41   759  -257  -390  -381  -341  -293  -245
       -201  -162  -128   -99   -77   -61   -51   -47   -51   -61   -78  -104  -136  -177  -226  -281  -343  -409  -475  -537
       -584  -592  -362   780  -520  -580  1000  1000  1000  1000  1000  1000  1000  1000  1000  1000  1000  1000  1000  1000
       1000  1000  1000  1000  1000  1000  1000  1000  1000  1000  1000  1000  1000  1000  1000  1000  1000  1000  1000  1000
       1000  1000  1000  1000  1000  1000  1000  1000  1000  1000
  12   1000  1000  1000    13    13    13    13    13    13    13    13    13    13    13    13    13    13    13    13    13
         13    13    13    13    13    13    13    13    13    12    12    11    10     8     5     1    -5   -13   -24   -39
        -57   -80  -108  -141  -179  -221  -268  -316  -362  -392  -365    41   759  -257  -390  -381  -341  -293  -245  -201
       -162  -128   -99   -77   -61   -51   -47   -51   -61   -78  -104  -136  -177  -226  -281  -343  -409  -475  -537  -584
       -592  -362   780  -520  -580  1000  1000  1000  1000  1000  1000  1000  1000  1000  1000  1000  1000  1000  1000  1000
       1000  1000  1000  1000  1000  1000  1000  1000  1000  1000  1000  1000  1000  1000  1000  1000  1000  1000  1000  1000
       1000  1000  1000  1000  1000  1000  1000  1000  1000
  13   1000  1000    13    13    13    13    13    13    13    13    13    13    13    13    13    13    13    13    13    13
         13    13    13    13    13    13    13    13    12    12    11    10     8     5     1    -5   -13   -24   -39   -57
        -80  -108  -141  -179  -221  -268  -316  -362  -392  -365    41   759  -257  -390  -381  -341  -293  -245  -201  -162
       -128   -99   -77   -61   -51   -47   -51   -61   -78  -104  -136  -177  -226  -281  -343  -409  -475  -537  -584  -592
       -362   780  -520  -580  1000  1000  1000  1000  1000  1000  1000  1000  1000  1000  1000  1000  1000  1000  1000  1000
       1000  1000  1000  1000  1000  1000  1000  1000  1000  1000  1000  1000  1000  1000  1000  1000  1000  1000  1000  1000
       1000  1000  1000  1000  1000  1000  1000  1000
  14   1000    13    13    13    13    13    13    13    13    13    13    13    13    13    13    13    13    13    13    13
         13    13    13    13    13    13    13    12    12    11    10     8     5     1    -5   -13   -24   -39   -57   -80
       -108  -141  -179  -221  -268  -316  -362  -392  -365    41   759  -257  -390  -381  -341  -293  -245  -201  -162  -128
        -99   -77   -61   -51   -47   -51   -61   -78  -104  -136  -177  -226  -281  -343  -409  -475  -537  -584  -592  -362
        780  -520  -580  1000  1000  1000  1000  1000  1000  1000  1000  1000  1000  1000  1000  1000  1000  1000  1000  1000
       1000  1000  1000  1000  1000  1000  1000  1000  1000  1000  1000  1000  1000  1000  1000  1000  1000  1000  1000  1000
       1000  1000  1000  1000  1000  1000  1000
  15   1000   988   952   895   821   734   641   546   454   368   291   225   169   124    89    62    43    28    18    12
          7     4     3     2     1     1     0     0     0     0     0     0     0     0     0     0     0     0     0     0
         -1    -1    -2    -3    -3    -4    -4    -4     1    10    -2    -4    -4    -4    -3    -2    -2    -1    -1     0
          0     0     0     0     0     0     0     0    -1    -1    -2    -3    -4    -4    -5    -6    -7    -7    -4    10
         -6    -7    13    13    13    13    13    13    13    13    13    13    13    13    13    13    13    13    13    13
         13    13    13    13    13    13    13    13    13    13    13    13    13    13    13    13    13    13    13    13
         13    13    13    13    13    13
  16   1000   988   952   895   821   734   641   546   454   368   291   225   169   124    89    62    43    28    18    12
          7     4     3     2     1     1     0     0     0     0     0     0     0     0     0     0     0     0     0    -1
         -1    -2    -3    -3    -4    -4    -4     1    10    -2    -4    -4    -4    -3    -2    -2    -1    -1     0     0
          0     0     0     0     0     0     0    -1    -1    -2    -3    -4    -4    -5    -6    -7    -7    -4    10    -6
         -7    13    13    13    13    13    13    13    13    13    13    13    13    13    13    13    13    13    13    13
         13    13    13    13    13    13    13    13    13    13    13    13    13    13    13    13    13    13    13    13
         13    13    13    13    13
  17   1000   988   952   895   821   734   641   546   454   368   291   225   169   124    89    62    43    28    18    12
          7     4     3     2     1     1     0     0     0     0     0     0     0     0     0     0     0     0    -1    -1
         -2    -3    -3    -4    -4    -4     1    10    -2    -4    -4    -4    -3    -2    -2    -1    -1     0     0     0
          0     0     0     0     0     0    -1    -1    -2    -3    -4    -4    -5    -6    -7    -7    -4    10    -6    -7
         13    13    13    13    13    13    13    13    13    13    13    13    13    13    13    13    13    13    13    13
         13    13    13    13    13    13    13    13    13    13    13    13    13    13    13    13    13    13    13    13
         13    13    13    13
  18   1000   988   952   895   821   734   641   546   454   368   291   225   169   124    89    62    43    28    18    12
          7     4     3     2     1     1     0     0     0     0     0     0     0     0     0     0     0    -1    -1    -2
         -3    -3    -4    -4    -4     1    10    -2    -4    -4    -4    -3    -2    -2    -1    -1     0     0     0     0
          0     0     0     0     0    -1    -1    -2    -3    -4    -4    -5    -6    -7    -7    -4    10    -6    -7    13
         13    13    13    13    13    13    13    13    13    13    13    13    13    13    13    13    13    13    13    13
         13    13    13    13    13    13    13    13    13    13    13    13    13    13    13    13    13    13    13    13
         13    13    13
  19   1000   988   952   895   821   734   641   546   454   368   291   225   169   124    89    62    43    28    18    12
          7     4     3     2     1     1     0     0     0     0     0     0     0     0     0     0    -1    -1    -2    -3
         -3    -4    -4    -4     1    10    -2    -4    -4    -4    -3    -2    -2    -1    -1     0     0     0     0     0
          0     0     0     0    -1    -1    -2    -3    -4    -4    -5    -6    -7    -7    -4    10    -6    -7    13    13
         13    13    13    13    13    13    13    13    13    13    13    13    13    13    13    13    13    13    13    13
         13    13    13    13    13    13    13    13    13    13    13    13    13    13    13    13    13    13    13    13
         13    13
  20   1000   988   952   895   821   734   641   546   454   368   291   225   169   124    89    62    43    28    18    12
          7     4     3     2     1     1     0     0     0     0     0     0     0     0     0    -1    -1    -2    -3    -3
         -4    -4    -4     1    10    -2    -4    -4    -4    -3    -2    -2    -1    -1     0     0     0     0     0     0
          0     0     0    -1    -1    -2    -3    -4    -4    -5    -6    -7    -7    -4    10    -6    -7    13    13    13
         13    13    13    13    13    13    13    13    13    13    13    13    13    13    13    13    13    13    13    13
         13    13    13    13    13    13    13    13    13    13    13    13    13    13    13    13    13    13    13    13
         13
  21   1000   988   952   895   821   734   641   546   454   368   291   225   169   124    89    62    43    28    18    12
          7     4     3     2     1     1     0     0     0     0     0     0     0     0    -1    -1    -2    -3    -3    -4
         -4    -4     1    10    -2    -4    -4    -4    -3    -2    -2    -1    -1     0     0     0     0     0     0     0
          0     0    -1    -1    -2    -3    -4    -4    -5    -6    -7    -7    -4    10    -6    -7    13    13    13    13
         13    13    13    13    13    13    13    13    13    13    13    13    13    13    13    13    13    13    13    13
         13    13    13    13    13    13    13    13    13    13    13    13    13    13    13    13    13    13    13    13
  22   1000   988   952   895   821   734   641   546   454   368   291   225   169   124    89    62    43    28    18    12
          7     4     3     2     1     0     0     0     0     0     0     0     0    -1    -1    -2    -3    -3    -4    -4
         -4     1    10    -2    -4    -4    -4    -3    -2    -2    -1    -1     0     0     0     0     0     0     0     0
          0    -1    -1    -2    -3    -4    -4    -5    -6    -7    -7    -4    10    -6    -7    13    13    13    13    13
         13    13    13    13    13    13    13    13    13    13    13    13    13    13    13    13    13    13    13    13
         13    13    13    13    13    13    13    13    13    13    13    13    13    13    13    13    13    13    13
  23   1000   988   952   895   821   734   641   546   454   368   291   225   169   124    89    62    43    28    18    12
          7     4     3     2     1     0     0     0     0     0     0     0    -1    -1    -2    -3    -3    -4    -4    -4
          1    10    -2    -4    -4    -4    -3    -2    -2    -1    -1     0     0     0     0     0     0     0     0     0
         -1    -1    -2    -3    -4    -4    -5    -6    -7    -7    -4    10    -6    -7    13    13    13    13    13    13
         13    13    13    13    13    13    13    13    13    13    13    13    13    13    13    13    13    13    13    13
         13    13    13    13    13    13    13    13    13    13    13    13    13    13    13    13    13    13
  24   1000   988   952   895   821   734   641   546   454   368   291   225   169   124    89    62    43    28    18    12
          7     4     3     1     1     0     0     0     0     0     0    -1    -1    -2    -3    -3    -4    -4    -4     1
         10    -2    -4    -4    -4    -3    -2    -2    -1    -1     0     0     0     0     0     0     0     0     0    -1
         -1    -2    -3    -4    -4    -5    -6    -7    -7    -4    10    -6    -7    13    13    13    13    13    13    13
         13    13    13    13    13    13    13    13    13    13    13    13    13    13    13    13    13    13    13    13
         13    13    13    13    13    13    13    13    13    13    13    13    13    13    13    13    13
  25   1000   988   952   895   821   734   641   546   454   368   291   225   169   124    89    62    43    28    18    12
          7     4     3     1     1     0     0     0     0     0    -1    -1    -2    -3    -3    -4    -4    -4     1    10
         -2    -4    -4    -4    -3    -2    -2    -1    -1     0     0     0     0     0     0     0     0     0    -1    -1
         -2    -3    -4    -4    -5    -6    -7    -7    -4    10    -6    -7    13    13    13    13    13    13    13    13
         13    13    13    13    13    13    13    13    13    13    13    13    13    13    13    13    13    13    13    13
         13    13    13    13    13    13    13    13    13    13    13    13    13    13    13    13
  26   1000   988   952   895   821   734   641   546   454   368   291   225   169   124    89    62    43    28    18    12
          7     4     2     1     0     0     0     0     0    -1    -1    -2    -3    -3    -4    -4    -4     1    10    -2
         -4    -4    -4    -3    -2    -2    -1    -1     0     0     0     0     0     0     0     0     0    -1    -1    -2
         -3    -4    -4    -5    -6    -7    -7    -4    10    -6    -7    13    13    13    13    13    13    13    13    13
         13    13    13    13    13    13    13    13    13    13    13    13    13    13    13    13    13    13    13    13
         13    13    13    13    13    13    13    13    13    13    13    13    13    13    13
  27   1000   988   952   895   821   734   641   546   454   368   291   225   169   124    89    62    43    28    18    12
          7     4     2     1     0     0     0     0    -1    -1    -2    -3    -3    -4    -4    -4     1    10    -2    -4
         -4    -4    -3    -2    -2    -1    -1     0     0     0     0     0     0     0     0     0    -1    -1    -2    -3
         -4    -4    -5    -6    -7    -7    -4    10    -6    -7    13    13    13    13    13    13    13    13    13    13
         13    13    13    13    13    13    13    13    13    13    13    13    13    13    13    13    13    13    13    13
         13    13    13    13    13    13    13    13    13    13    13    13    13    13
  28   1000   988   952   895   821   734   641   546   454   368   291   225   169   124    89    62    43    28    18    12
          7     4     2     1     0     0     0    -1    -1    -2    -3    -3    -4    -4    -4     1    10    -2    -4    -4
         -4    -3    -2    -2    -1    -1     0     0     0     0     0     0     0     0     0    -1    -1    -2    -3    -4
         -4    -5    -6    -7    -7    -4    10    -6    -7    13    13    13    13    13    13    13    13    13    13    13
         13    13    13    13    13    13    13    13    13    13    13    13    13    13    13    13    13    13    13    13
         13    13    13    13    13    13    13    13    13    13    13    13    13
  29   1000   988   952   895   821   734   641   546   454   368   291   225   169   124    89    62    43    28    18    12
          7     4     2     1     0     0    -1    -1    -2    -3    -3    -4    -4    -4     1    10    -2    -4    -4    -4
         -3    -2    -2    -1    -1     0     0     0     0     0     0     0     0     0    -1    -1    -2    -3    -4    -4
         -5    -6    -7    -7    -4    10    -6    -7    13    13    13    13    13    13    13    13    13    13    13    13
         13    13    13    13    13    13    13    13    13    13    13    13    13    13    13    13    13    13    13    13
         13    13    13    13    13    13    13    13    13    13    13    13
  30   1000   988   952   895   821   734   641   546   454   368   291   225   169   124    89    62    42    28    18    11
          7     4     2     0     0     0    -1    -2    -3    -3    -4    -4    -4     1    10    -2    -4    -4    -4    -3
         -2    -2    -1    -1     0     0     0     0     0     0     0     0     0    -1    -1    -2    -3    -4    -4    -5
         -6    -7    -7    -4    10    -6    -7    13    13    13    13    13    13    13    13    13    13    13    13    13
         13    13    13    13    13    13    13    13    13    13    13    13    13    13    13    13    13    13    13    13
         13    13    13    13    13    13    13    13    13    13    13
  31   1000   988   952   895   821   734   641   546   454   368   291   225   169   124    89    62    42    28    18    11
          7     4     2     0     0    -1    -2    -2    -3    -4    -4    -4     1    10    -2    -4    -4    -4    -3    -2
         -2    -1    -1     0     0     0     0     0     0     0     0     0    -1    -1    -2    -3    -4    -4    -5    -6
         -7    -7    -4    10    -6    -7    13    13    13    13    13    13    13    13    13    13    13    13    13    13
         13    13    13    13    13    13    13    13    13    13    13    13    13    13    13    13    13    13    13    13
         13    13    13    13    13    13    13    13    13    13
  32   1000   988   952   895   821   734   641   546   454   368   291   225   169   124    89    62    42    28    18    11
          6     3     1     0     0    -1    -2    -3    -4    -4    -4     1    10    -2    -4    -4    -4    -3    -2    -2
         -1    -1     0     0     0     0     0     0     0     0     0    -1    -1    -2    -3    -4    -4    -5    -6    -7
         -7    -4    10    -6    -7    13    13    13    13    13    13    13    13    13    13    13    13    13    13    13
         13    13    13    13    13    13    13    13    13    13    13    13    13    13    13    13    13    13    13    13
         13    13    13    13    13    13    13    13    13
  33   1000   988   952   895   821   734   641   546   454   368   291   225   169   124    89    62    42    28    18    11
          6     3     1     0    -1    -2    -3    -4    -4    -4     1    10    -2    -4    -4    -4    -3    -2    -2    -1
         -1     0     0     0     0     0     0     0     0     0    -1    -1    -2    -3    -4    -4    -5    -6    -7    -7
         -4    10    -6    -7    13    13    13    13    13    13    13    13    13    13    13    13    13    13    13    13
         13    13    13    13    13    13    13    13    13    13    13    13    13    13    13    13    13    13    13    13
         13    13    13    13    13    13    13    13
  34   1000   988   952   895   821   734   641   546   454   368   291   225   169   124    89    62    42    28    18    11
          6     3     0     0    -2    -3    -3    -4    -4     1    10    -2    -4    -4    -4    -3    -2    -2    -1    -1
          0     0     0     0     0     0     0     0     0    -1    -1    -2    -3    -4    -4    -5    -6    -7    -7    -4
         10    -6    -7    13    13    13    13    13    13    13    13    13    13    13    13    13    13    13    13    13
         13    13    13    13    13    13    13    13    13    13    13    13    13    13    13    13    13    13    13    13
         13    13    13    13    13    13    13
  35   1000   988   952   895   821   734   641   546   454   368   291   225   169   124    89    62    42    28    18    10
          6     2     0    -1    -2    -3    -4    -4     1    10    -2    -4    -4    -4    -3    -2    -2    -1    -1     0
          0     0     0     0     0     0     0     0    -1    -1    -2    -3    -4    -4    -5    -6    -7    -7    -4    10
         -6    -7    13    13    13    13    13    13    13    13    13    13    13    13    13    13    13    13    13    13
         13    13    13    13    13    13    13    13    13    13    13    13    13    13    13    13    13    13    13    13
         13    13    13    13    13    13
  36   1000   988   952   895   821   734   641   546   454   368   291   225   169   124    89    62    42    28    17    10
          5     2     0    -1    -3    -4    -4     1    10    -2    -4    -4    -4    -3    -2    -2    -1    -1     0     0
          0     0     0     0     0     0     0    -1    -1    -2    -3    -4    -4    -5    -6    -7    -7    -4    10    -6
         -7    13    13    13    13    13    13    13    13    13    13    13    13    13    13    13    13    13    13    13
         13    13    13    13    13    13    13    13    13    13    13    13    13    13    13    13    13    13    13    13
         13    13    13    13    13
  37   1000   988   952   895   821   734   641   546   454   368   291   225   169   124    89    62    42    28    17    10
          5     1     0    -2    -3    -3     1    10    -3    -4    -4    -4    -3    -2    -2    -1    -1     0     0     0
          0     0     0     0     0     0    -1    -1    -2    -3    -4    -4    -5    -6    -7    -7    -4    10    -6    -7
         13    13    13    13    13    13    13    13    13    13    13    13    13    13    13    13    13    13    13    13
         13    13    13    13    13    13    13    13    13    13    13    13    13    13    13    13    13    13    13    13
         13    13    13    13
  38   1000   988   952   895   821   734   641   546   454   368   291   225   169   124    89    62    42    28    17    10
          5     1    -1    -2    -3     1    10    -3    -4    -4    -4    -3    -2    -2    -1    -1     0     0     0     0
          0     0     0     0     0    -1    -1    -2    -3    -3    -4    -5    -6    -7    -7    -4    10    -6    -7    13
         13    13    13    13    13    13    13    13    13    13    13    13    13    13    13    13    13    13    13    13
         13    13    13    13    13    13    13    13    13    13    13    13    13    13    13    13    13    13    13    13
         13    13    13
  39   1000   988   952   895   821   734   641   546   454   368   291   225   169   125    89    62    42    28    17    10
          4     0    -1    -2     1    10    -3    -4    -4    -4    -3    -2    -2    -1    -1     0     0     0     0     0
          0     0     0     0    -1    -1    -2    -3    -3    -4    -5    -6    -7    -7    -4    10    -6    -7    13    13
         13    13    13    13    13    13    13    13    13    13    13    13    13    13    13    13    13    13    13    13
         13    13    13    13    13    13    13    13    13    13    13    13    13    13    13    13    13    13    13    13
         13    13
  40   1000   988   952   895   821   734   641   546   454   368   291   225   170   125    90    63    43    28    17     9
          4     0    -1     2    10    -3    -5    -5    -4    -3    -3    -2    -1    -1     0     0     0     0     0     0
          0     0     0    -1    -1    -2    -3    -3    -4    -5    -6    -6    -7    -4    10    -6    -6    13    13    13
         13    13    13    13    13    13    13    13    13    13    13    13    13    13    13    13    13    13    13    13
         13    13    13    13    13    13    13    13    13    13    13    13    13    13    13    13    13    13    13    13
         13
  41   1000   988   952   895   821   735   641   546   454   369   292   226   171   126    91    64    43    28    17     9
          3     0     3    10    -3    -5    -5    -4    -4    -3    -2    -2    -1    -1     0     0     0     0     0     0
          0     0    -1    -1    -2    -2    -3    -4    -5    -6    -6    -6    -3    10    -5    -6    12    12    12    12
         12    12    12    12    12    12    12    12    12    12    12    12    12    12    12    12    12    12    12    12
         12    12    12    12    12    12    12    12    12    12    12    12    12    12    12    12    12    12    12    12
  42   1000   988   952   895   821   735   641   547   455   369   293   227   172   127    92    65    44    28    17     9
          3     4    10    -3    -5    -5    -5    -4    -3    -3    -2    -1    -1     0     0     0     0     0     0     0
          0    -1    -1    -2    -2    -3    -4    -5    -5    -6    -6    -3     9    -5    -6    12    12    12    12    12
         12    12    12    12    12    12    12    12    12    12    12    12    12    12    12    12    12    12    12    12
         12    12    12    12    12    12    12    12    12    12    12    12    12    12    12    12    12    12    12
  43   1000   988   952   895   821   735   642   547   455   370   294   229   174   129    93    66    45    28    16     8
          7     9    -3    -6    -6    -6    -5    -4    -3    -2    -2    -1    -1     0     0     0     0     0     0     0
         -1    -1    -1    -2    -3    -3    -4    -5    -5    -5    -3     9    -5    -5    11    11    11    11    11    11
         11    11    11    11    11    11    11    11    11    11    11    11    11    11    11    11    11    11    11    11
         11    11    11    11    11    11    11    11    11    11    11    11    11    11    11    11    11    11
  44   1000   988   952   895   821   735   642   548   457   372   296   231   176   131    95    67    45    28    16    10
          9    -4    -7    -8    -7    -6    -5    -4    -3    -2    -2    -1    -1     0     0     0     0     0     0     0
         -1    -1    -2    -2    -3    -3    -4    -4    -4    -2     8    -4    -4    10    10    10    10    10    10    10
         10    10    10    10    10    10    10    10    10    10    10    10    10    10    10    10    10    10    10    10
         10    10    10    10    10    10    10    10    10    10    10    10    10    10    10    10    10
  45   1000   988   952   895   821   736   643   549   459   375   299   234   179   134    97    67    44    26    16     9
         -4    -8    -9    -9    -8    -7    -6    -4    -3    -2    -2    -1     0     0     0     0     0     0     0     0
         -1    -1    -1    -2    -2    -3    -3    -3    -1     7    -2    -3     8     8     8     8     8     8     8     8
          8     8     8     8     8     8     8     8     8     8     8     8     8     8     8     8     8     8     8     8
          8     8     8     8     8     8     8     8     8     8     8     8     8     8     8     8
  46   1000   988   952   895   822   736   645   552   462   378   303   238   182   135    97    66    41    24     8    -4
        -10   -12   -12   -11    -9    -8    -6    -5    -4    -3    -2    -1     0     0     0     0     0     0     0     0
          0     0     0    -1    -1    -1    -1     0     5     0    -1     5     5     5     5     5     5     5     5     5
          5     5     5     5     5     5     5     5     5     5     5     5     5     5     5     5     5     5     5     5
          5     5     5     5     5     5     5     5     5     5     5     5     5     5     5
  47   1000   988   952   896   823   738   647   555   465   382   307   241   184   136    95    62    35     8    -4   -12
        -15   -16   -15   -13   -11    -9    -7    -5    -4    -3    -2    -1     0     0     0     0     0     0     0     0
          1     1     1     1     1     1     2     2     1     1     1     1     1     1     1     1     1     1     1     1
          1     1     1     1     1     1     1     1     1     1     1     1     1     1     1     1     1     1     1     1
          1     1     1     1     1     1     1     1     1     1     1     1     1     1
  48   1000   988   952   896   824   740   650   559   470   387   311   244   184   133    89    51     7    -4   -15   -20
        -21   -20   -18   -15   -12   -10    -7    -6    -4    -3    -1    -1     0     0     0     1     1     2     2     3
          4     4     5     5     6     5    -1     6     5    -5    -5    -5    -5    -5    -5    -5    -5    -5    -5    -5
         -5    -5    -5    -5    -5    -5    -5    -5    -5    -5    -5    -5    -5    -5    -5    -5    -5    -5    -5    -5
         -5    -5    -5    -5    -5    -5    -5    -5    -5    -5    -5    -5    -5
  49   1000   988   953   897   826   743   654   563   475   391   314   243   179   124    71     6    -2   -17   -25   -27
        -26   -24   -21   -17   -14   -11    -8    -6    -4    -2    -1     0     0     1     2     3     4     5     6     8
          9    10    11    12    10    -7    11    11   -13   -13   -13   -13   -13   -13   -13   -13   -13   -13   -13   -13
        -13   -13   -13   -13   -13   -13   -13   -13   -13   -13   -13   -13   -13   -13   -13   -13   -13   -13   -13   -13
        -13   -13   -13   -13   -13   -13   -13   -13   -13   -13   -13   -13
  50   1000   988   953   898   828   746   658   568   479   393   312   236   168    98     6     1   -19   -30   -35   -34
        -32   -28   -23   -19   -15   -11    -8    -5    -3    -1     0     1     2     4     5     7     9    11    13    15
         17    19    20    15   -14    19    19   -24   -24   -24   -24   -24   -24   -24   -24   -24   -24   -24   -24   -24
        -24   -24   -24   -24   -24   -24   -24   -24   -24   -24   -24   -24   -24   -24   -24   -24   -24   -24   -24   -24
        -24   -24   -24   -24   -24   -24   -24   -24   -24   -24   -24
  51   1000   988   954   900   830   750   662   571   479   389   303   220   131     6     7   -19   -36   -43   -44   -41
        -36   -31   -25   -20   -15   -11    -8    -5    -2     0     1     4     6     8    11    14    17    20    24    27
         29    31    23   -24    28    29   -39   -39   -39   -39   -39   -39   -39   -39   -39   -39   -39   -39   -39   -39
        -39   -39   -39   -39   -39   -39   -39   -39   -39   -39   -39   -39   -39   -39   -39   -39   -39   -39   -39   -39
        -39   -39   -39   -39   -39   -39   -39   -39   -39   -39
  52   1000   988   955   902   833   752   664   570   474   378   282   172     7    18   -17   -40   -52   -54   -52   -47
        -40   -33   -26   -20   -15   -10    -6    -3     0     2     5     8    12    16    20    24    29    34    39    42
         44    33   -37    41    43   -57   -57   -57   -57   -57   -57   -57   -57   -57   -57   -57   -57   -57   -57   -57
        -57   -57   -57   -57   -57   -57   -57   -57   -57   -57   -57   -57   -57   -57   -57   -57   -57   -57   -57   -57
        -57   -57   -57   -57   -57   -57   -57   -57   -57
  53   1000   989   955   903   834   753   662   563   459   353   220     8    35   -11   -43   -59   -65   -63   -58   -50
        -42   -34   -26   -19   -13    -8    -4     0     3     7    12    16    22    27    34    40    47    53    59    61
         45   -52    56    59   -80   -80   -80   -80   -80   -80   -80   -80   -80   -80   -80   -80   -80   -80   -80   -80
        -80   -80   -80   -80   -80   -80   -80   -80   -80   -80   -80   -80   -80   -80   -80   -80   -80   -80   -80   -80
        -80   -80   -80   -80   -80   -80   -80   -80
  54   1000   989   956   904   834   750   653   546   431   276    11    59     0   -41   -64   -74   -74   -69   -61   -52
        -42   -33   -24   -17   -11    -5     0     5    10    16    22    29    36    45    54    63    71    78    81    60
        -70    74    78  -108  -108  -108  -108  -108  -108  -108  -108  -108  -108  -108  -108  -108  -108  -108  -108  -108
       -108  -108  -108  -108  -108  -108  -108  -108  -108  -108  -108  -108  -108  -108  -108  -108  -108  -108  -108  -108
       -108  -108  -108  -108  -108  -108  -108
  55   1000   989   956   903   830   741   635   514   338    16    92    21   -32   -64   -80   -84   -80   -72   -62   -51
        -40   -30   -21   -13    -6     0     6    13    20    28    37    47    58    69    81    92   101   105    77   -92
         96   101  -141  -141  -141  -141  -141  -141  -141  -141  -141  -141  -141  -141  -141  -141  -141  -141  -141  -141
       -141  -141  -141  -141  -141  -141  -141  -141  -141  -141  -141  -141  -141  -141  -141  -141  -141  -141  -141  -141
       -141  -141  -141  -141  -141  -141
  56   1000   989   955   899   821   722   601   408    23   137    52   -14   -57   -80   -89   -88   -81   -71   -59   -47
        -36   -25   -16    -7     0     8    17    26    36    47    60    73    88   102   116   127   132    97  -117   121
        128  -179  -179  -179  -179  -179  -179  -179  -179  -179  -179  -179  -179  -179  -179  -179  -179  -179  -179  -179
       -179  -179  -179  -179  -179  -179  -179  -179  -179  -179  -179  -179  -179  -179  -179  -179  -179  -179  -179  -179
       -179  -179  -179  -179  -179
  57   1000   988   953   892   805   690   482    34   195    98    16   -38   -71   -87   -91   -86   -77   -66   -53   -41
        -29   -18    -8     1    10    21    32    44    58    74    91   108   126   144   158   163   120  -146   150   158
       -221  -221  -221  -221  -221  -221  -221  -221  -221  -221  -221  -221  -221  -221  -221  -221  -221  -221  -221  -221
       -221  -221  -221  -221  -221  -221  -221  -221  -221  -221  -221  -221  -221  -221  -221  -221  -221  -221  -221  -221
       -221  -221  -221  -221
  58   1000   988   948   879   776   561    49   269   160    64    -5   -49   -74   -84   -85   -79   -69   -57   -44   -32
        -20    -9     2    13    25    39    54    71    89   110   131   153   174   191   197   145  -176   181   191  -268
       -268  -268  -268  -268  -268  -268  -268  -268  -268  -268  -268  -268  -268  -268  -268  -268  -268  -268  -268  -268
       -268  -268  -268  -268  -268  -268  -268  -268  -268  -268  -268  -268  -268  -268  -268  -268  -268  -268  -268  -268
       -268  -268  -268
  59   1000   986   941   857   642    69   361   243   132    48    -9   -46   -65   -73   -72   -65   -56   -44   -32   -20
         -8     3    16    31    46    64    84   106   130   155   181   206   225   234   172  -208   215   226  -316  -316
       -316  -316  -316  -316  -316  -316  -316  -316  -316  -316  -316  -316  -316  -316  -316  -316  -316  -316  -316  -316
       -316  -316  -316  -316  -316  -316  -316  -316  -316  -316  -316  -316  -316  -316  -316  -316  -316  -316  -316  -316
       -316  -316
  60   1000   984   927   723    99   472   348   225   126    53     3   -28   -45   -52   -52   -47   -39   -29   -17    -5
          6    20    36    54    74    96   121   149   178   208   236   259   269   199  -237   247   260  -362  -362  -362
       -362  -362  -362  -362  -362  -362  -362  -362  -362  -362  -362  -362  -362  -362  -362  -362  -362  -362  -362  -362
       -362  -362  -362  -362  -362  -362  -362  -362  -362  -362  -362  -362  -362  -362  -362  -362  -362  -362  -362  -362
       -362
  61   1000   978   802   147   598   473   342   231   144    79    33     2   -15   -24   -27   -24   -18   -10     0    11
         25    41    60    81   106   133   163   195   228   259   284   295   221  -253   272   285  -392  -392  -392  -392
       -392  -392  -392  -392  -392  -392  -392  -392  -392  -392  -392  -392  -392  -392  -392  -392  -392  -392  -392  -392
       -392  -392  -392  -392  -392  -392  -392  -392  -392  -392  -392  -392  -392  -392  -392  -392  -392  -392  -392  -392
  62   1000   885   248   737   610   477   358   259   180   119    74    42    21     7     1     0     2     8    16    28
         42    59    80   103   130   159   190   221   252   277   288   223  -224   268   278  -365  -365  -365  -365  -365
       -365  -365  -365  -365  -365  -365  -365  -365  -365  -365  -365  -365  -365  -365  -365  -365  -365  -365  -365  -365
       -365  -365  -365  -365  -365  -365  -365  -365  -365  -365  -365  -365  -365  -365  -365  -365  -365  -365  -365
  63   1000   659   821   650   523   415   323   246   183   133    95    65    43    28    18    11     8     6     6     7
         10    12    16    20    25    30    36    42    49    59    90   103    69    52    41    41    41    41    41    41
         41    41    41    41    41    41    41    41    41    41    41    41    41    41    41    41    41    41    41    41
         41    41    41    41    41    41    41    41    41    41    41    41    41    41    41    41    41    41
  64   1000   411   229   172   140   118   100    84    70    57    45    34    24    13     2   -10   -24   -42   -63   -88
       -118  -152  -191  -233  -278  -323  -365  -394  -394  -205   639  -335  -390   759   759   759   759   759   759   759
        759   759   759   759   759   759   759   759   759   759   759   759   759   759   759   759   759   759   759   759
        759   759   759   759   759   759   759   759   759   759   759   759   759   759   759   759   759
  65   1000   965   905   830   746   658   570   485   405   332   267   211   164   127    99    80    69    65    68    77
         90   107   128   151   176   199   220   231   191  -134   219   221  -257  -257  -257  -257  -257  -257  -257  -257
       -257  -257  -257  -257  -257  -257  -257  -257  -257  -257  -257  -257  -257  -257  -257  -257  -257  -257  -257  -257
       -257  -257  -257  -257  -257  -257  -257  -257  -257  -257  -257  -257  -257  -257  -257  -257
  66   1000   982   935   870   793   708   621   533   449   371   300   239   188   149   121   103    96    97   106   122
        144   171   201   232   262   288   298   225  -248   276   288  -390  -390  -390  -390  -390  -390  -390  -390  -390
       -390  -390  -390  -390  -390  -390  -390  -390  -390  -390  -390  -390  -390  -390  -390  -390  -390  -390  -390  -390
       -390  -390  -390  -390  -390  -390  -390  -390  -390  -390  -390  -390  -390  -390  -390
  67   1000   985   945   886   814   733   646   558   472   390   317   253   202   162   134   118   112   115   126   144
        167   194   223   251   275   284   211  -248   261   274  -381  -381  -381  -381  -381  -381  -381  -381  -381  -381
       -381  -381  -381  -381  -381  -381  -381  -381  -381  -381  -381  -381  -381  -381  -381  -381  -381  -381  -381  -381
       -381  -381  -381  -381  -381  -381  -381  -381  -381  -381  -381  -381  -381  -381
  68   1000   987   951   896   827   747   660   571   483   400   325   261   209   169   143   127   122   126   137   155
        177   201   225   245   252   186  -224   231   243  -341  -341  -341  -341  -341  -341  -341  -341  -341  -341  -341
       -341  -341  -341  -341  -341  -341  -341  -341  -341  -341  -341  -341  -341  -341  -341  -341  -341  -341  -341  -341
       -341  -341  -341  -341  -341  -341  -341  -341  -341  -341  -341  -341  -341
  69   1000   988   954   902   833   754   666   575   486   402   327   264   212   174   148   133   128   132   142   158
        176   195   211   217   159  -194   197   208  -293  -293  -293  -293  -293  -293  -293  -293  -293  -293  -293  -293
       -293  -293  -293  -293  -293  -293  -293  -293  -293  -293  -293  -293  -293  -293  -293  -293  -293  -293  -293  -293
       -293  -293  -293  -293  -293  -293  -293  -293  -293  -293  -293  -293
  70   1000   989   956   904   836   755   666   575   485   402   327   264   214   176   151   136   131   134   142   154
        167   179   183   133  -162   165   174  -245  -245  -245  -245  -245  -245  -245  -245  -245  -245  -245  -245  -245
       -245  -245  -245  -245  -245  -245  -245  -245  -245  -245  -245  -245  -245  -245  -245  -245  -245  -245  -245  -245
       -245  -245  -245  -245  -245  -245  -245  -245  -245  -245  -245
  71   1000   989   956   904   835   754   664   572   483   399   326   264   214   177   152   137   131   131   136   144
        151   152   110  -133   135   142  -201  -201  -201  -201  -201  -201  -201  -201  -201  -201  -201  -201  -201  -201
       -201  -201  -201  -201  -201  -201  -201  -201  -201  -201  -201  -201  -201  -201  -201  -201  -201  -201  -201  -201
       -201  -201  -201  -201  -201  -201  -201  -201  -201  -201
  72   1000   989   956   903   833   751   661   569   480   397   324   263   214   177   151   135   127   124   125   127
        126    91  -107   108   113  -162  -162  -162  -162  -162  -162  -162  -162  -162  -162  -162  -162  -162  -162  -162
       -162  -162  -162  -162  -162  -162  -162  -162  -162  -162  -162  -162  -162  -162  -162  -162  -162  -162  -162  -162
       -162  -162  -162  -162  -162  -162  -162  -162  -162
  73   1000   989   955   902   831   748   658   566   477   395   323   262   213   176   149   131   120   114   110   105
         75   -84    84    88  -128  -128  -128  -128  -128  -128  -128  -128  -128  -128  -128  -128  -128  -128  -128  -128
       -128  -128  -128  -128  -128  -128  -128  -128  -128  -128  -128  -128  -128  -128  -128  -128  -128  -128  -128  -128
       -128  -128  -128  -128  -128  -128  -128  -128
  74   1000   989   955   900   829   746   656   564   475   394   322   261   212   173   145   124   110   100    90    63
        -65    64    66   -99   -99   -99   -99   -99   -99   -99   -99   -99   -99   -99   -99   -99   -99   -99   -99   -99
        -99   -99   -99   -99   -99   -99   -99   -99   -99   -99   -99   -99   -99   -99   -99   -99   -99   -99   -99   -99
        -99   -99   -99   -99   -99   -99   -99
  75   1000   988   954   899   828   744   654   562   474   393   321   260   209   169   138   115    97    82    55   -49
         48    48   -77   -77   -77   -77   -77   -77   -77   -77   -77   -77   -77   -77   -77   -77   -77   -77   -77   -77
        -77   -77   -77   -77   -77   -77   -77   -77   -77   -77   -77   -77   -77   -77   -77   -77   -77   -77   -77   -77
        -77   -77   -77   -77   -77   -77
  76   1000   988   954   899   827   743   653   562   474   393   321   258   206   164   130   104    82    53   -38    35
         33   -61   -61   -61   -61   -61   -61   -61   -61   -61   -61   -61   -61   -61   -61   -61   -61   -61   -61   -61
        -61   -61   -61   -61   -61   -61   -61   -61   -61   -61   -61   -61   -61   -61   -61   -61   -61   -61   -61   -61
        -61   -61   -61   -61   -61
  77   1000   988   953   898   826   743   653   562   475   393   320   256   202   157   120    90    57   -30    26    22
        -51   -51   -51   -51   -51   -51   -51   -51   -51   -51   -51   -51   -51   -51   -51   -51   -51   -51   -51   -51
        -51   -51   -51   -51   -51   -51   -51   -51   -51   -51   -51   -51   -51   -51   -51   -51   -51   -51   -51   -51
        -51   -51   -51   -51
  78   1000   988   953   898   827   743   654   563   475   393   319   253   196   148   107    67   -26    20    13   -47
        -47   -47   -47   -47   -47   -47   -47   -47   -47   -47   -47   -47   -47   -47   -47   -47   -47   -47   -47   -47
        -47   -47   -47   -47   -47   -47   -47   -47   -47   -47   -47   -47   -47   -47   -47   -47   -47   -47   -47   -47
        -47   -47   -47
  79   1000   988   953   898   827   745   656   565   476   393   316   247   187   135    85   -25    19     7   -51   -51
        -51   -51   -51   -51   -51   -51   -51   -51   -51   -51   -51   -51   -51   -51   -51   -51   -51   -51   -51   -51
        -51   -51   -51   -51   -51   -51   -51   -51   -51   -51   -51   -51   -51   -51   -51   -51   -51   -51   -51   -51
        -51   -51
  80   1000   988   954   899   828   746   657   566   476   390   310   238   173   111   -27    22     5   -61   -61   -61
        -61   -61   -61   -61   -61   -61   -61   -61   -61   -61   -61   -61   -61   -61   -61   -61   -61   -61   -61   -61
        -61   -61   -61   -61   -61   -61   -61   -61   -61   -61   -61   -61   -61   -61   -61   -61   -61   -61   -61   -61
        -61
  81   1000   988   954   900   829   747   658   566   473   384   300   223   146   -33    30     8   -78   -78   -78   -78
        -78   -78   -78   -78   -78   -78   -78   -78   -78   -78   -78   -78   -78   -78   -78   -78   -78   -78   -78   -78
        -78   -78   -78   -78   -78   -78   -78   -78   -78   -78   -78   -78   -78   -78   -78   -78   -78   -78   -78   -78
  82   1000   988   954   900   830   748   657   563   467   373   283   191   -41    45    15  -104  -104  -104  -104  -104
       -104  -104  -104  -104  -104  -104  -104  -104  -104  -104  -104  -104  -104  -104  -104  -104  -104  -104  -104  -104
       -104  -104  -104  -104  -104  -104  -104  -104  -104  -104  -104  -104  -104  -104  -104  -104  -104  -104  -104
  83   1000   988   955   901   830   747   654   555   454   354   245   -51    68    29  -136  -136  -136  -136  -136  -136
       -136  -136  -136  -136  -136  -136  -136  -136  -136  -136  -136  -136  -136  -136  -136  -136  -136  -136  -136  -136
       -136  -136  -136  -136  -136  -136  -136  -136  -136  -136  -136  -136  -136  -136  -136  -136  -136  -136
  84   1000   988   955   901   829   743   646   541   433   308   -62   100    50  -177  -177  -177  -177  -177  -177  -177
       -177  -177  -177  -177  -177  -177  -177  -177  -177  -177  -177  -177  -177  -177  -177  -177  -177  -177  -177  -177
       -177  -177  -177  -177  -177  -177  -177  -177  -177  -177  -177  -177  -177  -177  -177  -177  -177
  85   1000   988   954   899   825   735   632   519   380   -75   142    82  -226  -226  -226  -226  -226  -226  -226  -226
       -226  -226  -226  -226  -226  -226  -226  -226  -226  -226  -226  -226  -226  -226  -226  -226  -226  -226  -226  -226
       -226  -226  -226  -226  -226  -226  -226  -226  -226  -226  -226  -226  -226  -226  -226  -226
  86   1000   988   953   896   818   722   610   460   -88   198   126  -281  -281  -281  -281  -281  -281  -281  -281  -281
       -281  -281  -281  -281  -281  -281  -281  -281  -281  -281  -281  -281  -281  -281  -281  -281  -281  -281  -281  -281
       -281  -281  -281  -281  -281  -281  -281  -281  -281  -281  -281  -281  -281  -281  -281
  87   1000   988   951   891   807   701   545  -100   266   184  -343  -343  -343  -343  -343  -343  -343  -343  -343  -343
       -343  -343  -343  -343  -343  -343  -343  -343  -343  -343  -343  -343  -343  -343  -343  -343  -343  -343  -343  -343
       -343  -343  -343  -343  -343  -343  -343  -343  -343  -343  -343  -343  -343  -343
  88   1000   987   948   882   789   633  -109   349   257  -409  -409  -409  -409  -409  -409  -409  -409  -409  -409  -409
       -409  -409  -409  -409  -409  -409  -409  -409  -409  -409  -409  -409  -409  -409  -409  -409  -409  -409  -409  -409
       -409  -409  -409  -409  -409  -409  -409  -409  -409  -409  -409  -409  -409
  89   1000   986   944   870   721  -113   446   347  -475  -475  -475  -475  -475  -475  -475  -475  -475  -475  -475  -475
       -475  -475  -475  -475  -475  -475  -475  -475  -475  -475  -475  -475  -475  -475  -475  -475  -475  -475  -475  -475
       -475  -475  -475  -475  -475  -475  -475  -475  -475  -475  -475  -475
  90   1000   985   936   804  -109   555   452  -537  -537  -537  -537  -537  -537  -537  -537  -537  -537  -537  -537  -537
       -537  -537  -537  -537  -537  -537  -537  -537  -537  -537  -537  -537  -537  -537  -537  -537  -537  -537  -537  -537
       -537  -537  -537  -537  -537  -537  -537  -537  -537  -537  -537
  91   1000   982   877   -90   671   569  -584  -584  -584  -584  -584  -584  -584  -584  -584  -584  -584  -584  -584  -584
       -584  -584  -584  -584  -584  -584  -584  -584  -584  -584  -584  -584  -584  -584  -584  -584  -584  -584  -584  -584
       -584  -584  -584  -584  -584  -584  -584  -584  -584  -584
  92   1000   939   -30   787   689  -592  -592  -592  -592  -592  -592  -592  -592  -592  -592  -592  -592  -592  -592  -592
       -592  -592  -592  -592  -592  -592  -592  -592  -592  -592  -592  -592  -592  -592  -592  -592  -592  -592  -592  -592
       -592  -592  -592  -592  -592  -592  -592  -592  -592
  93   1000   277   869   754  -362  -362  -362  -362  -362  -362  -362  -362  -362  -362  -362  -362  -362  -362  -362  -362
       -362  -362  -362  -362  -362  -362  -362  -362  -362  -362  -362  -362  -362  -362  -362  -362  -362  -362  -362  -362
       -362  -362  -362  -362  -362  -362  -362  -362
  94   1000   109    -6   780   780   780   780   780   780   780   780   780   780   780   780   780   780   780   780   780
        780   780   780   780   780   780   780   780   780   780   780   780   780   780   780   780   780   780   780   780
        780   780   780   780   780   780   780
  95   1000   978  -520  -520  -520  -520  -520  -520  -520  -520  -520  -520  -520  -520  -520  -520  -520  -520  -520  -520
       -520  -520  -520  -520  -520  -520  -520  -520  -520  -520  -520  -520  -520  -520  -520  -520  -520  -520  -520  -520
       -520  -520  -520  -520  -520  -520
  96   1000  -580  -580  -580  -580  -580  -580  -580  -580  -580  -580  -580  -580  -580  -580  -580  -580  -580  -580  -580
       -580  -580  -580  -580  -580  -580  -580  -580  -580  -580  -580  -580  -580  -580  -580  -580  -580  -580  -580  -580
       -580  -580  -580  -580  -580
  97   1000  1000  1000  1000  1000  1000  1000  1000  1000  1000  1000  1000  1000  1000  1000  1000  1000  1000  1000  1000
       1000  1000  1000  1000  1000  1000  1000  1000  1000  1000  1000  1000  1000  1000  1000  1000  1000  1000  1000  1000
       1000  1000  1000  1000
  98   1000  1000  1000  1000  1000  1000  1000  1000  1000  1000  1000  1000  1000  1000  1000  1000  1000  1000  1000  1000
       1000  1000  1000  1000  1000  1000  1000  1000  1000  1000  1000  1000  1000  1000  1000  1000  1000  1000  1000  1000
       1000  1000  1000
  99   1000  1000  1000  1000  1000  1000  1000  1000  1000  1000  1000  1000  1000  1000  1000  1000  1000  1000  1000  1000
       1000  1000  1000  1000  1000  1000  1000  1000  1000  1000  1000  1000  1000  1000  1000  1000  1000  1000  1000  1000
       1000  1000
 100   1000  1000  1000  1000  1000  1000  1000  1000  1000  1000  1000  1000  1000  1000  1000  1000  1000  1000  1000  1000
       1000  1000  1000  1000  1000  1000  1000  1000  1000  1000  1000  1000  1000  1000  1000  1000  1000  1000  1000  1000
       1000
 101   1000  1000  1000  1000  1000  1000  1000  1000  1000  1000  1000  1000  1000  1000  1000  1000  1000  1000  1000  1000
       1000  1000  1000  1000  1000  1000  1000  1000  1000  1000  1000  1000  1000  1000  1000  1000  1000  1000  1000  1000
 102   1000  1000  1000  1000  1000  1000  1000  1000  1000  1000  1000  1000  1000  1000  1000  1000  1000  1000  1000  1000
       1000  1000  1000  1000  1000  1000  1000  1000  1000  1000  1000  1000  1000  1000  1000  1000  1000  1000  1000
 103   1000  1000  1000  1000  1000  1000  1000  1000  1000  1000  1000  1000  1000  1000  1000  1000  1000  1000  1000  1000
       1000  1000  1000  1000  1000  1000  1000  1000  1000  1000  1000  1000  1000  1000  1000  1000  1000  1000
 104   1000  1000  1000  1000  1000  1000  1000  1000  1000  1000  1000  1000  1000  1000  1000  1000  1000  1000  1000  1000
       1000  1000  1000  1000  1000  1000  1000  1000  1000  1000  1000  1000  1000  1000  1000  1000  1000
 105   1000  1000  1000  1000  1000  1000  1000  1000  1000  1000  1000  1000  1000  1000  1000  1000  1000  1000  1000  1000
       1000  1000  1000  1000  1000  1000  1000  1000  1000  1000  1000  1000  1000  1000  1000  1000
 106   1000  1000  1000  1000  1000  1000  1000  1000  1000  1000  1000  1000  1000  1000  1000  1000  1000  1000  1000  1000
       1000  1000  1000  1000  1000  1000  1000  1000  1000  1000  1000  1000  1000  1000  1000
 107   1000  1000  1000  1000  1000  1000  1000  1000  1000  1000  1000  1000  1000  1000  1000  1000  1000  1000  1000  1000
       1000  1000  1000  1000  1000  1000  1000  1000  1000  1000  1000  1000  1000  1000
 108   1000  1000  1000  1000  1000  1000  1000  1000  1000  1000  1000  1000  1000  1000  1000  1000  1000  1000  1000  1000
       1000  1000  1000  1000  1000  1000  1000  1000  1000  1000  1000  1000  1000
 109   1000  1000  1000  1000  1000  1000  1000  1000  1000  1000  1000  1000  1000  1000  1000  1000  1000  1000  1000  1000
       1000  1000  1000  1000  1000  1000  1000  1000  1000  1000  1000  1000
 110   1000  1000  1000  1000  1000  1000  1000  1000  1000  1000  1000  1000  1000  1000  1000  1000  1000  1000  1000  1000
       1000  1000  1000  1000  1000  1000  1000  1000  1000  1000  1000
 111   1000  1000  1000  1000  1000  1000  1000  1000  1000  1000  1000  1000  1000  1000  1000  1000  1000  1000  1000  1000
       1000  1000  1000  1000  1000  1000  1000  1000  1000  1000
 112   1000  1000  1000  1000  1000  1000  1000  1000  1000  1000  1000  1000  1000  1000  1000  1000  1000  1000  1000  1000
       1000  1000  1000  1000  1000  1000  1000  1000  1000
 113   1000  1000  1000  1000  1000  1000  1000  1000  1000  1000  1000  1000  1000  1000  1000  1000  1000  1000  1000  1000
       1000  1000  1000  1000  1000  1000  1000  1000
 114   1000  1000  1000  1000  1000  1000  1000  1000  1000  1000  1000  1000  1000  1000  1000  1000  1000  1000  1000  1000
       1000  1000  1000  1000  1000  1000  1000
 115   1000  1000  1000  1000  1000  1000  1000  1000  1000  1000  1000  1000  1000  1000  1000  1000  1000  1000  1000  1000
       1000  1000  1000  1000  1000  1000
 116   1000  1000  1000  1000  1000  1000  1000  1000  1000  1000  1000  1000  1000  1000  1000  1000  1000  1000  1000  1000
       1000  1000  1000  1000  1000
 117   1000  1000  1000  1000  1000  1000  1000  1000  1000  1000  1000  1000  1000  1000  1000  1000  1000  1000  1000  1000
       1000  1000  1000  1000
 118   1000  1000  1000  1000  1000  1000  1000  1000  1000  1000  1000  1000  1000  1000  1000  1000  1000  1000  1000  1000
       1000  1000  1000
 119   1000  1000  1000  1000  1000  1000  1000  1000  1000  1000  1000  1000  1000  1000  1000  1000  1000  1000  1000  1000
       1000  1000
 120   1000  1000  1000  1000  1000  1000  1000  1000  1000  1000  1000  1000  1000  1000  1000  1000  1000  1000  1000  1000
       1000
 121   1000  1000  1000  1000  1000  1000  1000  1000  1000  1000  1000  1000  1000  1000  1000  1000  1000  1000  1000  1000
 122   1000  1000  1000  1000  1000  1000  1000  1000  1000  1000  1000  1000  1000  1000  1000  1000  1000  1000  1000
 123   1000  1000  1000  1000  1000  1000  1000  1000  1000  1000  1000  1000  1000  1000  1000  1000  1000  1000
 124   1000  1000  1000  1000  1000  1000  1000  1000  1000  1000  1000  1000  1000  1000  1000  1000  1000
 125   1000  1000  1000  1000  1000  1000  1000  1000  1000  1000  1000  1000  1000  1000  1000  1000
 126   1000  1000  1000  1000  1000  1000  1000  1000  1000  1000  1000  1000  1000  1000  1000
 127   1000  1000  1000  1000  1000  1000  1000  1000  1000  1000  1000  1000  1000  1000
 128   1000  1000  1000  1000  1000  1000  1000  1000  1000  1000  1000  1000  1000
 129   1000  1000  1000  1000  1000  1000  1000  1000  1000  1000  1000  1000
 130   1000  1000  1000  1000  1000  1000  1000  1000  1000  1000  1000
 131   1000  1000  1000  1000  1000  1000  1000  1000  1000  1000
 132   1000  1000  1000  1000  1000  1000  1000  1000  1000
 133   1000  1000  1000  1000  1000  1000  1000  1000
 134   1000  1000  1000  1000  1000  1000  1000
 135   1000  1000  1000  1000  1000  1000
 136   1000  1000  1000  1000  1000
 137   1000  1000  1000  1000
 138   1000  1000  1000
 139   1000  1000
 140   1000

 Finished!
