NIF_RUN Passive 18x snout on TANDM 90-348 Pinhole
  140    5    1    0    1
   0.00500   9.00000   0.03000   0.03000
   0.0000000   0   0 1.00000000E+00   1.0000000
ZR902    1.706E-12 0.010       0.00       0.00        (    )
IN115N   4.881E-13 0.007       0.00       0.00        (    )
AU197G   8.079E-14 0.010       0.00 AUNG  3.94 IFX    (ISTP)
IN115G   1.161E-13 0.020       0.00 INNG 39.37 IFX    (ISTP)
AU1972   1.218E-11 0.053       0.00       0.00        (    )
Flux Uncertainty
 140
 0.0000E+00 0.0000E+00 0.0000E+00 0.0000E+00 0.0000E+00 0.0000E+00 0.0000E+00
 0.0000E+00 0.0000E+00 0.0000E+00 0.0000E+00 0.0000E+00 0.0000E+00 0.0000E+00
 9.9980E-01 9.9980E-01 9.9980E-01 9.9980E-01 9.9980E-01 9.9980E-01 9.9980E-01
 9.9980E-01 9.9980E-01 9.9980E-01 9.9980E-01 9.9980E-01 9.9980E-01 9.9980E-01
 9.9980E-01 9.9980E-01 9.9980E-01 9.9980E-01 9.9980E-01 9.9980E-01 9.9980E-01
 9.9980E-01 9.9980E-01 9.9980E-01 9.9980E-01 9.9980E-01 9.9980E-01 9.9980E-01
 9.9980E-01 9.9980E-01 9.9980E-01 9.9970E-01 9.9960E-01 9.9940E-01 9.9890E-01
 9.9800E-01 9.9620E-01 9.9280E-01 9.8630E-01 9.7520E-01 9.5620E-01 9.2630E-01
 8.8130E-01 8.1750E-01 7.3300E-01 6.2860E-01 5.0890E-01 3.8310E-01 2.6290E-01
 1.6020E-01 8.3500E-02 3.7400E-02 2.4300E-02 2.7500E-02 5.8300E-02 1.2190E-01
 2.1430E-01 3.2870E-01 4.5410E-01 5.7840E-01 6.9100E-01 7.8490E-01 8.5730E-01
 9.0860E-01 9.4110E-01 9.5760E-01 9.5960E-01 9.4790E-01 9.2160E-01 8.7880E-01
 8.1810E-01 7.3900E-01 6.4280E-01 5.3380E-01 4.1820E-01 3.0270E-01 1.9280E-01
 9.2700E-02 3.1800E-02 2.8900E-02 3.0300E-02 0.0000E+00 0.0000E+00 0.0000E+00
 0.0000E+00 0.0000E+00 0.0000E+00 0.0000E+00 0.0000E+00 0.0000E+00 0.0000E+00
 0.0000E+00 0.0000E+00 0.0000E+00 0.0000E+00 0.0000E+00 0.0000E+00 0.0000E+00
 0.0000E+00 0.0000E+00 0.0000E+00 0.0000E+00 0.0000E+00 0.0000E+00 0.0000E+00
 0.0000E+00 0.0000E+00 0.0000E+00 0.0000E+00 0.0000E+00 0.0000E+00 0.0000E+00
 0.0000E+00 0.0000E+00 0.0000E+00 0.0000E+00 0.0000E+00 0.0000E+00 0.0000E+00
 0.0000E+00 0.0000E+00 0.0000E+00 0.0000E+00 0.0000E+00 0.0000E+00 0.0000E+00
Input Flux Spectrum
 140   1 1.000E+00 2.000E+01 5.000E-08
 0.0000E+00 0.0000E+00 0.0000E+00 0.0000E+00 0.0000E+00 0.0000E+00 0.0000E+00
 0.0000E+00 0.0000E+00 0.0000E+00 0.0000E+00 0.0000E+00 0.0000E+00 0.0000E+00
 1.3322E-12 1.7018E-12 2.3552E-12 3.2115E-12 1.1941E-11 1.7579E-11 1.8929E-11
 1.7059E-11 1.3232E-11 9.1574E-12 8.0934E-12 7.1465E-12 6.4290E-12 5.9660E-12
 5.7625E-12 5.7916E-12 9.3836E-12 2.1336E-11 3.6927E-11 5.8341E-11 8.8856E-11
 1.7689E-10 3.5624E-10 6.0509E-10 9.2534E-10 1.3111E-09 2.1254E-09 3.3485E-09
 4.7292E-09 6.1784E-09 7.6914E-09 9.4634E-09 1.2021E-08 1.6634E-08 2.6796E-08
 5.4217E-08 1.4945E-07 6.0800E-07 3.8875E-06 4.0596E-05 6.9042E-04 1.8266E-02
 6.8624E-01 3.2367E+01 1.6525E+03 7.8100E+04 2.9260E+06 7.5460E+07 1.1796E+09
 1.0040E+10 4.2644E+10 8.8902E+10 9.1350E+10 1.0377E+11 7.6376E+10 2.4378E+10
 3.2012E+09 1.5598E+08 1.7330E+06 1.3366E+03 2.5552E-01 3.2634E-05 4.9347E-09
 5.6151E-13 7.1976E-17 1.6909E-20 1.2604E-23 5.3364E-26 2.2782E-27 1.6496E-27
 6.7745E-26 3.1354E-23 2.7805E-19 5.2233E-14 1.4224E-07 4.9127E-01 2.7869E+05
 4.6724E+10 9.1795E+12 1.2372E-07 1.5803E-07 0.0000E+00 0.0000E+00 0.0000E+00
 0.0000E+00 0.0000E+00 0.0000E+00 0.0000E+00 0.0000E+00 0.0000E+00 0.0000E+00
 0.0000E+00 0.0000E+00 0.0000E+00 0.0000E+00 0.0000E+00 0.0000E+00 0.0000E+00
 0.0000E+00 0.0000E+00 0.0000E+00 0.0000E+00 0.0000E+00 0.0000E+00 0.0000E+00
 0.0000E+00 0.0000E+00 0.0000E+00 0.0000E+00 0.0000E+00 0.0000E+00 0.0000E+00
 0.0000E+00 0.0000E+00 0.0000E+00 0.0000E+00 0.0000E+00 0.0000E+00 0.0000E+00
 0.0000E+00 0.0000E+00 0.0000E+00 0.0000E+00 0.0000E+00 0.0000E+00 0.0000E+00
   10   13   28   11    8    5    8    7   10   40



                         ==============================
                               STAYSL PNNL OUTPUT
                         ==============================

 STAYSL PNNL, version 1.2.0, 2015-08-05


 SCENARIO TITLE: NIF_RUN Passive 18x snout on TANDM 90-348 Pinhole
 -------------------------------------------------------------------------------
  NGROUP =   140    NRXN =     5    ACTIVITY NORM = 1.00000E+00

  COVARIANCE PARAMETERS (FCHN, FCVX, ACVX, FS)
    FLUXES:      WIDTH =  9.0000E+00   LONG RANGE COVAR. =  3.0000E-02
            ACTIVITIES =  5.0000E-03   X-SECT CROSS COR. =  3.0000E-02

    DETERM =   1.6460 × 10^  -1.00      ERROR =   1.4433E-15

  INPUT NORMALIZATION DATA
    AK1   =     0.00000     VAK        =     0.00090
    NORML =           0     RENORM     = 5.14007E-01
    CHI²  =  3758.21900     NORM. CHI² =   939.55475

  DOSIMETRY ACTIVITIES
     ———— INPUTS —————  -UNADJUSTED FLUX-  — ADJUSTED FLUX —    CHI²  90% ACTIVITIES RANGE
 RXN  MEASURED     ±%   ACTIVITY    %DIFF  ACTIVITY    %DIFF  CONTRIB --LOW E-- --HIGH E--   REACTION          CVR
  1  1.706E-12    1.00  3.901E-13  -77.13  7.446E-13  -56.35 3422.714  1.20E+01  1.20E+01  ZR90(N,2N)ZR89          
  2  4.881E-13    0.70  5.828E-13   19.41  1.116E-12  128.56   68.860  1.20E+01  1.20E+01  IN115(N,N')IN115M       
  3  8.079E-14    1.00  2.956E-14  -63.41  5.517E-14  -31.72  275.169  6.00E-01  1.20E+01  AU197(N,G)AU198         
  4  1.161E-13    2.00  4.139E-14  -64.35  7.660E-14  -34.02   82.854  6.00E-01  1.20E+01  IN115(N,G)IN116M        
  5  1.218E-11    5.30  8.792E-12  -27.82  1.681E-11   38.02  -91.378  1.20E+01  1.20E+01  AU197(N,2N)AU196        

             % STD. DEV.  =         61.77              76.34

                              CHECK INPUT, IT IS RATHER UNLIKELY !
                                   *** BEWARE OF OUTPUT ! ***


  DIFFERENTIAL FLUXES (input is normalized by a factor of 5.1401E-01)
                  —————— DIFFERENTIAL FLUX —————   ———— STD. DEV. % ————   INTEGRAL
 GRP    ENERGY        NEW         OLD      RATIO    NEW     OLD    RATIO   FLUX > E     ± %
  15  2.8000E-06  7.0968E-07  4.7225E-07   1.503   99.97   99.98   1.000  9.4891E+12    3.06
  16  4.2500E-06  6.4123E-07  4.2670E-07   1.503   99.97   99.98   1.000  9.4891E+12    3.06
  17  6.3000E-06  6.2732E-07  4.1744E-07   1.503   99.97   99.98   1.000  9.4891E+12    3.06
  18  9.2000E-06  5.7690E-07  3.8389E-07   1.503   99.97   99.98   1.000  9.4891E+12    3.06
  19  1.3500E-05  1.2298E-06  8.1837E-07   1.503   99.97   99.98   1.000  9.4891E+12    3.06
  20  2.1000E-05  1.5087E-06  1.0040E-06   1.503   99.97   99.98   1.000  9.4891E+12    3.06
  21  3.0000E-05  9.7475E-07  6.4864E-07   1.503   99.97   99.98   1.000  9.4891E+12    3.06
  22  4.5000E-05  5.4904E-07  3.6535E-07   1.503   99.97   99.98   1.000  9.4891E+12    3.06
  23  6.9000E-05  3.2970E-07  2.1940E-07   1.503   99.97   99.98   1.000  9.4891E+12    3.06
  24  1.0000E-04  2.0210E-07  1.3448E-07   1.503   99.97   99.98   1.000  9.4891E+12    3.06
  25  1.3500E-04  1.7862E-07  1.1886E-07   1.503   99.97   99.98   1.000  9.4891E+12    3.06
  26  1.7000E-04  1.1040E-07  7.3467E-08   1.503   99.97   99.98   1.000  9.4891E+12    3.06
  27  2.2000E-04  8.2766E-08  5.5076E-08   1.503   99.97   99.98   1.000  9.4891E+12    3.06
  28  2.8000E-04  5.7604E-08  3.8332E-08   1.503   99.97   99.98   1.000  9.4891E+12    3.06
  29  3.6000E-04  4.9457E-08  3.2911E-08   1.503   99.97   99.98   1.000  9.4891E+12    3.06
  30  4.5000E-04  3.5789E-08  2.3815E-08   1.503   99.97   99.98   1.000  9.4891E+12    3.06
  31  5.7500E-04  3.9179E-08  2.6072E-08   1.503   99.97   99.98   1.000  9.4891E+12    3.06
  32  7.6000E-04  8.2403E-08  5.4834E-08   1.503   99.97   99.98   1.000  9.4891E+12    3.06
  33  9.6000E-04  9.0551E-08  6.0256E-08   1.503   99.97   99.98   1.000  9.4891E+12    3.06
  34  1.2750E-03  1.3866E-07  9.2270E-08   1.503   99.97   99.98   1.000  9.4891E+12    3.06
  35  1.6000E-03  1.7159E-07  1.1418E-07   1.503   99.97   99.98   1.000  9.4891E+12    3.06
  36  2.0000E-03  1.9520E-07  1.2989E-07   1.503   99.97   99.98   1.000  9.4891E+12    3.06
  37  2.7000E-03  3.9313E-07  2.6159E-07   1.503   99.97   99.98   1.000  9.4891E+12    3.06
  38  3.4000E-03  4.2501E-07  2.8275E-07   1.503   99.97   99.98   1.000  9.4891E+12    3.06
  39  4.5000E-03  7.1518E-07  4.7563E-07   1.504   99.97   99.98   1.000  9.4891E+12    3.06
  40  5.5000E-03  5.9642E-07  3.9642E-07   1.505   99.97   99.98   1.000  9.4891E+12    3.06
  41  7.2000E-03  8.2265E-07  5.4624E-07   1.506   99.97   99.98   1.000  9.4891E+12    3.06
  42  9.2000E-03  9.2744E-07  6.1470E-07   1.509   99.97   99.98   1.000  9.4891E+12    3.06
  43  1.2000E-02  1.2262E-06  8.1028E-07   1.513   99.97   99.98   1.000  9.4891E+12    3.06
  44  1.5000E-02  1.2074E-06  7.9394E-07   1.521   99.97   99.98   1.000  9.4891E+12    3.06
  45  1.9000E-02  9.3231E-07  6.0822E-07   1.533   99.96   99.98   1.000  9.4891E+12    3.06
  46  2.5500E-02  1.1612E-06  7.4835E-07   1.552   99.95   99.97   1.000  9.4891E+12    3.06
  47  3.2000E-02  1.2208E-06  7.7236E-07   1.581   99.94   99.96   1.000  9.4891E+12    3.06
  48  4.0000E-02  1.1106E-06  6.8400E-07   1.624   99.91   99.94   1.000  9.4891E+12    3.06
  49  5.2500E-02  1.7205E-06  1.0202E-06   1.686   99.84   99.89   1.000  9.4891E+12    3.06
  50  6.6000E-02  2.2485E-06  1.2667E-06   1.775   99.73   99.80   0.999  9.4891E+12    3.06
  51  8.8000E-02  6.6240E-06  3.4917E-06   1.897   99.50   99.62   0.999  9.4891E+12    3.06
  52  1.1000E-01  2.5751E-05  1.2501E-05   2.060   99.06   99.28   0.998  9.4891E+12    3.06
  53  1.3500E-01  1.8144E-04  7.9928E-05   2.270   98.25   98.63   0.996  9.4891E+12    3.06
  54  1.6000E-01  1.7604E-03  6.9555E-04   2.531   96.87   97.52   0.993  9.4891E+12    3.06
  55  1.9000E-01  3.3575E-02  1.1829E-02   2.838   94.54   95.62   0.989  9.4891E+12    3.06
  56  2.2000E-01  8.5262E-01  2.6825E-01   3.178   90.91   92.64   0.981  9.4891E+12    3.06
  57  2.5500E-01  3.5492E+01  1.0078E+01   3.522   85.54   88.14   0.970  9.4891E+12    3.06
  58  2.9000E-01  2.1195E+03  5.5456E+02   3.822   78.08   81.77   0.955  9.4891E+12    3.06
  59  3.2000E-01  8.5379E+04  2.1235E+04   4.021   68.45   73.33   0.933  9.4891E+12    3.06
  60  3.6000E-01  4.0743E+06  1.0036E+06   4.060   56.95   62.90   0.905  9.4891E+12    3.06
  61  4.0000E-01  1.1731E+08  3.0080E+07   3.900   44.35   50.96   0.870  9.4891E+12    3.06
  62  4.5000E-01  2.7512E+09  7.7574E+08   3.547   31.81   38.41   0.828  9.4891E+12    3.06
  63  5.0000E-01  3.7062E+10  1.2126E+10   3.056   20.60   26.45   0.779  9.4890E+12    3.06
  64  5.5000E-01  2.6096E+11  1.0321E+11   2.528   11.76   16.29   0.722  9.4871E+12    3.06
  65  6.0000E-01  7.5592E+11  3.6532E+11   2.069    5.83    8.87   0.658  9.4741E+12    3.06
  66  6.6000E-01  1.3448E+12  7.6160E+11   1.766    3.00    4.79   0.626  9.4287E+12    3.07
  67  7.2000E-01  1.3116E+12  7.8258E+11   1.676    2.53    3.86   0.655  9.3481E+12    3.08
  68  7.8000E-01  1.5088E+12  8.8898E+11   1.697    2.63    4.07   0.646  9.2694E+12    3.10
  69  8.4000E-01  9.3381E+11  4.9072E+11   1.903    4.18    6.55   0.637  9.1788E+12    3.12
  70  9.2000E-01  3.5986E+11  1.5663E+11   2.297    8.78   12.55   0.700  9.1041E+12    3.13
  71  1.0000E+00  2.3054E+10  8.2272E+09   2.802   16.47   21.63   0.762  9.0753E+12    3.14
  72  1.2000E+00  1.3308E+09  4.0087E+08   3.320   26.86   32.99   0.814  9.0707E+12    3.14
  73  1.4000E+00  1.6700E+07  4.4539E+06   3.749   39.07   45.49   0.859  9.0705E+12    3.14
  74  1.6000E+00  1.3829E+04  3.4351E+03   4.026   51.91   57.89   0.897  9.0705E+12    3.14
  75  1.8000E+00  2.7153E+00  6.5670E-01   4.135   64.10   69.13   0.927  9.0705E+12    3.14
  76  2.0000E+00  2.2997E-04  5.5914E-05   4.113   74.65   78.51   0.951  9.0705E+12    3.14
  77  2.3000E+00  3.4053E-08  8.4549E-09   4.028   83.01   85.74   0.968  9.0705E+12    3.14
  78  2.6000E+00  3.8035E-12  9.6207E-13   3.953   89.07   90.87   0.980  9.0705E+12    3.14
  79  2.9000E+00  3.6590E-16  9.2491E-17   3.956   92.98   94.12   0.988  9.0705E+12    3.14
  80  3.3000E+00  8.8705E-20  2.1728E-20   4.082   95.00   95.76   0.992  9.0705E+12    3.14
  81  3.7000E+00  7.0525E-23  1.6196E-23   4.354   95.30   95.96   0.993  9.0705E+12    3.14
  82  4.1000E+00  3.2704E-25  6.8574E-26   4.769   93.96   94.79   0.991  9.0705E+12    3.14
  83  4.5000E+00  1.2398E-26  2.3420E-27   5.294   90.91   92.17   0.986  9.0705E+12    3.14
  84  5.0000E+00  9.9399E-27  1.6958E-27   5.861   85.97   87.89   0.978  9.0705E+12    3.14
  85  5.5000E+00  4.4409E-25  6.9643E-26   6.377   79.07   81.83   0.966  9.0705E+12    3.14
  86  6.0000E+00  1.5483E-22  2.3023E-23   6.725   70.25   73.93   0.950  9.0705E+12    3.14
  87  6.7000E+00  1.3873E-18  2.0417E-19   6.795   59.82   64.32   0.930  9.0705E+12    3.14
  88  7.4000E+00  2.1872E-13  3.3560E-14   6.517   48.42   53.44   0.906  9.0705E+12    3.14
  89  8.2000E+00  5.3784E-07  9.1391E-08   5.885   36.85   41.91   0.879  9.0705E+12    3.14
  90  9.0000E+00  1.2522E+00  2.5252E-01   4.959   25.85   30.40   0.850  9.0705E+12    3.14
  91  1.0000E+01  5.5066E+05  1.4325E+05   3.844   15.95   19.50   0.818  9.0705E+12    3.14
  92  1.1000E+01  6.4155E+10  2.4016E+10   2.671    7.50    9.74   0.770  9.0705E+12    3.14
  93  1.2000E+01  9.0063E+12  4.7183E+12   1.909    3.12    4.37   0.713  9.0063E+12    3.12
  94  1.3000E+01  1.1876E-07  6.3593E-08   1.867    2.99    4.16   0.717  2.7077E-07    3.05
  95  1.4000E+01  1.5201E-07  8.1229E-08   1.871    3.11    4.26   0.729  1.5201E-07    3.11
      1.5000E+01

  INTEGRALS OF SPECTRA
    OLD SPECTRUM   4.9696E+12   ±    4.292 %
    NEW SPECTRUM   9.4891E+12   ±    3.060 %

  SUMMARY OF BROAD-GROUP FLUXES, FLUENCES, AND UNCERTAINTIES

    IRRAD TIME [S] = 1.00000000E+00   ACT NORM =  1.00000000E+00

       ENERGY       FLUX       FLUENCE      STDEV %
      thermal    0.0000E+00  0.0000E+00  ±   0.00     (0.100 meV – 0.550  eV)
     epithermal  2.7131E-07  2.7131E-07  ±  94.44     (0.550  eV – 110.0 keV)
        fast     9.4891E+12  9.4891E+12  ±   3.06     (110.0 keV –  20.0 MeV)
        fast     9.0753E+12  9.0753E+12  ±   3.14     (  1.0 MeV –  20.0 MeV)
        high     0.0000E+00  0.0000E+00  ±   0.00     ( 20.0 MeV –  60.0 MeV)

    MINI-SPECTRUM

       ENERGY       FLUX       FLUENCE      STDEV %
     1.0000E-10  0.0000E+00  0.0000E+00  ±   0.00
     5.5000E-07  6.7464E-11  6.7464E-11  ±  96.41
     1.0000E-04  2.7124E-07  2.7124E-07  ±  94.46
     1.1000E-01  1.4359E+08  1.4359E+08  ±  32.32
     5.0000E-01  4.1366E+11  4.1366E+11  ±   3.52
     1.0000E+00  4.8804E+09  4.8804E+09  ±  17.03
     2.0000E+00  6.9002E-05  6.9002E-05  ±  74.65
     5.0000E+00  1.2522E+00  1.2522E+00  ±  25.85
     1.0000E+01  9.0705E+12  9.0705E+12  ±   3.14
     2.0000E+01  0.0000E+00  0.0000E+00  ±   0.00
     6.0000E+01

       TOTAL     9.4891E+12  9.4891E+12  ±   3.06

    RELATIVE COVARIANCES (10×10)
        0     0     0     0     0     0     0     0     0     0
     1000     1    -2    10    -2    -1    -3    15     0
     1000   197    32   -21   -11     2    14     0
     1000   481    10  -103   107    20     0
     1000   610   237    90   368     0
     1000   743   142    57     0
     1000   154    24     0
     1000   613     0
     1000     0
        0

  SPECTRAL-AVERAGED REACTION RATES (for all cross section library reactions)

        REACTIONS        SIG-PHI      <SIG>          REACTIONS        SIG-PHI      <SIG>          REACTIONS        SIG-PHI      <SIG>  
   ------------------  ----------  ----------   ------------------  ----------  ----------   ------------------  ----------  ----------
   LI6(N,A)T           3.7858E-13  3.9897E-26   FE58(N,G)FE59       8.9235E-15  9.4039E-28   IN115(N,N')IN115M   1.1156E-12  1.1757E-25
   B10(N,A)LI7         5.2137E-13  5.4944E-26   CO59(N,2N)CO58      3.5385E-12  3.7290E-25   IN115(N,2N)IN114M   9.8020E-12  1.0330E-24
   F19(N,2N)F18        1.0148E-13  1.0694E-26   CO59(N,3N)CO57      0.0000E+00  0.0000E+00   IN115(N,G)IN116M    7.6784E-14  8.0917E-27
   NA23(N,2N)NA22      1.3198E-16  1.3908E-29   CO59(N,G)CO60       1.0012E-14  1.0551E-27   I127(N,2N)I126      1.1360E-11  1.1972E-24
   NA23(N,G)NA24       1.8560E-15  1.9559E-28   CO59(N,P)FE59       5.0528E-13  5.3248E-26   LA139(N,G)LA140     1.3159E-14  1.3867E-27
   MG24(N,P)NA24       1.6734E-12  1.7635E-25   CO59(N,A)MN56       2.4010E-13  2.5303E-26   PR141(N,2N)PR140    1.2196E-11  1.2853E-24
   AL27(N,P)MG27       8.7533E-13  9.2246E-26   NI58(N,2N)NI57      9.1410E-15  9.6331E-28   TM169(N,2N)TM168    1.6980E-11  1.7894E-24
   AL27(N,A)NA24       1.0902E-12  1.1489E-25   NI58(N,P)CO58       4.7191E-12  4.9731E-25   TM169(N,3N)TM167    3.1270E-36  3.2953E-49
   SI28(N,P)AL28       2.4173E-12  2.5474E-25   NI60(N,P)CO60       1.4089E-12  1.4848E-25   TA181(N,G)TA182     4.5055E-14  4.7480E-27
   P31(N,P)SI31        1.0398E-12  1.0958E-25   CU63(N,2N)CU62      1.4086E-12  1.4844E-25   W186(N,G)W187       3.4517E-14  3.6375E-27
   S32(N,P)P32         3.0881E-12  3.2544E-25   CU63(N,G)CU64       3.2119E-14  3.3848E-27   AU197(N,2N)AU196    1.6811E-11  1.7716E-24
   TI46(N,2N)TI45      5.2410E-33  5.5231E-46   CU63(N,A)CO60       4.2019E-13  4.4281E-26   AU197(N,G)AU198     5.5166E-14  5.8136E-27
   TI46(N,P)SC46       2.6967E-12  2.8418E-25   CU65(N,2N)CU64      5.2452E-12  5.5276E-25   HG199(N,N')HG199M   2.1050E-12  2.2183E-25
   TI47(N,P)SC47       1.3062E-12  1.3766E-25   ZN64(N,P)CU64       2.1431E-12  2.2585E-25   PB204(N,N')PB204M   1.1033E-12  1.1627E-25
   TI47(N,X)SC46       5.1071E-14  5.3821E-27   ZN67(N,P)CU67       2.5057E-13  2.6406E-26   BI209(N,3N)BI207    9.0139E-35  9.4992E-48
   TI48(N,P)SC48       5.0149E-13  5.2849E-26   AS75(N,2N)AS74      5.3456E-12  5.6334E-25   TH232(N,FISSION)    2.7671E-12  2.9161E-25
   TI48(N,X)SC47       5.5582E-15  5.8574E-28   Y89(N,2N)Y88        2.3906E-12  2.5192E-25   TH232(N,G)TH233     8.0060E-14  8.4370E-27
   TI49(N,X)SC48       3.9357E-15  4.1476E-28   ZR90(N,2N)ZR89      7.4464E-13  7.8473E-26   U235(N,FISSION)     1.6828E-11  1.7734E-24
   V51(N,A)SC48        9.6279E-14  1.0146E-26   NB93(N,G)NB94       2.7675E-14  2.9165E-27   U235(N,G)U236       6.6999E-14  7.0606E-27
   CR52(N,2N)CR51      2.0471E-13  2.1573E-26   NB93(N,N')NB93M     5.2186E-13  5.4995E-26   U238(N,2N)U237      1.3105E-11  1.3810E-24
   MN55(N,2N)MN54      3.6877E-12  3.8862E-25   NB93(N,2N)NB92M     3.7996E-12  4.0041E-25   U238(N,FISSION)     9.0135E-12  9.4988E-25
   MN55(N,G)MN56       6.2863E-15  6.6247E-28   MO92(N,P)NB92M      9.8841E-13  1.0416E-25   U238(N,G)U239       5.9811E-14  6.3031E-27
   FE54(N,2N)FE53      8.7767E-34  9.2491E-47   RH103(N,N')RH103M   4.5715E-12  4.8176E-25   NP237(N,FISSION)    1.9269E-11  2.0306E-24
   FE54(N,P)MN54       4.0937E-12  4.3141E-25   AG109(N,G)AG110M    7.8341E-15  8.2558E-28   PU239(N,FISSION)    2.1466E-11  2.2622E-24
   FE54(N,A)CR51       6.7915E-13  7.1571E-26   IN113(N,N')IN113M   9.0594E-13  9.5471E-26   AM241(N,FISSION)    2.2826E-11  2.4055E-24
   FE56(N,P)MN56       9.9623E-13  1.0499E-25   IN113(N,G)IN114M    1.0577E-13  1.1147E-26   SC45(N,G)SC46       9.6801E-15  1.0201E-27

  INPUT FLUX REL. CORRELATION MATRIX (by row from diagonal)
   1   1000  1000  1000  1000  1000  1000  1000  1000  1000  1000  1000  1000  1000  1000    30    30    30    30    30    30
         30    30    30    30    30    30    30    30    30    30    30    30    30    30    30    30    30    30    30    30
         30    30    30    30    30    30    30    30    30    30    30    30    30    31    31    32    34    37    41    48
         59    78   113   184   338   626   777   737   458   239   139    91    66    52    43    38    35    33    32    31
         31    32    33    34    37    41    47    56    72    99   154   308   686   720   704  1000  1000  1000  1000  1000
       1000  1000  1000  1000  1000  1000  1000  1000  1000  1000  1000  1000  1000  1000  1000  1000  1000  1000  1000  1000
       1000  1000  1000  1000  1000  1000  1000  1000  1000  1000  1000  1000  1000  1000  1000  1000  1000  1000  1000  1000

  OUTPUT FLUX REL. CORRELATION MATRIX (by row from diagonal)
   1   1000  1000  1000  1000  1000  1000  1000  1000  1000  1000  1000  1000  1000  1000    25    25    25    25    25    25
         25    25    25    25    25    25    25    25    25    25    25    25    25    25    25    25    25    25    25    25
         25    25    25    25    24    24    23    21    19    17    13     8     1    -6   -17   -29   -44   -60   -78   -96
       -112  -122  -114   -59   126   562   779   725   301     2   -94  -118  -114  -102   -86   -71   -57   -47   -40   -37
        -38   -43   -53   -66   -81   -99  -118  -134  -145  -142  -105    56   574   624   597  1000  1000  1000  1000  1000
       1000  1000  1000  1000  1000  1000  1000  1000  1000  1000  1000  1000  1000  1000  1000  1000  1000  1000  1000  1000
       1000  1000  1000  1000  1000  1000  1000  1000  1000  1000  1000  1000  1000  1000  1000  1000  1000  1000  1000  1000
   2   1000  1000  1000  1000  1000  1000  1000  1000  1000  1000  1000  1000  1000    25    25    25    25    25    25    25
         25    25    25    25    25    25    25    25    25    25    25    25    25    25    25    25    25    25    25    25
         25    25    25    24    24    23    21    19    17    13     8     1    -6   -17   -29   -44   -60   -78   -96  -112
       -122  -114   -59   126   562   779   725   301     2   -94  -118  -114  -102   -86   -71   -57   -47   -40   -37   -38
        -43   -53   -66   -81   -99  -118  -134  -145  -142  -105    56   574   624   597  1000  1000  1000  1000  1000  1000
       1000  1000  1000  1000  1000  1000  1000  1000  1000  1000  1000  1000  1000  1000  1000  1000  1000  1000  1000  1000
       1000  1000  1000  1000  1000  1000  1000  1000  1000  1000  1000  1000  1000  1000  1000  1000  1000  1000  1000
   3   1000  1000  1000  1000  1000  1000  1000  1000  1000  1000  1000  1000    25    25    25    25    25    25    25    25
         25    25    25    25    25    25    25    25    25    25    25    25    25    25    25    25    25    25    25    25
         25    25    24    24    23    21    19    17    13     8     1    -6   -17   -29   -44   -60   -78   -96  -112  -122
       -114   -59   126   562   779   725   301     2   -94  -118  -114  -102   -86   -71   -57   -47   -40   -37   -38   -43
        -53   -66   -81   -99  -118  -134  -145  -142  -105    56   574   624   597  1000  1000  1000  1000  1000  1000  1000
       1000  1000  1000  1000  1000  1000  1000  1000  1000  1000  1000  1000  1000  1000  1000  1000  1000  1000  1000  1000
       1000  1000  1000  1000  1000  1000  1000  1000  1000  1000  1000  1000  1000  1000  1000  1000  1000  1000
   4   1000  1000  1000  1000  1000  1000  1000  1000  1000  1000  1000    25    25    25    25    25    25    25    25    25
         25    25    25    25    25    25    25    25    25    25    25    25    25    25    25    25    25    25    25    25
         25    24    24    23    21    19    17    13     8     1    -6   -17   -29   -44   -60   -78   -96  -112  -122  -114
        -59   126   562   779   725   301     2   -94  -118  -114  -102   -86   -71   -57   -47   -40   -37   -38   -43   -53
        -66   -81   -99  -118  -134  -145  -142  -105    56   574   624   597  1000  1000  1000  1000  1000  1000  1000  1000
       1000  1000  1000  1000  1000  1000  1000  1000  1000  1000  1000  1000  1000  1000  1000  1000  1000  1000  1000  1000
       1000  1000  1000  1000  1000  1000  1000  1000  1000  1000  1000  1000  1000  1000  1000  1000  1000
   5   1000  1000  1000  1000  1000  1000  1000  1000  1000  1000    25    25    25    25    25    25    25    25    25    25
         25    25    25    25    25    25    25    25    25    25    25    25    25    25    25    25    25    25    25    25
         24    24    23    21    19    17    13     8     1    -6   -17   -29   -44   -60   -78   -96  -112  -122  -114   -59
        126   562   779   725   301     2   -94  -118  -114  -102   -86   -71   -57   -47   -40   -37   -38   -43   -53   -66
        -81   -99  -118  -134  -145  -142  -105    56   574   624   597  1000  1000  1000  1000  1000  1000  1000  1000  1000
       1000  1000  1000  1000  1000  1000  1000  1000  1000  1000  1000  1000  1000  1000  1000  1000  1000  1000  1000  1000
       1000  1000  1000  1000  1000  1000  1000  1000  1000  1000  1000  1000  1000  1000  1000  1000
   6   1000  1000  1000  1000  1000  1000  1000  1000  1000    25    25    25    25    25    25    25    25    25    25    25
         25    25    25    25    25    25    25    25    25    25    25    25    25    25    25    25    25    25    25    24
         24    23    21    19    17    13     8     1    -6   -17   -29   -44   -60   -78   -96  -112  -122  -114   -59   126
        562   779   725   301     2   -94  -118  -114  -102   -86   -71   -57   -47   -40   -37   -38   -43   -53   -66   -81
        -99  -118  -134  -145  -142  -105    56   574   624   597  1000  1000  1000  1000  1000  1000  1000  1000  1000  1000
       1000  1000  1000  1000  1000  1000  1000  1000  1000  1000  1000  1000  1000  1000  1000  1000  1000  1000  1000  1000
       1000  1000  1000  1000  1000  1000  1000  1000  1000  1000  1000  1000  1000  1000  1000
   7   1000  1000  1000  1000  1000  1000  1000  1000    25    25    25    25    25    25    25    25    25    25    25    25
         25    25    25    25    25    25    25    25    25    25    25    25    25    25    25    25    25    25    24    24
         23    21    19    17    13     8     1    -6   -17   -29   -44   -60   -78   -96  -112  -122  -114   -59   126   562
        779   725   301     2   -94  -118  -114  -102   -86   -71   -57   -47   -40   -37   -38   -43   -53   -66   -81   -99
       -118  -134  -145  -142  -105    56   574   624   597  1000  1000  1000  1000  1000  1000  1000  1000  1000  1000  1000
       1000  1000  1000  1000  1000  1000  1000  1000  1000  1000  1000  1000  1000  1000  1000  1000  1000  1000  1000  1000
       1000  1000  1000  1000  1000  1000  1000  1000  1000  1000  1000  1000  1000  1000
   8   1000  1000  1000  1000  1000  1000  1000    25    25    25    25    25    25    25    25    25    25    25    25    25
         25    25    25    25    25    25    25    25    25    25    25    25    25    25    25    25    25    24    24    23
         21    19    17    13     8     1    -6   -17   -29   -44   -60   -78   -96  -112  -122  -114   -59   126   562   779
        725   301     2   -94  -118  -114  -102   -86   -71   -57   -47   -40   -37   -38   -43   -53   -66   -81   -99  -118
       -134  -145  -142  -105    56   574   624   597  1000  1000  1000  1000  1000  1000  1000  1000  1000  1000  1000  1000
       1000  1000  1000  1000  1000  1000  1000  1000  1000  1000  1000  1000  1000  1000  1000  1000  1000  1000  1000  1000
       1000  1000  1000  1000  1000  1000  1000  1000  1000  1000  1000  1000  1000
   9   1000  1000  1000  1000  1000  1000    25    25    25    25    25    25    25    25    25    25    25    25    25    25
         25    25    25    25    25    25    25    25    25    25    25    25    25    25    25    25    24    24    23    21
         19    17    13     8     1    -6   -17   -29   -44   -60   -78   -96  -112  -122  -114   -59   126   562   779   725
        301     2   -94  -118  -114  -102   -86   -71   -57   -47   -40   -37   -38   -43   -53   -66   -81   -99  -118  -134
       -145  -142  -105    56   574   624   597  1000  1000  1000  1000  1000  1000  1000  1000  1000  1000  1000  1000  1000
       1000  1000  1000  1000  1000  1000  1000  1000  1000  1000  1000  1000  1000  1000  1000  1000  1000  1000  1000  1000
       1000  1000  1000  1000  1000  1000  1000  1000  1000  1000  1000  1000
  10   1000  1000  1000  1000  1000    25    25    25    25    25    25    25    25    25    25    25    25    25    25    25
         25    25    25    25    25    25    25    25    25    25    25    25    25    25    25    24    24    23    21    19
         17    13     8     1    -6   -17   -29   -44   -60   -78   -96  -112  -122  -114   -59   126   562   779   725   301
          2   -94  -118  -114  -102   -86   -71   -57   -47   -40   -37   -38   -43   -53   -66   -81   -99  -118  -134  -145
       -142  -105    56   574   624   597  1000  1000  1000  1000  1000  1000  1000  1000  1000  1000  1000  1000  1000  1000
       1000  1000  1000  1000  1000  1000  1000  1000  1000  1000  1000  1000  1000  1000  1000  1000  1000  1000  1000  1000
       1000  1000  1000  1000  1000  1000  1000  1000  1000  1000  1000
  11   1000  1000  1000  1000    25    25    25    25    25    25    25    25    25    25    25    25    25    25    25    25
         25    25    25    25    25    25    25    25    25    25    25    25    25    25    24    24    23    21    19    17
         13     8     1    -6   -17   -29   -44   -60   -78   -96  -112  -122  -114   -59   126   562   779   725   301     2
        -94  -118  -114  -102   -86   -71   -57   -47   -40   -37   -38   -43   -53   -66   -81   -99  -118  -134  -145  -142
       -105    56   574   624   597  1000  1000  1000  1000  1000  1000  1000  1000  1000  1000  1000  1000  1000  1000  1000
       1000  1000  1000  1000  1000  1000  1000  1000  1000  1000  1000  1000  1000  1000  1000  1000  1000  1000  1000  1000
       1000  1000  1000  1000  1000  1000  1000  1000  1000  1000
  12   1000  1000  1000    25    25    25    25    25    25    25    25    25    25    25    25    25    25    25    25    25
         25    25    25    25    25    25    25    25    25    25    25    25    25    24    24    23    21    19    17    13
          8     1    -6   -17   -29   -44   -60   -78   -96  -112  -122  -114   -59   126   562   779   725   301     2   -94
       -118  -114  -102   -86   -71   -57   -47   -40   -37   -38   -43   -53   -66   -81   -99  -118  -134  -145  -142  -105
         56   574   624   597  1000  1000  1000  1000  1000  1000  1000  1000  1000  1000  1000  1000  1000  1000  1000  1000
       1000  1000  1000  1000  1000  1000  1000  1000  1000  1000  1000  1000  1000  1000  1000  1000  1000  1000  1000  1000
       1000  1000  1000  1000  1000  1000  1000  1000  1000
  13   1000  1000    25    25    25    25    25    25    25    25    25    25    25    25    25    25    25    25    25    25
         25    25    25    25    25    25    25    25    25    25    25    25    24    24    23    21    19    17    13     8
          1    -6   -17   -29   -44   -60   -78   -96  -112  -122  -114   -59   126   562   779   725   301     2   -94  -118
       -114  -102   -86   -71   -57   -47   -40   -37   -38   -43   -53   -66   -81   -99  -118  -134  -145  -142  -105    56
        574   624   597  1000  1000  1000  1000  1000  1000  1000  1000  1000  1000  1000  1000  1000  1000  1000  1000  1000
       1000  1000  1000  1000  1000  1000  1000  1000  1000  1000  1000  1000  1000  1000  1000  1000  1000  1000  1000  1000
       1000  1000  1000  1000  1000  1000  1000  1000
  14   1000    25    25    25    25    25    25    25    25    25    25    25    25    25    25    25    25    25    25    25
         25    25    25    25    25    25    25    25    25    25    25    24    24    23    21    19    17    13     8     1
         -6   -17   -29   -44   -60   -78   -96  -112  -122  -114   -59   126   562   779   725   301     2   -94  -118  -114
       -102   -86   -71   -57   -47   -40   -37   -38   -43   -53   -66   -81   -99  -118  -134  -145  -142  -105    56   574
        624   597  1000  1000  1000  1000  1000  1000  1000  1000  1000  1000  1000  1000  1000  1000  1000  1000  1000  1000
       1000  1000  1000  1000  1000  1000  1000  1000  1000  1000  1000  1000  1000  1000  1000  1000  1000  1000  1000  1000
       1000  1000  1000  1000  1000  1000  1000
  15   1000   988   952   895   821   735   641   546   454   368   291   225   170   125    90    63    43    29    19    12
          8     5     3     2     1     1     1     1     1     1     1     1     1     1     0     0     0     0     0     0
          0     0     0    -1    -1    -1    -2    -2    -2    -1     3    14    20    18     8     0    -1    -2    -2    -2
         -1    -1     0     0     0     0     0     0     0    -1    -1    -2    -2    -2    -3    -3    -2     1    14    16
         15    25    25    25    25    25    25    25    25    25    25    25    25    25    25    25    25    25    25    25
         25    25    25    25    25    25    25    25    25    25    25    25    25    25    25    25    25    25    25    25
         25    25    25    25    25    25
  16   1000   988   952   895   821   735   641   546   454   368   291   225   170   125    90    63    43    29    19    12
          8     5     3     2     1     1     1     1     1     1     1     1     1     0     0     0     0     0     0     0
          0     0    -1    -1    -1    -2    -2    -2    -1     3    14    20    18     8     0    -1    -2    -2    -2    -1
         -1     0     0     0     0     0     0     0    -1    -1    -2    -2    -2    -3    -3    -2     1    14    16    15
         25    25    25    25    25    25    25    25    25    25    25    25    25    25    25    25    25    25    25    25
         25    25    25    25    25    25    25    25    25    25    25    25    25    25    25    25    25    25    25    25
         25    25    25    25    25
  17   1000   988   952   895   821   735   641   546   454   368   291   225   170   125    90    63    43    29    19    12
          8     5     3     2     1     1     1     1     1     1     1     1     0     0     0     0     0     0     0     0
          0    -1    -1    -1    -2    -2    -2    -1     3    14    20    18     8     0    -1    -2    -2    -2    -1    -1
          0     0     0     0     0     0     0    -1    -1    -2    -2    -2    -3    -3    -2     1    14    16    15    25
         25    25    25    25    25    25    25    25    25    25    25    25    25    25    25    25    25    25    25    25
         25    25    25    25    25    25    25    25    25    25    25    25    25    25    25    25    25    25    25    25
         25    25    25    25
  18   1000   988   952   895   821   735   641   546   454   368   291   225   170   125    90    63    43    29    19    12
          8     5     3     2     1     1     1     1     1     1     1     0     0     0     0     0     0     0     0     0
         -1    -1    -1    -2    -2    -2    -1     3    14    20    18     8     0    -1    -2    -2    -2    -1    -1     0
          0     0     0     0     0     0    -1    -1    -2    -2    -2    -3    -3    -2     1    14    16    15    25    25
         25    25    25    25    25    25    25    25    25    25    25    25    25    25    25    25    25    25    25    25
         25    25    25    25    25    25    25    25    25    25    25    25    25    25    25    25    25    25    25    25
         25    25    25
  19   1000   988   952   895   821   735   641   546   454   368   291   225   170   125    90    63    43    29    19    12
          8     5     3     2     1     1     1     1     1     1     0     0     0     0     0     0     0     0     0    -1
         -1    -1    -2    -2    -2    -1     3    14    20    18     8     0    -1    -2    -2    -2    -1    -1     0     0
          0     0     0     0     0    -1    -1    -2    -2    -2    -3    -3    -2     1    14    16    15    25    25    25
         25    25    25    25    25    25    25    25    25    25    25    25    25    25    25    25    25    25    25    25
         25    25    25    25    25    25    25    25    25    25    25    25    25    25    25    25    25    25    25    25
         25    25
  20   1000   988   952   895   821   735   641   546   454   368   291   225   170   125    90    63    43    29    19    12
          8     5     3     2     1     1     1     1     1     0     0     0     0     0     0     0     0     0    -1    -1
         -1    -2    -2    -2    -1     3    14    20    18     8     0    -1    -2    -2    -2    -1    -1     0     0     0
          0     0     0     0    -1    -1    -2    -2    -2    -3    -3    -2     1    14    16    15    25    25    25    25
         25    25    25    25    25    25    25    25    25    25    25    25    25    25    25    25    25    25    25    25
         25    25    25    25    25    25    25    25    25    25    25    25    25    25    25    25    25    25    25    25
         25
  21   1000   988   952   895   821   735   641   546   454   368   291   225   170   125    90    63    43    29    19    12
          8     5     3     2     1     1     1     1     0     0     0     0     0     0     0     0     0    -1    -1    -1
         -2    -2    -2    -1     3    14    20    18     8     0    -1    -2    -2    -2    -1    -1     0     0     0     0
          0     0     0    -1    -1    -2    -2    -2    -3    -3    -2     1    14    16    15    25    25    25    25    25
         25    25    25    25    25    25    25    25    25    25    25    25    25    25    25    25    25    25    25    25
         25    25    25    25    25    25    25    25    25    25    25    25    25    25    25    25    25    25    25    25
  22   1000   988   952   895   821   735   641   546   454   368   291   225   170   125    90    63    43    29    19    12
          8     5     3     2     1     1     1     1     0     0     0     0     0     0     0     0    -1    -1    -1    -2
         -2    -2    -1     3    14    20    18     8     0    -1    -2    -2    -2    -1    -1     0     0     0     0     0
          0     0    -1    -1    -2    -2    -2    -3    -3    -2     1    14    16    15    25    25    25    25    25    25
         25    25    25    25    25    25    25    25    25    25    25    25    25    25    25    25    25    25    25    25
         25    25    25    25    25    25    25    25    25    25    25    25    25    25    25    25    25    25    25
  23   1000   988   952   895   821   735   641   546   454   368   291   225   170   125    90    63    43    29    19    12
          8     5     3     2     1     1     1     1     0     0     0     0     0     0     0    -1    -1    -1    -2    -2
         -2    -1     3    14    20    18     8     0    -1    -2    -2    -2    -1    -1     0     0     0     0     0     0
          0    -1    -1    -2    -2    -2    -3    -3    -2     1    14    16    15    25    25    25    25    25    25    25
         25    25    25    25    25    25    25    25    25    25    25    25    25    25    25    25    25    25    25    25
         25    25    25    25    25    25    25    25    25    25    25    25    25    25    25    25    25    25
  24   1000   988   952   895   821   735   641   546   454   368   291   225   170   125    90    63    43    29    19    12
          8     5     3     2     1     1     1     0     0     0     0     0     0     0    -1    -1    -1    -2    -2    -2
         -1     3    14    20    18     8     0    -1    -2    -2    -2    -1    -1     0     0     0     0     0     0     0
         -1    -1    -2    -2    -2    -3    -3    -2     1    14    16    15    25    25    25    25    25    25    25    25
         25    25    25    25    25    25    25    25    25    25    25    25    25    25    25    25    25    25    25    25
         25    25    25    25    25    25    25    25    25    25    25    25    25    25    25    25    25
  25   1000   988   952   895   821   735   641   546   454   368   291   225   170   125    90    63    43    29    19    12
          8     5     3     2     1     1     1     0     0     0     0     0     0    -1    -1    -1    -2    -2    -2    -1
          3    14    20    18     8     0    -1    -2    -2    -2    -1    -1     0     0     0     0     0     0     0    -1
         -1    -2    -2    -2    -3    -3    -2     1    14    16    15    25    25    25    25    25    25    25    25    25
         25    25    25    25    25    25    25    25    25    25    25    25    25    25    25    25    25    25    25    25
         25    25    25    25    25    25    25    25    25    25    25    25    25    25    25    25
  26   1000   988   952   895   821   735   641   546   454   368   291   225   170   125    90    63    43    29    19    12
          8     5     3     2     1     1     0     0     0     0     0     0    -1    -1    -1    -2    -2    -2    -1     3
         14    20    18     8     0    -1    -2    -2    -2    -1    -1     0     0     0     0     0     0     0    -1    -1
         -2    -2    -2    -3    -3    -2     1    14    16    15    25    25    25    25    25    25    25    25    25    25
         25    25    25    25    25    25    25    25    25    25    25    25    25    25    25    25    25    25    25    25
         25    25    25    25    25    25    25    25    25    25    25    25    25    25    25
  27   1000   988   952   895   821   735   641   546   454   368   291   225   170   125    90    63    43    29    19    12
          8     5     3     2     1     1     0     0     0     0     0    -1    -1    -1    -2    -2    -2    -1     3    14
         20    18     8     0    -1    -2    -2    -2    -1    -1     0     0     0     0     0     0     0    -1    -1    -2
         -2    -2    -3    -3    -2     1    14    16    15    25    25    25    25    25    25    25    25    25    25    25
         25    25    25    25    25    25    25    25    25    25    25    25    25    25    25    25    25    25    25    25
         25    25    25    25    25    25    25    25    25    25    25    25    25    25
  28   1000   988   952   895   821   735   641   546   454   368   291   225   170   125    90    63    43    29    19    12
          8     5     3     2     1     0     0     0     0     0    -1    -1    -1    -2    -2    -2    -1     3    14    20
         18     8     0    -1    -2    -2    -2    -1    -1     0     0     0     0     0     0     0    -1    -1    -2    -2
         -2    -3    -3    -2     1    14    16    15    25    25    25    25    25    25    25    25    25    25    25    25
         25    25    25    25    25    25    25    25    25    25    25    25    25    25    25    25    25    25    25    25
         25    25    25    25    25    25    25    25    25    25    25    25    25
  29   1000   988   952   895   821   735   641   546   454   368   291   225   170   125    90    63    43    29    19    12
          8     5     3     2     1     0     0     0     0    -1    -1    -1    -2    -2    -2    -1     3    14    20    18
          8     0    -1    -2    -2    -2    -1    -1     0     0     0     0     0     0     0    -1    -1    -2    -2    -2
         -3    -3    -2     1    14    16    15    25    25    25    25    25    25    25    25    25    25    25    25    25
         25    25    25    25    25    25    25    25    25    25    25    25    25    25    25    25    25    25    25    25
         25    25    25    25    25    25    25    25    25    25    25    25
  30   1000   988   952   895   821   735   641   546   454   368   291   225   170   125    90    63    43    29    19    12
          8     5     3     1     1     0     0     0    -1    -1    -1    -2    -2    -2    -1     3    14    20    18     8
          0    -1    -2    -2    -2    -1    -1     0     0     0     0     0     0     0    -1    -1    -2    -2    -2    -3
         -3    -2     1    14    16    15    25    25    25    25    25    25    25    25    25    25    25    25    25    25
         25    25    25    25    25    25    25    25    25    25    25    25    25    25    25    25    25    25    25    25
         25    25    25    25    25    25    25    25    25    25    25
  31   1000   988   952   895   821   735   641   546   454   368   291   225   170   125    89    63    43    29    19    12
          7     5     3     1     0     0     0     0    -1    -1    -2    -2    -2    -1     3    14    20    18     8     0
         -1    -2    -2    -2    -1    -1     0     0     0     0     0     0     0    -1    -1    -2    -2    -2    -3    -3
         -2     1    14    16    15    25    25    25    25    25    25    25    25    25    25    25    25    25    25    25
         25    25    25    25    25    25    25    25    25    25    25    25    25    25    25    25    25    25    25    25
         25    25    25    25    25    25    25    25    25    25
  32   1000   988   952   895   821   735   641   546   454   368   291   225   170   125    89    63    43    29    19    12
          7     4     2     1     0     0     0    -1    -1    -2    -2    -2    -1     3    14    20    18     8     0    -1
         -2    -2    -2    -1    -1     0     0     0     0     0     0     0    -1    -1    -2    -2    -2    -3    -3    -2
          1    14    16    15    25    25    25    25    25    25    25    25    25    25    25    25    25    25    25    25
         25    25    25    25    25    25    25    25    25    25    25    25    25    25    25    25    25    25    25    25
         25    25    25    25    25    25    25    25    25
  33   1000   988   952   895   821   735   641   546   454   368   291   225   170   125    89    63    43    29    19    12
          7     4     2     1     0     0    -1    -1    -2    -2    -2    -1     3    14    20    18     8     0    -1    -2
         -2    -2    -1    -1     0     0     0     0     0     0     0    -1    -1    -2    -2    -2    -3    -3    -2     1
         14    16    15    25    25    25    25    25    25    25    25    25    25    25    25    25    25    25    25    25
         25    25    25    25    25    25    25    25    25    25    25    25    25    25    25    25    25    25    25    25
         25    25    25    25    25    25    25    25
  34   1000   988   952   895   821   735   641   546   454   368   291   225   170   125    89    63    43    29    19    12
          7     4     2     0     0    -1    -1    -2    -2    -2    -1     3    14    20    18     8     0    -1    -2    -2
         -2    -1    -1     0     0     0     0     0     0     0    -1    -1    -2    -2    -2    -3    -3    -2     1    14
         16    15    25    25    25    25    25    25    25    25    25    25    25    25    25    25    25    25    25    25
         25    25    25    25    25    25    25    25    25    25    25    25    25    25    25    25    25    25    25    25
         25    25    25    25    25    25    25
  35   1000   988   952   895   821   735   641   546   454   368   291   225   169   125    89    63    43    28    18    11
          7     4     1     0     0    -1    -2    -2    -2    -1     3    14    20    18     8     0    -1    -2    -2    -2
         -1    -1     0     0     0     0     0     0     0    -1    -1    -2    -2    -2    -3    -3    -2     1    14    16
         15    25    25    25    25    25    25    25    25    25    25    25    25    25    25    25    25    25    25    25
         25    25    25    25    25    25    25    25    25    25    25    25    25    25    25    25    25    25    25    25
         25    25    25    25    25    25
  36   1000   988   952   895   821   735   641   546   454   368   291   225   169   125    89    63    43    28    18    11
          7     3     1     0    -1    -1    -2    -2    -1     3    14    20    18     8     0    -1    -2    -2    -2    -1
         -1     0     0     0     0     0     0     0    -1    -1    -2    -2    -2    -3    -3    -2     1    14    16    15
         25    25    25    25    25    25    25    25    25    25    25    25    25    25    25    25    25    25    25    25
         25    25    25    25    25    25    25    25    25    25    25    25    25    25    25    25    25    25    25    25
         25    25    25    25    25
  37   1000   988   952   895   821   735   641   546   454   368   291   225   169   125    89    62    43    28    18    11
          6     3     1     0    -1    -2    -2     0     3    14    20    18     8     0    -1    -2    -2    -2    -1    -1
          0     0     0     0     0     0     0    -1    -1    -2    -2    -2    -3    -3    -2     1    14    16    15    25
         25    25    25    25    25    25    25    25    25    25    25    25    25    25    25    25    25    25    25    25
         25    25    25    25    25    25    25    25    25    25    25    25    25    25    25    25    25    25    25    25
         25    25    25    25
  38   1000   988   952   895   821   735   641   546   454   368   291   225   169   125    89    62    42    28    18    11
          6     3     0     0    -1    -1     0     3    14    20    18     8     0    -1    -2    -2    -2    -1    -1     0
          0     0     0     0     0     0    -1    -1    -2    -2    -2    -3    -3    -2     1    14    16    15    25    25
         25    25    25    25    25    25    25    25    25    25    25    25    25    25    25    25    25    25    25    25
         25    25    25    25    25    25    25    25    25    25    25    25    25    25    25    25    25    25    25    25
         25    25    25
  39   1000   988   952   895   821   735   641   546   454   368   291   225   169   124    89    62    42    28    18    11
          6     2     0     0    -1     0     3    14    20    18     7     0    -1    -2    -2    -2    -1    -1     0     0
          0     0     0     0     0    -1    -1    -2    -2    -2    -3    -3    -2     1    14    16    15    25    25    25
         25    25    25    25    25    25    25    25    25    25    25    25    25    25    25    25    25    25    25    25
         25    25    25    25    25    25    25    25    25    25    25    25    25    25    25    25    25    25    25    25
         25    25
  40   1000   988   952   895   821   735   641   546   454   368   291   225   169   125    89    62    42    28    18    10
          5     2     0     0     0     4    14    20    18     7     0    -2    -2    -2    -2    -1    -1    -1     0     0
          0     0     0     0    -1    -1    -2    -2    -2    -3    -3    -2     1    14    16    15    25    25    25    25
         25    25    25    25    25    25    25    25    25    25    25    25    25    25    25    25    25    25    25    25
         25    25    25    25    25    25    25    25    25    25    25    25    25    25    25    25    25    25    25    25
         25
  41   1000   988   952   895   821   735   641   546   454   368   291   225   170   125    89    62    42    28    17    10
          5     2     0     0     4    14    20    18     7     0    -2    -2    -2    -2    -1    -1    -1     0     0     0
          0     0     0    -1    -1    -1    -2    -2    -3    -3    -2     1    14    16    15    25    25    25    25    25
         25    25    25    25    25    25    25    25    25    25    25    25    25    25    25    25    25    25    25    25
         25    25    25    25    25    25    25    25    25    25    25    25    25    25    25    25    25    25    25    25
  42   1000   988   952   895   821   735   641   546   454   368   292   225   170   125    90    63    43    28    17    10
          5     2     1     5    14    19    18     7     0    -2    -2    -2    -2    -1    -1    -1     0     0     0     0
          0     0    -1    -1    -1    -2    -2    -3    -2    -2     1    14    16    15    25    25    25    25    25    25
         25    25    25    25    25    25    25    25    25    25    25    25    25    25    25    25    25    25    25    25
         25    25    25    25    25    25    25    25    25    25    25    25    25    25    25    25    25    25    25
  43   1000   988   952   895   821   735   641   546   454   369   292   226   170   125    90    63    43    28    18    10
          5     3     6    15    19    18     7     0    -2    -3    -3    -2    -2    -1    -1     0     0     0     0     0
          0    -1    -1    -1    -2    -2    -2    -2    -1     2    14    16    15    25    25    25    25    25    25    25
         25    25    25    25    25    25    25    25    25    25    25    25    25    25    25    25    25    25    25    25
         25    25    25    25    25    25    25    25    25    25    25    25    25    25    25    25    25    25
  44   1000   988   952   895   821   735   642   547   455   369   292   226   171   126    91    64    43    28    18    10
          7     7    15    19    17     6     0    -3    -3    -3    -2    -2    -1    -1    -1     0     0     0     0     0
         -1    -1    -1    -2    -2    -2    -2    -1     2    14    16    15    25    25    25    25    25    25    25    25
         25    25    25    25    25    25    25    25    25    25    25    25    25    25    25    25    25    25    25    25
         25    25    25    25    25    25    25    25    25    25    25    25    25    25    25    25    25
  45   1000   988   952   895   821   735   642   547   455   370   293   227   172   127    92    65    44    29    18    11
         10    16    19    17     5    -1    -4    -4    -4    -3    -2    -2    -1    -1     0     0     0     0     0    -1
         -1    -1    -2    -2    -2    -2    -1     2    14    15    15    24    24    24    24    24    24    24    24    24
         24    24    24    24    24    24    24    24    24    24    24    24    24    24    24    24    24    24    24    24
         24    24    24    24    24    24    24    24    24    24    24    24    24    24    24    24
  46   1000   988   952   895   821   735   642   547   456   371   295   229   174   129    93    66    45    29    19    14
         17    19    16     4    -3    -5    -5    -5    -4    -3    -2    -2    -1    -1     0     0     0     0     0    -1
         -1    -1    -2    -2    -2    -1     2    14    15    15    24    24    24    24    24    24    24    24    24    24
         24    24    24    24    24    24    24    24    24    24    24    24    24    24    24    24    24    24    24    24
         24    24    24    24    24    24    24    24    24    24    24    24    24    24    24
  47   1000   988   952   895   821   735   643   548   457   372   296   231   176   131    95    66    45    29    21    20
         19    15     2    -5    -7    -7    -6    -5    -4    -3    -2    -2    -1    -1     0     0     0     0    -1    -1
         -1    -1    -1    -1     0     3    14    15    15    23    23    23    23    23    23    23    23    23    23    23
         23    23    23    23    23    23    23    23    23    23    23    23    23    23    23    23    23    23    23    23
         23    23    23    23    23    23    23    23    23    23    23    23    23    23
  48   1000   988   952   895   821   736   644   550   459   375   299   234   178   133    96    67    45    30    23    19
         13     0    -8   -10   -10    -9    -7    -6    -5    -4    -3    -2    -1    -1     0     0     0     0     0    -1
         -1    -1     0     0     3    14    15    14    21    21    21    21    21    21    21    21    21    21    21    21
         21    21    21    21    21    21    21    21    21    21    21    21    21    21    21    21    21    21    21    21
         21    21    21    21    21    21    21    21    21    21    21    21    21
  49   1000   988   952   895   822   737   645   552   462   378   302   237   181   134    96    65    43    28    19    11
         -3   -12   -14   -13   -12   -10    -8    -7    -5    -4    -3    -2    -1    -1     0     0     0     0     0     0
          0     0     1     4    14    14    14    19    19    19    19    19    19    19    19    19    19    19    19    19
         19    19    19    19    19    19    19    19    19    19    19    19    19    19    19    19    19    19    19    19
         19    19    19    19    19    19    19    19    19    19    19    19
  50   1000   988   952   896   823   738   647   555   465   381   306   239   182   133    93    61    35    19     9    -7
        -17   -19   -18   -17   -14   -12    -9    -7    -6    -4    -3    -2    -1     0     0     0     0     0     1     1
          1     2     5    13    14    13    17    17    17    17    17    17    17    17    17    17    17    17    17    17
         17    17    17    17    17    17    17    17    17    17    17    17    17    17    17    17    17    17    17    17
         17    17    17    17    17    17    17    17    17    17    17
  51   1000   988   952   896   824   740   650   558   469   385   309   240   181   130    86    46    20     6   -12   -23
        -26   -25   -23   -20   -16   -13   -10    -8    -6    -4    -2    -1     0     0     0     1     2     2     3     4
          5     7    13    13    13    13    13    13    13    13    13    13    13    13    13    13    13    13    13    13
         13    13    13    13    13    13    13    13    13    13    13    13    13    13    13    13    13    13    13    13
         13    13    13    13    13    13    13    13    13    13
  52   1000   988   953   897   825   742   653   562   472   388   309   238   175   118    60    23     3   -18   -31   -34
        -33   -30   -27   -22   -18   -14   -11    -8    -6    -3    -2     0     0     2     3     4     5     6     7     8
         10    12    12    12     8     8     8     8     8     8     8     8     8     8     8     8     8     8     8     8
          8     8     8     8     8     8     8     8     8     8     8     8     8     8     8     8     8     8     8     8
          8     8     8     8     8     8     8     8     8
  53   1000   988   953   898   827   745   656   565   475   388   306   230   158    79    27     1   -23   -39   -44   -44
        -40   -35   -30   -25   -20   -15   -11    -8    -5    -2     0     1     3     5     6     8     9    11    12    13
         11    11    10     1     1     1     1     1     1     1     1     1     1     1     1     1     1     1     1     1
          1     1     1     1     1     1     1     1     1     1     1     1     1     1     1     1     1     1     1     1
          1     1     1     1     1     1     1     1
  54   1000   988   954   900   829   748   659   567   474   383   295   207   103    33     0   -28   -47   -55   -55   -52
        -46   -40   -33   -26   -20   -15   -10    -6    -3     0     2     5     7    10    12    14    16    17    17    10
          9     9    -6    -6    -6    -6    -6    -6    -6    -6    -6    -6    -6    -6    -6    -6    -6    -6    -6    -6
         -6    -6    -6    -6    -6    -6    -6    -6    -6    -6    -6    -6    -6    -6    -6    -6    -6    -6    -6    -6
         -6    -6    -6    -6    -6    -6    -6
  55   1000   988   954   901   831   750   660   565   468   369   265   134    42     1   -31   -55   -66   -68   -65   -59
        -51   -42   -34   -27   -20   -14    -8    -4     0     3     7    10    14    17    20    22    23    22     9     7
          7   -17   -17   -17   -17   -17   -17   -17   -17   -17   -17   -17   -17   -17   -17   -17   -17   -17   -17   -17
        -17   -17   -17   -17   -17   -17   -17   -17   -17   -17   -17   -17   -17   -17   -17   -17   -17   -17   -17   -17
        -17   -17   -17   -17   -17   -17
  56   1000   988   955   902   832   750   657   557   450   331   171    54     5   -30   -60   -77   -81   -79   -72   -63
        -53   -43   -34   -25   -18   -11    -5     0     5    10    14    19    23    27    30    31    28     8     5     5
        -29   -29   -29   -29   -29   -29   -29   -29   -29   -29   -29   -29   -29   -29   -29   -29   -29   -29   -29   -29
        -29   -29   -29   -29   -29   -29   -29   -29   -29   -29   -29   -29   -29   -29   -29   -29   -29   -29   -29   -29
        -29   -29   -29   -29   -29
  57   1000   989   955   902   831   746   647   537   406   214    71    13   -24   -61   -84   -93   -93   -87   -77   -66
        -54   -42   -32   -22   -13    -6     0     7    13    19    25    30    35    39    41    36     7     3     3   -44
        -44   -44   -44   -44   -44   -44   -44   -44   -44   -44   -44   -44   -44   -44   -44   -44   -44   -44   -44   -44
        -44   -44   -44   -44   -44   -44   -44   -44   -44   -44   -44   -44   -44   -44   -44   -44   -44   -44   -44   -44
        -44   -44   -44   -44
  58   1000   989   955   901   827   736   626   486   264    93    27    -9   -56   -87  -102  -105  -100   -90   -78   -65
        -51   -39   -27   -17    -7     1     9    17    24    32    39    45    50    52    45     6     0     1   -60   -60
        -60   -60   -60   -60   -60   -60   -60   -60   -60   -60   -60   -60   -60   -60   -60   -60   -60   -60   -60   -60
        -60   -60   -60   -60   -60   -60   -60   -60   -60   -60   -60   -60   -60   -60   -60   -60   -60   -60   -60   -60
        -60   -60   -60
  59   1000   989   954   897   818   714   570   321   122    49    14   -40   -82  -105  -113  -111  -103   -90   -76   -61
        -46   -32   -20    -8     2    12    21    31    40    48    56    62    65    56     6    -1     0   -78   -78   -78
        -78   -78   -78   -78   -78   -78   -78   -78   -78   -78   -78   -78   -78   -78   -78   -78   -78   -78   -78   -78
        -78   -78   -78   -78   -78   -78   -78   -78   -78   -78   -78   -78   -78   -78   -78   -78   -78   -78   -78   -78
        -78   -78
  60   1000   988   952   890   798   657   384   157    80    53   -11   -65   -99  -115  -117  -111  -100   -85   -69   -53
        -38   -23    -9     3    15    26    38    49    59    69    76    80    69     6    -1     0   -96   -96   -96   -96
        -96   -96   -96   -96   -96   -96   -96   -96   -96   -96   -96   -96   -96   -96   -96   -96   -96   -96   -96   -96
        -96   -96   -96   -96   -96   -96   -96   -96   -96   -96   -96   -96   -96   -96   -96   -96   -96   -96   -96   -96
        -96
  61   1000   987   947   874   742   452   201   123   109    35   -33   -79  -105  -115  -114  -105   -91   -76   -59   -42
        -25   -10     4    18    32    45    59    71    83    92    96    83    10     0     1  -112  -112  -112  -112  -112
       -112  -112  -112  -112  -112  -112  -112  -112  -112  -112  -112  -112  -112  -112  -112  -112  -112  -112  -112  -112
       -112  -112  -112  -112  -112  -112  -112  -112  -112  -112  -112  -112  -112  -112  -112  -112  -112  -112  -112  -112
  62   1000   986   937   823   527   258   183   187   103    18   -42   -80  -100  -106  -103   -92   -78   -61   -44   -27
        -10     6    22    38    53    69    83    97   107   113    99    19     7     8  -122  -122  -122  -122  -122  -122
       -122  -122  -122  -122  -122  -122  -122  -122  -122  -122  -122  -122  -122  -122  -122  -122  -122  -122  -122  -122
       -122  -122  -122  -122  -122  -122  -122  -122  -122  -122  -122  -122  -122  -122  -122  -122  -122  -122  -122
  63   1000   981   898   612   334   267   292   197    95    17   -36   -68   -84   -88   -84   -73   -59   -43   -26    -8
          8    26    43    60    78    94   110   122   129   118    39    27    27  -114  -114  -114  -114  -114  -114  -114
       -114  -114  -114  -114  -114  -114  -114  -114  -114  -114  -114  -114  -114  -114  -114  -114  -114  -114  -114  -114
       -114  -114  -114  -114  -114  -114  -114  -114  -114  -114  -114  -114  -114  -114  -114  -114  -114  -114
  64   1000   962   718   449   397   435   321   199   102    32   -15   -44   -59   -62   -59   -49   -36   -21    -5    11
         28    46    64    82   100   117   131   142   141    87    76    75   -59   -59   -59   -59   -59   -59   -59   -59
        -59   -59   -59   -59   -59   -59   -59   -59   -59   -59   -59   -59   -59   -59   -59   -59   -59   -59   -59   -59
        -59   -59   -59   -59   -59   -59   -59   -59   -59   -59   -59   -59   -59   -59   -59   -59   -59
  65   1000   871   656   619   626   467   319   205   119    57    15   -11   -26   -31   -30   -23   -13    -2    11    25
         40    55    70    86   103   119   139   169   208   206   199   126   126   126   126   126   126   126   126   126
        126   126   126   126   126   126   126   126   126   126   126   126   126   126   126   126   126   126   126   126
        126   126   126   126   126   126   126   126   126   126   126   126   126   126   126   126
  66   1000   942   915   776   524   357   245   165   106    63    33    13     0    -5    -7    -7    -5    -2     1     4
          8    13    19    28    44    78   178   445   465   447   562   562   562   562   562   562   562   562   562   562
        562   562   562   562   562   562   562   562   562   562   562   562   562   562   562   562   562   562   562   562
        562   562   562   562   562   562   562   562   562   562   562   562   562   562   562
  67   1000   984   769   494   342   251   187   140   103    75    53    36    23    13     6     0    -6   -12   -17   -22
        -26   -28   -25   -12    26   159   543   576   553   779   779   779   779   779   779   779   779   779   779   779
        779   779   779   779   779   779   779   779   779   779   779   779   779   779   779   779   779   779   779   779
        779   779   779   779   779   779   779   779   779   779   779   779   779   779
  68   1000   858   626   490   402   335   279   230   187   149   117    90    67    48    33    20    10     1    -5   -10
        -11    -8     4    41   165   520   549   527   725   725   725   725   725   725   725   725   725   725   725   725
        725   725   725   725   725   725   725   725   725   725   725   725   725   725   725   725   725   725   725   725
        725   725   725   725   725   725   725   725   725   725   725   725   725
  69   1000   933   846   764   682   601   520   442   370   304   246   196   156   124   101    85    75    71    72    77
         86    99   122   179   308   314   302   301   301   301   301   301   301   301   301   301   301   301   301   301
        301   301   301   301   301   301   301   301   301   301   301   301   301   301   301   301   301   301   301   301
        301   301   301   301   301   301   301   301   301   301   301   301
  70   1000   977   928   863   786   703   617   531   448   372   305   247   201   166   141   126   118   118   122   130
        139   148   155   129   121   117     2     2     2     2     2     2     2     2     2     2     2     2     2     2
          2     2     2     2     2     2     2     2     2     2     2     2     2     2     2     2     2     2     2     2
          2     2     2     2     2     2     2     2     2     2     2
  71   1000   985   945   887   815   734   648   560   475   397   327   268   220   184   159   144   136   135   138   142
        144   132    58    45    44   -94   -94   -94   -94   -94   -94   -94   -94   -94   -94   -94   -94   -94   -94   -94
        -94   -94   -94   -94   -94   -94   -94   -94   -94   -94   -94   -94   -94   -94   -94   -94   -94   -94   -94   -94
        -94   -94   -94   -94   -94   -94   -94   -94   -94   -94
  72   1000   987   951   897   827   748   661   574   488   408   338   278   230   193   168   151   142   138   137   133
        115    30    16    15  -118  -118  -118  -118  -118  -118  -118  -118  -118  -118  -118  -118  -118  -118  -118  -118
       -118  -118  -118  -118  -118  -118  -118  -118  -118  -118  -118  -118  -118  -118  -118  -118  -118  -118  -118  -118
       -118  -118  -118  -118  -118  -118  -118  -118  -118
  73   1000   988   954   901   833   754   668   579   493   413   343   283   234   197   171   152   141   133   124   102
         19     5     4  -114  -114  -114  -114  -114  -114  -114  -114  -114  -114  -114  -114  -114  -114  -114  -114  -114
       -114  -114  -114  -114  -114  -114  -114  -114  -114  -114  -114  -114  -114  -114  -114  -114  -114  -114  -114  -114
       -114  -114  -114  -114  -114  -114  -114  -114
  74   1000   989   956   904   836   756   670   581   495   415   344   284   236   198   169   148   132   118    93    16
          2     0  -102  -102  -102  -102  -102  -102  -102  -102  -102  -102  -102  -102  -102  -102  -102  -102  -102  -102
       -102  -102  -102  -102  -102  -102  -102  -102  -102  -102  -102  -102  -102  -102  -102  -102  -102  -102  -102  -102
       -102  -102  -102  -102  -102  -102  -102
  75   1000   989   956   904   836   756   670   581   495   415   344   284   234   194   163   139   118    90    18     3
          0   -86   -86   -86   -86   -86   -86   -86   -86   -86   -86   -86   -86   -86   -86   -86   -86   -86   -86   -86
        -86   -86   -86   -86   -86   -86   -86   -86   -86   -86   -86   -86   -86   -86   -86   -86   -86   -86   -86   -86
        -86   -86   -86   -86   -86   -86
  76   1000   989   956   904   836   755   668   580   494   414   343   281   230   188   154   124    91    23     6     0
        -71   -71   -71   -71   -71   -71   -71   -71   -71   -71   -71   -71   -71   -71   -71   -71   -71   -71   -71   -71
        -71   -71   -71   -71   -71   -71   -71   -71   -71   -71   -71   -71   -71   -71   -71   -71   -71   -71   -71   -71
        -71   -71   -71   -71   -71
  77   1000   989   956   903   835   754   667   579   492   412   340   277   223   178   139    99    31    10     1   -57
        -57   -57   -57   -57   -57   -57   -57   -57   -57   -57   -57   -57   -57   -57   -57   -57   -57   -57   -57   -57
        -57   -57   -57   -57   -57   -57   -57   -57   -57   -57   -57   -57   -57   -57   -57   -57   -57   -57   -57   -57
        -57   -57   -57   -57
  78   1000   989   956   903   834   753   666   578   491   410   336   270   213   163   115    42    16     4   -47   -47
        -47   -47   -47   -47   -47   -47   -47   -47   -47   -47   -47   -47   -47   -47   -47   -47   -47   -47   -47   -47
        -47   -47   -47   -47   -47   -47   -47   -47   -47   -47   -47   -47   -47   -47   -47   -47   -47   -47   -47   -47
        -47   -47   -47
  79   1000   989   955   902   833   753   666   576   489   406   329   260   198   139    57    25     7   -40   -40   -40
        -40   -40   -40   -40   -40   -40   -40   -40   -40   -40   -40   -40   -40   -40   -40   -40   -40   -40   -40   -40
        -40   -40   -40   -40   -40   -40   -40   -40   -40   -40   -40   -40   -40   -40   -40   -40   -40   -40   -40   -40
        -40   -40
  80   1000   989   955   902   833   753   665   575   485   399   318   244   173    76    36    12   -37   -37   -37   -37
        -37   -37   -37   -37   -37   -37   -37   -37   -37   -37   -37   -37   -37   -37   -37   -37   -37   -37   -37   -37
        -37   -37   -37   -37   -37   -37   -37   -37   -37   -37   -37   -37   -37   -37   -37   -37   -37   -37   -37   -37
        -37
  81   1000   989   955   902   833   752   663   571   478   388   302   217   101    50    18   -38   -38   -38   -38   -38
        -38   -38   -38   -38   -38   -38   -38   -38   -38   -38   -38   -38   -38   -38   -38   -38   -38   -38   -38   -38
        -38   -38   -38   -38   -38   -38   -38   -38   -38   -38   -38   -38   -38   -38   -38   -38   -38   -38   -38   -38
  82   1000   989   955   902   833   751   660   564   466   370   272   132    68    28   -43   -43   -43   -43   -43   -43
        -43   -43   -43   -43   -43   -43   -43   -43   -43   -43   -43   -43   -43   -43   -43   -43   -43   -43   -43   -43
        -43   -43   -43   -43   -43   -43   -43   -43   -43   -43   -43   -43   -43   -43   -43   -43   -43   -43   -43
  83   1000   989   955   902   831   747   653   552   447   337   169    92    43   -53   -53   -53   -53   -53   -53   -53
        -53   -53   -53   -53   -53   -53   -53   -53   -53   -53   -53   -53   -53   -53   -53   -53   -53   -53   -53   -53
        -53   -53   -53   -53   -53   -53   -53   -53   -53   -53   -53   -53   -53   -53   -53   -53   -53   -53
  84   1000   989   955   901   828   740   640   532   411   213   122    63   -66   -66   -66   -66   -66   -66   -66   -66
        -66   -66   -66   -66   -66   -66   -66   -66   -66   -66   -66   -66   -66   -66   -66   -66   -66   -66   -66   -66
        -66   -66   -66   -66   -66   -66   -66   -66   -66   -66   -66   -66   -66   -66   -66   -66   -66
  85   1000   988   954   898   822   729   621   493   264   160    92   -81   -81   -81   -81   -81   -81   -81   -81   -81
        -81   -81   -81   -81   -81   -81   -81   -81   -81   -81   -81   -81   -81   -81   -81   -81   -81   -81   -81   -81
        -81   -81   -81   -81   -81   -81   -81   -81   -81   -81   -81   -81   -81   -81   -81   -81
  86   1000   988   952   893   812   710   580   322   205   129   -99   -99   -99   -99   -99   -99   -99   -99   -99   -99
        -99   -99   -99   -99   -99   -99   -99   -99   -99   -99   -99   -99   -99   -99   -99   -99   -99   -99   -99   -99
        -99   -99   -99   -99   -99   -99   -99   -99   -99   -99   -99   -99   -99   -99   -99
  87   1000   988   950   886   797   670   385   260   178  -118  -118  -118  -118  -118  -118  -118  -118  -118  -118  -118
       -118  -118  -118  -118  -118  -118  -118  -118  -118  -118  -118  -118  -118  -118  -118  -118  -118  -118  -118  -118
       -118  -118  -118  -118  -118  -118  -118  -118  -118  -118  -118  -118  -118  -118
  88   1000   987   946   875   759   455   324   239  -134  -134  -134  -134  -134  -134  -134  -134  -134  -134  -134  -134
       -134  -134  -134  -134  -134  -134  -134  -134  -134  -134  -134  -134  -134  -134  -134  -134  -134  -134  -134  -134
       -134  -134  -134  -134  -134  -134  -134  -134  -134  -134  -134  -134  -134
  89   1000   985   939   842   528   398   314  -145  -145  -145  -145  -145  -145  -145  -145  -145  -145  -145  -145  -145
       -145  -145  -145  -145  -145  -145  -145  -145  -145  -145  -145  -145  -145  -145  -145  -145  -145  -145  -145  -145
       -145  -145  -145  -145  -145  -145  -145  -145  -145  -145  -145  -145
  90   1000   983   914   606   484   407  -142  -142  -142  -142  -142  -142  -142  -142  -142  -142  -142  -142  -142  -142
       -142  -142  -142  -142  -142  -142  -142  -142  -142  -142  -142  -142  -142  -142  -142  -142  -142  -142  -142  -142
       -142  -142  -142  -142  -142  -142  -142  -142  -142  -142  -142
  91   1000   969   695   589   523  -105  -105  -105  -105  -105  -105  -105  -105  -105  -105  -105  -105  -105  -105  -105
       -105  -105  -105  -105  -105  -105  -105  -105  -105  -105  -105  -105  -105  -105  -105  -105  -105  -105  -105  -105
       -105  -105  -105  -105  -105  -105  -105  -105  -105  -105
  92   1000   834   758   708    56    56    56    56    56    56    56    56    56    56    56    56    56    56    56    56
         56    56    56    56    56    56    56    56    56    56    56    56    56    56    56    56    56    56    56    56
         56    56    56    56    56    56    56    56    56
  93   1000   986   952   574   574   574   574   574   574   574   574   574   574   574   574   574   574   574   574   574
        574   574   574   574   574   574   574   574   574   574   574   574   574   574   574   574   574   574   574   574
        574   574   574   574   574   574   574   574
  94   1000   988   624   624   624   624   624   624   624   624   624   624   624   624   624   624   624   624   624   624
        624   624   624   624   624   624   624   624   624   624   624   624   624   624   624   624   624   624   624   624
        624   624   624   624   624   624   624
  95   1000   597   597   597   597   597   597   597   597   597   597   597   597   597   597   597   597   597   597   597
        597   597   597   597   597   597   597   597   597   597   597   597   597   597   597   597   597   597   597   597
        597   597   597   597   597   597
  96   1000  1000  1000  1000  1000  1000  1000  1000  1000  1000  1000  1000  1000  1000  1000  1000  1000  1000  1000  1000
       1000  1000  1000  1000  1000  1000  1000  1000  1000  1000  1000  1000  1000  1000  1000  1000  1000  1000  1000  1000
       1000  1000  1000  1000  1000
  97   1000  1000  1000  1000  1000  1000  1000  1000  1000  1000  1000  1000  1000  1000  1000  1000  1000  1000  1000  1000
       1000  1000  1000  1000  1000  1000  1000  1000  1000  1000  1000  1000  1000  1000  1000  1000  1000  1000  1000  1000
       1000  1000  1000  1000
  98   1000  1000  1000  1000  1000  1000  1000  1000  1000  1000  1000  1000  1000  1000  1000  1000  1000  1000  1000  1000
       1000  1000  1000  1000  1000  1000  1000  1000  1000  1000  1000  1000  1000  1000  1000  1000  1000  1000  1000  1000
       1000  1000  1000
  99   1000  1000  1000  1000  1000  1000  1000  1000  1000  1000  1000  1000  1000  1000  1000  1000  1000  1000  1000  1000
       1000  1000  1000  1000  1000  1000  1000  1000  1000  1000  1000  1000  1000  1000  1000  1000  1000  1000  1000  1000
       1000  1000
 100   1000  1000  1000  1000  1000  1000  1000  1000  1000  1000  1000  1000  1000  1000  1000  1000  1000  1000  1000  1000
       1000  1000  1000  1000  1000  1000  1000  1000  1000  1000  1000  1000  1000  1000  1000  1000  1000  1000  1000  1000
       1000
 101   1000  1000  1000  1000  1000  1000  1000  1000  1000  1000  1000  1000  1000  1000  1000  1000  1000  1000  1000  1000
       1000  1000  1000  1000  1000  1000  1000  1000  1000  1000  1000  1000  1000  1000  1000  1000  1000  1000  1000  1000
 102   1000  1000  1000  1000  1000  1000  1000  1000  1000  1000  1000  1000  1000  1000  1000  1000  1000  1000  1000  1000
       1000  1000  1000  1000  1000  1000  1000  1000  1000  1000  1000  1000  1000  1000  1000  1000  1000  1000  1000
 103   1000  1000  1000  1000  1000  1000  1000  1000  1000  1000  1000  1000  1000  1000  1000  1000  1000  1000  1000  1000
       1000  1000  1000  1000  1000  1000  1000  1000  1000  1000  1000  1000  1000  1000  1000  1000  1000  1000
 104   1000  1000  1000  1000  1000  1000  1000  1000  1000  1000  1000  1000  1000  1000  1000  1000  1000  1000  1000  1000
       1000  1000  1000  1000  1000  1000  1000  1000  1000  1000  1000  1000  1000  1000  1000  1000  1000
 105   1000  1000  1000  1000  1000  1000  1000  1000  1000  1000  1000  1000  1000  1000  1000  1000  1000  1000  1000  1000
       1000  1000  1000  1000  1000  1000  1000  1000  1000  1000  1000  1000  1000  1000  1000  1000
 106   1000  1000  1000  1000  1000  1000  1000  1000  1000  1000  1000  1000  1000  1000  1000  1000  1000  1000  1000  1000
       1000  1000  1000  1000  1000  1000  1000  1000  1000  1000  1000  1000  1000  1000  1000
 107   1000  1000  1000  1000  1000  1000  1000  1000  1000  1000  1000  1000  1000  1000  1000  1000  1000  1000  1000  1000
       1000  1000  1000  1000  1000  1000  1000  1000  1000  1000  1000  1000  1000  1000
 108   1000  1000  1000  1000  1000  1000  1000  1000  1000  1000  1000  1000  1000  1000  1000  1000  1000  1000  1000  1000
       1000  1000  1000  1000  1000  1000  1000  1000  1000  1000  1000  1000  1000
 109   1000  1000  1000  1000  1000  1000  1000  1000  1000  1000  1000  1000  1000  1000  1000  1000  1000  1000  1000  1000
       1000  1000  1000  1000  1000  1000  1000  1000  1000  1000  1000  1000
 110   1000  1000  1000  1000  1000  1000  1000  1000  1000  1000  1000  1000  1000  1000  1000  1000  1000  1000  1000  1000
       1000  1000  1000  1000  1000  1000  1000  1000  1000  1000  1000
 111   1000  1000  1000  1000  1000  1000  1000  1000  1000  1000  1000  1000  1000  1000  1000  1000  1000  1000  1000  1000
       1000  1000  1000  1000  1000  1000  1000  1000  1000  1000
 112   1000  1000  1000  1000  1000  1000  1000  1000  1000  1000  1000  1000  1000  1000  1000  1000  1000  1000  1000  1000
       1000  1000  1000  1000  1000  1000  1000  1000  1000
 113   1000  1000  1000  1000  1000  1000  1000  1000  1000  1000  1000  1000  1000  1000  1000  1000  1000  1000  1000  1000
       1000  1000  1000  1000  1000  1000  1000  1000
 114   1000  1000  1000  1000  1000  1000  1000  1000  1000  1000  1000  1000  1000  1000  1000  1000  1000  1000  1000  1000
       1000  1000  1000  1000  1000  1000  1000
 115   1000  1000  1000  1000  1000  1000  1000  1000  1000  1000  1000  1000  1000  1000  1000  1000  1000  1000  1000  1000
       1000  1000  1000  1000  1000  1000
 116   1000  1000  1000  1000  1000  1000  1000  1000  1000  1000  1000  1000  1000  1000  1000  1000  1000  1000  1000  1000
       1000  1000  1000  1000  1000
 117   1000  1000  1000  1000  1000  1000  1000  1000  1000  1000  1000  1000  1000  1000  1000  1000  1000  1000  1000  1000
       1000  1000  1000  1000
 118   1000  1000  1000  1000  1000  1000  1000  1000  1000  1000  1000  1000  1000  1000  1000  1000  1000  1000  1000  1000
       1000  1000  1000
 119   1000  1000  1000  1000  1000  1000  1000  1000  1000  1000  1000  1000  1000  1000  1000  1000  1000  1000  1000  1000
       1000  1000
 120   1000  1000  1000  1000  1000  1000  1000  1000  1000  1000  1000  1000  1000  1000  1000  1000  1000  1000  1000  1000
       1000
 121   1000  1000  1000  1000  1000  1000  1000  1000  1000  1000  1000  1000  1000  1000  1000  1000  1000  1000  1000  1000
 122   1000  1000  1000  1000  1000  1000  1000  1000  1000  1000  1000  1000  1000  1000  1000  1000  1000  1000  1000
 123   1000  1000  1000  1000  1000  1000  1000  1000  1000  1000  1000  1000  1000  1000  1000  1000  1000  1000
 124   1000  1000  1000  1000  1000  1000  1000  1000  1000  1000  1000  1000  1000  1000  1000  1000  1000
 125   1000  1000  1000  1000  1000  1000  1000  1000  1000  1000  1000  1000  1000  1000  1000  1000
 126   1000  1000  1000  1000  1000  1000  1000  1000  1000  1000  1000  1000  1000  1000  1000
 127   1000  1000  1000  1000  1000  1000  1000  1000  1000  1000  1000  1000  1000  1000
 128   1000  1000  1000  1000  1000  1000  1000  1000  1000  1000  1000  1000  1000
 129   1000  1000  1000  1000  1000  1000  1000  1000  1000  1000  1000  1000
 130   1000  1000  1000  1000  1000  1000  1000  1000  1000  1000  1000
 131   1000  1000  1000  1000  1000  1000  1000  1000  1000  1000
 132   1000  1000  1000  1000  1000  1000  1000  1000  1000
 133   1000  1000  1000  1000  1000  1000  1000  1000
 134   1000  1000  1000  1000  1000  1000  1000
 135   1000  1000  1000  1000  1000  1000
 136   1000  1000  1000  1000  1000
 137   1000  1000  1000  1000
 138   1000  1000  1000
 139   1000  1000
 140   1000

 Finished!
