NIF_RUN Passive 18x snout on TANDM 90-348 Pinhole
  140    5    1    0    0
   0.00500   9.00000   0.00500   0.00100
   0.0000000   0   0 1.00000000E+00   1.0000000
ZR902    1.706E-12 0.010       0.00       0.00        (    )
IN115N   4.881E-13 0.007       0.00       0.00        (    )
AU197G   8.079E-14 0.010       0.00 AUNG  3.94 IFX    (ISTP)
IN115G   1.161E-13 0.020       0.00 INNG 39.37 IFX    (ISTP)
AU1972   1.218E-11 0.053       0.00       0.00        (    )
Flux Uncertainty
   4
 1.0000E-11 1.2900E+01 1.2990E+01 2.0100E+01
 1.0000E+00 1.0000E+00 1.0000E-01 3.0000E-02
Input Flux Spectrum
 140   1 1.000E+00 2.000E+01 5.000E-08
 7.9209E+14 6.1335E+13 3.4500E+13 1.4372E+13 1.2694E+13 7.0814E+12 4.0592E+12
 2.0594E+12 1.0700E+12 5.9077E+11 2.5615E+11 1.2497E+11 6.3572E+10 3.2386E+08
 1.4826E+08 7.8092E+07 4.1727E+07 2.1618E+08 9.6675E+07 6.4138E+07 3.1312E+07
 1.6225E+08 1.0651E+08 8.1954E+07 7.2850E+07 4.6219E+07 3.5516E+07 2.4962E+07
 2.1088E+07 1.4617E+08 9.6033E+07 8.7109E+07 5.4601E+07 5.2523E+07 4.2538E+07
 2.4304E+07 2.4367E+07 1.5584E+08 1.7264E+08 1.0246E+08 8.8020E+07 6.3634E+07
 6.0184E+07 4.5777E+07 2.8579E+07 2.8984E+07 2.3869E+07 1.5463E+08 1.4466E+08
 8.9486E+07 8.9985E+07 7.9423E+07 7.9458E+07 6.6102E+07 6.5881E+07 5.6234E+07
 5.6004E+07 6.5153E+07 4.8854E+07 4.9026E+07 3.9559E+07 4.0138E+07 4.0988E+07
 4.2138E+07 3.6319E+07 3.7764E+07 3.9781E+07 4.1520E+07 3.2769E+07 3.4569E+07
 1.4629E+08 1.5540E+08 1.6620E+08 1.7956E+08 1.9676E+08 1.4628E+08 1.6639E+08
 1.9315E+08 1.7097E+08 2.0361E+08 2.4224E+08 2.8373E+08 2.5703E+08 2.7550E+08
 2.7289E+08 1.7252E+08 1.3032E+08 6.8029E+07 2.7142E+07 3.4191E+07 7.2592E+06
 7.2225E+06 2.0511E+06 1.1612E+12 1.6983E+12 0.0000E+00 0.0000E+00 0.0000E+00
 0.0000E+00 0.0000E+00 0.0000E+00 0.0000E+00 0.0000E+00 0.0000E+00 0.0000E+00
 0.0000E+00 0.0000E+00 0.0000E+00 0.0000E+00 0.0000E+00 0.0000E+00 0.0000E+00
 0.0000E+00 0.0000E+00 0.0000E+00 0.0000E+00 0.0000E+00 0.0000E+00 0.0000E+00
 0.0000E+00 0.0000E+00 0.0000E+00 0.0000E+00 0.0000E+00 0.0000E+00 0.0000E+00
 0.0000E+00 0.0000E+00 0.0000E+00 0.0000E+00 0.0000E+00 0.0000E+00 0.0000E+00
 0.0000E+00 0.0000E+00 0.0000E+00 0.0000E+00 0.0000E+00 0.0000E+00 0.0000E+00
   10   13   28   11    8    5    8    7   10   40



                         ==============================
                               STAYSL PNNL OUTPUT
                         ==============================

 STAYSL PNNL, version 1.2.0, 2015-08-05


 SCENARIO TITLE: NIF_RUN Passive 18x snout on TANDM 90-348 Pinhole
 -------------------------------------------------------------------------------
  NGROUP =   140    NRXN =     5    ACTIVITY NORM = 1.00000E+00

  COVARIANCE PARAMETERS (FCHN, FCVX, ACVX, FS)
    FLUXES:      WIDTH =  9.0000E+00   LONG RANGE COVAR. =  5.0000E-03
            ACTIVITIES =  5.0000E-03   X-SECT CROSS COR. =  1.0000E-03

    DETERM =   5.2008 × 10^  -5.00      ERROR =   3.0451E-13

  INPUT NORMALIZATION DATA
    AK1   =     0.00000     VAK        =     0.00003
    NORML =           0     RENORM     = 1.40144E+00
    CHI²  =  7131.91757     NORM. CHI² =  1782.97939
     (logarithmic limit was applied to low fluxes)

  DOSIMETRY ACTIVITIES
     ———— INPUTS —————  -UNADJUSTED FLUX-  — ADJUSTED FLUX —    CHI²  90% ACTIVITIES RANGE
 RXN  MEASURED     ±%   ACTIVITY    %DIFF  ACTIVITY    %DIFF  CONTRIB --LOW E-- --HIGH E--   REACTION          CVR
  1  1.706E-12    1.00  2.413E-12   41.42  1.839E-12    7.81  492.747  1.30E+01  1.40E+01  ZR90(N,2N)ZR89          
  2  4.881E-13    0.70  2.760E-13  -43.46  2.140E-13  -56.16  901.654  1.30E+01  1.40E+01  IN115(N,N')IN115M       
  3  8.079E-14    1.00  5.917E-15  -92.68  3.483E-14  -56.89 4086.333  1.00E-10  1.40E+01  AU197(N,G)AU198         
  4  1.161E-13    2.00  4.306E-15  -96.29  1.927E-14  -83.40 1620.065  1.00E-10  1.40E+01  IN115(N,G)IN116M        
  5  1.218E-11    5.30  8.485E-12  -30.34  6.486E-12  -46.75   31.119  1.30E+01  1.40E+01  AU197(N,2N)AU196        

             % STD. DEV.  =         74.81              62.43

                              CHECK INPUT, IT IS RATHER UNLIKELY !
                                   *** BEWARE OF OUTPUT ! ***


  DIFFERENTIAL FLUXES (input is normalized by a factor of 1.4014E+00)
                  —————— DIFFERENTIAL FLUX —————   ———— STD. DEV. % ————   INTEGRAL
 GRP    ENERGY        NEW         OLD      RATIO    NEW     OLD    RATIO   FLUX > E     ± %
   1  1.0000E-10  4.8128E+16  1.1101E+15  43.356   78.05  100.00   0.781  3.0746E+12    1.10
   2  1.0000E-09  3.7842E+15  8.5957E+13  44.024   77.40  100.00   0.774  3.0746E+12    1.10
   3  1.0000E-08  2.1139E+15  4.8350E+13  43.721   77.92  100.00   0.779  3.0746E+12    1.10
   4  2.3000E-08  8.5558E+14  2.0141E+13  42.478   79.50  100.00   0.795  3.0745E+12    1.10
   5  5.0000E-08  7.1845E+14  1.7790E+13  40.385   81.89  100.00   0.819  3.0745E+12    1.10
   6  7.6000E-08  3.7300E+14  9.9241E+12  37.585   84.73  100.00   0.847  3.0745E+12    1.10
   7  1.1500E-07  1.9486E+14  5.6887E+12  34.255   87.68  100.00   0.877  3.0745E+12    1.10
   8  1.7000E-07  8.8282E+13  2.8861E+12  30.588   90.48  100.00   0.905  3.0745E+12    1.10
   9  2.5500E-07  4.0156E+13  1.4995E+12  26.779   92.93  100.00   0.929  3.0745E+12    1.10
  10  3.8000E-07  1.9045E+13  8.2793E+11  23.003   94.95  100.00   0.950  3.0745E+12    1.10
  11  5.5000E-07  6.9659E+12  3.5898E+11  19.405   96.53  100.00   0.965  3.0745E+12    1.10
  12  8.4000E-07  2.8189E+12  1.7514E+11  16.095   97.71  100.00   0.977  3.0744E+12    1.10
  13  1.2750E-06  1.1712E+12  8.9092E+10  13.146   98.54  100.00   0.985  3.0744E+12    1.10
  14  1.9000E-06  4.8083E+09  4.5387E+08  10.594   99.10  100.00   0.991  3.0744E+12    1.10
  15  2.8000E-06  1.7544E+09  2.0778E+08   8.444   99.47  100.00   0.995  3.0744E+12    1.10
  16  4.2500E-06  7.3071E+08  1.0944E+08   6.677   99.69  100.00   0.997  3.0744E+12    1.10
  17  6.3000E-06  3.0754E+08  5.8478E+07   5.259   99.83  100.00   0.998  3.0744E+12    1.10
  18  9.2000E-06  1.2563E+09  3.0296E+08   4.147   99.91  100.00   0.999  3.0744E+12    1.10
  19  1.3500E-05  4.4606E+08  1.3548E+08   3.292   99.95  100.00   1.000  3.0744E+12    1.10
  20  2.1000E-05  2.3815E+08  8.9885E+07   2.650   99.98  100.00   1.000  3.0744E+12    1.10
  21  3.0000E-05  9.5466E+07  4.3882E+07   2.176   99.99  100.00   1.000  3.0744E+12    1.10
  22  4.5000E-05  4.1681E+08  2.2738E+08   1.833   99.99  100.00   1.000  3.0744E+12    1.10
  23  6.9000E-05  2.3747E+08  1.4927E+08   1.591  100.00  100.00   1.000  3.0744E+12    1.10
  24  1.0000E-04  1.6352E+08  1.1485E+08   1.424  100.00  100.00   1.000  3.0744E+12    1.10
  25  1.3500E-04  1.3389E+08  1.0209E+08   1.311  100.00  100.00   1.000  3.0744E+12    1.10
  26  1.7000E-04  8.0254E+07  6.4773E+07   1.239  100.00  100.00   1.000  3.0744E+12    1.10
  27  2.2000E-04  5.9473E+07  4.9773E+07   1.195  100.00  100.00   1.000  3.0744E+12    1.10
  28  2.8000E-04  4.0953E+07  3.4983E+07   1.171  100.00  100.00   1.000  3.0744E+12    1.10
  29  3.6000E-04  3.4251E+07  2.9554E+07   1.159  100.00  100.00   1.000  3.0744E+12    1.10
  30  4.5000E-04  2.3732E+08  2.0485E+08   1.159  100.00  100.00   1.000  3.0744E+12    1.10
  31  5.7500E-04  1.5680E+08  1.3458E+08   1.165  100.00  100.00   1.000  3.0744E+12    1.10
  32  7.6000E-04  1.4359E+08  1.2208E+08   1.176  100.00  100.00   1.000  3.0744E+12    1.10
  33  9.6000E-04  9.1121E+07  7.6520E+07   1.191  100.00  100.00   1.000  3.0744E+12    1.10
  34  1.2750E-03  8.8916E+07  7.3608E+07   1.208  100.00  100.00   1.000  3.0744E+12    1.10
  35  1.6000E-03  7.3161E+07  5.9614E+07   1.227  100.00  100.00   1.000  3.0744E+12    1.10
  36  2.0000E-03  4.2521E+07  3.4061E+07   1.248  100.00  100.00   1.000  3.0744E+12    1.10
  37  2.7000E-03  4.3417E+07  3.4149E+07   1.271  100.00  100.00   1.000  3.0744E+12    1.10
  38  3.4000E-03  2.8310E+08  2.1840E+08   1.296  100.00  100.00   1.000  3.0744E+12    1.10
  39  4.5000E-03  3.2010E+08  2.4194E+08   1.323  100.00  100.00   1.000  3.0744E+12    1.10
  40  5.5000E-03  1.9410E+08  1.4359E+08   1.352  100.00  100.00   1.000  3.0744E+12    1.10
  41  7.2000E-03  1.7053E+08  1.2335E+08   1.382  100.00  100.00   1.000  3.0744E+12    1.10
  42  9.2000E-03  1.2618E+08  8.9179E+07   1.415  100.00  100.00   1.000  3.0744E+12    1.10
  43  1.2000E-02  1.2221E+08  8.4344E+07   1.449  100.00  100.00   1.000  3.0744E+12    1.10
  44  1.5000E-02  9.5193E+07  6.4154E+07   1.484  100.00  100.00   1.000  3.0744E+12    1.10
  45  1.9000E-02  6.0836E+07  4.0052E+07   1.519  100.00  100.00   1.000  3.0744E+12    1.10
  46  2.5500E-02  6.3094E+07  4.0619E+07   1.553  100.00  100.00   1.000  3.0744E+12    1.10
  47  3.2000E-02  5.3050E+07  3.3451E+07   1.586  100.00  100.00   1.000  3.0744E+12    1.10
  48  4.0000E-02  3.5012E+08  2.1670E+08   1.616  100.00  100.00   1.000  3.0744E+12    1.10
  49  5.2500E-02  3.3281E+08  2.0273E+08   1.642  100.00  100.00   1.000  3.0744E+12    1.10
  50  6.6000E-02  2.0855E+08  1.2541E+08   1.663  100.00  100.00   1.000  3.0744E+12    1.10
  51  8.8000E-02  2.1177E+08  1.2611E+08   1.679  100.00  100.00   1.000  3.0744E+12    1.10
  52  1.1000E-01  1.8818E+08  1.1131E+08   1.691  100.00  100.00   1.000  3.0744E+12    1.10
  53  1.3500E-01  1.8904E+08  1.1136E+08   1.698  100.00  100.00   1.000  3.0744E+12    1.10
  54  1.6000E-01  1.5761E+08  9.2638E+07   1.701  100.00  100.00   1.000  3.0744E+12    1.10
  55  1.9000E-01  1.5730E+08  9.2328E+07   1.704  100.00  100.00   1.000  3.0744E+12    1.10
  56  2.2000E-01  1.3454E+08  7.8808E+07   1.707  100.00  100.00   1.000  3.0744E+12    1.10
  57  2.5500E-01  1.3458E+08  7.8486E+07   1.715  100.00  100.00   1.000  3.0744E+12    1.10
  58  2.9000E-01  1.5796E+08  9.1308E+07   1.730  100.00  100.00   1.000  3.0744E+12    1.10
  59  3.2000E-01  1.2028E+08  6.8466E+07   1.757  100.00  100.00   1.000  3.0744E+12    1.10
  60  3.6000E-01  1.2364E+08  6.8707E+07   1.799   99.99  100.00   1.000  3.0744E+12    1.10
  61  4.0000E-01  1.0323E+08  5.5439E+07   1.862   99.99  100.00   1.000  3.0744E+12    1.10
  62  4.5000E-01  1.0961E+08  5.6251E+07   1.949   99.99  100.00   1.000  3.0744E+12    1.10
  63  5.0000E-01  1.1846E+08  5.7442E+07   2.062   99.99  100.00   1.000  3.0744E+12    1.10
  64  5.5000E-01  1.3025E+08  5.9054E+07   2.206   99.99  100.00   1.000  3.0744E+12    1.10
  65  6.0000E-01  1.2111E+08  5.0899E+07   2.379   99.99  100.00   1.000  3.0744E+12    1.10
  66  6.6000E-01  1.3674E+08  5.2924E+07   2.584   99.98  100.00   1.000  3.0744E+12    1.10
  67  7.2000E-01  1.5714E+08  5.5751E+07   2.819   99.98  100.00   1.000  3.0743E+12    1.10
  68  7.8000E-01  1.7889E+08  5.8188E+07   3.074   99.97  100.00   1.000  3.0743E+12    1.10
  69  8.4000E-01  1.5389E+08  4.5924E+07   3.351   99.96  100.00   1.000  3.0743E+12    1.10
  70  9.2000E-01  1.7635E+08  4.8446E+07   3.640   99.95  100.00   0.999  3.0743E+12    1.10
  71  1.0000E+00  8.0662E+08  2.0502E+08   3.934   99.93  100.00   0.999  3.0743E+12    1.10
  72  1.2000E+00  9.2030E+08  2.1778E+08   4.226   99.92  100.00   0.999  3.0741E+12    1.10
  73  1.4000E+00  1.0496E+09  2.3292E+08   4.506   99.90  100.00   0.999  3.0740E+12    1.10
  74  1.6000E+00  1.2001E+09  2.5164E+08   4.769   99.87  100.00   0.999  3.0737E+12    1.10
  75  1.8000E+00  1.3809E+09  2.7575E+08   5.008   99.85  100.00   0.998  3.0735E+12    1.10
  76  2.0000E+00  1.0696E+09  2.0500E+08   5.218   99.81  100.00   0.998  3.0732E+12    1.10
  77  2.3000E+00  1.2580E+09  2.3319E+08   5.395   99.76  100.00   0.998  3.0729E+12    1.10
  78  2.6000E+00  1.4986E+09  2.7069E+08   5.536   99.69  100.00   0.997  3.0725E+12    1.09
  79  2.9000E+00  1.3512E+09  2.3960E+08   5.639   99.57  100.00   0.996  3.0721E+12    1.09
  80  3.3000E+00  1.6267E+09  2.8535E+08   5.701   99.39  100.00   0.994  3.0715E+12    1.09
  81  3.7000E+00  1.9403E+09  3.3948E+08   5.716   99.07  100.00   0.991  3.0709E+12    1.09
  82  4.1000E+00  2.2575E+09  3.9763E+08   5.677   98.55  100.00   0.985  3.0701E+12    1.08
  83  4.5000E+00  2.0088E+09  3.6021E+08   5.577   97.68  100.00   0.977  3.0692E+12    1.08
  84  5.0000E+00  2.0857E+09  3.8610E+08   5.402   96.31  100.00   0.963  3.0682E+12    1.07
  85  5.5000E+00  1.9657E+09  3.8244E+08   5.140   94.22  100.00   0.942  3.0672E+12    1.07
  86  6.0000E+00  1.1550E+09  2.4178E+08   4.777   91.15  100.00   0.911  3.0662E+12    1.06
  87  6.7000E+00  7.8586E+08  1.8264E+08   4.303   86.84  100.00   0.868  3.0654E+12    1.06
  88  7.4000E+00  3.5380E+08  9.5338E+07   3.711   81.06  100.00   0.811  3.0648E+12    1.06
  89  8.2000E+00  1.1425E+08  3.8038E+07   3.004   73.62  100.00   0.736  3.0645E+12    1.06
  90  9.0000E+00  1.0507E+08  4.7917E+07   2.193   64.45  100.00   0.644  3.0644E+12    1.06
  91  1.0000E+01  1.3245E+07  1.0173E+07   1.302   53.62  100.00   0.536  3.0643E+12    1.06
  92  1.1000E+01  3.7055E+06  1.0122E+07   0.366   41.43  100.00   0.414  3.0643E+12    1.06
  93  1.2000E+01  5.3273E+05  2.8745E+06   0.185   15.68   54.99   0.285  3.0643E+12    1.06
  94  1.3000E+01  1.2627E+12  1.6273E+12   0.776    1.48    9.07   0.163  3.0643E+12    1.06
  95  1.4000E+01  1.8017E+12  2.3801E+12   0.757    1.05    7.45   0.141  1.8017E+12    1.05
      1.5000E+01

  INTEGRALS OF SPECTRA
    OLD SPECTRUM   4.0095E+12   ±    8.088 %
    NEW SPECTRUM   3.0746E+12   ±    1.101 %

  SUMMARY OF BROAD-GROUP FLUXES, FLUENCES, AND UNCERTAINTIES

    IRRAD TIME [S] = 1.00000000E+00   ACT NORM =  1.00000000E+00

       ENERGY       FLUX       FLUENCE      STDEV %
      thermal    1.8766E+08  1.8766E+08  ±  73.70     (0.100 meV – 0.550  eV)
     epithermal  2.6026E+07  2.6026E+07  ±  78.85     (0.550  eV – 110.0 keV)
        fast     3.0744E+12  3.0744E+12  ±   1.10     (110.0 keV –  20.0 MeV)
        fast     3.0743E+12  3.0743E+12  ±   1.10     (  1.0 MeV –  20.0 MeV)
        high     0.0000E+00  0.0000E+00  ±   0.00     ( 20.0 MeV –  60.0 MeV)

    MINI-SPECTRUM

       ENERGY       FLUX       FLUENCE      STDEV %
     1.0000E-10  1.8766E+08  1.8766E+08  ±  73.70
     5.5000E-07  4.0173E+06  4.0173E+06  ±  96.14
     1.0000E-04  2.2009E+07  2.2009E+07  ±  91.60
     1.1000E-01  5.3435E+07  5.3435E+07  ±  89.83
     5.0000E-01  7.4488E+07  7.4488E+07  ±  94.43
     1.0000E+00  1.0715E+09  1.0715E+09  ±  97.58
     2.0000E+00  5.0225E+09  5.0225E+09  ±  93.90
     5.0000E+00  3.8638E+09  3.8638E+09  ±  89.06
     1.0000E+01  3.0643E+12  3.0643E+12  ±   1.06
     2.0000E+01  0.0000E+00  0.0000E+00  ±   0.00
     6.0000E+01

       TOTAL     3.0746E+12  3.0746E+12  ±   1.10

    RELATIVE COVARIANCES (10×10)
     1000   458    -6    -7   -13   -19   -14    -4    82     0
     1000    -1    -2    -3    -5    -4    -1    26     0
     1000   539    33     1     0     0     1     0
     1000   411    84     7     0     1     0
     1000   679   179    27     0     0
     1000   588   189    -4     0
     1000   770    23     0
     1000   111     0
     1000     0
        0

  SPECTRAL-AVERAGED REACTION RATES (for all cross section library reactions)

        REACTIONS        SIG-PHI      <SIG>          REACTIONS        SIG-PHI      <SIG>          REACTIONS        SIG-PHI      <SIG>  
   ------------------  ----------  ----------   ------------------  ----------  ----------   ------------------  ----------  ----------
   LI6(N,A)T           5.5080E-13  1.7914E-25   FE58(N,G)FE59       3.6613E-15  1.1908E-27   IN115(N,N')IN115M   2.1399E-13  6.9597E-26
   B10(N,A)LI7         2.0483E-12  6.6620E-25   CO59(N,2N)CO58      2.0941E-12  6.8110E-25   IN115(N,2N)IN114M   4.0582E-12  1.3199E-24
   F19(N,2N)F18        1.1003E-13  3.5788E-26   CO59(N,3N)CO57      0.0000E+00  0.0000E+00   IN115(N,G)IN116M    8.5755E-14  2.7891E-26
   NA23(N,2N)NA22      6.6901E-14  2.1759E-26   CO59(N,G)CO60       2.1191E-14  6.8923E-27   I127(N,2N)I126      4.4416E-12  1.4446E-24
   NA23(N,G)NA24       9.2033E-16  2.9933E-28   CO59(N,P)FE59       1.5264E-13  4.9643E-26   LA139(N,G)LA140     7.7594E-15  2.5237E-27
   MG24(N,P)NA24       5.7353E-13  1.8653E-25   CO59(N,A)MN56       9.4642E-14  3.0781E-26   PR141(N,2N)PR140    4.9744E-12  1.6179E-24
   AL27(N,P)MG27       2.3084E-13  7.5079E-26   NI58(N,2N)NI57      7.2449E-14  2.3563E-26   TM169(N,2N)TM168    6.0417E-12  1.9650E-24
   AL27(N,A)NA24       3.6526E-13  1.1880E-25   NI58(N,P)CO58       1.0971E-12  3.5683E-25   TM169(N,3N)TM167    3.7061E-17  1.2054E-29
   SI28(N,P)AL28       8.1213E-13  2.6414E-25   NI60(N,P)CO60       4.4652E-13  1.4523E-25   TA181(N,G)TA182     1.0484E-14  3.4099E-27
   P31(N,P)SI31        2.8572E-13  9.2927E-26   CU63(N,2N)CU62      1.3615E-12  4.4280E-25   W186(N,G)W187       2.3220E-14  7.5521E-27
   S32(N,P)P32         7.6387E-13  2.4844E-25   CU63(N,G)CU64       1.0581E-14  3.4415E-27   AU197(N,2N)AU196    6.4862E-12  2.1096E-24
   TI46(N,2N)TI45      6.1844E-14  2.0114E-26   CU63(N,A)CO60       1.3745E-13  4.4705E-26   AU197(N,G)AU198     5.2985E-14  1.7233E-26
   TI46(N,P)SC46       7.8136E-13  2.5413E-25   CU65(N,2N)CU64      2.6894E-12  8.7469E-25   HG199(N,N')HG199M   4.8154E-13  1.5662E-25
   TI47(N,P)SC47       4.0321E-13  1.3114E-25   ZN64(N,P)CU64       5.3799E-13  1.7498E-25   PB204(N,N')PB204M   2.3680E-13  7.7017E-26
   TI47(N,X)SC46       1.2584E-13  4.0928E-26   ZN67(N,P)CU67       1.0354E-13  3.3676E-26   BI209(N,3N)BI207    1.0683E-15  3.4747E-28
   TI48(N,P)SC48       1.8878E-13  6.1397E-26   AS75(N,2N)AS74      2.8958E-12  9.4182E-25   TH232(N,FISSION)    1.1057E-12  3.5963E-25
   TI48(N,X)SC47       2.2549E-14  7.3337E-27   Y89(N,2N)Y88        2.5420E-12  8.2675E-25   TH232(N,G)TH233     7.2404E-15  2.3549E-27
   TI49(N,X)SC48       1.2424E-14  4.0407E-27   ZR90(N,2N)ZR89      1.8393E-12  5.9822E-25   U235(N,FISSION)     6.5979E-12  2.1459E-24
   V51(N,A)SC48        4.6331E-14  1.5069E-26   NB93(N,G)NB94       3.3060E-15  1.0753E-27   U235(N,G)U236       6.0500E-14  1.9677E-26
   CR52(N,2N)CR51      8.3052E-13  2.7012E-25   NB93(N,N')NB93M     1.2414E-13  4.0376E-26   U238(N,2N)U237      2.9325E-12  9.5378E-25
   MN55(N,2N)MN54      2.1392E-12  6.9575E-25   NB93(N,2N)NB92M     1.3998E-12  4.5526E-25   U238(N,FISSION)     3.5066E-12  1.1405E-24
   MN55(N,G)MN56       8.5190E-15  2.7707E-27   MO92(N,P)NB92M      2.2062E-13  7.1756E-26   U238(N,G)U239       4.1350E-15  1.3449E-27
   FE54(N,2N)FE53      1.0376E-14  3.3746E-27   RH103(N,N')RH103M   9.4323E-13  3.0678E-25   NP237(N,FISSION)    6.6418E-12  2.1602E-24
   FE54(N,P)MN54       1.0445E-12  3.3972E-25   AG109(N,G)AG110M    2.7072E-15  8.8051E-28   PU239(N,FISSION)    7.7597E-12  2.5238E-24
   FE54(N,A)CR51       2.6825E-13  8.7246E-26   IN113(N,N')IN113M   1.8816E-13  6.1197E-26   AM241(N,FISSION)    8.0770E-12  2.6270E-24
   FE56(N,P)MN56       3.4251E-13  1.1140E-25   IN113(N,G)IN114M    7.8262E-15  2.5454E-27   SC45(N,G)SC46       1.5679E-14  5.0996E-27

  INPUT FLUX REL. CORRELATION MATRIX (by row from diagonal)
   1   1000   988   952   895   821   734   641   546   454   368   291   225   169   124    89    62    42    28    18    12
          7     4     3     1     1     0     0     0     0     0     0     0     0     0     0     0     0     0     0     0
          0     0     0     0     0     0     0     0     0     0     0     0     0     0     0     0     0     0     0     0
          0     0     0     0     0     0     0     0     0     0     0     0     0     0     0     0     0     0     0     0
          0     0     0     0     0     0     0     0     0     0     0     0     0     0     0     0     0     1     1     1
          2     5     5     5     5     5     5     5     5     5     5     5     5     5     5     5     5     5     5     5
          5     5     5     5     5     5     5     5     5     5     5     5     5     5     5     5     5     5     5     5

  OUTPUT FLUX REL. CORRELATION MATRIX (by row from diagonal)
   1   1000   980   921   831   723   609   498   397   308   233   171   121    83    54    33    19     9     3     0    -1
         -2    -2    -2    -1    -1    -1    -1    -1    -1    -1    -1    -1    -1    -1    -2    -2    -2    -2    -3    -3
         -3    -4    -4    -4    -5    -5    -5    -6    -6    -6    -6    -6    -6    -6    -6    -6    -6    -6    -6    -7
         -7    -7    -8    -9   -10   -11   -12   -13   -15   -16   -17   -18   -19   -19   -19   -19   -18   -17   -16   -15
        -13   -11    -9    -7    -5    -3    -1     0     3     7    11    18    32    63    78    47    31    23    18    14
         12     5     5     5     5     5     5     5     5     5     5     5     5     5     5     5     5     5     5     5
          5     5     5     5     5     5     5     5     5     5     5     5     5     5     5     5     5     5     5     5
   2   1000   980   923   839   739   634   531   435   348   272   208   154   111    78    52    34    21    12     6     3
          1     0     0     0     0    -1    -1    -1    -1    -1    -1    -1    -1    -2    -2    -2    -2    -3    -3    -3
         -4    -4    -4    -5    -5    -5    -6    -6    -6    -6    -7    -7    -7    -7    -7    -7    -7    -7    -7    -7
         -8    -8    -9   -10   -11   -12   -14   -15   -16   -17   -18   -19   -19   -20   -19   -19   -18   -17   -15   -13
        -12   -10    -8    -6    -3    -1     0     3     7    12    19    32    64    80    48    32    23    18    14    12
          5     5     5     5     5     5     5     5     5     5     5     5     5     5     5     5     5     5     5     5
          5     5     5     5     5     5     5     5     5     5     5     5     5     5     5     5     5     5     5
   3   1000   981   928   851   761   664   566   473   387   309   241   183   136    98    69    46    30    19    11     6
          3     1     0     0     0     0     0    -1    -1    -1    -1    -1    -2    -2    -2    -2    -3    -3    -3    -4
         -4    -4    -5    -5    -5    -6    -6    -6    -6    -6    -7    -7    -6    -6    -6    -6    -6    -7    -7    -7
         -8    -9   -10   -11   -12   -13   -15   -16   -17   -18   -19   -19   -19   -19   -18   -18   -16   -15   -13   -11
        -10    -8    -5    -3    -1     0     3     7    11    19    32    64    79    47    31    23    18    14    12     5
          5     5     5     5     5     5     5     5     5     5     5     5     5     5     5     5     5     5     5     5
          5     5     5     5     5     5     5     5     5     5     5     5     5     5     5     5     5     5
   4   1000   982   935   865   782   691   598   506   419   339   267   206   154   113    80    55    37    24    15     9
          5     2     1     0     0     0     0    -1    -1    -1    -1    -1    -2    -2    -2    -2    -3    -3    -3    -4
         -4    -4    -5    -5    -5    -6    -6    -6    -6    -6    -6    -6    -6    -6    -6    -6    -6    -7    -7    -8
         -8    -9   -10   -12   -13   -14   -15   -16   -17   -18   -18   -18   -18   -18   -17   -16   -14   -13   -11    -9
         -7    -5    -3    -1     0     3     6    11    18    30    61    75    45    30    22    17    14    11     4     4
          4     4     4     4     4     4     4     4     4     4     4     4     4     4     4     4     4     4     4     4
          4     4     4     4     4     4     4     4     4     4     4     4     4     4     4     4     4
   5   1000   984   941   878   800   713   622   530   442   360   285   221   167   122    88    61    41    27    17    10
          6     3     1     0     0     0     0    -1    -1    -1    -1    -1    -2    -2    -2    -2    -3    -3    -3    -4
         -4    -4    -5    -5    -5    -5    -5    -6    -6    -6    -6    -6    -5    -5    -6    -6    -6    -6    -7    -8
         -8    -9   -11   -12   -13   -14   -15   -16   -17   -17   -17   -17   -16   -15   -14   -13   -12   -10    -8    -6
         -5    -3    -1     0     3     6    10    16    28    56    70    42    27    20    16    13    11     4     4     4
          4     4     4     4     4     4     4     4     4     4     4     4     4     4     4     4     4     4     4     4
          4     4     4     4     4     4     4     4     4     4     4     4     4     4     4     4
   6   1000   986   947   887   813   729   638   546   457   372   296   230   173   128    92    64    43    29    18    11
          7     3     2     0     0     0     0    -1    -1    -1    -1    -1    -2    -2    -2    -2    -3    -3    -3    -3
         -4    -4    -4    -4    -5    -5    -5    -5    -5    -5    -5    -5    -5    -5    -5    -5    -6    -6    -7    -8
         -8    -9   -10   -12   -13   -13   -14   -15   -15   -15   -15   -14   -14   -13   -12   -10    -9    -7    -6    -4
         -2    -1     0     3     5     9    15    25    50    63    37    25    18    14    11    10     4     4     4     4
          4     4     4     4     4     4     4     4     4     4     4     4     4     4     4     4     4     4     4     4
          4     4     4     4     4     4     4     4     4     4     4     4     4     4     4
   7   1000   987   950   894   822   738   648   555   464   378   301   233   176   130    93    65    44    29    19    12
          7     4     2     0     0     0     0     0    -1    -1    -1    -1    -1    -2    -2    -2    -2    -3    -3    -3
         -3    -4    -4    -4    -4    -4    -4    -4    -4    -4    -4    -4    -4    -4    -4    -5    -5    -6    -7    -7
         -8    -9   -10   -11   -12   -12   -13   -13   -13   -13   -13   -12   -11   -10    -9    -8    -6    -5    -3    -2
          0     0     2     5     8    13    22    44    55    33    22    16    12    10     9     4     4     4     4     4
          4     4     4     4     4     4     4     4     4     4     4     4     4     4     4     4     4     4     4     4
          4     4     4     4     4     4     4     4     4     4     4     4     4     4
   8   1000   988   952   897   826   743   652   558   467   380   302   234   177   130    93    65    44    29    19    12
          7     4     2     1     0     0     0     0    -1    -1    -1    -1    -1    -1    -2    -2    -2    -2    -3    -3
         -3    -3    -3    -3    -3    -3    -3    -3    -3    -3    -3    -3    -4    -4    -4    -4    -5    -5    -6    -7
         -8    -9    -9   -10   -11   -11   -11   -11   -11   -11   -10    -9    -9    -8    -6    -5    -4    -3    -2     0
          0     2     4     7    11    19    38    48    28    19    14    11     9     8     4     4     4     4     4     4
          4     4     4     4     4     4     4     4     4     4     4     4     4     4     4     4     4     4     4     4
          4     4     4     4     4     4     4     4     4     4     4     4     4
   9   1000   988   954   899   828   744   653   559   466   380   301   233   176   129    93    65    44    29    19    12
          7     4     2     1     0     0     0     0    -1    -1    -1    -1    -1    -1    -1    -2    -2    -2    -2    -2
         -2    -3    -3    -3    -3    -3    -3    -3    -3    -3    -3    -3    -3    -3    -4    -4    -5    -5    -6    -6
         -7    -8    -8    -9    -9    -9    -9    -9    -9    -9    -8    -7    -6    -5    -4    -3    -2    -1     0     0
          2     3     6     9    16    32    40    24    16    12     9     7     7     4     4     4     4     4     4     4
          4     4     4     4     4     4     4     4     4     4     4     4     4     4     4     4     4     4     4     4
          4     4     4     4     4     4     4     4     4     4     4     4
  10   1000   988   954   899   828   744   652   557   464   378   299   231   174   128    92    64    44    29    19    11
          7     4     2     1     0     0     0     0     0     0    -1    -1    -1    -1    -1    -1    -1    -2    -2    -2
         -2    -2    -2    -2    -2    -2    -2    -2    -2    -2    -2    -2    -3    -3    -3    -4    -4    -5    -5    -6
         -6    -7    -7    -8    -8    -8    -8    -7    -7    -6    -6    -5    -4    -4    -3    -2    -1     0     0     1
          3     5     8    13    27    34    20    13    10     8     6     6     4     4     4     4     4     4     4     4
          4     4     4     4     4     4     4     4     4     4     4     4     4     4     4     4     4     4     4     4
          4     4     4     4     4     4     4     4     4     4     4
  11   1000   988   954   899   827   742   650   555   462   375   297   230   173   127    91    64    43    29    18    11
          7     4     2     1     0     0     0     0     0     0     0    -1    -1    -1    -1    -1    -1    -1    -1    -1
         -1    -2    -2    -2    -2    -2    -2    -2    -2    -2    -2    -2    -2    -2    -3    -3    -4    -4    -5    -5
         -5    -6    -6    -6    -6    -6    -6    -6    -5    -5    -4    -3    -3    -2    -1    -1     0     0     1     2
          4     6    11    22    28    17    11     8     7     5     5     5     5     5     5     5     5     5     5     5
          5     5     5     5     5     5     5     5     5     5     5     5     5     5     5     5     5     5     5     5
          5     5     5     5     5     5     5     5     5     5
  12   1000   988   954   898   826   740   648   553   460   373   295   228   172   126    90    63    43    28    18    11
          7     4     2     1     0     0     0     0     0     0     0     0     0    -1    -1    -1    -1    -1    -1    -1
         -1    -1    -1    -1    -1    -1    -1    -1    -1    -1    -1    -2    -2    -2    -2    -3    -3    -4    -4    -4
         -5    -5    -5    -5    -5    -5    -4    -4    -4    -3    -3    -2    -1    -1     0     0     0     1     2     3
          5     9    18    23    14     9     7     5     4     4     5     5     5     5     5     5     5     5     5     5
          5     5     5     5     5     5     5     5     5     5     5     5     5     5     5     5     5     5     5     5
          5     5     5     5     5     5     5     5     5
  13   1000   988   953   897   824   739   646   551   458   371   294   227   171   125    90    63    43    28    18    11
          7     4     2     1     0     0     0     0     0     0     0     0     0     0     0     0    -1    -1    -1    -1
         -1    -1    -1    -1    -1    -1    -1    -1    -1    -1    -1    -1    -1    -2    -2    -2    -3    -3    -3    -3
         -4    -4    -4    -4    -4    -3    -3    -3    -2    -2    -1    -1     0     0     0     0     1     1     2     4
          7    14    18    11     7     6     4     4     4     5     5     5     5     5     5     5     5     5     5     5
          5     5     5     5     5     5     5     5     5     5     5     5     5     5     5     5     5     5     5     5
          5     5     5     5     5     5     5     5
  14   1000   988   953   897   823   737   644   549   456   370   293   226   170   125    89    62    43    28    18    11
          7     4     2     1     0     0     0     0     0     0     0     0     0     0     0     0     0     0     0     0
          0     0     0     0     0     0     0     0     0    -1    -1    -1    -1    -1    -2    -2    -2    -2    -3    -3
         -3    -3    -3    -3    -2    -2    -2    -2    -1    -1    -1     0     0     0     0     0     1     2     3     5
         11    14     9     6     4     4     3     3     5     5     5     5     5     5     5     5     5     5     5     5
          5     5     5     5     5     5     5     5     5     5     5     5     5     5     5     5     5     5     5     5
          5     5     5     5     5     5     5
  15   1000   988   953   896   822   736   643   548   455   369   292   225   170   125    89    62    42    28    18    11
          7     4     2     1     0     0     0     0     0     0     0     0     0     0     0     0     0     0     0     0
          0     0     0     0     0     0     0     0     0     0    -1    -1    -1    -1    -1    -1    -2    -2    -2    -2
         -2    -2    -2    -2    -1    -1    -1    -1     0     0     0     0     0     0     0     1     1     2     4     9
         11     7     5     4     3     3     3     5     5     5     5     5     5     5     5     5     5     5     5     5
          5     5     5     5     5     5     5     5     5     5     5     5     5     5     5     5     5     5     5     5
          5     5     5     5     5     5
  16   1000   988   952   896   822   736   642   547   455   369   292   225   169   124    89    62    42    28    18    11
          7     4     2     1     0     0     0     0     0     0     0     0     0     0     0     0     0     0     0     0
          0     0     0     0     0     0     0     0     0     0     0     0    -1    -1    -1    -1    -1    -1    -1    -1
         -1    -1    -1    -1    -1    -1     0     0     0     0     0     0     0     0     0     1     2     3     7     9
          5     4     3     2     2     3     5     5     5     5     5     5     5     5     5     5     5     5     5     5
          5     5     5     5     5     5     5     5     5     5     5     5     5     5     5     5     5     5     5     5
          5     5     5     5     5
  17   1000   988   952   895   821   735   642   547   454   368   291   225   169   124    89    62    42    28    18    11
          7     4     2     1     1     0     0     0     0     0     0     0     0     0     0     0     0     0     0     0
          0     0     0     0     0     0     0     0     0     0     0     0     0     0     0    -1    -1    -1    -1    -1
         -1    -1     0     0     0     0     0     0     0     0     0     0     0     0     1     1     2     5     6     4
          3     2     2     2     2     5     5     5     5     5     5     5     5     5     5     5     5     5     5     5
          5     5     5     5     5     5     5     5     5     5     5     5     5     5     5     5     5     5     5     5
          5     5     5     5
  18   1000   988   952   895   821   735   642   546   454   368   291   225   169   124    89    62    42    28    18    11
          7     4     2     1     1     0     0     0     0     0     0     0     0     0     0     0     0     0     0     0
          0     0     0     0     0     0     0     0     0     0     0     0     0     0     0     0     0     0     0     0
          0     0     0     0     0     0     0     0     0     0     0     0     0     0     1     1     4     5     3     2
          2     2     1     2     5     5     5     5     5     5     5     5     5     5     5     5     5     5     5     5
          5     5     5     5     5     5     5     5     5     5     5     5     5     5     5     5     5     5     5     5
          5     5     5
  19   1000   988   952   895   821   735   641   546   454   368   291   225   169   124    89    62    42    28    18    12
          7     4     2     1     1     0     0     0     0     0     0     0     0     0     0     0     0     0     0     0
          0     0     0     0     0     0     0     0     0     0     0     0     0     0     0     0     0     0     0     0
          0     0     0     0     0     0     0     0     0     0     0     0     0     0     1     3     4     2     2     1
          1     1     2     5     5     5     5     5     5     5     5     5     5     5     5     5     5     5     5     5
          5     5     5     5     5     5     5     5     5     5     5     5     5     5     5     5     5     5     5     5
          5     5
  20   1000   988   952   895   821   735   641   546   454   368   291   225   169   124    89    62    42    28    18    12
          7     4     2     1     1     0     0     0     0     0     0     0     0     0     0     0     0     0     0     0
          0     0     0     0     0     0     0     0     0     0     0     0     0     0     0     0     0     0     0     0
          0     0     0     0     0     0     0     0     0     0     0     0     0     0     2     3     2     1     1     1
          1     2     5     5     5     5     5     5     5     5     5     5     5     5     5     5     5     5     5     5
          5     5     5     5     5     5     5     5     5     5     5     5     5     5     5     5     5     5     5     5
          5
  21   1000   988   952   895   821   734   641   546   454   368   291   225   169   124    89    62    42    28    18    12
          7     4     2     1     1     0     0     0     0     0     0     0     0     0     0     0     0     0     0     0
          0     0     0     0     0     0     0     0     0     0     0     0     0     0     0     0     0     0     0     0
          0     0     0     0     0     0     0     0     0     0     0     0     0     1     2     1     1     1     1     1
          2     5     5     5     5     5     5     5     5     5     5     5     5     5     5     5     5     5     5     5
          5     5     5     5     5     5     5     5     5     5     5     5     5     5     5     5     5     5     5     5
  22   1000   988   952   895   821   734   641   546   454   368   291   225   169   124    89    62    42    28    18    12
          7     4     2     1     1     0     0     0     0     0     0     0     0     0     0     0     0     0     0     0
          0     0     0     0     0     0     0     0     0     0     0     0     0     0     0     0     0     0     0     0
          0     0     0     0     0     0     0     0     0     0     0     0     1     1     1     1     1     1     1     2
          5     5     5     5     5     5     5     5     5     5     5     5     5     5     5     5     5     5     5     5
          5     5     5     5     5     5     5     5     5     5     5     5     5     5     5     5     5     5     5
  23   1000   988   952   895   821   734   641   546   454   368   291   225   169   124    89    62    42    28    18    12
          7     4     3     1     1     0     0     0     0     0     0     0     0     0     0     0     0     0     0     0
          0     0     0     0     0     0     0     0     0     0     0     0     0     0     0     0     0     0     0     0
          0     0     0     0     0     0     0     0     0     0     0     1     1     1     1     1     1     1     2     5
          5     5     5     5     5     5     5     5     5     5     5     5     5     5     5     5     5     5     5     5
          5     5     5     5     5     5     5     5     5     5     5     5     5     5     5     5     5     5
  24   1000   988   952   895   821   734   641   546   454   368   291   225   169   124    89    62    42    28    18    12
          7     4     3     1     1     0     0     0     0     0     0     0     0     0     0     0     0     0     0     0
          0     0     0     0     0     0     0     0     0     0     0     0     0     0     0     0     0     0     0     0
          0     0     0     0     0     0     0     0     0     0     0     1     1     1     1     1     1     2     5     5
          5     5     5     5     5     5     5     5     5     5     5     5     5     5     5     5     5     5     5     5
          5     5     5     5     5     5     5     5     5     5     5     5     5     5     5     5     5
  25   1000   988   952   895   821   734   641   546   454   368   291   225   169   124    89    62    42    28    18    12
          7     4     3     1     1     0     0     0     0     0     0     0     0     0     0     0     0     0     0     0
          0     0     0     0     0     0     0     0     0     0     0     0     0     0     0     0     0     0     0     0
          0     0     0     0     0     0     0     0     0     0     1     1     1     1     1     1     2     5     5     5
          5     5     5     5     5     5     5     5     5     5     5     5     5     5     5     5     5     5     5     5
          5     5     5     5     5     5     5     5     5     5     5     5     5     5     5     5
  26   1000   988   952   895   821   734   641   546   454   368   291   225   169   124    89    62    42    28    18    12
          7     4     3     1     1     0     0     0     0     0     0     0     0     0     0     0     0     0     0     0
          0     0     0     0     0     0     0     0     0     0     0     0     0     0     0     0     0     0     0     0
          0     0     0     0     0     0     0     0     0     1     1     1     1     1     1     2     5     5     5     5
          5     5     5     5     5     5     5     5     5     5     5     5     5     5     5     5     5     5     5     5
          5     5     5     5     5     5     5     5     5     5     5     5     5     5     5
  27   1000   988   952   895   821   734   641   546   454   368   291   225   169   124    89    62    42    28    18    12
          7     4     3     1     1     0     0     0     0     0     0     0     0     0     0     0     0     0     0     0
          0     0     0     0     0     0     0     0     0     0     0     0     0     0     0     0     0     0     0     0
          0     0     0     0     0     0     0     0     0     1     1     1     1     1     2     5     5     5     5     5
          5     5     5     5     5     5     5     5     5     5     5     5     5     5     5     5     5     5     5     5
          5     5     5     5     5     5     5     5     5     5     5     5     5     5
  28   1000   988   952   895   821   734   641   546   454   368   291   225   169   124    89    62    42    28    18    12
          7     4     3     1     1     0     0     0     0     0     0     0     0     0     0     0     0     0     0     0
          0     0     0     0     0     0     0     0     0     0     0     0     0     0     0     0     0     0     0     0
          0     0     0     0     0     0     0     0     1     1     1     1     1     2     5     5     5     5     5     5
          5     5     5     5     5     5     5     5     5     5     5     5     5     5     5     5     5     5     5     5
          5     5     5     5     5     5     5     5     5     5     5     5     5
  29   1000   988   952   895   821   734   641   546   454   368   291   225   169   124    89    62    42    28    18    12
          7     4     3     1     1     0     0     0     0     0     0     0     0     0     0     0     0     0     0     0
          0     0     0     0     0     0     0     0     0     0     0     0     0     0     0     0     0     0     0     0
          0     0     0     0     0     0     0     1     1     1     1     1     2     5     5     5     5     5     5     5
          5     5     5     5     5     5     5     5     5     5     5     5     5     5     5     5     5     5     5     5
          5     5     5     5     5     5     5     5     5     5     5     5
  30   1000   988   952   895   821   734   641   546   454   368   291   225   169   124    89    62    42    28    18    12
          7     4     3     1     1     0     0     0     0     0     0     0     0     0     0     0     0     0     0     0
          0     0     0     0     0     0     0     0     0     0     0     0     0     0     0     0     0     0     0     0
          0     0     0     0     0     0     1     1     1     1     1     2     5     5     5     5     5     5     5     5
          5     5     5     5     5     5     5     5     5     5     5     5     5     5     5     5     5     5     5     5
          5     5     5     5     5     5     5     5     5     5     5
  31   1000   988   952   895   821   734   641   546   454   368   291   225   169   124    89    62    42    28    18    12
          7     4     3     1     1     0     0     0     0     0     0     0     0     0     0     0     0     0     0     0
          0     0     0     0     0     0     0     0     0     0     0     0     0     0     0     0     0     0     0     0
          0     0     0     0     0     1     1     1     1     1     2     5     5     5     5     5     5     5     5     5
          5     5     5     5     5     5     5     5     5     5     5     5     5     5     5     5     5     5     5     5
          5     5     5     5     5     5     5     5     5     5
  32   1000   988   952   895   821   734   641   546   454   368   291   225   169   124    89    62    42    28    18    12
          7     4     3     1     1     0     0     0     0     0     0     0     0     0     0     0     0     0     0     0
          0     0     0     0     0     0     0     0     0     0     0     0     0     0     0     0     0     0     0     0
          0     0     0     0     1     1     1     1     1     2     5     5     5     5     5     5     5     5     5     5
          5     5     5     5     5     5     5     5     5     5     5     5     5     5     5     5     5     5     5     5
          5     5     5     5     5     5     5     5     5
  33   1000   988   952   895   821   734   641   546   454   368   291   225   169   124    89    62    42    28    18    12
          7     4     3     1     1     0     0     0     0     0     0     0     0     0     0     0     0     0     0     0
          0     0     0     0     0     0     0     0     0     0     0     0     0     0     0     0     0     0     0     0
          0     0     0     1     1     1     1     1     2     5     5     5     5     5     5     5     5     5     5     5
          5     5     5     5     5     5     5     5     5     5     5     5     5     5     5     5     5     5     5     5
          5     5     5     5     5     5     5     5
  34   1000   988   952   895   821   734   641   546   454   368   291   225   169   124    89    62    42    28    18    12
          7     4     3     1     1     0     0     0     0     0     0     0     0     0     0     0     0     0     0     0
          0     0     0     0     0     0     0     0     0     0     0     0     0     0     0     0     0     0     0     0
          0     0     1     1     1     1     1     2     5     5     5     5     5     5     5     5     5     5     5     5
          5     5     5     5     5     5     5     5     5     5     5     5     5     5     5     5     5     5     5     5
          5     5     5     5     5     5     5
  35   1000   988   952   895   821   734   641   546   454   368   291   225   169   124    89    62    42    28    18    12
          7     4     3     1     1     0     0     0     0     0     0     0     0     0     0     0     0     0     0     0
          0     0     0     0     0     0     0     0     0     0     0     0     0     0     0     0     0     0     0     0
          1     1     1     1     1     1     2     5     5     5     5     5     5     5     5     5     5     5     5     5
          5     5     5     5     5     5     5     5     5     5     5     5     5     5     5     5     5     5     5     5
          5     5     5     5     5     5
  36   1000   988   952   895   821   734   641   546   454   368   291   225   169   124    89    62    42    28    18    12
          7     4     3     1     1     0     0     0     0     0     0     0     0     0     0     0     0     0     0     0
          0     0     0     0     0     0     0     0     0     0     0     0     0     0     0     0     0     0     0     1
          1     1     1     1     1     2     5     5     5     5     5     5     5     5     5     5     5     5     5     5
          5     5     5     5     5     5     5     5     5     5     5     5     5     5     5     5     5     5     5     5
          5     5     5     5     5
  37   1000   988   952   895   821   734   641   546   454   368   291   225   169   124    89    62    42    28    18    12
          7     4     3     1     1     0     0     0     0     0     0     0     0     0     0     0     0     0     0     0
          0     0     0     0     0     0     0     0     0     0     0     0     0     0     0     0     0     0     1     1
          1     1     1     1     2     5     5     5     5     5     5     5     5     5     5     5     5     5     5     5
          5     5     5     5     5     5     5     5     5     5     5     5     5     5     5     5     5     5     5     5
          5     5     5     5
  38   1000   988   952   895   821   734   641   546   454   368   291   225   169   124    89    62    42    28    18    12
          7     4     3     1     1     0     0     0     0     0     0     0     0     0     0     0     0     0     0     0
          0     0     0     0     0     0     0     0     0     0     0     0     0     0     0     0     0     1     1     1
          1     1     1     2     5     5     5     5     5     5     5     5     5     5     5     5     5     5     5     5
          5     5     5     5     5     5     5     5     5     5     5     5     5     5     5     5     5     5     5     5
          5     5     5
  39   1000   988   952   895   821   734   641   546   454   368   291   225   169   124    89    62    42    28    18    12
          7     4     3     1     1     0     0     0     0     0     0     0     0     0     0     0     0     0     0     0
          0     0     0     0     0     0     0     0     0     0     0     0     0     0     0     0     1     1     1     1
          1     1     2     5     5     5     5     5     5     5     5     5     5     5     5     5     5     5     5     5
          5     5     5     5     5     5     5     5     5     5     5     5     5     5     5     5     5     5     5     5
          5     5
  40   1000   988   952   895   821   734   641   546   454   368   291   224   169   124    89    62    42    28    18    12
          7     4     3     1     1     0     0     0     0     0     0     0     0     0     0     0     0     0     0     0
          0     0     0     0     0     0     0     0     0     0     0     0     0     0     0     1     1     1     1     1
          1     2     5     5     5     5     5     5     5     5     5     5     5     5     5     5     5     5     5     5
          5     5     5     5     5     5     5     5     5     5     5     5     5     5     5     5     5     5     5     5
          5
  41   1000   988   952   895   821   734   641   546   454   368   291   224   169   124    89    62    42    28    18    12
          7     4     3     1     1     0     0     0     0     0     0     0     0     0     0     0     0     0     0     0
          0     0     0     0     0     0     0     0     0     0     0     0     0     0     1     1     1     1     1     1
          2     5     5     5     5     5     5     5     5     5     5     5     5     5     5     5     5     5     5     5
          5     5     5     5     5     5     5     5     5     5     5     5     5     5     5     5     5     5     5     5
  42   1000   988   952   895   821   734   641   546   454   368   291   224   169   124    89    62    42    28    18    12
          7     4     2     1     1     0     0     0     0     0     0     0     0     0     0     0     0     0     0     0
          0     0     0     0     0     0     0     0     0     0     0     0     0     1     1     1     1     1     1     2
          5     5     5     5     5     5     5     5     5     5     5     5     5     5     5     5     5     5     5     5
          5     5     5     5     5     5     5     5     5     5     5     5     5     5     5     5     5     5     5
  43   1000   988   952   895   821   734   641   546   454   368   291   224   169   124    89    62    42    28    18    12
          7     4     2     1     1     0     0     0     0     0     0     0     0     0     0     0     0     0     0     0
          0     0     0     0     0     0     0     0     0     0     0     0     1     1     1     1     1     1     2     5
          5     5     5     5     5     5     5     5     5     5     5     5     5     5     5     5     5     5     5     5
          5     5     5     5     5     5     5     5     5     5     5     5     5     5     5     5     5     5
  44   1000   988   952   895   821   734   641   546   454   368   291   224   169   124    89    62    42    28    18    12
          7     4     2     1     1     0     0     0     0     0     0     0     0     0     0     0     0     0     0     0
          0     0     0     0     0     0     0     0     0     0     0     1     1     1     1     1     1     2     5     5
          5     5     5     5     5     5     5     5     5     5     5     5     5     5     5     5     5     5     5     5
          5     5     5     5     5     5     5     5     5     5     5     5     5     5     5     5     5
  45   1000   988   952   895   821   734   641   546   454   368   291   224   169   124    89    62    42    28    18    12
          7     4     2     1     1     0     0     0     0     0     0     0     0     0     0     0     0     0     0     0
          0     0     0     0     0     0     0     0     0     0     1     1     1     1     1     1     2     5     5     5
          5     5     5     5     5     5     5     5     5     5     5     5     5     5     5     5     5     5     5     5
          5     5     5     5     5     5     5     5     5     5     5     5     5     5     5     5
  46   1000   988   952   895   821   734   641   546   454   368   291   224   169   124    89    62    42    28    18    12
          7     4     2     1     1     0     0     0     0     0     0     0     0     0     0     0     0     0     0     0
          0     0     0     0     0     0     0     0     0     1     1     1     1     1     1     2     5     5     5     5
          5     5     5     5     5     5     5     5     5     5     5     5     5     5     5     5     5     5     5     5
          5     5     5     5     5     5     5     5     5     5     5     5     5     5     5
  47   1000   988   952   895   821   734   641   546   454   368   291   224   169   124    89    62    42    28    18    11
          7     4     2     1     1     0     0     0     0     0     0     0     0     0     0     0     0     0     0     0
          0     0     0     0     0     0     0     1     1     1     1     1     1     1     2     5     5     5     5     5
          5     5     5     5     5     5     5     5     5     5     5     5     5     5     5     5     5     5     5     5
          5     5     5     5     5     5     5     5     5     5     5     5     5     5
  48   1000   988   952   895   821   734   641   546   454   368   291   224   169   124    89    62    42    28    18    11
          7     4     2     1     1     0     0     0     0     0     0     0     0     0     0     0     0     0     0     0
          0     0     0     0     0     0     1     1     1     1     1     1     1     2     5     5     5     5     5     5
          5     5     5     5     5     5     5     5     5     5     5     5     5     5     5     5     5     5     5     5
          5     5     5     5     5     5     5     5     5     5     5     5     5
  49   1000   988   952   895   821   734   641   546   454   368   291   224   169   124    89    62    42    28    18    11
          7     4     2     1     1     0     0     0     0     0     0     0     0     0     0     0     0     0     0     0
          0     0     0     0     0     1     1     1     1     1     1     1     2     5     5     5     5     5     5     5
          5     5     5     5     5     5     5     5     5     5     5     5     5     5     5     5     5     5     5     5
          5     5     5     5     5     5     5     5     5     5     5     5
  50   1000   988   952   895   821   734   641   546   454   368   291   224   169   124    89    62    42    28    18    11
          7     4     2     1     1     0     0     0     0     0     0     0     0     0     0     0     0     0     0     0
          0     0     0     0     1     1     1     1     1     1     1     2     5     5     5     5     5     5     5     5
          5     5     5     5     5     5     5     5     5     5     5     5     5     5     5     5     5     5     5     5
          5     5     5     5     5     5     5     5     5     5     5
  51   1000   988   952   895   821   734   641   546   454   368   291   224   169   124    89    62    42    28    18    11
          7     4     2     1     1     0     0     0     0     0     0     0     0     0     0     0     0     0     0     0
          0     0     0     1     1     1     1     1     1     1     2     5     5     5     5     5     5     5     5     5
          5     5     5     5     5     5     5     5     5     5     5     5     5     5     5     5     5     5     5     5
          5     5     5     5     5     5     5     5     5     5
  52   1000   988   952   895   821   734   641   546   454   368   291   224   169   124    89    62    42    28    18    11
          7     4     2     1     1     0     0     0     0     0     0     0     0     0     0     0     0     0     0     0
          0     0     1     1     1     1     1     1     1     2     5     5     5     5     5     5     5     5     5     5
          5     5     5     5     5     5     5     5     5     5     5     5     5     5     5     5     5     5     5     5
          5     5     5     5     5     5     5     5     5
  53   1000   988   952   895   821   734   641   546   454   368   291   224   169   124    89    62    42    28    18    11
          7     4     2     1     1     0     0     0     0     0     0     0     0     0     0     0     0     0     0     0
          0     1     1     1     1     1     1     1     2     5     5     5     5     5     5     5     5     5     5     5
          5     5     5     5     5     5     5     5     5     5     5     5     5     5     5     5     5     5     5     5
          5     5     5     5     5     5     5     5
  54   1000   988   952   895   821   734   641   546   454   368   291   224   169   124    89    62    42    28    18    11
          7     4     2     1     1     0     0     0     0     0     0     0     0     0     0     0     0     0     0     0
          1     1     1     1     1     1     1     2     5     5     5     5     5     5     5     5     5     5     5     5
          5     5     5     5     5     5     5     5     5     5     5     5     5     5     5     5     5     5     5     5
          5     5     5     5     5     5     5
  55   1000   988   952   895   821   734   641   546   454   368   291   224   169   124    89    62    42    28    18    11
          7     4     2     1     1     0     0     0     0     0     0     0     0     0     0     0     0     0     0     1
          1     1     1     1     1     1     2     5     5     5     5     5     5     5     5     5     5     5     5     5
          5     5     5     5     5     5     5     5     5     5     5     5     5     5     5     5     5     5     5     5
          5     5     5     5     5     5
  56   1000   988   952   895   821   734   641   546   454   368   291   224   169   124    89    62    42    28    18    11
          7     4     2     1     1     0     0     0     0     0     0     0     0     0     0     0     0     0     1     1
          1     1     1     1     1     2     5     5     5     5     5     5     5     5     5     5     5     5     5     5
          5     5     5     5     5     5     5     5     5     5     5     5     5     5     5     5     5     5     5     5
          5     5     5     5     5
  57   1000   988   952   895   821   734   641   546   454   368   291   224   169   124    89    62    42    28    18    11
          7     4     2     1     1     0     0     0     0     0     0     0     0     0     0     0     0     1     1     1
          1     1     1     1     2     5     5     5     5     5     5     5     5     5     5     5     5     5     5     5
          5     5     5     5     5     5     5     5     5     5     5     5     5     5     5     5     5     5     5     5
          5     5     5     5
  58   1000   988   952   895   821   734   641   546   454   368   291   224   169   124    89    62    42    28    18    11
          7     4     2     1     1     0     0     0     0     0     0     0     0     0     0     0     1     1     1     1
          1     1     1     2     5     5     5     5     5     5     5     5     5     5     5     5     5     5     5     5
          5     5     5     5     5     5     5     5     5     5     5     5     5     5     5     5     5     5     5     5
          5     5     5
  59   1000   988   952   895   821   734   641   546   454   368   291   224   169   124    89    62    42    28    18    11
          7     4     2     1     1     0     0     0     0     0     0     0     0     0     0     0     1     1     1     1
          1     1     2     5     5     5     5     5     5     5     5     5     5     5     5     5     5     5     5     5
          5     5     5     5     5     5     5     5     5     5     5     5     5     5     5     5     5     5     5     5
          5     5
  60   1000   988   952   895   821   734   641   546   454   368   291   224   169   124    89    62    42    28    18    11
          7     4     2     1     1     0     0     0     0     0     0     0     0     0     0     1     1     1     1     1
          1     2     5     5     5     5     5     5     5     5     5     5     5     5     5     5     5     5     5     5
          5     5     5     5     5     5     5     5     5     5     5     5     5     5     5     5     5     5     5     5
          5
  61   1000   988   952   895   821   734   641   546   454   368   291   224   169   124    89    62    42    28    18    11
          7     4     2     1     1     0     0     0     0     0     0     0     0     0     1     1     1     1     1     1
          2     5     5     5     5     5     5     5     5     5     5     5     5     5     5     5     5     5     5     5
          5     5     5     5     5     5     5     5     5     5     5     5     5     5     5     5     5     5     5     5
  62   1000   988   952   895   821   734   641   546   454   368   291   224   169   124    89    62    42    28    18    11
          7     4     2     1     0     0     0     0     0     0     0     0     0     1     1     1     1     1     1     2
          5     5     5     5     5     5     5     5     5     5     5     5     5     5     5     5     5     5     5     5
          5     5     5     5     5     5     5     5     5     5     5     5     5     5     5     5     5     5     5
  63   1000   988   952   895   821   734   641   546   454   368   291   224   169   124    89    62    42    28    18    11
          7     4     2     1     0     0     0     0     0     0     0     0     1     1     1     1     1     1     2     5
          5     5     5     5     5     5     5     5     5     5     5     5     5     5     5     5     5     5     5     5
          5     5     5     5     5     5     5     5     5     5     5     5     5     5     5     5     5     5
  64   1000   988   952   895   821   734   641   546   454   368   291   224   169   124    89    62    42    28    18    11
          7     4     2     1     0     0     0     0     0     0     0     1     1     1     1     1     1     2     5     5
          5     5     5     5     5     5     5     5     5     5     5     5     5     5     5     5     5     5     5     5
          5     5     5     5     5     5     5     5     5     5     5     5     5     5     5     5     5
  65   1000   988   952   895   821   734   641   546   454   368   291   224   169   124    89    62    42    28    18    11
          7     4     2     1     0     0     0     0     0     0     1     1     1     1     1     1     2     5     5     5
          5     5     5     5     5     5     5     5     5     5     5     5     5     5     5     5     5     5     5     5
          5     5     5     5     5     5     5     5     5     5     5     5     5     5     5     5
  66   1000   988   952   895   821   734   641   546   454   368   291   224   169   124    88    62    42    28    18    11
          7     4     2     1     0     0     0     0     0     0     1     1     1     1     1     2     5     5     5     5
          5     5     5     5     5     5     5     5     5     5     5     5     5     5     5     5     5     5     5     5
          5     5     5     5     5     5     5     5     5     5     5     5     5     5     5
  67   1000   988   952   895   821   734   641   546   454   368   291   224   169   124    89    62    42    28    18    11
          7     4     2     1     0     0    -1     0     0     1     1     1     1     1     2     5     5     5     5     5
          5     5     5     5     5     5     5     5     5     5     5     5     5     5     5     5     5     5     5     5
          5     5     5     5     5     5     5     5     5     5     5     5     5     5
  68   1000   988   952   895   821   734   641   546   453   368   291   224   169   124    89    62    42    28    18    11
          7     4     2     0     0    -1    -1     0     0     1     1     1     1     2     5     5     5     5     5     5
          5     5     5     5     5     5     5     5     5     5     5     5     5     5     5     5     5     5     5     5
          5     5     5     5     5     5     5     5     5     5     5     5     5
  69   1000   988   952   895   821   734   641   546   453   367   291   224   169   124    89    62    43    29    19    12
          7     4     2     0    -1    -1     0     0     1     1     1     1     2     5     5     5     5     5     5     5
          5     5     5     5     5     5     5     5     5     5     5     5     5     5     5     5     5     5     5     5
          5     5     5     5     5     5     5     5     5     5     5     5
  70   1000   988   952   895   821   734   641   546   453   368   291   224   169   125    90    63    44    29    19    12
          7     4     1     0    -1    -1     0     0     1     1     1     2     5     5     5     5     5     5     5     5
          5     5     5     5     5     5     5     5     5     5     5     5     5     5     5     5     5     5     5     5
          5     5     5     5     5     5     5     5     5     5     5
  71   1000   988   952   895   821   734   641   546   454   368   291   225   170   126    91    65    45    31    20    13
          8     4     0    -1    -3    -1     0     0     1     1     2     5     5     5     5     5     5     5     5     5
          5     5     5     5     5     5     5     5     5     5     5     5     5     5     5     5     5     5     5     5
          5     5     5     5     5     5     5     5     5     5
  72   1000   988   952   895   821   734   641   546   454   368   292   226   172   128    93    67    47    32    22    14
          8     3    -1    -5    -3    -1     0     0     1     2     5     5     5     5     5     5     5     5     5     5
          5     5     5     5     5     5     5     5     5     5     5     5     5     5     5     5     5     5     5     5
          5     5     5     5     5     5     5     5     5
  73   1000   988   952   895   821   734   641   546   455   369   294   228   174   130    96    70    50    35    23    15
          7     0    -7    -5    -3    -1     0     0     1     5     5     5     5     5     5     5     5     5     5     5
          5     5     5     5     5     5     5     5     5     5     5     5     5     5     5     5     5     5     5     5
          5     5     5     5     5     5     5     5
  74   1000   988   952   895   821   735   642   547   456   371   296   232   178   135   100    74    53    38    25    14
          3   -11   -10    -6    -4    -2    -1     0     5     5     5     5     5     5     5     5     5     5     5     5
          5     5     5     5     5     5     5     5     5     5     5     5     5     5     5     5     5     5     5     5
          5     5     5     5     5     5     5
  75   1000   988   952   895   821   735   643   549   458   375   301   237   184   141   106    79    58    40    25     7
        -16   -16   -12    -8    -6    -4    -1     5     5     5     5     5     5     5     5     5     5     5     5     5
          5     5     5     5     5     5     5     5     5     5     5     5     5     5     5     5     5     5     5     5
          5     5     5     5     5     5
  76   1000   988   952   895   821   736   644   552   462   380   307   244   191   148   113    85    62    41    15   -22
        -26   -20   -15   -11    -8    -4     4     4     4     4     4     4     4     4     4     4     4     4     4     4
          4     4     4     4     4     4     4     4     4     4     4     4     4     4     4     4     4     4     4     4
          4     4     4     4     4
  77   1000   988   952   895   822   738   647   556   468   387   316   254   201   158   122    92    63    27   -31   -39
        -31   -25   -19   -14    -9     4     4     4     4     4     4     4     4     4     4     4     4     4     4     4
          4     4     4     4     4     4     4     4     4     4     4     4     4     4     4     4     4     4     4     4
          4     4     4     4
  78   1000   988   952   896   824   740   651   562   476   397   327   266   213   169   130    93    44   -41   -56   -48
        -38   -30   -23   -17     3     3     3     3     3     3     3     3     3     3     3     3     3     3     3     3
          3     3     3     3     3     3     3     3     3     3     3     3     3     3     3     3     3     3     3     3
          3     3     3
  79   1000   988   953   897   826   745   658   571   487   410   341   280   227   179   132    66   -55   -80   -69   -57
        -46   -36   -27     2     2     2     2     2     2     2     2     2     2     2     2     2     2     2     2     2
          2     2     2     2     2     2     2     2     2     2     2     2     2     2     2     2     2     2     2     2
          2     2
  80   1000   988   953   899   830   750   666   582   501   425   357   295   239   180    95   -71  -110   -97   -81   -66
        -54   -41     1     1     1     1     1     1     1     1     1     1     1     1     1     1     1     1     1     1
          1     1     1     1     1     1     1     1     1     1     1     1     1     1     1     1     1     1     1     1
          1
  81   1000   988   954   901   834   758   677   595   516   442   374   308   239   132   -90  -147  -133  -112   -93   -76
        -59     0     0     0     0     0     0     0     0     0     0     0     0     0     0     0     0     0     0     0
          0     0     0     0     0     0     0     0     0     0     0     0     0     0     0     0     0     0     0     0
  82   1000   989   956   905   840   767   689   610   533   459   386   306   175  -111  -191  -176  -151  -127  -105   -82
         -2    -2    -2    -2    -2    -2    -2    -2    -2    -2    -2    -2    -2    -2    -2    -2    -2    -2    -2    -2
         -2    -2    -2    -2    -2    -2    -2    -2    -2    -2    -2    -2    -2    -2    -2    -2    -2    -2    -2
  83   1000   989   957   909   847   777   702   626   549   471   381   225  -133  -241  -226  -197  -167  -139  -111    -5
         -5    -5    -5    -5    -5    -5    -5    -5    -5    -5    -5    -5    -5    -5    -5    -5    -5    -5    -5    -5
         -5    -5    -5    -5    -5    -5    -5    -5    -5    -5    -5    -5    -5    -5    -5    -5    -5    -5
  84   1000   989   959   913   854   787   715   639   558   460   281  -156  -296  -283  -249  -214  -180  -145    -9    -9
         -9    -9    -9    -9    -9    -9    -9    -9    -9    -9    -9    -9    -9    -9    -9    -9    -9    -9    -9    -9
         -9    -9    -9    -9    -9    -9    -9    -9    -9    -9    -9    -9    -9    -9    -9    -9    -9
  85   1000   990   961   918   862   797   725   645   542   341  -178  -355  -344  -307  -266  -227  -184   -14   -14   -14
        -14   -14   -14   -14   -14   -14   -14   -14   -14   -14   -14   -14   -14   -14   -14   -14   -14   -14   -14   -14
        -14   -14   -14   -14   -14   -14   -14   -14   -14   -14   -14   -14   -14   -14   -14   -14
  86   1000   990   964   922   868   804   727   623   403  -198  -414  -409  -370  -324  -279  -229   -20   -20   -20   -20
        -20   -20   -20   -20   -20   -20   -20   -20   -20   -20   -20   -20   -20   -20   -20   -20   -20   -20   -20   -20
        -20   -20   -20   -20   -20   -20   -20   -20   -20   -20   -20   -20   -20   -20   -20
  87   1000   991   965   925   872   802   701   466  -214  -472  -475  -434  -385  -335  -278   -27   -27   -27   -27   -27
        -27   -27   -27   -27   -27   -27   -27   -27   -27   -27   -27   -27   -27   -27   -27   -27   -27   -27   -27   -27
        -27   -27   -27   -27   -27   -27   -27   -27   -27   -27   -27   -27   -27   -27
  88   1000   991   967   926   868   772   529  -223  -526  -539  -500  -448  -394  -331   -37   -37   -37   -37   -37   -37
        -37   -37   -37   -37   -37   -37   -37   -37   -37   -37   -37   -37   -37   -37   -37   -37   -37   -37   -37   -37
        -37   -37   -37   -37   -37   -37   -37   -37   -37   -37   -37   -37   -37
  89   1000   992   966   921   836   591  -223  -572  -598  -563  -511  -455  -387   -48   -48   -48   -48   -48   -48   -48
        -48   -48   -48   -48   -48   -48   -48   -48   -48   -48   -48   -48   -48   -48   -48   -48   -48   -48   -48   -48
        -48   -48   -48   -48   -48   -48   -48   -48   -48   -48   -48   -48
  90   1000   991   962   892   653  -211  -607  -649  -621  -571  -514  -444   -64   -64   -64   -64   -64   -64   -64   -64
        -64   -64   -64   -64   -64   -64   -64   -64   -64   -64   -64   -64   -64   -64   -64   -64   -64   -64   -64   -64
        -64   -64   -64   -64   -64   -64   -64   -64   -64   -64   -64
  91   1000   989   939   718  -178  -623  -686  -668  -625  -570  -501   -87   -87   -87   -87   -87   -87   -87   -87   -87
        -87   -87   -87   -87   -87   -87   -87   -87   -87   -87   -87   -87   -87   -87   -87   -87   -87   -87   -87   -87
        -87   -87   -87   -87   -87   -87   -87   -87   -87   -87
  92   1000   978   792  -106  -605  -695  -694  -661  -612  -552  -123  -123  -123  -123  -123  -123  -123  -123  -123  -123
       -123  -123  -123  -123  -123  -123  -123  -123  -123  -123  -123  -123  -123  -123  -123  -123  -123  -123  -123  -123
       -123  -123  -123  -123  -123  -123  -123  -123  -123
  93   1000   887    51  -505  -636  -661  -647  -613  -573  -177  -177  -177  -177  -177  -177  -177  -177  -177  -177  -177
       -177  -177  -177  -177  -177  -177  -177  -177  -177  -177  -177  -177  -177  -177  -177  -177  -177  -177  -177  -177
       -177  -177  -177  -177  -177  -177  -177  -177
  94   1000   483  -108  -303  -374  -397  -395  -367   -39   -39   -39   -39   -39   -39   -39   -39   -39   -39   -39   -39
        -39   -39   -39   -39   -39   -39   -39   -39   -39   -39   -39   -39   -39   -39   -39   -39   -39   -39   -39   -39
        -39   -39   -39   -39   -39   -39   -39
  95   1000   809   655   560   492   435   372    37    37    37    37    37    37    37    37    37    37    37    37    37
         37    37    37    37    37    37    37    37    37    37    37    37    37    37    37    37    37    37    37    37
         37    37    37    37    37    37
  96   1000   971   926   877   821   739    82    82    82    82    82    82    82    82    82    82    82    82    82    82
         82    82    82    82    82    82    82    82    82    82    82    82    82    82    82    82    82    82    82    82
         82    82    82    82    82
  97   1000   988   961   921   847   101   101   101   101   101   101   101   101   101   101   101   101   101   101   101
        101   101   101   101   101   101   101   101   101   101   101   101   101   101   101   101   101   101   101   101
        101   101   101   101
  98   1000   991   967   906   116   116   116   116   116   116   116   116   116   116   116   116   116   116   116   116
        116   116   116   116   116   116   116   116   116   116   116   116   116   116   116   116   116   116   116   116
        116   116   116
  99   1000   992   947   132   132   132   132   132   132   132   132   132   132   132   132   132   132   132   132   132
        132   132   132   132   132   132   132   132   132   132   132   132   132   132   132   132   132   132   132   132
        132   132
 100   1000   973   150   150   150   150   150   150   150   150   150   150   150   150   150   150   150   150   150   150
        150   150   150   150   150   150   150   150   150   150   150   150   150   150   150   150   150   150   150   150
        150
 101   1000   343   343   343   343   343   343   343   343   343   343   343   343   343   343   343   343   343   343   343
        343   343   343   343   343   343   343   343   343   343   343   343   343   343   343   343   343   343   343   343
 102   1000  1000  1000  1000  1000  1000  1000  1000  1000  1000  1000  1000  1000  1000  1000  1000  1000  1000  1000  1000
       1000  1000  1000  1000  1000  1000  1000  1000  1000  1000  1000  1000  1000  1000  1000  1000  1000  1000  1000
 103   1000  1000  1000  1000  1000  1000  1000  1000  1000  1000  1000  1000  1000  1000  1000  1000  1000  1000  1000  1000
       1000  1000  1000  1000  1000  1000  1000  1000  1000  1000  1000  1000  1000  1000  1000  1000  1000  1000
 104   1000  1000  1000  1000  1000  1000  1000  1000  1000  1000  1000  1000  1000  1000  1000  1000  1000  1000  1000  1000
       1000  1000  1000  1000  1000  1000  1000  1000  1000  1000  1000  1000  1000  1000  1000  1000  1000
 105   1000  1000  1000  1000  1000  1000  1000  1000  1000  1000  1000  1000  1000  1000  1000  1000  1000  1000  1000  1000
       1000  1000  1000  1000  1000  1000  1000  1000  1000  1000  1000  1000  1000  1000  1000  1000
 106   1000  1000  1000  1000  1000  1000  1000  1000  1000  1000  1000  1000  1000  1000  1000  1000  1000  1000  1000  1000
       1000  1000  1000  1000  1000  1000  1000  1000  1000  1000  1000  1000  1000  1000  1000
 107   1000  1000  1000  1000  1000  1000  1000  1000  1000  1000  1000  1000  1000  1000  1000  1000  1000  1000  1000  1000
       1000  1000  1000  1000  1000  1000  1000  1000  1000  1000  1000  1000  1000  1000
 108   1000  1000  1000  1000  1000  1000  1000  1000  1000  1000  1000  1000  1000  1000  1000  1000  1000  1000  1000  1000
       1000  1000  1000  1000  1000  1000  1000  1000  1000  1000  1000  1000  1000
 109   1000  1000  1000  1000  1000  1000  1000  1000  1000  1000  1000  1000  1000  1000  1000  1000  1000  1000  1000  1000
       1000  1000  1000  1000  1000  1000  1000  1000  1000  1000  1000  1000
 110   1000  1000  1000  1000  1000  1000  1000  1000  1000  1000  1000  1000  1000  1000  1000  1000  1000  1000  1000  1000
       1000  1000  1000  1000  1000  1000  1000  1000  1000  1000  1000
 111   1000  1000  1000  1000  1000  1000  1000  1000  1000  1000  1000  1000  1000  1000  1000  1000  1000  1000  1000  1000
       1000  1000  1000  1000  1000  1000  1000  1000  1000  1000
 112   1000  1000  1000  1000  1000  1000  1000  1000  1000  1000  1000  1000  1000  1000  1000  1000  1000  1000  1000  1000
       1000  1000  1000  1000  1000  1000  1000  1000  1000
 113   1000  1000  1000  1000  1000  1000  1000  1000  1000  1000  1000  1000  1000  1000  1000  1000  1000  1000  1000  1000
       1000  1000  1000  1000  1000  1000  1000  1000
 114   1000  1000  1000  1000  1000  1000  1000  1000  1000  1000  1000  1000  1000  1000  1000  1000  1000  1000  1000  1000
       1000  1000  1000  1000  1000  1000  1000
 115   1000  1000  1000  1000  1000  1000  1000  1000  1000  1000  1000  1000  1000  1000  1000  1000  1000  1000  1000  1000
       1000  1000  1000  1000  1000  1000
 116   1000  1000  1000  1000  1000  1000  1000  1000  1000  1000  1000  1000  1000  1000  1000  1000  1000  1000  1000  1000
       1000  1000  1000  1000  1000
 117   1000  1000  1000  1000  1000  1000  1000  1000  1000  1000  1000  1000  1000  1000  1000  1000  1000  1000  1000  1000
       1000  1000  1000  1000
 118   1000  1000  1000  1000  1000  1000  1000  1000  1000  1000  1000  1000  1000  1000  1000  1000  1000  1000  1000  1000
       1000  1000  1000
 119   1000  1000  1000  1000  1000  1000  1000  1000  1000  1000  1000  1000  1000  1000  1000  1000  1000  1000  1000  1000
       1000  1000
 120   1000  1000  1000  1000  1000  1000  1000  1000  1000  1000  1000  1000  1000  1000  1000  1000  1000  1000  1000  1000
       1000
 121   1000  1000  1000  1000  1000  1000  1000  1000  1000  1000  1000  1000  1000  1000  1000  1000  1000  1000  1000  1000
 122   1000  1000  1000  1000  1000  1000  1000  1000  1000  1000  1000  1000  1000  1000  1000  1000  1000  1000  1000
 123   1000  1000  1000  1000  1000  1000  1000  1000  1000  1000  1000  1000  1000  1000  1000  1000  1000  1000
 124   1000  1000  1000  1000  1000  1000  1000  1000  1000  1000  1000  1000  1000  1000  1000  1000  1000
 125   1000  1000  1000  1000  1000  1000  1000  1000  1000  1000  1000  1000  1000  1000  1000  1000
 126   1000  1000  1000  1000  1000  1000  1000  1000  1000  1000  1000  1000  1000  1000  1000
 127   1000  1000  1000  1000  1000  1000  1000  1000  1000  1000  1000  1000  1000  1000
 128   1000  1000  1000  1000  1000  1000  1000  1000  1000  1000  1000  1000  1000
 129   1000  1000  1000  1000  1000  1000  1000  1000  1000  1000  1000  1000
 130   1000  1000  1000  1000  1000  1000  1000  1000  1000  1000  1000
 131   1000  1000  1000  1000  1000  1000  1000  1000  1000  1000
 132   1000  1000  1000  1000  1000  1000  1000  1000  1000
 133   1000  1000  1000  1000  1000  1000  1000  1000
 134   1000  1000  1000  1000  1000  1000  1000
 135   1000  1000  1000  1000  1000  1000
 136   1000  1000  1000  1000  1000
 137   1000  1000  1000  1000
 138   1000  1000  1000
 139   1000  1000
 140   1000

 Finished!
