NIF_RUN Passive 18x snout on TANDM 90-348 Pinhole
  140    5    1    0    1
   0.00500   9.00000   0.03000   0.03000
   0.0000000   0   0 1.00000000E+00   1.0000000
ZR902    1.706E-12 0.010       0.00       0.00        (    )
IN115N   4.881E-13 0.007       0.00       0.00        (    )
AU197G   8.079E-14 0.010       0.00 AUNG  3.94 IFX    (ISTP)
IN115G   1.161E-13 0.020       0.00 INNG 39.37 IFX    (ISTP)
AU1972   1.218E-11 0.053       0.00       0.00        (    )
Flux Uncertainty
 140
 0.0000E+00 0.0000E+00 0.0000E+00 0.0000E+00 0.0000E+00 0.0000E+00 0.0000E+00
 0.0000E+00 0.0000E+00 0.0000E+00 0.0000E+00 0.0000E+00 0.0000E+00 0.0000E+00
 1.0000E+00 1.0000E+00 1.0000E+00 1.0000E+00 1.0000E+00 1.0000E+00 1.0000E+00
 1.0000E+00 1.0000E+00 1.0000E+00 1.0000E+00 1.0000E+00 1.0000E+00 1.0000E+00
 1.0000E+00 1.0000E+00 1.0000E+00 1.0000E+00 1.0000E+00 1.0000E+00 1.0000E+00
 1.0000E+00 1.0000E+00 1.0000E+00 1.0000E+00 1.0000E+00 1.0000E+00 1.0000E+00
 1.0000E+00 1.0000E+00 1.0000E+00 1.0000E+00 1.0000E+00 1.0000E+00 1.0000E+00
 1.0000E+00 1.0000E+00 1.0000E+00 1.0000E+00 1.0000E+00 1.0000E+00 1.0000E+00
 1.0000E+00 1.0000E+00 1.0000E+00 1.0000E+00 1.0000E+00 1.0000E+00 1.0000E+00
 1.0000E+00 1.0000E+00 1.0000E+00 1.0000E+00 1.0000E+00 1.0000E+00 1.0000E+00
 1.0000E+00 1.0000E+00 1.0000E+00 1.0000E+00 1.0000E+00 1.0000E+00 1.0000E+00
 1.0000E+00 1.0000E+00 1.0000E+00 1.0000E+00 1.0000E+00 1.0000E+00 1.0000E+00
 1.0000E+00 1.0000E+00 1.0000E+00 1.0000E+00 1.0000E+00 1.0000E+00 1.0000E+00
 1.0000E+00 1.0000E+00 5.0000E-02 5.0000E-02 0.0000E+00 0.0000E+00 0.0000E+00
 0.0000E+00 0.0000E+00 0.0000E+00 0.0000E+00 0.0000E+00 0.0000E+00 0.0000E+00
 0.0000E+00 0.0000E+00 0.0000E+00 0.0000E+00 0.0000E+00 0.0000E+00 0.0000E+00
 0.0000E+00 0.0000E+00 0.0000E+00 0.0000E+00 0.0000E+00 0.0000E+00 0.0000E+00
 0.0000E+00 0.0000E+00 0.0000E+00 0.0000E+00 0.0000E+00 0.0000E+00 0.0000E+00
 0.0000E+00 0.0000E+00 0.0000E+00 0.0000E+00 0.0000E+00 0.0000E+00 0.0000E+00
 0.0000E+00 0.0000E+00 0.0000E+00 0.0000E+00 0.0000E+00 0.0000E+00 0.0000E+00
Input Flux Spectrum
 140   1 1.000E+00 2.000E+01 5.000E-08
 0.0000E+00 0.0000E+00 0.0000E+00 0.0000E+00 0.0000E+00 0.0000E+00 0.0000E+00
 0.0000E+00 0.0000E+00 0.0000E+00 0.0000E+00 0.0000E+00 0.0000E+00 0.0000E+00
 4.8100E+05 7.2100E+05 5.6500E+06 7.0300E+06 2.2700E+07 2.4000E+07 5.6500E+07
 1.4400E+08 2.5400E+08 2.8800E+08 3.0300E+08 3.9500E+08 4.6300E+08 5.5000E+08
 5.0200E+08 6.0300E+08 7.1200E+08 5.7900E+08 8.0600E+08 6.8600E+08 7.0500E+08
 1.0500E+09 8.5800E+08 1.2300E+09 9.7200E+08 1.4000E+09 1.3700E+09 1.7200E+09
 1.6300E+09 1.9200E+09 2.6700E+09 2.3400E+09 2.6400E+09 3.6400E+09 3.6600E+09
 5.2000E+09 4.7300E+09 4.9600E+09 4.6900E+09 5.2500E+09 5.1000E+09 5.6500E+09
 5.3800E+09 4.4700E+09 5.8700E+09 5.5900E+09 6.7700E+09 6.4900E+09 6.3600E+09
 6.1200E+09 7.1600E+09 6.8400E+09 6.5000E+09 6.2600E+09 8.2000E+09 7.1700E+09
 1.8000E+10 1.7400E+10 1.9000E+10 2.0200E+10 1.8000E+10 2.5400E+10 3.9300E+10
 2.0000E+10 2.6000E+10 2.9800E+10 2.9000E+10 2.5000E+10 2.8600E+10 2.6600E+10
 2.5100E+10 3.8500E+10 3.9000E+10 4.7200E+10 5.7500E+10 8.8500E+10 1.0400E+11
 1.3800E+11 1.7800E+11 2.2700E+12 2.5200E+12 0.0000E+00 0.0000E+00 0.0000E+00
 0.0000E+00 0.0000E+00 0.0000E+00 0.0000E+00 0.0000E+00 0.0000E+00 0.0000E+00
 0.0000E+00 0.0000E+00 0.0000E+00 0.0000E+00 0.0000E+00 0.0000E+00 0.0000E+00
 0.0000E+00 0.0000E+00 0.0000E+00 0.0000E+00 0.0000E+00 0.0000E+00 0.0000E+00
 0.0000E+00 0.0000E+00 0.0000E+00 0.0000E+00 0.0000E+00 0.0000E+00 0.0000E+00
 0.0000E+00 0.0000E+00 0.0000E+00 0.0000E+00 0.0000E+00 0.0000E+00 0.0000E+00
 0.0000E+00 0.0000E+00 0.0000E+00 0.0000E+00 0.0000E+00 0.0000E+00 0.0000E+00
   10   13   28   11    8    5    8    7   10   40



                         ==============================
                               STAYSL PNNL OUTPUT
                         ==============================

 STAYSL PNNL, version 1.2.0, 2015-08-05


 SCENARIO TITLE: NIF_RUN Passive 18x snout on TANDM 90-348 Pinhole
 -------------------------------------------------------------------------------
  NGROUP =   140    NRXN =     5    ACTIVITY NORM = 1.00000E+00

  COVARIANCE PARAMETERS (FCHN, FCVX, ACVX, FS)
    FLUXES:      WIDTH =  9.0000E+00   LONG RANGE COVAR. =  3.0000E-02
            ACTIVITIES =  5.0000E-03   X-SECT CROSS COR. =  3.0000E-02

    DETERM =   3.6451 × 10^  -1.00      ERROR =  -2.0428E-15

  INPUT NORMALIZATION DATA
    AK1   =     0.00000     VAK        =     0.00090
    NORML =           0     RENORM     = 6.89465E-01
    CHI²  =   136.24931     NORM. CHI² =    34.06233
     (logarithmic limit was applied to low fluxes)

  DOSIMETRY ACTIVITIES
     ———— INPUTS —————  -UNADJUSTED FLUX-  — ADJUSTED FLUX —    CHI²  90% ACTIVITIES RANGE
 RXN  MEASURED     ±%   ACTIVITY    %DIFF  ACTIVITY    %DIFF  CONTRIB --LOW E-- --HIGH E--   REACTION          CVR
  1  1.706E-12    1.00  1.930E-12   13.14  1.527E-12  -10.51   35.180  1.30E+01  1.40E+01  ZR90(N,2N)ZR89          
  2  4.881E-13    0.70  4.103E-13  -15.93  5.446E-13   11.57   -0.861  1.80E+00  1.40E+01  IN115(N,N')IN115M       
  3  8.079E-14    1.00  9.422E-14   16.62  1.027E-13   27.15    1.028  5.75E-04  4.50E+00  AU197(N,G)AU198         
  4  1.161E-13    2.00  6.796E-14  -41.47  1.276E-13    9.94    8.105  3.40E-03  3.30E+00  IN115(N,G)IN116M        
  5  1.218E-11    5.30  7.489E-12  -38.51  5.942E-12  -51.21   92.797  1.10E+01  1.40E+01  AU197(N,2N)AU196        

             % STD. DEV.  =         31.25              30.42

                              CHECK INPUT, IT IS RATHER UNLIKELY !
                                   *** BEWARE OF OUTPUT ! ***


  DIFFERENTIAL FLUXES (input is normalized by a factor of 6.8946E-01)
                  —————— DIFFERENTIAL FLUX —————   ———— STD. DEV. % ————   INTEGRAL
 GRP    ENERGY        NEW         OLD      RATIO    NEW     OLD    RATIO   FLUX > E     ± %
  15  2.8000E-06  1.4875E+11  2.2871E+11   0.650   98.69  100.00   0.987  4.1702E+12    2.61
  16  4.2500E-06  1.4450E+11  2.4249E+11   0.596   97.91  100.00   0.979  4.1702E+12    2.61
  17  6.3000E-06  7.1583E+11  1.3433E+12   0.533   96.76  100.00   0.968  4.1702E+12    2.61
  18  9.2000E-06  5.2041E+11  1.1272E+12   0.462   95.13  100.00   0.951  4.1702E+12    2.61
  19  1.3500E-05  7.9949E+11  2.0868E+12   0.383   92.89  100.00   0.929  4.1702E+12    2.61
  20  2.1000E-05  5.4921E+11  1.8386E+12   0.299   89.91  100.00   0.899  4.1702E+12    2.61
  21  3.0000E-05  5.4710E+11  2.5970E+12   0.211   86.09  100.00   0.861  4.1702E+12    2.61
  22  4.5000E-05  7.5640E+11  4.1368E+12   0.183   81.33  100.00   0.813  4.1702E+12    2.61
  23  6.9000E-05  9.4789E+11  5.6492E+12   0.168   75.61  100.00   0.756  4.1702E+12    2.61
  24  1.0000E-04  8.7974E+11  5.6733E+12   0.155   68.94  100.00   0.689  4.1702E+12    2.61
  25  1.3500E-04  8.6538E+11  5.9688E+12   0.145   61.48  100.00   0.615  4.1701E+12    2.61
  26  1.7000E-04  7.5061E+11  5.4468E+12   0.138   53.49  100.00   0.535  4.1701E+12    2.61
  27  2.2000E-04  7.1179E+11  5.3204E+12   0.134   45.48  100.00   0.455  4.1701E+12    2.61
  28  2.8000E-04  6.3142E+11  4.7401E+12   0.133   38.29  100.00   0.383  4.1700E+12    2.61
  29  3.6000E-04  5.2489E+11  3.8457E+12   0.136   33.25  100.00   0.332  4.1700E+12    2.61
  30  4.5000E-04  4.7963E+11  3.3260E+12   0.144   31.84  100.00   0.318  4.1699E+12    2.61
  31  5.7500E-04  4.1717E+11  2.6535E+12   0.157   34.51  100.00   0.345  4.1699E+12    2.61
  32  7.6000E-04  3.5260E+11  1.9960E+12   0.177   40.10  100.00   0.401  4.1698E+12    2.61
  33  9.6000E-04  4.0850E+11  1.7642E+12   0.232   47.02  100.00   0.470  4.1697E+12    2.61
  34  1.2750E-03  5.8060E+11  1.4553E+12   0.399   54.14  100.00   0.541  4.1696E+12    2.61
  35  1.6000E-03  7.0985E+11  1.2152E+12   0.584   60.78  100.00   0.608  4.1694E+12    2.61
  36  2.0000E-03  8.0751E+11  1.0342E+12   0.781   66.57  100.00   0.666  4.1691E+12    2.61
  37  2.7000E-03  8.3008E+11  8.4509E+11   0.982   71.35  100.00   0.713  4.1686E+12    2.62
  38  3.4000E-03  9.1117E+11  7.7095E+11   1.182   75.06  100.00   0.751  4.1680E+12    2.62
  39  4.5000E-03  9.2058E+11  6.7016E+11   1.374   77.78  100.00   0.778  4.1670E+12    2.63
  40  5.5000E-03  8.8144E+11  5.6779E+11   1.552   79.63  100.00   0.796  4.1661E+12    2.64
  41  7.2000E-03  8.0947E+11  4.7228E+11   1.714   80.77  100.00   0.808  4.1646E+12    2.66
  42  9.2000E-03  7.8581E+11  4.2353E+11   1.855   81.39  100.00   0.814  4.1629E+12    2.69
  43  1.2000E-02  7.3983E+11  3.7461E+11   1.975   81.67  100.00   0.817  4.1607E+12    2.72
  44  1.5000E-02  6.8570E+11  3.3094E+11   2.072   81.77  100.00   0.818  4.1585E+12    2.75
  45  1.9000E-02  6.0797E+11  2.8321E+11   2.147   81.84  100.00   0.818  4.1558E+12    2.79
  46  2.5500E-02  5.4613E+11  2.4821E+11   2.200   81.96  100.00   0.820  4.1518E+12    2.85
  47  3.2000E-02  5.0839E+11  2.2752E+11   2.234   82.20  100.00   0.822  4.1483E+12    2.89
  48  4.0000E-02  4.5202E+11  2.0077E+11   2.251   82.59  100.00   0.826  4.1442E+12    2.94
  49  5.2500E-02  4.2130E+11  1.8692E+11   2.254   83.12  100.00   0.831  4.1386E+12    3.01
  50  6.6000E-02  3.6583E+11  1.6296E+11   2.245   83.76  100.00   0.838  4.1329E+12    3.06
  51  8.8000E-02  3.3017E+11  1.4823E+11   2.227   84.49  100.00   0.845  4.1248E+12    3.14
  52  1.1000E-01  3.0159E+11  1.3679E+11   2.205   85.25  100.00   0.853  4.1176E+12    3.20
  53  1.3500E-01  2.8201E+11  1.2934E+11   2.180   86.00  100.00   0.860  4.1100E+12    3.25
  54  1.6000E-01  2.6029E+11  1.2066E+11   2.157   86.69  100.00   0.867  4.1030E+12    3.29
  55  1.9000E-01  2.5069E+11  1.1721E+11   2.139   87.28  100.00   0.873  4.0952E+12    3.32
  56  2.2000E-01  2.3681E+11  1.1130E+11   2.128   87.74  100.00   0.877  4.0876E+12    3.35
  57  2.5500E-01  2.2537E+11  1.0598E+11   2.127   88.02  100.00   0.880  4.0793E+12    3.36
  58  2.9000E-01  2.1957E+11  1.0273E+11   2.137   88.11  100.00   0.881  4.0715E+12    3.37
  59  3.2000E-01  2.1875E+11  1.0118E+11   2.162   87.97  100.00   0.880  4.0649E+12    3.37
  60  3.6000E-01  2.1211E+11  9.6353E+10   2.201   87.57  100.00   0.876  4.0561E+12    3.36
  61  4.0000E-01  2.1060E+11  9.3354E+10   2.256   86.86  100.00   0.869  4.0476E+12    3.34
  62  4.5000E-01  2.0809E+11  8.9493E+10   2.325   85.82  100.00   0.858  4.0371E+12    3.31
  63  5.0000E-01  2.1118E+11  8.7700E+10   2.408   84.41  100.00   0.844  4.0267E+12    3.28
  64  5.5000E-01  2.1113E+11  8.4391E+10   2.502   82.61  100.00   0.826  4.0161E+12    3.23
  65  6.0000E-01  2.1422E+11  8.2276E+10   2.604   80.41  100.00   0.804  4.0056E+12    3.18
  66  6.6000E-01  2.1293E+11  7.8599E+10   2.709   77.83  100.00   0.778  3.9927E+12    3.10
  67  7.2000E-01  2.1005E+11  7.4692E+10   2.812   74.93  100.00   0.749  3.9800E+12    3.03
  68  7.8000E-01  2.0911E+11  7.1934E+10   2.907   71.81  100.00   0.718  3.9674E+12    2.94
  69  8.4000E-01  2.1117E+11  7.0670E+10   2.988   68.65  100.00   0.686  3.9548E+12    2.84
  70  9.2000E-01  1.8845E+11  6.1793E+10   3.050   65.64  100.00   0.656  3.9379E+12    2.71
  71  1.0000E+00  1.9153E+11  6.2052E+10   3.087   63.01  100.00   0.630  3.9228E+12    2.58
  72  1.2000E+00  1.8570E+11  5.9983E+10   3.096   60.95  100.00   0.609  3.8845E+12    2.25
  73  1.4000E+00  2.0152E+11  6.5499E+10   3.077   59.58  100.00   0.596  3.8474E+12    1.98
  74  1.6000E+00  2.1104E+11  6.9636E+10   3.031   58.86  100.00   0.589  3.8071E+12    1.75
  75  1.8000E+00  1.8382E+11  6.2052E+10   2.962   58.60  100.00   0.586  3.7649E+12    1.64
  76  2.0000E+00  1.6806E+11  5.8375E+10   2.879   58.48  100.00   0.585  3.7281E+12    1.67
  77  2.3000E+00  2.5197E+11  9.0320E+10   2.790   58.15  100.00   0.581  3.6777E+12    1.91
  78  2.6000E+00  1.2430E+11  4.5964E+10   2.704   57.24  100.00   0.572  3.6021E+12    2.61
  79  2.9000E+00  1.1797E+11  4.4815E+10   2.632   55.48  100.00   0.555  3.5648E+12    3.03
  80  3.3000E+00  1.3258E+11  5.1365E+10   2.581   52.69  100.00   0.527  3.5176E+12    3.56
  81  3.7000E+00  1.2768E+11  4.9986E+10   2.554   48.84  100.00   0.488  3.4646E+12    4.15
  82  4.1000E+00  1.0989E+11  4.3092E+10   2.550   44.05  100.00   0.441  3.4135E+12    4.67
  83  4.5000E+00  1.0102E+11  3.9437E+10   2.562   38.66  100.00   0.387  3.3696E+12    5.05
  84  5.0000E+00  9.4466E+10  3.6680E+10   2.575   33.24  100.00   0.332  3.3191E+12    5.40
  85  5.5000E+00  8.9085E+10  3.4611E+10   2.574   28.65  100.00   0.287  3.2718E+12    5.62
  86  6.0000E+00  9.6180E+10  3.7921E+10   2.536   25.98  100.00   0.260  3.2273E+12    5.72
  87  6.7000E+00  9.3822E+10  3.8413E+10   2.442   25.91  100.00   0.259  3.1600E+12    5.68
  88  7.4000E+00  9.2551E+10  4.0678E+10   2.275   28.06  100.00   0.281  3.0943E+12    5.48
  89  8.2000E+00  1.0031E+11  4.9555E+10   2.024   31.29  100.00   0.313  3.0202E+12    5.06
  90  9.0000E+00  1.0301E+11  6.1018E+10   1.688   34.59  100.00   0.346  2.9400E+12    4.42
  91  1.0000E+01  9.1512E+10  7.1704E+10   1.276   37.42  100.00   0.374  2.8370E+12    3.35
  92  1.1000E+01  7.6880E+10  9.5146E+10   0.808   39.72  100.00   0.397  2.7455E+12    2.22
  93  1.2000E+01  3.8210E+10  1.2272E+11   0.311   41.81  100.00   0.418  2.6686E+12    1.17
  94  1.3000E+01  1.2652E+12  1.5651E+12   0.808    0.92    5.83   0.157  2.6304E+12    0.73
  95  1.4000E+01  1.3652E+12  1.7375E+12   0.786    0.64    5.83   0.110  1.3652E+12    0.64
      1.5000E+01

  INTEGRALS OF SPECTRA
    OLD SPECTRUM   4.1417E+12   ±   17.069 %
    NEW SPECTRUM   4.1702E+12   ±    2.612 %

  SUMMARY OF BROAD-GROUP FLUXES, FLUENCES, AND UNCERTAINTIES

    IRRAD TIME [S] = 1.00000000E+00   ACT NORM =  1.00000000E+00

       ENERGY       FLUX       FLUENCE      STDEV %
      thermal    0.0000E+00  0.0000E+00  ±   0.00     (0.100 meV – 0.550  eV)
     epithermal  5.2687E+10  5.2687E+10  ±  66.33     (0.550  eV – 110.0 keV)
        fast     4.1176E+12  4.1176E+12  ±   3.20     (110.0 keV –  20.0 MeV)
        fast     3.9228E+12  3.9228E+12  ±   2.58     (  1.0 MeV –  20.0 MeV)
        high     0.0000E+00  0.0000E+00  ±   0.00     ( 20.0 MeV –  60.0 MeV)

    MINI-SPECTRUM

       ENERGY       FLUX       FLUENCE      STDEV %
     1.0000E-10  0.0000E+00  0.0000E+00  ±   0.00
     5.5000E-07  7.1509E+07  7.1509E+07  ±  79.28
     1.0000E-04  5.2616E+10  5.2616E+10  ±  66.44
     1.1000E-01  9.0851E+10  9.0851E+10  ±  75.04
     5.0000E-01  1.0386E+11  1.0386E+11  ±  68.17
     1.0000E+00  1.9472E+11  1.9472E+11  ±  57.02
     2.0000E+00  4.0906E+11  4.0906E+11  ±  45.97
     5.0000E+00  4.8207E+11  4.8207E+11  ±  20.91
     1.0000E+01  2.8370E+12  2.8370E+12  ±   3.35
     2.0000E+01  0.0000E+00  0.0000E+00  ±   0.00
     6.0000E+01

       TOTAL     4.1702E+12  4.1702E+12  ±   2.61

    RELATIVE COVARIANCES (10×10)
        0     0     0     0     0     0     0     0     0     0
     1000  -172   -18   129   221   110  -195   -48     0
     1000   150  -603  -773  -371   643   295     0
     1000   166  -529  -341   534   241     0
     1000   340  -293   156   181     0
     1000   360  -813  -132     0
     1000 -1096  -615     0
     1000   677     0
     1000     0
        0

  SPECTRAL-AVERAGED REACTION RATES (for all cross section library reactions)

        REACTIONS        SIG-PHI      <SIG>          REACTIONS        SIG-PHI      <SIG>          REACTIONS        SIG-PHI      <SIG>  
   ------------------  ----------  ----------   ------------------  ----------  ----------   ------------------  ----------  ----------
   LI6(N,A)T           4.1955E-13  1.0061E-25   FE58(N,G)FE59       5.4188E-15  1.2994E-27   IN115(N,N')IN115M   5.4458E-13  1.3059E-25
   B10(N,A)LI7         7.3410E-13  1.7603E-25   CO59(N,2N)CO58      1.7999E-12  4.3161E-25   IN115(N,2N)IN114M   3.6021E-12  8.6377E-25
   F19(N,2N)F18        9.2111E-14  2.2088E-26   CO59(N,3N)CO57      0.0000E+00  0.0000E+00   IN115(N,G)IN116M    1.2901E-13  3.0936E-26
   NA23(N,2N)NA22      5.2799E-14  1.2661E-26   CO59(N,G)CO60       1.5373E-14  3.6864E-27   I127(N,2N)I126      3.9749E-12  9.5316E-25
   NA23(N,G)NA24       1.0966E-15  2.6296E-28   CO59(N,P)FE59       1.5506E-13  3.7184E-26   LA139(N,G)LA140     1.1886E-14  2.8502E-27
   MG24(N,P)NA24       5.6269E-13  1.3493E-25   CO59(N,A)MN56       8.8617E-14  2.1250E-26   PR141(N,2N)PR140    4.4167E-12  1.0591E-24
   AL27(N,P)MG27       2.5555E-13  6.1279E-26   NI58(N,2N)NI57      5.8665E-14  1.4068E-26   TM169(N,2N)TM168    5.6191E-12  1.3474E-24
   AL27(N,A)NA24       3.5428E-13  8.4954E-26   NI58(N,P)CO58       1.4794E-12  3.5475E-25   TM169(N,3N)TM167    2.8082E-17  6.7340E-30
   SI28(N,P)AL28       8.3542E-13  2.0033E-25   NI60(N,P)CO60       4.4447E-13  1.0658E-25   TA181(N,G)TA182     1.1997E-13  2.8769E-26
   P31(N,P)SI31        3.7704E-13  9.0413E-26   CU63(N,2N)CU62      1.1472E-12  2.7509E-25   W186(N,G)W187       4.8974E-14  1.1744E-26
   S32(N,P)P32         9.7230E-13  2.3315E-25   CU63(N,G)CU64       2.2552E-14  5.4079E-27   AU197(N,2N)AU196    5.9425E-12  1.4250E-24
   TI46(N,2N)TI45      4.7441E-14  1.1376E-26   CU63(N,A)CO60       1.3464E-13  3.2285E-26   AU197(N,G)AU198     1.0549E-13  2.5295E-26
   TI46(N,P)SC46       8.4267E-13  2.0207E-25   CU65(N,2N)CU64      2.3320E-12  5.5919E-25   HG199(N,N')HG199M   1.1171E-12  2.6788E-25
   TI47(N,P)SC47       4.3955E-13  1.0540E-25   ZN64(N,P)CU64       6.6622E-13  1.5975E-25   PB204(N,N')PB204M   3.5834E-13  8.5927E-26
   TI47(N,X)SC46       1.0257E-13  2.4595E-26   ZN67(N,P)CU67       9.8441E-14  2.3606E-26   BI209(N,3N)BI207    8.0951E-16  1.9412E-28
   TI48(N,P)SC48       1.7690E-13  4.2421E-26   AS75(N,2N)AS74      2.4999E-12  5.9947E-25   TH232(N,FISSION)    1.2132E-12  2.9091E-25
   TI48(N,X)SC47       1.8121E-14  4.3454E-27   Y89(N,2N)Y88        2.1422E-12  5.1369E-25   TH232(N,G)TH233     9.8917E-14  2.3720E-26
   TI49(N,X)SC48       1.0006E-14  2.3993E-27   ZR90(N,2N)ZR89      1.5267E-12  3.6610E-25   U235(N,FISSION)     7.5612E-12  1.8131E-24
   V51(N,A)SC48        4.1395E-14  9.9263E-27   NB93(N,G)NB94       3.6146E-14  8.6677E-27   U235(N,G)U236       1.1151E-13  2.6739E-26
   CR52(N,2N)CR51      6.8013E-13  1.6309E-25   NB93(N,N')NB93M     3.7121E-13  8.9015E-26   U238(N,2N)U237      3.2422E-12  7.7746E-25
   MN55(N,2N)MN54      1.8420E-12  4.4171E-25   NB93(N,2N)NB92M     1.2662E-12  3.0363E-25   U238(N,FISSION)     3.8914E-12  9.3314E-25
   MN55(N,G)MN56       7.8050E-15  1.8716E-27   MO92(N,P)NB92M      2.6157E-13  6.2723E-26   U238(N,G)U239       7.7844E-14  1.8667E-26
   FE54(N,2N)FE53      7.9183E-15  1.8988E-27   RH103(N,N')RH103M   2.1785E-12  5.2240E-25   NP237(N,FISSION)    8.1685E-12  1.9588E-24
   FE54(N,P)MN54       1.3242E-12  3.1753E-25   AG109(N,G)AG110M    1.0515E-14  2.5215E-27   PU239(N,FISSION)    9.2995E-12  2.2300E-24
   FE54(N,A)CR51       2.5527E-13  6.1213E-26   IN113(N,N')IN113M   4.6412E-13  1.1129E-25   AM241(N,FISSION)    9.6269E-12  2.3085E-24
   FE56(N,P)MN56       3.3240E-13  7.9707E-26   IN113(N,G)IN114M    1.6938E-13  4.0617E-26   SC45(N,G)SC46       9.9789E-15  2.3929E-27

  INPUT FLUX REL. CORRELATION MATRIX (by row from diagonal)
   1   1000  1000  1000  1000  1000  1000  1000  1000  1000  1000  1000  1000  1000  1000    30    30    30    30    30    30
         30    30    30    30    30    30    30    30    30    30    30    30    30    30    30    30    30    30    30    30
         30    30    30    30    30    30    30    30    30    30    30    30    30    30    30    30    30    30    30    30
         30    30    30    30    30    30    30    30    30    30    30    30    30    30    30    30    30    30    30    30
         30    30    30    30    30    30    30    30    30    30    30    30    30   515   515  1000  1000  1000  1000  1000
       1000  1000  1000  1000  1000  1000  1000  1000  1000  1000  1000  1000  1000  1000  1000  1000  1000  1000  1000  1000
       1000  1000  1000  1000  1000  1000  1000  1000  1000  1000  1000  1000  1000  1000  1000  1000  1000  1000  1000  1000

  OUTPUT FLUX REL. CORRELATION MATRIX (by row from diagonal)
   1   1000  1000  1000  1000  1000  1000  1000  1000  1000  1000  1000  1000  1000  1000    30    32    35    38    41    46
         51    57    65    75    87   102   121   141   157   153   128    95    66    43    24     7    -5   -17   -28   -38
        -47   -54   -61   -66   -70   -72   -74   -74   -73   -71   -69   -66   -64   -61   -59   -57   -55   -54   -53   -53
        -54   -54   -54   -54   -53   -50   -45   -36   -23    -5    20    52    92   136   185   237   292   351   415   487
        567   658   758   854   911   859   655   365    73  -188  -419  -623  -792   140  -233  1000  1000  1000  1000  1000
       1000  1000  1000  1000  1000  1000  1000  1000  1000  1000  1000  1000  1000  1000  1000  1000  1000  1000  1000  1000
       1000  1000  1000  1000  1000  1000  1000  1000  1000  1000  1000  1000  1000  1000  1000  1000  1000  1000  1000  1000
   2   1000  1000  1000  1000  1000  1000  1000  1000  1000  1000  1000  1000  1000    30    32    35    38    41    46    51
         57    65    75    87   102   121   141   157   153   128    95    66    43    24     7    -5   -17   -28   -38   -47
        -54   -61   -66   -70   -72   -74   -74   -73   -71   -69   -66   -64   -61   -59   -57   -55   -54   -53   -53   -54
        -54   -54   -54   -53   -50   -45   -36   -23    -5    20    52    92   136   185   237   292   351   415   487   567
        658   758   854   911   859   655   365    73  -188  -419  -623  -792   140  -233  1000  1000  1000  1000  1000  1000
       1000  1000  1000  1000  1000  1000  1000  1000  1000  1000  1000  1000  1000  1000  1000  1000  1000  1000  1000  1000
       1000  1000  1000  1000  1000  1000  1000  1000  1000  1000  1000  1000  1000  1000  1000  1000  1000  1000  1000
   3   1000  1000  1000  1000  1000  1000  1000  1000  1000  1000  1000  1000    30    32    35    38    41    46    51    57
         65    75    87   102   121   141   157   153   128    95    66    43    24     7    -5   -17   -28   -38   -47   -54
        -61   -66   -70   -72   -74   -74   -73   -71   -69   -66   -64   -61   -59   -57   -55   -54   -53   -53   -54   -54
        -54   -54   -53   -50   -45   -36   -23    -5    20    52    92   136   185   237   292   351   415   487   567   658
        758   854   911   859   655   365    73  -188  -419  -623  -792   140  -233  1000  1000  1000  1000  1000  1000  1000
       1000  1000  1000  1000  1000  1000  1000  1000  1000  1000  1000  1000  1000  1000  1000  1000  1000  1000  1000  1000
       1000  1000  1000  1000  1000  1000  1000  1000  1000  1000  1000  1000  1000  1000  1000  1000  1000  1000
   4   1000  1000  1000  1000  1000  1000  1000  1000  1000  1000  1000    30    32    35    38    41    46    51    57    65
         75    87   102   121   141   157   153   128    95    66    43    24     7    -5   -17   -28   -38   -47   -54   -61
        -66   -70   -72   -74   -74   -73   -71   -69   -66   -64   -61   -59   -57   -55   -54   -53   -53   -54   -54   -54
        -54   -53   -50   -45   -36   -23    -5    20    52    92   136   185   237   292   351   415   487   567   658   758
        854   911   859   655   365    73  -188  -419  -623  -792   140  -233  1000  1000  1000  1000  1000  1000  1000  1000
       1000  1000  1000  1000  1000  1000  1000  1000  1000  1000  1000  1000  1000  1000  1000  1000  1000  1000  1000  1000
       1000  1000  1000  1000  1000  1000  1000  1000  1000  1000  1000  1000  1000  1000  1000  1000  1000
   5   1000  1000  1000  1000  1000  1000  1000  1000  1000  1000    30    32    35    38    41    46    51    57    65    75
         87   102   121   141   157   153   128    95    66    43    24     7    -5   -17   -28   -38   -47   -54   -61   -66
        -70   -72   -74   -74   -73   -71   -69   -66   -64   -61   -59   -57   -55   -54   -53   -53   -54   -54   -54   -54
        -53   -50   -45   -36   -23    -5    20    52    92   136   185   237   292   351   415   487   567   658   758   854
        911   859   655   365    73  -188  -419  -623  -792   140  -233  1000  1000  1000  1000  1000  1000  1000  1000  1000
       1000  1000  1000  1000  1000  1000  1000  1000  1000  1000  1000  1000  1000  1000  1000  1000  1000  1000  1000  1000
       1000  1000  1000  1000  1000  1000  1000  1000  1000  1000  1000  1000  1000  1000  1000  1000
   6   1000  1000  1000  1000  1000  1000  1000  1000  1000    30    32    35    38    41    46    51    57    65    75    87
        102   121   141   157   153   128    95    66    43    24     7    -5   -17   -28   -38   -47   -54   -61   -66   -70
        -72   -74   -74   -73   -71   -69   -66   -64   -61   -59   -57   -55   -54   -53   -53   -54   -54   -54   -54   -53
        -50   -45   -36   -23    -5    20    52    92   136   185   237   292   351   415   487   567   658   758   854   911
        859   655   365    73  -188  -419  -623  -792   140  -233  1000  1000  1000  1000  1000  1000  1000  1000  1000  1000
       1000  1000  1000  1000  1000  1000  1000  1000  1000  1000  1000  1000  1000  1000  1000  1000  1000  1000  1000  1000
       1000  1000  1000  1000  1000  1000  1000  1000  1000  1000  1000  1000  1000  1000  1000
   7   1000  1000  1000  1000  1000  1000  1000  1000    30    32    35    38    41    46    51    57    65    75    87   102
        121   141   157   153   128    95    66    43    24     7    -5   -17   -28   -38   -47   -54   -61   -66   -70   -72
        -74   -74   -73   -71   -69   -66   -64   -61   -59   -57   -55   -54   -53   -53   -54   -54   -54   -54   -53   -50
        -45   -36   -23    -5    20    52    92   136   185   237   292   351   415   487   567   658   758   854   911   859
        655   365    73  -188  -419  -623  -792   140  -233  1000  1000  1000  1000  1000  1000  1000  1000  1000  1000  1000
       1000  1000  1000  1000  1000  1000  1000  1000  1000  1000  1000  1000  1000  1000  1000  1000  1000  1000  1000  1000
       1000  1000  1000  1000  1000  1000  1000  1000  1000  1000  1000  1000  1000  1000
   8   1000  1000  1000  1000  1000  1000  1000    30    32    35    38    41    46    51    57    65    75    87   102   121
        141   157   153   128    95    66    43    24     7    -5   -17   -28   -38   -47   -54   -61   -66   -70   -72   -74
        -74   -73   -71   -69   -66   -64   -61   -59   -57   -55   -54   -53   -53   -54   -54   -54   -54   -53   -50   -45
        -36   -23    -5    20    52    92   136   185   237   292   351   415   487   567   658   758   854   911   859   655
        365    73  -188  -419  -623  -792   140  -233  1000  1000  1000  1000  1000  1000  1000  1000  1000  1000  1000  1000
       1000  1000  1000  1000  1000  1000  1000  1000  1000  1000  1000  1000  1000  1000  1000  1000  1000  1000  1000  1000
       1000  1000  1000  1000  1000  1000  1000  1000  1000  1000  1000  1000  1000
   9   1000  1000  1000  1000  1000  1000    30    32    35    38    41    46    51    57    65    75    87   102   121   141
        157   153   128    95    66    43    24     7    -5   -17   -28   -38   -47   -54   -61   -66   -70   -72   -74   -74
        -73   -71   -69   -66   -64   -61   -59   -57   -55   -54   -53   -53   -54   -54   -54   -54   -53   -50   -45   -36
        -23    -5    20    52    92   136   185   237   292   351   415   487   567   658   758   854   911   859   655   365
         73  -188  -419  -623  -792   140  -233  1000  1000  1000  1000  1000  1000  1000  1000  1000  1000  1000  1000  1000
       1000  1000  1000  1000  1000  1000  1000  1000  1000  1000  1000  1000  1000  1000  1000  1000  1000  1000  1000  1000
       1000  1000  1000  1000  1000  1000  1000  1000  1000  1000  1000  1000
  10   1000  1000  1000  1000  1000    30    32    35    38    41    46    51    57    65    75    87   102   121   141   157
        153   128    95    66    43    24     7    -5   -17   -28   -38   -47   -54   -61   -66   -70   -72   -74   -74   -73
        -71   -69   -66   -64   -61   -59   -57   -55   -54   -53   -53   -54   -54   -54   -54   -53   -50   -45   -36   -23
         -5    20    52    92   136   185   237   292   351   415   487   567   658   758   854   911   859   655   365    73
       -188  -419  -623  -792   140  -233  1000  1000  1000  1000  1000  1000  1000  1000  1000  1000  1000  1000  1000  1000
       1000  1000  1000  1000  1000  1000  1000  1000  1000  1000  1000  1000  1000  1000  1000  1000  1000  1000  1000  1000
       1000  1000  1000  1000  1000  1000  1000  1000  1000  1000  1000
  11   1000  1000  1000  1000    30    32    35    38    41    46    51    57    65    75    87   102   121   141   157   153
        128    95    66    43    24     7    -5   -17   -28   -38   -47   -54   -61   -66   -70   -72   -74   -74   -73   -71
        -69   -66   -64   -61   -59   -57   -55   -54   -53   -53   -54   -54   -54   -54   -53   -50   -45   -36   -23    -5
         20    52    92   136   185   237   292   351   415   487   567   658   758   854   911   859   655   365    73  -188
       -419  -623  -792   140  -233  1000  1000  1000  1000  1000  1000  1000  1000  1000  1000  1000  1000  1000  1000  1000
       1000  1000  1000  1000  1000  1000  1000  1000  1000  1000  1000  1000  1000  1000  1000  1000  1000  1000  1000  1000
       1000  1000  1000  1000  1000  1000  1000  1000  1000  1000
  12   1000  1000  1000    30    32    35    38    41    46    51    57    65    75    87   102   121   141   157   153   128
         95    66    43    24     7    -5   -17   -28   -38   -47   -54   -61   -66   -70   -72   -74   -74   -73   -71   -69
        -66   -64   -61   -59   -57   -55   -54   -53   -53   -54   -54   -54   -54   -53   -50   -45   -36   -23    -5    20
         52    92   136   185   237   292   351   415   487   567   658   758   854   911   859   655   365    73  -188  -419
       -623  -792   140  -233  1000  1000  1000  1000  1000  1000  1000  1000  1000  1000  1000  1000  1000  1000  1000  1000
       1000  1000  1000  1000  1000  1000  1000  1000  1000  1000  1000  1000  1000  1000  1000  1000  1000  1000  1000  1000
       1000  1000  1000  1000  1000  1000  1000  1000  1000
  13   1000  1000    30    32    35    38    41    46    51    57    65    75    87   102   121   141   157   153   128    95
         66    43    24     7    -5   -17   -28   -38   -47   -54   -61   -66   -70   -72   -74   -74   -73   -71   -69   -66
        -64   -61   -59   -57   -55   -54   -53   -53   -54   -54   -54   -54   -53   -50   -45   -36   -23    -5    20    52
         92   136   185   237   292   351   415   487   567   658   758   854   911   859   655   365    73  -188  -419  -623
       -792   140  -233  1000  1000  1000  1000  1000  1000  1000  1000  1000  1000  1000  1000  1000  1000  1000  1000  1000
       1000  1000  1000  1000  1000  1000  1000  1000  1000  1000  1000  1000  1000  1000  1000  1000  1000  1000  1000  1000
       1000  1000  1000  1000  1000  1000  1000  1000
  14   1000    30    32    35    38    41    46    51    57    65    75    87   102   121   141   157   153   128    95    66
         43    24     7    -5   -17   -28   -38   -47   -54   -61   -66   -70   -72   -74   -74   -73   -71   -69   -66   -64
        -61   -59   -57   -55   -54   -53   -53   -54   -54   -54   -54   -53   -50   -45   -36   -23    -5    20    52    92
        136   185   237   292   351   415   487   567   658   758   854   911   859   655   365    73  -188  -419  -623  -792
        140  -233  1000  1000  1000  1000  1000  1000  1000  1000  1000  1000  1000  1000  1000  1000  1000  1000  1000  1000
       1000  1000  1000  1000  1000  1000  1000  1000  1000  1000  1000  1000  1000  1000  1000  1000  1000  1000  1000  1000
       1000  1000  1000  1000  1000  1000  1000
  15   1000   988   954   900   831   749   659   565   468   371   272   170    60   -60  -185  -280  -311  -293  -257  -221
       -188  -160  -136  -115   -98   -82   -69   -58   -49   -41   -34   -28   -24   -20   -17   -15   -13   -12   -10    -9
         -8    -6    -4    -3     0     1     4     8    11    16    20    25    30    36    41    46    50    53    54    54
         51    48    43    38    32    26    20    14     6    -2   -12   -23   -31   -34   -33   -32   -30   -28   -25    15
         28    30    30    30    30    30    30    30    30    30    30    30    30    30    30    30    30    30    30    30
         30    30    30    30    30    30    30    30    30    30    30    30    30    30    30    30    30    30    30    30
         30    30    30    30    30    30
  16   1000   988   955   901   832   749   657   559   455   346   230   101   -45  -201  -325  -372  -357  -317  -275  -235
       -201  -172  -146  -124  -105   -88   -74   -62   -52   -43   -36   -30   -25   -22   -19   -17   -15   -13   -12   -10
         -8    -6    -3     0     2     6    10    15    20    26    32    38    45    52    58    63    67    68    67    64
         59    53    46    38    31    22    14     3    -8   -21   -35   -43   -45   -43   -39   -35   -31   -27    18    37
         32    32    32    32    32    32    32    32    32    32    32    32    32    32    32    32    32    32    32    32
         32    32    32    32    32    32    32    32    32    32    32    32    32    32    32    32    32    32    32    32
         32    32    32    32    32
  17   1000   989   955   902   831   747   651   546   430   301   153   -19  -208  -366  -434  -425  -384  -335  -290  -249
       -213  -182  -155  -132  -111   -93   -78   -65   -54   -45   -38   -32   -28   -24   -21   -19   -17   -15   -13   -10
         -7    -4    -1     2     7    13    19    25    32    40    48    57    65    73    79    84    85    83    79    72
         64    55    46    36    25    13     0   -15   -32   -49   -58   -59   -54   -48   -42   -36   -30    22    47    35
         35    35    35    35    35    35    35    35    35    35    35    35    35    35    35    35    35    35    35    35
         35    35    35    35    35    35    35    35    35    35    35    35    35    35    35    35    35    35    35    35
         35    35    35    35
  18   1000   989   955   901   829   741   638   519   382   218    20  -203  -399  -493  -495  -454  -402  -351  -304  -262
       -224  -192  -163  -138  -116   -97   -81   -68   -56   -47   -40   -34   -30   -26   -23   -21   -18   -16   -13   -10
         -6    -1     3     9    16    23    31    40    50    60    70    80    90    98   103   105   102    97    88    78
         67    54    42    28    13    -3   -23   -45   -65   -76   -75   -68   -59   -50   -41   -33    27    60    38    38
         38    38    38    38    38    38    38    38    38    38    38    38    38    38    38    38    38    38    38    38
         38    38    38    38    38    38    38    38    38    38    38    38    38    38    38    38    38    38    38    38
         38    38    38
  19   1000   989   955   899   824   729   612   471   295    76  -183  -419  -546  -564  -527  -473  -417  -364  -316  -272
       -234  -199  -169  -143  -120  -100   -83   -70   -59   -50   -43   -37   -33   -29   -26   -23   -20   -16   -12    -7
         -2     4    11    19    28    38    49    61    73    86    98   110   119   126   128   125   117   107    94    80
         64    48    31    13    -8   -32   -59   -84   -96   -94   -84   -72   -60   -48   -37    32    75    41    41    41
         41    41    41    41    41    41    41    41    41    41    41    41    41    41    41    41    41    41    41    41
         41    41    41    41    41    41    41    41    41    41    41    41    41    41    41    41    41    41    41    41
         41    41
  20   1000   988   953   895   813   705   565   384   147  -144  -424  -588  -627  -600  -547  -488  -430  -376  -326  -281
       -241  -205  -173  -146  -122  -102   -85   -72   -61   -53   -46   -41   -36   -32   -29   -25   -20   -15    -9    -3
          4    13    23    34    46    59    74    89   104   119   133   145   152   154   151   142   129   113    95    76
         57    35    12   -13   -43   -76  -106  -120  -115  -102   -86   -71   -55   -41    39    93    46    46    46    46
         46    46    46    46    46    46    46    46    46    46    46    46    46    46    46    46    46    46    46    46
         46    46    46    46    46    46    46    46    46    46    46    46    46    46    46    46    46    46    46    46
         46
  21   1000   988   951   887   793   662   482   234   -85  -408  -614  -682  -668  -621  -562  -501  -442  -386  -335  -289
       -247  -209  -177  -148  -124  -104   -88   -75   -65   -56   -50   -45   -40   -35   -31   -25   -19   -12    -4     4
         15    27    41    55    71    89   107   125   144   161   174   183   185   181   170   154   135   113    90    66
         40    12   -19   -56   -96  -131  -147  -141  -123  -103   -83   -64   -46    47   114    51    51    51    51    51
         51    51    51    51    51    51    51    51    51    51    51    51    51    51    51    51    51    51    51    51
         51    51    51    51    51    51    51    51    51    51    51    51    51    51    51    51    51    51    51    51
  22   1000   987   946   872   757   586   336    -3  -367  -620  -721  -728  -691  -635  -574  -512  -452  -395  -343  -295
       -251  -213  -179  -151  -127  -107   -92   -79   -70   -62   -55   -49   -44   -38   -32   -24   -16    -6     5    17
         32    48    66    85   106   128   150   172   192   209   219   222   216   203   184   160   134   107    77    46
         12   -26   -71  -119  -161  -179  -171  -149  -123   -98   -75   -52    57   139    57    57    57    57    57    57
         57    57    57    57    57    57    57    57    57    57    57    57    57    57    57    57    57    57    57    57
         57    57    57    57    57    57    57    57    57    57    57    57    57    57    57    57    57    57    57
  23   1000   985   937   846   693   451   101  -298  -598  -741  -775  -754  -707  -648  -586  -523  -462  -404  -350  -300
       -256  -217  -183  -155  -131  -113   -98   -86   -77   -69   -62   -55   -48   -40   -31   -21    -9     4    20    37
         57    78   101   126   152   179   205   230   249   262   265   258   242   219   191   159   126    90    53    11
        -34   -88  -147  -197  -217  -206  -178  -147  -116   -87   -59    69   170    65    65    65    65    65    65    65
         65    65    65    65    65    65    65    65    65    65    65    65    65    65    65    65    65    65    65    65
         65    65    65    65    65    65    65    65    65    65    65    65    65    65    65    65    65    65
  24   1000   983   922   797   577   229  -196  -544  -733  -801  -803  -770  -720  -661  -598  -535  -472  -413  -357  -307
       -262  -223  -189  -162  -139  -121  -107   -96   -86   -77   -69   -61   -51   -40   -28   -13     2    21    42    66
         92   120   149   181   213   245   274   297   312   316   308   289   261   227   189   149   106    61    11   -44
       -109  -179  -238  -262  -247  -213  -175  -137  -102   -68    84   207    75    75    75    75    75    75    75    75
         75    75    75    75    75    75    75    75    75    75    75    75    75    75    75    75    75    75    75    75
         75    75    75    75    75    75    75    75    75    75    75    75    75    75    75    75    75
  25   1000   977   893   708   381   -56  -447  -687  -797  -830  -820  -784  -734  -675  -612  -548  -485  -425  -368  -317
       -272  -233  -201  -174  -152  -135  -121  -109   -99   -89   -78   -66   -53   -38   -20     0    22    47    76   107
        141   177   215   254   292   326   355   373   377   367   344   311   270   225   176   125    71    11   -56  -134
       -218  -289  -317  -298  -255  -208  -162  -119   -78   104   255    87    87    87    87    87    87    87    87    87
         87    87    87    87    87    87    87    87    87    87    87    87    87    87    87    87    87    87    87    87
         87    87    87    87    87    87    87    87    87    87    87    87    87    87    87    87
  26   1000   967   838   555   127  -297  -588  -747  -821  -841  -829  -795  -748  -691  -629  -566  -502  -441  -385  -334
       -290  -252  -220  -194  -174  -156  -142  -129  -116  -103   -89   -72   -53   -32    -7    20    51    86   124   164
        208   254   301   347   389   423   445   451   439   411   371   322   268   210   148    82    10   -71  -164  -265
       -350  -382  -358  -306  -249  -193  -140   -90   130   315   102   102   102   102   102   102   102   102   102   102
        102   102   102   102   102   102   102   102   102   102   102   102   102   102   102   102   102   102   102   102
        102   102   102   102   102   102   102   102   102   102   102   102   102   102   102
  27   1000   948   743   358   -77  -414  -627  -750  -812  -834  -828  -801  -759  -707  -649  -588  -526  -466  -411  -362
       -318  -282  -252  -227  -206  -188  -171  -155  -139  -121  -100   -77   -50   -20    14    52    94   140   190   243
        298   355   411   461   503   529   536   523   490   442   383   318   248   175    96     9   -88  -201  -321  -422
       -460  -429  -366  -295  -227  -163  -102   166   394   121   121   121   121   121   121   121   121   121   121   121
        121   121   121   121   121   121   121   121   121   121   121   121   121   121   121   121   121   121   121   121
        121   121   121   121   121   121   121   121   121   121   121   121   121   121
  28   1000   916   630   226  -135  -397  -574  -689  -758  -792  -800  -787  -757  -715  -665  -610  -554  -499  -447  -401
       -360  -326  -297  -272  -250  -229  -210  -189  -166  -141  -112   -79   -42     0    45    95   151   210   274   340
        408   474   535   584   616   625   610   572   515   447   370   288   201   108     6  -108  -240  -382  -500  -542
       -504  -428  -344  -262  -186  -114   211   489   141   141   141   141   141   141   141   141   141   141   141   141
        141   141   141   141   141   141   141   141   141   141   141   141   141   141   141   141   141   141   141   141
        141   141   141   141   141   141   141   141   141   141   141   141   141
  29   1000   887   591   256   -27  -247  -413  -535  -622  -679  -710  -720  -711  -688  -654  -613  -568  -523  -480  -441
       -405  -374  -346  -321  -297  -274  -249  -222  -192  -158  -119   -76   -29    23    81   144   212   283   358   434
        509   577   633   669   681   665   623   562   487   403   313   217   115     2  -124  -270  -426  -554  -598  -554
       -468  -374  -282  -196  -116   260   579   157   157   157   157   157   157   157   157   157   157   157   157   157
        157   157   157   157   157   157   157   157   157   157   157   157   157   157   157   157   157   157   157   157
        157   157   157   157   157   157   157   157   157   157   157   157
  30   1000   895   668   422   201    10  -150  -283  -390  -473  -532  -570  -590  -593  -584  -565  -539  -510  -481  -452
       -424  -398  -373  -348  -323  -297  -268  -236  -201  -161  -117   -68   -14    43   107   174   245   319   395   468
        536   591   628   641   627   589   531   460   380   294   202   104    -4  -126  -265  -414  -534  -574  -529  -444
       -351  -261  -177   -99   287   614   153   153   153   153   153   153   153   153   153   153   153   153   153   153
        153   153   153   153   153   153   153   153   153   153   153   153   153   153   153   153   153   153   153   153
        153   153   153   153   153   153   153   153   153   153   153
  31   1000   928   778   605   433   270   119   -15  -134  -234  -316  -379  -425  -454  -468  -471  -466  -454  -438  -420
       -401  -380  -359  -336  -312  -285  -256  -224  -188  -149  -106   -59    -8    45   103   163   226   289   351   408
        455   487   500   491   462   417   361   297   228   155    76   -10  -108  -219  -338  -432  -460  -421  -349  -272
       -198  -129   -64   280   567   128   128   128   128   128   128   128   128   128   128   128   128   128   128   128
        128   128   128   128   128   128   128   128   128   128   128   128   128   128   128   128   128   128   128   128
        128   128   128   128   128   128   128   128   128   128
  32   1000   955   854   728   592   452   314   182    60   -49  -144  -223  -285  -331  -363  -381  -389  -389  -383  -373
       -359  -343  -325  -304  -282  -258  -231  -201  -169  -135   -98   -58   -16    27    73   120   167   214   256   292
        317   328   325   307   277   240   196   149    99    44   -15   -83  -159  -240  -303  -318  -287  -234  -177  -123
        -73   -27   254   482    95    95    95    95    95    95    95    95    95    95    95    95    95    95    95    95
         95    95    95    95    95    95    95    95    95    95    95    95    95    95    95    95    95    95    95    95
         95    95    95    95    95    95    95    95    95
  33   1000   970   897   798   683   558   430   301   178    64   -37  -124  -196  -251  -291  -318  -333  -339  -338  -332
       -322  -308  -292  -274  -254  -233  -209  -184  -158  -130  -100   -70   -38    -6    26    59    92   121   147   166
        176   177   169   153   132   107    79    49    16   -19   -59  -105  -152  -186  -191  -167  -130   -93   -57   -25
          4   227   402    66    66    66    66    66    66    66    66    66    66    66    66    66    66    66    66    66
         66    66    66    66    66    66    66    66    66    66    66    66    66    66    66    66    66    66    66    66
         66    66    66    66    66    66    66    66
  34   1000   977   919   835   732   617   493   367   243   126    21   -70  -146  -206  -250  -280  -298  -307  -308  -303
       -295  -283  -269  -253  -236  -217  -198  -178  -157  -136  -115   -93   -72   -50   -29    -9     9    26    40    49
         54    54    50    43    33    21     8    -6   -22   -40   -60   -79   -89   -85   -67   -45   -23    -3    15    31
        206   337    43    43    43    43    43    43    43    43    43    43    43    43    43    43    43    43    43    43
         43    43    43    43    43    43    43    43    43    43    43    43    43    43    43    43    43    43    43    43
         43    43    43    43    43    43    43
  35   1000   981   931   855   759   647   526   400   275   156    48   -45  -122  -183  -228  -259  -278  -287  -289  -285
       -277  -267  -255  -241  -227  -212  -198  -183  -169  -155  -142  -129  -117  -106   -95   -84   -74   -65   -56   -48
        -41   -35   -31   -28   -26   -25   -25   -25   -24   -22   -18    -9     3    15    26    35    42    49    54   191
        287    24    24    24    24    24    24    24    24    24    24    24    24    24    24    24    24    24    24    24
         24    24    24    24    24    24    24    24    24    24    24    24    24    24    24    24    24    24    24    24
         24    24    24    24    24    24
  36   1000   983   937   865   772   661   539   412   285   165    56   -37  -114  -174  -218  -248  -266  -275  -277  -274
       -268  -259  -249  -238  -227  -217  -208  -199  -192  -185  -180  -176  -173  -170  -167  -163  -157  -148  -137  -124
       -110   -96   -82   -69   -55   -42   -27   -11     9    33    59    79    87    88    86    83    79    74   182   248
          7     7     7     7     7     7     7     7     7     7     7     7     7     7     7     7     7     7     7     7
          7     7     7     7     7     7     7     7     7     7     7     7     7     7     7     7     7     7     7     7
          7     7     7     7     7
  37   1000   985   940   869   776   665   541   412   284   163    54   -38  -114  -172  -215  -243  -261  -269  -272  -269
       -264  -258  -250  -243  -237  -232  -228  -226  -226  -227  -230  -234  -238  -241  -242  -239  -230  -216  -198  -177
       -154  -130  -106   -82   -57   -30     0    37    79   121   146   151   143   131   119   106    93   176   217    -5
         -5    -5    -5    -5    -5    -5    -5    -5    -5    -5    -5    -5    -5    -5    -5    -5    -5    -5    -5    -5
         -5    -5    -5    -5    -5    -5    -5    -5    -5    -5    -5    -5    -5    -5    -5    -5    -5    -5    -5    -5
         -5    -5    -5    -5
  38   1000   985   941   869   775   661   536   404   275   154    47   -44  -117  -174  -214  -242  -259  -268  -271  -270
       -267  -263  -260  -257  -256  -256  -259  -264  -271  -280  -290  -301  -309  -315  -314  -305  -289  -265  -237  -206
       -174  -141  -107   -71   -33    10    62   121   176   207   209   193   173   152   131   111   173   193   -17   -17
        -17   -17   -17   -17   -17   -17   -17   -17   -17   -17   -17   -17   -17   -17   -17   -17   -17   -17   -17   -17
        -17   -17   -17   -17   -17   -17   -17   -17   -17   -17   -17   -17   -17   -17   -17   -17   -17   -17   -17   -17
        -17   -17   -17
  39   1000   985   940   867   770   654   526   393   264   143    37   -51  -122  -176  -216  -243  -260  -269  -274  -275
       -275  -275  -276  -279  -283  -290  -300  -312  -327  -343  -359  -373  -382  -383  -374  -355  -327  -293  -254  -214
       -172  -129   -84   -35    20    85   159   226   263   262   240   211   183   155   127   171   173   -28   -28   -28
        -28   -28   -28   -28   -28   -28   -28   -28   -28   -28   -28   -28   -28   -28   -28   -28   -28   -28   -28   -28
        -28   -28   -28   -28   -28   -28   -28   -28   -28   -28   -28   -28   -28   -28   -28   -28   -28   -28   -28   -28
        -28   -28
  40   1000   985   939   864   764   645   515   382   252   133    29   -57  -126  -179  -218  -245  -263  -274  -281  -285
       -289  -294  -300  -309  -320  -334  -351  -370  -392  -413  -431  -443  -447  -438  -417  -385  -344  -299  -251  -201
       -150   -97   -38    28   106   193   273   314   311   282   247   211   176   142   172   157   -38   -38   -38   -38
        -38   -38   -38   -38   -38   -38   -38   -38   -38   -38   -38   -38   -38   -38   -38   -38   -38   -38   -38   -38
        -38   -38   -38   -38   -38   -38   -38   -38   -38   -38   -38   -38   -38   -38   -38   -38   -38   -38   -38   -38
        -38
  41   1000   984   937   860   757   636   505   371   242   125    23   -61  -130  -182  -221  -248  -268  -281  -292  -300
       -309  -319  -332  -347  -365  -386  -410  -436  -462  -484  -500  -505  -496  -473  -437  -391  -339  -285  -228  -169
       -108   -40    35   125   224   315   361   355   321   279   237   196   156   173   143   -47   -47   -47   -47   -47
        -47   -47   -47   -47   -47   -47   -47   -47   -47   -47   -47   -47   -47   -47   -47   -47   -47   -47   -47   -47
        -47   -47   -47   -47   -47   -47   -47   -47   -47   -47   -47   -47   -47   -47   -47   -47   -47   -47   -47   -47
  42   1000   984   935   855   751   629   497   363   236   120    19   -64  -131  -184  -224  -253  -275  -292  -307  -321
       -335  -351  -370  -392  -418  -446  -476  -505  -532  -550  -557  -548  -522  -483  -432  -375  -315  -252  -186  -118
        -42    42   141   252   352   402   394   355   308   260   214   169   174   132   -54   -54   -54   -54   -54   -54
        -54   -54   -54   -54   -54   -54   -54   -54   -54   -54   -54   -54   -54   -54   -54   -54   -54   -54   -54   -54
        -54   -54   -54   -54   -54   -54   -54   -54   -54   -54   -54   -54   -54   -54   -54   -54   -54   -54   -54
  43   1000   983   933   852   746   623   491   359   233   118    19   -64  -132  -185  -227  -260  -285  -307  -326  -346
       -366  -389  -415  -444  -476  -510  -543  -572  -593  -601  -592  -565  -523  -468  -406  -340  -272  -201  -126   -44
         48   156   276   384   438   428   385   332   280   229   180   175   122   -61   -61   -61   -61   -61   -61   -61
        -61   -61   -61   -61   -61   -61   -61   -61   -61   -61   -61   -61   -61   -61   -61   -61   -61   -61   -61   -61
        -61   -61   -61   -61   -61   -61   -61   -61   -61   -61   -61   -61   -61   -61   -61   -61   -61   -61
  44   1000   983   931   849   743   620   489   358   233   120    21   -62  -131  -187  -232  -268  -298  -325  -350  -375
       -402  -432  -465  -500  -537  -573  -606  -629  -638  -628  -600  -555  -497  -432  -361  -288  -213  -133   -46    52
        168   296   410   467   456   409   352   296   242   189   176   114   -66   -66   -66   -66   -66   -66   -66   -66
        -66   -66   -66   -66   -66   -66   -66   -66   -66   -66   -66   -66   -66   -66   -66   -66   -66   -66   -66   -66
        -66   -66   -66   -66   -66   -66   -66   -66   -66   -66   -66   -66   -66   -66   -66   -66   -66
  45   1000   982   930   848   742   620   490   360   236   124    24   -59  -130  -189  -237  -278  -313  -345  -377  -409
       -443  -479  -517  -557  -596  -630  -655  -665  -656  -627  -579  -519  -451  -377  -301  -222  -138   -47    56   177
        311   431   489   477   427   367   308   251   195   176   107   -70   -70   -70   -70   -70   -70   -70   -70   -70
        -70   -70   -70   -70   -70   -70   -70   -70   -70   -70   -70   -70   -70   -70   -70   -70   -70   -70   -70   -70
        -70   -70   -70   -70   -70   -70   -70   -70   -70   -70   -70   -70   -70   -70   -70   -70
  46   1000   982   930   848   743   622   493   365   242   129    29   -56  -130  -192  -245  -290  -331  -369  -407  -445
       -485  -526  -569  -610  -646  -672  -683  -674  -644  -596  -534  -463  -388  -309  -227  -141   -47    59   183   321
        444   504   491   439   377   316   256   199   175   101   -72   -72   -72   -72   -72   -72   -72   -72   -72   -72
        -72   -72   -72   -72   -72   -72   -72   -72   -72   -72   -72   -72   -72   -72   -72   -72   -72   -72   -72   -72
        -72   -72   -72   -72   -72   -72   -72   -72   -72   -72   -72   -72   -72   -72   -72
  47   1000   982   930   849   745   625   499   371   249   136    34   -54  -131  -197  -254  -305  -351  -395  -439  -482
       -527  -572  -615  -653  -680  -691  -682  -653  -604  -541  -470  -393  -313  -230  -143   -47    61   187   327   452
        512   498   445   382   319   259   200   173    95   -74   -74   -74   -74   -74   -74   -74   -74   -74   -74   -74
        -74   -74   -74   -74   -74   -74   -74   -74   -74   -74   -74   -74   -74   -74   -74   -74   -74   -74   -74   -74
        -74   -74   -74   -74   -74   -74   -74   -74   -74   -74   -74   -74   -74   -74
  48   1000   982   931   851   748   630   505   378   256   142    38   -52  -133  -203  -265  -321  -373  -422  -471  -519
       -567  -612  -651  -679  -691  -683  -653  -604  -542  -470  -393  -313  -230  -142   -46    61   188   328   453   513
        499   446   382   319   258   199   170    90   -74   -74   -74   -74   -74   -74   -74   -74   -74   -74   -74   -74
        -74   -74   -74   -74   -74   -74   -74   -74   -74   -74   -74   -74   -74   -74   -74   -74   -74   -74   -74   -74
        -74   -74   -74   -74   -74   -74   -74   -74   -74   -74   -74   -74   -74
  49   1000   983   932   853   752   636   511   385   262   147    41   -52  -136  -211  -278  -339  -396  -450  -503  -553
       -601  -641  -670  -683  -676  -647  -599  -537  -466  -390  -310  -228  -141   -46    61   187   326   450   509   495
        442   378   316   255   196   166    85   -73   -73   -73   -73   -73   -73   -73   -73   -73   -73   -73   -73   -73
        -73   -73   -73   -73   -73   -73   -73   -73   -73   -73   -73   -73   -73   -73   -73   -73   -73   -73   -73   -73
        -73   -73   -73   -73   -73   -73   -73   -73   -73   -73   -73   -73
  50   1000   983   933   856   756   641   517   391   268   151    43   -54  -142  -221  -292  -358  -419  -477  -532  -582
       -624  -655  -669  -663  -635  -588  -527  -457  -383  -305  -224  -138   -45    61   184   321   442   500   486   434
        371   309   250   192   161    81   -71   -71   -71   -71   -71   -71   -71   -71   -71   -71   -71   -71   -71   -71
        -71   -71   -71   -71   -71   -71   -71   -71   -71   -71   -71   -71   -71   -71   -71   -71   -71   -71   -71   -71
        -71   -71   -71   -71   -71   -71   -71   -71   -71   -71   -71
  51   1000   983   934   858   759   645   522   396   272   153    43   -57  -149  -232  -308  -378  -442  -502  -556  -601
       -634  -650  -645  -618  -573  -514  -447  -374  -298  -219  -135   -44    59   180   313   431   488   474   423   362
        301   243   186   156    77   -69   -69   -69   -69   -69   -69   -69   -69   -69   -69   -69   -69   -69   -69   -69
        -69   -69   -69   -69   -69   -69   -69   -69   -69   -69   -69   -69   -69   -69   -69   -69   -69   -69   -69   -69
        -69   -69   -69   -69   -69   -69   -69   -69   -69   -69
  52   1000   983   935   860   763   649   526   399   274   153    40   -63  -158  -245  -325  -398  -464  -523  -572  -608
       -627  -624  -600  -557  -500  -434  -363  -290  -213  -131   -43    57   174   304   419   474   461   411   351   292
        235   180   151    73   -66   -66   -66   -66   -66   -66   -66   -66   -66   -66   -66   -66   -66   -66   -66   -66
        -66   -66   -66   -66   -66   -66   -66   -66   -66   -66   -66   -66   -66   -66   -66   -66   -66   -66   -66   -66
        -66   -66   -66   -66   -66   -66   -66   -66   -66
  53   1000   984   936   862   765   652   529   402   275   152    36   -70  -169  -260  -343  -417  -483  -538  -578  -600
       -601  -579  -539  -485  -422  -353  -282  -207  -128   -42    55   168   294   406   459   446   397   340   282   227
        174   146    70   -64   -64   -64   -64   -64   -64   -64   -64   -64   -64   -64   -64   -64   -64   -64   -64   -64
        -64   -64   -64   -64   -64   -64   -64   -64   -64   -64   -64   -64   -64   -64   -64   -64   -64   -64   -64   -64
        -64   -64   -64   -64   -64   -64   -64   -64
  54   1000   984   937   863   767   654   530   402   273   148    30   -80  -183  -277  -361  -436  -498  -544  -571  -576
       -559  -522  -470  -410  -344  -275  -202  -126   -42    52   162   284   392   444   432   385   329   273   220   168
        141    67   -61   -61   -61   -61   -61   -61   -61   -61   -61   -61   -61   -61   -61   -61   -61   -61   -61   -61
        -61   -61   -61   -61   -61   -61   -61   -61   -61   -61   -61   -61   -61   -61   -61   -61   -61   -61   -61   -61
        -61   -61   -61   -61   -61   -61   -61
  55   1000   984   938   864   768   655   531   401   270   143    21   -92  -198  -294  -379  -451  -506  -540  -550  -538
       -505  -457  -400  -336  -269  -199  -125   -43    48   155   274   379   430   418   373   319   265   213   162   137
         65   -59   -59   -59   -59   -59   -59   -59   -59   -59   -59   -59   -59   -59   -59   -59   -59   -59   -59   -59
        -59   -59   -59   -59   -59   -59   -59   -59   -59   -59   -59   -59   -59   -59   -59   -59   -59   -59   -59   -59
        -59   -59   -59   -59   -59   -59
  56   1000   984   938   865   768   655   530   398   265   135     9  -108  -216  -313  -396  -461  -505  -523  -517  -490
       -446  -392  -331  -266  -198  -125   -46    43   147   263   367   417   406   362   310   257   207   158   133    62
        -57   -57   -57   -57   -57   -57   -57   -57   -57   -57   -57   -57   -57   -57   -57   -57   -57   -57   -57   -57
        -57   -57   -57   -57   -57   -57   -57   -57   -57   -57   -57   -57   -57   -57   -57   -57   -57   -57   -57   -57
        -57   -57   -57   -57   -57
  57   1000   984   938   865   768   654   527   394   258   124    -4  -126  -236  -332  -410  -465  -494  -496  -475  -437
       -386  -328  -265  -199  -128   -50    37   140   253   355   406   396   354   303   251   202   154   130    61   -55
        -55   -55   -55   -55   -55   -55   -55   -55   -55   -55   -55   -55   -55   -55   -55   -55   -55   -55   -55   -55
        -55   -55   -55   -55   -55   -55   -55   -55   -55   -55   -55   -55   -55   -55   -55   -55   -55   -55   -55   -55
        -55   -55   -55   -55
  58   1000   984   938   865   767   652   523   387   247   109   -23  -147  -258  -351  -419  -461  -474  -462  -429  -383
       -328  -268  -203  -134   -57    29   131   243   344   395   387   347   297   247   199   151   128    60   -54   -54
        -54   -54   -54   -54   -54   -54   -54   -54   -54   -54   -54   -54   -54   -54   -54   -54   -54   -54   -54   -54
        -54   -54   -54   -54   -54   -54   -54   -54   -54   -54   -54   -54   -54   -54   -54   -54   -54   -54   -54   -54
        -54   -54   -54
  59   1000   984   938   864   766   648   517   377   233    90   -46  -172  -281  -366  -422  -449  -447  -423  -382  -331
       -274  -211  -142   -66    19   120   232   334   386   380   341   293   244   197   150   127    60   -53   -53   -53
        -53   -53   -53   -53   -53   -53   -53   -53   -53   -53   -53   -53   -53   -53   -53   -53   -53   -53   -53   -53
        -53   -53   -53   -53   -53   -53   -53   -53   -53   -53   -53   -53   -53   -53   -53   -53   -53   -53   -53   -53
        -53   -53
  60   1000   984   938   863   763   643   508   364   214    66   -73  -199  -302  -376  -418  -430  -416  -383  -337  -282
       -221  -154   -79     6   106   219   322   377   373   337   290   242   196   150   127    61   -53   -53   -53   -53
        -53   -53   -53   -53   -53   -53   -53   -53   -53   -53   -53   -53   -53   -53   -53   -53   -53   -53   -53   -53
        -53   -53   -53   -53   -53   -53   -53   -53   -53   -53   -53   -53   -53   -53   -53   -53   -53   -53   -53   -53
        -53
  61   1000   984   937   861   759   636   496   345   190    37  -104  -226  -320  -381  -408  -407  -384  -344  -294  -236
       -170   -96   -11    89   202   307   366   366   332   288   241   195   150   128    63   -54   -54   -54   -54   -54
        -54   -54   -54   -54   -54   -54   -54   -54   -54   -54   -54   -54   -54   -54   -54   -54   -54   -54   -54   -54
        -54   -54   -54   -54   -54   -54   -54   -54   -54   -54   -54   -54   -54   -54   -54   -54   -54   -54   -54   -54
  62   1000   984   936   858   753   625   479   321   160     3  -137  -252  -333  -380  -394  -382  -352  -307  -253  -190
       -117   -33    67   181   289   352   357   327   285   240   196   151   130    67   -54   -54   -54   -54   -54   -54
        -54   -54   -54   -54   -54   -54   -54   -54   -54   -54   -54   -54   -54   -54   -54   -54   -54   -54   -54   -54
        -54   -54   -54   -54   -54   -54   -54   -54   -54   -54   -54   -54   -54   -54   -54   -54   -54   -54   -54
  63   1000   984   934   854   744   610   457   291   123   -33  -169  -273  -340  -373  -376  -357  -321  -272  -213  -143
        -60    38   153   264   333   344   320   281   239   195   152   134    73   -54   -54   -54   -54   -54   -54   -54
        -54   -54   -54   -54   -54   -54   -54   -54   -54   -54   -54   -54   -54   -54   -54   -54   -54   -54   -54   -54
        -54   -54   -54   -54   -54   -54   -54   -54   -54   -54   -54   -54   -54   -54   -54   -54   -54   -54
  64   1000   983   932   848   732   590   428   255    84   -71  -197  -288  -342  -363  -358  -333  -292  -239  -174   -94
          2   117   231   306   325   307   274   235   194   152   138    82   -54   -54   -54   -54   -54   -54   -54   -54
        -54   -54   -54   -54   -54   -54   -54   -54   -54   -54   -54   -54   -54   -54   -54   -54   -54   -54   -54   -54
        -54   -54   -54   -54   -54   -54   -54   -54   -54   -54   -54   -54   -54   -54   -54   -54   -54
  65   1000   982   929   840   717   565   394   215    43  -104  -218  -296  -338  -351  -340  -311  -266  -208  -134   -41
         70   185   268   297   288   261   227   190   151   143    94   -53   -53   -53   -53   -53   -53   -53   -53   -53
        -53   -53   -53   -53   -53   -53   -53   -53   -53   -53   -53   -53   -53   -53   -53   -53   -53   -53   -53   -53
        -53   -53   -53   -53   -53   -53   -53   -53   -53   -53   -53   -53   -53   -53   -53   -53
  66   1000   981   924   829   697   535   356   174     8  -129  -231  -297  -331  -338  -324  -292  -245  -180   -96     9
        124   214   255   258   240   214   182   147   148   109   -50   -50   -50   -50   -50   -50   -50   -50   -50   -50
        -50   -50   -50   -50   -50   -50   -50   -50   -50   -50   -50   -50   -50   -50   -50   -50   -50   -50   -50   -50
        -50   -50   -50   -50   -50   -50   -50   -50   -50   -50   -50   -50   -50   -50   -50
  67   1000   980   919   815   673   503   319   139   -18  -145  -236  -294  -323  -328  -313  -281  -231  -160   -65    46
        142   197   214   209   192   168   139   153   129   -45   -45   -45   -45   -45   -45   -45   -45   -45   -45   -45
        -45   -45   -45   -45   -45   -45   -45   -45   -45   -45   -45   -45   -45   -45   -45   -45   -45   -45   -45   -45
        -45   -45   -45   -45   -45   -45   -45   -45   -45   -45   -45   -45   -45   -45
  68   1000   978   912   800   649   472   288   114   -33  -150  -234  -288  -317  -324  -313  -283  -232  -155   -53    47
        118   152   162   158   145   125   156   154   -36   -36   -36   -36   -36   -36   -36   -36   -36   -36   -36   -36
        -36   -36   -36   -36   -36   -36   -36   -36   -36   -36   -36   -36   -36   -36   -36   -36   -36   -36   -36   -36
        -36   -36   -36   -36   -36   -36   -36   -36   -36   -36   -36   -36   -36
  69   1000   976   904   784   627   448   268   104   -35  -145  -227  -284  -319  -334  -332  -309  -258  -174   -72    13
         68    97   109   110   103   158   185   -23   -23   -23   -23   -23   -23   -23   -23   -23   -23   -23   -23   -23
        -23   -23   -23   -23   -23   -23   -23   -23   -23   -23   -23   -23   -23   -23   -23   -23   -23   -23   -23   -23
        -23   -23   -23   -23   -23   -23   -23   -23   -23   -23   -23   -23
  70   1000   974   896   771   612   437   264   107   -26  -136  -222  -288  -337  -370  -384  -371  -314  -218  -118   -41
         10    43    61    70   157   222    -5    -5    -5    -5    -5    -5    -5    -5    -5    -5    -5    -5    -5    -5
         -5    -5    -5    -5    -5    -5    -5    -5    -5    -5    -5    -5    -5    -5    -5    -5    -5    -5    -5    -5
         -5    -5    -5    -5    -5    -5    -5    -5    -5    -5    -5
  71   1000   973   891   765   608   440   275   123   -11  -127  -226  -312  -387  -447  -482  -466  -386  -275  -175   -99
        -43    -2    25   152   263    20    20    20    20    20    20    20    20    20    20    20    20    20    20    20
         20    20    20    20    20    20    20    20    20    20    20    20    20    20    20    20    20    20    20    20
         20    20    20    20    20    20    20    20    20    20
  72   1000   972   890   766   616   455   296   144     2  -129  -253  -373  -486  -580  -617  -564  -450  -330  -229  -147
        -83   -31   142   308    52    52    52    52    52    52    52    52    52    52    52    52    52    52    52    52
         52    52    52    52    52    52    52    52    52    52    52    52    52    52    52    52    52    52    52    52
         52    52    52    52    52    52    52    52    52
  73   1000   972   893   775   632   478   319   160     3  -156  -320  -489  -648  -749  -736  -630  -496  -372  -266  -176
        -99   128   354    92    92    92    92    92    92    92    92    92    92    92    92    92    92    92    92    92
         92    92    92    92    92    92    92    92    92    92    92    92    92    92    92    92    92    92    92    92
         92    92    92    92    92    92    92    92
  74   1000   973   898   788   651   499   335   161   -24  -227  -448  -674  -845  -884  -798  -660  -519  -392  -277  -175
        110   400   136   136   136   136   136   136   136   136   136   136   136   136   136   136   136   136   136   136
        136   136   136   136   136   136   136   136   136   136   136   136   136   136   136   136   136   136   136   136
        136   136   136   136   136   136   136
  75   1000   975   905   800   667   511   333   132   -98  -363  -649  -892  -993  -940  -808  -660  -515  -380  -254    91
        445   185   185   185   185   185   185   185   185   185   185   185   185   185   185   185   185   185   185   185
        185   185   185   185   185   185   185   185   185   185   185   185   185   185   185   185   185   185   185   185
        185   185   185   185   185   185
  76   1000   977   910   808   672   505   302    57  -237  -574  -886 -1054 -1045  -932  -784  -631  -480  -334    75   490
        237   237   237   237   237   237   237   237   237   237   237   237   237   237   237   237   237   237   237   237
        237   237   237   237   237   237   237   237   237   237   237   237   237   237   237   237   237   237   237   237
        237   237   237   237   237
  77   1000   978   913   808   663   473   228   -82  -455  -827 -1064 -1108 -1025  -889  -734  -574  -412    64   536   292
        292   292   292   292   292   292   292   292   292   292   292   292   292   292   292   292   292   292   292   292
        292   292   292   292   292   292   292   292   292   292   292   292   292   292   292   292   292   292   292   292
        292   292   292   292
  78   1000   978   912   799   634   404    94  -299  -719 -1023 -1128 -1085  -970  -823  -659  -486    62   588   351   351
        351   351   351   351   351   351   351   351   351   351   351   351   351   351   351   351   351   351   351   351
        351   351   351   351   351   351   351   351   351   351   351   351   351   351   351   351   351   351   351   351
        351   351   351
  79   1000   977   905   776   575   282  -114  -569  -935 -1105 -1111 -1026  -894  -735  -557    72   649   415   415   415
        415   415   415   415   415   415   415   415   415   415   415   415   415   415   415   415   415   415   415   415
        415   415   415   415   415   415   415   415   415   415   415   415   415   415   415   415   415   415   415   415
        415   415
  80   1000   975   891   732   473    90  -382  -802 -1038 -1100 -1055  -947  -799  -622    99   723   487   487   487   487
        487   487   487   487   487   487   487   487   487   487   487   487   487   487   487   487   487   487   487   487
        487   487   487   487   487   487   487   487   487   487   487   487   487   487   487   487   487   487   487   487
        487
  81   1000   970   865   656   309  -160  -622  -923 -1048 -1051  -977  -849  -681   151   817   567   567   567   567   567
        567   567   567   567   567   567   567   567   567   567   567   567   567   567   567   567   567   567   567   567
        567   567   567   567   567   567   567   567   567   567   567   567   567   567   567   567   567   567   567   567
  82   1000   961   820   532    90  -394  -755  -946 -1006  -975  -878  -728   235   937   658   658   658   658   658   658
        658   658   658   658   658   658   658   658   658   658   658   658   658   658   658   658   658   658   658   658
        658   658   658   658   658   658   658   658   658   658   658   658   658   658   658   658   658   658   658
  83   1000   946   746   365  -113  -521  -778  -901  -925  -871  -752   366  1090   758   758   758   758   758   758   758
        758   758   758   758   758   758   758   758   758   758   758   758   758   758   758   758   758   758   758   758
        758   758   758   758   758   758   758   758   758   758   758   758   758   758   758   758   758   758
  84   1000   922   649   219  -206  -518  -709  -798  -801  -730   557  1277   854   854   854   854   854   854   854   854
        854   854   854   854   854   854   854   854   854   854   854   854   854   854   854   854   854   854   854   854
        854   854   854   854   854   854   854   854   854   854   854   854   854   854   854   854   854
  85   1000   893   582   192  -146  -392  -549  -623  -620   807  1469   911   911   911   911   911   911   911   911   911
        911   911   911   911   911   911   911   911   911   911   911   911   911   911   911   911   911   911   911   911
        911   911   911   911   911   911   911   911   911   911   911   911   911   911   911   911
  86   1000   885   611   308    44  -160  -302  -379  1063  1582   859   859   859   859   859   859   859   859   859   859
        859   859   859   859   859   859   859   859   859   859   859   859   859   859   859   859   859   859   859   859
        859   859   859   859   859   859   859   859   859   859   859   859   859   859   859
  87   1000   909   711   491   284   105   -36  1214  1525   655   655   655   655   655   655   655   655   655   655   655
        655   655   655   655   655   655   655   655   655   655   655   655   655   655   655   655   655   655   655   655
        655   655   655   655   655   655   655   655   655   655   655   655   655   655
  88   1000   939   804   640   468   301  1217  1333   365   365   365   365   365   365   365   365   365   365   365   365
        365   365   365   365   365   365   365   365   365   365   365   365   365   365   365   365   365   365   365   365
        365   365   365   365   365   365   365   365   365   365   365   365   365
  89   1000   958   859   723   565  1127  1118    73    73    73    73    73    73    73    73    73    73    73    73    73
         73    73    73    73    73    73    73    73    73    73    73    73    73    73    73    73    73    73    73    73
         73    73    73    73    73    73    73    73    73    73    73    73
  90   1000   968   883   755   996   937  -188  -188  -188  -188  -188  -188  -188  -188  -188  -188  -188  -188  -188  -188
       -188  -188  -188  -188  -188  -188  -188  -188  -188  -188  -188  -188  -188  -188  -188  -188  -188  -188  -188  -188
       -188  -188  -188  -188  -188  -188  -188  -188  -188  -188  -188
  91   1000   971   888   845   799  -419  -419  -419  -419  -419  -419  -419  -419  -419  -419  -419  -419  -419  -419  -419
       -419  -419  -419  -419  -419  -419  -419  -419  -419  -419  -419  -419  -419  -419  -419  -419  -419  -419  -419  -419
       -419  -419  -419  -419  -419  -419  -419  -419  -419  -419
  92   1000   971   674   694  -623  -623  -623  -623  -623  -623  -623  -623  -623  -623  -623  -623  -623  -623  -623  -623
       -623  -623  -623  -623  -623  -623  -623  -623  -623  -623  -623  -623  -623  -623  -623  -623  -623  -623  -623  -623
       -623  -623  -623  -623  -623  -623  -623  -623  -623
  93   1000   483   613  -792  -792  -792  -792  -792  -792  -792  -792  -792  -792  -792  -792  -792  -792  -792  -792  -792
       -792  -792  -792  -792  -792  -792  -792  -792  -792  -792  -792  -792  -792  -792  -792  -792  -792  -792  -792  -792
       -792  -792  -792  -792  -792  -792  -792  -792
  94   1000   764   140   140   140   140   140   140   140   140   140   140   140   140   140   140   140   140   140   140
        140   140   140   140   140   140   140   140   140   140   140   140   140   140   140   140   140   140   140   140
        140   140   140   140   140   140   140
  95   1000  -233  -233  -233  -233  -233  -233  -233  -233  -233  -233  -233  -233  -233  -233  -233  -233  -233  -233  -233
       -233  -233  -233  -233  -233  -233  -233  -233  -233  -233  -233  -233  -233  -233  -233  -233  -233  -233  -233  -233
       -233  -233  -233  -233  -233  -233
  96   1000  1000  1000  1000  1000  1000  1000  1000  1000  1000  1000  1000  1000  1000  1000  1000  1000  1000  1000  1000
       1000  1000  1000  1000  1000  1000  1000  1000  1000  1000  1000  1000  1000  1000  1000  1000  1000  1000  1000  1000
       1000  1000  1000  1000  1000
  97   1000  1000  1000  1000  1000  1000  1000  1000  1000  1000  1000  1000  1000  1000  1000  1000  1000  1000  1000  1000
       1000  1000  1000  1000  1000  1000  1000  1000  1000  1000  1000  1000  1000  1000  1000  1000  1000  1000  1000  1000
       1000  1000  1000  1000
  98   1000  1000  1000  1000  1000  1000  1000  1000  1000  1000  1000  1000  1000  1000  1000  1000  1000  1000  1000  1000
       1000  1000  1000  1000  1000  1000  1000  1000  1000  1000  1000  1000  1000  1000  1000  1000  1000  1000  1000  1000
       1000  1000  1000
  99   1000  1000  1000  1000  1000  1000  1000  1000  1000  1000  1000  1000  1000  1000  1000  1000  1000  1000  1000  1000
       1000  1000  1000  1000  1000  1000  1000  1000  1000  1000  1000  1000  1000  1000  1000  1000  1000  1000  1000  1000
       1000  1000
 100   1000  1000  1000  1000  1000  1000  1000  1000  1000  1000  1000  1000  1000  1000  1000  1000  1000  1000  1000  1000
       1000  1000  1000  1000  1000  1000  1000  1000  1000  1000  1000  1000  1000  1000  1000  1000  1000  1000  1000  1000
       1000
 101   1000  1000  1000  1000  1000  1000  1000  1000  1000  1000  1000  1000  1000  1000  1000  1000  1000  1000  1000  1000
       1000  1000  1000  1000  1000  1000  1000  1000  1000  1000  1000  1000  1000  1000  1000  1000  1000  1000  1000  1000
 102   1000  1000  1000  1000  1000  1000  1000  1000  1000  1000  1000  1000  1000  1000  1000  1000  1000  1000  1000  1000
       1000  1000  1000  1000  1000  1000  1000  1000  1000  1000  1000  1000  1000  1000  1000  1000  1000  1000  1000
 103   1000  1000  1000  1000  1000  1000  1000  1000  1000  1000  1000  1000  1000  1000  1000  1000  1000  1000  1000  1000
       1000  1000  1000  1000  1000  1000  1000  1000  1000  1000  1000  1000  1000  1000  1000  1000  1000  1000
 104   1000  1000  1000  1000  1000  1000  1000  1000  1000  1000  1000  1000  1000  1000  1000  1000  1000  1000  1000  1000
       1000  1000  1000  1000  1000  1000  1000  1000  1000  1000  1000  1000  1000  1000  1000  1000  1000
 105   1000  1000  1000  1000  1000  1000  1000  1000  1000  1000  1000  1000  1000  1000  1000  1000  1000  1000  1000  1000
       1000  1000  1000  1000  1000  1000  1000  1000  1000  1000  1000  1000  1000  1000  1000  1000
 106   1000  1000  1000  1000  1000  1000  1000  1000  1000  1000  1000  1000  1000  1000  1000  1000  1000  1000  1000  1000
       1000  1000  1000  1000  1000  1000  1000  1000  1000  1000  1000  1000  1000  1000  1000
 107   1000  1000  1000  1000  1000  1000  1000  1000  1000  1000  1000  1000  1000  1000  1000  1000  1000  1000  1000  1000
       1000  1000  1000  1000  1000  1000  1000  1000  1000  1000  1000  1000  1000  1000
 108   1000  1000  1000  1000  1000  1000  1000  1000  1000  1000  1000  1000  1000  1000  1000  1000  1000  1000  1000  1000
       1000  1000  1000  1000  1000  1000  1000  1000  1000  1000  1000  1000  1000
 109   1000  1000  1000  1000  1000  1000  1000  1000  1000  1000  1000  1000  1000  1000  1000  1000  1000  1000  1000  1000
       1000  1000  1000  1000  1000  1000  1000  1000  1000  1000  1000  1000
 110   1000  1000  1000  1000  1000  1000  1000  1000  1000  1000  1000  1000  1000  1000  1000  1000  1000  1000  1000  1000
       1000  1000  1000  1000  1000  1000  1000  1000  1000  1000  1000
 111   1000  1000  1000  1000  1000  1000  1000  1000  1000  1000  1000  1000  1000  1000  1000  1000  1000  1000  1000  1000
       1000  1000  1000  1000  1000  1000  1000  1000  1000  1000
 112   1000  1000  1000  1000  1000  1000  1000  1000  1000  1000  1000  1000  1000  1000  1000  1000  1000  1000  1000  1000
       1000  1000  1000  1000  1000  1000  1000  1000  1000
 113   1000  1000  1000  1000  1000  1000  1000  1000  1000  1000  1000  1000  1000  1000  1000  1000  1000  1000  1000  1000
       1000  1000  1000  1000  1000  1000  1000  1000
 114   1000  1000  1000  1000  1000  1000  1000  1000  1000  1000  1000  1000  1000  1000  1000  1000  1000  1000  1000  1000
       1000  1000  1000  1000  1000  1000  1000
 115   1000  1000  1000  1000  1000  1000  1000  1000  1000  1000  1000  1000  1000  1000  1000  1000  1000  1000  1000  1000
       1000  1000  1000  1000  1000  1000
 116   1000  1000  1000  1000  1000  1000  1000  1000  1000  1000  1000  1000  1000  1000  1000  1000  1000  1000  1000  1000
       1000  1000  1000  1000  1000
 117   1000  1000  1000  1000  1000  1000  1000  1000  1000  1000  1000  1000  1000  1000  1000  1000  1000  1000  1000  1000
       1000  1000  1000  1000
 118   1000  1000  1000  1000  1000  1000  1000  1000  1000  1000  1000  1000  1000  1000  1000  1000  1000  1000  1000  1000
       1000  1000  1000
 119   1000  1000  1000  1000  1000  1000  1000  1000  1000  1000  1000  1000  1000  1000  1000  1000  1000  1000  1000  1000
       1000  1000
 120   1000  1000  1000  1000  1000  1000  1000  1000  1000  1000  1000  1000  1000  1000  1000  1000  1000  1000  1000  1000
       1000
 121   1000  1000  1000  1000  1000  1000  1000  1000  1000  1000  1000  1000  1000  1000  1000  1000  1000  1000  1000  1000
 122   1000  1000  1000  1000  1000  1000  1000  1000  1000  1000  1000  1000  1000  1000  1000  1000  1000  1000  1000
 123   1000  1000  1000  1000  1000  1000  1000  1000  1000  1000  1000  1000  1000  1000  1000  1000  1000  1000
 124   1000  1000  1000  1000  1000  1000  1000  1000  1000  1000  1000  1000  1000  1000  1000  1000  1000
 125   1000  1000  1000  1000  1000  1000  1000  1000  1000  1000  1000  1000  1000  1000  1000  1000
 126   1000  1000  1000  1000  1000  1000  1000  1000  1000  1000  1000  1000  1000  1000  1000
 127   1000  1000  1000  1000  1000  1000  1000  1000  1000  1000  1000  1000  1000  1000
 128   1000  1000  1000  1000  1000  1000  1000  1000  1000  1000  1000  1000  1000
 129   1000  1000  1000  1000  1000  1000  1000  1000  1000  1000  1000  1000
 130   1000  1000  1000  1000  1000  1000  1000  1000  1000  1000  1000
 131   1000  1000  1000  1000  1000  1000  1000  1000  1000  1000
 132   1000  1000  1000  1000  1000  1000  1000  1000  1000
 133   1000  1000  1000  1000  1000  1000  1000  1000
 134   1000  1000  1000  1000  1000  1000  1000
 135   1000  1000  1000  1000  1000  1000
 136   1000  1000  1000  1000  1000
 137   1000  1000  1000  1000
 138   1000  1000  1000
 139   1000  1000
 140   1000

 Finished!
