NIF_RUN Passive 18x snout on TANDM 90-348 Pinhole
  140    5    1    0    0
   0.00500   9.00000   0.00500   0.00100
   0.0000000   0   0 1.00000000E+00   1.0000000
ZR902    1.706E-12 0.010       0.00       0.00        (    )
IN115N   4.881E-13 0.007       0.00       0.00        (    )
AU197G   8.079E-14 0.010       0.00 AUNG  3.94 IFX    (ISTP)
IN115G   1.161E-13 0.020       0.00 INNG 39.37 IFX    (ISTP)
AU1972   1.218E-11 0.053       0.00       0.00        (    )
Flux Uncertainty
   6
 1.0000E-11 5.5000E-07 1.0000E-04 1.0000E+01 1.3000E+01 2.0100E+01
 4.0000E-02 3.0000E-02 2.5000E-02 2.5000E-02 8.0000E-03 7.5000E-03
Input Flux Spectrum
 140   1 1.000E+00 2.000E+01 5.000E-08
 0.0000E+00 0.0000E+00 0.0000E+00 0.0000E+00 0.0000E+00 0.0000E+00 0.0000E+00
 0.0000E+00 0.0000E+00 0.0000E+00 0.0000E+00 0.0000E+00 0.0000E+00 0.0000E+00
 0.0000E+00 0.0000E+00 0.0000E+00 0.0000E+00 5.2730E+11 2.2257E+11 5.2388E+10
 2.4426E+10 1.3966E+10 8.9788E+09 6.4170E+10 3.2482E+10 2.0353E+10 1.2091E+10
 9.0870E+09 6.0052E+09 4.1736E+09 4.4006E+09 3.5606E+10 4.9069E+10 1.1092E+11
 1.3635E+10 3.0048E+10 5.2434E+10 1.1556E+11 1.1650E+12 1.5281E+12 1.5412E+12
 1.8840E+11 1.7346E+11 1.2340E+11 1.3560E+11 1.1630E+12 7.5673E+11 6.9286E+11
 4.1238E+10 3.9637E+10 3.3691E+10 3.2962E+10 2.7426E+11 2.8154E+11 2.5629E+11
 2.8242E+10 3.7747E+10 3.3568E+10 4.0909E+10 4.0696E+11 5.1160E+11 6.4507E+11
 8.0776E+10 8.2821E+10 9.9237E+10 1.1508E+11 1.2823E+12 1.0194E+12 1.0217E+12
 3.8265E+10 3.3327E+10 2.6825E+10 1.9379E+10 1.1729E+11 5.2148E+10 4.2700E+10
 3.5377E+09 2.2541E+09 1.9912E+09 1.8489E+09 1.8294E+10 1.5661E+10 1.8313E+10
 2.8156E+09 4.5209E+09 8.1078E+09 1.1544E+10 1.7686E+11 2.0597E+11 2.8469E+11
 3.7205E+11 2.6027E+11 1.3388E+12 1.4984E+12 0.0000E+00 0.0000E+00 0.0000E+00
 0.0000E+00 0.0000E+00 0.0000E+00 0.0000E+00 0.0000E+00 0.0000E+00 0.0000E+00
 0.0000E+00 0.0000E+00 0.0000E+00 0.0000E+00 0.0000E+00 0.0000E+00 0.0000E+00
 0.0000E+00 0.0000E+00 0.0000E+00 0.0000E+00 0.0000E+00 0.0000E+00 0.0000E+00
 0.0000E+00 0.0000E+00 0.0000E+00 0.0000E+00 0.0000E+00 0.0000E+00 0.0000E+00
 0.0000E+00 0.0000E+00 0.0000E+00 0.0000E+00 0.0000E+00 0.0000E+00 0.0000E+00
 0.0000E+00 0.0000E+00 0.0000E+00 0.0000E+00 0.0000E+00 0.0000E+00 0.0000E+00
   10   13   28   11    8    5    8    7   10   40



                         ==============================
                               STAYSL PNNL OUTPUT
                         ==============================

 STAYSL PNNL, version 1.2.0, 2015-08-05


 SCENARIO TITLE: NIF_RUN Passive 18x snout on TANDM 90-348 Pinhole
 -------------------------------------------------------------------------------
  NGROUP =   140    NRXN =     5    ACTIVITY NORM = 1.00000E+00

  COVARIANCE PARAMETERS (FCHN, FCVX, ACVX, FS)
    FLUXES:      WIDTH =  9.0000E+00   LONG RANGE COVAR. =  5.0000E-03
            ACTIVITIES =  5.0000E-03   X-SECT CROSS COR. =  1.0000E-03

    DETERM =   8.6077 × 10^   1.00      ERROR =   3.8858E-17

  INPUT NORMALIZATION DATA
    AK1   =     0.00000     VAK        =     0.00003
    NORML =           0     RENORM     = 9.91512E-01
    CHI²  =    64.98698     NORM. CHI² =    16.24675

  DOSIMETRY ACTIVITIES
     ———— INPUTS —————  -UNADJUSTED FLUX-  — ADJUSTED FLUX —    CHI²  90% ACTIVITIES RANGE
 RXN  MEASURED     ±%   ACTIVITY    %DIFF  ACTIVITY    %DIFF  CONTRIB --LOW E-- --HIGH E--   REACTION          CVR
  1  1.706E-12    1.00  1.659E-12   -2.78  1.674E-12   -1.87    2.690  1.30E+01  1.40E+01  ZR90(N,2N)ZR89          
  2  4.881E-13    0.70  5.019E-13    2.83  5.075E-13    3.97    1.639  2.00E+00  1.40E+01  IN115(N,N')IN115M       
  3  8.079E-14    1.00  8.067E-14   -0.15  8.121E-14    0.53   -0.120  5.50E-03  1.20E+01  AU197(N,G)AU198         
  4  1.161E-13    2.00  1.045E-13  -10.03  1.053E-13   -9.28   10.555  7.20E-03  2.00E+00  IN115(N,G)IN116M        
  5  1.218E-11    5.30  7.525E-12  -38.22  7.599E-12  -37.61   50.222  1.00E+01  1.40E+01  AU197(N,2N)AU196        

             % STD. DEV.  =         19.86              19.49

                              CHECK INPUT, IT IS RATHER UNLIKELY !
                                   *** BEWARE OF OUTPUT ! ***


  DIFFERENTIAL FLUXES (input is normalized by a factor of 9.9151E-01)
                  —————— DIFFERENTIAL FLUX —————   ———— STD. DEV. % ————   INTEGRAL
 GRP    ENERGY        NEW         OLD      RATIO    NEW     OLD    RATIO   FLUX > E     ± %
  19  1.3500E-05  5.2447E+11  5.2282E+11   1.003    2.70    2.71   0.997  4.6471E+12    0.83
  20  2.1000E-05  2.2137E+11  2.2068E+11   1.003    2.66    2.67   0.997  4.6471E+12    0.83
  21  3.0000E-05  5.2106E+10  5.1943E+10   1.003    2.63    2.64   0.997  4.6471E+12    0.83
  22  4.5000E-05  2.4294E+10  2.4219E+10   1.003    2.59    2.60   0.997  4.6471E+12    0.83
  23  6.9000E-05  1.3890E+10  1.3847E+10   1.003    2.56    2.57   0.997  4.6471E+12    0.83
  24  1.0000E-04  8.9296E+09  8.9026E+09   1.003    2.54    2.55   0.997  4.6471E+12    0.83
  25  1.3500E-04  6.3815E+10  6.3625E+10   1.003    2.54    2.55   0.997  4.6471E+12    0.83
  26  1.7000E-04  3.2300E+10  3.2206E+10   1.003    2.54    2.55   0.996  4.6471E+12    0.83
  27  2.2000E-04  2.0238E+10  2.0180E+10   1.003    2.54    2.55   0.996  4.6471E+12    0.83
  28  2.8000E-04  1.2021E+10  1.1988E+10   1.003    2.54    2.55   0.995  4.6471E+12    0.83
  29  3.6000E-04  9.0335E+09  9.0099E+09   1.003    2.54    2.55   0.994  4.6471E+12    0.83
  30  4.5000E-04  5.9690E+09  5.9542E+09   1.002    2.53    2.55   0.993  4.6471E+12    0.83
  31  5.7500E-04  4.1478E+09  4.1382E+09   1.002    2.53    2.55   0.991  4.6471E+12    0.83
  32  7.6000E-04  4.3725E+09  4.3632E+09   1.002    2.52    2.55   0.989  4.6471E+12    0.83
  33  9.6000E-04  3.5372E+10  3.5304E+10   1.002    2.51    2.55   0.985  4.6471E+12    0.83
  34  1.2750E-03  4.8735E+10  4.8653E+10   1.002    2.50    2.55   0.980  4.6471E+12    0.83
  35  1.6000E-03  1.1014E+11  1.0998E+11   1.001    2.48    2.55   0.974  4.6471E+12    0.83
  36  2.0000E-03  1.3536E+10  1.3519E+10   1.001    2.46    2.55   0.966  4.6470E+12    0.83
  37  2.7000E-03  2.9824E+10  2.9793E+10   1.001    2.44    2.55   0.957  4.6470E+12    0.83
  38  3.4000E-03  5.2033E+10  5.1989E+10   1.001    2.41    2.55   0.947  4.6470E+12    0.83
  39  4.5000E-03  1.1466E+11  1.1458E+11   1.001    2.38    2.55   0.935  4.6469E+12    0.83
  40  5.5000E-03  1.1558E+12  1.1551E+12   1.001    2.35    2.55   0.923  4.6468E+12    0.83
  41  7.2000E-03  1.5159E+12  1.5151E+12   1.001    2.32    2.55   0.911  4.6449E+12    0.83
  42  9.2000E-03  1.5288E+12  1.5281E+12   1.000    2.29    2.55   0.899  4.6418E+12    0.83
  43  1.2000E-02  1.8689E+11  1.8680E+11   1.000    2.27    2.55   0.890  4.6375E+12    0.83
  44  1.5000E-02  1.7208E+11  1.7199E+11   1.001    2.25    2.55   0.882  4.6370E+12    0.83
  45  1.9000E-02  1.2243E+11  1.2235E+11   1.001    2.23    2.55   0.876  4.6363E+12    0.83
  46  2.5500E-02  1.3455E+11  1.3445E+11   1.001    2.23    2.55   0.873  4.6355E+12    0.83
  47  3.2000E-02  1.1541E+12  1.1531E+12   1.001    2.22    2.55   0.872  4.6346E+12    0.83
  48  4.0000E-02  7.5104E+11  7.5031E+11   1.001    2.23    2.55   0.874  4.6254E+12    0.83
  49  5.2500E-02  6.8775E+11  6.8698E+11   1.001    2.24    2.55   0.877  4.6160E+12    0.83
  50  6.6000E-02  4.0941E+10  4.0888E+10   1.001    2.25    2.55   0.881  4.6067E+12    0.83
  51  8.8000E-02  3.9359E+10  3.9301E+10   1.001    2.26    2.55   0.885  4.6058E+12    0.83
  52  1.1000E-01  3.3462E+10  3.3405E+10   1.002    2.27    2.55   0.889  4.6049E+12    0.83
  53  1.3500E-01  3.2746E+10  3.2682E+10   1.002    2.27    2.55   0.892  4.6041E+12    0.83
  54  1.6000E-01  2.7255E+11  2.7193E+11   1.002    2.28    2.55   0.894  4.6033E+12    0.84
  55  1.9000E-01  2.7990E+11  2.7915E+11   1.003    2.28    2.55   0.894  4.5951E+12    0.84
  56  2.2000E-01  2.5492E+11  2.5411E+11   1.003    2.28    2.55   0.893  4.5867E+12    0.84
  57  2.5500E-01  2.8107E+10  2.8002E+10   1.004    2.27    2.55   0.889  4.5778E+12    0.84
  58  2.9000E-01  3.7593E+10  3.7427E+10   1.004    2.25    2.55   0.884  4.5768E+12    0.84
  59  3.2000E-01  3.3458E+10  3.3283E+10   1.005    2.23    2.55   0.876  4.5757E+12    0.84
  60  3.6000E-01  4.0813E+10  4.0562E+10   1.006    2.21    2.55   0.865  4.5743E+12    0.84
  61  4.0000E-01  4.0641E+11  4.0351E+11   1.007    2.18    2.55   0.854  4.5727E+12    0.84
  62  4.5000E-01  5.1144E+11  5.0726E+11   1.008    2.14    2.55   0.841  4.5524E+12    0.84
  63  5.0000E-01  6.4557E+11  6.3959E+11   1.009    2.11    2.55   0.827  4.5268E+12    0.85
  64  5.5000E-01  8.0923E+10  8.0090E+10   1.010    2.08    2.55   0.814  4.4945E+12    0.85
  65  6.0000E-01  8.3052E+10  8.2118E+10   1.011    2.05    2.55   0.804  4.4905E+12    0.85
  66  6.6000E-01  9.9598E+10  9.8395E+10   1.012    2.03    2.55   0.797  4.4855E+12    0.85
  67  7.2000E-01  1.1558E+11  1.1410E+11   1.013    2.03    2.55   0.794  4.4795E+12    0.85
  68  7.8000E-01  1.2884E+12  1.2714E+12   1.013    2.03    2.55   0.798  4.4726E+12    0.85
  69  8.4000E-01  1.0245E+12  1.0107E+12   1.014    2.06    2.55   0.807  4.3953E+12    0.86
  70  9.2000E-01  1.0268E+12  1.0130E+12   1.014    2.09    2.55   0.821  4.3133E+12    0.87
  71  1.0000E+00  3.8444E+10  3.7940E+10   1.013    2.14    2.55   0.839  4.2312E+12    0.89
  72  1.2000E+00  3.3465E+10  3.3044E+10   1.013    2.19    2.55   0.859  4.2235E+12    0.89
  73  1.4000E+00  2.6916E+10  2.6597E+10   1.012    2.24    2.55   0.881  4.2168E+12    0.89
  74  1.6000E+00  1.9427E+10  1.9215E+10   1.011    2.30    2.55   0.901  4.2114E+12    0.89
  75  1.8000E+00  1.1746E+11  1.1629E+11   1.010    2.35    2.55   0.920  4.2075E+12    0.89
  76  2.0000E+00  5.2165E+10  5.1705E+10   1.009    2.39    2.55   0.936  4.1841E+12    0.89
  77  2.3000E+00  4.2666E+10  4.2338E+10   1.008    2.42    2.55   0.950  4.1684E+12    0.90
  78  2.6000E+00  3.5311E+09  3.5077E+09   1.007    2.45    2.55   0.960  4.1556E+12    0.90
  79  2.9000E+00  2.2477E+09  2.2350E+09   1.006    2.46    2.55   0.966  4.1545E+12    0.90
  80  3.3000E+00  1.9839E+09  1.9743E+09   1.005    2.47    2.55   0.970  4.1536E+12    0.90
  81  3.7000E+00  1.8410E+09  1.8332E+09   1.004    2.47    2.55   0.970  4.1529E+12    0.90
  82  4.1000E+00  1.8210E+10  1.8139E+10   1.004    2.47    2.55   0.967  4.1521E+12    0.90
  83  4.5000E+00  1.5589E+10  1.5528E+10   1.004    2.45    2.55   0.961  4.1448E+12    0.90
  84  5.0000E+00  1.8235E+10  1.8158E+10   1.004    2.43    2.55   0.952  4.1370E+12    0.90
  85  5.5000E+00  2.8057E+09  2.7917E+09   1.005    2.40    2.55   0.940  4.1279E+12    0.90
  86  6.0000E+00  4.5104E+09  4.4825E+09   1.006    2.36    2.55   0.924  4.1265E+12    0.90
  87  6.7000E+00  8.1015E+09  8.0390E+09   1.008    2.31    2.55   0.905  4.1234E+12    0.90
  88  7.4000E+00  1.1557E+10  1.1446E+10   1.010    2.25    2.55   0.884  4.1177E+12    0.90
  89  8.2000E+00  1.7744E+11  1.7536E+11   1.012    2.20    2.55   0.862  4.1084E+12    0.90
  90  9.0000E+00  2.0712E+11  2.0422E+11   1.014    2.14    2.55   0.841  3.9665E+12    0.87
  91  1.0000E+01  2.8629E+11  2.8227E+11   1.014    1.74    2.14   0.817  3.7594E+12    0.82
  92  1.1000E+01  3.7325E+11  3.6889E+11   1.012    1.17    1.48   0.791  3.4731E+12    0.77
  93  1.2000E+01  2.6061E+11  2.5806E+11   1.010    0.84    1.09   0.775  3.0998E+12    0.73
  94  1.3000E+01  1.3396E+12  1.3274E+12   1.009    0.73    0.94   0.774  2.8392E+12    0.73
  95  1.4000E+01  1.4996E+12  1.4857E+12   1.009    0.73    0.93   0.781  1.4996E+12    0.73
      1.5000E+01

  INTEGRALS OF SPECTRA
    OLD SPECTRUM   4.6002E+12   ±    1.078 %
    NEW SPECTRUM   4.6471E+12   ±    0.827 %

  SUMMARY OF BROAD-GROUP FLUXES, FLUENCES, AND UNCERTAINTIES

    IRRAD TIME [S] = 1.00000000E+00   ACT NORM =  1.00000000E+00

       ENERGY       FLUX       FLUENCE      STDEV %
      thermal    0.0000E+00  0.0000E+00  ±   0.00     (0.100 meV – 0.550  eV)
     epithermal  4.2159E+10  4.2159E+10  ±   1.99     (0.550  eV – 110.0 keV)
        fast     4.6049E+12  4.6049E+12  ±   0.83     (110.0 keV –  20.0 MeV)
        fast     4.2312E+12  4.2312E+12  ±   0.89     (  1.0 MeV –  20.0 MeV)
        high     0.0000E+00  0.0000E+00  ±   0.00     ( 20.0 MeV –  60.0 MeV)

    MINI-SPECTRUM

       ENERGY       FLUX       FLUENCE      STDEV %
     1.0000E-10  0.0000E+00  0.0000E+00  ±   0.00
     5.5000E-07  7.7211E+06  7.7211E+06  ±   2.63
     1.0000E-04  4.2152E+10  4.2152E+10  ±   1.99
     1.1000E-01  7.8126E+10  7.8126E+10  ±   1.92
     5.0000E-01  2.9562E+11  2.9562E+11  ±   1.92
     1.0000E+00  4.7142E+10  4.7142E+10  ±   2.20
     2.0000E+00  4.7016E+10  4.7016E+10  ±   2.23
     5.0000E+00  3.7767E+11  3.7767E+11  ±   2.14
     1.0000E+01  3.7594E+12  3.7594E+12  ±   0.82
     2.0000E+01  0.0000E+00  0.0000E+00  ±   0.00
     6.0000E+01

       TOTAL     4.6471E+12  4.6471E+12  ±   0.83

    RELATIVE COVARIANCES (10×10)
        0     0     0     0     0     0     0     0     0     0
     1000    20    17    12    17    23    11    66     0
     1000    28  -361  -229  -104    17    64     0
     1000   258   -98   -87    15    61     0
     1000   665   295    12    47     0
     1000   796    67    50     0
     1000   319   131     0
     1000   733     0
     1000     0
        0

  SPECTRAL-AVERAGED REACTION RATES (for all cross section library reactions)

        REACTIONS        SIG-PHI      <SIG>          REACTIONS        SIG-PHI      <SIG>          REACTIONS        SIG-PHI      <SIG>  
   ------------------  ----------  ----------   ------------------  ----------  ----------   ------------------  ----------  ----------
   LI6(N,A)T           3.4472E-13  7.4178E-26   FE58(N,G)FE59       5.9442E-15  1.2791E-27   IN115(N,N')IN115M   5.0748E-13  1.0920E-25
   B10(N,A)LI7         5.6143E-13  1.2081E-25   CO59(N,2N)CO58      2.0732E-12  4.4613E-25   IN115(N,2N)IN114M   4.4207E-12  9.5128E-25
   F19(N,2N)F18        1.0277E-13  2.2116E-26   CO59(N,3N)CO57      0.0000E+00  0.0000E+00   IN115(N,G)IN116M    1.0583E-13  2.2774E-26
   NA23(N,2N)NA22      5.7659E-14  1.2408E-26   CO59(N,G)CO60       8.1434E-15  1.7524E-27   I127(N,2N)I126      4.9564E-12  1.0665E-24
   NA23(N,G)NA24       1.0674E-15  2.2969E-28   CO59(N,P)FE59       2.0244E-13  4.3562E-26   LA139(N,G)LA140     9.8334E-15  2.1160E-27
   MG24(N,P)NA24       7.3536E-13  1.5824E-25   CO59(N,A)MN56       1.1240E-13  2.4187E-26   PR141(N,2N)PR140    5.4331E-12  1.1691E-24
   AL27(N,P)MG27       3.4033E-13  7.3235E-26   NI58(N,2N)NI57      6.4057E-14  1.3784E-26   TM169(N,2N)TM168    7.3431E-12  1.5802E-24
   AL27(N,A)NA24       4.6624E-13  1.0033E-25   NI58(N,P)CO58       1.8153E-12  3.9064E-25   TM169(N,3N)TM167    3.0848E-17  6.6380E-30
   SI28(N,P)AL28       1.0792E-12  2.3222E-25   NI60(N,P)CO60       5.8041E-13  1.2490E-25   TA181(N,G)TA182     8.7259E-14  1.8777E-26
   P31(N,P)SI31        4.4328E-13  9.5388E-26   CU63(N,2N)CU62      1.2826E-12  2.7600E-25   W186(N,G)W187       3.8855E-14  8.3612E-27
   S32(N,P)P32         1.1993E-12  2.5808E-25   CU63(N,G)CU64       2.1754E-14  4.6813E-27   AU197(N,2N)AU196    7.5991E-12  1.6352E-24
   TI46(N,2N)TI45      5.2018E-14  1.1194E-26   CU63(N,A)CO60       1.7491E-13  3.7638E-26   AU197(N,G)AU198     8.1349E-14  1.7505E-26
   TI46(N,P)SC46       1.1013E-12  2.3698E-25   CU65(N,2N)CU64      2.7393E-12  5.8946E-25   HG199(N,N')HG199M   1.0751E-12  2.3134E-25
   TI47(N,P)SC47       5.4852E-13  1.1803E-25   ZN64(N,P)CU64       8.3063E-13  1.7874E-25   PB204(N,N')PB204M   4.8204E-13  1.0373E-25
   TI47(N,X)SC46       1.1327E-13  2.4375E-26   ZN67(N,P)CU67       1.2209E-13  2.6273E-26   BI209(N,3N)BI207    8.8923E-16  1.9135E-28
   TI48(N,P)SC48       2.2491E-13  4.8398E-26   AS75(N,2N)AS74      2.9058E-12  6.2529E-25   TH232(N,FISSION)    1.4332E-12  3.0841E-25
   TI48(N,X)SC47       1.9902E-14  4.2826E-27   Y89(N,2N)Y88        2.3828E-12  5.1275E-25   TH232(N,G)TH233     9.1453E-14  1.9680E-26
   TI49(N,X)SC48       1.1009E-14  2.3690E-27   ZR90(N,2N)ZR89      1.6740E-12  3.6023E-25   U235(N,FISSION)     8.7147E-12  1.8753E-24
   V51(N,A)SC48        5.0830E-14  1.0938E-26   NB93(N,G)NB94       3.4984E-14  7.5281E-27   U235(N,G)U236       9.4659E-14  2.0369E-26
   CR52(N,2N)CR51      7.4394E-13  1.6009E-25   NB93(N,N')NB93M     3.1014E-13  6.6738E-26   U238(N,2N)U237      4.6267E-12  9.9561E-25
   MN55(N,2N)MN54      2.1206E-12  4.5633E-25   NB93(N,2N)NB92M     1.6020E-12  3.4473E-25   U238(N,FISSION)     4.5595E-12  9.8115E-25
   MN55(N,G)MN56       5.6403E-15  1.2137E-27   MO92(N,P)NB92M      3.5062E-13  7.5448E-26   U238(N,G)U239       7.2746E-14  1.5654E-26
   FE54(N,2N)FE53      8.6889E-15  1.8697E-27   RH103(N,N')RH103M   2.2523E-12  4.8466E-25   NP237(N,FISSION)    9.3992E-12  2.0226E-24
   FE54(N,P)MN54       1.6256E-12  3.4982E-25   AG109(N,G)AG110M    9.5526E-15  2.0556E-27   PU239(N,FISSION)    1.0585E-11  2.2777E-24
   FE54(N,A)CR51       3.2282E-13  6.9468E-26   IN113(N,N')IN113M   4.3090E-13  9.2725E-26   AM241(N,FISSION)    1.0986E-11  2.3641E-24
   FE56(N,P)MN56       4.2809E-13  9.2120E-26   IN113(N,G)IN114M    1.4034E-13  3.0199E-26   SC45(N,G)SC46       9.6766E-15  2.0823E-27

  INPUT FLUX REL. CORRELATION MATRIX (by row from diagonal)
   1   1000   988   953   897   824   740   649   556   466   382   307   242   188   145   110    85    66    52    43    37
         33    30    29    28    27    27    27    27    27    27    27    27    27    27    27    27    27    27    27    27
         27    27    27    27    27    27    27    27    27    27    27    27    27    27    27    27    27    27    27    27
         27    27    27    27    27    27    27    27    27    27    27    27    27    27    27    27    27    27    27    27
         27    27    27    27    27    27    27    27    27    27    32    46    62    72    73    73    74    74    75    75
        108   136   136   136   136   136   136   136   136   136   136   136   136   136   136   136   136   136   136   136
        136   136   136   136   136   136   136   136   136   136   136   136   136   136   136   136   136   136   136   136

  OUTPUT FLUX REL. CORRELATION MATRIX (by row from diagonal)
   1   1000   988   953   897   824   739   648   554   464   380   305   240   185   142   107    82    62    49    39    33
         29    27    25    24    23    23    22    22    22    21    21    20    20    19    18    18    17    16    15    15
         14    14    13    13    12    12    12    12    12    13    13    13    13    13    13    13    13    13    12    12
         11    11    10    10     9     9     9     9    10    10    11    11    12    13    14    15    16    16    17    17
         17    17    16    15    14    13    12    10     8     7    11    26    45    57    58    58    58    59    59    60
         97   126   126   126   126   126   126   126   126   126   126   126   126   126   126   126   126   126   126   126
        126   126   126   126   126   126   126   126   126   126   126   126   126   126   126   126   126   126   126   126
   2   1000   988   953   897   824   740   648   555   465   381   306   241   187   143   109    83    64    50    41    35
         31    28    27    25    25    24    24    23    23    22    22    21    20    20    19    18    17    16    16    15
         14    14    13    13    13    13    13    13    13    14    14    14    14    14    14    14    13    13    13    12
         11    11    10    10    10    10    10    10    11    11    12    13    14    15    16    17    17    18    18    18
         18    17    16    15    14    12    11     9     7    11    27    48    61    61    61    62    62    63    64   103
        133   133   133   133   133   133   133   133   133   133   133   133   133   133   133   133   133   133   133   133
        133   133   133   133   133   133   133   133   133   133   133   133   133   133   133   133   133   133   133
   3   1000   988   953   897   824   740   649   556   465   382   306   242   188   144   110    84    65    52    42    36
         32    29    27    26    25    25    24    24    23    23    22    21    20    20    19    18    17    16    16    15
         14    14    14    14    14    14    14    14    14    14    15    15    15    14    14    14    14    13    12    12
         11    11    10    10    10    10    11    11    12    13    14    15    16    17    17    18    19    19    19    19
         18    17    16    14    13    11     9     7    12    29    50    63    64    64    64    65    66    66   107   139
        139   139   139   139   139   139   139   139   139   139   139   139   139   139   139   139   139   139   139   139
        139   139   139   139   139   139   139   139   139   139   139   139   139   139   139   139   139   139
   4   1000   988   953   897   825   740   649   556   466   382   307   242   188   145   111    85    66    52    43    37
         33    30    28    27    26    25    24    24    23    22    22    21    20    19    18    17    17    16    15    15
         14    14    14    14    14    14    14    14    15    15    15    15    15    15    14    14    13    13    12    12
         11    11    10    10    10    11    11    12    13    14    15    16    17    18    18    19    19    19    19    18
         17    16    15    13    11     9     7    12    29    51    64    65    65    66    66    67    68   109   142   142
        142   142   142   142   142   142   142   142   142   142   142   142   142   142   142   142   142   142   142   142
        142   142   142   142   142   142   142   142   142   142   142   142   142   142   142   142   142
   5   1000   988   953   897   825   740   649   556   466   382   308   243   189   145   111    86    67    53    44    37
         33    30    28    27    26    25    24    24    23    22    21    20    19    19    18    17    16    16    15    15
         14    14    14    14    14    14    15    15    15    15    15    15    15    14    14    14    13    12    12    11
         11    11    10    11    11    12    12    13    14    15    16    17    18    19    19    20    20    19    19    18
         16    15    13    11     9     8    12    30    52    65    66    66    67    67    68    69   111   144   144   144
        144   144   144   144   144   144   144   144   144   144   144   144   144   144   144   144   144   144   144   144
        144   144   144   144   144   144   144   144   144   144   144   144   144   144   144   144
   6   1000   988   953   897   825   740   649   557   466   383   308   243   189   146   112    86    67    54    44    37
         33    30    28    27    26    25    24    23    22    21    21    20    19    18    17    16    16    15    15    14
         14    14    14    14    15    15    15    15    15    15    15    15    15    14    14    13    12    12    11    11
         11    11    11    11    12    12    13    14    15    16    17    18    19    19    20    20    19    19    18    17
         15    13    12    10     8    12    30    52    66    67    67    68    68    69    70   112   146   146   146   146
        146   146   146   146   146   146   146   146   146   146   146   146   146   146   146   146   146   146   146   146
        146   146   146   146   146   146   146   146   146   146   146   146   146   146   146
   7   1000   988   953   897   825   741   649   557   467   383   308   244   190   146   112    87    68    54    44    38
         33    30    28    26    25    24    23    23    22    21    20    19    18    17    16    16    15    15    15    14
         14    14    15    15    15    15    15    15    15    15    15    15    14    14    13    13    12    11    11    11
         11    11    11    12    13    13    14    15    17    17    18    19    20    20    20    20    19    18    17    15
         14    12    10     8    13    30    53    67    67    68    68    69    70    70   113   147   147   147   147   147
        147   147   147   147   147   147   147   147   147   147   147   147   147   147   147   147   147   147   147   147
        147   147   147   147   147   147   147   147   147   147   147   147   147   147
   8   1000   988   953   897   825   741   650   557   467   383   309   244   190   147   113    87    68    54    44    38
         33    30    28    26    25    24    23    22    21    20    19    18    17    17    16    15    15    15    15    15
         15    15    15    15    15    15    16    16    15    15    15    14    14    13    13    12    12    11    11    11
         11    11    12    13    14    15    16    17    18    19    19    20    20    20    20    19    18    17    15    14
         12    10     8    13    31    54    68    68    69    69    70    70    71   114   149   149   149   149   149   149
        149   149   149   149   149   149   149   149   149   149   149   149   149   149   149   149   149   149   149   149
        149   149   149   149   149   149   149   149   149   149   149   149   149
   9   1000   988   953   897   825   741   650   557   467   384   309   245   191   147   113    88    68    54    44    38
         33    30    28    26    25    23    22    21    20    19    18    18    17    16    16    15    15    15    15    15
         15    15    15    15    16    16    16    16    15    15    15    14    13    13    12    12    11    11    11    11
         11    12    13    14    15    16    17    18    19    19    20    20    20    20    19    18    17    16    14    12
         10     8    13    31    54    68    69    69    70    70    71    72   116   150   150   150   150   150   150   150
        150   150   150   150   150   150   150   150   150   150   150   150   150   150   150   150   150   150   150   150
        150   150   150   150   150   150   150   150   150   150   150   150
  10   1000   988   953   897   825   741   650   558   468   384   310   245   191   148   114    88    68    54    44    38
         33    29    27    25    24    23    22    21    20    19    18    17    16    16    15    15    15    15    15    15
         15    15    16    16    16    16    16    15    15    15    14    14    13    12    12    11    11    11    11    11
         12    13    14    15    16    17    18    19    20    20    21    21    20    20    19    17    16    14    12    10
          8    13    31    55    69    69    70    70    71    72    73   117   152   152   152   152   152   152   152   152
        152   152   152   152   152   152   152   152   152   152   152   152   152   152   152   152   152   152   152   152
        152   152   152   152   152   152   152   152   152   152   152
  11   1000   988   953   897   825   741   650   558   468   385   310   246   192   148   114    88    68    54    44    37
         33    29    27    25    23    22    21    20    19    18    17    16    16    15    15    15    15    15    15    15
         16    16    16    16    16    16    16    15    15    14    14    13    12    12    11    11    11    11    12    12
         13    14    15    16    17    18    19    20    20    21    21    20    20    19    18    16    14    12    10     8
         13    32    55    70    70    71    71    72    73    73   118   154   154   154   154   154   154   154   154   154
        154   154   154   154   154   154   154   154   154   154   154   154   154   154   154   154   154   154   154   154
        154   154   154   154   154   154   154   154   154   154
  12   1000   988   953   897   825   741   651   558   468   385   311   246   192   149   114    88    69    54    44    37
         32    29    26    24    23    21    20    19    18    17    17    16    16    15    15    15    15    15    16    16
         16    16    16    16    16    16    15    15    14    14    13    13    12    12    11    11    11    12    12    13
         14    15    16    17    18    19    20    21    21    21    21    20    19    18    16    14    12    10     8    13
         32    56    71    71    72    72    73    74    75   120   156   156   156   156   156   156   156   156   156   156
        156   156   156   156   156   156   156   156   156   156   156   156   156   156   156   156   156   156   156   156
        156   156   156   156   156   156   156   156   156
  13   1000   988   953   898   825   741   651   558   469   386   311   247   193   149   114    88    69    54    44    37
         32    28    26    24    22    21    20    19    18    17    16    16    15    15    15    15    15    16    16    16
         16    16    16    16    16    16    15    15    14    13    13    12    12    11    11    11    12    12    13    14
         15    16    18    19    20    20    21    21    21    21    20    19    18    16    15    13    10     8    13    32
         57    72    72    73    73    74    75    76   122   158   158   158   158   158   158   158   158   158   158   158
        158   158   158   158   158   158   158   158   158   158   158   158   158   158   158   158   158   158   158   158
        158   158   158   158   158   158   158   158
  14   1000   988   953   898   826   742   651   559   469   386   311   247   193   149   115    88    69    54    44    37
         31    28    25    23    21    20    19    18    17    16    16    16    15    15    15    16    16    16    16    16
         17    17    16    16    16    15    15    14    13    13    12    12    11    11    11    12    12    13    14    15
         17    18    19    20    21    21    22    22    21    21    20    18    17    15    13    11     8    14    33    58
         73    73    74    74    75    76    77   123   160   160   160   160   160   160   160   160   160   160   160   160
        160   160   160   160   160   160   160   160   160   160   160   160   160   160   160   160   160   160   160   160
        160   160   160   160   160   160   160
  15   1000   988   953   898   826   742   651   559   470   386   312   247   193   149   115    88    68    54    44    36
         31    27    24    22    21    19    18    17    17    16    16    16    15    16    16    16    16    16    17    17
         17    17    16    16    15    15    14    13    13    12    12    11    11    11    12    13    13    14    16    17
         18    19    20    21    22    22    22    22    21    20    19    17    15    13    11     9    14    33    58    74
         74    75    75    76    77    78   125   162   162   162   162   162   162   162   162   162   162   162   162   162
        162   162   162   162   162   162   162   162   162   162   162   162   162   162   162   162   162   162   162   162
        162   162   162   162   162   162
  16   1000   988   953   898   826   742   652   559   470   387   312   247   193   149   115    88    68    54    43    36
         30    26    24    21    20    19    18    17    16    16    16    16    16    16    16    16    17    17    17    17
         17    16    16    16    15    14    14    13    12    12    11    11    11    12    13    13    15    16    17    18
         19    20    21    22    22    22    22    21    20    19    17    15    13    11     9    14    34    59    75    75
         76    76    77    78    79   127   165   165   165   165   165   165   165   165   165   165   165   165   165   165
        165   165   165   165   165   165   165   165   165   165   165   165   165   165   165   165   165   165   165   165
        165   165   165   165   165
  17   1000   988   953   898   826   742   652   560   470   387   312   247   193   149   114    88    68    53    42    35
         29    26    23    21    19    18    17    16    16    16    16    16    16    16    16    17    17    17    17    17
         16    16    16    15    14    14    13    12    12    11    11    11    12    13    13    15    16    17    18    19
         21    21    22    22    22    22    21    20    19    17    15    13    11     9    14    34    60    76    76    77
         77    78    79    80   128   167   167   167   167   167   167   167   167   167   167   167   167   167   167   167
        167   167   167   167   167   167   167   167   167   167   167   167   167   167   167   167   167   167   167   167
        167   167   167   167
  18   1000   988   953   898   826   742   652   560   470   387   312   247   193   149   114    87    67    52    42    34
         29    25    22    20    18    17    16    16    16    16    16    16    16    16    17    17    17    17    17    17
         16    16    15    14    13    13    12    12    11    11    11    12    13    13    15    16    17    18    20    21
         22    22    23    23    22    22    21    19    18    16    13    11     9    14    35    61    77    77    78    78
         79    80    81   130   169   169   169   169   169   169   169   169   169   169   169   169   169   169   169   169
        169   169   169   169   169   169   169   169   169   169   169   169   169   169   169   169   169   169   169   169
        169   169   169
  19   1000   988   953   898   826   743   652   560   470   387   312   247   193   149   114    87    67    52    41    33
         28    24    21    19    18    17    16    16    16    16    16    16    16    17    17    17    17    17    16    16
         16    15    14    13    13    12    11    11    11    11    12    12    13    15    16    17    18    20    21    22
         22    23    23    23    22    21    20    18    16    14    11     9    15    35    62    78    78    79    79    80
         81    82   132   171   171   171   171   171   171   171   171   171   171   171   171   171   171   171   171   171
        171   171   171   171   171   171   171   171   171   171   171   171   171   171   171   171   171   171   171   171
        171   171
  20   1000   988   953   898   826   743   652   560   471   387   312   247   193   149   114    87    66    51    40    32
         27    23    20    18    17    16    16    15    15    16    16    16    16    17    17    17    17    16    16    15
         15    14    13    12    12    11    11    11    11    11    12    13    14    16    17    18    20    21    22    23
         23    23    23    22    21    20    18    16    14    11     9    15    36    62    79    79    80    80    81    82
         83   133   173   173   173   173   173   173   173   173   173   173   173   173   173   173   173   173   173   173
        173   173   173   173   173   173   173   173   173   173   173   173   173   173   173   173   173   173   173   173
        173
  21   1000   988   953   898   826   743   652   560   471   387   312   247   193   148   113    86    65    50    39    31
         26    22    19    17    16    16    15    15    15    16    16    16    16    17    17    16    16    16    15    14
         14    13    12    11    11    10    10    10    11    12    13    14    15    17    18    20    21    22    23    23
         23    23    22    21    20    18    16    14    12     9    15    36    63    80    80    81    81    82    83    84
        135   175   175   175   175   175   175   175   175   175   175   175   175   175   175   175   175   175   175   175
        175   175   175   175   175   175   175   175   175   175   175   175   175   175   175   175   175   175   175   175
  22   1000   988   953   898   826   743   653   560   471   387   312   247   193   148   113    85    64    49    38    30
         24    20    18    16    15    15    15    15    15    15    16    16    16    16    16    16    15    15    14    13
         12    11    10    10     9     9     9    10    11    12    14    15    17    18    20    21    22    23    23    23
         23    23    22    20    18    16    14    12     9    15    37    64    81    81    82    82    83    84    85   137
        177   177   177   177   177   177   177   177   177   177   177   177   177   177   177   177   177   177   177   177
        177   177   177   177   177   177   177   177   177   177   177   177   177   177   177   177   177   177   177
  23   1000   988   953   898   827   743   653   561   471   387   312   247   192   148   112    84    63    48    36    28
         23    19    17    15    14    14    14    14    15    15    15    15    15    15    15    14    14    13    12    11
         10     9     9     8     8     8     9    10    11    13    14    16    18    19    21    22    23    23    24    23
         23    22    20    19    17    14    12    10    16    37    65    82    82    83    83    84    85    86   138   180
        180   180   180   180   180   180   180   180   180   180   180   180   180   180   180   180   180   180   180   180
        180   180   180   180   180   180   180   180   180   180   180   180   180   180   180   180   180   180
  24   1000   988   953   898   827   743   653   561   471   387   312   247   192   147   111    83    61    46    34    26
         21    17    15    14    13    13    13    13    14    14    14    14    14    14    13    12    11    10     9     8
          7     7     6     6     6     7     8    10    11    13    15    17    19    20    21    22    23    23    23    23
         22    20    19    17    14    12    10    16    37    65    82    83    83    84    84    85    86   139   180   180
        180   180   180   180   180   180   180   180   180   180   180   180   180   180   180   180   180   180   180   180
        180   180   180   180   180   180   180   180   180   180   180   180   180   180   180   180   180
  25   1000   988   953   898   827   743   653   561   471   387   312   246   191   145   109    81    59    43    32    24
         18    15    13    12    11    11    12    12    12    12    12    12    12    11    10     9     8     7     6     5
          4     4     3     4     5     6     7     9    11    13    15    17    19    21    22    22    23    23    22    21
         20    18    16    14    12    10    16    37    65    82    83    83    84    84    85    86   138   179   179   179
        179   179   179   179   179   179   179   179   179   179   179   179   179   179   179   179   179   179   179   179
        179   179   179   179   179   179   179   179   179   179   179   179   179   179   179   179
  26   1000   988   953   898   827   743   653   561   471   387   311   245   189   143   106    78    56    40    28    20
         15    12    10     9     9     9     9    10    10    10    10     9     8     7     6     5     4     3     1     1
          0     0     0     1     3     4     7     9    11    13    16    18    19    21    22    22    22    22    21    20
         18    16    14    12    10    16    37    65    82    82    83    83    84    85    86   137   178   178   178   178
        178   178   178   178   178   178   178   178   178   178   178   178   178   178   178   178   178   178   178   178
        178   178   178   178   178   178   178   178   178   178   178   178   178   178   178
  27   1000   988   953   898   827   743   653   561   471   387   310   244   187   141   103    74    52    36    24    16
         11     8     7     6     6     6     6     6     6     6     6     5     4     3     1     0    -1    -2    -3    -4
         -4    -4    -2    -1     0     3     6     8    11    13    16    18    19    21    21    22    21    21    20    18
         16    14    12    10    16    37    65    81    82    82    83    83    84    85   136   177   177   177   177   177
        177   177   177   177   177   177   177   177   177   177   177   177   177   177   177   177   177   177   177   177
        177   177   177   177   177   177   177   177   177   177   177   177   177   177
  28   1000   988   953   898   827   743   653   561   470   386   309   241   184   136    98    69    46    30    19    11
          7     4     2     2     2     2     2     2     2     1     0     0    -1    -3    -5    -7    -8   -10   -10   -10
        -10    -8    -6    -4    -1     1     4     8    11    13    16    18    19    20    21    21    20    19    18    16
         14    12    10    16    37    64    81    81    82    82    83    84    84   135   175   175   175   175   175   175
        175   175   175   175   175   175   175   175   175   175   175   175   175   175   175   175   175   175   175   175
        175   175   175   175   175   175   175   175   175   175   175   175   175
  29   1000   988   954   899   827   744   653   560   469   384   306   237   179   131    92    62    40    23    12     5
          1    -1    -2    -2    -2    -2    -2    -3    -4    -5    -6    -8   -10   -12   -14   -16   -18   -18   -19   -18
        -16   -14   -11    -7    -3     0     3     7    10    13    15    17    19    19    20    19    19    17    16    14
         12    10    16    37    64    80    81    81    82    82    83    84   134   173   173   173   173   173   173   173
        173   173   173   173   173   173   173   173   173   173   173   173   173   173   173   173   173   173   173   173
        173   173   173   173   173   173   173   173   173   173   173   173
  30   1000   988   954   899   827   743   653   559   467   381   302   232   172   123    84    54    31    15     5    -1
         -5    -7    -8    -9    -9    -9   -10   -11   -12   -14   -16   -18   -21   -23   -26   -28   -29   -29   -28   -26
        -23   -19   -15   -10    -5    -1     2     6    10    13    15    17    18    18    18    18    17    16    14    12
         10    16    37    63    79    80    80    81    81    82    83   132   170   170   170   170   170   170   170   170
        170   170   170   170   170   170   170   170   170   170   170   170   170   170   170   170   170   170   170   170
        170   170   170   170   170   170   170   170   170   170   170
  31   1000   988   954   899   827   743   651   557   464   376   295   224   163   113    74    44    21     6    -3   -10
        -13   -15   -16   -17   -18   -18   -20   -21   -23   -26   -29   -32   -35   -38   -40   -41   -41   -40   -38   -34
        -29   -24   -19   -13    -7    -2     1     6     9    12    14    16    17    17    17    16    15    14    12    11
         17    37    63    78    79    79    80    80    81    81   129   166   166   166   166   166   166   166   166   166
        166   166   166   166   166   166   166   166   166   166   166   166   166   166   166   166   166   166   166   166
        166   166   166   166   166   166   166   166   166   166
  32   1000   988   954   898   826   742   649   554   459   369   287   214   152   102    62    32    10    -4   -13   -19
        -23   -25   -26   -27   -28   -30   -32   -34   -38   -41   -45   -49   -52   -55   -56   -56   -55   -52   -47   -42
        -36   -29   -22   -15    -9    -3     1     5     9    12    14    15    16    16    16    15    14    12    11    17
         37    62    77    78    78    79    79    79    80   126   162   162   162   162   162   162   162   162   162   162
        162   162   162   162   162   162   162   162   162   162   162   162   162   162   162   162   162   162   162   162
        162   162   162   162   162   162   162   162   162
  33   1000   988   953   898   825   740   646   548   451   359   275   201   139    88    49    19    -1   -15   -25   -30
        -34   -36   -38   -40   -42   -44   -48   -51   -56   -60   -65   -69   -72   -74   -74   -72   -69   -63   -56   -49
        -41   -32   -24   -17   -10    -4     0     5     8    11    13    14    15    15    14    13    12    11    17    37
         61    76    77    77    77    78    78    78   123   158   158   158   158   158   158   158   158   158   158   158
        158   158   158   158   158   158   158   158   158   158   158   158   158   158   158   158   158   158   158   158
        158   158   158   158   158   158   158   158
  34   1000   988   953   897   824   737   641   541   442   347   262   187   124    73    34     5   -14   -28   -37   -43
        -47   -50   -52   -55   -59   -62   -67   -72   -77   -83   -88   -91   -94   -94   -92   -88   -81   -73   -64   -54
        -44   -35   -26   -18   -10    -4     0     5     8    11    12    13    14    14    13    12    12    18    37    61
         75    76    76    76    76    76    77   120   153   153   153   153   153   153   153   153   153   153   153   153
        153   153   153   153   153   153   153   153   153   153   153   153   153   153   153   153   153   153   153   153
        153   153   153   153   153   153   153
  35   1000   988   953   896   821   732   634   531   430   333   246   170   107    57    19    -8   -28   -42   -51   -57
        -62   -66   -70   -74   -79   -84   -90   -97  -103  -109  -114  -116  -117  -114  -109  -101   -92   -81   -69   -58
        -47   -36   -26   -18   -10    -4     1     5     8    10    12    13    13    13    13    12    18    37    60    74
         74    74    74    74    75    75   116   147   147   147   147   147   147   147   147   147   147   147   147   147
        147   147   147   147   147   147   147   147   147   147   147   147   147   147   147   147   147   147   147   147
        147   147   147   147   147   147
  36   1000   988   952   894   817   726   625   519   415   317   229   153    91    41     3   -23   -43   -57   -67   -74
        -80   -85   -91   -97  -103  -110  -118  -125  -132  -138  -141  -141  -138  -132  -123  -112   -99   -86   -73   -59
        -47   -36   -26   -17    -9    -3     1     5     8    10    12    12    13    13    13    19    37    59    72    73
         73    73    73    73    73   112   141   141   141   141   141   141   141   141   141   141   141   141   141   141
        141   141   141   141   141   141   141   141   141   141   141   141   141   141   141   141   141   141   141   141
        141   141   141   141   141
  37   1000   988   951   891   812   718   614   506   400   301   212   136    74    25   -11   -39   -59   -73   -84   -93
       -100  -107  -115  -123  -132  -141  -149  -157  -163  -167  -168  -164  -157  -147  -134  -119  -104   -88   -73   -59
        -46   -34   -24   -15    -7    -1     2     6     9    11    12    13    13    13    19    37    58    71    71    71
         71    71    71    71   108   135   135   135   135   135   135   135   135   135   135   135   135   135   135   135
        135   135   135   135   135   135   135   135   135   135   135   135   135   135   135   135   135   135   135   135
        135   135   135   135
  38   1000   987   950   888   807   710   603   492   385   284   196   120    58    10   -27   -55   -75   -91  -104  -114
       -124  -133  -143  -153  -164  -174  -183  -190  -194  -195  -191  -183  -171  -157  -140  -122  -105   -87   -71   -56
        -43   -31   -21   -12    -5     0     4     7     9    11    12    13    14    20    37    57    69    70    70    70
         69    69    69   104   129   129   129   129   129   129   129   129   129   129   129   129   129   129   129   129
        129   129   129   129   129   129   129   129   129   129   129   129   129   129   129   129   129   129   129   129
        129   129   129
  39   1000   987   948   885   800   701   591   479   370   269   181   105    44    -4   -42   -71   -93  -111  -125  -138
       -151  -163  -175  -187  -199  -209  -217  -222  -223  -219  -210  -196  -180  -161  -141  -121  -102   -83   -67   -52
        -38   -27   -17    -9    -3     1     5     8    11    12    13    14    21    37    57    68    69    69    68    68
         67    67   100   123   123   123   123   123   123   123   123   123   123   123   123   123   123   123   123   123
        123   123   123   123   123   123   123   123   123   123   123   123   123   123   123   123   123   123   123   123
        123   123
  40   1000   987   946   881   794   692   580   466   357   256   167    92    30   -18   -57   -88  -112  -133  -150  -165
       -180  -195  -209  -222  -234  -244  -249  -250  -245  -236  -221  -202  -182  -160  -137  -116   -96   -77   -60   -46
        -33   -22   -13    -6     0     4     7    10    12    14    15    21    37    56    67    68    68    67    66    66
         65    96   117   117   117   117   117   117   117   117   117   117   117   117   117   117   117   117   117   117
        117   117   117   117   117   117   117   117   117   117   117   117   117   117   117   117   117   117   117   117
        117
  41   1000   986   944   877   788   683   570   456   346   245   157    81    18   -32   -73  -106  -133  -156  -176  -195
       -212  -229  -244  -258  -268  -275  -276  -271  -260  -244  -224  -201  -177  -153  -129  -107   -87   -69   -52   -38
        -27   -17    -9    -2     2     6     9    12    14    16    22    37    55    66    67    67    66    65    64    63
         92   112   112   112   112   112   112   112   112   112   112   112   112   112   112   112   112   112   112   112
        112   112   112   112   112   112   112   112   112   112   112   112   112   112   112   112   112   112   112   112
  42   1000   986   943   873   783   677   563   448   338   237   148    71     7   -45   -89  -125  -155  -181  -205  -226
       -245  -263  -279  -290  -298  -299  -294  -282  -265  -243  -219  -193  -167  -142  -118   -96   -76   -59   -44   -31
        -20   -11    -4     1     5     9    12    14    16    23    38    55    65    66    66    65    64    63    62    89
        108   108   108   108   108   108   108   108   108   108   108   108   108   108   108   108   108   108   108   108
        108   108   108   108   108   108   108   108   108   108   108   108   108   108   108   108   108   108   108
  43   1000   985   941   871   779   672   558   443   333   232   141    63    -3   -58  -105  -145  -178  -207  -233  -257
       -278  -295  -308  -317  -318  -313  -301  -283  -260  -234  -206  -179  -152  -127  -103   -82   -64   -48   -34   -23
        -13    -6     0     4     8    12    14    17    23    38    55    65    65    65    64    63    62    61    87   104
        104   104   104   104   104   104   104   104   104   104   104   104   104   104   104   104   104   104   104   104
        104   104   104   104   104   104   104   104   104   104   104   104   104   104   104   104   104   104
  44   1000   985   940   869   777   670   556   441   330   228   136    55   -13   -72  -122  -165  -201  -233  -262  -286
       -306  -321  -331  -333  -328  -316  -297  -273  -246  -217  -188  -160  -134  -109   -87   -68   -51   -37   -25   -15
         -7     0     4     8    12    15    17    24    38    55    64    65    65    64    63    61    60    85   101   101
        101   101   101   101   101   101   101   101   101   101   101   101   101   101   101   101   101   101   101   101
        101   101   101   101   101   101   101   101   101   101   101   101   101   101   101   101   101
  45   1000   985   939   868   776   669   555   440   329   225   131    48   -23   -85  -139  -184  -224  -258  -287  -310
       -328  -339  -343  -338  -326  -307  -282  -254  -225  -195  -166  -139  -114   -91   -71   -54   -39   -27   -16    -8
         -1     3     8    12    15    17    24    38    55    64    65    64    63    62    61    60    84    99    99    99
         99    99    99    99    99    99    99    99    99    99    99    99    99    99    99    99    99    99    99    99
         99    99    99    99    99    99    99    99    99    99    99    99    99    99    99    99
  46   1000   985   939   868   776   670   556   441   329   223   127    41   -33   -98  -155  -203  -244  -279  -307  -328
       -342  -347  -343  -331  -312  -287  -259  -229  -199  -169  -141  -116   -93   -73   -55   -40   -27   -17    -8    -1
          3     8    12    15    18    24    38    54    64    64    64    63    62    61    59    83    98    98    98    98
         98    98    98    98    98    98    98    98    98    98    98    98    98    98    98    98    98    98    98    98
         98    98    98    98    98    98    98    98    98    98    98    98    98    98    98
  47   1000   985   940   869   777   672   558   442   329   222   123    34   -43  -111  -170  -220  -261  -295  -320  -337
       -344  -342  -331  -312  -288  -260  -230  -199  -170  -142  -117   -94   -73   -55   -40   -28   -17    -9    -2     3
          8    12    15    18    24    38    54    64    64    64    63    62    61    59    83    98    98    98    98    98
         98    98    98    98    98    98    98    98    98    98    98    98    98    98    98    98    98    98    98    98
         98    98    98    98    98    98    98    98    98    98    98    98    98    98
  48   1000   985   940   870   779   674   560   443   329   219   119    28   -52  -122  -183  -233  -274  -305  -325  -336
       -336  -326  -309  -285  -258  -228  -198  -169  -141  -116   -93   -73   -55   -40   -27   -17    -8    -1     3     8
         12    15    18    24    38    55    64    64    64    63    62    61    59    83    98    98    98    98    98    98
         98    98    98    98    98    98    98    98    98    98    98    98    98    98    98    98    98    98    98    98
         98    98    98    98    98    98    98    98    98    98    98    98    98
  49   1000   985   941   871   780   675   561   444   328   217   114    21   -61  -132  -193  -242  -280  -306  -321  -324
       -317  -302  -279  -253  -224  -195  -166  -139  -114   -91   -71   -54   -39   -27   -16    -8    -1     3     8    12
         15    17    24    38    55    64    65    64    63    62    61    60    84    99    99    99    99    99    99    99
         99    99    99    99    99    99    99    99    99    99    99    99    99    99    99    99    99    99    99    99
         99    99    99    99    99    99    99    99    99    99    99    99
  50   1000   985   941   872   782   677   562   444   326   214   109    14   -68  -140  -200  -246  -280  -300  -308  -305
       -291  -271  -246  -218  -190  -162  -136  -111   -89   -69   -52   -38   -26   -16    -7    -1     4     8    12    15
         17    24    38    55    64    65    64    64    63    61    60    85   100   100   100   100   100   100   100   100
        100   100   100   100   100   100   100   100   100   100   100   100   100   100   100   100   100   100   100   100
        100   100   100   100   100   100   100   100   100   100   100
  51   1000   985   942   873   783   677   562   443   324   210   104     8   -75  -146  -203  -245  -273  -287  -288  -279
       -261  -238  -212  -185  -158  -132  -108   -86   -67   -51   -37   -25   -15    -7     0     4     8    12    14    17
         23    38    55    64    65    65    64    63    62    60    86   102   102   102   102   102   102   102   102   102
        102   102   102   102   102   102   102   102   102   102   102   102   102   102   102   102   102   102   102   102
        102   102   102   102   102   102   102   102   102   102
  52   1000   985   942   873   783   678   562   441   321   206    99     2   -80  -149  -202  -239  -261  -268  -263  -249
       -229  -205  -179  -153  -128  -105   -84   -65   -49   -35   -24   -14    -6     0     4     8    12    14    17    23
         38    55    65    65    65    64    63    62    61    86   103   103   103   103   103   103   103   103   103   103
        103   103   103   103   103   103   103   103   103   103   103   103   103   103   103   103   103   103   103   103
        103   103   103   103   103   103   103   103   103
  53   1000   985   942   873   783   677   560   439   318   201    93    -2   -84  -149  -198  -229  -244  -246  -236  -219
       -198  -174  -149  -125  -103   -82   -64   -48   -35   -23   -14    -6     0     4     8    11    14    16    23    38
         55    65    65    65    64    63    62    61    87   104   104   104   104   104   104   104   104   104   104   104
        104   104   104   104   104   104   104   104   104   104   104   104   104   104   104   104   104   104   104   104
        104   104   104   104   104   104   104   104
  54   1000   985   942   873   783   676   558   435   313   195    87    -7   -86  -148  -190  -215  -225  -221  -209  -191
       -169  -146  -123  -101   -81   -63   -47   -34   -23   -13    -6     0     4     8    11    14    16    23    37    55
         65    65    65    64    63    62    61    88   105   105   105   105   105   105   105   105   105   105   105   105
        105   105   105   105   105   105   105   105   105   105   105   105   105   105   105   105   105   105   105   105
        105   105   105   105   105   105   105
  55   1000   985   942   873   782   674   555   431   307   188    80   -12   -87  -143  -180  -199  -204  -197  -183  -164
       -143  -121  -100   -81   -63   -48   -34   -23   -14    -6     0     4     8    11    14    16    22    37    54    64
         65    65    64    63    62    61    87   105   105   105   105   105   105   105   105   105   105   105   105   105
        105   105   105   105   105   105   105   105   105   105   105   105   105   105   105   105   105   105   105   105
        105   105   105   105   105   105
  56   1000   985   942   872   780   671   550   424   299   180    73   -16   -87  -137  -168  -182  -183  -174  -159  -140
       -120  -100   -81   -64   -48   -35   -24   -14    -7     0     4     8    11    13    16    22    37    54    64    65
         65    64    63    62    61    87   104   104   104   104   104   104   104   104   104   104   104   104   104   104
        104   104   104   104   104   104   104   104   104   104   104   104   104   104   104   104   104   104   104   104
        104   104   104   104   104
  57   1000   985   941   871   778   667   544   416   289   171    66   -19   -85  -129  -155  -165  -163  -153  -137  -119
       -101   -82   -65   -50   -36   -25   -15    -8    -1     3     7    10    13    16    22    37    54    64    64    64
         63    63    61    60    86   103   103   103   103   103   103   103   103   103   103   103   103   103   103   103
        103   103   103   103   103   103   103   103   103   103   103   103   103   103   103   103   103   103   103   103
        103   103   103   103
  58   1000   985   941   869   774   661   536   406   278   161    59   -21   -81  -120  -141  -147  -144  -133  -118  -101
        -84   -67   -52   -38   -27   -17    -9    -2     2     6    10    13    15    22    36    53    63    64    63    63
         62    61    60    84   100   100   100   100   100   100   100   100   100   100   100   100   100   100   100   100
        100   100   100   100   100   100   100   100   100   100   100   100   100   100   100   100   100   100   100   100
        100   100   100
  59   1000   985   940   867   769   654   526   394   267   151    54   -21   -75  -108  -126  -130  -125  -114  -100   -84
        -69   -54   -41   -29   -19   -11    -4     1     5     9    12    15    22    36    52    62    63    63    62    61
         60    59    82    97    97    97    97    97    97    97    97    97    97    97    97    97    97    97    97    97
         97    97    97    97    97    97    97    97    97    97    97    97    97    97    97    97    97    97    97    97
         97    97
  60   1000   984   938   863   763   645   514   382   256   144    52   -17   -65   -95  -109  -112  -107   -97   -84   -70
        -56   -43   -31   -21   -12    -5     0     4     8    12    15    22    36    51    61    62    62    61    60    59
         57    80    94    94    94    94    94    94    94    94    94    94    94    94    94    94    94    94    94    94
         94    94    94    94    94    94    94    94    94    94    94    94    94    94    94    94    94    94    94    94
         94
  61   1000   984   937   859   756   635   503   371   248   141    55    -9   -53   -79   -92   -94   -90   -80   -69   -56
        -44   -33   -23   -14    -7    -1     3     7    11    14    21    35    50    60    60    60    60    59    57    56
         77    90    90    90    90    90    90    90    90    90    90    90    90    90    90    90    90    90    90    90
         90    90    90    90    90    90    90    90    90    90    90    90    90    90    90    90    90    90    90    90
  62   1000   984   934   854   749   625   493   363   244   143    63     3   -36   -61   -73   -76   -72   -64   -55   -44
        -34   -24   -16    -9    -2     2     6    10    14    21    34    49    58    59    59    59    58    56    55    74
         86    86    86    86    86    86    86    86    86    86    86    86    86    86    86    86    86    86    86    86
         86    86    86    86    86    86    86    86    86    86    86    86    86    86    86    86    86    86    86
  63   1000   983   932   850   742   617   487   361   247   152    77    21   -17   -40   -53   -57   -55   -49   -41   -33
        -25   -17   -10    -4     1     5    10    13    20    34    48    57    58    58    57    56    55    53    72    82
         82    82    82    82    82    82    82    82    82    82    82    82    82    82    82    82    82    82    82    82
         82    82    82    82    82    82    82    82    82    82    82    82    82    82    82    82    82    82
  64   1000   982   930   845   737   613   487   366   258   168    97    43     6   -18   -31   -37   -37   -34   -29   -23
        -16   -10    -4     0     4     9    13    20    33    47    55    56    57    56    55    54    52    69    78    78
         78    78    78    78    78    78    78    78    78    78    78    78    78    78    78    78    78    78    78    78
         78    78    78    78    78    78    78    78    78    78    78    78    78    78    78    78    78
  65   1000   982   928   843   735   615   493   378   276   190   122    69    31     6    -9   -18   -21   -20   -17   -13
         -9    -4     0     4     8    12    19    31    45    54    55    55    55    54    53    51    67    75    75    75
         75    75    75    75    75    75    75    75    75    75    75    75    75    75    75    75    75    75    75    75
         75    75    75    75    75    75    75    75    75    75    75    75    75    75    75    75
  66   1000   981   927   844   739   623   507   398   301   218   150    98    58    30    11     0    -5    -7    -7    -5
         -2     0     3     7    11    18    30    44    52    54    54    54    53    52    50    66    73    73    73    73
         73    73    73    73    73    73    73    73    73    73    73    73    73    73    73    73    73    73    73    73
         73    73    73    73    73    73    73    73    73    73    73    73    73    73    73
  67   1000   981   928   847   747   637   527   423   329   248   181   127    85    54    32    17     8     3     1     1
          2     4     7    10    16    29    42    51    52    53    53    52    51    50    65    73    73    73    73    73
         73    73    73    73    73    73    73    73    73    73    73    73    73    73    73    73    73    73    73    73
         73    73    73    73    73    73    73    73    73    73    73    73    73    73
  68   1000   982   931   853   758   655   550   450   359   278   210   154   110    75    50    32    20    13     8     6
          6     8    10    15    27    41    50    51    52    52    52    51    49    66    74    74    74    74    74    74
         74    74    74    74    74    74    74    74    74    74    74    74    74    74    74    74    74    74    74    74
         74    74    74    74    74    74    74    74    74    74    74    74    74
  69   1000   983   934   861   772   674   574   477   387   307   237   178   131    94    65    45    30    20    14    11
         10    10    15    26    40    49    50    51    52    51    50    49    67    76    76    76    76    76    76    76
         76    76    76    76    76    76    76    76    76    76    76    76    76    76    76    76    76    76    76    76
         76    76    76    76    76    76    76    76    76    76    76    76
  70   1000   984   938   870   786   692   596   501   412   331   259   199   148   108    77    54    37    25    18    13
         11    15    26    39    48    50    51    51    51    51    50    69    80    80    80    80    80    80    80    80
         80    80    80    80    80    80    80    80    80    80    80    80    80    80    80    80    80    80    80    80
         80    80    80    80    80    80    80    80    80    80    80
  71   1000   985   942   878   798   708   615   521   432   350   277   214   162   119    86    61    42    29    20    15
         16    26    39    48    50    51    51    51    51    51    72    85    85    85    85    85    85    85    85    85
         85    85    85    85    85    85    85    85    85    85    85    85    85    85    85    85    85    85    85    85
         85    85    85    85    85    85    85    85    85    85
  72   1000   986   946   885   808   721   629   536   447   364   289   225   171   126    91    64    44    30    20    19
         27    40    49    50    51    51    52    52    52    76    91    91    91    91    91    91    91    91    91    91
         91    91    91    91    91    91    91    91    91    91    91    91    91    91    91    91    91    91    91    91
         91    91    91    91    91    91    91    91    91
  73   1000   987   949   890   816   731   640   547   457   373   298   232   176   131    94    66    45    30    24    30
         42    50    50    51    52    52    53    53    80    98    98    98    98    98    98    98    98    98    98    98
         98    98    98    98    98    98    98    98    98    98    98    98    98    98    98    98    98    98    98    98
         98    98    98    98    98    98    98    98
  74   1000   987   951   894   821   737   647   554   464   379   303   236   179   132    95    65    43    32    35    45
         52    51    52    52    53    54    54    84   105   105   105   105   105   105   105   105   105   105   105   105
        105   105   105   105   105   105   105   105   105   105   105   105   105   105   105   105   105   105   105   105
        105   105   105   105   105   105   105
  75   1000   988   952   897   825   741   651   558   468   383   305   237   179   132    93    63    45    43    50    55
         53    52    52    53    54    55    88   112   112   112   112   112   112   112   112   112   112   112   112   112
        112   112   112   112   112   112   112   112   112   112   112   112   112   112   112   112   112   112   112   112
        112   112   112   112   112   112
  76   1000   988   953   898   827   744   653   560   469   384   306   237   178   129    89    63    55    58    60    55
         53    53    53    54    56    91   119   119   119   119   119   119   119   119   119   119   119   119   119   119
        119   119   119   119   119   119   119   119   119   119   119   119   119   119   119   119   119   119   119   119
        119   119   119   119   119
  77   1000   988   954   899   828   745   654   561   470   383   304   234   174   123    88    72    69    66    58    54
         53    53    54    56    94   125   125   125   125   125   125   125   125   125   125   125   125   125   125   125
        125   125   125   125   125   125   125   125   125   125   125   125   125   125   125   125   125   125   125   125
        125   125   125   125
  78   1000   988   954   899   828   745   654   561   469   381   300   229   167   121    96    84    75    63    56    53
         52    53    55    96   130   130   130   130   130   130   130   130   130   130   130   130   130   130   130   130
        130   130   130   130   130   130   130   130   130   130   130   130   130   130   130   130   130   130   130   130
        130   130   130
  79   1000   988   954   900   828   745   654   559   466   377   294   221   163   126   105    88    70    59    53    51
         51    53    96   133   133   133   133   133   133   133   133   133   133   133   133   133   133   133   133   133
        133   133   133   133   133   133   133   133   133   133   133   133   133   133   133   133   133   133   133   133
        133   133
  80   1000   988   954   899   828   744   652   556   461   370   285   215   165   131   105    79    63    54    49    49
         50    95   135   135   135   135   135   135   135   135   135   135   135   135   135   135   135   135   135   135
        135   135   135   135   135   135   135   135   135   135   135   135   135   135   135   135   135   135   135   135
        135
  81   1000   988   954   899   827   743   649   551   454   359   277   214   166   127    93    70    55    48    46    46
         92   135   135   135   135   135   135   135   135   135   135   135   135   135   135   135   135   135   135   135
        135   135   135   135   135   135   135   135   135   135   135   135   135   135   135   135   135   135   135   135
  82   1000   988   954   899   826   740   644   544   442   350   273   209   157   112    80    60    48    43    42    87
        133   133   133   133   133   133   133   133   133   133   133   133   133   133   133   133   133   133   133   133
        133   133   133   133   133   133   133   133   133   133   133   133   133   133   133   133   133   133   133
  83   1000   988   953   898   824   735   636   532   431   341   262   194   138    96    67    50    41    37    81   129
        129   129   129   129   129   129   129   129   129   129   129   129   129   129   129   129   129   129   129   129
        129   129   129   129   129   129   129   129   129   129   129   129   129   129   129   129   129   129
  84   1000   988   953   896   820   728   625   520   420   324   240   172   118    80    55    41    34    75   123   123
        123   123   123   123   123   123   123   123   123   123   123   123   123   123   123   123   123   123   123   123
        123   123   123   123   123   123   123   123   123   123   123   123   123   123   123   123   123
  85   1000   988   952   893   814   718   613   505   395   297   215   150   100    66    45    33    68   114   114   114
        114   114   114   114   114   114   114   114   114   114   114   114   114   114   114   114   114   114   114   114
        114   114   114   114   114   114   114   114   114   114   114   114   114   114   114   114
  86   1000   988   950   889   805   707   596   475   363   270   191   130    85    55    37    64   104   104   104   104
        104   104   104   104   104   104   104   104   104   104   104   104   104   104   104   104   104   104   104   104
        104   104   104   104   104   104   104   104   104   104   104   104   104   104   104
  87   1000   987   948   883   796   689   562   439   336   245   171   115    75    48    62    92    92    92    92    92
         92    92    92    92    92    92    92    92    92    92    92    92    92    92    92    92    92    92    92    92
         92    92    92    92    92    92    92    92    92    92    92    92    92    92
  88   1000   986   945   876   779   651   522   413   312   226   157   106    69    66    79    79    79    79    79    79
         79    79    79    79    79    79    79    79    79    79    79    79    79    79    79    79    79    79    79    79
         79    79    79    79    79    79    79    79    79    79    79    79    79
  89   1000   985   941   860   739   609   499   392   296   215   151   103    78    66    66    66    66    66    66    66
         66    66    66    66    66    66    66    66    66    66    66    66    66    66    66    66    66    66    66    66
         66    66    66    66    66    66    66    66    66    66    66    66
  90   1000   984   926   819   697   591   483   380   289   213   153   100    52    52    52    52    52    52    52    52
         52    52    52    52    52    52    52    52    52    52    52    52    52    52    52    52    52    52    52    52
         52    52    52    52    52    52    52    52    52    52    52
  91   1000   976   898   795   702   599   496   398   313   241   170    85    85    85    85    85    85    85    85    85
         85    85    85    85    85    85    85    85    85    85    85    85    85    85    85    85    85    85    85    85
         85    85    85    85    85    85    85    85    85    85
  92   1000   971   905   833   744   648   551   462   383   316   205   205   205   205   205   205   205   205   205   205
        205   205   205   205   205   205   205   205   205   205   205   205   205   205   205   205   205   205   205   205
        205   205   205   205   205   205   205   205   205
  93   1000   980   936   871   791   704   618   538   490   360   360   360   360   360   360   360   360   360   360   360
        360   360   360   360   360   360   360   360   360   360   360   360   360   360   360   360   360   360   360   360
        360   360   360   360   360   360   360   360
  94   1000   986   946   887   816   739   662   619   454   454   454   454   454   454   454   454   454   454   454   454
        454   454   454   454   454   454   454   454   454   454   454   454   454   454   454   454   454   454   454   454
        454   454   454   454   454   454   454
  95   1000   987   950   895   829   757   689   457   457   457   457   457   457   457   457   457   457   457   457   457
        457   457   457   457   457   457   457   457   457   457   457   457   457   457   457   457   457   457   457   457
        457   457   457   457   457   457
  96   1000   988   953   903   841   756   461   461   461   461   461   461   461   461   461   461   461   461   461   461
        461   461   461   461   461   461   461   461   461   461   461   461   461   461   461   461   461   461   461   461
        461   461   461   461   461
  97   1000   989   957   910   815   464   464   464   464   464   464   464   464   464   464   464   464   464   464   464
        464   464   464   464   464   464   464   464   464   464   464   464   464   464   464   464   464   464   464   464
        464   464   464   464
  98   1000   989   960   863   467   467   467   467   467   467   467   467   467   467   467   467   467   467   467   467
        467   467   467   467   467   467   467   467   467   467   467   467   467   467   467   467   467   467   467   467
        467   467   467
  99   1000   990   899   472   472   472   472   472   472   472   472   472   472   472   472   472   472   472   472   472
        472   472   472   472   472   472   472   472   472   472   472   472   472   472   472   472   472   472   472   472
        472   472
 100   1000   922   478   478   478   478   478   478   478   478   478   478   478   478   478   478   478   478   478   478
        478   478   478   478   478   478   478   478   478   478   478   478   478   478   478   478   478   478   478   478
        478
 101   1000   769   769   769   769   769   769   769   769   769   769   769   769   769   769   769   769   769   769   769
        769   769   769   769   769   769   769   769   769   769   769   769   769   769   769   769   769   769   769   769
 102   1000  1000  1000  1000  1000  1000  1000  1000  1000  1000  1000  1000  1000  1000  1000  1000  1000  1000  1000  1000
       1000  1000  1000  1000  1000  1000  1000  1000  1000  1000  1000  1000  1000  1000  1000  1000  1000  1000  1000
 103   1000  1000  1000  1000  1000  1000  1000  1000  1000  1000  1000  1000  1000  1000  1000  1000  1000  1000  1000  1000
       1000  1000  1000  1000  1000  1000  1000  1000  1000  1000  1000  1000  1000  1000  1000  1000  1000  1000
 104   1000  1000  1000  1000  1000  1000  1000  1000  1000  1000  1000  1000  1000  1000  1000  1000  1000  1000  1000  1000
       1000  1000  1000  1000  1000  1000  1000  1000  1000  1000  1000  1000  1000  1000  1000  1000  1000
 105   1000  1000  1000  1000  1000  1000  1000  1000  1000  1000  1000  1000  1000  1000  1000  1000  1000  1000  1000  1000
       1000  1000  1000  1000  1000  1000  1000  1000  1000  1000  1000  1000  1000  1000  1000  1000
 106   1000  1000  1000  1000  1000  1000  1000  1000  1000  1000  1000  1000  1000  1000  1000  1000  1000  1000  1000  1000
       1000  1000  1000  1000  1000  1000  1000  1000  1000  1000  1000  1000  1000  1000  1000
 107   1000  1000  1000  1000  1000  1000  1000  1000  1000  1000  1000  1000  1000  1000  1000  1000  1000  1000  1000  1000
       1000  1000  1000  1000  1000  1000  1000  1000  1000  1000  1000  1000  1000  1000
 108   1000  1000  1000  1000  1000  1000  1000  1000  1000  1000  1000  1000  1000  1000  1000  1000  1000  1000  1000  1000
       1000  1000  1000  1000  1000  1000  1000  1000  1000  1000  1000  1000  1000
 109   1000  1000  1000  1000  1000  1000  1000  1000  1000  1000  1000  1000  1000  1000  1000  1000  1000  1000  1000  1000
       1000  1000  1000  1000  1000  1000  1000  1000  1000  1000  1000  1000
 110   1000  1000  1000  1000  1000  1000  1000  1000  1000  1000  1000  1000  1000  1000  1000  1000  1000  1000  1000  1000
       1000  1000  1000  1000  1000  1000  1000  1000  1000  1000  1000
 111   1000  1000  1000  1000  1000  1000  1000  1000  1000  1000  1000  1000  1000  1000  1000  1000  1000  1000  1000  1000
       1000  1000  1000  1000  1000  1000  1000  1000  1000  1000
 112   1000  1000  1000  1000  1000  1000  1000  1000  1000  1000  1000  1000  1000  1000  1000  1000  1000  1000  1000  1000
       1000  1000  1000  1000  1000  1000  1000  1000  1000
 113   1000  1000  1000  1000  1000  1000  1000  1000  1000  1000  1000  1000  1000  1000  1000  1000  1000  1000  1000  1000
       1000  1000  1000  1000  1000  1000  1000  1000
 114   1000  1000  1000  1000  1000  1000  1000  1000  1000  1000  1000  1000  1000  1000  1000  1000  1000  1000  1000  1000
       1000  1000  1000  1000  1000  1000  1000
 115   1000  1000  1000  1000  1000  1000  1000  1000  1000  1000  1000  1000  1000  1000  1000  1000  1000  1000  1000  1000
       1000  1000  1000  1000  1000  1000
 116   1000  1000  1000  1000  1000  1000  1000  1000  1000  1000  1000  1000  1000  1000  1000  1000  1000  1000  1000  1000
       1000  1000  1000  1000  1000
 117   1000  1000  1000  1000  1000  1000  1000  1000  1000  1000  1000  1000  1000  1000  1000  1000  1000  1000  1000  1000
       1000  1000  1000  1000
 118   1000  1000  1000  1000  1000  1000  1000  1000  1000  1000  1000  1000  1000  1000  1000  1000  1000  1000  1000  1000
       1000  1000  1000
 119   1000  1000  1000  1000  1000  1000  1000  1000  1000  1000  1000  1000  1000  1000  1000  1000  1000  1000  1000  1000
       1000  1000
 120   1000  1000  1000  1000  1000  1000  1000  1000  1000  1000  1000  1000  1000  1000  1000  1000  1000  1000  1000  1000
       1000
 121   1000  1000  1000  1000  1000  1000  1000  1000  1000  1000  1000  1000  1000  1000  1000  1000  1000  1000  1000  1000
 122   1000  1000  1000  1000  1000  1000  1000  1000  1000  1000  1000  1000  1000  1000  1000  1000  1000  1000  1000
 123   1000  1000  1000  1000  1000  1000  1000  1000  1000  1000  1000  1000  1000  1000  1000  1000  1000  1000
 124   1000  1000  1000  1000  1000  1000  1000  1000  1000  1000  1000  1000  1000  1000  1000  1000  1000
 125   1000  1000  1000  1000  1000  1000  1000  1000  1000  1000  1000  1000  1000  1000  1000  1000
 126   1000  1000  1000  1000  1000  1000  1000  1000  1000  1000  1000  1000  1000  1000  1000
 127   1000  1000  1000  1000  1000  1000  1000  1000  1000  1000  1000  1000  1000  1000
 128   1000  1000  1000  1000  1000  1000  1000  1000  1000  1000  1000  1000  1000
 129   1000  1000  1000  1000  1000  1000  1000  1000  1000  1000  1000  1000
 130   1000  1000  1000  1000  1000  1000  1000  1000  1000  1000  1000
 131   1000  1000  1000  1000  1000  1000  1000  1000  1000  1000
 132   1000  1000  1000  1000  1000  1000  1000  1000  1000
 133   1000  1000  1000  1000  1000  1000  1000  1000
 134   1000  1000  1000  1000  1000  1000  1000
 135   1000  1000  1000  1000  1000  1000
 136   1000  1000  1000  1000  1000
 137   1000  1000  1000  1000
 138   1000  1000  1000
 139   1000  1000
 140   1000

 Finished!
