NIF_RUN Passive 18x snout on TANDM 90-348 Pinhole
  140    5    1    0    0
   0.00500   9.00000   0.00500   0.00100
   0.0000000   0   0 1.00000000E+00   1.0000000
ZR902    1.706E-12 0.010       0.00       0.00        (    )
IN115N   4.881E-13 0.007       0.00       0.00        (    )
AU197G   8.079E-14 0.010       0.00 AUNG  3.94 IFX    (ISTP)
IN115G   1.161E-13 0.020       0.00 INNG 39.37 IFX    (ISTP)
AU1972   1.218E-11 0.053       0.00       0.00        (    )
Flux Uncertainty
   7
 1.0000E-11 5.5000E-07 1.0000E-04 1.0000E+01 1.3000E+01 1.4000E+01 2.0100E+01
 4.0000E-02 4.0000E-02 3.0000E-02 3.0000E-02 7.5000E-03 7.5000E-03 7.5000E-03
Input Flux Spectrum
 140   1 1.000E+00 2.000E+01 5.000E-08
 0.0000E+00 0.0000E+00 0.0000E+00 0.0000E+00 0.0000E+00 0.0000E+00 0.0000E+00
 0.0000E+00 0.0000E+00 0.0000E+00 0.0000E+00 0.0000E+00 0.0000E+00 0.0000E+00
 0.0000E+00 0.0000E+00 0.0000E+00 0.0000E+00 5.2703E+11 2.2246E+11 5.2365E+10
 2.4416E+10 1.3961E+10 8.9765E+09 6.4160E+10 3.2482E+10 2.0357E+10 1.2096E+10
 9.0933E+09 6.0114E+09 4.1797E+09 4.4091E+09 3.5694E+10 4.9219E+10 1.1133E+11
 1.3694E+10 3.0197E+10 5.2725E+10 1.1627E+11 1.1727E+12 1.5388E+12 1.5524E+12
 1.8980E+11 1.7477E+11 1.2433E+11 1.3660E+11 1.1714E+12 7.6203E+11 6.9752E+11
 4.1503E+10 3.9877E+10 3.3882E+10 3.3134E+10 2.7555E+11 2.8270E+11 2.5717E+11
 2.8317E+10 3.7812E+10 3.3591E+10 4.0889E+10 4.0624E+11 5.1000E+11 6.4216E+11
 8.0301E+10 8.2227E+10 9.8411E+10 1.1401E+11 1.2694E+12 1.0087E+12 1.0108E+12
 3.7863E+10 3.2991E+10 2.6573E+10 1.9215E+10 1.1642E+11 5.1823E+10 4.2487E+10
 3.5243E+09 2.2481E+09 1.9879E+09 1.8472E+09 1.8285E+10 1.5654E+10 1.8298E+10
 2.8109E+09 4.5072E+09 8.0685E+09 1.1462E+10 1.7515E+11 2.0342E+11 2.8120E+11
 3.6867E+11 2.5851E+11 1.3309E+12 1.4891E+12 0.0000E+00 0.0000E+00 0.0000E+00
 0.0000E+00 0.0000E+00 0.0000E+00 0.0000E+00 0.0000E+00 0.0000E+00 0.0000E+00
 0.0000E+00 0.0000E+00 0.0000E+00 0.0000E+00 0.0000E+00 0.0000E+00 0.0000E+00
 0.0000E+00 0.0000E+00 0.0000E+00 0.0000E+00 0.0000E+00 0.0000E+00 0.0000E+00
 0.0000E+00 0.0000E+00 0.0000E+00 0.0000E+00 0.0000E+00 0.0000E+00 0.0000E+00
 0.0000E+00 0.0000E+00 0.0000E+00 0.0000E+00 0.0000E+00 0.0000E+00 0.0000E+00
 0.0000E+00 0.0000E+00 0.0000E+00 0.0000E+00 0.0000E+00 0.0000E+00 0.0000E+00
   10   13   28   11    8    5    8    7   10   40



                         ==============================
                               STAYSL PNNL OUTPUT
                         ==============================

 STAYSL PNNL, version 1.2.0, 2015-08-05


 SCENARIO TITLE: NIF_RUN Passive 18x snout on TANDM 90-348 Pinhole
 -------------------------------------------------------------------------------
  NGROUP =   140    NRXN =     5    ACTIVITY NORM = 1.00000E+00

  COVARIANCE PARAMETERS (FCHN, FCVX, ACVX, FS)
    FLUXES:      WIDTH =  9.0000E+00   LONG RANGE COVAR. =  5.0000E-03
            ACTIVITIES =  5.0000E-03   X-SECT CROSS COR. =  1.0000E-03

    DETERM =   1.1255 × 10^   2.00      ERROR =  -1.4988E-16

  INPUT NORMALIZATION DATA
    AK1   =     0.00000     VAK        =     0.00003
    NORML =           0     RENORM     = 9.97532E-01
    CHI²  =    65.28907     NORM. CHI² =    16.32227

  DOSIMETRY ACTIVITIES
     ———— INPUTS —————  -UNADJUSTED FLUX-  — ADJUSTED FLUX —    CHI²  90% ACTIVITIES RANGE
 RXN  MEASURED     ±%   ACTIVITY    %DIFF  ACTIVITY    %DIFF  CONTRIB --LOW E-- --HIGH E--   REACTION          CVR
  1  1.706E-12    1.00  1.658E-12   -2.79  1.673E-12   -1.95    2.860  1.30E+01  1.40E+01  ZR90(N,2N)ZR89          
  2  4.881E-13    0.70  5.008E-13    2.60  5.062E-13    3.71    1.421  2.00E+00  1.40E+01  IN115(N,N')IN115M       
  3  8.079E-14    1.00  8.105E-14    0.33  8.136E-14    0.71    0.313  5.50E-03  1.20E+01  AU197(N,G)AU198         
  4  1.161E-13    2.00  1.047E-13   -9.81  1.053E-13   -9.26   10.288  7.20E-03  2.00E+00  IN115(N,G)IN116M        
  5  1.218E-11    5.30  7.519E-12  -38.26  7.590E-12  -37.69   50.406  1.00E+01  1.40E+01  AU197(N,2N)AU196        

             % STD. DEV.  =         19.84              19.52

                              CHECK INPUT, IT IS RATHER UNLIKELY !
                                   *** BEWARE OF OUTPUT ! ***


  DIFFERENTIAL FLUXES (input is normalized by a factor of 9.9753E-01)
                  —————— DIFFERENTIAL FLUX —————   ———— STD. DEV. % ————   INTEGRAL
 GRP    ENERGY        NEW         OLD      RATIO    NEW     OLD    RATIO   FLUX > E     ± %
  19  1.3500E-05  5.2730E+11  5.2573E+11   1.003    3.34    3.35   0.998  4.6396E+12    0.85
  20  2.1000E-05  2.2257E+11  2.2191E+11   1.003    3.27    3.28   0.998  4.6396E+12    0.85
  21  3.0000E-05  5.2388E+10  5.2236E+10   1.003    3.20    3.21   0.998  4.6396E+12    0.85
  22  4.5000E-05  2.4426E+10  2.4356E+10   1.003    3.13    3.14   0.998  4.6396E+12    0.85
  23  6.9000E-05  1.3966E+10  1.3927E+10   1.003    3.07    3.07   0.998  4.6396E+12    0.85
  24  1.0000E-04  8.9788E+09  8.9543E+09   1.003    3.03    3.04   0.998  4.6396E+12    0.85
  25  1.3500E-04  6.4170E+10  6.4002E+10   1.003    3.03    3.04   0.998  4.6396E+12    0.85
  26  1.7000E-04  3.2482E+10  3.2402E+10   1.002    3.03    3.04   0.997  4.6396E+12    0.85
  27  2.2000E-04  2.0353E+10  2.0307E+10   1.002    3.03    3.04   0.997  4.6396E+12    0.85
  28  2.8000E-04  1.2091E+10  1.2066E+10   1.002    3.03    3.04   0.996  4.6396E+12    0.85
  29  3.6000E-04  9.0870E+09  9.0709E+09   1.002    3.03    3.04   0.995  4.6396E+12    0.85
  30  4.5000E-04  6.0052E+09  5.9966E+09   1.001    3.02    3.04   0.994  4.6396E+12    0.85
  31  5.7500E-04  4.1736E+09  4.1694E+09   1.001    3.02    3.04   0.992  4.6396E+12    0.85
  32  7.6000E-04  4.4006E+09  4.3982E+09   1.001    3.01    3.04   0.989  4.6396E+12    0.85
  33  9.6000E-04  3.5606E+10  3.5606E+10   1.000    3.00    3.04   0.985  4.6396E+12    0.85
  34  1.2750E-03  4.9069E+10  4.9098E+10   0.999    2.98    3.04   0.980  4.6396E+12    0.85
  35  1.6000E-03  1.1092E+11  1.1106E+11   0.999    2.96    3.04   0.973  4.6396E+12    0.85
  36  2.0000E-03  1.3635E+10  1.3660E+10   0.998    2.93    3.04   0.964  4.6396E+12    0.85
  37  2.7000E-03  3.0048E+10  3.0122E+10   0.998    2.90    3.04   0.954  4.6396E+12    0.85
  38  3.4000E-03  5.2434E+10  5.2595E+10   0.997    2.86    3.04   0.941  4.6395E+12    0.85
  39  4.5000E-03  1.1556E+11  1.1598E+11   0.996    2.82    3.04   0.928  4.6395E+12    0.85
  40  5.5000E-03  1.1650E+12  1.1698E+12   0.996    2.78    3.04   0.914  4.6394E+12    0.85
  41  7.2000E-03  1.5281E+12  1.5350E+12   0.996    2.74    3.04   0.900  4.6374E+12    0.85
  42  9.2000E-03  1.5412E+12  1.5486E+12   0.995    2.70    3.04   0.887  4.6343E+12    0.85
  43  1.2000E-02  1.8840E+11  1.8933E+11   0.995    2.66    3.04   0.875  4.6300E+12    0.86
  44  1.5000E-02  1.7346E+11  1.7434E+11   0.995    2.63    3.04   0.866  4.6294E+12    0.86
  45  1.9000E-02  1.2340E+11  1.2402E+11   0.995    2.61    3.04   0.859  4.6287E+12    0.86
  46  2.5500E-02  1.3560E+11  1.3626E+11   0.995    2.60    3.04   0.856  4.6279E+12    0.86
  47  3.2000E-02  1.1630E+12  1.1685E+12   0.995    2.60    3.04   0.855  4.6271E+12    0.86
  48  4.0000E-02  7.5673E+11  7.6015E+11   0.995    2.61    3.04   0.857  4.6178E+12    0.86
  49  5.2500E-02  6.9286E+11  6.9580E+11   0.996    2.62    3.04   0.861  4.6083E+12    0.86
  50  6.6000E-02  4.1238E+10  4.1401E+10   0.996    2.63    3.04   0.865  4.5989E+12    0.86
  51  8.8000E-02  3.9637E+10  3.9779E+10   0.996    2.65    3.04   0.871  4.5980E+12    0.86
  52  1.1000E-01  3.3691E+10  3.3798E+10   0.997    2.66    3.04   0.875  4.5972E+12    0.86
  53  1.3500E-01  3.2962E+10  3.3052E+10   0.997    2.67    3.04   0.879  4.5963E+12    0.86
  54  1.6000E-01  2.7426E+11  2.7487E+11   0.998    2.68    3.04   0.882  4.5955E+12    0.86
  55  1.9000E-01  2.8154E+11  2.8200E+11   0.998    2.68    3.04   0.882  4.5873E+12    0.86
  56  2.2000E-01  2.5629E+11  2.5654E+11   0.999    2.68    3.04   0.881  4.5788E+12    0.87
  57  2.5500E-01  2.8242E+10  2.8247E+10   1.000    2.67    3.04   0.877  4.5699E+12    0.87
  58  2.9000E-01  3.7747E+10  3.7719E+10   1.001    2.65    3.04   0.871  4.5689E+12    0.87
  59  3.2000E-01  3.3568E+10  3.3508E+10   1.002    2.62    3.04   0.862  4.5677E+12    0.87
  60  3.6000E-01  4.0909E+10  4.0788E+10   1.003    2.59    3.04   0.851  4.5664E+12    0.87
  61  4.0000E-01  4.0696E+11  4.0524E+11   1.004    2.55    3.04   0.837  4.5648E+12    0.87
  62  4.5000E-01  5.1160E+11  5.0874E+11   1.006    2.50    3.04   0.823  4.5444E+12    0.87
  63  5.0000E-01  6.4507E+11  6.4058E+11   1.007    2.46    3.04   0.807  4.5188E+12    0.87
  64  5.5000E-01  8.0776E+10  8.0103E+10   1.008    2.41    3.04   0.793  4.4866E+12    0.88
  65  6.0000E-01  8.2821E+10  8.2024E+10   1.010    2.37    3.04   0.780  4.4825E+12    0.88
  66  6.6000E-01  9.9237E+10  9.8168E+10   1.011    2.35    3.04   0.772  4.4776E+12    0.88
  67  7.2000E-01  1.1508E+11  1.1373E+11   1.012    2.34    3.04   0.769  4.4716E+12    0.88
  68  7.8000E-01  1.2823E+12  1.2663E+12   1.013    2.35    3.04   0.773  4.4647E+12    0.88
  69  8.4000E-01  1.0194E+12  1.0062E+12   1.013    2.38    3.04   0.783  4.3878E+12    0.89
  70  9.2000E-01  1.0217E+12  1.0083E+12   1.013    2.43    3.04   0.799  4.3062E+12    0.90
  71  1.0000E+00  3.8265E+10  3.7770E+10   1.013    2.49    3.04   0.820  4.2245E+12    0.91
  72  1.2000E+00  3.3327E+10  3.2910E+10   1.013    2.57    3.04   0.844  4.2168E+12    0.91
  73  1.4000E+00  2.6825E+10  2.6507E+10   1.012    2.64    3.04   0.868  4.2102E+12    0.92
  74  1.6000E+00  1.9379E+10  1.9168E+10   1.011    2.71    3.04   0.892  4.2048E+12    0.92
  75  1.8000E+00  1.1729E+11  1.1613E+11   1.010    2.78    3.04   0.913  4.2009E+12    0.92
  76  2.0000E+00  5.2148E+10  5.1695E+10   1.009    2.83    3.04   0.931  4.1775E+12    0.92
  77  2.3000E+00  4.2700E+10  4.2382E+10   1.008    2.88    3.04   0.946  4.1618E+12    0.92
  78  2.6000E+00  3.5377E+09  3.5156E+09   1.006    2.91    3.04   0.957  4.1490E+12    0.93
  79  2.9000E+00  2.2541E+09  2.2426E+09   1.005    2.93    3.04   0.964  4.1480E+12    0.93
  80  3.3000E+00  1.9912E+09  1.9830E+09   1.004    2.94    3.04   0.968  4.1471E+12    0.93
  81  3.7000E+00  1.8489E+09  1.8426E+09   1.003    2.94    3.04   0.968  4.1463E+12    0.93
  82  4.1000E+00  1.8294E+10  1.8240E+10   1.003    2.93    3.04   0.964  4.1455E+12    0.93
  83  4.5000E+00  1.5661E+10  1.5615E+10   1.003    2.91    3.04   0.957  4.1382E+12    0.93
  84  5.0000E+00  1.8313E+10  1.8253E+10   1.003    2.88    3.04   0.947  4.1304E+12    0.93
  85  5.5000E+00  2.8156E+09  2.8040E+09   1.004    2.84    3.04   0.933  4.1212E+12    0.93
  86  6.0000E+00  4.5209E+09  4.4961E+09   1.006    2.79    3.04   0.916  4.1198E+12    0.93
  87  6.7000E+00  8.1078E+09  8.0486E+09   1.007    2.73    3.04   0.897  4.1166E+12    0.93
  88  7.4000E+00  1.1544E+10  1.1434E+10   1.010    2.66    3.04   0.876  4.1110E+12    0.92
  89  8.2000E+00  1.7686E+11  1.7472E+11   1.012    2.60    3.04   0.854  4.1017E+12    0.92
  90  9.0000E+00  2.0597E+11  2.0292E+11   1.015    2.54    3.04   0.834  3.9602E+12    0.88
  91  1.0000E+01  2.8469E+11  2.8051E+11   1.015    2.00    2.46   0.812  3.7543E+12    0.82
  92  1.1000E+01  3.7205E+11  3.6776E+11   1.012    1.23    1.56   0.788  3.4696E+12    0.75
  93  1.2000E+01  2.6027E+11  2.5787E+11   1.009    0.83    1.07   0.774  3.0975E+12    0.71
  94  1.3000E+01  1.3388E+12  1.3276E+12   1.008    0.70    0.90   0.776  2.8373E+12    0.70
  95  1.4000E+01  1.4984E+12  1.4854E+12   1.009    0.71    0.90   0.785  1.4984E+12    0.71
      1.5000E+01

  INTEGRALS OF SPECTRA
    OLD SPECTRUM   4.5953E+12   ±    1.118 %
    NEW SPECTRUM   4.6396E+12   ±    0.854 %

  SUMMARY OF BROAD-GROUP FLUXES, FLUENCES, AND UNCERTAINTIES

    IRRAD TIME [S] = 1.00000000E+00   ACT NORM =  1.00000000E+00

       ENERGY       FLUX       FLUENCE      STDEV %
      thermal    0.0000E+00  0.0000E+00  ±   0.00     (0.100 meV – 0.550  eV)
     epithermal  4.2483E+10  4.2483E+10  ±   2.32     (0.550  eV – 110.0 keV)
        fast     4.5972E+12  4.5972E+12  ±   0.86     (110.0 keV –  20.0 MeV)
        fast     4.2245E+12  4.2245E+12  ±   0.91     (  1.0 MeV –  20.0 MeV)
        high     0.0000E+00  0.0000E+00  ±   0.00     ( 20.0 MeV –  60.0 MeV)

    MINI-SPECTRUM

       ENERGY       FLUX       FLUENCE      STDEV %
     1.0000E-10  0.0000E+00  0.0000E+00  ±   0.00
     5.5000E-07  7.7628E+06  7.7628E+06  ±   3.23
     1.0000E-04  4.2475E+10  4.2475E+10  ±   2.32
     1.1000E-01  7.8338E+10  7.8338E+10  ±   2.23
     5.0000E-01  2.9434E+11  2.9434E+11  ±   2.21
     1.0000E+00  4.7017E+10  4.7017E+10  ±   2.59
     2.0000E+00  4.7101E+10  4.7101E+10  ±   2.64
     5.0000E+00  3.7609E+11  3.7609E+11  ±   2.53
     1.0000E+01  3.7543E+12  3.7543E+12  ±   0.82
     2.0000E+01  0.0000E+00  0.0000E+00  ±   0.00
     6.0000E+01

       TOTAL     4.6396E+12  4.6396E+12  ±   0.85

    RELATIVE COVARIANCES (10×10)
        0     0     0     0     0     0     0     0     0     0
     1000    12     9     5    10    15     4    54     0
     1000   -30  -450  -279  -131    13    53     0
     1000   208  -148  -117     9    50     0
     1000   650   277     3    32     0
     1000   794    56    34     0
     1000   307   115     0
     1000   727     0
     1000     0
        0

  SPECTRAL-AVERAGED REACTION RATES (for all cross section library reactions)

        REACTIONS        SIG-PHI      <SIG>          REACTIONS        SIG-PHI      <SIG>          REACTIONS        SIG-PHI      <SIG>  
   ------------------  ----------  ----------   ------------------  ----------  ----------   ------------------  ----------  ----------
   LI6(N,A)T           3.4484E-13  7.4326E-26   FE58(N,G)FE59       5.9449E-15  1.2813E-27   IN115(N,N')IN115M   5.0623E-13  1.0911E-25
   B10(N,A)LI7         5.6225E-13  1.2118E-25   CO59(N,2N)CO58      2.0715E-12  4.4649E-25   IN115(N,2N)IN114M   4.4162E-12  9.5184E-25
   F19(N,2N)F18        1.0270E-13  2.2135E-26   CO59(N,3N)CO57      0.0000E+00  0.0000E+00   IN115(N,G)IN116M    1.0585E-13  2.2815E-26
   NA23(N,2N)NA22      5.7615E-14  1.2418E-26   CO59(N,G)CO60       8.1456E-15  1.7556E-27   I127(N,2N)I126      4.9510E-12  1.0671E-24
   NA23(N,G)NA24       1.0666E-15  2.2989E-28   CO59(N,P)FE59       2.0213E-13  4.3565E-26   LA139(N,G)LA140     9.8358E-15  2.1199E-27
   MG24(N,P)NA24       7.3427E-13  1.5826E-25   CO59(N,A)MN56       1.1225E-13  2.4194E-26   PR141(N,2N)PR140    5.4276E-12  1.1698E-24
   AL27(N,P)MG27       3.3973E-13  7.3222E-26   NI58(N,2N)NI57      6.4010E-14  1.3796E-26   TM169(N,2N)TM168    7.3332E-12  1.5805E-24
   AL27(N,A)NA24       4.6556E-13  1.0034E-25   NI58(N,P)CO58       1.8118E-12  3.9050E-25   TM169(N,3N)TM167    3.0823E-17  6.6434E-30
   SI28(N,P)AL28       1.0775E-12  2.3223E-25   NI60(N,P)CO60       5.7955E-13  1.2491E-25   TA181(N,G)TA182     8.7441E-14  1.8846E-26
   P31(N,P)SI31        4.4245E-13  9.5363E-26   CU63(N,2N)CU62      1.2817E-12  2.7624E-25   W186(N,G)W187       3.8885E-14  8.3810E-27
   S32(N,P)P32         1.1971E-12  2.5801E-25   CU63(N,G)CU64       2.1749E-14  4.6877E-27   AU197(N,2N)AU196    7.5895E-12  1.6358E-24
   TI46(N,2N)TI45      5.1977E-14  1.1203E-26   CU63(N,A)CO60       1.7466E-13  3.7645E-26   AU197(N,G)AU198     8.1499E-14  1.7566E-26
   TI46(N,P)SC46       1.0994E-12  2.3696E-25   CU65(N,2N)CU64      2.7370E-12  5.8991E-25   HG199(N,N')HG199M   1.0724E-12  2.3114E-25
   TI47(N,P)SC47       5.4765E-13  1.1804E-25   ZN64(N,P)CU64       8.2911E-13  1.7870E-25   PB204(N,N')PB204M   4.8085E-13  1.0364E-25
   TI47(N,X)SC46       1.1319E-13  2.4396E-26   ZN67(N,P)CU67       1.2193E-13  2.6281E-26   BI209(N,3N)BI207    8.8852E-16  1.9151E-28
   TI48(N,P)SC48       2.2462E-13  4.8413E-26   AS75(N,2N)AS74      2.9034E-12  6.2578E-25   TH232(N,FISSION)    1.4310E-12  3.0843E-25
   TI48(N,X)SC47       1.9887E-14  4.2862E-27   Y89(N,2N)Y88        2.3811E-12  5.1320E-25   TH232(N,G)TH233     9.1447E-14  1.9710E-26
   TI49(N,X)SC48       1.1001E-14  2.3710E-27   ZR90(N,2N)ZR89      1.6728E-12  3.6054E-25   U235(N,FISSION)     8.7019E-12  1.8755E-24
   V51(N,A)SC48        5.0773E-14  1.0943E-26   NB93(N,G)NB94       3.5038E-14  7.5519E-27   U235(N,G)U236       9.4784E-14  2.0429E-26
   CR52(N,2N)CR51      7.4340E-13  1.6023E-25   NB93(N,N')NB93M     3.0935E-13  6.6675E-26   U238(N,2N)U237      4.6179E-12  9.9532E-25
   MN55(N,2N)MN54      2.1189E-12  4.5670E-25   NB93(N,2N)NB92M     1.6001E-12  3.4489E-25   U238(N,FISSION)     4.5525E-12  9.8122E-25
   MN55(N,G)MN56       5.6475E-15  1.2172E-27   MO92(N,P)NB92M      3.4995E-13  7.5426E-26   U238(N,G)U239       7.2744E-14  1.5679E-26
   FE54(N,2N)FE53      8.6820E-15  1.8713E-27   RH103(N,N')RH103M   2.2465E-12  4.8419E-25   NP237(N,FISSION)    9.3832E-12  2.0224E-24
   FE54(N,P)MN54       1.6226E-12  3.4973E-25   AG109(N,G)AG110M    9.5583E-15  2.0601E-27   PU239(N,FISSION)    1.0568E-11  2.2778E-24
   FE54(N,A)CR51       3.2239E-13  6.9485E-26   IN113(N,N')IN113M   4.2986E-13  9.2648E-26   AM241(N,FISSION)    1.0968E-11  2.3641E-24
   FE56(N,P)MN56       4.2749E-13  9.2139E-26   IN113(N,G)IN114M    1.4030E-13  3.0240E-26   SC45(N,G)SC46       9.6967E-15  2.0900E-27

  INPUT FLUX REL. CORRELATION MATRIX (by row from diagonal)
   1   1000   988   953   896   824   739   647   553   462   378   302   237   183   139   104    78    59    46    36    30
         26    24    23    22    21    21    21    21    20    20    20    20    20    20    20    20    20    20    20    20
         20    20    20    20    20    20    20    20    20    20    20    20    20    20    20    20    20    20    20    20
         20    20    20    20    20    20    20    20    20    20    20    20    20    20    20    20    20    20    20    20
         20    20    20    20    20    20    20    20    20    20    25    40    58    69    69    69    69    69    69    69
         99   124   124   124   124   124   124   124   124   124   124   124   124   124   124   124   124   124   124   124
        124   124   124   124   124   124   124   124   124   124   124   124   124   124   124   124   124   124   124   124

  OUTPUT FLUX REL. CORRELATION MATRIX (by row from diagonal)
   1   1000   988   952   896   823   738   646   552   461   376   301   235   181   137   102    76    57    43    34    28
         24    21    20    19    18    18    17    17    17    16    16    15    15    14    14    13    12    12    11    10
         10     9     9     8     8     8     8     8     8     8     9     9     9     9     9     9     9     8     8     8
          7     7     6     6     6     5     5     5     6     6     7     7     8     9    10    11    11    12    12    12
         12    12    12    11    10     8     7     5     4     2     6    22    43    56    56    56    55    55    55    56
         89   116   116   116   116   116   116   116   116   116   116   116   116   116   116   116   116   116   116   116
        116   116   116   116   116   116   116   116   116   116   116   116   116   116   116   116   116   116   116   116
   2   1000   988   952   896   823   738   646   552   461   376   301   235   181   137   103    77    57    44    34    28
         24    22    20    19    18    18    17    17    16    16    15    15    14    14    13    12    12    11    10    10
          9     9     8     8     8     8     8     8     8     9     9     9     9     9     9     9     8     8     8     7
          7     6     6     6     5     5     5     6     6     7     7     8     9    10    11    11    12    12    12    12
         12    12    11    10     8     7     5     4     2     6    22    43    56    56    56    55    55    55    56    89
        115   115   115   115   115   115   115   115   115   115   115   115   115   115   115   115   115   115   115   115
        115   115   115   115   115   115   115   115   115   115   115   115   115   115   115   115   115   115   115
   3   1000   988   952   896   823   738   646   552   461   377   301   236   181   137   103    77    58    44    35    28
         24    22    20    19    18    17    17    16    16    15    15    14    14    13    12    12    11    10    10     9
          9     8     8     8     8     8     8     8     9     9     9     9     9     9     9     8     8     8     7     7
          6     6     6     5     5     5     6     6     7     7     8     9    10    11    11    12    12    12    12    12
         12    11    10     8     7     5     4     2     6    22    43    56    56    56    55    55    55    56    89   115
        115   115   115   115   115   115   115   115   115   115   115   115   115   115   115   115   115   115   115   115
        115   115   115   115   115   115   115   115   115   115   115   115   115   115   115   115   115   115
   4   1000   988   952   896   823   738   646   552   461   377   301   236   181   138   103    77    58    44    35    29
         24    22    20    19    18    17    17    16    15    15    14    14    13    12    12    11    10    10     9     9
          8     8     8     8     8     8     8     9     9     9     9     9     9     9     8     8     8     7     7     6
          6     6     5     5     5     6     6     7     7     8     9    10    11    11    12    12    12    12    12    12
         11    10     8     7     5     4     2     6    22    43    56    56    56    55    55    55    56    89   115   115
        115   115   115   115   115   115   115   115   115   115   115   115   115   115   115   115   115   115   115   115
        115   115   115   115   115   115   115   115   115   115   115   115   115   115   115   115   115
   5   1000   988   952   896   823   738   646   552   461   377   301   236   182   138   104    77    58    45    35    29
         24    21    20    18    17    17    16    16    15    14    14    13    12    12    11    10    10     9     9     8
          8     8     8     8     8     8     9     9     9     9     9     9     9     8     8     8     7     7     6     6
          6     5     5     5     6     6     7     7     8     9    10    11    11    12    12    12    12    12    12    11
         10     8     7     5     4     2     6    22    43    56    56    56    55    55    55    56    89   115   115   115
        115   115   115   115   115   115   115   115   115   115   115   115   115   115   115   115   115   115   115   115
        115   115   115   115   115   115   115   115   115   115   115   115   115   115   115   115
   6   1000   988   952   896   823   738   646   552   462   377   302   236   182   138   104    78    59    45    35    29
         24    21    19    18    17    16    16    15    14    14    13    12    12    11    10    10     9     9     8     8
          8     8     8     8     8     9     9     9     9     9     9     9     8     8     8     7     7     6     6     6
          5     5     5     6     6     7     7     8     9    10    11    11    12    12    12    12    12    12    11    10
          8     7     5     4     2     6    22    43    56    56    56    55    55    55    56    89   115   115   115   115
        115   115   115   115   115   115   115   115   115   115   115   115   115   115   115   115   115   115   115   115
        115   115   115   115   115   115   115   115   115   115   115   115   115   115   115
   7   1000   988   952   896   823   738   646   553   462   377   302   237   182   138   104    78    59    45    35    29
         24    21    19    18    17    16    15    14    14    13    12    12    11    10    10     9     9     8     8     8
          8     8     8     8     9     9     9     9     9     9     9     8     8     8     7     7     6     6     5     5
          5     5     6     6     7     7     8     9    10    11    11    12    12    12    12    12    12    11    10     8
          7     5     4     2     6    22    43    56    56    56    55    55    55    56    89   115   115   115   115   115
        115   115   115   115   115   115   115   115   115   115   115   115   115   115   115   115   115   115   115   115
        115   115   115   115   115   115   115   115   115   115   115   115   115   115
   8   1000   988   952   896   823   738   646   553   462   378   302   237   183   139   104    78    59    45    35    28
         24    21    19    17    16    15    15    14    13    12    12    11    10    10     9     9     8     8     8     8
          8     8     8     9     9     9     9     9     9     9     8     8     8     7     7     6     6     5     5     5
          5     6     6     7     7     8     9    10    11    11    12    12    12    12    12    12    11    10     8     7
          5     4     2     6    22    43    56    56    56    55    55    55    56    89   115   115   115   115   115   115
        115   115   115   115   115   115   115   115   115   115   115   115   115   115   115   115   115   115   115   115
        115   115   115   115   115   115   115   115   115   115   115   115   115
   9   1000   988   952   896   823   738   646   553   462   378   302   237   183   139   105    79    59    45    35    28
         24    21    18    17    16    15    14    13    12    12    11    10    10     9     9     8     8     8     8     8
          8     8     9     9     9     9     9     9     9     8     8     8     7     7     6     6     5     5     5     5
          6     6     7     7     8     9    10    11    11    12    12    12    12    12    12    11    10     8     7     5
          4     2     6    22    43    56    56    56    55    55    55    56    89   115   115   115   115   115   115   115
        115   115   115   115   115   115   115   115   115   115   115   115   115   115   115   115   115   115   115   115
        115   115   115   115   115   115   115   115   115   115   115   115
  10   1000   988   952   896   823   738   647   553   462   378   302   237   183   139   105    78    59    45    35    28
         23    20    18    16    15    14    13    12    12    11    10    10     9     9     8     8     8     8     8     8
          8     8     9     9     9     9     9     9     8     8     8     7     7     6     6     5     5     5     5     6
          6     7     7     8     9    10    11    11    12    12    12    12    12    12    11    10     8     7     5     4
          2     6    22    43    56    56    56    55    55    55    56    89   115   115   115   115   115   115   115   115
        115   115   115   115   115   115   115   115   115   115   115   115   115   115   115   115   115   115   115   115
        115   115   115   115   115   115   115   115   115   115   115
  11   1000   988   952   896   823   738   647   553   463   378   303   238   183   140   105    79    59    45    35    28
         23    20    18    16    15    14    13    12    11    10    10     9     9     8     8     8     8     8     8     8
          9     9     9     9     9     9     9     8     8     8     7     7     6     6     5     5     5     5     6     6
          7     7     8     9    10    11    11    12    12    12    12    12    12    11    10     9     7     5     4     2
          6    22    44    57    56    56    56    56    56    56    90   117   117   117   117   117   117   117   117   117
        117   117   117   117   117   117   117   117   117   117   117   117   117   117   117   117   117   117   117   117
        117   117   117   117   117   117   117   117   117   117
  12   1000   988   953   896   823   739   647   554   463   379   303   238   184   140   105    79    59    45    35    28
         23    20    17    16    14    13    12    11    11    10     9     9     9     8     8     8     8     8     9     9
          9     9     9     9     9     9     9     8     8     7     7     6     6     5     5     5     5     6     6     7
          8     8     9    10    11    12    12    13    13    13    12    12    11    10     9     7     6     4     2     6
         22    45    58    58    57    57    57    57    57    92   119   119   119   119   119   119   119   119   119   119
        119   119   119   119   119   119   119   119   119   119   119   119   119   119   119   119   119   119   119   119
        119   119   119   119   119   119   119   119   119
  13   1000   988   953   896   824   739   647   554   463   379   304   239   184   140   105    79    59    45    35    28
         23    19    17    15    14    13    12    11    10    10     9     9     8     8     8     8     8     9     9     9
          9     9     9     9     9     9     8     8     7     7     6     6     6     5     5     5     6     6     7     8
          9     9    10    11    12    12    13    13    13    13    12    11    10     9     7     6     4     2     6    23
         46    59    59    59    58    58    58    59    94   122   122   122   122   122   122   122   122   122   122   122
        122   122   122   122   122   122   122   122   122   122   122   122   122   122   122   122   122   122   122   122
        122   122   122   122   122   122   122   122
  14   1000   988   953   897   824   739   647   554   464   380   304   239   184   140   106    79    59    45    35    28
         23    19    17    15    13    12    11    10    10     9     9     9     8     8     8     9     9     9     9     9
          9     9     9     9     9     8     8     7     7     6     6     6     5     5     5     6     6     7     8     9
         10    10    11    12    13    13    13    13    13    12    12    10     9     8     6     4     2     6    23    47
         61    60    60    60    60    60    60    96   125   125   125   125   125   125   125   125   125   125   125   125
        125   125   125   125   125   125   125   125   125   125   125   125   125   125   125   125   125   125   125   125
        125   125   125   125   125   125   125
  15   1000   988   953   897   824   739   648   555   464   380   305   239   185   141   106    79    59    45    35    27
         22    19    16    14    13    12    11    10     9     9     9     8     8     9     9     9     9     9     9     9
          9     9     9     9     9     8     8     7     6     6     6     5     5     5     6     6     7     8     9    10
         11    11    12    13    13    14    14    13    13    12    11     9     8     6     4     2     7    24    48    62
         62    61    61    61    61    61    98   127   127   127   127   127   127   127   127   127   127   127   127   127
        127   127   127   127   127   127   127   127   127   127   127   127   127   127   127   127   127   127   127   127
        127   127   127   127   127   127
  16   1000   988   953   897   824   739   648   555   464   380   305   239   185   141   106    79    59    45    34    27
         22    18    15    14    12    11    10     9     9     9     9     8     9     9     9     9     9     9    10    10
          9     9     9     9     8     8     7     6     6     5     5     5     5     6     6     7     8     9    10    11
         12    12    13    14    14    14    14    13    12    11    10     8     6     4     2     7    24    49    63    63
         63    62    62    62    63   100   130   130   130   130   130   130   130   130   130   130   130   130   130   130
        130   130   130   130   130   130   130   130   130   130   130   130   130   130   130   130   130   130   130   130
        130   130   130   130   130
  17   1000   988   953   897   824   740   648   555   465   380   305   240   185   141   106    79    59    44    34    26
         21    17    15    13    11    10    10     9     9     9     8     9     9     9     9     9     9    10    10    10
          9     9     9     8     8     7     6     6     5     5     5     5     6     6     7     8     9    10    11    12
         13    13    14    14    14    14    13    12    11    10     8     6     4     2     7    25    50    65    64    64
         64    64    64    64   102   133   133   133   133   133   133   133   133   133   133   133   133   133   133   133
        133   133   133   133   133   133   133   133   133   133   133   133   133   133   133   133   133   133   133   133
        133   133   133   133
  18   1000   988   953   897   824   740   648   555   465   381   305   240   185   141   106    79    59    44    33    26
         21    17    14    12    11    10     9     9     8     8     8     9     9     9     9     9    10    10     9     9
          9     9     8     7     7     6     6     5     5     5     5     5     6     7     8     9    10    11    12    13
         13    14    14    14    14    13    13    11    10     8     6     4     2     7    25    51    66    66    65    65
         65    65    65   105   136   136   136   136   136   136   136   136   136   136   136   136   136   136   136   136
        136   136   136   136   136   136   136   136   136   136   136   136   136   136   136   136   136   136   136   136
        136   136   136
  19   1000   988   953   897   824   740   649   556   465   381   305   240   185   141   106    79    59    44    33    25
         20    16    13    11    10     9     9     8     8     8     9     9     9     9     9     9    10     9     9     9
          8     8     7     7     6     5     5     5     5     5     5     6     7     8     9    10    11    12    13    14
         14    15    15    14    14    13    12    10     8     6     4     3     7    26    52    68    67    67    66    66
         66    67   107   139   139   139   139   139   139   139   139   139   139   139   139   139   139   139   139   139
        139   139   139   139   139   139   139   139   139   139   139   139   139   139   139   139   139   139   139   139
        139   139
  20   1000   988   953   897   825   740   649   556   465   381   306   240   185   141   106    79    58    43    32    24
         19    15    12    11     9     9     8     8     8     8     8     9     9     9     9     9     9     9     9     8
          8     7     6     6     5     4     4     4     4     5     5     6     7     9    10    11    12    13    14    14
         15    15    15    14    13    12    10     9     7     5     3     7    27    53    69    69    68    68    68    68
         68   109   142   142   142   142   142   142   142   142   142   142   142   142   142   142   142   142   142   142
        142   142   142   142   142   142   142   142   142   142   142   142   142   142   142   142   142   142   142   142
        142
  21   1000   988   953   897   825   740   649   556   466   381   306   240   186   141   105    78    58    42    31    23
         18    14    11    10     9     8     8     8     8     8     8     9     9     9     9     9     9     8     8     7
          6     6     5     4     4     3     3     4     4     5     6     7     8    10    11    12    13    14    15    15
         15    15    14    13    12    10     9     7     5     3     7    27    54    70    70    69    69    69    69    70
        111   144   144   144   144   144   144   144   144   144   144   144   144   144   144   144   144   144   144   144
        144   144   144   144   144   144   144   144   144   144   144   144   144   144   144   144   144   144   144   144
  22   1000   988   953   897   825   740   649   556   466   382   306   241   186   141   105    78    57    41    30    22
         17    13    10     9     8     7     7     7     7     8     8     8     8     8     8     8     8     7     6     6
          5     4     3     3     2     2     3     3     4     5     6     8     9    11    12    13    14    15    15    15
         15    14    13    12    11     9     7     5     3     8    28    55    72    71    71    71    71    71    71   114
        147   147   147   147   147   147   147   147   147   147   147   147   147   147   147   147   147   147   147   147
        147   147   147   147   147   147   147   147   147   147   147   147   147   147   147   147   147   147   147
  23   1000   988   953   897   825   741   649   556   466   382   306   241   186   141   105    77    56    40    29    21
         15    11     9     7     7     6     6     7     7     7     7     7     7     7     7     7     6     5     5     4
          3     2     1     1     1     1     2     3     4     5     7     9    10    11    13    14    14    15    15    15
         15    14    12    11     9     7     5     3     8    28    56    73    73    72    72    72    72    72   116   150
        150   150   150   150   150   150   150   150   150   150   150   150   150   150   150   150   150   150   150   150
        150   150   150   150   150   150   150   150   150   150   150   150   150   150   150   150   150   150
  24   1000   988   953   897   825   741   650   557   466   382   306   241   185   140   104    75    54    38    27    18
         13     9     7     6     5     5     5     5     5     6     6     6     6     6     5     4     4     3     2     1
          0     0     0     0     0     0     1     2     4     6     7     9    11    12    13    14    15    15    15    14
         14    12    11     9     7     5     3     8    29    57    74    73    73    73    73    73    73   117   151   151
        151   151   151   151   151   151   151   151   151   151   151   151   151   151   151   151   151   151   151   151
        151   151   151   151   151   151   151   151   151   151   151   151   151   151   151   151   151
  25   1000   988   953   897   825   741   650   557   467   382   306   240   184   139   102    73    51    35    24    15
         10     6     4     3     3     3     3     3     4     4     4     4     3     3     2     1     0     0    -1    -2
         -3    -3    -3    -3    -2    -1     0     2     4     6     7     9    11    12    13    14    14    14    14    13
         12    11     9     7     5     3     8    29    57    74    73    73    72    72    72    73   116   150   150   150
        150   150   150   150   150   150   150   150   150   150   150   150   150   150   150   150   150   150   150   150
        150   150   150   150   150   150   150   150   150   150   150   150   150   150   150   150
  26   1000   988   953   897   825   741   650   557   467   382   306   240   183   137    99    70    48    32    20    12
          6     3     1     0     0     0     0     1     1     1     1     0     0     0    -1    -2    -4    -5    -6    -7
         -8    -8    -7    -6    -5    -3    -1     1     3     5     7     9    11    12    13    14    14    14    13    12
         11     9     7     5     3     8    29    56    73    73    72    72    72    72    72   115   149   149   149   149
        149   149   149   149   149   149   149   149   149   149   149   149   149   149   149   149   149   149   149   149
        149   149   149   149   149   149   149   149   149   149   149   149   149   149   149
  27   1000   988   953   897   825   741   650   557   467   382   305   238   181   134    96    66    43    27    15     7
          2     0    -2    -3    -3    -3    -2    -2    -2    -2    -3    -3    -4    -6    -7    -9   -10   -12   -13   -13
        -13   -13   -12   -10    -7    -5    -2     0     2     5     7     9    11    12    13    13    13    13    12    10
          9     7     5     3     8    29    56    73    72    72    72    71    72    72   114   148   148   148   148   148
        148   148   148   148   148   148   148   148   148   148   148   148   148   148   148   148   148   148   148   148
        148   148   148   148   148   148   148   148   148   148   148   148   148   148
  28   1000   988   953   898   826   742   651   558   467   381   304   236   177   129    90    60    37    20     9     1
         -3    -6    -7    -7    -7    -7    -7    -7    -7    -8    -9   -10   -12   -13   -15   -17   -19   -20   -21   -21
        -20   -19   -16   -13   -10    -7    -3     0     2     5     7     9    10    12    12    12    12    11    10     9
          7     5     3     9    29    56    72    72    71    71    71    71    71   113   146   146   146   146   146   146
        146   146   146   146   146   146   146   146   146   146   146   146   146   146   146   146   146   146   146   146
        146   146   146   146   146   146   146   146   146   146   146   146   146
  29   1000   988   953   898   826   742   651   557   466   379   301   231   172   123    83    52    29    12     1    -5
        -10   -12   -13   -14   -14   -14   -14   -14   -15   -16   -17   -19   -21   -23   -26   -28   -29   -30   -30   -30
        -28   -25   -21   -17   -13    -9    -5    -1     1     4     7     9    10    11    11    11    11    10     9     7
          5     4     9    29    55    72    71    71    70    70    70    70   112   144   144   144   144   144   144   144
        144   144   144   144   144   144   144   144   144   144   144   144   144   144   144   144   144   144   144   144
        144   144   144   144   144   144   144   144   144   144   144   144
  30   1000   988   953   898   826   742   650   556   464   376   296   225   164   114    73    42    19     3    -7   -14
        -18   -20   -21   -21   -21   -22   -22   -23   -25   -26   -29   -31   -34   -37   -39   -41   -42   -42   -41   -39
        -35   -31   -26   -21   -16   -11    -6    -2     0     4     6     8     9    10    10    10     9     8     7     6
          4     9    28    55    71    70    70    70    69    69    69   110   141   141   141   141   141   141   141   141
        141   141   141   141   141   141   141   141   141   141   141   141   141   141   141   141   141   141   141   141
        141   141   141   141   141   141   141   141   141   141   141
  31   1000   988   953   898   826   741   649   554   460   371   289   216   154   102    62    30     8    -7   -18   -24
        -28   -30   -30   -31   -31   -32   -33   -35   -37   -40   -43   -47   -50   -53   -56   -57   -57   -56   -53   -48
        -43   -37   -31   -24   -18   -13    -8    -3     0     3     6     7     9     9     9     9     8     7     6     4
          9    28    54    70    69    69    69    68    68    68   107   138   138   138   138   138   138   138   138   138
        138   138   138   138   138   138   138   138   138   138   138   138   138   138   138   138   138   138   138   138
        138   138   138   138   138   138   138   138   138   138
  32   1000   988   953   898   825   740   647   550   454   363   279   204   141    89    47    17    -5   -20   -30   -36
        -39   -41   -42   -43   -44   -45   -48   -50   -54   -58   -62   -66   -70   -73   -75   -75   -73   -69   -64   -57
        -50   -42   -34   -27   -20   -14    -8    -4     0     3     5     7     8     8     8     8     7     6     5    10
         29    54    69    68    68    67    67    67    67   105   134   134   134   134   134   134   134   134   134   134
        134   134   134   134   134   134   134   134   134   134   134   134   134   134   134   134   134   134   134   134
        134   134   134   134   134   134   134   134   134
  33   1000   988   953   897   824   738   643   544   446   352   265   189   125    72    32     1   -19   -34   -43   -49
        -52   -54   -56   -57   -60   -62   -66   -70   -75   -80   -85   -89   -93   -95   -96   -93   -89   -82   -74   -65
        -56   -46   -37   -29   -21   -15    -9    -4     0     2     5     6     7     8     7     7     6     5    10    29
         53    67    67    67    66    66    65    65   101   129   129   129   129   129   129   129   129   129   129   129
        129   129   129   129   129   129   129   129   129   129   129   129   129   129   129   129   129   129   129   129
        129   129   129   129   129   129   129   129
  34   1000   988   953   897   822   734   637   535   434   338   249   172   107    54    14   -14   -35   -49   -58   -64
        -67   -70   -73   -75   -79   -83   -88   -94  -100  -106  -112  -116  -119  -119  -117  -111  -103   -93   -83   -71
        -60   -49   -39   -30   -22   -15    -9    -4     0     2     4     6     7     7     7     6     6    11    29    52
         66    66    65    65    64    64    63    98   124   124   124   124   124   124   124   124   124   124   124   124
        124   124   124   124   124   124   124   124   124   124   124   124   124   124   124   124   124   124   124   124
        124   124   124   124   124   124   124
  35   1000   988   952   895   819   729   629   524   420   321   230   152    87    35    -3   -32   -52   -65   -74   -80
        -85   -89   -93   -97  -103  -109  -116  -123  -130  -137  -143  -146  -146  -143  -136  -127  -115  -102   -89   -75
        -62   -50   -40   -30   -21   -14    -8    -3     0     2     5     6     7     7     7     7    12    29    51    65
         64    64    63    62    62    61    94   119   119   119   119   119   119   119   119   119   119   119   119   119
        119   119   119   119   119   119   119   119   119   119   119   119   119   119   119   119   119   119   119   119
        119   119   119   119   119   119
  36   1000   988   952   893   815   722   618   510   403   302   210   132    67    16   -21   -50   -69   -83   -93  -100
       -105  -111  -117  -124  -131  -139  -148  -157  -165  -171  -175  -175  -171  -164  -153  -139  -124  -108   -92   -77
        -63   -50   -39   -29   -20   -13    -7    -2     0     3     5     6     7     7     7    13    29    50    63    63
         62    61    61    60    59    90   113   113   113   113   113   113   113   113   113   113   113   113   113   113
        113   113   113   113   113   113   113   113   113   113   113   113   113   113   113   113   113   113   113   113
        113   113   113   113   113
  37   1000   988   950   890   809   713   606   494   384   281   190   111    47    -2   -40   -68   -88  -102  -113  -122
       -129  -137  -146  -155  -164  -175  -185  -194  -202  -206  -207  -202  -193  -180  -165  -147  -128  -110   -93   -76
        -61   -48   -36   -26   -18   -11    -5    -1     1     4     6     7     8     8    13    29    49    61    61    61
         60    59    58    57    86   107   107   107   107   107   107   107   107   107   107   107   107   107   107   107
        107   107   107   107   107   107   107   107   107   107   107   107   107   107   107   107   107   107   107   107
        107   107   107   107
  38   1000   987   949   886   802   702   592   477   366   262   169    92    28   -21   -58   -87  -108  -123  -136  -147
       -157  -168  -179  -190  -203  -214  -225  -234  -239  -239  -235  -224  -210  -191  -171  -150  -129  -109   -90   -73
        -58   -45   -33   -23   -15    -9    -3     0     3     5     7     8     9    14    29    49    60    60    59    58
         57    56    55    82   101   101   101   101   101   101   101   101   101   101   101   101   101   101   101   101
        101   101   101   101   101   101   101   101   101   101   101   101   101   101   101   101   101   101   101   101
        101   101   101
  39   1000   987   947   882   795   691   578   461   347   243   151    74    11   -38   -77  -106  -129  -147  -162  -176
       -189  -202  -216  -231  -244  -257  -266  -272  -273  -267  -256  -239  -219  -196  -172  -148  -126  -105   -85   -68
        -53   -40   -29   -19   -12    -6    -1     2     5     7     9    10    15    30    48    59    58    58    57    56
         54    54    78    95    95    95    95    95    95    95    95    95    95    95    95    95    95    95    95    95
         95    95    95    95    95    95    95    95    95    95    95    95    95    95    95    95    95    95    95    95
         95    95
  40   1000   986   945   877   787   680   564   445   331   227   135    58    -4   -55   -95  -126  -151  -172  -191  -208
       -224  -241  -258  -273  -287  -299  -305  -306  -300  -287  -269  -246  -220  -194  -167  -142  -119   -97   -78   -61
        -46   -34   -24   -15    -8    -3     1     4     7     9    11    16    30    47    57    57    56    55    54    53
         52    74    90    90    90    90    90    90    90    90    90    90    90    90    90    90    90    90    90    90
         90    90    90    90    90    90    90    90    90    90    90    90    90    90    90    90    90    90    90    90
         90
  41   1000   986   942   872   779   670   552   433   318   214   122    44   -19   -71  -114  -148  -176  -200  -222  -243
       -263  -282  -300  -316  -329  -337  -338  -331  -317  -297  -272  -244  -215  -186  -158  -132  -109   -87   -69   -53
        -39   -28   -18   -11    -4     0     4     7    10    12    17    31    47    56    56    55    54    53    51    50
         71    84    84    84    84    84    84    84    84    84    84    84    84    84    84    84    84    84    84    84
         84    84    84    84    84    84    84    84    84    84    84    84    84    84    84    84    84    84    84    84
  42   1000   985   940   868   773   662   543   423   309   204   112    33   -33   -87  -133  -170  -202  -231  -256  -280
       -303  -324  -342  -356  -365  -366  -359  -344  -323  -295  -265  -234  -202  -172  -145  -119   -96   -76   -59   -44
        -31   -21   -13    -6     0     3     7    10    12    18    31    46    55    55    54    53    52    50    49    68
         80    80    80    80    80    80    80    80    80    80    80    80    80    80    80    80    80    80    80    80
         80    80    80    80    80    80    80    80    80    80    80    80    80    80    80    80    80    80    80
  43   1000   984   938   864   768   656   537   417   302   197   104    23   -45  -103  -152  -194  -230  -262  -291  -318
       -342  -363  -379  -389  -391  -383  -368  -344  -316  -284  -250  -217  -185  -155  -128  -104   -82   -64   -48   -34
        -23   -14    -7    -1     3     7    10    13    19    31    46    55    54    54    52    51    49    48    65    76
         76    76    76    76    76    76    76    76    76    76    76    76    76    76    76    76    76    76    76    76
         76    76    76    76    76    76    76    76    76    76    76    76    76    76    76    76    76    76
  44   1000   984   937   862   765   653   534   414   299   193    97    14   -57  -119  -172  -218  -258  -294  -326  -354
       -377  -396  -407  -409  -402  -386  -362  -332  -298  -263  -228  -195  -164  -135  -110   -87   -68   -51   -37   -25
        -16    -8    -2     3     7    11    14    19    32    46    54    54    53    52    50    48    47    64    73    73
         73    73    73    73    73    73    73    73    73    73    73    73    73    73    73    73    73    73    73    73
         73    73    73    73    73    73    73    73    73    73    73    73    73    73    73    73    73
  45   1000   984   936   861   764   653   534   414   298   190    92     5   -69  -135  -192  -242  -285  -323  -357  -384
       -405  -418  -422  -415  -399  -374  -343  -308  -272  -236  -202  -170  -140  -114   -91   -70   -53   -39   -27   -17
         -9    -2     3     7    11    14    20    32    46    54    53    53    51    50    48    46    62    71    71    71
         71    71    71    71    71    71    71    71    71    71    71    71    71    71    71    71    71    71    71    71
         71    71    71    71    71    71    71    71    71    71    71    71    71    71    71    71
  46   1000   984   936   861   765   654   535   415   298   188    88    -2   -81  -151  -211  -264  -310  -349  -382  -406
       -421  -427  -421  -405  -380  -349  -314  -277  -241  -206  -173  -143  -116   -93   -72   -55   -40   -27   -17    -9
         -2     2     7    11    14    20    32    46    53    53    52    51    49    48    46    62    70    70    70    70
         70    70    70    70    70    70    70    70    70    70    70    70    70    70    70    70    70    70    70    70
         70    70    70    70    70    70    70    70    70    70    70    70    70    70    70
  47   1000   984   936   862   766   656   537   416   298   186    83    -9   -92  -166  -229  -284  -331  -369  -398  -417
       -424  -420  -405  -381  -350  -315  -279  -242  -207  -174  -144  -117   -93   -72   -55   -40   -28   -17    -9    -2
          2     7    11    14    20    32    46    53    53    52    51    49    48    46    61    70    70    70    70    70
         70    70    70    70    70    70    70    70    70    70    70    70    70    70    70    70    70    70    70    70
         70    70    70    70    70    70    70    70    70    70    70    70    70    70
  48   1000   984   937   863   768   659   540   418   298   184    78   -17  -103  -179  -245  -300  -346  -380  -404  -415
       -413  -400  -377  -347  -313  -276  -240  -205  -173  -143  -116   -92   -72   -54   -40   -27   -17    -9    -2     2
          7    11    14    20    32    46    54    53    52    51    49    48    46    62    70    70    70    70    70    70
         70    70    70    70    70    70    70    70    70    70    70    70    70    70    70    70    70    70    70    70
         70    70    70    70    70    70    70    70    70    70    70    70    70
  49   1000   984   938   865   771   661   542   419   298   181    73   -25  -113  -191  -257  -311  -353  -382  -398  -400
       -389  -368  -340  -307  -271  -236  -202  -170  -140  -114   -91   -71   -53   -39   -27   -17    -9    -2     3     7
         11    14    20    32    46    54    54    53    51    50    48    46    62    71    71    71    71    71    71    71
         71    71    71    71    71    71    71    71    71    71    71    71    71    71    71    71    71    71    71    71
         71    71    71    71    71    71    71    71    71    71    71    71
  50   1000   984   938   866   772   663   543   420   297   178    68   -32  -122  -200  -265  -316  -353  -374  -381  -374
       -356  -330  -299  -265  -230  -197  -166  -137  -111   -89   -69   -52   -38   -26   -16    -8    -2     3     7    11
         14    20    32    46    54    54    53    52    50    48    47    63    73    73    73    73    73    73    73    73
         73    73    73    73    73    73    73    73    73    73    73    73    73    73    73    73    73    73    73    73
         73    73    73    73    73    73    73    73    73    73    73
  51   1000   984   939   867   774   664   544   419   294   174    62   -39  -130  -206  -268  -314  -344  -357  -355  -341
       -318  -289  -257  -224  -192  -161  -133  -108   -86   -67   -50   -37   -25   -16    -8    -2     3     7    10    13
         19    32    46    54    54    53    52    50    49    47    64    74    74    74    74    74    74    74    74    74
         74    74    74    74    74    74    74    74    74    74    74    74    74    74    74    74    74    74    74    74
         74    74    74    74    74    74    74    74    74    74
  52   1000   985   939   868   774   664   543   417   291   170    56   -46  -135  -210  -267  -306  -328  -333  -324  -305
       -279  -249  -217  -186  -157  -130  -106   -84   -65   -49   -36   -24   -15    -8    -1     3     7    10    13    19
         31    46    54    54    53    52    51    49    47    65    76    76    76    76    76    76    76    76    76    76
         76    76    76    76    76    76    76    76    76    76    76    76    76    76    76    76    76    76    76    76
         76    76    76    76    76    76    76    76    76
  53   1000   985   940   868   774   664   542   415   287   164    50   -52  -140  -210  -261  -293  -306  -304  -290  -268
       -241  -211  -182  -153  -127  -103   -82   -64   -48   -35   -24   -15    -7    -1     3     7    10    13    18    31
         46    54    54    54    52    51    49    48    66    77    77    77    77    77    77    77    77    77    77    77
         77    77    77    77    77    77    77    77    77    77    77    77    77    77    77    77    77    77    77    77
         77    77    77    77    77    77    77    77
  54   1000   985   940   868   774   663   540   411   282   158    43   -58  -142  -207  -251  -275  -281  -274  -256  -233
       -206  -178  -151  -125  -102   -81   -63   -48   -34   -24   -15    -7    -1     2     6    10    12    18    31    46
         54    54    54    52    51    49    48    66    77    77    77    77    77    77    77    77    77    77    77    77
         77    77    77    77    77    77    77    77    77    77    77    77    77    77    77    77    77    77    77    77
         77    77    77    77    77    77    77
  55   1000   985   940   868   773   661   536   406   275   150    35   -63  -143  -201  -238  -255  -255  -244  -225  -201
       -175  -149  -124  -102   -81   -63   -48   -35   -24   -15    -8    -2     2     6     9    12    18    30    46    54
         54    53    52    51    49    48    66    78    78    78    78    78    78    78    78    78    78    78    78    78
         78    78    78    78    78    78    78    78    78    78    78    78    78    78    78    78    78    78    78    78
         78    78    78    78    78    78
  56   1000   985   939   867   771   657   531   398   266   140    26   -68  -142  -193  -222  -233  -229  -216  -196  -173
       -148  -125  -102   -82   -64   -49   -35   -25   -16    -8    -2     2     6     9    12    17    30    45    54    54
         53    52    51    49    48    66    77    77    77    77    77    77    77    77    77    77    77    77    77    77
         77    77    77    77    77    77    77    77    77    77    77    77    77    77    77    77    77    77    77    77
         77    77    77    77    77
  57   1000   985   939   866   768   652   524   389   255   129    18   -72  -139  -183  -205  -211  -205  -190  -170  -148
       -125  -104   -84   -66   -50   -37   -26   -17    -9    -3     1     5     9    11    17    30    45    53    53    52
         51    50    49    47    65    75    75    75    75    75    75    75    75    75    75    75    75    75    75    75
         75    75    75    75    75    75    75    75    75    75    75    75    75    75    75    75    75    75    75    75
         75    75    75    75
  58   1000   984   938   864   764   646   514   376   241   117    10   -73  -133  -170  -188  -190  -182  -166  -147  -126
       -106   -86   -68   -53   -39   -28   -18   -10    -4     0     5     8    11    17    29    44    52    52    52    51
         49    48    46    63    73    73    73    73    73    73    73    73    73    73    73    73    73    73    73    73
         73    73    73    73    73    73    73    73    73    73    73    73    73    73    73    73    73    73    73    73
         73    73    73
  59   1000   984   937   861   759   637   502   362   227   106     5   -72  -125  -156  -169  -169  -160  -145  -127  -108
        -89   -71   -55   -42   -30   -20   -12    -5     0     4     8    11    17    29    43    51    51    51    50    48
         47    45    61    70    70    70    70    70    70    70    70    70    70    70    70    70    70    70    70    70
         70    70    70    70    70    70    70    70    70    70    70    70    70    70    70    70    70    70    70    70
         70    70
  60   1000   984   936   857   752   626   488   347   214    97     3   -66  -113  -139  -150  -148  -139  -125  -108   -91
        -74   -58   -44   -32   -22   -14    -7    -1     3     7    10    16    28    42    50    50    49    48    47    46
         44    59    67    67    67    67    67    67    67    67    67    67    67    67    67    67    67    67    67    67
         67    67    67    67    67    67    67    67    67    67    67    67    67    67    67    67    67    67    67    67
         67
  61   1000   983   933   852   743   614   474   334   204    94     6   -56   -98  -121  -129  -127  -119  -106   -91   -75
        -60   -47   -35   -25   -16    -9    -3     2     6    10    16    28    41    48    48    48    47    46    44    43
         56    63    63    63    63    63    63    63    63    63    63    63    63    63    63    63    63    63    63    63
         63    63    63    63    63    63    63    63    63    63    63    63    63    63    63    63    63    63    63    63
  62   1000   983   931   846   733   602   461   324   200    96    16   -41   -79   -99  -107  -106   -99   -87   -75   -61
        -49   -37   -27   -18   -11    -4     0     5     9    15    27    39    46    47    47    46    44    43    41    53
         59    59    59    59    59    59    59    59    59    59    59    59    59    59    59    59    59    59    59    59
         59    59    59    59    59    59    59    59    59    59    59    59    59    59    59    59    59    59    59
  63   1000   982   928   840   725   592   454   321   204   107    33   -20   -55   -75   -84   -84   -79   -70   -59   -48
        -38   -28   -20   -12    -6     0     4     8    14    25    38    44    45    45    44    43    41    40    50    55
         55    55    55    55    55    55    55    55    55    55    55    55    55    55    55    55    55    55    55    55
         55    55    55    55    55    55    55    55    55    55    55    55    55    55    55    55    55    55
  64   1000   981   925   835   718   587   453   327   217   126    56     5   -28   -49   -59   -62   -59   -53   -45   -37
        -28   -21   -14    -7    -2     2     7    13    24    36    42    43    43    43    41    40    38    48    51    51
         51    51    51    51    51    51    51    51    51    51    51    51    51    51    51    51    51    51    51    51
         51    51    51    51    51    51    51    51    51    51    51    51    51    51    51    51    51
  65   1000   980   923   832   717   589   462   343   239   153    86    36     1   -21   -34   -39   -39   -37   -32   -26
        -20   -14    -8    -3     1     6    12    22    34    40    41    42    41    40    39    37    46    48    48    48
         48    48    48    48    48    48    48    48    48    48    48    48    48    48    48    48    48    48    48    48
         48    48    48    48    48    48    48    48    48    48    48    48    48    48    48    48
  66   1000   980   922   832   721   599   479   367   268   186   120    69    32     7    -8   -17   -21   -22   -20   -17
        -12    -8    -4     0     4    10    21    32    38    40    40    40    39    38    36    44    46    46    46    46
         46    46    46    46    46    46    46    46    46    46    46    46    46    46    46    46    46    46    46    46
         46    46    46    46    46    46    46    46    46    46    46    46    46    46    46
  67   1000   980   923   836   731   616   503   397   303   222   156   103    64    35    14     2    -5    -9   -10    -9
         -6    -3     0     3     9    19    30    37    38    39    39    38    37    35    44    45    45    45    45    45
         45    45    45    45    45    45    45    45    45    45    45    45    45    45    45    45    45    45    45    45
         45    45    45    45    45    45    45    45    45    45    45    45    45    45
  68   1000   981   926   844   745   638   531   430   338   258   191   136    93    60    36    19     8     1    -1    -2
         -2     0     2     7    17    28    35    37    37    38    37    36    35    44    46    46    46    46    46    46
         46    46    46    46    46    46    46    46    46    46    46    46    46    46    46    46    46    46    46    46
         46    46    46    46    46    46    46    46    46    46    46    46    46
  69   1000   982   930   854   762   662   560   462   372   292   222   165   118    81    53    33    19    10     4     1
          0     1     5    15    26    34    35    36    37    37    36    35    45    49    49    49    49    49    49    49
         49    49    49    49    49    49    49    49    49    49    49    49    49    49    49    49    49    49    49    49
         49    49    49    49    49    49    49    49    49    49    49    49
  70   1000   983   935   865   779   684   586   491   401   320   248   188   138    98    67    44    27    16     8     4
          2     5    13    25    33    35    36    36    36    36    36    47    53    53    53    53    53    53    53    53
         53    53    53    53    53    53    53    53    53    53    53    53    53    53    53    53    53    53    53    53
         53    53    53    53    53    53    53    53    53    53    53
  71   1000   984   940   874   793   703   608   514   424   342   269   206   153   110    77    51    32    19    10     5
          5    13    25    33    34    35    36    37    37    36    50    58    58    58    58    58    58    58    58    58
         58    58    58    58    58    58    58    58    58    58    58    58    58    58    58    58    58    58    58    58
         58    58    58    58    58    58    58    58    58    58
  72   1000   985   944   883   805   717   625   531   441   358   283   218   163   118    82    55    35    20    10     7
         14    25    33    34    35    36    37    37    37    54    65    65    65    65    65    65    65    65    65    65
         65    65    65    65    65    65    65    65    65    65    65    65    65    65    65    65    65    65    65    65
         65    65    65    65    65    65    65    65    65
  73   1000   986   948   889   814   728   637   543   453   368   292   225   169   122    85    56    35    19    12    16
         27    35    35    36    37    37    38    39    58    71    71    71    71    71    71    71    71    71    71    71
         71    71    71    71    71    71    71    71    71    71    71    71    71    71    71    71    71    71    71    71
         71    71    71    71    71    71    71    71
  74   1000   987   950   893   820   735   644   551   460   375   297   229   171   123    85    55    32    20    21    30
         36    36    36    37    38    39    40    62    78    78    78    78    78    78    78    78    78    78    78    78
         78    78    78    78    78    78    78    78    78    78    78    78    78    78    78    78    78    78    78    78
         78    78    78    78    78    78    78
  75   1000   988   952   896   824   740   649   556   464   378   299   230   171   122    82    51    32    28    35    39
         37    37    37    38    39    40    66    85    85    85    85    85    85    85    85    85    85    85    85    85
         85    85    85    85    85    85    85    85    85    85    85    85    85    85    85    85    85    85    85    85
         85    85    85    85    85    85
  76   1000   988   953   898   826   742   651   558   465   378   299   229   168   118    77    50    40    42    44    39
         37    37    38    39    41    69    92    92    92    92    92    92    92    92    92    92    92    92    92    92
         92    92    92    92    92    92    92    92    92    92    92    92    92    92    92    92    92    92    92    92
         92    92    92    92    92
  77   1000   988   953   899   827   743   652   558   465   377   296   224   163   111    74    56    52    50    42    38
         37    37    39    41    72    97    97    97    97    97    97    97    97    97    97    97    97    97    97    97
         97    97    97    97    97    97    97    97    97    97    97    97    97    97    97    97    97    97    97    97
         97    97    97    97
  78   1000   988   954   899   827   743   652   557   463   373   291   218   154   106    79    66    58    46    39    37
         36    37    39    73   102   102   102   102   102   102   102   102   102   102   102   102   102   102   102   102
        102   102   102   102   102   102   102   102   102   102   102   102   102   102   102   102   102   102   102   102
        102   102   102
  79   1000   988   954   899   827   743   650   554   459   368   283   208   148   108    86    69    52    41    36    35
         35    37    73   105   105   105   105   105   105   105   105   105   105   105   105   105   105   105   105   105
        105   105   105   105   105   105   105   105   105   105   105   105   105   105   105   105   105   105   105   105
        105   105
  80   1000   988   954   899   827   741   648   550   452   359   272   199   147   111    85    61    45    36    33    32
         34    71   107   107   107   107   107   107   107   107   107   107   107   107   107   107   107   107   107   107
        107   107   107   107   107   107   107   107   107   107   107   107   107   107   107   107   107   107   107   107
        107
  81   1000   988   954   898   825   739   643   543   443   346   261   195   145   106    73    51    38    31    29    30
         68   107   107   107   107   107   107   107   107   107   107   107   107   107   107   107   107   107   107   107
        107   107   107   107   107   107   107   107   107   107   107   107   107   107   107   107   107   107   107   107
  82   1000   988   953   897   823   735   637   533   429   333   253   187   134    91    60    41    30    26    25    64
        104   104   104   104   104   104   104   104   104   104   104   104   104   104   104   104   104   104   104   104
        104   104   104   104   104   104   104   104   104   104   104   104   104   104   104   104   104   104   104
  83   1000   988   953   896   820   729   627   519   415   322   238   169   115    75    48    32    24    21    58   100
        100   100   100   100   100   100   100   100   100   100   100   100   100   100   100   100   100   100   100   100
        100   100   100   100   100   100   100   100   100   100   100   100   100   100   100   100   100   100
  84   1000   988   952   893   815   720   614   505   401   300   214   148    97    61    37    24    18    51    93    93
         93    93    93    93    93    93    93    93    93    93    93    93    93    93    93    93    93    93    93    93
         93    93    93    93    93    93    93    93    93    93    93    93    93    93    93    93    93
  85   1000   988   950   890   808   708   600   488   371   269   191   127    80    48    28    17    44    84    84    84
         84    84    84    84    84    84    84    84    84    84    84    84    84    84    84    84    84    84    84    84
         84    84    84    84    84    84    84    84    84    84    84    84    84    84    84    84
  86   1000   987   948   885   798   696   581   452   335   244   169   110    67    38    21    39    73    73    73    73
         73    73    73    73    73    73    73    73    73    73    73    73    73    73    73    73    73    73    73    73
         73    73    73    73    73    73    73    73    73    73    73    73    73    73    73
  87   1000   987   946   878   789   676   539   409   310   223   152    97    58    33    38    60    60    60    60    60
         60    60    60    60    60    60    60    60    60    60    60    60    60    60    60    60    60    60    60    60
         60    60    60    60    60    60    60    60    60    60    60    60    60    60
  88   1000   986   942   872   769   630   492   387   290   207   140    90    54    42    47    47    47    47    47    47
         47    47    47    47    47    47    47    47    47    47    47    47    47    47    47    47    47    47    47    47
         47    47    47    47    47    47    47    47    47    47    47    47    47
  89   1000   985   939   854   719   580   473   370   278   199   137    89    54    32    32    32    32    32    32    32
         32    32    32    32    32    32    32    32    32    32    32    32    32    32    32    32    32    32    32    32
         32    32    32    32    32    32    32    32    32    32    32    32
  90   1000   983   922   801   666   565   461   362   274   200   141    77    18    18    18    18    18    18    18    18
         18    18    18    18    18    18    18    18    18    18    18    18    18    18    18    18    18    18    18    18
         18    18    18    18    18    18    18    18    18    18    18
  91   1000   974   883   767   679   580   480   386   302   231   148    51    51    51    51    51    51    51    51    51
         51    51    51    51    51    51    51    51    51    51    51    51    51    51    51    51    51    51    51    51
         51    51    51    51    51    51    51    51    51    51
  92   1000   965   889   821   736   643   549   460   382   307   187   187   187   187   187   187   187   187   187   187
        187   187   187   187   187   187   187   187   187   187   187   187   187   187   187   187   187   187   187   187
        187   187   187   187   187   187   187   187   187
  93   1000   978   937   874   796   713   629   549   504   373   373   373   373   373   373   373   373   373   373   373
        373   373   373   373   373   373   373   373   373   373   373   373   373   373   373   373   373   373   373   373
        373   373   373   373   373   373   373   373
  94   1000   987   949   893   824   750   675   643   487   487   487   487   487   487   487   487   487   487   487   487
        487   487   487   487   487   487   487   487   487   487   487   487   487   487   487   487   487   487   487   487
        487   487   487   487   487   487   487
  95   1000   987   952   899   835   765   707   484   484   484   484   484   484   484   484   484   484   484   484   484
        484   484   484   484   484   484   484   484   484   484   484   484   484   484   484   484   484   484   484   484
        484   484   484   484   484   484
  96   1000   988   955   906   846   768   481   481   481   481   481   481   481   481   481   481   481   481   481   481
        481   481   481   481   481   481   481   481   481   481   481   481   481   481   481   481   481   481   481   481
        481   481   481   481   481
  97   1000   989   958   912   823   479   479   479   479   479   479   479   479   479   479   479   479   479   479   479
        479   479   479   479   479   479   479   479   479   479   479   479   479   479   479   479   479   479   479   479
        479   479   479   479
  98   1000   990   961   868   478   478   478   478   478   478   478   478   478   478   478   478   478   478   478   478
        478   478   478   478   478   478   478   478   478   478   478   478   478   478   478   478   478   478   478   478
        478   478   478
  99   1000   990   902   479   479   479   479   479   479   479   479   479   479   479   479   479   479   479   479   479
        479   479   479   479   479   479   479   479   479   479   479   479   479   479   479   479   479   479   479   479
        479   479
 100   1000   923   481   481   481   481   481   481   481   481   481   481   481   481   481   481   481   481   481   481
        481   481   481   481   481   481   481   481   481   481   481   481   481   481   481   481   481   481   481   481
        481
 101   1000   770   770   770   770   770   770   770   770   770   770   770   770   770   770   770   770   770   770   770
        770   770   770   770   770   770   770   770   770   770   770   770   770   770   770   770   770   770   770   770
 102   1000  1000  1000  1000  1000  1000  1000  1000  1000  1000  1000  1000  1000  1000  1000  1000  1000  1000  1000  1000
       1000  1000  1000  1000  1000  1000  1000  1000  1000  1000  1000  1000  1000  1000  1000  1000  1000  1000  1000
 103   1000  1000  1000  1000  1000  1000  1000  1000  1000  1000  1000  1000  1000  1000  1000  1000  1000  1000  1000  1000
       1000  1000  1000  1000  1000  1000  1000  1000  1000  1000  1000  1000  1000  1000  1000  1000  1000  1000
 104   1000  1000  1000  1000  1000  1000  1000  1000  1000  1000  1000  1000  1000  1000  1000  1000  1000  1000  1000  1000
       1000  1000  1000  1000  1000  1000  1000  1000  1000  1000  1000  1000  1000  1000  1000  1000  1000
 105   1000  1000  1000  1000  1000  1000  1000  1000  1000  1000  1000  1000  1000  1000  1000  1000  1000  1000  1000  1000
       1000  1000  1000  1000  1000  1000  1000  1000  1000  1000  1000  1000  1000  1000  1000  1000
 106   1000  1000  1000  1000  1000  1000  1000  1000  1000  1000  1000  1000  1000  1000  1000  1000  1000  1000  1000  1000
       1000  1000  1000  1000  1000  1000  1000  1000  1000  1000  1000  1000  1000  1000  1000
 107   1000  1000  1000  1000  1000  1000  1000  1000  1000  1000  1000  1000  1000  1000  1000  1000  1000  1000  1000  1000
       1000  1000  1000  1000  1000  1000  1000  1000  1000  1000  1000  1000  1000  1000
 108   1000  1000  1000  1000  1000  1000  1000  1000  1000  1000  1000  1000  1000  1000  1000  1000  1000  1000  1000  1000
       1000  1000  1000  1000  1000  1000  1000  1000  1000  1000  1000  1000  1000
 109   1000  1000  1000  1000  1000  1000  1000  1000  1000  1000  1000  1000  1000  1000  1000  1000  1000  1000  1000  1000
       1000  1000  1000  1000  1000  1000  1000  1000  1000  1000  1000  1000
 110   1000  1000  1000  1000  1000  1000  1000  1000  1000  1000  1000  1000  1000  1000  1000  1000  1000  1000  1000  1000
       1000  1000  1000  1000  1000  1000  1000  1000  1000  1000  1000
 111   1000  1000  1000  1000  1000  1000  1000  1000  1000  1000  1000  1000  1000  1000  1000  1000  1000  1000  1000  1000
       1000  1000  1000  1000  1000  1000  1000  1000  1000  1000
 112   1000  1000  1000  1000  1000  1000  1000  1000  1000  1000  1000  1000  1000  1000  1000  1000  1000  1000  1000  1000
       1000  1000  1000  1000  1000  1000  1000  1000  1000
 113   1000  1000  1000  1000  1000  1000  1000  1000  1000  1000  1000  1000  1000  1000  1000  1000  1000  1000  1000  1000
       1000  1000  1000  1000  1000  1000  1000  1000
 114   1000  1000  1000  1000  1000  1000  1000  1000  1000  1000  1000  1000  1000  1000  1000  1000  1000  1000  1000  1000
       1000  1000  1000  1000  1000  1000  1000
 115   1000  1000  1000  1000  1000  1000  1000  1000  1000  1000  1000  1000  1000  1000  1000  1000  1000  1000  1000  1000
       1000  1000  1000  1000  1000  1000
 116   1000  1000  1000  1000  1000  1000  1000  1000  1000  1000  1000  1000  1000  1000  1000  1000  1000  1000  1000  1000
       1000  1000  1000  1000  1000
 117   1000  1000  1000  1000  1000  1000  1000  1000  1000  1000  1000  1000  1000  1000  1000  1000  1000  1000  1000  1000
       1000  1000  1000  1000
 118   1000  1000  1000  1000  1000  1000  1000  1000  1000  1000  1000  1000  1000  1000  1000  1000  1000  1000  1000  1000
       1000  1000  1000
 119   1000  1000  1000  1000  1000  1000  1000  1000  1000  1000  1000  1000  1000  1000  1000  1000  1000  1000  1000  1000
       1000  1000
 120   1000  1000  1000  1000  1000  1000  1000  1000  1000  1000  1000  1000  1000  1000  1000  1000  1000  1000  1000  1000
       1000
 121   1000  1000  1000  1000  1000  1000  1000  1000  1000  1000  1000  1000  1000  1000  1000  1000  1000  1000  1000  1000
 122   1000  1000  1000  1000  1000  1000  1000  1000  1000  1000  1000  1000  1000  1000  1000  1000  1000  1000  1000
 123   1000  1000  1000  1000  1000  1000  1000  1000  1000  1000  1000  1000  1000  1000  1000  1000  1000  1000
 124   1000  1000  1000  1000  1000  1000  1000  1000  1000  1000  1000  1000  1000  1000  1000  1000  1000
 125   1000  1000  1000  1000  1000  1000  1000  1000  1000  1000  1000  1000  1000  1000  1000  1000
 126   1000  1000  1000  1000  1000  1000  1000  1000  1000  1000  1000  1000  1000  1000  1000
 127   1000  1000  1000  1000  1000  1000  1000  1000  1000  1000  1000  1000  1000  1000
 128   1000  1000  1000  1000  1000  1000  1000  1000  1000  1000  1000  1000  1000
 129   1000  1000  1000  1000  1000  1000  1000  1000  1000  1000  1000  1000
 130   1000  1000  1000  1000  1000  1000  1000  1000  1000  1000  1000
 131   1000  1000  1000  1000  1000  1000  1000  1000  1000  1000
 132   1000  1000  1000  1000  1000  1000  1000  1000  1000
 133   1000  1000  1000  1000  1000  1000  1000  1000
 134   1000  1000  1000  1000  1000  1000  1000
 135   1000  1000  1000  1000  1000  1000
 136   1000  1000  1000  1000  1000
 137   1000  1000  1000  1000
 138   1000  1000  1000
 139   1000  1000
 140   1000

 Finished!
