NIF_RUN Passive 18x snout on TANDM 90-348 Pinhole
  140    5    1    0    1
   0.00500   9.00000   0.03000   0.03000
   0.0000000   0   0 1.00000000E+00   1.0000000
ZR902    1.706E-12 0.010       0.00       0.00        (    )
IN115N   4.881E-13 0.007       0.00       0.00        (    )
AU197G   8.079E-14 0.010       0.00 AUNG  3.94 IFX    (ISTP)
IN115G   1.161E-13 0.020       0.00 INNG 39.37 IFX    (ISTP)
AU1972   1.218E-11 0.053       0.00       0.00        (    )
Flux Uncertainty
 140
 0.0000E+00 0.0000E+00 0.0000E+00 0.0000E+00 0.0000E+00 0.0000E+00 0.0000E+00
 0.0000E+00 0.0000E+00 0.0000E+00 0.0000E+00 0.0000E+00 0.0000E+00 0.0000E+00
 9.9860E-01 9.9840E-01 9.9830E-01 9.9810E-01 9.9790E-01 9.9770E-01 9.9720E-01
 9.9660E-01 9.9570E-01 9.9400E-01 9.9150E-01 9.8730E-01 9.8070E-01 9.7060E-01
 9.5550E-01 9.3350E-01 9.0280E-01 8.6120E-01 8.0720E-01 7.3940E-01 6.5710E-01
 5.6030E-01 4.4830E-01 3.1710E-01 1.3590E-01 2.0450E-01 2.8190E-01 3.0860E-01
 3.0200E-01 2.6480E-01 1.8830E-01 9.3500E-02 2.4020E-01 3.2630E-01 3.8770E-01
 4.3060E-01 4.5720E-01 4.6890E-01 4.6730E-01 4.5390E-01 4.3030E-01 3.9890E-01
 3.6200E-01 3.2220E-01 2.8190E-01 2.4290E-01 2.0680E-01 1.7350E-01 1.4150E-01
 1.0810E-01 7.2100E-02 3.6000E-02 1.3000E-02 1.3300E-02 2.9500E-02 3.0900E-02
 7.9500E-02 1.7740E-01 2.9180E-01 4.1500E-01 5.3700E-01 6.4880E-01 7.4360E-01
 8.1750E-01 8.6880E-01 8.9710E-01 9.0270E-01 8.8610E-01 8.4680E-01 7.8480E-01
 7.0080E-01 5.9730E-01 4.7960E-01 3.5640E-01 2.3840E-01 1.3730E-01 6.5900E-02
 3.7200E-02 3.5300E-02 3.1300E-02 3.0600E-02 0.0000E+00 0.0000E+00 0.0000E+00
 0.0000E+00 0.0000E+00 0.0000E+00 0.0000E+00 0.0000E+00 0.0000E+00 0.0000E+00
 0.0000E+00 0.0000E+00 0.0000E+00 0.0000E+00 0.0000E+00 0.0000E+00 0.0000E+00
 0.0000E+00 0.0000E+00 0.0000E+00 0.0000E+00 0.0000E+00 0.0000E+00 0.0000E+00
 0.0000E+00 0.0000E+00 0.0000E+00 0.0000E+00 0.0000E+00 0.0000E+00 0.0000E+00
 0.0000E+00 0.0000E+00 0.0000E+00 0.0000E+00 0.0000E+00 0.0000E+00 0.0000E+00
 0.0000E+00 0.0000E+00 0.0000E+00 0.0000E+00 0.0000E+00 0.0000E+00 0.0000E+00
Input Flux Spectrum
 140   1 1.000E+00 2.000E+01 5.000E-08
 0.0000E+00 0.0000E+00 0.0000E+00 0.0000E+00 0.0000E+00 0.0000E+00 0.0000E+00
 0.0000E+00 0.0000E+00 0.0000E+00 0.0000E+00 0.0000E+00 0.0000E+00 0.0000E+00
 1.2856E+05 1.3888E+05 1.4497E+05 1.2736E+05 5.1661E+05 7.2689E+05 7.5981E+05
 6.8770E+05 5.7310E+05 4.5738E+05 3.6197E+05 2.9334E+05 2.5187E+05 2.3654E+05
 2.5020E+05 3.0516E+05 6.3263E+05 1.5956E+06 3.2058E+06 6.1848E+06 1.2027E+07
 4.3520E+07 1.0788E+08 1.8127E+08 2.6248E+08 3.5085E+08 4.4478E+08 5.4099E+08
 6.3294E+08 7.1276E+08 7.7064E+08 8.0028E+08 7.9945E+08 7.7259E+08 7.2889E+08
 6.8006E+08 6.3829E+08 6.1498E+08 6.2160E+08 6.7353E+08 7.9695E+08 1.0422E+09
 1.5106E+09 2.4072E+09 4.1364E+09 7.4504E+09 1.3582E+10 2.4162E+10 4.0427E+10
 6.1385E+10 8.2446E+10 9.6396E+10 9.6456E+10 8.1696E+10 5.8920E+10 3.6231E+10
 1.9140E+10 8.7004E+09 3.3176E+09 9.2754E+08 4.2822E+07 2.0491E+06 5.4744E+04
 2.5952E+03 1.6264E+02 2.1054E+01 6.8132E+00 5.8336E+00 1.6142E+01 1.6801E+02
 7.0875E+03 1.6871E+06 1.6440E+07 1.1903E+08 8.9672E+08 1.3462E+10 1.6117E+11
 5.8747E+11 1.1593E+12 1.4678E+12 1.2950E+12 0.0000E+00 0.0000E+00 0.0000E+00
 0.0000E+00 0.0000E+00 0.0000E+00 0.0000E+00 0.0000E+00 0.0000E+00 0.0000E+00
 0.0000E+00 0.0000E+00 0.0000E+00 0.0000E+00 0.0000E+00 0.0000E+00 0.0000E+00
 0.0000E+00 0.0000E+00 0.0000E+00 0.0000E+00 0.0000E+00 0.0000E+00 0.0000E+00
 0.0000E+00 0.0000E+00 0.0000E+00 0.0000E+00 0.0000E+00 0.0000E+00 0.0000E+00
 0.0000E+00 0.0000E+00 0.0000E+00 0.0000E+00 0.0000E+00 0.0000E+00 0.0000E+00
 0.0000E+00 0.0000E+00 0.0000E+00 0.0000E+00 0.0000E+00 0.0000E+00 0.0000E+00
   10   13   28   11    8    5    8    7   10   40



                         ==============================
                               STAYSL PNNL OUTPUT
                         ==============================

 STAYSL PNNL, version 1.2.0, 2015-08-05


 SCENARIO TITLE: NIF_RUN Passive 18x snout on TANDM 90-348 Pinhole
 -------------------------------------------------------------------------------
  NGROUP =   140    NRXN =     5    ACTIVITY NORM = 1.00000E+00

  COVARIANCE PARAMETERS (FCHN, FCVX, ACVX, FS)
    FLUXES:      WIDTH =  9.0000E+00   LONG RANGE COVAR. =  3.0000E-02
            ACTIVITIES =  5.0000E-03   X-SECT CROSS COR. =  3.0000E-02

    DETERM =   6.9489 × 10^  -4.00      ERROR =  -2.8244E-14

  INPUT NORMALIZATION DATA
    AK1   =     0.00000     VAK        =     0.00090
    NORML =           0     RENORM     = 9.95501E-01
    CHI²  =    26.27061     NORM. CHI² =     6.56765

  DOSIMETRY ACTIVITIES
     ———— INPUTS —————  -UNADJUSTED FLUX-  — ADJUSTED FLUX —    CHI²  90% ACTIVITIES RANGE
 RXN  MEASURED     ±%   ACTIVITY    %DIFF  ACTIVITY    %DIFF  CONTRIB --LOW E-- --HIGH E--   REACTION          CVR
  1  1.706E-12    1.00  1.646E-12   -3.50  1.647E-12   -3.47   -1.687  1.20E+01  1.40E+01  ZR90(N,2N)ZR89          
  2  4.881E-13    0.70  4.994E-13    2.32  4.998E-13    2.39    0.779  1.00E+01  1.40E+01  IN115(N,N')IN115M       
  3  8.079E-14    1.00  8.026E-14   -0.66  8.063E-14   -0.20   -0.006  1.20E-02  1.20E+01  AU197(N,G)AU198         
  4  1.161E-13    2.00  1.154E-13   -0.59  1.159E-13   -0.19    0.017  5.25E-02  1.20E+00  IN115(N,G)IN116M        
  5  1.218E-11    5.30  9.080E-12  -25.45  9.084E-12  -25.42   27.168  1.10E+01  1.40E+01  AU197(N,2N)AU196        

             % STD. DEV.  =         12.91              12.88

                              CHECK INPUT, IT IS RATHER UNLIKELY !
                                   *** BEWARE OF OUTPUT ! ***


  DIFFERENTIAL FLUXES (input is normalized by a factor of 9.9550E-01)
                  —————— DIFFERENTIAL FLUX —————   ———— STD. DEV. % ————   INTEGRAL
 GRP    ENERGY        NEW         OLD      RATIO    NEW     OLD    RATIO   FLUX > E     ± %
  15  2.8000E-06  8.8253E+10  8.8263E+10   1.000  100.00   99.86   1.001  5.3177E+12    3.24
  16  4.2500E-06  6.7432E+10  6.7442E+10   1.000  100.00   99.84   1.002  5.3177E+12    3.24
  17  6.3000E-06  4.9758E+10  4.9765E+10   1.000  100.00   99.83   1.002  5.3177E+12    3.24
  18  9.2000E-06  2.9482E+10  2.9485E+10   1.000   99.99   99.81   1.002  5.3177E+12    3.24
  19  1.3500E-05  6.8565E+10  6.8571E+10   1.000   99.98   99.79   1.002  5.3177E+12    3.24
  20  2.1000E-05  8.0399E+10  8.0402E+10   1.000   99.97   99.77   1.002  5.3177E+12    3.24
  21  3.0000E-05  5.0428E+10  5.0426E+10   1.000   99.92   99.72   1.002  5.3177E+12    3.24
  22  4.5000E-05  2.8529E+10  2.8525E+10   1.000   99.88   99.66   1.002  5.3177E+12    3.24
  23  6.9000E-05  1.8409E+10  1.8404E+10   1.000   99.81   99.57   1.002  5.3177E+12    3.24
  24  1.0000E-04  1.3015E+10  1.3009E+10   1.000   99.67   99.40   1.003  5.3177E+12    3.24
  25  1.3500E-04  1.0302E+10  1.0295E+10   1.001   99.47   99.15   1.003  5.3177E+12    3.24
  26  1.7000E-04  5.8457E+09  5.8404E+09   1.001   99.13   98.73   1.004  5.3177E+12    3.24
  27  2.2000E-04  4.1842E+09  4.1789E+09   1.001   98.57   98.07   1.005  5.3177E+12    3.24
  28  2.8000E-04  2.9484E+09  2.9434E+09   1.002   97.71   97.06   1.007  5.3177E+12    3.24
  29  3.6000E-04  2.7735E+09  2.7675E+09   1.002   96.39   95.55   1.009  5.3177E+12    3.24
  30  4.5000E-04  2.4370E+09  2.4303E+09   1.003   94.43   93.36   1.011  5.3177E+12    3.24
  31  5.7500E-04  3.4159E+09  3.4042E+09   1.003   91.64   90.29   1.015  5.3177E+12    3.24
  32  7.6000E-04  7.9748E+09  7.9421E+09   1.004   87.78   86.13   1.019  5.3177E+12    3.24
  33  9.6000E-04  1.0180E+10  1.0131E+10   1.005   82.68   80.74   1.024  5.3177E+12    3.24
  34  1.2750E-03  1.9046E+10  1.8945E+10   1.005   76.14   73.97   1.029  5.3177E+12    3.24
  35  1.6000E-03  3.0103E+10  2.9932E+10   1.006   68.03   65.75   1.035  5.3177E+12    3.24
  36  2.0000E-03  6.2248E+10  6.1892E+10   1.006   58.32   56.09   1.040  5.3177E+12    3.24
  37  2.7000E-03  1.5425E+11  1.5342E+11   1.005   46.88   44.91   1.044  5.3176E+12    3.24
  38  3.4000E-03  1.6479E+11  1.6405E+11   1.004   33.30   31.84   1.046  5.3175E+12    3.24
  39  4.5000E-03  2.6195E+11  2.6130E+11   1.002   14.40   13.91   1.035  5.3173E+12    3.24
  40  5.5000E-03  2.0622E+11  2.0545E+11   1.004   21.59   20.66   1.045  5.3171E+12    3.24
  41  7.2000E-03  2.2256E+11  2.2139E+11   1.005   29.74   28.34   1.049  5.3167E+12    3.24
  42  9.2000E-03  1.9352E+11  1.9234E+11   1.006   32.52   30.99   1.049  5.3163E+12    3.24
  43  1.2000E-02  2.1137E+11  2.1003E+11   1.006   31.76   30.34   1.047  5.3157E+12    3.24
  44  1.5000E-02  1.7844E+11  1.7739E+11   1.006   27.78   26.64   1.043  5.3151E+12    3.24
  45  1.9000E-02  1.1857E+11  1.1803E+11   1.005   19.70   19.06   1.034  5.3144E+12    3.24
  46  2.5500E-02  1.2290E+11  1.2257E+11   1.003    9.90    9.82   1.008  5.3136E+12    3.24
  47  3.2000E-02  1.0010E+11  9.9482E+10   1.006   24.94   24.20   1.031  5.3128E+12    3.24
  48  4.0000E-02  6.2056E+10  6.1529E+10   1.009   33.78   32.75   1.031  5.3120E+12    3.24
  49  5.2500E-02  5.4319E+10  5.3749E+10   1.011   40.01   38.87   1.029  5.3113E+12    3.24
  50  6.6000E-02  3.1156E+10  3.0773E+10   1.012   44.28   43.15   1.026  5.3105E+12    3.24
  51  8.8000E-02  2.9292E+10  2.8883E+10   1.014   46.79   45.80   1.022  5.3098E+12    3.24
  52  1.1000E-01  2.4874E+10  2.4489E+10   1.016   47.69   46.96   1.015  5.3092E+12    3.24
  53  1.3500E-01  2.5177E+10  2.4752E+10   1.017   47.09   46.81   1.006  5.3086E+12    3.24
  54  1.6000E-01  2.2759E+10  2.2350E+10   1.018   45.15   45.47   0.993  5.3079E+12    3.24
  55  1.9000E-01  2.6951E+10  2.6445E+10   1.019   42.02   43.12   0.975  5.3073E+12    3.24
  56  2.2000E-01  3.0220E+10  2.9643E+10   1.019   37.97   39.98   0.950  5.3064E+12    3.24
  57  2.5500E-01  4.3793E+10  4.2966E+10   1.019   33.30   36.31   0.917  5.3054E+12    3.24
  58  2.9000E-01  8.1356E+10  7.9879E+10   1.018   28.35   32.34   0.876  5.3039E+12    3.24
  59  3.2000E-01  1.0472E+11  1.0294E+11   1.017   23.47   28.34   0.828  5.3014E+12    3.24
  60  3.6000E-01  1.8831E+11  1.8542E+11   1.016   18.93   24.46   0.774  5.2972E+12    3.25
  61  4.0000E-01  2.7412E+11  2.7042E+11   1.014   14.96   20.89   0.716  5.2897E+12    3.25
  62  4.5000E-01  4.8664E+11  4.8107E+11   1.012   11.63   17.60   0.661  5.2760E+12    3.26
  63  5.0000E-01  8.1245E+11  8.0490E+11   1.009    8.85   14.46   0.612  5.2517E+12    3.27
  64  5.5000E-01  1.2307E+12  1.2222E+12   1.007    6.44   11.21   0.574  5.2110E+12    3.30
  65  6.0000E-01  1.3741E+12  1.3679E+12   1.005    4.30    7.81   0.551  5.1495E+12    3.33
  66  6.6000E-01  1.6032E+12  1.5994E+12   1.002    2.73    4.68   0.583  5.0671E+12    3.37
  67  7.2000E-01  1.6023E+12  1.6004E+12   1.001    2.47    3.27   0.756  4.9709E+12    3.41
  68  7.8000E-01  1.3569E+12  1.3555E+12   1.001    2.52    3.28   0.767  4.8747E+12    3.45
  69  8.4000E-01  7.3421E+11  7.3319E+11   1.001    2.98    4.21   0.709  4.7933E+12    3.48
  70  9.2000E-01  4.5139E+11  4.5085E+11   1.001    3.21    4.31   0.746  4.7346E+12    3.50
  71  1.0000E+00  9.5411E+10  9.5269E+10   1.001    7.01    8.49   0.825  4.6985E+12    3.52
  72  1.2000E+00  4.3366E+10  4.3306E+10   1.001   16.21   17.98   0.902  4.6794E+12    3.53
  73  1.4000E+00  1.6518E+10  1.6513E+10   1.000   27.62   29.32   0.942  4.6707E+12    3.54
  74  1.6000E+00  4.6091E+09  4.6168E+09   0.998   40.23   41.59   0.967  4.6674E+12    3.54
  75  1.8000E+00  2.1230E+08  2.1315E+08   0.996   52.88   53.76   0.984  4.6665E+12    3.55
  76  2.0000E+00  6.7579E+06  6.7996E+06   0.994   64.52   64.92   0.994  4.6664E+12    3.55
  77  2.3000E+00  1.8027E+05  1.8166E+05   0.992   74.37   74.39   1.000  4.6664E+12    3.55
  78  2.6000E+00  8.5411E+03  8.6117E+03   0.992   82.00   81.77   1.003  4.6664E+12    3.55
  79  2.9000E+00  4.0165E+02  4.0477E+02   0.992   87.22   86.89   1.004  4.6664E+12    3.55
  80  3.3000E+00  5.2072E+01  5.2398E+01   0.994   89.98   89.72   1.003  4.6664E+12    3.55
  81  3.7000E+00  1.6890E+01  1.6956E+01   0.996   90.31   90.28   1.000  4.6664E+12    3.55
  82  4.1000E+00  1.4502E+01  1.4518E+01   0.999   88.22   88.62   0.995  4.6664E+12    3.55
  83  4.5000E+00  3.2195E+01  3.2139E+01   1.002   83.63   84.70   0.987  4.6664E+12    3.55
  84  5.0000E+00  3.3598E+02  3.3451E+02   1.004   76.56   78.50   0.975  4.6664E+12    3.55
  85  5.5000E+00  1.4201E+04  1.4111E+04   1.006   67.13   70.11   0.957  4.6664E+12    3.55
  86  6.0000E+00  2.4167E+06  2.3993E+06   1.007   55.79   59.78   0.933  4.6664E+12    3.55
  87  6.7000E+00  2.3544E+07  2.3380E+07   1.007   43.35   48.03   0.902  4.6664E+12    3.55
  88  7.4000E+00  1.4898E+08  1.4812E+08   1.006   30.94   35.75   0.866  4.6664E+12    3.55
  89  8.2000E+00  1.1204E+09  1.1159E+09   1.004   19.79   24.02   0.824  4.6663E+12    3.55
  90  9.0000E+00  1.3433E+10  1.3401E+10   1.002   10.93   14.05   0.778  4.6654E+12    3.54
  91  1.0000E+01  1.6065E+11  1.6044E+11   1.001    5.33    7.24   0.737  4.6520E+12    3.54
  92  1.1000E+01  5.8531E+11  5.8483E+11   1.001    3.56    4.78   0.744  4.4913E+12    3.51
  93  1.2000E+01  1.1548E+12  1.1541E+12   1.001    3.56    4.63   0.769  3.9060E+12    3.53
  94  1.3000E+01  1.4618E+12  1.4612E+12   1.000    3.49    4.33   0.806  2.7512E+12    3.54
  95  1.4000E+01  1.2894E+12  1.2892E+12   1.000    3.62    4.28   0.844  1.2894E+12    3.62
      1.5000E+01

  INTEGRALS OF SPECTRA
    OLD SPECTRUM   5.3128E+12   ±    4.277 %
    NEW SPECTRUM   5.3177E+12   ±    3.235 %

  SUMMARY OF BROAD-GROUP FLUXES, FLUENCES, AND UNCERTAINTIES

    IRRAD TIME [S] = 1.00000000E+00   ACT NORM =  1.00000000E+00

       ENERGY       FLUX       FLUENCE      STDEV %
      thermal    0.0000E+00  0.0000E+00  ±   0.00     (0.100 meV – 0.550  eV)
     epithermal  8.5190E+09  8.5190E+09  ±  26.22     (0.550  eV – 110.0 keV)
        fast     5.3092E+12  5.3092E+12  ±   3.24     (110.0 keV –  20.0 MeV)
        fast     4.6985E+12  4.6985E+12  ±   3.52     (  1.0 MeV –  20.0 MeV)
        high     0.0000E+00  0.0000E+00  ±   0.00     ( 20.0 MeV –  60.0 MeV)

    MINI-SPECTRUM

       ENERGY       FLUX       FLUENCE      STDEV %
     1.0000E-10  0.0000E+00  0.0000E+00  ±   0.00
     5.5000E-07  3.7869E+06  3.7869E+06  ±  95.40
     1.0000E-04  8.5152E+09  8.5152E+09  ±  26.23
     1.1000E-01  5.7533E+10  5.7533E+10  ±  15.99
     5.0000E-01  5.5320E+11  5.5320E+11  ±   2.96
     1.0000E+00  3.2023E+10  3.2023E+10  ±  12.45
     2.0000E+00  2.0842E+06  2.0842E+06  ±  64.77
     5.0000E+00  1.4467E+10  1.4467E+10  ±  11.64
     1.0000E+01  4.6520E+12  4.6520E+12  ±   3.54
     2.0000E+01  0.0000E+00  0.0000E+00  ±   0.00
     6.0000E+01

       TOTAL     5.3177E+12  5.3177E+12  ±   3.24

    RELATIVE COVARIANCES (10×10)
        0     0     0     0     0     0     0     0     0     0
     1000    33    18     8   -17   -14     5    20     0
     1000   187  -250  -224  -128    79    48     0
     1000   288  -291  -194   200   -35     0
     1000   340    85   188   339     0
     1000   841    68    -8     0
     1000   109   -66     0
     1000   546     0
     1000     0
        0

  SPECTRAL-AVERAGED REACTION RATES (for all cross section library reactions)

        REACTIONS        SIG-PHI      <SIG>          REACTIONS        SIG-PHI      <SIG>          REACTIONS        SIG-PHI      <SIG>  
   ------------------  ----------  ----------   ------------------  ----------  ----------   ------------------  ----------  ----------
   LI6(N,A)T           3.4534E-13  6.4941E-26   FE58(N,G)FE59       6.5267E-15  1.2274E-27   IN115(N,N')IN115M   4.9977E-13  9.3981E-26
   B10(N,A)LI7         5.2840E-13  9.9366E-26   CO59(N,2N)CO58      2.3718E-12  4.4602E-25   IN115(N,2N)IN114M   5.3703E-12  1.0099E-24
   F19(N,2N)F18        1.0749E-13  2.0214E-26   CO59(N,3N)CO57      0.0000E+00  0.0000E+00   IN115(N,G)IN116M    1.1626E-13  2.1863E-26
   NA23(N,2N)NA22      5.1707E-14  9.7235E-27   CO59(N,G)CO60       8.8013E-15  1.6551E-27   I127(N,2N)I126      6.0671E-12  1.1409E-24
   NA23(N,G)NA24       1.1747E-15  2.2091E-28   CO59(N,P)FE59       2.4195E-13  4.5499E-26   LA139(N,G)LA140     1.0018E-14  1.8839E-27
   MG24(N,P)NA24       8.5984E-13  1.6169E-25   CO59(N,A)MN56       1.3123E-13  2.4678E-26   PR141(N,2N)PR140    6.6268E-12  1.2462E-24
   AL27(N,P)MG27       3.9879E-13  7.4992E-26   NI58(N,2N)NI57      5.9772E-14  1.1240E-26   TM169(N,2N)TM168    8.8345E-12  1.6613E-24
   AL27(N,A)NA24       5.5191E-13  1.0379E-25   NI58(N,P)CO58       2.0704E-12  3.8935E-25   TM169(N,3N)TM167    2.6524E-17  4.9879E-30
   SI28(N,P)AL28       1.2377E-12  2.3275E-25   NI60(N,P)CO60       6.9062E-13  1.2987E-25   TA181(N,G)TA182     8.2725E-14  1.5556E-26
   P31(N,P)SI31        4.9336E-13  9.2776E-26   CU63(N,2N)CU62      1.3622E-12  2.5616E-25   W186(N,G)W187       3.9442E-14  7.4171E-27
   S32(N,P)P32         1.3884E-12  2.6109E-25   CU63(N,G)CU64       2.3214E-14  4.3654E-27   AU197(N,2N)AU196    9.0842E-12  1.7083E-24
   TI46(N,2N)TI45      4.5310E-14  8.5206E-27   CU63(N,A)CO60       2.0853E-13  3.9214E-26   AU197(N,G)AU198     8.1100E-14  1.5251E-26
   TI46(N,P)SC46       1.2834E-12  2.4134E-25   CU65(N,2N)CU64      3.2143E-12  6.0445E-25   HG199(N,N')HG199M   9.9241E-13  1.8662E-25
   TI47(N,P)SC47       6.3803E-13  1.1998E-25   ZN64(N,P)CU64       9.6343E-13  1.8117E-25   PB204(N,N')PB204M   4.9912E-13  9.3860E-26
   TI47(N,X)SC46       1.0995E-13  2.0677E-26   ZN67(N,P)CU67       1.4075E-13  2.6468E-26   BI209(N,3N)BI207    7.6460E-16  1.4378E-28
   TI48(N,P)SC48       2.6611E-13  5.0043E-26   AS75(N,2N)AS74      3.3763E-12  6.3491E-25   TH232(N,FISSION)    1.5629E-12  2.9390E-25
   TI48(N,X)SC47       1.8716E-14  3.5195E-27   Y89(N,2N)Y88        2.5059E-12  4.7124E-25   TH232(N,G)TH233     1.1488E-13  2.1603E-26
   TI49(N,X)SC48       1.0460E-14  1.9670E-27   ZR90(N,2N)ZR89      1.6468E-12  3.0969E-25   U235(N,FISSION)     9.7461E-12  1.8328E-24
   V51(N,A)SC48        5.8565E-14  1.1013E-26   NB93(N,G)NB94       3.7740E-14  7.0970E-27   U235(N,G)U236       9.9845E-14  1.8776E-26
   CR52(N,2N)CR51      7.1101E-13  1.3371E-25   NB93(N,N')NB93M     2.6837E-13  5.0468E-26   U238(N,2N)U237      5.5650E-12  1.0465E-24
   MN55(N,2N)MN54      2.4339E-12  4.5769E-25   NB93(N,2N)NB92M     1.9731E-12  3.7105E-25   U238(N,FISSION)     5.0153E-12  9.4313E-25
   MN55(N,G)MN56       5.4339E-15  1.0218E-27   MO92(N,P)NB92M      4.1846E-13  7.8691E-26   U238(N,G)U239       8.3665E-14  1.5733E-26
   FE54(N,2N)FE53      7.5277E-15  1.4156E-27   RH103(N,N')RH103M   2.2530E-12  4.2367E-25   NP237(N,FISSION)    1.0556E-11  1.9851E-24
   FE54(N,P)MN54       1.8592E-12  3.4962E-25   AG109(N,G)AG110M    1.1141E-14  2.0951E-27   PU239(N,FISSION)    1.2007E-11  2.2579E-24
   FE54(N,A)CR51       3.7294E-13  7.0133E-26   IN113(N,N')IN113M   4.1655E-13  7.8333E-26   AM241(N,FISSION)    1.2244E-11  2.3025E-24
   FE56(N,P)MN56       5.0641E-13  9.5230E-26   IN113(N,G)IN114M    1.5915E-13  2.9929E-26   SC45(N,G)SC46       8.5416E-15  1.6063E-27

  INPUT FLUX REL. CORRELATION MATRIX (by row from diagonal)
   1   1000  1000  1000  1000  1000  1000  1000  1000  1000  1000  1000  1000  1000  1000    30    30    30    30    30    30
         30    30    30    30    30    30    31    31    31    32    33    35    37    41    46    53    67    94   216   145
        106    97    99   113   157   306   124    92    77    70    66    64    64    66    70    75    83    93   106   123
        144   170   207   268   384   640   918   914   713   697   353   167   102    72    56    46    40    37    35    33
         33    34    35    38    43    50    62    84   125   214   414   628   648   692   700  1000  1000  1000  1000  1000
       1000  1000  1000  1000  1000  1000  1000  1000  1000  1000  1000  1000  1000  1000  1000  1000  1000  1000  1000  1000
       1000  1000  1000  1000  1000  1000  1000  1000  1000  1000  1000  1000  1000  1000  1000  1000  1000  1000  1000  1000

  OUTPUT FLUX REL. CORRELATION MATRIX (by row from diagonal)
   1   1000  1000  1000  1000  1000  1000  1000  1000  1000  1000  1000  1000  1000  1000    23    23    23    23    23    22
         22    21    21    20    18    17    15    12     9     5     2    -1    -5    -8   -10   -10    -5    12   114    46
          7    -4    -5     3    40   175     5   -27   -45   -59   -71   -84   -99  -114  -132  -151  -172  -193  -214  -233
       -246  -246  -219  -134    80   572   937   925   642   605   130   -54   -91   -96   -90   -83   -76   -72   -72   -76
        -83   -95  -109  -126  -142  -156  -163  -158  -123   -17   261   573   605   660   665  1000  1000  1000  1000  1000
       1000  1000  1000  1000  1000  1000  1000  1000  1000  1000  1000  1000  1000  1000  1000  1000  1000  1000  1000  1000
       1000  1000  1000  1000  1000  1000  1000  1000  1000  1000  1000  1000  1000  1000  1000  1000  1000  1000  1000  1000
   2   1000  1000  1000  1000  1000  1000  1000  1000  1000  1000  1000  1000  1000    23    23    23    23    23    22    22
         21    21    20    18    17    15    12     9     5     2    -1    -5    -8   -10   -10    -5    12   114    46     7
         -4    -5     3    40   175     5   -27   -45   -59   -71   -84   -99  -114  -132  -151  -172  -193  -214  -233  -246
       -246  -219  -134    80   572   937   925   642   605   130   -54   -91   -96   -90   -83   -76   -72   -72   -76   -83
        -95  -109  -126  -142  -156  -163  -158  -123   -17   261   573   605   660   665  1000  1000  1000  1000  1000  1000
       1000  1000  1000  1000  1000  1000  1000  1000  1000  1000  1000  1000  1000  1000  1000  1000  1000  1000  1000  1000
       1000  1000  1000  1000  1000  1000  1000  1000  1000  1000  1000  1000  1000  1000  1000  1000  1000  1000  1000
   3   1000  1000  1000  1000  1000  1000  1000  1000  1000  1000  1000  1000    23    23    23    23    23    22    22    21
         21    20    18    17    15    12     9     5     2    -1    -5    -8   -10   -10    -5    12   114    46     7    -4
         -5     3    40   175     5   -27   -45   -59   -71   -84   -99  -114  -132  -151  -172  -193  -214  -233  -246  -246
       -219  -134    80   572   937   925   642   605   130   -54   -91   -96   -90   -83   -76   -72   -72   -76   -83   -95
       -109  -126  -142  -156  -163  -158  -123   -17   261   573   605   660   665  1000  1000  1000  1000  1000  1000  1000
       1000  1000  1000  1000  1000  1000  1000  1000  1000  1000  1000  1000  1000  1000  1000  1000  1000  1000  1000  1000
       1000  1000  1000  1000  1000  1000  1000  1000  1000  1000  1000  1000  1000  1000  1000  1000  1000  1000
   4   1000  1000  1000  1000  1000  1000  1000  1000  1000  1000  1000    23    23    23    23    23    22    22    21    21
         20    18    17    15    12     9     5     2    -1    -5    -8   -10   -10    -5    12   114    46     7    -4    -5
          3    40   175     5   -27   -45   -59   -71   -84   -99  -114  -132  -151  -172  -193  -214  -233  -246  -246  -219
       -134    80   572   937   925   642   605   130   -54   -91   -96   -90   -83   -76   -72   -72   -76   -83   -95  -109
       -126  -142  -156  -163  -158  -123   -17   261   573   605   660   665  1000  1000  1000  1000  1000  1000  1000  1000
       1000  1000  1000  1000  1000  1000  1000  1000  1000  1000  1000  1000  1000  1000  1000  1000  1000  1000  1000  1000
       1000  1000  1000  1000  1000  1000  1000  1000  1000  1000  1000  1000  1000  1000  1000  1000  1000
   5   1000  1000  1000  1000  1000  1000  1000  1000  1000  1000    23    23    23    23    23    22    22    21    21    20
         18    17    15    12     9     5     2    -1    -5    -8   -10   -10    -5    12   114    46     7    -4    -5     3
         40   175     5   -27   -45   -59   -71   -84   -99  -114  -132  -151  -172  -193  -214  -233  -246  -246  -219  -134
         80   572   937   925   642   605   130   -54   -91   -96   -90   -83   -76   -72   -72   -76   -83   -95  -109  -126
       -142  -156  -163  -158  -123   -17   261   573   605   660   665  1000  1000  1000  1000  1000  1000  1000  1000  1000
       1000  1000  1000  1000  1000  1000  1000  1000  1000  1000  1000  1000  1000  1000  1000  1000  1000  1000  1000  1000
       1000  1000  1000  1000  1000  1000  1000  1000  1000  1000  1000  1000  1000  1000  1000  1000
   6   1000  1000  1000  1000  1000  1000  1000  1000  1000    23    23    23    23    23    22    22    21    21    20    18
         17    15    12     9     5     2    -1    -5    -8   -10   -10    -5    12   114    46     7    -4    -5     3    40
        175     5   -27   -45   -59   -71   -84   -99  -114  -132  -151  -172  -193  -214  -233  -246  -246  -219  -134    80
        572   937   925   642   605   130   -54   -91   -96   -90   -83   -76   -72   -72   -76   -83   -95  -109  -126  -142
       -156  -163  -158  -123   -17   261   573   605   660   665  1000  1000  1000  1000  1000  1000  1000  1000  1000  1000
       1000  1000  1000  1000  1000  1000  1000  1000  1000  1000  1000  1000  1000  1000  1000  1000  1000  1000  1000  1000
       1000  1000  1000  1000  1000  1000  1000  1000  1000  1000  1000  1000  1000  1000  1000
   7   1000  1000  1000  1000  1000  1000  1000  1000    23    23    23    23    23    22    22    21    21    20    18    17
         15    12     9     5     2    -1    -5    -8   -10   -10    -5    12   114    46     7    -4    -5     3    40   175
          5   -27   -45   -59   -71   -84   -99  -114  -132  -151  -172  -193  -214  -233  -246  -246  -219  -134    80   572
        937   925   642   605   130   -54   -91   -96   -90   -83   -76   -72   -72   -76   -83   -95  -109  -126  -142  -156
       -163  -158  -123   -17   261   573   605   660   665  1000  1000  1000  1000  1000  1000  1000  1000  1000  1000  1000
       1000  1000  1000  1000  1000  1000  1000  1000  1000  1000  1000  1000  1000  1000  1000  1000  1000  1000  1000  1000
       1000  1000  1000  1000  1000  1000  1000  1000  1000  1000  1000  1000  1000  1000
   8   1000  1000  1000  1000  1000  1000  1000    23    23    23    23    23    22    22    21    21    20    18    17    15
         12     9     5     2    -1    -5    -8   -10   -10    -5    12   114    46     7    -4    -5     3    40   175     5
        -27   -45   -59   -71   -84   -99  -114  -132  -151  -172  -193  -214  -233  -246  -246  -219  -134    80   572   937
        925   642   605   130   -54   -91   -96   -90   -83   -76   -72   -72   -76   -83   -95  -109  -126  -142  -156  -163
       -158  -123   -17   261   573   605   660   665  1000  1000  1000  1000  1000  1000  1000  1000  1000  1000  1000  1000
       1000  1000  1000  1000  1000  1000  1000  1000  1000  1000  1000  1000  1000  1000  1000  1000  1000  1000  1000  1000
       1000  1000  1000  1000  1000  1000  1000  1000  1000  1000  1000  1000  1000
   9   1000  1000  1000  1000  1000  1000    23    23    23    23    23    22    22    21    21    20    18    17    15    12
          9     5     2    -1    -5    -8   -10   -10    -5    12   114    46     7    -4    -5     3    40   175     5   -27
        -45   -59   -71   -84   -99  -114  -132  -151  -172  -193  -214  -233  -246  -246  -219  -134    80   572   937   925
        642   605   130   -54   -91   -96   -90   -83   -76   -72   -72   -76   -83   -95  -109  -126  -142  -156  -163  -158
       -123   -17   261   573   605   660   665  1000  1000  1000  1000  1000  1000  1000  1000  1000  1000  1000  1000  1000
       1000  1000  1000  1000  1000  1000  1000  1000  1000  1000  1000  1000  1000  1000  1000  1000  1000  1000  1000  1000
       1000  1000  1000  1000  1000  1000  1000  1000  1000  1000  1000  1000
  10   1000  1000  1000  1000  1000    23    23    23    23    23    22    22    21    21    20    18    17    15    12     9
          5     2    -1    -5    -8   -10   -10    -5    12   114    46     7    -4    -5     3    40   175     5   -27   -45
        -59   -71   -84   -99  -114  -132  -151  -172  -193  -214  -233  -246  -246  -219  -134    80   572   937   925   642
        605   130   -54   -91   -96   -90   -83   -76   -72   -72   -76   -83   -95  -109  -126  -142  -156  -163  -158  -123
        -17   261   573   605   660   665  1000  1000  1000  1000  1000  1000  1000  1000  1000  1000  1000  1000  1000  1000
       1000  1000  1000  1000  1000  1000  1000  1000  1000  1000  1000  1000  1000  1000  1000  1000  1000  1000  1000  1000
       1000  1000  1000  1000  1000  1000  1000  1000  1000  1000  1000
  11   1000  1000  1000  1000    23    23    23    23    23    22    22    21    21    20    18    17    15    12     9     5
          2    -1    -5    -8   -10   -10    -5    12   114    46     7    -4    -5     3    40   175     5   -27   -45   -59
        -71   -84   -99  -114  -132  -151  -172  -193  -214  -233  -246  -246  -219  -134    80   572   937   925   642   605
        130   -54   -91   -96   -90   -83   -76   -72   -72   -76   -83   -95  -109  -126  -142  -156  -163  -158  -123   -17
        261   573   605   660   665  1000  1000  1000  1000  1000  1000  1000  1000  1000  1000  1000  1000  1000  1000  1000
       1000  1000  1000  1000  1000  1000  1000  1000  1000  1000  1000  1000  1000  1000  1000  1000  1000  1000  1000  1000
       1000  1000  1000  1000  1000  1000  1000  1000  1000  1000
  12   1000  1000  1000    23    23    23    23    23    22    22    21    21    20    18    17    15    12     9     5     2
         -1    -5    -8   -10   -10    -5    12   114    46     7    -4    -5     3    40   175     5   -27   -45   -59   -71
        -84   -99  -114  -132  -151  -172  -193  -214  -233  -246  -246  -219  -134    80   572   937   925   642   605   130
        -54   -91   -96   -90   -83   -76   -72   -72   -76   -83   -95  -109  -126  -142  -156  -163  -158  -123   -17   261
        573   605   660   665  1000  1000  1000  1000  1000  1000  1000  1000  1000  1000  1000  1000  1000  1000  1000  1000
       1000  1000  1000  1000  1000  1000  1000  1000  1000  1000  1000  1000  1000  1000  1000  1000  1000  1000  1000  1000
       1000  1000  1000  1000  1000  1000  1000  1000  1000
  13   1000  1000    23    23    23    23    23    22    22    21    21    20    18    17    15    12     9     5     2    -1
         -5    -8   -10   -10    -5    12   114    46     7    -4    -5     3    40   175     5   -27   -45   -59   -71   -84
        -99  -114  -132  -151  -172  -193  -214  -233  -246  -246  -219  -134    80   572   937   925   642   605   130   -54
        -91   -96   -90   -83   -76   -72   -72   -76   -83   -95  -109  -126  -142  -156  -163  -158  -123   -17   261   573
        605   660   665  1000  1000  1000  1000  1000  1000  1000  1000  1000  1000  1000  1000  1000  1000  1000  1000  1000
       1000  1000  1000  1000  1000  1000  1000  1000  1000  1000  1000  1000  1000  1000  1000  1000  1000  1000  1000  1000
       1000  1000  1000  1000  1000  1000  1000  1000
  14   1000    23    23    23    23    23    22    22    21    21    20    18    17    15    12     9     5     2    -1    -5
         -8   -10   -10    -5    12   114    46     7    -4    -5     3    40   175     5   -27   -45   -59   -71   -84   -99
       -114  -132  -151  -172  -193  -214  -233  -246  -246  -219  -134    80   572   937   925   642   605   130   -54   -91
        -96   -90   -83   -76   -72   -72   -76   -83   -95  -109  -126  -142  -156  -163  -158  -123   -17   261   573   605
        660   665  1000  1000  1000  1000  1000  1000  1000  1000  1000  1000  1000  1000  1000  1000  1000  1000  1000  1000
       1000  1000  1000  1000  1000  1000  1000  1000  1000  1000  1000  1000  1000  1000  1000  1000  1000  1000  1000  1000
       1000  1000  1000  1000  1000  1000  1000
  15   1000   988   952   895   821   736   643   548   456   371   294   229   174   130    96    70    52    39    30    25
         22    20    20    20    23    21    20    20    20    20    21    24    20    19    18    18    18    18    18    18
         18    18    18    17    16    15    13    10     7     4     4    11    20    18     6     4    -9   -14   -14   -14
        -12   -11   -10    -8    -7    -6    -5    -4    -3    -2    -2    -1    -1     0     1     4    11    18    19    19
         19    23    23    23    23    23    23    23    23    23    23    23    23    23    23    23    23    23    23    23
         23    23    23    23    23    23    23    23    23    23    23    23    23    23    23    23    23    23    23    23
         23    23    23    23    23    23
  16   1000   988   952   895   822   736   643   548   456   371   295   229   175   131    97    72    53    41    32    27
         24    23    22    24    23    22    21    21    21    22    25    21    20    19    19    19    19    19    19    19
         19    19    18    17    16    14    11     8     5     4    11    19    17     5     3   -10   -15   -15   -14   -13
        -12   -10    -9    -7    -6    -5    -4    -3    -2    -2    -1     0     0     1     5    11    18    19    20    19
         23    23    23    23    23    23    23    23    23    23    23    23    23    23    23    23    23    23    23    23
         23    23    23    23    23    23    23    23    23    23    23    23    23    23    23    23    23    23    23    23
         23    23    23    23    23
  17   1000   988   952   895   822   736   643   548   457   372   296   230   176   132    98    73    55    43    34    29
         26    25    26    24    23    22    22    22    23    25    21    21    20    20    20    20    20    20    20    20
         20    19    18    16    14    11     8     5     4    10    19    17     4     2   -11   -15   -16   -15   -14   -12
        -11    -9    -7    -6    -5    -4    -3    -2    -2    -1     0     0     2     5    12    18    19    20    19    23
         23    23    23    23    23    23    23    23    23    23    23    23    23    23    23    23    23    23    23    23
         23    23    23    23    23    23    23    23    23    23    23    23    23    23    23    23    23    23    23    23
         23    23    23    23
  18   1000   988   952   895   822   736   643   549   457   372   296   231   177   133   100    75    57    44    36    31
         28    28    26    24    23    23    23    23    26    22    21    21    20    20    20    21    21    21    20    20
         19    18    17    15    12     8     5     3    10    18    16     4     2   -12   -16   -16   -15   -14   -12   -11
         -9    -8    -6    -5    -4    -3    -2    -1    -1     0     0     2     5    12    18    19    20    19    23    23
         23    23    23    23    23    23    23    23    23    23    23    23    23    23    23    23    23    23    23    23
         23    23    23    23    23    23    23    23    23    23    23    23    23    23    23    23    23    23    23    23
         23    23    23
  19   1000   988   952   895   822   736   643   549   457   372   297   232   178   134   101    76    58    46    38    33
         31    28    26    24    24    23    24    26    22    22    21    21    21    21    21    21    21    21    20    20
         19    17    15    12     8     4     3     9    18    16     3     1   -12   -16   -17   -16   -14   -13   -11    -9
         -8    -6    -5    -4    -3    -2    -1    -1     0     0     2     5    12    18    19    20    19    23    23    23
         23    23    23    23    23    23    23    23    23    23    23    23    23    23    23    23    23    23    23    23
         23    23    23    23    23    23    23    23    23    23    23    23    23    23    23    23    23    23    23    23
         23    23
  20   1000   988   952   895   822   736   643   549   458   373   297   232   179   136   102    78    60    47    39    36
         31    28    26    25    24    24    27    23    22    21    21    21    21    21    21    21    21    21    20    19
         17    15    11     7     4     2     8    17    15     2     0   -13   -17   -17   -16   -15   -13   -11   -10    -8
         -6    -5    -4    -3    -2    -1    -1     0     0     2     5    12    18    19    20    19    22    22    22    22
         22    22    22    22    22    22    22    22    22    22    22    22    22    22    22    22    22    22    22    22
         22    22    22    22    22    22    22    22    22    22    22    22    22    22    22    22    22    22    22    22
         22
  21   1000   988   952   895   822   736   643   549   458   373   298   233   180   137   104    79    61    49    42    35
         31    28    26    25    25    27    23    22    22    22    21    21    22    22    21    21    21    20    19    17
         14    11     7     3     1     7    17    15     1     0   -14   -18   -18   -17   -15   -14   -12   -10    -8    -7
         -5    -4    -3    -2    -1     0     0     1     3     6    12    18    19    19    19    22    22    22    22    22
         22    22    22    22    22    22    22    22    22    22    22    22    22    22    22    22    22    22    22    22
         22    22    22    22    22    22    22    22    22    22    22    22    22    22    22    22    22    22    22    22
  22   1000   988   952   895   822   736   643   549   458   374   298   234   181   138   105    81    63    52    42    35
         31    28    27    26    28    24    23    22    22    22    22    22    22    22    22    21    20    19    17    14
         11     6     2     0     6    16    14     0    -1   -15   -19   -19   -18   -16   -14   -12   -10    -8    -7    -5
         -4    -3    -2    -1     0     0     1     3     6    13    18    19    19    19    21    21    21    21    21    21
         21    21    21    21    21    21    21    21    21    21    21    21    21    21    21    21    21    21    21    21
         21    21    21    21    21    21    21    21    21    21    21    21    21    21    21    21    21    21    21
  23   1000   988   952   895   822   736   644   549   458   374   299   235   182   140   107    83    66    53    43    36
         32    29    28    29    25    24    23    23    23    23    23    23    23    22    22    21    19    17    14    10
          5     1    -1     4    14    12    -1    -3   -17   -20   -20   -19   -17   -15   -13   -11    -9    -7    -5    -4
         -3    -2    -1     0     0     2     3     7    13    18    19    19    19    21    21    21    21    21    21    21
         21    21    21    21    21    21    21    21    21    21    21    21    21    21    21    21    21    21    21    21
         21    21    21    21    21    21    21    21    21    21    21    21    21    21    21    21    21    21
  24   1000   988   952   895   822   736   644   550   459   375   300   237   184   142   110    86    67    54    44    38
         33    31    31    27    26    25    24    24    24    24    24    24    23    23    21    20    17    14     9     4
          0    -3     1    12    10    -3    -5   -19   -22   -22   -20   -18   -16   -14   -12   -10    -8    -6    -4    -3
         -1     0     0     1     2     4     7    13    19    19    19    19    20    20    20    20    20    20    20    20
         20    20    20    20    20    20    20    20    20    20    20    20    20    20    20    20    20    20    20    20
         20    20    20    20    20    20    20    20    20    20    20    20    20    20    20    20    20
  25   1000   988   952   895   822   736   644   550   460   376   302   239   186   145   113    88    69    56    46    40
         36    35    30    28    27    26    26    26    26    26    25    25    24    23    21    18    14     9     3    -2
         -7    -2    10     8    -7    -9   -23   -25   -24   -23   -20   -18   -15   -13   -10    -8    -6    -4    -3    -1
          0     0     2     3     5     9    14    19    19    19    18    18    18    18    18    18    18    18    18    18
         18    18    18    18    18    18    18    18    18    18    18    18    18    18    18    18    18    18    18    18
         18    18    18    18    18    18    18    18    18    18    18    18    18    18    18    18
  26   1000   988   952   895   822   736   644   551   461   378   304   242   190   149   116    90    72    58    49    43
         40    34    32    30    29    29    28    28    28    28    27    26    24    22    18    14     8     1    -5   -11
         -6     7     4   -12   -14   -27   -29   -28   -26   -23   -20   -17   -14   -12    -9    -7    -4    -3    -1     0
          1     3     5     7    10    15    19    19    19    18    17    17    17    17    17    17    17    17    17    17
         17    17    17    17    17    17    17    17    17    17    17    17    17    17    17    17    17    17    17    17
         17    17    17    17    17    17    17    17    17    17    17    17    17    17    17
  27   1000   988   952   895   822   737   645   552   463   381   308   246   194   152   119    94    75    62    52    47
         40    37    34    33    32    32    31    31    30    30    28    26    23    19    14     7     0    -9   -16   -12
          2     0   -18   -19   -33   -34   -32   -29   -26   -23   -20   -16   -13   -10    -7    -5    -2     0     1     2
          4     6     9    12    16    19    19    19    18    15    15    15    15    15    15    15    15    15    15    15
         15    15    15    15    15    15    15    15    15    15    15    15    15    15    15    15    15    15    15    15
         15    15    15    15    15    15    15    15    15    15    15    15    15    15
  28   1000   988   952   896   822   738   646   554   466   385   312   250   199   156   123    98    79    66    57    48
         43    40    38    37    36    35    35    34    33    31    29    25    21    14     6    -3   -14   -23   -20    -2
         -4   -25   -27   -40   -40   -37   -34   -31   -27   -23   -19   -15   -11    -8    -5    -2     0     2     4     6
          8    11    14    18    20    19    19    18    12    12    12    12    12    12    12    12    12    12    12    12
         12    12    12    12    12    12    12    12    12    12    12    12    12    12    12    12    12    12    12    12
         12    12    12    12    12    12    12    12    12    12    12    12    12
  29   1000   988   952   896   823   739   649   558   470   389   316   255   204   162   128   103    84    70    59    52
         47    44    42    41    40    39    38    37    35    32    28    22    14     4    -7   -20   -31   -29    -8   -11
        -34   -35   -48   -47   -44   -40   -36   -31   -26   -22   -17   -13    -9    -5    -2     0     3     6     8    11
         14    17    20    20    20    18    17     9     9     9     9     9     9     9     9     9     9     9     9     9
          9     9     9     9     9     9     9     9     9     9     9     9     9     9     9     9     9     9     9     9
          9     9     9     9     9     9     9     9     9     9     9     9
  30   1000   988   952   896   824   741   652   561   475   392   323   261   209   167   134   108    88    74    64    57
         52    49    47    46    45    43    41    39    35    30    23    14     2   -11   -27   -40   -39   -15   -18   -45
        -46   -58   -56   -52   -47   -42   -36   -31   -25   -20   -15   -10    -6    -2     1     4     8    11    14    17
         20    22    21    20    18    17     5     5     5     5     5     5     5     5     5     5     5     5     5     5
          5     5     5     5     5     5     5     5     5     5     5     5     5     5     5     5     5     5     5     5
          5     5     5     5     5     5     5     5     5     5     5
  31   1000   988   953   897   826   743   655   566   477   400   329   267   215   173   139   111    93    79    69    62
         57    54    52    50    49    46    43    38    32    24    13     0   -17   -35   -52   -52   -23   -26   -56   -57
        -69   -65   -60   -54   -48   -42   -35   -29   -23   -17   -11    -6    -2     2     6    10    13    17    20    23
         25    22    21    18    16     2     2     2     2     2     2     2     2     2     2     2     2     2     2     2
          2     2     2     2     2     2     2     2     2     2     2     2     2     2     2     2     2     2     2     2
          2     2     2     2     2     2     2     2     2     2
  32   1000   988   953   898   828   746   659   567   485   406   335   273   221   178   141   118    98    84    74    67
         63    59    57    54    51    47    42    34    24    11    -4   -23   -45   -64   -65   -32   -35   -69   -70   -81
        -76   -70   -63   -56   -48   -41   -33   -26   -19   -13    -7    -1     3     8    12    16    21    24    27    28
         23    21    18    16    -1    -1    -1    -1    -1    -1    -1    -1    -1    -1    -1    -1    -1    -1    -1    -1
         -1    -1    -1    -1    -1    -1    -1    -1    -1    -1    -1    -1    -1    -1    -1    -1    -1    -1    -1    -1
         -1    -1    -1    -1    -1    -1    -1    -1    -1
  33   1000   988   954   900   830   749   658   575   491   412   340   278   225   179   149   123   103    89    79    73
         67    64    60    56    51    44    35    24     9    -9   -32   -56   -79   -80   -41   -45   -83   -83   -95   -88
        -80   -72   -63   -55   -46   -38   -29   -22   -14    -7    -1     4     9    15    20    24    28    31    31    24
         22    19    16    -5    -5    -5    -5    -5    -5    -5    -5    -5    -5    -5    -5    -5    -5    -5    -5    -5
         -5    -5    -5    -5    -5    -5    -5    -5    -5    -5    -5    -5    -5    -5    -5    -5    -5    -5    -5    -5
         -5    -5    -5    -5    -5    -5    -5    -5
  34   1000   988   954   901   832   747   666   580   496   416   345   282   225   187   153   127   108    94    84    77
         71    66    60    54    46    36    23     5   -15   -41   -69   -94   -95   -49   -54   -97   -96  -108   -99   -90
        -81   -72   -62   -52   -42   -33   -24   -16    -8    -1     5    11    17    23    28    33    36    34    26    24
         19    16    -8    -8    -8    -8    -8    -8    -8    -8    -8    -8    -8    -8    -8    -8    -8    -8    -8    -8
         -8    -8    -8    -8    -8    -8    -8    -8    -8    -8    -8    -8    -8    -8    -8    -8    -8    -8    -8    -8
         -8    -8    -8    -8    -8    -8    -8
  35   1000   988   955   902   828   754   671   584   500   420   348   280   234   191   157   131   112    98    87    79
         72    65    57    48    36    20     1   -23   -52   -83  -111  -111   -57   -62  -110  -109  -122  -112  -101   -91
        -80   -69   -58   -47   -37   -27   -17    -9    -1     6    13    20    26    32    37    40    38    29    26    21
         18   -10   -10   -10   -10   -10   -10   -10   -10   -10   -10   -10   -10   -10   -10   -10   -10   -10   -10   -10
        -10   -10   -10   -10   -10   -10   -10   -10   -10   -10   -10   -10   -10   -10   -10   -10   -10   -10   -10   -10
        -10   -10   -10   -10   -10   -10
  36   1000   989   955   896   835   758   674   587   502   422   344   289   236   194   160   134   115   100    88    78
         69    59    48    34    16    -5   -32   -64   -98  -128  -125   -63   -68  -122  -121  -135  -124  -112  -100   -88
        -76   -64   -52   -40   -29   -19    -9    -1     7    14    22    29    35    41    44    43    33    30    24    20
        -10   -10   -10   -10   -10   -10   -10   -10   -10   -10   -10   -10   -10   -10   -10   -10   -10   -10   -10   -10
        -10   -10   -10   -10   -10   -10   -10   -10   -10   -10   -10   -10   -10   -10   -10   -10   -10   -10   -10   -10
        -10   -10   -10   -10   -10
  37   1000   989   949   903   838   760   675   589   503   417   353   290   238   195   161   135   115    99    85    73
         61    47    31    11   -13   -43   -78  -114  -144  -137   -64   -69  -131  -129  -147  -135  -122  -109   -96   -83
        -69   -56   -44   -32   -21   -11    -1     7    15    23    30    37    44    48    48    39    36    30    26    -5
         -5    -5    -5    -5    -5    -5    -5    -5    -5    -5    -5    -5    -5    -5    -5    -5    -5    -5    -5    -5
         -5    -5    -5    -5    -5    -5    -5    -5    -5    -5    -5    -5    -5    -5    -5    -5    -5    -5    -5    -5
         -5    -5    -5    -5
  38   1000   984   956   905   839   761   676   589   499   425   353   290   237   194   160   133   111    93    76    60
         44    24     2   -25   -58   -95  -132  -160  -141   -54   -59  -130  -128  -156  -147  -133  -119  -105   -90   -76
        -62   -48   -36   -24   -13    -3     5    14    22    30    38    45    52    56    52    50    44    40    12    12
         12    12    12    12    12    12    12    12    12    12    12    12    12    12    12    12    12    12    12    12
         12    12    12    12    12    12    12    12    12    12    12    12    12    12    12    12    12    12    12    12
         12    12    12
  39   1000   987   951   899   833   756   676   596   501   418   345   281   227   183   147   116    91    68    47    24
          0   -26   -58   -93  -130  -160  -167   -95    36    29   -74   -75  -153  -161  -150  -136  -120  -103   -87   -72
        -58   -45   -33   -23   -14    -6     1     8    15    24    35    53    86   113   114   114   109   114   114   114
        114   114   114   114   114   114   114   114   114   114   114   114   114   114   114   114   114   114   114   114
        114   114   114   114   114   114   114   114   114   114   114   114   114   114   114   114   114   114   114   114
        114   114
  40   1000   988   956   904   838   761   672   588   501   420   348   285   231   186   149   118    90    65    40    14
        -15   -48   -87  -128  -166  -189  -148   -33   -38  -128  -126  -172  -167  -152  -136  -119  -103   -86   -70   -55
        -41   -28   -17    -6     3    12    20    29    37    47    58    72    77    75    71    66    46    46    46    46
         46    46    46    46    46    46    46    46    46    46    46    46    46    46    46    46    46    46    46    46
         46    46    46    46    46    46    46    46    46    46    46    46    46    46    46    46    46    46    46    46
         46
  41   1000   989   957   905   838   749   674   586   500   420   348   285   231   185   146   112    82    53    23    -8
        -45   -86  -131  -175  -207  -182   -74   -79  -162  -157  -186  -172  -155  -138  -120  -103   -86   -70   -54   -39
        -26   -13    -1     8    18    28    37    46    54    61    64    57    53    46    41     7     7     7     7     7
          7     7     7     7     7     7     7     7     7     7     7     7     7     7     7     7     7     7     7     7
          7     7     7     7     7     7     7     7     7     7     7     7     7     7     7     7     7     7     7     7
  42   1000   989   957   904   824   758   672   584   499   418   345   281   226   178   136    99    64    30    -6   -46
        -91  -138  -185  -221  -199   -89   -94  -176  -171  -194  -177  -159  -141  -123  -105   -87   -71   -54   -39   -25
        -12     0    11    21    31    41    49    57    63    63    52    47    40    34    -4    -4    -4    -4    -4    -4
         -4    -4    -4    -4    -4    -4    -4    -4    -4    -4    -4    -4    -4    -4    -4    -4    -4    -4    -4    -4
         -4    -4    -4    -4    -4    -4    -4    -4    -4    -4    -4    -4    -4    -4    -4    -4    -4    -4    -4
  43   1000   989   955   889   836   757   671   582   496   415   341   275   218   167   121    79    39    -2   -47   -95
       -146  -195  -232  -209   -94   -99  -183  -177  -200  -182  -163  -144  -125  -107   -89   -72   -55   -40   -25   -12
          0    11    22    32    42    51    59    65    64    52    48    40    34    -5    -5    -5    -5    -5    -5    -5
         -5    -5    -5    -5    -5    -5    -5    -5    -5    -5    -5    -5    -5    -5    -5    -5    -5    -5    -5    -5
         -5    -5    -5    -5    -5    -5    -5    -5    -5    -5    -5    -5    -5    -5    -5    -5    -5    -5
  44   1000   988   942   904   835   755   668   579   492   410   334   266   205   150   100    52     3   -46   -99  -153
       -204  -240  -211   -89   -93  -183  -176  -203  -187  -167  -147  -128  -109   -91   -73   -56   -41   -26   -12     0
         11    22    32    42    51    59    66    68    58    54    46    40     3     3     3     3     3     3     3     3
          3     3     3     3     3     3     3     3     3     3     3     3     3     3     3     3     3     3     3     3
          3     3     3     3     3     3     3     3     3     3     3     3     3     3     3     3     3
  45   1000   980   955   901   831   750   662   572   484   400   322   250   185   124    66    10   -46  -105  -163  -214
       -244  -196   -56   -62  -163  -158  -203  -192  -173  -153  -133  -114   -95   -77   -60   -44   -29   -16    -4     7
         17    27    37    46    56    67    79    81    77    71    66    40    40    40    40    40    40    40    40    40
         40    40    40    40    40    40    40    40    40    40    40    40    40    40    40    40    40    40    40    40
         40    40    40    40    40    40    40    40    40    40    40    40    40    40    40    40
  46   1000   974   935   880   809   727   638   547   456   369   286   209   137    68     2   -63  -128  -187  -231  -235
       -121    68    61   -78   -77  -186  -200  -186  -166  -145  -125  -105   -86   -69   -54   -40   -28   -18    -9    -1
          6    15    25    39    65   114   158   159   160   155   175   175   175   175   175   175   175   175   175   175
        175   175   175   175   175   175   175   175   175   175   175   175   175   175   175   175   175   175   175   175
        175   175   175   175   175   175   175   175   175   175   175   175   175   175   175
  47   1000   988   954   900   831   749   661   569   478   390   306   226   150    76     2   -70  -143  -208  -255  -226
        -94  -100  -195  -188  -216  -198  -176  -155  -134  -114   -94   -76   -58   -41   -26   -12     0    12    24    35
         45    54    63    70    72    62    57    49    43     5     5     5     5     5     5     5     5     5     5     5
          5     5     5     5     5     5     5     5     5     5     5     5     5     5     5     5     5     5     5     5
          5     5     5     5     5     5     5     5     5     5     5     5     5     5
  48   1000   988   955   901   832   750   661   569   476   385   298   212   129    45   -38  -120  -197  -257  -248  -127
       -132  -222  -213  -226  -201  -177  -155  -134  -113   -94   -74   -56   -39   -23    -9     4    17    30    41    51
         61    69    73    65    45    38    28    21   -27   -27   -27   -27   -27   -27   -27   -27   -27   -27   -27   -27
        -27   -27   -27   -27   -27   -27   -27   -27   -27   -27   -27   -27   -27   -27   -27   -27   -27   -27   -27   -27
        -27   -27   -27   -27   -27   -27   -27   -27   -27   -27   -27   -27   -27
  49   1000   989   955   902   832   750   660   567   471   377   283   189    95     0   -93  -182  -254  -261  -146  -152
       -240  -230  -236  -206  -181  -158  -136  -115   -95   -75   -56   -39   -22    -7     7    21    33    45    56    66
         73    75    63    36    29    18    10   -45   -45   -45   -45   -45   -45   -45   -45   -45   -45   -45   -45   -45
        -45   -45   -45   -45   -45   -45   -45   -45   -45   -45   -45   -45   -45   -45   -45   -45   -45   -45   -45   -45
        -45   -45   -45   -45   -45   -45   -45   -45   -45   -45   -45   -45
  50   1000   989   955   902   832   750   659   563   464   363   260   155    48   -58  -161  -248  -269  -161  -168  -256
       -246  -247  -214  -187  -163  -140  -118   -97   -77   -57   -39   -21    -5     9    24    37    50    61    71    78
         79    62    31    23    10     2   -59   -59   -59   -59   -59   -59   -59   -59   -59   -59   -59   -59   -59   -59
        -59   -59   -59   -59   -59   -59   -59   -59   -59   -59   -59   -59   -59   -59   -59   -59   -59   -59   -59   -59
        -59   -59   -59   -59   -59   -59   -59   -59   -59   -59   -59
  51   1000   989   955   902   832   749   656   556   451   341   226   107   -14  -132  -236  -275  -175  -184  -274  -264
       -261  -224  -196  -170  -146  -123  -101   -79   -59   -39   -21    -4    11    27    41    54    66    77    84    83
         63    27    18     4    -3   -71   -71   -71   -71   -71   -71   -71   -71   -71   -71   -71   -71   -71   -71   -71
        -71   -71   -71   -71   -71   -71   -71   -71   -71   -71   -71   -71   -71   -71   -71   -71   -71   -71   -71   -71
        -71   -71   -71   -71   -71   -71   -71   -71   -71   -71
  52   1000   989   955   902   831   746   650   544   430   307   176    40   -95  -218  -278  -189  -200  -293  -284  -277
       -237  -207  -180  -154  -129  -106   -83   -61   -40   -21    -2    14    30    46    60    73    84    91    89    65
         24    14    -1   -10   -84   -84   -84   -84   -84   -84   -84   -84   -84   -84   -84   -84   -84   -84   -84   -84
        -84   -84   -84   -84   -84   -84   -84   -84   -84   -84   -84   -84   -84   -84   -84   -84   -84   -84   -84   -84
        -84   -84   -84   -84   -84   -84   -84   -84   -84
  53   1000   989   955   901   829   741   640   525   397   256   105   -48  -193  -278  -203  -217  -313  -305  -295  -252
       -220  -191  -164  -137  -112   -87   -64   -42   -21    -1    17    35    51    67    80    92    99    96    68    20
          9    -7   -17   -99   -99   -99   -99   -99   -99   -99   -99   -99   -99   -99   -99   -99   -99   -99   -99   -99
        -99   -99   -99   -99   -99   -99   -99   -99   -99   -99   -99   -99   -99   -99   -99   -99   -99   -99   -99   -99
        -99   -99   -99   -99   -99   -99   -99   -99
  54   1000   989   955   900   825   732   621   492   344   181     9  -158  -273  -217  -234  -333  -328  -315  -269  -235
       -204  -175  -147  -119   -93   -68   -43   -21     0    20    39    58    74    89   101   109   105    71    18     5
        -14   -24  -114  -114  -114  -114  -114  -114  -114  -114  -114  -114  -114  -114  -114  -114  -114  -114  -114  -114
       -114  -114  -114  -114  -114  -114  -114  -114  -114  -114  -114  -114  -114  -114  -114  -114  -114  -114  -114  -114
       -114  -114  -114  -114  -114  -114  -114
  55   1000   988   954   897   817   715   590   440   267    78  -113  -261  -230  -252  -353  -351  -335  -286  -251  -218
       -187  -157  -127   -99   -72   -45   -21     2    24    45    65    83   100   113   120   114    76    15     0   -21
        -33  -132  -132  -132  -132  -132  -132  -132  -132  -132  -132  -132  -132  -132  -132  -132  -132  -132  -132  -132
       -132  -132  -132  -132  -132  -132  -132  -132  -132  -132  -132  -132  -132  -132  -132  -132  -132  -132  -132  -132
       -132  -132  -132  -132  -132  -132
  56   1000   988   952   891   803   687   540   362   160   -54  -241  -241  -268  -370  -373  -353  -303  -266  -233  -201
       -168  -136  -106   -76   -47   -20     4    29    52    74    94   112   126   133   126    81    12    -4   -28   -42
       -151  -151  -151  -151  -151  -151  -151  -151  -151  -151  -151  -151  -151  -151  -151  -151  -151  -151  -151  -151
       -151  -151  -151  -151  -151  -151  -151  -151  -151  -151  -151  -151  -151  -151  -151  -151  -151  -151  -151  -151
       -151  -151  -151  -151  -151
  57   1000   987   948   880   779   641   465   254    18  -208  -249  -281  -381  -390  -368  -316  -280  -247  -213  -179
       -146  -112   -80   -49   -20     8    34    60    84   106   125   140   148   139    88     9    -9   -36   -52  -172
       -172  -172  -172  -172  -172  -172  -172  -172  -172  -172  -172  -172  -172  -172  -172  -172  -172  -172  -172  -172
       -172  -172  -172  -172  -172  -172  -172  -172  -172  -172  -172  -172  -172  -172  -172  -172  -172  -172  -172  -172
       -172  -172  -172  -172
  58   1000   986   942   863   741   574   361   109  -160  -251  -288  -381  -399  -374  -324  -290  -258  -224  -189  -154
       -119   -84   -51   -19    11    41    69    95   119   140   157   164   153    95     7   -14   -45   -62  -193  -193
       -193  -193  -193  -193  -193  -193  -193  -193  -193  -193  -193  -193  -193  -193  -193  -193  -193  -193  -193  -193
       -193  -193  -193  -193  -193  -193  -193  -193  -193  -193  -193  -193  -193  -193  -193  -193  -193  -193  -193  -193
       -193  -193  -193
  59   1000   984   932   835   685   480   218   -94  -244  -287  -367  -395  -366  -321  -292  -263  -231  -197  -161  -124
        -88   -52   -17    16    48    78   107   134   157   174   182   169   104     5   -18   -53   -72  -214  -214  -214
       -214  -214  -214  -214  -214  -214  -214  -214  -214  -214  -214  -214  -214  -214  -214  -214  -214  -214  -214  -214
       -214  -214  -214  -214  -214  -214  -214  -214  -214  -214  -214  -214  -214  -214  -214  -214  -214  -214  -214  -214
       -214  -214
  60   1000   981   917   795   607   346    -5  -226  -273  -331  -370  -339  -301  -281  -258  -230  -198  -163  -126   -89
        -51   -14    21    56    89   120   149   174   193   201   186   114     5   -21   -60   -81  -233  -233  -233  -233
       -233  -233  -233  -233  -233  -233  -233  -233  -233  -233  -233  -233  -233  -233  -233  -233  -233  -233  -233  -233
       -233  -233  -233  -233  -233  -233  -233  -233  -233  -233  -233  -233  -233  -233  -233  -233  -233  -233  -233  -233
       -233
  61   1000   976   894   739   493   109  -189  -239  -264  -315  -281  -256  -248  -235  -215  -189  -157  -122   -85   -47
         -9    28    65   100   134   165   191   211   219   203   125     8   -21   -63   -87  -246  -246  -246  -246  -246
       -246  -246  -246  -246  -246  -246  -246  -246  -246  -246  -246  -246  -246  -246  -246  -246  -246  -246  -246  -246
       -246  -246  -246  -246  -246  -246  -246  -246  -246  -246  -246  -246  -246  -246  -246  -246  -246  -246  -246  -246
  62   1000   969   863   652   253  -128  -178  -155  -219  -182  -176  -186  -188  -180  -163  -139  -109   -75   -39    -1
         36    74   111   146   178   206   227   235   218   138    17   -15   -60   -87  -246  -246  -246  -246  -246  -246
       -246  -246  -246  -246  -246  -246  -246  -246  -246  -246  -246  -246  -246  -246  -246  -246  -246  -246  -246  -246
       -246  -246  -246  -246  -246  -246  -246  -246  -246  -246  -246  -246  -246  -246  -246  -246  -246  -246  -246
  63   1000   960   809   423   -32   -77     6   -68   -32   -52   -85  -106  -116  -114  -102   -81   -55   -24    10    46
         82   118   153   185   213   234   243   228   153    37     2   -43   -72  -219  -219  -219  -219  -219  -219  -219
       -219  -219  -219  -219  -219  -219  -219  -219  -219  -219  -219  -219  -219  -219  -219  -219  -219  -219  -219  -219
       -219  -219  -219  -219  -219  -219  -219  -219  -219  -219  -219  -219  -219  -219  -219  -219  -219  -219
  64   1000   938   617   120    85   230   150   170   114    55    10   -20   -37   -42   -36   -22    -1    25    54    86
        118   150   179   205   225   236   227   174    82    48     5   -22  -134  -134  -134  -134  -134  -134  -134  -134
       -134  -134  -134  -134  -134  -134  -134  -134  -134  -134  -134  -134  -134  -134  -134  -134  -134  -134  -134  -134
       -134  -134  -134  -134  -134  -134  -134  -134  -134  -134  -134  -134  -134  -134  -134  -134  -134
  65   1000   834   380   361   534   455   409   301   215   148    96    58    33    21    18    24    37    54    75    98
        121   144   164   183   198   209   214   191   164   134   107    80    80    80    80    80    80    80    80    80
         80    80    80    80    80    80    80    80    80    80    80    80    80    80    80    80    80    80    80    80
         80    80    80    80    80    80    80    80    80    80    80    80    80    80    80    80
  66   1000   815   809   874   805   562   378   280   210   155   111    77    52    34    23    17    16    17    20    25
         31    40    55    81   142   287   429   424   430   412   572   572   572   572   572   572   572   572   572   572
        572   572   572   572   572   572   572   572   572   572   572   572   572   572   572   572   572   572   572   572
        572   572   572   572   572   572   572   572   572   572   572   572   572   572   572
  67   1000   996   848   802   385   181   113    78    54    35    18     4    -9   -22   -36   -49   -63   -76   -89   -98
       -102   -93   -59    37   293   571   592   634   631   937   937   937   937   937   937   937   937   937   937   937
        937   937   937   937   937   937   937   937   937   937   937   937   937   937   937   937   937   937   937   937
        937   937   937   937   937   937   937   937   937   937   937   937   937   937
  68   1000   880   843   449   250   183   145   116    92    68    46    25     5   -14   -33   -51   -69   -84   -96  -102
        -95   -63    31   283   558   579   621   619   925   925   925   925   925   925   925   925   925   925   925   925
        925   925   925   925   925   925   925   925   925   925   925   925   925   925   925   925   925   925   925   925
        925   925   925   925   925   925   925   925   925   925   925   925   925
  69   1000   990   803   644   564   498   435   373   312   254   201   153   112    77    48    24     6    -6   -14   -12
          6    67   232   410   415   435   426   642   642   642   642   642   642   642   642   642   642   642   642   642
        642   642   642   642   642   642   642   642   642   642   642   642   642   642   642   642   642   642   642   642
        642   642   642   642   642   642   642   642   642   642   642   642
  70   1000   858   723   655   598   538   474   408   342   279   219   166   120    81    49    23     3    -9   -12     1
         55   209   377   382   402   395   605   605   605   605   605   605   605   605   605   605   605   605   605   605
        605   605   605   605   605   605   605   605   605   605   605   605   605   605   605   605   605   605   605   605
        605   605   605   605   605   605   605   605   605   605   605
  71   1000   971   930   877   811   734   650   563   477   396   324   261   209   167   135   110    91    77    67    66
         83   101    88    81    71   130   130   130   130   130   130   130   130   130   130   130   130   130   130   130
        130   130   130   130   130   130   130   130   130   130   130   130   130   130   130   130   130   130   130   130
        130   130   130   130   130   130   130   130   130   130
  72   1000   988   955   904   837   757   670   581   494   413   342   280   230   189   156   130   108    87    62    25
        -13   -31   -47   -57   -54   -54   -54   -54   -54   -54   -54   -54   -54   -54   -54   -54   -54   -54   -54   -54
        -54   -54   -54   -54   -54   -54   -54   -54   -54   -54   -54   -54   -54   -54   -54   -54   -54   -54   -54   -54
        -54   -54   -54   -54   -54   -54   -54   -54   -54
  73   1000   989   957   905   837   757   670   581   494   414   343   282   231   189   154   123    94    60    10   -41
        -60   -76   -86   -91   -91   -91   -91   -91   -91   -91   -91   -91   -91   -91   -91   -91   -91   -91   -91   -91
        -91   -91   -91   -91   -91   -91   -91   -91   -91   -91   -91   -91   -91   -91   -91   -91   -91   -91   -91   -91
        -91   -91   -91   -91   -91   -91   -91   -91
  74   1000   989   956   904   836   755   668   579   493   413   341   279   227   182   143   106    65     9   -46   -66
        -83   -92   -96   -96   -96   -96   -96   -96   -96   -96   -96   -96   -96   -96   -96   -96   -96   -96   -96   -96
        -96   -96   -96   -96   -96   -96   -96   -96   -96   -96   -96   -96   -96   -96   -96   -96   -96   -96   -96   -96
        -96   -96   -96   -96   -96   -96   -96
  75   1000   989   956   903   834   753   666   577   491   411   339   275   220   171   125    77    16   -42   -64   -82
        -91   -90   -90   -90   -90   -90   -90   -90   -90   -90   -90   -90   -90   -90   -90   -90   -90   -90   -90   -90
        -90   -90   -90   -90   -90   -90   -90   -90   -90   -90   -90   -90   -90   -90   -90   -90   -90   -90   -90   -90
        -90   -90   -90   -90   -90   -90
  76   1000   989   955   902   833   752   664   575   489   409   335   269   209   154    98    30   -33   -58   -78   -88
        -83   -83   -83   -83   -83   -83   -83   -83   -83   -83   -83   -83   -83   -83   -83   -83   -83   -83   -83   -83
        -83   -83   -83   -83   -83   -83   -83   -83   -83   -83   -83   -83   -83   -83   -83   -83   -83   -83   -83   -83
        -83   -83   -83   -83   -83
  77   1000   989   955   902   832   751   664   575   488   406   330   260   194   128    51   -20   -51   -73   -85   -76
        -76   -76   -76   -76   -76   -76   -76   -76   -76   -76   -76   -76   -76   -76   -76   -76   -76   -76   -76   -76
        -76   -76   -76   -76   -76   -76   -76   -76   -76   -76   -76   -76   -76   -76   -76   -76   -76   -76   -76   -76
        -76   -76   -76   -76
  78   1000   988   955   901   832   751   664   575   487   403   322   245   168    79    -3   -41   -69   -83   -72   -72
        -72   -72   -72   -72   -72   -72   -72   -72   -72   -72   -72   -72   -72   -72   -72   -72   -72   -72   -72   -72
        -72   -72   -72   -72   -72   -72   -72   -72   -72   -72   -72   -72   -72   -72   -72   -72   -72   -72   -72   -72
        -72   -72   -72
  79   1000   988   955   901   832   752   665   575   485   396   308   218   115    16   -30   -65   -84   -72   -72   -72
        -72   -72   -72   -72   -72   -72   -72   -72   -72   -72   -72   -72   -72   -72   -72   -72   -72   -72   -72   -72
        -72   -72   -72   -72   -72   -72   -72   -72   -72   -72   -72   -72   -72   -72   -72   -72   -72   -72   -72   -72
        -72   -72
  80   1000   988   955   902   833   753   665   573   478   381   279   159    40   -17   -60   -85   -76   -76   -76   -76
        -76   -76   -76   -76   -76   -76   -76   -76   -76   -76   -76   -76   -76   -76   -76   -76   -76   -76   -76   -76
        -76   -76   -76   -76   -76   -76   -76   -76   -76   -76   -76   -76   -76   -76   -76   -76   -76   -76   -76   -76
        -76
  81   1000   989   955   902   834   753   663   566   462   349   211    69    -1   -55   -87   -83   -83   -83   -83   -83
        -83   -83   -83   -83   -83   -83   -83   -83   -83   -83   -83   -83   -83   -83   -83   -83   -83   -83   -83   -83
        -83   -83   -83   -83   -83   -83   -83   -83   -83   -83   -83   -83   -83   -83   -83   -83   -83   -83   -83   -83
  82   1000   989   956   903   834   751   656   549   427   271   104    18   -47   -88   -95   -95   -95   -95   -95   -95
        -95   -95   -95   -95   -95   -95   -95   -95   -95   -95   -95   -95   -95   -95   -95   -95   -95   -95   -95   -95
        -95   -95   -95   -95   -95   -95   -95   -95   -95   -95   -95   -95   -95   -95   -95   -95   -95   -95   -95
  83   1000   989   956   903   831   743   638   511   339   145    45   -35   -85  -109  -109  -109  -109  -109  -109  -109
       -109  -109  -109  -109  -109  -109  -109  -109  -109  -109  -109  -109  -109  -109  -109  -109  -109  -109  -109  -109
       -109  -109  -109  -109  -109  -109  -109  -109  -109  -109  -109  -109  -109  -109  -109  -109  -109  -109
  84   1000   989   955   900   824   725   598   413   193    79   -15   -75  -126  -126  -126  -126  -126  -126  -126  -126
       -126  -126  -126  -126  -126  -126  -126  -126  -126  -126  -126  -126  -126  -126  -126  -126  -126  -126  -126  -126
       -126  -126  -126  -126  -126  -126  -126  -126  -126  -126  -126  -126  -126  -126  -126  -126  -126
  85   1000   988   954   894   808   686   493   249   124    14   -56  -142  -142  -142  -142  -142  -142  -142  -142  -142
       -142  -142  -142  -142  -142  -142  -142  -142  -142  -142  -142  -142  -142  -142  -142  -142  -142  -142  -142  -142
       -142  -142  -142  -142  -142  -142  -142  -142  -142  -142  -142  -142  -142  -142  -142  -142
  86   1000   988   949   881   771   577   315   181    58   -23  -156  -156  -156  -156  -156  -156  -156  -156  -156  -156
       -156  -156  -156  -156  -156  -156  -156  -156  -156  -156  -156  -156  -156  -156  -156  -156  -156  -156  -156  -156
       -156  -156  -156  -156  -156  -156  -156  -156  -156  -156  -156  -156  -156  -156  -156
  87   1000   986   941   851   666   392   254   120    29  -163  -163  -163  -163  -163  -163  -163  -163  -163  -163  -163
       -163  -163  -163  -163  -163  -163  -163  -163  -163  -163  -163  -163  -163  -163  -163  -163  -163  -163  -163  -163
       -163  -163  -163  -163  -163  -163  -163  -163  -163  -163  -163  -163  -163  -163
  88   1000   983   921   756   483   347   206   108  -158  -158  -158  -158  -158  -158  -158  -158  -158  -158  -158  -158
       -158  -158  -158  -158  -158  -158  -158  -158  -158  -158  -158  -158  -158  -158  -158  -158  -158  -158  -158  -158
       -158  -158  -158  -158  -158  -158  -158  -158  -158  -158  -158  -158  -158
  89   1000   975   848   593   467   325   225  -123  -123  -123  -123  -123  -123  -123  -123  -123  -123  -123  -123  -123
       -123  -123  -123  -123  -123  -123  -123  -123  -123  -123  -123  -123  -123  -123  -123  -123  -123  -123  -123  -123
       -123  -123  -123  -123  -123  -123  -123  -123  -123  -123  -123  -123
  90   1000   939   736   631   501   404   -17   -17   -17   -17   -17   -17   -17   -17   -17   -17   -17   -17   -17   -17
        -17   -17   -17   -17   -17   -17   -17   -17   -17   -17   -17   -17   -17   -17   -17   -17   -17   -17   -17   -17
        -17   -17   -17   -17   -17   -17   -17   -17   -17   -17   -17
  91   1000   922   857   762   680   261   261   261   261   261   261   261   261   261   261   261   261   261   261   261
        261   261   261   261   261   261   261   261   261   261   261   261   261   261   261   261   261   261   261   261
        261   261   261   261   261   261   261   261   261   261
  92   1000   984   943   891   573   573   573   573   573   573   573   573   573   573   573   573   573   573   573   573
        573   573   573   573   573   573   573   573   573   573   573   573   573   573   573   573   573   573   573   573
        573   573   573   573   573   573   573   573   573
  93   1000   986   955   605   605   605   605   605   605   605   605   605   605   605   605   605   605   605   605   605
        605   605   605   605   605   605   605   605   605   605   605   605   605   605   605   605   605   605   605   605
        605   605   605   605   605   605   605   605
  94   1000   991   660   660   660   660   660   660   660   660   660   660   660   660   660   660   660   660   660   660
        660   660   660   660   660   660   660   660   660   660   660   660   660   660   660   660   660   660   660   660
        660   660   660   660   660   660   660
  95   1000   665   665   665   665   665   665   665   665   665   665   665   665   665   665   665   665   665   665   665
        665   665   665   665   665   665   665   665   665   665   665   665   665   665   665   665   665   665   665   665
        665   665   665   665   665   665
  96   1000  1000  1000  1000  1000  1000  1000  1000  1000  1000  1000  1000  1000  1000  1000  1000  1000  1000  1000  1000
       1000  1000  1000  1000  1000  1000  1000  1000  1000  1000  1000  1000  1000  1000  1000  1000  1000  1000  1000  1000
       1000  1000  1000  1000  1000
  97   1000  1000  1000  1000  1000  1000  1000  1000  1000  1000  1000  1000  1000  1000  1000  1000  1000  1000  1000  1000
       1000  1000  1000  1000  1000  1000  1000  1000  1000  1000  1000  1000  1000  1000  1000  1000  1000  1000  1000  1000
       1000  1000  1000  1000
  98   1000  1000  1000  1000  1000  1000  1000  1000  1000  1000  1000  1000  1000  1000  1000  1000  1000  1000  1000  1000
       1000  1000  1000  1000  1000  1000  1000  1000  1000  1000  1000  1000  1000  1000  1000  1000  1000  1000  1000  1000
       1000  1000  1000
  99   1000  1000  1000  1000  1000  1000  1000  1000  1000  1000  1000  1000  1000  1000  1000  1000  1000  1000  1000  1000
       1000  1000  1000  1000  1000  1000  1000  1000  1000  1000  1000  1000  1000  1000  1000  1000  1000  1000  1000  1000
       1000  1000
 100   1000  1000  1000  1000  1000  1000  1000  1000  1000  1000  1000  1000  1000  1000  1000  1000  1000  1000  1000  1000
       1000  1000  1000  1000  1000  1000  1000  1000  1000  1000  1000  1000  1000  1000  1000  1000  1000  1000  1000  1000
       1000
 101   1000  1000  1000  1000  1000  1000  1000  1000  1000  1000  1000  1000  1000  1000  1000  1000  1000  1000  1000  1000
       1000  1000  1000  1000  1000  1000  1000  1000  1000  1000  1000  1000  1000  1000  1000  1000  1000  1000  1000  1000
 102   1000  1000  1000  1000  1000  1000  1000  1000  1000  1000  1000  1000  1000  1000  1000  1000  1000  1000  1000  1000
       1000  1000  1000  1000  1000  1000  1000  1000  1000  1000  1000  1000  1000  1000  1000  1000  1000  1000  1000
 103   1000  1000  1000  1000  1000  1000  1000  1000  1000  1000  1000  1000  1000  1000  1000  1000  1000  1000  1000  1000
       1000  1000  1000  1000  1000  1000  1000  1000  1000  1000  1000  1000  1000  1000  1000  1000  1000  1000
 104   1000  1000  1000  1000  1000  1000  1000  1000  1000  1000  1000  1000  1000  1000  1000  1000  1000  1000  1000  1000
       1000  1000  1000  1000  1000  1000  1000  1000  1000  1000  1000  1000  1000  1000  1000  1000  1000
 105   1000  1000  1000  1000  1000  1000  1000  1000  1000  1000  1000  1000  1000  1000  1000  1000  1000  1000  1000  1000
       1000  1000  1000  1000  1000  1000  1000  1000  1000  1000  1000  1000  1000  1000  1000  1000
 106   1000  1000  1000  1000  1000  1000  1000  1000  1000  1000  1000  1000  1000  1000  1000  1000  1000  1000  1000  1000
       1000  1000  1000  1000  1000  1000  1000  1000  1000  1000  1000  1000  1000  1000  1000
 107   1000  1000  1000  1000  1000  1000  1000  1000  1000  1000  1000  1000  1000  1000  1000  1000  1000  1000  1000  1000
       1000  1000  1000  1000  1000  1000  1000  1000  1000  1000  1000  1000  1000  1000
 108   1000  1000  1000  1000  1000  1000  1000  1000  1000  1000  1000  1000  1000  1000  1000  1000  1000  1000  1000  1000
       1000  1000  1000  1000  1000  1000  1000  1000  1000  1000  1000  1000  1000
 109   1000  1000  1000  1000  1000  1000  1000  1000  1000  1000  1000  1000  1000  1000  1000  1000  1000  1000  1000  1000
       1000  1000  1000  1000  1000  1000  1000  1000  1000  1000  1000  1000
 110   1000  1000  1000  1000  1000  1000  1000  1000  1000  1000  1000  1000  1000  1000  1000  1000  1000  1000  1000  1000
       1000  1000  1000  1000  1000  1000  1000  1000  1000  1000  1000
 111   1000  1000  1000  1000  1000  1000  1000  1000  1000  1000  1000  1000  1000  1000  1000  1000  1000  1000  1000  1000
       1000  1000  1000  1000  1000  1000  1000  1000  1000  1000
 112   1000  1000  1000  1000  1000  1000  1000  1000  1000  1000  1000  1000  1000  1000  1000  1000  1000  1000  1000  1000
       1000  1000  1000  1000  1000  1000  1000  1000  1000
 113   1000  1000  1000  1000  1000  1000  1000  1000  1000  1000  1000  1000  1000  1000  1000  1000  1000  1000  1000  1000
       1000  1000  1000  1000  1000  1000  1000  1000
 114   1000  1000  1000  1000  1000  1000  1000  1000  1000  1000  1000  1000  1000  1000  1000  1000  1000  1000  1000  1000
       1000  1000  1000  1000  1000  1000  1000
 115   1000  1000  1000  1000  1000  1000  1000  1000  1000  1000  1000  1000  1000  1000  1000  1000  1000  1000  1000  1000
       1000  1000  1000  1000  1000  1000
 116   1000  1000  1000  1000  1000  1000  1000  1000  1000  1000  1000  1000  1000  1000  1000  1000  1000  1000  1000  1000
       1000  1000  1000  1000  1000
 117   1000  1000  1000  1000  1000  1000  1000  1000  1000  1000  1000  1000  1000  1000  1000  1000  1000  1000  1000  1000
       1000  1000  1000  1000
 118   1000  1000  1000  1000  1000  1000  1000  1000  1000  1000  1000  1000  1000  1000  1000  1000  1000  1000  1000  1000
       1000  1000  1000
 119   1000  1000  1000  1000  1000  1000  1000  1000  1000  1000  1000  1000  1000  1000  1000  1000  1000  1000  1000  1000
       1000  1000
 120   1000  1000  1000  1000  1000  1000  1000  1000  1000  1000  1000  1000  1000  1000  1000  1000  1000  1000  1000  1000
       1000
 121   1000  1000  1000  1000  1000  1000  1000  1000  1000  1000  1000  1000  1000  1000  1000  1000  1000  1000  1000  1000
 122   1000  1000  1000  1000  1000  1000  1000  1000  1000  1000  1000  1000  1000  1000  1000  1000  1000  1000  1000
 123   1000  1000  1000  1000  1000  1000  1000  1000  1000  1000  1000  1000  1000  1000  1000  1000  1000  1000
 124   1000  1000  1000  1000  1000  1000  1000  1000  1000  1000  1000  1000  1000  1000  1000  1000  1000
 125   1000  1000  1000  1000  1000  1000  1000  1000  1000  1000  1000  1000  1000  1000  1000  1000
 126   1000  1000  1000  1000  1000  1000  1000  1000  1000  1000  1000  1000  1000  1000  1000
 127   1000  1000  1000  1000  1000  1000  1000  1000  1000  1000  1000  1000  1000  1000
 128   1000  1000  1000  1000  1000  1000  1000  1000  1000  1000  1000  1000  1000
 129   1000  1000  1000  1000  1000  1000  1000  1000  1000  1000  1000  1000
 130   1000  1000  1000  1000  1000  1000  1000  1000  1000  1000  1000
 131   1000  1000  1000  1000  1000  1000  1000  1000  1000  1000
 132   1000  1000  1000  1000  1000  1000  1000  1000  1000
 133   1000  1000  1000  1000  1000  1000  1000  1000
 134   1000  1000  1000  1000  1000  1000  1000
 135   1000  1000  1000  1000  1000  1000
 136   1000  1000  1000  1000  1000
 137   1000  1000  1000  1000
 138   1000  1000  1000
 139   1000  1000
 140   1000

 Finished!
