88" 33MeV Deuteron breakup on Ta, ETA
  140    7    1    0    1
   0.00500  10.00000   0.00500   0.00100
   0.0000000   0   0 7.04179000E+04   1.0000000
AL27P    0.000E+00 0.053       0.00       0.00        (    )
AL27A    0.000E+00 0.019       0.00       0.00        (    )
NI582    0.000E+00 0.021       0.00       0.00        (    )
IN115N   0.000E+00 0.015       0.00       0.00        (    )
AU1972   0.000E+00 0.019       0.00       0.00        (    )
AU197G   0.000E+00 0.020       0.00 AUNG  3.94 IFX    (ISTP)
IN115G   0.000E+00 0.020       0.00 INNG 40.39 IFX    (ISTP)
Flux Uncertainty From MCNP Calculations
 140
 3.0650E-01 1.5650E-01 9.0500E-02 6.1800E-02 6.8600E-02 9.4200E-02 1.1050E-01
 1.0710E-01 1.0870E-01 1.3390E-01 1.2890E-01 1.8400E-01 1.2640E-01 1.6350E-01
 1.3770E-01 1.3480E-01 1.8250E-01 1.2550E-01 1.5640E-01 1.5780E-01 1.0450E-01
 1.2880E-01 1.1770E-01 1.2110E-01 1.2750E-01 1.3010E-01 1.3270E-01 1.3320E-01
 1.1580E-01 1.1920E-01 1.0260E-01 1.0550E-01 8.8800E-02 9.0200E-02 1.1710E-01
 7.0700E-02 7.3000E-02 5.7400E-02 5.6200E-02 4.6900E-02 3.7400E-02 3.0100E-02
 3.3900E-02 2.9000E-02 2.0400E-02 1.7500E-02 2.0000E-02 1.3700E-02 1.2900E-02
 9.6000E-03 1.0300E-02 8.3000E-03 9.2000E-03 8.0000E-03 8.3000E-03 7.6000E-03
 7.7000E-03 8.2000E-03 7.1000E-03 7.0000E-03 6.7000E-03 6.5000E-03 6.3000E-03
 6.2000E-03 5.7000E-03 5.4000E-03 5.2000E-03 5.3000E-03 4.6000E-03 4.6000E-03
 3.3000E-03 3.7000E-03 3.9000E-03 4.3000E-03 4.7000E-03 4.5000E-03 5.2000E-03
 6.0000E-03 6.2000E-03 7.0000E-03 8.1000E-03 8.7000E-03 8.7000E-03 9.3000E-03
 9.4000E-03 7.5000E-03 7.0000E-03 5.9000E-03 5.4000E-03 4.2000E-03 4.1000E-03
 4.0000E-03 3.9000E-03 3.8000E-03 4.2000E-03 4.5000E-03 5.2000E-03 6.3000E-03
 7.1000E-03 9.5000E-03 1.2200E-02 1.3400E-02 1.7000E-02 2.1000E-02 2.6100E-02
 3.0900E-02 3.7100E-02 4.5000E-02 5.7600E-02 6.0000E-02 1.1330E-01 7.1900E-02
 8.6000E-02 1.0070E-01 1.2780E-01 1.3760E-01 1.8580E-01 3.8310E-01 0.0000E+00
 0.0000E+00 0.0000E+00 0.0000E+00 0.0000E+00 0.0000E+00 0.0000E+00 0.0000E+00
 0.0000E+00 0.0000E+00 0.0000E+00 0.0000E+00 0.0000E+00 0.0000E+00 0.0000E+00
 0.0000E+00 0.0000E+00 0.0000E+00 0.0000E+00 0.0000E+00 0.0000E+00 0.0000E+00
Input Flux Spectrum from MCNP Simulation
 140   0 1.200E+10 2.000E+01 5.000E-08
 8.9625E-12 6.7336E-10 2.3440E-09 7.0791E-09 4.6653E-09 4.1980E-09 2.4827E-09
 2.6444E-09 1.9601E-09 1.5473E-09 1.6797E-09 1.9314E-09 1.5202E-09 1.8902E-09
 1.2395E-09 1.2806E-09 1.2817E-09 1.3973E-09 2.2202E-09 1.5918E-09 2.1406E-09
 2.3895E-09 2.2756E-09 1.7151E-09 1.0737E-09 1.8636E-09 1.4453E-09 1.7041E-09
 1.6808E-09 2.2972E-09 3.7841E-09 2.2190E-09 2.8108E-09 2.7217E-09 4.0752E-09
 5.8117E-09 4.8034E-09 9.6896E-09 8.1826E-09 1.2169E-08 1.4342E-08 2.7003E-08
 2.6464E-08 3.5474E-08 6.4412E-08 9.4647E-08 7.4403E-08 1.4855E-07 1.8122E-07
 3.5261E-07 2.9520E-07 4.3374E-07 3.6442E-07 4.6672E-07 4.3757E-07 5.1644E-07
 5.5059E-07 4.3525E-07 6.1286E-07 5.9083E-07 6.9720E-07 7.3380E-07 7.2786E-07
 7.4773E-07 8.9376E-07 9.5933E-07 1.0261E-06 9.3899E-07 1.2943E-06 1.2179E-06
 2.4697E-06 2.0325E-06 1.7326E-06 1.4108E-06 1.1312E-06 1.2529E-06 9.3829E-07
 6.7152E-07 6.4487E-07 4.7630E-07 3.4929E-07 2.7774E-07 2.8113E-07 2.4260E-07
 2.2501E-07 3.1234E-07 3.2056E-07 3.9445E-07 4.5271E-07 6.3345E-07 6.8319E-07
 7.0209E-07 7.0323E-07 6.8363E-07 5.7444E-07 4.7476E-07 3.5110E-07 2.6197E-07
 1.8081E-07 1.0542E-07 7.0425E-08 4.7211E-08 2.9942E-08 1.9190E-08 1.2507E-08
 8.6906E-09 6.1070E-09 4.2988E-09 3.4526E-09 2.2862E-09 2.0612E-09 1.6021E-09
 1.1265E-09 8.7568E-10 4.9617E-10 4.4084E-10 2.3702E-10 7.6696E-11 0.0000E+00
 0.0000E+00 0.0000E+00 0.0000E+00 0.0000E+00 0.0000E+00 0.0000E+00 0.0000E+00
 0.0000E+00 0.0000E+00 0.0000E+00 0.0000E+00 0.0000E+00 0.0000E+00 0.0000E+00
 0.0000E+00 0.0000E+00 0.0000E+00 0.0000E+00 0.0000E+00 0.0000E+00 0.0000E+00



                         ==============================
                               STAYSL PNNL OUTPUT
                         ==============================

 STAYSL PNNL, version 1.2.0, 2015-08-05


 SCENARIO TITLE: 88" 33MeV Deuteron breakup on Ta, ETA
 -------------------------------------------------------------------------------
  NGROUP =   140    NRXN =     7    ACTIVITY NORM = 1.00000E+00

  COVARIANCE PARAMETERS (FCHN, FCVX, ACVX, FS)
    FLUXES:      WIDTH =  1.0000E+01   LONG RANGE COVAR. =  5.0000E-03
            ACTIVITIES =  5.0000E-03   X-SECT CROSS COR. =  1.0000E-03

  CALCULATED ACTIVITIES (unadjusted, but applying any cover or self-shielding)

       REACTION         SIG-PHI (1/s)    SIG (cm²)
    AL27(N,P)MG27        6.8175E-21     1.5668E-26
    AL27(N,A)NA24        7.1286E-21     1.6383E-26
    NI58(N,2N)NI57       1.4795E-21     3.4003E-27
    IN115(N,N')IN115M    5.4278E-20     1.2474E-25
    AU197(N,2N)AU196     1.1068E-19     2.5437E-25
    AU197(N,G)AU198      7.7096E-20     1.7718E-25
    IN115(N,G)IN116M     9.0246E-20     2.0741E-25

  SPECTRUM FOR ACTIVITIES
                   NORM =      1.0000
     AVG NEUTRON ENERGY =  3.4180E+00 MeV

 GRP     ENERGY       FLUX     INTEGRAL > E
   1   1.000E-10   1.1950E+08   4.3512E+05
   2   1.000E-09   8.9781E+08   4.3512E+05
   3   1.000E-08   2.1637E+09   4.3511E+05
   4   2.300E-08   3.1463E+09   4.3508E+05
   5   5.000E-08   2.1532E+09   4.3500E+05
   6   7.600E-08   1.2917E+09   4.3494E+05
   7   1.150E-07   5.4168E+08   4.3489E+05
   8   1.700E-07   3.7333E+08   4.3486E+05
   9   2.550E-07   1.8817E+08   4.3483E+05
  10   3.800E-07   1.0922E+08   4.3481E+05
  11   5.500E-07   6.9505E+07   4.3479E+05
  12   8.400E-07   5.3280E+07   4.3477E+05
  13   1.275E-06   2.9188E+07   4.3474E+05
  14   1.900E-06   2.5203E+07   4.3473E+05
  15   2.800E-06   1.0258E+07   4.3470E+05
  16   4.250E-06   7.4962E+06   4.3469E+05
  17   6.300E-06   5.3036E+06   4.3467E+05
  18   9.200E-06   3.8994E+06   4.3466E+05
  19   1.350E-05   3.5523E+06   4.3464E+05
  20   2.100E-05   2.1224E+06   4.3461E+05
  21   3.000E-05   1.7125E+06   4.3459E+05
  22   4.500E-05   1.1948E+06   4.3457E+05
  23   6.900E-05   8.8088E+05   4.3454E+05
  24   1.000E-04   5.8803E+05   4.3451E+05
  25   1.350E-04   3.6813E+05   4.3449E+05
  26   1.700E-04   4.4726E+05   4.3448E+05
  27   2.200E-04   2.8906E+05   4.3446E+05
  28   2.800E-04   2.5561E+05   4.3444E+05
  29   3.600E-04   2.2411E+05   4.3442E+05
  30   4.500E-04   2.2053E+05   4.3440E+05
  31   5.750E-04   2.4546E+05   4.3437E+05
  32   7.600E-04   1.3314E+05   4.3433E+05
  33   9.600E-04   1.0708E+05   4.3430E+05
  34   1.275E-03   1.0049E+05   4.3427E+05
  35   1.600E-03   1.2226E+05   4.3423E+05
  36   2.000E-03   9.9629E+04   4.3418E+05
  37   2.700E-03   8.2344E+04   4.3411E+05
  38   3.400E-03   1.0570E+05   4.3406E+05
  39   4.500E-03   9.8191E+04   4.3394E+05
  40   5.500E-03   8.5899E+04   4.3384E+05
  41   7.200E-03   8.6052E+04   4.3370E+05
  42   9.200E-03   1.1573E+05   4.3352E+05
  43   1.200E-02   1.0586E+05   4.3320E+05
  44   1.500E-02   1.0642E+05   4.3288E+05
  45   1.900E-02   1.1891E+05   4.3246E+05
  46   2.550E-02   1.7473E+05   4.3168E+05
  47   3.200E-02   1.1160E+05   4.3055E+05
  48   4.000E-02   1.4261E+05   4.2966E+05
  49   5.250E-02   1.6108E+05   4.2787E+05
  50   6.600E-02   1.9233E+05   4.2570E+05
  51   8.800E-02   1.6102E+05   4.2147E+05
  52   1.100E-01   2.0820E+05   4.1792E+05
  53   1.350E-01   1.7492E+05   4.1272E+05
  54   1.600E-01   1.8669E+05   4.0835E+05
  55   1.900E-01   1.7503E+05   4.0275E+05
  56   2.200E-01   1.7707E+05   3.9749E+05
  57   2.550E-01   1.8877E+05   3.9130E+05
  58   2.900E-01   1.7410E+05   3.8469E+05
  59   3.200E-01   1.8386E+05   3.7947E+05
  60   3.600E-01   1.7725E+05   3.7211E+05
  61   4.000E-01   1.6733E+05   3.6502E+05
  62   4.500E-01   1.7611E+05   3.5666E+05
  63   5.000E-01   1.7469E+05   3.4785E+05
  64   5.500E-01   1.7946E+05   3.3912E+05
  65   6.000E-01   1.7875E+05   3.3014E+05
  66   6.600E-01   1.9187E+05   3.1942E+05
  67   7.200E-01   2.0522E+05   3.0791E+05
  68   7.800E-01   1.8780E+05   2.9559E+05
  69   8.400E-01   1.9414E+05   2.8433E+05
  70   9.200E-01   1.8269E+05   2.6879E+05
  71   1.000E+00   1.4818E+05   2.5418E+05
  72   1.200E+00   1.2195E+05   2.2454E+05
  73   1.400E+00   1.0396E+05   2.0015E+05
  74   1.600E+00   8.4648E+04   1.7936E+05
  75   1.800E+00   6.7872E+04   1.6243E+05
  76   2.000E+00   5.0116E+04   1.4886E+05
  77   2.300E+00   3.7532E+04   1.3382E+05
  78   2.600E+00   2.6861E+04   1.2256E+05
  79   2.900E+00   1.9346E+04   1.1451E+05
  80   3.300E+00   1.4289E+04   1.0677E+05
  81   3.700E+00   1.0479E+04   1.0105E+05
  82   4.100E+00   8.3322E+03   9.6860E+04
  83   4.500E+00   6.7471E+03   9.3527E+04
  84   5.000E+00   5.8224E+03   9.0153E+04
  85   5.500E+00   5.4002E+03   8.7242E+04
  86   6.000E+00   5.3544E+03   8.4542E+04
  87   6.700E+00   5.4953E+03   8.0794E+04
  88   7.400E+00   5.9168E+03   7.6947E+04
  89   8.200E+00   6.7906E+03   7.2214E+04
  90   9.000E+00   7.6014E+03   6.6781E+04
  91   1.000E+01   8.1983E+03   5.9180E+04
  92   1.100E+01   8.4251E+03   5.0982E+04
  93   1.200E+01   8.4388E+03   4.2557E+04
  94   1.300E+01   8.2036E+03   3.4118E+04
  95   1.400E+01   6.8933E+03   2.5914E+04
  96   1.500E+01   5.6971E+03   1.9021E+04
  97   1.600E+01   4.2132E+03   1.3324E+04
  98   1.700E+01   3.1436E+03   9.1107E+03
  99   1.800E+01   2.1697E+03   5.9671E+03
 100   1.900E+01   1.2650E+03   3.7974E+03
 101   2.000E+01   8.4510E+02   2.5323E+03
 102   2.100E+01   5.6653E+02   1.6872E+03
 103   2.200E+01   3.5930E+02   1.1207E+03
 104   2.300E+01   2.3028E+02   7.6138E+02
 105   2.400E+01   1.5008E+02   5.3110E+02
 106   2.500E+01   1.0429E+02   3.8102E+02
 107   2.600E+01   7.3284E+01   2.7673E+02
 108   2.700E+01   5.1586E+01   2.0345E+02
 109   2.800E+01   4.1431E+01   1.5186E+02
 110   2.900E+01   2.7434E+01   1.1043E+02
 111   3.000E+01   2.4734E+01   8.2994E+01
 112   3.100E+01   1.9225E+01   5.8260E+01
 113   3.200E+01   1.3518E+01   3.9035E+01
 114   3.300E+01   1.0508E+01   2.5517E+01
 115   3.400E+01   5.9540E+00   1.5009E+01
 116   3.500E+01   5.2901E+00   9.0547E+00
 117   3.600E+01   2.8442E+00   3.7646E+00
 118   3.700E+01   9.2035E-01   9.2035E-01
 119   3.800E+01   0.0000E+00   0.0000E+00
 120   3.900E+01   0.0000E+00   0.0000E+00
 121   4.000E+01   0.0000E+00   0.0000E+00
 122   4.100E+01   0.0000E+00   0.0000E+00
 123   4.200E+01   0.0000E+00   0.0000E+00
 124   4.300E+01   0.0000E+00   0.0000E+00
 125   4.400E+01   0.0000E+00   0.0000E+00
 126   4.500E+01   0.0000E+00   0.0000E+00
 127   4.600E+01   0.0000E+00   0.0000E+00
 128   4.700E+01   0.0000E+00   0.0000E+00
 129   4.800E+01   0.0000E+00   0.0000E+00
 130   4.900E+01   0.0000E+00   0.0000E+00
 131   5.000E+01   0.0000E+00   0.0000E+00
 132   5.100E+01   0.0000E+00   0.0000E+00
 133   5.200E+01   0.0000E+00   0.0000E+00
 134   5.300E+01   0.0000E+00   0.0000E+00
 135   5.400E+01   0.0000E+00   0.0000E+00
 136   5.500E+01   0.0000E+00   0.0000E+00
 137   5.600E+01   0.0000E+00   0.0000E+00
 138   5.700E+01   0.0000E+00   0.0000E+00
 139   5.800E+01   0.0000E+00   0.0000E+00
 140   5.900E+01   0.0000E+00   0.0000E+00
       6.000E+01

 Finished!
