NIF_RUN Passive 18x snout on TANDM 90-348 Pinhole
  140    5    1    0    1
   0.00500   9.00000   0.00500   0.00100
   0.0000000   0   0 1.00000000E+00   1.0000000
ZR902    1.706E-12 0.010       0.00       0.00        (    )
IN115N   4.881E-13 0.007       0.00       0.00        (    )
AU197G   8.079E-14 0.010       0.00 AUNG  3.94 IFX    (ISTP)
IN115G   1.161E-13 0.020       0.00 INNG 39.37 IFX    (ISTP)
AU1972   1.218E-11 0.053       0.00       0.00        (    )
Flux Uncertainty
   4
 1.0000E-11 1.2900E+01 1.2990E+01 2.0100E+01
 1.0000E+01 1.0000E+00 1.0000E-01 3.0000E-02
Input Flux Spectrum
 140   1 1.000E+00 2.000E+01 5.000E-08
 0.0000E+00 0.0000E+00 0.0000E+00 0.0000E+00 0.0000E+00 0.0000E+00 0.0000E+00
 0.0000E+00 0.0000E+00 0.0000E+00 0.0000E+00 0.0000E+00 0.0000E+00 0.0000E+00
 0.0000E+00 0.0000E+00 0.0000E+00 0.0000E+00 1.0000E+09 1.0000E+09 1.0000E+09
 1.0000E+09 1.0000E+09 1.0000E+09 1.0000E+10 1.0000E+10 1.0000E+10 1.0000E+10
 1.0000E+10 1.0000E+10 1.0000E+10 1.0000E+10 1.0000E+11 1.0000E+11 1.0000E+11
 1.0000E+10 1.0000E+10 1.0000E+10 1.0000E+10 1.0000E+11 1.0000E+11 1.0000E+11
 1.0000E+10 1.0000E+10 1.0000E+10 1.0000E+10 1.0000E+11 1.0000E+11 1.0000E+11
 1.0000E+10 1.0000E+10 1.0000E+10 1.0000E+10 1.0000E+11 1.0000E+11 1.0000E+11
 1.0000E+10 1.0000E+10 1.0000E+10 1.0000E+10 1.0000E+11 1.0000E+11 1.0000E+11
 1.0000E+10 1.0000E+10 1.0000E+10 1.0000E+10 1.0000E+11 1.0000E+11 1.0000E+11
 1.0000E+10 1.0000E+10 1.0000E+10 1.0000E+10 1.0000E+11 1.0000E+11 1.0000E+11
 1.0000E+10 1.0000E+10 1.0000E+10 1.0000E+10 1.0000E+11 1.0000E+11 1.0000E+11
 1.0000E+10 1.0000E+10 1.0000E+10 1.0000E+10 1.0000E+11 1.0000E+11 1.0000E+11
 1.0000E+11 1.0000E+11 2.4516E+12 3.5573E+12 0.0000E+00 0.0000E+00 0.0000E+00
 0.0000E+00 0.0000E+00 0.0000E+00 0.0000E+00 0.0000E+00 0.0000E+00 0.0000E+00
 0.0000E+00 0.0000E+00 0.0000E+00 0.0000E+00 0.0000E+00 0.0000E+00 0.0000E+00
 0.0000E+00 0.0000E+00 0.0000E+00 0.0000E+00 0.0000E+00 0.0000E+00 0.0000E+00
 0.0000E+00 0.0000E+00 0.0000E+00 0.0000E+00 0.0000E+00 0.0000E+00 0.0000E+00
 0.0000E+00 0.0000E+00 0.0000E+00 0.0000E+00 0.0000E+00 0.0000E+00 0.0000E+00
 0.0000E+00 0.0000E+00 0.0000E+00 0.0000E+00 0.0000E+00 0.0000E+00 0.0000E+00
   10   13   28   11    8    5    8    7   10   40



                         ==============================
                               STAYSL PNNL OUTPUT
                         ==============================

 STAYSL PNNL, version 1.2.0, 2015-08-05


 SCENARIO TITLE: NIF_RUN Passive 18x snout on TANDM 90-348 Pinhole
 -------------------------------------------------------------------------------
  NGROUP =   140    NRXN =     5    ACTIVITY NORM = 1.00000E+00

  COVARIANCE PARAMETERS (FCHN, FCVX, ACVX, FS)
    FLUXES:      WIDTH =  9.0000E+00   LONG RANGE COVAR. =  5.0000E-03
            ACTIVITIES =  5.0000E-03   X-SECT CROSS COR. =  1.0000E-03

    DETERM =   1.4042 × 10^   1.00      ERROR =  -8.7430E-17

  INPUT NORMALIZATION DATA
    AK1   =     0.00000     VAK        =     0.00003
    NORML =           0     RENORM     = 2.64964E-02
    CHI²  =  8379.05490     NORM. CHI² =  2094.76372
     (logarithmic limit was applied to low fluxes)

  DOSIMETRY ACTIVITIES
     ———— INPUTS —————  -UNADJUSTED FLUX-  — ADJUSTED FLUX —    CHI²  90% ACTIVITIES RANGE
 RXN  MEASURED     ±%   ACTIVITY    %DIFF  ACTIVITY    %DIFF  CONTRIB --LOW E-- --HIGH E--   REACTION          CVR
  1  1.706E-12    1.00  9.598E-14  -94.37  4.463E-13  -73.84 6489.564  1.30E+01  1.40E+01  ZR90(N,2N)ZR89          
  2  4.881E-13    0.70  2.009E-14  -95.88  3.594E-13  -26.38 1674.367  1.80E+00  1.40E+01  IN115(N,N')IN115M       
  3  8.079E-14    1.00  9.411E-14   16.49  8.570E-14    6.08    0.367  9.60E-04  3.70E+00  AU197(N,G)AU198         
  4  1.161E-13    2.00  4.157E-14  -64.20  9.572E-14  -17.56    5.609  2.70E-03  2.90E+00  IN115(N,G)IN116M        
  5  1.218E-11    5.30  3.518E-13  -97.11  2.184E-12  -82.07  209.146  1.00E+01  1.40E+01  AU197(N,2N)AU196        

             % STD. DEV.  =         89.34              57.51

                              CHECK INPUT, IT IS RATHER UNLIKELY !
                                   *** BEWARE OF OUTPUT ! ***


  DIFFERENTIAL FLUXES (input is normalized by a factor of 2.6496E-02)
                  —————— DIFFERENTIAL FLUX —————   ———— STD. DEV. % ————   INTEGRAL
 GRP    ENERGY        NEW         OLD      RATIO    NEW     OLD    RATIO   FLUX > E     ± %
  19  1.3500E-05  1.5854E+12  3.5329E+12   0.449  298.16  306.16   0.974  2.0751E+12   20.87
  20  2.1000E-05  9.4561E+11  2.9440E+12   0.321  284.15  296.21   0.959  2.0751E+12   20.87
  21  3.0000E-05  3.4268E+11  1.7664E+12   0.194  269.38  287.05   0.938  2.0751E+12   20.87
  22  4.5000E-05  1.8526E+11  1.1040E+12   0.168  252.30  277.35   0.910  2.0751E+12   20.87
  23  6.9000E-05  1.2369E+11  8.5472E+11   0.145  233.80  268.34   0.871  2.0751E+12   20.87
  24  1.0000E-04  9.4343E+10  7.5704E+11   0.125  214.42  261.00   0.822  2.0751E+12   20.87
  25  1.3500E-04  8.1549E+11  7.5704E+12   0.108  193.86  255.34   0.759  2.0751E+12   20.87
  26  1.7000E-04  5.0204E+11  5.2993E+12   0.095  171.10  250.24   0.684  2.0751E+12   20.87
  27  2.2000E-04  3.7950E+11  4.4161E+12   0.086  145.97  245.14   0.595  2.0751E+12   20.87
  28  2.8000E-04  2.6878E+11  3.3121E+12   0.081  119.17  240.21   0.496  2.0750E+12   20.87
  29  3.6000E-04  2.3691E+11  2.9440E+12   0.080   91.82  235.54   0.390  2.0750E+12   20.87
  30  4.5000E-04  1.7906E+11  2.1197E+12   0.084   65.74  231.04   0.285  2.0750E+12   20.87
  31  5.7500E-04  1.3556E+11  1.4322E+12   0.095   44.98  226.09   0.199  2.0750E+12   20.87
  32  7.6000E-04  1.4925E+11  1.3248E+12   0.113   38.12  221.36   0.172  2.0749E+12   20.87
  33  9.6000E-04  1.1940E+12  8.4116E+12   0.142   47.33  216.68   0.218  2.0749E+12   20.87
  34  1.2750E-03  1.5291E+12  8.1527E+12   0.188   61.93  212.15   0.292  2.0745E+12   20.88
  35  1.6000E-03  3.0460E+12  6.6241E+12   0.460   75.19  208.25   0.361  2.0740E+12   20.88
  36  2.0000E-03  3.0075E+11  3.7852E+11   0.795   84.24  203.80   0.413  2.0728E+12   20.90
  37  2.7000E-03  4.2849E+11  3.7852E+11   1.132   88.49  199.38   0.444  2.0726E+12   20.90
  38  3.4000E-03  3.5065E+11  2.4088E+11   1.456   88.15  195.22   0.452  2.0723E+12   20.90
  39  4.5000E-03  4.6415E+11  2.6496E+11   1.752   83.99  191.38   0.439  2.0719E+12   20.91
  40  5.5000E-03  3.1298E+12  1.5586E+12   2.008   77.28  187.71   0.412  2.0715E+12   20.91
  41  7.2000E-03  2.9326E+12  1.3248E+12   2.214   69.74  183.76   0.380  2.0661E+12   20.99
  42  9.2000E-03  2.2385E+12  9.4630E+11   2.366   63.99  179.93   0.356  2.0603E+12   21.07
  43  1.2000E-02  2.1769E+11  8.8321E+10   2.465   62.36  176.33   0.354  2.0540E+12   21.15
  44  1.5000E-02  1.6659E+11  6.6241E+10   2.515   65.83  173.02   0.380  2.0534E+12   21.16
  45  1.9000E-02  1.0256E+11  4.0764E+10   2.516   73.07  169.27   0.432  2.0527E+12   21.17
  46  2.5500E-02  1.0113E+11  4.0764E+10   2.481   82.34  165.66   0.497  2.0520E+12   21.18
  47  3.2000E-02  8.0236E+11  3.3121E+11   2.423   92.23  162.61   0.567  2.0514E+12   21.19
  48  4.0000E-02  4.9684E+11  2.1197E+11   2.344  101.27  159.32   0.636  2.0449E+12   21.25
  49  5.2500E-02  4.4290E+11  1.9627E+11   2.257  109.02  156.06   0.699  2.0387E+12   21.30
  50  6.6000E-02  2.6125E+10  1.2044E+10   2.169  115.20  152.77   0.754  2.0328E+12   21.36
  51  8.8000E-02  2.5175E+10  1.2044E+10   2.090  119.88  149.58   0.801  2.0322E+12   21.36
  52  1.1000E-01  2.1524E+10  1.0599E+10   2.031  123.56  146.96   0.841  2.0316E+12   21.37
  53  1.3500E-01  2.1158E+10  1.0599E+10   1.996  126.28  144.70   0.873  2.0311E+12   21.37
  54  1.6000E-01  1.7598E+11  8.8321E+10   1.993  128.15  142.68   0.898  2.0306E+12   21.37
  55  1.9000E-01  1.7903E+11  8.8321E+10   2.027  129.29  140.81   0.918  2.0253E+12   21.40
  56  2.2000E-01  1.5958E+11  7.5704E+10   2.108  129.88  139.11   0.934  2.0199E+12   21.42
  57  2.5500E-01  1.6992E+10  7.5704E+09   2.244  130.03  137.53   0.945  2.0143E+12   21.44
  58  2.9000E-01  2.1626E+10  8.8321E+09   2.449  130.02  136.25   0.954  2.0137E+12   21.45
  59  3.2000E-01  1.8091E+10  6.6241E+09   2.731  129.76  135.04   0.961  2.0131E+12   21.45
  60  3.6000E-01  2.0560E+10  6.6241E+09   3.104  129.20  133.80   0.966  2.0124E+12   21.45
  61  4.0000E-01  1.8977E+11  5.2993E+10   3.581  128.45  132.57   0.969  2.0115E+12   21.45
  62  4.5000E-01  2.2135E+11  5.2993E+10   4.177  127.52  131.36   0.971  2.0020E+12   21.45
  63  5.0000E-01  2.6007E+11  5.2993E+10   4.908  126.55  130.27   0.971  1.9910E+12   21.46
  64  5.5000E-01  3.0659E+10  5.2993E+09   5.786  125.50  129.30   0.971  1.9780E+12   21.49
  65  6.0000E-01  3.0101E+10  4.4161E+09   6.816  124.26  128.33   0.968  1.9764E+12   21.50
  66  6.6000E-01  3.5339E+10  4.4161E+09   8.002  122.79  127.36   0.964  1.9746E+12   21.50
  67  7.2000E-01  4.1278E+10  4.4161E+09   9.347  121.12  126.49   0.958  1.9725E+12   21.51
  68  7.8000E-01  4.7880E+11  4.4161E+10  10.842  119.18  125.69   0.948  1.9700E+12   21.52
  69  8.4000E-01  4.1257E+11  3.3121E+10  12.457  116.79  124.83   0.936  1.9413E+12   21.70
  70  9.2000E-01  4.6914E+11  3.3121E+10  14.165  113.91  123.94   0.919  1.9083E+12   22.11
  71  1.0000E+00  2.1040E+10  1.3248E+09  15.881  110.15  122.59   0.899  1.8708E+12   22.83
  72  1.2000E+00  2.3269E+10  1.3248E+09  17.564  105.62  120.90   0.874  1.8666E+12   22.93
  73  1.4000E+00  2.5504E+10  1.3248E+09  19.251  100.91  119.47   0.845  1.8619E+12   23.04
  74  1.6000E+00  2.7700E+10  1.3248E+09  20.909   96.01  118.23   0.812  1.8568E+12   23.16
  75  1.8000E+00  2.9825E+11  1.3248E+10  22.512   90.98  117.15   0.777  1.8513E+12   23.30
  76  2.0000E+00  2.1202E+11  8.8321E+09  24.005   85.77  115.97   0.740  1.7916E+12   24.89
  77  2.3000E+00  2.2422E+11  8.8321E+09  25.387   80.59  114.72   0.702  1.7280E+12   26.91
  78  2.6000E+00  2.3599E+10  8.8321E+08  26.719   75.81  113.63   0.667  1.6608E+12   29.33
  79  2.9000E+00  1.8544E+10  6.6241E+08  27.995   71.52  112.52   0.636  1.6537E+12   29.58
  80  3.3000E+00  1.9379E+10  6.6241E+08  29.256   67.94  111.39   0.610  1.6463E+12   29.81
  81  3.7000E+00  2.0262E+10  6.6241E+08  30.588   65.32  110.39   0.592  1.6385E+12   30.01
  82  4.1000E+00  2.1222E+11  6.6241E+09  32.037   63.75  109.51   0.582  1.6304E+12   30.16
  83  4.5000E+00  1.7814E+11  5.2993E+09  33.616   63.18  108.61   0.582  1.5455E+12   31.45
  84  5.0000E+00  1.8734E+11  5.2993E+09  35.351   63.53  107.72   0.590  1.4564E+12   32.65
  85  5.5000E+00  1.9752E+10  5.2993E+08  37.272   64.70  106.91   0.605  1.3628E+12   33.72
  86  6.0000E+00  1.4876E+10  3.7852E+08  39.300   66.38  106.04   0.626  1.3529E+12   33.78
  87  6.7000E+00  1.5659E+10  3.7852E+08  41.368   68.38  105.13   0.650  1.3425E+12   33.75
  88  7.4000E+00  1.4377E+10  3.3121E+08  43.407   70.55  104.25   0.677  1.3315E+12   33.62
  89  8.2000E+00  1.4999E+11  3.3121E+09  45.285   72.74  103.41   0.703  1.3200E+12   33.40
  90  9.0000E+00  1.2411E+11  2.6496E+09  46.838   74.84  102.57   0.730  1.2000E+12   30.16
  91  1.0000E+01  1.2696E+11  2.6496E+09  47.914   76.80  101.72   0.755  1.0759E+12   25.52
  92  1.1000E+01  1.2828E+11  2.6496E+09  48.414   78.69  100.96   0.779  9.4897E+11   19.03
  93  1.2000E+01  7.1659E+10  2.6496E+09  27.045   44.40   55.29   0.803  8.2069E+11   10.02
  94  1.3000E+01  3.3887E+11  6.4960E+10   5.217    7.50    9.07   0.826  7.4903E+11    6.83
  95  1.4000E+01  4.1017E+11  9.4255E+10   4.352    6.33    7.45   0.850  4.1017E+11    6.33
      1.5000E+01

  INTEGRALS OF SPECTRA
    OLD SPECTRUM   2.4681E+11   ±   25.395 %
    NEW SPECTRUM   2.0751E+12   ±   20.871 %

  SUMMARY OF BROAD-GROUP FLUXES, FLUENCES, AND UNCERTAINTIES

    IRRAD TIME [S] = 1.00000000E+00   ACT NORM =  1.00000000E+00

       ENERGY       FLUX       FLUENCE      STDEV %
      thermal    0.0000E+00  0.0000E+00  ±   0.00     (0.100 meV – 0.550  eV)
     epithermal  4.3520E+10  4.3520E+10  ±  43.57     (0.550  eV – 110.0 keV)
        fast     2.0316E+12  2.0316E+12  ±  21.37     (110.0 keV –  20.0 MeV)
        fast     1.8708E+12  1.8708E+12  ±  22.83     (  1.0 MeV –  20.0 MeV)
        high     0.0000E+00  0.0000E+00  ±   0.00     ( 20.0 MeV –  60.0 MeV)

    MINI-SPECTRUM

       ENERGY       FLUX       FLUENCE      STDEV %
     1.0000E-10  0.0000E+00  0.0000E+00  ±   0.00
     5.5000E-07  3.3822E+07  3.3822E+07  ± 271.64
     1.0000E-04  4.3486E+10  4.3486E+10  ±  43.62
     1.1000E-01  4.0649E+10  4.0649E+10  ± 113.29
     5.0000E-01  1.2020E+11  1.2020E+11  ± 111.87
     1.0000E+00  7.9153E+10  7.9153E+10  ±  91.85
     2.0000E+00  3.3518E+11  3.3518E+11  ±  56.27
     5.0000E+00  3.8051E+11  3.8051E+11  ±  61.69
     1.0000E+01  1.0759E+12  1.0759E+12  ±  25.52
     2.0000E+01  0.0000E+00  0.0000E+00  ±   0.00
     6.0000E+01

       TOTAL     2.0751E+12  2.0751E+12  ±  20.87

    RELATIVE COVARIANCES (10×10)
        0     0     0     0     0     0     0     0     0     0
     1000   -99    33    21    14     4    -8    -6     0
     1000  -307  -521  -337   -87   214   160     0
     1000   404    37   -43   -24    -8     0
     1000   632    70  -314  -189     0
     1000   552  -561  -439     0
     1000  -147  -480     0
     1000   742     0
     1000     0
        0

  SPECTRAL-AVERAGED REACTION RATES (for all cross section library reactions)

        REACTIONS        SIG-PHI      <SIG>          REACTIONS        SIG-PHI      <SIG>          REACTIONS        SIG-PHI      <SIG>  
   ------------------  ----------  ----------   ------------------  ----------  ----------   ------------------  ----------  ----------
   LI6(N,A)T           2.6484E-13  1.2762E-25   FE58(N,G)FE59       3.5259E-15  1.6991E-27   IN115(N,N')IN115M   3.5936E-13  1.7317E-25
   B10(N,A)LI7         5.2846E-13  2.5466E-25   CO59(N,2N)CO58      5.5432E-13  2.6712E-25   IN115(N,2N)IN114M   1.2141E-12  5.8508E-25
   F19(N,2N)F18        2.7427E-14  1.3217E-26   CO59(N,3N)CO57      0.0000E+00  0.0000E+00   IN115(N,G)IN116M    9.6841E-14  4.6667E-26
   NA23(N,2N)NA22      1.5583E-14  7.5092E-27   CO59(N,G)CO60       7.8138E-15  3.7654E-27   I127(N,2N)I126      1.3730E-12  6.6162E-25
   NA23(N,G)NA24       5.7839E-16  2.7872E-28   CO59(N,P)FE59       6.5329E-14  3.1482E-26   LA139(N,G)LA140     8.2902E-15  3.9950E-27
   MG24(N,P)NA24       2.2772E-13  1.0974E-25   CO59(N,A)MN56       3.3357E-14  1.6075E-26   PR141(N,2N)PR140    1.4917E-12  7.1885E-25
   AL27(N,P)MG27       1.1922E-13  5.7450E-26   NI58(N,2N)NI57      1.7188E-14  8.2828E-27   TM169(N,2N)TM168    2.1431E-12  1.0328E-24
   AL27(N,A)NA24       1.4244E-13  6.8640E-26   NI58(N,P)CO58       7.8958E-13  3.8049E-25   TM169(N,3N)TM167    8.4373E-18  4.0659E-30
   SI28(N,P)AL28       3.4847E-13  1.6792E-25   NI60(N,P)CO60       1.8165E-13  8.7535E-26   TA181(N,G)TA182     1.0175E-13  4.9033E-26
   P31(N,P)SI31        1.9666E-13  9.4770E-26   CU63(N,2N)CU62      3.4176E-13  1.6469E-25   W186(N,G)W187       4.4908E-14  2.1641E-26
   S32(N,P)P32         5.0169E-13  2.4176E-25   CU63(N,G)CU64       1.5230E-14  7.3392E-27   AU197(N,2N)AU196    2.1836E-12  1.0522E-24
   TI46(N,2N)TI45      1.4176E-14  6.8313E-27   CU63(N,A)CO60       5.3842E-14  2.5946E-26   AU197(N,G)AU198     8.6892E-14  4.1873E-26
   TI46(N,P)SC46       3.7779E-13  1.8205E-25   CU65(N,2N)CU64      7.3717E-13  3.5524E-25   HG199(N,N')HG199M   7.3130E-13  3.5241E-25
   TI47(N,P)SC47       1.9723E-13  9.5045E-26   ZN64(N,P)CU64       3.3514E-13  1.6150E-25   PB204(N,N')PB204M   2.1560E-13  1.0390E-25
   TI47(N,X)SC46       3.0422E-14  1.4660E-26   ZN67(N,P)CU67       3.7596E-14  1.8117E-26   BI209(N,3N)BI207    2.4322E-16  1.1720E-28
   TI48(N,P)SC48       6.6404E-14  3.2000E-26   AS75(N,2N)AS74      7.7867E-13  3.7523E-25   TH232(N,FISSION)    5.3078E-13  2.5578E-25
   TI48(N,X)SC47       5.3565E-15  2.5813E-27   Y89(N,2N)Y88        6.3402E-13  3.0553E-25   TH232(N,G)TH233     7.6122E-14  3.6683E-26
   TI49(N,X)SC48       2.9618E-15  1.4272E-27   ZR90(N,2N)ZR89      4.4631E-13  2.1507E-25   U235(N,FISSION)     3.5043E-12  1.6887E-24
   V51(N,A)SC48        1.4425E-14  6.9514E-27   NB93(N,G)NB94       3.2697E-14  1.5757E-26   U235(N,G)U236       8.5647E-14  4.1273E-26
   CR52(N,2N)CR51      1.9903E-13  9.5911E-26   NB93(N,N')NB93M     2.4980E-13  1.2037E-25   U238(N,2N)U237      1.5572E-12  7.5042E-25
   MN55(N,2N)MN54      5.6658E-13  2.7303E-25   NB93(N,2N)NB92M     4.4805E-13  2.1591E-25   U238(N,FISSION)     1.7307E-12  8.3400E-25
   MN55(N,G)MN56       6.4912E-15  3.1281E-27   MO92(N,P)NB92M      1.3004E-13  6.2665E-26   U238(N,G)U239       6.1336E-14  2.9557E-26
   FE54(N,2N)FE53      2.3715E-15  1.1428E-27   RH103(N,N')RH103M   1.4179E-12  6.8327E-25   NP237(N,FISSION)    3.8775E-12  1.8685E-24
   FE54(N,P)MN54       6.7904E-13  3.2722E-25   AG109(N,G)AG110M    7.2333E-15  3.4857E-27   PU239(N,FISSION)    4.4413E-12  2.1402E-24
   FE54(N,A)CR51       9.7853E-14  4.7155E-26   IN113(N,N')IN113M   3.0361E-13  1.4631E-25   AM241(N,FISSION)    4.4518E-12  2.1453E-24
   FE56(N,P)MN56       1.3058E-13  6.2924E-26   IN113(N,G)IN114M    1.2658E-13  6.0997E-26   SC45(N,G)SC46       8.1255E-15  3.9156E-27

  INPUT FLUX REL. CORRELATION MATRIX (by row from diagonal)
   1   1000   988   952   895   821   734   641   546   454   368   291   225   169   124    89    62    42    28    18    12
          7     4     3     1     1     0     0     0     0     0     0     0     0     0     0     0     0     0     0     0
          0     0     0     0     0     0     0     0     0     0     0     0     0     0     0     0     0     0     0     0
          0     0     0     0     0     0     0     0     0     0     0     0     0     0     0     0     0     0     0     0
          0     0     0     0     0     0     0     0     0     0     0     0     0     0     0     0     0     0     0     0
          0     1     1     1     1     1     1     1     1     1     1     1     1     1     1     1     1     1     1     1
          1     1     1     1     1     1     1     1     1     1     1     1     1     1     1     1     1     1     1     1

  OUTPUT FLUX REL. CORRELATION MATRIX (by row from diagonal)
   1   1000   988   952   895   821   734   641   546   454   368   291   225   169   124    89    63    43    29    19    12
          8     5     3     2     1     1     0     0     0     0     0     0     0     0     0     0     0     0     0     0
          0     0     0     0     0     0     0     0     0     0     0     0     0     0     0     0     0     0     0     0
          0     0     0     0     0     0     0     0     0     0     0     0     0     0     0     0     0     0     0     0
          0     0     0     0     0     0     0     0     0     0     0     0     0     0     0     0     0     0     0     0
          0     1     1     1     1     1     1     1     1     1     1     1     1     1     1     1     1     1     1     1
          1     1     1     1     1     1     1     1     1     1     1     1     1     1     1     1     1     1     1     1
   2   1000   988   952   895   821   734   641   546   454   368   291   225   169   125    89    63    43    29    19    12
          8     5     3     2     1     0     0     0     0     0    -1     0     0     0     0     0     0     0     0     0
          0     0     0     0     0     0     0     0     0     0     0     0     0     0     0     0     0     0     0     0
          0     0     0     0     0     0     0     0     0     0     0     0     0     0     0     0     0     0     0     0
          0     0     0     0     0     0     0     0     0     0     0     0     0     0     0     0     0     0     0     0
          1     1     1     1     1     1     1     1     1     1     1     1     1     1     1     1     1     1     1     1
          1     1     1     1     1     1     1     1     1     1     1     1     1     1     1     1     1     1     1
   3   1000   988   952   895   821   734   641   546   454   368   291   225   170   125    90    63    43    29    19    13
          8     5     3     2     1     0     0     0    -1    -2    -1    -1    -1     0     0     0     0     0    -1    -1
         -1     0     0     0     0     0     0     0     0     0     0     0     0     0     0     0     0     0     0     0
          0     0     0     0     0     0     0     0     0     0     0     0     0     0     0     0     0     0     0     0
          0     0     0     0     0     0     0     0     0     0     0     0     0     0     0     0     0     0     0     1
          1     1     1     1     1     1     1     1     1     1     1     1     1     1     1     1     1     1     1     1
          1     1     1     1     1     1     1     1     1     1     1     1     1     1     1     1     1     1
   4   1000   988   952   895   821   734   641   546   454   368   291   225   170   125    90    64    44    30    20    13
          8     5     3     1     0     0    -1    -3    -4    -3    -2    -2    -1    -1    -1    -1    -1    -1    -1    -1
         -1    -1     0     0     0     0     0     0     0     0     0     0     0     0     0     0     0     0     0     0
          0     0     0     0     0     0     0     0     0     0     0     0     0     0     0     0     0     0     0     0
          0     0     0     0     0     0     0     0     0     0     0     0     0     0     0     0     0     0     1     1
          1     1     1     1     1     1     1     1     1     1     1     1     1     1     1     1     1     1     1     1
          1     1     1     1     1     1     1     1     1     1     1     1     1     1     1     1     1
   5   1000   988   952   895   821   734   641   546   454   368   292   226   170   126    91    64    45    30    20    13
          8     5     3     1     0    -2    -5    -7    -6    -4    -3    -3    -3    -2    -2    -2    -3    -3    -2    -2
         -1    -1     0     0     0     0     0     0     0     0     0     0     0     0     0     0     0     0     0     0
          0     0     0     0     0     0     0     0     0     0     0     0     0     0     0     0     0     0     0     0
          0     0     0     0     0     0     0     0     0     0     0     0     0     0     0     0     0     1     1     1
          1     1     1     1     1     1     1     1     1     1     1     1     1     1     1     1     1     1     1     1
          1     1     1     1     1     1     1     1     1     1     1     1     1     1     1     1
   6   1000   988   952   895   821   735   641   547   454   369   292   226   171   127    92    65    46    31    21    13
          8     4     1    -1    -4    -8   -12   -10    -8    -6    -5    -4    -4    -4    -4    -4    -4    -4    -3    -2
         -1    -1    -1     0     0     0     0     0     0     0     0     0     0     0     0     0     0     0     0     0
          0     0     0     0     0     0     0     0     0     0     0     0     0     0     0     0     0     0     0     0
          0     0     0     0     0     0     0     0     0     0     0     0     0     0     0     0     1     1     1     1
          1     1     1     1     1     1     1     1     1     1     1     1     1     1     1     1     1     1     1     1
          1     1     1     1     1     1     1     1     1     1     1     1     1     1     1
   7   1000   988   952   895   821   735   642   547   455   370   293   228   173   128    93    67    47    32    21    13
          7     2    -1    -7   -14   -19   -16   -12   -10    -8    -7    -7    -7    -6    -6    -6    -6    -4    -3    -2
         -2    -1    -1     0     0     0     0     0     0     0     0     0     0     0     0     0     0     0     0     0
          0     0     0     0     0     0     0     0     0     0     0     0     0     0     0     0     0     0     0     0
          0     0     0     0     0     0     0     0     0     0     0     0     0     0     0     1     1     1     1     1
          1     1     1     1     1     1     1     1     1     1     1     1     1     1     1     1     1     1     1     1
          1     1     1     1     1     1     1     1     1     1     1     1     1     1
   8   1000   988   952   895   821   735   642   547   456   371   295   229   174   130    95    68    48    32    21    12
          4    -2   -10   -22   -30   -25   -19   -15   -13   -12   -11   -10   -10    -9    -9    -8    -6    -5    -3    -2
         -1    -1    -1     0     0     0     0     0     0     0     0     0     0     0     0     0     0     0     0     0
          0     0     0     0     0     0     0     0     0     0     0     0     0     0     0     0     0     0     0     0
          0     0     0     0     0     0     0     0     0     0     0     0     0     0     1     1     1     1     1     1
          1     1     1     1     1     1     1     1     1     1     1     1     1     1     1     1     1     1     1     1
          1     1     1     1     1     1     1     1     1     1     1     1     1
   9   1000   988   952   895   821   735   643   548   457   372   297   231   177   132    97    70    48    32    19     8
         -2   -15   -33   -45   -39   -29   -23   -20   -17   -16   -15   -14   -13   -12   -11    -8    -6    -4    -3    -2
         -1    -1     0     0     0     0     0     0     0     0     0     0     0     0     0     0     0     0     0     0
          0     0     0     0     0     0     0     0     0     0     0     0     0     0     0     0     0     0     0     0
          0     0     0     0     0     0     0     0     0     0     0     0     0     1     1     1     1     1     1     1
          1     1     1     1     1     1     1     1     1     1     1     1     1     1     1     1     1     1     1     1
          1     1     1     1     1     1     1     1     1     1     1     1
  10   1000   988   952   895   821   736   643   550   459   375   299   234   180   135    99    70    48    29    13    -2
        -21   -47   -66   -57   -44   -35   -29   -25   -23   -21   -20   -19   -17   -14   -11    -8    -5    -3    -2    -1
         -1     0     0     0     0     0     0     0     0     0     0     0     0     0     0     0     0     0     0     0
          0     0     0     0     0     0     0     0     0     0     0     0     0     0     0     0     0     0     0     0
          0     0     0     0     0     0     0     0     0     0     0     0     1     1     1     1     1     1     1     1
          1     1     1     1     1     1     1     1     1     1     1     1     1     1     1     1     1     1     1     1
          1     1     1     1     1     1     1     1     1     1     1
  11   1000   988   952   895   822   737   645   552   461   378   303   238   183   137   100    69    44    21     0   -28
        -66   -94   -82   -63   -50   -42   -36   -32   -29   -27   -25   -22   -18   -13    -9    -6    -4    -2    -1    -1
          0     0     0     0     0     0     0     0     0     0     0     0     0     0     0     0     0     0     0     0
          0     0     0     0     0     0     0     0     0     0     0     0     0     0     0     0     0     0     0     0
          0     0     0     0     0     0     0     0     0     0     0     1     1     1     1     1     1     1     1     1
          1     1     1     1     1     1     1     1     1     1     1     1     1     1     1     1     1     1     1     1
          1     1     1     1     1     1     1     1     1     1
  12   1000   988   952   896   823   738   647   554   465   381   307   241   186   139    99    65    34     2   -35   -89
       -130  -114   -88   -70   -58   -50   -44   -40   -37   -33   -29   -23   -16   -10    -6    -3    -2    -1     0     0
          0     0     0     0     0     0     0     0     0     0     0     0     0     0     0     1     1     1     1     1
          1     0     0     0     0     0     0     0     0     0     0     0     0     0     0     0     0     0     0     0
          0     0     0     0     0     0     0     0     0     0     1     1     1     1     1     1     1     1     1     1
          1     1     1     1     1     1     1     1     1     1     1     1     1     1     1     1     1     1     1     1
          1     1     1     1     1     1     1     1     1
  13   1000   988   952   896   824   740   649   557   469   386   311   245   187   137    93    52     9   -42  -116  -175
       -156  -121   -97   -80   -69   -60   -54   -48   -43   -36   -28   -19   -11    -6    -3    -1     0     0     1     1
          1     1     1     1     1     1     1     1     1     1     1     1     1     1     1     1     1     1     1     1
          1     1     1     1     1     0     0     0     0     0     0     0     0     0     0     0     0     0     0     0
          0     0     0     0     0     0     0     0     0     1     1     1     1     1     1     1     1     1     1     1
          1     1     1     1     1     1     1     1     1     1     1     1     1     1     1     1     1     1     1     1
          1     1     1     1     1     1     1     1
  14   1000   988   953   897   825   742   652   562   473   390   315   247   186   130    78    22   -48  -147  -229  -207
       -162  -130  -108   -92   -80   -71   -63   -54   -45   -33   -21   -11    -5    -1     1     2     3     3     3     3
          3     2     2     2     2     2     2     2     2     2     2     2     2     2     2     2     2     2     2     2
          1     1     1     1     1     0     0     0     0     0     0     0     0     0     0     0     0     0     0     0
          0     0     0     0     0     0     0     0     1     1     1     1     1     1     1     1     1     1     1     1
          1     1     1     1     1     1     1     1     1     1     1     1     1     1     1     1     1     1     1     1
          1     1     1     1     1     1     1
  15   1000   988   953   898   827   745   656   566   478   394   317   245   178   112    40   -49  -179  -291  -268  -213
       -171  -142  -121  -105   -92   -80   -68   -54   -38   -22   -10    -2     2     4     5     6     6     6     5     5
          5     4     4     4     3     3     3     3     3     3     3     3     3     3     3     3     3     3     3     2
          2     2     1     1     1     0     0     0     0     0     0     0     0     0     0     0     0     0     0     0
          0     0     0     0     0     0     0     1     1     1     1     1     1     1     1     1     1     1     1     1
          1     1     1     1     1     1     1     1     1     1     1     1     1     1     1     1     1     1     1     1
          1     1     1     1     1     1
  16   1000   988   954   899   829   748   660   570   482   396   314   235   156    68   -45  -211  -360  -339  -272  -221
       -184  -156  -134  -116  -100   -84   -64   -42   -22    -7     2     7    10    11    11    10    10     9     8     7
          7     6     6     6     5     5     5     5     5     5     5     5     5     5     4     4     4     4     3     3
          3     2     2     1     1     0     0     0    -1    -1    -1    -1    -1    -1    -1    -1    -1     0     0     0
          0     0     0     0     0     0     1     1     1     1     1     1     1     1     1     1     1     1     1     1
          1     1     1     1     1     1     1     1     1     1     1     1     1     1     1     1     1     1     1     1
          1     1     1     1     1
  17   1000   988   954   901   832   751   664   574   483   394   304   211   105   -33  -239  -433  -417  -340  -278  -232
       -197  -169  -146  -124  -101   -75   -46   -20    -2     9    14    17    18    17    16    15    14    13    11    10
         10     9     8     8     8     7     7     7     7     7     7     7     7     6     6     6     5     5     4     4
          3     2     2     1     0     0    -1    -1    -2    -2    -2    -2    -2    -2    -2    -1    -1    -1     0     0
          0     0     0     0     0     1     1     1     1     1     1     1     1     1     1     1     1     1     1     1
          1     1     1     1     1     1     1     1     1     1     1     1     1     1     1     1     1     1     1     1
          1     1     1     1
  18   1000   988   955   902   834   754   667   575   480   382   277   154    -9  -260  -505  -502  -416  -343  -288  -245
       -210  -179  -151  -120   -86   -49   -16     6    18    25    27    27    26    24    22    20    18    16    15    14
         13    12    11    11    11    10    10    10    10    10    10     9     9     9     8     8     7     6     5     4
          3     2     1     0     0    -1    -2    -3    -3    -3    -3    -3    -3    -3    -2    -2    -1    -1    -1     0
          0     0     0     0     1     1     1     1     1     1     1     1     1     1     1     1     1     1     1     1
          1     1     1     1     1     1     1     1     1     1     1     1     1     1     1     1     1     1     1     1
          1     1     1
  19   1000   989   956   904   836   756   667   571   468   353   216    26  -268  -572  -588  -496  -414  -350  -299  -256
       -217  -181  -142   -97   -50    -9    17    32    38    40    39    37    34    31    28    25    23    21    19    18
         16    16    15    15    14    14    14    14    13    13    13    12    12    11    10     9     8     7     6     5
          3     1     0    -1    -2    -3    -4    -4    -5    -5    -4    -4    -4    -3    -3    -2    -2    -1    -1    -1
          0     0     0     1     1     1     1     1     1     1     1     1     1     1     1     1     1     1     1     1
          1     1     1     1     1     1     1     1     1     1     1     1     1     1     1     1     1     1     1     1
          1     1
  20   1000   989   956   905   837   756   663   559   438   289    77  -261  -629  -673  -580  -490  -417  -358  -306  -260
       -214  -164  -108   -49     0    32    49    56    56    54    51    47    42    38    34    31    28    26    24    22
         21    20    19    19    19    18    18    18    17    17    16    16    15    14    13    11    10     8     6     4
          2     0    -1    -3    -5    -6    -6    -6    -6    -6    -6    -5    -5    -4    -3    -3    -2    -2    -1    -1
          0     0     1     1     1     1     1     1     1     1     1     1     1     1     1     1     1     1     1     1
          1     1     1     1     1     1     1     1     1     1     1     1     1     1     1     1     1     1     1     1
          1
  21   1000   989   957   905   836   752   651   529   372   143  -236  -671  -752  -663  -569  -489  -421  -362  -306  -250
       -189  -119   -47    13    51    70    77    77    73    68    62    56    51    45    41    37    34    31    29    27
         26    25    25    24    24    23    23    22    22    21    20    19    18    16    14    13    10     8     5     2
          0    -2    -4    -6    -7    -8    -9    -9    -8    -8    -7    -7    -6    -5    -4    -3    -2    -2    -1    -1
          0     1     1     1     1     1     1     1     1     1     1     1     1     1     1     1     1     1     1     1
          1     1     1     1     1     1     1     1     1     1     1     1     1     1     1     1     1     1     1     1
  22   1000   989   957   904   832   740   622   464   223  -189  -692  -819  -742  -647  -563  -488  -421  -356  -289  -215
       -130   -42    29    74    95   102   101    95    88    80    72    65    59    53    48    43    40    37    35    34
         33    32    31    30    30    29    29    28    27    26    24    23    21    18    16    13    10     6     3     0
         -3    -6    -8   -10   -11   -11   -11   -11   -10    -9    -9    -8    -6    -5    -4    -3    -3    -2    -1     0
          1     1     1     1     1     1     1     1     1     1     1     1     1     1     1     1     1     1     1     1
          1     1     1     1     1     1     1     1     1     1     1     1     1     1     1     1     1     1     1
  23   1000   989   956   901   822   714   560   316  -121  -690  -871  -814  -723  -637  -557  -483  -409  -331  -242  -141
        -35    49   101   125   132   129   121   112   102    92    82    74    67    60    55    51    47    44    42    41
         40    39    38    38    37    36    35    34    32    30    28    26    23    20    16    12     8     4     0    -4
         -8   -11   -13   -14   -14   -14   -14   -13   -12   -11   -10    -8    -7    -6    -5    -4    -3    -2    -1     1
          1     1     1     1     1     1     1     1     1     1     1     1     1     1     1     1     1     1     1     1
          1     1     1     1     1     1     1     1     1     1     1     1     1     1     1     1     1     1
  24   1000   989   954   893   800   658   419   -32  -661  -905  -875  -794  -709  -627  -547  -465  -375  -272  -152   -28
         72   133   160   166   162   152   140   127   114   103    92    83    75    68    63    59    55    53    51    49
         48    48    47    46    45    43    42    40    38    35    32    29    25    20    15    10     5     0    -5   -10
        -13   -16   -17   -18   -18   -17   -17   -15   -14   -12   -11    -9    -7    -6    -5    -3    -2    -1     1     1
          1     1     1     1     1     1     1     1     1     1     1     1     1     1     1     1     1     1     1     1
          1     1     1     1     1     1     1     1     1     1     1     1     1     1     1     1     1
  25   1000   988   949   877   753   528    75  -603  -916  -921  -856  -778  -696  -612  -523  -423  -305  -165   -20    97
        167   198   205   199   186   171   156   140   126   113   102    92    84    77    72    68    65    62    61    59
         58    57    56    55    53    52    49    46    43    40    35    30    25    19    12     6     0    -7   -12   -17
        -20   -22   -22   -22   -22   -21   -19   -17   -15   -13   -11    -9    -8    -6    -5    -3    -2     1     1     1
          1     1     1     1     1     1     1     1     1     1     1     1     1     1     1     1     1     1     1     1
          1     1     1     1     1     1     1     1     1     1     1     1     1     1     1     1
  26   1000   986   939   841   641   202  -516  -901  -950  -907  -840  -763  -678  -584  -475  -342  -182   -13   123   205
        241   248   241   226   207   188   170   153   137   123   112   102    94    87    82    79    76    74    73    71
         70    69    67    65    63    60    57    53    48    43    37    31    23    15     7    -1    -8   -15   -20   -24
        -27   -28   -28   -27   -25   -24   -21   -19   -17   -14   -12   -10    -8    -6    -4    -3     1     1     1     1
          1     1     1     1     1     1     1     1     1     1     1     1     1     1     1     1     1     1     1     1
          1     1     1     1     1     1     1     1     1     1     1     1     1     1     1
  27   1000   983   917   753   346  -395  -855  -956  -943  -892  -824  -743  -647  -530  -384  -203   -10   147   243   286
        295   287   270   248   226   204   184   165   148   134   123   113   106   100    95    92    90    88    87    85
         84    82    80    77    73    69    65    59    53    46    37    28    19     8    -1   -10   -19   -25   -30   -33
        -34   -34   -33   -31   -29   -26   -23   -20   -17   -15   -12    -9    -7    -5    -4     1     1     1     1     1
          1     1     1     1     1     1     1     1     1     1     1     1     1     1     1     1     1     1     1     1
          1     1     1     1     1     1     1     1     1     1     1     1     1     1
  28   1000   975   860   505  -236  -769  -931  -956  -929  -877  -805  -712  -591  -433  -233   -14   168   281   333   346
        338   319   295   269   243   219   197   178   161   147   136   127   120   115   112   109   107   105   104   102
        100    97    94    90    85    79    73    65    56    46    35    23    10    -1   -13   -23   -31   -37   -40   -42
        -42   -41   -39   -36   -33   -29   -25   -22   -18   -15   -12    -9    -7    -5     1     1     1     1     1     1
          1     1     1     1     1     1     1     1     1     1     1     1     1     1     1     1     1     1     1     1
          1     1     1     1     1     1     1     1     1     1     1     1     1
  29   1000   952   683   -22  -623  -855  -929  -938  -910  -855  -773  -655  -492  -275   -31   178   311   376   396   390
        371   345   316   287   260   235   212   193   176   163   153   145   139   135   132   130   129   127   125   123
        120   116   111   105    98    90    80    70    57    44    29    13    -1   -16   -29   -39   -46   -50   -52   -52
        -51   -48   -45   -41   -36   -32   -27   -23   -19   -15   -12    -9    -6     1     1     1     1     1     1     1
          1     1     1     1     1     1     1     1     1     1     1     1     1     1     1     1     1     1     1     1
          1     1     1     1     1     1     1     1     1     1     1     1
  30   1000   873   281  -363  -676  -815  -875  -888  -866  -809  -710  -555  -335   -74   160   318   401   432   433   417
        392   362   331   301   273   248   226   208   193   181   173   167   163   160   159   157   156   154   152   149
        144   139   131   123   113   101    87    72    55    36    17    -2   -20   -36   -48   -57   -63   -65   -66   -64
        -60   -56   -51   -46   -40   -34   -29   -24   -19   -15   -11    -8     1     1     1     1     1     1     1     1
          1     1     1     1     1     1     1     1     1     1     1     1     1     1     1     1     1     1     1     1
          1     1     1     1     1     1     1     1     1     1     1
  31   1000   712   130  -247  -463  -594  -674  -713  -714  -672  -570  -394  -160    70   240   340   390   406   401   385
        362   335   308   282   258   237   219   205   195   187   183   181   180   179   180   180   179   177   174   170
        164   156   147   135   121   105    87    67    45    21    -1   -23   -42   -58   -69   -75   -78   -78   -76   -72
        -67   -61   -55   -48   -41   -34   -28   -23   -18   -14   -10     1     1     1     1     1     1     1     1     1
          1     1     1     1     1     1     1     1     1     1     1     1     1     1     1     1     1     1     1     1
          1     1     1     1     1     1     1     1     1     1
  32   1000   788   497   273   101   -37  -149  -239  -304  -336  -319  -243  -131   -23    59   115   149   168   176   176
        171   163   153   144   136   129   124   121   120   121   123   126   130   133   136   138   138   138   136   133
        127   120   112   101    88    74    57    39    19     0   -17   -33   -46   -56   -61   -64   -64   -63   -59   -55
        -50   -45   -39   -34   -28   -23   -19   -15   -11    -8     0     0     0     0     0     0     0     0     0     0
          0     0     0     0     0     0     0     0     0     0     0     0     0     0     0     0     0     0     0     0
          0     0     0     0     0     0     0     0     0
  33   1000   925   803   677   554   431   305   172    32  -107  -217  -272  -274  -248  -212  -176  -144  -116   -93   -75
        -60   -47   -37   -29   -21   -14    -7    -1     5    11    18    24    29    34    38    42    44    46    46    46
         45    43    39    35    30    24    17    10     2    -4   -10   -16   -19   -22   -23   -23   -23   -22   -20   -18
        -16   -14   -12   -10    -8    -6    -5    -4    -3     0     0     0     0     0     0     0     0     0     0     0
          0     0     0     0     0     0     0     0     0     0     0     0     0     0     0     0     0     0     0     0
          0     0     0     0     0     0     0     0
  34   1000   968   902   818   717   597   451   271    58  -154  -310  -389  -409  -396  -368  -334  -299  -266  -235  -207
       -182  -160  -141  -125  -110   -97   -86   -76   -67   -59   -52   -45   -39   -34   -29   -24   -20   -17   -14   -11
         -8    -6    -3    -1     0     1     3     4     5     6     6     6     7     6     6     6     5     5     5     4
          4     3     3     2     2     1     1     1     0     0     0     0     0     0     0     0     0     0     0     0
          0     0     0     0     0     0     0     0     0     0     0     0     0     0     0     0     0     0     0     0
          0     0     0     0     0     0     0
  35   1000   981   932   859   758   619   428   183   -84  -305  -437  -493  -501  -484  -454  -418  -381  -343  -308  -276
       -247  -221  -198  -179  -162  -147  -134  -123  -114  -105   -98   -91   -84   -78   -73   -67   -61   -56   -50   -44
        -38   -31   -24   -17    -9    -1     5    12    18    22    25    27    28    27    26    25    23    21    19    17
         14    12    10     8     6     5     3     0     0     0     0     0     0     0     0     0     0     0     0     0
          0     0     0     0     0     0     0     0     0     0     0     0     0     0     0     0     0     0     0     0
          0     0     0     0     0     0
  36   1000   985   940   862   739   554   296    -5  -272  -447  -537  -568  -565  -542  -509  -471  -432  -392  -355  -321
       -290  -262  -238  -218  -200  -185  -172  -161  -152  -143  -135  -127  -120  -113  -106   -98   -90   -82   -73   -64
        -54   -43   -31   -18    -5     6    18    28    35    41    44    45    45    43    41    38    35    31    27    24
         20    17    13    11     8     6    -1    -1    -1    -1    -1    -1    -1    -1    -1    -1    -1    -1    -1    -1
         -1    -1    -1    -1    -1    -1    -1    -1    -1    -1    -1    -1    -1    -1    -1    -1    -1    -1    -1    -1
         -1    -1    -1    -1    -1
  37   1000   985   934   836   668   412    91  -211  -426  -549  -606  -621  -610  -585  -550  -511  -470  -430  -392  -357
       -326  -298  -274  -254  -236  -221  -208  -197  -188  -178  -170  -161  -153  -144  -134  -124  -113  -102   -89   -75
        -60   -44   -27    -9     7    24    37    48    56    60    62    62    60    57    53    48    43    38    32    27
         23    19    15    12     8    -1    -1    -1    -1    -1    -1    -1    -1    -1    -1    -1    -1    -1    -1    -1
         -1    -1    -1    -1    -1    -1    -1    -1    -1    -1    -1    -1    -1    -1    -1    -1    -1    -1    -1    -1
         -1    -1    -1    -1
  38   1000   982   915   776   537   212  -117  -369  -527  -614  -652  -659  -646  -620  -585  -546  -506  -466  -428  -394
       -363  -335  -312  -292  -275  -260  -248  -236  -226  -216  -205  -195  -184  -173  -160  -147  -132  -116   -98   -79
        -58   -36   -13     9    30    48    62    72    78    80    80    77    73    68    62    56    49    42    36    29
         24    19    15    11    -1    -1    -1    -1    -1    -1    -1    -1    -1    -1    -1    -1    -1    -1    -1    -1
         -1    -1    -1    -1    -1    -1    -1    -1    -1    -1    -1    -1    -1    -1    -1    -1    -1    -1    -1    -1
         -1    -1    -1
  39   1000   975   878   674   362    19  -264  -460  -581  -649  -681  -686  -674  -650  -618  -581  -542  -504  -468  -434
       -404  -378  -356  -336  -320  -305  -292  -280  -268  -256  -243  -230  -216  -201  -185  -166  -146  -124  -100   -74
        -46   -17    10    37    60    77    90    97   101   100    97    92    85    78    70    61    53    45    37    30
         24    19    14    -1    -1    -1    -1    -1    -1    -1    -1    -1    -1    -1    -1    -1    -1    -1    -1    -1
         -1    -1    -1    -1    -1    -1    -1    -1    -1    -1    -1    -1    -1    -1    -1    -1    -1    -1    -1    -1
         -1    -1
  40   1000   962   816   545   208   -97  -329  -488  -593  -656  -690  -701  -694  -675  -648  -616  -581  -545  -512  -481
       -453  -428  -406  -388  -371  -356  -342  -328  -314  -299  -284  -267  -248  -228  -206  -181  -154  -124   -92   -57
        -22    12    45    73    95   111   120   124   124   120   114   105    96    86    76    65    55    46    37    30
         23    17    -1    -1    -1    -1    -1    -1    -1    -1    -1    -1    -1    -1    -1    -1    -1    -1    -1    -1
         -1    -1    -1    -1    -1    -1    -1    -1    -1    -1    -1    -1    -1    -1    -1    -1    -1    -1    -1    -1
         -1
  41   1000   942   747   450   143  -112  -309  -453  -556  -626  -670  -691  -696  -687  -668  -643  -614  -585  -555  -528
       -503  -480  -460  -442  -425  -409  -393  -376  -359  -341  -321  -299  -275  -248  -219  -186  -150  -111   -70   -27
         15    54    88   115   133   145   149   149   144   137   127   116   104    91    78    66    55    45    36    28
         21    -1    -1    -1    -1    -1    -1    -1    -1    -1    -1    -1    -1    -1    -1    -1    -1    -1    -1    -1
         -1    -1    -1    -1    -1    -1    -1    -1    -1    -1    -1    -1    -1    -1    -1    -1    -1    -1    -1    -1
  42   1000   925   716   449   193   -24  -202  -345  -456  -540  -599  -638  -658  -664  -658  -644  -625  -603  -581  -559
       -538  -518  -500  -482  -465  -447  -429  -410  -390  -367  -342  -315  -284  -251  -214  -173  -128   -81   -31    16
         61   100   131   153   165   171   170   165   156   145   133   119   104    90    76    63    51    41    32    24
         -1    -1    -1    -1    -1    -1    -1    -1    -1    -1    -1    -1    -1    -1    -1    -1    -1    -1    -1    -1
         -1    -1    -1    -1    -1    -1    -1    -1    -1    -1    -1    -1    -1    -1    -1    -1    -1    -1    -1
  43   1000   926   748   536   328   138   -27  -171  -292  -391  -468  -524  -562  -585  -595  -595  -588  -577  -563  -548
       -532  -516  -500  -483  -466  -448  -429  -407  -384  -358  -330  -298  -263  -224  -181  -135   -85   -33    17    64
        105   137   160   173   179   178   173   164   152   139   124   109    94    80    66    54    43    34    25     0
          0     0     0     0     0     0     0     0     0     0     0     0     0     0     0     0     0     0     0     0
          0     0     0     0     0     0     0     0     0     0     0     0     0     0     0     0     0     0
  44   1000   942   810   649   480   316   161    20  -105  -212  -301  -372  -425  -462  -486  -499  -504  -502  -497  -488
       -478  -466  -452  -437  -421  -403  -384  -362  -338  -311  -281  -248  -212  -171  -127   -80   -32    15    60    99
        129   150   163   169   168   163   155   144   131   117   103    89    75    62    51    41    32    24     0     0
          0     0     0     0     0     0     0     0     0     0     0     0     0     0     0     0     0     0     0     0
          0     0     0     0     0     0     0     0     0     0     0     0     0     0     0     0     0
  45   1000   959   863   738   600   456   315   180    55   -54  -149  -227  -289  -335  -368  -390  -403  -409  -410  -406
       -400  -391  -380  -367  -352  -335  -316  -296  -272  -246  -218  -186  -150  -112   -71   -28    13    52    86   113
        132   143   148   147   143   135   126   115   103    90    78    66    55    45    36    28    21     0     0     0
          0     0     0     0     0     0     0     0     0     0     0     0     0     0     0     0     0     0     0     0
          0     0     0     0     0     0     0     0     0     0     0     0     0     0     0     0
  46   1000   970   897   796   678   550   420   292   171    62   -33  -114  -180  -231  -269  -296  -314  -324  -328  -328
       -324  -317  -307  -296  -282  -267  -250  -230  -208  -184  -157  -127   -95   -60   -24    11    44    73    95   111
        120   125   124   120   114   106    97    87    76    66    56    46    38    30    24    18     0     0     0     0
          0     0     0     0     0     0     0     0     0     0     0     0     0     0     0     0     0     0     0     0
          0     0     0     0     0     0     0     0     0     0     0     0     0     0     0
  47   1000   977   917   831   726   609   488   366   249   142    47   -33  -100  -153  -194  -223  -243  -255  -261  -262
       -260  -254  -246  -235  -223  -209  -193  -175  -155  -132  -107   -80   -51   -20     9    36    60    79    93   101
        104   104   101    96    89    81    73    64    55    47    39    32    25    20    15     1     1     1     1     1
          1     1     1     1     1     1     1     1     1     1     1     1     1     1     1     1     1     1     1     1
          1     1     1     1     1     1     1     1     1     1     1     1     1     1
  48   1000   981   929   852   755   647   531   414   301   196   103    22   -44   -97  -138  -168  -188  -201  -208  -210
       -208  -203  -196  -187  -175  -162  -147  -130  -111   -90   -67   -43   -18     7    30    50    66    77    84    87
         87    84    80    74    68    61    54    46    39    33    27    21    17    13     1     1     1     1     1     1
          1     1     1     1     1     1     1     1     1     1     1     1     1     1     1     1     1     1     1     1
          1     1     1     1     1     1     1     1     1     1     1     1     1
  49   1000   983   936   865   774   670   559   446   336   233   142    62    -3   -55   -96  -126  -146  -160  -167  -169
       -167  -163  -156  -147  -137  -124  -110   -94   -77   -58   -37   -15     5    25    42    55    65    71    73    73
         71    67    63    57    51    45    39    33    27    22    18    14    11     1     1     1     1     1     1     1
          1     1     1     1     1     1     1     1     1     1     1     1     1     1     1     1     1     1     1     1
          1     1     1     1     1     1     1     1     1     1     1     1
  50   1000   984   941   873   786   685   577   467   359   259   169    92    27   -24   -64   -93  -113  -126  -133  -136
       -135  -130  -124  -116  -106   -94   -81   -66   -50   -32   -14     3    20    34    46    54    59    61    61    60
         57    53    48    43    38    33    28    23    19    15    12     9     2     2     2     2     2     2     2     2
          2     2     2     2     2     2     2     2     2     2     2     2     2     2     2     2     2     2     2     2
          2     2     2     2     2     2     2     2     2     2     2
  51   1000   985   943   878   794   696   590   481   376   278   190   114    50     0   -38   -67   -87  -100  -106  -109
       -108  -104   -98   -90   -81   -70   -58   -44   -29   -13     1    15    28    38    45    49    51    52    50    48
         44    41    36    32    28    24    20    16    13    10     8     2     2     2     2     2     2     2     2     2
          2     2     2     2     2     2     2     2     2     2     2     2     2     2     2     2     2     2     2     2
          2     2     2     2     2     2     2     2     2     2
  52   1000   986   945   881   799   702   598   492   388   292   205   131    69    19   -18   -46   -65   -78   -84   -87
        -86   -83   -77   -70   -61   -51   -39   -27   -13     0    11    22    31    37    41    43    43    42    40    37
         34    31    27    23    20    17    14    11     9     7     2     2     2     2     2     2     2     2     2     2
          2     2     2     2     2     2     2     2     2     2     2     2     2     2     2     2     2     2     2     2
          2     2     2     2     2     2     2     2     2
  53   1000   986   946   884   802   707   604   500   398   303   218   145    84    35    -1   -28   -47   -60   -67   -69
        -69   -66   -61   -54   -45   -36   -25   -14    -3     7    16    24    29    33    35    35    35    33    31    28
         26    23    20    17    14    12     9     8     6     2     2     2     2     2     2     2     2     2     2     2
          2     2     2     2     2     2     2     2     2     2     2     2     2     2     2     2     2     2     2     2
          2     2     2     2     2     2     2     2
  54   1000   987   947   885   805   711   609   506   405   311   228   156    97    49    12   -14   -33   -45   -52   -55
        -55   -52   -48   -41   -34   -25   -16    -6     2    10    17    22    25    27    28    28    27    25    23    21
         19    16    14    12    10     8     6     5     2     2     2     2     2     2     2     2     2     2     2     2
          2     2     2     2     2     2     2     2     2     2     2     2     2     2     2     2     2     2     2     2
          2     2     2     2     2     2     2
  55   1000   987   948   886   807   714   613   511   411   319   237   166   107    60    24    -2   -21   -33   -41   -44
        -44   -42   -38   -33   -26   -18   -10    -2     4    10    15    18    20    21    21    20    19    18    16    15
         13    11     9     8     6     5     4     3     3     3     3     3     3     3     3     3     3     3     3     3
          3     3     3     3     3     3     3     3     3     3     3     3     3     3     3     3     3     3     3     3
          3     3     3     3     3     3
  56   1000   987   948   887   808   716   616   515   417   326   244   174   116    70    34     7   -11   -24   -32   -36
        -37   -36   -33   -28   -22   -15    -9    -2     2     6    10    12    13    14    14    13    13    12    11     9
          8     7     6     5     4     4     3     3     3     3     3     3     3     3     3     3     3     3     3     3
          3     3     3     3     3     3     3     3     3     3     3     3     3     3     3     3     3     3     3     3
          3     3     3     3     3
  57   1000   987   949   888   809   718   619   519   422   331   251   182   124    77    41    14    -5   -19   -27   -32
        -34   -33   -31   -27   -22   -16   -11    -6    -2     1     3     5     6     7     7     7     7     7     6     5
          5     4     3     3     3     3     3     3     3     3     3     3     3     3     3     3     3     3     3     3
          3     3     3     3     3     3     3     3     3     3     3     3     3     3     3     3     3     3     3     3
          3     3     3     3
  58   1000   987   949   889   811   720   622   523   426   337   257   188   130    83    46    18    -1   -16   -26   -32
        -35   -35   -33   -30   -26   -21   -17   -12    -9    -6    -3    -1     0     0     1     2     2     2     2     2
          2     2     2     2     3     3     3     3     3     3     3     3     3     3     3     3     3     3     3     3
          3     3     3     3     3     3     3     3     3     3     3     3     3     3     3     3     3     3     3     3
          3     3     3
  59   1000   987   949   889   812   722   625   526   430   341   262   192   134    87    49    20    -1   -18   -29   -36
        -40   -41   -40   -38   -34   -29   -25   -21   -17   -14   -11    -9    -7    -5    -4    -2    -1     0     0     0
          0     0     1     3     3     3     3     3     3     3     3     3     3     3     3     3     3     3     3     3
          3     3     3     3     3     3     3     3     3     3     3     3     3     3     3     3     3     3     3     3
          3     3
  60   1000   987   950   890   813   724   627   529   434   345   265   196   136    88    48    17    -6   -24   -37   -45
        -50   -52   -52   -49   -45   -40   -36   -31   -27   -23   -19   -16   -13   -11    -8    -6    -5    -3    -2    -1
          0     0     3     3     3     3     3     3     3     3     3     3     3     3     3     3     3     3     3     3
          3     3     3     3     3     3     3     3     3     3     3     3     3     3     3     3     3     3     3     3
          3
  61   1000   987   950   891   814   725   630   532   437   348   267   196   136    85    43     9   -16   -36   -51   -61
        -66   -68   -67   -64   -59   -53   -48   -42   -37   -32   -27   -23   -19   -16   -12   -10    -7    -5    -3    -2
          0     3     3     3     3     3     3     3     3     3     3     3     3     3     3     3     3     3     3     3
          3     3     3     3     3     3     3     3     3     3     3     3     3     3     3     3     3     3     3     3
  62   1000   987   950   892   816   727   632   534   439   349   267   194   131    77    32    -4   -33   -55   -72   -82
        -88   -89   -86   -81   -75   -68   -61   -54   -47   -41   -35   -29   -24   -20   -16   -12    -9    -6    -4    -2
          3     3     3     3     3     3     3     3     3     3     3     3     3     3     3     3     3     3     3     3
          3     3     3     3     3     3     3     3     3     3     3     3     3     3     3     3     3     3     3
  63   1000   987   950   892   817   729   633   535   439   348   263   187   121    63    14   -25   -58   -82   -99  -110
       -113  -112  -107  -100   -92   -83   -74   -65   -57   -49   -42   -35   -28   -23   -18   -13   -10    -7    -4     3
          3     3     3     3     3     3     3     3     3     3     3     3     3     3     3     3     3     3     3     3
          3     3     3     3     3     3     3     3     3     3     3     3     3     3     3     3     3     3
  64   1000   987   951   893   818   730   634   535   437   343   255   175   103    41   -12   -56   -91  -117  -133  -142
       -142  -138  -130  -120  -109   -98   -87   -76   -66   -56   -47   -39   -31   -24   -19   -14   -10    -6     3     3
          3     3     3     3     3     3     3     3     3     3     3     3     3     3     3     3     3     3     3     3
          3     3     3     3     3     3     3     3     3     3     3     3     3     3     3     3     3
  65   1000   988   951   893   818   730   633   532   431   333   240   154    77     8   -49   -97  -134  -159  -172  -176
       -173  -165  -153  -140  -126  -112   -99   -86   -73   -61   -51   -41   -32   -25   -19   -14    -9     3     3     3
          3     3     3     3     3     3     3     3     3     3     3     3     3     3     3     3     3     3     3     3
          3     3     3     3     3     3     3     3     3     3     3     3     3     3     3     3
  66   1000   988   951   893   818   728   630   526   420   317   217   124    39   -34   -98  -147  -183  -205  -214  -212
       -204  -191  -176  -159  -142  -125  -109   -93   -79   -65   -53   -42   -32   -24   -18   -12     3     3     3     3
          3     3     3     3     3     3     3     3     3     3     3     3     3     3     3     3     3     3     3     3
          3     3     3     3     3     3     3     3     3     3     3     3     3     3     3
  67   1000   988   951   893   816   725   623   514   403   292   184    82    -9   -90  -156  -205  -237  -253  -255  -248
       -234  -216  -196  -176  -156  -136  -116   -98   -81   -66   -53   -41   -31   -23   -15     3     3     3     3     3
          3     3     3     3     3     3     3     3     3     3     3     3     3     3     3     3     3     3     3     3
          3     3     3     3     3     3     3     3     3     3     3     3     3     3
  68   1000   988   951   892   813   719   612   497   377   256   138    27   -72  -157  -222  -267  -292  -300  -295  -281
       -261  -239  -215  -190  -166  -143  -121  -100   -81   -65   -51   -39   -29   -20     3     3     3     3     3     3
          3     3     3     3     3     3     3     3     3     3     3     3     3     3     3     3     3     3     3     3
          3     3     3     3     3     3     3     3     3     3     3     3     3
  69   1000   987   950   890   808   709   595   471   340   208    78   -41  -146  -231  -292  -329  -345  -344  -331  -310
       -285  -257  -229  -200  -173  -146  -121   -99   -79   -62   -47   -35   -24     3     3     3     3     3     3     3
          3     3     3     3     3     3     3     3     3     3     3     3     3     3     3     3     3     3     3     3
          3     3     3     3     3     3     3     3     3     3     3     3
  70   1000   987   949   886   800   694   571   435   291   145     5  -122  -228  -308  -360  -387  -393  -383  -362  -335
       -304  -271  -238  -206  -174  -145  -118   -95   -74   -57   -42   -29     2     2     2     2     2     2     2     2
          2     2     2     2     2     2     2     2     2     2     2     2     2     2     2     2     2     2     2     2
          2     2     2     2     2     2     2     2     2     2     2
  71   1000   987   947   880   788   672   537   387   228    69   -79  -209  -311  -383  -424  -439  -434  -415  -387  -354
       -317  -279  -242  -205  -171  -140  -112   -88   -67   -51   -35     2     2     2     2     2     2     2     2     2
          2     2     2     2     2     2     2     2     2     2     2     2     2     2     2     2     2     2     2     2
          2     2     2     2     2     2     2     2     2     2
  72   1000   986   943   871   770   643   493   327   153   -17  -171  -298  -391  -450  -478  -482  -468  -441  -406  -366
       -324  -281  -239  -200  -164  -131  -103   -79   -60   -42     2     2     2     2     2     2     2     2     2     2
          2     2     2     2     2     2     2     2     2     2     2     2     2     2     2     2     2     2     2     2
          2     2     2     2     2     2     2     2     2
  73   1000   985   939   860   748   606   438   255    67  -109  -262  -380  -461  -507  -523  -516  -492  -458  -416  -370
       -323  -276  -231  -189  -152  -120   -92   -69   -49     2     2     2     2     2     2     2     2     2     2     2
          2     2     2     2     2     2     2     2     2     2     2     2     2     2     2     2     2     2     2     2
          2     2     2     2     2     2     2     2
  74   1000   984   932   844   719   559   374   174   -22  -200  -345  -452  -519  -551  -556  -539  -507  -465  -417  -366
       -314  -264  -217  -175  -138  -106   -80   -57     2     2     2     2     2     2     2     2     2     2     2     2
          2     2     2     2     2     2     2     2     2     2     2     2     2     2     2     2     2     2     2     2
          2     2     2     2     2     2     2
  75   1000   982   924   825   683   505   302    91  -109  -281  -415  -508  -561  -581  -576  -550  -511  -463  -409  -353
       -298  -246  -199  -157  -122   -92   -65     2     2     2     2     2     2     2     2     2     2     2     2     2
          2     2     2     2     2     2     2     2     2     2     2     2     2     2     2     2     2     2     2     2
          2     2     2     2     2     2
  76   1000   980   914   801   643   447   230    13  -183  -346  -466  -545  -586  -596  -582  -549  -503  -449  -391  -332
       -276  -224  -177  -138  -104   -74     2     2     2     2     2     2     2     2     2     2     2     2     2     2
          2     2     2     2     2     2     2     2     2     2     2     2     2     2     2     2     2     2     2     2
          2     2     2     2     2
  77   1000   977   903   775   600   390   165   -50  -238  -388  -496  -563  -593  -595  -573  -534  -483  -424  -364  -304
       -248  -198  -154  -117   -84     2     2     2     2     2     2     2     2     2     2     2     2     2     2     2
          2     2     2     2     2     2     2     2     2     2     2     2     2     2     2     2     2     2     2     2
          2     2     2     2
  78   1000   973   890   749   560   341   116   -92  -269  -406  -502  -559  -581  -576  -548  -504  -449  -390  -329  -271
       -217  -170  -131   -94     2     2     2     2     2     2     2     2     2     2     2     2     2     2     2     2
          2     2     2     2     2     2     2     2     2     2     2     2     2     2     2     2     2     2     2     2
          2     2     2
  79   1000   970   878   726   529   309    90  -108  -272  -398  -484  -532  -549  -538  -507  -461  -406  -347  -289  -234
       -185  -143  -103     1     1     1     1     1     1     1     1     1     1     1     1     1     1     1     1     1
          1     1     1     1     1     1     1     1     1     1     1     1     1     1     1     1     1     1     1     1
          1     1
  80   1000   967   868   710   512   298    89   -95  -248  -364  -442  -484  -497  -484  -451  -406  -353  -298  -245  -196
       -153  -112     1     1     1     1     1     1     1     1     1     1     1     1     1     1     1     1     1     1
          1     1     1     1     1     1     1     1     1     1     1     1     1     1     1     1     1     1     1     1
          1
  81   1000   965   863   705   513   310   115   -57  -199  -306  -378  -417  -428  -415  -385  -343  -296  -248  -201  -159
       -118     1     1     1     1     1     1     1     1     1     1     1     1     1     1     1     1     1     1     1
          1     1     1     1     1     1     1     1     1     1     1     1     1     1     1     1     1     1     1     1
  82   1000   965   863   712   531   342   161     1  -130  -230  -298  -336  -348  -338  -313  -278  -238  -198  -159  -120
          0     0     0     0     0     0     0     0     0     0     0     0     0     0     0     0     0     0     0     0
          0     0     0     0     0     0     0     0     0     0     0     0     0     0     0     0     0     0     0
  83   1000   965   869   728   561   387   221    72   -50  -145  -211  -249  -264  -260  -242  -215  -184  -152  -118     0
          0     0     0     0     0     0     0     0     0     0     0     0     0     0     0     0     0     0     0     0
          0     0     0     0     0     0     0     0     0     0     0     0     0     0     0     0     0     0
  84   1000   968   879   750   598   439   286   148    32   -59  -124  -165  -184  -186  -176  -158  -136  -109    -1    -1
         -1    -1    -1    -1    -1    -1    -1    -1    -1    -1    -1    -1    -1    -1    -1    -1    -1    -1    -1    -1
         -1    -1    -1    -1    -1    -1    -1    -1    -1    -1    -1    -1    -1    -1    -1    -1    -1
  85   1000   970   890   774   636   491   349   220   109    20   -44   -88  -113  -122  -120  -110   -93    -2    -2    -2
         -2    -2    -2    -2    -2    -2    -2    -2    -2    -2    -2    -2    -2    -2    -2    -2    -2    -2    -2    -2
         -2    -2    -2    -2    -2    -2    -2    -2    -2    -2    -2    -2    -2    -2    -2    -2
  86   1000   973   901   796   671   537   405   283   176    89    22   -24   -53   -69   -74   -69    -3    -3    -3    -3
         -3    -3    -3    -3    -3    -3    -3    -3    -3    -3    -3    -3    -3    -3    -3    -3    -3    -3    -3    -3
         -3    -3    -3    -3    -3    -3    -3    -3    -3    -3    -3    -3    -3    -3    -3
  87   1000   976   911   816   701   576   452   335   232   145    78    28    -5   -26   -36    -4    -4    -4    -4    -4
         -4    -4    -4    -4    -4    -4    -4    -4    -4    -4    -4    -4    -4    -4    -4    -4    -4    -4    -4    -4
         -4    -4    -4    -4    -4    -4    -4    -4    -4    -4    -4    -4    -4    -4
  88   1000   978   919   831   725   608   488   376   276   190   122    69    32     6    -5    -5    -5    -5    -5    -5
         -5    -5    -5    -5    -5    -5    -5    -5    -5    -5    -5    -5    -5    -5    -5    -5    -5    -5    -5    -5
         -5    -5    -5    -5    -5    -5    -5    -5    -5    -5    -5    -5    -5
  89   1000   980   926   844   743   631   517   409   311   226   157   103    59    -6    -6    -6    -6    -6    -6    -6
         -6    -6    -6    -6    -6    -6    -6    -6    -6    -6    -6    -6    -6    -6    -6    -6    -6    -6    -6    -6
         -6    -6    -6    -6    -6    -6    -6    -6    -6    -6    -6    -6
  90   1000   982   931   853   756   649   540   435   339   256   186   124    -6    -6    -6    -6    -6    -6    -6    -6
         -6    -6    -6    -6    -6    -6    -6    -6    -6    -6    -6    -6    -6    -6    -6    -6    -6    -6    -6    -6
         -6    -6    -6    -6    -6    -6    -6    -6    -6    -6    -6
  91   1000   983   935   859   767   665   559   457   363   280   201    -7    -7    -7    -7    -7    -7    -7    -7    -7
         -7    -7    -7    -7    -7    -7    -7    -7    -7    -7    -7    -7    -7    -7    -7    -7    -7    -7    -7    -7
         -7    -7    -7    -7    -7    -7    -7    -7    -7    -7
  92   1000   984   936   865   776   677   575   476   384   289    -7    -7    -7    -7    -7    -7    -7    -7    -7    -7
         -7    -7    -7    -7    -7    -7    -7    -7    -7    -7    -7    -7    -7    -7    -7    -7    -7    -7    -7    -7
         -7    -7    -7    -7    -7    -7    -7    -7    -7
  93   1000   983   938   870   784   689   590   493   387    -2    -2    -2    -2    -2    -2    -2    -2    -2    -2    -2
         -2    -2    -2    -2    -2    -2    -2    -2    -2    -2    -2    -2    -2    -2    -2    -2    -2    -2    -2    -2
         -2    -2    -2    -2    -2    -2    -2    -2
  94   1000   985   943   878   797   706   610   505    52    52    52    52    52    52    52    52    52    52    52    52
         52    52    52    52    52    52    52    52    52    52    52    52    52    52    52    52    52    52    52    52
         52    52    52    52    52    52    52
  95   1000   986   945   883   805   717   610    65    65    65    65    65    65    65    65    65    65    65    65    65
         65    65    65    65    65    65    65    65    65    65    65    65    65    65    65    65    65    65    65    65
         65    65    65    65    65    65
  96   1000   986   947   888   812   711    80    80    80    80    80    80    80    80    80    80    80    80    80    80
         80    80    80    80    80    80    80    80    80    80    80    80    80    80    80    80    80    80    80    80
         80    80    80    80    80
  97   1000   987   950   892   802    95    95    95    95    95    95    95    95    95    95    95    95    95    95    95
         95    95    95    95    95    95    95    95    95    95    95    95    95    95    95    95    95    95    95    95
         95    95    95    95
  98   1000   987   951   879   112   112   112   112   112   112   112   112   112   112   112   112   112   112   112   112
        112   112   112   112   112   112   112   112   112   112   112   112   112   112   112   112   112   112   112   112
        112   112   112
  99   1000   988   937   131   131   131   131   131   131   131   131   131   131   131   131   131   131   131   131   131
        131   131   131   131   131   131   131   131   131   131   131   131   131   131   131   131   131   131   131   131
        131   131
 100   1000   974   151   151   151   151   151   151   151   151   151   151   151   151   151   151   151   151   151   151
        151   151   151   151   151   151   151   151   151   151   151   151   151   151   151   151   151   151   151   151
        151
 101   1000   317   317   317   317   317   317   317   317   317   317   317   317   317   317   317   317   317   317   317
        317   317   317   317   317   317   317   317   317   317   317   317   317   317   317   317   317   317   317   317
 102   1000  1000  1000  1000  1000  1000  1000  1000  1000  1000  1000  1000  1000  1000  1000  1000  1000  1000  1000  1000
       1000  1000  1000  1000  1000  1000  1000  1000  1000  1000  1000  1000  1000  1000  1000  1000  1000  1000  1000
 103   1000  1000  1000  1000  1000  1000  1000  1000  1000  1000  1000  1000  1000  1000  1000  1000  1000  1000  1000  1000
       1000  1000  1000  1000  1000  1000  1000  1000  1000  1000  1000  1000  1000  1000  1000  1000  1000  1000
 104   1000  1000  1000  1000  1000  1000  1000  1000  1000  1000  1000  1000  1000  1000  1000  1000  1000  1000  1000  1000
       1000  1000  1000  1000  1000  1000  1000  1000  1000  1000  1000  1000  1000  1000  1000  1000  1000
 105   1000  1000  1000  1000  1000  1000  1000  1000  1000  1000  1000  1000  1000  1000  1000  1000  1000  1000  1000  1000
       1000  1000  1000  1000  1000  1000  1000  1000  1000  1000  1000  1000  1000  1000  1000  1000
 106   1000  1000  1000  1000  1000  1000  1000  1000  1000  1000  1000  1000  1000  1000  1000  1000  1000  1000  1000  1000
       1000  1000  1000  1000  1000  1000  1000  1000  1000  1000  1000  1000  1000  1000  1000
 107   1000  1000  1000  1000  1000  1000  1000  1000  1000  1000  1000  1000  1000  1000  1000  1000  1000  1000  1000  1000
       1000  1000  1000  1000  1000  1000  1000  1000  1000  1000  1000  1000  1000  1000
 108   1000  1000  1000  1000  1000  1000  1000  1000  1000  1000  1000  1000  1000  1000  1000  1000  1000  1000  1000  1000
       1000  1000  1000  1000  1000  1000  1000  1000  1000  1000  1000  1000  1000
 109   1000  1000  1000  1000  1000  1000  1000  1000  1000  1000  1000  1000  1000  1000  1000  1000  1000  1000  1000  1000
       1000  1000  1000  1000  1000  1000  1000  1000  1000  1000  1000  1000
 110   1000  1000  1000  1000  1000  1000  1000  1000  1000  1000  1000  1000  1000  1000  1000  1000  1000  1000  1000  1000
       1000  1000  1000  1000  1000  1000  1000  1000  1000  1000  1000
 111   1000  1000  1000  1000  1000  1000  1000  1000  1000  1000  1000  1000  1000  1000  1000  1000  1000  1000  1000  1000
       1000  1000  1000  1000  1000  1000  1000  1000  1000  1000
 112   1000  1000  1000  1000  1000  1000  1000  1000  1000  1000  1000  1000  1000  1000  1000  1000  1000  1000  1000  1000
       1000  1000  1000  1000  1000  1000  1000  1000  1000
 113   1000  1000  1000  1000  1000  1000  1000  1000  1000  1000  1000  1000  1000  1000  1000  1000  1000  1000  1000  1000
       1000  1000  1000  1000  1000  1000  1000  1000
 114   1000  1000  1000  1000  1000  1000  1000  1000  1000  1000  1000  1000  1000  1000  1000  1000  1000  1000  1000  1000
       1000  1000  1000  1000  1000  1000  1000
 115   1000  1000  1000  1000  1000  1000  1000  1000  1000  1000  1000  1000  1000  1000  1000  1000  1000  1000  1000  1000
       1000  1000  1000  1000  1000  1000
 116   1000  1000  1000  1000  1000  1000  1000  1000  1000  1000  1000  1000  1000  1000  1000  1000  1000  1000  1000  1000
       1000  1000  1000  1000  1000
 117   1000  1000  1000  1000  1000  1000  1000  1000  1000  1000  1000  1000  1000  1000  1000  1000  1000  1000  1000  1000
       1000  1000  1000  1000
 118   1000  1000  1000  1000  1000  1000  1000  1000  1000  1000  1000  1000  1000  1000  1000  1000  1000  1000  1000  1000
       1000  1000  1000
 119   1000  1000  1000  1000  1000  1000  1000  1000  1000  1000  1000  1000  1000  1000  1000  1000  1000  1000  1000  1000
       1000  1000
 120   1000  1000  1000  1000  1000  1000  1000  1000  1000  1000  1000  1000  1000  1000  1000  1000  1000  1000  1000  1000
       1000
 121   1000  1000  1000  1000  1000  1000  1000  1000  1000  1000  1000  1000  1000  1000  1000  1000  1000  1000  1000  1000
 122   1000  1000  1000  1000  1000  1000  1000  1000  1000  1000  1000  1000  1000  1000  1000  1000  1000  1000  1000
 123   1000  1000  1000  1000  1000  1000  1000  1000  1000  1000  1000  1000  1000  1000  1000  1000  1000  1000
 124   1000  1000  1000  1000  1000  1000  1000  1000  1000  1000  1000  1000  1000  1000  1000  1000  1000
 125   1000  1000  1000  1000  1000  1000  1000  1000  1000  1000  1000  1000  1000  1000  1000  1000
 126   1000  1000  1000  1000  1000  1000  1000  1000  1000  1000  1000  1000  1000  1000  1000
 127   1000  1000  1000  1000  1000  1000  1000  1000  1000  1000  1000  1000  1000  1000
 128   1000  1000  1000  1000  1000  1000  1000  1000  1000  1000  1000  1000  1000
 129   1000  1000  1000  1000  1000  1000  1000  1000  1000  1000  1000  1000
 130   1000  1000  1000  1000  1000  1000  1000  1000  1000  1000  1000
 131   1000  1000  1000  1000  1000  1000  1000  1000  1000  1000
 132   1000  1000  1000  1000  1000  1000  1000  1000  1000
 133   1000  1000  1000  1000  1000  1000  1000  1000
 134   1000  1000  1000  1000  1000  1000  1000
 135   1000  1000  1000  1000  1000  1000
 136   1000  1000  1000  1000  1000
 137   1000  1000  1000  1000
 138   1000  1000  1000
 139   1000  1000
 140   1000

 Finished!
