NIF_RUN Passive 18x snout on TANDM 90-348 Pinhole
  140    5    1    0    0
   0.00500   9.00000   0.00500   0.00100
   0.0000000   0   0 1.00000000E+00   1.0000000
ZR902    1.706E-12 0.010       0.00       0.00        (    )
IN115N   4.881E-13 0.007       0.00       0.00        (    )
AU197G   8.079E-14 0.010       0.00 AUNG  3.94 IFX    (ISTP)
IN115G   1.161E-13 0.020       0.00 INNG 39.37 IFX    (ISTP)
AU1972   1.218E-11 0.053       0.00       0.00        (    )
Flux Uncertainty
   4
 1.0000E-11 1.0000E-04 1.2990E+01 2.0100E+01
 5.0000E-02 2.0000E-02 2.0000E-02 1.0000E-02
Input Flux Spectrum
 140   1 1.000E+00 2.000E+01 5.000E-08
 0.0000E+00 0.0000E+00 0.0000E+00 0.0000E+00 0.0000E+00 0.0000E+00 0.0000E+00
 0.0000E+00 0.0000E+00 0.0000E+00 0.0000E+00 0.0000E+00 0.0000E+00 0.0000E+00
 0.0000E+00 0.0000E+00 0.0000E+00 0.0000E+00 5.4258E+11 2.2905E+11 5.3921E+10
 2.5144E+10 1.4380E+10 9.2478E+09 6.6117E+10 3.3483E+10 2.0992E+10 1.2479E+10
 9.3867E+09 6.2092E+09 4.3203E+09 4.5608E+09 3.6951E+10 5.0992E+10 1.1543E+11
 1.4207E+10 3.1342E+10 5.4738E+10 1.2071E+11 1.2173E+12 1.5966E+12 1.6096E+12
 1.9664E+11 1.8089E+11 1.2856E+11 1.4108E+11 1.2086E+12 7.8547E+11 7.1828E+11
 4.2695E+10 4.0977E+10 3.4769E+10 3.3942E+10 2.8163E+11 2.8810E+11 2.6109E+11
 2.8614E+10 3.7994E+10 3.3531E+10 4.0512E+10 3.9923E+11 4.9691E+11 6.2026E+11
 7.6913E+10 7.8151E+10 9.2914E+10 1.0709E+11 1.1883E+12 9.4300E+11 9.4564E+11
 3.5524E+10 3.1105E+10 2.5220E+10 1.8386E+10 1.1244E+11 5.0558E+10 4.1891E+10
 3.5125E+09 2.2646E+09 2.0231E+09 1.8985E+09 1.8962E+10 1.6364E+10 1.9261E+10
 2.9756E+09 4.7912E+09 8.5996E+09 1.2229E+10 1.8676E+11 2.1648E+11 2.9740E+11
 3.8663E+11 2.6556E+11 1.3466E+12 1.5082E+12 0.0000E+00 0.0000E+00 0.0000E+00
 0.0000E+00 0.0000E+00 0.0000E+00 0.0000E+00 0.0000E+00 0.0000E+00 0.0000E+00
 0.0000E+00 0.0000E+00 0.0000E+00 0.0000E+00 0.0000E+00 0.0000E+00 0.0000E+00
 0.0000E+00 0.0000E+00 0.0000E+00 0.0000E+00 0.0000E+00 0.0000E+00 0.0000E+00
 0.0000E+00 0.0000E+00 0.0000E+00 0.0000E+00 0.0000E+00 0.0000E+00 0.0000E+00
 0.0000E+00 0.0000E+00 0.0000E+00 0.0000E+00 0.0000E+00 0.0000E+00 0.0000E+00
 0.0000E+00 0.0000E+00 0.0000E+00 0.0000E+00 0.0000E+00 0.0000E+00 0.0000E+00
   10   13   28   11    8    5    8    7   10   40



                         ==============================
                               STAYSL PNNL OUTPUT
                         ==============================

 STAYSL PNNL, version 1.2.0, 2015-08-05


 SCENARIO TITLE: NIF_RUN Passive 18x snout on TANDM 90-348 Pinhole
 -------------------------------------------------------------------------------
  NGROUP =   140    NRXN =     5    ACTIVITY NORM = 1.00000E+00

  COVARIANCE PARAMETERS (FCHN, FCVX, ACVX, FS)
    FLUXES:      WIDTH =  9.0000E+00   LONG RANGE COVAR. =  5.0000E-03
            ACTIVITIES =  5.0000E-03   X-SECT CROSS COR. =  1.0000E-03

    DETERM =   1.4343 × 10^   1.00      ERROR =   3.1641E-16

  INPUT NORMALIZATION DATA
    AK1   =     0.00000     VAK        =     0.00003
    NORML =           0     RENORM     = 9.81058E-01
    CHI²  =    71.79338     NORM. CHI² =    17.94835

  DOSIMETRY ACTIVITIES
     ———— INPUTS —————  -UNADJUSTED FLUX-  — ADJUSTED FLUX —    CHI²  90% ACTIVITIES RANGE
 RXN  MEASURED     ±%   ACTIVITY    %DIFF  ACTIVITY    %DIFF  CONTRIB --LOW E-- --HIGH E--   REACTION          CVR
  1  1.706E-12    1.00  1.652E-12   -3.18  1.685E-12   -1.23    1.529  1.30E+01  1.40E+01  ZR90(N,2N)ZR89          
  2  4.881E-13    0.70  5.083E-13    4.14  5.173E-13    5.97    3.339  2.30E+00  1.40E+01  IN115(N,N')IN115M       
  3  8.079E-14    1.00  7.914E-14   -2.04  8.054E-14   -0.31   -0.393  5.50E-03  1.20E+01  AU197(N,G)AU198         
  4  1.161E-13    2.00  1.007E-13  -13.26  1.026E-13  -11.60   18.305  7.20E-03  2.30E+00  IN115(N,G)IN116M        
  5  1.218E-11    5.30  7.539E-12  -38.11  7.688E-12  -36.88   49.015  1.00E+01  1.40E+01  AU197(N,2N)AU196        

             % STD. DEV.  =         20.37              19.57

                              CHECK INPUT, IT IS RATHER UNLIKELY !
                                   *** BEWARE OF OUTPUT ! ***


  DIFFERENTIAL FLUXES (input is normalized by a factor of 9.8106E-01)
                  —————— DIFFERENTIAL FLUX —————   ———— STD. DEV. % ————   INTEGRAL
 GRP    ENERGY        NEW         OLD      RATIO    NEW     OLD    RATIO   FLUX > E     ± %
  19  1.3500E-05  5.3422E+11  5.3230E+11   1.004    2.26    2.27   0.997  4.6877E+12    0.97
  20  2.1000E-05  2.2552E+11  2.2471E+11   1.004    2.21    2.22   0.997  4.6877E+12    0.97
  21  3.0000E-05  5.3091E+10  5.2900E+10   1.004    2.17    2.18   0.997  4.6877E+12    0.97
  22  4.5000E-05  2.4758E+10  2.4668E+10   1.004    2.12    2.13   0.997  4.6877E+12    0.97
  23  6.9000E-05  1.4159E+10  1.4108E+10   1.004    2.07    2.08   0.996  4.6877E+12    0.97
  24  1.0000E-04  9.1063E+09  9.0726E+09   1.004    2.05    2.06   0.996  4.6877E+12    0.97
  25  1.3500E-04  6.5110E+10  6.4865E+10   1.004    2.05    2.06   0.996  4.6877E+12    0.97
  26  1.7000E-04  3.2976E+10  3.2849E+10   1.004    2.05    2.06   0.995  4.6877E+12    0.97
  27  2.2000E-04  2.0677E+10  2.0594E+10   1.004    2.05    2.06   0.995  4.6877E+12    0.97
  28  2.8000E-04  1.2294E+10  1.2243E+10   1.004    2.05    2.06   0.994  4.6877E+12    0.97
  29  3.6000E-04  9.2493E+09  9.2089E+09   1.004    2.05    2.06   0.993  4.6877E+12    0.97
  30  4.5000E-04  6.1200E+09  6.0916E+09   1.005    2.04    2.06   0.992  4.6877E+12    0.97
  31  5.7500E-04  4.2597E+09  4.2385E+09   1.005    2.04    2.06   0.990  4.6877E+12    0.97
  32  7.6000E-04  4.4987E+09  4.4744E+09   1.005    2.03    2.06   0.987  4.6877E+12    0.97
  33  9.6000E-04  3.6466E+10  3.6251E+10   1.006    2.03    2.06   0.983  4.6877E+12    0.97
  34  1.2750E-03  5.0351E+10  5.0026E+10   1.007    2.02    2.06   0.979  4.6877E+12    0.97
  35  1.6000E-03  1.1405E+11  1.1324E+11   1.007    2.01    2.06   0.973  4.6877E+12    0.97
  36  2.0000E-03  1.4047E+10  1.3938E+10   1.008    1.99    2.06   0.966  4.6877E+12    0.97
  37  2.7000E-03  3.1013E+10  3.0748E+10   1.009    1.97    2.06   0.957  4.6876E+12    0.97
  38  3.4000E-03  5.4205E+10  5.3701E+10   1.009    1.95    2.06   0.947  4.6876E+12    0.97
  39  4.5000E-03  1.1963E+11  1.1842E+11   1.010    1.93    2.06   0.937  4.6876E+12    0.97
  40  5.5000E-03  1.2073E+12  1.1942E+12   1.011    1.91    2.06   0.926  4.6874E+12    0.97
  41  7.2000E-03  1.5846E+12  1.5664E+12   1.012    1.89    2.06   0.915  4.6854E+12    0.97
  42  9.2000E-03  1.5986E+12  1.5791E+12   1.012    1.87    2.06   0.905  4.6822E+12    0.97
  43  1.2000E-02  1.9540E+11  1.9292E+11   1.013    1.85    2.06   0.896  4.6777E+12    0.97
  44  1.5000E-02  1.7983E+11  1.7746E+11   1.013    1.83    2.06   0.889  4.6772E+12    0.97
  45  1.9000E-02  1.2785E+11  1.2612E+11   1.014    1.82    2.06   0.885  4.6764E+12    0.97
  46  2.5500E-02  1.4034E+11  1.3841E+11   1.014    1.82    2.06   0.882  4.6756E+12    0.97
  47  3.2000E-02  1.2024E+12  1.1857E+12   1.014    1.82    2.06   0.882  4.6747E+12    0.97
  48  4.0000E-02  7.8144E+11  7.7059E+11   1.014    1.82    2.06   0.884  4.6651E+12    0.97
  49  5.2500E-02  7.1456E+11  7.0467E+11   1.014    1.83    2.06   0.887  4.6553E+12    0.97
  50  6.6000E-02  4.2470E+10  4.1886E+10   1.014    1.84    2.06   0.890  4.6457E+12    0.98
  51  8.8000E-02  4.0756E+10  4.0201E+10   1.014    1.84    2.06   0.895  4.6447E+12    0.98
  52  1.1000E-01  3.4579E+10  3.4110E+10   1.014    1.85    2.06   0.899  4.6438E+12    0.98
  53  1.3500E-01  3.3756E+10  3.3299E+10   1.014    1.86    2.06   0.902  4.6430E+12    0.98
  54  1.6000E-01  2.8011E+11  2.7630E+11   1.014    1.86    2.06   0.905  4.6421E+12    0.98
  55  1.9000E-01  2.8660E+11  2.8264E+11   1.014    1.87    2.06   0.906  4.6337E+12    0.98
  56  2.2000E-01  2.5983E+11  2.5614E+11   1.014    1.87    2.06   0.906  4.6251E+12    0.98
  57  2.5500E-01  2.8492E+10  2.8072E+10   1.015    1.86    2.06   0.904  4.6160E+12    0.98
  58  2.9000E-01  3.7859E+10  3.7274E+10   1.016    1.86    2.06   0.900  4.6150E+12    0.98
  59  3.2000E-01  3.3442E+10  3.2896E+10   1.017    1.85    2.06   0.895  4.6139E+12    0.98
  60  3.6000E-01  4.0447E+10  3.9745E+10   1.018    1.83    2.06   0.889  4.6126E+12    0.98
  61  4.0000E-01  3.9904E+11  3.9167E+11   1.019    1.82    2.06   0.881  4.6109E+12    0.98
  62  4.5000E-01  4.9727E+11  4.8750E+11   1.020    1.80    2.06   0.872  4.5910E+12    0.99
  63  5.0000E-01  6.2146E+11  6.0851E+11   1.021    1.78    2.06   0.863  4.5661E+12    0.99
  64  5.5000E-01  7.7147E+10  7.5456E+10   1.022    1.76    2.06   0.855  4.5351E+12    1.00
  65  6.0000E-01  7.8465E+10  7.6671E+10   1.023    1.75    2.06   0.849  4.5312E+12    1.00
  66  6.6000E-01  9.3357E+10  9.1154E+10   1.024    1.74    2.06   0.845  4.5265E+12    1.00
  67  7.2000E-01  1.0765E+11  1.0506E+11   1.025    1.74    2.06   0.844  4.5209E+12    1.00
  68  7.8000E-01  1.1947E+12  1.1658E+12   1.025    1.75    2.06   0.847  4.5144E+12    1.00
  69  8.4000E-01  9.4786E+11  9.2514E+11   1.025    1.76    2.06   0.854  4.4427E+12    1.01
  70  9.2000E-01  9.4996E+11  9.2773E+11   1.024    1.78    2.06   0.864  4.3669E+12    1.03
  71  1.0000E+00  3.5653E+10  3.4851E+10   1.023    1.81    2.06   0.877  4.2909E+12    1.04
  72  1.2000E+00  3.1179E+10  3.0516E+10   1.022    1.84    2.06   0.892  4.2838E+12    1.04
  73  1.4000E+00  2.5241E+10  2.4742E+10   1.020    1.87    2.06   0.907  4.2776E+12    1.04
  74  1.6000E+00  1.8370E+10  1.8038E+10   1.018    1.90    2.06   0.922  4.2725E+12    1.04
  75  1.8000E+00  1.1213E+11  1.1031E+11   1.017    1.93    2.06   0.936  4.2688E+12    1.05
  76  2.0000E+00  5.0322E+10  4.9600E+10   1.015    1.95    2.06   0.948  4.2464E+12    1.05
  77  2.3000E+00  4.1616E+10  4.1098E+10   1.013    1.97    2.06   0.957  4.2313E+12    1.05
  78  2.6000E+00  3.4831E+09  3.4460E+09   1.011    1.99    2.06   0.965  4.2188E+12    1.06
  79  2.9000E+00  2.2419E+09  2.2217E+09   1.009    2.00    2.06   0.969  4.2178E+12    1.06
  80  3.3000E+00  2.0000E+09  1.9848E+09   1.008    2.00    2.06   0.972  4.2169E+12    1.06
  81  3.7000E+00  1.8746E+09  1.8625E+09   1.006    2.00    2.06   0.971  4.2161E+12    1.06
  82  4.1000E+00  1.8708E+10  1.8603E+10   1.006    1.99    2.06   0.966  4.2153E+12    1.06
  83  4.5000E+00  1.6138E+10  1.6054E+10   1.005    1.98    2.06   0.958  4.2078E+12    1.06
  84  5.0000E+00  1.8995E+10  1.8896E+10   1.005    1.95    2.06   0.945  4.1998E+12    1.06
  85  5.5000E+00  2.9359E+09  2.9192E+09   1.006    1.91    2.06   0.927  4.1903E+12    1.06
  86  6.0000E+00  4.7316E+09  4.7004E+09   1.007    1.86    2.06   0.902  4.1888E+12    1.06
  87  6.7000E+00  8.5041E+09  8.4367E+09   1.008    1.79    2.06   0.869  4.1855E+12    1.06
  88  7.4000E+00  1.2114E+10  1.1997E+10   1.010    1.71    2.06   0.829  4.1795E+12    1.06
  89  8.2000E+00  1.8539E+11  1.8322E+11   1.012    1.61    2.06   0.781  4.1699E+12    1.06
  90  9.0000E+00  2.1536E+11  2.1238E+11   1.014    1.50    2.06   0.728  4.0215E+12    1.06
  91  1.0000E+01  2.9653E+11  2.9177E+11   1.016    1.39    2.06   0.674  3.8062E+12    1.06
  92  1.1000E+01  3.8632E+11  3.7931E+11   1.018    1.29    2.06   0.624  3.5097E+12    1.05
  93  1.2000E+01  2.6584E+11  2.6053E+11   1.020    1.21    2.06   0.585  3.1233E+12    1.05
  94  1.3000E+01  1.3486E+12  1.3211E+12   1.021    1.10    1.95   0.566  2.8575E+12    1.04
  95  1.4000E+01  1.5089E+12  1.4796E+12   1.020    1.00    1.76   0.571  1.5089E+12    1.00
      1.5000E+01

  INTEGRALS OF SPECTRA
    OLD SPECTRUM   4.5993E+12   ±    1.682 %
    NEW SPECTRUM   4.6877E+12   ±    0.968 %

  SUMMARY OF BROAD-GROUP FLUXES, FLUENCES, AND UNCERTAINTIES

    IRRAD TIME [S] = 1.00000000E+00   ACT NORM =  1.00000000E+00

       ENERGY       FLUX       FLUENCE      STDEV %
      thermal    0.0000E+00  0.0000E+00  ±   0.00     (0.100 meV – 0.550  eV)
     epithermal  4.3913E+10  4.3913E+10  ±   1.63     (0.550  eV – 110.0 keV)
        fast     4.6438E+12  4.6438E+12  ±   0.98     (110.0 keV –  20.0 MeV)
        fast     4.2909E+12  4.2909E+12  ±   1.04     (  1.0 MeV –  20.0 MeV)
        high     0.0000E+00  0.0000E+00  ±   0.00     ( 20.0 MeV –  60.0 MeV)

    MINI-SPECTRUM

       ENERGY       FLUX       FLUENCE      STDEV %
     1.0000E-10  0.0000E+00  0.0000E+00  ±   0.00
     5.5000E-07  7.8658E+06  7.8658E+06  ±   2.19
     1.0000E-04  4.3905E+10  4.3905E+10  ±   1.63
     1.1000E-01  7.7708E+10  7.7708E+10  ±   1.60
     5.0000E-01  2.7521E+11  2.7521E+11  ±   1.65
     1.0000E+00  4.4515E+10  4.4515E+10  ±   1.83
     2.0000E+00  4.6625E+10  4.6625E+10  ±   1.81
     5.0000E+00  3.9359E+11  3.9359E+11  ±   1.54
     1.0000E+01  3.8062E+12  3.8062E+12  ±   1.06
     2.0000E+01  0.0000E+00  0.0000E+00  ±   0.00
     6.0000E+01

       TOTAL     4.6877E+12  4.6877E+12  ±   0.97

    RELATIVE COVARIANCES (10×10)
        0     0     0     0     0     0     0     0     0     0
     1000    34    33    27    33    40    29    34     0
     1000    99  -247  -157   -61    33    59     0
     1000   335   -15   -33    31    59     0
     1000   690   323    32    53     0
     1000   795    94    47     0
     1000   363   106     0
     1000   651     0
     1000     0
        0

  SPECTRAL-AVERAGED REACTION RATES (for all cross section library reactions)

        REACTIONS        SIG-PHI      <SIG>          REACTIONS        SIG-PHI      <SIG>          REACTIONS        SIG-PHI      <SIG>  
   ------------------  ----------  ----------   ------------------  ----------  ----------   ------------------  ----------  ----------
   LI6(N,A)T           3.4345E-13  7.3266E-26   FE58(N,G)FE59       5.9782E-15  1.2753E-27   IN115(N,N')IN115M   5.1726E-13  1.1034E-25
   B10(N,A)LI7         5.6391E-13  1.2029E-25   CO59(N,2N)CO58      2.0894E-12  4.4571E-25   IN115(N,2N)IN114M   4.4643E-12  9.5234E-25
   F19(N,2N)F18        1.0349E-13  2.2076E-26   CO59(N,3N)CO57      0.0000E+00  0.0000E+00   IN115(N,G)IN116M    1.0314E-13  2.2001E-26
   NA23(N,2N)NA22      5.8021E-14  1.2377E-26   CO59(N,G)CO60       8.1153E-15  1.7312E-27   I127(N,2N)I126      5.0080E-12  1.0683E-24
   NA23(N,G)NA24       1.0772E-15  2.2978E-28   CO59(N,P)FE59       2.0534E-13  4.3804E-26   LA139(N,G)LA140     9.8216E-15  2.0952E-27
   MG24(N,P)NA24       7.4548E-13  1.5903E-25   CO59(N,A)MN56       1.1377E-13  2.4269E-26   PR141(N,2N)PR140    5.4870E-12  1.1705E-24
   AL27(N,P)MG27       3.4596E-13  7.3801E-26   NI58(N,2N)NI57      6.4466E-14  1.3752E-26   TM169(N,2N)TM168    7.4345E-12  1.5860E-24
   AL27(N,A)NA24       4.7257E-13  1.0081E-25   NI58(N,P)CO58       1.8490E-12  3.9444E-25   TM169(N,3N)TM167    3.1039E-17  6.6212E-30
   SI28(N,P)AL28       1.0950E-12  2.3359E-25   NI60(N,P)CO60       5.8850E-13  1.2554E-25   TA181(N,G)TA182     8.6364E-14  1.8423E-26
   P31(N,P)SI31        4.5106E-13  9.6220E-26   CU63(N,2N)CU62      1.2916E-12  2.7552E-25   W186(N,G)W187       3.8326E-14  8.1758E-27
   S32(N,P)P32         1.2204E-12  2.6034E-25   CU63(N,G)CU64       2.1794E-14  4.6492E-27   AU197(N,2N)AU196    7.6878E-12  1.6400E-24
   TI46(N,2N)TI45      5.2341E-14  1.1166E-26   CU63(N,A)CO60       1.7727E-13  3.7815E-26   AU197(N,G)AU198     8.0677E-14  1.7210E-26
   TI46(N,P)SC46       1.1186E-12  2.3862E-25   CU65(N,2N)CU64      2.7624E-12  5.8927E-25   HG199(N,N')HG199M   1.0978E-12  2.3419E-25
   TI47(N,P)SC47       5.5670E-13  1.1876E-25   ZN64(N,P)CU64       8.4505E-13  1.8027E-25   PB204(N,N')PB204M   4.9283E-13  1.0513E-25
   TI47(N,X)SC46       1.1403E-13  2.4325E-26   ZN67(N,P)CU67       1.2357E-13  2.6360E-26   BI209(N,3N)BI207    8.9473E-16  1.9087E-28
   TI48(N,P)SC48       2.2764E-13  4.8560E-26   AS75(N,2N)AS74      2.9292E-12  6.2487E-25   TH232(N,FISSION)    1.4536E-12  3.1009E-25
   TI48(N,X)SC47       2.0030E-14  4.2729E-27   Y89(N,2N)Y88        2.3992E-12  5.1180E-25   TH232(N,G)TH233     8.8971E-14  1.8980E-26
   TI49(N,X)SC48       1.1081E-14  2.3637E-27   ZR90(N,2N)ZR89      1.6850E-12  3.5944E-25   U235(N,FISSION)     8.8060E-12  1.8785E-24
   V51(N,A)SC48        5.1361E-14  1.0957E-26   NB93(N,G)NB94       3.4647E-14  7.3910E-27   U235(N,G)U236       9.3409E-14  1.9926E-26
   CR52(N,2N)CR51      7.4874E-13  1.5972E-25   NB93(N,N')NB93M     3.1571E-13  6.7349E-26   U238(N,2N)U237      4.7075E-12  1.0042E-24
   MN55(N,2N)MN54      2.1372E-12  4.5590E-25   NB93(N,2N)NB92M     1.6195E-12  3.4548E-25   U238(N,FISSION)     4.6232E-12  9.8623E-25
   MN55(N,G)MN56       5.6681E-15  1.2091E-27   MO92(N,P)NB92M      3.5684E-13  7.6121E-26   U238(N,G)U239       7.0836E-14  1.5111E-26
   FE54(N,2N)FE53      8.7428E-15  1.8650E-27   RH103(N,N')RH103M   2.2863E-12  4.8771E-25   NP237(N,FISSION)    9.5006E-12  2.0267E-24
   FE54(N,P)MN54       1.6542E-12  3.5288E-25   AG109(N,G)AG110M    9.3763E-15  2.0002E-27   PU239(N,FISSION)    1.0690E-11  2.2804E-24
   FE54(N,A)CR51       3.2688E-13  6.9731E-26   IN113(N,N')IN113M   4.3932E-13  9.3716E-26   AM241(N,FISSION)    1.1118E-11  2.3718E-24
   FE56(N,P)MN56       4.3373E-13  9.2524E-26   IN113(N,G)IN114M    1.3610E-13  2.9032E-26   SC45(N,G)SC46       9.7698E-15  2.0841E-27

  INPUT FLUX REL. CORRELATION MATRIX (by row from diagonal)
   1   1000   988   952   896   824   739   648   555   465   381   306   242   188   145   111    85    67    53    44    38
         35    33    31    31    30    30    29    29    29    29    29    29    29    29    29    29    29    29    29    29
         29    29    29    29    29    29    29    29    29    29    29    29    29    29    29    29    29    29    29    29
         29    29    29    29    29    29    29    29    29    29    29    29    29    29    29    29    29    29    29    29
         29    29    29    29    29    29    29    29    29    29    29    29    29    31    34    38    41    45    48    52
         85   121   121   121   121   121   121   121   121   121   121   121   121   121   121   121   121   121   121   121
        121   121   121   121   121   121   121   121   121   121   121   121   121   121   121   121   121   121   121   121

  OUTPUT FLUX REL. CORRELATION MATRIX (by row from diagonal)
   1   1000   988   952   896   823   738   647   554   463   380   304   240   186   142   108    83    64    50    41    35
         31    29    28    27    26    26    26    25    25    24    24    24    23    22    22    21    20    19    19    18
         17    17    16    16    16    16    16    16    16    16    16    16    17    17    17    17    17    16    16    16
         15    15    15    14    14    14    14    14    14    15    15    16    17    17    18    19    20    20    21    21
         21    21    21    20    19    18    17    16    15    14    14    13    13    15    21    27    31    35    39    43
         78   114   114   114   114   114   114   114   114   114   114   114   114   114   114   114   114   114   114   114
        114   114   114   114   114   114   114   114   114   114   114   114   114   114   114   114   114   114   114   114
   2   1000   988   953   897   824   740   648   555   465   382   307   242   189   145   112    86    67    54    45    39
         35    33    32    31    30    29    29    28    28    27    27    26    25    25    24    23    22    21    20    20
         19    19    18    18    18    18    18    18    18    18    19    19    19    19    19    19    19    18    18    17
         17    17    16    16    16    16    16    16    17    17    18    19    20    21    22    22    23    24    24    24
         24    23    23    22    21    20    18    17    16    15    15    15    18    24    30    36    40    44    48    89
        129   129   129   129   129   129   129   129   129   129   129   129   129   129   129   129   129   129   129   129
        129   129   129   129   129   129   129   129   129   129   129   129   129   129   129   129   129   129   129
   3   1000   988   953   897   825   740   649   557   467   384   309   245   191   148   114    89    70    57    48    42
         39    36    34    33    32    32    31    31    30    29    29    28    27    26    25    24    23    22    22    21
         20    20    20    19    19    19    20    20    20    20    21    21    21    21    21    20    20    20    19    19
         18    18    17    17    17    17    18    18    19    20    21    22    23    24    25    25    26    26    26    26
         26    25    24    23    22    20    19    18    17    16    16    19    26    33    39    44    49    53    98   141
        141   141   141   141   141   141   141   141   141   141   141   141   141   141   141   141   141   141   141   141
        141   141   141   141   141   141   141   141   141   141   141   141   141   141   141   141   141   141
   4   1000   988   953   897   825   741   650   558   468   385   310   246   193   150   116    91    72    59    50    44
         40    38    36    34    33    33    32    31    31    30    29    28    27    26    25    24    23    22    22    21
         21    20    20    20    20    21    21    21    21    21    22    22    22    22    21    21    20    20    19    19
         19    18    18    18    18    19    19    20    21    22    23    24    25    26    26    27    27    27    27    27
         26    25    24    22    21    20    19    18    17    17    20    28    35    41    46    51    55   102   148   148
        148   148   148   148   148   148   148   148   148   148   148   148   148   148   148   148   148   148   148   148
        148   148   148   148   148   148   148   148   148   148   148   148   148   148   148   148   148
   5   1000   988   953   897   825   741   651   558   469   386   311   247   194   151   118    92    74    61    52    46
         41    38    37    35    34    33    33    32    31    30    29    28    27    26    25    24    23    23    22    21
         21    21    21    21    21    21    22    22    22    22    22    22    22    22    22    21    21    20    20    19
         19    19    19    19    19    20    21    21    22    24    25    26    27    27    28    28    28    28    28    27
         26    25    23    22    20    19    18    18    17    21    29    36    42    47    52    57   105   153   153   153
        153   153   153   153   153   153   153   153   153   153   153   153   153   153   153   153   153   153   153   153
        153   153   153   153   153   153   153   153   153   153   153   153   153   153   153   153
   6   1000   988   953   898   825   742   651   559   469   386   312   248   195   152   119    94    75    62    53    46
         42    39    37    36    34    34    33    32    31    30    29    28    27    26    25    24    23    22    22    22
         21    21    22    22    22    22    23    23    23    23    23    23    23    22    22    21    21    20    20    19
         19    19    19    20    20    21    22    23    24    25    26    27    28    29    29    29    29    28    27    26
         25    24    22    21    20    19    18    18    21    29    37    43    49    54    59   108   156   156   156   156
        156   156   156   156   156   156   156   156   156   156   156   156   156   156   156   156   156   156   156   156
        156   156   156   156   156   156   156   156   156   156   156   156   156   156   156
   7   1000   988   953   898   826   742   651   559   470   387   313   249   196   154   120    95    77    63    54    47
         43    39    37    36    35    34    33    32    30    29    28    27    26    25    24    24    23    22    22    22
         22    22    22    22    23    23    23    23    23    23    23    23    23    22    22    21    21    20    20    20
         19    20    20    21    21    22    23    25    26    27    28    29    29    30    30    29    29    28    27    26
         24    23    21    20    19    18    18    22    30    37    44    50    55    60   110   160   160   160   160   160
        160   160   160   160   160   160   160   160   160   160   160   160   160   160   160   160   160   160   160   160
        160   160   160   160   160   160   160   160   160   160   160   160   160   160
   8   1000   988   953   898   826   742   652   560   471   388   314   251   198   155   122    97    78    64    54    48
         43    40    38    36    35    33    32    31    30    29    28    27    26    25    24    23    23    23    22    22
         22    23    23    23    24    24    24    24    24    24    24    23    23    22    22    21    21    20    20    20
         20    21    21    22    23    24    25    26    27    28    29    30    30    30    30    30    29    28    26    25
         23    22    21    19    19    18    22    31    38    45    51    56    61   113   163   163   163   163   163   163
        163   163   163   163   163   163   163   163   163   163   163   163   163   163   163   163   163   163   163   163
        163   163   163   163   163   163   163   163   163   163   163   163   163
   9   1000   988   953   898   826   743   652   561   472   389   315   252   199   156   123    98    78    65    55    48
         43    40    38    36    35    33    32    31    30    28    27    26    25    25    24    23    23    23    23    23
         23    23    24    24    24    24    25    24    24    24    24    23    23    22    21    21    21    20    20    21
         21    22    22    23    25    26    27    28    29    30    31    31    31    31    30    29    28    27    25    24
         22    21    20    19    19    23    31    39    46    52    57    63   115   167   167   167   167   167   167   167
        167   167   167   167   167   167   167   167   167   167   167   167   167   167   167   167   167   167   167   167
        167   167   167   167   167   167   167   167   167   167   167   167
  10   1000   988   953   898   826   743   653   561   472   390   316   253   200   158   124    98    79    65    55    48
         44    40    38    36    34    33    32    30    29    28    27    26    25    24    24    24    23    23    23    24
         24    24    25    25    25    25    25    25    25    24    24    23    22    22    21    21    21    21    21    21
         22    23    24    25    26    27    29    30    31    31    32    32    31    31    30    29    27    26    24    23
         22    20    20    19    23    32    40    47    53    59    64   118   171   171   171   171   171   171   171   171
        171   171   171   171   171   171   171   171   171   171   171   171   171   171   171   171   171   171   171   171
        171   171   171   171   171   171   171   171   171   171   171
  11   1000   988   953   898   827   743   653   562   473   391   317   254   201   159   125    99    80    66    56    49
         44    40    38    36    34    32    31    30    29    27    26    26    25    24    24    24    24    24    24    24
         25    25    25    25    26    26    25    25    25    24    24    23    22    22    21    21    21    21    22    22
         23    24    26    27    28    29    30    31    32    32    32    32    32    31    29    28    27    25    23    22
         21    20    20    24    33    41    48    54    60    65   120   174   174   174   174   174   174   174   174   174
        174   174   174   174   174   174   174   174   174   174   174   174   174   174   174   174   174   174   174   174
        174   174   174   174   174   174   174   174   174   174
  12   1000   988   953   898   827   744   654   563   474   392   319   255   202   159   125    99    80    66    56    49
         44    40    37    35    34    32    31    29    28    27    26    25    25    25    24    24    24    25    25    25
         26    26    26    26    26    26    26    25    25    24    23    23    22    22    22    22    22    22    23    24
         25    26    27    29    30    31    32    33    33    33    33    32    31    30    29    27    26    24    22    21
         20    20    24    33    42    49    56    61    67   123   178   178   178   178   178   178   178   178   178   178
        178   178   178   178   178   178   178   178   178   178   178   178   178   178   178   178   178   178   178   178
        178   178   178   178   178   178   178   178   178
  13   1000   988   953   899   827   744   655   563   475   393   320   256   203   160   126   100    81    66    56    49
         44    40    37    35    33    31    30    29    28    27    26    25    25    25    25    25    25    25    26    26
         26    27    27    27    26    26    26    25    25    24    23    23    22    22    22    22    23    23    24    25
         27    28    29    31    32    33    33    34    34    34    33    32    31    29    28    26    24    23    22    21
         21    25    34    43    50    57    63    68   126   182   182   182   182   182   182   182   182   182   182   182
        182   182   182   182   182   182   182   182   182   182   182   182   182   182   182   182   182   182   182   182
        182   182   182   182   182   182   182   182
  14   1000   988   954   899   827   745   655   564   476   394   321   257   204   160   126   100    81    67    56    49
         44    40    37    34    32    31    29    28    27    27    26    26    25    25    25    26    26    26    27    27
         27    27    27    27    27    26    26    25    24    24    23    23    23    22    23    23    24    25    26    27
         29    30    31    32    33    34    34    35    34    34    33    31    30    28    27    25    24    22    21    21
         25    35    44    51    58    64    70   129   186   186   186   186   186   186   186   186   186   186   186   186
        186   186   186   186   186   186   186   186   186   186   186   186   186   186   186   186   186   186   186   186
        186   186   186   186   186   186   186
  15   1000   988   954   899   828   745   656   565   477   395   321   258   204   161   127   101    81    67    56    49
         43    39    36    34    32    30    29    28    27    26    26    26    26    26    26    26    27    27    27    28
         28    28    27    27    27    26    25    25    24    24    23    23    23    23    24    24    25    26    28    29
         31    32    33    34    35    35    35    35    34    33    32    31    29    27    26    24    23    22    21    26
         36    45    52    59    65    71   132   191   191   191   191   191   191   191   191   191   191   191   191   191
        191   191   191   191   191   191   191   191   191   191   191   191   191   191   191   191   191   191   191   191
        191   191   191   191   191   191
  16   1000   988   954   899   828   745   656   566   478   396   322   258   205   161   127   101    81    67    56    48
         43    39    35    33    31    30    29    28    27    27    26    26    26    27    27    27    28    28    28    28
         28    28    28    27    27    26    25    25    24    24    23    23    24    24    25    26    27    28    30    31
         32    34    35    35    36    36    36    35    34    33    31    30    28    26    25    23    22    22    27    36
         46    54    61    67    73   135   195   195   195   195   195   195   195   195   195   195   195   195   195   195
        195   195   195   195   195   195   195   195   195   195   195   195   195   195   195   195   195   195   195   195
        195   195   195   195   195
  17   1000   988   954   899   828   746   657   566   478   396   322   259   205   162   127   101    81    66    56    48
         42    38    35    32    31    29    28    28    27    27    27    27    27    27    28    28    28    29    29    29
         29    28    28    27    26    26    25    24    24    24    24    24    24    25    26    27    29    30    32    33
         34    35    36    37    37    37    36    35    34    32    30    28    27    25    24    23    22    27    37    47
         55    62    68    75   137   199   199   199   199   199   199   199   199   199   199   199   199   199   199   199
        199   199   199   199   199   199   199   199   199   199   199   199   199   199   199   199   199   199   199   199
        199   199   199   199
  18   1000   988   954   899   829   746   658   567   479   396   323   259   206   162   128   101    81    66    55    47
         41    37    34    32    30    29    28    27    27    27    27    27    28    28    29    29    29    29    29    29
         29    28    27    27    26    25    25    24    24    24    24    25    26    27    28    29    31    32    34    35
         36    37    37    38    37    37    36    34    33    31    29    27    26    24    23    23    28    38    48    56
         63    70    76   140   203   203   203   203   203   203   203   203   203   203   203   203   203   203   203   203
        203   203   203   203   203   203   203   203   203   203   203   203   203   203   203   203   203   203   203   203
        203   203   203
  19   1000   988   954   900   829   747   658   567   479   397   323   259   206   162   128   101    80    65    54    46
         41    36    33    31    30    29    28    28    27    28    28    28    29    29    29    30    30    30    29    29
         28    28    27    26    26    25    25    24    24    24    25    26    27    28    30    31    33    34    36    37
         38    38    38    38    37    36    35    33    32    30    28    26    25    24    23    28    39    49    57    65
         71    78   143   207   207   207   207   207   207   207   207   207   207   207   207   207   207   207   207   207
        207   207   207   207   207   207   207   207   207   207   207   207   207   207   207   207   207   207   207   207
        207   207
  20   1000   988   954   900   829   747   658   568   480   397   324   260   206   162   127   100    80    65    54    46
         40    36    33    31    29    28    28    28    28    28    29    29    29    30    30    30    30    30    29    29
         28    27    27    26    25    25    24    24    25    25    26    27    29    30    32    33    35    36    37    38
         39    39    39    38    37    36    34    32    30    28    27    25    24    24    29    40    50    58    66    73
         79   146   212   212   212   212   212   212   212   212   212   212   212   212   212   212   212   212   212   212
        212   212   212   212   212   212   212   212   212   212   212   212   212   212   212   212   212   212   212   212
        212
  21   1000   988   954   900   829   747   659   568   480   398   324   260   206   162   127   100    79    64    53    45
         39    35    32    30    29    28    28    28    28    29    29    30    30    30    30    30    30    30    29    28
         28    27    26    25    25    24    24    25    25    26    27    29    30    32    34    35    37    38    39    40
         40    40    39    38    36    35    33    31    29    27    26    25    25    30    41    51    60    67    74    81
        149   216   216   216   216   216   216   216   216   216   216   216   216   216   216   216   216   216   216   216
        216   216   216   216   216   216   216   216   216   216   216   216   216   216   216   216   216   216   216   216
  22   1000   988   954   900   830   748   659   568   480   398   324   260   206   162   127    99    79    63    52    44
         38    34    31    30    29    28    28    28    29    29    30    30    30    30    30    30    30    29    28    28
         27    26    25    25    24    24    25    25    26    27    29    31    32    34    36    37    39    40    40    40
         40    40    39    37    35    34    32    30    28    27    26    25    30    42    52    61    69    76    83   153
        221   221   221   221   221   221   221   221   221   221   221   221   221   221   221   221   221   221   221   221
        221   221   221   221   221   221   221   221   221   221   221   221   221   221   221   221   221   221   221
  23   1000   988   954   900   830   748   659   569   481   398   324   260   206   161   126    98    77    62    50    42
         37    33    31    29    28    28    28    29    29    29    30    30    30    30    30    29    29    28    27    26
         25    25    24    24    24    24    25    26    27    29    31    32    34    36    38    39    40    41    41    41
         40    39    38    36    34    32    30    29    27    26    26    31    42    53    62    70    78    85   156   225
        225   225   225   225   225   225   225   225   225   225   225   225   225   225   225   225   225   225   225   225
        225   225   225   225   225   225   225   225   225   225   225   225   225   225   225   225   225   225
  24   1000   988   954   900   830   748   659   569   481   398   324   260   205   160   125    97    76    60    49    41
         35    31    29    28    28    28    28    28    29    29    29    29    29    29    29    28    27    26    25    24
         23    23    22    22    23    24    25    26    28    30    32    34    36    37    39    40    41    41    41    41
         39    38    36    35    33    31    29    27    26    26    31    43    54    63    71    78    85   157   227   227
        227   227   227   227   227   227   227   227   227   227   227   227   227   227   227   227   227   227   227   227
        227   227   227   227   227   227   227   227   227   227   227   227   227   227   227   227   227
  25   1000   988   954   900   830   748   659   568   480   398   323   259   204   159   123    94    73    57    46    38
         33    29    27    26    26    26    27    27    27    28    28    28    27    27    26    25    24    23    22    21
         21    20    20    21    22    23    24    26    28    31    33    35    37    38    39    40    41    41    40    39
         38    36    34    32    31    29    27    27    26    32    43    54    63    71    78    85   156   226   226   226
        226   226   226   226   226   226   226   226   226   226   226   226   226   226   226   226   226   226   226   226
        226   226   226   226   226   226   226   226   226   226   226   226   226   226   226   226
  26   1000   988   954   900   830   748   659   568   480   397   322   257   202   156   120    91    70    54    43    35
         30    27    25    24    24    24    25    25    25    26    26    25    25    24    23    22    21    20    19    18
         18    18    18    19    20    22    24    26    29    31    33    35    37    39    40    40    40    40    39    38
         36    34    32    30    29    28    27    26    32    43    54    63    71    78    85   156   225   225   225   225
        225   225   225   225   225   225   225   225   225   225   225   225   225   225   225   225   225   225   225   225
        225   225   225   225   225   225   225   225   225   225   225   225   225   225   225
  27   1000   988   954   900   830   748   659   568   479   396   321   255   199   153   116    88    66    50    39    31
         26    24    22    22    22    22    22    23    23    23    22    22    21    20    19    17    16    15    14    14
         14    14    15    17    19    21    24    26    29    31    34    36    37    39    39    39    39    38    37    36
         34    32    30    29    28    27    27    32    43    54    63    71    78    84   155   223   223   223   223   223
        223   223   223   223   223   223   223   223   223   223   223   223   223   223   223   223   223   223   223   223
        223   223   223   223   223   223   223   223   223   223   223   223   223   223
  28   1000   988   954   900   830   748   659   568   479   395   319   253   196   149   112    83    61    45    34    27
         22    20    19    18    18    19    19    19    19    18    18    17    16    14    13    12    10     9     9     9
          9    11    12    15    17    20    23    26    29    32    34    36    37    38    38    38    38    37    35    34
         32    30    29    28    27    27    32    44    54    63    70    77    84   154   221   221   221   221   221   221
        221   221   221   221   221   221   221   221   221   221   221   221   221   221   221   221   221   221   221   221
        221   221   221   221   221   221   221   221   221   221   221   221   221
  29   1000   988   954   900   830   748   658   567   477   393   316   249   191   144   106    77    55    39    29    22
         17    15    14    14    14    14    14    14    14    13    12    10     9     7     6     4     3     2     3     3
          5     7     9    12    16    19    23    26    29    32    34    35    37    37    37    37    36    35    33    32
         30    29    28    27    27    33    44    54    63    70    77    83   152   219   219   219   219   219   219   219
        219   219   219   219   219   219   219   219   219   219   219   219   219   219   219   219   219   219   219   219
        219   219   219   219   219   219   219   219   219   219   219   219
  30   1000   988   954   900   830   747   658   566   475   390   312   243   185   137    99    69    48    32    22    15
         12    10     9     9     9     8     8     8     7     5     4     2     0    -1    -3    -4    -4    -4    -4    -2
          0     3     6    10    14    18    22    26    29    31    33    35    36    36    36    35    34    33    31    30
         29    28    28    28    33    44    54    63    70    77    83   150   216   216   216   216   216   216   216   216
        216   216   216   216   216   216   216   216   216   216   216   216   216   216   216   216   216   216   216   216
        216   216   216   216   216   216   216   216   216   216   216
  31   1000   988   954   900   829   747   656   563   472   385   306   236   177   128    90    60    39    24    14     8
          5     3     2     2     1     1     0     0    -2    -3    -6    -8   -10   -12   -13   -14   -14   -13   -11    -8
         -5     0     3     8    13    17    21    25    28    31    33    34    34    34    34    33    32    31    30    29
         28    28    28    34    45    54    63    70    76    82   148   212   212   212   212   212   212   212   212   212
        212   212   212   212   212   212   212   212   212   212   212   212   212   212   212   212   212   212   212   212
        212   212   212   212   212   212   212   212   212   212
  32   1000   988   954   900   829   745   654   560   467   378   298   227   167   118    79    50    29    15     6     0
         -2    -4    -5    -6    -6    -8    -9   -11   -13   -16   -18   -21   -23   -25   -26   -26   -25   -22   -19   -14
         -9    -4     1     6    12    16    21    25    28    30    32    33    33    33    32    31    31    30    29    29
         29    29    35    45    55    63    69    75    81   145   207   207   207   207   207   207   207   207   207   207
        207   207   207   207   207   207   207   207   207   207   207   207   207   207   207   207   207   207   207   207
        207   207   207   207   207   207   207   207   207
  33   1000   988   954   899   828   743   651   555   460   370   288   216   155   106    68    39    19     5    -3    -8
        -12   -14   -15   -16   -18   -19   -22   -24   -27   -30   -34   -36   -38   -39   -39   -38   -35   -31   -26   -20
        -14    -7     0     5    11    16    20    24    27    29    30    31    31    31    31    30    29    29    29    29
         30    35    46    55    62    69    75    80   142   202   202   202   202   202   202   202   202   202   202   202
        202   202   202   202   202   202   202   202   202   202   202   202   202   202   202   202   202   202   202   202
        202   202   202   202   202   202   202   202
  34   1000   988   954   899   826   740   646   548   451   359   276   203   142    93    55    27     7    -5   -14   -19
        -22   -25   -27   -29   -31   -34   -37   -41   -44   -48   -51   -54   -55   -55   -53   -50   -45   -39   -32   -25
        -17    -9    -2     4    10    15    20    23    26    28    29    30    30    30    29    29    29    29    30    31
         36    47    55    62    68    74    79   139   197   197   197   197   197   197   197   197   197   197   197   197
        197   197   197   197   197   197   197   197   197   197   197   197   197   197   197   197   197   197   197   197
        197   197   197   197   197   197   197
  35   1000   988   953   897   824   736   640   539   440   347   262   189   128    79    42    15    -3   -17   -25   -31
        -35   -38   -41   -44   -47   -51   -56   -60   -64   -68   -71   -72   -72   -70   -66   -61   -54   -46   -37   -28
        -19   -10    -2     4    10    15    20    23    25    27    28    29    29    29    29    29    30    31    32    38
         48    56    63    68    73    78   136   190   190   190   190   190   190   190   190   190   190   190   190   190
        190   190   190   190   190   190   190   190   190   190   190   190   190   190   190   190   190   190   190   190
        190   190   190   190   190   190
  36   1000   988   953   896   820   731   632   529   428   333   248   174   113    65    29     2   -16   -29   -38   -44
        -49   -54   -58   -62   -67   -72   -77   -82   -86   -90   -91   -91   -89   -84   -78   -70   -60   -50   -40   -29
        -19   -10    -2     4    10    15    19    23    25    26    27    28    28    29    29    30    32    33    39    49
         56    63    68    72    76   132   184   184   184   184   184   184   184   184   184   184   184   184   184   184
        184   184   184   184   184   184   184   184   184   184   184   184   184   184   184   184   184   184   184   184
        184   184   184   184   184
  37   1000   988   952   893   816   724   623   518   415   319   233   159    99    52    16   -10   -29   -43   -52   -60
        -66   -71   -77   -83   -89   -95  -100  -106  -109  -111  -111  -109  -104   -96   -87   -76   -64   -52   -41   -29
        -19    -9    -1     5    11    16    20    22    24    26    27    28    28    29    31    33    35    40    50    57
         63    67    71    75   128   177   177   177   177   177   177   177   177   177   177   177   177   177   177   177
        177   177   177   177   177   177   177   177   177   177   177   177   177   177   177   177   177   177   177   177
        177   177   177   177
  38   1000   988   951   891   811   716   613   506   401   305   219   146    86    39     3   -23   -42   -57   -68   -77
        -84   -92   -99  -106  -113  -120  -126  -130  -132  -132  -129  -123  -115  -104   -92   -79   -65   -52   -39   -28
        -17    -7     0     7    12    16    20    22    24    26    27    28    30    32    34    36    42    51    58    63
         67    70    74   124   170   170   170   170   170   170   170   170   170   170   170   170   170   170   170   170
        170   170   170   170   170   170   170   170   170   170   170   170   170   170   170   170   170   170   170   170
        170   170   170
  39   1000   987   949   887   805   709   603   494   389   292   206   133    74    27    -8   -36   -57   -73   -85   -96
       -105  -114  -123  -131  -139  -146  -151  -153  -153  -150  -143  -134  -122  -108   -94   -79   -64   -50   -36   -24
        -14    -5     2     8    13    17    20    23    25    26    28    30    32    35    38    44    52    59    63    67
         70    73   121   164   164   164   164   164   164   164   164   164   164   164   164   164   164   164   164   164
        164   164   164   164   164   164   164   164   164   164   164   164   164   164   164   164   164   164   164   164
        164   164
  40   1000   987   948   884   800   701   593   484   378   281   195   123    63    16   -21   -49   -72   -89  -104  -117
       -128  -138  -148  -157  -165  -171  -174  -174  -170  -163  -153  -139  -124  -108   -92   -75   -60   -45   -32   -20
        -10    -1     5    10    15    18    21    24    26    28    30    33    36    39    45    54    60    64    67    69
         72   117   158   158   158   158   158   158   158   158   158   158   158   158   158   158   158   158   158   158
        158   158   158   158   158   158   158   158   158   158   158   158   158   158   158   158   158   158   158   158
        158
  41   1000   986   946   881   795   694   585   475   369   272   187   114    54     5   -33   -63   -88  -107  -124  -139
       -152  -164  -174  -183  -189  -193  -193  -189  -181  -170  -156  -139  -122  -104   -86   -69   -53   -39   -26   -15
         -5     1     8    13    17    20    23    25    28    31    34    37    41    47    55    61    64    67    69    71
        114   152   152   152   152   152   152   152   152   152   152   152   152   152   152   152   152   152   152   152
        152   152   152   152   152   152   152   152   152   152   152   152   152   152   152   152   152   152   152   152
  42   1000   986   944   878   790   689   579   469   363   266   180   106    45    -4   -45   -77  -104  -126  -145  -161
       -176  -188  -198  -206  -210  -210  -206  -198  -186  -171  -153  -134  -115   -96   -77   -60   -45   -31   -19    -9
         -1     5    11    15    19    22    25    28    31    34    38    42    48    56    62    65    67    68    70   111
        147   147   147   147   147   147   147   147   147   147   147   147   147   147   147   147   147   147   147   147
        147   147   147   147   147   147   147   147   147   147   147   147   147   147   147   147   147   147   147
  43   1000   986   943   875   787   685   575   465   359   262   175   100    37   -14   -57   -92  -121  -145  -166  -183
       -198  -210  -219  -224  -224  -220  -212  -199  -183  -164  -144  -124  -104   -84   -66   -50   -36   -23   -12    -3
          3     9    14    18    21    25    28    31    35    39    43    49    57    62    65    67    68    69   109   143
        143   143   143   143   143   143   143   143   143   143   143   143   143   143   143   143   143   143   143   143
        143   143   143   143   143   143   143   143   143   143   143   143   143   143   143   143   143   143
  44   1000   985   942   874   785   683   574   463   357   259   172    95    30   -23   -68  -106  -137  -163  -185  -203
       -218  -228  -234  -235  -231  -222  -209  -193  -173  -153  -131  -110   -90   -71   -54   -39   -26   -15    -5     1
          8    13    17    21    24    28    31    35    40    44    50    58    63    66    67    68    69   108   140   140
        140   140   140   140   140   140   140   140   140   140   140   140   140   140   140   140   140   140   140   140
        140   140   140   140   140   140   140   140   140   140   140   140   140   140   140   140   140
  45   1000   985   942   873   785   683   574   463   357   258   169    91    24   -32   -80  -120  -153  -180  -202  -220
       -232  -239  -241  -238  -229  -216  -199  -179  -158  -136  -114   -94   -74   -57   -41   -28   -16    -7     0     7
         12    17    21    24    28    32    36    40    45    51    58    63    66    67    68    69   107   138   138   138
        138   138   138   138   138   138   138   138   138   138   138   138   138   138   138   138   138   138   138   138
        138   138   138   138   138   138   138   138   138   138   138   138   138   138   138   138
  46   1000   985   942   874   785   684   575   465   358   258   167    87    17   -41   -91  -132  -166  -194  -215  -231
       -240  -243  -241  -233  -219  -202  -182  -161  -139  -117   -96   -76   -58   -43   -29   -17    -7     0     6    12
         16    20    24    28    32    36    41    45    51    59    64    66    67    68    69   106   137   137   137   137
        137   137   137   137   137   137   137   137   137   137   137   137   137   137   137   137   137   137   137   137
        137   137   137   137   137   137   137   137   137   137   137   137   137   137   137
  47   1000   985   942   874   787   686   577   466   359   257   165    83    11   -49  -100  -143  -177  -203  -223  -235
       -240  -239  -232  -219  -203  -183  -161  -139  -117   -96   -77   -59   -43   -29   -17    -7     0     6    12    16
         20    24    28    32    36    41    45    51    59    64    66    67    68    69   106   137   137   137   137   137
        137   137   137   137   137   137   137   137   137   137   137   137   137   137   137   137   137   137   137   137
        137   137   137   137   137   137   137   137   137   137   137   137   137   137
  48   1000   985   943   875   788   688   579   468   359   257   163    79     6   -56  -108  -150  -184  -208  -224  -233
       -233  -228  -216  -200  -181  -160  -138  -116   -95   -76   -58   -42   -28   -17    -7     0     7    12    16    20
         24    28    32    36    40    45    51    59    63    66    67    68    69   106   138   138   138   138   138   138
        138   138   138   138   138   138   138   138   138   138   138   138   138   138   138   138   138   138   138   138
        138   138   138   138   138   138   138   138   138   138   138   138   138
  49   1000   985   943   876   790   689   581   469   360   256   160    75     1   -61  -113  -155  -186  -207  -220  -223
       -220  -210  -195  -176  -156  -135  -113   -93   -74   -56   -41   -27   -16    -6     1     7    12    17    21    24
         28    32    36    40    44    51    58    63    66    67    68    69   107   139   139   139   139   139   139   139
        139   139   139   139   139   139   139   139   139   139   139   139   139   139   139   139   139   139   139   139
        139   139   139   139   139   139   139   139   139   139   139   139
  50   1000   986   944   877   791   691   582   470   360   255   158    72    -2   -65  -116  -155  -184  -201  -209  -208
       -201  -187  -170  -151  -130  -110   -90   -71   -54   -39   -26   -15    -5     1     8    13    17    21    24    28
         31    35    40    44    50    58    63    66    67    68    69   108   141   141   141   141   141   141   141   141
        141   141   141   141   141   141   141   141   141   141   141   141   141   141   141   141   141   141   141   141
        141   141   141   141   141   141   141   141   141   141   141
  51   1000   986   944   878   792   692   583   470   359   253   156    69    -5   -67  -116  -153  -177  -190  -194  -189
       -179  -163  -145  -126  -106   -86   -68   -52   -37   -24   -13    -4     2     8    13    18    21    24    28    31
         35    39    43    50    57    63    65    67    68    69   109   142   142   142   142   142   142   142   142   142
        142   142   142   142   142   142   142   142   142   142   142   142   142   142   142   142   142   142   142   142
        142   142   142   142   142   142   142   142   142   142
  52   1000   986   944   879   793   693   583   470   358   251   153    67    -6   -67  -113  -146  -167  -176  -176  -168
       -155  -139  -120  -102   -83   -66   -49   -35   -23   -12    -3     3     9    14    18    21    24    28    31    35
         39    43    49    57    62    65    67    68    70   110   144   144   144   144   144   144   144   144   144   144
        144   144   144   144   144   144   144   144   144   144   144   144   144   144   144   144   144   144   144   144
        144   144   144   144   144   144   144   144   144
  53   1000   986   945   879   793   693   583   469   356   249   151    65    -7   -65  -108  -137  -154  -159  -155  -146
       -132  -115   -97   -80   -63   -47   -33   -21   -11    -2     4    10    14    18    21    25    28    31    35    39
         42    49    56    62    65    67    68    70   110   146   146   146   146   146   146   146   146   146   146   146
        146   146   146   146   146   146   146   146   146   146   146   146   146   146   146   146   146   146   146   146
        146   146   146   146   146   146   146   146
  54   1000   986   945   879   793   692   582   467   354   246   149    63    -6   -61  -101  -126  -139  -141  -135  -124
       -110   -94   -77   -61   -46   -32   -20   -10    -2     4    10    15    18    22    25    27    31    34    38    42
         48    56    62    65    67    68    70   111   147   147   147   147   147   147   147   147   147   147   147   147
        147   147   147   147   147   147   147   147   147   147   147   147   147   147   147   147   147   147   147   147
        147   147   147   147   147   147   147
  55   1000   986   945   879   793   691   580   465   351   243   146    62    -5   -57   -92  -114  -123  -123  -115  -104
        -90   -74   -59   -45   -31   -20   -10    -1     4    10    15    18    21    24    27    31    34    38    42    48
         56    61    65    67    68    70   111   147   147   147   147   147   147   147   147   147   147   147   147   147
        147   147   147   147   147   147   147   147   147   147   147   147   147   147   147   147   147   147   147   147
        147   147   147   147   147   147
  56   1000   986   945   879   792   690   577   461   347   239   143    61    -3   -51   -83  -101  -107  -105   -97   -86
        -72   -58   -44   -31   -20   -10    -2     4    10    14    18    21    24    27    30    34    38    42    48    56
         61    65    67    68    70   111   147   147   147   147   147   147   147   147   147   147   147   147   147   147
        147   147   147   147   147   147   147   147   147   147   147   147   147   147   147   147   147   147   147   147
        147   147   147   147   147
  57   1000   986   944   878   790   687   574   457   342   235   140    61     0   -44   -72   -87   -92   -89   -80   -69
        -57   -44   -31   -20   -11    -2     4     9    14    18    21    24    27    30    34    38    42    48    56    61
         65    67    68    70   111   146   146   146   146   146   146   146   146   146   146   146   146   146   146   146
        146   146   146   146   146   146   146   146   146   146   146   146   146   146   146   146   146   146   146   146
        146   146   146   146
  58   1000   986   944   877   788   684   569   451   336   230   138    62     4   -36   -61   -74   -77   -73   -65   -55
        -43   -32   -21   -11    -3     3     8    13    17    20    24    27    30    34    38    42    48    56    62    65
         67    68    69   110   144   144   144   144   144   144   144   144   144   144   144   144   144   144   144   144
        144   144   144   144   144   144   144   144   144   144   144   144   144   144   144   144   144   144   144   144
        144   144   144
  59   1000   986   943   875   785   679   564   445   330   226   136    64    10   -27   -49   -60   -63   -59   -52   -42
        -32   -22   -13    -4     2     7    12    16    20    23    26    30    34    38    42    49    57    62    65    67
         68    69   108   142   142   142   142   142   142   142   142   142   142   142   142   142   142   142   142   142
        142   142   142   142   142   142   142   142   142   142   142   142   142   142   142   142   142   142   142   142
        142   142
  60   1000   985   942   873   782   674   557   438   325   223   136    68    17   -16   -37   -47   -49   -46   -39   -31
        -22   -13    -5     0     6    11    15    19    22    26    30    34    38    43    49    57    62    65    67    68
         69   107   139   139   139   139   139   139   139   139   139   139   139   139   139   139   139   139   139   139
        139   139   139   139   139   139   139   139   139   139   139   139   139   139   139   139   139   139   139   139
        139
  61   1000   985   941   871   778   669   551   433   321   222   140    75    27    -4   -24   -33   -36   -33   -28   -21
        -13    -6     0     5    10    14    18    22    25    29    34    39    43    50    58    63    65    67    67    68
        105   135   135   135   135   135   135   135   135   135   135   135   135   135   135   135   135   135   135   135
        135   135   135   135   135   135   135   135   135   135   135   135   135   135   135   135   135   135   135   135
  62   1000   985   940   868   774   664   546   429   321   225   146    85    39     9    -9   -19   -22   -21   -17   -12
         -6     0     4     9    13    17    21    25    29    34    39    44    50    58    63    66    67    67    68   103
        132   132   132   132   132   132   132   132   132   132   132   132   132   132   132   132   132   132   132   132
        132   132   132   132   132   132   132   132   132   132   132   132   132   132   132   132   132   132   132
  63   1000   985   939   866   770   660   544   429   324   232   156    97    54    24     5    -5   -10   -10    -7    -4
          0     4     8    12    16    20    24    29    33    39    44    51    59    64    66    67    67    67   101   129
        129   129   129   129   129   129   129   129   129   129   129   129   129   129   129   129   129   129   129   129
        129   129   129   129   129   129   129   129   129   129   129   129   129   129   129   129   129   129
  64   1000   984   938   864   768   659   545   433   332   243   170   113    70    40    20     8     2     0     0     3
          6     9    12    16    20    24    28    33    39    44    51    59    64    66    67    67    67   100   126   126
        126   126   126   126   126   126   126   126   126   126   126   126   126   126   126   126   126   126   126   126
        126   126   126   126   126   126   126   126   126   126   126   126   126   126   126   126   126
  65   1000   984   937   863   768   661   550   442   344   259   188   131    88    57    36    22    14    10     8     9
         11    13    16    19    23    28    33    39    44    51    59    64    66    67    67    67    99   124   124   124
        124   124   124   124   124   124   124   124   124   124   124   124   124   124   124   124   124   124   124   124
        124   124   124   124   124   124   124   124   124   124   124   124   124   124   124   124
  66   1000   984   937   863   770   666   559   455   360   277   207   151   107    74    51    35    24    19    16    15
         16    17    20    23    27    32    38    44    51    59    64    66    66    66    66    98   122   122   122   122
        122   122   122   122   122   122   122   122   122   122   122   122   122   122   122   122   122   122   122   122
        122   122   122   122   122   122   122   122   122   122   122   122   122   122   122
  67   1000   984   937   866   775   675   571   471   379   297   227   170   125    90    65    47    34    27    22    20
         20    21    24    27    32    37    43    50    58    63    65    66    66    66    98   122   122   122   122   122
        122   122   122   122   122   122   122   122   122   122   122   122   122   122   122   122   122   122   122   122
        122   122   122   122   122   122   122   122   122   122   122   122   122   122
  68   1000   984   939   869   783   686   586   489   398   317   247   189   142   105    77    57    43    33    28    25
         24    25    28    31    36    42    49    57    62    65    66    66    66    98   123   123   123   123   123   123
        123   123   123   123   123   123   123   123   123   123   123   123   123   123   123   123   123   123   123   123
        123   123   123   123   123   123   123   123   123   123   123   123   123
  69   1000   985   941   874   791   698   601   506   417   336   265   206   157   118    88    66    50    39    33    29
         28    29    31    36    40    47    55    61    64    65    66    66   100   126   126   126   126   126   126   126
        126   126   126   126   126   126   126   126   126   126   126   126   126   126   126   126   126   126   126   126
        126   126   126   126   126   126   126   126   126   126   126   126
  70   1000   985   943   880   800   710   616   522   433   352   281   220   169   129    97    73    56    44    37    33
         31    32    35    39    45    53    59    63    64    65    66   101   130   130   130   130   130   130   130   130
        130   130   130   130   130   130   130   130   130   130   130   130   130   130   130   130   130   130   130   130
        130   130   130   130   130   130   130   130   130   130   130
  71   1000   986   946   885   808   720   628   536   447   366   293   231   179   137   104    79    61    48    40    36
         34    35    37    43    51    57    61    63    65    67   104   135   135   135   135   135   135   135   135   135
        135   135   135   135   135   135   135   135   135   135   135   135   135   135   135   135   135   135   135   135
        135   135   135   135   135   135   135   135   135   135
  72   1000   987   948   889   815   729   638   547   458   376   303   240   187   144   110    84    65    52    43    38
         36    36    41    48    55    59    62    65    67   107   140   140   140   140   140   140   140   140   140   140
        140   140   140   140   140   140   140   140   140   140   140   140   140   140   140   140   140   140   140   140
        140   140   140   140   140   140   140   140   140
  73   1000   987   950   893   820   736   646   555   466   384   310   246   193   149   114    88    68    54    44    39
         36    39    46    52    57    61    64    67   110   147   147   147   147   147   147   147   147   147   147   147
        147   147   147   147   147   147   147   147   147   147   147   147   147   147   147   147   147   147   147   147
        147   147   147   147   147   147   147   147
  74   1000   988   952   896   824   741   652   561   472   390   316   252   197   153   117    90    69    54    44    38
         38    43    49    55    59    63    67   113   154   154   154   154   154   154   154   154   154   154   154   154
        154   154   154   154   154   154   154   154   154   154   154   154   154   154   154   154   154   154   154   154
        154   154   154   154   154   154   154
  75   1000   988   953   898   827   745   656   565   477   395   320   256   201   156   120    91    69    53    41    37
         41    46    51    57    61    66   115   161   161   161   161   161   161   161   161   161   161   161   161   161
        161   161   161   161   161   161   161   161   161   161   161   161   161   161   161   161   161   161   161   161
        161   161   161   161   161   161
  76   1000   988   954   899   829   747   659   568   481   398   324   259   204   158   120    90    66    48    39    39
         42    48    53    59    64   117   168   168   168   168   168   168   168   168   168   168   168   168   168   168
        168   168   168   168   168   168   168   168   168   168   168   168   168   168   168   168   168   168   168   168
        168   168   168   168   168
  77   1000   988   954   900   830   749   661   571   484   402   328   262   205   157   117    84    58    42    38    38
         43    48    55    61   118   174   174   174   174   174   174   174   174   174   174   174   174   174   174   174
        174   174   174   174   174   174   174   174   174   174   174   174   174   174   174   174   174   174   174   174
        174   174   174   174
  78   1000   988   955   901   832   751   664   574   487   405   330   263   204   153   109    73    48    37    34    37
         42    49    57   117   179   179   179   179   179   179   179   179   179   179   179   179   179   179   179   179
        179   179   179   179   179   179   179   179   179   179   179   179   179   179   179   179   179   179   179   179
        179   179   179
  79   1000   988   955   902   833   753   666   578   490   408   331   261   199   142    94    58    38    29    29    34
         42    50   115   183   183   183   183   183   183   183   183   183   183   183   183   183   183   183   183   183
        183   183   183   183   183   183   183   183   183   183   183   183   183   183   183   183   183   183   183   183
        183   183
  80   1000   989   955   903   834   755   669   580   493   408   328   253   184   121    72    41    25    21    24    32
         42   109   185   185   185   185   185   185   185   185   185   185   185   185   185   185   185   185   185   185
        185   185   185   185   185   185   185   185   185   185   185   185   185   185   185   185   185   185   185   185
        185
  81   1000   989   956   904   836   757   671   582   492   404   318   235   157    92    47    21    11    12    20    30
        102   185   185   185   185   185   185   185   185   185   185   185   185   185   185   185   185   185   185   185
        185   185   185   185   185   185   185   185   185   185   185   185   185   185   185   185   185   185   185   185
  82   1000   989   956   905   838   759   672   581   487   391   295   201   118    57    19     1     0     5    16    91
        184   184   184   184   184   184   184   184   184   184   184   184   184   184   184   184   184   184   184   184
        184   184   184   184   184   184   184   184   184   184   184   184   184   184   184   184   184   184   184
  83   1000   989   957   905   839   759   670   574   471   364   253   152    73    20    -7   -15   -11     0    77   181
        181   181   181   181   181   181   181   181   181   181   181   181   181   181   181   181   181   181   181   181
        181   181   181   181   181   181   181   181   181   181   181   181   181   181   181   181   181   181
  84   1000   989   957   906   838   756   662   556   440   315   195    95    25   -14   -29   -29   -19    61   176   176
        176   176   176   176   176   176   176   176   176   176   176   176   176   176   176   176   176   176   176   176
        176   176   176   176   176   176   176   176   176   176   176   176   176   176   176   176   176
  85   1000   989   957   905   835   748   643   521   385   247   126    37   -17   -41   -46   -38    43   169   169   169
        169   169   169   169   169   169   169   169   169   169   169   169   169   169   169   169   169   169   169   169
        169   169   169   169   169   169   169   169   169   169   169   169   169   169   169   169
  86   1000   989   956   902   827   728   607   463   309   168    58   -12   -48   -60   -56    25   161   161   161   161
        161   161   161   161   161   161   161   161   161   161   161   161   161   161   161   161   161   161   161   161
        161   161   161   161   161   161   161   161   161   161   161   161   161   161   161
  87   1000   989   954   895   809   693   547   382   222    91     2   -47   -68   -70     9   152   152   152   152   152
        152   152   152   152   152   152   152   152   152   152   152   152   152   152   152   152   152   152   152   152
        152   152   152   152   152   152   152   152   152   152   152   152   152   152
  88   1000   988   950   881   778   636   466   291   141    32   -33   -66   -76    -2   143   143   143   143   143   143
        143   143   143   143   143   143   143   143   143   143   143   143   143   143   143   143   143   143   143   143
        143   143   143   143   143   143   143   143   143   143   143   143   143
  89   1000   986   941   858   729   561   377   210    82    -1   -48   -69    -6   134   134   134   134   134   134   134
        134   134   134   134   134   134   134   134   134   134   134   134   134   134   134   134   134   134   134   134
        134   134   134   134   134   134   134   134   134   134   134   134
  90   1000   984   927   821   666   482   303   158    56    -7   -42     3   126   126   126   126   126   126   126   126
        126   126   126   126   126   126   126   126   126   126   126   126   126   126   126   126   126   126   126   126
        126   126   126   126   126   126   126   126   126   126   126
  91   1000   979   907   777   605   423   266   146    64    13    33   119   119   119   119   119   119   119   119   119
        119   119   119   119   119   119   119   119   119   119   119   119   119   119   119   119   119   119   119   119
        119   119   119   119   119   119   119   119   119   119
  92   1000   973   884   739   569   407   275   176   107    91   115   115   115   115   115   115   115   115   115   115
        115   115   115   115   115   115   115   115   115   115   115   115   115   115   115   115   115   115   115   115
        115   115   115   115   115   115   115   115   115
  93   1000   967   868   726   575   440   329   243   183   113   113   113   113   113   113   113   113   113   113   113
        113   113   113   113   113   113   113   113   113   113   113   113   113   113   113   113   113   113   113   113
        113   113   113   113   113   113   113   113
  94   1000   965   871   749   626   514   418   319   136   136   136   136   136   136   136   136   136   136   136   136
        136   136   136   136   136   136   136   136   136   136   136   136   136   136   136   136   136   136   136   136
        136   136   136   136   136   136   136
  95   1000   969   893   797   699   606   481   187   187   187   187   187   187   187   187   187   187   187   187   187
        187   187   187   187   187   187   187   187   187   187   187   187   187   187   187   187   187   187   187   187
        187   187   187   187   187   187
  96   1000   976   918   844   764   627   234   234   234   234   234   234   234   234   234   234   234   234   234   234
        234   234   234   234   234   234   234   234   234   234   234   234   234   234   234   234   234   234   234   234
        234   234   234   234   234
  97   1000   982   937   878   742   275   275   275   275   275   275   275   275   275   275   275   275   275   275   275
        275   275   275   275   275   275   275   275   275   275   275   275   275   275   275   275   275   275   275   275
        275   275   275   275
  98   1000   986   950   826   311   311   311   311   311   311   311   311   311   311   311   311   311   311   311   311
        311   311   311   311   311   311   311   311   311   311   311   311   311   311   311   311   311   311   311   311
        311   311   311
  99   1000   988   884   344   344   344   344   344   344   344   344   344   344   344   344   344   344   344   344   344
        344   344   344   344   344   344   344   344   344   344   344   344   344   344   344   344   344   344   344   344
        344   344
 100   1000   922   375   375   375   375   375   375   375   375   375   375   375   375   375   375   375   375   375   375
        375   375   375   375   375   375   375   375   375   375   375   375   375   375   375   375   375   375   375   375
        375
 101   1000   691   691   691   691   691   691   691   691   691   691   691   691   691   691   691   691   691   691   691
        691   691   691   691   691   691   691   691   691   691   691   691   691   691   691   691   691   691   691   691
 102   1000  1000  1000  1000  1000  1000  1000  1000  1000  1000  1000  1000  1000  1000  1000  1000  1000  1000  1000  1000
       1000  1000  1000  1000  1000  1000  1000  1000  1000  1000  1000  1000  1000  1000  1000  1000  1000  1000  1000
 103   1000  1000  1000  1000  1000  1000  1000  1000  1000  1000  1000  1000  1000  1000  1000  1000  1000  1000  1000  1000
       1000  1000  1000  1000  1000  1000  1000  1000  1000  1000  1000  1000  1000  1000  1000  1000  1000  1000
 104   1000  1000  1000  1000  1000  1000  1000  1000  1000  1000  1000  1000  1000  1000  1000  1000  1000  1000  1000  1000
       1000  1000  1000  1000  1000  1000  1000  1000  1000  1000  1000  1000  1000  1000  1000  1000  1000
 105   1000  1000  1000  1000  1000  1000  1000  1000  1000  1000  1000  1000  1000  1000  1000  1000  1000  1000  1000  1000
       1000  1000  1000  1000  1000  1000  1000  1000  1000  1000  1000  1000  1000  1000  1000  1000
 106   1000  1000  1000  1000  1000  1000  1000  1000  1000  1000  1000  1000  1000  1000  1000  1000  1000  1000  1000  1000
       1000  1000  1000  1000  1000  1000  1000  1000  1000  1000  1000  1000  1000  1000  1000
 107   1000  1000  1000  1000  1000  1000  1000  1000  1000  1000  1000  1000  1000  1000  1000  1000  1000  1000  1000  1000
       1000  1000  1000  1000  1000  1000  1000  1000  1000  1000  1000  1000  1000  1000
 108   1000  1000  1000  1000  1000  1000  1000  1000  1000  1000  1000  1000  1000  1000  1000  1000  1000  1000  1000  1000
       1000  1000  1000  1000  1000  1000  1000  1000  1000  1000  1000  1000  1000
 109   1000  1000  1000  1000  1000  1000  1000  1000  1000  1000  1000  1000  1000  1000  1000  1000  1000  1000  1000  1000
       1000  1000  1000  1000  1000  1000  1000  1000  1000  1000  1000  1000
 110   1000  1000  1000  1000  1000  1000  1000  1000  1000  1000  1000  1000  1000  1000  1000  1000  1000  1000  1000  1000
       1000  1000  1000  1000  1000  1000  1000  1000  1000  1000  1000
 111   1000  1000  1000  1000  1000  1000  1000  1000  1000  1000  1000  1000  1000  1000  1000  1000  1000  1000  1000  1000
       1000  1000  1000  1000  1000  1000  1000  1000  1000  1000
 112   1000  1000  1000  1000  1000  1000  1000  1000  1000  1000  1000  1000  1000  1000  1000  1000  1000  1000  1000  1000
       1000  1000  1000  1000  1000  1000  1000  1000  1000
 113   1000  1000  1000  1000  1000  1000  1000  1000  1000  1000  1000  1000  1000  1000  1000  1000  1000  1000  1000  1000
       1000  1000  1000  1000  1000  1000  1000  1000
 114   1000  1000  1000  1000  1000  1000  1000  1000  1000  1000  1000  1000  1000  1000  1000  1000  1000  1000  1000  1000
       1000  1000  1000  1000  1000  1000  1000
 115   1000  1000  1000  1000  1000  1000  1000  1000  1000  1000  1000  1000  1000  1000  1000  1000  1000  1000  1000  1000
       1000  1000  1000  1000  1000  1000
 116   1000  1000  1000  1000  1000  1000  1000  1000  1000  1000  1000  1000  1000  1000  1000  1000  1000  1000  1000  1000
       1000  1000  1000  1000  1000
 117   1000  1000  1000  1000  1000  1000  1000  1000  1000  1000  1000  1000  1000  1000  1000  1000  1000  1000  1000  1000
       1000  1000  1000  1000
 118   1000  1000  1000  1000  1000  1000  1000  1000  1000  1000  1000  1000  1000  1000  1000  1000  1000  1000  1000  1000
       1000  1000  1000
 119   1000  1000  1000  1000  1000  1000  1000  1000  1000  1000  1000  1000  1000  1000  1000  1000  1000  1000  1000  1000
       1000  1000
 120   1000  1000  1000  1000  1000  1000  1000  1000  1000  1000  1000  1000  1000  1000  1000  1000  1000  1000  1000  1000
       1000
 121   1000  1000  1000  1000  1000  1000  1000  1000  1000  1000  1000  1000  1000  1000  1000  1000  1000  1000  1000  1000
 122   1000  1000  1000  1000  1000  1000  1000  1000  1000  1000  1000  1000  1000  1000  1000  1000  1000  1000  1000
 123   1000  1000  1000  1000  1000  1000  1000  1000  1000  1000  1000  1000  1000  1000  1000  1000  1000  1000
 124   1000  1000  1000  1000  1000  1000  1000  1000  1000  1000  1000  1000  1000  1000  1000  1000  1000
 125   1000  1000  1000  1000  1000  1000  1000  1000  1000  1000  1000  1000  1000  1000  1000  1000
 126   1000  1000  1000  1000  1000  1000  1000  1000  1000  1000  1000  1000  1000  1000  1000
 127   1000  1000  1000  1000  1000  1000  1000  1000  1000  1000  1000  1000  1000  1000
 128   1000  1000  1000  1000  1000  1000  1000  1000  1000  1000  1000  1000  1000
 129   1000  1000  1000  1000  1000  1000  1000  1000  1000  1000  1000  1000
 130   1000  1000  1000  1000  1000  1000  1000  1000  1000  1000  1000
 131   1000  1000  1000  1000  1000  1000  1000  1000  1000  1000
 132   1000  1000  1000  1000  1000  1000  1000  1000  1000
 133   1000  1000  1000  1000  1000  1000  1000  1000
 134   1000  1000  1000  1000  1000  1000  1000
 135   1000  1000  1000  1000  1000  1000
 136   1000  1000  1000  1000  1000
 137   1000  1000  1000  1000
 138   1000  1000  1000
 139   1000  1000
 140   1000

 Finished!
