NIF_RUN Passive 18x snout on TANDM 90-348 Pinhole
  140    5    1    0    1
   0.00500   9.00000   0.00500   0.00100
   0.0000000   0   0 1.00000000E+00   1.0000000
ZR902    1.706E-12 0.010       0.00       0.00        (    )
IN115N   4.881E-13 0.007       0.00       0.00        (    )
AU197G   8.079E-14 0.010       0.00 AUNG  3.94 IFX    (ISTP)
IN115G   1.161E-13 0.020       0.00 INNG 39.37 IFX    (ISTP)
AU1972   1.218E-11 0.053       0.00       0.00        (    )
Flux Uncertainty
   4
 1.0000E-11 1.2900E+01 1.2990E+01 2.0100E+01
 1.0000E+01 1.0000E+00 1.0000E-01 3.0000E-02
Input Flux Spectrum
 140   1 1.000E+00 2.000E+01 5.000E-08
 1.0000E+03 1.0000E+03 1.0000E+03 1.0000E+03 1.0000E+03 1.0000E+03 1.0000E+03
 1.0000E+03 1.0000E+03 1.0000E+03 1.0000E+03 1.0000E+03 1.0000E+03 1.0000E+03
 1.0000E+03 1.0000E+03 1.0000E+03 1.0000E+03 1.0000E+03 1.0000E+03 1.0000E+03
 1.0000E+03 1.0000E+03 1.0000E+03 1.0000E+03 1.0000E+03 1.0000E+03 1.0000E+03
 1.0000E+03 1.0000E+03 1.0000E+03 1.0000E+03 1.0000E+03 1.0000E+03 1.0000E+03
 1.0000E+03 1.0000E+03 1.0000E+03 1.0000E+03 1.0000E+03 1.0000E+03 1.0000E+03
 1.0000E+03 1.0000E+03 1.0000E+03 1.0000E+03 1.0000E+03 1.0000E+03 1.0000E+03
 1.0000E+03 1.0000E+03 1.0000E+03 1.0000E+03 1.0000E+03 1.0000E+03 1.0000E+03
 1.0000E+03 1.0000E+03 1.0000E+03 1.0000E+03 1.0000E+03 1.0000E+03 1.0000E+03
 1.0000E+03 1.0000E+03 1.0000E+03 1.0000E+03 1.0000E+03 1.0000E+03 1.0000E+03
 1.0000E+03 1.0000E+03 1.0000E+03 1.0000E+03 1.0000E+03 1.0000E+03 1.0000E+03
 1.0000E+03 1.0000E+03 1.0000E+03 1.0000E+03 1.0000E+03 1.0000E+03 1.0000E+03
 1.0000E+03 1.0000E+03 1.0000E+03 1.0000E+03 1.0000E+03 1.0000E+03 1.0000E+03
 1.0000E+03 1.0000E+03 2.4516E+12 3.5573E+12 0.0000E+00 0.0000E+00 0.0000E+00
 0.0000E+00 0.0000E+00 0.0000E+00 0.0000E+00 0.0000E+00 0.0000E+00 0.0000E+00
 0.0000E+00 0.0000E+00 0.0000E+00 0.0000E+00 0.0000E+00 0.0000E+00 0.0000E+00
 0.0000E+00 0.0000E+00 0.0000E+00 0.0000E+00 0.0000E+00 0.0000E+00 0.0000E+00
 0.0000E+00 0.0000E+00 0.0000E+00 0.0000E+00 0.0000E+00 0.0000E+00 0.0000E+00
 0.0000E+00 0.0000E+00 0.0000E+00 0.0000E+00 0.0000E+00 0.0000E+00 0.0000E+00
 0.0000E+00 0.0000E+00 0.0000E+00 0.0000E+00 0.0000E+00 0.0000E+00 0.0000E+00
   10   13   28   11    8    5    8    7   10   40



                         ==============================
                               STAYSL PNNL OUTPUT
                         ==============================

 STAYSL PNNL, version 1.2.0, 2015-08-05


 SCENARIO TITLE: NIF_RUN Passive 18x snout on TANDM 90-348 Pinhole
 -------------------------------------------------------------------------------
  NGROUP =   140    NRXN =     5    ACTIVITY NORM = 1.00000E+00

  COVARIANCE PARAMETERS (FCHN, FCVX, ACVX, FS)
    FLUXES:      WIDTH =  9.0000E+00   LONG RANGE COVAR. =  5.0000E-03
            ACTIVITIES =  5.0000E-03   X-SECT CROSS COR. =  1.0000E-03

    DETERM =   3.1852 × 10^  -5.00      ERROR =  -1.5237E-13

  INPUT NORMALIZATION DATA
    AK1   =     0.00000     VAK        =     0.00003
    NORML =           0     RENORM     = 6.65293E-01
    CHI²  = 10453.01156     NORM. CHI² =  2613.25289
     (logarithmic limit was applied to low fluxes)

  DOSIMETRY ACTIVITIES
     ———— INPUTS —————  -UNADJUSTED FLUX-  — ADJUSTED FLUX —    CHI²  90% ACTIVITIES RANGE
 RXN  MEASURED     ±%   ACTIVITY    %DIFF  ACTIVITY    %DIFF  CONTRIB --LOW E-- --HIGH E--   REACTION          CVR
  1  1.706E-12    1.00  2.404E-12   40.94  1.719E-12    0.76  510.227  1.30E+01  1.40E+01  ZR90(N,2N)ZR89          
  2  4.881E-13    0.70  2.748E-13  -43.70  1.963E-13  -59.79  801.551  1.30E+01  1.40E+01  IN115(N,N')IN115M       
  3  8.079E-14    1.00  5.132E-15  -93.65  3.668E-15  -95.46 7336.303  1.30E+01  1.40E+01  AU197(N,G)AU198         
  4  1.161E-13    2.00  3.805E-15  -96.72  2.720E-15  -97.66 1778.543  1.30E+01  1.40E+01  IN115(N,G)IN116M        
  5  1.218E-11    5.30  8.463E-12  -30.51  6.047E-12  -50.35   26.387  1.30E+01  1.40E+01  AU197(N,2N)AU196        

             % STD. DEV.  =         75.24              78.68

                              CHECK INPUT, IT IS RATHER UNLIKELY !
                                   *** BEWARE OF OUTPUT ! ***


  DIFFERENTIAL FLUXES (input is normalized by a factor of 6.6529E-01)
                  —————— DIFFERENTIAL FLUX —————   ———— STD. DEV. % ————   INTEGRAL
 GRP    ENERGY        NEW         OLD      RATIO    NEW     OLD    RATIO   FLUX > E     ± %
   1  1.0000E-10  3.0614E+12  7.3921E+11   4.141  755.25  755.26   1.000  2.8562E+12    1.05
   2  1.0000E-09  2.7290E+11  7.3921E+10   3.692  624.48  624.49   1.000  2.8562E+12    1.05
   3  1.0000E-08  1.7390E+11  5.1176E+10   3.398  546.51  546.51   1.000  2.8562E+12    1.05
   4  2.3000E-08  7.9997E+10  2.4640E+10   3.247  511.33  511.34   1.000  2.8562E+12    1.05
   5  5.0000E-08  7.9548E+10  2.5588E+10   3.109  486.54  486.54   1.000  2.8562E+12    1.05
   6  7.6000E-08  5.0905E+10  1.7059E+10   2.984  470.09  470.09   1.000  2.8562E+12    1.05
   7  1.1500E-07  3.4456E+10  1.2096E+10   2.849  454.71  454.72   1.000  2.8562E+12    1.05
   8  1.7000E-07  2.1194E+10  7.8270E+09   2.708  440.01  440.01   1.000  2.8562E+12    1.05
   9  2.5500E-07  1.3662E+10  5.3223E+09   2.567  425.64  425.64   1.000  2.8562E+12    1.05
  10  3.8000E-07  9.5218E+09  3.9135E+09   2.433  412.33  412.34   1.000  2.8562E+12    1.05
  11  5.5000E-07  5.2883E+09  2.2941E+09   2.305  399.06  399.07   1.000  2.8562E+12    1.05
  12  8.4000E-07  3.3394E+09  1.5294E+09   2.183  385.45  385.45   1.000  2.8562E+12    1.05
  13  1.2750E-06  2.2055E+09  1.0645E+09   2.072  372.67  372.67   1.000  2.8562E+12    1.05
  14  1.9000E-06  1.4558E+09  7.3921E+08   1.969  360.76  360.76   1.000  2.8562E+12    1.05
  15  2.8000E-06  8.5927E+08  4.5882E+08   1.873  348.97  348.97   1.000  2.8562E+12    1.05
  16  4.2500E-06  5.7812E+08  3.2453E+08   1.781  337.48  337.48   1.000  2.8562E+12    1.05
  17  6.3000E-06  3.8904E+08  2.2941E+08   1.696  326.88  326.88   1.000  2.8562E+12    1.05
  18  9.2000E-06  2.4982E+08  1.5472E+08   1.615  316.76  316.76   1.000  2.8562E+12    1.05
  19  1.3500E-05  1.3628E+08  8.8706E+07   1.536  306.16  306.16   1.000  2.8562E+12    1.05
  20  2.1000E-05  1.0817E+08  7.3921E+07   1.463  296.21  296.21   1.000  2.8562E+12    1.05
  21  3.0000E-05  6.1936E+07  4.4353E+07   1.396  287.05  287.05   1.000  2.8562E+12    1.05
  22  4.5000E-05  3.6991E+07  2.7721E+07   1.334  277.35  277.35   1.000  2.8562E+12    1.05
  23  6.9000E-05  2.7460E+07  2.1461E+07   1.280  268.34  268.34   1.000  2.8562E+12    1.05
  24  1.0000E-04  2.3430E+07  1.9008E+07   1.233  261.00  261.00   1.000  2.8562E+12    1.05
  25  1.3500E-04  2.2681E+07  1.9008E+07   1.193  255.34  255.34   1.000  2.8562E+12    1.05
  26  1.7000E-04  1.5433E+07  1.3306E+07   1.160  250.24  250.24   1.000  2.8562E+12    1.05
  27  2.2000E-04  1.2549E+07  1.1088E+07   1.132  245.14  245.14   1.000  2.8562E+12    1.05
  28  2.8000E-04  9.2178E+06  8.3162E+06   1.108  240.21  240.21   1.000  2.8562E+12    1.05
  29  3.6000E-04  8.0528E+06  7.3921E+06   1.089  235.54  235.54   1.000  2.8562E+12    1.05
  30  4.5000E-04  5.7157E+06  5.3223E+06   1.074  231.04  231.04   1.000  2.8562E+12    1.05
  31  5.7500E-04  3.8162E+06  3.5962E+06   1.061  226.09  226.09   1.000  2.8562E+12    1.05
  32  7.6000E-04  3.4955E+06  3.3265E+06   1.051  221.36  221.36   1.000  2.8562E+12    1.05
  33  9.6000E-04  2.2014E+06  2.1120E+06   1.042  216.68  216.68   1.000  2.8562E+12    1.05
  34  1.2750E-03  2.1193E+06  2.0471E+06   1.035  212.15  212.15   1.000  2.8562E+12    1.05
  35  1.6000E-03  1.7122E+06  1.6632E+06   1.029  208.25  208.25   1.000  2.8562E+12    1.05
  36  2.0000E-03  9.7364E+05  9.5042E+05   1.024  203.80  203.80   1.000  2.8562E+12    1.05
  37  2.7000E-03  9.6956E+05  9.5042E+05   1.020  199.38  199.38   1.000  2.8562E+12    1.05
  38  3.4000E-03  6.1478E+05  6.0481E+05   1.016  195.22  195.22   1.000  2.8562E+12    1.05
  39  4.5000E-03  6.7418E+05  6.6529E+05   1.013  191.38  191.38   1.000  2.8562E+12    1.05
  40  5.5000E-03  3.9553E+05  3.9135E+05   1.011  187.71  187.71   1.000  2.8562E+12    1.05
  41  7.2000E-03  3.3544E+05  3.3265E+05   1.008  183.76  183.76   1.000  2.8562E+12    1.05
  42  9.2000E-03  2.3914E+05  2.3760E+05   1.006  179.93  179.93   1.000  2.8562E+12    1.05
  43  1.2000E-02  2.2284E+05  2.2176E+05   1.005  176.33  176.33   1.000  2.8562E+12    1.05
  44  1.5000E-02  1.6691E+05  1.6632E+05   1.004  173.02  173.02   1.000  2.8562E+12    1.05
  45  1.9000E-02  1.0260E+05  1.0235E+05   1.002  169.27  169.27   1.000  2.8562E+12    1.05
  46  2.5500E-02  1.0250E+05  1.0235E+05   1.001  165.66  165.66   1.000  2.8562E+12    1.05
  47  3.2000E-02  8.3224E+04  8.3162E+04   1.001  162.61  162.61   1.000  2.8562E+12    1.05
  48  4.0000E-02  5.3231E+04  5.3223E+04   1.000  159.32  159.32   1.000  2.8562E+12    1.05
  49  5.2500E-02  4.9264E+04  4.9281E+04   1.000  156.06  156.06   1.000  2.8562E+12    1.05
  50  6.6000E-02  3.0218E+04  3.0241E+04   0.999  152.77  152.77   1.000  2.8562E+12    1.05
  51  8.8000E-02  3.0208E+04  3.0241E+04   0.999  149.58  149.58   1.000  2.8562E+12    1.05
  52  1.1000E-01  2.6577E+04  2.6612E+04   0.999  146.96  146.96   1.000  2.8562E+12    1.05
  53  1.3500E-01  2.6571E+04  2.6612E+04   0.998  144.70  144.70   1.000  2.8562E+12    1.05
  54  1.6000E-01  2.2139E+04  2.2176E+04   0.998  142.68  142.68   1.000  2.8562E+12    1.05
  55  1.9000E-01  2.2136E+04  2.2176E+04   0.998  140.81  140.81   1.000  2.8562E+12    1.05
  56  2.2000E-01  1.8972E+04  1.9008E+04   0.998  139.11  139.11   1.000  2.8562E+12    1.05
  57  2.5500E-01  1.8970E+04  1.9008E+04   0.998  137.53  137.53   1.000  2.8562E+12    1.05
  58  2.9000E-01  2.2130E+04  2.2176E+04   0.998  136.25  136.25   1.000  2.8562E+12    1.05
  59  3.2000E-01  1.6597E+04  1.6632E+04   0.998  135.04  135.04   1.000  2.8562E+12    1.05
  60  3.6000E-01  1.6596E+04  1.6632E+04   0.998  133.80  133.80   1.000  2.8562E+12    1.05
  61  4.0000E-01  1.3276E+04  1.3306E+04   0.998  132.57  132.57   1.000  2.8562E+12    1.05
  62  4.5000E-01  1.3276E+04  1.3306E+04   0.998  131.36  131.36   1.000  2.8562E+12    1.05
  63  5.0000E-01  1.3275E+04  1.3306E+04   0.998  130.27  130.27   1.000  2.8562E+12    1.05
  64  5.5000E-01  1.3275E+04  1.3306E+04   0.998  129.30  129.30   1.000  2.8562E+12    1.05
  65  6.0000E-01  1.1062E+04  1.1088E+04   0.998  128.33  128.33   1.000  2.8562E+12    1.05
  66  6.6000E-01  1.1062E+04  1.1088E+04   0.998  127.36  127.36   1.000  2.8562E+12    1.05
  67  7.2000E-01  1.1104E+04  1.1088E+04   1.001  126.49  126.49   1.000  2.8562E+12    1.05
  68  7.8000E-01  1.1094E+04  1.1088E+04   1.001  125.69  125.69   1.000  2.8562E+12    1.05
  69  8.4000E-01  8.3398E+03  8.3162E+03   1.003  124.83  124.83   1.000  2.8562E+12    1.05
  70  9.2000E-01  8.3726E+03  8.3162E+03   1.007  123.94  123.94   1.000  2.8562E+12    1.05
  71  1.0000E+00  3.3703E+03  3.3265E+03   1.013  122.59  122.59   1.000  2.8562E+12    1.05
  72  1.2000E+00  3.4037E+03  3.3265E+03   1.023  120.89  120.90   1.000  2.8562E+12    1.05
  73  1.4000E+00  3.4550E+03  3.3265E+03   1.039  119.47  119.47   1.000  2.8562E+12    1.05
  74  1.6000E+00  3.5312E+03  3.3265E+03   1.062  118.23  118.23   1.000  2.8562E+12    1.05
  75  1.8000E+00  3.6409E+03  3.3265E+03   1.095  117.14  117.15   1.000  2.8562E+12    1.05
  76  2.0000E+00  2.5282E+03  2.2176E+03   1.140  115.96  115.97   1.000  2.8562E+12    1.05
  77  2.3000E+00  2.6622E+03  2.2176E+03   1.200  114.69  114.72   1.000  2.8562E+12    1.05
  78  2.6000E+00  2.8339E+03  2.2176E+03   1.278  113.56  113.63   0.999  2.8562E+12    1.05
  79  2.9000E+00  2.2824E+03  1.6632E+03   1.372  112.37  112.52   0.999  2.8562E+12    1.05
  80  3.3000E+00  2.4637E+03  1.6632E+03   1.481  111.09  111.39   0.997  2.8562E+12    1.05
  81  3.7000E+00  2.6612E+03  1.6632E+03   1.600  109.81  110.39   0.995  2.8562E+12    1.05
  82  4.1000E+00  2.8591E+03  1.6632E+03   1.719  108.40  109.51   0.990  2.8562E+12    1.05
  83  4.5000E+00  2.4265E+03  1.3306E+03   1.824  106.63  108.61   0.982  2.8562E+12    1.05
  84  5.0000E+00  2.5217E+03  1.3306E+03   1.895  104.31  107.72   0.968  2.8562E+12    1.05
  85  5.5000E+00  2.5454E+03  1.3306E+03   1.913  101.32  106.91   0.948  2.8562E+12    1.05
  86  6.0000E+00  1.7610E+03  9.5042E+02   1.853   97.25  106.04   0.917  2.8562E+12    1.05
  87  6.7000E+00  1.6104E+03  9.5042E+02   1.694   91.87  105.13   0.874  2.8562E+12    1.05
  88  7.4000E+00  1.1831E+03  8.3162E+02   1.423   85.05  104.25   0.816  2.8562E+12    1.05
  89  8.2000E+00  8.5708E+02  8.3162E+02   1.031   76.62  103.41   0.741  2.8562E+12    1.05
  90  9.0000E+00  3.4800E+02  6.6529E+02   0.523   66.52  102.57   0.649  2.8562E+12    1.05
  91  1.0000E+01  9.9213E+01  6.6529E+02   0.149   54.88  101.72   0.539  2.8562E+12    1.05
  92  1.1000E+01  5.0610E+01  6.6529E+02   0.076   42.08  100.96   0.417  2.8562E+12    1.05
  93  1.2000E+01  7.5462E+01  6.6529E+02   0.113   15.86   55.29   0.287  2.8562E+12    1.05
  94  1.3000E+01  1.1618E+12  1.6311E+12   0.712    1.48    9.07   0.164  2.8562E+12    1.05
  95  1.4000E+01  1.6944E+12  2.3666E+12   0.716    1.05    7.45   0.140  1.6944E+12    1.05
      1.5000E+01

  INTEGRALS OF SPECTRA
    OLD SPECTRUM   3.9977E+12   ±    8.084 %
    NEW SPECTRUM   2.8562E+12   ±    1.053 %

  SUMMARY OF BROAD-GROUP FLUXES, FLUENCES, AND UNCERTAINTIES

    IRRAD TIME [S] = 1.00000000E+00   ACT NORM =  1.00000000E+00

       ENERGY       FLUX       FLUENCE      STDEV %
      thermal    2.0709E+04  2.0709E+04  ± 483.61     (0.100 meV – 0.550  eV)
     epithermal  3.4478E+04  3.4478E+04  ± 162.56     (0.550  eV – 110.0 keV)
        fast     2.8562E+12  2.8562E+12  ±   1.05     (110.0 keV –  20.0 MeV)
        fast     2.8562E+12  2.8562E+12  ±   1.05     (  1.0 MeV –  20.0 MeV)
        high     0.0000E+00  0.0000E+00  ±   0.00     ( 20.0 MeV –  60.0 MeV)

    MINI-SPECTRUM

       ENERGY       FLUX       FLUENCE      STDEV %
     1.0000E-10  2.0709E+04  2.0709E+04  ± 483.61
     5.5000E-07  1.4972E+04  1.4972E+04  ± 295.47
     1.0000E-04  1.9506E+04  1.9506E+04  ± 138.81
     1.1000E-01  7.3041E+03  7.3041E+03  ± 124.44
     5.0000E-01  5.3238E+03  5.3238E+03  ± 119.68
     1.0000E+00  3.4802E+03  3.4802E+03  ± 116.77
     2.0000E+00  7.7271E+03  7.7271E+03  ± 104.87
     5.0000E+00  6.8736E+03  6.8736E+03  ±  90.67
     1.0000E+01  2.8562E+12  2.8562E+12  ±   1.05
     2.0000E+01  0.0000E+00  0.0000E+00  ±   0.00
     6.0000E+01

       TOTAL     2.8562E+12  2.8562E+12  ±   1.05

    RELATIVE COVARIANCES (10×10)
     1000   364     4     0     0     0     0     0     1     0
     1000   188     0     0     0     0     0     0     0
     1000   159     9     0     0     0     0     0
     1000   445    84     9     0     0     0
     1000   640   177    19     0     0
     1000   618   158     2     0
     1000   686    36     0
     1000   143     0
     1000     0
        0

  SPECTRAL-AVERAGED REACTION RATES (for all cross section library reactions)

        REACTIONS        SIG-PHI      <SIG>          REACTIONS        SIG-PHI      <SIG>          REACTIONS        SIG-PHI      <SIG>  
   ------------------  ----------  ----------   ------------------  ----------  ----------   ------------------  ----------  ----------
   LI6(N,A)T           7.3764E-14  2.5826E-26   FE58(N,G)FE59       2.7961E-15  9.7897E-28   IN115(N,N')IN115M   1.9628E-13  6.8722E-26
   B10(N,A)LI7         1.2605E-13  4.4133E-26   CO59(N,2N)CO58      1.9539E-12  6.8408E-25   IN115(N,2N)IN114M   3.7840E-12  1.3248E-24
   F19(N,2N)F18        1.0280E-13  3.5993E-26   CO59(N,3N)CO57      0.0000E+00  0.0000E+00   IN115(N,G)IN116M    2.7322E-15  9.5658E-28
   NA23(N,2N)NA22      6.2743E-14  2.1967E-26   CO59(N,G)CO60       2.5006E-15  8.7549E-28   I127(N,2N)I126      4.1412E-12  1.4499E-24
   NA23(N,G)NA24       6.1158E-16  2.1412E-28   CO59(N,P)FE59       1.4211E-13  4.9755E-26   LA139(N,G)LA140     3.0317E-15  1.0614E-27
   MG24(N,P)NA24       5.3427E-13  1.8706E-25   CO59(N,A)MN56       8.8225E-14  3.0889E-26   PR141(N,2N)PR140    4.6383E-12  1.6239E-24
   AL27(N,P)MG27       2.1475E-13  7.5187E-26   NI58(N,2N)NI57      6.7825E-14  2.3747E-26   TM169(N,2N)TM168    5.6318E-12  1.9718E-24
   AL27(N,A)NA24       3.4027E-13  1.1913E-25   NI58(N,P)CO58       1.0175E-12  3.5624E-25   TM169(N,3N)TM167    3.4855E-17  1.2203E-29
   SI28(N,P)AL28       7.5640E-13  2.6483E-25   NI60(N,P)CO60       4.1582E-13  1.4559E-25   TA181(N,G)TA182     3.1597E-18  1.1063E-30
   P31(N,P)SI31        2.6516E-13  9.2838E-26   CU63(N,2N)CU62      1.2714E-12  4.4514E-25   W186(N,G)W187       3.8950E-15  1.3637E-27
   S32(N,P)P32         7.0907E-13  2.4826E-25   CU63(N,G)CU64       7.7371E-15  2.7089E-27   AU197(N,2N)AU196    6.0470E-12  2.1172E-24
   TI46(N,2N)TI45      5.8114E-14  2.0347E-26   CU63(N,A)CO60       1.2803E-13  4.4824E-26   AU197(N,G)AU198     3.6725E-15  1.2858E-27
   TI46(N,P)SC46       7.2715E-13  2.5459E-25   CU65(N,2N)CU64      2.5088E-12  8.7836E-25   HG199(N,N')HG199M   4.4252E-13  1.5493E-25
   TI47(N,P)SC47       3.7514E-13  1.3134E-25   ZN64(N,P)CU64       4.9958E-13  1.7491E-25   PB204(N,N')PB204M   2.1963E-13  7.6897E-26
   TI47(N,X)SC46       1.1778E-13  4.1235E-26   ZN67(N,P)CU67       9.6527E-14  3.3796E-26   BI209(N,3N)BI207    1.0047E-15  3.5178E-28
   TI48(N,P)SC48       1.7595E-13  6.1602E-26   AS75(N,2N)AS74      2.7015E-12  9.4583E-25   TH232(N,FISSION)    1.0299E-12  3.6059E-25
   TI48(N,X)SC47       2.1123E-14  7.3953E-27   Y89(N,2N)Y88        2.3736E-12  8.3103E-25   TH232(N,G)TH233     3.1033E-15  1.0865E-27
   TI49(N,X)SC48       1.1637E-14  4.0742E-27   ZR90(N,2N)ZR89      1.7190E-12  6.0185E-25   U235(N,FISSION)     5.8572E-12  2.0507E-24
   V51(N,A)SC48        4.3225E-14  1.5134E-26   NB93(N,G)NB94       2.5076E-15  8.7795E-28   U235(N,G)U236       3.3127E-15  1.1598E-27
   CR52(N,2N)CR51      7.7692E-13  2.7201E-25   NB93(N,N')NB93M     1.1338E-13  3.9695E-26   U238(N,2N)U237      2.7273E-12  9.5486E-25
   MN55(N,2N)MN54      1.9956E-12  6.9869E-25   NB93(N,2N)NB92M     1.3048E-12  4.5683E-25   U238(N,FISSION)     3.2646E-12  1.1430E-24
   MN55(N,G)MN56       1.7804E-15  6.2336E-28   MO92(N,P)NB92M      2.0504E-13  7.1786E-26   U238(N,G)U239       2.4517E-15  8.5838E-28
   FE54(N,2N)FE53      9.7533E-15  3.4148E-27   RH103(N,N')RH103M   8.6803E-13  3.0391E-25   NP237(N,FISSION)    6.1763E-12  2.1624E-24
   FE54(N,P)MN54       9.6959E-13  3.3947E-25   AG109(N,G)AG110M    5.5193E-16  1.9324E-28   PU239(N,FISSION)    6.8569E-12  2.4007E-24
   FE54(N,A)CR51       2.5007E-13  8.7554E-26   IN113(N,N')IN113M   1.7267E-13  6.0456E-26   AM241(N,FISSION)    7.5101E-12  2.6294E-24
   FE56(N,P)MN56       3.1909E-13  1.1172E-25   IN113(N,G)IN114M    2.8784E-15  1.0078E-27   SC45(N,G)SC46       1.9857E-15  6.9522E-28

  INPUT FLUX REL. CORRELATION MATRIX (by row from diagonal)
   1   1000   988   952   895   821   734   641   546   454   368   291   225   169   124    89    62    42    28    18    12
          7     4     3     1     1     0     0     0     0     0     0     0     0     0     0     0     0     0     0     0
          0     0     0     0     0     0     0     0     0     0     0     0     0     0     0     0     0     0     0     0
          0     0     0     0     0     0     0     0     0     0     0     0     0     0     0     0     0     0     0     0
          0     0     0     0     0     0     0     0     0     0     0     0     0     0     0     0     0     0     0     0
          0     1     1     1     1     1     1     1     1     1     1     1     1     1     1     1     1     1     1     1
          1     1     1     1     1     1     1     1     1     1     1     1     1     1     1     1     1     1     1     1

  OUTPUT FLUX REL. CORRELATION MATRIX (by row from diagonal)
   1   1000   988   952   895   821   734   641   546   454   368   291   225   169   124    89    62    42    28    18    12
          7     4     3     1     1     0     0     0     0     0     0     0     0     0     0     0     0     0     0     0
          0     0     0     0     0     0     0     0     0     0     0     0     0     0     0     0     0     0     0     0
          0     0     0     0     0     0     0     0     0     0     0     0     0     0     0     0     0     0     0     0
          0     0     0     0     0     0     0     0     0     0     0     0     0     0     1     0     0     0     0     0
          0     1     1     1     1     1     1     1     1     1     1     1     1     1     1     1     1     1     1     1
          1     1     1     1     1     1     1     1     1     1     1     1     1     1     1     1     1     1     1     1
   2   1000   988   952   895   821   734   641   546   454   368   291   225   169   124    89    62    42    28    18    12
          7     4     3     1     1     0     0     0     0     0     0     0     0     0     0     0     0     0     0     0
          0     0     0     0     0     0     0     0     0     0     0     0     0     0     0     0     0     0     0     0
          0     0     0     0     0     0     0     0     0     0     0     0     0     0     0     0     0     0     0     0
          0     0     0     0     0     0     0     0     0     0     0     0     0     1     0     0     0     0     0     0
          1     1     1     1     1     1     1     1     1     1     1     1     1     1     1     1     1     1     1     1
          1     1     1     1     1     1     1     1     1     1     1     1     1     1     1     1     1     1     1
   3   1000   988   952   895   821   734   641   546   454   368   291   225   169   124    89    62    42    28    18    12
          7     4     3     1     1     0     0     0     0     0     0     0     0     0     0     0     0     0     0     0
          0     0     0     0     0     0     0     0     0     0     0     0     0     0     0     0     0     0     0     0
          0     0     0     0     0     0     0     0     0     0     0     0     0     0     0     0     0     0     0     0
          0     0     0     0     0     0     0     0     0     0     0     0     1     0     0     0     0     0     0     1
          1     1     1     1     1     1     1     1     1     1     1     1     1     1     1     1     1     1     1     1
          1     1     1     1     1     1     1     1     1     1     1     1     1     1     1     1     1     1
   4   1000   988   952   895   821   734   641   546   454   368   291   225   169   124    89    62    42    28    18    12
          7     4     3     1     1     0     0     0     0     0     0     0     0     0     0     0     0     0     0     0
          0     0     0     0     0     0     0     0     0     0     0     0     0     0     0     0     0     0     0     0
          0     0     0     0     0     0     0     0     0     0     0     0     0     0     0     0     0     0     0     0
          0     0     0     0     0     0     0     0     0     0     0     1     0     0     0     0     0     0     1     1
          1     1     1     1     1     1     1     1     1     1     1     1     1     1     1     1     1     1     1     1
          1     1     1     1     1     1     1     1     1     1     1     1     1     1     1     1     1
   5   1000   988   952   895   821   734   641   546   454   368   291   225   169   124    89    62    42    28    18    12
          7     4     3     1     1     0     0     0     0     0     0     0     0     0     0     0     0     0     0     0
          0     0     0     0     0     0     0     0     0     0     0     0     0     0     0     0     0     0     0     0
          0     0     0     0     0     0     0     0     0     0     0     0     0     0     0     0     0     0     0     0
          0     0     0     0     0     0     0     0     0     0     1     0     0     0     0     0     0     1     1     1
          1     1     1     1     1     1     1     1     1     1     1     1     1     1     1     1     1     1     1     1
          1     1     1     1     1     1     1     1     1     1     1     1     1     1     1     1
   6   1000   988   952   895   821   734   641   546   454   368   291   225   169   124    89    62    42    28    18    12
          7     4     3     1     1     0     0     0     0     0     0     0     0     0     0     0     0     0     0     0
          0     0     0     0     0     0     0     0     0     0     0     0     0     0     0     0     0     0     0     0
          0     0     0     0     0     0     0     0     0     0     0     0     0     0     0     0     0     0     0     0
          0     0     0     0     0     0     0     0     0     1     0     0     0     0     0     0     1     1     1     1
          1     1     1     1     1     1     1     1     1     1     1     1     1     1     1     1     1     1     1     1
          1     1     1     1     1     1     1     1     1     1     1     1     1     1     1
   7   1000   988   952   895   821   734   641   546   454   368   291   225   169   124    89    62    42    28    18    12
          7     4     3     1     1     0     0     0     0     0     0     0     0     0     0     0     0     0     0     0
          0     0     0     0     0     0     0     0     0     0     0     0     0     0     0     0     0     0     0     0
          0     0     0     0     0     0     0     0     0     0     0     0     0     0     0     0     0     0     0     0
          0     0     0     0     0     0     0     0     1     0     0     0     0     0     0     1     1     1     1     1
          1     1     1     1     1     1     1     1     1     1     1     1     1     1     1     1     1     1     1     1
          1     1     1     1     1     1     1     1     1     1     1     1     1     1
   8   1000   988   952   895   821   734   641   546   454   368   291   225   169   124    89    62    42    28    18    12
          7     4     3     1     1     0     0     0     0     0     0     0     0     0     0     0     0     0     0     0
          0     0     0     0     0     0     0     0     0     0     0     0     0     0     0     0     0     0     0     0
          0     0     0     0     0     0     0     0     0     0     0     0     0     0     0     0     0     0     0     0
          0     0     0     0     0     0     0     1     0     0     0     0     0     0     1     1     1     1     1     1
          1     1     1     1     1     1     1     1     1     1     1     1     1     1     1     1     1     1     1     1
          1     1     1     1     1     1     1     1     1     1     1     1     1
   9   1000   988   952   895   821   734   641   546   454   368   291   225   169   124    89    62    42    28    18    12
          7     4     3     1     1     0     0     0     0     0     0     0     0     0     0     0     0     0     0     0
          0     0     0     0     0     0     0     0     0     0     0     0     0     0     0     0     0     0     0     0
          0     0     0     0     0     0     0     0     0     0     0     0     0     0     0     0     0     0     0     0
          0     0     0     0     0     0     1     0     0     0     0     0     0     1     1     1     1     1     1     1
          1     1     1     1     1     1     1     1     1     1     1     1     1     1     1     1     1     1     1     1
          1     1     1     1     1     1     1     1     1     1     1     1
  10   1000   988   952   895   821   734   641   546   454   368   291   225   169   124    89    62    42    28    18    12
          7     4     3     1     1     0     0     0     0     0     0     0     0     0     0     0     0     0     0     0
          0     0     0     0     0     0     0     0     0     0     0     0     0     0     0     0     0     0     0     0
          0     0     0     0     0     0     0     0     0     0     0     0     0     0     0     0     0     0     0     0
          0     0     0     0     0     1     0     0     0     0     0     0     1     1     1     1     1     1     1     1
          1     1     1     1     1     1     1     1     1     1     1     1     1     1     1     1     1     1     1     1
          1     1     1     1     1     1     1     1     1     1     1
  11   1000   988   952   895   821   734   641   546   454   368   291   225   169   124    89    62    42    28    18    12
          7     4     3     1     1     0     0     0     0     0     0     0     0     0     0     0     0     0     0     0
          0     0     0     0     0     0     0     0     0     0     0     0     0     0     0     0     0     0     0     0
          0     0     0     0     0     0     0     0     0     0     0     0     0     0     0     0     0     0     0     0
          0     0     0     0     1     0     0     0     0     0     0     1     1     1     1     1     1     1     1     1
          1     1     1     1     1     1     1     1     1     1     1     1     1     1     1     1     1     1     1     1
          1     1     1     1     1     1     1     1     1     1
  12   1000   988   952   895   821   734   641   546   454   368   291   225   169   124    89    62    42    28    18    12
          7     4     3     1     1     0     0     0     0     0     0     0     0     0     0     0     0     0     0     0
          0     0     0     0     0     0     0     0     0     0     0     0     0     0     0     0     0     0     0     0
          0     0     0     0     0     0     0     0     0     0     0     0     0     0     0     0     0     0     0     0
          0     0     0     0     0     0     0     0     0     1     1     1     1     1     1     1     1     1     1     1
          1     1     1     1     1     1     1     1     1     1     1     1     1     1     1     1     1     1     1     1
          1     1     1     1     1     1     1     1     1
  13   1000   988   952   895   821   734   641   546   454   368   291   225   169   124    89    62    42    28    18    12
          7     4     3     1     1     0     0     0     0     0     0     0     0     0     0     0     0     0     0     0
          0     0     0     0     0     0     0     0     0     0     0     0     0     0     0     0     0     0     0     0
          0     0     0     0     0     0     0     0     0     0     0     0     0     0     0     0     0     0     0     0
          0     0     0     0     0     0     0     0     1     1     1     1     1     1     1     1     1     1     1     1
          1     1     1     1     1     1     1     1     1     1     1     1     1     1     1     1     1     1     1     1
          1     1     1     1     1     1     1     1
  14   1000   988   952   895   821   734   641   546   454   368   291   225   169   124    89    62    42    28    18    12
          7     4     3     1     1     0     0     0     0     0     0     0     0     0     0     0     0     0     0     0
          0     0     0     0     0     0     0     0     0     0     0     0     0     0     0     0     0     0     0     0
          0     0     0     0     0     0     0     0     0     0     0     0     0     0     0     0     0     0     0     0
          0     0     0     0     0     0     0     1     1     1     1     1     1     1     1     1     1     1     1     1
          1     1     1     1     1     1     1     1     1     1     1     1     1     1     1     1     1     1     1     1
          1     1     1     1     1     1     1
  15   1000   988   952   895   821   734   641   546   454   368   291   225   169   124    89    62    42    28    18    12
          7     4     3     1     1     0     0     0     0     0     0     0     0     0     0     0     0     0     0     0
          0     0     0     0     0     0     0     0     0     0     0     0     0     0     0     0     0     0     0     0
          0     0     0     0     0     0     0     0     0     0     0     0     0     0     0     0     0     0     0     0
          0     0     0     0     0     0     1     1     1     1     1     1     1     1     1     1     1     1     1     1
          1     1     1     1     1     1     1     1     1     1     1     1     1     1     1     1     1     1     1     1
          1     1     1     1     1     1
  16   1000   988   952   895   821   734   641   546   454   368   291   225   169   124    89    62    42    28    18    12
          7     4     3     1     1     0     0     0     0     0     0     0     0     0     0     0     0     0     0     0
          0     0     0     0     0     0     0     0     0     0     0     0     0     0     0     0     0     0     0     0
          0     0     0     0     0     0     0     0     0     0     0     0     0     0     0     0     0     0     0     0
          0     0     0     0     0     1     1     1     1     1     1     1     1     1     1     1     1     1     1     1
          1     1     1     1     1     1     1     1     1     1     1     1     1     1     1     1     1     1     1     1
          1     1     1     1     1
  17   1000   988   952   895   821   734   641   546   454   368   291   225   169   124    89    62    42    28    18    12
          7     4     3     1     1     0     0     0     0     0     0     0     0     0     0     0     0     0     0     0
          0     0     0     0     0     0     0     0     0     0     0     0     0     0     0     0     0     0     0     0
          0     0     0     0     0     0     0     0     0     0     0     0     0     0     0     0     0     0     0     0
          0     0     0     0     1     2     2     2     2     2     2     2     2     2     2     2     2     2     2     2
          2     2     2     2     2     2     2     2     2     2     2     2     2     2     2     2     2     2     2     2
          2     2     2     2
  18   1000   988   952   895   821   734   641   546   454   368   291   225   169   124    89    62    42    28    18    12
          7     4     3     1     1     0     0     0     0     0     0     0     0     0     0     0     0     0     0     0
          0     0     0     0     0     0     0     0     0     0     0     0     0     0     0     0     0     0     0     0
          0     0     0     0     0     0     0     0     0     0     0     0     0     0     0     0     0     0     0     0
          0     0     0     1     2     2     2     2     2     2     2     2     2     2     2     2     2     2     2     2
          2     2     2     2     2     2     2     2     2     2     2     2     2     2     2     2     2     2     2     2
          2     2     2
  19   1000   988   952   895   821   734   641   546   454   368   291   225   169   124    89    62    42    28    18    12
          7     4     3     1     1     0     0     0     0     0     0     0     0     0     0     0     0     0     0     0
          0     0     0     0     0     0     0     0     0     0     0     0     0     0     0     0     0     0     0     0
          0     0     0     0     0     0     0     0     0     0     0     0     0     0     0     0     0     0     0     0
          0     0     1     2     2     2     2     2     2     2     2     2     2     2     2     2     2     2     2     2
          2     2     2     2     2     2     2     2     2     2     2     2     2     2     2     2     2     2     2     2
          2     2
  20   1000   988   952   895   821   734   641   546   454   368   291   225   169   124    89    62    42    28    18    12
          7     4     3     1     1     0     0     0     0     0     0     0     0     0     0     0     0     0     0     0
          0     0     0     0     0     0     0     0     0     0     0     0     0     0     0     0     0     0     0     0
          0     0     0     0     0     0     0     0     0     0     0     0     0     0     0     0     0     0     0     0
          0     1     2     2     2     2     2     2     2     2     2     2     2     2     2     2     2     2     2     2
          2     2     2     2     2     2     2     2     2     2     2     2     2     2     2     2     2     2     2     2
          2
  21   1000   988   952   895   821   734   641   546   454   368   291   225   169   124    89    62    42    28    18    12
          7     4     3     1     1     0     0     0     0     0     0     0     0     0     0     0     0     0     0     0
          0     0     0     0     0     0     0     0     0     0     0     0     0     0     0     0     0     0     0     0
          0     0     0     0     0     0     0     0     0     0     0     0     0     0     0     0     0     0     0     0
          1     2     2     2     2     2     2     2     2     2     2     2     2     2     2     2     2     2     2     2
          2     2     2     2     2     2     2     2     2     2     2     2     2     2     2     2     2     2     2     2
  22   1000   988   952   895   821   734   641   546   454   368   291   225   169   124    89    62    42    28    18    12
          7     4     3     1     1     0     0     0     0     0     0     0     0     0     0     0     0     0     0     0
          0     0     0     0     0     0     0     0     0     0     0     0     0     0     0     0     0     0     0     0
          0     0     0     0     0     0     0     0     0     0     0     0     0     0     0     0     0     0     0     1
          2     2     2     2     2     2     2     2     2     2     2     2     2     2     2     2     2     2     2     2
          2     2     2     2     2     2     2     2     2     2     2     2     2     2     2     2     2     2     2
  23   1000   988   952   895   821   734   641   546   454   368   291   225   169   124    89    62    42    28    18    12
          7     4     3     1     1     0     0     0     0     0     0     0     0     0     0     0     0     0     0     0
          0     0     0     0     0     0     0     0     0     0     0     0     0     0     0     0     0     0     0     0
          0     0     0     0     0     0     0     0     0     0     0     0     0     0     0     0     0     0     1     2
          2     2     2     2     2     2     2     2     2     2     2     2     2     2     2     2     2     2     2     2
          2     2     2     2     2     2     2     2     2     2     2     2     2     2     2     2     2     2
  24   1000   988   952   895   821   734   641   546   454   368   291   225   169   124    89    62    42    28    18    12
          7     4     3     1     1     0     0     0     0     0     0     0     0     0     0     0     0     0     0     0
          0     0     0     0     0     0     0     0     0     0     0     0     0     0     0     0     0     0     0     0
          0     0     0     0     0     0     0     0     0     0     0     0     0     0     0     0     0     1     2     2
          2     2     2     2     2     2     2     2     2     2     2     2     2     2     2     2     2     2     2     2
          2     2     2     2     2     2     2     2     2     2     2     2     2     2     2     2     2
  25   1000   988   952   895   821   734   641   546   454   368   291   225   169   124    89    62    42    28    18    12
          7     4     3     1     1     0     0     0     0     0     0     0     0     0     0     0     0     0     0     0
          0     0     0     0     0     0     0     0     0     0     0     0     0     0     0     0     0     0     0     0
          0     0     0     0     0     0     0     0     0     0     0     0     0     0     0     0     1     2     2     2
          2     2     2     2     2     2     2     2     2     2     2     2     2     2     2     2     2     2     2     2
          2     2     2     2     2     2     2     2     2     2     2     2     2     2     2     2
  26   1000   988   952   895   821   734   641   546   454   368   291   225   169   124    89    62    42    28    18    12
          7     4     3     1     1     0     0     0     0     0     0     0     0     0     0     0     0     0     0     0
          0     0     0     0     0     0     0     0     0     0     0     0     0     0     0     0     0     0     0     0
          0     0     0     0     0     0     0     0     0     0     0     0     0     0     0     1     2     2     2     2
          2     2     2     2     2     2     2     2     2     2     2     2     2     2     2     2     2     2     2     2
          2     2     2     2     2     2     2     2     2     2     2     2     2     2     2
  27   1000   988   952   895   821   734   641   546   454   368   291   225   169   124    89    62    42    28    18    12
          7     4     3     1     1     0     0     0     0     0     0     0     0     0     0     0     0     0     0     0
          0     0     0     0     0     0     0     0     0     0     0     0     0     0     0     0     0     0     0     0
          0     0     0     0     0     0     0     0     0     0     0     0     0     0     1     2     2     2     2     2
          2     2     2     2     2     2     2     2     2     2     2     2     2     2     2     2     2     2     2     2
          2     2     2     2     2     2     2     2     2     2     2     2     2     2
  28   1000   988   952   895   821   734   641   546   454   368   291   225   169   124    89    62    42    28    18    12
          7     4     3     1     1     0     0     0     0     0     0     0     0     0     0     0     0     0     0     0
          0     0     0     0     0     0     0     0     0     0     0     0     0     0     0     0     0     0     0     0
          0     0     0     0     0     0     0     0     0     0     0     0     0     1     2     2     2     2     2     2
          2     2     2     2     2     2     2     2     2     2     2     2     2     2     2     2     2     2     2     2
          2     2     2     2     2     2     2     2     2     2     2     2     2
  29   1000   988   952   895   821   734   641   546   454   368   291   225   169   124    89    62    42    28    18    12
          7     4     3     1     1     0     0     0     0     0     0     0     0     0     0     0     0     0     0     0
          0     0     0     0     0     0     0     0     0     0     0     0     0     0     0     0     0     0     0     0
          0     0     0     0     0     0     0     0     0     0     0     0     1     2     2     2     2     2     2     2
          2     2     2     2     2     2     2     2     2     2     2     2     2     2     2     2     2     2     2     2
          2     2     2     2     2     2     2     2     2     2     2     2
  30   1000   988   952   895   821   734   641   546   454   368   291   225   169   124    89    62    42    28    18    12
          7     4     3     1     1     0     0     0     0     0     0     0     0     0     0     0     0     0     0     0
          0     0     0     0     0     0     0     0     0     0     0     0     0     0     0     0     0     0     0     0
          0     0     0     0     0     0     0     0     0     0     0     1     2     2     2     2     2     2     2     2
          2     2     2     2     2     2     2     2     2     2     2     2     2     2     2     2     2     2     2     2
          2     2     2     2     2     2     2     2     2     2     2
  31   1000   988   952   895   821   734   641   546   454   368   291   225   169   124    89    62    42    28    18    12
          7     4     3     1     1     0     0     0     0     0     0     0     0     0     0     0     0     0     0     0
          0     0     0     0     0     0     0     0     0     0     0     0     0     0     0     0     0     0     0     0
          0     0     0     0     0     0     0     0     0     0     1     2     2     2     2     2     2     2     2     2
          2     2     2     2     2     2     2     2     2     2     2     2     2     2     2     2     2     2     2     2
          2     2     2     2     2     2     2     2     2     2
  32   1000   988   952   895   821   734   641   546   454   368   291   225   169   124    89    62    42    28    18    12
          7     4     3     1     1     0     0     0     0     0     0     0     0     0     0     0     0     0     0     0
          0     0     0     0     0     0     0     0     0     0     0     0     0     0     0     0     0     0     0     0
          0     0     0     0     0     0     0     0     0     1     2     2     2     2     2     2     2     2     2     2
          2     2     2     2     2     2     2     2     2     2     2     2     2     2     2     2     2     2     2     2
          2     2     2     2     2     2     2     2     2
  33   1000   988   952   895   821   734   641   546   454   368   291   225   169   124    89    62    42    28    18    12
          7     4     3     1     1     0     0     0     0     0     0     0     0     0     0     0     0     0     0     0
          0     0     0     0     0     0     0     0     0     0     0     0     0     0     0     0     0     0     0     0
          0     0     0     0     0     0     0     0     1     2     2     2     2     2     2     2     2     2     2     2
          2     2     2     2     2     2     2     2     2     2     2     2     2     2     2     2     2     2     2     2
          2     2     2     2     2     2     2     2
  34   1000   988   952   895   821   734   641   546   454   368   291   225   169   124    89    62    42    28    18    12
          7     4     3     1     1     0     0     0     0     0     0     0     0     0     0     0     0     0     0     0
          0     0     0     0     0     0     0     0     0     0     0     0     0     0     0     0     0     0     0     0
          0     0     0     0     0     0     0     1     2     2     2     2     2     2     2     2     2     2     2     2
          2     2     2     2     2     2     2     2     2     2     2     2     2     2     2     2     2     2     2     2
          2     2     2     2     2     2     2
  35   1000   988   952   895   821   734   641   546   454   368   291   225   169   124    89    62    42    28    18    12
          7     4     3     1     1     0     0     0     0     0     0     0     0     0     0     0     0     0     0     0
          0     0     0     0     0     0     0     0     0     0     0     0     0     0     0     0     0     0     0     0
          0     0     0     0     0     0     1     2     2     2     2     2     2     2     2     2     2     2     2     2
          2     2     2     2     2     2     2     2     2     2     2     2     2     2     2     2     2     2     2     2
          2     2     2     2     2     2
  36   1000   988   952   895   821   734   641   546   454   368   291   225   169   124    89    62    42    28    18    12
          7     4     3     1     1     0     0     0     0     0     0     0     0     0     0     0     0     0     0     0
          0     0     0     0     0     0     0     0     0     0     0     0     0     0     0     0     0     0     0     0
          0     0     0     0     0     1     2     2     2     2     2     2     2     2     2     2     2     2     2     2
          2     2     2     2     2     2     2     2     2     2     2     2     2     2     2     2     2     2     2     2
          2     2     2     2     2
  37   1000   988   952   895   821   734   641   546   454   368   291   225   169   124    89    62    42    28    18    12
          7     4     3     1     1     0     0     0     0     0     0     0     0     0     0     0     0     0     0     0
          0     0     0     0     0     0     0     0     0     0     0     0     0     0     0     0     0     0     0     0
          0     0     0     0     1     3     3     3     3     3     3     3     3     3     3     3     3     3     3     3
          3     3     3     3     3     3     3     3     3     3     3     3     3     3     3     3     3     3     3     3
          3     3     3     3
  38   1000   988   952   895   821   734   641   546   454   368   291   225   169   124    89    62    42    28    18    12
          7     4     3     1     1     0     0     0     0     0     0     0     0     0     0     0     0     0     0     0
          0     0     0     0     0     0     0     0     0     0     0     0     0     0     0     0     0     0     0     0
          0     0     0     1     3     3     3     3     3     3     3     3     3     3     3     3     3     3     3     3
          3     3     3     3     3     3     3     3     3     3     3     3     3     3     3     3     3     3     3     3
          3     3     3
  39   1000   988   952   895   821   734   641   546   454   368   291   225   169   124    89    62    42    28    18    12
          7     4     3     1     1     0     0     0     0     0     0     0     0     0     0     0     0     0     0     0
          0     0     0     0     0     0     0     0     0     0     0     0     0     0     0     0     0     0     0     0
          0     0     1     3     3     3     3     3     3     3     3     3     3     3     3     3     3     3     3     3
          3     3     3     3     3     3     3     3     3     3     3     3     3     3     3     3     3     3     3     3
          3     3
  40   1000   988   952   895   821   734   641   546   454   368   291   225   169   124    89    62    42    28    18    12
          7     4     3     1     1     0     0     0     0     0     0     0     0     0     0     0     0     0     0     0
          0     0     0     0     0     0     0     0     0     0     0     0     0     0     0     0     0     0     0     0
          0     1     3     3     3     3     3     3     3     3     3     3     3     3     3     3     3     3     3     3
          3     3     3     3     3     3     3     3     3     3     3     3     3     3     3     3     3     3     3     3
          3
  41   1000   988   952   895   821   734   641   546   454   368   291   225   169   124    89    62    42    28    18    12
          7     4     3     1     1     0     0     0     0     0     0     0     0     0     0     0     0     0     0     0
          0     0     0     0     0     0     0     0     0     0     0     0     0     0     0     0     0     0     0     0
          1     3     3     3     3     3     3     3     3     3     3     3     3     3     3     3     3     3     3     3
          3     3     3     3     3     3     3     3     3     3     3     3     3     3     3     3     3     3     3     3
  42   1000   988   952   895   821   734   641   546   454   368   291   225   169   124    89    62    42    28    18    12
          7     4     3     1     1     0     0     0     0     0     0     0     0     0     0     0     0     0     0     0
          0     0     0     0     0     0     0     0     0     0     0     0     0     0     0     0     0     0     0     1
          3     3     3     3     3     3     3     3     3     3     3     3     3     3     3     3     3     3     3     3
          3     3     3     3     3     3     3     3     3     3     3     3     3     3     3     3     3     3     3
  43   1000   988   952   895   821   734   641   546   454   368   291   225   169   124    89    62    42    28    18    12
          7     4     3     1     1     0     0     0     0     0     0     0     0     0     0     0     0     0     0     0
          0     0     0     0     0     0     0     0     0     0     0     0     0     0     0     0     0     0     1     3
          3     3     3     3     3     3     3     3     3     3     3     3     3     3     3     3     3     3     3     3
          3     3     3     3     3     3     3     3     3     3     3     3     3     3     3     3     3     3
  44   1000   988   952   895   821   734   641   546   454   368   291   225   169   124    89    62    42    28    18    12
          7     4     3     1     1     0     0     0     0     0     0     0     0     0     0     0     0     0     0     0
          0     0     0     0     0     0     0     0     0     0     0     0     0     0     0     0     0     1     3     3
          3     3     3     3     3     3     3     3     3     3     3     3     3     3     3     3     3     3     3     3
          3     3     3     3     3     3     3     3     3     3     3     3     3     3     3     3     3
  45   1000   988   952   895   821   734   641   546   454   368   291   225   169   124    89    62    42    28    18    12
          7     4     3     1     1     0     0     0     0     0     0     0     0     0     0     0     0     0     0     0
          0     0     0     0     0     0     0     0     0     0     0     0     0     0     0     0     1     3     3     3
          3     3     3     3     3     3     3     3     3     3     3     3     3     3     3     3     3     3     3     3
          3     3     3     3     3     3     3     3     3     3     3     3     3     3     3     3
  46   1000   988   952   895   821   734   641   546   454   368   291   225   169   124    89    62    42    28    18    12
          7     4     3     1     1     0     0     0     0     0     0     0     0     0     0     0     0     0     0     0
          0     0     0     0     0     0     0     0     0     0     0     0     0     0     0     1     3     3     3     3
          3     3     3     3     3     3     3     3     3     3     3     3     3     3     3     3     3     3     3     3
          3     3     3     3     3     3     3     3     3     3     3     3     3     3     3
  47   1000   988   952   895   821   734   641   546   454   368   291   225   169   124    89    62    42    28    18    12
          7     4     3     1     1     0     0     0     0     0     0     0     0     0     0     0     0     0     0     0
          0     0     0     0     0     0     0     0     0     0     0     0     0     0     1     3     3     3     3     3
          3     3     3     3     3     3     3     3     3     3     3     3     3     3     3     3     3     3     3     3
          3     3     3     3     3     3     3     3     3     3     3     3     3     3
  48   1000   988   952   895   821   734   641   546   454   368   291   225   169   124    89    62    42    28    18    12
          7     4     3     1     1     0     0     0     0     0     0     0     0     0     0     0     0     0     0     0
          0     0     0     0     0     0     0     0     0     0     0     0     0     1     3     3     3     3     3     3
          3     3     3     3     3     3     3     3     3     3     3     3     3     3     3     3     3     3     3     3
          3     3     3     3     3     3     3     3     3     3     3     3     3
  49   1000   988   952   895   821   734   641   546   454   368   291   225   169   124    89    62    42    28    18    12
          7     4     3     1     1     0     0     0     0     0     0     0     0     0     0     0     0     0     0     0
          0     0     0     0     0     0     0     0     0     0     0     0     1     3     3     3     3     3     3     3
          3     3     3     3     3     3     3     3     3     3     3     3     3     3     3     3     3     3     3     3
          3     3     3     3     3     3     3     3     3     3     3     3
  50   1000   988   952   895   821   734   641   546   454   368   291   225   169   124    89    62    42    28    18    12
          7     4     3     1     1     0     0     0     0     0     0     0     0     0     0     0     0     0     0     0
          0     0     0     0     0     0     0     0     0     0     0     1     3     3     3     3     3     3     3     3
          3     3     3     3     3     3     3     3     3     3     3     3     3     3     3     3     3     3     3     3
          3     3     3     3     3     3     3     3     3     3     3
  51   1000   988   952   895   821   734   641   546   454   368   291   225   169   124    89    62    42    28    18    12
          7     4     3     1     1     0     0     0     0     0     0     0     0     0     0     0     0     0     0     0
          0     0     0     0     0     0     0     0     0     1     1     3     3     3     3     3     3     3     3     3
          3     3     3     3     3     3     3     3     3     3     3     3     3     3     3     3     3     3     3     3
          3     3     3     3     3     3     3     3     3     3
  52   1000   988   952   895   821   734   641   546   454   368   291   225   169   124    89    62    42    28    18    12
          7     4     3     1     1     0     0     0     0     0     0     0     0     0     0     0     0     0     0     0
          0     0     0     0     0     0     0     0     1     1     3     3     3     3     3     3     3     3     3     3
          3     3     3     3     3     3     3     3     3     3     3     3     3     3     3     3     3     3     3     3
          3     3     3     3     3     3     3     3     3
  53   1000   988   952   895   821   734   641   546   454   368   291   225   169   124    89    62    42    28    18    12
          7     4     3     1     1     0     0     0     0     0     0     0     0     0     0     0     0     0     0     0
          0     0     0     0     0     0     0     1     1     3     3     3     3     3     3     3     3     3     3     3
          3     3     3     3     3     3     3     3     3     3     3     3     3     3     3     3     3     3     3     3
          3     3     3     3     3     3     3     3
  54   1000   988   952   895   821   734   641   546   454   368   291   225   169   124    89    62    42    28    18    12
          7     4     3     1     1     0     0     0     0     0     0     0     0     0     0     0     0     0     0     0
          0     0     0     0     0     0     1     1     3     3     3     3     3     3     3     3     3     3     3     3
          3     3     3     3     3     3     3     3     3     3     3     3     3     3     3     3     3     3     3     3
          3     3     3     3     3     3     3
  55   1000   988   952   895   821   734   641   546   454   368   291   225   169   124    89    62    42    28    18    12
          7     4     3     1     1     0     0     0     0     0     0     0     0     0     0     0     0     0     0     0
          0     0     0     0     0     1     1     4     4     4     4     4     4     4     4     4     4     4     4     4
          4     4     4     4     4     4     4     4     4     4     4     4     4     4     4     4     4     4     4     4
          4     4     4     4     4     4
  56   1000   988   952   895   821   734   641   546   454   368   291   225   169   124    89    62    42    28    18    12
          7     4     3     1     1     0     0     0     0     0     0     0     0     0     0     0     0     0     0     0
          0     0     0     0     1     1     4     4     4     4     4     4     4     4     4     4     4     4     4     4
          4     4     4     4     4     4     4     4     4     4     4     4     4     4     4     4     4     4     4     4
          4     4     4     4     4
  57   1000   988   952   895   821   734   641   546   454   368   291   225   169   124    89    62    42    28    18    12
          7     4     3     1     1     0     0     0     0     0     0     0     0     0     0     0     0     0     0     0
          0     0     0     1     1     4     4     4     4     4     4     4     4     4     4     4     4     4     4     4
          4     4     4     4     4     4     4     4     4     4     4     4     4     4     4     4     4     4     4     4
          4     4     4     4
  58   1000   988   952   895   821   734   641   546   454   368   291   225   169   124    89    62    42    28    18    12
          7     4     3     1     1     0     0     0     0     0     0     0     0     0     0     0     0     0     0     0
          0     0     1     1     4     4     4     4     4     4     4     4     4     4     4     4     4     4     4     4
          4     4     4     4     4     4     4     4     4     4     4     4     4     4     4     4     4     4     4     4
          4     4     4
  59   1000   988   952   895   821   734   641   546   454   368   291   225   169   124    89    62    42    28    18    12
          7     4     3     1     1     0     0     0     0     0     0     0     0     0     0     0     0     0     0     0
          0     1     1     4     4     4     4     4     4     4     4     4     4     4     4     4     4     4     4     4
          4     4     4     4     4     4     4     4     4     4     4     4     4     4     4     4     4     4     4     4
          4     4
  60   1000   988   952   895   821   734   641   546   454   368   291   225   169   124    89    62    42    28    18    12
          7     4     3     1     1     0     0     0     0     0     0     0     0     0     0     0     0     0     0     0
          1     1     4     4     4     4     4     4     4     4     4     4     4     4     4     4     4     4     4     4
          4     4     4     4     4     4     4     4     4     4     4     4     4     4     4     4     4     4     4     4
          4
  61   1000   988   952   895   821   734   641   546   454   368   291   225   169   124    89    62    42    28    18    12
          7     4     3     1     1     0     0     0     0     0     0     0     0     0     0     0     0     0     0     1
          1     4     4     4     4     4     4     4     4     4     4     4     4     4     4     4     4     4     4     4
          4     4     4     4     4     4     4     4     4     4     4     4     4     4     4     4     4     4     4     4
  62   1000   988   952   895   821   734   641   546   454   368   291   225   169   124    89    62    42    28    18    12
          7     4     3     1     1     0     0     0     0     0     0     0     0     0     0     0     0     1     1     1
          4     4     4     4     4     4     4     4     4     4     4     4     4     4     4     4     4     4     4     4
          4     4     4     4     4     4     4     4     4     4     4     4     4     4     4     4     4     4     4
  63   1000   988   952   895   821   734   641   546   454   368   291   225   169   124    89    62    42    28    18    12
          7     4     3     2     1     0     0     0     0     0     0     0     0     0     0     0     1     1     1     4
          4     4     4     4     4     4     4     4     4     4     4     4     4     4     4     4     4     4     4     4
          4     4     4     4     4     4     4     4     4     4     4     4     4     4     4     4     4     4
  64   1000   988   952   895   821   734   641   546   454   368   291   225   169   124    89    62    43    28    18    12
          7     4     3     2     1     0     0     0     0     0     0     0     0     0     0     1     1     1     4     4
          4     4     4     4     4     4     4     4     4     4     4     4     4     4     4     4     4     4     4     4
          4     4     4     4     4     4     4     4     4     4     4     4     4     4     4     4     4
  65   1000   988   952   895   821   734   641   546   454   368   291   225   169   124    89    62    43    28    19    12
          8     5     3     2     1     0     0     0     0     0     0     0     0     0     1     1     1     4     4     4
          4     4     4     4     4     4     4     4     4     4     4     4     4     4     4     4     4     4     4     4
          4     4     4     4     4     4     4     4     4     4     4     4     4     4     4     4
  66   1000   988   952   895   821   734   641   546   454   368   291   225   169   124    89    63    43    29    19    12
          8     5     3     2     1     0     0     0     0     0     0     0     0     1     1     1     4     4     4     4
          4     4     4     4     4     4     4     4     4     4     4     4     4     4     4     4     4     4     4     4
          4     4     4     4     4     4     4     4     4     4     4     4     4     4     4
  67   1000   988   952   895   821   734   641   546   454   368   291   225   169   124    89    63    43    29    19    13
          8     5     3     2     1     0     0     0     0     0     0     0     0     1     1     4     4     4     4     4
          4     4     4     4     4     4     4     4     4     4     4     4     4     4     4     4     4     4     4     4
          4     4     4     4     4     4     4     4     4     4     4     4     4     4
  68   1000   988   952   895   821   734   641   546   454   368   291   225   169   125    90    63    44    30    20    13
          9     5     3     2     1     0     0     0     0     0     0     0     0     1     4     4     4     4     4     4
          4     4     4     4     4     4     4     4     4     4     4     4     4     4     4     4     4     4     4     4
          4     4     4     4     4     4     4     4     4     4     4     4     4
  69   1000   988   952   895   821   734   641   546   454   368   291   225   170   125    91    64    45    31    21    14
          9     6     4     2     1     1     0     0     0     0     0     0     1     4     4     4     4     4     4     4
          4     4     4     4     4     4     4     4     4     4     4     4     4     4     4     4     4     4     4     4
          4     4     4     4     4     4     4     4     4     4     4     4
  70   1000   988   952   895   821   734   641   546   454   368   292   226   171   126    92    65    46    32    22    15
         10     7     4     2     1     0     0     0     0     0     0     1     4     4     4     4     4     4     4     4
          4     4     4     4     4     4     4     4     4     4     4     4     4     4     4     4     4     4     4     4
          4     4     4     4     4     4     4     4     4     4     4
  71   1000   988   952   895   821   735   641   546   454   369   292   227   172   128    93    67    48    34    24    16
         11     8     5     2     0    -1     0     0     0     0     1     4     4     4     4     4     4     4     4     4
          4     4     4     4     4     4     4     4     4     4     4     4     4     4     4     4     4     4     4     4
          4     4     4     4     4     4     4     4     4     4
  72   1000   988   952   895   821   735   641   547   455   370   294   228   174   130    96    70    50    36    26    18
         13     8     4    -1    -3    -2    -1    -1     0     0     4     4     4     4     4     4     4     4     4     4
          4     4     4     4     4     4     4     4     4     4     4     4     4     4     4     4     4     4     4     4
          4     4     4     4     4     4     4     4     4
  73   1000   988   952   895   821   735   642   547   456   371   296   231   177   134   100    74    54    39    29    20
         14     7    -3    -5    -4    -3    -2    -1     0     4     4     4     4     4     4     4     4     4     4     4
          4     4     4     4     4     4     4     4     4     4     4     4     4     4     4     4     4     4     4     4
          4     4     4     4     4     4     4     4
  74   1000   988   952   895   821   735   642   548   458   374   299   235   182   139   105    79    59    44    32    22
         12    -5    -9    -8    -6    -4    -3    -1     4     4     4     4     4     4     4     4     4     4     4     4
          4     4     4     4     4     4     4     4     4     4     4     4     4     4     4     4     4     4     4     4
          4     4     4     4     4     4     4
  75   1000   988   952   895   821   736   644   550   460   378   304   241   188   146   112    85    65    48    34    18
         -9   -15   -13   -10    -8    -6    -3     4     4     4     4     4     4     4     4     4     4     4     4     4
          4     4     4     4     4     4     4     4     4     4     4     4     4     4     4     4     4     4     4     4
          4     4     4     4     4     4
  76   1000   988   952   895   822   737   646   554   465   383   311   249   197   155   120    93    71    51    28   -14
        -24   -21   -17   -13   -10    -7     3     3     3     3     3     3     3     3     3     3     3     3     3     3
          3     3     3     3     3     3     3     3     3     3     3     3     3     3     3     3     3     3     3     3
          3     3     3     3     3
  77   1000   988   952   896   823   739   649   558   471   391   321   259   208   165   130   101    74    41   -21   -37
        -33   -27   -21   -17   -12     3     3     3     3     3     3     3     3     3     3     3     3     3     3     3
          3     3     3     3     3     3     3     3     3     3     3     3     3     3     3     3     3     3     3     3
          3     3     3     3
  78   1000   988   952   897   825   742   654   565   480   402   333   273   221   178   140   105    59   -31   -54   -49
        -40   -33   -26   -20     2     2     2     2     2     2     2     2     2     2     2     2     2     2     2     2
          2     2     2     2     2     2     2     2     2     2     2     2     2     2     2     2     2     2     2     2
          2     2     2
  79   1000   988   953   898   827   746   660   574   492   416   348   288   236   190   145    83   -43   -77   -70   -59
        -49   -39   -30     1     1     1     1     1     1     1     1     1     1     1     1     1     1     1     1     1
          1     1     1     1     1     1     1     1     1     1     1     1     1     1     1     1     1     1     1     1
          1     1
  80   1000   988   954   900   831   752   669   586   506   432   365   304   249   194   113   -58  -107   -98   -83   -69
        -57   -44     0     0     0     0     0     0     0     0     0     0     0     0     0     0     0     0     0     0
          0     0     0     0     0     0     0     0     0     0     0     0     0     0     0     0     0     0     0     0
          0
  81   1000   988   955   902   836   760   680   600   523   450   382   319   252   150   -76  -143  -133  -115   -96   -79
        -62    -1    -1    -1    -1    -1    -1    -1    -1    -1    -1    -1    -1    -1    -1    -1    -1    -1    -1    -1
         -1    -1    -1    -1    -1    -1    -1    -1    -1    -1    -1    -1    -1    -1    -1    -1    -1    -1    -1    -1
  82   1000   989   956   906   842   770   693   616   540   468   397   319   194   -96  -187  -176  -153  -129  -108   -85
         -3    -3    -3    -3    -3    -3    -3    -3    -3    -3    -3    -3    -3    -3    -3    -3    -3    -3    -3    -3
         -3    -3    -3    -3    -3    -3    -3    -3    -3    -3    -3    -3    -3    -3    -3    -3    -3    -3    -3
  83   1000   989   958   910   849   780   707   632   556   480   393   244  -119  -237  -226  -198  -169  -142  -114    -6
         -6    -6    -6    -6    -6    -6    -6    -6    -6    -6    -6    -6    -6    -6    -6    -6    -6    -6    -6    -6
         -6    -6    -6    -6    -6    -6    -6    -6    -6    -6    -6    -6    -6    -6    -6    -6    -6    -6
  84   1000   990   960   914   857   791   720   645   566   472   299  -142  -292  -282  -250  -216  -183  -148   -10   -10
        -10   -10   -10   -10   -10   -10   -10   -10   -10   -10   -10   -10   -10   -10   -10   -10   -10   -10   -10   -10
        -10   -10   -10   -10   -10   -10   -10   -10   -10   -10   -10   -10   -10   -10   -10   -10   -10
  85   1000   990   962   919   864   801   730   652   552   358  -165  -351  -344  -308  -268  -229  -187   -15   -15   -15
        -15   -15   -15   -15   -15   -15   -15   -15   -15   -15   -15   -15   -15   -15   -15   -15   -15   -15   -15   -15
        -15   -15   -15   -15   -15   -15   -15   -15   -15   -15   -15   -15   -15   -15   -15   -15
  86   1000   991   964   923   871   808   733   632   418  -185  -410  -408  -370  -325  -281  -231   -21   -21   -21   -21
        -21   -21   -21   -21   -21   -21   -21   -21   -21   -21   -21   -21   -21   -21   -21   -21   -21   -21   -21   -21
        -21   -21   -21   -21   -21   -21   -21   -21   -21   -21   -21   -21   -21   -21   -21
  87   1000   991   966   927   874   807   708   480  -202  -469  -474  -435  -386  -336  -280   -28   -28   -28   -28   -28
        -28   -28   -28   -28   -28   -28   -28   -28   -28   -28   -28   -28   -28   -28   -28   -28   -28   -28   -28   -28
        -28   -28   -28   -28   -28   -28   -28   -28   -28   -28   -28   -28   -28   -28
  88   1000   992   967   928   870   777   541  -212  -523  -537  -500  -449  -395  -332   -37   -37   -37   -37   -37   -37
        -37   -37   -37   -37   -37   -37   -37   -37   -37   -37   -37   -37   -37   -37   -37   -37   -37   -37   -37   -37
        -37   -37   -37   -37   -37   -37   -37   -37   -37   -37   -37   -37   -37
  89   1000   992   967   923   840   601  -214  -569  -596  -562  -511  -455  -388   -49   -49   -49   -49   -49   -49   -49
        -49   -49   -49   -49   -49   -49   -49   -49   -49   -49   -49   -49   -49   -49   -49   -49   -49   -49   -49   -49
        -49   -49   -49   -49   -49   -49   -49   -49   -49   -49   -49   -49
  90   1000   991   963   894   661  -203  -604  -647  -620  -571  -514  -445   -64   -64   -64   -64   -64   -64   -64   -64
        -64   -64   -64   -64   -64   -64   -64   -64   -64   -64   -64   -64   -64   -64   -64   -64   -64   -64   -64   -64
        -64   -64   -64   -64   -64   -64   -64   -64   -64   -64   -64
  91   1000   989   941   724  -171  -621  -685  -667  -624  -569  -501   -87   -87   -87   -87   -87   -87   -87   -87   -87
        -87   -87   -87   -87   -87   -87   -87   -87   -87   -87   -87   -87   -87   -87   -87   -87   -87   -87   -87   -87
        -87   -87   -87   -87   -87   -87   -87   -87   -87   -87
  92   1000   979   796  -102  -604  -695  -693  -660  -612  -552  -123  -123  -123  -123  -123  -123  -123  -123  -123  -123
       -123  -123  -123  -123  -123  -123  -123  -123  -123  -123  -123  -123  -123  -123  -123  -123  -123  -123  -123  -123
       -123  -123  -123  -123  -123  -123  -123  -123  -123
  93   1000   889    53  -506  -637  -661  -647  -613  -572  -176  -176  -176  -176  -176  -176  -176  -176  -176  -176  -176
       -176  -176  -176  -176  -176  -176  -176  -176  -176  -176  -176  -176  -176  -176  -176  -176  -176  -176  -176  -176
       -176  -176  -176  -176  -176  -176  -176  -176
  94   1000   481  -113  -307  -378  -400  -397  -369   -39   -39   -39   -39   -39   -39   -39   -39   -39   -39   -39   -39
        -39   -39   -39   -39   -39   -39   -39   -39   -39   -39   -39   -39   -39   -39   -39   -39   -39   -39   -39   -39
        -39   -39   -39   -39   -39   -39   -39
  95   1000   807   653   559   491   434   372    37    37    37    37    37    37    37    37    37    37    37    37    37
         37    37    37    37    37    37    37    37    37    37    37    37    37    37    37    37    37    37    37    37
         37    37    37    37    37    37
  96   1000   971   926   877   822   740    82    82    82    82    82    82    82    82    82    82    82    82    82    82
         82    82    82    82    82    82    82    82    82    82    82    82    82    82    82    82    82    82    82    82
         82    82    82    82    82
  97   1000   988   961   921   847   101   101   101   101   101   101   101   101   101   101   101   101   101   101   101
        101   101   101   101   101   101   101   101   101   101   101   101   101   101   101   101   101   101   101   101
        101   101   101   101
  98   1000   991   967   906   116   116   116   116   116   116   116   116   116   116   116   116   116   116   116   116
        116   116   116   116   116   116   116   116   116   116   116   116   116   116   116   116   116   116   116   116
        116   116   116
  99   1000   992   947   132   132   132   132   132   132   132   132   132   132   132   132   132   132   132   132   132
        132   132   132   132   132   132   132   132   132   132   132   132   132   132   132   132   132   132   132   132
        132   132
 100   1000   973   150   150   150   150   150   150   150   150   150   150   150   150   150   150   150   150   150   150
        150   150   150   150   150   150   150   150   150   150   150   150   150   150   150   150   150   150   150   150
        150
 101   1000   343   343   343   343   343   343   343   343   343   343   343   343   343   343   343   343   343   343   343
        343   343   343   343   343   343   343   343   343   343   343   343   343   343   343   343   343   343   343   343
 102   1000  1000  1000  1000  1000  1000  1000  1000  1000  1000  1000  1000  1000  1000  1000  1000  1000  1000  1000  1000
       1000  1000  1000  1000  1000  1000  1000  1000  1000  1000  1000  1000  1000  1000  1000  1000  1000  1000  1000
 103   1000  1000  1000  1000  1000  1000  1000  1000  1000  1000  1000  1000  1000  1000  1000  1000  1000  1000  1000  1000
       1000  1000  1000  1000  1000  1000  1000  1000  1000  1000  1000  1000  1000  1000  1000  1000  1000  1000
 104   1000  1000  1000  1000  1000  1000  1000  1000  1000  1000  1000  1000  1000  1000  1000  1000  1000  1000  1000  1000
       1000  1000  1000  1000  1000  1000  1000  1000  1000  1000  1000  1000  1000  1000  1000  1000  1000
 105   1000  1000  1000  1000  1000  1000  1000  1000  1000  1000  1000  1000  1000  1000  1000  1000  1000  1000  1000  1000
       1000  1000  1000  1000  1000  1000  1000  1000  1000  1000  1000  1000  1000  1000  1000  1000
 106   1000  1000  1000  1000  1000  1000  1000  1000  1000  1000  1000  1000  1000  1000  1000  1000  1000  1000  1000  1000
       1000  1000  1000  1000  1000  1000  1000  1000  1000  1000  1000  1000  1000  1000  1000
 107   1000  1000  1000  1000  1000  1000  1000  1000  1000  1000  1000  1000  1000  1000  1000  1000  1000  1000  1000  1000
       1000  1000  1000  1000  1000  1000  1000  1000  1000  1000  1000  1000  1000  1000
 108   1000  1000  1000  1000  1000  1000  1000  1000  1000  1000  1000  1000  1000  1000  1000  1000  1000  1000  1000  1000
       1000  1000  1000  1000  1000  1000  1000  1000  1000  1000  1000  1000  1000
 109   1000  1000  1000  1000  1000  1000  1000  1000  1000  1000  1000  1000  1000  1000  1000  1000  1000  1000  1000  1000
       1000  1000  1000  1000  1000  1000  1000  1000  1000  1000  1000  1000
 110   1000  1000  1000  1000  1000  1000  1000  1000  1000  1000  1000  1000  1000  1000  1000  1000  1000  1000  1000  1000
       1000  1000  1000  1000  1000  1000  1000  1000  1000  1000  1000
 111   1000  1000  1000  1000  1000  1000  1000  1000  1000  1000  1000  1000  1000  1000  1000  1000  1000  1000  1000  1000
       1000  1000  1000  1000  1000  1000  1000  1000  1000  1000
 112   1000  1000  1000  1000  1000  1000  1000  1000  1000  1000  1000  1000  1000  1000  1000  1000  1000  1000  1000  1000
       1000  1000  1000  1000  1000  1000  1000  1000  1000
 113   1000  1000  1000  1000  1000  1000  1000  1000  1000  1000  1000  1000  1000  1000  1000  1000  1000  1000  1000  1000
       1000  1000  1000  1000  1000  1000  1000  1000
 114   1000  1000  1000  1000  1000  1000  1000  1000  1000  1000  1000  1000  1000  1000  1000  1000  1000  1000  1000  1000
       1000  1000  1000  1000  1000  1000  1000
 115   1000  1000  1000  1000  1000  1000  1000  1000  1000  1000  1000  1000  1000  1000  1000  1000  1000  1000  1000  1000
       1000  1000  1000  1000  1000  1000
 116   1000  1000  1000  1000  1000  1000  1000  1000  1000  1000  1000  1000  1000  1000  1000  1000  1000  1000  1000  1000
       1000  1000  1000  1000  1000
 117   1000  1000  1000  1000  1000  1000  1000  1000  1000  1000  1000  1000  1000  1000  1000  1000  1000  1000  1000  1000
       1000  1000  1000  1000
 118   1000  1000  1000  1000  1000  1000  1000  1000  1000  1000  1000  1000  1000  1000  1000  1000  1000  1000  1000  1000
       1000  1000  1000
 119   1000  1000  1000  1000  1000  1000  1000  1000  1000  1000  1000  1000  1000  1000  1000  1000  1000  1000  1000  1000
       1000  1000
 120   1000  1000  1000  1000  1000  1000  1000  1000  1000  1000  1000  1000  1000  1000  1000  1000  1000  1000  1000  1000
       1000
 121   1000  1000  1000  1000  1000  1000  1000  1000  1000  1000  1000  1000  1000  1000  1000  1000  1000  1000  1000  1000
 122   1000  1000  1000  1000  1000  1000  1000  1000  1000  1000  1000  1000  1000  1000  1000  1000  1000  1000  1000
 123   1000  1000  1000  1000  1000  1000  1000  1000  1000  1000  1000  1000  1000  1000  1000  1000  1000  1000
 124   1000  1000  1000  1000  1000  1000  1000  1000  1000  1000  1000  1000  1000  1000  1000  1000  1000
 125   1000  1000  1000  1000  1000  1000  1000  1000  1000  1000  1000  1000  1000  1000  1000  1000
 126   1000  1000  1000  1000  1000  1000  1000  1000  1000  1000  1000  1000  1000  1000  1000
 127   1000  1000  1000  1000  1000  1000  1000  1000  1000  1000  1000  1000  1000  1000
 128   1000  1000  1000  1000  1000  1000  1000  1000  1000  1000  1000  1000  1000
 129   1000  1000  1000  1000  1000  1000  1000  1000  1000  1000  1000  1000
 130   1000  1000  1000  1000  1000  1000  1000  1000  1000  1000  1000
 131   1000  1000  1000  1000  1000  1000  1000  1000  1000  1000
 132   1000  1000  1000  1000  1000  1000  1000  1000  1000
 133   1000  1000  1000  1000  1000  1000  1000  1000
 134   1000  1000  1000  1000  1000  1000  1000
 135   1000  1000  1000  1000  1000  1000
 136   1000  1000  1000  1000  1000
 137   1000  1000  1000  1000
 138   1000  1000  1000
 139   1000  1000
 140   1000

 Finished!
