NIF_RUN Passive 18x snout on TANDM 90-348 Pinhole
  140    5    1    0    0
   0.00500   9.00000   0.00500   0.00100
   0.0000000   0   0 1.00000000E+00   1.0000000
ZR902    1.706E-12 0.010       0.00       0.00        (    )
IN115N   4.881E-13 0.007       0.00       0.00        (    )
AU197G   8.079E-14 0.010       0.00 AUNG  3.94 IFX    (ISTP)
IN115G   1.161E-13 0.020       0.00 INNG 39.37 IFX    (ISTP)
AU1972   1.218E-11 0.053       0.00       0.00        (    )
Flux Uncertainty
   5
 1.0000E-11 5.5000E-07 1.0000E-04 1.0000E+01 1.3000E+01
 5.0000E-02 5.0000E-02 4.0000E-02 4.0000E-02 1.0000E-02
Input Flux Spectrum
 140   1 1.000E+00 2.000E+01 5.000E-08
 0.0000E+00 0.0000E+00 0.0000E+00 0.0000E+00 0.0000E+00 0.0000E+00 0.0000E+00
 0.0000E+00 0.0000E+00 0.0000E+00 0.0000E+00 0.0000E+00 0.0000E+00 0.0000E+00
 0.0000E+00 0.0000E+00 0.0000E+00 0.0000E+00 5.2700E+11 2.2246E+11 5.2368E+10
 2.4419E+10 1.3964E+10 8.9798E+09 6.4196E+10 3.2508E+10 2.0379E+10 1.2114E+10
 9.1112E+09 6.0267E+09 4.1932E+09 4.4268E+09 3.5869E+10 4.9508E+10 1.1210E+11
 1.3803E+10 3.0468E+10 5.3249E+10 1.1753E+11 1.1863E+12 1.5575E+12 1.5719E+12
 1.9224E+11 1.7703E+11 1.2593E+11 1.3832E+11 1.1858E+12 7.7107E+11 7.0546E+11
 4.1952E+10 4.0284E+10 3.4204E+10 3.3422E+10 2.7769E+11 2.8459E+11 2.5856E+11
 2.8427E+10 3.7893E+10 3.3596E+10 4.0804E+10 4.0441E+11 5.0639E+11 6.3594E+11
 7.9316E+10 8.1019E+10 9.6752E+10 1.1188E+11 1.2440E+12 9.8770E+11 9.8945E+11
 3.7075E+10 3.2333E+10 2.6078E+10 1.8892E+10 1.1471E+11 5.1187E+10 4.2077E+10
 3.4999E+09 2.2388E+09 1.9852E+09 1.8498E+09 1.8358E+10 1.5755E+10 1.8457E+10
 2.8410E+09 4.5629E+09 8.1788E+09 1.1629E+10 1.7778E+11 2.0648E+11 2.8449E+11
 3.7114E+11 2.5909E+11 1.3306E+12 1.4888E+12 0.0000E+00 0.0000E+00 0.0000E+00
 0.0000E+00 0.0000E+00 0.0000E+00 0.0000E+00 0.0000E+00 0.0000E+00 0.0000E+00
 0.0000E+00 0.0000E+00 0.0000E+00 0.0000E+00 0.0000E+00 0.0000E+00 0.0000E+00
 0.0000E+00 0.0000E+00 0.0000E+00 0.0000E+00 0.0000E+00 0.0000E+00 0.0000E+00
 0.0000E+00 0.0000E+00 0.0000E+00 0.0000E+00 0.0000E+00 0.0000E+00 0.0000E+00
 0.0000E+00 0.0000E+00 0.0000E+00 0.0000E+00 0.0000E+00 0.0000E+00 0.0000E+00
 0.0000E+00 0.0000E+00 0.0000E+00 0.0000E+00 0.0000E+00 0.0000E+00 0.0000E+00
   10   13   28   11    8    5    8    7   10   40



                         ==============================
                               STAYSL PNNL OUTPUT
                         ==============================

 STAYSL PNNL, version 1.2.0, 2015-08-05


 SCENARIO TITLE: NIF_RUN Passive 18x snout on TANDM 90-348 Pinhole
 -------------------------------------------------------------------------------
  NGROUP =   140    NRXN =     5    ACTIVITY NORM = 1.00000E+00

  COVARIANCE PARAMETERS (FCHN, FCVX, ACVX, FS)
    FLUXES:      WIDTH =  9.0000E+00   LONG RANGE COVAR. =  5.0000E-03
            ACTIVITIES =  5.0000E-03   X-SECT CROSS COR. =  1.0000E-03

    DETERM =   4.2498 × 10^   2.00      ERROR =  -2.0539E-16

  INPUT NORMALIZATION DATA
    AK1   =     0.00000     VAK        =     0.00003
    NORML =           0     RENORM     = 9.96002E-01
    CHI²  =    67.55896     NORM. CHI² =    16.88974

  DOSIMETRY ACTIVITIES
     ———— INPUTS —————  -UNADJUSTED FLUX-  — ADJUSTED FLUX —    CHI²  90% ACTIVITIES RANGE
 RXN  MEASURED     ±%   ACTIVITY    %DIFF  ACTIVITY    %DIFF  CONTRIB --LOW E-- --HIGH E--   REACTION          CVR
  1  1.706E-12    1.00  1.656E-12   -2.95  1.663E-12   -2.55    4.019  1.30E+01  1.40E+01  ZR90(N,2N)ZR89          
  2  4.881E-13    0.70  5.023E-13    2.92  5.020E-13    2.85    1.301  2.00E+00  1.40E+01  IN115(N,N')IN115M       
  3  8.079E-14    1.00  8.075E-14   -0.05  8.125E-14    0.57   -0.051  5.50E-03  1.20E+01  AU197(N,G)AU198         
  4  1.161E-13    2.00  1.038E-13  -10.58  1.050E-13   -9.59   11.467  7.20E-03  2.00E+00  IN115(N,G)IN116M        
  5  1.218E-11    5.30  7.518E-12  -38.27  7.538E-12  -38.11   50.823  1.00E+01  1.40E+01  AU197(N,2N)AU196        

             % STD. DEV.  =         19.96              19.74

                              CHECK INPUT, IT IS RATHER UNLIKELY !
                                   *** BEWARE OF OUTPUT ! ***


  DIFFERENTIAL FLUXES (input is normalized by a factor of 9.9600E-01)
                  —————— DIFFERENTIAL FLUX —————   ———— STD. DEV. % ————   INTEGRAL
 GRP    ENERGY        NEW         OLD      RATIO    NEW     OLD    RATIO   FLUX > E     ± %
  19  1.3500E-05  5.2703E+11  5.2489E+11   1.004    4.34    4.35   0.999  4.6067E+12    0.75
  20  2.1000E-05  2.2246E+11  2.2157E+11   1.004    4.27    4.27   0.999  4.6067E+12    0.75
  21  3.0000E-05  5.2365E+10  5.2159E+10   1.004    4.20    4.21   0.999  4.6067E+12    0.75
  22  4.5000E-05  2.4416E+10  2.4321E+10   1.004    4.13    4.13   0.999  4.6067E+12    0.75
  23  6.9000E-05  1.3961E+10  1.3908E+10   1.004    4.06    4.06   0.999  4.6067E+12    0.75
  24  1.0000E-04  8.9765E+09  8.9439E+09   1.004    4.03    4.03   0.999  4.6067E+12    0.75
  25  1.3500E-04  6.4160E+10  6.3939E+10   1.003    4.02    4.03   0.998  4.6067E+12    0.75
  26  1.7000E-04  3.2482E+10  3.2378E+10   1.003    4.02    4.03   0.998  4.6067E+12    0.75
  27  2.2000E-04  2.0357E+10  2.0298E+10   1.003    4.02    4.03   0.998  4.6067E+12    0.75
  28  2.8000E-04  1.2096E+10  1.2066E+10   1.003    4.02    4.03   0.997  4.6067E+12    0.75
  29  3.6000E-04  9.0933E+09  9.0748E+09   1.002    4.02    4.03   0.996  4.6067E+12    0.75
  30  4.5000E-04  6.0114E+09  6.0026E+09   1.001    4.01    4.03   0.995  4.6067E+12    0.75
  31  5.7500E-04  4.1797E+09  4.1764E+09   1.001    4.00    4.03   0.993  4.6067E+12    0.75
  32  7.6000E-04  4.4091E+09  4.4091E+09   1.000    3.99    4.03   0.989  4.6067E+12    0.75
  33  9.6000E-04  3.5694E+10  3.5726E+10   0.999    3.97    4.03   0.985  4.6067E+12    0.75
  34  1.2750E-03  4.9219E+10  4.9310E+10   0.998    3.94    4.03   0.979  4.6066E+12    0.75
  35  1.6000E-03  1.1133E+11  1.1165E+11   0.997    3.91    4.03   0.970  4.6066E+12    0.75
  36  2.0000E-03  1.3694E+10  1.3748E+10   0.996    3.87    4.03   0.960  4.6066E+12    0.75
  37  2.7000E-03  3.0197E+10  3.0346E+10   0.995    3.82    4.03   0.948  4.6066E+12    0.75
  38  3.4000E-03  5.2725E+10  5.3036E+10   0.994    3.76    4.03   0.933  4.6066E+12    0.75
  39  4.5000E-03  1.1627E+11  1.1706E+11   0.993    3.70    4.03   0.917  4.6065E+12    0.75
  40  5.5000E-03  1.1727E+12  1.1816E+12   0.993    3.63    4.03   0.899  4.6064E+12    0.75
  41  7.2000E-03  1.5388E+12  1.5513E+12   0.992    3.56    4.03   0.882  4.6044E+12    0.75
  42  9.2000E-03  1.5524E+12  1.5656E+12   0.992    3.49    4.03   0.866  4.6013E+12    0.75
  43  1.2000E-02  1.8980E+11  1.9147E+11   0.991    3.43    4.03   0.851  4.5970E+12    0.75
  44  1.5000E-02  1.7477E+11  1.7632E+11   0.991    3.39    4.03   0.840  4.5964E+12    0.75
  45  1.9000E-02  1.2433E+11  1.2543E+11   0.991    3.35    4.03   0.832  4.5957E+12    0.75
  46  2.5500E-02  1.3660E+11  1.3777E+11   0.992    3.34    4.03   0.828  4.5949E+12    0.75
  47  3.2000E-02  1.1714E+12  1.1811E+12   0.992    3.34    4.03   0.827  4.5940E+12    0.75
  48  4.0000E-02  7.6203E+11  7.6799E+11   0.992    3.35    4.03   0.830  4.5846E+12    0.75
  49  5.2500E-02  6.9752E+11  7.0264E+11   0.993    3.37    4.03   0.835  4.5751E+12    0.76
  50  6.6000E-02  4.1503E+10  4.1784E+10   0.993    3.39    4.03   0.841  4.5657E+12    0.76
  51  8.8000E-02  3.9877E+10  4.0123E+10   0.994    3.42    4.03   0.848  4.5648E+12    0.76
  52  1.1000E-01  3.3882E+10  3.4067E+10   0.995    3.44    4.03   0.854  4.5639E+12    0.76
  53  1.3500E-01  3.3134E+10  3.3288E+10   0.995    3.47    4.03   0.860  4.5630E+12    0.76
  54  1.6000E-01  2.7555E+11  2.7658E+11   0.996    3.48    4.03   0.863  4.5622E+12    0.76
  55  1.9000E-01  2.8270E+11  2.8345E+11   0.997    3.49    4.03   0.865  4.5539E+12    0.76
  56  2.2000E-01  2.5717E+11  2.5753E+11   0.999    3.48    4.03   0.864  4.5455E+12    0.76
  57  2.5500E-01  2.8317E+10  2.8313E+10   1.000    3.47    4.03   0.860  4.5365E+12    0.76
  58  2.9000E-01  3.7812E+10  3.7741E+10   1.002    3.44    4.03   0.854  4.5355E+12    0.76
  59  3.2000E-01  3.3591E+10  3.3462E+10   1.004    3.40    4.03   0.844  4.5343E+12    0.76
  60  3.6000E-01  4.0889E+10  4.0641E+10   1.006    3.35    4.03   0.832  4.5330E+12    0.76
  61  4.0000E-01  4.0624E+11  4.0279E+11   1.009    3.29    4.03   0.817  4.5314E+12    0.76
  62  4.5000E-01  5.1000E+11  5.0437E+11   1.011    3.22    4.03   0.800  4.5111E+12    0.77
  63  5.0000E-01  6.4216E+11  6.3340E+11   1.014    3.15    4.03   0.782  4.4856E+12    0.77
  64  5.5000E-01  8.0301E+10  7.8999E+10   1.016    3.08    4.03   0.765  4.4534E+12    0.77
  65  6.0000E-01  8.2227E+10  8.0695E+10   1.019    3.02    4.03   0.750  4.4494E+12    0.77
  66  6.6000E-01  9.8411E+10  9.6365E+10   1.021    2.98    4.03   0.740  4.4445E+12    0.77
  67  7.2000E-01  1.1401E+11  1.1143E+11   1.023    2.97    4.03   0.736  4.4386E+12    0.77
  68  7.8000E-01  1.2694E+12  1.2390E+12   1.025    2.98    4.03   0.740  4.4317E+12    0.77
  69  8.4000E-01  1.0087E+12  9.8375E+11   1.025    3.03    4.03   0.752  4.3556E+12    0.78
  70  9.2000E-01  1.0108E+12  9.8549E+11   1.026    3.11    4.03   0.771  4.2749E+12    0.78
  71  1.0000E+00  3.7863E+10  3.6927E+10   1.025    3.21    4.03   0.795  4.1940E+12    0.79
  72  1.2000E+00  3.2991E+10  3.2204E+10   1.024    3.32    4.03   0.823  4.1865E+12    0.79
  73  1.4000E+00  2.6573E+10  2.5974E+10   1.023    3.43    4.03   0.851  4.1799E+12    0.79
  74  1.6000E+00  1.9215E+10  1.8816E+10   1.021    3.54    4.03   0.878  4.1745E+12    0.80
  75  1.8000E+00  1.1642E+11  1.1425E+11   1.019    3.64    4.03   0.903  4.1707E+12    0.80
  76  2.0000E+00  5.1823E+10  5.0982E+10   1.016    3.72    4.03   0.923  4.1474E+12    0.80
  77  2.3000E+00  4.2487E+10  4.1909E+10   1.014    3.79    4.03   0.940  4.1319E+12    0.80
  78  2.6000E+00  3.5243E+09  3.4859E+09   1.011    3.84    4.03   0.952  4.1191E+12    0.80
  79  2.9000E+00  2.2481E+09  2.2298E+09   1.008    3.87    4.03   0.959  4.1181E+12    0.80
  80  3.3000E+00  1.9879E+09  1.9773E+09   1.005    3.88    4.03   0.962  4.1172E+12    0.80
  81  3.7000E+00  1.8472E+09  1.8424E+09   1.003    3.87    4.03   0.961  4.1164E+12    0.80
  82  4.1000E+00  1.8285E+10  1.8285E+10   1.000    3.85    4.03   0.956  4.1156E+12    0.80
  83  4.5000E+00  1.5654E+10  1.5692E+10   0.998    3.82    4.03   0.947  4.1083E+12    0.80
  84  5.0000E+00  1.8298E+10  1.8383E+10   0.995    3.77    4.03   0.935  4.1005E+12    0.80
  85  5.5000E+00  2.8109E+09  2.8296E+09   0.993    3.71    4.03   0.920  4.0913E+12    0.80
  86  6.0000E+00  4.5072E+09  4.5447E+09   0.992    3.65    4.03   0.905  4.0899E+12    0.80
  87  6.7000E+00  8.0685E+09  8.1461E+09   0.990    3.58    4.03   0.889  4.0868E+12    0.79
  88  7.4000E+00  1.1462E+10  1.1583E+10   0.990    3.53    4.03   0.876  4.0811E+12    0.79
  89  8.2000E+00  1.7515E+11  1.7707E+11   0.989    3.49    4.03   0.867  4.0720E+12    0.79
  90  9.0000E+00  2.0342E+11  2.0565E+11   0.989    3.48    4.03   0.863  3.9318E+12    0.71
  91  1.0000E+01  2.8120E+11  2.8335E+11   0.992    2.80    3.25   0.863  3.7284E+12    0.61
  92  1.1000E+01  3.6867E+11  3.6966E+11   0.997    1.77    2.03   0.868  3.4472E+12    0.50
  93  1.2000E+01  2.5851E+11  2.5805E+11   1.002    0.80    0.91   0.874  3.0785E+12    0.46
  94  1.3000E+01  1.3309E+12  1.3253E+12   1.004    0.46    0.50   0.919  2.8200E+12    0.46
  95  1.4000E+01  1.4891E+12  1.4828E+12   1.004    0.46    0.50   0.919  1.4891E+12    0.46
      1.5000E+01

  INTEGRALS OF SPECTRA
    OLD SPECTRUM   4.5933E+12   ±    0.934 %
    NEW SPECTRUM   4.6067E+12   ±    0.749 %

  SUMMARY OF BROAD-GROUP FLUXES, FLUENCES, AND UNCERTAINTIES

    IRRAD TIME [S] = 1.00000000E+00   ACT NORM =  1.00000000E+00

       ENERGY       FLUX       FLUENCE      STDEV %
      thermal    0.0000E+00  0.0000E+00  ±   0.00     (0.100 meV – 0.550  eV)
     epithermal  4.2780E+10  4.2780E+10  ±   2.96     (0.550  eV – 110.0 keV)
        fast     4.5639E+12  4.5639E+12  ±   0.76     (110.0 keV –  20.0 MeV)
        fast     4.1940E+12  4.1940E+12  ±   0.79     (  1.0 MeV –  20.0 MeV)
        high     0.0000E+00  0.0000E+00  ±   0.00     ( 20.0 MeV –  60.0 MeV)

    MINI-SPECTRUM

       ENERGY       FLUX       FLUENCE      STDEV %
     1.0000E-10  0.0000E+00  0.0000E+00  ±   0.00
     5.5000E-07  7.7591E+06  7.7591E+06  ±   4.21
     1.0000E-04  4.2772E+10  4.2772E+10  ±   2.96
     1.1000E-01  7.8341E+10  7.8341E+10  ±   2.85
     5.0000E-01  2.9153E+11  2.9153E+11  ±   2.80
     1.0000E+00  4.6612E+10  4.6612E+10  ±   3.37
     2.0000E+00  4.6924E+10  4.6924E+10  ±   3.47
     5.0000E+00  3.7207E+11  3.7207E+11  ±   3.43
     1.0000E+01  3.7284E+12  3.7284E+12  ±   0.61
     2.0000E+01  0.0000E+00  0.0000E+00  ±   0.00
     6.0000E+01

       TOTAL     4.6067E+12  4.6067E+12  ±   0.75

    RELATIVE COVARIANCES (10×10)
        0     0     0     0     0     0     0     0     0     0
     1000     5     3     0     4     7     7    77     0
     1000  -116  -573  -343  -162     6    44     0
     1000   141  -210  -153    -2    35     0
     1000   630   254   -22     2     0
     1000   792    29    21     0
     1000   276   130     0
     1000   693     0
     1000     0
        0

  SPECTRAL-AVERAGED REACTION RATES (for all cross section library reactions)

        REACTIONS        SIG-PHI      <SIG>          REACTIONS        SIG-PHI      <SIG>          REACTIONS        SIG-PHI      <SIG>  
   ------------------  ----------  ----------   ------------------  ----------  ----------   ------------------  ----------  ----------
   LI6(N,A)T           3.4356E-13  7.4579E-26   FE58(N,G)FE59       5.9190E-15  1.2849E-27   IN115(N,N')IN115M   5.0201E-13  1.0898E-25
   B10(N,A)LI7         5.6099E-13  1.2178E-25   CO59(N,2N)CO58      2.0587E-12  4.4690E-25   IN115(N,2N)IN114M   4.3876E-12  9.5245E-25
   F19(N,2N)F18        1.0207E-13  2.2157E-26   CO59(N,3N)CO57      0.0000E+00  0.0000E+00   IN115(N,G)IN116M    1.0548E-13  2.2897E-26
   NA23(N,2N)NA22      5.7261E-14  1.2430E-26   CO59(N,G)CO60       8.1129E-15  1.7611E-27   I127(N,2N)I126      4.9186E-12  1.0677E-24
   NA23(N,G)NA24       1.0605E-15  2.3022E-28   CO59(N,P)FE59       2.0069E-13  4.3565E-26   LA139(N,G)LA140     9.7960E-15  2.1265E-27
   MG24(N,P)NA24       7.2908E-13  1.5827E-25   CO59(N,A)MN56       1.1149E-13  2.4201E-26   PR141(N,2N)PR140    5.3925E-12  1.1706E-24
   AL27(N,P)MG27       3.3720E-13  7.3198E-26   NI58(N,2N)NI57      6.3617E-14  1.3810E-26   TM169(N,2N)TM168    7.2826E-12  1.5809E-24
   AL27(N,A)NA24       4.6228E-13  1.0035E-25   NI58(N,P)CO58       1.7979E-12  3.9028E-25   TM169(N,3N)TM167    3.0632E-17  6.6495E-30
   SI28(N,P)AL28       1.0697E-12  2.3221E-25   NI60(N,P)CO60       5.7545E-13  1.2492E-25   TA181(N,G)TA182     8.7360E-14  1.8964E-26
   P31(N,P)SI31        4.3911E-13  9.5320E-26   CU63(N,2N)CU62      1.2738E-12  2.7651E-25   W186(N,G)W187       3.8754E-14  8.4126E-27
   S32(N,P)P32         1.1880E-12  2.5790E-25   CU63(N,G)CU64       2.1646E-14  4.6988E-27   AU197(N,2N)AU196    7.5381E-12  1.6364E-24
   TI46(N,2N)TI45      5.1656E-14  1.1213E-26   CU63(N,A)CO60       1.7343E-13  3.7648E-26   AU197(N,G)AU198     8.1391E-14  1.7668E-26
   TI46(N,P)SC46       1.0914E-12  2.3691E-25   CU65(N,2N)CU64      2.7198E-12  5.9041E-25   HG199(N,N')HG199M   1.0635E-12  2.3086E-25
   TI47(N,P)SC47       5.4370E-13  1.1802E-25   ZN64(N,P)CU64       8.2288E-13  1.7863E-25   PB204(N,N')PB204M   4.7685E-13  1.0351E-25
   TI47(N,X)SC46       1.1249E-13  2.4419E-26   ZN67(N,P)CU67       1.2110E-13  2.6288E-26   BI209(N,3N)BI207    8.8302E-16  1.9168E-28
   TI48(N,P)SC48       2.2309E-13  4.8427E-26   AS75(N,2N)AS74      2.8853E-12  6.2634E-25   TH232(N,FISSION)    1.4208E-12  3.0842E-25
   TI48(N,X)SC47       1.9764E-14  4.2904E-27   Y89(N,2N)Y88        2.3665E-12  5.1371E-25   TH232(N,G)TH233     9.1092E-14  1.9774E-26
   TI49(N,X)SC48       1.0933E-14  2.3733E-27   ZR90(N,2N)ZR89      1.6626E-12  3.6091E-25   U235(N,FISSION)     8.6412E-12  1.8758E-24
   V51(N,A)SC48        5.0438E-14  1.0949E-26   NB93(N,G)NB94       3.4979E-14  7.5931E-27   U235(N,G)U236       9.4595E-14  2.0534E-26
   CR52(N,2N)CR51      7.3884E-13  1.6039E-25   NB93(N,N')NB93M     3.0674E-13  6.6586E-26   U238(N,2N)U237      4.5829E-12  9.9485E-25
   MN55(N,2N)MN54      2.1058E-12  4.5712E-25   NB93(N,2N)NB92M     1.5895E-12  3.4505E-25   U238(N,FISSION)     4.5201E-12  9.8120E-25
   MN55(N,G)MN56       5.6328E-15  1.2227E-27   MO92(N,P)NB92M      3.4730E-13  7.5390E-26   U238(N,G)U239       7.2463E-14  1.5730E-26
   FE54(N,2N)FE53      8.6283E-15  1.8730E-27   RH103(N,N')RH103M   2.2276E-12  4.8356E-25   NP237(N,FISSION)    9.3146E-12  2.0220E-24
   FE54(N,P)MN54       1.6104E-12  3.4958E-25   AG109(N,G)AG110M    9.5296E-15  2.0687E-27   PU239(N,FISSION)    1.0493E-11  2.2778E-24
   FE54(N,A)CR51       3.2017E-13  6.9500E-26   IN113(N,N')IN113M   4.2629E-13  9.2537E-26   AM241(N,FISSION)    1.0889E-11  2.3638E-24
   FE56(N,P)MN56       4.2451E-13  9.2152E-26   IN113(N,G)IN114M    1.3972E-13  3.0329E-26   SC45(N,G)SC46       9.6846E-15  2.1023E-27

  INPUT FLUX REL. CORRELATION MATRIX (by row from diagonal)
   1   1000   988   952   896   823   737   645   551   459   374   298   232   178   133    99    72    53    39    30    23
         19    16    15    14    13    13    13    12    12    12    12    12    12    12    12    12    12    12    12    12
         12    12    12    12    12    12    12    12    12    12    12    12    12    12    12    12    12    12    12    12
         12    12    12    12    12    12    12    12    12    12    12    12    12    12    12    12    12    12    12    12
         12    12    12    12    12    12    12    12    12    12    15    24    55   100   100   100   100   100   100   100
        100   100   100   100   100   100   100   100   100   100   100   100   100   100   100   100   100   100   100   100
        100   100   100   100   100   100   100   100   100   100   100   100   100   100   100   100   100   100   100   100

  OUTPUT FLUX REL. CORRELATION MATRIX (by row from diagonal)
   1   1000   988   952   896   822   737   644   550   458   373   297   231   176   132    97    71    51    37    28    21
         17    14    13    12    11    11    10    10    10    10     9     9     9     8     8     7     7     6     6     6
          5     5     4     4     4     4     4     4     4     4     4     4     5     5     5     5     4     4     4     4
          4     3     3     3     2     2     2     2     2     3     3     3     4     4     5     5     6     6     6     7
          7     7     7     6     6     6     6     6     6     5     8    18    48    92    92    92    92    92    92    92
         92    92    92    92    92    92    92    92    92    92    92    92    92    92    92    92    92    92    92    92
         92    92    92    92    92    92    92    92    92    92    92    92    92    92    92    92    92    92    92    92
   2   1000   988   952   896   822   737   644   550   458   373   297   231   176   132    97    71    51    38    28    21
         17    15    13    12    11    10    10    10    10     9     9     9     8     8     7     7     6     6     6     5
          5     4     4     4     4     4     4     4     4     4     4     5     5     5     5     4     4     4     4     4
          3     3     3     2     2     2     2     2     3     3     3     4     4     5     5     6     6     6     7     7
          7     7     6     6     6     6     6     6     5     8    18    48    92    92    92    92    92    92    92    92
         92    92    92    92    92    92    92    92    92    92    92    92    92    92    92    92    92    92    92    92
         92    92    92    92    92    92    92    92    92    92    92    92    92    92    92    92    92    92    92
   3   1000   988   952   896   822   737   644   550   458   373   297   231   177   132    97    71    52    38    28    22
         17    15    13    12    11    10    10    10     9     9     9     8     8     7     7     6     6     6     5     5
          4     4     4     4     4     4     4     4     4     4     5     5     5     5     4     4     4     4     4     3
          3     3     2     2     2     2     2     3     3     3     4     4     5     5     6     6     6     7     7     7
          7     6     6     6     6     6     6     5     8    18    48    92    92    92    92    92    92    92    92    92
         92    92    92    92    92    92    92    92    92    92    92    92    92    92    92    92    92    92    92    92
         92    92    92    92    92    92    92    92    92    92    92    92    92    92    92    92    92    92
   4   1000   988   952   896   822   737   644   550   458   373   297   232   177   132    98    71    52    38    28    22
         17    15    13    11    11    10    10     9     9     9     8     8     7     7     6     6     6     5     5     4
          4     4     4     4     4     4     4     4     4     5     5     5     5     4     4     4     4     3     3     3
          3     2     2     2     2     2     3     3     3     4     4     5     5     6     6     6     7     7     7     7
          6     6     6     6     6     6     5     8    18    48    92    92    92    92    92    92    92    92    92    92
         92    92    92    92    92    92    92    92    92    92    92    92    92    92    92    92    92    92    92    92
         92    92    92    92    92    92    92    92    92    92    92    92    92    92    92    92    92
   5   1000   988   952   896   822   737   644   550   459   373   297   232   177   132    98    71    52    38    28    22
         17    14    13    11    11    10     9     9     9     8     8     7     7     6     6     6     5     5     4     4
          4     4     4     4     4     4     4     4     5     5     5     5     4     4     4     4     3     3     3     3
          2     2     2     2     2     3     3     3     4     4     5     5     6     6     6     7     7     7     7     6
          6     6     6     6     6     5     8    18    48    92    92    92    92    92    92    92    92    92    92    92
         92    92    92    92    92    92    92    92    92    92    92    92    92    92    92    92    92    92    92    92
         92    92    92    92    92    92    92    92    92    92    92    92    92    92    92    92
   6   1000   988   952   896   822   737   644   550   459   374   297   232   177   133    98    72    52    38    28    22
         17    14    12    11    10    10     9     9     8     8     7     7     6     6     6     5     5     4     4     4
          4     4     4     4     4     4     4     5     5     5     5     4     4     4     4     3     3     3     2     2
          2     2     2     2     3     3     3     4     4     5     5     6     6     6     7     7     7     7     6     6
          6     6     6     6     5     8    18    48    92    92    92    92    92    92    92    92    92    92    92    92
         92    92    92    92    92    92    92    92    92    92    92    92    92    92    92    92    92    92    92    92
         92    92    92    92    92    92    92    92    92    92    92    92    92    92    92
   7   1000   988   952   896   822   737   644   550   459   374   298   232   177   133    98    72    52    38    28    22
         17    14    12    11    10     9     9     8     8     7     7     6     6     6     5     5     4     4     4     4
          4     4     4     4     4     4     5     5     5     5     4     4     4     4     3     3     3     2     2     2
          2     2     2     2     3     3     4     4     5     5     6     6     6     7     7     7     7     6     6     6
          6     6     6     5     8    18    48    92    92    92    92    92    92    92    92    92    92    92    92    92
         92    92    92    92    92    92    92    92    92    92    92    92    92    92    92    92    92    92    92    92
         92    92    92    92    92    92    92    92    92    92    92    92    92    92
   8   1000   988   952   896   822   737   644   550   459   374   298   232   177   133    98    72    52    38    28    22
         17    14    12    11    10     9     8     8     7     7     6     6     5     5     5     4     4     4     4     4
          4     4     4     4     4     5     5     5     5     4     4     4     4     3     3     3     2     2     2     2
          2     2     2     3     3     4     4     5     5     6     6     6     7     7     7     7     6     6     6     6
          6     6     5     8    18    48    92    92    92    92    92    92    92    92    92    92    92    92    92    92
         92    92    92    92    92    92    92    92    92    92    92    92    92    92    92    92    92    92    92    92
         92    92    92    92    92    92    92    92    92    92    92    92    92
   9   1000   988   952   896   822   737   644   550   459   374   298   232   177   133    98    72    52    38    28    21
         17    14    12    10     9     9     8     7     7     6     6     5     5     5     4     4     4     4     4     4
          4     4     4     4     4     5     5     5     4     4     4     4     3     3     3     2     2     2     2     2
          2     2     3     3     4     4     5     5     6     6     6     7     7     7     7     6     6     6     6     6
          6     5     8    18    48    92    92    92    92    92    92    92    92    92    92    92    92    92    92    92
         92    92    92    92    92    92    92    92    92    92    92    92    92    92    92    92    92    92    92    92
         92    92    92    92    92    92    92    92    92    92    92    92
  10   1000   988   952   896   822   737   644   550   459   374   298   232   177   133    98    72    52    38    28    21
         17    14    11    10     9     8     8     7     6     6     5     5     5     4     4     4     4     4     4     4
          4     4     4     4     5     5     4     4     4     4     4     3     3     3     2     2     2     2     2     2
          2     3     3     4     4     5     5     6     6     6     7     7     7     7     6     6     6     6     6     6
          5     8    18    48    92    92    92    92    92    92    92    92    92    92    92    92    92    92    92    92
         92    92    92    92    92    92    92    92    92    92    92    92    92    92    92    92    92    92    92    92
         92    92    92    92    92    92    92    92    92    92    92
  11   1000   988   952   896   822   737   645   550   459   374   298   232   178   133    98    72    52    38    28    21
         16    13    11    10     9     8     7     7     6     5     5     5     4     4     4     4     4     4     4     4
          4     4     4     5     5     4     4     4     4     4     3     3     3     2     2     2     2     2     2     2
          3     3     4     4     5     5     6     6     6     7     7     7     7     6     6     6     6     6     6     6
          9    18    48    92    92    92    92    92    92    92    92    92    92    92    92    92    92    92    92    92
         92    92    92    92    92    92    92    92    92    92    92    92    92    92    92    92    92    92    92    92
         92    92    92    92    92    92    92    92    92    92
  12   1000   988   952   896   822   737   645   551   459   374   298   233   178   133    98    72    52    38    28    21
         16    13    11     9     8     7     7     6     6     5     5     4     4     4     4     4     4     4     4     4
          4     4     5     5     5     4     4     4     4     3     3     3     2     2     2     2     2     2     2     3
          3     4     4     5     5     6     6     6     7     7     7     7     7     6     6     6     6     6     6     9
         18    49    94    94    94    94    94    94    94    94    94    94    94    94    94    94    94    94    94    94
         94    94    94    94    94    94    94    94    94    94    94    94    94    94    94    94    94    94    94    94
         94    94    94    94    94    94    94    94    94
  13   1000   988   952   896   822   737   645   551   459   375   299   233   178   133    99    72    52    38    28    21
         16    13    11     9     8     7     6     6     5     5     4     4     4     4     4     4     4     4     4     4
          4     5     5     5     4     4     4     4     3     3     3     2     2     2     2     2     2     2     3     3
          4     4     5     5     6     6     7     7     7     7     7     7     6     6     6     6     6     6     9    18
         50    96    96    96    96    96    96    96    96    96    96    96    96    96    96    96    96    96    96    96
         96    96    96    96    96    96    96    96    96    96    96    96    96    96    96    96    96    96    96    96
         96    96    96    96    96    96    96    96
  14   1000   988   952   896   823   737   645   551   460   375   299   233   178   134    99    72    52    38    28    21
         16    13    10     9     7     7     6     5     5     4     4     4     4     4     4     4     4     4     4     4
          5     5     4     4     4     4     4     3     3     3     2     2     2     2     2     2     2     3     3     4
          4     5     5     6     6     7     7     7     7     7     7     7     6     6     6     6     6     9    19    51
         97    97    97    97    97    97    97    97    97    97    97    97    97    97    97    97    97    97    97    97
         97    97    97    97    97    97    97    97    97    97    97    97    97    97    97    97    97    97    97    97
         97    97    97    97    97    97    97
  15   1000   988   952   896   823   737   645   551   460   375   299   233   178   134    99    72    52    38    28    20
         16    12    10     8     7     6     5     5     4     4     4     4     4     4     4     4     4     4     4     4
          5     4     4     4     4     4     3     3     2     2     2     2     1     2     2     2     3     3     4     4
          5     6     6     6     7     7     7     7     7     7     7     6     6     6     6     6     9    19    52    99
         99    99    99    99    99    99    99    99    99    99    99    99    99    99    99    99    99    99    99    99
         99    99    99    99    99    99    99    99    99    99    99    99    99    99    99    99    99    99    99    99
         99    99    99    99    99    99
  16   1000   988   952   896   823   737   645   551   460   375   299   233   178   134    99    72    52    38    27    20
         15    12     9     8     6     6     5     4     4     4     4     4     4     4     4     4     4     4     4     4
          4     4     4     4     3     3     3     2     2     2     1     1     1     2     2     3     3     4     4     5
          6     6     6     7     7     7     7     7     7     7     7     6     6     6     6     9    19    52   101   101
        101   101   101   101   101   101   101   101   101   101   101   101   101   101   101   101   101   101   101   101
        101   101   101   101   101   101   101   101   101   101   101   101   101   101   101   101   101   101   101   101
        101   101   101   101   101
  17   1000   988   952   896   823   737   645   551   460   375   299   233   178   134    99    72    52    37    27    20
         15    11     9     7     6     5     4     4     4     3     3     3     4     4     4     4     4     4     4     4
          4     4     4     3     3     3     2     2     1     1     1     1     1     2     2     3     4     4     5     6
          6     7     7     7     7     7     7     7     7     7     6     6     6     6     9    20    53   102   102   102
        102   102   102   102   102   102   102   102   102   102   102   102   102   102   102   102   102   102   102   102
        102   102   102   102   102   102   102   102   102   102   102   102   102   102   102   102   102   102   102   102
        102   102   102   102
  18   1000   988   952   896   823   738   645   551   460   375   299   233   178   134    99    72    52    37    27    19
         14    11     8     6     5     4     4     3     3     3     3     3     3     4     4     4     4     4     4     4
          4     3     3     3     2     2     1     1     1     1     1     1     2     2     3     3     4     5     5     6
          7     7     7     7     7     7     7     7     7     7     6     6     6    10    20    54   104   104   104   104
        104   104   104   104   104   104   104   104   104   104   104   104   104   104   104   104   104   104   104   104
        104   104   104   104   104   104   104   104   104   104   104   104   104   104   104   104   104   104   104   104
        104   104   104
  19   1000   988   952   896   823   738   645   552   460   375   299   233   178   134    99    72    51    37    26    19
         13    10     7     6     4     4     3     3     3     3     3     3     3     4     4     4     4     4     4     3
          3     3     2     2     1     1     1     0     0     0     1     1     2     3     3     4     5     5     6     7
          7     7     7     7     7     7     7     7     7     6     6     6    10    20    55   105   105   105   105   105
        105   105   105   105   105   105   105   105   105   105   105   105   105   105   105   105   105   105   105   105
        105   105   105   105   105   105   105   105   105   105   105   105   105   105   105   105   105   105   105   105
        105   105
  20   1000   988   952   896   823   738   646   552   460   375   299   234   179   134    99    71    51    36    26    18
         13     9     6     5     4     3     3     2     2     2     3     3     3     3     3     3     3     3     3     3
          2     2     1     1     0     0     0     0     0     0     1     1     2     3     4     5     5     6     6     7
          7     7     7     7     7     7     7     7     7     6     6    10    21    56   107   107   107   107   107   107
        107   107   107   107   107   107   107   107   107   107   107   107   107   107   107   107   107   107   107   107
        107   107   107   107   107   107   107   107   107   107   107   107   107   107   107   107   107   107   107   107
        107
  21   1000   988   952   896   823   738   646   552   461   376   300   234   179   134    99    71    51    36    25    17
         12     8     5     4     3     2     2     2     2     2     2     2     3     3     3     3     3     2     2     2
          1     0     0     0     0     0     0     0     0     0     1     1     2     3     4     5     6     6     7     7
          7     7     7     7     7     7     7     7     7     7    10    21    57   109   109   109   109   109   109   109
        109   109   109   109   109   109   109   109   109   109   109   109   109   109   109   109   109   109   109   109
        109   109   109   109   109   109   109   109   109   109   109   109   109   109   109   109   109   109   109   109
  22   1000   988   952   896   823   738   646   552   461   376   300   234   179   134    98    71    50    35    24    16
         10     6     4     2     1     1     1     1     1     1     1     2     2     2     2     2     1     1     0     0
          0     0    -1    -1    -2    -2    -1    -1     0     0     1     2     3     4     5     5     6     7     7     7
          7     7     7     7     7     7     7     7     7    10    21    58   110   110   110   110   110   110   110   110
        110   110   110   110   110   110   110   110   110   110   110   110   110   110   110   110   110   110   110   110
        110   110   110   110   110   110   110   110   110   110   110   110   110   110   110   110   110   110   110
  23   1000   988   952   896   823   738   646   552   461   376   300   235   179   134    98    70    49    33    22    14
          8     4     2     1     0     0     0     0     0     0     0     0     1     0     0     0     0     0    -1    -1
         -2    -3    -3    -3    -4    -3    -3    -2    -1     0     0     2     3     4     5     6     6     7     7     7
          7     7     7     7     7     7     7     7    10    22    58   112   112   112   112   112   112   112   112   112
        112   112   112   112   112   112   112   112   112   112   112   112   112   112   112   112   112   112   112   112
        112   112   112   112   112   112   112   112   112   112   112   112   112   112   112   112   112   112
  24   1000   988   952   896   823   738   646   553   462   377   301   235   179   134    97    69    47    31    20    11
          6     2     0    -1    -1    -2    -1    -1    -1    -1     0     0     0    -1    -1    -1    -2    -3    -4    -4
         -5    -6    -6    -6    -6    -5    -4    -3    -2     0     0     2     3     4     5     6     6     7     7     7
          7     7     7     7     7     7     7    10    22    59   112   112   112   112   112   112   112   112   112   112
        112   112   112   112   112   112   112   112   112   112   112   112   112   112   112   112   112   112   112   112
        112   112   112   112   112   112   112   112   112   112   112   112   112   112   112   112   112
  25   1000   988   952   896   823   738   647   553   462   377   301   235   179   133    96    67    45    28    16     8
          2    -1    -3    -4    -4    -4    -4    -4    -3    -3    -3    -3    -3    -4    -4    -5    -6    -7    -8    -9
        -10   -10   -10   -10    -9    -7    -6    -4    -2    -1     0     1     3     4     5     6     6     7     7     7
          7     7     7     7     7     7    10    22    58   112   112   112   112   112   112   112   112   112   112   112
        112   112   112   112   112   112   112   112   112   112   112   112   112   112   112   112   112   112   112   112
        112   112   112   112   112   112   112   112   112   112   112   112   112   112   112   112
  26   1000   988   953   896   824   739   647   554   463   378   301   234   178   131    93    63    41    24    12     3
         -1    -5    -7    -8    -8    -8    -7    -7    -7    -7    -7    -7    -8    -8    -9   -10   -11   -13   -14   -15
        -15   -15   -15   -13   -12   -10    -8    -6    -3    -1     0     1     3     4     5     6     6     7     7     7
          7     7     7     7     7    10    22    58   111   111   111   111   111   111   111   111   111   111   111   111
        111   111   111   111   111   111   111   111   111   111   111   111   111   111   111   111   111   111   111   111
        111   111   111   111   111   111   111   111   111   111   111   111   111   111   111
  27   1000   988   953   897   824   739   648   554   463   378   301   233   175   128    89    58    35    18     5    -2
         -7   -10   -12   -13   -13   -12   -12   -12   -12   -12   -12   -13   -13   -15   -16   -17   -19   -20   -21   -22
        -22   -21   -20   -18   -15   -13   -10    -7    -5    -2     0     1     2     4     5     5     6     6     6     7
          7     7     7     7    10    21    57   110   110   110   110   110   110   110   110   110   110   110   110   110
        110   110   110   110   110   110   110   110   110   110   110   110   110   110   110   110   110   110   110   110
        110   110   110   110   110   110   110   110   110   110   110   110   110   110
  28   1000   988   953   897   824   740   648   555   463   377   299   231   171   122    82    51    27    10    -1    -9
        -14   -17   -18   -19   -19   -18   -18   -18   -18   -18   -19   -20   -22   -23   -25   -27   -29   -30   -31   -31
        -30   -28   -25   -22   -19   -15   -12    -9    -6    -3    -1     0     2     3     4     5     6     6     6     6
          7     7     7    10    21    57   108   108   108   108   108   108   108   108   108   108   108   108   108   108
        108   108   108   108   108   108   108   108   108   108   108   108   108   108   108   108   108   108   108   108
        108   108   108   108   108   108   108   108   108   108   108   108   108
  29   1000   988   953   897   825   740   649   555   463   376   296   226   165   115    74    42    17     0   -11   -19
        -23   -25   -26   -26   -26   -26   -26   -26   -27   -28   -29   -31   -33   -35   -37   -40   -41   -42   -42   -41
        -39   -35   -31   -27   -23   -18   -14   -10    -7    -4    -1     0     2     3     4     5     6     6     6     6
          7     7    10    21    56   106   106   106   106   106   106   106   106   106   106   106   106   106   106   106
        106   106   106   106   106   106   106   106   106   106   106   106   106   106   106   106   106   106   106   106
        106   106   106   106   106   106   106   106   106   106   106   106
  30   1000   988   953   897   825   740   649   554   461   372   291   218   156   104    62    29     5   -11   -22   -29
        -33   -35   -36   -36   -36   -36   -36   -37   -38   -40   -42   -45   -48   -50   -53   -55   -57   -57   -55   -52
        -48   -43   -37   -31   -26   -21   -16   -11    -8    -4    -2     0     2     3     4     5     5     6     6     6
          7    10    21    55   104   104   104   104   104   104   104   104   104   104   104   104   104   104   104   104
        104   104   104   104   104   104   104   104   104   104   104   104   104   104   104   104   104   104   104   104
        104   104   104   104   104   104   104   104   104   104   104
  31   1000   988   953   897   825   740   648   552   457   366   282   207   143    90    47    14    -9   -25   -36   -42
        -45   -47   -47   -47   -48   -48   -49   -51   -53   -56   -59   -63   -67   -70   -73   -74   -74   -72   -68   -63
        -57   -50   -42   -35   -29   -23   -17   -12    -8    -5    -2     0     1     3     4     5     5     6     6     7
         10    20    54   101   101   101   101   101   101   101   101   101   101   101   101   101   101   101   101   101
        101   101   101   101   101   101   101   101   101   101   101   101   101   101   101   101   101   101   101   101
        101   101   101   101   101   101   101   101   101   101
  32   1000   988   953   897   825   739   645   547   450   356   270   193   127    72    29    -2   -25   -41   -50   -56
        -59   -60   -61   -62   -63   -64   -66   -69   -73   -77   -81   -86   -90   -94   -95   -95   -93   -88   -81   -73
        -65   -56   -47   -39   -31   -24   -18   -13    -9    -5    -2     0     2     3     4     5     6     6     7    10
         20    52    98    98    98    98    98    98    98    98    98    98    98    98    98    98    98    98    98    98
         98    98    98    98    98    98    98    98    98    98    98    98    98    98    98    98    98    98    98    98
         98    98    98    98    98    98    98    98    98
  33   1000   988   953   897   824   736   640   540   439   343   253   174   107    52     9   -21   -43   -58   -67   -72
        -75   -77   -78   -79   -81   -84   -87   -92   -97  -103  -108  -114  -118  -120  -120  -117  -111  -103   -93   -82
        -71   -60   -50   -41   -33   -25   -19   -13    -8    -5    -2     0     2     3     5     5     6     7    10    20
         50    94    94    94    94    94    94    94    94    94    94    94    94    94    94    94    94    94    94    94
         94    94    94    94    94    94    94    94    94    94    94    94    94    94    94    94    94    94    94    94
         94    94    94    94    94    94    94    94
  34   1000   988   953   896   821   732   633   529   425   325   233   152    84    29   -12   -42   -63   -77   -85   -90
        -93   -96   -98  -101  -104  -109  -114  -121  -127  -134  -141  -146  -149  -149  -145  -138  -128  -116  -103   -89
        -76   -64   -52   -42   -33   -25   -18   -13    -8    -4    -1     1     2     4     5     6     7    10    19    48
         90    90    90    90    90    90    90    90    90    90    90    90    90    90    90    90    90    90    90    90
         90    90    90    90    90    90    90    90    90    90    90    90    90    90    90    90    90    90    90    90
         90    90    90    90    90    90    90
  35   1000   988   952   894   818   726   623   515   407   304   209   127    59     5   -35   -64   -84   -97  -105  -111
       -115  -118  -122  -127  -132  -139  -147  -155  -164  -172  -178  -181  -181  -177  -168  -156  -141  -125  -109   -93
        -79   -65   -53   -42   -32   -24   -17   -11    -7    -3     0     1     3     5     6     7    10    19    46    85
         85    85    85    85    85    85    85    85    85    85    85    85    85    85    85    85    85    85    85    85
         85    85    85    85    85    85    85    85    85    85    85    85    85    85    85    85    85    85    85    85
         85    85    85    85    85    85
  36   1000   988   951   892   812   717   610   498   386   279   183   101    33   -18   -58   -86  -105  -119  -128  -134
       -140  -145  -151  -158  -166  -176  -186  -196  -205  -213  -217  -217  -212  -201  -187  -170  -151  -132  -113   -95
        -79   -64   -51   -40   -30   -22   -15   -10    -5    -2     0     3     4     6     7    10    18    44    80    80
         80    80    80    80    80    80    80    80    80    80    80    80    80    80    80    80    80    80    80    80
         80    80    80    80    80    80    80    80    80    80    80    80    80    80    80    80    80    80    80    80
         80    80    80    80    80
  37   1000   987   950   888   805   706   594   477   362   253   157    75     8   -42   -81  -109  -128  -142  -152  -161
       -169  -177  -186  -196  -207  -219  -231  -242  -250  -255  -255  -249  -237  -220  -200  -178  -156  -134  -113   -94
        -77   -62   -49   -37   -28   -20   -13    -8    -3     0     2     4     5     7    10    18    42    75    75    75
         75    75    75    75    75    75    75    75    75    75    75    75    75    75    75    75    75    75    75    75
         75    75    75    75    75    75    75    75    75    75    75    75    75    75    75    75    75    75    75    75
         75    75    75    75
  38   1000   987   948   883   797   692   576   456   337   228   131    50   -15   -66  -104  -132  -152  -168  -180  -191
       -202  -213  -226  -239  -253  -267  -280  -290  -296  -296  -289  -275  -256  -232  -207  -181  -156  -132  -110   -91
        -73   -58   -45   -34   -24   -16   -10    -5    -1     1     4     5     7    10    17    40    70    70    70    70
         70    70    70    70    70    70    70    70    70    70    70    70    70    70    70    70    70    70    70    70
         70    70    70    70    70    70    70    70    70    70    70    70    70    70    70    70    70    70    70    70
         70    70    70
  39   1000   986   945   878   787   678   558   434   314   204   107    27   -37   -88  -126  -156  -178  -196  -212  -226
       -241  -256  -272  -288  -304  -319  -331  -338  -338  -330  -314  -292  -266  -237  -208  -179  -152  -127  -105   -85
        -67   -52   -39   -29   -20   -13    -7    -2     0     3     5     7    10    17    38    65    65    65    65    65
         65    65    65    65    65    65    65    65    65    65    65    65    65    65    65    65    65    65    65    65
         65    65    65    65    65    65    65    65    65    65    65    65    65    65    65    65    65    65    65    65
         65    65
  40   1000   986   942   871   776   663   540   414   293   183    87     7   -57  -109  -149  -181  -206  -228  -247  -266
       -284  -303  -322  -341  -358  -372  -379  -380  -371  -354  -329  -299  -267  -234  -202  -171  -144  -118   -96   -77
        -60   -45   -33   -24   -15    -9    -4     0     3     5     7    10    16    36    61    61    61    61    61    61
         61    61    61    61    61    61    61    61    61    61    61    61    61    61    61    61    61    61    61    61
         61    61    61    61    61    61    61    61    61    61    61    61    61    61    61    61    61    61    61    61
         61
  41   1000   985   939   865   766   650   524   397   276   166    70    -9   -76  -129  -172  -207  -237  -263  -286  -309
       -332  -355  -376  -395  -411  -420  -420  -410  -391  -364  -332  -296  -259  -224  -191  -160  -132  -107   -86   -67
        -51   -38   -27   -18   -11    -5     0     2     5     7    10    16    34    56    56    56    56    56    56    56
         56    56    56    56    56    56    56    56    56    56    56    56    56    56    56    56    56    56    56    56
         56    56    56    56    56    56    56    56    56    56    56    56    56    56    56    56    56    56    56    56
  42   1000   984   936   859   757   639   512   384   263   153    57   -24   -92  -149  -196  -235  -269  -300  -329  -356
       -382  -407  -429  -446  -456  -457  -447  -426  -397  -361  -323  -283  -244  -208  -175  -144  -118   -94   -74   -57
        -42   -30   -20   -12    -6    -1     2     5     7    10    16    32    52    52    52    52    52    52    52    52
         52    52    52    52    52    52    52    52    52    52    52    52    52    52    52    52    52    52    52    52
         52    52    52    52    52    52    52    52    52    52    52    52    52    52    52    52    52    52    52
  43   1000   983   934   855   751   631   504   377   255   145    47   -36  -108  -169  -220  -264  -304  -339  -372  -403
       -432  -457  -476  -488  -489  -478  -457  -425  -387  -346  -304  -262  -223  -188  -155  -127  -101   -80   -61   -46
        -33   -22   -14    -7    -1     2     5     7    10    16    31    49    49    49    49    49    49    49    49    49
         49    49    49    49    49    49    49    49    49    49    49    49    49    49    49    49    49    49    49    49
         49    49    49    49    49    49    49    49    49    49    49    49    49    49    49    49    49    49
  44   1000   983   932   851   747   627   500   373   252   140    40   -47  -123  -188  -245  -294  -338  -379  -415  -448
       -477  -499  -512  -514  -503  -481  -448  -408  -365  -320  -277  -236  -198  -164  -134  -107   -84   -65   -49   -35
        -24   -15    -8    -2     2     5     7    10    15    30    47    47    47    47    47    47    47    47    47    47
         47    47    47    47    47    47    47    47    47    47    47    47    47    47    47    47    47    47    47    47
         47    47    47    47    47    47    47    47    47    47    47    47    47    47    47    47    47
  45   1000   983   931   850   746   627   500   373   251   137    34   -57  -137  -207  -269  -324  -372  -416  -454  -487
       -512  -527  -531  -520  -497  -464  -423  -378  -332  -287  -245  -206  -170  -139  -112   -88   -68   -51   -37   -25
        -16    -8    -2     1     5     7    10    15    29    45    45    45    45    45    45    45    45    45    45    45
         45    45    45    45    45    45    45    45    45    45    45    45    45    45    45    45    45    45    45    45
         45    45    45    45    45    45    45    45    45    45    45    45    45    45    45    45
  46   1000   982   931   850   747   629   502   375   251   135    29   -66  -151  -226  -292  -351  -403  -448  -486  -515
       -533  -538  -529  -506  -472  -431  -385  -338  -293  -250  -210  -174  -142  -114   -90   -69   -52   -37   -26   -16
         -8    -2     1     5     7    10    15    29    44    44    44    44    44    44    44    44    44    44    44    44
         44    44    44    44    44    44    44    44    44    44    44    44    44    44    44    44    44    44    44    44
         44    44    44    44    44    44    44    44    44    44    44    44    44    44    44
  47   1000   982   931   852   750   632   506   378   253   134    24   -74  -164  -243  -313  -375  -428  -472  -506  -528
       -536  -528  -507  -473  -432  -387  -340  -294  -251  -211  -175  -143  -115   -90   -70   -52   -38   -26   -16    -8
         -2     1     5     7    10    15    29    44    44    44    44    44    44    44    44    44    44    44    44    44
         44    44    44    44    44    44    44    44    44    44    44    44    44    44    44    44    44    44    44    44
         44    44    44    44    44    44    44    44    44    44    44    44    44    44
  48   1000   983   932   854   753   636   510   381   254   133    20   -83  -176  -259  -331  -394  -446  -486  -513  -524
       -519  -500  -468  -428  -383  -337  -292  -249  -209  -173  -142  -114   -90   -69   -52   -37   -26   -16    -8    -2
          1     5     7    10    15    29    44    44    44    44    44    44    44    44    44    44    44    44    44    44
         44    44    44    44    44    44    44    44    44    44    44    44    44    44    44    44    44    44    44    44
         44    44    44    44    44    44    44    44    44    44    44    44    44
  49   1000   983   933   856   756   640   514   384   255   131    15   -91  -187  -272  -345  -407  -455  -487  -504  -503
       -486  -457  -419  -376  -331  -286  -244  -206  -170  -139  -112   -88   -68   -51   -37   -25   -16    -8    -2     1
          5     7    10    15    29    45    45    45    45    45    45    45    45    45    45    45    45    45    45    45
         45    45    45    45    45    45    45    45    45    45    45    45    45    45    45    45    45    45    45    45
         45    45    45    45    45    45    45    45    45    45    45    45
  50   1000   983   934   858   758   643   516   385   255   128    10   -98  -196  -282  -354  -412  -453  -476  -480  -468
       -442  -406  -365  -322  -279  -238  -201  -166  -136  -109   -86   -66   -50   -36   -24   -15    -8    -2     1     5
          7    10    15    30    46    46    46    46    46    46    46    46    46    46    46    46    46    46    46    46
         46    46    46    46    46    46    46    46    46    46    46    46    46    46    46    46    46    46    46    46
         46    46    46    46    46    46    46    46    46    46    46
  51   1000   983   935   859   761   645   518   385   253   125     4  -106  -204  -289  -357  -408  -440  -451  -445  -424
       -392  -353  -312  -271  -232  -195  -162  -132  -106   -84   -64   -48   -35   -24   -15    -8    -2     1     5     7
         10    15    30    48    48    48    48    48    48    48    48    48    48    48    48    48    48    48    48    48
         48    48    48    48    48    48    48    48    48    48    48    48    48    48    48    48    48    48    48    48
         48    48    48    48    48    48    48    48    48    48
  52   1000   984   936   860   762   646   518   384   251   120    -1  -112  -210  -292  -355  -397  -417  -418  -403  -375
       -340  -302  -263  -225  -190  -158  -129  -103   -81   -63   -47   -34   -23   -14    -7    -2     1     5     7    10
         15    31    49    49    49    49    49    49    49    49    49    49    49    49    49    49    49    49    49    49
         49    49    49    49    49    49    49    49    49    49    49    49    49    49    49    49    49    49    49    49
         49    49    49    49    49    49    49    49    49
  53   1000   984   936   861   762   646   517   382   247   115    -8  -119  -214  -291  -345  -377  -388  -380  -358  -328
       -292  -256  -220  -185  -154  -126  -101   -80   -62   -46   -33   -23   -14    -7    -2     1     4     7    10    15
         31    50    50    50    50    50    50    50    50    50    50    50    50    50    50    50    50    50    50    50
         50    50    50    50    50    50    50    50    50    50    50    50    50    50    50    50    50    50    50    50
         50    50    50    50    50    50    50    50
  54   1000   984   937   861   762   645   515   378   241   108   -15  -125  -216  -286  -331  -353  -354  -340  -315  -283
       -249  -215  -182  -152  -124  -100   -79   -61   -46   -33   -23   -14    -8    -2     1     4     6     9    15    31
         51    51    51    51    51    51    51    51    51    51    51    51    51    51    51    51    51    51    51    51
         51    51    51    51    51    51    51    51    51    51    51    51    51    51    51    51    51    51    51    51
         51    51    51    51    51    51    51
  55   1000   984   937   861   761   643   511   373   233    99   -24  -131  -216  -277  -312  -325  -320  -301  -275  -244
       -212  -180  -151  -124  -100   -79   -61   -46   -34   -23   -15    -8    -3     0     3     6     9    14    31    51
         51    51    51    51    51    51    51    51    51    51    51    51    51    51    51    51    51    51    51    51
         51    51    51    51    51    51    51    51    51    51    51    51    51    51    51    51    51    51    51    51
         51    51    51    51    51    51
  56   1000   984   936   860   760   639   506   365   223    88   -33  -135  -213  -265  -291  -296  -286  -266  -239  -210
       -180  -151  -125  -101   -80   -62   -47   -34   -24   -16    -9    -3     0     3     5     8    14    30    50    50
         50    50    50    50    50    50    50    50    50    50    50    50    50    50    50    50    50    50    50    50
         50    50    50    50    50    50    50    50    50    50    50    50    50    50    50    50    50    50    50    50
         50    50    50    50    50
  57   1000   984   936   859   757   634   497   353   210    75   -43  -139  -208  -250  -268  -268  -255  -234  -208  -180
       -153  -127  -104   -83   -64   -49   -36   -25   -17   -10    -5     0     2     4     7    13    29    49    49    49
         49    49    49    49    49    49    49    49    49    49    49    49    49    49    49    49    49    49    49    49
         49    49    49    49    49    49    49    49    49    49    49    49    49    49    49    49    49    49    49    49
         49    49    49    49
  58   1000   984   935   857   752   626   486   339   194    60   -52  -139  -199  -233  -245  -242  -227  -206  -181  -155
       -130  -107   -86   -67   -52   -38   -27   -19   -12    -6    -2     1     3     6    12    27    47    47    47    47
         47    47    47    47    47    47    47    47    47    47    47    47    47    47    47    47    47    47    47    47
         47    47    47    47    47    47    47    47    47    47    47    47    47    47    47    47    47    47    47    47
         47    47    47
  59   1000   983   934   853   746   616   471   321   177    47   -58  -137  -188  -215  -222  -216  -201  -180  -157  -133
       -111   -90   -71   -55   -41   -30   -21   -14    -8    -3     0     2     5    10    25    45    45    45    45    45
         45    45    45    45    45    45    45    45    45    45    45    45    45    45    45    45    45    45    45    45
         45    45    45    45    45    45    45    45    45    45    45    45    45    45    45    45    45    45    45    45
         45    45
  60   1000   983   932   849   737   602   454   303   160    37   -60  -129  -173  -194  -199  -191  -176  -157  -135  -114
        -93   -75   -59   -45   -33   -24   -16   -10    -5    -2     0     3     9    23    42    42    42    42    42    42
         42    42    42    42    42    42    42    42    42    42    42    42    42    42    42    42    42    42    42    42
         42    42    42    42    42    42    42    42    42    42    42    42    42    42    42    42    42    42    42    42
         42
  61   1000   982   930   843   726   587   436   285   148    32   -55  -117  -154  -172  -175  -167  -153  -135  -116   -96
        -78   -62   -48   -36   -27   -19   -12    -8    -4    -1     1     6    20    38    38    38    38    38    38    38
         38    38    38    38    38    38    38    38    38    38    38    38    38    38    38    38    38    38    38    38
         38    38    38    38    38    38    38    38    38    38    38    38    38    38    38    38    38    38    38    38
  62   1000   982   926   835   714   571   420   273   143    36   -43   -98  -131  -147  -149  -142  -130  -114   -97   -81
        -65   -52   -40   -30   -22   -15   -10    -6    -4     0     4    16    35    35    35    35    35    35    35    35
         35    35    35    35    35    35    35    35    35    35    35    35    35    35    35    35    35    35    35    35
         35    35    35    35    35    35    35    35    35    35    35    35    35    35    35    35    35    35    35
  63   1000   981   922   827   702   558   409   269   147    49   -23   -73  -104  -119  -122  -117  -107   -94   -80   -66
        -54   -43   -33   -25   -19   -14   -10    -7    -3     1    13    31    31    31    31    31    31    31    31    31
         31    31    31    31    31    31    31    31    31    31    31    31    31    31    31    31    31    31    31    31
         31    31    31    31    31    31    31    31    31    31    31    31    31    31    31    31    31    31
  64   1000   980   919   820   694   551   408   276   163    72     4   -42   -72   -88   -93   -91   -84   -75   -64   -54
        -44   -35   -28   -22   -17   -13   -10    -6    -2     9    28    28    28    28    28    28    28    28    28    28
         28    28    28    28    28    28    28    28    28    28    28    28    28    28    28    28    28    28    28    28
         28    28    28    28    28    28    28    28    28    28    28    28    28    28    28    28    28
  65   1000   979   916   816   691   554   418   295   189   104    40    -6   -37   -55   -64   -65   -63   -57   -50   -43
        -36   -30   -24   -20   -16   -13   -10    -5     5    25    25    25    25    25    25    25    25    25    25    25
         25    25    25    25    25    25    25    25    25    25    25    25    25    25    25    25    25    25    25    25
         25    25    25    25    25    25    25    25    25    25    25    25    25    25    25    25
  66   1000   978   914   816   696   566   440   325   226   144    81    33     0   -21   -34   -41   -42   -41   -38   -34
        -30   -26   -23   -20   -17   -14    -9     1    23    23    23    23    23    23    23    23    23    23    23    23
         23    23    23    23    23    23    23    23    23    23    23    23    23    23    23    23    23    23    23    23
         23    23    23    23    23    23    23    23    23    23    23    23    23    23    23
  67   1000   978   916   822   708   588   470   362   268   188   124    74    37    10    -7   -18   -24   -27   -28   -27
        -26   -24   -22   -20   -18   -13    -2    22    22    22    22    22    22    22    22    22    22    22    22    22
         22    22    22    22    22    22    22    22    22    22    22    22    22    22    22    22    22    22    22    22
         22    22    22    22    22    22    22    22    22    22    22    22    22    22
  68   1000   979   920   832   727   616   506   403   312   232   166   113    71    40    17     1    -9   -16   -21   -23
        -24   -24   -23   -21   -16    -4    23    23    23    23    23    23    23    23    23    23    23    23    23    23
         23    23    23    23    23    23    23    23    23    23    23    23    23    23    23    23    23    23    23    23
         23    23    23    23    23    23    23    23    23    23    23    23    23
  69   1000   980   925   845   748   645   542   443   353   273   204   147   101    64    37    16     1    -9   -16   -21
        -23   -24   -23   -19    -6    24    24    24    24    24    24    24    24    24    24    24    24    24    24    24
         24    24    24    24    24    24    24    24    24    24    24    24    24    24    24    24    24    24    24    24
         24    24    24    24    24    24    24    24    24    24    24    24
  70   1000   982   932   858   769   673   574   478   388   306   235   174   124    83    51    26     8    -5   -14   -20
        -24   -24   -21    -7    28    28    28    28    28    28    28    28    28    28    28    28    28    28    28    28
         28    28    28    28    28    28    28    28    28    28    28    28    28    28    28    28    28    28    28    28
         28    28    28    28    28    28    28    28    28    28    28
  71   1000   983   938   870   787   696   600   505   415   332   258   194   140    96    60    32    11    -3   -14   -21
        -24   -21    -6    32    32    32    32    32    32    32    32    32    32    32    32    32    32    32    32    32
         32    32    32    32    32    32    32    32    32    32    32    32    32    32    32    32    32    32    32    32
         32    32    32    32    32    32    32    32    32    32
  72   1000   985   943   880   802   713   620   526   435   350   274   207   150   103    65    34    11    -4   -15   -21
        -20    -5    37    37    37    37    37    37    37    37    37    37    37    37    37    37    37    37    37    37
         37    37    37    37    37    37    37    37    37    37    37    37    37    37    37    37    37    37    37    37
         37    37    37    37    37    37    37    37    37
  73   1000   986   947   887   812   726   633   539   448   362   284   214   155   105    65    33     9    -6   -16   -17
         -2    42    42    42    42    42    42    42    42    42    42    42    42    42    42    42    42    42    42    42
         42    42    42    42    42    42    42    42    42    42    42    42    42    42    42    42    42    42    42    42
         42    42    42    42    42    42    42    42
  74   1000   987   950   892   819   734   642   548   455   368   288   217   155   104    62    30     6    -8   -13     1
         48    48    48    48    48    48    48    48    48    48    48    48    48    48    48    48    48    48    48    48
         48    48    48    48    48    48    48    48    48    48    48    48    48    48    48    48    48    48    48    48
         48    48    48    48    48    48    48
  75   1000   988   952   896   823   738   647   552   458   370   288   215   152    99    57    25     3    -5     6    53
         53    53    53    53    53    53    53    53    53    53    53    53    53    53    53    53    53    53    53    53
         53    53    53    53    53    53    53    53    53    53    53    53    53    53    53    53    53    53    53    53
         53    53    53    53    53    53
  76   1000   988   953   897   825   741   648   553   458   368   284   210   145    92    50    20     4    13    58    58
         58    58    58    58    58    58    58    58    58    58    58    58    58    58    58    58    58    58    58    58
         58    58    58    58    58    58    58    58    58    58    58    58    58    58    58    58    58    58    58    58
         58    58    58    58    58
  77   1000   988   953   898   826   741   648   551   455   363   277   201   136    82    43    20    23    63    63    63
         63    63    63    63    63    63    63    63    63    63    63    63    63    63    63    63    63    63    63    63
         63    63    63    63    63    63    63    63    63    63    63    63    63    63    63    63    63    63    63    63
         63    63    63    63
  78   1000   988   954   898   826   740   646   548   449   355   267   190   124    74    41    35    67    67    67    67
         67    67    67    67    67    67    67    67    67    67    67    67    67    67    67    67    67    67    67    67
         67    67    67    67    67    67    67    67    67    67    67    67    67    67    67    67    67    67    67    67
         67    67    67
  79   1000   988   953   898   825   738   642   541   440   343   254   176   113    68    53    69    69    69    69    69
         69    69    69    69    69    69    69    69    69    69    69    69    69    69    69    69    69    69    69    69
         69    69    69    69    69    69    69    69    69    69    69    69    69    69    69    69    69    69    69    69
         69    69
  80   1000   988   953   897   823   734   636   532   428   328   238   162   105    76    71    71    71    71    71    71
         71    71    71    71    71    71    71    71    71    71    71    71    71    71    71    71    71    71    71    71
         71    71    71    71    71    71    71    71    71    71    71    71    71    71    71    71    71    71    71    71
         71
  81   1000   988   953   896   820   728   627   519   412   311   222   152   106    72    72    72    72    72    72    72
         72    72    72    72    72    72    72    72    72    72    72    72    72    72    72    72    72    72    72    72
         72    72    72    72    72    72    72    72    72    72    72    72    72    72    72    72    72    72    72    72
  82   1000   988   952   893   815   720   614   503   394   294   209   146    72    72    72    72    72    72    72    72
         72    72    72    72    72    72    72    72    72    72    72    72    72    72    72    72    72    72    72    72
         72    72    72    72    72    72    72    72    72    72    72    72    72    72    72    72    72    72    72
  83   1000   988   950   890   808   709   599   485   376   279   195    71    71    71    71    71    71    71    71    71
         71    71    71    71    71    71    71    71    71    71    71    71    71    71    71    71    71    71    71    71
         71    71    71    71    71    71    71    71    71    71    71    71    71    71    71    71    71    71
  84   1000   987   948   885   799   696   583   469   361   256    70    70    70    70    70    70    70    70    70    70
         70    70    70    70    70    70    70    70    70    70    70    70    70    70    70    70    70    70    70    70
         70    70    70    70    70    70    70    70    70    70    70    70    70    70    70    70    70
  85   1000   987   946   879   789   683   569   454   328    67    67    67    67    67    67    67    67    67    67    67
         67    67    67    67    67    67    67    67    67    67    67    67    67    67    67    67    67    67    67    67
         67    67    67    67    67    67    67    67    67    67    67    67    67    67    67    67
  86   1000   986   943   873   780   672   556   411    65    65    65    65    65    65    65    65    65    65    65    65
         65    65    65    65    65    65    65    65    65    65    65    65    65    65    65    65    65    65    65    65
         65    65    65    65    65    65    65    65    65    65    65    65    65    65    65
  87   1000   985   940   867   773   662   502    63    63    63    63    63    63    63    63    63    63    63    63    63
         63    63    63    63    63    63    63    63    63    63    63    63    63    63    63    63    63    63    63    63
         63    63    63    63    63    63    63    63    63    63    63    63    63    63
  88   1000   984   938   864   765   596    61    61    61    61    61    61    61    61    61    61    61    61    61    61
         61    61    61    61    61    61    61    61    61    61    61    61    61    61    61    61    61    61    61    61
         61    61    61    61    61    61    61    61    61    61    61    61    61
  89   1000   984   936   857   688    60    60    60    60    60    60    60    60    60    60    60    60    60    60    60
         60    60    60    60    60    60    60    60    60    60    60    60    60    60    60    60    60    60    60    60
         60    60    60    60    60    60    60    60    60    60    60    60
  90   1000   983   929   768    60    60    60    60    60    60    60    60    60    60    60    60    60    60    60    60
         60    60    60    60    60    60    60    60    60    60    60    60    60    60    60    60    60    60    60    60
         60    60    60    60    60    60    60    60    60    60    60
  91   1000   979   846    93    93    93    93    93    93    93    93    93    93    93    93    93    93    93    93    93
         93    93    93    93    93    93    93    93    93    93    93    93    93    93    93    93    93    93    93    93
         93    93    93    93    93    93    93    93    93    93
  92   1000   925   193   193   193   193   193   193   193   193   193   193   193   193   193   193   193   193   193   193
        193   193   193   193   193   193   193   193   193   193   193   193   193   193   193   193   193   193   193   193
        193   193   193   193   193   193   193   193   193
  93   1000   522   522   522   522   522   522   522   522   522   522   522   522   522   522   522   522   522   522   522
        522   522   522   522   522   522   522   522   522   522   522   522   522   522   522   522   522   522   522   522
        522   522   522   522   522   522   522   522
  94   1000  1000  1000  1000  1000  1000  1000  1000  1000  1000  1000  1000  1000  1000  1000  1000  1000  1000  1000  1000
       1000  1000  1000  1000  1000  1000  1000  1000  1000  1000  1000  1000  1000  1000  1000  1000  1000  1000  1000  1000
       1000  1000  1000  1000  1000  1000  1000
  95   1000  1000  1000  1000  1000  1000  1000  1000  1000  1000  1000  1000  1000  1000  1000  1000  1000  1000  1000  1000
       1000  1000  1000  1000  1000  1000  1000  1000  1000  1000  1000  1000  1000  1000  1000  1000  1000  1000  1000  1000
       1000  1000  1000  1000  1000  1000
  96   1000  1000  1000  1000  1000  1000  1000  1000  1000  1000  1000  1000  1000  1000  1000  1000  1000  1000  1000  1000
       1000  1000  1000  1000  1000  1000  1000  1000  1000  1000  1000  1000  1000  1000  1000  1000  1000  1000  1000  1000
       1000  1000  1000  1000  1000
  97   1000  1000  1000  1000  1000  1000  1000  1000  1000  1000  1000  1000  1000  1000  1000  1000  1000  1000  1000  1000
       1000  1000  1000  1000  1000  1000  1000  1000  1000  1000  1000  1000  1000  1000  1000  1000  1000  1000  1000  1000
       1000  1000  1000  1000
  98   1000  1000  1000  1000  1000  1000  1000  1000  1000  1000  1000  1000  1000  1000  1000  1000  1000  1000  1000  1000
       1000  1000  1000  1000  1000  1000  1000  1000  1000  1000  1000  1000  1000  1000  1000  1000  1000  1000  1000  1000
       1000  1000  1000
  99   1000  1000  1000  1000  1000  1000  1000  1000  1000  1000  1000  1000  1000  1000  1000  1000  1000  1000  1000  1000
       1000  1000  1000  1000  1000  1000  1000  1000  1000  1000  1000  1000  1000  1000  1000  1000  1000  1000  1000  1000
       1000  1000
 100   1000  1000  1000  1000  1000  1000  1000  1000  1000  1000  1000  1000  1000  1000  1000  1000  1000  1000  1000  1000
       1000  1000  1000  1000  1000  1000  1000  1000  1000  1000  1000  1000  1000  1000  1000  1000  1000  1000  1000  1000
       1000
 101   1000  1000  1000  1000  1000  1000  1000  1000  1000  1000  1000  1000  1000  1000  1000  1000  1000  1000  1000  1000
       1000  1000  1000  1000  1000  1000  1000  1000  1000  1000  1000  1000  1000  1000  1000  1000  1000  1000  1000  1000
 102   1000  1000  1000  1000  1000  1000  1000  1000  1000  1000  1000  1000  1000  1000  1000  1000  1000  1000  1000  1000
       1000  1000  1000  1000  1000  1000  1000  1000  1000  1000  1000  1000  1000  1000  1000  1000  1000  1000  1000
 103   1000  1000  1000  1000  1000  1000  1000  1000  1000  1000  1000  1000  1000  1000  1000  1000  1000  1000  1000  1000
       1000  1000  1000  1000  1000  1000  1000  1000  1000  1000  1000  1000  1000  1000  1000  1000  1000  1000
 104   1000  1000  1000  1000  1000  1000  1000  1000  1000  1000  1000  1000  1000  1000  1000  1000  1000  1000  1000  1000
       1000  1000  1000  1000  1000  1000  1000  1000  1000  1000  1000  1000  1000  1000  1000  1000  1000
 105   1000  1000  1000  1000  1000  1000  1000  1000  1000  1000  1000  1000  1000  1000  1000  1000  1000  1000  1000  1000
       1000  1000  1000  1000  1000  1000  1000  1000  1000  1000  1000  1000  1000  1000  1000  1000
 106   1000  1000  1000  1000  1000  1000  1000  1000  1000  1000  1000  1000  1000  1000  1000  1000  1000  1000  1000  1000
       1000  1000  1000  1000  1000  1000  1000  1000  1000  1000  1000  1000  1000  1000  1000
 107   1000  1000  1000  1000  1000  1000  1000  1000  1000  1000  1000  1000  1000  1000  1000  1000  1000  1000  1000  1000
       1000  1000  1000  1000  1000  1000  1000  1000  1000  1000  1000  1000  1000  1000
 108   1000  1000  1000  1000  1000  1000  1000  1000  1000  1000  1000  1000  1000  1000  1000  1000  1000  1000  1000  1000
       1000  1000  1000  1000  1000  1000  1000  1000  1000  1000  1000  1000  1000
 109   1000  1000  1000  1000  1000  1000  1000  1000  1000  1000  1000  1000  1000  1000  1000  1000  1000  1000  1000  1000
       1000  1000  1000  1000  1000  1000  1000  1000  1000  1000  1000  1000
 110   1000  1000  1000  1000  1000  1000  1000  1000  1000  1000  1000  1000  1000  1000  1000  1000  1000  1000  1000  1000
       1000  1000  1000  1000  1000  1000  1000  1000  1000  1000  1000
 111   1000  1000  1000  1000  1000  1000  1000  1000  1000  1000  1000  1000  1000  1000  1000  1000  1000  1000  1000  1000
       1000  1000  1000  1000  1000  1000  1000  1000  1000  1000
 112   1000  1000  1000  1000  1000  1000  1000  1000  1000  1000  1000  1000  1000  1000  1000  1000  1000  1000  1000  1000
       1000  1000  1000  1000  1000  1000  1000  1000  1000
 113   1000  1000  1000  1000  1000  1000  1000  1000  1000  1000  1000  1000  1000  1000  1000  1000  1000  1000  1000  1000
       1000  1000  1000  1000  1000  1000  1000  1000
 114   1000  1000  1000  1000  1000  1000  1000  1000  1000  1000  1000  1000  1000  1000  1000  1000  1000  1000  1000  1000
       1000  1000  1000  1000  1000  1000  1000
 115   1000  1000  1000  1000  1000  1000  1000  1000  1000  1000  1000  1000  1000  1000  1000  1000  1000  1000  1000  1000
       1000  1000  1000  1000  1000  1000
 116   1000  1000  1000  1000  1000  1000  1000  1000  1000  1000  1000  1000  1000  1000  1000  1000  1000  1000  1000  1000
       1000  1000  1000  1000  1000
 117   1000  1000  1000  1000  1000  1000  1000  1000  1000  1000  1000  1000  1000  1000  1000  1000  1000  1000  1000  1000
       1000  1000  1000  1000
 118   1000  1000  1000  1000  1000  1000  1000  1000  1000  1000  1000  1000  1000  1000  1000  1000  1000  1000  1000  1000
       1000  1000  1000
 119   1000  1000  1000  1000  1000  1000  1000  1000  1000  1000  1000  1000  1000  1000  1000  1000  1000  1000  1000  1000
       1000  1000
 120   1000  1000  1000  1000  1000  1000  1000  1000  1000  1000  1000  1000  1000  1000  1000  1000  1000  1000  1000  1000
       1000
 121   1000  1000  1000  1000  1000  1000  1000  1000  1000  1000  1000  1000  1000  1000  1000  1000  1000  1000  1000  1000
 122   1000  1000  1000  1000  1000  1000  1000  1000  1000  1000  1000  1000  1000  1000  1000  1000  1000  1000  1000
 123   1000  1000  1000  1000  1000  1000  1000  1000  1000  1000  1000  1000  1000  1000  1000  1000  1000  1000
 124   1000  1000  1000  1000  1000  1000  1000  1000  1000  1000  1000  1000  1000  1000  1000  1000  1000
 125   1000  1000  1000  1000  1000  1000  1000  1000  1000  1000  1000  1000  1000  1000  1000  1000
 126   1000  1000  1000  1000  1000  1000  1000  1000  1000  1000  1000  1000  1000  1000  1000
 127   1000  1000  1000  1000  1000  1000  1000  1000  1000  1000  1000  1000  1000  1000
 128   1000  1000  1000  1000  1000  1000  1000  1000  1000  1000  1000  1000  1000
 129   1000  1000  1000  1000  1000  1000  1000  1000  1000  1000  1000  1000
 130   1000  1000  1000  1000  1000  1000  1000  1000  1000  1000  1000
 131   1000  1000  1000  1000  1000  1000  1000  1000  1000  1000
 132   1000  1000  1000  1000  1000  1000  1000  1000  1000
 133   1000  1000  1000  1000  1000  1000  1000  1000
 134   1000  1000  1000  1000  1000  1000  1000
 135   1000  1000  1000  1000  1000  1000
 136   1000  1000  1000  1000  1000
 137   1000  1000  1000  1000
 138   1000  1000  1000
 139   1000  1000
 140   1000

 Finished!
