NIF_RUN Passive 18x snout on TANDM 90-348 Pinhole
  140    5    1    0    1
   0.00500   9.00000   0.00500   0.00100
   0.0000000   0   0 1.00000000E+00   1.0000000
ZR902    1.706E-12 0.010       0.00       0.00        (    )
IN115N   4.881E-13 0.007       0.00       0.00        (    )
AU197G   8.079E-14 0.010       0.00 AUNG  3.94 IFX    (ISTP)
IN115G   1.161E-13 0.020       0.00 INNG 39.37 IFX    (ISTP)
AU1972   1.218E-11 0.053       0.00       0.00        (    )
Flux Uncertainty
   3
 1.0000E-11 1.2900E+01 2.0100E+01
 9.9000E-01 5.0000E-02 3.0000E-02
Input Flux Spectrum
 140   1 1.000E+00 2.000E+01 5.000E-08
 1.0000E+03 1.0000E+03 1.0000E+03 1.0000E+03 1.0000E+03 1.0000E+03 1.0000E+03
 1.0000E+03 1.0000E+03 1.0000E+03 1.0000E+03 1.0000E+03 1.0000E+03 1.0000E+03
 1.0000E+03 1.0000E+03 1.0000E+03 1.0000E+03 1.0000E+03 1.0000E+03 1.0000E+03
 1.0000E+03 1.0000E+03 1.0000E+03 1.0000E+03 1.0000E+03 1.0000E+03 1.0000E+03
 1.0000E+03 1.0000E+03 1.0000E+03 1.0000E+03 1.0000E+03 1.0000E+03 1.0000E+03
 1.0000E+03 1.0000E+03 1.0000E+03 1.0000E+03 1.0000E+03 1.0000E+03 1.0000E+03
 1.0000E+03 1.0000E+03 1.0000E+03 1.0000E+03 1.0000E+03 1.0000E+03 1.0000E+03
 1.0000E+03 1.0000E+03 1.0000E+03 1.0000E+03 1.0000E+03 1.0000E+03 1.0000E+03
 1.0000E+03 1.0000E+03 1.0000E+03 1.0000E+03 1.0000E+03 1.0000E+03 1.0000E+03
 1.0000E+03 1.0000E+03 1.0000E+03 1.0000E+03 1.0000E+03 1.0000E+03 1.0000E+03
 1.0000E+03 1.0000E+03 1.0000E+03 1.0000E+03 1.0000E+03 1.0000E+03 1.0000E+03
 1.0000E+03 1.0000E+03 1.0000E+03 1.0000E+03 1.0000E+03 1.0000E+03 1.0000E+03
 1.0000E+03 1.0000E+03 1.0000E+03 1.0000E+03 1.0000E+03 1.0000E+03 1.0000E+03
 1.0000E+03 1.0000E+03 2.4516E+12 3.5573E+12 0.0000E+00 0.0000E+00 0.0000E+00
 0.0000E+00 0.0000E+00 0.0000E+00 0.0000E+00 0.0000E+00 0.0000E+00 0.0000E+00
 0.0000E+00 0.0000E+00 0.0000E+00 0.0000E+00 0.0000E+00 0.0000E+00 0.0000E+00
 0.0000E+00 0.0000E+00 0.0000E+00 0.0000E+00 0.0000E+00 0.0000E+00 0.0000E+00
 0.0000E+00 0.0000E+00 0.0000E+00 0.0000E+00 0.0000E+00 0.0000E+00 0.0000E+00
 0.0000E+00 0.0000E+00 0.0000E+00 0.0000E+00 0.0000E+00 0.0000E+00 0.0000E+00
 0.0000E+00 0.0000E+00 0.0000E+00 0.0000E+00 0.0000E+00 0.0000E+00 0.0000E+00
   10   13   28   11    8    5    8    7   10   40



                         ==============================
                               STAYSL PNNL OUTPUT
                         ==============================

 STAYSL PNNL, version 1.2.0, 2015-08-05


 SCENARIO TITLE: NIF_RUN Passive 18x snout on TANDM 90-348 Pinhole
 -------------------------------------------------------------------------------
  NGROUP =   140    NRXN =     5    ACTIVITY NORM = 1.00000E+00

  COVARIANCE PARAMETERS (FCHN, FCVX, ACVX, FS)
    FLUXES:      WIDTH =  9.0000E+00   LONG RANGE COVAR. =  5.0000E-03
            ACTIVITIES =  5.0000E-03   X-SECT CROSS COR. =  1.0000E-03

    DETERM =   2.3262 × 10^  -3.00      ERROR =   5.2047E-14

  INPUT NORMALIZATION DATA
    AK1   =     0.00000     VAK        =     0.00003
    NORML =           0     RENORM     = 6.65293E-01
    CHI²  = 10470.32044     NORM. CHI² =  2617.58011

  DOSIMETRY ACTIVITIES
     ———— INPUTS —————  -UNADJUSTED FLUX-  — ADJUSTED FLUX —    CHI²  90% ACTIVITIES RANGE
 RXN  MEASURED     ±%   ACTIVITY    %DIFF  ACTIVITY    %DIFF  CONTRIB --LOW E-- --HIGH E--   REACTION          CVR
  1  1.706E-12    1.00  2.404E-12   40.94  1.733E-12    1.60  524.330  1.30E+01  1.40E+01  ZR90(N,2N)ZR89          
  2  4.881E-13    0.70  2.748E-13  -43.70  1.978E-13  -59.48  796.513  1.30E+01  1.40E+01  IN115(N,N')IN115M       
  3  8.079E-14    1.00  5.132E-15  -93.65  3.694E-15  -95.43 7342.941  1.30E+01  1.40E+01  AU197(N,G)AU198         
  4  1.161E-13    2.00  3.805E-15  -96.72  2.740E-15  -97.64 1780.469  1.30E+01  1.40E+01  IN115(N,G)IN116M        
  5  1.218E-11    5.30  8.463E-12  -30.51  6.095E-12  -49.96   26.068  1.30E+01  1.40E+01  AU197(N,2N)AU196        

             % STD. DEV.  =         75.24              78.54

                              CHECK INPUT, IT IS RATHER UNLIKELY !
                                   *** BEWARE OF OUTPUT ! ***


  DIFFERENTIAL FLUXES (input is normalized by a factor of 6.6529E-01)
                  —————— DIFFERENTIAL FLUX —————   ———— STD. DEV. % ————   INTEGRAL
 GRP    ENERGY        NEW         OLD      RATIO    NEW     OLD    RATIO   FLUX > E     ± %
   1  1.0000E-10  7.5459E+11  7.3921E+11   1.021   68.92   68.92   1.000  2.8788E+12    1.02
   2  1.0000E-09  7.5104E+10  7.3921E+10   1.016   53.86   53.86   1.000  2.8788E+12    1.02
   3  1.0000E-08  5.1842E+10  5.1176E+10   1.013   45.24   45.24   1.000  2.8788E+12    1.02
   4  2.3000E-08  2.4924E+10  2.4640E+10   1.012   41.50   41.50   1.000  2.8788E+12    1.02
   5  5.0000E-08  2.5851E+10  2.5588E+10   1.010   38.90   38.90   1.000  2.8788E+12    1.02
   6  7.6000E-08  1.7215E+10  1.7059E+10   1.009   37.21   37.21   1.000  2.8788E+12    1.02
   7  1.1500E-07  1.2193E+10  1.2096E+10   1.008   35.64   35.64   1.000  2.8788E+12    1.02
   8  1.7000E-07  7.8810E+09  7.8270E+09   1.007   34.15   34.15   1.000  2.8788E+12    1.02
   9  2.5500E-07  5.3531E+09  5.3223E+09   1.006   32.71   32.71   1.000  2.8788E+12    1.02
  10  3.8000E-07  3.9321E+09  3.9135E+09   1.005   31.39   31.39   1.000  2.8788E+12    1.02
  11  5.5000E-07  2.3028E+09  2.2941E+09   1.004   30.09   30.09   1.000  2.8788E+12    1.02
  12  8.4000E-07  1.5339E+09  1.5294E+09   1.003   28.77   28.77   1.000  2.8788E+12    1.02
  13  1.2750E-06  1.0667E+09  1.0645E+09   1.002   27.53   27.54   1.000  2.8788E+12    1.02
  14  1.9000E-06  7.4026E+08  7.3921E+08   1.001   26.40   26.40   1.000  2.8788E+12    1.02
  15  2.8000E-06  4.5918E+08  4.5882E+08   1.001   25.29   25.29   1.000  2.8788E+12    1.02
  16  4.2500E-06  3.2459E+08  3.2453E+08   1.000   24.21   24.21   1.000  2.8788E+12    1.02
  17  6.3000E-06  2.2933E+08  2.2941E+08   1.000   23.23   23.23   1.000  2.8788E+12    1.02
  18  9.2000E-06  1.5459E+08  1.5472E+08   0.999   22.30   22.30   1.000  2.8788E+12    1.02
  19  1.3500E-05  8.8592E+07  8.8706E+07   0.999   21.34   21.34   1.000  2.8788E+12    1.02
  20  2.1000E-05  7.3797E+07  7.3921E+07   0.998   20.45   20.45   1.000  2.8788E+12    1.02
  21  3.0000E-05  4.4262E+07  4.4353E+07   0.998   19.63   19.63   1.000  2.8788E+12    1.02
  22  4.5000E-05  2.7654E+07  2.7721E+07   0.998   18.78   18.78   1.000  2.8788E+12    1.02
  23  6.9000E-05  2.1404E+07  2.1461E+07   0.997   17.99   17.99   1.000  2.8788E+12    1.02
  24  1.0000E-04  1.8953E+07  1.9008E+07   0.997   17.35   17.35   1.000  2.8788E+12    1.02
  25  1.3500E-04  1.8949E+07  1.9008E+07   0.997   16.87   16.87   1.000  2.8788E+12    1.02
  26  1.7000E-04  1.3262E+07  1.3306E+07   0.997   16.43   16.43   1.000  2.8788E+12    1.02
  27  2.2000E-04  1.1050E+07  1.1088E+07   0.997   16.00   16.00   1.000  2.8788E+12    1.02
  28  2.8000E-04  8.2868E+06  8.3162E+06   0.996   15.58   15.58   1.000  2.8788E+12    1.02
  29  3.6000E-04  7.3654E+06  7.3921E+06   0.996   15.19   15.19   1.000  2.8788E+12    1.02
  30  4.5000E-04  5.3027E+06  5.3223E+06   0.996   14.82   14.82   1.000  2.8788E+12    1.02
  31  5.7500E-04  3.5827E+06  3.5962E+06   0.996   14.41   14.41   1.000  2.8788E+12    1.02
  32  7.6000E-04  3.3138E+06  3.3265E+06   0.996   14.02   14.02   1.000  2.8788E+12    1.02
  33  9.6000E-04  2.1039E+06  2.1120E+06   0.996   13.64   13.64   1.000  2.8788E+12    1.02
  34  1.2750E-03  2.0391E+06  2.0471E+06   0.996   13.27   13.27   1.000  2.8788E+12    1.02
  35  1.6000E-03  1.6568E+06  1.6632E+06   0.996   12.95   12.95   1.000  2.8788E+12    1.02
  36  2.0000E-03  9.4670E+05  9.5042E+05   0.996   12.60   12.60   1.000  2.8788E+12    1.02
  37  2.7000E-03  9.4668E+05  9.5042E+05   0.996   12.24   12.24   1.000  2.8788E+12    1.02
  38  3.4000E-03  6.0242E+05  6.0481E+05   0.996   11.91   11.91   1.000  2.8788E+12    1.02
  39  4.5000E-03  6.6266E+05  6.6529E+05   0.996   11.61   11.61   1.000  2.8788E+12    1.02
  40  5.5000E-03  3.8979E+05  3.9135E+05   0.996   11.32   11.32   1.000  2.8788E+12    1.02
  41  7.2000E-03  3.3132E+05  3.3265E+05   0.996   11.02   11.02   1.000  2.8788E+12    1.02
  42  9.2000E-03  2.3666E+05  2.3760E+05   0.996   10.72   10.72   1.000  2.8788E+12    1.02
  43  1.2000E-02  2.2088E+05  2.2176E+05   0.996   10.44   10.44   1.000  2.8788E+12    1.02
  44  1.5000E-02  1.6566E+05  1.6632E+05   0.996   10.19   10.19   1.000  2.8788E+12    1.02
  45  1.9000E-02  1.0194E+05  1.0235E+05   0.996    9.91    9.91   1.000  2.8788E+12    1.02
  46  2.5500E-02  1.0194E+05  1.0235E+05   0.996    9.63    9.63   1.000  2.8788E+12    1.02
  47  3.2000E-02  8.2828E+04  8.3162E+04   0.996    9.41    9.41   1.000  2.8788E+12    1.02
  48  4.0000E-02  5.3010E+04  5.3223E+04   0.996    9.16    9.16   1.000  2.8788E+12    1.02
  49  5.2500E-02  4.9083E+04  4.9281E+04   0.996    8.92    8.92   1.000  2.8788E+12    1.02
  50  6.6000E-02  3.0119E+04  3.0241E+04   0.996    8.68    8.68   1.000  2.8788E+12    1.02
  51  8.8000E-02  3.0119E+04  3.0241E+04   0.996    8.44    8.44   1.000  2.8788E+12    1.02
  52  1.1000E-01  2.6505E+04  2.6612E+04   0.996    8.25    8.25   1.000  2.8788E+12    1.02
  53  1.3500E-01  2.6505E+04  2.6612E+04   0.996    8.09    8.09   1.000  2.8788E+12    1.02
  54  1.6000E-01  2.2087E+04  2.2176E+04   0.996    7.94    7.94   1.000  2.8788E+12    1.02
  55  1.9000E-01  2.2087E+04  2.2176E+04   0.996    7.81    7.81   1.000  2.8788E+12    1.02
  56  2.2000E-01  1.8932E+04  1.9008E+04   0.996    7.69    7.69   1.000  2.8788E+12    1.02
  57  2.5500E-01  1.8932E+04  1.9008E+04   0.996    7.57    7.58   1.000  2.8788E+12    1.02
  58  2.9000E-01  2.2087E+04  2.2176E+04   0.996    7.48    7.48   1.000  2.8788E+12    1.02
  59  3.2000E-01  1.6565E+04  1.6632E+04   0.996    7.40    7.40   1.000  2.8788E+12    1.02
  60  3.6000E-01  1.6565E+04  1.6632E+04   0.996    7.31    7.31   1.000  2.8788E+12    1.02
  61  4.0000E-01  1.3252E+04  1.3306E+04   0.996    7.22    7.22   1.000  2.8788E+12    1.02
  62  4.5000E-01  1.3252E+04  1.3306E+04   0.996    7.14    7.14   1.000  2.8788E+12    1.02
  63  5.0000E-01  1.3252E+04  1.3306E+04   0.996    7.06    7.06   1.000  2.8788E+12    1.02
  64  5.5000E-01  1.3252E+04  1.3306E+04   0.996    6.99    6.99   1.000  2.8788E+12    1.02
  65  6.0000E-01  1.1044E+04  1.1088E+04   0.996    6.93    6.93   1.000  2.8788E+12    1.02
  66  6.6000E-01  1.1044E+04  1.1088E+04   0.996    6.86    6.86   1.000  2.8788E+12    1.02
  67  7.2000E-01  1.1045E+04  1.1088E+04   0.996    6.80    6.80   1.000  2.8788E+12    1.02
  68  7.8000E-01  1.1044E+04  1.1088E+04   0.996    6.74    6.74   1.000  2.8788E+12    1.02
  69  8.4000E-01  8.2833E+03  8.3162E+03   0.996    6.68    6.68   1.000  2.8788E+12    1.02
  70  9.2000E-01  8.2837E+03  8.3162E+03   0.996    6.62    6.62   1.000  2.8788E+12    1.02
  71  1.0000E+00  3.3137E+03  3.3265E+03   0.996    6.53    6.53   1.000  2.8788E+12    1.02
  72  1.2000E+00  3.3139E+03  3.3265E+03   0.996    6.41    6.41   1.000  2.8788E+12    1.02
  73  1.4000E+00  3.3143E+03  3.3265E+03   0.996    6.32    6.32   1.000  2.8788E+12    1.02
  74  1.6000E+00  3.3147E+03  3.3265E+03   0.996    6.23    6.23   1.000  2.8788E+12    1.02
  75  1.8000E+00  3.3150E+03  3.3265E+03   0.997    6.16    6.16   1.000  2.8788E+12    1.02
  76  2.0000E+00  2.2100E+03  2.2176E+03   0.997    6.08    6.08   1.000  2.8788E+12    1.02
  77  2.3000E+00  2.2096E+03  2.2176E+03   0.996    5.99    6.00   1.000  2.8788E+12    1.02
  78  2.6000E+00  2.2084E+03  2.2176E+03   0.996    5.92    5.92   0.999  2.8788E+12    1.02
  79  2.9000E+00  1.6544E+03  1.6632E+03   0.995    5.84    5.85   0.998  2.8788E+12    1.02
  80  3.3000E+00  1.6509E+03  1.6632E+03   0.993    5.75    5.77   0.997  2.8788E+12    1.02
  81  3.7000E+00  1.6450E+03  1.6632E+03   0.989    5.67    5.71   0.994  2.8788E+12    1.02
  82  4.1000E+00  1.6359E+03  1.6632E+03   0.984    5.59    5.65   0.989  2.8788E+12    1.02
  83  4.5000E+00  1.2981E+03  1.3306E+03   0.976    5.48    5.59   0.981  2.8788E+12    1.02
  84  5.0000E+00  1.2831E+03  1.3306E+03   0.964    5.35    5.53   0.969  2.8788E+12    1.02
  85  5.5000E+00  1.2632E+03  1.3306E+03   0.949    5.19    5.48   0.949  2.8788E+12    1.02
  86  6.0000E+00  8.8423E+02  9.5042E+02   0.930    4.98    5.42   0.919  2.8788E+12    1.02
  87  6.7000E+00  8.6224E+02  9.5042E+02   0.907    4.70    5.36   0.878  2.8788E+12    1.02
  88  7.4000E+00  7.3198E+02  8.3162E+02   0.880    4.36    5.30   0.822  2.8788E+12    1.02
  89  8.2000E+00  7.0686E+02  8.3162E+02   0.850    3.94    5.25   0.751  2.8788E+12    1.02
  90  9.0000E+00  5.4410E+02  6.6529E+02   0.818    3.44    5.19   0.663  2.8788E+12    1.02
  91  1.0000E+01  5.2248E+02  6.6529E+02   0.785    2.88    5.14   0.561  2.8788E+12    1.02
  92  1.1000E+01  5.0173E+02  6.6529E+02   0.754    2.28    5.09   0.448  2.8788E+12    1.02
  93  1.2000E+01  4.8386E+02  6.6529E+02   0.727    1.68    5.02   0.335  2.8788E+12    1.02
  94  1.3000E+01  1.1688E+12  1.6311E+12   0.717    1.17    4.78   0.246  2.8788E+12    1.02
  95  1.4000E+01  1.7101E+12  2.3666E+12   0.723    1.01    4.40   0.229  1.7101E+12    1.01
      1.5000E+01

  INTEGRALS OF SPECTRA
    OLD SPECTRUM   3.9977E+12   ±    4.544 %
    NEW SPECTRUM   2.8788E+12   ±    1.017 %

  SUMMARY OF BROAD-GROUP FLUXES, FLUENCES, AND UNCERTAINTIES

    IRRAD TIME [S] = 1.00000000E+00   ACT NORM =  1.00000000E+00

       ENERGY       FLUX       FLUENCE      STDEV %
      thermal    6.7236E+03  6.7236E+03  ±  38.32     (0.100 meV – 0.550  eV)
     epithermal  2.7206E+04  2.7206E+04  ±   9.61     (0.550  eV – 110.0 keV)
        fast     2.8788E+12  2.8788E+12  ±   1.02     (110.0 keV –  20.0 MeV)
        fast     2.8788E+12  2.8788E+12  ±   1.02     (  1.0 MeV –  20.0 MeV)
        high     0.0000E+00  0.0000E+00  ±   0.00     ( 20.0 MeV –  60.0 MeV)

    MINI-SPECTRUM

       ENERGY       FLUX       FLUENCE      STDEV %
     1.0000E-10  6.7236E+03  6.7236E+03  ±  38.32
     5.5000E-07  8.6488E+03  8.6488E+03  ±  20.54
     1.0000E-04  1.8557E+04  1.8557E+04  ±   8.55
     1.1000E-01  7.2888E+03  7.2888E+03  ±   6.87
     5.0000E-01  5.3012E+03  5.3012E+03  ±   6.44
     1.0000E+00  3.3143E+03  3.3143E+03  ±   6.18
     2.0000E+00  5.2720E+03  5.2720E+03  ±   5.47
     5.0000E+00  4.1909E+03  4.1909E+03  ±   4.45
     1.0000E+01  2.8788E+12  2.8788E+12  ±   1.02
     2.0000E+01  0.0000E+00  0.0000E+00  ±   0.00
     6.0000E+01

       TOTAL     2.8788E+12  2.8788E+12  ±   1.02

    RELATIVE COVARIANCES (10×10)
     1000   354     5     1     1     1     1     1     0     0
     1000   207     2     2     2     2     1     1     0
     1000   160    13     5     5     3     1     0
     1000   447    90    16     4     2     0
     1000   644   200    21     2     0
     1000   652   146     4     0
     1000   622    32     0
     1000   177     0
     1000     0
        0

  SPECTRAL-AVERAGED REACTION RATES (for all cross section library reactions)

        REACTIONS        SIG-PHI      <SIG>          REACTIONS        SIG-PHI      <SIG>          REACTIONS        SIG-PHI      <SIG>  
   ------------------  ----------  ----------   ------------------  ----------  ----------   ------------------  ----------  ----------
   LI6(N,A)T           7.4318E-14  2.5815E-26   FE58(N,G)FE59       2.8184E-15  9.7901E-28   IN115(N,N')IN115M   1.9780E-13  6.8709E-26
   B10(N,A)LI7         1.2695E-13  4.4098E-26   CO59(N,2N)CO58      1.9696E-12  6.8418E-25   IN115(N,2N)IN114M   3.8142E-12  1.3249E-24
   F19(N,2N)F18        1.0365E-13  3.6005E-26   CO59(N,3N)CO57      0.0000E+00  0.0000E+00   IN115(N,G)IN116M    2.7451E-15  9.5355E-28
   NA23(N,2N)NA22      6.3297E-14  2.1987E-26   CO59(N,G)CO60       2.5193E-15  8.7512E-28   I127(N,2N)I126      4.1742E-12  1.4500E-24
   NA23(N,G)NA24       6.1645E-16  2.1413E-28   CO59(N,P)FE59       1.4322E-13  4.9750E-26   LA139(N,G)LA140     3.0552E-15  1.0613E-27
   MG24(N,P)NA24       5.3848E-13  1.8705E-25   CO59(N,A)MN56       8.8927E-14  3.0890E-26   PR141(N,2N)PR140    4.6753E-12  1.6240E-24
   AL27(N,P)MG27       2.1642E-13  7.5177E-26   NI58(N,2N)NI57      6.8406E-14  2.3762E-26   TM169(N,2N)TM168    5.6765E-12  1.9718E-24
   AL27(N,A)NA24       3.4295E-13  1.1913E-25   NI58(N,P)CO58       1.0253E-12  3.5616E-25   TM169(N,3N)TM167    3.5177E-17  1.2219E-29
   SI28(N,P)AL28       7.6236E-13  2.6482E-25   NI60(N,P)CO60       4.1908E-13  1.4557E-25   TA181(N,G)TA182     1.9271E-18  6.6942E-31
   P31(N,P)SI31        2.6724E-13  9.2828E-26   CU63(N,2N)CU62      1.2818E-12  4.4526E-25   W186(N,G)W187       3.9239E-15  1.3630E-27
   S32(N,P)P32         7.1457E-13  2.4821E-25   CU63(N,G)CU64       7.7980E-15  2.7087E-27   AU197(N,2N)AU196    6.0952E-12  2.1172E-24
   TI46(N,2N)TI45      5.8644E-14  2.0371E-26   CU63(N,A)CO60       1.2903E-13  4.4822E-26   AU197(N,G)AU198     3.6961E-15  1.2839E-27
   TI46(N,P)SC46       7.3284E-13  2.5456E-25   CU65(N,2N)CU64      2.5290E-12  8.7847E-25   HG199(N,N')HG199M   4.4594E-13  1.5490E-25
   TI47(N,P)SC47       3.7808E-13  1.3133E-25   ZN64(N,P)CU64       5.0345E-13  1.7488E-25   PB204(N,N')PB204M   2.2133E-13  7.6881E-26
   TI47(N,X)SC46       1.1878E-13  4.1260E-26   ZN67(N,P)CU67       9.7300E-14  3.3798E-26   BI209(N,3N)BI207    1.0140E-15  3.5223E-28
   TI48(N,P)SC48       1.7734E-13  6.1602E-26   AS75(N,2N)AS74      2.7232E-12  9.4595E-25   TH232(N,FISSION)    1.0382E-12  3.6063E-25
   TI48(N,X)SC47       2.1305E-14  7.4007E-27   Y89(N,2N)Y88        2.3930E-12  8.3125E-25   TH232(N,G)TH233     3.1274E-15  1.0863E-27
   TI49(N,X)SC48       1.1737E-14  4.0771E-27   ZR90(N,2N)ZR89      1.7333E-12  6.0208E-25   U235(N,FISSION)     5.9039E-12  2.0508E-24
   V51(N,A)SC48        4.3573E-14  1.5136E-26   NB93(N,G)NB94       2.5273E-15  8.7790E-28   U235(N,G)U236       3.3349E-15  1.1584E-27
   CR52(N,2N)CR51      7.8349E-13  2.7215E-25   NB93(N,N')NB93M     1.1426E-13  3.9690E-26   U238(N,2N)U237      2.7481E-12  9.5459E-25
   MN55(N,2N)MN54      2.0117E-12  6.9878E-25   NB93(N,2N)NB92M     1.3152E-12  4.5684E-25   U238(N,FISSION)     3.2907E-12  1.1431E-24
   MN55(N,G)MN56       1.7943E-15  6.2327E-28   MO92(N,P)NB92M      2.0662E-13  7.1772E-26   U238(N,G)U239       2.4705E-15  8.5815E-28
   FE54(N,2N)FE53      9.8428E-15  3.4190E-27   RH103(N,N')RH103M   8.7475E-13  3.0385E-25   NP237(N,FISSION)    6.2254E-12  2.1625E-24
   FE54(N,P)MN54       9.7710E-13  3.3941E-25   AG109(N,G)AG110M    5.5606E-16  1.9315E-28   PU239(N,FISSION)    6.9113E-12  2.4007E-24
   FE54(N,A)CR51       2.5207E-13  8.7558E-26   IN113(N,N')IN113M   1.7401E-13  6.0444E-26   AM241(N,FISSION)    7.5697E-12  2.6294E-24
   FE56(N,P)MN56       3.2160E-13  1.1171E-25   IN113(N,G)IN114M    2.9005E-15  1.0075E-27   SC45(N,G)SC46       2.0005E-15  6.9491E-28

  INPUT FLUX REL. CORRELATION MATRIX (by row from diagonal)
   1   1000   988   952   895   821   734   641   546   454   368   291   225   169   124    89    62    43    28    18    12
          7     5     3     2     1     1     0     0     0     0     0     0     0     0     0     0     0     0     0     0
          0     0     0     0     0     0     0     0     0     0     0     0     0     0     0     0     0     0     0     0
          1     1     1     1     1     1     1     1     1     1     1     1     1     1     1     1     1     1     1     1
          1     1     1     1     1     1     1     1     1     1     1     1     1     1     1     1     1     1     1     1
          2     7     7     7     7     7     7     7     7     7     7     7     7     7     7     7     7     7     7     7
          7     7     7     7     7     7     7     7     7     7     7     7     7     7     7     7     7     7     7     7

  OUTPUT FLUX REL. CORRELATION MATRIX (by row from diagonal)
   1   1000   988   952   895   821   734   641   546   454   368   291   225   169   124    89    62    43    28    18    12
          7     5     3     2     1     1     0     0     0     0     0     0     0     0     0     0     0     0     0     0
          0     0     0     0     0     0     0     0     0     0     0     0     0     0     0     0     0     0     0     0
          0     1     1     1     1     1     1     1     1     1     1     1     1     1     1     1     1     1     1     1
          1     1     1     0     0     0     0     0     0     0     0     0     0     0     0     1     1     1     1     1
          2     7     7     7     7     7     7     7     7     7     7     7     7     7     7     7     7     7     7     7
          7     7     7     7     7     7     7     7     7     7     7     7     7     7     7     7     7     7     7     7
   2   1000   988   952   895   821   734   641   546   454   368   291   225   169   124    89    62    43    28    19    12
          7     5     3     2     1     1     1     0     0     0     0     0     0     0     0     0     0     0     0     0
          0     0     0     0     0     0     1     1     1     1     1     1     1     1     1     1     1     1     1     1
          1     1     1     1     1     1     1     1     1     1     1     1     1     1     1     1     1     1     1     1
          1     1     1     1     1     0     0     0     0     0     0     0     0     0     1     1     1     1     1     3
          9     9     9     9     9     9     9     9     9     9     9     9     9     9     9     9     9     9     9     9
          9     9     9     9     9     9     9     9     9     9     9     9     9     9     9     9     9     9     9
   3   1000   988   952   895   821   734   641   546   454   368   291   225   169   124    89    62    43    28    19    12
          7     5     3     2     1     1     1     0     0     0     0     0     0     0     0     0     0     0     0     1
          1     1     1     1     1     1     1     1     1     1     1     1     1     1     1     1     1     1     1     1
          1     1     1     1     1     1     1     1     1     1     1     1     1     1     1     1     1     1     1     1
          1     1     1     1     1     0     0     0     0     0     0     0     0     1     1     1     1     1     3    11
         11    11    11    11    11    11    11    11    11    11    11    11    11    11    11    11    11    11    11    11
         11    11    11    11    11    11    11    11    11    11    11    11    11    11    11    11    11    11
   4   1000   988   952   895   821   734   641   546   454   368   291   225   169   124    89    62    43    29    19    12
          8     5     3     2     1     1     1     1     0     0     0     0     0     0     0     1     1     1     1     1
          1     1     1     1     1     1     1     1     1     1     1     1     1     1     1     1     1     1     1     1
          1     1     1     1     1     1     1     1     1     1     1     1     1     1     1     1     1     1     1     1
          1     1     1     1     0     0     0     0     0     0     0     0     1     1     1     1     1     4    12    12
         12    12    12    12    12    12    12    12    12    12    12    12    12    12    12    12    12    12    12    12
         12    12    12    12    12    12    12    12    12    12    12    12    12    12    12    12    12
   5   1000   988   952   895   821   734   641   546   454   368   291   225   169   124    89    62    43    29    19    12
          8     5     3     2     1     1     1     1     0     0     0     1     1     1     1     1     1     1     1     1
          1     1     1     1     1     1     1     1     1     1     1     1     1     1     1     1     1     1     1     1
          1     1     1     1     1     1     1     1     1     1     1     1     1     1     1     1     1     1     1     1
          1     1     1     1     0     0     0     0     0     0     1     1     1     1     1     2     4    13    13    13
         13    13    13    13    13    13    13    13    13    13    13    13    13    13    13    13    13    13    13    13
         13    13    13    13    13    13    13    13    13    13    13    13    13    13    13    13
   6   1000   988   952   895   821   734   641   546   454   368   291   225   169   124    89    62    43    29    19    12
          8     5     3     2     1     1     1     1     1     1     1     1     1     1     1     1     1     1     1     1
          1     1     1     1     1     1     1     1     1     1     1     1     1     1     1     1     1     1     1     1
          1     1     1     1     1     1     1     1     1     1     1     1     1     1     1     1     1     1     1     1
          1     1     1     0     0     0     0     0     0     1     1     1     1     1     2     4    13    13    13    13
         13    13    13    13    13    13    13    13    13    13    13    13    13    13    13    13    13    13    13    13
         13    13    13    13    13    13    13    13    13    13    13    13    13    13    13
   7   1000   988   952   895   821   735   641   546   454   368   291   225   169   124    89    63    43    29    19    12
          8     5     3     2     1     1     1     1     1     1     1     1     1     1     1     1     1     1     1     1
          1     1     1     1     1     1     1     1     1     1     1     1     1     1     1     1     1     1     1     1
          1     1     1     1     1     1     1     1     1     1     1     1     1     1     1     1     1     1     1     1
          1     1     0     0     0     0     0     0     1     1     1     1     1     2     4    14    14    14    14    14
         14    14    14    14    14    14    14    14    14    14    14    14    14    14    14    14    14    14    14    14
         14    14    14    14    14    14    14    14    14    14    14    14    14    14
   8   1000   988   952   895   821   735   641   546   454   368   291   225   169   124    89    63    43    29    19    12
          8     5     3     2     1     1     1     1     1     1     1     1     1     1     1     1     1     1     1     1
          1     1     1     1     1     1     1     1     1     1     1     1     1     1     1     1     1     1     1     1
          1     1     1     1     1     1     1     1     1     1     1     1     1     1     1     1     1     1     1     1
          1     0     0     0     0     0     0     1     1     1     1     2     2     5    15    15    15    15    15    15
         15    15    15    15    15    15    15    15    15    15    15    15    15    15    15    15    15    15    15    15
         15    15    15    15    15    15    15    15    15    15    15    15    15
   9   1000   988   952   895   821   735   641   546   454   368   291   225   169   124    89    63    43    29    19    12
          8     5     3     2     1     1     1     1     1     1     1     1     1     1     1     1     1     1     1     1
          1     1     1     1     1     1     1     1     1     1     1     1     1     1     1     1     1     1     1     1
          1     1     1     1     1     1     1     1     1     1     1     1     1     1     1     1     1     1     1     1
          0     0     0     0     0     0     1     1     1     1     2     2     5    15    15    15    15    15    15    15
         15    15    15    15    15    15    15    15    15    15    15    15    15    15    15    15    15    15    15    15
         15    15    15    15    15    15    15    15    15    15    15    15
  10   1000   988   952   895   821   735   641   546   454   368   291   225   169   125    89    63    43    29    19    12
          8     5     3     2     1     1     1     1     1     1     1     1     1     1     1     1     1     1     1     1
          1     1     1     1     1     1     1     1     1     1     1     1     1     1     1     1     1     1     1     1
          1     1     1     1     1     1     1     1     1     1     1     1     1     1     1     1     1     1     1     1
          0     0     0     0     0     1     1     1     1     2     2     5    16    16    16    16    16    16    16    16
         16    16    16    16    16    16    16    16    16    16    16    16    16    16    16    16    16    16    16    16
         16    16    16    16    16    16    16    16    16    16    16
  11   1000   988   952   895   821   735   641   546   454   368   291   225   169   125    89    63    43    29    19    12
          8     5     3     2     1     1     1     1     1     1     1     1     1     1     1     1     1     1     1     1
          1     1     1     1     1     1     1     1     1     1     1     1     1     1     1     1     1     1     1     1
          1     1     1     1     1     1     1     1     1     1     1     1     1     1     1     1     1     1     1     0
          0     0     0     0     1     1     1     2     2     2     5    17    17    17    17    17    17    17    17    17
         17    17    17    17    17    17    17    17    17    17    17    17    17    17    17    17    17    17    17    17
         17    17    17    17    17    17    17    17    17    17
  12   1000   988   952   895   821   735   641   546   454   368   291   225   169   125    89    63    43    29    19    12
          8     5     3     2     1     1     1     1     1     1     1     1     1     1     1     1     1     1     1     1
          1     1     1     1     1     1     1     1     1     1     1     1     1     1     1     1     1     1     1     1
          1     1     1     1     1     1     1     1     1     1     1     1     1     1     1     1     1     1     0     0
          0     0     0     1     1     1     2     2     2     5    17    17    17    17    17    17    17    17    17    17
         17    17    17    17    17    17    17    17    17    17    17    17    17    17    17    17    17    17    17    17
         17    17    17    17    17    17    17    17    17
  13   1000   988   952   895   821   735   641   546   454   368   291   225   169   125    89    63    43    29    19    12
          8     5     3     2     2     1     1     1     1     1     1     1     1     1     1     1     1     1     1     1
          1     1     1     1     1     1     1     1     1     1     1     1     1     1     1     1     1     1     1     1
          1     1     1     1     1     1     1     1     1     1     1     1     1     1     1     1     1     0     0     0
          0     0     1     1     1     2     2     2     6    18    18    18    18    18    18    18    18    18    18    18
         18    18    18    18    18    18    18    18    18    18    18    18    18    18    18    18    18    18    18    18
         18    18    18    18    18    18    18    18
  14   1000   988   952   895   821   735   641   546   454   368   291   225   169   125    89    63    43    29    19    12
          8     5     3     2     2     1     1     1     1     1     1     1     1     1     1     1     1     1     1     1
          1     1     1     1     1     1     1     1     1     1     1     1     1     1     1     1     1     1     1     1
          1     2     2     2     2     2     1     1     1     1     1     1     1     1     1     1     0     0     0     0
          0     1     1     2     2     2     2     6    19    19    19    19    19    19    19    19    19    19    19    19
         19    19    19    19    19    19    19    19    19    19    19    19    19    19    19    19    19    19    19    19
         19    19    19    19    19    19    19
  15   1000   988   952   895   821   735   641   546   454   368   291   225   170   125    90    63    43    29    19    12
          8     5     3     2     2     1     1     1     1     1     1     1     1     1     1     1     1     1     1     1
          1     1     1     1     1     1     1     1     1     1     1     1     1     1     1     1     1     2     2     2
          2     2     2     2     2     2     2     1     1     1     1     1     1     1     1     0     0     0     0     0
          1     1     2     2     2     2     6    20    20    20    20    20    20    20    20    20    20    20    20    20
         20    20    20    20    20    20    20    20    20    20    20    20    20    20    20    20    20    20    20    20
         20    20    20    20    20    20
  16   1000   988   952   895   821   735   641   546   454   368   291   225   170   125    90    63    43    29    19    12
          8     5     3     2     2     1     1     1     1     1     1     1     1     1     1     1     1     1     1     1
          1     1     1     1     1     1     1     1     1     1     1     2     2     2     2     2     2     2     2     2
          2     2     2     2     2     2     2     1     1     1     1     1     1     1     0     0     0     0     0     1
          1     2     2     2     2     6    21    21    21    21    21    21    21    21    21    21    21    21    21    21
         21    21    21    21    21    21    21    21    21    21    21    21    21    21    21    21    21    21    21    21
         21    21    21    21    21
  17   1000   988   952   895   821   735   641   546   454   368   291   225   170   125    90    63    43    29    19    12
          8     5     3     2     2     1     1     1     1     1     1     1     1     1     1     1     1     1     1     1
          1     1     1     1     1     1     2     2     2     2     2     2     2     2     2     2     2     2     2     2
          2     2     2     2     2     2     2     1     1     1     1     1     1     1     0     0     0     0     1     1
          2     2     2     3     7    21    21    21    21    21    21    21    21    21    21    21    21    21    21    21
         21    21    21    21    21    21    21    21    21    21    21    21    21    21    21    21    21    21    21    21
         21    21    21    21
  18   1000   988   952   895   821   735   641   546   454   368   291   225   170   125    90    63    43    29    19    12
          8     5     4     2     2     2     1     1     1     1     1     1     1     1     1     1     1     1     1     1
          1     1     2     2     2     2     2     2     2     2     2     2     2     2     2     2     2     2     2     2
          2     2     2     2     2     2     1     1     1     1     1     1     1     0     0     0     0     1     1     2
          2     2     3     7    22    22    22    22    22    22    22    22    22    22    22    22    22    22    22    22
         22    22    22    22    22    22    22    22    22    22    22    22    22    22    22    22    22    22    22    22
         22    22    22
  19   1000   988   952   895   821   735   641   546   454   368   291   225   170   125    90    63    43    29    19    13
          8     5     4     3     2     2     1     1     1     1     1     1     1     1     1     1     1     2     2     2
          2     2     2     2     2     2     2     2     2     2     2     2     2     2     2     2     2     2     2     2
          2     2     2     2     2     2     1     1     1     1     1     1     0     0     0     0     1     2     2     2
          2     3     7    23    23    23    23    23    23    23    23    23    23    23    23    23    23    23    23    23
         23    23    23    23    23    23    23    23    23    23    23    23    23    23    23    23    23    23    23    23
         23    23
  20   1000   988   952   895   821   735   641   546   454   368   292   225   170   125    90    63    43    29    19    13
          8     5     4     3     2     2     1     1     1     1     1     1     1     1     2     2     2     2     2     2
          2     2     2     2     2     2     2     2     2     2     2     2     2     2     2     2     2     2     2     2
          2     2     2     2     2     1     1     1     1     1     1     0     0     0     0     1     2     2     2     3
          3     8    24    24    24    24    24    24    24    24    24    24    24    24    24    24    24    24    24    24
         24    24    24    24    24    24    24    24    24    24    24    24    24    24    24    24    24    24    24    24
         24
  21   1000   988   952   895   821   735   641   546   454   368   292   225   170   125    90    63    43    29    19    13
          8     5     4     3     2     2     2     1     1     1     1     2     2     2     2     2     2     2     2     2
          2     2     2     2     2     2     2     2     2     2     2     2     2     2     2     2     2     2     2     2
          2     2     2     2     2     1     1     1     1     1     0     0     0     0     1     2     2     2     3     3
          8    25    25    25    25    25    25    25    25    25    25    25    25    25    25    25    25    25    25    25
         25    25    25    25    25    25    25    25    25    25    25    25    25    25    25    25    25    25    25    25
  22   1000   988   952   895   821   735   641   546   454   368   292   225   170   125    90    63    43    29    19    13
          8     6     4     3     2     2     2     2     2     2     2     2     2     2     2     2     2     2     2     2
          2     2     2     2     2     2     2     2     2     2     2     2     2     2     2     2     2     2     2     2
          2     2     2     2     1     1     1     1     1     0     0     0     0     1     2     2     2     3     3     8
         26    26    26    26    26    26    26    26    26    26    26    26    26    26    26    26    26    26    26    26
         26    26    26    26    26    26    26    26    26    26    26    26    26    26    26    26    26    26    26
  23   1000   988   952   895   821   735   641   547   454   368   292   225   170   125    90    63    44    29    20    13
          8     6     4     3     2     2     2     2     2     2     2     2     2     2     2     2     2     2     2     2
          2     2     2     2     2     2     2     2     2     2     2     2     2     2     2     2     2     2     2     2
          2     2     2     2     1     1     1     1     0     0     0     0     1     2     2     3     3     3     9    28
         28    28    28    28    28    28    28    28    28    28    28    28    28    28    28    28    28    28    28    28
         28    28    28    28    28    28    28    28    28    28    28    28    28    28    28    28    28    28
  24   1000   988   952   895   821   735   642   547   454   369   292   225   170   125    90    63    44    29    20    13
          9     6     4     3     2     2     2     2     2     2     2     2     2     2     2     2     2     2     2     2
          2     2     2     2     2     2     2     2     2     2     2     2     2     2     2     2     2     2     2     2
          2     2     2     1     1     1     1     0     0     0     0     1     2     2     3     3     3     9    29    29
         29    29    29    29    29    29    29    29    29    29    29    29    29    29    29    29    29    29    29    29
         29    29    29    29    29    29    29    29    29    29    29    29    29    29    29    29    29
  25   1000   988   952   895   821   735   642   547   454   369   292   225   170   125    90    63    44    30    20    13
          9     6     4     3     2     2     2     2     2     2     2     2     2     2     2     2     2     2     2     2
          2     2     2     2     2     2     2     2     2     2     2     2     2     2     2     2     2     2     2     2
          2     2     1     1     1     1     0     0     0     0     1     2     2     3     3     3     9    29    29    29
         29    29    29    29    29    29    29    29    29    29    29    29    29    29    29    29    29    29    29    29
         29    29    29    29    29    29    29    29    29    29    29    29    29    29    29    29
  26   1000   988   952   895   821   735   642   547   454   369   292   225   170   125    90    63    44    30    20    13
          9     6     4     3     3     2     2     2     2     2     2     2     2     2     2     2     2     2     2     2
          2     2     2     2     2     2     2     2     2     2     2     2     2     2     2     2     2     2     2     2
          2     1     1     1     1     0     0     0     0     1     2     2     3     3     4     9    30    30    30    30
         30    30    30    30    30    30    30    30    30    30    30    30    30    30    30    30    30    30    30    30
         30    30    30    30    30    30    30    30    30    30    30    30    30    30    30
  27   1000   988   952   895   821   735   642   547   454   369   292   226   170   125    90    64    44    30    20    13
          9     6     4     3     3     2     2     2     2     2     2     2     2     2     2     2     2     2     2     2
          2     2     2     2     2     2     2     2     2     2     3     3     2     2     2     2     2     2     2     2
          1     1     1     1     0     0     0     0     1     2     3     3     3     4    10    31    31    31    31    31
         31    31    31    31    31    31    31    31    31    31    31    31    31    31    31    31    31    31    31    31
         31    31    31    31    31    31    31    31    31    31    31    31    31    31
  28   1000   988   952   895   821   735   642   547   454   369   292   226   170   125    90    64    44    30    20    13
          9     6     4     3     3     2     2     2     2     2     2     2     2     2     2     2     2     2     2     2
          2     2     2     2     2     2     3     3     3     3     3     3     3     2     2     2     2     2     2     2
          1     1     1     0     0     0     0     1     2     3     3     3     4    10    32    32    32    32    32    32
         32    32    32    32    32    32    32    32    32    32    32    32    32    32    32    32    32    32    32    32
         32    32    32    32    32    32    32    32    32    32    32    32    32
  29   1000   988   952   895   821   735   642   547   455   369   292   226   170   125    90    64    44    30    20    13
          9     6     4     3     3     2     2     2     2     2     2     2     2     2     2     2     2     2     2     2
          2     2     2     3     3     3     3     3     3     3     3     3     3     2     2     2     2     2     2     1
          1     1     0     0     0     0     1     2     3     3     3     4    10    33    33    33    33    33    33    33
         33    33    33    33    33    33    33    33    33    33    33    33    33    33    33    33    33    33    33    33
         33    33    33    33    33    33    33    33    33    33    33    33
  30   1000   988   952   895   821   735   642   547   455   369   292   226   170   126    90    64    44    30    20    13
          9     6     5     4     3     3     2     2     2     2     2     2     2     2     2     2     2     2     2     2
          3     3     3     3     3     3     3     3     3     3     3     3     2     2     2     2     2     2     1     1
          1     0     0     0     0     1     2     3     3     4     4    11    34    34    34    34    34    34    34    34
         34    34    34    34    34    34    34    34    34    34    34    34    34    34    34    34    34    34    34    34
         34    34    34    34    34    34    34    34    34    34    34
  31   1000   988   952   895   821   735   642   547   455   369   292   226   170   126    91    64    44    30    20    14
          9     6     5     4     3     3     3     2     2     2     2     2     2     2     2     2     3     3     3     3
          3     3     3     3     3     3     3     3     3     3     3     3     2     2     2     2     2     1     1     1
          0     0     0     0     1     2     3     3     4     4    11    34    34    34    34    34    34    34    34    34
         34    34    34    34    34    34    34    34    34    34    34    34    34    34    34    34    34    34    34    34
         34    34    34    34    34    34    34    34    34    34
  32   1000   988   952   895   821   735   642   547   455   369   292   226   170   126    91    64    44    30    20    14
          9     6     5     4     3     3     3     3     2     2     2     2     3     3     3     3     3     3     3     3
          3     3     3     3     3     3     3     3     3     3     3     3     2     2     2     2     1     1     1     1
          0     0     0     1     2     3     3     4     4    11    35    35    35    35    35    35    35    35    35    35
         35    35    35    35    35    35    35    35    35    35    35    35    35    35    35    35    35    35    35    35
         35    35    35    35    35    35    35    35    35
  33   1000   988   952   895   821   735   642   547   455   369   292   226   171   126    91    64    44    30    20    14
          9     7     5     4     3     3     3     3     3     3     3     3     3     3     3     3     3     3     3     3
          3     3     3     3     3     3     3     3     3     3     3     2     2     2     2     1     1     1     1     0
          0     0     1     2     3     3     4     4    11    36    36    36    36    36    36    36    36    36    36    36
         36    36    36    36    36    36    36    36    36    36    36    36    36    36    36    36    36    36    36    36
         36    36    36    36    36    36    36    36
  34   1000   988   952   895   821   735   642   547   455   369   292   226   171   126    91    64    44    30    21    14
          9     7     5     4     3     3     3     3     3     3     3     3     3     3     3     3     3     3     3     3
          3     3     3     3     3     3     3     3     3     3     2     2     2     2     2     1     1     1     0     0
          0     1     2     3     3     4     4    12    37    37    37    37    37    37    37    37    37    37    37    37
         37    37    37    37    37    37    37    37    37    37    37    37    37    37    37    37    37    37    37    37
         37    37    37    37    37    37    37
  35   1000   988   952   895   821   735   642   547   455   369   292   226   171   126    91    64    45    30    21    14
         10     7     5     4     3     3     3     3     3     3     3     3     3     3     3     3     3     3     3     3
          3     3     3     3     3     3     3     3     3     3     2     2     2     2     1     1     1     0     0     0
          1     2     3     4     4     4    12    38    38    38    38    38    38    38    38    38    38    38    38    38
         38    38    38    38    38    38    38    38    38    38    38    38    38    38    38    38    38    38    38    38
         38    38    38    38    38    38
  36   1000   988   952   895   821   735   642   547   455   369   292   226   171   126    91    64    45    31    21    14
         10     7     5     4     3     3     3     3     3     3     3     3     3     3     3     3     3     3     3     3
          3     3     3     3     3     3     3     3     3     2     2     2     2     1     1     1     0     0     0     1
          3     3     4     4     5    12    39    39    39    39    39    39    39    39    39    39    39    39    39    39
         39    39    39    39    39    39    39    39    39    39    39    39    39    39    39    39    39    39    39    39
         39    39    39    39    39
  37   1000   988   952   895   821   735   642   547   455   369   292   226   171   126    91    64    45    31    21    14
         10     7     5     4     4     3     3     3     3     3     3     3     3     3     3     3     3     3     3     3
          3     3     3     3     3     3     3     3     2     2     2     2     1     1     1     0     0     0     1     3
          3     4     4     5    13    41    41    41    41    41    41    41    41    41    41    41    41    41    41    41
         41    41    41    41    41    41    41    41    41    41    41    41    41    41    41    41    41    41    41    41
         41    41    41    41
  38   1000   988   952   895   821   735   642   547   455   369   293   226   171   126    91    65    45    31    21    14
         10     7     5     4     4     3     3     3     3     3     3     3     3     3     3     3     3     3     3     3
          3     3     3     3     3     3     3     3     2     2     2     1     1     1     0     0     0     2     3     3
          4     4     5    13    42    42    42    42    42    42    42    42    42    42    42    42    42    42    42    42
         42    42    42    42    42    42    42    42    42    42    42    42    42    42    42    42    42    42    42    42
         42    42    42
  39   1000   988   952   895   821   735   642   547   455   369   293   226   171   126    91    65    45    31    21    14
         10     7     5     4     4     3     3     3     3     3     3     3     3     3     3     3     3     3     3     3
          3     3     3     3     3     3     3     2     2     2     1     1     1     0     0     0     2     3     3     4
          4     5    13    43    43    43    43    43    43    43    43    43    43    43    43    43    43    43    43    43
         43    43    43    43    43    43    43    43    43    43    43    43    43    43    43    43    43    43    43    43
         43    43
  40   1000   988   952   895   821   735   642   547   455   369   293   226   171   126    91    65    45    31    21    15
         10     7     6     5     4     4     3     3     3     3     3     3     3     3     3     4     4     4     4     4
          3     3     3     3     3     3     2     2     2     1     1     1     0     0     0     2     3     4     4     5
          5    14    44    44    44    44    44    44    44    44    44    44    44    44    44    44    44    44    44    44
         44    44    44    44    44    44    44    44    44    44    44    44    44    44    44    44    44    44    44    44
         44
  41   1000   988   952   895   821   735   642   547   455   369   293   227   171   127    92    65    45    31    21    15
         10     7     6     5     4     4     4     3     3     3     3     3     4     4     4     4     4     4     4     4
          3     3     3     3     3     2     2     2     1     1     1     0     0     0     2     3     4     4     5     5
         14    45    45    45    45    45    45    45    45    45    45    45    45    45    45    45    45    45    45    45
         45    45    45    45    45    45    45    45    45    45    45    45    45    45    45    45    45    45    45    45
  42   1000   988   952   895   821   735   642   547   455   370   293   227   171   127    92    65    45    31    21    15
         10     8     6     5     4     4     4     4     3     4     4     4     4     4     4     4     4     4     4     4
          3     3     3     3     3     2     2     1     1     1     0     0     0     2     3     4     4     5     5    15
         46    46    46    46    46    46    46    46    46    46    46    46    46    46    46    46    46    46    46    46
         46    46    46    46    46    46    46    46    46    46    46    46    46    46    46    46    46    46    46
  43   1000   988   952   895   821   735   642   547   455   370   293   227   172   127    92    65    45    31    22    15
         10     8     6     5     4     4     4     4     4     4     4     4     4     4     4     4     4     4     4     4
          3     3     3     3     2     2     2     1     1     0     0     0     2     3     4     4     5     6    15    48
         48    48    48    48    48    48    48    48    48    48    48    48    48    48    48    48    48    48    48    48
         48    48    48    48    48    48    48    48    48    48    48    48    48    48    48    48    48    48
  44   1000   988   952   895   821   735   642   547   455   370   293   227   172   127    92    65    46    31    22    15
         11     8     6     5     4     4     4     4     4     4     4     4     4     4     4     4     4     4     4     3
          3     3     3     2     2     2     1     1     0     0     0     2     3     4     5     5     6    15    49    49
         49    49    49    49    49    49    49    49    49    49    49    49    49    49    49    49    49    49    49    49
         49    49    49    49    49    49    49    49    49    49    49    49    49    49    49    49    49
  45   1000   988   952   895   821   735   642   547   455   370   293   227   172   127    92    65    46    32    22    15
         11     8     6     5     5     4     4     4     4     4     4     4     4     4     4     4     4     4     4     3
          3     3     2     2     2     1     1     0     0     0     2     3     4     5     5     6    16    50    50    50
         50    50    50    50    50    50    50    50    50    50    50    50    50    50    50    50    50    50    50    50
         50    50    50    50    50    50    50    50    50    50    50    50    50    50    50    50
  46   1000   988   952   895   821   735   642   548   456   370   293   227   172   127    92    65    46    32    22    15
         11     8     6     5     5     4     4     4     4     4     4     4     4     4     4     4     4     4     3     3
          3     2     2     2     1     1     0     0     0     2     3     4     5     5     6    16    52    52    52    52
         52    52    52    52    52    52    52    52    52    52    52    52    52    52    52    52    52    52    52    52
         52    52    52    52    52    52    52    52    52    52    52    52    52    52    52
  47   1000   988   952   895   821   735   642   548   456   370   293   227   172   127    92    66    46    32    22    15
         11     8     6     5     5     5     4     4     4     4     4     4     4     4     4     4     4     3     3     3
          3     2     2     1     1     0     0     0     2     3     4     5     6     6    17    53    53    53    53    53
         53    53    53    53    53    53    53    53    53    53    53    53    53    53    53    53    53    53    53    53
         53    53    53    53    53    53    53    53    53    53    53    53    53    53
  48   1000   988   952   895   821   735   642   548   456   370   293   227   172   127    92    66    46    32    22    16
         11     8     7     6     5     5     5     4     4     4     4     4     4     4     4     4     4     3     3     3
          2     2     1     1     0     0     0     2     4     4     5     6     6    17    54    54    54    54    54    54
         54    54    54    54    54    54    54    54    54    54    54    54    54    54    54    54    54    54    54    54
         54    54    54    54    54    54    54    54    54    54    54    54    54
  49   1000   988   952   895   821   735   642   548   456   370   294   227   172   128    93    66    46    32    22    16
         11     8     7     6     5     5     5     5     4     4     4     4     4     4     4     4     3     3     3     2
          2     1     1     0     0     0     2     4     5     5     6     7    17    56    56    56    56    56    56    56
         56    56    56    56    56    56    56    56    56    56    56    56    56    56    56    56    56    56    56    56
         56    56    56    56    56    56    56    56    56    56    56    56
  50   1000   988   952   895   821   735   642   548   456   370   294   228   172   128    93    66    46    32    22    16
         11     9     7     6     5     5     5     5     5     5     5     4     4     4     4     3     3     3     2     2
          1     1     0     0     0     2     4     5     5     6     7    18    57    57    57    57    57    57    57    57
         57    57    57    57    57    57    57    57    57    57    57    57    57    57    57    57    57    57    57    57
         57    57    57    57    57    57    57    57    57    57    57
  51   1000   988   952   895   821   735   643   548   456   370   294   228   172   128    93    66    47    32    23    16
         12     9     7     6     6     5     5     5     5     5     5     4     4     4     4     3     3     2     2     1
          1     0     0     0     2     4     5     5     6     7    18    59    59    59    59    59    59    59    59    59
         59    59    59    59    59    59    59    59    59    59    59    59    59    59    59    59    59    59    59    59
         59    59    59    59    59    59    59    59    59    59
  52   1000   988   952   895   821   735   643   548   456   370   294   228   173   128    93    66    47    33    23    16
         12     9     7     6     6     5     5     5     5     5     4     4     4     4     3     3     2     2     1     1
          0     0     0     2     4     5     6     6     7    19    60    60    60    60    60    60    60    60    60    60
         60    60    60    60    60    60    60    60    60    60    60    60    60    60    60    60    60    60    60    60
         60    60    60    60    60    60    60    60    60
  53   1000   988   952   895   821   736   643   548   456   371   294   228   173   128    93    66    47    33    23    16
         12     9     7     6     6     5     5     5     5     5     4     4     4     3     3     2     2     1     1     0
          0     0     2     4     5     6     6     7    19    61    61    61    61    61    61    61    61    61    61    61
         61    61    61    61    61    61    61    61    61    61    61    61    61    61    61    61    61    61    61    61
         61    61    61    61    61    61    61    61
  54   1000   988   952   895   821   736   643   548   456   371   294   228   173   128    93    67    47    33    23    16
         12     9     8     6     6     5     5     5     5     4     4     4     3     3     3     2     1     1     0     0
          0     2     4     5     6     7     7    20    63    63    63    63    63    63    63    63    63    63    63    63
         63    63    63    63    63    63    63    63    63    63    63    63    63    63    63    63    63    63    63    63
         63    63    63    63    63    63    63
  55   1000   988   952   895   822   736   643   548   456   371   294   228   173   128    93    67    47    33    23    17
         12     9     8     7     6     5     5     5     4     4     4     3     3     3     2     2     1     0     0     0
          2     4     5     6     7     7    20    64    64    64    64    64    64    64    64    64    64    64    64    64
         64    64    64    64    64    64    64    64    64    64    64    64    64    64    64    64    64    64    64    64
         64    64    64    64    64    64
  56   1000   988   952   895   822   736   643   548   456   371   294   228   173   128    93    67    47    33    23    17
         12    10     8     7     6     5     5     5     4     4     4     3     3     2     2     1     0     0     0     2
          4     5     6     7     8    20    65    65    65    65    65    65    65    65    65    65    65    65    65    65
         65    65    65    65    65    65    65    65    65    65    65    65    65    65    65    65    65    65    65    65
         65    65    65    65    65
  57   1000   988   952   895   822   736   643   548   456   371   294   228   173   128    93    67    47    33    23    17
         12    10     8     7     6     5     5     4     4     4     3     3     2     2     1     0     0     0     2     4
          5     6     7     8    21    66    66    66    66    66    66    66    66    66    66    66    66    66    66    66
         66    66    66    66    66    66    66    66    66    66    66    66    66    66    66    66    66    66    66    66
         66    66    66    66
  58   1000   988   952   895   822   736   643   548   456   371   294   228   173   129    94    67    47    33    24    17
         12    10     8     7     6     5     5     4     4     3     3     2     2     1     0     0     0     2     4     5
          6     7     8    21    66    66    66    66    66    66    66    66    66    66    66    66    66    66    66    66
         66    66    66    66    66    66    66    66    66    66    66    66    66    66    66    66    66    66    66    66
         66    66    66
  59   1000   988   952   895   822   736   643   548   456   371   294   228   173   129    94    67    48    33    24    17
         13    10     8     6     6     5     4     4     3     3     2     2     1     0     0     0     2     4     5     6
          7     8    21    67    67    67    67    67    67    67    67    67    67    67    67    67    67    67    67    67
         67    67    67    67    67    67    67    67    67    67    67    67    67    67    67    67    67    67    67    67
         67    67
  60   1000   988   952   895   822   736   643   548   457   371   295   229   173   129    94    67    48    34    24    17
         13    10     8     6     5     5     4     3     3     2     2     1     0     0     0     2     4     5     6     7
          8    21    68    68    68    68    68    68    68    68    68    68    68    68    68    68    68    68    68    68
         68    68    68    68    68    68    68    68    68    68    68    68    68    68    68    68    68    68    68    68
         68
  61   1000   988   952   895   822   736   643   548   457   371   295   229   173   129    94    67    48    34    24    17
         12     9     7     6     5     4     4     3     2     2     1     0     0     0     3     4     6     6     7     8
         22    69    69    69    69    69    69    69    69    69    69    69    69    69    69    69    69    69    69    69
         69    69    69    69    69    69    69    69    69    69    69    69    69    69    69    69    69    69    69    69
  62   1000   988   952   895   822   736   643   548   457   371   295   229   174   129    94    67    48    34    24    17
         12     9     7     6     5     4     3     2     2     1     0     0     0     3     5     6     6     7     8    22
         70    70    70    70    70    70    70    70    70    70    70    70    70    70    70    70    70    70    70    70
         70    70    70    70    70    70    70    70    70    70    70    70    70    70    70    70    70    70    70
  63   1000   988   952   895   822   736   643   548   457   371   295   229   174   129    94    68    48    34    24    17
         12     9     7     5     4     3     3     2     1     0     0     0     3     5     6     7     7     8    22    70
         70    70    70    70    70    70    70    70    70    70    70    70    70    70    70    70    70    70    70    70
         70    70    70    70    70    70    70    70    70    70    70    70    70    70    70    70    70    70
  64   1000   988   952   895   822   736   643   549   457   371   295   229   174   129    94    68    48    34    24    17
         12     9     7     5     4     3     2     1     0     0     0     3     5     6     7     7     8    22    71    71
         71    71    71    71    71    71    71    71    71    71    71    71    71    71    71    71    71    71    71    71
         71    71    71    71    71    71    71    71    71    71    71    71    71    71    71    71    71
  65   1000   988   952   895   822   736   643   549   457   371   295   229   174   129    94    68    48    34    24    17
         12     9     6     5     3     2     1     1     0     0     3     5     6     7     8     8    23    72    72    72
         72    72    72    72    72    72    72    72    72    72    72    72    72    72    72    72    72    72    72    72
         72    72    72    72    72    72    72    72    72    72    72    72    72    72    72    72
  66   1000   988   952   895   822   736   643   549   457   372   295   229   174   129    94    68    48    34    24    17
         12     8     6     4     3     2     1     0     0     3     5     6     7     8     8    23    72    72    72    72
         72    72    72    72    72    72    72    72    72    72    72    72    72    72    72    72    72    72    72    72
         72    72    72    72    72    72    72    72    72    72    72    72    72    72    72
  67   1000   988   952   895   822   736   643   549   457   372   295   229   174   129    95    68    48    34    24    17
         12     8     6     4     2     1     0     0     2     5     6     7     8     9    23    73    73    73    73    73
         73    73    73    73    73    73    73    73    73    73    73    73    73    73    73    73    73    73    73    73
         73    73    73    73    73    73    73    73    73    73    73    73    73    73
  68   1000   988   952   895   822   736   643   549   457   372   295   229   174   130    95    68    48    34    24    17
         12     8     5     3     2     0     0     3     4     6     7     8     8    23    74    74    74    74    74    74
         74    74    74    74    74    74    74    74    74    74    74    74    74    74    74    74    74    74    74    74
         74    74    74    74    74    74    74    74    74    74    74    74    74
  69   1000   988   952   895   822   736   643   549   457   372   295   230   175   130    95    69    49    34    24    17
         12     8     5     3     1     1     2     4     5     6     7     8    23    74    74    74    74    74    74    74
         74    74    74    74    74    74    74    74    74    74    74    74    74    74    74    74    74    74    74    74
         74    74    74    74    74    74    74    74    74    74    74    74
  70   1000   988   952   895   822   736   643   549   457   372   296   230   175   131    96    69    50    35    25    17
         12     8     5     2     1     2     4     5     6     7     8    23    75    75    75    75    75    75    75    75
         75    75    75    75    75    75    75    75    75    75    75    75    75    75    75    75    75    75    75    75
         75    75    75    75    75    75    75    75    75    75    75
  71   1000   988   952   895   822   736   643   549   458   372   296   231   176   132    97    71    51    36    26    18
         12     8     4     2     2     3     5     6     7     8    23    76    76    76    76    76    76    76    76    76
         76    76    76    76    76    76    76    76    76    76    76    76    76    76    76    76    76    76    76    76
         76    76    76    76    76    76    76    76    76    76
  72   1000   988   952   896   822   736   644   549   458   373   298   232   178   134   100    73    53    38    27    19
         13     7     3     2     2     3     5     6     7    23    77    77    77    77    77    77    77    77    77    77
         77    77    77    77    77    77    77    77    77    77    77    77    77    77    77    77    77    77    77    77
         77    77    77    77    77    77    77    77    77
  73   1000   988   952   896   822   736   644   550   459   375   299   235   181   137   103    76    56    41    29    20
         12     5     1     0     2     3     5     6    22    78    78    78    78    78    78    78    78    78    78    78
         78    78    78    78    78    78    78    78    78    78    78    78    78    78    78    78    78    78    78    78
         78    78    78    78    78    78    78    78
  74   1000   988   952   896   822   737   645   551   461   377   302   238   185   141   107    80    60    43    31    19
          9     0    -2     0     1     3     5    21    79    79    79    79    79    79    79    79    79    79    79    79
         79    79    79    79    79    79    79    79    79    79    79    79    79    79    79    79    79    79    79    79
         79    79    79    79    79    79    79
  75   1000   988   952   896   822   737   646   553   463   380   307   243   190   147   113    85    64    46    30    14
         -1    -6    -5    -2     0     2    19    80    80    80    80    80    80    80    80    80    80    80    80    80
         80    80    80    80    80    80    80    80    80    80    80    80    80    80    80    80    80    80    80    80
         80    80    80    80    80    80
  76   1000   988   952   896   823   738   648   556   467   385   313   250   198   155   120    91    67    45    21    -3
        -13   -12    -8    -5    -1    16    80    80    80    80    80    80    80    80    80    80    80    80    80    80
         80    80    80    80    80    80    80    80    80    80    80    80    80    80    80    80    80    80    80    80
         80    80    80    80    80
  77   1000   988   952   896   824   740   650   560   473   393   322   260   208   164   128    96    66    31    -5   -22
        -21   -17   -12    -7    12    81    81    81    81    81    81    81    81    81    81    81    81    81    81    81
         81    81    81    81    81    81    81    81    81    81    81    81    81    81    81    81    81    81    81    81
         81    81    81    81
  78   1000   988   953   897   826   743   655   566   481   403   333   271   219   174   134    94    45    -9   -34   -35
        -29   -23   -16     5    81    81    81    81    81    81    81    81    81    81    81    81    81    81    81    81
         81    81    81    81    81    81    81    81    81    81    81    81    81    81    81    81    81    81    81    81
         81    81    81
  79   1000   988   953   898   828   747   661   575   492   415   346   285   230   181   130    64   -14   -51   -53   -46
        -37   -28    -4    80    80    80    80    80    80    80    80    80    80    80    80    80    80    80    80    80
         80    80    80    80    80    80    80    80    80    80    80    80    80    80    80    80    80    80    80    80
         80    80
  80   1000   988   954   900   831   753   669   585   505   429   360   297   238   174    88   -19   -72   -77   -68   -56
        -45   -18    79    79    79    79    79    79    79    79    79    79    79    79    79    79    79    79    79    79
         79    79    79    79    79    79    79    79    79    79    79    79    79    79    79    79    79    79    79    79
         79
  81   1000   988   955   902   836   760   679   598   519   444   374   304   227   117   -25   -98  -107   -96   -81   -66
        -35    77    77    77    77    77    77    77    77    77    77    77    77    77    77    77    77    77    77    77
         77    77    77    77    77    77    77    77    77    77    77    77    77    77    77    77    77    77    77    77
  82   1000   989   956   906   841   768   691   612   534   457   379   288   153   -30  -129  -143  -131  -112   -93   -58
         74    74    74    74    74    74    74    74    74    74    74    74    74    74    74    74    74    74    74    74
         74    74    74    74    74    74    74    74    74    74    74    74    74    74    74    74    74    74    74
  83   1000   989   958   909   848   778   703   625   545   460   357   194   -36  -163  -184  -171  -149  -126   -85    71
         71    71    71    71    71    71    71    71    71    71    71    71    71    71    71    71    71    71    71    71
         71    71    71    71    71    71    71    71    71    71    71    71    71    71    71    71    71    71
  84   1000   989   960   913   855   787   713   634   545   430   240   -39  -200  -231  -217  -192  -164  -118    66    66
         66    66    66    66    66    66    66    66    66    66    66    66    66    66    66    66    66    66    66    66
         66    66    66    66    66    66    66    66    66    66    66    66    66    66    66    66    66
  85   1000   990   962   918   861   795   719   629   507   291   -40  -238  -280  -268  -240  -207  -155    61    61    61
         61    61    61    61    61    61    61    61    61    61    61    61    61    61    61    61    61    61    61    61
         61    61    61    61    61    61    61    61    61    61    61    61    61    61    61    61
  86   1000   990   963   921   866   797   710   583   345   -37  -275  -331  -321  -291  -254  -197    55    55    55    55
         55    55    55    55    55    55    55    55    55    55    55    55    55    55    55    55    55    55    55    55
         55    55    55    55    55    55    55    55    55    55    55    55    55    55    55
  87   1000   991   965   923   865   785   658   403   -28  -307  -380  -375  -344  -304  -242    48    48    48    48    48
         48    48    48    48    48    48    48    48    48    48    48    48    48    48    48    48    48    48    48    48
         48    48    48    48    48    48    48    48    48    48    48    48    48    48
  88   1000   991   965   921   851   730   464   -11  -332  -425  -427  -397  -356  -289    40    40    40    40    40    40
         40    40    40    40    40    40    40    40    40    40    40    40    40    40    40    40    40    40    40    40
         40    40    40    40    40    40    40    40    40    40    40    40    40
  89   1000   991   963   908   797   528    16  -346  -460  -473  -447  -405  -336    32    32    32    32    32    32    32
         32    32    32    32    32    32    32    32    32    32    32    32    32    32    32    32    32    32    32    32
         32    32    32    32    32    32    32    32    32    32    32    32
  90   1000   990   953   859   599    62  -341  -481  -507  -488  -450  -380    24    24    24    24    24    24    24    24
         24    24    24    24    24    24    24    24    24    24    24    24    24    24    24    24    24    24    24    24
         24    24    24    24    24    24    24    24    24    24    24
  91   1000   986   917   680   135  -308  -477  -521  -513  -481  -415    14    14    14    14    14    14    14    14    14
         14    14    14    14    14    14    14    14    14    14    14    14    14    14    14    14    14    14    14    14
         14    14    14    14    14    14    14    14    14    14
  92   1000   970   780   254  -221  -425  -493  -503  -483  -427     4     4     4     4     4     4     4     4     4     4
          4     4     4     4     4     4     4     4     4     4     4     4     4     4     4     4     4     4     4     4
          4     4     4     4     4     4     4     4     4
  93   1000   906   459   -27  -270  -372  -408  -411  -377    -6    -6    -6    -6    -6    -6    -6    -6    -6    -6    -6
         -6    -6    -6    -6    -6    -6    -6    -6    -6    -6    -6    -6    -6    -6    -6    -6    -6    -6    -6    -6
         -6    -6    -6    -6    -6    -6    -6    -6
  94   1000   787   373   112   -25  -100  -139  -150     0     0     0     0     0     0     0     0     0     0     0     0
          0     0     0     0     0     0     0     0     0     0     0     0     0     0     0     0     0     0     0     0
          0     0     0     0     0     0     0
  95   1000   862   683   554   462   391   325    36    36    36    36    36    36    36    36    36    36    36    36    36
         36    36    36    36    36    36    36    36    36    36    36    36    36    36    36    36    36    36    36    36
         36    36    36    36    36    36
  96   1000   956   889   821   755   671    65    65    65    65    65    65    65    65    65    65    65    65    65    65
         65    65    65    65    65    65    65    65    65    65    65    65    65    65    65    65    65    65    65    65
         65    65    65    65    65
  97   1000   983   946   898   821    81    81    81    81    81    81    81    81    81    81    81    81    81    81    81
         81    81    81    81    81    81    81    81    81    81    81    81    81    81    81    81    81    81    81    81
         81    81    81    81
  98   1000   989   961   898    93    93    93    93    93    93    93    93    93    93    93    93    93    93    93    93
         93    93    93    93    93    93    93    93    93    93    93    93    93    93    93    93    93    93    93    93
         93    93    93
  99   1000   991   944   105   105   105   105   105   105   105   105   105   105   105   105   105   105   105   105   105
        105   105   105   105   105   105   105   105   105   105   105   105   105   105   105   105   105   105   105   105
        105   105
 100   1000   971   117   117   117   117   117   117   117   117   117   117   117   117   117   117   117   117   117   117
        117   117   117   117   117   117   117   117   117   117   117   117   117   117   117   117   117   117   117   117
        117
 101   1000   314   314   314   314   314   314   314   314   314   314   314   314   314   314   314   314   314   314   314
        314   314   314   314   314   314   314   314   314   314   314   314   314   314   314   314   314   314   314   314
 102   1000  1000  1000  1000  1000  1000  1000  1000  1000  1000  1000  1000  1000  1000  1000  1000  1000  1000  1000  1000
       1000  1000  1000  1000  1000  1000  1000  1000  1000  1000  1000  1000  1000  1000  1000  1000  1000  1000  1000
 103   1000  1000  1000  1000  1000  1000  1000  1000  1000  1000  1000  1000  1000  1000  1000  1000  1000  1000  1000  1000
       1000  1000  1000  1000  1000  1000  1000  1000  1000  1000  1000  1000  1000  1000  1000  1000  1000  1000
 104   1000  1000  1000  1000  1000  1000  1000  1000  1000  1000  1000  1000  1000  1000  1000  1000  1000  1000  1000  1000
       1000  1000  1000  1000  1000  1000  1000  1000  1000  1000  1000  1000  1000  1000  1000  1000  1000
 105   1000  1000  1000  1000  1000  1000  1000  1000  1000  1000  1000  1000  1000  1000  1000  1000  1000  1000  1000  1000
       1000  1000  1000  1000  1000  1000  1000  1000  1000  1000  1000  1000  1000  1000  1000  1000
 106   1000  1000  1000  1000  1000  1000  1000  1000  1000  1000  1000  1000  1000  1000  1000  1000  1000  1000  1000  1000
       1000  1000  1000  1000  1000  1000  1000  1000  1000  1000  1000  1000  1000  1000  1000
 107   1000  1000  1000  1000  1000  1000  1000  1000  1000  1000  1000  1000  1000  1000  1000  1000  1000  1000  1000  1000
       1000  1000  1000  1000  1000  1000  1000  1000  1000  1000  1000  1000  1000  1000
 108   1000  1000  1000  1000  1000  1000  1000  1000  1000  1000  1000  1000  1000  1000  1000  1000  1000  1000  1000  1000
       1000  1000  1000  1000  1000  1000  1000  1000  1000  1000  1000  1000  1000
 109   1000  1000  1000  1000  1000  1000  1000  1000  1000  1000  1000  1000  1000  1000  1000  1000  1000  1000  1000  1000
       1000  1000  1000  1000  1000  1000  1000  1000  1000  1000  1000  1000
 110   1000  1000  1000  1000  1000  1000  1000  1000  1000  1000  1000  1000  1000  1000  1000  1000  1000  1000  1000  1000
       1000  1000  1000  1000  1000  1000  1000  1000  1000  1000  1000
 111   1000  1000  1000  1000  1000  1000  1000  1000  1000  1000  1000  1000  1000  1000  1000  1000  1000  1000  1000  1000
       1000  1000  1000  1000  1000  1000  1000  1000  1000  1000
 112   1000  1000  1000  1000  1000  1000  1000  1000  1000  1000  1000  1000  1000  1000  1000  1000  1000  1000  1000  1000
       1000  1000  1000  1000  1000  1000  1000  1000  1000
 113   1000  1000  1000  1000  1000  1000  1000  1000  1000  1000  1000  1000  1000  1000  1000  1000  1000  1000  1000  1000
       1000  1000  1000  1000  1000  1000  1000  1000
 114   1000  1000  1000  1000  1000  1000  1000  1000  1000  1000  1000  1000  1000  1000  1000  1000  1000  1000  1000  1000
       1000  1000  1000  1000  1000  1000  1000
 115   1000  1000  1000  1000  1000  1000  1000  1000  1000  1000  1000  1000  1000  1000  1000  1000  1000  1000  1000  1000
       1000  1000  1000  1000  1000  1000
 116   1000  1000  1000  1000  1000  1000  1000  1000  1000  1000  1000  1000  1000  1000  1000  1000  1000  1000  1000  1000
       1000  1000  1000  1000  1000
 117   1000  1000  1000  1000  1000  1000  1000  1000  1000  1000  1000  1000  1000  1000  1000  1000  1000  1000  1000  1000
       1000  1000  1000  1000
 118   1000  1000  1000  1000  1000  1000  1000  1000  1000  1000  1000  1000  1000  1000  1000  1000  1000  1000  1000  1000
       1000  1000  1000
 119   1000  1000  1000  1000  1000  1000  1000  1000  1000  1000  1000  1000  1000  1000  1000  1000  1000  1000  1000  1000
       1000  1000
 120   1000  1000  1000  1000  1000  1000  1000  1000  1000  1000  1000  1000  1000  1000  1000  1000  1000  1000  1000  1000
       1000
 121   1000  1000  1000  1000  1000  1000  1000  1000  1000  1000  1000  1000  1000  1000  1000  1000  1000  1000  1000  1000
 122   1000  1000  1000  1000  1000  1000  1000  1000  1000  1000  1000  1000  1000  1000  1000  1000  1000  1000  1000
 123   1000  1000  1000  1000  1000  1000  1000  1000  1000  1000  1000  1000  1000  1000  1000  1000  1000  1000
 124   1000  1000  1000  1000  1000  1000  1000  1000  1000  1000  1000  1000  1000  1000  1000  1000  1000
 125   1000  1000  1000  1000  1000  1000  1000  1000  1000  1000  1000  1000  1000  1000  1000  1000
 126   1000  1000  1000  1000  1000  1000  1000  1000  1000  1000  1000  1000  1000  1000  1000
 127   1000  1000  1000  1000  1000  1000  1000  1000  1000  1000  1000  1000  1000  1000
 128   1000  1000  1000  1000  1000  1000  1000  1000  1000  1000  1000  1000  1000
 129   1000  1000  1000  1000  1000  1000  1000  1000  1000  1000  1000  1000
 130   1000  1000  1000  1000  1000  1000  1000  1000  1000  1000  1000
 131   1000  1000  1000  1000  1000  1000  1000  1000  1000  1000
 132   1000  1000  1000  1000  1000  1000  1000  1000  1000
 133   1000  1000  1000  1000  1000  1000  1000  1000
 134   1000  1000  1000  1000  1000  1000  1000
 135   1000  1000  1000  1000  1000  1000
 136   1000  1000  1000  1000  1000
 137   1000  1000  1000  1000
 138   1000  1000  1000
 139   1000  1000
 140   1000

 Finished!
