NIF_RUN Passive 18x snout on TANDM 90-348 Pinhole
  140    5    1    0    1
   0.00500   9.00000   0.03000   0.03000
   0.0000000   0   0 1.00000000E+00   1.0000000
ZR902    1.706E-12 0.010       0.00       0.00        (    )
IN115N   4.881E-13 0.007       0.00       0.00        (    )
AU197G   8.079E-14 0.010       0.00 AUNG  3.94 IFX    (ISTP)
IN115G   1.161E-13 0.020       0.00 INNG 39.37 IFX    (ISTP)
AU1972   1.218E-11 0.053       0.00       0.00        (    )
Flux Uncertainty
 140
 0.0000E+00 0.0000E+00 0.0000E+00 0.0000E+00 0.0000E+00 0.0000E+00 0.0000E+00
 0.0000E+00 0.0000E+00 0.0000E+00 0.0000E+00 0.0000E+00 0.0000E+00 0.0000E+00
 1.0000E+00 1.0000E+00 1.0000E+00 1.0000E+00 1.0000E+00 1.0000E+00 1.0000E+00
 1.0000E+00 1.0000E+00 1.0000E+00 1.0000E+00 1.0000E+00 1.0000E+00 1.0000E+00
 1.0000E+00 1.0000E+00 1.0000E+00 1.0000E+00 1.0000E+00 1.0000E+00 1.0000E+00
 1.0000E+00 1.0000E+00 1.0000E+00 1.0000E+00 1.0000E+00 1.0000E+00 1.0000E+00
 1.0000E+00 1.0000E+00 1.0000E+00 1.0000E+00 1.0000E+00 1.0000E+00 1.0000E+00
 1.0000E+00 1.0000E+00 1.0000E+00 1.0000E+00 1.0000E+00 1.0000E+00 1.0000E+00
 1.0000E+00 1.0000E+00 1.0000E+00 1.0000E+00 1.0000E+00 1.0000E+00 1.0000E+00
 1.0000E+00 1.0000E+00 1.0000E+00 1.0000E+00 1.0000E+00 1.0000E+00 1.0000E+00
 1.0000E+00 1.0000E+00 1.0000E+00 1.0000E+00 1.0000E+00 1.0000E+00 1.0000E+00
 1.0000E+00 1.0000E+00 1.0000E+00 1.0000E+00 1.0000E+00 1.0000E+00 1.0000E+00
 1.0000E+00 1.0000E+00 1.0000E+00 1.0000E+00 1.0000E+00 1.0000E+00 1.0000E+00
 1.0000E+00 1.0000E+00 1.0000E+00 1.0000E+00 0.0000E+00 0.0000E+00 0.0000E+00
 0.0000E+00 0.0000E+00 0.0000E+00 0.0000E+00 0.0000E+00 0.0000E+00 0.0000E+00
 0.0000E+00 0.0000E+00 0.0000E+00 0.0000E+00 0.0000E+00 0.0000E+00 0.0000E+00
 0.0000E+00 0.0000E+00 0.0000E+00 0.0000E+00 0.0000E+00 0.0000E+00 0.0000E+00
 0.0000E+00 0.0000E+00 0.0000E+00 0.0000E+00 0.0000E+00 0.0000E+00 0.0000E+00
 0.0000E+00 0.0000E+00 0.0000E+00 0.0000E+00 0.0000E+00 0.0000E+00 0.0000E+00
 0.0000E+00 0.0000E+00 0.0000E+00 0.0000E+00 0.0000E+00 0.0000E+00 0.0000E+00
Input Flux Spectrum
 140   1 1.000E+00 2.000E+01 5.000E-08
 0.0000E+00 0.0000E+00 0.0000E+00 0.0000E+00 0.0000E+00 0.0000E+00 0.0000E+00
 0.0000E+00 0.0000E+00 0.0000E+00 0.0000E+00 0.0000E+00 0.0000E+00 0.0000E+00
 1.0000E+00 1.0000E+00 1.0000E+00 1.0000E+00 1.0000E+00 1.0000E+00 1.0000E+00
 1.0000E+00 1.0000E+00 1.0000E+00 1.0000E+00 1.0000E+00 1.0000E+00 1.0000E+00
 1.0000E+00 1.0000E+00 1.0000E+00 1.0000E+00 1.0000E+00 1.0000E+00 1.0000E+00
 1.0000E+00 1.0000E+00 1.0000E+00 1.0000E+00 1.0000E+00 1.0000E+00 1.0000E+00
 1.0000E+00 1.0000E+00 1.0000E+00 1.0000E+00 1.0000E+00 1.0000E+00 1.0000E+00
 1.0000E+00 1.0000E+00 1.0000E+00 1.0000E+00 1.0000E+00 1.0000E+00 1.0000E+00
 1.0000E+00 1.0000E+00 1.0000E+00 1.0000E+00 1.0000E+00 1.0000E+00 1.0000E+00
 1.0000E+00 1.0000E+00 1.0000E+00 1.0000E+00 1.0000E+00 1.0000E+00 1.0000E+00
 1.0000E+00 1.0000E+00 1.0000E+00 1.0000E+00 1.0000E+00 1.0000E+00 1.0000E+00
 1.0000E+00 1.0000E+00 1.0000E+00 1.0000E+00 1.0000E+00 1.0000E+00 1.0000E+00
 1.0000E+00 1.0000E+00 1.0000E+00 1.0000E+00 1.0000E+00 1.0000E+00 1.0000E+00
 1.0000E+00 1.0000E+00 1.0000E+00 1.0000E+00 0.0000E+00 0.0000E+00 0.0000E+00
 0.0000E+00 0.0000E+00 0.0000E+00 0.0000E+00 0.0000E+00 0.0000E+00 0.0000E+00
 0.0000E+00 0.0000E+00 0.0000E+00 0.0000E+00 0.0000E+00 0.0000E+00 0.0000E+00
 0.0000E+00 0.0000E+00 0.0000E+00 0.0000E+00 0.0000E+00 0.0000E+00 0.0000E+00
 0.0000E+00 0.0000E+00 0.0000E+00 0.0000E+00 0.0000E+00 0.0000E+00 0.0000E+00
 0.0000E+00 0.0000E+00 0.0000E+00 0.0000E+00 0.0000E+00 0.0000E+00 0.0000E+00
 0.0000E+00 0.0000E+00 0.0000E+00 0.0000E+00 0.0000E+00 0.0000E+00 0.0000E+00
   10   13   28   11    8    5    8    7   10   40



                         ==============================
                               STAYSL PNNL OUTPUT
                         ==============================

 STAYSL PNNL, version 1.2.0, 2015-08-05


 SCENARIO TITLE: NIF_RUN Passive 18x snout on TANDM 90-348 Pinhole
 -------------------------------------------------------------------------------
  NGROUP =   140    NRXN =     5    ACTIVITY NORM = 1.00000E+00

  COVARIANCE PARAMETERS (FCHN, FCVX, ACVX, FS)
    FLUXES:      WIDTH =  9.0000E+00   LONG RANGE COVAR. =  3.0000E-02
            ACTIVITIES =  5.0000E-03   X-SECT CROSS COR. =  3.0000E-02

    DETERM =   1.5310 × 10^   6.00      ERROR =  -1.7764E-16

  INPUT NORMALIZATION DATA
    AK1   =     0.00000     VAK        =     0.00090
    NORML =           0     RENORM     = 1.10134E+08
    CHI²  = 22908.00489     NORM. CHI² =  5727.00122
     (logarithmic limit was applied to low fluxes)

  DOSIMETRY ACTIVITIES
     ———— INPUTS —————  -UNADJUSTED FLUX-  — ADJUSTED FLUX —    CHI²  90% ACTIVITIES RANGE
 RXN  MEASURED     ±%   ACTIVITY    %DIFF  ACTIVITY    %DIFF  CONTRIB --LOW E-- --HIGH E--   REACTION          CVR
  1  1.706E-12    1.00  1.354E-16  -99.99  1.198E-15  -99.93 5676.322  1.20E+01  1.40E+01  ZR90(N,2N)ZR89          
  2  4.881E-13    0.70  7.252E-16  -99.85  1.124E-14  -97.7016783.828  1.40E+00  1.00E+01  IN115(N,N')IN115M       
  3  8.079E-14    1.00  8.329E-14    3.09  1.235E-13   52.82    1.103  4.50E-05  5.50E-03  AU197(N,G)AU198         
  4  1.161E-13    2.00  1.538E-14  -86.75  4.372E-14  -62.34  293.920  3.00E-05  7.80E-01  IN115(N,G)IN116M        
  5  1.218E-11    5.30  1.076E-15  -99.99  1.141E-14  -99.91  152.832  9.00E+00  1.40E+01  AU197(N,2N)AU196        

             % STD. DEV.  =         96.83              95.12

                              CHECK INPUT, IT IS RATHER UNLIKELY !
                                   *** BEWARE OF OUTPUT ! ***


  DIFFERENTIAL FLUXES (input is normalized by a factor of 1.1013E+08)
                  —————— DIFFERENTIAL FLUX —————   ———— STD. DEV. % ————   INTEGRAL
 GRP    ENERGY        NEW         OLD      RATIO    NEW     OLD    RATIO   FLUX > E     ± %
  15  2.8000E-06  1.8797E+12  7.5954E+13   0.025   21.22  100.00   0.212  6.8181E+10   47.76
  16  4.2500E-06  2.1896E+12  5.3724E+13   0.041   13.91  100.00   0.139  6.8179E+10   47.76
  17  6.3000E-06  3.0192E+12  3.7977E+13   0.079   17.77  100.00   0.178  6.8174E+10   47.76
  18  9.2000E-06  4.5807E+12  2.5612E+13   0.179   27.42  100.00   0.274  6.8165E+10   47.77
  19  1.3500E-05  1.4902E+13  1.4684E+13   1.015   37.34  100.00   0.373  6.8146E+10   47.78
  20  2.1000E-05  2.4326E+13  1.2237E+13   1.988   46.06  100.00   0.461  6.8034E+10   47.86
  21  3.0000E-05  2.1804E+13  7.3422E+12   2.970   53.13  100.00   0.531  6.7815E+10   48.03
  22  4.5000E-05  1.7955E+13  4.5889E+12   3.913   58.53  100.00   0.585  6.7488E+10   48.27
  23  6.9000E-05  1.6967E+13  3.5527E+12   4.776   62.43  100.00   0.624  6.7057E+10   48.59
  24  1.0000E-04  1.7392E+13  3.1467E+12   5.527   65.14  100.00   0.651  6.6531E+10   48.99
  25  1.3500E-04  1.9341E+13  3.1467E+12   6.147   67.04  100.00   0.670  6.5922E+10   49.46
  26  1.7000E-04  1.4595E+13  2.2027E+12   6.626   68.50  100.00   0.685  6.5245E+10   49.98
  27  2.2000E-04  1.2789E+13  1.8356E+12   6.967   69.82  100.00   0.698  6.4516E+10   50.54
  28  2.8000E-04  9.8873E+12  1.3767E+12   7.182   71.19  100.00   0.712  6.3748E+10   51.14
  29  3.6000E-04  8.9173E+12  1.2237E+12   7.287   72.70  100.00   0.727  6.2957E+10   51.76
  30  4.5000E-04  6.4343E+12  8.8107E+11   7.303   74.35  100.00   0.744  6.2155E+10   52.39
  31  5.7500E-04  4.3161E+12  5.9532E+11   7.250   76.09  100.00   0.761  6.1350E+10   53.03
  32  7.6000E-04  3.9362E+12  5.5067E+11   7.148   77.86  100.00   0.779  6.0552E+10   53.67
  33  9.6000E-04  2.4518E+12  3.4963E+11   7.012   79.59  100.00   0.796  5.9765E+10   54.30
  34  1.2750E-03  2.3231E+12  3.3887E+11   6.855   81.25  100.00   0.813  5.8992E+10   54.93
  35  1.6000E-03  1.8405E+12  2.7533E+11   6.685   82.81  100.00   0.828  5.8237E+10   55.55
  36  2.0000E-03  1.0234E+12  1.5733E+11   6.505   84.28  100.00   0.843  5.7501E+10   56.17
  37  2.7000E-03  9.9377E+11  1.5733E+11   6.316   85.65  100.00   0.857  5.6785E+10   56.78
  38  3.4000E-03  6.1267E+11  1.0012E+11   6.119   86.96  100.00   0.870  5.6089E+10   57.39
  39  4.5000E-03  6.5110E+11  1.1013E+11   5.912   88.20  100.00   0.882  5.5415E+10   57.99
  40  5.5000E-03  3.6882E+11  6.4784E+10   5.693   89.40  100.00   0.894  5.4764E+10   58.58
  41  7.2000E-03  3.0076E+11  5.5067E+10   5.462   90.56  100.00   0.906  5.4137E+10   59.16
  42  9.2000E-03  2.0527E+11  3.9333E+10   5.219   91.67  100.00   0.917  5.3536E+10   59.73
  43  1.2000E-02  1.8227E+11  3.6711E+10   4.965   92.73  100.00   0.927  5.2961E+10   60.29
  44  1.5000E-02  1.2957E+11  2.7533E+10   4.706   93.71  100.00   0.937  5.2414E+10   60.84
  45  1.9000E-02  7.5245E+10  1.6944E+10   4.441   94.63  100.00   0.946  5.1896E+10   61.37
  46  2.5500E-02  7.0781E+10  1.6944E+10   4.177   95.47  100.00   0.955  5.1407E+10   61.88
  47  3.2000E-02  5.3961E+10  1.3767E+10   3.920   96.21  100.00   0.962  5.0947E+10   62.37
  48  4.0000E-02  3.2352E+10  8.8107E+09   3.672   96.86  100.00   0.969  5.0515E+10   62.84
  49  5.2500E-02  2.8051E+10  8.1580E+09   3.438   97.42  100.00   0.974  5.0111E+10   63.29
  50  6.6000E-02  1.6137E+10  5.0061E+09   3.223   97.89  100.00   0.979  4.9732E+10   63.72
  51  8.8000E-02  1.5169E+10  5.0061E+09   3.030   98.28  100.00   0.983  4.9377E+10   64.13
  52  1.1000E-01  1.2607E+10  4.4053E+09   2.862   98.59  100.00   0.986  4.9043E+10   64.51
  53  1.3500E-01  1.1988E+10  4.4053E+09   2.721   98.85  100.00   0.989  4.8728E+10   64.88
  54  1.6000E-01  9.5883E+09  3.6711E+09   2.612   99.06  100.00   0.991  4.8428E+10   65.23
  55  1.9000E-01  9.3119E+09  3.6711E+09   2.537   99.22  100.00   0.992  4.8141E+10   65.57
  56  2.2000E-01  7.8636E+09  3.1467E+09   2.499   99.35  100.00   0.993  4.7861E+10   65.90
  57  2.5500E-01  7.8777E+09  3.1467E+09   2.504   99.45  100.00   0.994  4.7586E+10   66.23
  58  2.9000E-01  9.3798E+09  3.6711E+09   2.555   99.52  100.00   0.995  4.7310E+10   66.55
  59  3.2000E-01  7.3222E+09  2.7533E+09   2.659   99.58  100.00   0.996  4.7029E+10   66.88
  60  3.6000E-01  7.7731E+09  2.7533E+09   2.823   99.63  100.00   0.996  4.6736E+10   67.21
  61  4.0000E-01  6.7260E+09  2.2027E+09   3.054   99.66  100.00   0.997  4.6425E+10   67.56
  62  4.5000E-01  7.3968E+09  2.2027E+09   3.358   99.68  100.00   0.997  4.6089E+10   67.93
  63  5.0000E-01  8.2470E+09  2.2027E+09   3.744   99.70  100.00   0.997  4.5719E+10   68.33
  64  5.5000E-01  9.2908E+09  2.2027E+09   4.218   99.71  100.00   0.997  4.5307E+10   68.77
  65  6.0000E-01  8.7825E+09  1.8356E+09   4.785   99.71  100.00   0.997  4.4842E+10   69.24
  66  6.6000E-01  9.9977E+09  1.8356E+09   5.447   99.71  100.00   0.997  4.4315E+10   69.76
  67  7.2000E-01  1.1387E+10  1.8356E+09   6.204   99.70  100.00   0.997  4.3715E+10   70.33
  68  7.8000E-01  1.2942E+10  1.8356E+09   7.051   99.68  100.00   0.997  4.3032E+10   70.96
  69  8.4000E-01  1.0986E+10  1.3767E+09   7.980   99.65  100.00   0.996  4.2255E+10   71.65
  70  9.2000E-01  1.2360E+10  1.3767E+09   8.978   99.61  100.00   0.996  4.1377E+10   72.40
  71  1.0000E+00  5.5218E+09  5.5067E+08  10.027   99.56  100.00   0.996  4.0388E+10   73.21
  72  1.2000E+00  6.1166E+09  5.5067E+08  11.108   99.50  100.00   0.995  3.9283E+10   74.08
  73  1.4000E+00  6.7151E+09  5.5067E+08  12.194   99.43  100.00   0.994  3.8060E+10   75.02
  74  1.6000E+00  7.3033E+09  5.5067E+08  13.263   99.35  100.00   0.994  3.6717E+10   76.01
  75  1.8000E+00  7.8666E+09  5.5067E+08  14.286   99.26  100.00   0.993  3.5256E+10   77.07
  76  2.0000E+00  5.5941E+09  3.6711E+08  15.238   99.18  100.00   0.992  3.3683E+10   78.18
  77  2.3000E+00  5.9093E+09  3.6711E+08  16.097   99.09  100.00   0.991  3.2005E+10   79.34
  78  2.6000E+00  6.1822E+09  3.6711E+08  16.840   99.01  100.00   0.990  3.0232E+10   80.55
  79  2.9000E+00  4.8048E+09  2.7533E+08  17.451   98.93  100.00   0.989  2.8377E+10   81.81
  80  3.3000E+00  4.9325E+09  2.7533E+08  17.914   98.88  100.00   0.989  2.6456E+10   83.10
  81  3.7000E+00  5.0169E+09  2.7533E+08  18.221   98.84  100.00   0.988  2.4483E+10   84.44
  82  4.1000E+00  5.0562E+09  2.7533E+08  18.364   98.82  100.00   0.988  2.2476E+10   85.80
  83  4.5000E+00  4.0396E+09  2.2027E+08  18.340   98.83  100.00   0.988  2.0453E+10   87.18
  84  5.0000E+00  3.9975E+09  2.2027E+08  18.148   98.86  100.00   0.989  1.8433E+10   88.57
  85  5.5000E+00  3.9193E+09  2.2027E+08  17.793   98.91  100.00   0.989  1.6435E+10   89.96
  86  6.0000E+00  2.7190E+09  1.5733E+08  17.282   98.98  100.00   0.990  1.4475E+10   91.33
  87  6.7000E+00  2.6154E+09  1.5733E+08  16.623   99.07  100.00   0.991  1.2572E+10   92.68
  88  7.4000E+00  2.1794E+09  1.3767E+08  15.831   99.17  100.00   0.992  1.0741E+10   93.97
  89  8.2000E+00  2.0543E+09  1.3767E+08  14.922   99.28  100.00   0.993  8.9975E+09   95.20
  90  9.0000E+00  1.5328E+09  1.1013E+08  13.918   99.39  100.00   0.994  7.3541E+09   96.33
  91  1.0000E+01  1.4141E+09  1.1013E+08  12.840   99.50  100.00   0.995  5.8212E+09   97.35
  92  1.1000E+01  1.2901E+09  1.1013E+08  11.714   99.60  100.00   0.996  4.4071E+09   98.23
  93  1.2000E+01  1.1638E+09  1.1013E+08  10.567   99.69  100.00   0.997  3.1170E+09   98.95
  94  1.3000E+01  1.0379E+09  1.1013E+08   9.424   99.76  100.00   0.998  1.9533E+09   99.49
  95  1.4000E+01  9.1535E+08  1.1013E+08   8.311   99.83  100.00   0.998  9.1535E+08   99.83
      1.5000E+01

  INTEGRALS OF SPECTRA
    OLD SPECTRUM   8.9208E+09   ±   43.052 %
    NEW SPECTRUM   6.8181E+10   ±   47.756 %

  SUMMARY OF BROAD-GROUP FLUXES, FLUENCES, AND UNCERTAINTIES

    IRRAD TIME [S] = 1.00000000E+00   ACT NORM =  1.00000000E+00

       ENERGY       FLUX       FLUENCE      STDEV %
      thermal    0.0000E+00  0.0000E+00  ±   0.00     (0.100 meV – 0.550  eV)
     epithermal  1.9138E+10  1.9138E+10  ±  43.67     (0.550  eV – 110.0 keV)
        fast     4.9043E+10  4.9043E+10  ±  64.51     (110.0 keV –  20.0 MeV)
        fast     4.0388E+10  4.0388E+10  ±  73.21     (  1.0 MeV –  20.0 MeV)
        high     0.0000E+00  0.0000E+00  ±   0.00     ( 20.0 MeV –  60.0 MeV)

    MINI-SPECTRUM

       ENERGY       FLUX       FLUENCE      STDEV %
     1.0000E-10  0.0000E+00  0.0000E+00  ±   0.00
     5.5000E-07  1.6503E+09  1.6503E+09  ±  53.34
     1.0000E-04  1.7488E+10  1.7488E+10  ±  48.13
     1.1000E-01  3.3242E+09  3.3242E+09  ±  88.79
     5.0000E-01  5.3311E+09  5.3311E+09  ±  94.20
     1.0000E+00  6.7047E+09  6.7047E+09  ±  97.09
     2.0000E+00  1.5250E+10  1.5250E+10  ±  93.23
     5.0000E+00  1.2612E+10  1.2612E+10  ±  94.62
     1.0000E+01  5.8212E+09  5.8212E+09  ±  97.35
     2.0000E+01  0.0000E+00  0.0000E+00  ±   0.00
     6.0000E+01

       TOTAL     6.8181E+10  6.8181E+10  ±  47.76

    RELATIVE COVARIANCES (10×10)
        0     0     0     0     0     0     0     0     0     0
     1000  -119   -76   -40   -26    -9     2     3     0
     1000    69   -60   -46   -16     5     7     0
     1000   413    85     8     1     1     0
     1000   685   212    14    -1     0
     1000   642   123     6     0
     1000   589   154     0
     1000   680     0
     1000     0
        0

  SPECTRAL-AVERAGED REACTION RATES (for all cross section library reactions)

        REACTIONS        SIG-PHI      <SIG>          REACTIONS        SIG-PHI      <SIG>          REACTIONS        SIG-PHI      <SIG>  
   ------------------  ----------  ----------   ------------------  ----------  ----------   ------------------  ----------  ----------
   LI6(N,A)T           1.3082E-13  1.9188E-24   FE58(N,G)FE59       2.3994E-15  3.5192E-26   IN115(N,N')IN115M   1.1241E-14  1.6486E-25
   B10(N,A)LI7         4.9652E-13  7.2824E-24   CO59(N,2N)CO58      1.9450E-15  2.8527E-26   IN115(N,2N)IN114M   5.3653E-15  7.8692E-26
   F19(N,2N)F18        8.1589E-17  1.1966E-27   CO59(N,3N)CO57      0.0000E+00  0.0000E+00   IN115(N,G)IN116M    5.6244E-14  8.2492E-25
   NA23(N,2N)NA22      3.6712E-17  5.3845E-28   CO59(N,G)CO60       1.3929E-13  2.0429E-24   I127(N,2N)I126      6.3722E-15  9.3460E-26
   NA23(N,G)NA24       2.8987E-16  4.2515E-27   CO59(N,P)FE59       6.0201E-16  8.8295E-27   LA139(N,G)LA140     1.1981E-14  1.7572E-25
   MG24(N,P)NA24       1.6844E-15  2.4705E-26   CO59(N,A)MN56       2.0842E-16  3.0568E-27   PR141(N,2N)PR140    6.6148E-15  9.7018E-26
   AL27(N,P)MG27       1.3836E-15  2.0292E-26   NI58(N,2N)NI57      4.2783E-17  6.2748E-28   TM169(N,2N)TM168    1.1905E-14  1.7461E-25
   AL27(N,A)NA24       9.7806E-16  1.4345E-26   NI58(N,P)CO58       1.4653E-14  2.1491E-25   TM169(N,3N)TM167    1.8829E-20  2.7616E-31
   SI28(N,P)AL28       3.3473E-15  4.9093E-26   NI60(N,P)CO60       1.4870E-15  2.1809E-26   TA181(N,G)TA182     3.0347E-13  4.4510E-24
   P31(N,P)SI31        3.8262E-15  5.6118E-26   CU63(N,2N)CU62      1.0386E-15  1.5232E-26   W186(N,G)W187       1.7489E-13  2.5651E-24
   S32(N,P)P32         8.7783E-15  1.2875E-25   CU63(N,G)CU64       8.4343E-15  1.2370E-25   AU197(N,2N)AU196    1.1410E-14  1.6734E-25
   TI46(N,2N)TI45      3.2165E-17  4.7176E-28   CU63(N,A)CO60       4.1302E-16  6.0577E-27   AU197(N,G)AU198     1.6852E-13  2.4717E-24
   TI46(N,P)SC46       4.2158E-15  6.1832E-26   CU65(N,2N)CU64      2.7897E-15  4.0916E-26   HG199(N,N')HG199M   2.1334E-14  3.1290E-25
   TI47(N,P)SC47       2.5869E-15  3.7941E-26   ZN64(N,P)CU64       5.5783E-15  8.1815E-26   PB204(N,N')PB204M   3.7720E-15  5.5324E-26
   TI47(N,X)SC46       8.1619E-17  1.1971E-27   ZN67(N,P)CU67       3.0646E-16  4.4948E-27   BI209(N,3N)BI207    5.4278E-19  7.9608E-30
   TI48(N,P)SC48       4.1378E-16  6.0689E-27   AS75(N,2N)AS74      2.8338E-15  4.1563E-26   TH232(N,FISSION)    7.8610E-15  1.1530E-25
   TI48(N,X)SC47       1.3582E-17  1.9920E-28   Y89(N,2N)Y88        1.8853E-15  2.7651E-26   TH232(N,G)TH233     1.0937E-13  1.6041E-24
   TI49(N,X)SC48       7.6235E-18  1.1181E-28   ZR90(N,2N)ZR89      1.1976E-15  1.7565E-26   U235(N,FISSION)     2.7771E-13  4.0731E-24
   V51(N,A)SC48        6.9680E-17  1.0220E-27   NB93(N,G)NB94       2.2552E-14  3.3076E-25   U235(N,G)U236       1.0790E-13  1.5826E-24
   CR52(N,2N)CR51      5.1259E-16  7.5180E-27   NB93(N,N')NB93M     8.4291E-15  1.2363E-25   U238(N,2N)U237      1.4640E-14  2.1472E-25
   MN55(N,2N)MN54      1.9929E-15  2.9229E-26   NB93(N,2N)NB92M     2.1851E-15  3.2048E-26   U238(N,FISSION)     2.6733E-14  3.9209E-25
   MN55(N,G)MN56       2.5236E-14  3.7013E-25   MO92(N,P)NB92M      1.7616E-15  2.5837E-26   U238(N,G)U239       1.3725E-13  2.0130E-24
   FE54(N,2N)FE53      5.3438E-18  7.8377E-29   RH103(N,N')RH103M   4.2153E-14  6.1826E-25   NP237(N,FISSION)    7.9194E-14  1.1615E-24
   FE54(N,P)MN54       1.1744E-14  1.7225E-25   AG109(N,G)AG110M    7.5259E-15  1.1038E-25   PU239(N,FISSION)    2.8565E-13  4.1896E-24
   FE54(N,A)CR51       7.0005E-16  1.0267E-26   IN113(N,N')IN113M   9.4202E-15  1.3816E-25   AM241(N,FISSION)    8.6125E-14  1.2632E-24
   FE56(N,P)MN56       9.7083E-16  1.4239E-26   IN113(N,G)IN114M    9.9242E-14  1.4556E-24   SC45(N,G)SC46       3.2244E-15  4.7292E-26

  INPUT FLUX REL. CORRELATION MATRIX (by row from diagonal)
   1   1000  1000  1000  1000  1000  1000  1000  1000  1000  1000  1000  1000  1000  1000    30    30    30    30    30    30
         30    30    30    30    30    30    30    30    30    30    30    30    30    30    30    30    30    30    30    30
         30    30    30    30    30    30    30    30    30    30    30    30    30    30    30    30    30    30    30    30
         30    30    30    30    30    30    30    30    30    30    30    30    30    30    30    30    30    30    30    30
         30    30    30    30    30    30    30    30    30    30    30    30    30    30    30  1000  1000  1000  1000  1000
       1000  1000  1000  1000  1000  1000  1000  1000  1000  1000  1000  1000  1000  1000  1000  1000  1000  1000  1000  1000
       1000  1000  1000  1000  1000  1000  1000  1000  1000  1000  1000  1000  1000  1000  1000  1000  1000  1000  1000  1000

  OUTPUT FLUX REL. CORRELATION MATRIX (by row from diagonal)
   1   1000  1000  1000  1000  1000  1000  1000  1000  1000  1000  1000  1000  1000  1000     4    -8   -15   -14   -12   -10
         -8    -7    -5    -3    -2     0     1     3     5     7     8    10    11    12    14    15    16    17    18    18
         19    20    21    21    22    23    23    24    24    25    25    26    26    27    27    27    27    27    28    28
         28    28    28    28    28    28    28    28    28    28    28    28    28    28    28    29    29    29    29    29
         29    29    29    29    29    29    29    30    30    30    30    30    30    30    30  1000  1000  1000  1000  1000
       1000  1000  1000  1000  1000  1000  1000  1000  1000  1000  1000  1000  1000  1000  1000  1000  1000  1000  1000  1000
       1000  1000  1000  1000  1000  1000  1000  1000  1000  1000  1000  1000  1000  1000  1000  1000  1000  1000  1000  1000
   2   1000  1000  1000  1000  1000  1000  1000  1000  1000  1000  1000  1000  1000     4    -8   -15   -14   -12   -10    -8
         -7    -5    -3    -2     0     1     3     5     7     8    10    11    12    14    15    16    17    18    18    19
         20    21    21    22    23    23    24    24    25    25    26    26    27    27    27    27    27    28    28    28
         28    28    28    28    28    28    28    28    28    28    28    28    28    28    29    29    29    29    29    29
         29    29    29    29    29    29    30    30    30    30    30    30    30    30  1000  1000  1000  1000  1000  1000
       1000  1000  1000  1000  1000  1000  1000  1000  1000  1000  1000  1000  1000  1000  1000  1000  1000  1000  1000  1000
       1000  1000  1000  1000  1000  1000  1000  1000  1000  1000  1000  1000  1000  1000  1000  1000  1000  1000  1000
   3   1000  1000  1000  1000  1000  1000  1000  1000  1000  1000  1000  1000     4    -8   -15   -14   -12   -10    -8    -7
         -5    -3    -2     0     1     3     5     7     8    10    11    12    14    15    16    17    18    18    19    20
         21    21    22    23    23    24    24    25    25    26    26    27    27    27    27    27    28    28    28    28
         28    28    28    28    28    28    28    28    28    28    28    28    28    29    29    29    29    29    29    29
         29    29    29    29    29    30    30    30    30    30    30    30    30  1000  1000  1000  1000  1000  1000  1000
       1000  1000  1000  1000  1000  1000  1000  1000  1000  1000  1000  1000  1000  1000  1000  1000  1000  1000  1000  1000
       1000  1000  1000  1000  1000  1000  1000  1000  1000  1000  1000  1000  1000  1000  1000  1000  1000  1000
   4   1000  1000  1000  1000  1000  1000  1000  1000  1000  1000  1000     4    -8   -15   -14   -12   -10    -8    -7    -5
         -3    -2     0     1     3     5     7     8    10    11    12    14    15    16    17    18    18    19    20    21
         21    22    23    23    24    24    25    25    26    26    27    27    27    27    27    28    28    28    28    28
         28    28    28    28    28    28    28    28    28    28    28    28    29    29    29    29    29    29    29    29
         29    29    29    29    30    30    30    30    30    30    30    30  1000  1000  1000  1000  1000  1000  1000  1000
       1000  1000  1000  1000  1000  1000  1000  1000  1000  1000  1000  1000  1000  1000  1000  1000  1000  1000  1000  1000
       1000  1000  1000  1000  1000  1000  1000  1000  1000  1000  1000  1000  1000  1000  1000  1000  1000
   5   1000  1000  1000  1000  1000  1000  1000  1000  1000  1000     4    -8   -15   -14   -12   -10    -8    -7    -5    -3
         -2     0     1     3     5     7     8    10    11    12    14    15    16    17    18    18    19    20    21    21
         22    23    23    24    24    25    25    26    26    27    27    27    27    27    28    28    28    28    28    28
         28    28    28    28    28    28    28    28    28    28    28    29    29    29    29    29    29    29    29    29
         29    29    29    30    30    30    30    30    30    30    30  1000  1000  1000  1000  1000  1000  1000  1000  1000
       1000  1000  1000  1000  1000  1000  1000  1000  1000  1000  1000  1000  1000  1000  1000  1000  1000  1000  1000  1000
       1000  1000  1000  1000  1000  1000  1000  1000  1000  1000  1000  1000  1000  1000  1000  1000
   6   1000  1000  1000  1000  1000  1000  1000  1000  1000     4    -8   -15   -14   -12   -10    -8    -7    -5    -3    -2
          0     1     3     5     7     8    10    11    12    14    15    16    17    18    18    19    20    21    21    22
         23    23    24    24    25    25    26    26    27    27    27    27    27    28    28    28    28    28    28    28
         28    28    28    28    28    28    28    28    28    28    29    29    29    29    29    29    29    29    29    29
         29    29    30    30    30    30    30    30    30    30  1000  1000  1000  1000  1000  1000  1000  1000  1000  1000
       1000  1000  1000  1000  1000  1000  1000  1000  1000  1000  1000  1000  1000  1000  1000  1000  1000  1000  1000  1000
       1000  1000  1000  1000  1000  1000  1000  1000  1000  1000  1000  1000  1000  1000  1000
   7   1000  1000  1000  1000  1000  1000  1000  1000     4    -8   -15   -14   -12   -10    -8    -7    -5    -3    -2     0
          1     3     5     7     8    10    11    12    14    15    16    17    18    18    19    20    21    21    22    23
         23    24    24    25    25    26    26    27    27    27    27    27    28    28    28    28    28    28    28    28
         28    28    28    28    28    28    28    28    28    29    29    29    29    29    29    29    29    29    29    29
         29    30    30    30    30    30    30    30    30  1000  1000  1000  1000  1000  1000  1000  1000  1000  1000  1000
       1000  1000  1000  1000  1000  1000  1000  1000  1000  1000  1000  1000  1000  1000  1000  1000  1000  1000  1000  1000
       1000  1000  1000  1000  1000  1000  1000  1000  1000  1000  1000  1000  1000  1000
   8   1000  1000  1000  1000  1000  1000  1000     4    -8   -15   -14   -12   -10    -8    -7    -5    -3    -2     0     1
          3     5     7     8    10    11    12    14    15    16    17    18    18    19    20    21    21    22    23    23
         24    24    25    25    26    26    27    27    27    27    27    28    28    28    28    28    28    28    28    28
         28    28    28    28    28    28    28    28    29    29    29    29    29    29    29    29    29    29    29    29
         30    30    30    30    30    30    30    30  1000  1000  1000  1000  1000  1000  1000  1000  1000  1000  1000  1000
       1000  1000  1000  1000  1000  1000  1000  1000  1000  1000  1000  1000  1000  1000  1000  1000  1000  1000  1000  1000
       1000  1000  1000  1000  1000  1000  1000  1000  1000  1000  1000  1000  1000
   9   1000  1000  1000  1000  1000  1000     4    -8   -15   -14   -12   -10    -8    -7    -5    -3    -2     0     1     3
          5     7     8    10    11    12    14    15    16    17    18    18    19    20    21    21    22    23    23    24
         24    25    25    26    26    27    27    27    27    27    28    28    28    28    28    28    28    28    28    28
         28    28    28    28    28    28    28    29    29    29    29    29    29    29    29    29    29    29    29    30
         30    30    30    30    30    30    30  1000  1000  1000  1000  1000  1000  1000  1000  1000  1000  1000  1000  1000
       1000  1000  1000  1000  1000  1000  1000  1000  1000  1000  1000  1000  1000  1000  1000  1000  1000  1000  1000  1000
       1000  1000  1000  1000  1000  1000  1000  1000  1000  1000  1000  1000
  10   1000  1000  1000  1000  1000     4    -8   -15   -14   -12   -10    -8    -7    -5    -3    -2     0     1     3     5
          7     8    10    11    12    14    15    16    17    18    18    19    20    21    21    22    23    23    24    24
         25    25    26    26    27    27    27    27    27    28    28    28    28    28    28    28    28    28    28    28
         28    28    28    28    28    28    29    29    29    29    29    29    29    29    29    29    29    29    30    30
         30    30    30    30    30    30  1000  1000  1000  1000  1000  1000  1000  1000  1000  1000  1000  1000  1000  1000
       1000  1000  1000  1000  1000  1000  1000  1000  1000  1000  1000  1000  1000  1000  1000  1000  1000  1000  1000  1000
       1000  1000  1000  1000  1000  1000  1000  1000  1000  1000  1000
  11   1000  1000  1000  1000     4    -8   -15   -14   -12   -10    -8    -7    -5    -3    -2     0     1     3     5     7
          8    10    11    12    14    15    16    17    18    18    19    20    21    21    22    23    23    24    24    25
         25    26    26    27    27    27    27    27    28    28    28    28    28    28    28    28    28    28    28    28
         28    28    28    28    28    29    29    29    29    29    29    29    29    29    29    29    29    30    30    30
         30    30    30    30    30  1000  1000  1000  1000  1000  1000  1000  1000  1000  1000  1000  1000  1000  1000  1000
       1000  1000  1000  1000  1000  1000  1000  1000  1000  1000  1000  1000  1000  1000  1000  1000  1000  1000  1000  1000
       1000  1000  1000  1000  1000  1000  1000  1000  1000  1000
  12   1000  1000  1000     4    -8   -15   -14   -12   -10    -8    -7    -5    -3    -2     0     1     3     5     7     8
         10    11    12    14    15    16    17    18    18    19    20    21    21    22    23    23    24    24    25    25
         26    26    27    27    27    27    27    28    28    28    28    28    28    28    28    28    28    28    28    28
         28    28    28    28    29    29    29    29    29    29    29    29    29    29    29    29    30    30    30    30
         30    30    30    30  1000  1000  1000  1000  1000  1000  1000  1000  1000  1000  1000  1000  1000  1000  1000  1000
       1000  1000  1000  1000  1000  1000  1000  1000  1000  1000  1000  1000  1000  1000  1000  1000  1000  1000  1000  1000
       1000  1000  1000  1000  1000  1000  1000  1000  1000
  13   1000  1000     4    -8   -15   -14   -12   -10    -8    -7    -5    -3    -2     0     1     3     5     7     8    10
         11    12    14    15    16    17    18    18    19    20    21    21    22    23    23    24    24    25    25    26
         26    27    27    27    27    27    28    28    28    28    28    28    28    28    28    28    28    28    28    28
         28    28    28    29    29    29    29    29    29    29    29    29    29    29    29    30    30    30    30    30
         30    30    30  1000  1000  1000  1000  1000  1000  1000  1000  1000  1000  1000  1000  1000  1000  1000  1000  1000
       1000  1000  1000  1000  1000  1000  1000  1000  1000  1000  1000  1000  1000  1000  1000  1000  1000  1000  1000  1000
       1000  1000  1000  1000  1000  1000  1000  1000
  14   1000     4    -8   -15   -14   -12   -10    -8    -7    -5    -3    -2     0     1     3     5     7     8    10    11
         12    14    15    16    17    18    18    19    20    21    21    22    23    23    24    24    25    25    26    26
         27    27    27    27    27    28    28    28    28    28    28    28    28    28    28    28    28    28    28    28
         28    28    29    29    29    29    29    29    29    29    29    29    29    29    30    30    30    30    30    30
         30    30  1000  1000  1000  1000  1000  1000  1000  1000  1000  1000  1000  1000  1000  1000  1000  1000  1000  1000
       1000  1000  1000  1000  1000  1000  1000  1000  1000  1000  1000  1000  1000  1000  1000  1000  1000  1000  1000  1000
       1000  1000  1000  1000  1000  1000  1000
  15   1000   723   -90  -477  -636  -719  -769  -798  -811  -811  -796  -766  -723  -667  -602  -530  -455  -379  -303  -231
       -161   -97   -39    12    56    91   119   140   153   160   162   160   154   147   137   128   117   108    98    90
         83    76    71    66    62    60    57    56    55    54    53    52    51    50    49    47    45    42    40    36
         33    29    25    21    17    13    10     7     4     2     0    -1    -2    -3    -4    -4    -4    -4    -3    -3
         -3     4     4     4     4     4     4     4     4     4     4     4     4     4     4     4     4     4     4     4
          4     4     4     4     4     4     4     4     4     4     4     4     4     4     4     4     4     4     4     4
          4     4     4     4     4     4
  16   1000   613   226    -2  -169  -312  -444  -568  -683  -783  -863  -916  -939  -930  -894  -833  -754  -662  -564  -463
       -364  -270  -183  -107   -41    12    55    87   110   124   131   133   131   127   120   112   104    96    88    81
         75    70    66    63    60    58    57    56    56    55    55    54    54    52    51    49    46    43    40    36
         32    28    23    19    15    11     7     4     2     0    -1    -3    -4    -4    -4    -4    -4    -4    -4    -3
         -8    -8    -8    -8    -8    -8    -8    -8    -8    -8    -8    -8    -8    -8    -8    -8    -8    -8    -8    -8
         -8    -8    -8    -8    -8    -8    -8    -8    -8    -8    -8    -8    -8    -8    -8    -8    -8    -8    -8    -8
         -8    -8    -8    -8    -8
  17   1000   904   772   638   496   342   177     3  -170  -336  -481  -598  -679  -723  -734  -715  -673  -615  -547  -474
       -400  -328  -262  -202  -151  -107   -71   -43   -22    -6     5    13    18    20    22    22    21    20    19    18
         18    17    17    17    17    17    17    18    18    19    19    19    19    19    18    18    17    16    14    13
         11     9     8     6     5     3     2     1     0     0     0    -1    -1    -1    -1    -1    -1    -1    -1   -15
        -15   -15   -15   -15   -15   -15   -15   -15   -15   -15   -15   -15   -15   -15   -15   -15   -15   -15   -15   -15
        -15   -15   -15   -15   -15   -15   -15   -15   -15   -15   -15   -15   -15   -15   -15   -15   -15   -15   -15   -15
        -15   -15   -15   -15
  18   1000   968   901   809   694   558   402   235    64   -98  -242  -359  -444  -498  -523  -524  -507  -475  -435  -390
       -343  -297  -255  -215  -181  -150  -124  -103   -85   -71   -59   -49   -41   -35   -30   -26   -23   -20   -18   -16
        -14   -12   -11   -10    -9    -8    -7    -6    -5    -4    -4    -3    -3    -2    -2    -1    -1     0     0     0
          0     0     0     0     0     0     0     0     0     0     0     0     0     0     0     0     0     0   -14   -14
        -14   -14   -14   -14   -14   -14   -14   -14   -14   -14   -14   -14   -14   -14   -14   -14   -14   -14   -14   -14
        -14   -14   -14   -14   -14   -14   -14   -14   -14   -14   -14   -14   -14   -14   -14   -14   -14   -14   -14   -14
        -14   -14   -14
  19   1000   980   929   849   742   610   458   294   128   -26  -161  -270  -351  -403  -431  -438  -429  -409  -382  -350
       -316  -283  -250  -220  -193  -168  -147  -128  -112   -97   -85   -75   -66   -58   -51   -46   -41   -37   -34   -31
        -29   -26   -25   -23   -22   -21   -19   -18   -17   -16   -15   -14   -13   -12   -11   -10    -9    -7    -6    -5
         -4    -2    -1    -1     0     0     0     1     1     1     2     2     2     1     1     1     1   -12   -12   -12
        -12   -12   -12   -12   -12   -12   -12   -12   -12   -12   -12   -12   -12   -12   -12   -12   -12   -12   -12   -12
        -12   -12   -12   -12   -12   -12   -12   -12   -12   -12   -12   -12   -12   -12   -12   -12   -12   -12   -12   -12
        -12   -12
  20   1000   984   936   857   749   615   461   298   137   -11  -138  -239  -313  -362  -390  -399  -395  -380  -359  -333
       -306  -278  -251  -225  -201  -178  -158  -140  -125  -110   -98   -87   -77   -69   -62   -56   -51   -46   -43   -40
        -37   -35   -33   -31   -30   -29   -27   -26   -25   -24   -22   -21   -19   -18   -16   -14   -12   -10    -8    -6
         -5    -3    -2     0     0     1     1     2     2     2     2     2     2     2     2     2   -10   -10   -10   -10
        -10   -10   -10   -10   -10   -10   -10   -10   -10   -10   -10   -10   -10   -10   -10   -10   -10   -10   -10   -10
        -10   -10   -10   -10   -10   -10   -10   -10   -10   -10   -10   -10   -10   -10   -10   -10   -10   -10   -10   -10
        -10
  21   1000   984   936   854   742   602   446   283   126   -14  -134  -228  -298  -344  -371  -381  -379  -367  -349  -327
       -302  -277  -252  -228  -205  -184  -165  -147  -131  -117  -104   -93   -83   -75   -68   -62   -56   -52   -48   -45
        -43   -41   -39   -37   -36   -34   -33   -32   -30   -29   -27   -25   -23   -21   -18   -16   -13   -11    -9    -6
         -4    -2    -1     0     1     2     2     3     3     3     3     3     3     3     2    -8    -8    -8    -8    -8
         -8    -8    -8    -8    -8    -8    -8    -8    -8    -8    -8    -8    -8    -8    -8    -8    -8    -8    -8    -8
         -8    -8    -8    -8    -8    -8    -8    -8    -8    -8    -8    -8    -8    -8    -8    -8    -8    -8    -8    -8
  22   1000   983   932   846   727   583   425   264   112   -22  -135  -224  -290  -335  -361  -371  -370  -360  -344  -323
       -300  -276  -252  -229  -207  -186  -167  -149  -134  -119  -107   -96   -86   -78   -71   -65   -60   -56   -53   -50
        -47   -45   -44   -42   -40   -39   -37   -36   -34   -32   -30   -27   -25   -22   -19   -16   -13   -10    -8    -5
         -3    -1     0     1     2     3     3     4     4     4     4     3     3     3    -7    -7    -7    -7    -7    -7
         -7    -7    -7    -7    -7    -7    -7    -7    -7    -7    -7    -7    -7    -7    -7    -7    -7    -7    -7    -7
         -7    -7    -7    -7    -7    -7    -7    -7    -7    -7    -7    -7    -7    -7    -7    -7    -7    -7    -7
  23   1000   982   927   836   712   565   407   249   101   -27  -136  -221  -284  -328  -353  -364  -364  -354  -339  -319
       -296  -273  -250  -227  -205  -184  -165  -148  -133  -119  -107   -96   -87   -80   -73   -67   -63   -59   -56   -53
        -51   -49   -47   -46   -44   -42   -41   -39   -36   -34   -31   -28   -25   -22   -18   -15   -12    -9    -6    -4
         -1     0     1     2     3     4     4     4     4     4     4     3     3    -5    -5    -5    -5    -5    -5    -5
         -5    -5    -5    -5    -5    -5    -5    -5    -5    -5    -5    -5    -5    -5    -5    -5    -5    -5    -5    -5
         -5    -5    -5    -5    -5    -5    -5    -5    -5    -5    -5    -5    -5    -5    -5    -5    -5    -5
  24   1000   981   922   826   699   551   395   241    98   -27  -132  -215  -277  -319  -344  -355  -355  -346  -331  -311
       -289  -266  -243  -220  -199  -179  -161  -144  -130  -117  -105   -95   -87   -80   -74   -69   -64   -61   -58   -56
        -54   -52   -50   -49   -47   -45   -42   -40   -37   -34   -31   -28   -24   -20   -17   -13   -10    -7    -4    -2
          0     1     3     4     4     5     5     5     5     4     4     3    -3    -3    -3    -3    -3    -3    -3    -3
         -3    -3    -3    -3    -3    -3    -3    -3    -3    -3    -3    -3    -3    -3    -3    -3    -3    -3    -3    -3
         -3    -3    -3    -3    -3    -3    -3    -3    -3    -3    -3    -3    -3    -3    -3    -3    -3
  25   1000   980   918   819   691   544   391   241   102   -19  -122  -203  -264  -306  -331  -342  -342  -333  -318  -299
       -277  -255  -232  -210  -190  -171  -153  -138  -124  -112  -101   -92   -85   -78   -73   -69   -65   -62   -60   -58
        -56   -54   -52   -50   -48   -46   -43   -40   -37   -33   -30   -26   -22   -18   -14   -11    -7    -4    -2     0
          1     3     4     5     5     5     5     5     5     4     4    -2    -2    -2    -2    -2    -2    -2    -2    -2
         -2    -2    -2    -2    -2    -2    -2    -2    -2    -2    -2    -2    -2    -2    -2    -2    -2    -2    -2    -2
         -2    -2    -2    -2    -2    -2    -2    -2    -2    -2    -2    -2    -2    -2    -2    -2
  26   1000   979   916   816   689   545   395   249   114    -5  -106  -186  -246  -288  -312  -323  -323  -314  -300  -281
       -260  -239  -217  -196  -177  -159  -143  -129  -117  -106   -96   -89   -82   -76   -72   -68   -65   -62   -60   -58
        -56   -54   -52   -50   -48   -45   -42   -39   -35   -31   -27   -23   -19   -15   -11    -8    -5    -2     0     1
          3     4     5     5     6     6     5     5     5     4     0     0     0     0     0     0     0     0     0     0
          0     0     0     0     0     0     0     0     0     0     0     0     0     0     0     0     0     0     0     0
          0     0     0     0     0     0     0     0     0     0     0     0     0     0     0
  27   1000   978   915   817   692   552   406   264   131    14   -84  -163  -222  -263  -287  -298  -298  -290  -276  -258
       -239  -219  -199  -180  -162  -146  -132  -119  -108   -98   -90   -84   -78   -73   -70   -67   -64   -62   -60   -58
        -56   -54   -51   -49   -46   -43   -40   -36   -32   -28   -24   -19   -15   -12    -8    -5    -2     0     2     3
          4     5     6     6     6     5     5     5     4     1     1     1     1     1     1     1     1     1     1     1
          1     1     1     1     1     1     1     1     1     1     1     1     1     1     1     1     1     1     1     1
          1     1     1     1     1     1     1     1     1     1     1     1     1     1
  28   1000   978   916   820   700   564   422   283   154    39   -57  -135  -193  -233  -257  -268  -269  -261  -248  -232
       -215  -196  -178  -161  -146  -132  -119  -108   -99   -91   -84   -78   -74   -70   -67   -64   -62   -60   -58   -56
        -54   -52   -49   -46   -43   -40   -36   -32   -28   -24   -19   -15   -12    -8    -5    -2     0     2     3     4
          5     6     6     6     6     5     5     4     3     3     3     3     3     3     3     3     3     3     3     3
          3     3     3     3     3     3     3     3     3     3     3     3     3     3     3     3     3     3     3     3
          3     3     3     3     3     3     3     3     3     3     3     3     3
  29   1000   979   919   826   709   578   440   305   179    67   -27  -103  -160  -199  -223  -235  -236  -230  -219  -205
       -189  -173  -157  -143  -129  -117  -106   -97   -89   -83   -77   -72   -69   -66   -63   -61   -59   -57   -55   -53
        -51   -48   -46   -43   -39   -36   -32   -28   -23   -19   -15   -11    -8    -5    -2     0     2     3     4     5
          6     6     6     6     5     5     4     5     5     5     5     5     5     5     5     5     5     5     5     5
          5     5     5     5     5     5     5     5     5     5     5     5     5     5     5     5     5     5     5     5
          5     5     5     5     5     5     5     5     5     5     5     5
  30   1000   980   921   832   719   592   459   328   205    96     3   -69  -125  -164  -188  -200  -203  -198  -189  -178
       -164  -150  -137  -124  -113  -103   -94   -86   -80   -75   -70   -67   -64   -61   -59   -57   -55   -54   -52   -50
        -47   -44   -41   -38   -35   -31   -27   -23   -19   -15   -11    -8    -4    -2     0     2     3     4     5     6
          6     6     5     5     5     4     7     7     7     7     7     7     7     7     7     7     7     7     7     7
          7     7     7     7     7     7     7     7     7     7     7     7     7     7     7     7     7     7     7     7
          7     7     7     7     7     7     7     7     7     7     7
  31   1000   980   924   838   730   607   477   350   231   125    35   -36   -91  -129  -154  -167  -171  -168  -161  -152
       -141  -129  -118  -108   -98   -90   -83   -77   -72   -68   -64   -61   -59   -57   -55   -53   -52   -50   -48   -45
        -43   -40   -37   -33   -30   -26   -22   -18   -14   -11    -7    -4    -1     0     2     3     4     5     5     6
          6     5     5     5     4     8     8     8     8     8     8     8     8     8     8     8     8     8     8     8
          8     8     8     8     8     8     8     8     8     8     8     8     8     8     8     8     8     8     8     8
          8     8     8     8     8     8     8     8     8     8
  32   1000   981   927   844   739   620   495   371   256   153    65    -4   -58   -96  -121  -135  -141  -140  -136  -128
       -120  -110  -101   -93   -86   -79   -73   -68   -65   -61   -59   -56   -54   -53   -51   -49   -47   -46   -43   -41
        -38   -35   -32   -28   -24   -21   -17   -13   -10    -7    -4    -1     0     2     3     4     5     5     5     5
          5     5     4     4    10    10    10    10    10    10    10    10    10    10    10    10    10    10    10    10
         10    10    10    10    10    10    10    10    10    10    10    10    10    10    10    10    10    10    10    10
         10    10    10    10    10    10    10    10    10
  33   1000   982   930   850   748   633   511   392   279   179    94    25   -27   -66   -91  -107  -114  -116  -113  -108
       -101   -94   -87   -81   -75   -69   -65   -61   -58   -56   -54   -52   -50   -48   -47   -45   -43   -41   -39   -36
        -33   -30   -27   -23   -20   -16   -13    -9    -6    -4    -1     0     2     3     4     5     5     5     5     5
          5     4     4    11    11    11    11    11    11    11    11    11    11    11    11    11    11    11    11    11
         11    11    11    11    11    11    11    11    11    11    11    11    11    11    11    11    11    11    11    11
         11    11    11    11    11    11    11    11
  34   1000   982   932   855   756   644   527   410   301   204   120    52     0   -38   -65   -82   -91   -94   -94   -90
        -86   -80   -75   -70   -65   -61   -58   -55   -53   -51   -49   -47   -46   -44   -43   -41   -39   -37   -34   -32
        -29   -25   -22   -19   -15   -12    -9    -6    -3    -1     0     2     3     4     4     5     5     5     5     4
          4     4    12    12    12    12    12    12    12    12    12    12    12    12    12    12    12    12    12    12
         12    12    12    12    12    12    12    12    12    12    12    12    12    12    12    12    12    12    12    12
         12    12    12    12    12    12    12
  35   1000   983   935   859   764   655   541   427   321   226   144    77    24   -14   -42   -60   -71   -76   -77   -75
        -72   -69   -65   -61   -58   -55   -52   -50   -48   -46   -45   -44   -42   -41   -39   -37   -35   -32   -30   -27
        -24   -21   -18   -14   -11    -8    -6    -3    -1     0     2     3     4     4     5     5     5     5     4     4
          4    14    14    14    14    14    14    14    14    14    14    14    14    14    14    14    14    14    14    14
         14    14    14    14    14    14    14    14    14    14    14    14    14    14    14    14    14    14    14    14
         14    14    14    14    14    14
  36   1000   984   936   863   770   665   554   443   340   246   166    99    46     6   -22   -41   -53   -60   -63   -63
        -62   -59   -56   -54   -51   -49   -47   -45   -44   -43   -41   -40   -38   -37   -35   -33   -31   -28   -26   -23
        -20   -17   -14   -11    -8    -5    -3    -1     0     1     3     3     4     4     5     5     4     4     4     3
         15    15    15    15    15    15    15    15    15    15    15    15    15    15    15    15    15    15    15    15
         15    15    15    15    15    15    15    15    15    15    15    15    15    15    15    15    15    15    15    15
         15    15    15    15    15
  37   1000   984   938   867   777   674   566   458   356   264   185   118    65    25    -4   -25   -39   -47   -51   -53
        -52   -51   -49   -48   -46   -44   -43   -41   -40   -39   -38   -36   -35   -33   -31   -29   -27   -24   -21   -19
        -16   -13   -10    -7    -5    -3    -1     0     1     3     3     4     4     4     4     4     4     4     3    16
         16    16    16    16    16    16    16    16    16    16    16    16    16    16    16    16    16    16    16    16
         16    16    16    16    16    16    16    16    16    16    16    16    16    16    16    16    16    16    16    16
         16    16    16    16
  38   1000   985   940   871   783   683   577   471   371   281   202   135    82    40     9   -12   -27   -36   -41   -44
        -45   -45   -44   -42   -41   -40   -39   -38   -37   -35   -34   -33   -31   -29   -27   -25   -23   -20   -17   -15
        -12    -9    -7    -4    -2     0     0     1     2     3     4     4     4     4     4     4     4     3    17    17
         17    17    17    17    17    17    17    17    17    17    17    17    17    17    17    17    17    17    17    17
         17    17    17    17    17    17    17    17    17    17    17    17    17    17    17    17    17    17    17    17
         17    17    17
  39   1000   985   942   874   788   690   587   483   385   295   216   150    96    54    22     0   -16   -27   -33   -37
        -38   -39   -39   -38   -37   -36   -35   -34   -33   -32   -31   -29   -28   -26   -24   -21   -19   -16   -14   -11
         -9    -6    -4    -2     0     0     1     2     3     4     4     4     4     4     4     3     3    18    18    18
         18    18    18    18    18    18    18    18    18    18    18    18    18    18    18    18    18    18    18    18
         18    18    18    18    18    18    18    18    18    18    18    18    18    18    18    18    18    18    18    18
         18    18
  40   1000   985   943   877   793   698   596   494   396   307   229   162   108    65    32     8    -8   -19   -26   -31
        -33   -34   -34   -34   -34   -33   -32   -31   -30   -29   -27   -26   -24   -22   -20   -18   -15   -13   -10    -8
         -6    -4    -2     0     0     1     2     3     3     4     4     4     4     3     3     3    18    18    18    18
         18    18    18    18    18    18    18    18    18    18    18    18    18    18    18    18    18    18    18    18
         18    18    18    18    18    18    18    18    18    18    18    18    18    18    18    18    18    18    18    18
         18
  41   1000   986   944   880   798   704   604   503   407   318   240   173   118    75    41    16     0   -12   -20   -25
        -28   -30   -31   -31   -30   -30   -29   -28   -27   -26   -24   -22   -21   -19   -16   -14   -12   -10    -7    -5
         -3    -2     0     0     1     2     3     3     4     4     4     4     3     3     3    19    19    19    19    19
         19    19    19    19    19    19    19    19    19    19    19    19    19    19    19    19    19    19    19    19
         19    19    19    19    19    19    19    19    19    19    19    19    19    19    19    19    19    19    19    19
  42   1000   986   946   883   802   710   611   511   415   327   249   182   127    83    49    23     5    -7   -16   -21
        -24   -26   -27   -27   -27   -27   -26   -25   -24   -22   -21   -19   -17   -15   -13   -11    -9    -7    -5    -3
         -1     0     0     1     2     3     3     3     3     3     3     3     3     3    20    20    20    20    20    20
         20    20    20    20    20    20    20    20    20    20    20    20    20    20    20    20    20    20    20    20
         20    20    20    20    20    20    20    20    20    20    20    20    20    20    20    20    20    20    20
  43   1000   986   947   885   806   714   617   518   423   335   257   189   134    89    55    29    10    -2   -11   -17
        -21   -23   -24   -24   -24   -24   -23   -22   -21   -19   -18   -16   -14   -12   -10    -8    -6    -4    -3    -1
          0     0     1     2     3     3     3     3     3     3     3     3     3    21    21    21    21    21    21    21
         21    21    21    21    21    21    21    21    21    21    21    21    21    21    21    21    21    21    21    21
         21    21    21    21    21    21    21    21    21    21    21    21    21    21    21    21    21    21
  44   1000   987   948   887   809   718   622   523   429   341   263   195   140    95    60    33    14     1    -8   -14
        -18   -20   -21   -21   -21   -21   -20   -19   -18   -16   -14   -13   -11    -9    -7    -6    -4    -2    -1     0
          0     1     2     2     3     3     3     3     3     3     3     2    21    21    21    21    21    21    21    21
         21    21    21    21    21    21    21    21    21    21    21    21    21    21    21    21    21    21    21    21
         21    21    21    21    21    21    21    21    21    21    21    21    21    21    21    21    21
  45   1000   987   949   889   811   722   626   528   433   346   268   200   144    99    64    37    18     4    -5   -11
        -15   -17   -18   -19   -18   -18   -17   -16   -15   -13   -12   -10    -8    -7    -5    -3    -2    -1     0     0
          1     2     2     3     3     3     3     3     3     2     2    22    22    22    22    22    22    22    22    22
         22    22    22    22    22    22    22    22    22    22    22    22    22    22    22    22    22    22    22    22
         22    22    22    22    22    22    22    22    22    22    22    22    22    22    22    22
  46   1000   987   949   890   813   724   629   531   437   350   272   204   148   103    67    41    21     7    -2    -8
        -12   -14   -16   -16   -16   -15   -14   -13   -12   -10    -9    -7    -6    -4    -3    -2     0     0     0     1
          2     2     2     3     3     3     3     3     2     2    23    23    23    23    23    23    23    23    23    23
         23    23    23    23    23    23    23    23    23    23    23    23    23    23    23    23    23    23    23    23
         23    23    23    23    23    23    23    23    23    23    23    23    23    23    23
  47   1000   987   950   891   815   726   631   534   440   353   275   207   151   106    70    43    24    10     0    -6
        -10   -12   -13   -13   -13   -12   -12   -10    -9    -8    -7    -5    -4    -3    -1     0     0     0     1     2
          2     2     2     3     3     2     2     2     2    23    23    23    23    23    23    23    23    23    23    23
         23    23    23    23    23    23    23    23    23    23    23    23    23    23    23    23    23    23    23    23
         23    23    23    23    23    23    23    23    23    23    23    23    23    23
  48   1000   987   950   892   816   728   633   536   443   355   277   210   154   108    73    46    26    12     2    -3
         -7   -10   -11   -11   -11   -10    -9    -8    -7    -6    -4    -3    -2    -1     0     0     1     1     2     2
          2     2     2     2     2     2     2     2    24    24    24    24    24    24    24    24    24    24    24    24
         24    24    24    24    24    24    24    24    24    24    24    24    24    24    24    24    24    24    24    24
         24    24    24    24    24    24    24    24    24    24    24    24    24
  49   1000   987   951   892   817   729   635   538   444   357   279   212   156   110    75    48    28    14     4    -1
         -5    -7    -8    -9    -8    -8    -7    -6    -5    -4    -3    -2    -1     0     0     1     1     2     2     2
          2     2     2     2     2     2     2    24    24    24    24    24    24    24    24    24    24    24    24    24
         24    24    24    24    24    24    24    24    24    24    24    24    24    24    24    24    24    24    24    24
         24    24    24    24    24    24    24    24    24    24    24    24
  50   1000   987   951   893   818   730   636   539   446   359   281   214   158   112    77    50    30    16     6     0
         -3    -5    -6    -7    -6    -6    -5    -4    -3    -2    -1    -1     0     0     1     1     1     2     2     2
          2     2     2     2     2     2    25    25    25    25    25    25    25    25    25    25    25    25    25    25
         25    25    25    25    25    25    25    25    25    25    25    25    25    25    25    25    25    25    25    25
         25    25    25    25    25    25    25    25    25    25    25
  51   1000   988   951   893   818   731   637   540   447   360   282   215   159   114    78    51    32    18     8     2
         -1    -4    -5    -5    -5    -4    -4    -3    -2    -1     0     0     0     1     1     1     2     2     2     2
          2     2     2     2     2    25    25    25    25    25    25    25    25    25    25    25    25    25    25    25
         25    25    25    25    25    25    25    25    25    25    25    25    25    25    25    25    25    25    25    25
         25    25    25    25    25    25    25    25    25    25
  52   1000   988   951   894   819   731   637   541   448   361   283   216   160   115    80    53    33    19     9     3
          0    -2    -3    -3    -3    -3    -2    -1    -1     0     0     0     1     1     1     2     2     2     2     2
          2     2     2     2    26    26    26    26    26    26    26    26    26    26    26    26    26    26    26    26
         26    26    26    26    26    26    26    26    26    26    26    26    26    26    26    26    26    26    26    26
         26    26    26    26    26    26    26    26    26
  53   1000   988   951   894   819   732   638   542   449   362   284   217   161   116    81    54    34    20    11     5
          1    -1    -2    -2    -2    -2    -1     0     0     0     0     1     1     1     1     2     2     2     2     2
          2     2     1    26    26    26    26    26    26    26    26    26    26    26    26    26    26    26    26    26
         26    26    26    26    26    26    26    26    26    26    26    26    26    26    26    26    26    26    26    26
         26    26    26    26    26    26    26    26
  54   1000   988   951   894   819   732   638   542   449   363   285   218   162   117    82    55    36    22    12     6
          2     0     0    -1    -1    -1     0     0     0     0     1     1     1     1     1     2     2     2     2     2
          1     1    27    27    27    27    27    27    27    27    27    27    27    27    27    27    27    27    27    27
         27    27    27    27    27    27    27    27    27    27    27    27    27    27    27    27    27    27    27    27
         27    27    27    27    27    27    27
  55   1000   988   951   894   819   732   638   543   450   363   286   219   163   118    83    56    37    23    13     7
          3     1     0     0     0     0     0     0     0     0     1     1     1     1     1     1     1     1     1     1
          1    27    27    27    27    27    27    27    27    27    27    27    27    27    27    27    27    27    27    27
         27    27    27    27    27    27    27    27    27    27    27    27    27    27    27    27    27    27    27    27
         27    27    27    27    27    27
  56   1000   988   951   894   819   733   639   543   450   364   286   220   164   119    84    57    38    24    14     8
          4     2     0     0     0     0     0     0     0     1     1     1     1     1     1     1     1     1     1     1
         27    27    27    27    27    27    27    27    27    27    27    27    27    27    27    27    27    27    27    27
         27    27    27    27    27    27    27    27    27    27    27    27    27    27    27    27    27    27    27    27
         27    27    27    27    27
  57   1000   988   951   894   820   733   639   543   451   364   287   220   165   120    84    58    38    24    15     9
          5     2     1     0     0     0     0     0     0     1     1     1     1     1     1     1     1     1     1    27
         27    27    27    27    27    27    27    27    27    27    27    27    27    27    27    27    27    27    27    27
         27    27    27    27    27    27    27    27    27    27    27    27    27    27    27    27    27    27    27    27
         27    27    27    27
  58   1000   988   952   894   820   733   639   544   451   365   287   221   165   120    85    59    39    25    15     9
          5     3     1     1     0     0     0     0     1     1     1     1     1     1     1     1     1     1    27    27
         27    27    27    27    27    27    27    27    27    27    27    27    27    27    27    27    27    27    27    27
         27    27    27    27    27    27    27    27    27    27    27    27    27    27    27    27    27    27    27    27
         27    27    27
  59   1000   988   952   894   820   733   639   544   451   365   288   221   166   121    86    59    39    26    16    10
          5     3     2     1     0     0     0     0     0     1     1     1     1     1     1     1     1    28    28    28
         28    28    28    28    28    28    28    28    28    28    28    28    28    28    28    28    28    28    28    28
         28    28    28    28    28    28    28    28    28    28    28    28    28    28    28    28    28    28    28    28
         28    28
  60   1000   988   952   894   820   733   640   544   451   365   288   222   166   121    86    59    40    26    16    10
          6     3     2     1     0     0     0     0     0     0     1     1     1     1     1     1    28    28    28    28
         28    28    28    28    28    28    28    28    28    28    28    28    28    28    28    28    28    28    28    28
         28    28    28    28    28    28    28    28    28    28    28    28    28    28    28    28    28    28    28    28
         28
  61   1000   988   952   894   820   733   640   544   452   366   288   222   166   121    86    60    40    26    16    10
          6     3     2     1     0     0     0     0     0     0     0     0     0     1     1    28    28    28    28    28
         28    28    28    28    28    28    28    28    28    28    28    28    28    28    28    28    28    28    28    28
         28    28    28    28    28    28    28    28    28    28    28    28    28    28    28    28    28    28    28    28
  62   1000   988   952   894   820   733   640   545   452   366   289   222   167   122    86    60    40    26    16    10
          5     3     1     0     0     0     0     0     0     0     0     0     0     0    28    28    28    28    28    28
         28    28    28    28    28    28    28    28    28    28    28    28    28    28    28    28    28    28    28    28
         28    28    28    28    28    28    28    28    28    28    28    28    28    28    28    28    28    28    28
  63   1000   988   952   894   820   734   640   545   452   366   289   222   167   122    86    60    40    26    16     9
          5     3     1     0     0     0     0     0     0     0     0     0     0    28    28    28    28    28    28    28
         28    28    28    28    28    28    28    28    28    28    28    28    28    28    28    28    28    28    28    28
         28    28    28    28    28    28    28    28    28    28    28    28    28    28    28    28    28    28
  64   1000   988   952   894   820   734   640   545   452   366   289   222   166   121    86    59    39    25    16     9
          5     2     1     0     0     0     0     0     0     0     0     0    28    28    28    28    28    28    28    28
         28    28    28    28    28    28    28    28    28    28    28    28    28    28    28    28    28    28    28    28
         28    28    28    28    28    28    28    28    28    28    28    28    28    28    28    28    28
  65   1000   988   952   895   820   734   640   545   452   366   289   222   166   121    86    59    39    25    15     8
          4     2     0     0     0     0     0     0     0     0     0    28    28    28    28    28    28    28    28    28
         28    28    28    28    28    28    28    28    28    28    28    28    28    28    28    28    28    28    28    28
         28    28    28    28    28    28    28    28    28    28    28    28    28    28    28    28
  66   1000   988   952   895   820   734   640   545   452   366   288   221   166   120    85    58    38    24    14     8
          4     1     0     0    -1    -1     0     0     0     0    28    28    28    28    28    28    28    28    28    28
         28    28    28    28    28    28    28    28    28    28    28    28    28    28    28    28    28    28    28    28
         28    28    28    28    28    28    28    28    28    28    28    28    28    28    28
  67   1000   988   952   895   820   734   640   545   452   365   288   221   165   120    84    57    37    23    14     7
          3     0     0    -1    -1    -1    -1     0     0    28    28    28    28    28    28    28    28    28    28    28
         28    28    28    28    28    28    28    28    28    28    28    28    28    28    28    28    28    28    28    28
         28    28    28    28    28    28    28    28    28    28    28    28    28    28
  68   1000   988   952   895   820   734   640   544   451   365   287   220   164   119    83    56    37    22    13     6
          2     0     0    -1    -1    -1    -1    -1    28    28    28    28    28    28    28    28    28    28    28    28
         28    28    28    28    28    28    28    28    28    28    28    28    28    28    28    28    28    28    28    28
         28    28    28    28    28    28    28    28    28    28    28    28    28
  69   1000   988   952   895   820   733   640   544   451   364   286   219   163   118    82    55    36    22    12     6
          2     0    -1    -1    -1    -1    -1    28    28    28    28    28    28    28    28    28    28    28    28    28
         28    28    28    28    28    28    28    28    28    28    28    28    28    28    28    28    28    28    28    28
         28    28    28    28    28    28    28    28    28    28    28    28
  70   1000   988   952   894   820   733   639   543   450   363   285   218   162   116    81    54    35    21    11     5
          1     0    -1    -2    -2    -1    28    28    28    28    28    28    28    28    28    28    28    28    28    28
         28    28    28    28    28    28    28    28    28    28    28    28    28    28    28    28    28    28    28    28
         28    28    28    28    28    28    28    28    28    28    28
  71   1000   988   952   894   820   733   639   542   449   362   284   217   161   115    80    53    34    20    11     5
          1     0    -1    -2    -1    28    28    28    28    28    28    28    28    28    28    28    28    28    28    28
         28    28    28    28    28    28    28    28    28    28    28    28    28    28    28    28    28    28    28    28
         28    28    28    28    28    28    28    28    28    28
  72   1000   988   952   894   819   732   638   542   448   361   283   216   159   114    79    52    33    19    10     4
          1     0    -1    -1    28    28    28    28    28    28    28    28    28    28    28    28    28    28    28    28
         28    28    28    28    28    28    28    28    28    28    28    28    28    28    28    28    28    28    28    28
         28    28    28    28    28    28    28    28    28
  73   1000   988   951   894   819   732   637   541   447   360   282   214   158   113    78    52    33    19    10     4
          1     0    -1    28    28    28    28    28    28    28    28    28    28    28    28    28    28    28    28    28
         28    28    28    28    28    28    28    28    28    28    28    28    28    28    28    28    28    28    28    28
         28    28    28    28    28    28    28    28
  74   1000   988   951   894   819   731   636   540   446   359   281   213   158   113    78    51    32    19    10     4
          1     0    28    28    28    28    28    28    28    28    28    28    28    28    28    28    28    28    28    28
         28    28    28    28    28    28    28    28    28    28    28    28    28    28    28    28    28    28    28    28
         28    28    28    28    28    28    28
  75   1000   988   951   893   818   731   636   539   445   358   280   213   157   112    77    51    32    19    10     5
          2    28    28    28    28    28    28    28    28    28    28    28    28    28    28    28    28    28    28    28
         28    28    28    28    28    28    28    28    28    28    28    28    28    28    28    28    28    28    28    28
         28    28    28    28    28    28
  76   1000   988   951   893   818   730   635   538   444   357   279   212   157   112    77    52    33    20    11     5
         29    29    29    29    29    29    29    29    29    29    29    29    29    29    29    29    29    29    29    29
         29    29    29    29    29    29    29    29    29    29    29    29    29    29    29    29    29    29    29    29
         29    29    29    29    29
  77   1000   988   951   893   818   730   634   538   444   357   279   212   157   112    78    52    33    20    12    29
         29    29    29    29    29    29    29    29    29    29    29    29    29    29    29    29    29    29    29    29
         29    29    29    29    29    29    29    29    29    29    29    29    29    29    29    29    29    29    29    29
         29    29    29    29
  78   1000   988   951   893   817   729   634   537   444   357   279   212   157   113    79    53    34    21    29    29
         29    29    29    29    29    29    29    29    29    29    29    29    29    29    29    29    29    29    29    29
         29    29    29    29    29    29    29    29    29    29    29    29    29    29    29    29    29    29    29    29
         29    29    29
  79   1000   987   951   893   817   729   634   537   444   357   279   213   158   114    80    54    35    29    29    29
         29    29    29    29    29    29    29    29    29    29    29    29    29    29    29    29    29    29    29    29
         29    29    29    29    29    29    29    29    29    29    29    29    29    29    29    29    29    29    29    29
         29    29
  80   1000   987   951   893   817   729   634   537   444   357   280   214   159   115    81    55    29    29    29    29
         29    29    29    29    29    29    29    29    29    29    29    29    29    29    29    29    29    29    29    29
         29    29    29    29    29    29    29    29    29    29    29    29    29    29    29    29    29    29    29    29
         29
  81   1000   987   951   893   817   729   634   538   445   358   281   215   160   116    82    29    29    29    29    29
         29    29    29    29    29    29    29    29    29    29    29    29    29    29    29    29    29    29    29    29
         29    29    29    29    29    29    29    29    29    29    29    29    29    29    29    29    29    29    29    29
  82   1000   987   951   893   817   729   635   538   445   359   282   216   162   118    29    29    29    29    29    29
         29    29    29    29    29    29    29    29    29    29    29    29    29    29    29    29    29    29    29    29
         29    29    29    29    29    29    29    29    29    29    29    29    29    29    29    29    29    29    29
  83   1000   987   951   893   817   730   635   539   447   360   284   218   163    29    29    29    29    29    29    29
         29    29    29    29    29    29    29    29    29    29    29    29    29    29    29    29    29    29    29    29
         29    29    29    29    29    29    29    29    29    29    29    29    29    29    29    29    29    29
  84   1000   987   951   893   818   730   636   540   448   362   285   219    29    29    29    29    29    29    29    29
         29    29    29    29    29    29    29    29    29    29    29    29    29    29    29    29    29    29    29    29
         29    29    29    29    29    29    29    29    29    29    29    29    29    29    29    29    29
  85   1000   987   951   893   818   731   637   541   449   363   287    29    29    29    29    29    29    29    29    29
         29    29    29    29    29    29    29    29    29    29    29    29    29    29    29    29    29    29    29    29
         29    29    29    29    29    29    29    29    29    29    29    29    29    29    29    29
  86   1000   988   951   893   819   732   638   542   450   364    29    29    29    29    29    29    29    29    29    29
         29    29    29    29    29    29    29    29    29    29    29    29    29    29    29    29    29    29    29    29
         29    29    29    29    29    29    29    29    29    29    29    29    29    29    29
  87   1000   988   951   894   819   732   639   544   451    29    29    29    29    29    29    29    29    29    29    29
         29    29    29    29    29    29    29    29    29    29    29    29    29    29    29    29    29    29    29    29
         29    29    29    29    29    29    29    29    29    29    29    29    29    29
  88   1000   988   951   894   819   733   639   544    30    30    30    30    30    30    30    30    30    30    30    30
         30    30    30    30    30    30    30    30    30    30    30    30    30    30    30    30    30    30    30    30
         30    30    30    30    30    30    30    30    30    30    30    30    30
  89   1000   988   951   894   820   733   640    30    30    30    30    30    30    30    30    30    30    30    30    30
         30    30    30    30    30    30    30    30    30    30    30    30    30    30    30    30    30    30    30    30
         30    30    30    30    30    30    30    30    30    30    30    30
  90   1000   988   952   894   820   734    30    30    30    30    30    30    30    30    30    30    30    30    30    30
         30    30    30    30    30    30    30    30    30    30    30    30    30    30    30    30    30    30    30    30
         30    30    30    30    30    30    30    30    30    30    30
  91   1000   988   952   895   821    30    30    30    30    30    30    30    30    30    30    30    30    30    30    30
         30    30    30    30    30    30    30    30    30    30    30    30    30    30    30    30    30    30    30    30
         30    30    30    30    30    30    30    30    30    30
  92   1000   988   952   895    30    30    30    30    30    30    30    30    30    30    30    30    30    30    30    30
         30    30    30    30    30    30    30    30    30    30    30    30    30    30    30    30    30    30    30    30
         30    30    30    30    30    30    30    30    30
  93   1000   988   952    30    30    30    30    30    30    30    30    30    30    30    30    30    30    30    30    30
         30    30    30    30    30    30    30    30    30    30    30    30    30    30    30    30    30    30    30    30
         30    30    30    30    30    30    30    30
  94   1000   988    30    30    30    30    30    30    30    30    30    30    30    30    30    30    30    30    30    30
         30    30    30    30    30    30    30    30    30    30    30    30    30    30    30    30    30    30    30    30
         30    30    30    30    30    30    30
  95   1000    30    30    30    30    30    30    30    30    30    30    30    30    30    30    30    30    30    30    30
         30    30    30    30    30    30    30    30    30    30    30    30    30    30    30    30    30    30    30    30
         30    30    30    30    30    30
  96   1000  1000  1000  1000  1000  1000  1000  1000  1000  1000  1000  1000  1000  1000  1000  1000  1000  1000  1000  1000
       1000  1000  1000  1000  1000  1000  1000  1000  1000  1000  1000  1000  1000  1000  1000  1000  1000  1000  1000  1000
       1000  1000  1000  1000  1000
  97   1000  1000  1000  1000  1000  1000  1000  1000  1000  1000  1000  1000  1000  1000  1000  1000  1000  1000  1000  1000
       1000  1000  1000  1000  1000  1000  1000  1000  1000  1000  1000  1000  1000  1000  1000  1000  1000  1000  1000  1000
       1000  1000  1000  1000
  98   1000  1000  1000  1000  1000  1000  1000  1000  1000  1000  1000  1000  1000  1000  1000  1000  1000  1000  1000  1000
       1000  1000  1000  1000  1000  1000  1000  1000  1000  1000  1000  1000  1000  1000  1000  1000  1000  1000  1000  1000
       1000  1000  1000
  99   1000  1000  1000  1000  1000  1000  1000  1000  1000  1000  1000  1000  1000  1000  1000  1000  1000  1000  1000  1000
       1000  1000  1000  1000  1000  1000  1000  1000  1000  1000  1000  1000  1000  1000  1000  1000  1000  1000  1000  1000
       1000  1000
 100   1000  1000  1000  1000  1000  1000  1000  1000  1000  1000  1000  1000  1000  1000  1000  1000  1000  1000  1000  1000
       1000  1000  1000  1000  1000  1000  1000  1000  1000  1000  1000  1000  1000  1000  1000  1000  1000  1000  1000  1000
       1000
 101   1000  1000  1000  1000  1000  1000  1000  1000  1000  1000  1000  1000  1000  1000  1000  1000  1000  1000  1000  1000
       1000  1000  1000  1000  1000  1000  1000  1000  1000  1000  1000  1000  1000  1000  1000  1000  1000  1000  1000  1000
 102   1000  1000  1000  1000  1000  1000  1000  1000  1000  1000  1000  1000  1000  1000  1000  1000  1000  1000  1000  1000
       1000  1000  1000  1000  1000  1000  1000  1000  1000  1000  1000  1000  1000  1000  1000  1000  1000  1000  1000
 103   1000  1000  1000  1000  1000  1000  1000  1000  1000  1000  1000  1000  1000  1000  1000  1000  1000  1000  1000  1000
       1000  1000  1000  1000  1000  1000  1000  1000  1000  1000  1000  1000  1000  1000  1000  1000  1000  1000
 104   1000  1000  1000  1000  1000  1000  1000  1000  1000  1000  1000  1000  1000  1000  1000  1000  1000  1000  1000  1000
       1000  1000  1000  1000  1000  1000  1000  1000  1000  1000  1000  1000  1000  1000  1000  1000  1000
 105   1000  1000  1000  1000  1000  1000  1000  1000  1000  1000  1000  1000  1000  1000  1000  1000  1000  1000  1000  1000
       1000  1000  1000  1000  1000  1000  1000  1000  1000  1000  1000  1000  1000  1000  1000  1000
 106   1000  1000  1000  1000  1000  1000  1000  1000  1000  1000  1000  1000  1000  1000  1000  1000  1000  1000  1000  1000
       1000  1000  1000  1000  1000  1000  1000  1000  1000  1000  1000  1000  1000  1000  1000
 107   1000  1000  1000  1000  1000  1000  1000  1000  1000  1000  1000  1000  1000  1000  1000  1000  1000  1000  1000  1000
       1000  1000  1000  1000  1000  1000  1000  1000  1000  1000  1000  1000  1000  1000
 108   1000  1000  1000  1000  1000  1000  1000  1000  1000  1000  1000  1000  1000  1000  1000  1000  1000  1000  1000  1000
       1000  1000  1000  1000  1000  1000  1000  1000  1000  1000  1000  1000  1000
 109   1000  1000  1000  1000  1000  1000  1000  1000  1000  1000  1000  1000  1000  1000  1000  1000  1000  1000  1000  1000
       1000  1000  1000  1000  1000  1000  1000  1000  1000  1000  1000  1000
 110   1000  1000  1000  1000  1000  1000  1000  1000  1000  1000  1000  1000  1000  1000  1000  1000  1000  1000  1000  1000
       1000  1000  1000  1000  1000  1000  1000  1000  1000  1000  1000
 111   1000  1000  1000  1000  1000  1000  1000  1000  1000  1000  1000  1000  1000  1000  1000  1000  1000  1000  1000  1000
       1000  1000  1000  1000  1000  1000  1000  1000  1000  1000
 112   1000  1000  1000  1000  1000  1000  1000  1000  1000  1000  1000  1000  1000  1000  1000  1000  1000  1000  1000  1000
       1000  1000  1000  1000  1000  1000  1000  1000  1000
 113   1000  1000  1000  1000  1000  1000  1000  1000  1000  1000  1000  1000  1000  1000  1000  1000  1000  1000  1000  1000
       1000  1000  1000  1000  1000  1000  1000  1000
 114   1000  1000  1000  1000  1000  1000  1000  1000  1000  1000  1000  1000  1000  1000  1000  1000  1000  1000  1000  1000
       1000  1000  1000  1000  1000  1000  1000
 115   1000  1000  1000  1000  1000  1000  1000  1000  1000  1000  1000  1000  1000  1000  1000  1000  1000  1000  1000  1000
       1000  1000  1000  1000  1000  1000
 116   1000  1000  1000  1000  1000  1000  1000  1000  1000  1000  1000  1000  1000  1000  1000  1000  1000  1000  1000  1000
       1000  1000  1000  1000  1000
 117   1000  1000  1000  1000  1000  1000  1000  1000  1000  1000  1000  1000  1000  1000  1000  1000  1000  1000  1000  1000
       1000  1000  1000  1000
 118   1000  1000  1000  1000  1000  1000  1000  1000  1000  1000  1000  1000  1000  1000  1000  1000  1000  1000  1000  1000
       1000  1000  1000
 119   1000  1000  1000  1000  1000  1000  1000  1000  1000  1000  1000  1000  1000  1000  1000  1000  1000  1000  1000  1000
       1000  1000
 120   1000  1000  1000  1000  1000  1000  1000  1000  1000  1000  1000  1000  1000  1000  1000  1000  1000  1000  1000  1000
       1000
 121   1000  1000  1000  1000  1000  1000  1000  1000  1000  1000  1000  1000  1000  1000  1000  1000  1000  1000  1000  1000
 122   1000  1000  1000  1000  1000  1000  1000  1000  1000  1000  1000  1000  1000  1000  1000  1000  1000  1000  1000
 123   1000  1000  1000  1000  1000  1000  1000  1000  1000  1000  1000  1000  1000  1000  1000  1000  1000  1000
 124   1000  1000  1000  1000  1000  1000  1000  1000  1000  1000  1000  1000  1000  1000  1000  1000  1000
 125   1000  1000  1000  1000  1000  1000  1000  1000  1000  1000  1000  1000  1000  1000  1000  1000
 126   1000  1000  1000  1000  1000  1000  1000  1000  1000  1000  1000  1000  1000  1000  1000
 127   1000  1000  1000  1000  1000  1000  1000  1000  1000  1000  1000  1000  1000  1000
 128   1000  1000  1000  1000  1000  1000  1000  1000  1000  1000  1000  1000  1000
 129   1000  1000  1000  1000  1000  1000  1000  1000  1000  1000  1000  1000
 130   1000  1000  1000  1000  1000  1000  1000  1000  1000  1000  1000
 131   1000  1000  1000  1000  1000  1000  1000  1000  1000  1000
 132   1000  1000  1000  1000  1000  1000  1000  1000  1000
 133   1000  1000  1000  1000  1000  1000  1000  1000
 134   1000  1000  1000  1000  1000  1000  1000
 135   1000  1000  1000  1000  1000  1000
 136   1000  1000  1000  1000  1000
 137   1000  1000  1000  1000
 138   1000  1000  1000
 139   1000  1000
 140   1000

 Finished!
