NIF_RUN Passive 18x snout on TANDM 90-348 Pinhole
  140    5    1    0    0
   0.00500   9.00000   0.03000   0.03000
   0.0000000   0   0 1.00000000E+00   1.0000000
ZR902    1.706E-12 0.010       0.00       0.00        (    )
IN115N   4.881E-13 0.007       0.00       0.00        (    )
AU197G   8.079E-14 0.010       0.00 AUNG  3.94 IFX    (ISTP)
IN115G   1.161E-13 0.020       0.00 INNG 39.37 IFX    (ISTP)
AU1972   1.218E-11 0.053       0.00       0.00        (    )
Flux Uncertainty
   7
 1.0000E-11 1.0000E-07 5.0000E-01 1.0000E+00 1.0000E+01 1.3000E+01 2.0100E+01
 9.0000E-01 9.0000E-01 6.0000E-01 3.0000E-01 2.0000E-01 3.0000E-02 3.0000E-02
Input Flux Spectrum
 140   1 1.000E+00 2.000E+01 5.000E-08
 3.4312E+14 3.4310E+13 2.3747E+13 1.1426E+13 1.1843E+13 7.8719E+12 5.5539E+12
 3.5659E+12 2.3972E+12 1.7345E+12 9.9452E+11 6.4353E+11 4.3067E+11 2.8428E+11
 1.6540E+11 1.6160E+11 8.0847E+11 5.9784E+11 9.4506E+11 6.8383E+11 7.5349E+11
 8.6520E+11 7.6416E+11 6.6842E+11 6.1799E+11 5.0199E+11 4.4405E+11 3.6659E+11
 2.8339E+11 2.4093E+11 1.9507E+11 1.5416E+11 1.4801E+11 1.3679E+11 1.7773E+11
 2.3193E+11 2.6283E+11 3.1249E+11 3.3880E+11 3.4600E+11 3.3744E+11 3.4644E+11
 3.4345E+11 3.3355E+11 3.0856E+11 2.8776E+11 2.7669E+11 2.5327E+11 2.4244E+11
 2.1609E+11 2.0043E+11 1.8866E+11 1.8278E+11 1.7609E+11 1.7862E+11 1.7945E+11
 1.8331E+11 1.9319E+11 2.0946E+11 2.2182E+11 2.4069E+11 2.5930E+11 2.8467E+11
 3.0501E+11 3.2866E+11 3.4298E+11 3.5058E+11 3.5600E+11 3.6039E+11 3.1627E+11
 3.0110E+11 2.6161E+11 2.5153E+11 2.3058E+11 1.7392E+11 1.3617E+11 1.7477E+11
 7.4986E+10 6.3745E+10 6.7244E+10 6.4437E+10 5.8545E+10 5.9616E+10 6.3535E+10
 6.8861E+10 8.4404E+10 9.0942E+10 9.5545E+10 1.0539E+11 1.0400E+11 8.0189E+10
 8.3281E+10 1.0189E+11 1.2904E+12 1.4179E+12 0.0000E+00 0.0000E+00 0.0000E+00
 0.0000E+00 0.0000E+00 0.0000E+00 0.0000E+00 0.0000E+00 0.0000E+00 0.0000E+00
 0.0000E+00 0.0000E+00 0.0000E+00 0.0000E+00 0.0000E+00 0.0000E+00 0.0000E+00
 0.0000E+00 0.0000E+00 0.0000E+00 0.0000E+00 0.0000E+00 0.0000E+00 0.0000E+00
 0.0000E+00 0.0000E+00 0.0000E+00 0.0000E+00 0.0000E+00 0.0000E+00 0.0000E+00
 0.0000E+00 0.0000E+00 0.0000E+00 0.0000E+00 0.0000E+00 0.0000E+00 0.0000E+00
 0.0000E+00 0.0000E+00 0.0000E+00 0.0000E+00 0.0000E+00 0.0000E+00 0.0000E+00
   10   13   28   11    8    5    8    7   10   40



                         ==============================
                               STAYSL PNNL OUTPUT
                         ==============================

 STAYSL PNNL, version 1.2.0, 2015-08-05


 SCENARIO TITLE: NIF_RUN Passive 18x snout on TANDM 90-348 Pinhole
 -------------------------------------------------------------------------------
  NGROUP =   140    NRXN =     5    ACTIVITY NORM = 1.00000E+00

  COVARIANCE PARAMETERS (FCHN, FCVX, ACVX, FS)
    FLUXES:      WIDTH =  9.0000E+00   LONG RANGE COVAR. =  3.0000E-02
            ACTIVITIES =  5.0000E-03   X-SECT CROSS COR. =  3.0000E-02

    DETERM =   1.8962 × 10^  -1.00      ERROR =   4.4409E-16

  INPUT NORMALIZATION DATA
    AK1   =     0.00000     VAK        =     0.00090
    NORML =           0     RENORM     = 9.98197E-01
    CHI²  =    84.93103     NORM. CHI² =    21.23276

  DOSIMETRY ACTIVITIES
     ———— INPUTS —————  -UNADJUSTED FLUX-  — ADJUSTED FLUX —    CHI²  90% ACTIVITIES RANGE
 RXN  MEASURED     ±%   ACTIVITY    %DIFF  ACTIVITY    %DIFF  CONTRIB --LOW E-- --HIGH E--   REACTION          CVR
  1  1.706E-12    1.00  1.578E-12   -7.50  1.607E-12   -5.78   -5.452  1.30E+01  1.40E+01  ZR90(N,2N)ZR89          
  2  4.881E-13    0.70  4.996E-13    2.36  4.766E-13   -2.35    0.394  1.40E+00  1.40E+01  IN115(N,N')IN115M       
  3  8.079E-14    1.00  8.264E-14    2.29  7.932E-14   -1.82    0.159  9.60E-04  1.00E+01  AU197(N,G)AU198         
  4  1.161E-13    2.00  1.186E-13    2.17  1.145E-13   -1.35   -0.192  1.20E-02  2.90E+00  IN115(N,G)IN116M        
  5  1.218E-11    5.30  6.212E-12  -49.00  6.321E-12  -48.11   90.022  1.10E+01  1.40E+01  AU197(N,2N)AU196        

             % STD. DEV.  =         24.86              24.28

                              CHECK INPUT, IT IS RATHER UNLIKELY !
                                   *** BEWARE OF OUTPUT ! ***


  DIFFERENTIAL FLUXES (input is normalized by a factor of 9.9820E-01)
                  —————— DIFFERENTIAL FLUX —————   ———— STD. DEV. % ————   INTEGRAL
 GRP    ENERGY        NEW         OLD      RATIO    NEW     OLD    RATIO   FLUX > E     ± %
   1  1.0000E-10  3.4298E+14  3.4250E+14   1.001   89.96   90.01   0.999  4.1571E+12    2.51
   2  1.0000E-09  3.4292E+13  3.4248E+13   1.001   89.96   90.01   0.999  4.1571E+12    2.51
   3  1.0000E-08  2.3735E+13  2.3704E+13   1.001   89.96   90.01   0.999  4.1571E+12    2.51
   4  2.3000E-08  1.1420E+13  1.1405E+13   1.001   89.96   90.01   0.999  4.1571E+12    2.51
   5  5.0000E-08  1.1836E+13  1.1822E+13   1.001   89.96   90.01   0.999  4.1571E+12    2.51
   6  7.6000E-08  7.8645E+12  7.8577E+12   1.001   89.79   89.84   0.999  4.1571E+12    2.51
   7  1.1500E-07  5.5451E+12  5.5439E+12   1.000   89.16   89.22   0.999  4.1571E+12    2.51
   8  1.7000E-07  3.5562E+12  3.5595E+12   0.999   88.23   88.29   0.999  4.1571E+12    2.51
   9  2.5500E-07  2.3864E+12  2.3929E+12   0.997   87.29   87.37   0.999  4.1571E+12    2.51
  10  3.8000E-07  1.7222E+12  1.7314E+12   0.995   86.40   86.49   0.999  4.1571E+12    2.51
  11  5.5000E-07  9.8401E+11  9.9273E+11   0.991   85.47   85.59   0.999  4.1571E+12    2.51
  12  8.4000E-07  6.3387E+11  6.4237E+11   0.987   84.49   84.65   0.998  4.1571E+12    2.51
  13  1.2750E-06  4.2186E+11  4.2989E+11   0.981   83.52   83.75   0.997  4.1571E+12    2.51
  14  1.9000E-06  2.7663E+11  2.8377E+11   0.975   82.55   82.89   0.996  4.1571E+12    2.51
  15  2.8000E-06  1.5972E+11  1.6510E+11   0.967   81.54   82.02   0.994  4.1571E+12    2.51
  16  4.2500E-06  1.5472E+11  1.6131E+11   0.959   80.47   81.15   0.992  4.1571E+12    2.51
  17  6.3000E-06  7.6676E+11  8.0701E+11   0.950   79.39   80.33   0.988  4.1571E+12    2.51
  18  9.2000E-06  5.6130E+11  5.9676E+11   0.941   78.26   79.53   0.984  4.1571E+12    2.51
  19  1.3500E-05  8.7806E+11  9.4336E+11   0.931   77.01   78.68   0.979  4.1571E+12    2.51
  20  2.1000E-05  6.2861E+11  6.8260E+11   0.921   75.72   77.86   0.973  4.1571E+12    2.51
  21  3.0000E-05  6.8533E+11  7.5213E+11   0.911   74.41   77.08   0.965  4.1571E+12    2.51
  22  4.5000E-05  7.7899E+11  8.6364E+11   0.902   73.00   76.24   0.957  4.1570E+12    2.51
  23  6.9000E-05  6.8148E+11  7.6278E+11   0.893   71.59   75.45   0.949  4.1570E+12    2.51
  24  1.0000E-04  5.9080E+11  6.6721E+11   0.885   70.29   74.79   0.940  4.1570E+12    2.51
  25  1.3500E-04  5.4178E+11  6.1688E+11   0.878   69.13   74.27   0.931  4.1570E+12    2.51
  26  1.7000E-04  4.3697E+11  5.0108E+11   0.872   68.03   73.79   0.922  4.1570E+12    2.51
  27  2.2000E-04  3.8428E+11  4.4325E+11   0.867   66.94   73.31   0.913  4.1569E+12    2.51
  28  2.8000E-04  3.1580E+11  3.6593E+11   0.863   65.90   72.84   0.905  4.1569E+12    2.51
  29  3.6000E-04  2.4332E+11  2.8288E+11   0.860   64.91   72.39   0.897  4.1569E+12    2.51
  30  4.5000E-04  2.0644E+11  2.4050E+11   0.858   63.96   71.94   0.889  4.1569E+12    2.51
  31  5.7500E-04  1.6703E+11  1.9472E+11   0.858   62.98   71.45   0.881  4.1568E+12    2.51
  32  7.6000E-04  1.3205E+11  1.5388E+11   0.858   62.02   70.97   0.874  4.1568E+12    2.51
  33  9.6000E-04  1.2697E+11  1.4774E+11   0.859   61.06   70.49   0.866  4.1568E+12    2.51
  34  1.2750E-03  1.1762E+11  1.3654E+11   0.861   60.09   70.02   0.858  4.1567E+12    2.51
  35  1.6000E-03  1.5330E+11  1.7741E+11   0.864   59.13   69.61   0.849  4.1567E+12    2.51
  36  2.0000E-03  2.0086E+11  2.3151E+11   0.868   58.08   69.13   0.840  4.1566E+12    2.51
  37  2.7000E-03  2.2869E+11  2.6236E+11   0.872   56.97   68.65   0.830  4.1565E+12    2.51
  38  3.4000E-03  2.7331E+11  3.1193E+11   0.876   55.81   68.20   0.818  4.1563E+12    2.51
  39  4.5000E-03  2.9795E+11  3.3819E+11   0.881   54.62   67.77   0.806  4.1560E+12    2.51
  40  5.5000E-03  3.0600E+11  3.4538E+11   0.886   53.38   67.35   0.793  4.1557E+12    2.51
  41  7.2000E-03  3.0015E+11  3.3683E+11   0.891   52.06   66.90   0.778  4.1552E+12    2.51
  42  9.2000E-03  3.0985E+11  3.4582E+11   0.896   50.69   66.45   0.763  4.1546E+12    2.52
  43  1.2000E-02  3.0873E+11  3.4283E+11   0.901   49.29   66.03   0.747  4.1538E+12    2.52
  44  1.5000E-02  3.0115E+11  3.3295E+11   0.905   47.88   65.63   0.730  4.1528E+12    2.52
  45  1.9000E-02  2.7964E+11  3.0800E+11   0.908   46.42   65.17   0.712  4.1516E+12    2.52
  46  2.5500E-02  2.6157E+11  2.8724E+11   0.911   44.96   64.73   0.695  4.1498E+12    2.53
  47  3.2000E-02  2.5205E+11  2.7619E+11   0.913   43.57   64.35   0.677  4.1481E+12    2.54
  48  4.0000E-02  2.3109E+11  2.5281E+11   0.914   42.20   63.93   0.660  4.1461E+12    2.54
  49  5.2500E-02  2.2149E+11  2.4200E+11   0.915   40.92   63.51   0.644  4.1432E+12    2.55
  50  6.6000E-02  1.9769E+11  2.1570E+11   0.917   39.76   63.08   0.630  4.1402E+12    2.55
  51  8.8000E-02  1.8370E+11  2.0007E+11   0.918   38.79   62.66   0.619  4.1359E+12    2.56
  52  1.1000E-01  1.7339E+11  1.8832E+11   0.921   38.11   62.31   0.612  4.1318E+12    2.57
  53  1.3500E-01  1.6870E+11  1.8245E+11   0.925   37.74   62.01   0.609  4.1275E+12    2.57
  54  1.6000E-01  1.6353E+11  1.7577E+11   0.930   37.73   61.73   0.611  4.1233E+12    2.57
  55  1.9000E-01  1.6729E+11  1.7830E+11   0.938   38.06   61.47   0.619  4.1184E+12    2.57
  56  2.2000E-01  1.6992E+11  1.7913E+11   0.949   38.70   61.24   0.632  4.1133E+12    2.57
  57  2.5500E-01  1.7592E+11  1.8298E+11   0.961   39.56   61.01   0.648  4.1074E+12    2.56
  58  2.9000E-01  1.8834E+11  1.9284E+11   0.977   40.53   60.83   0.666  4.1012E+12    2.54
  59  3.2000E-01  2.0780E+11  2.0908E+11   0.994   41.43   60.66   0.683  4.0956E+12    2.53
  60  3.6000E-01  2.2418E+11  2.2142E+11   1.012   42.07   60.48   0.696  4.0873E+12    2.51
  61  4.0000E-01  2.4783E+11  2.4026E+11   1.032   42.29   60.31   0.701  4.0783E+12    2.48
  62  4.5000E-01  2.7179E+11  2.5883E+11   1.050   41.92   60.13   0.697  4.0659E+12    2.44
  63  5.0000E-01  3.0241E+11  2.8416E+11   1.064   39.04   57.33   0.681  4.0523E+12    2.39
  64  5.5000E-01  3.2622E+11  3.0446E+11   1.071   34.08   52.34   0.651  4.0372E+12    2.35
  65  6.0000E-01  3.5217E+11  3.2807E+11   1.073   29.03   47.80   0.607  4.0209E+12    2.31
  66  6.6000E-01  3.6646E+11  3.4236E+11   1.070   24.00   43.64   0.550  3.9998E+12    2.28
  67  7.2000E-01  3.7203E+11  3.4995E+11   1.063   19.32   40.16   0.481  3.9778E+12    2.25
  68  7.8000E-01  3.7382E+11  3.5536E+11   1.052   15.05   37.19   0.405  3.9555E+12    2.22
  69  8.4000E-01  3.7309E+11  3.5974E+11   1.037   11.24   34.28   0.328  3.9330E+12    2.20
  70  9.2000E-01  3.2193E+11  3.1570E+11   1.020    8.28   31.43   0.264  3.9032E+12    2.18
  71  1.0000E+00  3.0080E+11  3.0056E+11   1.001    6.83   29.66   0.230  3.8774E+12    2.16
  72  1.2000E+00  2.5581E+11  2.6114E+11   0.980    6.93   28.81   0.241  3.8173E+12    2.13
  73  1.4000E+00  2.4014E+11  2.5108E+11   0.956    7.93   28.09   0.282  3.7661E+12    2.11
  74  1.6000E+00  2.1454E+11  2.3016E+11   0.932    9.14   27.49   0.333  3.7181E+12    2.11
  75  1.8000E+00  1.5754E+11  1.7361E+11   0.907   10.12   26.96   0.375  3.6752E+12    2.11
  76  2.0000E+00  1.2015E+11  1.3592E+11   0.884   10.57   26.39   0.401  3.6437E+12    2.12
  77  2.3000E+00  1.5049E+11  1.7445E+11   0.863   10.35   25.79   0.401  3.6076E+12    2.15
  78  2.6000E+00  6.3167E+10  7.4851E+10   0.844    9.38   25.28   0.371  3.5625E+12    2.20
  79  2.9000E+00  5.2758E+10  6.3630E+10   0.829    7.43   24.76   0.300  3.5435E+12    2.22
  80  3.3000E+00  5.4980E+10  6.7123E+10   0.819    3.66   24.24   0.151  3.5224E+12    2.24
  81  3.7000E+00  5.2345E+10  6.4321E+10   0.814    5.56   23.79   0.234  3.5004E+12    2.27
  82  4.1000E+00  4.7555E+10  5.8439E+10   0.814    8.43   23.39   0.361  3.4795E+12    2.29
  83  4.5000E+00  4.8766E+10  5.9509E+10   0.819   10.00   22.99   0.435  3.4605E+12    2.30
  84  5.0000E+00  5.2698E+10  6.3420E+10   0.831   10.60   22.60   0.469  3.4361E+12    2.30
  85  5.5000E+00  5.8244E+10  6.8737E+10   0.847   10.30   22.24   0.463  3.4097E+12    2.29
  86  6.0000E+00  7.3177E+10  8.4252E+10   0.869    9.01   21.87   0.412  3.3806E+12    2.26
  87  6.7000E+00  8.1102E+10  9.0778E+10   0.893    6.47   21.48   0.301  3.3294E+12    2.18
  88  7.4000E+00  8.7784E+10  9.5373E+10   0.920    2.20   21.11   0.104  3.2726E+12    2.05
  89  8.2000E+00  9.9761E+10  1.0520E+11   0.948    7.18   20.75   0.346  3.2024E+12    1.84
  90  9.0000E+00  1.0128E+11  1.0381E+11   0.976    9.57   20.40   0.469  3.1226E+12    1.54
  91  1.0000E+01  8.0310E+10  8.0044E+10   1.003    8.16   15.31   0.533  3.0213E+12    1.08
  92  1.1000E+01  8.4416E+10  8.3131E+10   1.015    4.10    8.26   0.496  2.9410E+12    0.76
  93  1.2000E+01  1.0345E+11  1.0171E+11   1.017    1.80    5.14   0.351  2.8566E+12    0.59
  94  1.3000E+01  1.3106E+12  1.2881E+12   1.018    0.82    4.24   0.193  2.7531E+12    0.52
  95  1.4000E+01  1.4425E+12  1.4153E+12   1.019    0.20    4.24   0.047  1.4425E+12    0.20
      1.5000E+01

  INTEGRALS OF SPECTRA
    OLD SPECTRUM   4.1855E+12   ±    6.969 %
    NEW SPECTRUM   4.1571E+12   ±    2.509 %

  SUMMARY OF BROAD-GROUP FLUXES, FLUENCES, AND UNCERTAINTIES

    IRRAD TIME [S] = 1.00000000E+00   ACT NORM =  1.00000000E+00

       ENERGY       FLUX       FLUENCE      STDEV %
      thermal    3.0470E+06  3.0470E+06  ±  81.59     (0.100 meV – 0.550  eV)
     epithermal  2.5245E+10  2.5245E+10  ±  31.85     (0.550  eV – 110.0 keV)
        fast     4.1318E+12  4.1318E+12  ±   2.57     (110.0 keV –  20.0 MeV)
        fast     3.8774E+12  3.8774E+12  ±   2.16     (  1.0 MeV –  20.0 MeV)
        high     0.0000E+00  0.0000E+00  ±   0.00     ( 20.0 MeV –  60.0 MeV)

    MINI-SPECTRUM

       ENERGY       FLUX       FLUENCE      STDEV %
     1.0000E-10  3.0470E+06  3.0470E+06  ±  81.59
     5.5000E-07  6.8604E+07  6.8604E+07  ±  70.67
     1.0000E-04  2.5176E+10  2.5176E+10  ±  32.00
     1.1000E-01  7.9491E+10  7.9491E+10  ±  32.85
     5.0000E-01  1.7490E+11  1.7490E+11  ±  18.60
     1.0000E+00  2.3377E+11  2.3377E+11  ±   6.74
     2.0000E+00  2.0758E+11  2.0758E+11  ±   3.55
     5.0000E+00  4.1479E+11  4.1479E+11  ±   3.21
     1.0000E+01  3.0213E+12  3.0213E+12  ±   1.08
     2.0000E+01  0.0000E+00  0.0000E+00  ±   0.00
     6.0000E+01

       TOTAL     4.1571E+12  4.1571E+12  ±   2.51

    RELATIVE COVARIANCES (10×10)
     1000    96   -38   -30     0    51    80   -14     2     0
     1000  -334  -222   137   525   100  -603    77     0
     1000  -667  -604   344   126  -695   395     0
     1000   419  -519  -334   616   335     0
     1000  -670 -1204  2183   333     0
     1000   237 -1219  1216     0
     1000 *****  4377     0
     1000  6194     0
     1000     0
        0

  SPECTRAL-AVERAGED REACTION RATES (for all cross section library reactions)

        REACTIONS        SIG-PHI      <SIG>          REACTIONS        SIG-PHI      <SIG>          REACTIONS        SIG-PHI      <SIG>  
   ------------------  ----------  ----------   ------------------  ----------  ----------   ------------------  ----------  ----------
   LI6(N,A)T           3.6498E-13  8.7797E-26   FE58(N,G)FE59       5.0307E-15  1.2101E-27   IN115(N,N')IN115M   4.7664E-13  1.1466E-25
   B10(N,A)LI7         5.8400E-13  1.4048E-25   CO59(N,2N)CO58      1.9110E-12  4.5970E-25   IN115(N,2N)IN114M   3.8377E-12  9.2316E-25
   F19(N,2N)F18        9.7347E-14  2.3417E-26   CO59(N,3N)CO57      0.0000E+00  0.0000E+00   IN115(N,G)IN116M    1.1743E-13  2.8248E-26
   NA23(N,2N)NA22      5.5611E-14  1.3377E-26   CO59(N,G)CO60       1.2121E-14  2.9158E-27   I127(N,2N)I126      4.2366E-12  1.0191E-24
   NA23(N,G)NA24       9.6369E-16  2.3182E-28   CO59(N,P)FE59       1.6315E-13  3.9246E-26   LA139(N,G)LA140     1.0095E-14  2.4285E-27
   MG24(N,P)NA24       5.9591E-13  1.4335E-25   CO59(N,A)MN56       9.3975E-14  2.2606E-26   PR141(N,2N)PR140    4.7070E-12  1.1323E-24
   AL27(N,P)MG27       2.6637E-13  6.4076E-26   NI58(N,2N)NI57      6.1734E-14  1.4850E-26   TM169(N,2N)TM168    5.9788E-12  1.4382E-24
   AL27(N,A)NA24       3.7590E-13  9.0423E-26   NI58(N,P)CO58       1.4619E-12  3.5167E-25   TM169(N,3N)TM167    2.9673E-17  7.1379E-30
   SI28(N,P)AL28       8.7828E-13  2.1127E-25   NI60(N,P)CO60       4.6979E-13  1.1301E-25   TA181(N,G)TA182     9.0362E-14  2.1737E-26
   P31(N,P)SI31        3.6771E-13  8.8453E-26   CU63(N,2N)CU62      1.2129E-12  2.9177E-25   W186(N,G)W187       4.2919E-14  1.0324E-26
   S32(N,P)P32         9.6552E-13  2.3226E-25   CU63(N,G)CU64       1.9568E-14  4.7072E-27   AU197(N,2N)AU196    6.3205E-12  1.5204E-24
   TI46(N,2N)TI45      5.0078E-14  1.2047E-26   CU63(N,A)CO60       1.4252E-13  3.4285E-26   AU197(N,G)AU198     8.1682E-14  1.9649E-26
   TI46(N,P)SC46       8.7946E-13  2.1156E-25   CU65(N,2N)CU64      2.4799E-12  5.9655E-25   HG199(N,N')HG199M   9.8928E-13  2.3798E-25
   TI47(N,P)SC47       4.5105E-13  1.0850E-25   ZN64(N,P)CU64       6.6779E-13  1.6064E-25   PB204(N,N')PB204M   3.5642E-13  8.5737E-26
   TI47(N,X)SC46       1.0815E-13  2.6016E-26   ZN67(N,P)CU67       1.0353E-13  2.4904E-26   BI209(N,3N)BI207    8.5536E-16  2.0576E-28
   TI48(N,P)SC48       1.8777E-13  4.5170E-26   AS75(N,2N)AS74      2.6570E-12  6.3914E-25   TH232(N,FISSION)    1.2349E-12  2.9705E-25
   TI48(N,X)SC47       1.9101E-14  4.5948E-27   Y89(N,2N)Y88        2.2629E-12  5.4435E-25   TH232(N,G)TH233     9.1193E-14  2.1937E-26
   TI49(N,X)SC48       1.0552E-14  2.5382E-27   ZR90(N,2N)ZR89      1.6074E-12  3.8666E-25   U235(N,FISSION)     7.6481E-12  1.8398E-24
   V51(N,A)SC48        4.3944E-14  1.0571E-26   NB93(N,G)NB94       2.8573E-14  6.8734E-27   U235(N,G)U236       9.2542E-14  2.2261E-26
   CR52(N,2N)CR51      7.1583E-13  1.7220E-25   NB93(N,N')NB93M     3.1719E-13  7.6302E-26   U238(N,2N)U237      3.4352E-12  8.2634E-25
   MN55(N,2N)MN54      1.9559E-12  4.7049E-25   NB93(N,2N)NB92M     1.3498E-12  3.2471E-25   U238(N,FISSION)     3.9391E-12  9.4757E-25
   MN55(N,G)MN56       5.6462E-15  1.3582E-27   MO92(N,P)NB92M      2.7001E-13  6.4952E-26   U238(N,G)U239       7.1822E-14  1.7277E-26
   FE54(N,2N)FE53      8.3619E-15  2.0115E-27   RH103(N,N')RH103M   2.0093E-12  4.8335E-25   NP237(N,FISSION)    8.2641E-12  1.9880E-24
   FE54(N,P)MN54       1.3210E-12  3.1776E-25   AG109(N,G)AG110M    9.3648E-15  2.2527E-27   PU239(N,FISSION)    9.3675E-12  2.2534E-24
   FE54(N,A)CR51       2.6995E-13  6.4937E-26   IN113(N,N')IN113M   4.0482E-13  9.7382E-26   AM241(N,FISSION)    9.7079E-12  2.3353E-24
   FE56(N,P)MN56       3.5198E-13  8.4670E-26   IN113(N,G)IN114M    1.5790E-13  3.7983E-26   SC45(N,G)SC46       7.7418E-15  1.8623E-27

  INPUT FLUX REL. CORRELATION MATRIX (by row from diagonal)
   1   1000   988   952   895   821   735   642   547   454   369   292   225   170   125    90    63    44    29    20    13
          8     6     4     3     2     2     2     1     1     1     1     1     1     1     1     1     1     1     1     1
          1     2     2     2     2     2     2     2     2     2     2     2     2     2     2     2     2     2     2     2
          2     2     2     2     2     2     2     3     3     3     3     3     4     4     4     4     4     4     4     4
          4     4     4     4     4     5     5     5     5     5     7    12    19    24    24    24    24    24    24    24
         30    33    33    33    33    33    33    33    33    33    33    33    33    33    33    33    33    33    33    33
         33    33    33    33    33    33    33    33    33    33    33    33    33    33    33    33    33    33    33    33

  OUTPUT FLUX REL. CORRELATION MATRIX (by row from diagonal)
   1   1000   988   952   895   821   734   641   546   454   368   291   224   169   123    88    61    41    26    16     8
          3     0    -2    -3    -5    -5    -6    -7    -7    -8    -8    -9    -9   -10   -10   -11   -12   -12   -13   -14
        -15   -15   -16   -17   -18   -19   -20   -21   -22   -23   -24   -24   -24   -24   -23   -22   -20   -19   -17   -15
        -13   -11    -9    -6    -3     0     3     8    16    26    36    39    37    33    31    29    29    31    36    68
         40    23    16    12     9     6     2   -13    -9   -11   -11    -9    -3     7    19     5     7    16     9     9
         25    26    26    26    26    26    26    26    26    26    26    26    26    26    26    26    26    26    26    26
         26    26    26    26    26    26    26    26    26    26    26    26    26    26    26    26    26    26    26    26
   2   1000   988   952   895   821   734   641   546   454   368   291   224   168   123    88    61    40    26    15     8
          3     0    -2    -4    -5    -6    -7    -8    -8    -9    -9   -10   -10   -11   -11   -12   -13   -14   -14   -15
        -16   -17   -18   -19   -20   -21   -22   -23   -24   -25   -25   -25   -25   -24   -23   -21   -20   -18   -16   -14
        -11    -9    -7    -4    -1     2     8    15    25    36    39    37    33    31    29    29    31    36    67    40
         23    16    12     9     6     2   -13    -9   -11   -11    -9    -3     7    20     6     8    17     9     9    25
         26    26    26    26    26    26    26    26    26    26    26    26    26    26    26    26    26    26    26    26
         26    26    26    26    26    26    26    26    26    26    26    26    26    26    26    26    26    26    26
   3   1000   988   952   895   821   734   641   546   454   368   291   224   168   123    88    60    40    25    14     7
          2    -1    -3    -5    -6    -7    -8    -8    -9    -9   -10   -11   -11   -12   -13   -13   -14   -15   -16   -17
        -18   -19   -20   -21   -22   -23   -24   -25   -26   -26   -26   -26   -25   -24   -22   -20   -19   -16   -14   -12
        -10    -7    -5    -1     2     7    14    25    35    39    36    33    30    29    29    30    36    68    40    23
         17    12     9     6     2   -12    -9   -10   -11    -9    -2     7    21     6     8    17    10     9    25    26
         26    26    26    26    26    26    26    26    26    26    26    26    26    26    26    26    26    26    26    26
         26    26    26    26    26    26    26    26    26    26    26    26    26    26    26    26    26    26
   4   1000   988   952   895   821   734   641   546   454   368   291   224   168   123    87    60    40    25    14     6
          1    -1    -4    -5    -7    -8    -8    -9   -10   -10   -11   -11   -12   -13   -14   -14   -15   -16   -17   -18
        -19   -20   -21   -22   -24   -25   -26   -26   -27   -27   -27   -26   -25   -23   -21   -19   -17   -15   -13   -10
         -8    -5    -2     1     6    14    24    34    38    36    33    30    29    29    30    36    68    40    23    17
         12     9     6     2   -11    -9   -10   -11    -9    -2     7    21     6     8    17    10     9    25    26    26
         26    26    26    26    26    26    26    26    26    26    26    26    26    26    26    26    26    26    26    26
         26    26    26    26    26    26    26    26    26    26    26    26    26    26    26    26    26
   5   1000   988   952   895   821   734   641   546   454   368   291   224   168   123    87    60    39    24    13     6
          0    -2    -5    -6    -8    -8    -9   -10   -11   -11   -12   -13   -13   -14   -15   -16   -17   -18   -19   -20
        -21   -22   -23   -24   -25   -26   -27   -28   -28   -28   -27   -25   -24   -22   -20   -18   -16   -13   -11    -8
         -6    -2     1     6    13    24    34    38    36    33    30    29    29    30    36    68    40    23    17    12
          9     6     2   -12    -9   -10   -11    -9    -2     8    22     6     8    18    10     9    25    26    26    26
         26    26    26    26    26    26    26    26    26    26    26    26    26    26    26    26    26    26    26    26
         26    26    26    26    26    26    26    26    26    26    26    26    26    26    26    26
   6   1000   988   952   895   821   735   641   546   454   368   291   224   168   123    87    59    39    23    13     5
          0    -3    -6    -7    -9   -10   -10   -11   -12   -13   -13   -14   -15   -16   -17   -18   -19   -20   -21   -22
        -23   -24   -26   -27   -28   -28   -29   -29   -29   -28   -27   -25   -23   -21   -19   -16   -14   -11    -9    -6
         -2     1     6    14    24    35    39    37    34    31    29    29    31    36    67    40    23    16    12     9
          6     1   -14    -9   -11   -11    -9    -2     8    25     7     9    20    10    10    25    26    26    26    26
         26    26    26    26    26    26    26    26    26    26    26    26    26    26    26    26    26    26    26    26
         26    26    26    26    26    26    26    26    26    26    26    26    26    26    26
   7   1000   988   952   895   821   735   641   547   454   368   291   224   168   123    87    59    38    22    11     4
         -1    -4    -7    -9   -10   -11   -12   -13   -14   -14   -15   -16   -17   -18   -19   -20   -21   -22   -24   -25
        -26   -27   -29   -30   -30   -31   -31   -31   -30   -28   -27   -24   -22   -20   -17   -15   -12    -9    -6    -2
          1     7    16    27    38    42    39    35    32    30    30    31    36    67    39    22    15    11     8     4
          0   -19   -11   -12   -12    -9    -2     9    29     9    11    23    12    11    26    27    27    27    27    27
         27    27    27    27    27    27    27    27    27    27    27    27    27    27    27    27    27    27    27    27
         27    27    27    27    27    27    27    27    27    27    27    27    27    27
   8   1000   988   952   895   821   735   642   547   455   369   291   224   168   122    86    58    36    21    10     2
         -3    -6    -9   -11   -12   -13   -14   -15   -16   -17   -18   -19   -20   -21   -22   -23   -25   -26   -27   -29
        -30   -31   -33   -34   -34   -34   -34   -33   -31   -29   -27   -24   -21   -18   -15   -12    -9    -5    -1     3
         10    19    32    44    47    44    39    35    32    31    32    37    66    37    20    13     9     6     2    -3
        -28   -13   -13   -13   -10    -2    10    36    12    15    29    14    12    28    28    28    28    28    28    28
         28    28    28    28    28    28    28    28    28    28    28    28    28    28    28    28    28    28    28    28
         28    28    28    28    28    28    28    28    28    28    28    28    28
   9   1000   988   952   895   821   735   642   547   455   369   291   224   168   121    84    56    34    19     7     0
         -5    -9   -12   -14   -15   -17   -18   -19   -20   -21   -22   -23   -24   -26   -27   -28   -30   -31   -33   -34
        -36   -37   -38   -39   -39   -38   -37   -35   -33   -30   -27   -23   -20   -16   -13    -9    -5     0     6    14
         25    39    53    56    51    44    39    35    33    33    37    63    34    18    11     6     2    -1    -8   -42
        -17   -16   -15   -11    -2    12    48    16    20    38    18    15    31    30    30    30    30    30    30    30
         30    30    30    30    30    30    30    30    30    30    30    30    30    30    30    30    30    30    30    30
         30    30    30    30    30    30    30    30    30    30    30    30
  10   1000   988   952   895   821   735   642   547   455   369   291   223   166   119    82    53    31    15     4    -4
         -9   -13   -16   -18   -20   -21   -23   -24   -25   -26   -28   -29   -30   -32   -33   -35   -37   -38   -40   -42
        -43   -44   -45   -45   -44   -43   -41   -37   -34   -30   -26   -22   -18   -13    -8    -3     2    10    19    33
         50    66    68    61    52    45    40    36    35    37    60    30    13     6     1    -2    -7   -16   -64   -23
        -20   -17   -12    -2    15    64    23    28    51    23    19    34    32    32    32    32    32    32    32    32
         32    32    32    32    32    32    32    32    32    32    32    32    32    32    32    32    32    32    32    32
         32    32    32    32    32    32    32    32    32    32    32
  11   1000   988   952   895   821   736   643   548   455   368   290   222   164   116    79    49    27    11     0    -9
        -15   -19   -22   -24   -26   -28   -29   -30   -32   -33   -35   -36   -38   -40   -42   -44   -46   -48   -50   -51
        -53   -54   -54   -53   -51   -48   -44   -40   -35   -30   -25   -19   -14    -8    -1     6    15    27    44    65
         83    85    74    62    52    45    40    37    37    55    23     8     0    -4    -9   -15   -27   -94   -31   -25
        -21   -14    -2    19    87    31    39    69    30    24    39    35    35    35    35    35    35    35    35    35
         35    35    35    35    35    35    35    35    35    35    35    35    35    35    35    35    35    35    35    35
         35    35    35    35    35    35    35    35    35    35
  12   1000   988   952   895   822   736   643   547   454   367   288   219   160   112    74    44    21     4    -7   -15
        -22   -26   -29   -32   -34   -36   -37   -39   -41   -43   -45   -46   -49   -51   -53   -55   -58   -60   -62   -64
        -65   -65   -63   -61   -57   -52   -47   -41   -35   -28   -22   -15    -7     1    10    22    38    59    85   107
        107    92    75    62    53    45    40    37    48    15     0    -7   -12   -18   -26   -41  -132   -42   -31   -25
        -17    -1    24   116    43    54    93    40    30    46    38    38    38    38    38    38    38    38    38    38
         38    38    38    38    38    38    38    38    38    38    38    38    38    38    38    38    38    38    38    38
         38    38    38    38    38    38    38    38    38
  13   1000   988   952   895   822   736   642   546   453   365   285   215   155   106    67    37    14    -3   -15   -24
        -30   -35   -39   -42   -44   -46   -48   -50   -52   -54   -57   -59   -62   -64   -67   -70   -73   -75   -77   -78
        -78   -77   -73   -69   -63   -56   -49   -41   -33   -24   -15    -6     4    16    31    51    77   109   135   134
        113    92    75    62    51    43    37    39     5    -9   -17   -23   -30   -39   -59  -180   -55   -39   -30   -20
         -1    30   152    57    71   122    52    39    53    43    43    43    43    43    43    43    43    43    43    43
         43    43    43    43    43    43    43    43    43    43    43    43    43    43    43    43    43    43    43    43
         43    43    43    43    43    43    43    43
  14   1000   988   952   895   822   735   641   545   450   361   280   209   148    99    59    28     4   -12   -25   -35
        -41   -46   -50   -54   -56   -59   -61   -64   -67   -69   -72   -75   -78   -82   -85   -88   -91   -94   -95   -95
        -93   -89   -83   -76   -67   -58   -48   -38   -28   -17    -5     8    23    42    66    99   139   170   166   140
        112    90    72    58    47    36    29    -7   -20   -28   -35   -43   -55   -80  -238   -70   -49   -37   -23    -1
         38   195    74    93   157    66    48    63    48    48    48    48    48    48    48    48    48    48    48    48
         48    48    48    48    48    48    48    48    48    48    48    48    48    48    48    48    48    48    48    48
         48    48    48    48    48    48    48
  15   1000   988   952   895   821   734   640   542   446   356   273   201   140    89    48    17    -6   -24   -38   -47
        -55   -60   -64   -68   -71   -74   -77   -80   -84   -87   -91   -95   -99  -103  -107  -110  -113  -114  -114  -111
       -106   -99   -90   -80   -69   -57   -44   -32   -18    -3    12    32    55    85   124   173   210   204   170   135
        107    85    67    51    36    16   -22   -34   -42   -50   -59   -73  -105  -306   -88   -61   -45   -27     0    47
        246    94   117   198    82    60    74    55    55    55    55    55    55    55    55    55    55    55    55    55
         55    55    55    55    55    55    55    55    55    55    55    55    55    55    55    55    55    55    55    55
         55    55    55    55    55    55
  16   1000   988   952   895   820   733   637   538   441   349   265   192   129    77    36     4   -20   -38   -52   -62
        -70   -76   -81   -85   -89   -93   -96  -100  -104  -109  -113  -118  -123  -127  -131  -135  -136  -136  -133  -127
       -118  -107   -95   -81   -67   -52   -36   -19    -1    18    41    69   105   153   212   256   248   205   162   127
         99    77    56    35     2   -39   -49   -58   -67   -78   -94  -133  -382  -109   -74   -53   -32     0    57   305
        117   146   245   101    73    86    62    62    62    62    62    62    62    62    62    62    62    62    62    62
         62    62    62    62    62    62    62    62    62    62    62    62    62    62    62    62    62    62    62    62
         62    62    62    62    62
  17   1000   988   952   894   819   730   633   533   434   340   255   180   116    64    22   -10   -36   -55   -69   -80
        -88   -95  -100  -105  -110  -114  -119  -123  -129  -134  -139  -145  -151  -155  -159  -161  -160  -157  -149  -139
       -126  -111   -95   -78   -60   -41   -21     0    23    51    85   128   185   255   307   295   243   191   149   115
         87    62    34   -13   -58   -67   -76   -86   -98  -118  -165  -468  -132   -88   -63   -37     0    68   370   142
        177   298   122    88   100    70    70    70    70    70    70    70    70    70    70    70    70    70    70    70
         70    70    70    70    70    70    70    70    70    70    70    70    70    70    70    70    70    70    70    70
         70    70    70    70
  18   1000   988   951   893   817   727   628   526   425   330   243   167   102    48     5   -28   -54   -73   -88  -100
       -109  -116  -122  -128  -133  -139  -144  -150  -157  -163  -170  -176  -182  -186  -188  -187  -183  -174  -162  -147
       -130  -111   -90   -69   -47   -23     1    29    62   102   153   220   301   362   347   285   223   173   133    99
         68    34   -30   -79   -85   -95  -106  -120  -144  -199  -561  -157  -104   -73   -43     1    80   441   170   212
        355   145   104   115    79    79    79    79    79    79    79    79    79    79    79    79    79    79    79    79
         79    79    79    79    79    79    79    79    79    79    79    79    79    79    79    79    79    79    79    79
         79    79    79
  19   1000   988   951   892   814   723   622   518   415   318   230   152    86    31   -12   -46   -73   -94  -110  -122
       -132  -140  -147  -154  -160  -167  -174  -181  -188  -196  -203  -210  -215  -217  -216  -211  -201  -187  -170  -149
       -127  -103   -79   -53   -26     3    35    73   120   179   257   351   420   403   329   257   198   151   111    74
         33   -48  -100  -105  -115  -128  -144  -171  -236  -659  -184  -121   -84   -49     2    94   516   199   249   415
        169   121   131    88    88    88    88    88    88    88    88    88    88    88    88    88    88    88    88    88
         88    88    88    88    88    88    88    88    88    88    88    88    88    88    88    88    88    88    88    88
         88    88
  20   1000   987   950   890   811   718   615   509   404   305   215   136    68    12   -32   -67   -95  -117  -133  -147
       -157  -166  -175  -182  -190  -198  -207  -215  -224  -232  -240  -245  -248  -247  -241  -230  -214  -194  -170  -145
       -118   -89   -60   -29     4    42    85   138   206   295   402   481   460   376   292   224   170   124    81    32
        -67  -123  -126  -137  -150  -169  -199  -274  -762  -212  -138   -96   -56     3   107   595   230   287   479   195
        138   148    97    97    97    97    97    97    97    97    97    97    97    97    97    97    97    97    97    97
         97    97    97    97    97    97    97    97    97    97    97    97    97    97    97    97    97    97    97    97
         97
  21   1000   987   949   888   808   712   607   499   392   291   199   118    50    -7   -53   -90  -118  -141  -159  -173
       -185  -195  -205  -214  -223  -233  -243  -253  -262  -271  -277  -280  -279  -272  -259  -241  -218  -192  -163  -132
       -100   -67   -32     5    48    97   157   233   333   455   543   518   423   328   251   190   137    88    31   -87
       -146  -147  -158  -173  -194  -228  -313  -867  -240  -156  -108   -62     4   122   677   262   327   544   221   156
        165   107   107   107   107   107   107   107   107   107   107   107   107   107   107   107   107   107   107   107
        107   107   107   107   107   107   107   107   107   107   107   107   107   107   107   107   107   107   107   107
  22   1000   987   948   886   804   706   599   488   379   276   183   100    30   -28   -75  -113  -143  -167  -186  -202
       -215  -227  -238  -249  -260  -271  -282  -293  -302  -309  -313  -311  -303  -289  -269  -244  -214  -182  -148  -112
        -75   -35     6    53   108   175   260   372   506   604   577   470   364   278   209   150    95    31  -106  -170
       -168  -180  -196  -219  -257  -351  -971  -268  -173  -119   -68     5   136   759   294   366   609   247   175   182
        117   117   117   117   117   117   117   117   117   117   117   117   117   117   117   117   117   117   117   117
        117   117   117   117   117   117   117   117   117   117   117   117   117   117   117   117   117   117   117
  23   1000   987   947   883   799   699   590   477   366   261   166    81     9   -50   -99  -138  -170  -195  -215  -232
       -247  -261  -273  -286  -299  -311  -323  -334  -342  -345  -344  -335  -320  -297  -269  -237  -201  -163  -124   -83
        -40     6    58   119   192   286   408   556   663   633   515   398   304   228   163   101    30  -125  -192  -189
       -201  -218  -243  -285  -389 -1073  -296  -191  -131   -74     6   150   840   325   405   673   273   193   199   127
        127   127   127   127   127   127   127   127   127   127   127   127   127   127   127   127   127   127   127   127
        127   127   127   127   127   127   127   127   127   127   127   127   127   127   127   127   127   127
  24   1000   986   946   881   795   693   581   466   353   246   148    62   -11   -72  -123  -164  -197  -224  -246  -265
       -281  -297  -311  -326  -340  -353  -365  -374  -378  -376  -367  -350  -326  -295  -259  -221  -179  -136   -92   -44
          6    62   128   208   309   443   603   720   687   559   432   329   246   176   108    29  -142  -214  -208  -221
       -240  -266  -312  -425 -1170  -322  -207  -141   -80     7   164   918   355   443   735   297   210   215   136   136
        136   136   136   136   136   136   136   136   136   136   136   136   136   136   136   136   136   136   136   136
        136   136   136   136   136   136   136   136   136   136   136   136   136   136   136   136   136
  25   1000   986   945   878   790   686   573   455   340   230   131    43   -32   -96  -148  -191  -226  -255  -279  -299
       -318  -335  -352  -368  -383  -395  -405  -410  -408  -398  -380  -354  -320  -282  -240  -196  -149  -101   -50     4
         65   136   221   331   474   646   771   735   598   462   352   263   187   114    29  -159  -233  -227  -240  -259
       -288  -337  -458 -1260  -346  -222  -151   -85     8   177   993   384   478   793   321   226   230   145   145   145
        145   145   145   145   145   145   145   145   145   145   145   145   145   145   145   145   145   145   145   145
        145   145   145   145   145   145   145   145   145   145   145   145   145   145   145   145
  26   1000   986   943   875   786   680   564   444   327   215   113    23   -54  -120  -174  -219  -256  -287  -313  -336
       -357  -376  -394  -411  -425  -436  -441  -439  -429  -409  -381  -346  -305  -260  -212  -163  -111   -57     1    66
        141   232   348   500   683   816   779   634   489   373   278   197   119    28  -174  -251  -243  -257  -277  -307
       -359  -488 -1340  -368  -235  -160   -90    10   190  1062   411   511   847   342   241   244   153   153   153   153
        153   153   153   153   153   153   153   153   153   153   153   153   153   153   153   153   153   153   153   153
        153   153   153   153   153   153   153   153   153   153   153   153   153   153   153
  27   1000   985   942   873   781   674   556   434   314   200    96     3   -76  -145  -202  -249  -288  -321  -350  -375
       -398  -418  -437  -453  -465  -471  -469  -459  -438  -408  -371  -327  -279  -229  -177  -122   -65    -3    65   144
        240   362   521   713   853   815   664   512   390   291   206   124    28  -186  -267  -257  -271  -293  -324  -378
       -513 -1409  -386  -247  -167   -93    12   202  1126   435   541   895   361   254   256   160   160   160   160   160
        160   160   160   160   160   160   160   160   160   160   160   160   160   160   160   160   160   160   160   160
        160   160   160   160   160   160   160   160   160   160   160   160   160   160
  28   1000   985   941   870   777   668   548   424   301   185    78   -16   -99  -170  -230  -280  -322  -358  -389  -416
       -440  -462  -480  -493  -500  -499  -488  -466  -435  -396  -350  -300  -247  -192  -134   -74    -9    61   144   244
        370   536   736   882   844   687   531   405   302   213   128    28  -197  -279  -269  -283  -305  -338  -394  -534
      -1465  -401  -256  -173   -96    14   212  1184   457   567   937   378   266   267   165   165   165   165   165   165
        165   165   165   165   165   165   165   165   165   165   165   165   165   165   165   165   165   165   165   165
        165   165   165   165   165   165   165   165   165   165   165   165   165
  29   1000   985   940   868   774   662   540   413   288   169    60   -38  -124  -197  -260  -313  -358  -397  -430  -459
       -484  -505  -521  -529  -528  -517  -495  -462  -421  -373  -320  -265  -208  -148   -86   -18    55   140   243   374
        544   750   901   864   705   545   415   310   219   131    28  -205  -289  -278  -292  -315  -348  -406  -551 -1508
       -412  -262  -177   -97    17   222  1235   475   589   973   392   275   276   170   170   170   170   170   170   170
        170   170   170   170   170   170   170   170   170   170   170   170   170   170   170   170   170   170   170   170
        170   170   170   170   170   170   170   170   170   170   170   170
  30   1000   985   939   866   770   656   532   403   275   153    40   -60  -150  -227  -293  -349  -397  -439  -474  -504
       -529  -547  -557  -557  -546  -523  -489  -446  -397  -342  -285  -225  -164   -99   -30    45   133   238   371   545
        755   911   875   716   554   423   316   223   133    28  -210  -296  -284  -299  -322  -356  -415  -562 -1537  -420
       -267  -179   -97    19   231  1280   491   608  1003   404   283   283   174   174   174   174   174   174   174   174
        174   174   174   174   174   174   174   174   174   174   174   174   174   174   174   174   174   174   174   174
        174   174   174   174   174   174   174   174   174   174   174
  31   1000   984   938   864   766   651   524   392   261   136    19   -85  -178  -259  -329  -389  -440  -484  -520  -550
       -571  -584  -585  -575  -552  -517  -473  -422  -366  -306  -245  -182  -115   -44    32   121   228   363   539   752
        911   878   719   558   426   319   225   134    28  -213  -300  -288  -303  -326  -360  -419  -568 -1552  -423  -268
       -180   -96    23   240  1319   505   623  1027   413   289   288   176   176   176   176   176   176   176   176   176
        176   176   176   176   176   176   176   176   176   176   176   176   176   176   176   176   176   176   176   176
        176   176   176   176   176   176   176   176   176   176
  32   1000   984   937   862   762   645   515   381   246   117    -3  -112  -210  -295  -369  -433  -486  -531  -567  -594
       -610  -614  -605  -582  -547  -501  -449  -391  -330  -267  -202  -134   -62    16   105   213   348   525   739   900
        872   716   557   426   319   226   135    28  -213  -301  -289  -304  -327  -361  -421  -569 -1553  -423  -268  -178
        -94    27   248  1354   516   636  1046   420   294   291   178   178   178   178   178   178   178   178   178   178
        178   178   178   178   178   178   178   178   178   178   178   178   178   178   178   178   178   178   178   178
        178   178   178   178   178   178   178   178   178
  33   1000   984   936   859   758   638   506   368   229    95   -29  -144  -246  -336  -414  -480  -536  -581  -614  -635
       -642  -635  -613  -578  -532  -478  -418  -356  -292  -225  -156   -83    -4    85   193   328   504   717   880   857
        707   551   423   317   225   135    29  -211  -299  -287  -302  -326  -359  -418  -565 -1541  -419  -264  -175   -91
         31   255  1384   525   645  1059   424   297   293   178   178   178   178   178   178   178   178   178   178   178
        178   178   178   178   178   178   178   178   178   178   178   178   178   178   178   178   178   178   178   178
        178   178   178   178   178   178   178   178
  34   1000   984   935   857   754   631   495   353   209    70   -59  -179  -287  -381  -463  -532  -588  -630  -658  -670
       -665  -645  -610  -564  -509  -448  -385  -319  -252  -182  -108   -28    61   167   301   475   686   851   834   691
        541   416   313   222   134    29  -207  -294  -283  -299  -321  -355  -412  -557 -1517  -411  -259  -171   -86    36
        263  1412   533   653  1068   427   298   293   178   178   178   178   178   178   178   178   178   178   178   178
        178   178   178   178   178   178   178   178   178   178   178   178   178   178   178   178   178   178   178   178
        178   178   178   178   178   178   178
  35   1000   983   934   854   748   622   482   335   186    42   -94  -220  -333  -432  -517  -586  -640  -677  -695  -696
       -678  -644  -598  -542  -481  -416  -349  -281  -211  -137   -57    31   137   268   439   647   812   802   669   526
        406   306   218   132    30  -201  -288  -277  -292  -315  -347  -404  -545 -1481  -401  -251  -164   -80    42   270
       1436   539   658  1074   428   299   292   176   176   176   176   176   176   176   176   176   176   176   176   176
        176   176   176   176   176   176   176   176   176   176   176   176   176   176   176   176   176   176   176   176
        176   176   176   176   176   176
  36   1000   983   932   851   742   612   468   315   160     8  -134  -266  -384  -487  -573  -641  -689  -717  -724  -710
       -679  -634  -578  -516  -450  -383  -314  -243  -169   -89    -1   101   230   396   600   765   764   642   507   394
        298   213   130    31  -192  -278  -269  -284  -306  -338  -392  -528 -1434  -387  -241  -156   -74    49   277  1459
        544   661  1076   428   298   290   174   174   174   174   174   174   174   174   174   174   174   174   174   174
        174   174   174   174   174   174   174   174   174   174   174   174   174   174   174   174   174   174   174   174
        174   174   174   174   174
  37   1000   983   931   847   735   600   450   291   129   -29  -179  -318  -440  -545  -630  -694  -733  -749  -741  -714
       -670  -616  -553  -487  -419  -349  -278  -204  -126   -39    61   186   347   545   709   718   609   485   378   288
        207   127    32  -182  -267  -259  -274  -295  -326  -378  -508 -1377  -370  -230  -147   -66    56   285  1481   549
        663  1075   427   296   287   172   172   172   172   172   172   172   172   172   172   172   172   172   172   172
        172   172   172   172   172   172   172   172   172   172   172   172   172   172   172   172   172   172   172   172
        172   172   172   172
  38   1000   982   929   842   726   587   430   263    93   -72  -230  -373  -500  -605  -685  -740  -767  -769  -747  -707
       -654  -592  -526  -457  -387  -316  -243  -165   -80    17   137   292   483   647   666   572   460   361   276   200
        124    33  -170  -254  -247  -262  -283  -312  -361  -485 -1311  -351  -216  -137   -57    64   292  1502   552   664
       1072   425   294   283   168   168   168   168   168   168   168   168   168   168   168   168   168   168   168   168
        168   168   168   168   168   168   168   168   168   168   168   168   168   168   168   168   168   168   168   168
        168   168   168
  39   1000   982   927   837   716   570   406   231    53  -120  -284  -432  -560  -661  -734  -777  -790  -777  -742  -692
       -632  -566  -498  -428  -357  -284  -208  -125   -30    84   232   416   579   610   531   431   341   263   192   120
         34  -157  -239  -234  -249  -269  -296  -343  -460 -1239  -330  -202  -125   -47    72   300  1522   555   664  1068
        421   291   278   164   164   164   164   164   164   164   164   164   164   164   164   164   164   164   164   164
        164   164   164   164   164   164   164   164   164   164   164   164   164   164   164   164   164   164   164   164
        164   164
  40   1000   981   924   830   704   552   380   196     9  -172  -342  -492  -617  -712  -773  -801  -799  -773  -728  -671
       -607  -539  -470  -399  -327  -252  -172   -80    28   169   345   507   550   488   402   321   249   183   116    36
       -143  -223  -221  -235  -254  -280  -324  -433 -1161  -307  -186  -113   -37    81   309  1544   558   664  1063   418
        288   273   160   160   160   160   160   160   160   160   160   160   160   160   160   160   160   160   160   160
        160   160   160   160   160   160   160   160   160   160   160   160   160   160   160   160   160   160   160   160
        160
  41   1000   980   921   823   691   530   350   157   -38  -227  -400  -549  -668  -752  -799  -812  -797  -760  -708  -647
       -581  -513  -443  -372  -299  -221  -133   -29   103   271   432   488   444   371   300   235   174   112    37  -128
       -207  -206  -221  -239  -263  -304  -405 -1082  -284  -170  -101   -27    90   317  1567   562   664  1059   415   285
        269   156   156   156   156   156   156   156   156   156   156   156   156   156   156   156   156   156   156   156
        156   156   156   156   156   156   156   156   156   156   156   156   156   156   156   156   156   156   156   156
  42   1000   979   917   814   676   507   317   115   -88  -281  -455  -600  -709  -779  -812  -811  -785  -740  -684  -621
       -555  -487  -417  -346  -270  -186   -87    37   197   357   426   399   340   279   221   166   109    39  -113  -191
       -192  -206  -224  -246  -284  -378 -1003  -261  -154   -88   -16    99   327  1594   567   665  1056   412   282   264
        153   153   153   153   153   153   153   153   153   153   153   153   153   153   153   153   153   153   153   153
        153   153   153   153   153   153   153   153   153   153   153   153   153   153   153   153   153   153   153
  43   1000   978   913   805   659   481   282    71  -138  -334  -505  -641  -737  -792  -811  -799  -765  -716  -658  -595
       -529  -462  -392  -319  -239  -145   -27   125   284   366   356   311   259   208   158   105    41   -99  -176  -179
       -193  -209  -231  -266  -352  -929  -239  -139   -76    -6   109   337  1625   573   669  1057   411   281   260   149
        149   149   149   149   149   149   149   149   149   149   149   149   149   149   149   149   149   149   149   149
        149   149   149   149   149   149   149   149   149   149   149   149   149   149   149   149   149   149
  44   1000   977   908   794   640   454   245    27  -186  -381  -545  -669  -751  -792  -798  -778  -739  -688  -630  -568
       -503  -437  -366  -290  -201   -89    56   216   310   317   284   241   196   151   102    42   -87  -163  -167  -181
       -197  -217  -249  -328  -861  -220  -125   -65     3   119   349  1661   581   675  1062   412   280   258   147   147
        147   147   147   147   147   147   147   147   147   147   147   147   147   147   147   147   147   147   147   147
        147   147   147   147   147   147   147   147   147   147   147   147   147   147   147   147   147
  45   1000   976   903   783   621   425   209   -14  -228  -418  -571  -682  -749  -778  -776  -751  -710  -659  -602  -541
       -477  -410  -337  -253  -147    -6   153   260   281   260   225   186   145   100    44   -76  -151  -157  -171  -186
       -205  -235  -308  -803  -202  -113   -55    13   128   361  1705   593   684  1073   414   281   257   145   145   145
        145   145   145   145   145   145   145   145   145   145   145   145   145   145   145   145   145   145   145   145
        145   145   145   145   145   145   145   145   145   145   145   145   145   145   145   145
  46   1000   975   898   771   601   397   174   -51  -261  -442  -582  -679  -734  -754  -746  -719  -678  -628  -572  -512
       -449  -379  -299  -198   -62    99   216   252   240   212   178   140    98    45   -67  -142  -150  -163  -178  -196
       -224  -293  -757  -188  -102   -46    21   138   375  1755   606   697  1089   420   284   258   144   144   144   144
        144   144   144   144   144   144   144   144   144   144   144   144   144   144   144   144   144   144   144   144
        144   144   144   144   144   144   144   144   144   144   144   144   144   144   144
  47   1000   973   892   759   581   371   144   -79  -282  -450  -577  -661  -706  -720  -710  -682  -642  -593  -539  -480
       -415  -339  -242  -110    53   180   227   225   202   172   137    97    46   -61  -136  -145  -158  -173  -190  -216
       -282  -723  -177   -94   -39    29   147   389  1812   623   714  1112   428   289   261   145   145   145   145   145
        145   145   145   145   145   145   145   145   145   145   145   145   145   145   145   145   145   145   145   145
        145   145   145   145   145   145   145   145   145   145   145   145   145   145
  48   1000   972   886   747   563   348   122   -95  -287  -442  -556  -629  -668  -678  -667  -640  -602  -555  -502  -441
       -370  -278  -150    14   151   208   213   195   167   134    95    46   -58  -133  -141  -155  -169  -186  -211  -274
       -699  -170   -88   -33    35   156   405  1873   642   733  1139   437   295   265   146   146   146   146   146   146
        146   146   146   146   146   146   146   146   146   146   146   146   146   146   146   146   146   146   146   146
        146   146   146   146   146   146   146   146   146   146   146   146   146
  49   1000   970   881   737   548   333   112   -95  -275  -417  -519  -585  -620  -629  -618  -593  -557  -511  -458  -392
       -305  -181   -16   126   191   202   188   163   131    94    46   -57  -131  -140  -154  -167  -183  -208  -269  -681
       -163   -83   -27    41   165   420  1934   661   753  1168   447   301   269   148   148   148   148   148   148   148
        148   148   148   148   148   148   148   148   148   148   148   148   148   148   148   148   148   148   148   148
        148   148   148   148   148   148   148   148   148   148   148   148
  50   1000   969   876   729   540   328   116   -79  -245  -375  -469  -529  -562  -571  -562  -540  -506  -461  -403  -324
       -206   -43   102   174   190   180   157   128    91    44   -58  -130  -139  -152  -165  -181  -205  -263  -662  -157
        -77   -23    47   173   433  1990   678   771  1193   456   307   273   150   150   150   150   150   150   150   150
        150   150   150   150   150   150   150   150   150   150   150   150   150   150   150   150   150   150   150   150
        150   150   150   150   150   150   150   150   150   150   150
  51   1000   968   873   725   539   336   136   -45  -198  -318  -405  -463  -495  -506  -501  -481  -449  -402  -334  -226
        -70    75   153   174   168   148   121    87    41   -59  -128  -136  -148  -161  -176  -198  -254  -633  -148   -71
        -17    53   180   444  2031   690   782  1208   461   310   275   150   150   150   150   150   150   150   150   150
        150   150   150   150   150   150   150   150   150   150   150   150   150   150   150   150   150   150   150   150
        150   150   150   150   150   150   150   150   150   150
  52   1000   967   873   727   549   358   172     4  -136  -248  -331  -387  -421  -436  -435  -419  -388  -335  -243  -101
         41   123   150   149   134   110    79    36   -61  -124  -130  -141  -153  -166  -186  -236  -583  -133   -60    -9
         60   186   450  2047   692   783  1206   459   308   272   147   147   147   147   147   147   147   147   147   147
        147   147   147   147   147   147   147   147   147   147   147   147   147   147   147   147   147   147   147   147
        147   147   147   147   147   147   147   147   147
  53   1000   968   875   736   569   392   221    67   -63  -169  -249  -307  -344  -364  -369  -358  -326  -258  -138    -4
         79   114   120   110    92    66    28   -61  -115  -118  -128  -137  -148  -165  -207  -500  -110   -45     2    68
        191   450  2029   682   768  1178   448   299   262   141   141   141   141   141   141   141   141   141   141   141
        141   141   141   141   141   141   141   141   141   141   141   141   141   141   141   141   141   141   141   141
        141   141   141   141   141   141   141   141
  54   1000   969   881   752   598   436   280   138    15   -85  -165  -226  -270  -298  -312  -308  -271  -182   -64    21
         63    78    77    66    46    16   -61  -100  -100  -107  -114  -122  -133  -163  -377   -75   -22    18    78   194
        441  1969   656   733  1120   423   282   245   131   131   131   131   131   131   131   131   131   131   131   131
        131   131   131   131   131   131   131   131   131   131   131   131   131   131   131   131   131   131   131   131
        131   131   131   131   131   131   131
  55   1000   971   890   772   632   486   343   211    95    -4   -87  -154  -208  -250  -279  -282  -235  -139   -54    -2
         22    32    30    20     0   -60   -79   -75   -78   -81   -84   -88  -101  -207   -28     7    39    91   196   425
       1865   614   679  1028   386   256   219   115   115   115   115   115   115   115   115   115   115   115   115   115
        115   115   115   115   115   115   115   115   115   115   115   115   115   115   115   115   115   115   115   115
        115   115   115   115   115   115
  56   1000   973   900   794   669   536   404   281   168    67   -22  -101  -173  -238  -288  -291  -226  -143   -83   -45
        -24   -14   -12   -20   -59   -53   -43   -41   -40   -37   -32   -24     5    30    45    64   106   197   401  1719
        555   605   904   336   220   185    95    95    95    95    95    95    95    95    95    95    95    95    95    95
         95    95    95    95    95    95    95    95    95    95    95    95    95    95    95    95    95    95    95    95
         95    95    95    95    95
  57   1000   976   910   816   703   582   459   340   227   120    18   -82  -185  -286  -347  -319  -243  -175  -125   -90
        -67   -52   -46   -62   -25    -7     1     9    18    33    66   258    99    89    95   124   197   371  1541   484
        515   755   275   178   144    71    71    71    71    71    71    71    71    71    71    71    71    71    71    71
         71    71    71    71    71    71    71    71    71    71    71    71    71    71    71    71    71    71    71    71
         71    71    71    71
  58   1000   978   920   836   733   621   504   385   267   146    19  -120  -273  -396  -412  -349  -274  -213  -165  -128
        -99   -77   -70     3    31    48    63    81   108   169   542   178   139   129   144   198   337  1341   404   414
        586   207   130    98    44    44    44    44    44    44    44    44    44    44    44    44    44    44    44    44
         44    44    44    44    44    44    44    44    44    44    44    44    44    44    44    44    44    44    44    44
         44    44    44
  59   1000   981   929   852   757   650   534   410   278   130   -42  -245  -433  -500  -454  -377  -306  -245  -195  -153
       -116   -87    30    71    97   120   147   188   279   849   262   194   166   166   200   303  1131   320   307   408
        135    79    48    14    14    14    14    14    14    14    14    14    14    14    14    14    14    14    14    14
         14    14    14    14    14    14    14    14    14    14    14    14    14    14    14    14    14    14    14    14
         14    14
  60   1000   983   936   864   774   667   546   408   247    47  -201  -454  -575  -553  -479  -401  -330  -268  -213  -161
       -117    51   108   145   178   215   271   395  1171   352   252   206   190   203   269   922   235   199   225    61
         27    -2   -15   -15   -15   -15   -15   -15   -15   -15   -15   -15   -15   -15   -15   -15   -15   -15   -15   -15
        -15   -15   -15   -15   -15   -15   -15   -15   -15   -15   -15   -15   -15   -15   -15   -15   -15   -15   -15   -15
        -15
  61   1000   984   940   872   781   670   535   366   148  -140  -454  -634  -642  -576  -496  -418  -346  -279  -215  -161
         63   142   191   235   283   355   513  1505   445   313   249   217   209   239   723   153    92    44   -12   -24
        -53   -46   -46   -46   -46   -46   -46   -46   -46   -46   -46   -46   -46   -46   -46   -46   -46   -46   -46   -46
        -46   -46   -46   -46   -46   -46   -46   -46   -46   -46   -46   -46   -46   -46   -46   -46   -46   -46   -46   -46
  62   1000   985   943   874   779   653   487   258   -59  -430  -672  -717  -666  -588  -506  -427  -351  -278  -224    64
        169   234   290   351   438   633  1845   542   376   294   246   217   213   543    75    -8  -129   -84   -75  -104
        -77   -77   -77   -77   -77   -77   -77   -77   -77   -77   -77   -77   -77   -77   -77   -77   -77   -77   -77   -77
        -77   -77   -77   -77   -77   -77   -77   -77   -77   -77   -77   -77   -77   -77   -77   -77   -77   -77   -77
  63   1000   986   942   869   760   604   376    38  -380  -684  -773  -744  -674  -593  -510  -428  -348  -302    56   192
        274   343   418   523   755  2194   641   442   341   278   230   194   385     4  -104  -294  -153  -125  -152  -105
       -105  -105  -105  -105  -105  -105  -105  -105  -105  -105  -105  -105  -105  -105  -105  -105  -105  -105  -105  -105
       -105  -105  -105  -105  -105  -105  -105  -105  -105  -105  -105  -105  -105  -105  -105  -105  -105  -105
  64   1000   985   938   853   716   498   154  -302  -667  -806  -806  -750  -675  -592  -508  -425  -398    37   208   309
        394   484   609   879  2553   744   510   390   312   246   183   259   -57  -190  -447  -217  -170  -196  -131  -131
       -131  -131  -131  -131  -131  -131  -131  -131  -131  -131  -131  -131  -131  -131  -131  -131  -131  -131  -131  -131
       -131  -131  -131  -131  -131  -131  -131  -131  -131  -131  -131  -131  -131  -131  -131  -131  -131
  65   1000   983   928   819   623   287  -195  -618  -812  -848  -815  -752  -675  -593  -513  -521     0   212   336   438
        545   690  1002  2915   850   582   443   351   270   185   184  -103  -261  -577  -272  -211  -236  -153  -153  -153
       -153  -153  -153  -153  -153  -153  -153  -153  -153  -153  -153  -153  -153  -153  -153  -153  -153  -153  -153  -153
       -153  -153  -153  -153  -153  -153  -153  -153  -153  -153  -153  -153  -153  -153  -153  -153
  66   1000   980   907   746   434   -56  -530  -784  -865  -862  -818  -754  -681  -612  -676   -62   200   350   473   598
        767  1120  3275   958   656   500   396   304   205   185  -126  -307  -672  -315  -244  -268  -172  -172  -172  -172
       -172  -172  -172  -172  -172  -172  -172  -172  -172  -172  -172  -172  -172  -172  -172  -172  -172  -172  -172  -172
       -172  -172  -172  -172  -172  -172  -172  -172  -172  -172  -172  -172  -172  -172  -172
  67   1000   972   861   594   117  -396  -712  -846  -881  -867  -825  -770  -722  -868  -155   166   346   492   638   831
       1227  3617  1064   733   561   448   352   255   307  -110  -311  -705  -336  -261  -287  -183  -183  -183  -183  -183
       -183  -183  -183  -183  -183  -183  -183  -183  -183  -183  -183  -183  -183  -183  -183  -183  -183  -183  -183  -183
       -183  -183  -183  -183  -183  -183  -183  -183  -183  -183  -183  -183  -183  -183
  68   1000   955   761   331  -200  -575  -770  -856  -881  -873  -848  -837 -1098  -288   100   314   484   653   871  1307
       3901  1159   805   624   508   420   351   635   -28  -242  -627  -314  -251  -281  -179  -179  -179  -179  -179  -179
       -179  -179  -179  -179  -179  -179  -179  -179  -179  -179  -179  -179  -179  -179  -179  -179  -179  -179  -179  -179
       -179  -179  -179  -179  -179  -179  -179  -179  -179  -179  -179  -179  -179
  69   1000   918   589    81  -339  -598  -745  -825  -865  -887  -931 -1344  -463   -10   234   427   616   853  1316  4007
       1212   855   676   573   517   524  1319   176   -35  -333  -210  -184  -220  -143  -143  -143  -143  -143  -143  -143
       -143  -143  -143  -143  -143  -143  -143  -143  -143  -143  -143  -143  -143  -143  -143  -143  -143  -143  -143  -143
       -143  -143  -143  -143  -143  -143  -143  -143  -143  -143  -143  -143
  70   1000   860   463    45  -262  -472  -617  -721  -810  -930 -1513  -660  -179    74   274   466   701  1140  3611  1128
        820   673   613   637   807  2561   585   420   358    52    -8   -51   -41   -41   -41   -41   -41   -41   -41   -41
        -41   -41   -41   -41   -41   -41   -41   -41   -41   -41   -41   -41   -41   -41   -41   -41   -41   -41   -41   -41
        -41   -41   -41   -41   -41   -41   -41   -41   -41   -41   -41
  71   1000   849   541   249    11  -183  -348  -505  -706 -1395  -794  -388  -184   -25   124   299   597  2152   740   583
        526   555   717  1146  4280  1212  1167  1561   526   318   263   146   146   146   146   146   146   146   146   146
        146   146   146   146   146   146   146   146   146   146   146   146   146   146   146   146   146   146   146   146
        146   146   146   146   146   146   146   146   146   146
  72   1000   903   718   523   337   157   -28  -260  -878  -729  -526  -437  -371  -313  -258  -205  -145    89   157   226
        367   673  1352  5656  1787  1914  2829  1044   685   619   356   356   356   356   356   356   356   356   356   356
        356   356   356   356   356   356   356   356   356   356   356   356   356   356   356   356   356   356   356   356
        356   356   356   356   356   356   356   356   356
  73   1000   947   835   701   551   384   178  -249  -524  -540  -574  -606  -644  -708  -886 -2172  -506  -247   -71   154
        562  1402  6340  2135  2409  3714  1419   956   887   515   515   515   515   515   515   515   515   515   515   515
        515   515   515   515   515   515   515   515   515   515   515   515   515   515   515   515   515   515   515   515
        515   515   515   515   515   515   515   515
  74   1000   968   891   786   656   495   263  -311  -499  -628  -738  -852 -1010 -1361 -3632  -945  -552  -300   -12   469
       1424  6795  2381  2769  4366  1697  1158  1089   635   635   635   635   635   635   635   635   635   635   635   635
        635   635   635   635   635   635   635   635   635   635   635   635   635   635   635   635   635   635   635   635
        635   635   635   635   635   635   635
  75   1000   977   916   826   712   646  -134  -449  -652  -823  -998 -1230 -1720 -4757 -1289  -792  -480  -138   413  1485
       7353  2644  3131  5005  1965  1352  1281   750   750   750   750   750   750   750   750   750   750   750   750   750
        750   750   750   750   750   750   750   750   750   750   750   750   750   750   750   750   750   750   750   750
        750   750   750   750   750   750
  76   1000   981   930   860   924     1  -409  -670  -893 -1123 -1424 -2038 -5765 -1598 -1009  -641  -242   392  1611  8171
       2986  3579  5772  2281  1577  1502   882   882   882   882   882   882   882   882   882   882   882   882   882   882
        882   882   882   882   882   882   882   882   882   882   882   882   882   882   882   882   882   882   882   882
        882   882   882   882   882
  77   1000   984   952  1109    89  -394  -705  -977 -1261 -1632 -2380 -6844 -1929 -1240  -808  -339   406  1833  9431  3482
       4204  6819  2707  1877  1796  1057  1057  1057  1057  1057  1057  1057  1057  1057  1057  1057  1057  1057  1057  1057
       1057  1057  1057  1057  1057  1057  1057  1057  1057  1057  1057  1057  1057  1057  1057  1057  1057  1057  1057  1057
       1057  1057  1057  1057
  78   1000   995  1193   106  -430  -789 -1115 -1463 -1923 -2842 -8279 -2363 -1539 -1017  -445   473  2230 11541  4282  5191
       8450  3364  2338  2245  1324  1324  1324  1324  1324  1324  1324  1324  1324  1324  1324  1324  1324  1324  1324  1324
       1324  1324  1324  1324  1324  1324  1324  1324  1324  1324  1324  1324  1324  1324  1324  1324  1324  1324  1324  1324
       1324  1324  1324
  79   1000  1157     0  -585 -1012 -1419 -1870 -2477 -3696-10870 -3133 -2060 -1374  -602   651  3061 15818  5873  7131 11627
       4637  3228  3107  1836  1836  1836  1836  1836  1836  1836  1836  1836  1836  1836  1836  1836  1836  1836  1836  1836
       1836  1836  1836  1836  1836  1836  1836  1836  1836  1836  1836  1836  1836  1836  1836  1836  1836  1836  1836  1836
       1836  1836
  80   1000  -598 -1408 -2117 -2859 -3727 -4933 -7388-21850 -6340 -4196 -2804 -1192  1483  6657 34130 12631 15322 24986  9970
       6947  6701  3966  3966  3966  3966  3966  3966  3966  3966  3966  3966  3966  3966  3966  3966  3966  3966  3966  3966
       3966  3966  3966  3966  3966  3966  3966  3966  3966  3966  3966  3966  3966  3966  3966  3966  3966  3966  3966  3966
       3966
  81   -999 -1174 -1481 -1869 -2366 -3094 -4615-13656 -3971 -2634 -1751  -687  1121  4653 23530  8648 10454 17021  6788  4731
       4570  2709  2709  2709  2709  2709  2709  2709  2709  2709  2709  2709  2709  2709  2709  2709  2709  2709  2709  2709
       2709  2709  2709  2709  2709  2709  2709  2709  2709  2709  2709  2709  2709  2709  2709  2709  2709  2709  2709  2709
  82   -999 -1068 -1232 -1485 -1891 -2781 -8167 -2364 -1562 -1021  -337   858  3221 15987  5813  6984 11331  4511  3141  3036
       1801  1801  1801  1801  1801  1801  1801  1801  1801  1801  1801  1801  1801  1801  1801  1801  1801  1801  1801  1801
       1801  1801  1801  1801  1801  1801  1801  1801  1801  1801  1801  1801  1801  1801  1801  1801  1801  1801  1801
  83   -999 -1046 -1180 -1438 -2054 -5915 -1687 -1098  -690  -146   838  2810 13624  4881  5811  9375  3719  2585  2496  1481
       1481  1481  1481  1481  1481  1481  1481  1481  1481  1481  1481  1481  1481  1481  1481  1481  1481  1481  1481  1481
       1481  1481  1481  1481  1481  1481  1481  1481  1481  1481  1481  1481  1481  1481  1481  1481  1481  1481
  84   -999 -1042 -1192 -1621 -4487 -1236  -775  -445    24   906  2702 12742  4480  5265  8421  3322  2300  2214  1312  1312
       1312  1312  1312  1312  1312  1312  1312  1312  1312  1312  1312  1312  1312  1312  1312  1312  1312  1312  1312  1312
       1312  1312  1312  1312  1312  1312  1312  1312  1312  1312  1312  1312  1312  1312  1312  1312  1312
  85   -999 -1052 -1322 -3392  -863  -491  -212   216  1053  2791 12759  4383  5063  7996  3126  2150  2054  1212  1212  1212
       1212  1212  1212  1212  1212  1212  1212  1212  1212  1212  1212  1212  1212  1212  1212  1212  1212  1212  1212  1212
       1212  1212  1212  1212  1212  1212  1212  1212  1212  1212  1212  1212  1212  1212  1212  1212
  86   -999 -1108 -2436  -498  -188    60   478  1329  3137 13871  4633  5232  8116  3128  2129  2003  1169  1169  1169  1169
       1169  1169  1169  1169  1169  1169  1169  1169  1169  1169  1169  1169  1169  1169  1169  1169  1169  1169  1169  1169
       1169  1169  1169  1169  1169  1169  1169  1169  1169  1169  1169  1169  1169  1169  1169
  87   -999 -1444   -28   254   506   979  1988  4198 17918  5790  6348  9597  3620  2420  2204  1254  1254  1254  1254  1254
       1254  1254  1254  1254  1254  1254  1254  1254  1254  1254  1254  1254  1254  1254  1254  1254  1254  1254  1254  1254
       1254  1254  1254  1254  1254  1254  1254  1254  1254  1254  1254  1254  1254  1254
  88   1000  1710  2154  2643  3706  6100 11554 47575 14800 15614 22742  8283  5363  4555  2421  2421  2421  2421  2421  2421
       2421  2421  2421  2421  2421  2421  2421  2421  2421  2421  2421  2421  2421  2421  2421  2421  2421  2421  2421  2421
       2421  2421  2421  2421  2421  2421  2421  2421  2421  2421  2421  2421  2421
  89   1000  1036  1120  1348  1900  3234 12857  3832  3847  5303  1820  1108   784   325   325   325   325   325   325   325
        325   325   325   325   325   325   325   325   325   325   325   325   325   325   325   325   325   325   325   325
        325   325   325   325   325   325   325   325   325   325   325   325
  90   1000  1022  1124  1400  2140  8236  2342  2206  2797   861   455   136   -76   -76   -76   -76   -76   -76   -76   -76
        -76   -76   -76   -76   -76   -76   -76   -76   -76   -76   -76   -76   -76   -76   -76   -76   -76   -76   -76   -76
        -76   -76   -76   -76   -76   -76   -76   -76   -76   -76   -76
  91   1000  1032  1162  1597  5916  1587  1367  1501   360   111  -207  -291  -291  -291  -291  -291  -291  -291  -291  -291
       -291  -291  -291  -291  -291  -291  -291  -291  -291  -291  -291  -291  -291  -291  -291  -291  -291  -291  -291  -291
       -291  -291  -291  -291  -291  -291  -291  -291  -291  -291
  92   1000  1039  1289  4415  1058   752   539    -9  -137  -386  -352  -352  -352  -352  -352  -352  -352  -352  -352  -352
       -352  -352  -352  -352  -352  -352  -352  -352  -352  -352  -352  -352  -352  -352  -352  -352  -352  -352  -352  -352
       -352  -352  -352  -352  -352  -352  -352  -352  -352
  93   1000  1107  3109   517    79  -541  -420  -402  -465  -272  -272  -272  -272  -272  -272  -272  -272  -272  -272  -272
       -272  -272  -272  -272  -272  -272  -272  -272  -272  -272  -272  -272  -272  -272  -272  -272  -272  -272  -272  -272
       -272  -272  -272  -272  -272  -272  -272  -272
  94   1000  1600  -205  -877 -2118 -1028  -797  -613  -193  -193  -193  -193  -193  -193  -193  -193  -193  -193  -193  -193
       -193  -193  -193  -193  -193  -193  -193  -193  -193  -193  -193  -193  -193  -193  -193  -193  -193  -193  -193  -193
       -193  -193  -193  -193  -193  -193  -193
  95   -999 -2292 -4173 -8212 -3634 -2695 -2956 -1961 -1961 -1961 -1961 -1961 -1961 -1961 -1961 -1961 -1961 -1961 -1961 -1961
      -1961 -1961 -1961 -1961 -1961 -1961 -1961 -1961 -1961 -1961 -1961 -1961 -1961 -1961 -1961 -1961 -1961 -1961 -1961 -1961
      -1961 -1961 -1961 -1961 -1961 -1961
  96   -999 -1221 -1878  -686  -437  -813  -835  -835  -835  -835  -835  -835  -835  -835  -835  -835  -835  -835  -835  -835
       -835  -835  -835  -835  -835  -835  -835  -835  -835  -835  -835  -835  -835  -835  -835  -835  -835  -835  -835  -835
       -835  -835  -835  -835  -835
  97   -999  -816   -20   168  -506  -979  -979  -979  -979  -979  -979  -979  -979  -979  -979  -979  -979  -979  -979  -979
       -979  -979  -979  -979  -979  -979  -979  -979  -979  -979  -979  -979  -979  -979  -979  -979  -979  -979  -979  -979
       -979  -979  -979  -979
  98   1000  1267  1418   102 -1368 -1368 -1368 -1368 -1368 -1368 -1368 -1368 -1368 -1368 -1368 -1368 -1368 -1368 -1368 -1368
      -1368 -1368 -1368 -1368 -1368 -1368 -1368 -1368 -1368 -1368 -1368 -1368 -1368 -1368 -1368 -1368 -1368 -1368 -1368 -1368
      -1368 -1368 -1368
  99   1000  1012   449  -403  -403  -403  -403  -403  -403  -403  -403  -403  -403  -403  -403  -403  -403  -403  -403  -403
       -403  -403  -403  -403  -403  -403  -403  -403  -403  -403  -403  -403  -403  -403  -403  -403  -403  -403  -403  -403
       -403  -403
 100   1000   612  -154  -154  -154  -154  -154  -154  -154  -154  -154  -154  -154  -154  -154  -154  -154  -154  -154  -154
       -154  -154  -154  -154  -154  -154  -154  -154  -154  -154  -154  -154  -154  -154  -154  -154  -154  -154  -154  -154
       -154
 101   1000   692   692   692   692   692   692   692   692   692   692   692   692   692   692   692   692   692   692   692
        692   692   692   692   692   692   692   692   692   692   692   692   692   692   692   692   692   692   692   692
 102   1000  1000  1000  1000  1000  1000  1000  1000  1000  1000  1000  1000  1000  1000  1000  1000  1000  1000  1000  1000
       1000  1000  1000  1000  1000  1000  1000  1000  1000  1000  1000  1000  1000  1000  1000  1000  1000  1000  1000
 103   1000  1000  1000  1000  1000  1000  1000  1000  1000  1000  1000  1000  1000  1000  1000  1000  1000  1000  1000  1000
       1000  1000  1000  1000  1000  1000  1000  1000  1000  1000  1000  1000  1000  1000  1000  1000  1000  1000
 104   1000  1000  1000  1000  1000  1000  1000  1000  1000  1000  1000  1000  1000  1000  1000  1000  1000  1000  1000  1000
       1000  1000  1000  1000  1000  1000  1000  1000  1000  1000  1000  1000  1000  1000  1000  1000  1000
 105   1000  1000  1000  1000  1000  1000  1000  1000  1000  1000  1000  1000  1000  1000  1000  1000  1000  1000  1000  1000
       1000  1000  1000  1000  1000  1000  1000  1000  1000  1000  1000  1000  1000  1000  1000  1000
 106   1000  1000  1000  1000  1000  1000  1000  1000  1000  1000  1000  1000  1000  1000  1000  1000  1000  1000  1000  1000
       1000  1000  1000  1000  1000  1000  1000  1000  1000  1000  1000  1000  1000  1000  1000
 107   1000  1000  1000  1000  1000  1000  1000  1000  1000  1000  1000  1000  1000  1000  1000  1000  1000  1000  1000  1000
       1000  1000  1000  1000  1000  1000  1000  1000  1000  1000  1000  1000  1000  1000
 108   1000  1000  1000  1000  1000  1000  1000  1000  1000  1000  1000  1000  1000  1000  1000  1000  1000  1000  1000  1000
       1000  1000  1000  1000  1000  1000  1000  1000  1000  1000  1000  1000  1000
 109   1000  1000  1000  1000  1000  1000  1000  1000  1000  1000  1000  1000  1000  1000  1000  1000  1000  1000  1000  1000
       1000  1000  1000  1000  1000  1000  1000  1000  1000  1000  1000  1000
 110   1000  1000  1000  1000  1000  1000  1000  1000  1000  1000  1000  1000  1000  1000  1000  1000  1000  1000  1000  1000
       1000  1000  1000  1000  1000  1000  1000  1000  1000  1000  1000
 111   1000  1000  1000  1000  1000  1000  1000  1000  1000  1000  1000  1000  1000  1000  1000  1000  1000  1000  1000  1000
       1000  1000  1000  1000  1000  1000  1000  1000  1000  1000
 112   1000  1000  1000  1000  1000  1000  1000  1000  1000  1000  1000  1000  1000  1000  1000  1000  1000  1000  1000  1000
       1000  1000  1000  1000  1000  1000  1000  1000  1000
 113   1000  1000  1000  1000  1000  1000  1000  1000  1000  1000  1000  1000  1000  1000  1000  1000  1000  1000  1000  1000
       1000  1000  1000  1000  1000  1000  1000  1000
 114   1000  1000  1000  1000  1000  1000  1000  1000  1000  1000  1000  1000  1000  1000  1000  1000  1000  1000  1000  1000
       1000  1000  1000  1000  1000  1000  1000
 115   1000  1000  1000  1000  1000  1000  1000  1000  1000  1000  1000  1000  1000  1000  1000  1000  1000  1000  1000  1000
       1000  1000  1000  1000  1000  1000
 116   1000  1000  1000  1000  1000  1000  1000  1000  1000  1000  1000  1000  1000  1000  1000  1000  1000  1000  1000  1000
       1000  1000  1000  1000  1000
 117   1000  1000  1000  1000  1000  1000  1000  1000  1000  1000  1000  1000  1000  1000  1000  1000  1000  1000  1000  1000
       1000  1000  1000  1000
 118   1000  1000  1000  1000  1000  1000  1000  1000  1000  1000  1000  1000  1000  1000  1000  1000  1000  1000  1000  1000
       1000  1000  1000
 119   1000  1000  1000  1000  1000  1000  1000  1000  1000  1000  1000  1000  1000  1000  1000  1000  1000  1000  1000  1000
       1000  1000
 120   1000  1000  1000  1000  1000  1000  1000  1000  1000  1000  1000  1000  1000  1000  1000  1000  1000  1000  1000  1000
       1000
 121   1000  1000  1000  1000  1000  1000  1000  1000  1000  1000  1000  1000  1000  1000  1000  1000  1000  1000  1000  1000
 122   1000  1000  1000  1000  1000  1000  1000  1000  1000  1000  1000  1000  1000  1000  1000  1000  1000  1000  1000
 123   1000  1000  1000  1000  1000  1000  1000  1000  1000  1000  1000  1000  1000  1000  1000  1000  1000  1000
 124   1000  1000  1000  1000  1000  1000  1000  1000  1000  1000  1000  1000  1000  1000  1000  1000  1000
 125   1000  1000  1000  1000  1000  1000  1000  1000  1000  1000  1000  1000  1000  1000  1000  1000
 126   1000  1000  1000  1000  1000  1000  1000  1000  1000  1000  1000  1000  1000  1000  1000
 127   1000  1000  1000  1000  1000  1000  1000  1000  1000  1000  1000  1000  1000  1000
 128   1000  1000  1000  1000  1000  1000  1000  1000  1000  1000  1000  1000  1000
 129   1000  1000  1000  1000  1000  1000  1000  1000  1000  1000  1000  1000
 130   1000  1000  1000  1000  1000  1000  1000  1000  1000  1000  1000
 131   1000  1000  1000  1000  1000  1000  1000  1000  1000  1000
 132   1000  1000  1000  1000  1000  1000  1000  1000  1000
 133   1000  1000  1000  1000  1000  1000  1000  1000
 134   1000  1000  1000  1000  1000  1000  1000
 135   1000  1000  1000  1000  1000  1000
 136   1000  1000  1000  1000  1000
 137   1000  1000  1000  1000
 138   1000  1000  1000
 139   1000  1000
 140   1000

 Finished!
