NIF_RUN Passive 18x snout on TANDM 90-348 Pinhole
  140    5    1    0    0
   0.00500   9.00000   0.00500   0.00100
   0.0000000   0   0 1.00000000E+00   1.0000000
ZR902    1.706E-12 0.010       0.00       0.00        (    )
IN115N   4.881E-13 0.007       0.00       0.00        (    )
AU197G   8.079E-14 0.010       0.00 AUNG  3.94 IFX    (ISTP)
IN115G   1.161E-13 0.020       0.00 INNG 39.37 IFX    (ISTP)
AU1972   1.218E-11 0.053       0.00       0.00        (    )
Flux Uncertainty
   4
 1.0000E-11 1.0000E-04 1.2990E+01 2.0100E+01
 1.5000E-01 7.0000E-02 5.0000E-02 1.0000E-02
Input Flux Spectrum
 140   1 1.000E+00 2.000E+01 5.000E-08
 0.0000E+00 0.0000E+00 0.0000E+00 0.0000E+00 0.0000E+00 0.0000E+00 0.0000E+00
 0.0000E+00 0.0000E+00 0.0000E+00 0.0000E+00 0.0000E+00 0.0000E+00 0.0000E+00
 0.0000E+00 0.0000E+00 0.0000E+00 0.0000E+00 5.8241E+11 2.4589E+11 5.7887E+10
 2.6995E+10 1.5440E+10 9.9298E+09 7.0995E+10 3.5953E+10 2.2539E+10 1.3397E+10
 1.0074E+10 6.6611E+09 4.6319E+09 4.8859E+09 3.9544E+10 5.4498E+10 1.2317E+11
 1.5130E+10 3.3307E+10 5.8028E+10 1.2763E+11 1.2835E+12 1.6789E+12 1.6880E+12
 2.0571E+11 1.8881E+11 1.3395E+11 1.4679E+11 1.2564E+12 8.1601E+11 7.4603E+11
 4.4343E+10 4.2557E+10 3.6100E+10 3.5214E+10 2.9179E+11 2.9785E+11 2.6907E+11
 2.9363E+10 3.8778E+10 3.4002E+10 4.0780E+10 3.9865E+11 4.9205E+11 6.0908E+11
 7.4931E+10 7.5607E+10 8.9386E+10 1.0263E+11 1.1366E+12 9.0237E+11 9.0742E+11
 3.4266E+10 3.0228E+10 2.4735E+10 1.8224E+10 1.1277E+11 5.1338E+10 4.3082E+10
 3.6580E+09 2.3871E+09 2.1563E+09 2.0435E+09 2.0575E+10 1.7859E+10 2.1088E+10
 3.2585E+09 5.2304E+09 9.3287E+09 1.3141E+10 1.9830E+11 2.2668E+11 3.0679E+11
 3.9296E+11 2.6622E+11 1.3433E+12 1.5129E+12 0.0000E+00 0.0000E+00 0.0000E+00
 0.0000E+00 0.0000E+00 0.0000E+00 0.0000E+00 0.0000E+00 0.0000E+00 0.0000E+00
 0.0000E+00 0.0000E+00 0.0000E+00 0.0000E+00 0.0000E+00 0.0000E+00 0.0000E+00
 0.0000E+00 0.0000E+00 0.0000E+00 0.0000E+00 0.0000E+00 0.0000E+00 0.0000E+00
 0.0000E+00 0.0000E+00 0.0000E+00 0.0000E+00 0.0000E+00 0.0000E+00 0.0000E+00
 0.0000E+00 0.0000E+00 0.0000E+00 0.0000E+00 0.0000E+00 0.0000E+00 0.0000E+00
 0.0000E+00 0.0000E+00 0.0000E+00 0.0000E+00 0.0000E+00 0.0000E+00 0.0000E+00
   10   13   28   11    8    5    8    7   10   40



                         ==============================
                               STAYSL PNNL OUTPUT
                         ==============================

 STAYSL PNNL, version 1.2.0, 2015-08-05


 SCENARIO TITLE: NIF_RUN Passive 18x snout on TANDM 90-348 Pinhole
 -------------------------------------------------------------------------------
  NGROUP =   140    NRXN =     5    ACTIVITY NORM = 1.00000E+00

  COVARIANCE PARAMETERS (FCHN, FCVX, ACVX, FS)
    FLUXES:      WIDTH =  9.0000E+00   LONG RANGE COVAR. =  5.0000E-03
            ACTIVITIES =  5.0000E-03   X-SECT CROSS COR. =  1.0000E-03

    DETERM =   1.3302 × 10^   0.00      ERROR =   3.6360E-16

  INPUT NORMALIZATION DATA
    AK1   =     0.00000     VAK        =     0.00003
    NORML =           0     RENORM     = 9.68979E-01
    CHI²  =    73.43971     NORM. CHI² =    18.35993

  DOSIMETRY ACTIVITIES
     ———— INPUTS —————  -UNADJUSTED FLUX-  — ADJUSTED FLUX —    CHI²  90% ACTIVITIES RANGE
 RXN  MEASURED     ±%   ACTIVITY    %DIFF  ACTIVITY    %DIFF  CONTRIB --LOW E-- --HIGH E--   REACTION          CVR
  1  1.706E-12    1.00  1.633E-12   -4.26  1.691E-12   -0.90    1.736  1.30E+01  1.40E+01  ZR90(N,2N)ZR89          
  2  4.881E-13    0.70  5.117E-13    4.84  5.231E-13    7.17    4.398  2.30E+00  1.40E+01  IN115(N,N')IN115M       
  3  8.079E-14    1.00  7.886E-14   -2.38  8.139E-14    0.75   -2.070  5.50E-03  1.20E+01  AU197(N,G)AU198         
  4  1.161E-13    2.00  9.919E-14  -14.56  1.033E-13  -11.03   19.805  7.20E-03  2.30E+00  IN115(N,G)IN116M        
  5  1.218E-11    5.30  7.480E-12  -38.59  7.722E-12  -36.60   49.571  1.00E+01  1.40E+01  AU197(N,2N)AU196        

             % STD. DEV.  =         20.91              19.46

                              CHECK INPUT, IT IS RATHER UNLIKELY !
                                   *** BEWARE OF OUTPUT ! ***


  DIFFERENTIAL FLUXES (input is normalized by a factor of 9.6898E-01)
                  —————— DIFFERENTIAL FLUX —————   ———— STD. DEV. % ————   INTEGRAL
 GRP    ENERGY        NEW         OLD      RATIO    NEW     OLD    RATIO   FLUX > E     ± %
  19  1.3500E-05  5.6489E+11  5.6434E+11   1.001    7.63    7.63   1.000  4.7170E+12    1.24
  20  2.1000E-05  2.3847E+11  2.3826E+11   1.001    7.49    7.49   1.000  4.7170E+12    1.24
  21  3.0000E-05  5.6135E+10  5.6091E+10   1.001    7.36    7.36   1.000  4.7170E+12    1.24
  22  4.5000E-05  2.6175E+10  2.6158E+10   1.001    7.21    7.21   1.000  4.7170E+12    1.24
  23  6.9000E-05  1.4969E+10  1.4961E+10   1.001    7.08    7.08   1.000  4.7170E+12    1.24
  24  1.0000E-04  9.6250E+09  9.6218E+09   1.000    6.99    6.99   1.000  4.7170E+12    1.24
  25  1.3500E-04  6.8802E+10  6.8793E+10   1.000    6.93    6.94   0.999  4.7170E+12    1.24
  26  1.7000E-04  3.4834E+10  3.4838E+10   1.000    6.88    6.89   0.999  4.7170E+12    1.24
  27  2.2000E-04  2.1831E+10  2.1840E+10   1.000    6.83    6.84   0.999  4.7170E+12    1.24
  28  2.8000E-04  1.2972E+10  1.2981E+10   0.999    6.78    6.79   0.998  4.7170E+12    1.24
  29  3.6000E-04  9.7514E+09  9.7615E+09   0.999    6.72    6.75   0.997  4.7170E+12    1.24
  30  4.5000E-04  6.4455E+09  6.4545E+09   0.999    6.66    6.70   0.994  4.7170E+12    1.24
  31  5.7500E-04  4.4804E+09  4.4882E+09   0.998    6.59    6.65   0.991  4.7170E+12    1.24
  32  7.6000E-04  4.7245E+09  4.7343E+09   0.998    6.51    6.60   0.987  4.7170E+12    1.24
  33  9.6000E-04  3.8226E+10  3.8317E+10   0.998    6.42    6.55   0.980  4.7169E+12    1.24
  34  1.2750E-03  5.2671E+10  5.2807E+10   0.997    6.32    6.51   0.971  4.7169E+12    1.24
  35  1.6000E-03  1.1903E+11  1.1935E+11   0.997    6.20    6.47   0.958  4.7169E+12    1.24
  36  2.0000E-03  1.4623E+10  1.4661E+10   0.997    6.05    6.42   0.943  4.7169E+12    1.24
  37  2.7000E-03  3.2198E+10  3.2274E+10   0.998    5.89    6.37   0.924  4.7169E+12    1.24
  38  3.4000E-03  5.6123E+10  5.6228E+10   0.998    5.70    6.32   0.902  4.7168E+12    1.24
  39  4.5000E-03  1.2352E+11  1.2367E+11   0.999    5.51    6.28   0.878  4.7168E+12    1.24
  40  5.5000E-03  1.2433E+12  1.2437E+12   1.000    5.32    6.24   0.852  4.7167E+12    1.24
  41  7.2000E-03  1.6280E+12  1.6268E+12   1.001    5.12    6.19   0.827  4.7145E+12    1.24
  42  9.2000E-03  1.6387E+12  1.6356E+12   1.002    4.94    6.15   0.803  4.7113E+12    1.24
  43  1.2000E-02  1.9995E+11  1.9933E+11   1.003    4.78    6.11   0.782  4.7067E+12    1.24
  44  1.5000E-02  1.8375E+11  1.8295E+11   1.004    4.65    6.07   0.767  4.7061E+12    1.24
  45  1.9000E-02  1.3052E+11  1.2979E+11   1.006    4.56    6.02   0.757  4.7054E+12    1.24
  46  2.5500E-02  1.4318E+11  1.4224E+11   1.007    4.51    5.98   0.754  4.7045E+12    1.24
  47  3.2000E-02  1.2266E+12  1.2174E+12   1.008    4.49    5.94   0.756  4.7036E+12    1.24
  48  4.0000E-02  7.9730E+11  7.9070E+11   1.008    4.50    5.90   0.764  4.6938E+12    1.25
  49  5.2500E-02  7.2941E+11  7.2289E+11   1.009    4.54    5.86   0.775  4.6838E+12    1.25
  50  6.6000E-02  4.3381E+10  4.2967E+10   1.010    4.58    5.81   0.788  4.6740E+12    1.25
  51  8.8000E-02  4.1659E+10  4.1237E+10   1.010    4.63    5.77   0.802  4.6730E+12    1.25
  52  1.1000E-01  3.5365E+10  3.4980E+10   1.011    4.67    5.74   0.815  4.6721E+12    1.25
  53  1.3500E-01  3.4533E+10  3.4122E+10   1.012    4.72    5.71   0.827  4.6712E+12    1.25
  54  1.6000E-01  2.8655E+11  2.8274E+11   1.013    4.75    5.68   0.836  4.6703E+12    1.25
  55  1.9000E-01  2.9306E+11  2.8861E+11   1.015    4.77    5.65   0.843  4.6617E+12    1.26
  56  2.2000E-01  2.6541E+11  2.6072E+11   1.018    4.77    5.63   0.847  4.6529E+12    1.26
  57  2.5500E-01  2.9056E+10  2.8452E+10   1.021    4.76    5.61   0.848  4.6437E+12    1.26
  58  2.9000E-01  3.8523E+10  3.7575E+10   1.025    4.73    5.59   0.846  4.6426E+12    1.26
  59  3.2000E-01  3.3933E+10  3.2947E+10   1.030    4.68    5.57   0.841  4.6415E+12    1.26
  60  3.6000E-01  4.0908E+10  3.9515E+10   1.035    4.62    5.55   0.832  4.6401E+12    1.26
  61  4.0000E-01  4.0214E+11  3.8628E+11   1.041    4.55    5.54   0.821  4.6385E+12    1.26
  62  4.5000E-01  4.9925E+11  4.7679E+11   1.047    4.46    5.52   0.808  4.6184E+12    1.27
  63  5.0000E-01  6.2159E+11  5.9019E+11   1.053    4.37    5.50   0.793  4.5934E+12    1.27
  64  5.5000E-01  7.6894E+10  7.2607E+10   1.059    4.28    5.49   0.779  4.5623E+12    1.28
  65  6.0000E-01  7.7971E+10  7.3262E+10   1.064    4.20    5.47   0.767  4.5585E+12    1.28
  66  6.6000E-01  9.2556E+10  8.6613E+10   1.069    4.14    5.46   0.758  4.5538E+12    1.28
  67  7.2000E-01  1.0658E+11  9.9446E+10   1.072    4.11    5.45   0.754  4.5483E+12    1.28
  68  7.8000E-01  1.1823E+12  1.1013E+12   1.074    4.12    5.44   0.758  4.5419E+12    1.28
  69  8.4000E-01  9.3878E+11  8.7438E+11   1.074    4.16    5.42   0.768  4.4709E+12    1.29
  70  9.2000E-01  9.4270E+11  8.7927E+11   1.072    4.24    5.41   0.784  4.3958E+12    1.30
  71  1.0000E+00  3.5491E+10  3.3203E+10   1.069    4.34    5.39   0.806  4.3204E+12    1.32
  72  1.2000E+00  3.1168E+10  2.9290E+10   1.064    4.46    5.36   0.831  4.3133E+12    1.32
  73  1.4000E+00  2.5359E+10  2.3968E+10   1.058    4.58    5.34   0.857  4.3071E+12    1.32
  74  1.6000E+00  1.8558E+10  1.7659E+10   1.051    4.69    5.32   0.882  4.3020E+12    1.32
  75  1.8000E+00  1.1396E+11  1.0927E+11   1.043    4.80    5.31   0.905  4.2983E+12    1.33
  76  2.0000E+00  5.1457E+10  4.9745E+10   1.034    4.88    5.29   0.924  4.2755E+12    1.33
  77  2.3000E+00  4.2813E+10  4.1746E+10   1.026    4.94    5.27   0.938  4.2601E+12    1.34
  78  2.6000E+00  3.6038E+09  3.5445E+09   1.017    4.98    5.25   0.948  4.2472E+12    1.34
  79  2.9000E+00  2.3317E+09  2.3130E+09   1.008    4.99    5.23   0.953  4.2461E+12    1.34
  80  3.3000E+00  2.0893E+09  2.0894E+09   1.000    4.97    5.22   0.953  4.2452E+12    1.34
  81  3.7000E+00  1.9653E+09  1.9801E+09   0.993    4.93    5.20   0.948  4.2444E+12    1.34
  82  4.1000E+00  1.9662E+10  1.9937E+10   0.986    4.85    5.18   0.936  4.2436E+12    1.34
  83  4.5000E+00  1.6981E+10  1.7305E+10   0.981    4.75    5.17   0.918  4.2357E+12    1.34
  84  5.0000E+00  1.9984E+10  2.0434E+10   0.978    4.60    5.16   0.893  4.2272E+12    1.34
  85  5.5000E+00  3.0837E+09  3.1574E+09   0.977    4.43    5.14   0.861  4.2172E+12    1.34
  86  6.0000E+00  4.9543E+09  5.0681E+09   0.978    4.20    5.13   0.820  4.2157E+12    1.34
  87  6.7000E+00  8.8648E+09  9.0393E+09   0.981    3.94    5.11   0.770  4.2122E+12    1.34
  88  7.4000E+00  1.2556E+10  1.2733E+10   0.986    3.63    5.10   0.712  4.2060E+12    1.34
  89  8.2000E+00  1.9090E+11  1.9215E+11   0.993    3.28    5.08   0.645  4.1960E+12    1.34
  90  9.0000E+00  2.2020E+11  2.1965E+11   1.003    2.89    5.07   0.570  4.0433E+12    1.32
  91  1.0000E+01  3.0102E+11  2.9727E+11   1.013    2.48    5.06   0.490  3.8231E+12    1.29
  92  1.1000E+01  3.8955E+11  3.8077E+11   1.023    2.07    5.04   0.411  3.5220E+12    1.26
  93  1.2000E+01  2.6651E+11  2.5796E+11   1.033    1.74    5.02   0.346  3.1325E+12    1.24
  94  1.3000E+01  1.3502E+12  1.3016E+12   1.037    1.39    4.42   0.314  2.8660E+12    1.22
  95  1.4000E+01  1.5158E+12  1.4660E+12   1.034    1.13    3.40   0.332  1.5158E+12    1.13
      1.5000E+01

  INTEGRALS OF SPECTRA
    OLD SPECTRUM   4.5750E+12   ±    3.715 %
    NEW SPECTRUM   4.7170E+12   ±    1.238 %

  SUMMARY OF BROAD-GROUP FLUXES, FLUENCES, AND UNCERTAINTIES

    IRRAD TIME [S] = 1.00000000E+00   ACT NORM =  1.00000000E+00

       ENERGY       FLUX       FLUENCE      STDEV %
      thermal    0.0000E+00  0.0000E+00  ±   0.00     (0.100 meV – 0.550  eV)
     epithermal  4.4883E+10  4.4883E+10  ±   3.92     (0.550  eV – 110.0 keV)
        fast     4.6721E+12  4.6721E+12  ±   1.25     (110.0 keV –  20.0 MeV)
        fast     4.3204E+12  4.3204E+12  ±   1.32     (  1.0 MeV –  20.0 MeV)
        high     0.0000E+00  0.0000E+00  ±   0.00     ( 20.0 MeV –  60.0 MeV)

    MINI-SPECTRUM

       ENERGY       FLUX       FLUENCE      STDEV %
     1.0000E-10  0.0000E+00  0.0000E+00  ±   0.00
     5.5000E-07  8.3172E+06  8.3172E+06  ±   7.38
     1.0000E-04  4.4874E+10  4.4874E+10  ±   3.92
     1.1000E-01  7.8661E+10  7.8661E+10  ±   3.90
     5.0000E-01  2.7301E+11  2.7301E+11  ±   3.85
     1.0000E+00  4.4908E+10  4.4908E+10  ±   4.49
     2.0000E+00  4.8272E+10  4.8272E+10  ±   4.47
     5.0000E+00  4.0418E+11  4.0418E+11  ±   3.07
     1.0000E+01  3.8231E+12  3.8231E+12  ±   1.29
     2.0000E+01  0.0000E+00  0.0000E+00  ±   0.00
     6.0000E+01

       TOTAL     4.7170E+12  4.7170E+12  ±   1.24

    RELATIVE COVARIANCES (10×10)
        0     0     0     0     0     0     0     0     0     0
     1000    -1    -1    -1     1     3     1     1     0
     1000  -243  -683  -405  -194     9    43     0
     1000   150  -204  -152    -1    32     0
     1000   629   248   -23    10     0
     1000   787    38   -12     0
     1000   323    26     0
     1000   514     0
     1000     0
        0

  SPECTRAL-AVERAGED REACTION RATES (for all cross section library reactions)

        REACTIONS        SIG-PHI      <SIG>          REACTIONS        SIG-PHI      <SIG>          REACTIONS        SIG-PHI      <SIG>  
   ------------------  ----------  ----------   ------------------  ----------  ----------   ------------------  ----------  ----------
   LI6(N,A)T           3.4680E-13  7.3522E-26   FE58(N,G)FE59       6.0254E-15  1.2774E-27   IN115(N,N')IN115M   5.2311E-13  1.1090E-25
   B10(N,A)LI7         5.7052E-13  1.2095E-25   CO59(N,2N)CO58      2.0962E-12  4.4439E-25   IN115(N,2N)IN114M   4.4807E-12  9.4991E-25
   F19(N,2N)F18        1.0384E-13  2.2013E-26   CO59(N,3N)CO57      0.0000E+00  0.0000E+00   IN115(N,G)IN116M    1.0381E-13  2.2008E-26
   NA23(N,2N)NA22      5.8255E-14  1.2350E-26   CO59(N,G)CO60       8.1869E-15  1.7356E-27   I127(N,2N)I126      5.0271E-12  1.0657E-24
   NA23(N,G)NA24       1.0849E-15  2.3000E-28   CO59(N,P)FE59       2.0651E-13  4.3781E-26   LA139(N,G)LA140     9.9076E-15  2.1004E-27
   MG24(N,P)NA24       7.4962E-13  1.5892E-25   CO59(N,A)MN56       1.1432E-13  2.4236E-26   PR141(N,2N)PR140    5.5071E-12  1.1675E-24
   AL27(N,P)MG27       3.4832E-13  7.3845E-26   NI58(N,2N)NI57      6.4705E-14  1.3717E-26   TM169(N,2N)TM168    7.4696E-12  1.5836E-24
   AL27(N,A)NA24       4.7511E-13  1.0072E-25   NI58(N,P)CO58       1.8641E-12  3.9519E-25   TM169(N,3N)TM167    3.1181E-17  6.6103E-30
   SI28(N,P)AL28       1.1017E-12  2.3356E-25   NI60(N,P)CO60       5.9175E-13  1.2545E-25   TA181(N,G)TA182     8.7325E-14  1.8513E-26
   P31(N,P)SI31        4.5462E-13  9.6379E-26   CU63(N,2N)CU62      1.2958E-12  2.7471E-25   W186(N,G)W187       3.8819E-14  8.2296E-27
   S32(N,P)P32         1.2296E-12  2.6068E-25   CU63(N,G)CU64       2.1976E-14  4.6588E-27   AU197(N,2N)AU196    7.7220E-12  1.6371E-24
   TI46(N,2N)TI45      5.2572E-14  1.1145E-26   CU63(N,A)CO60       1.7821E-13  3.7781E-26   AU197(N,G)AU198     8.1538E-14  1.7286E-26
   TI46(N,P)SC46       1.1259E-12  2.3869E-25   CU65(N,2N)CU64      2.7716E-12  5.8758E-25   HG199(N,N')HG199M   1.1109E-12  2.3551E-25
   TI47(N,P)SC47       5.6019E-13  1.1876E-25   ZN64(N,P)CU64       8.5131E-13  1.8048E-25   PB204(N,N')PB204M   4.9785E-13  1.0554E-25
   TI47(N,X)SC46       1.1445E-13  2.4263E-26   ZN67(N,P)CU67       1.2419E-13  2.6328E-26   BI209(N,3N)BI207    8.9883E-16  1.9055E-28
   TI48(N,P)SC48       2.2873E-13  4.8490E-26   AS75(N,2N)AS74      2.9388E-12  6.2303E-25   TH232(N,FISSION)    1.4631E-12  3.1018E-25
   TI48(N,X)SC47       2.0107E-14  4.2627E-27   Y89(N,2N)Y88        2.4070E-12  5.1028E-25   TH232(N,G)TH233     8.9450E-14  1.8963E-26
   TI49(N,X)SC48       1.1123E-14  2.3580E-27   ZR90(N,2N)ZR89      1.6907E-12  3.5843E-25   U235(N,FISSION)     8.8598E-12  1.8783E-24
   V51(N,A)SC48        5.1579E-14  1.0935E-26   NB93(N,G)NB94       3.4970E-14  7.4136E-27   U235(N,G)U236       9.4268E-14  1.9985E-26
   CR52(N,2N)CR51      7.5141E-13  1.5930E-25   NB93(N,N')NB93M     3.1966E-13  6.7767E-26   U238(N,2N)U237      4.7404E-12  1.0050E-24
   MN55(N,2N)MN54      2.1440E-12  4.5453E-25   NB93(N,2N)NB92M     1.6259E-12  3.4470E-25   U238(N,FISSION)     4.6529E-12  9.8641E-25
   MN55(N,G)MN56       5.7284E-15  1.2144E-27   MO92(N,P)NB92M      3.5944E-13  7.6201E-26   U238(N,G)U239       7.1251E-14  1.5105E-26
   FE54(N,2N)FE53      8.7819E-15  1.8618E-27   RH103(N,N')RH103M   2.3097E-12  4.8966E-25   NP237(N,FISSION)    9.5598E-12  2.0267E-24
   FE54(N,P)MN54       1.6669E-12  3.5338E-25   AG109(N,G)AG110M    9.4433E-15  2.0020E-27   PU239(N,FISSION)    1.0756E-11  2.2803E-24
   FE54(N,A)CR51       3.2856E-13  6.9655E-26   IN113(N,N')IN113M   4.4430E-13  9.4192E-26   AM241(N,FISSION)    1.1188E-11  2.3718E-24
   FE56(N,P)MN56       4.3600E-13  9.2433E-26   IN113(N,G)IN114M    1.3684E-13  2.9009E-26   SC45(N,G)SC46       9.8909E-15  2.0969E-27

  INPUT FLUX REL. CORRELATION MATRIX (by row from diagonal)
   1   1000   988   952   895   821   735   642   547   455   369   292   226   171   126    91    64    45    31    21    14
         10     7     5     4     4     3     3     3     3     3     3     3     3     3     3     3     3     3     3     3
          3     3     3     3     3     3     3     3     3     3     3     3     3     3     3     3     3     4     4     4
          4     4     4     4     4     4     4     4     4     4     4     4     4     4     4     4     4     4     4     4
          4     4     4     4     4     4     4     4     4     4     4     4     4     4     6     7     9    11    13    16
         27    39    39    39    39    39    39    39    39    39    39    39    39    39    39    39    39    39    39    39
         39    39    39    39    39    39    39    39    39    39    39    39    39    39    39    39    39    39    39    39

  OUTPUT FLUX REL. CORRELATION MATRIX (by row from diagonal)
   1   1000   988   952   895   821   735   642   547   455   369   292   226   171   126    91    64    45    31    21    14
         10     7     5     4     3     3     3     3     2     2     2     2     2     2     2     1     1     1     1     1
          0     0     0     0     0     0     0     0     0     0     0     1     1     1     1     1     1     1     1     1
          1     1     1     0     0     0     0     0     1     1     1     1     1     2     2     2     2     2     2     3
          3     3     3     2     2     2     2     1     1     0     0     0    -1     0     4     7    10    12    14    17
         28    39    39    39    39    39    39    39    39    39    39    39    39    39    39    39    39    39    39    39
         39    39    39    39    39    39    39    39    39    39    39    39    39    39    39    39    39    39    39    39
   2   1000   988   952   895   821   735   642   547   455   369   293   226   171   126    91    65    45    31    21    14
         10     7     5     4     4     3     3     3     3     3     2     2     2     2     2     1     1     1     1     0
          0     0     0     0     0     0     0     0     0     1     1     1     1     1     1     1     1     1     1     1
          1     1     0     0     0     0     1     1     1     1     1     2     2     2     2     2     3     3     3     3
          3     3     3     2     2     2     1     1     0     0     0    -1     0     4     8    11    14    16    19    32
         43    43    43    43    43    43    43    43    43    43    43    43    43    43    43    43    43    43    43    43
         43    43    43    43    43    43    43    43    43    43    43    43    43    43    43    43    43    43    43
   3   1000   988   952   895   821   735   642   547   455   370   293   227   171   127    92    65    45    31    21    15
         10     7     6     5     4     3     3     3     3     3     2     2     2     2     2     1     1     1     1     0
          0     0     0     0     0     0     0     0     1     1     1     1     1     1     1     1     1     1     1     1
          1     1     0     0     0     1     1     1     1     1     2     2     2     2     3     3     3     3     3     3
          3     3     3     2     2     2     1     0     0     0    -1     0     4     9    12    15    17    20    34    46
         46    46    46    46    46    46    46    46    46    46    46    46    46    46    46    46    46    46    46    46
         46    46    46    46    46    46    46    46    46    46    46    46    46    46    46    46    46    46
   4   1000   988   952   895   821   735   642   547   455   370   293   227   171   127    92    65    45    31    21    15
         10     8     6     5     4     4     3     3     3     3     2     2     2     2     1     1     1     1     0     0
          0     0     0     0     0     0     0     1     1     1     1     1     1     1     1     1     1     1     1     1
          1     0     0     0     1     1     1     1     1     2     2     2     3     3     3     3     3     3     3     3
          3     3     2     2     2     1     0     0     0    -1     0     4     9    12    15    18    21    36    48    48
         48    48    48    48    48    48    48    48    48    48    48    48    48    48    48    48    48    48    48    48
         48    48    48    48    48    48    48    48    48    48    48    48    48    48    48    48    48
   5   1000   988   952   895   821   735   642   547   455   370   293   227   172   127    92    65    46    31    22    15
         11     8     6     5     4     4     3     3     3     2     2     2     2     1     1     1     1     0     0     0
          0     0     0     0     0     0     1     1     1     1     1     1     1     1     1     1     1     1     1     1
          0     0     0     1     1     1     1     1     2     2     2     3     3     3     3     3     3     3     3     3
          3     3     2     2     1     0     0     0    -1     0     5     9    13    16    19    21    37    49    49    49
         49    49    49    49    49    49    49    49    49    49    49    49    49    49    49    49    49    49    49    49
         49    49    49    49    49    49    49    49    49    49    49    49    49    49    49    49
   6   1000   988   952   895   821   735   642   547   455   370   293   227   172   127    92    65    46    32    22    15
         11     8     6     5     4     3     3     3     2     2     2     2     1     1     1     1     0     0     0     0
          0     0     0     0     0     1     1     1     1     1     1     1     1     1     1     1     1     1     1     0
          0     0     1     1     1     1     1     2     2     2     3     3     3     3     3     3     3     3     3     3
          3     2     2     1     0     0     0    -1     0     5     9    13    16    19    22    37    50    50    50    50
         50    50    50    50    50    50    50    50    50    50    50    50    50    50    50    50    50    50    50    50
         50    50    50    50    50    50    50    50    50    50    50    50    50    50    50
   7   1000   988   952   895   821   735   642   547   455   370   293   227   172   127    92    65    46    32    22    15
         11     8     6     5     4     3     3     3     2     2     2     1     1     1     1     0     0     0     0     0
          0     0     0     0     1     1     1     1     1     1     1     1     1     1     1     1     1     1     0     0
          0     1     1     1     1     1     2     2     2     3     3     3     3     3     3     3     3     3     3     3
          2     2     1     0     0     0    -1     0     5    10    13    16    19    22    38    51    51    51    51    51
         51    51    51    51    51    51    51    51    51    51    51    51    51    51    51    51    51    51    51    51
         51    51    51    51    51    51    51    51    51    51    51    51    51    51
   8   1000   988   952   895   821   735   642   548   456   370   293   227   172   127    92    66    46    32    22    15
         11     8     6     5     4     3     3     2     2     2     1     1     1     0     0     0     0     0     0     0
          0     0     0     1     1     1     1     1     1     1     1     1     1     1     1     1     1     0     0     0
          1     1     1     1     1     2     2     2     3     3     3     3     3     4     4     3     3     3     3     2
          2     1     0     0     0    -1     0     5    10    14    17    20    23    39    52    52    52    52    52    52
         52    52    52    52    52    52    52    52    52    52    52    52    52    52    52    52    52    52    52    52
         52    52    52    52    52    52    52    52    52    52    52    52    52
   9   1000   988   952   895   821   735   642   548   456   370   293   227   172   127    92    66    46    32    22    15
         11     8     6     4     4     3     3     2     2     1     1     1     0     0     0     0     0     0     0     0
          0     0     0     1     1     1     1     1     1     1     1     1     1     1     1     0     0     0     0     1
          1     1     1     1     2     2     2     3     3     3     3     4     4     4     3     3     3     3     2     2
          1     0     0     0    -1     0     5    10    14    17    20    23    39    53    53    53    53    53    53    53
         53    53    53    53    53    53    53    53    53    53    53    53    53    53    53    53    53    53    53    53
         53    53    53    53    53    53    53    53    53    53    53    53
  10   1000   988   952   895   821   735   642   548   456   370   293   227   172   127    92    66    46    32    22    15
         11     8     6     4     3     3     2     2     1     1     1     0     0     0     0     0     0     0     0     0
          0     0     1     1     1     1     1     1     1     1     1     1     1     1     0     0     0     0     0     1
          1     1     1     2     2     2     3     3     3     3     4     4     4     4     3     3     3     2     2     1
          0     0     0    -1     0     5    10    14    17    20    23    40    54    54    54    54    54    54    54    54
         54    54    54    54    54    54    54    54    54    54    54    54    54    54    54    54    54    54    54    54
         54    54    54    54    54    54    54    54    54    54    54
  11   1000   988   952   895   821   735   642   548   456   370   294   227   172   127    92    66    46    32    22    15
         10     7     5     4     3     2     2     1     1     1     0     0     0     0     0     0     0     0     0     0
          0     1     1     1     1     1     1     1     1     1     1     1     0     0     0     0     0     0     1     1
          1     1     2     2     3     3     3     3     4     4     4     4     4     3     3     3     2     2     1     0
          0     0    -1     0     5    10    14    18    21    24    41    55    55    55    55    55    55    55    55    55
         55    55    55    55    55    55    55    55    55    55    55    55    55    55    55    55    55    55    55    55
         55    55    55    55    55    55    55    55    55    55
  12   1000   988   952   895   821   735   642   548   456   370   294   227   172   128    92    66    46    32    22    15
         10     7     5     4     3     2     2     1     1     0     0     0     0     0     0     0     0     0     0     0
          0     1     1     1     1     1     1     1     1     1     1     0     0     0     0     0     0     1     1     1
          1     2     2     3     3     3     3     4     4     4     4     4     3     3     3     2     2     1     0     0
          0    -1     0     5    10    15    18    21    24    42    56    56    56    56    56    56    56    56    56    56
         56    56    56    56    56    56    56    56    56    56    56    56    56    56    56    56    56    56    56    56
         56    56    56    56    56    56    56    56    56
  13   1000   988   952   895   821   735   642   548   456   370   294   228   172   128    92    66    46    32    22    15
         10     7     5     3     2     2     1     1     0     0     0     0     0     0     0     0     0     0     0     0
          1     1     1     1     1     1     1     1     1     0     0     0     0     0     0     0     0     1     1     1
          2     2     3     3     3     3     4     4     4     4     4     4     3     3     2     2     1     0     0     0
         -2     0     5    11    15    18    22    25    43    58    58    58    58    58    58    58    58    58    58    58
         58    58    58    58    58    58    58    58    58    58    58    58    58    58    58    58    58    58    58    58
         58    58    58    58    58    58    58    58
  14   1000   988   952   895   821   735   643   548   456   370   294   228   172   128    93    66    46    32    22    15
         10     7     5     3     2     1     1     0     0     0     0     0     0     0     0     0     0     0     0     0
          1     1     1     1     1     1     1     0     0     0     0     0     0     0     0     0     1     1     1     2
          2     3     3     3     3     4     4     4     4     4     4     3     3     2     2     1     0     0    -1    -2
          0     5    11    15    19    22    25    43    59    59    59    59    59    59    59    59    59    59    59    59
         59    59    59    59    59    59    59    59    59    59    59    59    59    59    59    59    59    59    59    59
         59    59    59    59    59    59    59
  15   1000   988   952   895   821   735   643   548   456   370   294   228   172   128    93    66    46    32    21    14
         10     6     4     3     1     1     0     0     0     0     0     0     0     0     0     0     0     0     0     0
          0     1     1     1     1     0     0     0     0     0     0     0     0     0     0     0     1     1     2     2
          2     3     3     3     4     4     4     4     4     4     3     3     3     2     1     0     0    -1    -2     0
          5    11    15    19    22    26    44    60    60    60    60    60    60    60    60    60    60    60    60    60
         60    60    60    60    60    60    60    60    60    60    60    60    60    60    60    60    60    60    60    60
         60    60    60    60    60    60
  16   1000   988   952   895   821   736   643   548   456   371   294   228   172   128    93    66    46    31    21    14
          9     6     4     2     1     0     0     0     0    -1    -1     0     0     0     0     0     0     0     0     0
          0     0     0     0     0     0     0     0     0     0     0     0     0     0     0     1     1     2     2     2
          3     3     3     4     4     4     4     4     4     3     3     3     2     1     0     0    -1    -2     0     6
         11    16    19    23    26    45    61    61    61    61    61    61    61    61    61    61    61    61    61    61
         61    61    61    61    61    61    61    61    61    61    61    61    61    61    61    61    61    61    61    61
         61    61    61    61    61
  17   1000   988   952   895   821   736   643   548   456   371   294   228   173   128    93    66    46    31    21    14
          9     5     3     1     0     0     0    -1    -1    -1    -1    -1    -1     0     0     0     0     0     0     0
          0     0     0     0     0     0     0     0     0     0     0     0     0     0     0     1     1     2     2     3
          3     3     4     4     4     4     4     4     3     3     3     2     1     0     0    -1    -2     0     6    11
         16    20    23    27    46    62    62    62    62    62    62    62    62    62    62    62    62    62    62    62
         62    62    62    62    62    62    62    62    62    62    62    62    62    62    62    62    62    62    62    62
         62    62    62    62
  18   1000   988   952   895   822   736   643   548   456   371   294   228   173   128    93    66    46    31    21    13
          8     5     2     0     0    -1    -1    -1    -2    -2    -1    -1    -1     0     0     0     0     0     0     0
          0     0     0     0     0     0     0     0     0     0     0     0     0     0     1     1     2     2     3     3
          3     4     4     4     4     4     4     4     3     3     2     1     0     0    -1    -2     0     6    12    16
         20    24    27    47    63    63    63    63    63    63    63    63    63    63    63    63    63    63    63    63
         63    63    63    63    63    63    63    63    63    63    63    63    63    63    63    63    63    63    63    63
         63    63    63
  19   1000   988   952   895   822   736   643   548   456   371   294   228   173   128    93    66    46    31    20    13
          7     4     1     0    -1    -2    -2    -2    -2    -2    -2    -1    -1    -1     0     0     0     0     0     0
          0     0     0     0     0    -1    -1    -1    -1     0     0     0     0     0     1     2     2     3     3     3
          4     4     4     4     4     4     4     3     3     2     1     0     0    -1    -2     0     6    12    17    20
         24    28    47    64    64    64    64    64    64    64    64    64    64    64    64    64    64    64    64    64
         64    64    64    64    64    64    64    64    64    64    64    64    64    64    64    64    64    64    64    64
         64    64
  20   1000   988   952   895   822   736   643   548   457   371   295   229   173   128    93    66    45    30    20    12
          6     2     0    -1    -2    -3    -3    -3    -3    -3    -2    -2    -2    -1    -1    -1    -1     0     0    -1
         -1    -1    -1    -1    -1    -2    -2    -1    -1    -1     0     0     0     1     1     2     2     3     3     4
          4     4     4     4     4     4     3     3     2     1     1     0    -1    -2     0     6    12    17    21    25
         28    48    65    65    65    65    65    65    65    65    65    65    65    65    65    65    65    65    65    65
         65    65    65    65    65    65    65    65    65    65    65    65    65    65    65    65    65    65    65    65
         65
  21   1000   988   952   895   822   736   643   549   457   372   295   229   174   129    93    66    45    30    18    10
          5     1    -1    -3    -4    -4    -5    -4    -4    -4    -3    -3    -2    -2    -2    -2    -1    -1    -2    -2
         -2    -2    -2    -3    -3    -3    -2    -2    -2    -1    -1     0     0     1     1     2     3     3     3     4
          4     4     4     4     4     3     3     2     1     1     0    -1    -2     0     6    12    17    21    25    29
         49    66    66    66    66    66    66    66    66    66    66    66    66    66    66    66    66    66    66    66
         66    66    66    66    66    66    66    66    66    66    66    66    66    66    66    66    66    66    66    66
  22   1000   988   952   895   822   736   643   549   457   372   296   230   174   129    93    65    44    28    17     8
          3    -1    -3    -5    -6    -6    -6    -6    -5    -5    -4    -4    -3    -3    -3    -3    -3    -3    -3    -3
         -4    -4    -4    -4    -4    -4    -4    -3    -2    -2    -1     0     0     1     2     2     3     3     4     4
          4     4     4     4     3     3     2     1     1     0    -1    -2     0     6    13    18    22    25    29    50
         67    67    67    67    67    67    67    67    67    67    67    67    67    67    67    67    67    67    67    67
         67    67    67    67    67    67    67    67    67    67    67    67    67    67    67    67    67    67    67
  23   1000   988   952   895   822   736   644   549   458   373   297   230   175   129    93    65    43    26    14     6
          0    -4    -6    -8    -9    -9    -8    -8    -7    -7    -6    -6    -5    -5    -5    -5    -5    -5    -5    -6
         -6    -6    -6    -6    -6    -6    -5    -4    -3    -2    -1     0     0     1     2     2     3     3     4     4
          4     4     4     3     3     2     1     1     0    -1    -2     0     7    13    18    22    26    30    50    68
         68    68    68    68    68    68    68    68    68    68    68    68    68    68    68    68    68    68    68    68
         68    68    68    68    68    68    68    68    68    68    68    68    68    68    68    68    68    68
  24   1000   988   952   896   822   736   644   550   459   374   297   231   175   129    92    63    40    23    11     2
         -4    -8   -10   -11   -12   -12   -11   -10   -10    -9    -8    -8    -8    -7    -7    -7    -8    -8    -8    -9
         -9    -9    -9    -9    -9    -8    -7    -5    -4    -3    -2     0     0     1     2     2     3     3     4     4
          4     4     3     3     2     1     1     0     0    -1     0     7    13    18    22    26    30    51    68    68
         68    68    68    68    68    68    68    68    68    68    68    68    68    68    68    68    68    68    68    68
         68    68    68    68    68    68    68    68    68    68    68    68    68    68    68    68    68
  25   1000   988   952   896   822   737   645   551   460   375   298   232   175   128    90    60    36    18     5    -3
         -9   -13   -15   -16   -16   -15   -15   -14   -13   -12   -12   -11   -11   -11   -11   -11   -12   -12   -13   -13
        -13   -13   -13   -13   -12   -10    -9    -7    -5    -4    -2    -1     0     1     1     2     3     3     3     3
          3     3     3     2     2     1     0     0    -1     0     7    13    18    22    26    30    51    68    68    68
         68    68    68    68    68    68    68    68    68    68    68    68    68    68    68    68    68    68    68    68
         68    68    68    68    68    68    68    68    68    68    68    68    68    68    68    68
  26   1000   988   952   896   823   738   646   552   461   376   299   231   174   125    86    55    30    12    -1   -10
        -16   -20   -21   -22   -21   -20   -19   -18   -17   -17   -16   -16   -16   -16   -16   -17   -18   -18   -19   -19
        -19   -19   -18   -17   -15   -13   -11    -9    -7    -5    -3    -1     0     0     1     2     3     3     3     3
          3     3     2     2     1     0     0    -1     0     7    13    18    22    26    30    50    68    68    68    68
         68    68    68    68    68    68    68    68    68    68    68    68    68    68    68    68    68    68    68    68
         68    68    68    68    68    68    68    68    68    68    68    68    68    68    68
  27   1000   988   952   896   823   738   647   553   462   376   299   230   170   121    80    47    21     2   -11   -20
        -25   -28   -29   -29   -28   -27   -25   -24   -23   -23   -22   -22   -23   -23   -24   -25   -25   -26   -27   -27
        -26   -25   -23   -21   -19   -16   -13   -11    -8    -6    -4    -2     0     0     1     2     2     3     3     3
          3     2     2     1     0     0    -1     1     8    14    18    22    26    29    50    67    67    67    67    67
         67    67    67    67    67    67    67    67    67    67    67    67    67    67    67    67    67    67    67    67
         67    67    67    67    67    67    67    67    67    67    67    67    67    67
  28   1000   988   953   897   824   739   648   554   463   376   297   226   165   112    70    35     9   -10   -23   -32
        -36   -38   -38   -37   -36   -35   -33   -32   -31   -31   -31   -31   -32   -33   -34   -35   -36   -36   -37   -36
        -35   -32   -30   -26   -23   -19   -16   -12    -9    -7    -4    -2    -1     0     1     2     2     2     2     2
          2     2     1     0     0     0     1     8    14    18    22    26    29    49    66    66    66    66    66    66
         66    66    66    66    66    66    66    66    66    66    66    66    66    66    66    66    66    66    66    66
         66    66    66    66    66    66    66    66    66    66    66    66    66
  29   1000   988   953   897   825   740   649   555   462   374   292   219   155   100    55    19    -6   -26   -38   -45
        -49   -50   -49   -48   -46   -44   -43   -42   -42   -42   -42   -43   -44   -46   -47   -48   -49   -49   -49   -47
        -44   -40   -36   -31   -27   -22   -18   -14   -11    -8    -5    -3    -1     0     1     1     2     2     2     2
          2     1     1     0     0     2     9    14    18    22    25    29    48    64    64    64    64    64    64    64
         64    64    64    64    64    64    64    64    64    64    64    64    64    64    64    64    64    64    64    64
         64    64    64    64    64    64    64    64    64    64    64    64
  30   1000   988   953   897   825   741   649   554   459   368   284   207   140    83    36     0   -26   -44   -55   -61
        -64   -64   -62   -60   -58   -57   -56   -55   -55   -56   -57   -58   -60   -62   -64   -65   -65   -64   -62   -58
        -54   -48   -42   -36   -31   -25   -20   -16   -12    -8    -6    -3    -1     0     0     1     2     2     2     2
          2     1     1     1     3     9    15    18    22    25    28    46    62    62    62    62    62    62    62    62
         62    62    62    62    62    62    62    62    62    62    62    62    62    62    62    62    62    62    62    62
         62    62    62    62    62    62    62    62    62    62    62
  31   1000   988   953   898   825   741   647   550   453   359   270   190   119    60    12   -23   -49   -65   -75   -79
        -80   -79   -77   -75   -73   -72   -71   -72   -73   -74   -76   -78   -81   -83   -84   -85   -84   -81   -76   -70
        -63   -56   -48   -41   -34   -28   -22   -17   -13    -9    -6    -3    -1     0     0     1     2     2     2     2
          2     2     2     4    10    15    18    21    24    27    45    59    59    59    59    59    59    59    59    59
         59    59    59    59    59    59    59    59    59    59    59    59    59    59    59    59    59    59    59    59
         59    59    59    59    59    59    59    59    59    59
  32   1000   988   953   898   825   739   644   543   442   343   250   166    92    31   -15   -50   -74   -88   -96   -99
        -99   -97   -95   -93   -92   -91   -91   -93   -95   -97  -100  -103  -106  -108  -108  -107  -103   -98   -90   -81
        -72   -62   -53   -45   -37   -30   -23   -18   -13    -9    -6    -3    -1     0     0     1     2     2     2     3
          3     3     6    11    15    18    21    23    26    43    56    56    56    56    56    56    56    56    56    56
         56    56    56    56    56    56    56    56    56    56    56    56    56    56    56    56    56    56    56    56
         56    56    56    56    56    56    56    56    56
  33   1000   988   953   897   823   735   637   532   426   321   223   135    59    -1   -47   -79  -100  -113  -118  -120
       -119  -118  -116  -115  -114  -115  -116  -119  -122  -126  -130  -133  -136  -136  -135  -130  -123  -114  -103   -91
        -79   -68   -57   -47   -38   -31   -24   -18   -13    -9    -6    -3    -1     0     1     2     2     3     4     4
          5     8    13    16    18    20    23    25    40    52    52    52    52    52    52    52    52    52    52    52
         52    52    52    52    52    52    52    52    52    52    52    52    52    52    52    52    52    52    52    52
         52    52    52    52    52    52    52    52
  34   1000   988   953   896   820   729   626   515   403   292   190    99    23   -36   -80  -110  -128  -138  -143  -144
       -143  -141  -140  -140  -141  -143  -146  -150  -155  -160  -164  -168  -168  -166  -161  -152  -141  -128  -113   -99
        -85   -72   -60   -49   -39   -31   -24   -18   -13    -8    -5    -3     0     0     2     3     4     5     6     7
         10    14    17    18    20    22    23    37    48    48    48    48    48    48    48    48    48    48    48    48
         48    48    48    48    48    48    48    48    48    48    48    48    48    48    48    48    48    48    48    48
         48    48    48    48    48    48    48
  35   1000   988   952   893   814   718   609   492   373   257   151    59   -15   -72  -113  -140  -156  -165  -169  -170
       -169  -169  -169  -171  -174  -178  -183  -189  -195  -200  -204  -205  -203  -196  -186  -172  -156  -139  -121  -104
        -88   -74   -61   -49   -39   -30   -23   -17   -12    -7    -4    -2     0     1     3     4     6     7     9    12
         16    17    18    19    20    22    34    43    43    43    43    43    43    43    43    43    43    43    43    43
         43    43    43    43    43    43    43    43    43    43    43    43    43    43    43    43    43    43    43    43
         43    43    43    43    43    43
  36   1000   988   950   889   806   704   588   463   337   217   108    17   -54  -108  -146  -171  -185  -193  -197  -199
       -200  -201  -203  -207  -212  -219  -226  -233  -240  -244  -246  -243  -236  -223  -207  -188  -167  -146  -126  -107
        -89   -74   -60   -48   -37   -28   -21   -15   -10    -6    -3     0     1     3     5     7     9    11    15    18
         18    19    19    19    20    31    38    38    38    38    38    38    38    38    38    38    38    38    38    38
         38    38    38    38    38    38    38    38    38    38    38    38    38    38    38    38    38    38    38    38
         38    38    38    38    38
  37   1000   987   948   883   794   685   561   429   297   174    66   -22   -92  -143  -178  -201  -215  -223  -228  -231
       -234  -238  -243  -250  -258  -267  -275  -283  -289  -291  -288  -279  -264  -245  -223  -198  -174  -150  -127  -107
        -88   -72   -58   -45   -35   -26   -19   -13    -8    -4    -1     1     4     6     9    11    14    17    20    19
         19    18    18    19    27    33    33    33    33    33    33    33    33    33    33    33    33    33    33    33
         33    33    33    33    33    33    33    33    33    33    33    33    33    33    33    33    33    33    33    33
         33    33    33    33
  38   1000   986   945   875   780   662   530   392   256   132    26   -60  -126  -174  -208  -231  -245  -255  -262  -268
       -274  -281  -290  -299  -310  -321  -330  -337  -339  -336  -325  -309  -286  -260  -232  -203  -176  -149  -125  -104
        -85   -68   -54   -42   -31   -23   -16   -10    -5    -1     1     4     7    10    14    17    20    22    21    19
         18    17    17    23    27    27    27    27    27    27    27    27    27    27    27    27    27    27    27    27
         27    27    27    27    27    27    27    27    27    27    27    27    27    27    27    27    27    27    27    27
         27    27    27
  39   1000   985   941   866   763   637   498   355   218    95    -8   -92  -156  -203  -237  -261  -277  -290  -300  -309
       -319  -330  -342  -355  -368  -379  -387  -390  -386  -374  -355  -330  -300  -268  -235  -203  -173  -145  -120   -98
        -79   -63   -49   -37   -27   -19   -12    -7    -2     1     5     8    12    16    20    24    24    22    19    17
         16    15    20    22    22    22    22    22    22    22    22    22    22    22    22    22    22    22    22    22
         22    22    22    22    22    22    22    22    22    22    22    22    22    22    22    22    22    22    22    22
         22    22
  40   1000   984   936   854   744   612   467   322   185    64   -37  -119  -182  -230  -265  -292  -311  -328  -342  -356
       -370  -385  -401  -415  -428  -438  -441  -437  -425  -403  -374  -341  -304  -267  -231  -197  -166  -137  -113   -91
        -72   -56   -43   -32   -22   -15    -8    -3     1     5     9    13    18    23    27    27    23    20    17    15
         14    16    16    16    16    16    16    16    16    16    16    16    16    16    16    16    16    16    16    16
         16    16    16    16    16    16    16    16    16    16    16    16    16    16    16    16    16    16    16    16
         16
  41   1000   983   930   843   726   588   441   295   160    40   -59  -140  -205  -255  -293  -323  -348  -369  -388  -407
       -425  -444  -462  -477  -488  -492  -488  -474  -450  -418  -381  -340  -299  -258  -220  -186  -154  -126  -102   -81
        -63   -48   -36   -25   -17   -10    -4     1     6    10    15    21    26    30    29    25    20    17    14    12
         13    11    11    11    11    11    11    11    11    11    11    11    11    11    11    11    11    11    11    11
         11    11    11    11    11    11    11    11    11    11    11    11    11    11    11    11    11    11    11    11
  42   1000   981   925   833   711   570   422   278   144    26   -74  -156  -223  -277  -320  -355  -385  -412  -437  -460
       -483  -503  -521  -534  -539  -535  -520  -494  -460  -418  -374  -328  -284  -243  -205  -170  -140  -113   -90   -70
        -54   -40   -28   -19   -11    -4     1     6    11    17    23    29    33    32    26    21    16    13    11    10
          7     7     7     7     7     7     7     7     7     7     7     7     7     7     7     7     7     7     7     7
          7     7     7     7     7     7     7     7     7     7     7     7     7     7     7     7     7     7     7
  43   1000   980   921   825   701   560   413   270   137    19   -82  -167  -238  -297  -346  -387  -423  -456  -485  -513
       -538  -559  -574  -580  -576  -561  -533  -496  -452  -404  -355  -307  -262  -221  -184  -151  -122   -97   -76   -58
        -43   -31   -21   -12    -5     1     6    12    18    25    32    36    34    27    21    16    13    10     8     3
          3     3     3     3     3     3     3     3     3     3     3     3     3     3     3     3     3     3     3     3
          3     3     3     3     3     3     3     3     3     3     3     3     3     3     3     3     3     3
  44   1000   979   918   820   696   557   412   270   138    19   -84  -174  -250  -315  -370  -418  -460  -497  -531  -560
       -585  -603  -611  -608  -592  -563  -524  -478  -427  -375  -325  -278  -234  -195  -160  -130  -103   -81   -62   -46
        -33   -22   -13    -5     1     7    13    19    26    34    38    36    29    22    16    12    10     6     1     1
          1     1     1     1     1     1     1     1     1     1     1     1     1     1     1     1     1     1     1     1
          1     1     1     1     1     1     1     1     1     1     1     1     1     1     1     1     1
  45   1000   979   917   820   698   560   418   278   145    24   -83  -177  -259  -330  -391  -445  -492  -533  -569  -598
       -619  -629  -627  -612  -583  -543  -495  -442  -389  -337  -288  -243  -202  -166  -135  -107   -84   -65   -48   -35
        -23   -14    -6     1     7    13    20    28    35    40    37    29    22    16    12     9     5     0     0     0
          0     0     0     0     0     0     0     0     0     0     0     0     0     0     0     0     0     0     0     0
          0     0     0     0     0     0     0     0     0     0     0     0     0     0     0     0
  46   1000   979   917   822   703   569   429   289   156    32   -78  -178  -265  -342  -409  -467  -517  -560  -595  -620
       -633  -633  -619  -590  -550  -502  -449  -395  -343  -293  -247  -206  -169  -137  -109   -86   -66   -49   -35   -24
        -14    -6     1     7    14    21    28    36    40    37    30    22    17    12     9     5     0     0     0     0
          0     0     0     0     0     0     0     0     0     0     0     0     0     0     0     0     0     0     0     0
          0     0     0     0     0     0     0     0     0     0     0     0     0     0     0
  47   1000   979   919   827   711   580   442   303   168    42   -73  -177  -269  -350  -421  -482  -533  -575  -605  -623
       -625  -613  -586  -547  -499  -447  -394  -341  -292  -246  -205  -169  -137  -109   -85   -65   -49   -35   -23   -14
         -6     1     7    14    20    28    36    40    37    30    23    17    13    10     6     0     0     0     0     0
          0     0     0     0     0     0     0     0     0     0     0     0     0     0     0     0     0     0     0     0
          0     0     0     0     0     0     0     0     0     0     0     0     0     0
  48   1000   980   922   833   720   592   455   316   180    52   -66  -174  -270  -354  -427  -489  -538  -575  -598  -605
       -596  -571  -534  -489  -438  -386  -335  -286  -242  -201  -165  -134  -107   -84   -64   -48   -34   -23   -13    -5
          1     7    13    20    27    35    39    37    30    23    17    13    10     7     2     2     2     2     2     2
          2     2     2     2     2     2     2     2     2     2     2     2     2     2     2     2     2     2     2     2
          2     2     2     2     2     2     2     2     2     2     2     2     2
  49   1000   980   925   838   728   602   467   328   191    61   -60  -170  -268  -354  -427  -487  -532  -561  -574  -569
       -548  -514  -471  -423  -373  -324  -277  -234  -195  -160  -130  -103   -81   -62   -46   -33   -22   -13    -5     1
          7    13    19    26    33    38    36    29    23    18    14    11     9     5     5     5     5     5     5     5
          5     5     5     5     5     5     5     5     5     5     5     5     5     5     5     5     5     5     5     5
          5     5     5     5     5     5     5     5     5     5     5     5
  50   1000   981   927   843   736   611   476   338   200    68   -54  -166  -265  -351  -422  -477  -514  -534  -535  -519
       -490  -450  -405  -358  -311  -266  -225  -187  -154  -125   -99   -78   -59   -44   -32   -21   -12    -5     1     7
         12    18    25    32    36    35    29    23    18    15    12    11     9     9     9     9     9     9     9     9
          9     9     9     9     9     9     9     9     9     9     9     9     9     9     9     9     9     9     9     9
          9     9     9     9     9     9     9     9     9     9     9
  51   1000   982   929   847   742   618   484   345   207    74   -49  -161  -260  -343  -410  -458  -486  -495  -486  -461
       -426  -385  -341  -297  -254  -215  -179  -147  -119   -95   -74   -57   -42   -30   -20   -12    -5     1     6    12
         17    24    30    35    33    28    23    18    16    14    14    12    12    12    12    12    12    12    12    12
         12    12    12    12    12    12    12    12    12    12    12    12    12    12    12    12    12    12    12    12
         12    12    12    12    12    12    12    12    12    12
  52   1000   982   931   850   746   624   490   351   213    79   -44  -156  -253  -332  -392  -432  -450  -449  -431  -402
       -365  -324  -283  -243  -205  -171  -141  -114   -91   -71   -54   -40   -29   -19   -11    -4     0     6    11    16
         22    29    33    32    28    23    19    16    15    16    15    15    15    15    15    15    15    15    15    15
         15    15    15    15    15    15    15    15    15    15    15    15    15    15    15    15    15    15    15    15
         15    15    15    15    15    15    15    15    15
  53   1000   983   932   853   749   627   494   355   216    83   -40  -151  -244  -318  -370  -400  -409  -399  -377  -345
       -308  -270  -233  -197  -165  -136  -110   -88   -69   -53   -39   -28   -19   -11    -4     0     5    10    15    21
         27    31    31    27    23    19    17    16    18    18    18    18    18    18    18    18    18    18    18    18
         18    18    18    18    18    18    18    18    18    18    18    18    18    18    18    18    18    18    18    18
         18    18    18    18    18    18    18    18
  54   1000   983   933   854   751   630   496   357   218    84   -38  -146  -234  -301  -345  -365  -366  -351  -325  -293
       -259  -224  -191  -160  -132  -107   -85   -67   -51   -38   -27   -18   -11    -5     0     5    10    14    20    26
         30    30    27    23    20    18    16    19    20    20    20    20    20    20    20    20    20    20    20    20
         20    20    20    20    20    20    20    20    20    20    20    20    20    20    20    20    20    20    20    20
         20    20    20    20    20    20    20
  55   1000   983   934   855   753   631   497   357   217    84   -36  -141  -223  -282  -317  -329  -324  -306  -280  -249
       -217  -186  -156  -129  -105   -84   -66   -51   -38   -27   -19   -11    -5     0     4     9    14    19    25    29
         30    27    23    20    18    17    21    22    22    22    22    22    22    22    22    22    22    22    22    22
         22    22    22    22    22    22    22    22    22    22    22    22    22    22    22    22    22    22    22    22
         22    22    22    22    22    22
  56   1000   983   934   856   753   631   496   355   215    82   -36  -136  -212  -262  -289  -295  -286  -266  -240  -211
       -182  -154  -128  -105   -84   -66   -51   -38   -28   -19   -12    -6    -1     3     8    13    18    24    28    29
         27    23    20    19    18    21    23    23    23    23    23    23    23    23    23    23    23    23    23    23
         23    23    23    23    23    23    23    23    23    23    23    23    23    23    23    23    23    23    23    23
         23    23    23    23    23
  57   1000   983   934   856   752   629   492   350   209    77   -38  -131  -199  -241  -261  -263  -251  -231  -206  -180
       -154  -129  -106   -85   -68   -52   -40   -29   -20   -13    -7    -2     2     7    12    17    23    28    29    27
         23    21    19    18    22    23    23    23    23    23    23    23    23    23    23    23    23    23    23    23
         23    23    23    23    23    23    23    23    23    23    23    23    23    23    23    23    23    23    23    23
         23    23    23    23
  58   1000   983   934   855   750   624   486   342   200    70   -39  -125  -185  -221  -235  -233  -221  -201  -178  -154
       -130  -108   -88   -70   -55   -42   -31   -22   -15    -8    -3     1     6    11    16    22    28    30    27    24
         21    19    18    22    23    23    23    23    23    23    23    23    23    23    23    23    23    23    23    23
         23    23    23    23    23    23    23    23    23    23    23    23    23    23    23    23    23    23    23    23
         23    23    23
  59   1000   983   933   853   746   618   476   331   190    64   -40  -118  -171  -200  -210  -207  -194  -175  -154  -132
       -110   -90   -73   -58   -44   -33   -24   -17   -10    -5     0     4    10    15    22    28    30    28    24    22
         20    18    21    22    22    22    22    22    22    22    22    22    22    22    22    22    22    22    22    22
         22    22    22    22    22    22    22    22    22    22    22    22    22    22    22    22    22    22    22    22
         22    22
  60   1000   983   932   850   740   608   464   318   179    58   -38  -109  -154  -179  -186  -182  -169  -152  -132  -113
        -94   -76   -61   -48   -37   -27   -19   -13    -7    -2     3     8    14    21    28    30    28    25    22    20
         18    21    20    20    20    20    20    20    20    20    20    20    20    20    20    20    20    20    20    20
         20    20    20    20    20    20    20    20    20    20    20    20    20    20    20    20    20    20    20    20
         20
  61   1000   983   930   845   732   597   451   305   171    57   -32   -95  -136  -156  -162  -158  -146  -131  -113   -96
        -79   -64   -51   -40   -30   -22   -15    -9    -4     1     6    13    21    28    31    29    26    23    20    18
         20    18    18    18    18    18    18    18    18    18    18    18    18    18    18    18    18    18    18    18
         18    18    18    18    18    18    18    18    18    18    18    18    18    18    18    18    18    18    18    18
  62   1000   982   928   840   723   585   439   296   167    61   -20   -78  -114  -133  -138  -134  -125  -111   -96   -81
        -67   -55   -43   -34   -26   -19   -12    -7    -1     4    11    20    28    32    30    26    23    21    19    19
         16    16    16    16    16    16    16    16    16    16    16    16    16    16    16    16    16    16    16    16
         16    16    16    16    16    16    16    16    16    16    16    16    16    16    16    16    16    16    16
  63   1000   981   925   833   713   575   430   293   172    73    -2   -55   -89  -107  -113  -111  -103   -93   -81   -68
        -57   -46   -37   -29   -22   -16   -10    -4     1     9    18    28    32    31    27    24    21    19    18    14
         14    14    14    14    14    14    14    14    14    14    14    14    14    14    14    14    14    14    14    14
         14    14    14    14    14    14    14    14    14    14    14    14    14    14    14    14    14    14
  64   1000   980   922   828   706   569   429   299   185    93    22   -27   -60   -79   -87   -88   -83   -75   -66   -57
        -48   -40   -32   -26   -20   -14    -8    -1     6    16    27    32    32    28    25    22    20    18    12    12
         12    12    12    12    12    12    12    12    12    12    12    12    12    12    12    12    12    12    12    12
         12    12    12    12    12    12    12    12    12    12    12    12    12    12    12    12    12
  65   1000   980   919   824   704   570   437   314   208   121    54     4   -28   -49   -60   -64   -63   -59   -54   -47
        -41   -35   -29   -23   -17   -11    -5     3    14    25    32    32    30    26    23    20    18    10    10    10
         10    10    10    10    10    10    10    10    10    10    10    10    10    10    10    10    10    10    10    10
         10    10    10    10    10    10    10    10    10    10    10    10    10    10    10    10
  66   1000   979   918   824   707   580   455   340   239   156    90    40     4   -19   -34   -42   -45   -45   -43   -39
        -35   -31   -26   -21   -16    -9     0    10    23    31    33    31    27    24    21    18    10    10    10    10
         10    10    10    10    10    10    10    10    10    10    10    10    10    10    10    10    10    10    10    10
         10    10    10    10    10    10    10    10    10    10    10    10    10    10    10
  67   1000   979   919   828   717   598   481   372   276   195   128    77    37     9    -9   -22   -29   -33   -34   -33
        -31   -28   -24   -20   -13    -5     6    20    30    33    31    29    26    23    19    10    10    10    10    10
         10    10    10    10    10    10    10    10    10    10    10    10    10    10    10    10    10    10    10    10
         10    10    10    10    10    10    10    10    10    10    10    10    10    10
  68   1000   980   922   836   733   622   512   408   315   234   167   112    69    36    12    -4   -15   -23   -27   -28
        -28   -26   -23   -18   -10     1    15    27    32    32    30    27    24    21    12    12    12    12    12    12
         12    12    12    12    12    12    12    12    12    12    12    12    12    12    12    12    12    12    12    12
         12    12    12    12    12    12    12    12    12    12    12    12    12
  69   1000   981   927   847   751   648   543   444   352   271   201   143    96    59    31    10    -5   -15   -22   -25
        -26   -25   -22   -15    -4    10    24    31    32    31    29    26    24    15    15    15    15    15    15    15
         15    15    15    15    15    15    15    15    15    15    15    15    15    15    15    15    15    15    15    15
         15    15    15    15    15    15    15    15    15    15    15    15
  70   1000   982   932   859   770   672   573   476   385   303   230   169   118    77    45    20     2   -10   -18   -23
        -25   -24   -19    -9     5    20    29    31    31    30    28    27    19    19    19    19    19    19    19    19
         19    19    19    19    19    19    19    19    19    19    19    19    19    19    19    19    19    19    19    19
         19    19    19    19    19    19    19    19    19    19    19
  71   1000   983   938   870   786   694   597   502   411   328   253   189   135    91    55    28     7    -7   -17   -23
        -25   -22   -15     0    16    26    31    32    31    30    31    24    24    24    24    24    24    24    24    24
         24    24    24    24    24    24    24    24    24    24    24    24    24    24    24    24    24    24    24    24
         24    24    24    24    24    24    24    24    24    24
  72   1000   985   943   879   800   711   617   522   431   346   270   203   146   100    62    32    10    -5   -16   -23
        -24   -19    -6    10    23    29    32    32    32    35    30    30    30    30    30    30    30    30    30    30
         30    30    30    30    30    30    30    30    30    30    30    30    30    30    30    30    30    30    30    30
         30    30    30    30    30    30    30    30    30
  73   1000   986   946   886   810   723   630   536   444   359   281   212   154   105    66    34    11    -6   -17   -23
        -23   -12     5    19    27    31    33    34    39    36    36    36    36    36    36    36    36    36    36    36
         36    36    36    36    36    36    36    36    36    36    36    36    36    36    36    36    36    36    36    36
         36    36    36    36    36    36    36    36
  74   1000   987   949   891   817   732   640   546   453   367   288   218   158   108    67    34    10    -8   -20   -24
        -17     0    14    24    30    33    35    43    42    42    42    42    42    42    42    42    42    42    42    42
         42    42    42    42    42    42    42    42    42    42    42    42    42    42    42    42    42    42    42    42
         42    42    42    42    42    42    42
  75   1000   987   951   895   822   737   646   552   459   372   292   221   160   108    66    32     6   -12   -24   -22
         -7     9    21    28    33    36    46    47    47    47    47    47    47    47    47    47    47    47    47    47
         47    47    47    47    47    47    47    47    47    47    47    47    47    47    47    47    47    47    47    47
         47    47    47    47    47    47
  76   1000   988   952   897   825   741   649   555   463   375   294   222   160   107    63    27     0   -20   -26   -14
          1    15    25    31    35    48    53    53    53    53    53    53    53    53    53    53    53    53    53    53
         53    53    53    53    53    53    53    53    53    53    53    53    53    53    53    53    53    53    53    53
         53    53    53    53    53
  77   1000   988   953   898   827   743   652   558   465   376   295   222   158   103    56    17   -13   -29   -23    -7
          7    19    28    34    50    57    57    57    57    57    57    57    57    57    57    57    57    57    57    57
         57    57    57    57    57    57    57    57    57    57    57    57    57    57    57    57    57    57    57    57
         57    57    57    57
  78   1000   988   954   899   828   744   653   559   466   376   294   219   153    94    42    -2   -30   -33   -19    -2
         11    22    30    50    62    62    62    62    62    62    62    62    62    62    62    62    62    62    62    62
         62    62    62    62    62    62    62    62    62    62    62    62    62    62    62    62    62    62    62    62
         62    62    62
  79   1000   988   954   900   829   745   654   560   466   375   291   213   142    76    15   -29   -43   -33   -16     0
         13    24    48    65    65    65    65    65    65    65    65    65    65    65    65    65    65    65    65    65
         65    65    65    65    65    65    65    65    65    65    65    65    65    65    65    65    65    65    65    65
         65    65
  80   1000   988   954   900   829   746   655   560   464   372   284   200   119    40   -25   -55   -51   -33   -15     1
         14    43    67    67    67    67    67    67    67    67    67    67    67    67    67    67    67    67    67    67
         67    67    67    67    67    67    67    67    67    67    67    67    67    67    67    67    67    67    67    67
         67
  81   1000   988   954   900   830   746   654   558   460   364   268   172    72   -17   -67   -72   -56   -35   -15     0
         36    68    68    68    68    68    68    68    68    68    68    68    68    68    68    68    68    68    68    68
         68    68    68    68    68    68    68    68    68    68    68    68    68    68    68    68    68    68    68    68
  82   1000   988   955   901   830   746   653   554   452   346   235   114    -3   -78   -96   -83   -61   -38   -17    24
         67    67    67    67    67    67    67    67    67    67    67    67    67    67    67    67    67    67    67    67
         67    67    67    67    67    67    67    67    67    67    67    67    67    67    67    67    67    67    67
  83   1000   988   955   901   829   744   648   545   432   308   165    16   -88  -123  -115   -92   -66   -41     8    66
         66    66    66    66    66    66    66    66    66    66    66    66    66    66    66    66    66    66    66    66
         66    66    66    66    66    66    66    66    66    66    66    66    66    66    66    66    66    66
  84   1000   988   955   900   828   740   639   524   389   226    44   -95  -151  -151  -129  -100   -71   -12    62    62
         62    62    62    62    62    62    62    62    62    62    62    62    62    62    62    62    62    62    62    62
         62    62    62    62    62    62    62    62    62    62    62    62    62    62    62    62    62
  85   1000   988   954   899   824   731   617   476   295    81   -96  -178  -190  -170  -139  -106   -37    57    57    57
         57    57    57    57    57    57    57    57    57    57    57    57    57    57    57    57    57    57    57    57
         57    57    57    57    57    57    57    57    57    57    57    57    57    57    57    57
  86   1000   988   953   896   815   709   568   374   128   -90  -202  -228  -213  -182  -146   -67    51    51    51    51
         51    51    51    51    51    51    51    51    51    51    51    51    51    51    51    51    51    51    51    51
         51    51    51    51    51    51    51    51    51    51    51    51    51    51    51
  87   1000   988   951   889   796   660   459   187   -72  -218  -263  -256  -227  -190  -101    42    42    42    42    42
         42    42    42    42    42    42    42    42    42    42    42    42    42    42    42    42    42    42    42    42
         42    42    42    42    42    42    42    42    42    42    42    42    42    42
  88   1000   987   947   873   751   551   259   -39  -221  -290  -295  -271  -234  -137    33    33    33    33    33    33
         33    33    33    33    33    33    33    33    33    33    33    33    33    33    33    33    33    33    33    33
         33    33    33    33    33    33    33    33    33    33    33    33    33
  89   1000   986   937   836   648   347    14  -205  -300  -322  -307  -274  -172    21    21    21    21    21    21    21
         21    21    21    21    21    21    21    21    21    21    21    21    21    21    21    21    21    21    21    21
         21    21    21    21    21    21    21    21    21    21    21    21
  90   1000   982   912   750   455    98  -158  -285  -328  -327  -302  -202     7     7     7     7     7     7     7     7
          7     7     7     7     7     7     7     7     7     7     7     7     7     7     7     7     7     7     7     7
          7     7     7     7     7     7     7     7     7     7     7
  91   1000   972   854   587   223   -65  -226  -297  -315  -305  -217    -8    -8    -8    -8    -8    -8    -8    -8    -8
         -8    -8    -8    -8    -8    -8    -8    -8    -8    -8    -8    -8    -8    -8    -8    -8    -8    -8    -8    -8
         -8    -8    -8    -8    -8    -8    -8    -8    -8    -8
  92   1000   950   748   407    98   -95  -198  -245  -258  -201   -25   -25   -25   -25   -25   -25   -25   -25   -25   -25
        -25   -25   -25   -25   -25   -25   -25   -25   -25   -25   -25   -25   -25   -25   -25   -25   -25   -25   -25   -25
        -25   -25   -25   -25   -25   -25   -25   -25   -25
  93   1000   914   653   359   143     7   -73  -118  -123   -43   -43   -43   -43   -43   -43   -43   -43   -43   -43   -43
        -43   -43   -43   -43   -43   -43   -43   -43   -43   -43   -43   -43   -43   -43   -43   -43   -43   -43   -43   -43
        -43   -43   -43   -43   -43   -43   -43   -43
  94   1000   899   688   492   345   238   160    76   -11   -11   -11   -11   -11   -11   -11   -11   -11   -11   -11   -11
        -11   -11   -11   -11   -11   -11   -11   -11   -11   -11   -11   -11   -11   -11   -11   -11   -11   -11   -11   -11
        -11   -11   -11   -11   -11   -11   -11
  95   1000   934   812   694   591   502   361    91    91    91    91    91    91    91    91    91    91    91    91    91
         91    91    91    91    91    91    91    91    91    91    91    91    91    91    91    91    91    91    91    91
         91    91    91    91    91    91
  96   1000   966   898   822   745   581   185   185   185   185   185   185   185   185   185   185   185   185   185   185
        185   185   185   185   185   185   185   185   185   185   185   185   185   185   185   185   185   185   185   185
        185   185   185   185   185
  97   1000   981   937   880   722   258   258   258   258   258   258   258   258   258   258   258   258   258   258   258
        258   258   258   258   258   258   258   258   258   258   258   258   258   258   258   258   258   258   258   258
        258   258   258   258
  98   1000   987   953   813   319   319   319   319   319   319   319   319   319   319   319   319   319   319   319   319
        319   319   319   319   319   319   319   319   319   319   319   319   319   319   319   319   319   319   319   319
        319   319   319
  99   1000   989   876   376   376   376   376   376   376   376   376   376   376   376   376   376   376   376   376   376
        376   376   376   376   376   376   376   376   376   376   376   376   376   376   376   376   376   376   376   376
        376   376
 100   1000   920   432   432   432   432   432   432   432   432   432   432   432   432   432   432   432   432   432   432
        432   432   432   432   432   432   432   432   432   432   432   432   432   432   432   432   432   432   432   432
        432
 101   1000   740   740   740   740   740   740   740   740   740   740   740   740   740   740   740   740   740   740   740
        740   740   740   740   740   740   740   740   740   740   740   740   740   740   740   740   740   740   740   740
 102   1000  1000  1000  1000  1000  1000  1000  1000  1000  1000  1000  1000  1000  1000  1000  1000  1000  1000  1000  1000
       1000  1000  1000  1000  1000  1000  1000  1000  1000  1000  1000  1000  1000  1000  1000  1000  1000  1000  1000
 103   1000  1000  1000  1000  1000  1000  1000  1000  1000  1000  1000  1000  1000  1000  1000  1000  1000  1000  1000  1000
       1000  1000  1000  1000  1000  1000  1000  1000  1000  1000  1000  1000  1000  1000  1000  1000  1000  1000
 104   1000  1000  1000  1000  1000  1000  1000  1000  1000  1000  1000  1000  1000  1000  1000  1000  1000  1000  1000  1000
       1000  1000  1000  1000  1000  1000  1000  1000  1000  1000  1000  1000  1000  1000  1000  1000  1000
 105   1000  1000  1000  1000  1000  1000  1000  1000  1000  1000  1000  1000  1000  1000  1000  1000  1000  1000  1000  1000
       1000  1000  1000  1000  1000  1000  1000  1000  1000  1000  1000  1000  1000  1000  1000  1000
 106   1000  1000  1000  1000  1000  1000  1000  1000  1000  1000  1000  1000  1000  1000  1000  1000  1000  1000  1000  1000
       1000  1000  1000  1000  1000  1000  1000  1000  1000  1000  1000  1000  1000  1000  1000
 107   1000  1000  1000  1000  1000  1000  1000  1000  1000  1000  1000  1000  1000  1000  1000  1000  1000  1000  1000  1000
       1000  1000  1000  1000  1000  1000  1000  1000  1000  1000  1000  1000  1000  1000
 108   1000  1000  1000  1000  1000  1000  1000  1000  1000  1000  1000  1000  1000  1000  1000  1000  1000  1000  1000  1000
       1000  1000  1000  1000  1000  1000  1000  1000  1000  1000  1000  1000  1000
 109   1000  1000  1000  1000  1000  1000  1000  1000  1000  1000  1000  1000  1000  1000  1000  1000  1000  1000  1000  1000
       1000  1000  1000  1000  1000  1000  1000  1000  1000  1000  1000  1000
 110   1000  1000  1000  1000  1000  1000  1000  1000  1000  1000  1000  1000  1000  1000  1000  1000  1000  1000  1000  1000
       1000  1000  1000  1000  1000  1000  1000  1000  1000  1000  1000
 111   1000  1000  1000  1000  1000  1000  1000  1000  1000  1000  1000  1000  1000  1000  1000  1000  1000  1000  1000  1000
       1000  1000  1000  1000  1000  1000  1000  1000  1000  1000
 112   1000  1000  1000  1000  1000  1000  1000  1000  1000  1000  1000  1000  1000  1000  1000  1000  1000  1000  1000  1000
       1000  1000  1000  1000  1000  1000  1000  1000  1000
 113   1000  1000  1000  1000  1000  1000  1000  1000  1000  1000  1000  1000  1000  1000  1000  1000  1000  1000  1000  1000
       1000  1000  1000  1000  1000  1000  1000  1000
 114   1000  1000  1000  1000  1000  1000  1000  1000  1000  1000  1000  1000  1000  1000  1000  1000  1000  1000  1000  1000
       1000  1000  1000  1000  1000  1000  1000
 115   1000  1000  1000  1000  1000  1000  1000  1000  1000  1000  1000  1000  1000  1000  1000  1000  1000  1000  1000  1000
       1000  1000  1000  1000  1000  1000
 116   1000  1000  1000  1000  1000  1000  1000  1000  1000  1000  1000  1000  1000  1000  1000  1000  1000  1000  1000  1000
       1000  1000  1000  1000  1000
 117   1000  1000  1000  1000  1000  1000  1000  1000  1000  1000  1000  1000  1000  1000  1000  1000  1000  1000  1000  1000
       1000  1000  1000  1000
 118   1000  1000  1000  1000  1000  1000  1000  1000  1000  1000  1000  1000  1000  1000  1000  1000  1000  1000  1000  1000
       1000  1000  1000
 119   1000  1000  1000  1000  1000  1000  1000  1000  1000  1000  1000  1000  1000  1000  1000  1000  1000  1000  1000  1000
       1000  1000
 120   1000  1000  1000  1000  1000  1000  1000  1000  1000  1000  1000  1000  1000  1000  1000  1000  1000  1000  1000  1000
       1000
 121   1000  1000  1000  1000  1000  1000  1000  1000  1000  1000  1000  1000  1000  1000  1000  1000  1000  1000  1000  1000
 122   1000  1000  1000  1000  1000  1000  1000  1000  1000  1000  1000  1000  1000  1000  1000  1000  1000  1000  1000
 123   1000  1000  1000  1000  1000  1000  1000  1000  1000  1000  1000  1000  1000  1000  1000  1000  1000  1000
 124   1000  1000  1000  1000  1000  1000  1000  1000  1000  1000  1000  1000  1000  1000  1000  1000  1000
 125   1000  1000  1000  1000  1000  1000  1000  1000  1000  1000  1000  1000  1000  1000  1000  1000
 126   1000  1000  1000  1000  1000  1000  1000  1000  1000  1000  1000  1000  1000  1000  1000
 127   1000  1000  1000  1000  1000  1000  1000  1000  1000  1000  1000  1000  1000  1000
 128   1000  1000  1000  1000  1000  1000  1000  1000  1000  1000  1000  1000  1000
 129   1000  1000  1000  1000  1000  1000  1000  1000  1000  1000  1000  1000
 130   1000  1000  1000  1000  1000  1000  1000  1000  1000  1000  1000
 131   1000  1000  1000  1000  1000  1000  1000  1000  1000  1000
 132   1000  1000  1000  1000  1000  1000  1000  1000  1000
 133   1000  1000  1000  1000  1000  1000  1000  1000
 134   1000  1000  1000  1000  1000  1000  1000
 135   1000  1000  1000  1000  1000  1000
 136   1000  1000  1000  1000  1000
 137   1000  1000  1000  1000
 138   1000  1000  1000
 139   1000  1000
 140   1000

 Finished!
