NIF_RUN Passive 18x snout on TANDM 90-348 Pinhole
  140    5    1    0    0
   0.00500   9.00000   0.00500   0.00100
   0.0000000   0   0 1.00000000E+00   1.0000000
ZR902    1.672E-12 0.010       0.00       0.00        (    )
IN115N   4.637E-13 0.007       0.00       0.00        (    )
AU197G   1.187E-11 0.053       0.00 AUNG  1.00 IFX    (ISTP)
IN115G   1.158E-13 0.020       0.00 INNG 10.00 IFX    (ISTP)
AU1972   7.918E-14 0.013       0.00       0.00        (    )
Flux Uncertainty
   5
 1.0000E-11 1.0000E-03 1.2000E+01 1.3000E+01 2.0100E+01
 9.9000E-01 9.9000E-01 5.0000E-01 5.0000E-02 1.0000E-02
Input Flux Spectrum
 140   1 1.000E+00 2.000E+01 5.000E-08
 1.3685E+09 1.3685E+08 9.4741E+07 4.5617E+07 4.7372E+07 3.1581E+07 2.2393E+07
 1.4490E+07 9.8532E+06 7.2450E+06 4.2470E+06 2.8314E+06 1.9707E+06 1.3685E+06
 8.4940E+05 6.0081E+05 4.2470E+05 2.8644E+05 1.6422E+05 1.3685E+05 8.2108E+04
 5.1318E+04 3.9730E+04 3.5189E+04 3.5189E+04 2.4633E+04 2.0527E+04 1.5395E+04
 1.3685E+04 9.8530E+03 6.6574E+03 6.1580E+03 3.9099E+03 3.7896E+03 3.0791E+03
 1.7594E+03 1.7594E+03 1.1197E+03 1.2316E+03 7.2448E+02 6.1580E+02 4.3987E+02
 4.1054E+02 3.0791E+02 1.8948E+02 1.8948E+02 1.5395E+02 9.8530E+01 9.1232E+01
 5.5982E+01 5.5982E+01 4.9264E+01 4.9264E+01 4.1054E+01 4.1054E+01 3.5189E+01
 3.5189E+01 4.1054E+01 3.0791E+01 3.0791E+01 2.4633E+01 2.4633E+01 2.4633E+01
 2.4633E+01 2.0527E+01 2.0527E+01 2.0509E+01 2.0471E+01 1.5317E+01 1.5252E+01
 6.0557E+00 5.9803E+00 5.8574E+00 5.6627E+00 5.3645E+00 3.2850E+00 2.8779E+00
 2.3383E+00 1.2584E+00 7.1703E-01 2.3290E-01 8.3389E-02 3.4524E-02 1.5605E-02
 6.1621E-03 1.5485E-03 5.0003E-04 1.3468E-04 4.1692E-05 1.1077E-05 4.2143E-06
 1.9381E-06 2.7650E-04 5.8460E+09 1.4232E+10 0.0000E+00 0.0000E+00 0.0000E+00
 0.0000E+00 0.0000E+00 0.0000E+00 0.0000E+00 0.0000E+00 0.0000E+00 0.0000E+00
 0.0000E+00 0.0000E+00 0.0000E+00 0.0000E+00 0.0000E+00 0.0000E+00 0.0000E+00
 0.0000E+00 0.0000E+00 0.0000E+00 0.0000E+00 0.0000E+00 0.0000E+00 0.0000E+00
 0.0000E+00 0.0000E+00 0.0000E+00 0.0000E+00 0.0000E+00 0.0000E+00 0.0000E+00
 0.0000E+00 0.0000E+00 0.0000E+00 0.0000E+00 0.0000E+00 0.0000E+00 0.0000E+00
 0.0000E+00 0.0000E+00 0.0000E+00 0.0000E+00 0.0000E+00 0.0000E+00 0.0000E+00
   10   13   28   11    8    5    8    7   10   40



                         ==============================
                               STAYSL PNNL OUTPUT
                         ==============================

 STAYSL PNNL, version 1.2.0, 2015-08-05


 SCENARIO TITLE: NIF_RUN Passive 18x snout on TANDM 90-348 Pinhole
 -------------------------------------------------------------------------------
  NGROUP =   140    NRXN =     5    ACTIVITY NORM = 1.00000E+00

  COVARIANCE PARAMETERS (FCHN, FCVX, ACVX, FS)
    FLUXES:      WIDTH =  9.0000E+00   LONG RANGE COVAR. =  5.0000E-03
            ACTIVITIES =  5.0000E-03   X-SECT CROSS COR. =  1.0000E-03

    DETERM =   7.1611 × 10^   2.00      ERROR =   2.4893E-17

  INPUT NORMALIZATION DATA
    AK1   =     0.00000     VAK        =     0.00003
    NORML =           0     RENORM     = 1.93114E+00
    CHI²  = 23727.36134     NORM. CHI² =  5931.84034
     (logarithmic limit was applied to low fluxes)

  DOSIMETRY ACTIVITIES
     ———— INPUTS —————  -UNADJUSTED FLUX-  — ADJUSTED FLUX —    CHI²  90% ACTIVITIES RANGE
 RXN  MEASURED     ±%   ACTIVITY    %DIFF  ACTIVITY    %DIFF  CONTRIB --LOW E-- --HIGH E--   REACTION          CVR
  1  1.672E-12    1.00  2.470E-14  -98.52  1.311E-14  -99.22 5356.132  1.30E+01  1.40E+01  ZR90(N,2N)ZR89          
  2  4.637E-13    0.70  2.591E-15  -99.44  1.324E-15  -99.7117092.910  1.30E+01  1.40E+01  IN115(N,N')IN115M       
  3  1.187E-11    5.30  4.797E-17 -100.00  2.443E-17 -100.00  149.297  1.30E+01  1.40E+01  AU197(N,G)AU198         
  4  1.158E-13    2.00  3.667E-17  -99.97  1.893E-17  -99.98 1107.601  1.30E+01  1.40E+01  IN115(N,G)IN116M        
  5  7.918E-14    1.30  8.252E-14    4.21  4.282E-14  -45.92   21.421  1.30E+01  1.40E+01  AU197(N,2N)AU196        

             % STD. DEV.  =         99.51             102.34

                              CHECK INPUT, IT IS RATHER UNLIKELY !
                                   *** BEWARE OF OUTPUT ! ***


  DIFFERENTIAL FLUXES (input is normalized by a factor of 1.9311E+00)
                  —————— DIFFERENTIAL FLUX —————   ———— STD. DEV. % ————   INTEGRAL
 GRP    ENERGY        NEW         OLD      RATIO    NEW     OLD    RATIO   FLUX > E     ± %
   1  1.0000E-10  2.6195E+09  2.6428E+09   0.991   99.00   99.00   1.000  2.0074E+10    1.41
   2  1.0000E-09  2.6195E+08  2.6428E+08   0.991   99.00   99.00   1.000  2.0074E+10    1.41
   3  1.0000E-08  1.8135E+08  1.8296E+08   0.991   99.00   99.00   1.000  2.0074E+10    1.41
   4  2.3000E-08  8.7318E+07  8.8093E+07   0.991   99.00   99.00   1.000  2.0074E+10    1.41
   5  5.0000E-08  9.0677E+07  9.1482E+07   0.991   99.00   99.00   1.000  2.0074E+10    1.41
   6  7.6000E-08  6.0451E+07  6.0987E+07   0.991   99.00   99.00   1.000  2.0074E+10    1.41
   7  1.1500E-07  4.2864E+07  4.3244E+07   0.991   99.00   99.00   1.000  2.0074E+10    1.41
   8  1.7000E-07  2.7736E+07  2.7982E+07   0.991   99.00   99.00   1.000  2.0074E+10    1.41
   9  2.5500E-07  1.8861E+07  1.9028E+07   0.991   99.00   99.00   1.000  2.0074E+10    1.41
  10  3.8000E-07  1.3868E+07  1.3991E+07   0.991   99.00   99.00   1.000  2.0074E+10    1.41
  11  5.5000E-07  8.1294E+06  8.2016E+06   0.991   99.00   99.00   1.000  2.0074E+10    1.41
  12  8.4000E-07  5.4197E+06  5.4678E+06   0.991   99.00   99.00   1.000  2.0074E+10    1.41
  13  1.2750E-06  3.7722E+06  3.8057E+06   0.991   99.00   99.00   1.000  2.0074E+10    1.41
  14  1.9000E-06  2.6195E+06  2.6428E+06   0.991   99.00   99.00   1.000  2.0074E+10    1.41
  15  2.8000E-06  1.6259E+06  1.6403E+06   0.991   99.00   99.00   1.000  2.0074E+10    1.41
  16  4.2500E-06  1.1500E+06  1.1603E+06   0.991   99.00   99.00   1.000  2.0074E+10    1.41
  17  6.3000E-06  8.1293E+05  8.2016E+05   0.991   99.00   99.00   1.000  2.0074E+10    1.41
  18  9.2000E-06  5.4828E+05  5.5316E+05   0.991   99.00   99.00   1.000  2.0074E+10    1.41
  19  1.3500E-05  3.1434E+05  3.1713E+05   0.991   99.00   99.00   1.000  2.0074E+10    1.41
  20  2.1000E-05  2.6195E+05  2.6428E+05   0.991   99.00   99.00   1.000  2.0074E+10    1.41
  21  3.0000E-05  1.5716E+05  1.5856E+05   0.991   99.00   99.00   1.000  2.0074E+10    1.41
  22  4.5000E-05  9.8228E+04  9.9102E+04   0.991   99.00   99.00   1.000  2.0074E+10    1.41
  23  6.9000E-05  7.6047E+04  7.6724E+04   0.991   99.00   99.00   1.000  2.0074E+10    1.41
  24  1.0000E-04  6.7355E+04  6.7955E+04   0.991   99.00   99.00   1.000  2.0074E+10    1.41
  25  1.3500E-04  6.7355E+04  6.7955E+04   0.991   99.00   99.00   1.000  2.0074E+10    1.41
  26  1.7000E-04  4.7150E+04  4.7570E+04   0.991   99.00   99.00   1.000  2.0074E+10    1.41
  27  2.2000E-04  3.9291E+04  3.9641E+04   0.991   99.00   99.00   1.000  2.0074E+10    1.41
  28  2.8000E-04  2.9468E+04  2.9730E+04   0.991   99.00   99.00   1.000  2.0074E+10    1.41
  29  3.6000E-04  2.6194E+04  2.6428E+04   0.991   99.00   99.00   1.000  2.0074E+10    1.41
  30  4.5000E-04  1.8860E+04  1.9028E+04   0.991   99.00   99.00   1.000  2.0074E+10    1.41
  31  5.7500E-04  1.2743E+04  1.2856E+04   0.991   99.00   99.00   1.000  2.0074E+10    1.41
  32  7.6000E-04  1.1787E+04  1.1892E+04   0.991   99.00   99.00   1.000  2.0074E+10    1.41
  33  9.6000E-04  7.4839E+03  7.5506E+03   0.991   98.13   98.13   1.000  2.0074E+10    1.41
  34  1.2750E-03  7.2536E+03  7.3183E+03   0.991   96.47   96.47   1.000  2.0074E+10    1.41
  35  1.6000E-03  5.8937E+03  5.9462E+03   0.991   94.90   94.90   1.000  2.0074E+10    1.41
  36  2.0000E-03  3.3677E+03  3.3977E+03   0.991   93.12   93.12   1.000  2.0074E+10    1.41
  37  2.7000E-03  3.3677E+03  3.3977E+03   0.991   91.34   91.34   1.000  2.0074E+10    1.41
  38  3.4000E-03  2.1432E+03  2.1623E+03   0.991   89.66   89.66   1.000  2.0074E+10    1.41
  39  4.5000E-03  2.3574E+03  2.3784E+03   0.991   88.10   88.10   1.000  2.0074E+10    1.41
  40  5.5000E-03  1.3867E+03  1.3991E+03   0.991   86.61   86.61   1.000  2.0074E+10    1.41
  41  7.2000E-03  1.1787E+03  1.1892E+03   0.991   85.00   85.00   1.000  2.0074E+10    1.41
  42  9.2000E-03  8.4195E+02  8.4945E+02   0.991   83.44   83.44   1.000  2.0074E+10    1.41
  43  1.2000E-02  7.8581E+02  7.9281E+02   0.991   81.97   81.97   1.000  2.0074E+10    1.41
  44  1.5000E-02  5.8937E+02  5.9462E+02   0.991   80.61   80.61   1.000  2.0074E+10    1.41
  45  1.9000E-02  3.6268E+02  3.6591E+02   0.991   79.07   79.07   1.000  2.0074E+10    1.41
  46  2.5500E-02  3.6268E+02  3.6591E+02   0.991   77.58   77.58   1.000  2.0074E+10    1.41
  47  3.2000E-02  2.9467E+02  2.9730E+02   0.991   76.32   76.32   1.000  2.0074E+10    1.41
  48  4.0000E-02  1.8860E+02  1.9028E+02   0.991   74.96   74.96   1.000  2.0074E+10    1.41
  49  5.2500E-02  1.7463E+02  1.7618E+02   0.991   73.61   73.61   1.000  2.0074E+10    1.41
  50  6.6000E-02  1.0715E+02  1.0811E+02   0.991   72.24   72.24   1.000  2.0074E+10    1.41
  51  8.8000E-02  1.0715E+02  1.0811E+02   0.991   70.91   70.91   1.000  2.0074E+10    1.41
  52  1.1000E-01  9.4296E+01  9.5136E+01   0.991   69.82   69.82   1.000  2.0074E+10    1.41
  53  1.3500E-01  9.4296E+01  9.5136E+01   0.991   68.87   68.87   1.000  2.0074E+10    1.41
  54  1.6000E-01  7.8581E+01  7.9281E+01   0.991   68.02   68.02   1.000  2.0074E+10    1.41
  55  1.9000E-01  7.8581E+01  7.9281E+01   0.991   67.24   67.24   1.000  2.0074E+10    1.41
  56  2.2000E-01  6.7355E+01  6.7955E+01   0.991   66.52   66.52   1.000  2.0074E+10    1.41
  57  2.5500E-01  6.7355E+01  6.7955E+01   0.991   65.86   65.86   1.000  2.0074E+10    1.41
  58  2.9000E-01  7.8581E+01  7.9281E+01   0.991   65.31   65.31   1.000  2.0074E+10    1.41
  59  3.2000E-01  5.8937E+01  5.9462E+01   0.991   64.80   64.80   1.000  2.0074E+10    1.41
  60  3.6000E-01  5.8937E+01  5.9462E+01   0.991   64.28   64.28   1.000  2.0074E+10    1.41
  61  4.0000E-01  4.7150E+01  4.7570E+01   0.991   63.76   63.76   1.000  2.0074E+10    1.41
  62  4.5000E-01  4.7150E+01  4.7570E+01   0.991   63.24   63.24   1.000  2.0074E+10    1.41
  63  5.0000E-01  4.7150E+01  4.7570E+01   0.991   62.78   62.78   1.000  2.0074E+10    1.41
  64  5.5000E-01  4.7150E+01  4.7570E+01   0.991   62.37   62.37   1.000  2.0074E+10    1.41
  65  6.0000E-01  3.9291E+01  3.9641E+01   0.991   61.96   61.96   1.000  2.0074E+10    1.41
  66  6.6000E-01  3.9291E+01  3.9641E+01   0.991   61.55   61.55   1.000  2.0074E+10    1.41
  67  7.2000E-01  3.9243E+01  3.9606E+01   0.991   61.18   61.18   1.000  2.0074E+10    1.41
  68  7.8000E-01  3.9133E+01  3.9532E+01   0.990   60.83   60.83   1.000  2.0074E+10    1.41
  69  8.4000E-01  2.9247E+01  2.9579E+01   0.989   60.47   60.47   1.000  2.0074E+10    1.41
  70  9.2000E-01  2.9062E+01  2.9454E+01   0.987   60.09   60.09   1.000  2.0074E+10    1.41
  71  1.0000E+00  1.1498E+01  1.1694E+01   0.983   59.51   59.51   1.000  2.0074E+10    1.41
  72  1.2000E+00  1.1286E+01  1.1549E+01   0.977   58.79   58.79   1.000  2.0074E+10    1.41
  73  1.4000E+00  1.0943E+01  1.1311E+01   0.967   58.17   58.17   1.000  2.0074E+10    1.41
  74  1.6000E+00  1.0406E+01  1.0935E+01   0.952   57.64   57.65   1.000  2.0074E+10    1.41
  75  1.8000E+00  9.6013E+00  1.0360E+01   0.927   57.18   57.18   1.000  2.0074E+10    1.41
  76  2.0000E+00  5.6400E+00  6.3438E+00   0.889   56.67   56.67   1.000  2.0074E+10    1.41
  77  2.3000E+00  4.6308E+00  5.5576E+00   0.833   56.12   56.13   1.000  2.0074E+10    1.41
  78  2.6000E+00  3.3981E+00  4.5156E+00   0.753   55.64   55.66   1.000  2.0074E+10    1.41
  79  2.9000E+00  1.5539E+00  2.4302E+00   0.639   55.12   55.18   0.999  2.0074E+10    1.41
  80  3.3000E+00  6.7210E-01  1.3847E+00   0.485   54.58   54.70   0.998  2.0074E+10    1.41
  81  3.7000E+00  1.2630E-01  4.4976E-01   0.281   54.03   54.27   0.996  2.0074E+10    1.41
  82  4.1000E+00  2.6512E-02  1.6104E-01   0.165   53.43   53.88   0.992  2.0074E+10    1.41
  83  4.5000E+00  7.8961E-03  6.6671E-02   0.118   52.68   53.49   0.985  2.0074E+10    1.41
  84  5.0000E+00  2.3965E-03  3.0136E-02   0.080   51.71   53.10   0.974  2.0074E+10    1.41
  85  5.5000E+00  5.9291E-04  1.1900E-02   0.050   50.46   52.75   0.957  2.0074E+10    1.41
  86  6.0000E+00  8.7920E-05  2.9904E-03   0.029   48.76   52.38   0.931  2.0074E+10    1.41
  87  6.7000E+00  1.6008E-05  9.6563E-04   0.017   46.53   51.98   0.895  2.0074E+10    1.41
  88  7.4000E+00  2.3671E-06  2.6009E-04   0.009   43.72   51.60   0.847  2.0074E+10    1.41
  89  8.2000E+00  4.0232E-07  8.0513E-05   0.005   40.29   51.23   0.786  2.0074E+10    1.41
  90  9.0000E+00  6.0640E-08  2.1391E-05   0.003   36.27   50.86   0.713  2.0074E+10    1.41
  91  1.0000E+01  1.3984E-08  8.1384E-06   0.002   31.82   50.49   0.630  2.0074E+10    1.41
  92  1.1000E+01  4.2816E-09  3.7428E-06   0.001   27.29   50.16   0.544  2.0074E+10    1.41
  93  1.2000E+01  7.4983E-06  5.3396E-04   0.014   12.77   27.50   0.464  2.0074E+10    1.41
  94  1.3000E+01  4.8026E+09  1.1289E+10   0.425    1.76    4.43   0.398  2.0074E+10    1.41
  95  1.4000E+01  1.5271E+10  2.7484E+10   0.556    1.33    3.41   0.389  1.5271E+10    1.33
      1.5000E+01

  INTEGRALS OF SPECTRA
    OLD SPECTRUM   3.8774E+10   ±    3.698 %
    NEW SPECTRUM   2.0074E+10   ±    1.408 %

  SUMMARY OF BROAD-GROUP FLUXES, FLUENCES, AND UNCERTAINTIES

    IRRAD TIME [S] = 1.00000000E+00   ACT NORM =  1.00000000E+00

       ENERGY       FLUX       FLUENCE      STDEV %
      thermal    2.3576E+01  2.3576E+01  ±  90.57     (0.100 meV – 0.550  eV)
     epithermal  9.6656E+01  9.6656E+01  ±  54.30     (0.550  eV – 110.0 keV)
        fast     2.0074E+10  2.0074E+10  ±   1.41     (110.0 keV –  20.0 MeV)
        fast     2.0074E+10  2.0074E+10  ±   1.41     (  1.0 MeV –  20.0 MeV)
        high     0.0000E+00  0.0000E+00  ±   0.00     ( 20.0 MeV –  60.0 MeV)

    MINI-SPECTRUM

       ENERGY       FLUX       FLUENCE      STDEV %
     1.0000E-10  2.3576E+01  2.3576E+01  ±  90.57
     5.5000E-07  3.0648E+01  3.0648E+01  ±  86.18
     1.0000E-04  6.6008E+01  6.6008E+01  ±  61.09
     1.1000E-01  2.5932E+01  2.5932E+01  ±  59.55
     5.0000E-01  1.8797E+01  1.8797E+01  ±  57.87
     1.0000E+00  1.0747E+01  1.0747E+01  ±  56.95
     2.0000E+00  5.0562E+00  5.0562E+00  ±  54.91
     5.0000E+00  1.5697E-03  1.5697E-03  ±  51.13
     1.0000E+01  2.0074E+10  2.0074E+10  ±   1.41
     2.0000E+01  0.0000E+00  0.0000E+00  ±   0.00
     6.0000E+01

       TOTAL     2.0074E+10  2.0074E+10  ±   1.41

    RELATIVE COVARIANCES (10×10)
     1000   359     5     0     0     0     0     0     0     0
     1000   202     0     0     0     0     0     0     0
     1000   177    10     0     0     0     0     0
     1000   447    88    18     0     0     0
     1000   649   290    32     1     0
     1000   803   225     2     0
     1000   574    10     0
     1000    98     0
     1000     0
        0

  SPECTRAL-AVERAGED REACTION RATES (for all cross section library reactions)

        REACTIONS        SIG-PHI      <SIG>          REACTIONS        SIG-PHI      <SIG>          REACTIONS        SIG-PHI      <SIG>  
   ------------------  ----------  ----------   ------------------  ----------  ----------   ------------------  ----------  ----------
   LI6(N,A)T           5.1149E-16  2.5480E-26   FE58(N,G)FE59       1.9904E-17  9.9151E-28   IN115(N,N')IN115M   1.3244E-15  6.5974E-26
   B10(N,A)LI7         8.9012E-16  4.4342E-26   CO59(N,2N)CO58      1.4171E-14  7.0596E-25   IN115(N,2N)IN114M   2.6920E-14  1.3410E-24
   F19(N,2N)F18        7.7620E-16  3.8667E-26   CO59(N,3N)CO57      0.0000E+00  0.0000E+00   IN115(N,G)IN116M    1.8945E-17  9.4375E-28
   NA23(N,2N)NA22      5.2680E-16  2.6243E-26   CO59(N,G)CO60       1.7565E-17  8.7501E-28   I127(N,2N)I126      2.9390E-14  1.4641E-24
   NA23(N,G)NA24       4.3566E-18  2.1703E-28   CO59(N,P)FE59       9.7989E-16  4.8814E-26   LA139(N,G)LA140     2.0965E-17  1.0444E-27
   MG24(N,P)NA24       3.7070E-15  1.8467E-25   CO59(N,A)MN56       6.2434E-16  3.1102E-26   PR141(N,2N)PR140    3.2999E-14  1.6439E-24
   AL27(N,P)MG27       1.4643E-15  7.2945E-26   NI58(N,2N)NI57      5.4275E-16  2.7038E-26   TM169(N,2N)TM168    3.9700E-14  1.9777E-24
   AL27(N,A)NA24       2.3605E-15  1.1759E-25   NI58(N,P)CO58       6.7996E-15  3.3873E-25   TM169(N,3N)TM167    3.1414E-19  1.5649E-29
   SI28(N,P)AL28       5.2663E-15  2.6234E-25   NI60(N,P)CO60       2.8673E-15  1.4283E-25   TA181(N,G)TA182     8.5370E-21  4.2528E-31
   P31(N,P)SI31        1.8212E-15  9.0723E-26   CU63(N,2N)CU62      9.4731E-15  4.7191E-25   W186(N,G)W187       2.6603E-17  1.3253E-27
   S32(N,P)P32         4.7985E-15  2.3904E-25   CU63(N,G)CU64       5.3973E-17  2.6887E-27   AU197(N,2N)AU196    4.2819E-14  2.1331E-24
   TI46(N,2N)TI45      5.1311E-16  2.5561E-26   CU63(N,A)CO60       8.8680E-16  4.4177E-26   AU197(N,G)AU198     2.4432E-17  1.2171E-27
   TI46(N,P)SC46       4.9970E-15  2.4893E-25   CU65(N,2N)CU64      1.8092E-14  9.0128E-25   HG199(N,N')HG199M   2.9867E-15  1.4878E-25
   TI47(N,P)SC47       2.5966E-15  1.2935E-25   ZN64(N,P)CU64       3.3802E-15  1.6839E-25   PB204(N,N')PB204M   1.4749E-15  7.3476E-26
   TI47(N,X)SC46       9.3535E-16  4.6595E-26   ZN67(N,P)CU67       6.9024E-16  3.4385E-26   BI209(N,3N)BI207    9.0555E-18  4.5111E-28
   TI48(N,P)SC48       1.2387E-15  6.1706E-26   AS75(N,2N)AS74      1.9516E-14  9.7219E-25   TH232(N,FISSION)    7.4158E-15  3.6943E-25
   TI48(N,X)SC47       1.7191E-16  8.5637E-27   Y89(N,2N)Y88        1.7632E-14  8.7836E-25   TH232(N,G)TH233     2.1331E-17  1.0626E-27
   TI49(N,X)SC48       9.4383E-17  4.7018E-27   ZR90(N,2N)ZR89      1.3106E-14  6.5291E-25   U235(N,FISSION)     4.1549E-14  2.0698E-24
   V51(N,A)SC48        3.1296E-16  1.5590E-26   NB93(N,G)NB94       1.7448E-17  8.6917E-28   U235(N,G)U236       2.1875E-17  1.0897E-27
   CR52(N,2N)CR51      6.0844E-15  3.0310E-25   NB93(N,N')NB93M     7.7523E-16  3.8618E-26   U238(N,2N)U237      1.8001E-14  8.9672E-25
   MN55(N,2N)MN54      1.4408E-14  7.1774E-25   NB93(N,2N)NB92M     9.1970E-15  4.5816E-25   U238(N,FISSION)     2.3306E-14  1.1610E-24
   MN55(N,G)MN56       1.2678E-17  6.3156E-28   MO92(N,P)NB92M      1.3780E-15  6.8646E-26   U238(N,G)U239       1.6706E-17  8.3220E-28
   FE54(N,2N)FE53      8.6869E-17  4.3275E-27   RH103(N,N')RH103M   5.8587E-15  2.9186E-25   NP237(N,FISSION)    4.3635E-14  2.1737E-24
   FE54(N,P)MN54       6.5584E-15  3.2671E-25   AG109(N,G)AG110M    3.8111E-18  1.8985E-28   PU239(N,FISSION)    4.8331E-14  2.4076E-24
   FE54(N,A)CR51       1.7776E-15  8.8550E-26   IN113(N,N')IN113M   1.1607E-15  5.7820E-26   AM241(N,FISSION)    5.2949E-14  2.6377E-24
   FE56(N,P)MN56       2.2216E-15  1.1067E-25   IN113(N,G)IN114M    2.0024E-17  9.9752E-28   SC45(N,G)SC46       1.3737E-17  6.8430E-28

  INPUT FLUX REL. CORRELATION MATRIX (by row from diagonal)
   1   1000   988   952   895   821   734   641   546   454   368   291   225   169   124    89    62    42    28    18    12
          7     4     3     1     1     0     0     0     0     0     0     0     0     0     0     0     0     0     0     0
          0     0     0     0     0     0     0     0     0     0     0     0     0     0     0     0     0     0     0     0
          0     0     0     0     0     0     0     0     0     0     0     0     0     0     0     0     0     0     0     0
          0     0     0     0     0     0     0     0     0     0     0     0     0     1     1     1     1     1     2     2
          4     5     5     5     5     5     5     5     5     5     5     5     5     5     5     5     5     5     5     5
          5     5     5     5     5     5     5     5     5     5     5     5     5     5     5     5     5     5     5     5

  OUTPUT FLUX REL. CORRELATION MATRIX (by row from diagonal)
   1   1000   988   952   895   821   734   641   546   454   368   291   225   169   124    89    62    42    28    18    12
          7     4     3     1     1     0     0     0     0     0     0     0     0     0     0     0     0     0     0     0
          0     0     0     0     0     0     0     0     0     0     0     0     0     0     0     0     0     0     0     0
          0     0     0     0     0     0     0     0     0     0     0     0     0     0     0     0     0     0     0     0
          0     0     0     0     0     0     0     0     0     0     0     0     0     0     0     1     1     2     2     2
          4     5     5     5     5     5     5     5     5     5     5     5     5     5     5     5     5     5     5     5
          5     5     5     5     5     5     5     5     5     5     5     5     5     5     5     5     5     5     5     5
   2   1000   988   952   895   821   734   641   546   454   368   291   225   169   124    89    62    42    28    18    12
          7     4     3     1     1     0     0     0     0     0     0     0     0     0     0     0     0     0     0     0
          0     0     0     0     0     0     0     0     0     0     0     0     0     0     0     0     0     0     0     0
          0     0     0     0     0     0     0     0     0     0     0     0     0     0     0     0     0     0     0     0
          0     0     0     0     0     0     0     0     0     0     0     0     0     0     1     1     2     2     2     4
          5     5     5     5     5     5     5     5     5     5     5     5     5     5     5     5     5     5     5     5
          5     5     5     5     5     5     5     5     5     5     5     5     5     5     5     5     5     5     5
   3   1000   988   952   895   821   734   641   546   454   368   291   225   169   124    89    62    42    28    18    12
          7     4     3     1     1     0     0     0     0     0     0     0     0     0     0     0     0     0     0     0
          0     0     0     0     0     0     0     0     0     0     0     0     0     0     0     0     0     0     0     0
          0     0     0     0     0     0     0     0     0     0     0     0     0     0     0     0     0     0     0     0
          0     0     0     0     0     0     0     0     0     0     0     0     0     1     1     2     2     2     4     5
          5     5     5     5     5     5     5     5     5     5     5     5     5     5     5     5     5     5     5     5
          5     5     5     5     5     5     5     5     5     5     5     5     5     5     5     5     5     5
   4   1000   988   952   895   821   734   641   546   454   368   291   225   169   124    89    62    42    28    18    12
          7     4     3     1     1     0     0     0     0     0     0     0     0     0     0     0     0     0     0     0
          0     0     0     0     0     0     0     0     0     0     0     0     0     0     0     0     0     0     0     0
          0     0     0     0     0     0     0     0     0     0     0     0     0     0     0     0     0     0     0     0
          0     0     0     0     0     0     0     0     0     0     0     0     1     1     2     2     2     4     5     5
          5     5     5     5     5     5     5     5     5     5     5     5     5     5     5     5     5     5     5     5
          5     5     5     5     5     5     5     5     5     5     5     5     5     5     5     5     5
   5   1000   988   952   895   821   734   641   546   454   368   291   225   169   124    89    62    42    28    18    12
          7     4     3     1     1     0     0     0     0     0     0     0     0     0     0     0     0     0     0     0
          0     0     0     0     0     0     0     0     0     0     0     0     0     0     0     0     0     0     0     0
          0     0     0     0     0     0     0     0     0     0     0     0     0     0     0     0     0     0     0     0
          0     0     0     0     0     0     0     0     0     0     0     1     1     2     2     2     4     5     5     5
          5     5     5     5     5     5     5     5     5     5     5     5     5     5     5     5     5     5     5     5
          5     5     5     5     5     5     5     5     5     5     5     5     5     5     5     5
   6   1000   988   952   895   821   734   641   546   454   368   291   225   169   124    89    62    42    28    18    12
          7     4     3     1     1     0     0     0     0     0     0     0     0     0     0     0     0     0     0     0
          0     0     0     0     0     0     0     0     0     0     0     0     0     0     0     0     0     0     0     0
          0     0     0     0     0     0     0     0     0     0     0     0     0     0     0     0     0     0     0     0
          0     0     0     0     0     0     0     0     0     0     1     1     2     2     2     4     5     5     5     5
          5     5     5     5     5     5     5     5     5     5     5     5     5     5     5     5     5     5     5     5
          5     5     5     5     5     5     5     5     5     5     5     5     5     5     5
   7   1000   988   952   895   821   734   641   546   454   368   291   225   169   124    89    62    42    28    18    12
          7     4     3     1     1     0     0     0     0     0     0     0     0     0     0     0     0     0     0     0
          0     0     0     0     0     0     0     0     0     0     0     0     0     0     0     0     0     0     0     0
          0     0     0     0     0     0     0     0     0     0     0     0     0     0     0     0     0     0     0     0
          0     0     0     0     0     0     0     0     0     1     1     2     2     2     4     5     5     5     5     5
          5     5     5     5     5     5     5     5     5     5     5     5     5     5     5     5     5     5     5     5
          5     5     5     5     5     5     5     5     5     5     5     5     5     5
   8   1000   988   952   895   821   734   641   546   454   368   291   225   169   124    89    62    42    28    18    12
          7     4     3     1     1     0     0     0     0     0     0     0     0     0     0     0     0     0     0     0
          0     0     0     0     0     0     0     0     0     0     0     0     0     0     0     0     0     0     0     0
          0     0     0     0     0     0     0     0     0     0     0     0     0     0     0     0     0     0     0     0
          0     0     0     0     0     0     0     0     1     1     2     2     2     4     5     5     5     5     5     5
          5     5     5     5     5     5     5     5     5     5     5     5     5     5     5     5     5     5     5     5
          5     5     5     5     5     5     5     5     5     5     5     5     5
   9   1000   988   952   895   821   734   641   546   454   368   291   225   169   124    89    62    42    28    18    12
          7     4     3     1     1     0     0     0     0     0     0     0     0     0     0     0     0     0     0     0
          0     0     0     0     0     0     0     0     0     0     0     0     0     0     0     0     0     0     0     0
          0     0     0     0     0     0     0     0     0     0     0     0     0     0     0     0     0     0     0     0
          0     0     0     0     0     0     0     1     1     2     2     2     4     5     5     5     5     5     5     5
          5     5     5     5     5     5     5     5     5     5     5     5     5     5     5     5     5     5     5     5
          5     5     5     5     5     5     5     5     5     5     5     5
  10   1000   988   952   895   821   734   641   546   454   368   291   225   169   124    89    62    42    28    18    12
          7     4     3     1     1     0     0     0     0     0     0     0     0     0     0     0     0     0     0     0
          0     0     0     0     0     0     0     0     0     0     0     0     0     0     0     0     0     0     0     0
          0     0     0     0     0     0     0     0     0     0     0     0     0     0     0     0     0     0     0     0
          0     0     0     0     0     0     1     1     2     2     2     4     5     5     5     5     5     5     5     5
          5     5     5     5     5     5     5     5     5     5     5     5     5     5     5     5     5     5     5     5
          5     5     5     5     5     5     5     5     5     5     5
  11   1000   988   952   895   821   734   641   546   454   368   291   225   169   124    89    62    42    28    18    12
          7     4     3     1     1     0     0     0     0     0     0     0     0     0     0     0     0     0     0     0
          0     0     0     0     0     0     0     0     0     0     0     0     0     0     0     0     0     0     0     0
          0     0     0     0     0     0     0     0     0     0     0     0     0     0     0     0     0     0     0     0
          0     0     0     0     0     1     1     2     2     2     4     5     5     5     5     5     5     5     5     5
          5     5     5     5     5     5     5     5     5     5     5     5     5     5     5     5     5     5     5     5
          5     5     5     5     5     5     5     5     5     5
  12   1000   988   952   895   821   734   641   546   454   368   291   225   169   124    89    62    42    28    18    12
          7     4     3     1     1     0     0     0     0     0     0     0     0     0     0     0     0     0     0     0
          0     0     0     0     0     0     0     0     0     0     0     0     0     0     0     0     0     0     0     0
          0     0     0     0     0     0     0     0     0     0     0     0     0     0     0     0     0     0     0     0
          0     0     0     0     1     1     2     2     2     4     5     5     5     5     5     5     5     5     5     5
          5     5     5     5     5     5     5     5     5     5     5     5     5     5     5     5     5     5     5     5
          5     5     5     5     5     5     5     5     5
  13   1000   988   952   895   821   734   641   546   454   368   291   225   169   124    89    62    42    28    18    12
          7     4     3     1     1     0     0     0     0     0     0     0     0     0     0     0     0     0     0     0
          0     0     0     0     0     0     0     0     0     0     0     0     0     0     0     0     0     0     0     0
          0     0     0     0     0     0     0     0     0     0     0     0     0     0     0     0     0     0     0     0
          0     0     0     1     1     2     2     2     4     5     5     5     5     5     5     5     5     5     5     5
          5     5     5     5     5     5     5     5     5     5     5     5     5     5     5     5     5     5     5     5
          5     5     5     5     5     5     5     5
  14   1000   988   952   895   821   734   641   546   454   368   291   225   169   124    89    62    42    28    18    12
          7     4     3     1     1     0     0     0     0     0     0     0     0     0     0     0     0     0     0     0
          0     0     0     0     0     0     0     0     0     0     0     0     0     0     0     0     0     0     0     0
          0     0     0     0     0     0     0     0     0     0     0     0     0     0     0     0     0     0     0     0
          0     0     1     1     2     2     2     4     5     5     5     5     5     5     5     5     5     5     5     5
          5     5     5     5     5     5     5     5     5     5     5     5     5     5     5     5     5     5     5     5
          5     5     5     5     5     5     5
  15   1000   988   952   895   821   734   641   546   454   368   291   225   169   124    89    62    42    28    18    12
          7     4     3     1     1     0     0     0     0     0     0     0     0     0     0     0     0     0     0     0
          0     0     0     0     0     0     0     0     0     0     0     0     0     0     0     0     0     0     0     0
          0     0     0     0     0     0     0     0     0     0     0     0     0     0     0     0     0     0     0     0
          0     1     1     2     2     2     4     5     5     5     5     5     5     5     5     5     5     5     5     5
          5     5     5     5     5     5     5     5     5     5     5     5     5     5     5     5     5     5     5     5
          5     5     5     5     5     5
  16   1000   988   952   895   821   734   641   546   454   368   291   225   169   124    89    62    42    28    18    12
          7     4     3     1     1     0     0     0     0     0     0     0     0     0     0     0     0     0     0     0
          0     0     0     0     0     0     0     0     0     0     0     0     0     0     0     0     0     0     0     0
          0     0     0     0     0     0     0     0     0     0     0     0     0     0     0     0     0     0     0     0
          1     1     2     2     2     4     5     5     5     5     5     5     5     5     5     5     5     5     5     5
          5     5     5     5     5     5     5     5     5     5     5     5     5     5     5     5     5     5     5     5
          5     5     5     5     5
  17   1000   988   952   895   821   734   641   546   454   368   291   225   169   124    89    62    42    28    18    12
          7     4     3     1     1     0     0     0     0     0     0     0     0     0     0     0     0     0     0     0
          0     0     0     0     0     0     0     0     0     0     0     0     0     0     0     0     0     0     0     0
          0     0     0     0     0     0     0     0     0     0     0     0     0     0     0     0     0     0     0     1
          1     2     2     2     4     5     5     5     5     5     5     5     5     5     5     5     5     5     5     5
          5     5     5     5     5     5     5     5     5     5     5     5     5     5     5     5     5     5     5     5
          5     5     5     5
  18   1000   988   952   895   821   734   641   546   454   368   291   225   169   124    89    62    42    28    18    12
          7     4     3     1     1     0     0     0     0     0     0     0     0     0     0     0     0     0     0     0
          0     0     0     0     0     0     0     0     0     0     0     0     0     0     0     0     0     0     0     0
          0     0     0     0     0     0     0     0     0     0     0     0     0     0     0     0     0     0     1     1
          2     2     2     4     5     5     5     5     5     5     5     5     5     5     5     5     5     5     5     5
          5     5     5     5     5     5     5     5     5     5     5     5     5     5     5     5     5     5     5     5
          5     5     5
  19   1000   988   952   895   821   734   641   546   454   368   291   225   169   124    89    62    42    28    18    12
          7     4     3     1     1     0     0     0     0     0     0     0     0     0     0     0     0     0     0     0
          0     0     0     0     0     0     0     0     0     0     0     0     0     0     0     0     0     0     0     0
          0     0     0     0     0     0     0     0     0     0     0     0     0     0     0     0     0     1     1     2
          2     2     4     5     5     5     5     5     5     5     5     5     5     5     5     5     5     5     5     5
          5     5     5     5     5     5     5     5     5     5     5     5     5     5     5     5     5     5     5     5
          5     5
  20   1000   988   952   895   821   734   641   546   454   368   291   225   169   124    89    62    42    28    18    12
          7     4     3     1     1     0     0     0     0     0     0     0     0     0     0     0     0     0     0     0
          0     0     0     0     0     0     0     0     0     0     0     0     0     0     0     0     0     0     0     0
          0     0     0     0     0     0     0     0     0     0     0     0     0     0     0     0     1     1     2     2
          2     4     5     5     5     5     5     5     5     5     5     5     5     5     5     5     5     5     5     5
          5     5     5     5     5     5     5     5     5     5     5     5     5     5     5     5     5     5     5     5
          5
  21   1000   988   952   895   821   734   641   546   454   368   291   225   169   124    89    62    42    28    18    12
          7     4     3     1     1     0     0     0     0     0     0     0     0     0     0     0     0     0     0     0
          0     0     0     0     0     0     0     0     0     0     0     0     0     0     0     0     0     0     0     0
          0     0     0     0     0     0     0     0     0     0     0     0     0     0     0     1     1     2     2     2
          4     5     5     5     5     5     5     5     5     5     5     5     5     5     5     5     5     5     5     5
          5     5     5     5     5     5     5     5     5     5     5     5     5     5     5     5     5     5     5     5
  22   1000   988   952   895   821   734   641   546   454   368   291   225   169   124    89    62    42    28    18    12
          7     4     3     1     1     0     0     0     0     0     0     0     0     0     0     0     0     0     0     0
          0     0     0     0     0     0     0     0     0     0     0     0     0     0     0     0     0     0     0     0
          0     0     0     0     0     0     0     0     0     0     0     0     0     0     1     1     2     2     2     4
          5     5     5     5     5     5     5     5     5     5     5     5     5     5     5     5     5     5     5     5
          5     5     5     5     5     5     5     5     5     5     5     5     5     5     5     5     5     5     5
  23   1000   988   952   895   821   734   641   546   454   368   291   225   169   124    89    62    42    28    18    12
          7     4     3     1     1     0     0     0     0     0     0     0     0     0     0     0     0     0     0     0
          0     0     0     0     0     0     0     0     0     0     0     0     0     0     0     0     0     0     0     0
          0     0     0     0     0     0     0     0     0     0     0     0     0     1     1     2     2     2     4     5
          5     5     5     5     5     5     5     5     5     5     5     5     5     5     5     5     5     5     5     5
          5     5     5     5     5     5     5     5     5     5     5     5     5     5     5     5     5     5
  24   1000   988   952   895   821   734   641   546   454   368   291   225   169   124    89    62    42    28    18    12
          7     4     3     1     1     0     0     0     0     0     0     0     0     0     0     0     0     0     0     0
          0     0     0     0     0     0     0     0     0     0     0     0     0     0     0     0     0     0     0     0
          0     0     0     0     0     0     0     0     0     0     0     0     1     1     2     2     2     4     5     5
          5     5     5     5     5     5     5     5     5     5     5     5     5     5     5     5     5     5     5     5
          5     5     5     5     5     5     5     5     5     5     5     5     5     5     5     5     5
  25   1000   988   952   895   821   734   641   546   454   368   291   225   169   124    89    62    42    28    18    12
          7     4     3     1     1     0     0     0     0     0     0     0     0     0     0     0     0     0     0     0
          0     0     0     0     0     0     0     0     0     0     0     0     0     0     0     0     0     0     0     0
          0     0     0     0     0     0     0     0     0     0     0     1     1     2     2     2     4     5     5     5
          5     5     5     5     5     5     5     5     5     5     5     5     5     5     5     5     5     5     5     5
          5     5     5     5     5     5     5     5     5     5     5     5     5     5     5     5
  26   1000   988   952   895   821   734   641   546   454   368   291   225   169   124    89    62    42    28    18    12
          7     4     3     1     1     0     0     0     0     0     0     0     0     0     0     0     0     0     0     0
          0     0     0     0     0     0     0     0     0     0     0     0     0     0     0     0     0     0     0     0
          0     0     0     0     0     0     0     0     0     0     1     1     2     2     2     4     5     5     5     5
          5     5     5     5     5     5     5     5     5     5     5     5     5     5     5     5     5     5     5     5
          5     5     5     5     5     5     5     5     5     5     5     5     5     5     5
  27   1000   988   952   895   821   734   641   546   454   368   291   225   169   124    89    62    42    28    18    12
          7     4     3     1     1     0     0     0     0     0     0     0     0     0     0     0     0     0     0     0
          0     0     0     0     0     0     0     0     0     0     0     0     0     0     0     0     0     0     0     0
          0     0     0     0     0     0     0     0     0     1     1     2     2     2     4     5     5     5     5     5
          5     5     5     5     5     5     5     5     5     5     5     5     5     5     5     5     5     5     5     5
          5     5     5     5     5     5     5     5     5     5     5     5     5     5
  28   1000   988   952   895   821   734   641   546   454   368   291   225   169   124    89    62    42    28    18    12
          7     4     3     1     1     0     0     0     0     0     0     0     0     0     0     0     0     0     0     0
          0     0     0     0     0     0     0     0     0     0     0     0     0     0     0     0     0     0     0     0
          0     0     0     0     0     0     0     0     1     1     2     2     2     4     5     5     5     5     5     5
          5     5     5     5     5     5     5     5     5     5     5     5     5     5     5     5     5     5     5     5
          5     5     5     5     5     5     5     5     5     5     5     5     5
  29   1000   988   952   895   821   734   641   546   454   368   291   225   169   124    89    62    42    28    18    12
          7     4     3     1     1     0     0     0     0     0     0     0     0     0     0     0     0     0     0     0
          0     0     0     0     0     0     0     0     0     0     0     0     0     0     0     0     0     0     0     0
          0     0     0     0     0     0     0     1     1     2     2     2     4     5     5     5     5     5     5     5
          5     5     5     5     5     5     5     5     5     5     5     5     5     5     5     5     5     5     5     5
          5     5     5     5     5     5     5     5     5     5     5     5
  30   1000   988   952   895   821   734   641   546   454   368   291   225   169   124    89    62    42    28    18    12
          7     4     3     1     1     0     0     0     0     0     0     0     0     0     0     0     0     0     0     0
          0     0     0     0     0     0     0     0     0     0     0     0     0     0     0     0     0     0     0     0
          0     0     0     0     0     0     1     1     2     2     2     4     5     5     5     5     5     5     5     5
          5     5     5     5     5     5     5     5     5     5     5     5     5     5     5     5     5     5     5     5
          5     5     5     5     5     5     5     5     5     5     5
  31   1000   988   952   895   821   734   641   546   454   368   291   225   169   124    89    62    42    28    18    12
          7     4     3     1     1     0     0     0     0     0     0     0     0     0     0     0     0     0     0     0
          0     0     0     0     0     0     0     0     0     0     0     0     0     0     0     0     0     0     0     0
          0     0     0     0     0     1     1     2     2     2     4     5     5     5     5     5     5     5     5     5
          5     5     5     5     5     5     5     5     5     5     5     5     5     5     5     5     5     5     5     5
          5     5     5     5     5     5     5     5     5     5
  32   1000   988   952   895   821   734   641   546   454   368   291   225   169   124    89    62    42    28    18    12
          7     4     3     1     1     0     0     0     0     0     0     0     0     0     0     0     0     0     0     0
          0     0     0     0     0     0     0     0     0     0     0     0     0     0     0     0     0     0     0     0
          0     0     0     0     1     1     2     2     2     4     5     5     5     5     5     5     5     5     5     5
          5     5     5     5     5     5     5     5     5     5     5     5     5     5     5     5     5     5     5     5
          5     5     5     5     5     5     5     5     5
  33   1000   988   952   895   821   734   641   546   454   368   291   225   169   124    89    62    42    28    18    12
          7     4     3     1     1     0     0     0     0     0     0     0     0     0     0     0     0     0     0     0
          0     0     0     0     0     0     0     0     0     0     0     0     0     0     0     0     0     0     0     0
          0     0     0     1     1     2     2     2     4     5     5     5     5     5     5     5     5     5     5     5
          5     5     5     5     5     5     5     5     5     5     5     5     5     5     5     5     5     5     5     5
          5     5     5     5     5     5     5     5
  34   1000   988   952   895   821   734   641   546   454   368   291   225   169   124    89    62    42    28    18    12
          7     4     3     1     1     0     0     0     0     0     0     0     0     0     0     0     0     0     0     0
          0     0     0     0     0     0     0     0     0     0     0     0     0     0     0     0     0     0     0     0
          0     0     1     1     2     2     2     4     5     5     5     5     5     5     5     5     5     5     5     5
          5     5     5     5     5     5     5     5     5     5     5     5     5     5     5     5     5     5     5     5
          5     5     5     5     5     5     5
  35   1000   988   952   895   821   734   641   546   454   368   291   225   169   124    89    62    42    28    18    12
          7     4     3     1     1     0     0     0     0     0     0     0     0     0     0     0     0     0     0     0
          0     0     0     0     0     0     0     0     0     0     0     0     0     0     0     0     0     0     0     0
          0     1     1     2     2     2     4     5     5     5     5     5     5     5     5     5     5     5     5     5
          5     5     5     5     5     5     5     5     5     5     5     5     5     5     5     5     5     5     5     5
          5     5     5     5     5     5
  36   1000   988   952   895   821   734   641   546   454   368   291   225   169   124    89    62    42    28    18    12
          7     4     3     1     1     0     0     0     0     0     0     0     0     0     0     0     0     0     0     0
          0     0     0     0     0     0     0     0     0     0     0     0     0     0     0     0     0     0     0     0
          1     1     2     2     2     4     5     5     5     5     5     5     5     5     5     5     5     5     5     5
          5     5     5     5     5     5     5     5     5     5     5     5     5     5     5     5     5     5     5     5
          5     5     5     5     5
  37   1000   988   952   895   821   734   641   546   454   368   291   225   169   124    89    62    42    28    18    12
          7     4     3     1     1     0     0     0     0     0     0     0     0     0     0     0     0     0     0     0
          0     0     0     0     0     0     0     0     0     0     0     0     0     0     0     0     0     0     0     1
          1     2     2     2     4     5     5     5     5     5     5     5     5     5     5     5     5     5     5     5
          5     5     5     5     5     5     5     5     5     5     5     5     5     5     5     5     5     5     5     5
          5     5     5     5
  38   1000   988   952   895   821   734   641   546   454   368   291   225   169   124    89    62    42    28    18    12
          7     4     3     2     1     0     0     0     0     0     0     0     0     0     0     0     0     0     0     0
          0     0     0     0     0     0     0     0     0     0     0     0     0     0     0     0     0     0     1     1
          2     2     2     4     6     6     6     6     6     6     6     6     6     6     6     6     6     6     6     6
          6     6     6     6     6     6     6     6     6     6     6     6     6     6     6     6     6     6     6     6
          6     6     6
  39   1000   988   952   895   821   734   641   546   454   368   291   225   169   124    89    62    42    28    18    12
          7     4     3     2     1     0     0     0     0     0     0     0     0     0     0     0     0     0     0     0
          0     0     0     0     0     0     0     0     0     0     0     0     0     0     0     0     0     1     1     2
          2     2     4     6     6     6     6     6     6     6     6     6     6     6     6     6     6     6     6     6
          6     6     6     6     6     6     6     6     6     6     6     6     6     6     6     6     6     6     6     6
          6     6
  40   1000   988   952   895   821   734   641   546   454   368   291   225   169   124    89    62    42    28    18    12
          7     4     3     2     1     0     0     0     0     0     0     0     0     0     0     0     0     0     0     0
          0     0     0     0     0     0     0     0     0     0     0     0     0     0     0     0     1     1     2     2
          2     4     6     6     6     6     6     6     6     6     6     6     6     6     6     6     6     6     6     6
          6     6     6     6     6     6     6     6     6     6     6     6     6     6     6     6     6     6     6     6
          6
  41   1000   988   952   895   821   734   641   546   454   368   291   225   169   124    89    62    42    28    18    12
          7     4     3     2     1     0     0     0     0     0     0     0     0     0     0     0     0     0     0     0
          0     0     0     0     0     0     0     0     0     0     0     0     0     0     0     1     1     2     2     2
          4     6     6     6     6     6     6     6     6     6     6     6     6     6     6     6     6     6     6     6
          6     6     6     6     6     6     6     6     6     6     6     6     6     6     6     6     6     6     6     6
  42   1000   988   952   895   821   734   641   546   454   368   291   225   169   124    89    62    42    28    18    12
          7     4     3     2     1     0     0     0     0     0     0     0     0     0     0     0     0     0     0     0
          0     0     0     0     0     0     0     0     0     0     0     0     0     0     1     1     2     2     3     4
          6     6     6     6     6     6     6     6     6     6     6     6     6     6     6     6     6     6     6     6
          6     6     6     6     6     6     6     6     6     6     6     6     6     6     6     6     6     6     6
  43   1000   988   952   895   821   734   641   546   454   368   291   225   169   124    89    62    42    28    18    12
          7     4     3     2     1     0     0     0     0     0     0     0     0     0     0     0     0     0     0     0
          0     0     0     0     0     0     0     0     0     0     0     0     0     1     1     2     2     3     4     6
          6     6     6     6     6     6     6     6     6     6     6     6     6     6     6     6     6     6     6     6
          6     6     6     6     6     6     6     6     6     6     6     6     6     6     6     6     6     6
  44   1000   988   952   895   821   734   641   546   454   368   291   225   169   124    89    62    42    28    18    12
          7     4     3     2     1     0     0     0     0     0     0     0     0     0     0     0     0     0     0     0
          0     0     0     0     0     0     0     0     0     0     0     0     1     2     2     2     3     5     6     6
          6     6     6     6     6     6     6     6     6     6     6     6     6     6     6     6     6     6     6     6
          6     6     6     6     6     6     6     6     6     6     6     6     6     6     6     6     6
  45   1000   988   952   895   821   734   641   546   454   368   291   225   169   124    89    62    42    28    18    12
          7     4     3     2     1     0     0     0     0     0     0     0     0     0     0     0     0     0     0     0
          0     0     0     0     0     0     0     0     0     0     1     1     2     2     2     3     5     6     6     6
          6     6     6     6     6     6     6     6     6     6     6     6     6     6     6     6     6     6     6     6
          6     6     6     6     6     6     6     6     6     6     6     6     6     6     6     6
  46   1000   988   952   895   821   734   641   546   454   368   291   225   169   124    89    62    42    28    18    12
          7     4     3     2     1     0     0     0     0     0     0     0     0     0     0     0     0     0     0     0
          0     0     0     0     0     0     0     0     0     1     1     2     2     2     3     5     6     6     6     6
          6     6     6     6     6     6     6     6     6     6     6     6     6     6     6     6     6     6     6     6
          6     6     6     6     6     6     6     6     6     6     6     6     6     6     6
  47   1000   988   952   895   821   734   641   546   454   368   291   225   169   124    89    62    42    28    18    12
          7     4     3     2     1     0     0     0     0     0     0     0     0     0     0     0     0     0     0     0
          0     0     0     0     0     0     0     0     1     1     2     2     2     3     5     6     6     6     6     6
          6     6     6     6     6     6     6     6     6     6     6     6     6     6     6     6     6     6     6     6
          6     6     6     6     6     6     6     6     6     6     6     6     6     6
  48   1000   988   952   895   821   734   641   546   454   368   291   225   169   124    89    62    42    28    18    12
          7     4     3     2     1     0     0     0     0     0     0     0     0     0     0     0     0     0     0     0
          0     0     0     0     0     0     0     1     1     2     2     2     3     5     7     7     7     7     7     7
          7     7     7     7     7     7     7     7     7     7     7     7     7     7     7     7     7     7     7     7
          7     7     7     7     7     7     7     7     7     7     7     7     7
  49   1000   988   952   895   821   734   641   546   454   368   291   225   169   124    89    62    42    28    18    12
          7     4     3     2     1     0     0     0     0     0     0     0     0     0     0     0     0     0     0     0
          0     0     0     0     0     0     1     1     2     2     2     3     5     7     7     7     7     7     7     7
          7     7     7     7     7     7     7     7     7     7     7     7     7     7     7     7     7     7     7     7
          7     7     7     7     7     7     7     7     7     7     7     7
  50   1000   988   952   895   821   734   641   546   454   368   291   225   169   124    89    62    42    28    18    12
          7     4     3     2     1     0     0     0     0     0     0     0     0     0     0     0     0     0     0     0
          0     0     0     0     0     1     1     2     2     3     3     5     7     7     7     7     7     7     7     7
          7     7     7     7     7     7     7     7     7     7     7     7     7     7     7     7     7     7     7     7
          7     7     7     7     7     7     7     7     7     7     7
  51   1000   988   952   895   821   734   641   546   454   368   291   225   169   124    89    62    42    28    18    12
          7     4     3     2     1     0     0     0     0     0     0     0     0     0     0     0     0     0     0     0
          0     0     0     0     1     1     2     2     3     3     5     7     7     7     7     7     7     7     7     7
          7     7     7     7     7     7     7     7     7     7     7     7     7     7     7     7     7     7     7     7
          7     7     7     7     7     7     7     7     7     7
  52   1000   988   952   895   821   734   641   546   454   368   291   225   169   124    89    62    42    28    18    12
          7     4     3     2     1     0     0     0     0     0     0     0     0     0     0     0     0     0     0     0
          0     0     0     1     1     2     2     3     3     5     7     7     7     7     7     7     7     7     7     7
          7     7     7     7     7     7     7     7     7     7     7     7     7     7     7     7     7     7     7     7
          7     7     7     7     7     7     7     7     7
  53   1000   988   952   895   821   734   641   546   454   368   291   225   169   124    89    62    42    28    18    12
          7     4     3     2     1     0     0     0     0     0     0     0     0     0     0     0     0     0     0     0
          0     0     1     1     2     2     3     3     5     7     7     7     7     7     7     7     7     7     7     7
          7     7     7     7     7     7     7     7     7     7     7     7     7     7     7     7     7     7     7     7
          7     7     7     7     7     7     7     7
  54   1000   988   952   895   821   734   641   546   454   368   291   225   169   124    89    62    42    28    18    12
          7     4     3     2     1     0     0     0     0     0     0     0     0     0     0     0     0     0     0     0
          0     1     1     2     2     3     3     5     7     7     7     7     7     7     7     7     7     7     7     7
          7     7     7     7     7     7     7     7     7     7     7     7     7     7     7     7     7     7     7     7
          7     7     7     7     7     7     7
  55   1000   988   952   895   821   734   641   546   454   368   291   225   169   124    89    62    42    28    18    12
          7     4     3     1     1     0     0     0     0     0     0     0     0     0     0     0     0     0     0     0
          1     1     2     2     3     3     5     7     7     7     7     7     7     7     7     7     7     7     7     7
          7     7     7     7     7     7     7     7     7     7     7     7     7     7     7     7     7     7     7     7
          7     7     7     7     7     7
  56   1000   988   952   895   821   734   641   546   454   368   291   225   169   124    89    62    42    28    18    12
          7     4     3     1     1     0     0     0     0     0     0     0     0     0     0     0     0     0     0     1
          1     2     2     3     3     6     7     7     7     7     7     7     7     7     7     7     7     7     7     7
          7     7     7     7     7     7     7     7     7     7     7     7     7     7     7     7     7     7     7     7
          7     7     7     7     7
  57   1000   988   952   895   821   734   641   546   454   368   291   225   169   124    89    62    42    28    18    12
          7     4     3     1     1     0     0     0     0     0     0     0     0     0     0     0    -1     0     1     1
          2     2     3     3     6     8     8     8     8     8     8     8     8     8     8     8     8     8     8     8
          8     8     8     8     8     8     8     8     8     8     8     8     8     8     8     8     8     8     8     8
          8     8     8     8
  58   1000   988   952   895   821   734   641   546   454   368   291   225   169   124    89    62    42    28    18    12
          7     4     3     1     1     0     0     0     0     0     0     0     0     0     0    -1     0     1     1     2
          2     3     3     6     8     8     8     8     8     8     8     8     8     8     8     8     8     8     8     8
          8     8     8     8     8     8     8     8     8     8     8     8     8     8     8     8     8     8     8     8
          8     8     8
  59   1000   988   952   895   821   734   641   546   454   368   291   225   169   124    89    62    42    28    18    12
          7     4     3     1     1     0     0     0     0     0     0     0     0     0    -1     0     1     1     2     2
          3     3     6     8     8     8     8     8     8     8     8     8     8     8     8     8     8     8     8     8
          8     8     8     8     8     8     8     8     8     8     8     8     8     8     8     8     8     8     8     8
          8     8
  60   1000   988   952   895   821   734   641   546   454   368   291   225   169   124    89    62    42    28    18    12
          7     4     3     1     1     0     0     0     0     0     0     0     0    -1     0     1     1     2     2     3
          3     6     8     8     8     8     8     8     8     8     8     8     8     8     8     8     8     8     8     8
          8     8     8     8     8     8     8     8     8     8     8     8     8     8     8     8     8     8     8     8
          8
  61   1000   988   952   895   821   734   641   546   454   368   291   225   169   124    89    62    42    28    18    12
          7     4     2     1     1     0     0     0     0     0     0     0    -1     0     1     1     2     2     3     3
          6     8     8     8     8     8     8     8     8     8     8     8     8     8     8     8     8     8     8     8
          8     8     8     8     8     8     8     8     8     8     8     8     8     8     8     8     8     8     8     8
  62   1000   988   952   895   821   734   641   546   454   368   291   225   169   124    89    62    42    28    18    12
          7     4     2     1     1     0     0     0     0     0     0    -1     0     1     1     2     2     3     3     6
          8     8     8     8     8     8     8     8     8     8     8     8     8     8     8     8     8     8     8     8
          8     8     8     8     8     8     8     8     8     8     8     8     8     8     8     8     8     8     8
  63   1000   988   952   895   821   734   641   546   454   368   291   225   169   124    89    62    42    28    18    12
          7     4     2     1     1     0     0     0     0     0    -1     0     1     1     2     2     3     3     6     8
          8     8     8     8     8     8     8     8     8     8     8     8     8     8     8     8     8     8     8     8
          8     8     8     8     8     8     8     8     8     8     8     8     8     8     8     8     8     8
  64   1000   988   952   895   821   734   641   546   454   368   291   225   169   124    89    62    43    28    18    12
          7     4     2     1     0     0     0     0     0    -1     0     1     1     2     2     3     3     6     8     8
          8     8     8     8     8     8     8     8     8     8     8     8     8     8     8     8     8     8     8     8
          8     8     8     8     8     8     8     8     8     8     8     8     8     8     8     8     8
  65   1000   988   952   895   821   734   641   546   454   368   291   225   169   124    89    62    43    28    18    12
          7     4     2     1     0     0     0     0    -1     0     1     1     2     2     3     3     6     8     8     8
          8     8     8     8     8     8     8     8     8     8     8     8     8     8     8     8     8     8     8     8
          8     8     8     8     8     8     8     8     8     8     8     8     8     8     8     8
  66   1000   988   952   895   821   734   641   546   454   368   291   225   169   124    89    62    43    29    19    12
          7     4     2     1     0     0     0     0     0     1     1     2     3     3     3     6     8     8     8     8
          8     8     8     8     8     8     8     8     8     8     8     8     8     8     8     8     8     8     8     8
          8     8     8     8     8     8     8     8     8     8     8     8     8     8     8
  67   1000   988   952   895   821   734   641   546   454   368   291   225   169   124    89    63    43    29    19    12
          8     5     2     1     0     0     0     0     1     1     2     2     3     3     6     8     8     8     8     8
          8     8     8     8     8     8     8     8     8     8     8     8     8     8     8     8     8     8     8     8
          8     8     8     8     8     8     8     8     8     8     8     8     8     8
  68   1000   988   952   895   821   734   641   546   454   368   291   225   169   125    90    63    43    29    19    12
          8     5     3     1     0     0     0     1     1     2     2     3     3     6     8     8     8     8     8     8
          8     8     8     8     8     8     8     8     8     8     8     8     8     8     8     8     8     8     8     8
          8     8     8     8     8     8     8     8     8     8     8     8     8
  69   1000   988   952   895   821   734   641   546   454   368   291   225   170   125    90    64    44    30    20    13
          8     5     3     1     0     0     1     1     2     2     3     3     6     8     8     8     8     8     8     8
          8     8     8     8     8     8     8     8     8     8     8     8     8     8     8     8     8     8     8     8
          8     8     8     8     8     8     8     8     8     8     8     8
  70   1000   988   952   895   821   734   641   546   454   368   292   225   170   126    91    65    45    31    21    14
          9     5     2     0     1     1     1     1     2     3     3     6     8     8     8     8     8     8     8     8
          8     8     8     8     8     8     8     8     8     8     8     8     8     8     8     8     8     8     8     8
          8     8     8     8     8     8     8     8     8     8     8
  71   1000   988   952   895   821   735   641   546   454   369   292   226   171   127    92    66    46    32    22    14
          9     5     2     1     1     0     1     2     2     3     6     8     8     8     8     8     8     8     8     8
          8     8     8     8     8     8     8     8     8     8     8     8     8     8     8     8     8     8     8     8
          8     8     8     8     8     8     8     8     8     8
  72   1000   988   952   895   821   735   641   547   455   369   293   228   173   129    95    68    48    34    23    15
          9     4     2     0     0     0     1     2     2     5     8     8     8     8     8     8     8     8     8     8
          8     8     8     8     8     8     8     8     8     8     8     8     8     8     8     8     8     8     8     8
          8     8     8     8     8     8     8     8     8
  73   1000   988   952   895   821   735   642   547   455   371   295   230   176   132    97    71    51    36    24    15
          8     4     0     0     0     0     0     1     5     8     8     8     8     8     8     8     8     8     8     8
          8     8     8     8     8     8     8     8     8     8     8     8     8     8     8     8     8     8     8     8
          8     8     8     8     8     8     8     8
  74   1000   988   952   895   821   735   642   548   457   373   297   233   179   136   101    75    54    38    25    14
          7     0    -2    -2    -1     0     0     4     8     8     8     8     8     8     8     8     8     8     8     8
          8     8     8     8     8     8     8     8     8     8     8     8     8     8     8     8     8     8     8     8
          8     8     8     8     8     8     8
  75   1000   988   952   895   821   736   643   550   459   376   302   238   184   141   106    78    56    38    23    11
          0    -4    -5    -5    -3    -1     2     8     8     8     8     8     8     8     8     8     8     8     8     8
          8     8     8     8     8     8     8     8     8     8     8     8     8     8     8     8     8     8     8     8
          8     8     8     8     8     8
  76   1000   988   952   895   822   736   645   552   463   380   307   244   191   147   111    82    57    35    16     0
         -8   -10    -9    -7    -5     0     7     7     7     7     7     7     7     7     7     7     7     7     7     7
          7     7     7     7     7     7     7     7     7     7     7     7     7     7     7     7     7     7     7     7
          7     7     7     7     7
  77   1000   988   952   896   823   738   648   556   468   387   315   252   199   154   115    82    52    25     0   -13
        -17   -16   -13   -10    -3     6     6     6     6     6     6     6     6     6     6     6     6     6     6     6
          6     6     6     6     6     6     6     6     6     6     6     6     6     6     6     6     6     6     6     6
          6     6     6     6
  78   1000   988   952   896   824   741   651   562   475   396   324   261   206   159   115    74    36     1   -19   -26
        -25   -22   -17    -8     5     5     5     5     5     5     5     5     5     5     5     5     5     5     5     5
          5     5     5     5     5     5     5     5     5     5     5     5     5     5     5     5     5     5     5     5
          5     5     5
  79   1000   988   953   897   826   744   657   569   485   406   334   270   212   157   104    52     2   -27   -38   -38
        -33   -27   -15     3     3     3     3     3     3     3     3     3     3     3     3     3     3     3     3     3
          3     3     3     3     3     3     3     3     3     3     3     3     3     3     3     3     3     3     3     3
          3     3
  80   1000   988   953   899   829   749   664   578   495   417   344   275   209   141    72     4   -37   -53   -54   -49
        -41   -25     1     1     1     1     1     1     1     1     1     1     1     1     1     1     1     1     1     1
          1     1     1     1     1     1     1     1     1     1     1     1     1     1     1     1     1     1     1     1
          1
  81   1000   988   954   901   833   756   673   589   506   426   348   270   187    97     8   -49   -72   -75   -68   -58
        -38    -2    -2    -2    -2    -2    -2    -2    -2    -2    -2    -2    -2    -2    -2    -2    -2    -2    -2    -2
         -2    -2    -2    -2    -2    -2    -2    -2    -2    -2    -2    -2    -2    -2    -2    -2    -2    -2    -2    -2
  82   1000   988   955   904   838   763   682   598   514   429   339   240   129    14   -62   -94   -99   -92   -80   -54
         -6    -6    -6    -6    -6    -6    -6    -6    -6    -6    -6    -6    -6    -6    -6    -6    -6    -6    -6    -6
         -6    -6    -6    -6    -6    -6    -6    -6    -6    -6    -6    -6    -6    -6    -6    -6    -6    -6    -6
  83   1000   989   957   907   843   770   690   605   514   415   301   166    23   -76  -119  -128  -120  -106   -74   -12
        -12   -12   -12   -12   -12   -12   -12   -12   -12   -12   -12   -12   -12   -12   -12   -12   -12   -12   -12   -12
        -12   -12   -12   -12   -12   -12   -12   -12   -12   -12   -12   -12   -12   -12   -12   -12   -12   -12
  84   1000   989   958   910   848   776   694   602   496   368   210    37   -88  -146  -160  -153  -136   -98   -19   -19
        -19   -19   -19   -19   -19   -19   -19   -19   -19   -19   -19   -19   -19   -19   -19   -19   -19   -19   -19   -19
        -19   -19   -19   -19   -19   -19   -19   -19   -19   -19   -19   -19   -19   -19   -19   -19   -19
  85   1000   990   960   913   852   777   688   579   440   260    55   -97  -172  -193  -188  -170  -124   -27   -27   -27
        -27   -27   -27   -27   -27   -27   -27   -27   -27   -27   -27   -27   -27   -27   -27   -27   -27   -27   -27   -27
        -27   -27   -27   -27   -27   -27   -27   -27   -27   -27   -27   -27   -27   -27   -27   -27
  86   1000   990   961   914   851   769   661   516   316    80  -102  -196  -227  -224  -206  -154   -38   -38   -38   -38
        -38   -38   -38   -38   -38   -38   -38   -38   -38   -38   -38   -38   -38   -38   -38   -38   -38   -38   -38   -38
        -38   -38   -38   -38   -38   -38   -38   -38   -38   -38   -38   -38   -38   -38   -38
  87   1000   990   961   912   841   740   593   378   114   -99  -214  -257  -260  -243  -186   -51   -51   -51   -51   -51
        -51   -51   -51   -51   -51   -51   -51   -51   -51   -51   -51   -51   -51   -51   -51   -51   -51   -51   -51   -51
        -51   -51   -51   -51   -51   -51   -51   -51   -51   -51   -51   -51   -51   -51
  88   1000   990   959   903   814   671   447   159   -85  -224  -280  -291  -277  -219   -67   -67   -67   -67   -67   -67
        -67   -67   -67   -67   -67   -67   -67   -67   -67   -67   -67   -67   -67   -67   -67   -67   -67   -67   -67   -67
        -67   -67   -67   -67   -67   -67   -67   -67   -67   -67   -67   -67   -67
  89   1000   989   953   880   749   524   218   -54  -218  -293  -314  -307  -250   -86   -86   -86   -86   -86   -86   -86
        -86   -86   -86   -86   -86   -86   -86   -86   -86   -86   -86   -86   -86   -86   -86   -86   -86   -86   -86   -86
        -86   -86   -86   -86   -86   -86   -86   -86   -86   -86   -86   -86
  90   1000   987   937   827   611   296    -1  -191  -286  -322  -325  -278  -109  -109  -109  -109  -109  -109  -109  -109
       -109  -109  -109  -109  -109  -109  -109  -109  -109  -109  -109  -109  -109  -109  -109  -109  -109  -109  -109  -109
       -109  -109  -109  -109  -109  -109  -109  -109  -109  -109  -109
  91   1000   981   903   709   400    85  -130  -249  -305  -322  -294  -138  -138  -138  -138  -138  -138  -138  -138  -138
       -138  -138  -138  -138  -138  -138  -138  -138  -138  -138  -138  -138  -138  -138  -138  -138  -138  -138  -138  -138
       -138  -138  -138  -138  -138  -138  -138  -138  -138  -138
  92   1000   968   818   537   219   -18  -163  -243  -281  -290  -175  -175  -175  -175  -175  -175  -175  -175  -175  -175
       -175  -175  -175  -175  -175  -175  -175  -175  -175  -175  -175  -175  -175  -175  -175  -175  -175  -175  -175  -175
       -175  -175  -175  -175  -175  -175  -175  -175  -175
  93   1000   924   710   417   171     3  -102  -167  -230  -200  -200  -200  -200  -200  -200  -200  -200  -200  -200  -200
       -200  -200  -200  -200  -200  -200  -200  -200  -200  -200  -200  -200  -200  -200  -200  -200  -200  -200  -200  -200
       -200  -200  -200  -200  -200  -200  -200  -200
  94   1000   919   715   501   336   218   135    59    -4    -4    -4    -4    -4    -4    -4    -4    -4    -4    -4    -4
         -4    -4    -4    -4    -4    -4    -4    -4    -4    -4    -4    -4    -4    -4    -4    -4    -4    -4    -4    -4
         -4    -4    -4    -4    -4    -4    -4
  95   1000   931   793   657   543   449   317    81    81    81    81    81    81    81    81    81    81    81    81    81
         81    81    81    81    81    81    81    81    81    81    81    81    81    81    81    81    81    81    81    81
         81    81    81    81    81    81
  96   1000   959   880   794   710   549   172   172   172   172   172   172   172   172   172   172   172   172   172   172
        172   172   172   172   172   172   172   172   172   172   172   172   172   172   172   172   172   172   172   172
        172   172   172   172   172
  97   1000   977   928   867   706   247   247   247   247   247   247   247   247   247   247   247   247   247   247   247
        247   247   247   247   247   247   247   247   247   247   247   247   247   247   247   247   247   247   247   247
        247   247   247   247
  98   1000   985   949   807   311   311   311   311   311   311   311   311   311   311   311   311   311   311   311   311
        311   311   311   311   311   311   311   311   311   311   311   311   311   311   311   311   311   311   311   311
        311   311   311
  99   1000   989   874   370   370   370   370   370   370   370   370   370   370   370   370   370   370   370   370   370
        370   370   370   370   370   370   370   370   370   370   370   370   370   370   370   370   370   370   370   370
        370   370
 100   1000   920   428   428   428   428   428   428   428   428   428   428   428   428   428   428   428   428   428   428
        428   428   428   428   428   428   428   428   428   428   428   428   428   428   428   428   428   428   428   428
        428
 101   1000   738   738   738   738   738   738   738   738   738   738   738   738   738   738   738   738   738   738   738
        738   738   738   738   738   738   738   738   738   738   738   738   738   738   738   738   738   738   738   738
 102   1000  1000  1000  1000  1000  1000  1000  1000  1000  1000  1000  1000  1000  1000  1000  1000  1000  1000  1000  1000
       1000  1000  1000  1000  1000  1000  1000  1000  1000  1000  1000  1000  1000  1000  1000  1000  1000  1000  1000
 103   1000  1000  1000  1000  1000  1000  1000  1000  1000  1000  1000  1000  1000  1000  1000  1000  1000  1000  1000  1000
       1000  1000  1000  1000  1000  1000  1000  1000  1000  1000  1000  1000  1000  1000  1000  1000  1000  1000
 104   1000  1000  1000  1000  1000  1000  1000  1000  1000  1000  1000  1000  1000  1000  1000  1000  1000  1000  1000  1000
       1000  1000  1000  1000  1000  1000  1000  1000  1000  1000  1000  1000  1000  1000  1000  1000  1000
 105   1000  1000  1000  1000  1000  1000  1000  1000  1000  1000  1000  1000  1000  1000  1000  1000  1000  1000  1000  1000
       1000  1000  1000  1000  1000  1000  1000  1000  1000  1000  1000  1000  1000  1000  1000  1000
 106   1000  1000  1000  1000  1000  1000  1000  1000  1000  1000  1000  1000  1000  1000  1000  1000  1000  1000  1000  1000
       1000  1000  1000  1000  1000  1000  1000  1000  1000  1000  1000  1000  1000  1000  1000
 107   1000  1000  1000  1000  1000  1000  1000  1000  1000  1000  1000  1000  1000  1000  1000  1000  1000  1000  1000  1000
       1000  1000  1000  1000  1000  1000  1000  1000  1000  1000  1000  1000  1000  1000
 108   1000  1000  1000  1000  1000  1000  1000  1000  1000  1000  1000  1000  1000  1000  1000  1000  1000  1000  1000  1000
       1000  1000  1000  1000  1000  1000  1000  1000  1000  1000  1000  1000  1000
 109   1000  1000  1000  1000  1000  1000  1000  1000  1000  1000  1000  1000  1000  1000  1000  1000  1000  1000  1000  1000
       1000  1000  1000  1000  1000  1000  1000  1000  1000  1000  1000  1000
 110   1000  1000  1000  1000  1000  1000  1000  1000  1000  1000  1000  1000  1000  1000  1000  1000  1000  1000  1000  1000
       1000  1000  1000  1000  1000  1000  1000  1000  1000  1000  1000
 111   1000  1000  1000  1000  1000  1000  1000  1000  1000  1000  1000  1000  1000  1000  1000  1000  1000  1000  1000  1000
       1000  1000  1000  1000  1000  1000  1000  1000  1000  1000
 112   1000  1000  1000  1000  1000  1000  1000  1000  1000  1000  1000  1000  1000  1000  1000  1000  1000  1000  1000  1000
       1000  1000  1000  1000  1000  1000  1000  1000  1000
 113   1000  1000  1000  1000  1000  1000  1000  1000  1000  1000  1000  1000  1000  1000  1000  1000  1000  1000  1000  1000
       1000  1000  1000  1000  1000  1000  1000  1000
 114   1000  1000  1000  1000  1000  1000  1000  1000  1000  1000  1000  1000  1000  1000  1000  1000  1000  1000  1000  1000
       1000  1000  1000  1000  1000  1000  1000
 115   1000  1000  1000  1000  1000  1000  1000  1000  1000  1000  1000  1000  1000  1000  1000  1000  1000  1000  1000  1000
       1000  1000  1000  1000  1000  1000
 116   1000  1000  1000  1000  1000  1000  1000  1000  1000  1000  1000  1000  1000  1000  1000  1000  1000  1000  1000  1000
       1000  1000  1000  1000  1000
 117   1000  1000  1000  1000  1000  1000  1000  1000  1000  1000  1000  1000  1000  1000  1000  1000  1000  1000  1000  1000
       1000  1000  1000  1000
 118   1000  1000  1000  1000  1000  1000  1000  1000  1000  1000  1000  1000  1000  1000  1000  1000  1000  1000  1000  1000
       1000  1000  1000
 119   1000  1000  1000  1000  1000  1000  1000  1000  1000  1000  1000  1000  1000  1000  1000  1000  1000  1000  1000  1000
       1000  1000
 120   1000  1000  1000  1000  1000  1000  1000  1000  1000  1000  1000  1000  1000  1000  1000  1000  1000  1000  1000  1000
       1000
 121   1000  1000  1000  1000  1000  1000  1000  1000  1000  1000  1000  1000  1000  1000  1000  1000  1000  1000  1000  1000
 122   1000  1000  1000  1000  1000  1000  1000  1000  1000  1000  1000  1000  1000  1000  1000  1000  1000  1000  1000
 123   1000  1000  1000  1000  1000  1000  1000  1000  1000  1000  1000  1000  1000  1000  1000  1000  1000  1000
 124   1000  1000  1000  1000  1000  1000  1000  1000  1000  1000  1000  1000  1000  1000  1000  1000  1000
 125   1000  1000  1000  1000  1000  1000  1000  1000  1000  1000  1000  1000  1000  1000  1000  1000
 126   1000  1000  1000  1000  1000  1000  1000  1000  1000  1000  1000  1000  1000  1000  1000
 127   1000  1000  1000  1000  1000  1000  1000  1000  1000  1000  1000  1000  1000  1000
 128   1000  1000  1000  1000  1000  1000  1000  1000  1000  1000  1000  1000  1000
 129   1000  1000  1000  1000  1000  1000  1000  1000  1000  1000  1000  1000
 130   1000  1000  1000  1000  1000  1000  1000  1000  1000  1000  1000
 131   1000  1000  1000  1000  1000  1000  1000  1000  1000  1000
 132   1000  1000  1000  1000  1000  1000  1000  1000  1000
 133   1000  1000  1000  1000  1000  1000  1000  1000
 134   1000  1000  1000  1000  1000  1000  1000
 135   1000  1000  1000  1000  1000  1000
 136   1000  1000  1000  1000  1000
 137   1000  1000  1000  1000
 138   1000  1000  1000
 139   1000  1000
 140   1000

 Finished!
