88" 33MeV Deuteron breakup on Ta, Clean Beam
  140    7    1    0    1
   0.00500  10.00000   0.00500   0.00100
   1.0000000   0   0 7.86600000E+03   1.0000000
AL27P    1.694E-20 0.039       0.00       0.00        (    )
AL27A    1.983E-20 0.017       0.00       0.00        (    )
NI582    3.627E-21 0.020       0.00       0.00        (    )
IN115N   8.790E-20 0.013       0.00       0.00        (    )
AU1972   2.831E-19 0.054       0.00       0.00        (    )
AU197G   7.770E-20 0.025       0.00 AUNG  3.70 BFX    (BEAM)
IN115G   9.390E-20 0.015       0.00 INNG 40.20 BFX    (BEAM)
Flux Uncertainty From MCNP Calculations
 140
 1.9500E-02 1.3800E-02 1.1300E-02 1.0200E-02 9.6000E-03 9.3000E-03 9.4000E-03
 9.9000E-03 1.1200E-02 1.4200E-02 1.9500E-02 2.7800E-02 3.9000E-02 5.3700E-02
 7.1800E-02 9.3800E-02 1.2110E-01 1.5560E-01 1.9970E-01 2.5530E-01 3.2370E-01
 4.0350E-01 4.9130E-01 5.8160E-01 6.6830E-01 7.4570E-01 8.1070E-01 8.6230E-01
 9.0050E-01 9.2770E-01 9.4650E-01 9.5890E-01 9.6610E-01 9.7060E-01 9.7250E-01
 9.7280E-01 9.7140E-01 9.6860E-01 9.6480E-01 9.5920E-01 9.5220E-01 9.4330E-01
 9.3170E-01 9.1770E-01 9.0040E-01 8.7960E-01 8.5440E-01 8.2480E-01 7.9000E-01
 7.5010E-01 7.0480E-01 6.5460E-01 5.9950E-01 5.4050E-01 4.7930E-01 4.1680E-01
 3.5550E-01 2.9670E-01 2.4240E-01 1.9440E-01 1.5320E-01 1.1890E-01 9.1600E-02
 7.0300E-02 5.4000E-02 4.1600E-02 3.2300E-02 2.5300E-02 2.0000E-02 1.5900E-02
 1.3000E-02 1.1100E-02 1.0300E-02 1.0200E-02 1.1100E-02 1.4900E-02 2.4200E-02
 4.0500E-02 6.4400E-02 1.0200E-02 1.0100E-02 1.0100E-02 1.0000E-02 9.7000E-03
 9.5000E-03 9.2000E-03 8.8000E-03 8.4000E-03 8.2000E-03 8.0000E-03 7.9000E-03
 7.8000E-03 7.8000E-03 7.9000E-03 8.1000E-03 8.2000E-03 8.5000E-03 8.9000E-03
 9.4000E-03 9.9000E-03 1.0500E-02 1.1300E-02 1.2100E-02 1.3000E-02 1.3900E-02
 1.4900E-02 1.5800E-02 1.6600E-02 1.7400E-02 1.8000E-02 1.8700E-02 1.9500E-02
 2.0000E-02 2.1000E-02 2.2800E-02 2.5200E-02 3.0000E-02 5.3400E-02 0.0000E+00
 0.0000E+00 0.0000E+00 0.0000E+00 0.0000E+00 0.0000E+00 0.0000E+00 0.0000E+00
 0.0000E+00 0.0000E+00 0.0000E+00 0.0000E+00 0.0000E+00 0.0000E+00 0.0000E+00
 0.0000E+00 0.0000E+00 0.0000E+00 0.0000E+00 0.0000E+00 0.0000E+00 0.0000E+00
Input Flux Spectrum from MCNP Simulation
 140   0 4.060E+09 2.000E+01 5.000E-08
 9.0437E-09 1.4702E-09 1.0298E-08 2.7076E-08 2.3019E-08 1.7183E-08 1.3522E-08
 1.0047E-08 8.0699E-09 4.9530E-09 2.8846E-09 2.6033E-09 2.6045E-09 2.7942E-09
 2.3388E-09 1.5446E-09 1.4910E-09 3.4406E-10 1.0962E-10 1.2201E-10 1.4181E-10
 6.4262E-11 1.2164E-10 7.9084E-11 3.7483E-11 4.3830E-11 5.4625E-11 1.3185E-10
 1.6558E-10 1.2997E-10 1.7114E-10 5.4187E-10 4.1535E-10 3.0002E-10 2.9842E-10
 9.2850E-10 6.9062E-10 9.4096E-10 1.8019E-09 1.0775E-09 1.5126E-09 2.6460E-09
 2.0144E-09 4.3085E-09 6.0343E-09 4.2754E-09 3.6095E-09 1.1147E-08 1.2696E-08
 2.5054E-08 3.2308E-08 3.6949E-08 4.2356E-08 5.8564E-08 7.2720E-08 9.5517E-08
 1.2919E-07 1.0955E-07 1.8608E-07 2.7542E-07 4.9927E-07 6.3761E-07 8.6058E-07
 1.1653E-06 1.6902E-06 2.1566E-06 2.7411E-06 2.8796E-06 3.9736E-06 3.8877E-06
 8.8202E-06 7.1350E-06 5.0877E-06 3.4301E-06 2.3018E-06 2.3171E-06 1.6356E-06
 1.2273E-06 1.3995E-06 9.5692E-07 9.4255E-07 1.0159E-06 1.4150E-06 1.7196E-06
 2.0516E-06 3.5319E-06 4.1112E-06 5.2654E-06 5.7393E-06 7.2278E-06 6.7079E-06
 6.0448E-06 5.0754E-06 4.2574E-06 3.3047E-06 2.6155E-06 1.9608E-06 1.4779E-06
 1.0606E-06 7.0926E-07 5.6855E-07 4.5764E-07 3.7318E-07 3.0783E-07 2.6791E-07
 2.3935E-07 2.2969E-07 2.2425E-07 2.1769E-07 2.2487E-07 2.2672E-07 2.1966E-07
 2.1373E-07 1.8042E-07 1.3588E-07 9.4101E-08 5.2581E-08 1.0193E-08 0.0000E+00
 0.0000E+00 0.0000E+00 0.0000E+00 0.0000E+00 0.0000E+00 0.0000E+00 0.0000E+00
 0.0000E+00 0.0000E+00 0.0000E+00 0.0000E+00 0.0000E+00 0.0000E+00 0.0000E+00
 0.0000E+00 0.0000E+00 0.0000E+00 0.0000E+00 0.0000E+00 0.0000E+00 0.0000E+00
   17   15    9    9    9   10    7   14   14   36



                         ==============================
                               STAYSL PNNL OUTPUT
                         ==============================

 STAYSL PNNL, version 1.2.0, 2015-08-05


 SCENARIO TITLE: 88" 33MeV Deuteron breakup on Ta, Clean Beam
 -------------------------------------------------------------------------------
  NGROUP =   140    NRXN =     7    ACTIVITY NORM = 1.00000E+00

  COVARIANCE PARAMETERS (FCHN, FCVX, ACVX, FS)
    FLUXES:      WIDTH =  1.0000E+01   LONG RANGE COVAR. =  5.0000E-03
            ACTIVITIES =  5.0000E-03   X-SECT CROSS COR. =  1.0000E-03

    DETERM =   4.7157 × 10^   6.00      ERROR =   2.1147E-17

  INPUT NORMALIZATION DATA
    AK1   =     1.00000     VAK        =     0.00003
    NORML =           0     RENORM     = 1.00000E+00
    CHI²  =    22.24003     NORM. CHI² =     3.70667

  DOSIMETRY ACTIVITIES
     ———— INPUTS —————  -UNADJUSTED FLUX-  — ADJUSTED FLUX —    CHI²  90% ACTIVITIES RANGE
 RXN  MEASURED     ±%   ACTIVITY    %DIFF  ACTIVITY    %DIFF  CONTRIB --LOW E-- --HIGH E--   REACTION          CVR
  1  1.694E-20    3.90  2.018E-20   19.14  2.018E-20   19.15   16.956  6.00E+00  1.60E+01  AL27(N,P)MG27           
  2  1.983E-20    1.70  1.916E-20   -3.39  1.916E-20   -3.37    3.907  7.40E+00  1.70E+01  AL27(N,A)NA24           
  3  3.627E-21    2.00  3.697E-21    1.92  3.695E-21    1.88    0.535  1.30E+01  3.00E+01  NI58(N,2N)NI57          
  4  8.790E-20    1.30  8.768E-20   -0.25  8.767E-20   -0.27    0.010  1.00E+00  1.30E+01  IN115(N,N')IN115M       
  5  2.831E-19    5.40  2.688E-19   -5.04  2.689E-19   -5.03    0.831  9.00E+00  1.80E+01  AU197(N,2N)AU196        
  6  7.770E-20    2.50  7.768E-20   -0.02  7.768E-20   -0.02    0.000  1.00E-10  1.40E+00  AU197(N,G)AU198         
  7  9.390E-20    1.50  9.383E-20   -0.08  9.383E-20   -0.08    0.001  1.00E-10  1.60E+00  IN115(N,G)IN116M        

             % STD. DEV.  =          8.24               8.24

                              CHECK INPUT, IT IS RATHER UNLIKELY !
                                   *** BEWARE OF OUTPUT ! ***


  DIFFERENTIAL FLUXES (input is normalized by a factor of 1.0000E+00)
                  —————— DIFFERENTIAL FLUX —————   ———— STD. DEV. % ————   INTEGRAL
 GRP    ENERGY        NEW         OLD      RATIO    NEW     OLD    RATIO   FLUX > E     ± %
   1  1.0000E-10  4.0795E+10  4.0797E+10   1.000    1.84    2.01   0.916  5.1376E+05    1.04
   2  1.0000E-09  6.6319E+08  6.6322E+08   1.000    1.32    1.47   0.902  5.1372E+05    1.04
   3  1.0000E-08  3.2160E+09  3.2161E+09   1.000    1.10    1.24   0.892  5.1371E+05    1.04
   4  2.3000E-08  4.0712E+09  4.0714E+09   1.000    1.00    1.14   0.885  5.1367E+05    1.04
   5  5.0000E-08  3.5943E+09  3.5945E+09   1.000    0.95    1.08   0.880  5.1356E+05    1.04
   6  7.6000E-08  1.7887E+09  1.7888E+09   1.000    0.93    1.06   0.878  5.1347E+05    1.04
   7  1.1500E-07  9.9812E+08  9.9817E+08   1.000    0.93    1.06   0.877  5.1340E+05    1.04
   8  1.7000E-07  4.7987E+08  4.7989E+08   1.000    0.97    1.11   0.879  5.1334E+05    1.04
   9  2.5500E-07  2.6210E+08  2.6211E+08   1.000    1.08    1.23   0.883  5.1330E+05    1.04
  10  3.8000E-07  1.1828E+08  1.1829E+08   1.000    1.34    1.51   0.890  5.1327E+05    1.04
  11  5.5000E-07  4.0382E+07  4.0384E+07   1.000    1.81    2.01   0.899  5.1325E+05    1.04
  12  8.4000E-07  2.4296E+07  2.4297E+07   1.000    2.57    2.82   0.908  5.1324E+05    1.04
  13  1.2750E-06  1.6918E+07  1.6919E+07   1.000    3.61    3.93   0.917  5.1323E+05    1.04
  14  1.9000E-06  1.2604E+07  1.2605E+07   1.000    4.99    5.39   0.925  5.1322E+05    1.04
  15  2.8000E-06  6.5481E+06  6.5486E+06   1.000    6.71    7.20   0.933  5.1321E+05    1.04
  16  4.2500E-06  3.0588E+06  3.0591E+06   1.000    8.83    9.39   0.940  5.1320E+05    1.04
  17  6.3000E-06  2.0871E+06  2.0874E+06   1.000   11.49   12.12   0.948  5.1319E+05    1.04
  18  9.2000E-06  3.2480E+05  3.2486E+05   1.000   14.86   15.57   0.955  5.1318E+05    1.04
  19  1.3500E-05  5.9328E+04  5.9341E+04   1.000   19.21   19.98   0.962  5.1318E+05    1.04
  20  2.1000E-05  5.5024E+04  5.5040E+04   1.000   24.72   25.53   0.968  5.1318E+05    1.04
  21  3.0000E-05  3.8370E+04  3.8383E+04   1.000   31.53   32.37   0.974  5.1318E+05    1.04
  22  4.5000E-05  1.0866E+04  1.0871E+04   1.000   39.50   40.35   0.979  5.1318E+05    1.04
  23  6.9000E-05  1.5923E+04  1.5931E+04   1.000   48.31   49.13   0.983  5.1318E+05    1.04
  24  1.0000E-04  9.1689E+03  9.1737E+03   0.999   57.40   58.16   0.987  5.1318E+05    1.04
  25  1.3500E-04  4.3456E+03  4.3480E+03   0.999   66.15   66.83   0.990  5.1318E+05    1.04
  26  1.7000E-04  3.5570E+03  3.5590E+03   0.999   73.98   74.57   0.992  5.1318E+05    1.04
  27  2.2000E-04  3.6943E+03  3.6963E+03   0.999   80.56   81.07   0.994  5.1318E+05    1.04
  28  2.8000E-04  6.6880E+03  6.6914E+03   0.999   85.80   86.23   0.995  5.1318E+05    1.04
  29  3.6000E-04  7.4661E+03  7.4695E+03   1.000   89.68   90.05   0.996  5.1318E+05    1.04
  30  4.5000E-04  4.2197E+03  4.2214E+03   1.000   92.44   92.77   0.996  5.1318E+05    1.04
  31  5.7500E-04  3.7545E+03  3.7558E+03   1.000   94.35   94.65   0.997  5.1318E+05    1.04
  32  7.6000E-04  1.0997E+04  1.1000E+04   1.000   95.61   95.89   0.997  5.1318E+05    1.04
  33  9.6000E-04  5.3522E+03  5.3534E+03   1.000   96.33   96.61   0.997  5.1318E+05    1.04
  34  1.2750E-03  3.7473E+03  3.7479E+03   1.000   96.78   97.06   0.997  5.1317E+05    1.04
  35  1.6000E-03  3.0287E+03  3.0290E+03   1.000   96.95   97.25   0.997  5.1317E+05    1.04
  36  2.0000E-03  5.3851E+03  5.3853E+03   1.000   96.96   97.28   0.997  5.1317E+05    1.04
  37  2.7000E-03  4.0057E+03  4.0056E+03   1.000   96.79   97.14   0.996  5.1317E+05    1.04
  38  3.4000E-03  3.4734E+03  3.4730E+03   1.000   96.47   96.86   0.996  5.1317E+05    1.04
  39  4.5000E-03  7.3170E+03  7.3157E+03   1.000   96.04   96.48   0.995  5.1316E+05    1.04
  40  5.5000E-03  2.5740E+03  2.5733E+03   1.000   95.41   95.92   0.995  5.1315E+05    1.04
  41  7.2000E-03  3.0716E+03  3.0706E+03   1.000   94.64   95.22   0.994  5.1315E+05    1.04
  42  9.2000E-03  3.8383E+03  3.8367E+03   1.000   93.66   94.33   0.993  5.1314E+05    1.04
  43  1.2000E-02  2.7275E+03  2.7262E+03   1.000   92.39   93.17   0.992  5.1313E+05    1.04
  44  1.5000E-02  4.3756E+03  4.3731E+03   1.001   90.87   91.77   0.990  5.1312E+05    1.04
  45  1.9000E-02  3.7716E+03  3.7691E+03   1.001   89.00   90.04   0.988  5.1311E+05    1.04
  46  2.5500E-02  2.6724E+03  2.6705E+03   1.001   86.78   87.96   0.987  5.1308E+05    1.04
  47  3.2000E-02  1.8333E+03  1.8318E+03   1.001   84.10   85.44   0.984  5.1307E+05    1.04
  48  4.0000E-02  3.6238E+03  3.6205E+03   1.001   80.97   82.48   0.982  5.1305E+05    1.04
  49  5.2500E-02  3.8219E+03  3.8182E+03   1.001   77.33   79.00   0.979  5.1301E+05    1.03
  50  6.6000E-02  4.6284E+03  4.6236E+03   1.001   73.18   75.01   0.976  5.1295E+05    1.03
  51  8.8000E-02  5.9690E+03  5.9623E+03   1.001   68.52   70.48   0.972  5.1285E+05    1.03
  52  1.1000E-01  6.0077E+03  6.0005E+03   1.001   63.39   65.46   0.968  5.1272E+05    1.03
  53  1.3500E-01  6.8873E+03  6.8786E+03   1.001   57.82   59.95   0.964  5.1257E+05    1.02
  54  1.6000E-01  7.9361E+03  7.9257E+03   1.001   51.90   54.05   0.960  5.1240E+05    1.02
  55  1.9000E-01  9.8548E+03  9.8414E+03   1.001   45.82   47.93   0.956  5.1216E+05    1.01
  56  2.2000E-01  1.1095E+04  1.1080E+04   1.001   39.66   41.68   0.952  5.1186E+05    1.01
  57  2.5500E-01  1.5006E+04  1.4986E+04   1.001   33.68   35.55   0.947  5.1148E+05    1.00
  58  2.9000E-01  1.4845E+04  1.4826E+04   1.001   27.98   29.67   0.943  5.1095E+05    0.99
  59  3.2000E-01  1.8911E+04  1.8887E+04   1.001   22.76   24.24   0.939  5.1051E+05    0.98
  60  3.6000E-01  2.7987E+04  2.7955E+04   1.001   18.18   19.45   0.935  5.0975E+05    0.96
  61  4.0000E-01  4.0582E+04  4.0541E+04   1.001   14.28   15.33   0.932  5.0863E+05    0.95
  62  4.5000E-01  5.1820E+04  5.1774E+04   1.001   11.05   11.90   0.928  5.0660E+05    0.92
  63  5.0000E-01  6.9932E+04  6.9879E+04   1.001    8.49    9.17   0.926  5.0401E+05    0.90
  64  5.5000E-01  9.4682E+04  9.4622E+04   1.001    6.51    7.05   0.923  5.0051E+05    0.88
  65  6.0000E-01  1.1443E+05  1.1437E+05   1.001    4.99    5.42   0.921  4.9578E+05    0.85
  66  6.6000E-01  1.4599E+05  1.4593E+05   1.000    3.85    4.19   0.919  4.8891E+05    0.82
  67  7.2000E-01  1.8554E+05  1.8548E+05   1.000    3.00    3.27   0.917  4.8015E+05    0.80
  68  7.8000E-01  1.9490E+05  1.9485E+05   1.000    2.36    2.58   0.916  4.6902E+05    0.78
  69  8.4000E-01  2.0169E+05  2.0166E+05   1.000    1.88    2.06   0.914  4.5733E+05    0.76
  70  9.2000E-01  1.9732E+05  1.9730E+05   1.000    1.52    1.67   0.912  4.4119E+05    0.75
  71  1.0000E+00  1.7905E+05  1.7905E+05   1.000    1.27    1.39   0.910  4.2541E+05    0.74
  72  1.2000E+00  1.4484E+05  1.4484E+05   1.000    1.11    1.22   0.908  3.8960E+05    0.74
  73  1.4000E+00  1.0327E+05  1.0328E+05   1.000    1.04    1.14   0.909  3.6063E+05    0.75
  74  1.6000E+00  6.9623E+04  6.9631E+04   1.000    1.04    1.14   0.911  3.3997E+05    0.76
  75  1.8000E+00  4.6718E+04  4.6727E+04   1.000    1.11    1.22   0.916  3.2605E+05    0.77
  76  2.0000E+00  3.1349E+04  3.1358E+04   1.000    1.45    1.57   0.925  3.1671E+05    0.77
  77  2.3000E+00  2.2122E+04  2.2135E+04   0.999    2.31    2.47   0.936  3.0730E+05    0.77
  78  2.6000E+00  1.6590E+04  1.6609E+04   0.999    3.85    4.08   0.943  3.0066E+05    0.77
  79  2.9000E+00  1.4174E+04  1.4205E+04   0.998    6.12    6.46   0.947  2.9569E+05    0.75
  80  3.3000E+00  9.7084E+03  9.7127E+03   1.000    1.04    1.14   0.916  2.9002E+05    0.72
  81  3.7000E+00  9.5624E+03  9.5669E+03   1.000    1.03    1.13   0.914  2.8613E+05    0.72
  82  4.1000E+00  1.0306E+04  1.0311E+04   1.000    1.03    1.13   0.910  2.8231E+05    0.72
  83  4.5000E+00  1.1485E+04  1.1490E+04   1.000    1.01    1.12   0.906  2.7819E+05    0.73
  84  5.0000E+00  1.3958E+04  1.3963E+04   1.000    0.98    1.09   0.899  2.7244E+05    0.73
  85  5.5000E+00  1.6654E+04  1.6659E+04   1.000    0.96    1.07   0.892  2.6547E+05    0.73
  86  6.0000E+00  2.0480E+04  2.0485E+04   1.000    0.92    1.05   0.883  2.5714E+05    0.73
  87  6.7000E+00  2.3842E+04  2.3845E+04   1.000    0.88    1.01   0.874  2.4280E+05    0.73
  88  7.4000E+00  2.6721E+04  2.6722E+04   1.000    0.85    0.98   0.865  2.2611E+05    0.73
  89  8.2000E+00  2.9129E+04  2.9127E+04   1.000    0.82    0.96   0.857  2.0474E+05    0.73
  90  9.0000E+00  2.9349E+04  2.9345E+04   1.000    0.80    0.94   0.850  1.8143E+05    0.74
  91  1.0000E+01  2.7240E+04  2.7234E+04   1.000    0.79    0.93   0.845  1.5208E+05    0.74
  92  1.1000E+01  2.4548E+04  2.4542E+04   1.000    0.78    0.93   0.842  1.2484E+05    0.76
  93  1.2000E+01  2.0612E+04  2.0606E+04   1.000    0.78    0.93   0.841  1.0030E+05    0.78
  94  1.3000E+01  1.7290E+04  1.7285E+04   1.000    0.79    0.93   0.844  7.9684E+04    0.80
  95  1.4000E+01  1.3420E+04  1.3417E+04   1.000    0.81    0.95   0.848  6.2395E+04    0.84
  96  1.5000E+01  1.0621E+04  1.0619E+04   1.000    0.82    0.96   0.855  4.8974E+04    0.89
  97  1.6000E+01  7.9616E+03  7.9608E+03   1.000    0.85    0.99   0.863  3.8353E+04    0.96
  98  1.7000E+01  6.0001E+03  6.0003E+03   1.000    0.89    1.02   0.872  3.0392E+04    1.04
  99  1.8000E+01  4.3053E+03  4.3060E+03   1.000    0.94    1.06   0.883  2.4391E+04    1.13
 100  1.9000E+01  2.8786E+03  2.8796E+03   1.000    0.99    1.11   0.894  2.0086E+04    1.24
 101  2.0000E+01  2.3071E+03  2.3083E+03   0.999    1.05    1.16   0.905  1.7208E+04    1.33
 102  2.1000E+01  1.8566E+03  1.8580E+03   0.999    1.13    1.24   0.916  1.4900E+04    1.42
 103  2.2000E+01  1.5136E+03  1.5151E+03   0.999    1.21    1.31   0.926  1.3044E+04    1.51
 104  2.3000E+01  1.2483E+03  1.2498E+03   0.999    1.30    1.39   0.935  1.1530E+04    1.60
 105  2.4000E+01  1.0862E+03  1.0877E+03   0.999    1.39    1.48   0.944  1.0282E+04    1.68
 106  2.5000E+01  9.7020E+02  9.7176E+02   0.998    1.50    1.57   0.952  9.1957E+03    1.75
 107  2.6000E+01  9.3090E+02  9.3254E+02   0.998    1.59    1.66   0.958  8.2255E+03    1.82
 108  2.7000E+01  9.0875E+02  9.1046E+02   0.998    1.67    1.73   0.964  7.2946E+03    1.89
 109  2.8000E+01  8.8210E+02  8.8382E+02   0.998    1.76    1.81   0.970  6.3859E+03    1.95
 110  2.9000E+01  9.1118E+02  9.1297E+02   0.998    1.82    1.87   0.974  5.5038E+03    2.02
 111  3.0000E+01  9.1868E+02  9.2048E+02   0.998    1.89    1.94   0.978  4.5926E+03    2.09
 112  3.1000E+01  8.9010E+02  8.9182E+02   0.998    1.98    2.01   0.981  3.6739E+03    2.17
 113  3.2000E+01  8.6615E+02  8.6774E+02   0.998    2.03    2.06   0.984  2.7838E+03    2.26
 114  3.3000E+01  7.3121E+02  7.3251E+02   0.998    2.13    2.16   0.987  1.9177E+03    2.40
 115  3.4000E+01  5.5072E+02  5.5167E+02   0.998    2.31    2.33   0.989  1.1865E+03    2.60
 116  3.5000E+01  3.8140E+02  3.8205E+02   0.998    2.55    2.57   0.992  6.3577E+02    2.87
 117  3.6000E+01  2.1310E+02  2.1348E+02   0.998    3.02    3.04   0.994  2.5437E+02    3.39
 118  3.7000E+01  4.1271E+01  4.1384E+01   0.997    5.35    5.36   0.997  4.1271E+01    5.35
      3.8000E+01

  INTEGRALS OF SPECTRA
    OLD SPECTRUM   5.1377E+05   ±    1.216 %
    NEW SPECTRUM   5.1376E+05   ±    1.035 %

  SUMMARY OF BROAD-GROUP FLUXES, FLUENCES, AND UNCERTAINTIES

    IRRAD TIME [S] = 7.86600000E+03   ACT NORM =  1.00000000E+00

       ENERGY       FLUX       FLUENCE      STDEV %
      thermal    5.0618E+02  3.9816E+06  ±   1.00     (0.100 meV – 0.550  eV)
     epithermal  5.3055E+02  4.1733E+06  ±  60.05     (0.550  eV – 110.0 keV)
        fast     5.1272E+05  4.0331E+09  ±   1.02     (110.0 keV –  20.0 MeV)
        fast     4.2541E+05  3.3463E+09  ±   0.73     (  1.0 MeV –  20.0 MeV)
        high     1.7208E+04  1.3535E+08  ±   1.33     ( 20.0 MeV –  60.0 MeV)

    MINI-SPECTRUM

       ENERGY       FLUX       FLUENCE      STDEV %
     1.0000E-10  5.7220E+02  4.5009E+06  ±   1.20
     9.2000E-06  9.1677E+00  7.2113E+04  ±  56.28
     9.6000E-04  3.2346E+01  2.5443E+05  ±  91.48
     9.2000E-03  2.9170E+02  2.2945E+06  ±  75.88
     8.8000E-02  3.1028E+03  2.4406E+07  ±  35.50
     3.6000E-01  6.8556E+04  5.3926E+08  ±   4.01
     9.2000E-01  1.3389E+05  1.0532E+09  ±   1.17
     2.3000E+00  1.5522E+05  1.2209E+09  ±   1.02
     1.0000E+01  1.4180E+05  1.1154E+09  ±   0.76
     2.4000E+01  1.0282E+04  8.0878E+07  ±   1.68
     6.0000E+01

       TOTAL     5.1376E+05  4.0412E+09  ±   1.04

    RELATIVE COVARIANCES (10×10)
     1000    82   -49  -112  -182  -188   -27    80   160    76
     1000   536    52   -30   -39   -25    -5     0    -1
     1000   473    60   -33   -26    -7    -1    -1
     1000   591    28   -56   -18    -6    -5
     1000   458    -7   -30   -11    -9
     1000   564    76    16    10
     1000   475   146    79
     1000   536    74
     1000   228
     1000

  SPECTRAL-AVERAGED REACTION RATES (for all cross section library reactions)

        REACTIONS        SIG-PHI      <SIG>          REACTIONS        SIG-PHI      <SIG>          REACTIONS        SIG-PHI      <SIG>  
   ------------------  ----------  ----------   ------------------  ----------  ----------   ------------------  ----------  ----------
   LI6(N,A)T           6.3852E-19  1.2428E-24   FE58(N,G)FE59       1.4464E-21  2.8153E-27   IN115(N,N')IN115M   8.7667E-20  1.7064E-25
   B10(N,A)LI7         2.3925E-18  4.6568E-24   CO59(N,2N)CO58      6.6150E-20  1.2876E-25   IN115(N,2N)IN114M   1.4551E-19  2.8323E-25
   F19(N,2N)F18        4.4885E-21  8.7366E-27   CO59(N,3N)CO57      3.0801E-21  5.9952E-27   IN115(N,G)IN116M    1.9539E-19  3.8032E-25
   NA23(N,2N)NA22      4.5151E-21  8.7884E-27   CO59(N,G)CO60       2.3713E-20  4.6156E-26   I127(N,2N)I126      1.6620E-19  3.2349E-25
   NA23(N,G)NA24       4.2423E-22  8.2575E-28   CO59(N,P)FE59       1.0057E-20  1.9576E-26   LA139(N,G)LA140     7.4124E-21  1.4428E-26
   MG24(N,P)NA24       3.2176E-20  6.2630E-26   CO59(N,A)MN56       4.2863E-21  8.3430E-27   PR141(N,2N)PR140    1.8215E-19  3.5454E-25
   AL27(N,P)MG27       2.0184E-20  3.9288E-26   NI58(N,2N)NI57      3.6952E-21  7.1925E-27   TM169(N,2N)TM168    2.7215E-19  5.2972E-25
   AL27(N,A)NA24       1.9161E-20  3.7296E-26   NI58(N,P)CO58       1.4598E-19  2.8413E-25   TM169(N,3N)TM167    2.9712E-20  5.7833E-26
   SI28(N,P)AL28       5.5738E-20  1.0849E-25   NI60(N,P)CO60       2.5805E-20  5.0227E-26   TA181(N,G)TA182     4.1428E-20  8.0638E-26
   P31(N,P)SI31        3.5712E-20  6.9511E-26   CU63(N,2N)CU62      4.6171E-20  8.9868E-26   W186(N,G)W187       3.2567E-20  6.3391E-26
   S32(N,P)P32         8.7818E-20  1.7093E-25   CU63(N,G)CU64       6.1786E-21  1.2026E-26   AU197(N,2N)AU196    2.6887E-19  5.2333E-25
   TI46(N,2N)TI45      8.5625E-21  1.6666E-26   CU63(N,A)CO60       7.4207E-21  1.4444E-26   AU197(N,G)AU198     1.0040E-19  1.9543E-25
   TI46(N,P)SC46       6.2419E-20  1.2150E-25   CU65(N,2N)CU64      8.7059E-20  1.6945E-25   HG199(N,N')HG199M   1.6827E-19  3.2754E-25
   TI47(N,P)SC47       3.1713E-20  6.1727E-26   ZN64(N,P)CU64       5.8845E-20  1.1454E-25   PB204(N,N')PB204M   4.4487E-20  8.6591E-26
   TI47(N,X)SC46       9.9219E-21  1.9312E-26   ZN67(N,P)CU67       5.7551E-21  1.1202E-26   BI209(N,3N)BI207    3.5002E-20  6.8129E-26
   TI48(N,P)SC48       8.8507E-21  1.7227E-26   AS75(N,2N)AS74      9.3270E-20  1.8154E-25   TH232(N,FISSION)    1.0840E-19  2.1100E-25
   TI48(N,X)SC47       4.8160E-21  9.3741E-27   Y89(N,2N)Y88        8.1274E-20  1.5820E-25   TH232(N,G)TH233     3.2203E-20  6.2681E-26
   TI49(N,X)SC48       3.0665E-21  5.9688E-27   ZR90(N,2N)ZR89      6.6758E-20  1.2994E-25   U235(N,FISSION)     1.1175E-18  2.1752E-24
   V51(N,A)SC48        1.9386E-21  3.7734E-27   NB93(N,G)NB94       7.4723E-21  1.4544E-26   U235(N,G)U236       8.6860E-20  1.6907E-25
   CR52(N,2N)CR51      3.4047E-20  6.6270E-26   NB93(N,N')NB93M     6.3821E-20  1.2422E-25   U238(N,2N)U237      2.5584E-19  4.9798E-25
   MN55(N,2N)MN54      6.7846E-20  1.3206E-25   NB93(N,2N)NB92M     5.3978E-20  1.0507E-25   U238(N,FISSION)     3.3070E-19  6.4370E-25
   MN55(N,G)MN56       8.7041E-21  1.6942E-26   MO92(N,P)NB92M      2.3252E-20  4.5259E-26   U238(N,G)U239       2.4923E-20  4.8512E-26
   FE54(N,2N)FE53      3.1507E-21  6.1327E-27   RH103(N,N')RH103M   3.8027E-19  7.4018E-25   NP237(N,FISSION)    8.9926E-19  1.7504E-24
   FE54(N,P)MN54       1.2078E-19  2.3510E-25   AG109(N,G)AG110M    6.0112E-21  1.1701E-26   PU239(N,FISSION)    1.6025E-18  3.1192E-24
   FE54(N,A)CR51       1.3890E-20  2.7036E-26   IN113(N,N')IN113M   7.1569E-20  1.3930E-25   AM241(N,FISSION)    9.6762E-19  1.8834E-24
   FE56(N,P)MN56       1.8349E-20  3.5715E-26   IN113(N,G)IN114M    6.0353E-20  1.1747E-25   SC45(N,G)SC46       1.7473E-20  3.4011E-26

  INPUT FLUX REL. CORRELATION MATRIX (by row from diagonal)
   1   1000   986   952   904   847   782   713   642   568   489   407   328   259   201   153   115    85    62    44    31
         22    15    10     7     5     4     3     2     2     2     1     1     1     1     1     1     1     1     1     1
          1     1     1     1     1     1     1     2     2     2     2     2     2     2     3     3     3     4     5     6
          8    10    14    18    23    30    38    48    60    75    89   102   108   109   102    79    50    30    19   109
        110   110   111   114   116   119   123   127   129   132   133   134   134   133   130   129   126   122   117   112
        107   101    95    89    84    79    75    72    69    66    64    62    60    58    53    48    41    23   248   248
        248   248   248   248   248   248   248   248   248   248   248   248   248   248   248   248   248   248   248   248

  OUTPUT FLUX REL. CORRELATION MATRIX (by row from diagonal)
   1   1000   984   944   887   816   736   650   561   470   376   281   194   121    61    15   -18   -41   -57   -65   -68
        -68   -65   -60   -55   -49   -44   -39   -36   -33   -31   -29   -29   -29   -30   -31   -32   -34   -36   -39   -42
        -45   -49   -53   -58   -63   -68   -74   -80   -86   -93  -100  -106  -113  -120  -126  -132  -137  -142  -146  -149
       -151  -151  -150  -146  -141  -132  -122  -108   -91   -71   -50   -29   -15    -5    -3   -14   -28   -35   -35    41
         48    53    59    65    70    76    82    88    91    95    97    99    99    98    96    94    91    87    82    78
         74    69    64    60    56    53    50    47    45    44    43    41    40    38    35    32    27    15   182   182
        182   182   182   182   182   182   182   182   182   182   182   182   182   182   182   182   182   182   182   182
   2   1000   987   953   901   835   758   673   580   478   372   271   185   113    57    13   -18   -40   -54   -61   -64
        -63   -59   -55   -50   -45   -41   -37   -34   -32   -31   -30   -31   -31   -33   -34   -36   -39   -42   -45   -49
        -53   -57   -62   -68   -73   -80   -86   -93  -100  -107  -115  -122  -129  -136  -142  -148  -153  -157  -160  -162
       -162  -159  -154  -147  -136  -122  -104   -82   -56   -28    -2    15    26    25     5   -20   -34   -38    75    82
         87    93   101   107   113   121   129   134   138   141   143   144   142   139   137   132   127   120   114   108
        101    94    88    83    78    74    71    68    66    64    61    60    58    53    49    41    23   278   278   278
        278   278   278   278   278   278   278   278   278   278   278   278   278   278   278   278   278   278   278
   3   1000   989   957   908   845   768   680   576   463   353   257   175   108    55    14   -15   -35   -48   -55   -57
        -56   -53   -49   -45   -41   -38   -35   -33   -32   -31   -32   -33   -34   -36   -38   -40   -44   -47   -51   -55
        -60   -65   -71   -77   -83   -90   -98  -105  -113  -120  -128  -135  -143  -149  -155  -161  -165  -168  -169  -169
       -166  -160  -151  -138  -121  -100   -75   -44   -12    18    38    49    46    19   -13   -32   -40    99   107   112
        118   126   133   140   149   158   164   169   172   175   175   174   170   167   162   155   147   140   132   123
        116   108   102    96    91    87    84    81    79    76    75    72    66    60    51    28   347   347   347   347
        347   347   347   347   347   347   347   347   347   347   347   347   347   347   347   347   347   347
   4   1000   990   959   912   848   767   667   554   440   336   245   169   106    56    18    -9   -28   -40   -47   -49
        -48   -46   -43   -40   -37   -35   -33   -32   -32   -32   -33   -35   -37   -39   -42   -45   -48   -52   -57   -62
        -67   -73   -79   -86   -93  -101  -108  -116  -124  -132  -140  -147  -154  -161  -166  -170  -173  -175  -174  -170
       -164  -154  -140  -122  -100   -72   -39    -4    28    50    61    57    27   -10   -32   -41   113   120   126   132
        141   148   156   165   175   181   187   190   193   194   192   187   185   179   171   162   155   146   137   128
        120   113   106   101    96    93    90    88    84    83    79    74    67    56    31   386   386   386   386   386
        386   386   386   386   386   386   386   386   386   386   386   386   386   386   386   386   386
   5   1000   990   960   912   844   753   643   529   421   325   240   168   108    61    24    -1   -20   -31   -38   -41
        -41   -40   -38   -36   -34   -33   -32   -32   -33   -34   -35   -37   -40   -42   -46   -49   -53   -58   -63   -69
        -75   -81   -88   -95  -103  -111  -119  -127  -135  -143  -150  -157  -164  -169  -174  -177  -178  -177  -174  -167
       -156  -142  -123   -99   -70   -35     0    35    57    69    64    32    -8   -32   -42   121   129   134   141   150
        157   165   175   186   192   198   202   205   205   203   198   196   189   181   172   164   155   145   136   127
        120   112   107   102    98    96    93    90    88    84    78    71    60    33   410   410   410   410   410   410
        410   410   410   410   410   410   410   410   410   410   410   410   410   410   410   410
   6   1000   990   960   908   829   729   619   511   411   320   240   171   114    68    33     7   -10   -22   -29   -33
        -34   -34   -34   -33   -32   -32   -32   -33   -34   -35   -38   -40   -43   -46   -50   -54   -59   -64   -69   -75
        -82   -89   -96  -104  -112  -120  -128  -136  -144  -152  -159  -165  -171  -176  -179  -180  -179  -175  -168  -157
       -143  -123   -99   -69   -33     3    39    61    73    68    34    -7   -32   -42   125   134   139   145   155   162
        170   181   192   198   204   208   211   211   209   204   202   195   186   177   169   160   149   140   131   123
        116   110   105   101    99    96    92    91    87    81    73    62    34   423   423   423   423   423   423   423
        423   423   423   423   423   423   423   423   423   423   423   423   423   423   423
   7   1000   990   956   896   809   708   604   504   409   322   245   178   123    78    43    17     0   -13   -21   -26
        -28   -30   -30   -31   -31   -32   -32   -34   -35   -38   -40   -43   -46   -50   -54   -59   -64   -69   -76   -82
        -89   -96  -104  -112  -120  -128  -136  -144  -152  -159  -166  -172  -176  -179  -180  -179  -176  -169  -158  -143
       -124  -100   -70   -35     2    37    60    71    67    33    -8   -32   -42   124   132   137   144   153   160   169
        179   190   196   202   206   209   209   207   202   200   193   185   175   167   158   148   139   130   122   115
        109   104   100    98    95    92    90    86    80    73    61    34   419   419   419   419   419   419   419   419
        419   419   419   419   419   419   419   419   419   419   419   419   419   419
   8   1000   988   948   880   793   698   601   506   415   330   255   189   134    90    55    28     9    -4   -13   -19
        -23   -26   -28   -29   -30   -32   -33   -35   -37   -40   -43   -46   -50   -54   -59   -64   -69   -75   -82   -89
        -96  -104  -112  -120  -128  -136  -144  -151  -159  -165  -171  -175  -178  -180  -179  -175  -169  -158  -144  -125
       -102   -73   -39    -3    30    52    63    60    28   -10   -33   -42   116   124   130   136   145   152   160   171
        181   187   193   196   199   200   198   193   191   184   176   167   159   151   141   132   124   116   109   104
         99    96    93    90    87    86    82    76    69    58    32   398   398   398   398   398   398   398   398   398
        398   398   398   398   398   398   398   398   398   398   398   398   398
   9   1000   985   941   873   792   703   610   517   428   345   270   204   149   103    67    40    19     3    -6   -14
        -19   -23   -26   -28   -30   -33   -35   -37   -40   -43   -46   -50   -54   -58   -63   -69   -75   -81   -88   -95
       -103  -110  -118  -126  -134  -142  -150  -157  -163  -169  -173  -176  -178  -177  -174  -168  -159  -146  -129  -107
        -81   -50   -16    14    35    46    44    17   -15   -35   -42    99   107   113   119   127   134   142   151   161
        166   172   175   178   178   176   172   170   164   157   149   142   134   125   117   110   103    97    92    88
         85    82    80    77    76    72    67    61    51    28   350   350   350   350   350   350   350   350   350   350
        350   350   350   350   350   350   350   350   350   350   350   350
  10   1000   985   942   880   804   719   629   537   448   364   288   222   165   118    81    51    28    11     0   -10
        -16   -21   -25   -28   -31   -34   -36   -39   -42   -45   -49   -53   -57   -62   -67   -73   -79   -86   -93  -100
       -108  -116  -123  -131  -139  -146  -153  -159  -165  -169  -173  -174  -174  -172  -167  -159  -148  -134  -116   -93
        -67   -39   -13     5    16    16    -1   -25   -37   -41    69    77    83    89    97   103   110   118   125   130
        135   138   140   140   139   136   134   129   123   117   111   105    98    92    86    81    76    72    68    66
         64    62    59    58    56    52    47    39    22   268   268   268   268   268   268   268   268   268   268   268
        268   268   268   268   268   268   268   268   268   268   268
  11   1000   986   947   890   818   735   646   555   466   382   306   238   180   132    92    61    36    18     3    -6
        -14   -20   -24   -28   -31   -34   -37   -40   -43   -47   -51   -55   -60   -65   -70   -76   -83   -89   -96  -104
       -111  -118  -126  -133  -140  -147  -153  -158  -163  -166  -168  -168  -166  -163  -157  -148  -137  -122  -105   -84
        -62   -40   -25   -14   -11   -21   -34   -39   -39    37    45    51    57    64    69    75    81    87    91    95
         97    99    99    98    96    95    91    87    82    78    74    69    64    60    56    52    49    47    45    44
         42    41    40    38    35    32    27    15   179   179   179   179   179   179   179   179   179   179   179   179
        179   179   179   179   179   179   179   179   179   179
  12   1000   987   952   897   828   747   659   569   480   396   320   251   192   143   102    69    43    23     7    -3
        -12   -19   -24   -28   -32   -35   -38   -41   -45   -48   -52   -57   -62   -67   -72   -78   -85   -91   -98  -105
       -112  -119  -126  -133  -139  -145  -150  -154  -157  -159  -160  -159  -156  -152  -145  -136  -125  -111   -95   -78
        -61   -48   -38   -33   -36   -40   -40   -36    12    19    25    31    36    41    46    51    56    59    62    63
         65    65    64    63    62    60    57    54    51    48    44    41    38    36    33    31    30    28    27    26
         25    24    23    21    19    16     9   106   106   106   106   106   106   106   106   106   106   106   106   106
        106   106   106   106   106   106   106   106   106
  13   1000   988   954   902   833   754   667   578   490   407   330   261   201   151   109    74    47    26    10    -1
        -11   -18   -23   -28   -32   -35   -39   -42   -46   -49   -54   -58   -63   -68   -74   -80   -86   -93   -99  -106
       -112  -119  -125  -131  -136  -141  -145  -148  -150  -150  -150  -148  -144  -139  -132  -123  -112  -100   -86   -72
        -61   -51   -45   -44   -43   -39   -34    -3     2     8    13    19    23    27    31    35    37    39    41    42
         42    42    41    40    38    36    34    32    30    28    26    24    22    20    19    18    17    16    15    14
         14    13    12    11     9     5    57    57    57    57    57    57    57    57    57    57    57    57    57    57
         57    57    57    57    57    57    57    57
  14   1000   989   956   904   837   759   674   586   498   415   338   269   208   157   114    79    51    29    12     0
        -10   -17   -23   -28   -32   -36   -39   -43   -46   -50   -55   -59   -64   -69   -75   -81   -87   -93   -99  -105
       -111  -117  -122  -127  -131  -135  -138  -140  -141  -140  -139  -136  -131  -125  -118  -109   -99   -88   -77   -67
        -58   -51   -47   -43   -37   -31   -13    -7    -2     2     7    11    15    18    21    23    24    25    26    27
         26    26    25    24    23    21    20    18    17    15    14    13    12    11    10     9     9     8     8     7
          7     6     5     5     3    25    25    25    25    25    25    25    25    25    25    25    25    25    25    25
         25    25    25    25    25    25    25
  15   1000   989   957   906   840   763   679   592   505   422   345   275   214   161   118    82    53    31    13     0
         -9   -17   -23   -28   -32   -36   -39   -43   -47   -51   -55   -60   -65   -70   -75   -81   -86   -92   -98  -103
       -109  -114  -118  -122  -125  -128  -130  -130  -130  -129  -126  -123  -118  -111  -104   -96   -86   -77   -68   -60
        -53   -48   -42   -35   -28   -18   -13    -8    -3     0     4     7     9    12    13    15    16    16    17    17
         16    16    15    14    13    12    11    10     9     8     7     6     6     5     4     4     4     3     3     3
          2     2     2     1     6     6     6     6     6     6     6     6     6     6     6     6     6     6     6     6
          6     6     6     6     6     6
  16   1000   989   958   908   843   767   683   597   510   427   350   280   218   165   120    84    55    32    14     1
         -8   -16   -23   -28   -32   -36   -39   -43   -47   -51   -55   -60   -65   -70   -75   -80   -85   -90   -95  -100
       -105  -109  -113  -116  -118  -119  -120  -120  -119  -116  -113  -109  -104   -97   -90   -82   -74   -66   -59   -52
        -46   -39   -32   -25   -20   -15   -11    -7    -3     0     2     4     6     7     9     9    10    10    10    10
          9     9     8     8     7     6     5     5     4     3     3     2     2     1     1     1     1     0     0     0
          0     0     0    -5    -5    -5    -5    -5    -5    -5    -5    -5    -5    -5    -5    -5    -5    -5    -5    -5
         -5    -5    -5    -5    -5
  17   1000   989   958   909   845   770   687   601   514   431   354   283   221   167   123    86    56    33    15     2
         -8   -16   -22   -27   -31   -35   -39   -43   -47   -51   -55   -59   -64   -69   -73   -78   -83   -88   -92   -96
       -100  -103  -106  -108  -109  -110  -109  -108  -106  -103  -100   -95   -90   -83   -77   -70   -63   -56   -50   -43
        -36   -29   -23   -21   -17   -12    -9    -5    -3     0     1     2     3     4     5     5     6     6     6     5
          5     4     4     3     3     2     2     1     1     1     0     0     0     0     0     0     0     0     0     0
          0     0   -12   -12   -12   -12   -12   -12   -12   -12   -12   -12   -12   -12   -12   -12   -12   -12   -12   -12
        -12   -12   -12   -12
  18   1000   990   959   910   847   772   690   604   518   434   356   286   223   169   124    87    58    34    16     3
         -7   -15   -21   -26   -31   -35   -38   -42   -46   -50   -54   -58   -62   -67   -71   -75   -80   -83   -87   -90
        -93   -96   -97   -99   -99   -99   -98   -96   -93   -90   -86   -81   -76   -70   -64   -58   -52   -46   -40   -33
        -26   -20   -21   -17   -13   -10    -7    -4    -2    -1     0     1     2     2     2     3     3     3     2     2
          2     1     1     1     0     0     0     0     0     0     0    -1    -1    -1    -1    -1    -1    -1    -1    -1
          0   -17   -17   -17   -17   -17   -17   -17   -17   -17   -17   -17   -17   -17   -17   -17   -17   -17   -17   -17
        -17   -17   -17
  19   1000   990   959   912   849   774   692   606   520   436   358   287   225   171   125    88    59    35    17     3
         -6   -14   -20   -25   -30   -34   -37   -41   -45   -48   -52   -56   -60   -64   -68   -72   -75   -78   -81   -84
        -86   -87   -88   -89   -88   -87   -86   -84   -81   -77   -73   -69   -64   -58   -53   -48   -42   -36   -29   -23
        -18   -20   -16   -13   -10    -7    -5    -3    -2    -1     0     0     0     0     1     1     1     0     0     0
          0     0     0     0     0     0    -1    -1    -1    -1    -1    -2    -2    -2    -2    -2    -2    -2    -1     0
        -19   -19   -19   -19   -19   -19   -19   -19   -19   -19   -19   -19   -19   -19   -19   -19   -19   -19   -19   -19
        -19   -19
  20   1000   990   960   912   850   776   694   608   522   438   360   288   226   172   126    89    60    36    18     5
         -5   -13   -19   -24   -29   -33   -36   -40   -43   -47   -50   -54   -57   -61   -64   -67   -70   -72   -75   -76
        -78   -79   -79   -78   -78   -76   -74   -72   -69   -65   -61   -57   -52   -48   -43   -38   -33   -26   -20   -15
        -18   -15   -12   -10    -7    -5    -4    -3    -2    -1    -1     0     0     0     0     0     0     0     0     0
         -1    -1    -1    -1    -1    -1    -1    -2    -2    -2    -2    -2    -2    -2    -2    -2    -2    -1     0   -20
        -20   -20   -20   -20   -20   -20   -20   -20   -20   -20   -20   -20   -20   -20   -20   -20   -20   -20   -20   -20
        -20
  21   1000   990   960   913   851   777   695   609   522   439   360   289   226   172   127    90    61    37    19     6
         -4   -12   -18   -23   -27   -31   -34   -38   -41   -44   -47   -51   -54   -57   -59   -62   -64   -66   -67   -69
        -69   -69   -69   -68   -67   -65   -63   -60   -57   -54   -50   -46   -42   -38   -34   -29   -23   -18   -13   -17
        -14   -11    -9    -7    -5    -4    -3    -2    -2    -1    -1    -1    -1    -1     0    -1    -1    -1    -1    -1
         -1    -1    -1    -1    -2    -2    -2    -2    -2    -2    -2    -2    -2    -2    -2    -2    -1     0   -19   -19
        -19   -19   -19   -19   -19   -19   -19   -19   -19   -19   -19   -19   -19   -19   -19   -19   -19   -19   -19   -19
  22   1000   990   960   913   851   777   695   609   523   439   361   290   227   173   128    91    62    38    20     7
         -3   -11   -17   -22   -26   -29   -33   -36   -39   -42   -44   -47   -50   -52   -54   -56   -58   -59   -60   -61
        -61   -60   -60   -58   -57   -55   -53   -50   -47   -44   -41   -37   -34   -30   -25   -20   -15   -11   -15   -12
        -10    -8    -6    -5    -4    -3    -2    -2    -2    -1    -1    -1    -1    -1    -1    -1    -1    -1    -1    -1
         -1    -1    -1    -2    -2    -2    -2    -2    -2    -2    -2    -2    -2    -2    -2    -1     0   -18   -18   -18
        -18   -18   -18   -18   -18   -18   -18   -18   -18   -18   -18   -18   -18   -18   -18   -18   -18   -18   -18
  23   1000   990   961   913   851   777   696   610   523   440   361   290   228   174   129    92    63    39    22     8
         -1    -9   -15   -20   -24   -28   -31   -33   -36   -39   -41   -43   -45   -47   -49   -50   -51   -52   -53   -53
        -52   -52   -51   -49   -48   -46   -43   -41   -38   -35   -32   -29   -26   -22   -17   -13    -9   -13   -11    -9
         -7    -6    -4    -3    -3    -2    -2    -1    -1    -1    -1    -1    -1    -1    -1    -1    -1    -1    -1    -1
         -1    -1    -1    -1    -1    -2    -2    -2    -2    -2    -2    -2    -2    -1    -1     0   -16   -16   -16   -16
        -16   -16   -16   -16   -16   -16   -16   -16   -16   -16   -16   -16   -16   -16   -16   -16   -16   -16
  24   1000   990   961   914   851   778   696   610   523   440   362   291   228   175   130    93    64    40    23     9
          0    -8   -14   -19   -22   -26   -28   -31   -33   -36   -38   -39   -41   -43   -44   -45   -45   -46   -46   -45
        -45   -44   -43   -41   -39   -37   -35   -33   -31   -28   -25   -22   -19   -15   -11    -8   -11    -9    -8    -6
         -5    -4    -3    -2    -2    -2    -1    -1    -1    -1    -1    -1    -1    -1    -1    -1    -1    -1    -1    -1
         -1    -1    -1    -1    -1    -1    -1    -1    -1    -2    -2    -1    -1    -1     0   -14   -14   -14   -14   -14
        -14   -14   -14   -14   -14   -14   -14   -14   -14   -14   -14   -14   -14   -14   -14   -14   -14
  25   1000   990   961   914   851   777   696   610   523   440   362   291   229   175   130    94    64    41    24    10
          0    -7   -13   -17   -21   -24   -26   -29   -31   -33   -34   -36   -37   -38   -39   -39   -40   -40   -39   -39
        -38   -37   -36   -34   -32   -31   -29   -26   -24   -22   -19   -16   -12    -9    -7    -9    -8    -6    -5    -4
         -3    -2    -2    -2    -1    -1    -1    -1    -1    -1    -1    -1    -1    -1    -1    -1    -1    -1    -1    -1
         -1    -1    -1    -1    -1    -1    -1    -1    -1    -1    -1    -1    -1     0   -12   -12   -12   -12   -12   -12
        -12   -12   -12   -12   -12   -12   -12   -12   -12   -12   -12   -12   -12   -12   -12   -12
  26   1000   990   961   914   851   777   696   610   524   440   362   292   229   176   131    94    65    42    25    11
          1    -6   -11   -16   -19   -22   -24   -27   -28   -30   -31   -32   -33   -34   -34   -35   -35   -34   -34   -33
        -32   -31   -30   -28   -27   -25   -23   -21   -19   -17   -14   -11    -8    -6    -8    -7    -5    -4    -3    -3
         -2    -2    -1    -1    -1    -1     0     0     0     0     0     0     0     0    -1    -1    -1    -1    -1    -1
         -1    -1    -1    -1    -1    -1    -1    -1    -1    -1    -1     0     0   -11   -11   -11   -11   -11   -11   -11
        -11   -11   -11   -11   -11   -11   -11   -11   -11   -11   -11   -11   -11   -11   -11
  27   1000   990   961   913   851   777   696   610   524   440   363   292   230   176   132    95    66    43    25    12
          2    -5   -10   -15   -18   -21   -23   -25   -26   -27   -28   -29   -30   -30   -31   -31   -30   -30   -29   -29
        -27   -26   -25   -23   -22   -20   -18   -17   -15   -12    -9    -7    -5    -7    -6    -5    -4    -3    -2    -2
         -1    -1    -1     0     0     0     0     0     0     0     0     0     0     0     0     0     0     0     0     0
          0     0    -1    -1    -1    -1    -1    -1    -1     0     0     0    -9    -9    -9    -9    -9    -9    -9    -9
         -9    -9    -9    -9    -9    -9    -9    -9    -9    -9    -9    -9    -9    -9
  28   1000   990   961   913   851   777   696   610   524   441   363   292   230   177   132    95    66    43    26    12
          2    -4   -10   -14   -17   -20   -21   -23   -24   -25   -26   -27   -27   -28   -28   -27   -27   -26   -26   -25
        -24   -22   -21   -20   -18   -16   -15   -13   -11    -8    -6    -4    -6    -5    -4    -3    -2    -2    -1    -1
         -1     0     0     0     0     0     0     0     0     0     0     0     0     0     0     0     0     0     0     0
          0     0     0     0     0     0     0     0     0     0     0    -8    -8    -8    -8    -8    -8    -8    -8    -8
         -8    -8    -8    -8    -8    -8    -8    -8    -8    -8    -8    -8    -8
  29   1000   990   961   913   851   777   696   610   524   441   363   292   230   177   132    96    67    44    26    13
          3    -4    -9   -13   -16   -19   -21   -22   -23   -24   -25   -25   -25   -25   -25   -25   -24   -24   -23   -22
        -21   -19   -18   -17   -15   -14   -12   -10    -8    -6    -4    -6    -5    -4    -3    -2    -1    -1    -1     0
          0     0     0     0     0     0     0     0     0     0     0     0     0     0     0     0     0     0     0     0
          0     0     0     0     0     0     0     0     0     0    -7    -7    -7    -7    -7    -7    -7    -7    -7    -7
         -7    -7    -7    -7    -7    -7    -7    -7    -7    -7    -7    -7
  30   1000   990   961   913   851   778   696   610   524   441   363   293   230   177   132    96    66    44    26    13
          3    -4    -9   -13   -16   -18   -20   -21   -22   -23   -24   -24   -24   -24   -24   -23   -22   -22   -21   -20
        -18   -17   -16   -14   -13   -11    -9    -7    -5    -4    -5    -4    -3    -3    -2    -1    -1    -1     0     0
          0     0     0     0     0     0     0     0     0     0     0     0     0     0     0     0     0     0     0     0
          0     0     0     0     0     0     0     0     0    -6    -6    -6    -6    -6    -6    -6    -6    -6    -6    -6
         -6    -6    -6    -6    -6    -6    -6    -6    -6    -6    -6
  31   1000   990   961   913   851   778   696   610   524   441   363   293   230   177   132    95    66    43    26    12
          2    -4   -10   -14   -16   -19   -20   -21   -22   -23   -23   -23   -23   -23   -22   -22   -21   -20   -19   -18
        -17   -15   -14   -13   -11    -9    -7    -5    -4    -5    -4    -3    -2    -2    -1    -1     0     0     0     0
          0     0     0     0     0     0     0     0     0     0     0     0     0     0     0     0     0     0     0     0
          0     0     0     0     0     0     0     0    -6    -6    -6    -6    -6    -6    -6    -6    -6    -6    -6    -6
         -6    -6    -6    -6    -6    -6    -6    -6    -6    -6
  32   1000   990   961   913   851   778   696   610   524   441   363   292   230   177   132    95    66    43    25    11
          1    -5   -10   -14   -17   -19   -21   -22   -22   -23   -23   -23   -23   -22   -22   -21   -20   -19   -18   -17
        -16   -14   -13   -11    -9    -7    -6    -4    -5    -4    -3    -3    -2    -1    -1     0     0     0     0     0
          0     0     0     0     0     0     0     0     0     0     0     0     0     0     0     0     0     0     0     0
          0     0     0     0     0     0     0    -6    -6    -6    -6    -6    -6    -6    -6    -6    -6    -6    -6    -6
         -6    -6    -6    -6    -6    -6    -6    -6    -6
  33   1000   990   961   913   851   778   696   610   524   441   363   292   230   176   131    94    65    42    24    10
          0    -6   -11   -15   -18   -20   -22   -22   -23   -23   -23   -23   -23   -22   -22   -21   -20   -19   -18   -16
        -15   -13   -12   -10    -8    -6    -4    -5    -4    -4    -3    -2    -1    -1    -1     0     0     0     0     0
          0     0     0     0     0     0     0     0     0     0     0     0     0     0     0     0     0     0     0     0
          0     0     0     0     0     0    -6    -6    -6    -6    -6    -6    -6    -6    -6    -6    -6    -6    -6    -6
         -6    -6    -6    -6    -6    -6    -6    -6
  34   1000   990   961   913   851   777   696   610   524   440   362   292   229   175   130    93    64    40    22     9
          0    -8   -13   -17   -20   -21   -23   -24   -24   -24   -24   -24   -23   -23   -22   -21   -20   -18   -17   -16
        -14   -12   -11    -8    -6    -5    -6    -5    -4    -3    -2    -2    -1    -1     0     0     0     0     0     0
          0     0     0     0     0     0     0     0     0     0     0     0     0     0     0     0     0     0     0     0
          0     0     0     0     0    -7    -7    -7    -7    -7    -7    -7    -7    -7    -7    -7    -7    -7    -7    -7
         -7    -7    -7    -7    -7    -7    -7
  35   1000   990   961   913   851   777   696   610   524   440   362   291   228   174   129    92    62    39    21     7
         -2    -9   -15   -19   -21   -23   -24   -25   -25   -26   -25   -25   -24   -23   -22   -21   -20   -18   -17   -15
        -13   -11    -9    -7    -5    -6    -5    -4    -3    -3    -2    -1    -1    -1     0     0     0     0     0     0
          0     0     0     0     0     0     0     0     0     0     0     0     0     0     0     0     0     0     0     0
          0     0     0     0    -7    -7    -7    -7    -7    -7    -7    -7    -7    -7    -7    -7    -7    -7    -7    -7
         -7    -7    -7    -7    -7    -7
  36   1000   990   961   913   851   777   695   610   523   439   361   290   227   173   127    90    60    37    19     5
         -4   -12   -17   -21   -23   -25   -26   -27   -27   -27   -27   -26   -25   -24   -23   -21   -20   -18   -17   -15
        -12   -10    -7    -6    -7    -6    -5    -4    -3    -2    -2    -1    -1    -1     0     0     0     0     0     0
          0     0     0     0     0     0     0     0     0     0     0     0     0     0     0     0    -1    -1    -1     0
          0     0     0    -8    -8    -8    -8    -8    -8    -8    -8    -8    -8    -8    -8    -8    -8    -8    -8    -8
         -8    -8    -8    -8    -8
  37   1000   990   961   913   851   777   695   609   523   439   360   289   226   171   126    88    58    34    16     2
         -7   -14   -20   -23   -26   -28   -28   -29   -29   -29   -28   -27   -26   -25   -23   -22   -20   -18   -16   -14
        -11    -8    -6    -8    -7    -5    -4    -3    -3    -2    -1    -1    -1    -1     0     0     0     0     0     0
          0     0     0     0     0     0     0     0     0     0    -1    -1    -1    -1    -1    -1    -1    -1    -1     0
          0     0    -9    -9    -9    -9    -9    -9    -9    -9    -9    -9    -9    -9    -9    -9    -9    -9    -9    -9
         -9    -9    -9    -9
  38   1000   990   961   913   851   777   695   609   522   438   359   287   224   169   123    86    55    32    13     0
        -10   -17   -23   -26   -29   -30   -31   -31   -31   -30   -29   -28   -27   -25   -24   -22   -20   -18   -15   -12
         -9    -7    -9    -7    -6    -5    -4    -3    -2    -2    -1    -1    -1    -1    -1    -1    -1     0    -1    -1
         -1    -1    -1    -1    -1    -1    -1    -1    -1    -1    -1    -1    -1    -1    -1    -1    -1    -1    -1     0
          0   -10   -10   -10   -10   -10   -10   -10   -10   -10   -10   -10   -10   -10   -10   -10   -10   -10   -10   -10
        -10   -10   -10
  39   1000   990   960   913   851   777   694   608   521   437   358   286   222   167   121    83    52    28    10    -3
        -13   -20   -26   -29   -31   -33   -33   -33   -33   -32   -31   -30   -28   -26   -24   -22   -20   -17   -13   -10
         -8   -10    -8    -7    -6    -4    -4    -3    -2    -2    -1    -1    -1    -1    -1    -1    -1    -1    -1    -1
         -1    -1    -1    -1    -1    -1    -1    -1    -1    -1    -1    -1    -1    -1    -1    -1    -1    -1    -1     0
        -11   -11   -11   -11   -11   -11   -11   -11   -11   -11   -11   -11   -11   -11   -11   -11   -11   -11   -11   -11
        -11   -11
  40   1000   990   960   913   851   776   694   607   520   435   356   284   220   164   118    80    49    25     6    -6
        -17   -24   -29   -32   -35   -36   -36   -36   -35   -34   -32   -31   -29   -26   -24   -22   -18   -15   -11    -8
        -11    -9    -8    -6    -5    -4    -3    -3    -2    -2    -2    -1    -1    -1    -1    -1    -1    -1    -1    -1
         -1    -1    -1    -1    -1    -1    -1    -1    -1    -1    -1    -1    -1    -1    -1    -1    -1    -1     0   -13
        -13   -13   -13   -13   -13   -13   -13   -13   -13   -13   -13   -13   -13   -13   -13   -13   -13   -13   -13   -13
        -13
  41   1000   990   960   913   850   776   693   606   519   434   354   281   217   161   115    76    45    21     2   -10
        -21   -28   -33   -36   -38   -38   -38   -38   -37   -35   -34   -32   -29   -27   -24   -20   -16   -12    -9   -12
        -10    -9    -7    -6    -5    -4    -3    -3    -2    -2    -2    -2    -2    -1    -1    -2    -2    -2    -1    -2
         -2    -1    -1    -1    -1    -1    -1    -2    -2    -2    -2    -2    -2    -2    -1    -1    -1     0   -14   -14
        -14   -14   -14   -14   -14   -14   -14   -14   -14   -14   -14   -14   -14   -14   -14   -14   -14   -14   -14   -14
  42   1000   990   960   913   850   775   693   605   517   432   352   279   214   158   111    72    41    17    -1   -15
        -25   -32   -37   -39   -41   -41   -41   -40   -39   -37   -35   -32   -29   -26   -22   -18   -14   -10   -14   -12
        -10    -8    -7    -5    -4    -4    -3    -3    -2    -2    -2    -2    -2    -2    -2    -2    -2    -2    -2    -2
         -2    -2    -2    -2    -2    -2    -2    -2    -2    -2    -2    -2    -2    -2    -2    -1     0   -16   -16   -16
        -16   -16   -16   -16   -16   -16   -16   -16   -16   -16   -16   -16   -16   -16   -16   -16   -16   -16   -16
  43   1000   990   960   913   850   775   692   604   516   430   349   276   210   154   107    68    36    12    -6   -19
        -29   -36   -40   -43   -44   -44   -43   -42   -40   -38   -35   -32   -29   -25   -20   -15   -11   -15   -13   -11
         -9    -7    -6    -5    -4    -4    -3    -3    -3    -2    -2    -2    -2    -2    -2    -2    -2    -2    -2    -2
         -2    -2    -2    -2    -2    -2    -2    -2    -2    -2    -2    -2    -2    -2    -1     0   -18   -18   -18   -18
        -18   -18   -18   -18   -18   -18   -18   -18   -18   -18   -18   -18   -18   -18   -18   -18   -18   -18
  44   1000   990   960   912   849   774   691   602   514   427   346   272   206   150   102    63    31     7   -11   -24
        -34   -40   -44   -46   -47   -47   -46   -44   -41   -39   -35   -32   -27   -22   -17   -13   -17   -14   -12   -10
         -8    -7    -6    -5    -4    -4    -3    -3    -3    -3    -3    -3    -3    -3    -3    -3    -3    -3    -3    -3
         -3    -3    -2    -2    -3    -3    -3    -3    -3    -3    -3    -2    -2    -2     0   -20   -20   -20   -20   -20
        -20   -20   -20   -20   -20   -20   -20   -20   -20   -20   -20   -20   -20   -20   -20   -20   -20
  45   1000   990   960   912   849   773   689   601   511   424   343   268   202   145    97    57    26     2   -16   -29
        -38   -44   -48   -50   -50   -49   -48   -45   -42   -39   -35   -30   -24   -18   -14   -19   -16   -13   -11    -9
         -8    -6    -6    -5    -4    -4    -4    -3    -3    -3    -3    -3    -3    -3    -3    -3    -3    -3    -3    -3
         -3    -3    -3    -3    -3    -3    -3    -3    -3    -3    -3    -2    -2     0   -22   -22   -22   -22   -22   -22
        -22   -22   -22   -22   -22   -22   -22   -22   -22   -22   -22   -22   -22   -22   -22   -22
  46   1000   990   960   912   848   772   688   599   509   421   339   263   197   139    91    52    20    -3   -21   -34
        -43   -49   -52   -53   -53   -51   -49   -46   -42   -38   -32   -26   -20   -15   -20   -18   -15   -12   -10    -9
         -7    -6    -6    -5    -5    -4    -4    -4    -4    -4    -4    -4    -4    -4    -4    -4    -3    -3    -3    -3
         -3    -3    -3    -3    -3    -3    -3    -4    -3    -3    -3    -2    -1   -25   -25   -25   -25   -25   -25   -25
        -25   -25   -25   -25   -25   -25   -25   -25   -25   -25   -25   -25   -25   -25   -25
  47   1000   990   960   911   847   771   686   596   505   417   334   259   191   134    85    46    15    -8   -26   -39
        -47   -52   -55   -56   -55   -53   -50   -46   -41   -35   -28   -22   -17   -22   -19   -16   -14   -12   -10    -8
         -7    -6    -6    -5    -5    -5    -4    -4    -4    -4    -4    -4    -4    -4    -4    -4    -4    -4    -4    -4
         -4    -4    -4    -4    -4    -4    -4    -4    -4    -3    -3    -1   -27   -27   -27   -27   -27   -27   -27   -27
        -27   -27   -27   -27   -27   -27   -27   -27   -27   -27   -27   -27   -27   -27
  48   1000   990   960   911   846   769   684   593   502   413   330   253   186   128    79    40     9   -14   -31   -43
        -51   -56   -58   -58   -56   -53   -50   -45   -38   -31   -24   -18   -25   -21   -18   -15   -13   -11    -9    -8
         -7    -6    -6    -5    -5    -5    -5    -5    -5    -5    -5    -5    -5    -5    -4    -4    -4    -4    -4    -4
         -4    -4    -4    -4    -4    -4    -4    -4    -4    -3    -1   -30   -30   -30   -30   -30   -30   -30   -30   -30
        -30   -30   -30   -30   -30   -30   -30   -30   -30   -30   -30   -30   -30
  49   1000   990   959   910   845   768   682   590   498   409   324   248   180   122    73    34     3   -19   -36   -48
        -55   -59   -60   -59   -57   -53   -48   -41   -33   -26   -20   -27   -23   -20   -17   -14   -12   -10    -9    -8
         -7    -7    -6    -6    -6    -6    -5    -6    -5    -5    -5    -5    -5    -5    -5    -5    -5    -5    -5    -5
         -5    -5    -5    -5    -5    -5    -4    -4    -3    -1   -32   -32   -32   -32   -32   -32   -32   -32   -32   -32
        -32   -32   -32   -32   -32   -32   -32   -32   -32   -32   -32   -32
  50   1000   990   959   910   844   766   679   587   494   404   319   242   174   116    67    28    -1   -24   -40   -51
        -58   -61   -62   -60   -56   -52   -45   -36   -28   -22   -29   -25   -22   -18   -16   -13   -11   -10    -9    -8
         -7    -7    -7    -6    -6    -6    -6    -6    -6    -6    -6    -6    -6    -5    -5    -5    -5    -5    -5    -5
         -5    -5    -5    -5    -5    -5    -4    -4    -1   -35   -35   -35   -35   -35   -35   -35   -35   -35   -35   -35
        -35   -35   -35   -35   -35   -35   -35   -35   -35   -35   -35
  51   1000   990   959   909   843   764   676   584   490   399   314   236   168   110    62    23    -6   -28   -44   -55
        -61   -63   -62   -59   -55   -47   -39   -30   -23   -32   -27   -23   -20   -17   -14   -12   -11   -10    -9    -8
         -8    -7    -7    -7    -7    -7    -7    -7    -6    -6    -6    -6    -6    -6    -6    -6    -6    -6    -6    -6
         -6    -6    -6    -6    -5    -5    -4    -1   -38   -38   -38   -38   -38   -38   -38   -38   -38   -38   -38   -38
        -38   -38   -38   -38   -38   -38   -38   -38   -38   -38
  52   1000   989   958   908   842   762   674   580   486   394   308   231   162   104    56    18   -11   -33   -48   -57
        -62   -63   -61   -57   -50   -41   -32   -25   -34   -30   -25   -22   -19   -16   -14   -12   -11   -10    -9    -8
         -8    -8    -8    -7    -7    -7    -7    -7    -7    -7    -7    -6    -6    -6    -6    -6    -6    -6    -6    -6
         -6    -6    -6    -6    -5    -4    -2   -41   -41   -41   -41   -41   -41   -41   -41   -41   -41   -41   -41   -41
        -41   -41   -41   -41   -41   -41   -41   -41   -41
  53   1000   989   958   907   840   760   671   576   481   389   303   225   157    99    51    13   -15   -36   -50   -59
        -62   -62   -59   -52   -43   -34   -27   -37   -32   -27   -23   -20   -17   -15   -13   -12   -11   -10    -9    -9
         -9    -8    -8    -8    -8    -8    -7    -7    -7    -7    -7    -7    -7    -7    -7    -7    -7    -7    -7    -7
         -7    -7    -6    -6    -5    -2   -43   -43   -43   -43   -43   -43   -43   -43   -43   -43   -43   -43   -43   -43
        -43   -43   -43   -43   -43   -43   -43   -43
  54   1000   989   958   907   839   758   668   573   477   385   298   220   152    94    46     9   -19   -39   -52   -59
        -61   -59   -53   -44   -36   -29   -39   -34   -29   -25   -22   -19   -16   -14   -13   -12   -11   -10   -10    -9
         -9    -8    -9    -8    -8    -8    -8    -8    -7    -7    -7    -7    -7    -7    -7    -7    -7    -7    -7    -7
         -7    -7    -6    -5    -2   -46   -46   -46   -46   -46   -46   -46   -46   -46   -46   -46   -46   -46   -46   -46
        -46   -46   -46   -46   -46   -46   -46
  55   1000   989   957   906   837   756   665   569   473   380   293   215   147    89    42     5   -21   -40   -51   -57
        -57   -53   -45   -37   -30   -41   -36   -31   -27   -24   -20   -18   -16   -14   -13   -12   -11   -10   -10    -9
         -9    -9    -9    -9    -8    -8    -8    -8    -8    -8    -7    -7    -7    -7    -7    -8    -8    -8    -8    -7
         -7    -6    -5    -2   -48   -48   -48   -48   -48   -48   -48   -48   -48   -48   -48   -48   -48   -48   -48   -48
        -48   -48   -48   -48   -48   -48
  56   1000   989   957   905   836   753   662   566   469   376   289   210   142    85    38     2   -23   -40   -49   -53
        -51   -44   -37   -31   -43   -38   -33   -29   -25   -22   -19   -17   -15   -14   -13   -12   -11   -11   -10   -10
        -10    -9    -9    -9    -9    -9    -8    -8    -8    -8    -8    -8    -8    -8    -8    -8    -8    -8    -8    -7
         -7    -5    -2   -50   -50   -50   -50   -50   -50   -50   -50   -50   -50   -50   -50   -50   -50   -50   -50   -50
        -50   -50   -50   -50   -50
  57   1000   989   956   904   834   751   659   563   465   372   284   206   138    81    35     0   -22   -37   -45   -46
        -41   -36   -30   -44   -40   -35   -31   -27   -23   -20   -18   -17   -15   -14   -12   -12   -11   -11   -10   -10
        -10    -9    -9    -9    -9    -8    -8    -8    -8    -8    -8    -8    -8    -8    -8    -8    -8    -8    -7    -7
         -6    -2   -51   -51   -51   -51   -51   -51   -51   -51   -51   -51   -51   -51   -51   -51   -51   -51   -51   -51
        -51   -51   -51   -51
  58   1000   989   956   903   833   749   657   559   462   368   280   202   134    77    33     1   -19   -32   -37   -36
        -33   -29   -44   -40   -36   -32   -28   -25   -22   -19   -17   -16   -14   -13   -12   -12   -11   -10   -10   -10
         -9    -9    -9    -9    -8    -8    -8    -8    -8    -8    -8    -8    -8    -8    -8    -8    -8    -7    -7    -6
         -2   -52   -52   -52   -52   -52   -52   -52   -52   -52   -52   -52   -52   -52   -52   -52   -52   -52   -52   -52
        -52   -52   -52
  59   1000   989   956   902   832   748   654   556   458   364   276   197   130    75    34     5   -13   -23   -26   -27
        -26   -42   -40   -37   -33   -29   -26   -23   -20   -18   -16   -15   -13   -12   -12   -11   -10   -10    -9    -9
         -9    -8    -8    -8    -8    -7    -7    -7    -7    -7    -8    -8    -8    -8    -8    -8    -7    -7    -5    -2
        -52   -52   -52   -52   -52   -52   -52   -52   -52   -52   -52   -52   -52   -52   -52   -52   -52   -52   -52   -52
        -52   -52
  60   1000   989   955   902   830   746   652   553   455   360   271   193   128    77    39    12    -3   -12   -17   -20
        -39   -38   -36   -33   -30   -26   -23   -21   -19   -17   -15   -13   -12   -11   -10    -9    -9    -9    -8    -8
         -8    -7    -7    -7    -7    -7    -7    -7    -7    -7    -7    -7    -7    -8    -7    -7    -6    -5    -2   -50
        -50   -50   -50   -50   -50   -50   -50   -50   -50   -50   -50   -50   -50   -50   -50   -50   -50   -50   -50   -50
        -50
  61   1000   989   955   901   829   744   649   550   451   355   267   191   130    82    47    24     8    -2   -10   -31
        -33   -33   -31   -29   -26   -23   -21   -19   -16   -14   -13   -11   -10    -9    -8    -8    -7    -7    -6    -6
         -6    -6    -6    -5    -5    -5    -6    -6    -6    -6    -6    -6    -7    -7    -6    -6    -5    -2   -46   -46
        -46   -46   -46   -46   -46   -46   -46   -46   -46   -46   -46   -46   -46   -46   -46   -46   -46   -46   -46   -46
  62   1000   989   955   900   828   742   647   547   446   351   265   194   136    92    60    36    17     3   -20   -25
        -27   -27   -26   -24   -22   -19   -17   -15   -13   -11   -10    -8    -7    -6    -5    -5    -4    -4    -4    -4
         -3    -3    -3    -3    -4    -4    -4    -4    -5    -5    -5    -5    -5    -5    -4    -4    -1   -39   -39   -39
        -39   -39   -39   -39   -39   -39   -39   -39   -39   -39   -39   -39   -39   -39   -39   -39   -39   -39   -39
  63   1000   988   954   899   826   740   643   542   442   348   268   201   148   107    73    45    24    -3   -12   -18
        -21   -21   -20   -19   -17   -15   -12   -10    -8    -6    -5    -4    -2    -2    -1    -1     0     0     0     0
          0     0    -1    -1    -1    -2    -2    -2    -2    -3    -3    -3    -3    -3    -2     0   -29   -29   -29   -29
        -29   -29   -29   -29   -29   -29   -29   -29   -29   -29   -29   -29   -29   -29   -29   -29   -29   -29
  64   1000   988   954   898   825   737   639   538   440   353   277   215   164   120    82    51    20     5    -4   -10
        -13   -14   -14   -12   -10    -8    -6    -4    -2     0     1     2     3     3     4     4     4     4     4     3
          3     2     2     1     1     1     0     0     0     0     0     0     0     0     0   -14   -14   -14   -14   -14
        -14   -14   -14   -14   -14   -14   -14   -14   -14   -14   -14   -14   -14   -14   -14   -14   -14
  65   1000   988   953   897   822   733   635   536   445   364   293   233   177   127    87    53    31    16     5     0
         -4    -5    -5    -3    -1     0     2     4     6     8     9    10    11    11    11    11    10    10     9     9
          8     7     6     6     5     5     4     4     3     3     3     2     2     1     5     5     5     5     5     5
          5     5     5     5     5     5     5     5     5     5     5     5     5     5     5     5
  66   1000   988   953   896   820   730   635   543   458   381   312   245   184   132    96    66    44    28    17    10
          7     6     6     8    10    12    14    16    18    19    20    20    21    20    20    19    18    17    16    15
         14    13    12    11    11    10     9     9     8     8     7     6     4    31    31    31    31    31    31    31
         31    31    31    31    31    31    31    31    31    31    31    31    31    31    31
  67   1000   988   952   894   818   730   642   557   477   401   323   249   186   150   111    81    59    42    31    25
         22    21    22    23    25    27    29    31    32    33    33    33    32    31    30    29    27    26    24    23
         21    20    19    18    17    17    16    15    14    13    11     6    65    65    65    65    65    65    65    65
         65    65    65    65    65    65    65    65    65    65    65    65    65    65
  68   1000   988   951   893   819   739   657   577   496   409   324   249   215   168   129    99    76    60    49    43
         41    40    41    42    44    46    48    48    49    49    49    47    46    44    42    40    37    35    33    31
         30    29    28    27    25    25    24    22    20    17     9   107   107   107   107   107   107   107   107   107
        107   107   107   107   107   107   107   107   107   107   107   107   107
  69   1000   987   951   894   827   754   677   595   500   406   320   292   235   187   149   119    97    81    72    67
         64    64    64    66    67    68    68    69    69    67    65    63    61    58    55    52    49    46    44    42
         40    39    38    36    35    34    31    28    24    13   157   157   157   157   157   157   157   157   157   157
        157   157   157   157   157   157   157   157   157   157   157   157
  70   1000   988   953   902   841   772   690   591   490   396   378   313   257   210   173   144   122   109   101    95
         93    92    93    93    94    93    94    92    90    87    84    81    77    73    69    65    61    58    56    54
         53    51    49    48    46    42    39    32    18   218   218   218   218   218   218   218   218   218   218   218
        218   218   218   218   218   218   218   218   218   218   218
  71   1000   988   958   912   854   777   677   572   473   469   398   334   279   234   197   170   151   139   130   125
        122   122   121   121   119   119   117   114   110   106   102    96    91    86    82    77    74    71    68    67
         65    62    61    59    54    49    41    23   281   281   281   281   281   281   281   281   281   281   281   281
        281   281   281   281   281   281   281   281   281   281
  72   1000   990   962   918   849   753   649   550   559   484   414   352   300   255   221   196   179   166   157   152
        149   147   145   142   142   139   135   129   125   120   113   107   102    96    91    87    84    81    79    77
         74    73    70    65    59    49    27   337   337   337   337   337   337   337   337   337   337   337   337   337
        337   337   337   337   337   337   337   337   337
  73   1000   991   963   908   821   724   628   643   566   492   423   363   311   268   236   213   194   181   171   166
        162   158   153   153   149   144   138   134   128   121   115   109   103    98    94    90    87    85    83    80
         79    75    70    63    53    29   366   366   366   366   366   366   366   366   366   366   366   366   366   366
        366   366   366   366   366   366   366   366
  74   1000   990   953   882   796   707   722   645   568   494   427   366   315   275   243   217   198   183   174   167
        161   155   153   149   143   138   133   128   121   115   109   103    98    94    91    88    86    83    81    79
         76    70    64    54    30   369   369   369   369   369   369   369   369   369   369   369   369   369   369   369
        369   369   369   369   369   369   369
  75   1000   985   936   867   790   794   719   641   563   489   420   360   309   268   233   206   185   170   158   149
        142   138   133   128   123   119   114   108   103    98    93    89    85    82    80    78    76    74    72    69
         64    58    49    27   337   337   337   337   337   337   337   337   337   337   337   337   337   337   337   337
        337   337   337   337   337   337
  76   1000   982   939   880   850   780   703   622   542   465   393   330   276   230   193   163   140   123   110   101
         95    90    86    82    80    77    74    71    68    65    62    60    58    56    55    54    52    51    49    46
         42    35    19   239   239   239   239   239   239   239   239   239   239   239   239   239   239   239   239   239
        239   239   239   239   239
  77   1000   986   951   883   823   752   673   590   507   427   352   285   227   179   139   108    84    66    53    45
         40    36    34    33    32    32    31    31    30    29    29    28    28    28    27    26    26    25    23    21
         18    10   118   118   118   118   118   118   118   118   118   118   118   118   118   118   118   118   118   118
        118   118   118   118
  78   1000   988   905   859   799   727   646   562   477   394   317   249   190   140    99    68    44    26    15     7
          3     1     1     1     2     4     5     6     7     7     8     8     9     9     9     9     8     8     7     6
          4    37    37    37    37    37    37    37    37    37    37    37    37    37    37    37    37    37    37    37
         37    37    37
  79   1000   918   889   844   783   708   627   542   454   370   293   224   165   115    74    43    20     3    -6   -13
        -16   -17   -16   -14   -12   -10    -8    -6    -5    -3    -2    -2    -1    -1    -1     0     0     0     0     0
         -8    -8    -8    -8    -8    -8    -8    -8    -8    -8    -8    -8    -8    -8    -8    -8    -8    -8    -8    -8
         -8    -8
  80   1000   991   964   922   866   800   727   651   576   502   434   373   319   273   234   202   179   159   143   130
        121   114   106   101    96    92    88    85    84    82    81    79    77    76    73    68    62    52    29   365
        365   365   365   365   365   365   365   365   365   365   365   365   365   365   365   365   365   365   365   365
        365
  81   1000   991   964   922   866   800   727   651   574   500   431   369   314   267   227   197   172   151   135   123
        114   106    99    94    90    86    84    82    81    80    79    77    76    73    68    62    52    29   367   367
        367   367   367   367   367   367   367   367   367   367   367   367   367   367   367   367   367   367   367   367
  82   1000   991   964   922   865   799   726   648   570   495   425   362   306   257   220   188   162   141   126   115
        104    97    92    87    84    81    80    78    78    77    75    75    72    67    61    52    28   364   364   364
        364   364   364   364   364   364   364   364   364   364   364   364   364   364   364   364   364   364   364
  83   1000   991   964   921   865   798   723   645   566   490   419   354   297   251   212   179   153   134   119   106
         97    91    86    82    79    78    77    76    76    74    74    71    67    61    51    28   365   365   365   365
        365   365   365   365   365   365   365   365   365   365   365   365   365   365   365   365   365   365
  84   1000   991   964   921   864   796   721   642   563   486   414   349   294   246   206   173   149   129   113   102
         93    87    83    80    78    77    77    76    75    74    72    67    62    52    28   375   375   375   375   375
        375   375   375   375   375   375   375   375   375   375   375   375   375   375   375   375   375
  85   1000   991   964   920   862   794   718   638   558   480   408   345   288   240   200   168   144   123   108    97
         89    83    80    78    76    76    75    74    74    72    67    62    52    28   380   380   380   380   380   380
        380   380   380   380   380   380   380   380   380   380   380   380   380   380   380   380
  86   1000   991   963   919   861   792   715   635   554   476   405   341   284   236   197   165   139   120   105    95
         87    82    79    77    77    76    75    75    73    68    62    53    28   391   391   391   391   391   391   391
        391   391   391   391   391   391   391   391   391   391   391   391   391   391   391
  87   1000   991   963   919   860   791   714   633   552   476   404   339   283   235   196   163   138   119   105    94
         87    83    80    79    78    77    77    75    70    64    54    28   408   408   408   408   408   408   408   408
        408   408   408   408   408   408   408   408   408   408   408   408   408   408
  88   1000   991   963   919   860   790   713   632   553   476   404   339   284   236   196   164   138   120   105    95
         89    85    83    81    79    79    77    72    66    55    29   427   427   427   427   427   427   427   427   427
        427   427   427   427   427   427   427   427   427   427   427   427   427
  89   1000   991   963   918   859   789   711   632   552   474   402   338   282   233   194   162   137   118   104    95
         89    85    83    80    80    77    72    66    56    28   436   436   436   436   436   436   436   436   436   436
        436   436   436   436   436   436   436   436   436   436   436   436
  90   1000   991   963   918   859   788   712   632   551   473   402   338   281   233   193   161   136   117   104    95
         90    86    82    81    78    73    67    56    28   447   447   447   447   447   447   447   447   447   447   447
        447   447   447   447   447   447   447   447   447   447   447
  91   1000   990   962   917   858   789   712   631   550   474   402   336   280   231   192   159   135   117   104    96
         89    84    82    79    73    66    55    27   452   452   452   452   452   452   452   452   452   452   452   452
        452   452   452   452   452   452   452   452   452   452
  92   1000   990   962   917   859   789   712   631   551   474   401   336   279   231   191   159   135   117   105    96
         88    85    80    74    67    55    27   458   458   458   458   458   458   458   458   458   458   458   458   458
        458   458   458   458   458   458   458   458   458
  93   1000   990   962   918   859   789   712   632   552   473   401   335   278   229   190   159   135   118   104    94
         88    82    74    67    55    26   458   458   458   458   458   458   458   458   458   458   458   458   458   458
        458   458   458   458   458   458   458   458
  94   1000   990   963   918   859   789   712   632   550   472   399   334   276   228   189   158   135   116   102    93
         85    76    67    55    26   453   453   453   453   453   453   453   453   453   453   453   453   453   453   453
        453   453   453   453   453   453   453
  95   1000   991   963   918   859   789   712   630   549   470   398   332   275   227   188   157   133   114   101    89
         78    68    54    25   442   442   442   442   442   442   442   442   442   442   442   442   442   442   442   442
        442   442   442   442   442   442
  96   1000   991   963   918   859   789   711   630   548   470   397   331   275   227   189   157   132   114    99    84
         72    57    27   438   438   438   438   438   438   438   438   438   438   438   438   438   438   438   438   438
        438   438   438   438   438
  97   1000   990   962   918   859   788   710   629   547   468   395   331   274   227   187   155   131   110    92    77
         60    29   424   424   424   424   424   424   424   424   424   424   424   424   424   424   424   424   424   424
        424   424   424   424
  98   1000   990   962   918   858   787   709   628   545   467   395   330   273   225   185   154   127   104    85    65
         33   407   407   407   407   407   407   407   407   407   407   407   407   407   407   407   407   407   407   407
        407   407   407
  99   1000   990   962   917   858   787   708   626   545   467   394   329   272   223   184   150   121    97    74    40
        387   387   387   387   387   387   387   387   387   387   387   387   387   387   387   387   387   387   387   387
        387   387
 100   1000   990   962   917   857   786   707   626   544   466   394   329   271   223   181   145   115    88    50   370
        370   370   370   370   370   370   370   370   370   370   370   370   370   370   370   370   370   370   370   370
        370
 101   1000   990   962   916   857   785   707   626   544   466   394   328   271   221   177   140   106    65   351   351
        351   351   351   351   351   351   351   351   351   351   351   351   351   351   351   351   351   351   351   351
 102   1000   990   962   916   856   785   707   626   544   466   393   327   268   216   172   131    85   329   329   329
        329   329   329   329   329   329   329   329   329   329   329   329   329   329   329   329   329   329   329
 103   1000   990   962   916   856   785   707   626   544   465   393   326   265   212   164   112   310   310   310   310
        310   310   310   310   310   310   310   310   310   310   310   310   310   310   310   310   310   310
 104   1000   990   962   916   856   786   708   626   544   466   392   323   261   205   147   291   291   291   291   291
        291   291   291   291   291   291   291   291   291   291   291   291   291   291   291   291   291
 105   1000   990   962   916   857   786   708   626   545   465   389   320   256   190   275   275   275   275   275   275
        275   275   275   275   275   275   275   275   275   275   275   275   275   275   275   275
 106   1000   990   962   917   857   786   708   627   544   463   387   315   241   260   260   260   260   260   260   260
        260   260   260   260   260   260   260   260   260   260   260   260   260   260   260
 107   1000   990   962   917   857   786   708   626   543   461   383   302   248   248   248   248   248   248   248   248
        248   248   248   248   248   248   248   248   248   248   248   248   248   248
 108   1000   990   962   917   857   787   708   625   541   458   371   239   239   239   239   239   239   239   239   239
        239   239   239   239   239   239   239   239   239   239   239   239   239
 109   1000   990   962   917   858   787   708   624   538   447   231   231   231   231   231   231   231   231   231   231
        231   231   231   231   231   231   231   231   231   231   231   231
 110   1000   990   962   917   857   786   707   621   528   226   226   226   226   226   226   226   226   226   226   226
        226   226   226   226   226   226   226   226   226   226   226
 111   1000   990   962   917   857   785   704   612   220   220   220   220   220   220   220   220   220   220   220   220
        220   220   220   220   220   220   220   220   220   220
 112   1000   990   962   917   856   783   696   213   213   213   213   213   213   213   213   213   213   213   213   213
        213   213   213   213   213   213   213   213   213
 113   1000   990   962   916   854   775   210   210   210   210   210   210   210   210   210   210   210   210   210   210
        210   210   210   210   210   210   210   210
 114   1000   990   962   915   848   201   201   201   201   201   201   201   201   201   201   201   201   201   201   201
        201   201   201   201   201   201   201
 115   1000   990   961   910   187   187   187   187   187   187   187   187   187   187   187   187   187   187   187   187
        187   187   187   187   187   187
 116   1000   990   957   170   170   170   170   170   170   170   170   170   170   170   170   170   170   170   170   170
        170   170   170   170   170
 117   1000   988   143   143   143   143   143   143   143   143   143   143   143   143   143   143   143   143   143   143
        143   143   143   143
 118   1000    78    78    78    78    78    78    78    78    78    78    78    78    78    78    78    78    78    78    78
         78    78    78
 119   1000  1000  1000  1000  1000  1000  1000  1000  1000  1000  1000  1000  1000  1000  1000  1000  1000  1000  1000  1000
       1000  1000
 120   1000  1000  1000  1000  1000  1000  1000  1000  1000  1000  1000  1000  1000  1000  1000  1000  1000  1000  1000  1000
       1000
 121   1000  1000  1000  1000  1000  1000  1000  1000  1000  1000  1000  1000  1000  1000  1000  1000  1000  1000  1000  1000
 122   1000  1000  1000  1000  1000  1000  1000  1000  1000  1000  1000  1000  1000  1000  1000  1000  1000  1000  1000
 123   1000  1000  1000  1000  1000  1000  1000  1000  1000  1000  1000  1000  1000  1000  1000  1000  1000  1000
 124   1000  1000  1000  1000  1000  1000  1000  1000  1000  1000  1000  1000  1000  1000  1000  1000  1000
 125   1000  1000  1000  1000  1000  1000  1000  1000  1000  1000  1000  1000  1000  1000  1000  1000
 126   1000  1000  1000  1000  1000  1000  1000  1000  1000  1000  1000  1000  1000  1000  1000
 127   1000  1000  1000  1000  1000  1000  1000  1000  1000  1000  1000  1000  1000  1000
 128   1000  1000  1000  1000  1000  1000  1000  1000  1000  1000  1000  1000  1000
 129   1000  1000  1000  1000  1000  1000  1000  1000  1000  1000  1000  1000
 130   1000  1000  1000  1000  1000  1000  1000  1000  1000  1000  1000
 131   1000  1000  1000  1000  1000  1000  1000  1000  1000  1000
 132   1000  1000  1000  1000  1000  1000  1000  1000  1000
 133   1000  1000  1000  1000  1000  1000  1000  1000
 134   1000  1000  1000  1000  1000  1000  1000
 135   1000  1000  1000  1000  1000  1000
 136   1000  1000  1000  1000  1000
 137   1000  1000  1000  1000
 138   1000  1000  1000
 139   1000  1000
 140   1000

 Finished!
